LOG 1641848552302 [L3]: Returning initial state machine.
LOG 1641848552302 [L3]: Returning PropNet state machine without cache.
LOG 1641848552303 [L3]: Starting metagame with available thinking time 4990ms.
LOG 1641848552306 [L3]: Starting search during metagame.
LOG 1641848557293 [L3]: Done searching during metagame.
LOG 1641848557296 [L3]: Starting move selection for game step 1 with available time 10000ms.
LOG 1641848557296 [L3]: Selecting move using MCTS.
LOG 1641848567296 [L3]: Returning MCTS move noop.
LOG 1641848567299 [L3]: Starting move selection for game step 2 with available time 10000ms.
LOG 1641848567305 [L3]: Selecting move using MCTS.
LOG 1641848577299 [L3]: Returning MCTS move ( drop 4 ).
LOG 1641848577302 [L3]: Starting move selection for game step 3 with available time 10000ms.
LOG 1641848577318 [L3]: Selecting move using MCTS.
LOG 1641848587302 [L3]: Returning MCTS move noop.
LOG 1641848587312 [L3]: Starting move selection for game step 4 with available time 10000ms.
LOG 1641848587329 [L3]: Selecting move using MCTS.
LOG 1641848597312 [L3]: Returning MCTS move ( drop 4 ).
LOG 1641848597316 [L3]: Starting move selection for game step 5 with available time 10000ms.
LOG 1641848597329 [L3]: Selecting move using MCTS.
LOG 1641848607316 [L3]: Returning MCTS move noop.
LOG 1641848607319 [L3]: Starting move selection for game step 6 with available time 10000ms.
LOG 1641848607341 [L3]: Selecting move using MCTS.
LOG 1641848617319 [L3]: Returning MCTS move ( drop 4 ).
LOG 1641848617322 [L3]: Starting move selection for game step 7 with available time 10000ms.
LOG 1641848617340 [L3]: Selecting move using MCTS.
LOG 1641848627322 [L3]: Returning MCTS move noop.
LOG 1641848627325 [L3]: Starting move selection for game step 8 with available time 10000ms.
LOG 1641848627350 [L3]: Selecting move using MCTS.
LOG 1641848637325 [L3]: Returning MCTS move ( drop 6 ).
LOG 1641848637328 [L3]: Starting move selection for game step 9 with available time 10000ms.
LOG 1641848637345 [L3]: Selecting move using MCTS.
LOG 1641848647328 [L3]: Returning MCTS move noop.
LOG 1641848647331 [L3]: Starting move selection for game step 10 with available time 10000ms.
LOG 1641848647351 [L3]: Selecting move using MCTS.
LOG 1641848657331 [L3]: Returning MCTS move ( drop 2 ).
LOG 1641848657335 [L3]: Starting move selection for game step 11 with available time 10000ms.
LOG 1641848657368 [L3]: Selecting move using MCTS.
LOG 1641848667335 [L3]: Returning MCTS move noop.
LOG 1641848667338 [L3]: Starting move selection for game step 12 with available time 10000ms.
LOG 1641848667364 [L3]: Selecting move using MCTS.
LOG 1641848677338 [L3]: Returning MCTS move ( drop 5 ).
LOG 1641848677341 [L3]: Starting move selection for game step 13 with available time 10000ms.
LOG 1641848677361 [L3]: Selecting move using MCTS.
LOG 1641848687341 [L3]: Returning MCTS move noop.
LOG 1641848687344 [L3]: Starting move selection for game step 14 with available time 10000ms.
LOG 1641848687359 [L3]: Selecting move using MCTS.
LOG 1641848697344 [L3]: Returning MCTS move ( drop 3 ).
