LOG 1641898961402 [L3]: Started match logging at: Tue Jan 11 12:02:41 CET 2022
LOG 1641898961403 [L3]: Game rules: [( role white ), ( role red ), ( init ( cell 1 0 dirt ) ), ( init ( cell 2 0 dirt ) ), ( init ( cell 3 0 dirt ) ), ( init ( cell 4 0 dirt ) ), ( init ( cell 5 0 dirt ) ), ( init ( cell 6 0 dirt ) ), ( init ( cell 7 0 dirt ) ), ( init ( cell 1 1 b ) ), ( init ( cell 1 2 b ) ), ( init ( cell 1 3 b ) ), ( init ( cell 1 4 b ) ), ( init ( cell 1 5 b ) ), ( init ( cell 1 6 b ) ), ( init ( cell 2 1 b ) ), ( init ( cell 2 2 b ) ), ( init ( cell 2 3 b ) ), ( init ( cell 2 4 b ) ), ( init ( cell 2 5 b ) ), ( init ( cell 2 6 b ) ), ( init ( cell 3 1 b ) ), ( init ( cell 3 2 b ) ), ( init ( cell 3 3 b ) ), ( init ( cell 3 4 b ) ), ( init ( cell 3 5 b ) ), ( init ( cell 3 6 b ) ), ( init ( cell 4 1 b ) ), ( init ( cell 4 2 b ) ), ( init ( cell 4 3 b ) ), ( init ( cell 4 4 b ) ), ( init ( cell 4 5 b ) ), ( init ( cell 4 6 b ) ), ( init ( cell 5 1 b ) ), ( init ( cell 5 2 b ) ), ( init ( cell 5 3 b ) ), ( init ( cell 5 4 b ) ), ( init ( cell 5 5 b ) ), ( init ( cell 5 6 b ) ), ( init ( cell 6 1 b ) ), ( init ( cell 6 2 b ) ), ( init ( cell 6 3 b ) ), ( init ( cell 6 4 b ) ), ( init ( cell 6 5 b ) ), ( init ( cell 6 6 b ) ), ( init ( cell 7 1 b ) ), ( init ( cell 7 2 b ) ), ( init ( cell 7 3 b ) ), ( init ( cell 7 4 b ) ), ( init ( cell 7 5 b ) ), ( init ( cell 7 6 b ) ), ( init ( control white ) ), ( <= ( empty ?c ?h ) ( true ( cell ?c ?h b ) ) ), ( <= ( filled ?c ?h ) ( true ( cell ?c ?h dirt ) ) ), ( <= ( filled ?c ?h ) ( true ( cell ?c ?h w ) ) ), ( <= ( filled ?c ?h ) ( true ( cell ?c ?h r ) ) ), ( <= ( next ( cell ?c ?h2 w ) ) ( does white ( drop ?c ) ) ( true ( cell ?c ?h2 b ) ) ( filled ?c ?h1 ) ( succ ?h1 ?h2 ) ), ( <= ( next ( cell ?c ?h2 r ) ) ( does red ( drop ?c ) ) ( true ( cell ?c ?h2 b ) ) ( filled ?c ?h1 ) ( succ ?h1 ?h2 ) ), ( <= ( next ( cell ?x ?y ?z ) ) ( true ( cell ?x ?y ?z ) ) ( distinct ?z b ) ), ( <= ( next ( cell ?c2 ?y b ) ) ( does ?w ( drop ?c1 ) ) ( true ( cell ?c2 ?y b ) ) ( distinct ?c1 ?c2 ) ), ( <= ( next ( cell ?c ?y2 b ) ) ( true ( cell ?c ?y1 b ) ) ( distinct ?y1 6 ) ( succ ?y1 ?y2 ) ), ( <= ( next ( control white ) ) ( true ( control red ) ) ), ( <= ( next ( control red ) ) ( true ( control white ) ) ), ( <= ( row ?z ) ( true ( cell ?x1 ?y ?z ) ) ( distinct ?z b ) ( distinct ?z dirt ) ( succ ?x1 ?x2 ) ( true ( cell ?x2 ?y ?z ) ) ( succ ?x2 ?x3 ) ( true ( cell ?x3 ?y ?z ) ) ( succ ?x3 ?x4 ) ( true ( cell ?x4 ?y ?z ) ) ), ( <= ( column ?z ) ( true ( cell ?x ?y1 ?z ) ) ( distinct ?z b ) ( succ ?y1 ?y2 ) ( true ( cell ?x ?y2 ?z ) ) ( succ ?y2 ?y3 ) ( true ( cell ?x ?y3 ?z ) ) ( succ ?y3 ?y4 ) ( true ( cell ?x ?y4 ?z ) ) ), ( <= ( diag ?z ) ( true ( cell ?x1 ?y1 ?z ) ) ( distinct ?z b ) ( succ ?x1 ?x2 ) ( succ ?y1 ?y2 ) ( true ( cell ?x2 ?y2 ?z ) ) ( succ ?x2 ?x3 ) ( succ ?y2 ?y3 ) ( true ( cell ?x3 ?y3 ?z ) ) ( succ ?x3 ?x4 ) ( succ ?y3 ?y4 ) ( true ( cell ?x4 ?y4 ?z ) ) ), ( <= ( diag ?z ) ( true ( cell ?x1 ?y1 ?z ) ) ( distinct ?z b ) ( succ ?x1 ?x2 ) ( succ ?y2 ?y1 ) ( true ( cell ?x2 ?y2 ?z ) ) ( succ ?x2 ?x3 ) ( succ ?y3 ?y2 ) ( true ( cell ?x3 ?y3 ?z ) ) ( succ ?x3 ?x4 ) ( succ ?y4 ?y3 ) ( true ( cell ?x4 ?y4 ?z ) ) ), ( <= ( line ?x ) ( row ?x ) ), ( <= ( line ?x ) ( column ?x ) ), ( <= ( line ?x ) ( diag ?x ) ), ( <= open ( empty ?c ?h ) ), ( <= terminal ( line r ) ), ( <= terminal ( line w ) ), ( <= terminal ( not open ) ), ( <= ( legal ?w ( drop ?c ) ) ( true ( cell ?c ?y2 b ) ) ( filled ?c ?y1 ) ( succ ?y1 ?y2 ) ( true ( control ?w ) ) ), ( <= ( legal white noop ) ( true ( control red ) ) ), ( <= ( legal red noop ) ( true ( control white ) ) ), ( <= ( goal white 100 ) ( line w ) ), ( <= ( goal white 50 ) ( not ( line r ) ) ( not ( line w ) ) ( not open ) ), ( <= ( goal white 0 ) ( line r ) ), ( <= ( goal red 100 ) ( line r ) ), ( <= ( goal red 50 ) ( not ( line r ) ) ( not ( line w ) ) ( not open ) ), ( <= ( goal red 0 ) ( line w ) ), ( <= ( goal ?w 70 ) ( role ?w ) ( not ( line r ) ) ( not ( line w ) ) open ), ( <= ( lte 0 ?x ) ( number ?x ) ), ( <= ( lte ?x ?x ) ( number ?x ) ), ( <= ( lte ?x ?z ) ( succ ?y ?z ) ( lte ?x ?y ) ), ( <= ( lte ?x ?y ) ( succ ?x ?y ) ), ( number 0 ), ( number 1 ), ( number 2 ), ( number 3 ), ( number 4 ), ( number 5 ), ( number 6 ), ( number 7 ), ( number 8 ), ( succ 0 1 ), ( succ 1 2 ), ( succ 2 3 ), ( succ 3 4 ), ( succ 4 5 ), ( succ 5 6 ), ( succ 6 7 ), ( succ 7 8 )]
LOG 1641898961404 [L3]: Start clock: 15
LOG 1641898961404 [L3]: Play clock: 20
LOG 1641898966402 [L0]: [Sent at 1641898966402] ready
LOG 1641898966404 [L0]: [Received at 1641898966404] ( PLAY 17.connect4.1641898961351 NIL )
LOG 1641898976406 [L0]: [Sent at 1641898976406] ( drop 4 )
LOG 1641898976408 [L0]: [Received at 1641898976408] ( PLAY 17.connect4.1641898961351 (( drop 4 ) noop ) )
LOG 1641898986646 [L0]: [Sent at 1641898986646] noop
LOG 1641898986648 [L0]: [Received at 1641898986648] ( PLAY 17.connect4.1641898961351 (noop ( drop 4 ) ) )
LOG 1641898996655 [L0]: [Sent at 1641898996655] ( drop 4 )
LOG 1641898996657 [L0]: [Received at 1641898996657] ( PLAY 17.connect4.1641898961351 (( drop 4 ) noop ) )
LOG 1641899006657 [L0]: [Sent at 1641899006657] noop
LOG 1641899006660 [L0]: [Received at 1641899006660] ( PLAY 17.connect4.1641898961351 (noop ( drop 5 ) ) )
LOG 1641899016660 [L0]: [Sent at 1641899016660] ( drop 4 )
LOG 1641899016663 [L0]: [Received at 1641899016663] ( PLAY 17.connect4.1641898961351 (( drop 4 ) noop ) )
LOG 1641899026664 [L0]: [Sent at 1641899026664] noop
LOG 1641899026666 [L0]: [Received at 1641899026666] ( PLAY 17.connect4.1641898961351 (noop ( drop 5 ) ) )
LOG 1641899036666 [L0]: [Sent at 1641899036666] ( drop 5 )
LOG 1641899036669 [L0]: [Received at 1641899036669] ( PLAY 17.connect4.1641898961351 (( drop 5 ) noop ) )
LOG 1641899046670 [L0]: [Sent at 1641899046670] noop
LOG 1641899046673 [L0]: [Received at 1641899046673] ( PLAY 17.connect4.1641898961351 (noop ( drop 4 ) ) )
LOG 1641899056673 [L0]: [Sent at 1641899056673] ( drop 7 )
LOG 1641899056676 [L0]: [Received at 1641899056676] ( PLAY 17.connect4.1641898961351 (( drop 7 ) noop ) )
LOG 1641899066676 [L0]: [Sent at 1641899066676] noop
LOG 1641899066679 [L0]: [Received at 1641899066679] ( PLAY 17.connect4.1641898961351 (noop ( drop 7 ) ) )
LOG 1641899076679 [L0]: [Sent at 1641899076679] ( drop 2 )
LOG 1641899076682 [L0]: [Received at 1641899076682] ( PLAY 17.connect4.1641898961351 (( drop 2 ) noop ) )
LOG 1641899086682 [L0]: [Sent at 1641899086682] noop
LOG 1641899086685 [L0]: [Received at 1641899086685] ( PLAY 17.connect4.1641898961351 (noop ( drop 1 ) ) )
LOG 1641899096685 [L0]: [Sent at 1641899096685] ( drop 2 )
LOG 1641899096688 [L0]: [Received at 1641899096688] ( PLAY 17.connect4.1641898961351 (( drop 2 ) noop ) )
LOG 1641899106689 [L0]: [Sent at 1641899106689] noop
LOG 1641899106692 [L0]: [Received at 1641899106692] ( PLAY 17.connect4.1641898961351 (noop ( drop 5 ) ) )
LOG 1641899116692 [L0]: [Sent at 1641899116692] ( drop 5 )
LOG 1641899116695 [L0]: [Received at 1641899116695] ( PLAY 17.connect4.1641898961351 (( drop 5 ) noop ) )
LOG 1641899126695 [L0]: [Sent at 1641899126695] noop
LOG 1641899126698 [L0]: [Received at 1641899126698] ( PLAY 17.connect4.1641898961351 (noop ( drop 2 ) ) )
LOG 1641899136699 [L0]: [Sent at 1641899136699] ( drop 2 )
LOG 1641899136702 [L0]: [Received at 1641899136702] ( PLAY 17.connect4.1641898961351 (( drop 2 ) noop ) )
LOG 1641899146702 [L0]: [Sent at 1641899146702] noop
LOG 1641899146705 [L0]: [Received at 1641899146705] ( PLAY 17.connect4.1641898961351 (noop ( drop 2 ) ) )
LOG 1641899156705 [L0]: [Sent at 1641899156705] ( drop 3 )
LOG 1641899156708 [L0]: [Received at 1641899156708] ( PLAY 17.connect4.1641898961351 (( drop 3 ) noop ) )
LOG 1641899166708 [L0]: [Sent at 1641899166708] noop
LOG 1641899166712 [L0]: [Received at 1641899166712] ( PLAY 17.connect4.1641898961351 (noop ( drop 1 ) ) )
LOG 1641899176712 [L0]: [Sent at 1641899176712] ( drop 1 )
LOG 1641899176715 [L0]: [Received at 1641899176715] ( PLAY 17.connect4.1641898961351 (( drop 1 ) noop ) )
LOG 1641899186715 [L0]: [Sent at 1641899186715] noop
LOG 1641899186718 [L0]: [Received at 1641899186718] ( PLAY 17.connect4.1641898961351 (noop ( drop 1 ) ) )
LOG 1641899196719 [L0]: [Sent at 1641899196719] ( drop 5 )
LOG 1641899196722 [L0]: [Received at 1641899196722] ( PLAY 17.connect4.1641898961351 (( drop 5 ) noop ) )
LOG 1641899206722 [L0]: [Sent at 1641899206722] noop
LOG 1641899206725 [L0]: [Received at 1641899206725] ( PLAY 17.connect4.1641898961351 (noop ( drop 1 ) ) )
LOG 1641899216725 [L0]: [Sent at 1641899216725] ( drop 2 )
LOG 1641899216728 [L0]: [Received at 1641899216728] ( PLAY 17.connect4.1641898961351 (( drop 2 ) noop ) )
LOG 1641899226729 [L0]: [Sent at 1641899226729] noop
LOG 1641899226732 [L0]: [Received at 1641899226732] ( PLAY 17.connect4.1641898961351 (noop ( drop 7 ) ) )
LOG 1641899236732 [L0]: [Sent at 1641899236732] ( drop 7 )
LOG 1641899236735 [L0]: [Received at 1641899236735] ( PLAY 17.connect4.1641898961351 (( drop 7 ) noop ) )
LOG 1641899246735 [L0]: [Sent at 1641899246735] noop
LOG 1641899246738 [L0]: [Received at 1641899246738] ( PLAY 17.connect4.1641898961351 (noop ( drop 1 ) ) )
LOG 1641899256739 [L0]: [Sent at 1641899256739] ( drop 4 )
LOG 1641899256742 [L0]: [Received at 1641899256742] ( PLAY 17.connect4.1641898961351 (( drop 4 ) noop ) )
LOG 1641899266742 [L0]: [Sent at 1641899266742] noop
LOG 1641899266745 [L0]: [Received at 1641899266745] ( PLAY 17.connect4.1641898961351 (noop ( drop 7 ) ) )
LOG 1641899276745 [L0]: [Sent at 1641899276745] ( drop 7 )
LOG 1641899276748 [L0]: [Received at 1641899276748] ( PLAY 17.connect4.1641898961351 (( drop 7 ) noop ) )
LOG 1641899286748 [L0]: [Sent at 1641899286748] noop
LOG 1641899286751 [L0]: [Received at 1641899286751] ( PLAY 17.connect4.1641898961351 (noop ( drop 6 ) ) )
LOG 1641899296751 [L0]: [Sent at 1641899296751] ( drop 6 )
LOG 1641899296757 [L0]: [Received at 1641899296757] ( STOP 17.connect4.1641898961351 (( drop 6 ) noop ) )
LOG 1641899296758 [L3]: Stopped logging to files at: Tue Jan 11 12:08:16 CET 2022
LOG 1641899296758 [L3]: LOG SEALED
