LOG 1641834059714 [L3]: Started match logging at: Mon Jan 10 18:00:59 CET 2022
LOG 1641834059715 [L3]: Game rules: [( role white ), ( role black ), ( <= ( base ( cellHolds ?x ?y ?p ) ) ( index ?x ) ( index ?y ) ( role ?p ) ), ( <= ( base ( control ?p ) ) ( role ?p ) ), ( <= ( input ?p noop ) ( role ?p ) ), ( <= ( input white ( move ?x ?y1 ?x ?y2 ) ) ( index ?x ) ( succ ?y1 ?y2 ) ), ( <= ( input white ( move ?x1 ?y1 ?x2 ?y2 ) ) ( succ ?y1 ?y2 ) ( succ ?x1 ?x2 ) ), ( <= ( input white ( move ?x1 ?y1 ?x2 ?y2 ) ) ( succ ?y1 ?y2 ) ( succ ?x2 ?x1 ) ), ( <= ( input black ( move ?x ?y1 ?x ?y2 ) ) ( index ?x ) ( succ ?y2 ?y1 ) ), ( <= ( input black ( move ?x1 ?y1 ?x2 ?y2 ) ) ( succ ?y2 ?y1 ) ( succ ?x1 ?x2 ) ), ( <= ( input black ( move ?x1 ?y1 ?x2 ?y2 ) ) ( succ ?y2 ?y1 ) ( succ ?x2 ?x1 ) ), ( init ( cellHolds 1 1 white ) ), ( init ( cellHolds 2 1 white ) ), ( init ( cellHolds 3 1 white ) ), ( init ( cellHolds 4 1 white ) ), ( init ( cellHolds 5 1 white ) ), ( init ( cellHolds 6 1 white ) ), ( init ( cellHolds 7 1 white ) ), ( init ( cellHolds 8 1 white ) ), ( init ( cellHolds 1 2 white ) ), ( init ( cellHolds 2 2 white ) ), ( init ( cellHolds 3 2 white ) ), ( init ( cellHolds 4 2 white ) ), ( init ( cellHolds 5 2 white ) ), ( init ( cellHolds 6 2 white ) ), ( init ( cellHolds 7 2 white ) ), ( init ( cellHolds 8 2 white ) ), ( init ( cellHolds 1 7 black ) ), ( init ( cellHolds 2 7 black ) ), ( init ( cellHolds 3 7 black ) ), ( init ( cellHolds 4 7 black ) ), ( init ( cellHolds 5 7 black ) ), ( init ( cellHolds 6 7 black ) ), ( init ( cellHolds 7 7 black ) ), ( init ( cellHolds 8 7 black ) ), ( init ( cellHolds 1 8 black ) ), ( init ( cellHolds 2 8 black ) ), ( init ( cellHolds 3 8 black ) ), ( init ( cellHolds 4 8 black ) ), ( init ( cellHolds 5 8 black ) ), ( init ( cellHolds 6 8 black ) ), ( init ( cellHolds 7 8 black ) ), ( init ( cellHolds 8 8 black ) ), ( init ( control white ) ), ( <= ( legal white ( move ?x ?y1 ?x ?y2 ) ) ( true ( control white ) ) ( true ( cellHolds ?x ?y1 white ) ) ( succ ?y1 ?y2 ) ( cellEmpty ?x ?y2 ) ), ( <= ( legal white ( move ?x1 ?y1 ?x2 ?y2 ) ) ( true ( control white ) ) ( true ( cellHolds ?x1 ?y1 white ) ) ( succ ?y1 ?y2 ) ( succ ?x1 ?x2 ) ( not ( true ( cellHolds ?x2 ?y2 white ) ) ) ), ( <= ( legal white ( move ?x1 ?y1 ?x2 ?y2 ) ) ( true ( control white ) ) ( true ( cellHolds ?x1 ?y1 white ) ) ( succ ?y1 ?y2 ) ( succ ?x2 ?x1 ) ( not ( true ( cellHolds ?x2 ?y2 white ) ) ) ), ( <= ( legal black ( move ?x ?y1 ?x ?y2 ) ) ( true ( control black ) ) ( true ( cellHolds ?x ?y1 black ) ) ( succ ?y2 ?y1 ) ( cellEmpty ?x ?y2 ) ), ( <= ( legal black ( move ?x1 ?y1 ?x2 ?y2 ) ) ( true ( control black ) ) ( true ( cellHolds ?x1 ?y1 black ) ) ( succ ?y2 ?y1 ) ( succ ?x1 ?x2 ) ( not ( true ( cellHolds ?x2 ?y2 black ) ) ) ), ( <= ( legal black ( move ?x1 ?y1 ?x2 ?y2 ) ) ( true ( control black ) ) ( true ( cellHolds ?x1 ?y1 black ) ) ( succ ?y2 ?y1 ) ( succ ?x2 ?x1 ) ( not ( true ( cellHolds ?x2 ?y2 black ) ) ) ), ( <= ( legal white noop ) ( true ( control black ) ) ), ( <= ( legal black noop ) ( true ( control white ) ) ), ( <= ( next ( cellHolds ?x2 ?y2 ?player ) ) ( role ?player ) ( does ?player ( move ?x1 ?y1 ?x2 ?y2 ) ) ), ( <= ( next ( cellHolds ?x3 ?y3 ?state ) ) ( true ( cellHolds ?x3 ?y3 ?state ) ) ( role ?player ) ( does ?player ( move ?x1 ?y1 ?x2 ?y2 ) ) ( distinctCell ?x1 ?y1 ?x3 ?y3 ) ( distinctCell ?x2 ?y2 ?x3 ?y3 ) ), ( <= ( next ( control white ) ) ( true ( control black ) ) ), ( <= ( next ( control black ) ) ( true ( control white ) ) ), ( <= terminal whiteWin ), ( <= terminal blackWin ), ( <= ( goal white 100 ) whiteWin ), ( <= ( goal white 0 ) ( not whiteWin ) ), ( <= ( goal black 100 ) blackWin ), ( <= ( goal black 0 ) ( not blackWin ) ), ( <= ( cell ?x ?y ) ( index ?x ) ( index ?y ) ), ( <= ( cellEmpty ?x ?y ) ( cell ?x ?y ) ( not ( true ( cellHolds ?x ?y white ) ) ) ( not ( true ( cellHolds ?x ?y black ) ) ) ), ( <= ( distinctCell ?x1 ?y1 ?x2 ?y2 ) ( cell ?x1 ?y1 ) ( cell ?x2 ?y2 ) ( distinct ?x1 ?x2 ) ), ( <= ( distinctCell ?x1 ?y1 ?x2 ?y2 ) ( cell ?x1 ?y1 ) ( cell ?x2 ?y2 ) ( distinct ?y1 ?y2 ) ), ( <= whiteWin ( index ?x ) ( true ( cellHolds ?x 8 white ) ) ), ( <= blackWin ( index ?x ) ( true ( cellHolds ?x 1 black ) ) ), ( <= whiteWin ( not blackCell ) ), ( <= blackWin ( not whiteCell ) ), ( <= whiteCell ( cell ?x ?y ) ( true ( cellHolds ?x ?y white ) ) ), ( <= blackCell ( cell ?x ?y ) ( true ( cellHolds ?x ?y black ) ) ), ( index 1 ), ( index 2 ), ( index 3 ), ( index 4 ), ( index 5 ), ( index 6 ), ( index 7 ), ( index 8 ), ( succ 1 2 ), ( succ 2 3 ), ( succ 3 4 ), ( succ 4 5 ), ( succ 5 6 ), ( succ 6 7 ), ( succ 7 8 )]
LOG 1641834059721 [L3]: Start clock: 15
LOG 1641834059721 [L3]: Play clock: 10
LOG 1641834064713 [L0]: [Sent at 1641834064713] ready
LOG 1641834064716 [L0]: [Received at 1641834064716] ( PLAY 33.breakthrough.1641834059485 NIL )
LOG 1641834064717 [L0]: [Sent at 1641834064717] ( move 3 2 4 3 )
LOG 1641834064720 [L0]: [Received at 1641834064720] ( PLAY 33.breakthrough.1641834059485 (( move 3 2 4 3 ) noop ) )
LOG 1641834064723 [L0]: [Sent at 1641834064723] noop
LOG 1641834064726 [L0]: [Received at 1641834064726] ( PLAY 33.breakthrough.1641834059485 (noop ( move 6 7 6 6 ) ) )
LOG 1641834064735 [L0]: [Sent at 1641834064735] ( move 1 2 1 3 )
LOG 1641834064738 [L0]: [Received at 1641834064738] ( PLAY 33.breakthrough.1641834059485 (( move 1 2 1 3 ) noop ) )
LOG 1641834064741 [L0]: [Sent at 1641834064741] noop
LOG 1641834064743 [L0]: [Received at 1641834064743] ( PLAY 33.breakthrough.1641834059485 (noop ( move 6 6 7 5 ) ) )
LOG 1641834064744 [L0]: [Sent at 1641834064744] ( move 1 3 1 4 )
LOG 1641834064748 [L0]: [Received at 1641834064748] ( PLAY 33.breakthrough.1641834059485 (( move 1 3 1 4 ) noop ) )
LOG 1641834064749 [L0]: [Sent at 1641834064749] noop
LOG 1641834064754 [L0]: [Received at 1641834064754] ( PLAY 33.breakthrough.1641834059485 (noop ( move 3 7 3 6 ) ) )
LOG 1641834064755 [L0]: [Sent at 1641834064755] ( move 7 2 7 3 )
LOG 1641834064758 [L0]: [Received at 1641834064758] ( PLAY 33.breakthrough.1641834059485 (( move 7 2 7 3 ) noop ) )
LOG 1641834064759 [L0]: [Sent at 1641834064759] noop
LOG 1641834064762 [L0]: [Received at 1641834064762] ( PLAY 33.breakthrough.1641834059485 (noop ( move 1 7 1 6 ) ) )
LOG 1641834064763 [L0]: [Sent at 1641834064763] ( move 7 3 6 4 )
LOG 1641834064766 [L0]: [Received at 1641834064766] ( PLAY 33.breakthrough.1641834059485 (( move 7 3 6 4 ) noop ) )
LOG 1641834064767 [L0]: [Sent at 1641834064767] noop
LOG 1641834064771 [L0]: [Received at 1641834064771] ( PLAY 33.breakthrough.1641834059485 (noop ( move 1 6 1 5 ) ) )
LOG 1641834064772 [L0]: [Sent at 1641834064772] ( move 6 4 5 5 )
LOG 1641834064775 [L0]: [Received at 1641834064775] ( PLAY 33.breakthrough.1641834059485 (( move 6 4 5 5 ) noop ) )
LOG 1641834064776 [L0]: [Sent at 1641834064776] noop
LOG 1641834064780 [L0]: [Received at 1641834064780] ( PLAY 33.breakthrough.1641834059485 (noop ( move 8 7 8 6 ) ) )
LOG 1641834064781 [L0]: [Sent at 1641834064781] ( move 2 1 3 2 )
LOG 1641834064784 [L0]: [Received at 1641834064784] ( PLAY 33.breakthrough.1641834059485 (( move 2 1 3 2 ) noop ) )
LOG 1641834064785 [L0]: [Sent at 1641834064785] noop
LOG 1641834064789 [L0]: [Received at 1641834064789] ( PLAY 33.breakthrough.1641834059485 (noop ( move 4 7 5 6 ) ) )
LOG 1641834064790 [L0]: [Sent at 1641834064790] ( move 5 2 5 3 )
LOG 1641834064794 [L0]: [Received at 1641834064794] ( PLAY 33.breakthrough.1641834059485 (( move 5 2 5 3 ) noop ) )
LOG 1641834064795 [L0]: [Sent at 1641834064795] noop
LOG 1641834064798 [L0]: [Received at 1641834064798] ( PLAY 33.breakthrough.1641834059485 (noop ( move 3 8 3 7 ) ) )
LOG 1641834064799 [L0]: [Sent at 1641834064799] ( move 7 1 7 2 )
LOG 1641834064802 [L0]: [Received at 1641834064802] ( PLAY 33.breakthrough.1641834059485 (( move 7 1 7 2 ) noop ) )
LOG 1641834064804 [L0]: [Sent at 1641834064804] noop
LOG 1641834064806 [L0]: [Received at 1641834064806] ( PLAY 33.breakthrough.1641834059485 (noop ( move 3 7 2 6 ) ) )
LOG 1641834064807 [L0]: [Sent at 1641834064807] ( move 4 3 3 4 )
LOG 1641834064810 [L0]: [Received at 1641834064810] ( PLAY 33.breakthrough.1641834059485 (( move 4 3 3 4 ) noop ) )
LOG 1641834064811 [L0]: [Sent at 1641834064811] noop
LOG 1641834064814 [L0]: [Received at 1641834064814] ( PLAY 33.breakthrough.1641834059485 (noop ( move 8 8 8 7 ) ) )
LOG 1641834064815 [L0]: [Sent at 1641834064815] ( move 4 2 4 3 )
LOG 1641834064818 [L0]: [Received at 1641834064818] ( PLAY 33.breakthrough.1641834059485 (( move 4 2 4 3 ) noop ) )
LOG 1641834064819 [L0]: [Sent at 1641834064819] noop
LOG 1641834064822 [L0]: [Received at 1641834064822] ( PLAY 33.breakthrough.1641834059485 (noop ( move 2 7 1 6 ) ) )
LOG 1641834064823 [L0]: [Sent at 1641834064823] ( move 6 2 7 3 )
LOG 1641834064826 [L0]: [Received at 1641834064826] ( PLAY 33.breakthrough.1641834059485 (( move 6 2 7 3 ) noop ) )
LOG 1641834064828 [L0]: [Sent at 1641834064828] noop
LOG 1641834064830 [L0]: [Received at 1641834064830] ( PLAY 33.breakthrough.1641834059485 (noop ( move 5 8 6 7 ) ) )
LOG 1641834064832 [L0]: [Sent at 1641834064832] ( move 3 2 3 3 )
LOG 1641834064840 [L0]: [Received at 1641834064840] ( PLAY 33.breakthrough.1641834059485 (( move 3 2 3 3 ) noop ) )
LOG 1641834064842 [L0]: [Sent at 1641834064842] noop
LOG 1641834064844 [L0]: [Received at 1641834064844] ( PLAY 33.breakthrough.1641834059485 (noop ( move 5 7 6 6 ) ) )
LOG 1641834064846 [L0]: [Sent at 1641834064846] ( move 3 3 2 4 )
LOG 1641834064848 [L0]: [Received at 1641834064848] ( PLAY 33.breakthrough.1641834059485 (( move 3 3 2 4 ) noop ) )
LOG 1641834064850 [L0]: [Sent at 1641834064850] noop
LOG 1641834064852 [L0]: [Received at 1641834064852] ( PLAY 33.breakthrough.1641834059485 (noop ( move 1 8 1 7 ) ) )
LOG 1641834064854 [L0]: [Sent at 1641834064854] ( move 5 5 4 6 )
LOG 1641834064857 [L0]: [Received at 1641834064857] ( PLAY 33.breakthrough.1641834059485 (( move 5 5 4 6 ) noop ) )
LOG 1641834064858 [L0]: [Sent at 1641834064858] noop
LOG 1641834064861 [L0]: [Received at 1641834064861] ( PLAY 33.breakthrough.1641834059485 (noop ( move 4 8 4 7 ) ) )
LOG 1641834064862 [L0]: [Sent at 1641834064862] ( move 2 4 1 5 )
LOG 1641834064865 [L0]: [Received at 1641834064865] ( PLAY 33.breakthrough.1641834059485 (( move 2 4 1 5 ) noop ) )
LOG 1641834064866 [L0]: [Sent at 1641834064866] noop
LOG 1641834064869 [L0]: [Received at 1641834064869] ( PLAY 33.breakthrough.1641834059485 (noop ( move 5 6 5 5 ) ) )
LOG 1641834064870 [L0]: [Sent at 1641834064870] ( move 7 3 6 4 )
LOG 1641834064872 [L0]: [Received at 1641834064872] ( PLAY 33.breakthrough.1641834059485 (( move 7 3 6 4 ) noop ) )
LOG 1641834064873 [L0]: [Sent at 1641834064873] noop
LOG 1641834064877 [L0]: [Received at 1641834064877] ( PLAY 33.breakthrough.1641834059485 (noop ( move 5 5 5 4 ) ) )
LOG 1641834064879 [L0]: [Sent at 1641834064879] ( move 1 5 2 6 )
LOG 1641834064882 [L0]: [Received at 1641834064882] ( PLAY 33.breakthrough.1641834059485 (( move 1 5 2 6 ) noop ) )
LOG 1641834064883 [L0]: [Sent at 1641834064883] noop
LOG 1641834064886 [L0]: [Received at 1641834064886] ( PLAY 33.breakthrough.1641834059485 (noop ( move 6 6 5 5 ) ) )
LOG 1641834064887 [L0]: [Sent at 1641834064887] ( move 6 4 5 5 )
LOG 1641834064890 [L0]: [Received at 1641834064890] ( PLAY 33.breakthrough.1641834059485 (( move 6 4 5 5 ) noop ) )
LOG 1641834064891 [L0]: [Sent at 1641834064891] noop
LOG 1641834064894 [L0]: [Received at 1641834064894] ( PLAY 33.breakthrough.1641834059485 (noop ( move 1 6 2 5 ) ) )
LOG 1641834064895 [L0]: [Sent at 1641834064895] ( move 2 2 1 3 )
LOG 1641834064898 [L0]: [Received at 1641834064898] ( PLAY 33.breakthrough.1641834059485 (( move 2 2 1 3 ) noop ) )
LOG 1641834064899 [L0]: [Sent at 1641834064899] noop
LOG 1641834064902 [L0]: [Received at 1641834064902] ( PLAY 33.breakthrough.1641834059485 (noop ( move 2 5 3 4 ) ) )
LOG 1641834064903 [L0]: [Sent at 1641834064903] ( move 4 6 5 7 )
LOG 1641834064905 [L0]: [Received at 1641834064905] ( PLAY 33.breakthrough.1641834059485 (( move 4 6 5 7 ) noop ) )
LOG 1641834064907 [L0]: [Sent at 1641834064907] noop
LOG 1641834064909 [L0]: [Received at 1641834064909] ( PLAY 33.breakthrough.1641834059485 (noop ( move 4 7 4 6 ) ) )
LOG 1641834064910 [L0]: [Sent at 1641834064910] ( move 3 1 3 2 )
LOG 1641834064914 [L0]: [Received at 1641834064914] ( PLAY 33.breakthrough.1641834059485 (( move 3 1 3 2 ) noop ) )
LOG 1641834064915 [L0]: [Sent at 1641834064915] noop
LOG 1641834064917 [L0]: [Received at 1641834064917] ( PLAY 33.breakthrough.1641834059485 (noop ( move 3 6 4 5 ) ) )
LOG 1641834064919 [L0]: [Sent at 1641834064919] ( move 6 1 5 2 )
LOG 1641834064921 [L0]: [Received at 1641834064921] ( PLAY 33.breakthrough.1641834059485 (( move 6 1 5 2 ) noop ) )
LOG 1641834064922 [L0]: [Sent at 1641834064922] noop
LOG 1641834064925 [L0]: [Received at 1641834064925] ( PLAY 33.breakthrough.1641834059485 (noop ( move 6 7 6 6 ) ) )
LOG 1641834064926 [L0]: [Sent at 1641834064926] ( move 5 5 4 6 )
LOG 1641834064928 [L0]: [Received at 1641834064928] ( PLAY 33.breakthrough.1641834059485 (( move 5 5 4 6 ) noop ) )
LOG 1641834064929 [L0]: [Sent at 1641834064929] noop
LOG 1641834064933 [L0]: [Received at 1641834064933] ( PLAY 33.breakthrough.1641834059485 (noop ( move 5 4 4 3 ) ) )
LOG 1641834064934 [L0]: [Sent at 1641834064934] ( move 7 2 6 3 )
LOG 1641834064937 [L0]: [Received at 1641834064937] ( PLAY 33.breakthrough.1641834059485 (( move 7 2 6 3 ) noop ) )
LOG 1641834064939 [L0]: [Sent at 1641834064939] noop
LOG 1641834064942 [L0]: [Received at 1641834064942] ( PLAY 33.breakthrough.1641834059485 (noop ( move 8 6 8 5 ) ) )
LOG 1641834064943 [L0]: [Sent at 1641834064943] ( move 5 2 4 3 )
LOG 1641834064946 [L0]: [Received at 1641834064946] ( PLAY 33.breakthrough.1641834059485 (( move 5 2 4 3 ) noop ) )
LOG 1641834064947 [L0]: [Sent at 1641834064947] noop
LOG 1641834064949 [L0]: [Received at 1641834064949] ( PLAY 33.breakthrough.1641834059485 (noop ( move 8 5 7 4 ) ) )
LOG 1641834064951 [L0]: [Sent at 1641834064951] ( move 3 2 3 3 )
LOG 1641834064953 [L0]: [Received at 1641834064953] ( PLAY 33.breakthrough.1641834059485 (( move 3 2 3 3 ) noop ) )
LOG 1641834064954 [L0]: [Sent at 1641834064954] noop
LOG 1641834064958 [L0]: [Received at 1641834064958] ( PLAY 33.breakthrough.1641834059485 (noop ( move 7 7 7 6 ) ) )
LOG 1641834064960 [L0]: [Sent at 1641834064960] ( move 4 1 3 2 )
LOG 1641834064962 [L0]: [Received at 1641834064962] ( PLAY 33.breakthrough.1641834059485 (( move 4 1 3 2 ) noop ) )
LOG 1641834064963 [L0]: [Sent at 1641834064963] noop
LOG 1641834064966 [L0]: [Received at 1641834064966] ( PLAY 33.breakthrough.1641834059485 (noop ( move 6 6 5 5 ) ) )
LOG 1641834064968 [L0]: [Sent at 1641834064968] ( move 5 3 5 4 )
LOG 1641834064970 [L0]: [Received at 1641834064970] ( PLAY 33.breakthrough.1641834059485 (( move 5 3 5 4 ) noop ) )
LOG 1641834064971 [L0]: [Sent at 1641834064971] noop
LOG 1641834064973 [L0]: [Received at 1641834064973] ( PLAY 33.breakthrough.1641834059485 (noop ( move 7 6 8 5 ) ) )
LOG 1641834064975 [L0]: [Sent at 1641834064975] ( move 3 3 4 4 )
LOG 1641834064977 [L0]: [Received at 1641834064977] ( PLAY 33.breakthrough.1641834059485 (( move 3 3 4 4 ) noop ) )
LOG 1641834064978 [L0]: [Sent at 1641834064978] noop
LOG 1641834064981 [L0]: [Received at 1641834064981] ( PLAY 33.breakthrough.1641834059485 (noop ( move 7 4 6 3 ) ) )
LOG 1641834064983 [L0]: [Sent at 1641834064983] ( move 2 6 3 7 )
LOG 1641834064985 [L0]: [Received at 1641834064985] ( PLAY 33.breakthrough.1641834059485 (( move 2 6 3 7 ) noop ) )
LOG 1641834064986 [L0]: [Sent at 1641834064986] noop
LOG 1641834064989 [L0]: [Received at 1641834064989] ( PLAY 33.breakthrough.1641834059485 (noop ( move 8 5 8 4 ) ) )
LOG 1641834064990 [L0]: [Sent at 1641834064990] ( move 4 4 5 5 )
LOG 1641834064992 [L0]: [Received at 1641834064992] ( PLAY 33.breakthrough.1641834059485 (( move 4 4 5 5 ) noop ) )
LOG 1641834064994 [L0]: [Sent at 1641834064994] noop
LOG 1641834064997 [L0]: [Received at 1641834064997] ( PLAY 33.breakthrough.1641834059485 (noop ( move 4 5 5 4 ) ) )
LOG 1641834064998 [L0]: [Sent at 1641834064998] ( move 3 7 3 8 )
LOG 1641834065001 [L0]: [Received at 1641834065001] ( STOP 33.breakthrough.1641834059485 (( move 3 7 3 8 ) noop ) )
LOG 1641834065001 [L3]: Stopped logging to files at: Mon Jan 10 18:01:05 CET 2022
LOG 1641834065001 [L3]: LOG SEALED
