LOG 1641834292043 [L3]: Started match logging at: Mon Jan 10 18:04:52 CET 2022
LOG 1641834292050 [L3]: Game rules: [( role white ), ( role black ), ( <= ( base ( cellHolds ?x ?y ?p ) ) ( index ?x ) ( index ?y ) ( role ?p ) ), ( <= ( base ( control ?p ) ) ( role ?p ) ), ( <= ( input ?p noop ) ( role ?p ) ), ( <= ( input white ( move ?x ?y1 ?x ?y2 ) ) ( index ?x ) ( succ ?y1 ?y2 ) ), ( <= ( input white ( move ?x1 ?y1 ?x2 ?y2 ) ) ( succ ?y1 ?y2 ) ( succ ?x1 ?x2 ) ), ( <= ( input white ( move ?x1 ?y1 ?x2 ?y2 ) ) ( succ ?y1 ?y2 ) ( succ ?x2 ?x1 ) ), ( <= ( input black ( move ?x ?y1 ?x ?y2 ) ) ( index ?x ) ( succ ?y2 ?y1 ) ), ( <= ( input black ( move ?x1 ?y1 ?x2 ?y2 ) ) ( succ ?y2 ?y1 ) ( succ ?x1 ?x2 ) ), ( <= ( input black ( move ?x1 ?y1 ?x2 ?y2 ) ) ( succ ?y2 ?y1 ) ( succ ?x2 ?x1 ) ), ( init ( cellHolds 1 1 white ) ), ( init ( cellHolds 2 1 white ) ), ( init ( cellHolds 3 1 white ) ), ( init ( cellHolds 4 1 white ) ), ( init ( cellHolds 5 1 white ) ), ( init ( cellHolds 6 1 white ) ), ( init ( cellHolds 7 1 white ) ), ( init ( cellHolds 8 1 white ) ), ( init ( cellHolds 1 2 white ) ), ( init ( cellHolds 2 2 white ) ), ( init ( cellHolds 3 2 white ) ), ( init ( cellHolds 4 2 white ) ), ( init ( cellHolds 5 2 white ) ), ( init ( cellHolds 6 2 white ) ), ( init ( cellHolds 7 2 white ) ), ( init ( cellHolds 8 2 white ) ), ( init ( cellHolds 1 7 black ) ), ( init ( cellHolds 2 7 black ) ), ( init ( cellHolds 3 7 black ) ), ( init ( cellHolds 4 7 black ) ), ( init ( cellHolds 5 7 black ) ), ( init ( cellHolds 6 7 black ) ), ( init ( cellHolds 7 7 black ) ), ( init ( cellHolds 8 7 black ) ), ( init ( cellHolds 1 8 black ) ), ( init ( cellHolds 2 8 black ) ), ( init ( cellHolds 3 8 black ) ), ( init ( cellHolds 4 8 black ) ), ( init ( cellHolds 5 8 black ) ), ( init ( cellHolds 6 8 black ) ), ( init ( cellHolds 7 8 black ) ), ( init ( cellHolds 8 8 black ) ), ( init ( control white ) ), ( <= ( legal white ( move ?x ?y1 ?x ?y2 ) ) ( true ( control white ) ) ( true ( cellHolds ?x ?y1 white ) ) ( succ ?y1 ?y2 ) ( cellEmpty ?x ?y2 ) ), ( <= ( legal white ( move ?x1 ?y1 ?x2 ?y2 ) ) ( true ( control white ) ) ( true ( cellHolds ?x1 ?y1 white ) ) ( succ ?y1 ?y2 ) ( succ ?x1 ?x2 ) ( not ( true ( cellHolds ?x2 ?y2 white ) ) ) ), ( <= ( legal white ( move ?x1 ?y1 ?x2 ?y2 ) ) ( true ( control white ) ) ( true ( cellHolds ?x1 ?y1 white ) ) ( succ ?y1 ?y2 ) ( succ ?x2 ?x1 ) ( not ( true ( cellHolds ?x2 ?y2 white ) ) ) ), ( <= ( legal black ( move ?x ?y1 ?x ?y2 ) ) ( true ( control black ) ) ( true ( cellHolds ?x ?y1 black ) ) ( succ ?y2 ?y1 ) ( cellEmpty ?x ?y2 ) ), ( <= ( legal black ( move ?x1 ?y1 ?x2 ?y2 ) ) ( true ( control black ) ) ( true ( cellHolds ?x1 ?y1 black ) ) ( succ ?y2 ?y1 ) ( succ ?x1 ?x2 ) ( not ( true ( cellHolds ?x2 ?y2 black ) ) ) ), ( <= ( legal black ( move ?x1 ?y1 ?x2 ?y2 ) ) ( true ( control black ) ) ( true ( cellHolds ?x1 ?y1 black ) ) ( succ ?y2 ?y1 ) ( succ ?x2 ?x1 ) ( not ( true ( cellHolds ?x2 ?y2 black ) ) ) ), ( <= ( legal white noop ) ( true ( control black ) ) ), ( <= ( legal black noop ) ( true ( control white ) ) ), ( <= ( next ( cellHolds ?x2 ?y2 ?player ) ) ( role ?player ) ( does ?player ( move ?x1 ?y1 ?x2 ?y2 ) ) ), ( <= ( next ( cellHolds ?x3 ?y3 ?state ) ) ( true ( cellHolds ?x3 ?y3 ?state ) ) ( role ?player ) ( does ?player ( move ?x1 ?y1 ?x2 ?y2 ) ) ( distinctCell ?x1 ?y1 ?x3 ?y3 ) ( distinctCell ?x2 ?y2 ?x3 ?y3 ) ), ( <= ( next ( control white ) ) ( true ( control black ) ) ), ( <= ( next ( control black ) ) ( true ( control white ) ) ), ( <= terminal whiteWin ), ( <= terminal blackWin ), ( <= ( goal white 100 ) whiteWin ), ( <= ( goal white 0 ) ( not whiteWin ) ), ( <= ( goal black 100 ) blackWin ), ( <= ( goal black 0 ) ( not blackWin ) ), ( <= ( cell ?x ?y ) ( index ?x ) ( index ?y ) ), ( <= ( cellEmpty ?x ?y ) ( cell ?x ?y ) ( not ( true ( cellHolds ?x ?y white ) ) ) ( not ( true ( cellHolds ?x ?y black ) ) ) ), ( <= ( distinctCell ?x1 ?y1 ?x2 ?y2 ) ( cell ?x1 ?y1 ) ( cell ?x2 ?y2 ) ( distinct ?x1 ?x2 ) ), ( <= ( distinctCell ?x1 ?y1 ?x2 ?y2 ) ( cell ?x1 ?y1 ) ( cell ?x2 ?y2 ) ( distinct ?y1 ?y2 ) ), ( <= whiteWin ( index ?x ) ( true ( cellHolds ?x 8 white ) ) ), ( <= blackWin ( index ?x ) ( true ( cellHolds ?x 1 black ) ) ), ( <= whiteWin ( not blackCell ) ), ( <= blackWin ( not whiteCell ) ), ( <= whiteCell ( cell ?x ?y ) ( true ( cellHolds ?x ?y white ) ) ), ( <= blackCell ( cell ?x ?y ) ( true ( cellHolds ?x ?y black ) ) ), ( index 1 ), ( index 2 ), ( index 3 ), ( index 4 ), ( index 5 ), ( index 6 ), ( index 7 ), ( index 8 ), ( succ 1 2 ), ( succ 2 3 ), ( succ 3 4 ), ( succ 4 5 ), ( succ 5 6 ), ( succ 6 7 ), ( succ 7 8 )]
LOG 1641834292051 [L3]: Start clock: 15
LOG 1641834292051 [L3]: Play clock: 10
LOG 1641834297044 [L0]: [Sent at 1641834297044] ready
LOG 1641834297046 [L0]: [Received at 1641834297046] ( PLAY 34.breakthrough.1641834291850 NIL )
LOG 1641834297047 [L0]: [Sent at 1641834297047] ( move 5 2 5 3 )
LOG 1641834297050 [L0]: [Received at 1641834297050] ( PLAY 34.breakthrough.1641834291850 (( move 5 2 5 3 ) noop ) )
LOG 1641834297052 [L0]: [Sent at 1641834297052] noop
LOG 1641834297055 [L0]: [Received at 1641834297055] ( PLAY 34.breakthrough.1641834291850 (noop ( move 7 7 7 6 ) ) )
LOG 1641834297063 [L0]: [Sent at 1641834297063] ( move 6 2 7 3 )
LOG 1641834297067 [L0]: [Received at 1641834297067] ( PLAY 34.breakthrough.1641834291850 (( move 6 2 7 3 ) noop ) )
LOG 1641834297069 [L0]: [Sent at 1641834297069] noop
LOG 1641834297072 [L0]: [Received at 1641834297072] ( PLAY 34.breakthrough.1641834291850 (noop ( move 5 7 5 6 ) ) )
LOG 1641834297074 [L0]: [Sent at 1641834297074] ( move 2 2 2 3 )
LOG 1641834297078 [L0]: [Received at 1641834297078] ( PLAY 34.breakthrough.1641834291850 (( move 2 2 2 3 ) noop ) )
LOG 1641834297079 [L0]: [Sent at 1641834297079] noop
LOG 1641834297083 [L0]: [Received at 1641834297083] ( PLAY 34.breakthrough.1641834291850 (noop ( move 4 8 5 7 ) ) )
LOG 1641834297085 [L0]: [Sent at 1641834297085] ( move 4 2 3 3 )
LOG 1641834297089 [L0]: [Received at 1641834297089] ( PLAY 34.breakthrough.1641834291850 (( move 4 2 3 3 ) noop ) )
LOG 1641834297090 [L0]: [Sent at 1641834297090] noop
LOG 1641834297093 [L0]: [Received at 1641834297093] ( PLAY 34.breakthrough.1641834291850 (noop ( move 7 6 7 5 ) ) )
LOG 1641834297094 [L0]: [Sent at 1641834297094] ( move 4 1 5 2 )
LOG 1641834297097 [L0]: [Received at 1641834297097] ( PLAY 34.breakthrough.1641834291850 (( move 4 1 5 2 ) noop ) )
LOG 1641834297098 [L0]: [Sent at 1641834297098] noop
LOG 1641834297101 [L0]: [Received at 1641834297101] ( PLAY 34.breakthrough.1641834291850 (noop ( move 2 7 3 6 ) ) )
LOG 1641834297102 [L0]: [Sent at 1641834297102] ( move 2 3 1 4 )
LOG 1641834297105 [L0]: [Received at 1641834297105] ( PLAY 34.breakthrough.1641834291850 (( move 2 3 1 4 ) noop ) )
LOG 1641834297106 [L0]: [Sent at 1641834297106] noop
LOG 1641834297109 [L0]: [Received at 1641834297109] ( PLAY 34.breakthrough.1641834291850 (noop ( move 8 7 8 6 ) ) )
LOG 1641834297110 [L0]: [Sent at 1641834297110] ( move 5 2 6 3 )
LOG 1641834297113 [L0]: [Received at 1641834297113] ( PLAY 34.breakthrough.1641834291850 (( move 5 2 6 3 ) noop ) )
LOG 1641834297114 [L0]: [Sent at 1641834297114] noop
LOG 1641834297116 [L0]: [Received at 1641834297116] ( PLAY 34.breakthrough.1641834291850 (noop ( move 7 5 6 4 ) ) )
LOG 1641834297118 [L0]: [Sent at 1641834297118] ( move 3 1 2 2 )
LOG 1641834297121 [L0]: [Received at 1641834297121] ( PLAY 34.breakthrough.1641834291850 (( move 3 1 2 2 ) noop ) )
LOG 1641834297122 [L0]: [Sent at 1641834297122] noop
LOG 1641834297124 [L0]: [Received at 1641834297124] ( PLAY 34.breakthrough.1641834291850 (noop ( move 6 4 7 3 ) ) )
LOG 1641834297125 [L0]: [Sent at 1641834297125] ( move 5 3 5 4 )
LOG 1641834297129 [L0]: [Received at 1641834297129] ( PLAY 34.breakthrough.1641834291850 (( move 5 3 5 4 ) noop ) )
LOG 1641834297130 [L0]: [Sent at 1641834297130] noop
LOG 1641834297133 [L0]: [Received at 1641834297133] ( PLAY 34.breakthrough.1641834291850 (noop ( move 5 6 6 5 ) ) )
LOG 1641834297134 [L0]: [Sent at 1641834297134] ( move 3 2 2 3 )
LOG 1641834297136 [L0]: [Received at 1641834297136] ( PLAY 34.breakthrough.1641834291850 (( move 3 2 2 3 ) noop ) )
LOG 1641834297138 [L0]: [Sent at 1641834297138] noop
LOG 1641834297140 [L0]: [Received at 1641834297140] ( PLAY 34.breakthrough.1641834291850 (noop ( move 6 7 6 6 ) ) )
LOG 1641834297142 [L0]: [Sent at 1641834297142] ( move 5 1 6 2 )
LOG 1641834297144 [L0]: [Received at 1641834297144] ( PLAY 34.breakthrough.1641834291850 (( move 5 1 6 2 ) noop ) )
LOG 1641834297146 [L0]: [Sent at 1641834297146] noop
LOG 1641834297148 [L0]: [Received at 1641834297148] ( PLAY 34.breakthrough.1641834291850 (noop ( move 3 7 4 6 ) ) )
LOG 1641834297150 [L0]: [Sent at 1641834297150] ( move 2 3 3 4 )
LOG 1641834297152 [L0]: [Received at 1641834297152] ( PLAY 34.breakthrough.1641834291850 (( move 2 3 3 4 ) noop ) )
LOG 1641834297153 [L0]: [Sent at 1641834297153] noop
LOG 1641834297157 [L0]: [Received at 1641834297157] ( PLAY 34.breakthrough.1641834291850 (noop ( move 6 6 7 5 ) ) )
LOG 1641834297158 [L0]: [Sent at 1641834297158] ( move 1 2 1 3 )
LOG 1641834297161 [L0]: [Received at 1641834297161] ( PLAY 34.breakthrough.1641834291850 (( move 1 2 1 3 ) noop ) )
LOG 1641834297162 [L0]: [Sent at 1641834297162] noop
LOG 1641834297164 [L0]: [Received at 1641834297164] ( PLAY 34.breakthrough.1641834291850 (noop ( move 7 3 8 2 ) ) )
LOG 1641834297166 [L0]: [Sent at 1641834297166] ( move 7 2 7 3 )
LOG 1641834297168 [L0]: [Received at 1641834297168] ( PLAY 34.breakthrough.1641834291850 (( move 7 2 7 3 ) noop ) )
LOG 1641834297169 [L0]: [Sent at 1641834297169] noop
LOG 1641834297172 [L0]: [Received at 1641834297172] ( PLAY 34.breakthrough.1641834291850 (noop ( move 1 7 1 6 ) ) )
LOG 1641834297173 [L0]: [Sent at 1641834297173] ( move 2 2 2 3 )
LOG 1641834297176 [L0]: [Received at 1641834297176] ( PLAY 34.breakthrough.1641834291850 (( move 2 2 2 3 ) noop ) )
LOG 1641834297177 [L0]: [Sent at 1641834297177] noop
LOG 1641834297179 [L0]: [Received at 1641834297179] ( PLAY 34.breakthrough.1641834291850 (noop ( move 4 6 3 5 ) ) )
LOG 1641834297181 [L0]: [Sent at 1641834297181] ( move 2 3 2 4 )
LOG 1641834297183 [L0]: [Received at 1641834297183] ( PLAY 34.breakthrough.1641834291850 (( move 2 3 2 4 ) noop ) )
LOG 1641834297184 [L0]: [Sent at 1641834297184] noop
LOG 1641834297187 [L0]: [Received at 1641834297187] ( PLAY 34.breakthrough.1641834291850 (noop ( move 7 5 6 4 ) ) )
LOG 1641834297188 [L0]: [Sent at 1641834297188] ( move 2 1 3 2 )
LOG 1641834297190 [L0]: [Received at 1641834297190] ( PLAY 34.breakthrough.1641834291850 (( move 2 1 3 2 ) noop ) )
LOG 1641834297191 [L0]: [Sent at 1641834297191] noop
LOG 1641834297194 [L0]: [Received at 1641834297194] ( PLAY 34.breakthrough.1641834291850 (noop ( move 2 8 3 7 ) ) )
LOG 1641834297195 [L0]: [Sent at 1641834297195] ( move 6 1 5 2 )
LOG 1641834297199 [L0]: [Received at 1641834297199] ( PLAY 34.breakthrough.1641834291850 (( move 6 1 5 2 ) noop ) )
LOG 1641834297201 [L0]: [Sent at 1641834297201] noop
LOG 1641834297203 [L0]: [Received at 1641834297203] ( PLAY 34.breakthrough.1641834291850 (noop ( move 3 7 2 6 ) ) )
LOG 1641834297204 [L0]: [Sent at 1641834297204] ( move 7 1 8 2 )
LOG 1641834297209 [L0]: [Received at 1641834297209] ( PLAY 34.breakthrough.1641834291850 (( move 7 1 8 2 ) noop ) )
LOG 1641834297210 [L0]: [Sent at 1641834297210] noop
LOG 1641834297212 [L0]: [Received at 1641834297212] ( PLAY 34.breakthrough.1641834291850 (noop ( move 6 4 7 3 ) ) )
LOG 1641834297213 [L0]: [Sent at 1641834297213] ( move 3 2 4 3 )
LOG 1641834297216 [L0]: [Received at 1641834297216] ( PLAY 34.breakthrough.1641834291850 (( move 3 2 4 3 ) noop ) )
LOG 1641834297217 [L0]: [Sent at 1641834297217] noop
LOG 1641834297219 [L0]: [Received at 1641834297219] ( PLAY 34.breakthrough.1641834291850 (noop ( move 7 3 6 2 ) ) )
LOG 1641834297221 [L0]: [Sent at 1641834297221] ( move 1 1 1 2 )
LOG 1641834297225 [L0]: [Received at 1641834297225] ( PLAY 34.breakthrough.1641834291850 (( move 1 1 1 2 ) noop ) )
LOG 1641834297226 [L0]: [Sent at 1641834297226] noop
LOG 1641834297237 [L0]: [Received at 1641834297237] ( PLAY 34.breakthrough.1641834291850 (noop ( move 3 6 4 5 ) ) )
LOG 1641834297239 [L0]: [Sent at 1641834297239] ( move 2 4 3 5 )
LOG 1641834297241 [L0]: [Received at 1641834297241] ( PLAY 34.breakthrough.1641834291850 (( move 2 4 3 5 ) noop ) )
LOG 1641834297242 [L0]: [Sent at 1641834297242] noop
LOG 1641834297245 [L0]: [Received at 1641834297245] ( PLAY 34.breakthrough.1641834291850 (noop ( move 7 8 7 7 ) ) )
LOG 1641834297246 [L0]: [Sent at 1641834297246] ( move 5 2 5 3 )
LOG 1641834297248 [L0]: [Received at 1641834297248] ( PLAY 34.breakthrough.1641834291850 (( move 5 2 5 3 ) noop ) )
LOG 1641834297249 [L0]: [Sent at 1641834297249] noop
LOG 1641834297253 [L0]: [Received at 1641834297253] ( PLAY 34.breakthrough.1641834291850 (noop ( move 6 5 7 4 ) ) )
LOG 1641834297254 [L0]: [Sent at 1641834297254] ( move 3 5 2 6 )
LOG 1641834297256 [L0]: [Received at 1641834297256] ( PLAY 34.breakthrough.1641834291850 (( move 3 5 2 6 ) noop ) )
LOG 1641834297258 [L0]: [Sent at 1641834297258] noop
LOG 1641834297260 [L0]: [Received at 1641834297260] ( PLAY 34.breakthrough.1641834291850 (noop ( move 3 8 2 7 ) ) )
LOG 1641834297261 [L0]: [Sent at 1641834297261] ( move 1 4 2 5 )
LOG 1641834297265 [L0]: [Received at 1641834297265] ( PLAY 34.breakthrough.1641834291850 (( move 1 4 2 5 ) noop ) )
LOG 1641834297266 [L0]: [Sent at 1641834297266] noop
LOG 1641834297269 [L0]: [Received at 1641834297269] ( PLAY 34.breakthrough.1641834291850 (noop ( move 4 7 4 6 ) ) )
LOG 1641834297270 [L0]: [Sent at 1641834297270] ( move 1 2 2 3 )
LOG 1641834297272 [L0]: [Received at 1641834297272] ( PLAY 34.breakthrough.1641834291850 (( move 1 2 2 3 ) noop ) )
LOG 1641834297274 [L0]: [Sent at 1641834297274] noop
LOG 1641834297277 [L0]: [Received at 1641834297277] ( PLAY 34.breakthrough.1641834291850 (noop ( move 5 8 4 7 ) ) )
LOG 1641834297279 [L0]: [Sent at 1641834297279] ( move 3 3 4 4 )
LOG 1641834297282 [L0]: [Received at 1641834297282] ( PLAY 34.breakthrough.1641834291850 (( move 3 3 4 4 ) noop ) )
LOG 1641834297283 [L0]: [Sent at 1641834297283] noop
LOG 1641834297287 [L0]: [Received at 1641834297287] ( PLAY 34.breakthrough.1641834291850 (noop ( move 8 6 8 5 ) ) )
LOG 1641834297289 [L0]: [Sent at 1641834297289] ( move 2 6 3 7 )
LOG 1641834297292 [L0]: [Received at 1641834297292] ( PLAY 34.breakthrough.1641834291850 (( move 2 6 3 7 ) noop ) )
LOG 1641834297293 [L0]: [Sent at 1641834297293] noop
LOG 1641834297295 [L0]: [Received at 1641834297295] ( PLAY 34.breakthrough.1641834291850 (noop ( move 7 7 6 6 ) ) )
LOG 1641834297297 [L0]: [Sent at 1641834297297] ( move 1 3 1 4 )
LOG 1641834297299 [L0]: [Received at 1641834297299] ( PLAY 34.breakthrough.1641834291850 (( move 1 3 1 4 ) noop ) )
LOG 1641834297300 [L0]: [Sent at 1641834297300] noop
LOG 1641834297303 [L0]: [Received at 1641834297303] ( PLAY 34.breakthrough.1641834291850 (noop ( move 4 7 3 6 ) ) )
LOG 1641834297305 [L0]: [Sent at 1641834297305] ( move 2 5 1 6 )
LOG 1641834297307 [L0]: [Received at 1641834297307] ( PLAY 34.breakthrough.1641834291850 (( move 2 5 1 6 ) noop ) )
LOG 1641834297309 [L0]: [Sent at 1641834297309] noop
LOG 1641834297311 [L0]: [Received at 1641834297311] ( PLAY 34.breakthrough.1641834291850 (noop ( move 8 8 7 7 ) ) )
LOG 1641834297312 [L0]: [Sent at 1641834297312] ( move 1 4 2 5 )
LOG 1641834297314 [L0]: [Received at 1641834297314] ( PLAY 34.breakthrough.1641834291850 (( move 1 4 2 5 ) noop ) )
LOG 1641834297316 [L0]: [Sent at 1641834297316] noop
LOG 1641834297318 [L0]: [Received at 1641834297318] ( PLAY 34.breakthrough.1641834291850 (noop ( move 3 6 3 5 ) ) )
LOG 1641834297319 [L0]: [Sent at 1641834297319] ( move 5 4 6 5 )
LOG 1641834297321 [L0]: [Received at 1641834297321] ( PLAY 34.breakthrough.1641834291850 (( move 5 4 6 5 ) noop ) )
LOG 1641834297323 [L0]: [Sent at 1641834297323] noop
LOG 1641834297325 [L0]: [Received at 1641834297325] ( PLAY 34.breakthrough.1641834291850 (noop ( move 3 5 2 4 ) ) )
LOG 1641834297326 [L0]: [Sent at 1641834297326] ( move 8 1 7 2 )
LOG 1641834297329 [L0]: [Received at 1641834297329] ( PLAY 34.breakthrough.1641834291850 (( move 8 1 7 2 ) noop ) )
LOG 1641834297330 [L0]: [Sent at 1641834297330] noop
LOG 1641834297332 [L0]: [Received at 1641834297332] ( PLAY 34.breakthrough.1641834291850 (noop ( move 4 5 5 4 ) ) )
LOG 1641834297333 [L0]: [Sent at 1641834297333] ( move 2 5 3 6 )
LOG 1641834297335 [L0]: [Received at 1641834297335] ( PLAY 34.breakthrough.1641834291850 (( move 2 5 3 6 ) noop ) )
LOG 1641834297337 [L0]: [Sent at 1641834297337] noop
LOG 1641834297339 [L0]: [Received at 1641834297339] ( PLAY 34.breakthrough.1641834291850 (noop ( move 4 6 5 5 ) ) )
LOG 1641834297340 [L0]: [Sent at 1641834297340] ( move 6 3 7 4 )
LOG 1641834297344 [L0]: [Received at 1641834297344] ( PLAY 34.breakthrough.1641834291850 (( move 6 3 7 4 ) noop ) )
LOG 1641834297345 [L0]: [Sent at 1641834297345] noop
LOG 1641834297347 [L0]: [Received at 1641834297347] ( PLAY 34.breakthrough.1641834291850 (noop ( move 2 7 1 6 ) ) )
LOG 1641834297348 [L0]: [Sent at 1641834297348] ( move 2 3 1 4 )
LOG 1641834297350 [L0]: [Received at 1641834297350] ( PLAY 34.breakthrough.1641834291850 (( move 2 3 1 4 ) noop ) )
LOG 1641834297351 [L0]: [Sent at 1641834297351] noop
LOG 1641834297354 [L0]: [Received at 1641834297354] ( PLAY 34.breakthrough.1641834291850 (noop ( move 5 7 4 6 ) ) )
LOG 1641834297355 [L0]: [Sent at 1641834297355] ( move 7 4 8 5 )
LOG 1641834297357 [L0]: [Received at 1641834297357] ( PLAY 34.breakthrough.1641834291850 (( move 7 4 8 5 ) noop ) )
LOG 1641834297358 [L0]: [Sent at 1641834297358] noop
LOG 1641834297361 [L0]: [Received at 1641834297361] ( PLAY 34.breakthrough.1641834291850 (noop ( move 1 8 2 7 ) ) )
LOG 1641834297362 [L0]: [Sent at 1641834297362] ( move 3 7 2 8 )
LOG 1641834297366 [L0]: [Received at 1641834297366] ( STOP 34.breakthrough.1641834291850 (( move 3 7 2 8 ) noop ) )
LOG 1641834297373 [L3]: Stopped logging to files at: Mon Jan 10 18:04:57 CET 2022
LOG 1641834297374 [L3]: LOG SEALED
