LOG 1641833404905 [L3]: Returning initial state machine.
LOG 1641833404905 [L3]: Returning PropNet state machine without cache.
LOG 1641833404906 [L3]: Starting metagame with available thinking time 4996ms.
LOG 1641833404908 [L3]: Starting search during metagame.
LOG 1641833409902 [L3]: Done searching during metagame.
LOG 1641833409905 [L3]: Starting move selection for game step 1 with available time 0ms.
LOG 1641833409905 [L3]: No time to select next move using MCTS. Returning random move ( drop 1 ).
LOG 1641833409908 [L3]: Starting move selection for game step 2 with available time 0ms.
LOG 1641833409910 [L3]: No time to select next move using MCTS. Returning random move noop.
LOG 1641833409916 [L3]: Starting move selection for game step 3 with available time 0ms.
LOG 1641833409924 [L3]: No time to select next move using MCTS. Returning random move ( drop 7 ).
LOG 1641833409930 [L3]: Starting move selection for game step 4 with available time 0ms.
LOG 1641833409933 [L3]: No time to select next move using MCTS. Returning random move noop.
LOG 1641833409943 [L3]: Starting move selection for game step 5 with available time 0ms.
LOG 1641833409943 [L3]: No time to select next move using MCTS. Returning random move ( drop 5 ).
LOG 1641833409947 [L3]: Starting move selection for game step 6 with available time 0ms.
LOG 1641833409947 [L3]: No time to select next move using MCTS. Returning random move noop.
LOG 1641833409951 [L3]: Starting move selection for game step 7 with available time 0ms.
LOG 1641833409951 [L3]: No time to select next move using MCTS. Returning random move ( drop 5 ).
LOG 1641833409956 [L3]: Starting move selection for game step 8 with available time 0ms.
LOG 1641833409957 [L3]: No time to select next move using MCTS. Returning random move noop.
LOG 1641833409960 [L3]: Starting move selection for game step 9 with available time 0ms.
LOG 1641833409961 [L3]: No time to select next move using MCTS. Returning random move ( drop 7 ).
LOG 1641833409965 [L3]: Starting move selection for game step 10 with available time 0ms.
LOG 1641833409966 [L3]: No time to select next move using MCTS. Returning random move noop.
LOG 1641833409985 [L3]: Starting move selection for game step 11 with available time 0ms.
LOG 1641833409985 [L3]: No time to select next move using MCTS. Returning random move ( drop 5 ).
LOG 1641833409989 [L3]: Starting move selection for game step 12 with available time 0ms.
LOG 1641833409990 [L3]: No time to select next move using MCTS. Returning random move noop.
LOG 1641833409994 [L3]: Starting move selection for game step 13 with available time 0ms.
LOG 1641833409994 [L3]: No time to select next move using MCTS. Returning random move ( drop 4 ).
LOG 1641833409998 [L3]: Starting move selection for game step 14 with available time 0ms.
LOG 1641833409999 [L3]: No time to select next move using MCTS. Returning random move noop.
LOG 1641833410003 [L3]: Starting move selection for game step 15 with available time 0ms.
LOG 1641833410003 [L3]: No time to select next move using MCTS. Returning random move ( drop 4 ).
LOG 1641833410008 [L3]: Starting move selection for game step 16 with available time 0ms.
LOG 1641833410008 [L3]: No time to select next move using MCTS. Returning random move noop.
LOG 1641833410012 [L3]: Starting move selection for game step 17 with available time 0ms.
LOG 1641833410012 [L3]: No time to select next move using MCTS. Returning random move ( drop 6 ).
