LOG 1641836969522 [L3]: Returning initial state machine.
LOG 1641836969523 [L3]: Returning PropNet state machine without cache.
LOG 1641836969524 [L3]: Starting metagame with available thinking time 4988ms.
LOG 1641836969525 [L3]: Starting search during metagame.
LOG 1641836974514 [L3]: Done searching during metagame.
LOG 1641836974517 [L3]: Starting move selection for game step 1 with available time 0ms.
LOG 1641836974518 [L3]: No time to select next move using MCTS. Returning random move ( block r6 c3 ).
LOG 1641836974520 [L3]: Starting move selection for game step 2 with available time 0ms.
LOG 1641836974521 [L3]: No time to select next move using MCTS. Returning random move ( mark r7 c4 ).
LOG 1641836974525 [L3]: Starting move selection for game step 3 with available time 0ms.
LOG 1641836974532 [L3]: No time to select next move using MCTS. Returning random move noop.
LOG 1641836974535 [L3]: Starting move selection for game step 4 with available time 0ms.
LOG 1641836974537 [L3]: No time to select next move using MCTS. Returning random move noop.
LOG 1641836974540 [L3]: Starting move selection for game step 5 with available time 0ms.
LOG 1641836974540 [L3]: No time to select next move using MCTS. Returning random move ( mark r4 c1 ).
LOG 1641836974544 [L3]: Starting move selection for game step 6 with available time 0ms.
LOG 1641836974544 [L3]: No time to select next move using MCTS. Returning random move noop.
LOG 1641836974550 [L3]: Starting move selection for game step 7 with available time 0ms.
LOG 1641836974550 [L3]: No time to select next move using MCTS. Returning random move ( block r3 c6 ).
LOG 1641836974553 [L3]: Starting move selection for game step 8 with available time 0ms.
LOG 1641836974554 [L3]: No time to select next move using MCTS. Returning random move ( mark r2 c1 ).
LOG 1641836974558 [L3]: Starting move selection for game step 9 with available time 0ms.
LOG 1641836974558 [L3]: No time to select next move using MCTS. Returning random move noop.
LOG 1641836974562 [L3]: Starting move selection for game step 10 with available time 0ms.
LOG 1641836974562 [L3]: No time to select next move using MCTS. Returning random move noop.
LOG 1641836974565 [L3]: Starting move selection for game step 11 with available time 0ms.
LOG 1641836974565 [L3]: No time to select next move using MCTS. Returning random move noop.
LOG 1641836974568 [L3]: Starting move selection for game step 12 with available time 0ms.
LOG 1641836974569 [L3]: No time to select next move using MCTS. Returning random move noop.
LOG 1641836974575 [L3]: Starting move selection for game step 13 with available time 0ms.
LOG 1641836974575 [L3]: No time to select next move using MCTS. Returning random move ( mark r7 c3 ).
LOG 1641836974582 [L3]: Starting move selection for game step 14 with available time 0ms.
LOG 1641836974582 [L3]: No time to select next move using MCTS. Returning random move noop.
LOG 1641836974590 [L3]: Starting move selection for game step 15 with available time 0ms.
LOG 1641836974591 [L3]: No time to select next move using MCTS. Returning random move ( mark r3 c7 ).
LOG 1641836974607 [L3]: Starting move selection for game step 16 with available time 0ms.
LOG 1641836974608 [L3]: No time to select next move using MCTS. Returning random move noop.
LOG 1641836974624 [L3]: Starting move selection for game step 17 with available time 0ms.
LOG 1641836974624 [L3]: No time to select next move using MCTS. Returning random move ( mark r7 c5 ).
LOG 1641836974644 [L3]: Starting move selection for game step 18 with available time 0ms.
LOG 1641836974645 [L3]: No time to select next move using MCTS. Returning random move noop.
LOG 1641836974651 [L3]: Starting move selection for game step 19 with available time 0ms.
LOG 1641836974651 [L3]: No time to select next move using MCTS. Returning random move noop.
LOG 1641836974683 [L3]: Starting move selection for game step 20 with available time 0ms.
LOG 1641836974683 [L3]: No time to select next move using MCTS. Returning random move ( block r4 c5 ).
LOG 1641836974692 [L3]: Starting move selection for game step 21 with available time 0ms.
LOG 1641836974692 [L3]: No time to select next move using MCTS. Returning random move ( mark r5 c3 ).
LOG 1641836974732 [L3]: Starting move selection for game step 22 with available time 0ms.
LOG 1641836974732 [L3]: No time to select next move using MCTS. Returning random move noop.
LOG 1641836974783 [L3]: Starting move selection for game step 23 with available time 0ms.
LOG 1641836974784 [L3]: No time to select next move using MCTS. Returning random move ( block r1 c6 ).
LOG 1641836974793 [L3]: Starting move selection for game step 24 with available time 0ms.
LOG 1641836974794 [L3]: No time to select next move using MCTS. Returning random move ( block r4 c6 ).
LOG 1641836974803 [L3]: Starting move selection for game step 25 with available time 0ms.
LOG 1641836974804 [L3]: No time to select next move using MCTS. Returning random move ( mark r6 c4 ).
LOG 1641836974867 [L3]: Starting move selection for game step 26 with available time 0ms.
LOG 1641836974868 [L3]: No time to select next move using MCTS. Returning random move noop.
LOG 1641836974955 [L3]: Starting move selection for game step 27 with available time 0ms.
LOG 1641836974955 [L3]: No time to select next move using MCTS. Returning random move ( mark r2 c3 ).
LOG 1641836975053 [L3]: Starting move selection for game step 28 with available time 0ms.
LOG 1641836975053 [L3]: No time to select next move using MCTS. Returning random move noop.
LOG 1641836975188 [L3]: Starting move selection for game step 29 with available time 0ms.
LOG 1641836975188 [L3]: No time to select next move using MCTS. Returning random move ( mark r4 c2 ).
LOG 1641836975367 [L3]: Starting move selection for game step 30 with available time 0ms.
LOG 1641836975368 [L3]: No time to select next move using MCTS. Returning random move noop.
LOG 1641836975571 [L3]: Starting move selection for game step 31 with available time 0ms.
LOG 1641836975572 [L3]: No time to select next move using MCTS. Returning random move ( mark r3 c2 ).
LOG 1641836975744 [L3]: Starting move selection for game step 32 with available time 0ms.
LOG 1641836975745 [L3]: No time to select next move using MCTS. Returning random move noop.
LOG 1641836976105 [L3]: Starting move selection for game step 33 with available time 0ms.
LOG 1641836976106 [L3]: No time to select next move using MCTS. Returning random move ( mark r5 c7 ).
LOG 1641836976368 [L3]: Starting move selection for game step 34 with available time 0ms.
LOG 1641836976369 [L3]: No time to select next move using MCTS. Returning random move noop.
