LOG 1641836792770 [L3]: Started match logging at: Mon Jan 10 18:46:32 CET 2022
LOG 1641836792771 [L3]: Game rules: [( role white ), ( role black ), ( <= ( base ( cell ?x ?y ?p ) ) ( index ?x ) ( index ?y ) ( role ?p ) ), ( <= ( base ( control ?p ) ) ( role ?p ) ), ( <= ( input ?p noop ) ( role ?p ) ), ( <= ( input ?p ( move ?x1 ?y1 ?x2 ?y2 ) ) ( role ?p ) ( index ?x1 ) ( index ?x2 ) ( index ?y1 ) ( index ?y2 ) ), ( init ( cell 1 1 white ) ), ( init ( cell 2 1 white ) ), ( init ( cell 3 1 white ) ), ( init ( cell 4 1 white ) ), ( init ( cell 5 1 white ) ), ( init ( cell 6 1 white ) ), ( init ( cell 7 1 white ) ), ( init ( cell 8 1 white ) ), ( init ( cell 1 2 white ) ), ( init ( cell 2 2 white ) ), ( init ( cell 3 2 white ) ), ( init ( cell 4 2 white ) ), ( init ( cell 5 2 white ) ), ( init ( cell 6 2 white ) ), ( init ( cell 7 2 white ) ), ( init ( cell 8 2 white ) ), ( init ( cell 1 7 black ) ), ( init ( cell 2 7 black ) ), ( init ( cell 3 7 black ) ), ( init ( cell 4 7 black ) ), ( init ( cell 5 7 black ) ), ( init ( cell 6 7 black ) ), ( init ( cell 7 7 black ) ), ( init ( cell 8 7 black ) ), ( init ( cell 1 8 black ) ), ( init ( cell 2 8 black ) ), ( init ( cell 3 8 black ) ), ( init ( cell 4 8 black ) ), ( init ( cell 5 8 black ) ), ( init ( cell 6 8 black ) ), ( init ( cell 7 8 black ) ), ( init ( cell 8 8 black ) ), ( init ( control white ) ), ( <= ( legal white noop ) ( true ( control black ) ) ), ( <= ( legal black noop ) ( true ( control white ) ) ), ( <= ( legal white ( move ?x1 ?y1 ?x2 ?y2 ) ) ( true ( control white ) ) ( true ( cell ?x1 ?y1 white ) ) ( whiteknightmove ?x1 ?y1 ?x2 ?y2 ) ( not ( true ( cell ?x2 ?y2 white ) ) ) ), ( <= ( legal black ( move ?x1 ?y1 ?x2 ?y2 ) ) ( true ( control black ) ) ( true ( cell ?x1 ?y1 black ) ) ( blackknightmove ?x1 ?y1 ?x2 ?y2 ) ( not ( true ( cell ?x2 ?y2 black ) ) ) ), ( <= ( next ( cell ?x ?y ?state ) ) ( true ( cell ?x ?y ?state ) ) ( does ?player ( move ?x1 ?y1 ?x2 ?y2 ) ) ( distinctcell ?x ?y ?x1 ?y1 ) ( distinctcell ?x ?y ?x2 ?y2 ) ), ( <= ( next ( cell ?x2 ?y2 ?player ) ) ( does ?player ( move ?x1 ?y1 ?x2 ?y2 ) ) ), ( <= ( next ( control black ) ) ( true ( control white ) ) ), ( <= ( next ( control white ) ) ( true ( control black ) ) ), ( <= terminal whitewin ), ( <= terminal blackwin ), ( <= ( goal white 100 ) whitewin ), ( <= ( goal white 0 ) blackwin ), ( <= ( goal black 100 ) blackwin ), ( <= ( goal black 0 ) whitewin ), ( <= whitewin ( index ?x ) ( true ( cell ?x 8 white ) ) ), ( <= blackwin ( index ?x ) ( true ( cell ?x 1 black ) ) ), ( <= whitewin ( not ( hasAnyPiece black ) ) ), ( <= blackwin ( not ( hasAnyPiece white ) ) ), ( <= ( hasAnyPiece ?player ) ( true ( cell ?x ?y ?player ) ) ), ( <= ( whiteknightmove ?x1 ?y1 ?x2 ?y2 ) ( plus 1 ?x1 ?x2 ) ( plus 2 ?y1 ?y2 ) ), ( <= ( whiteknightmove ?x1 ?y1 ?x2 ?y2 ) ( plus 1 ?x2 ?x1 ) ( plus 2 ?y1 ?y2 ) ), ( <= ( whiteknightmove ?x1 ?y1 ?x2 ?y2 ) ( plus 2 ?x1 ?x2 ) ( plus 1 ?y1 ?y2 ) ), ( <= ( whiteknightmove ?x1 ?y1 ?x2 ?y2 ) ( plus 2 ?x2 ?x1 ) ( plus 1 ?y1 ?y2 ) ), ( <= ( blackknightmove ?x1 ?y1 ?x2 ?y2 ) ( plus 1 ?x1 ?x2 ) ( plus 2 ?y2 ?y1 ) ), ( <= ( blackknightmove ?x1 ?y1 ?x2 ?y2 ) ( plus 1 ?x2 ?x1 ) ( plus 2 ?y2 ?y1 ) ), ( <= ( blackknightmove ?x1 ?y1 ?x2 ?y2 ) ( plus 2 ?x1 ?x2 ) ( plus 1 ?y2 ?y1 ) ), ( <= ( blackknightmove ?x1 ?y1 ?x2 ?y2 ) ( plus 2 ?x2 ?x1 ) ( plus 1 ?y2 ?y1 ) ), ( <= ( cell ?x ?y ) ( index ?x ) ( index ?y ) ), ( <= ( distinctcell ?x1 ?y1 ?x2 ?y2 ) ( cell ?x1 ?y1 ) ( cell ?x2 ?y2 ) ( distinct ?x1 ?x2 ) ), ( <= ( distinctcell ?x1 ?y1 ?x2 ?y2 ) ( cell ?x1 ?y1 ) ( cell ?x2 ?y2 ) ( distinct ?y1 ?y2 ) ), ( index 1 ), ( index 2 ), ( index 3 ), ( index 4 ), ( index 5 ), ( index 6 ), ( index 7 ), ( index 8 ), ( plus 1 1 2 ), ( plus 1 2 3 ), ( plus 1 3 4 ), ( plus 1 4 5 ), ( plus 1 5 6 ), ( plus 1 6 7 ), ( plus 1 7 8 ), ( plus 2 1 3 ), ( plus 2 2 4 ), ( plus 2 3 5 ), ( plus 2 4 6 ), ( plus 2 5 7 ), ( plus 2 6 8 )]
LOG 1641836792778 [L3]: Start clock: 15
LOG 1641836792778 [L3]: Play clock: 10
LOG 1641836797770 [L0]: [Sent at 1641836797770] ready
LOG 1641836797772 [L0]: [Received at 1641836797772] ( PLAY 25.knightThrough.1641836791187 NIL )
LOG 1641836797774 [L0]: [Sent at 1641836797774] noop
LOG 1641836797777 [L0]: [Received at 1641836797777] ( PLAY 25.knightThrough.1641836791187 (( move 7 2 5 3 ) noop ) )
LOG 1641836797783 [L0]: [Sent at 1641836797783] ( move 6 7 8 6 )
LOG 1641836797786 [L0]: [Received at 1641836797786] ( PLAY 25.knightThrough.1641836791187 (noop ( move 6 7 8 6 ) ) )
LOG 1641836797798 [L0]: [Sent at 1641836797798] noop
LOG 1641836797800 [L0]: [Received at 1641836797800] ( PLAY 25.knightThrough.1641836791187 (( move 2 2 1 4 ) noop ) )
LOG 1641836797809 [L0]: [Sent at 1641836797809] ( move 1 8 2 6 )
LOG 1641836797811 [L0]: [Received at 1641836797811] ( PLAY 25.knightThrough.1641836791187 (noop ( move 1 8 2 6 ) ) )
LOG 1641836797812 [L0]: [Sent at 1641836797812] noop
LOG 1641836797815 [L0]: [Received at 1641836797815] ( PLAY 25.knightThrough.1641836791187 (( move 2 1 1 3 ) noop ) )
LOG 1641836797816 [L0]: [Sent at 1641836797816] ( move 6 8 5 6 )
LOG 1641836797819 [L0]: [Received at 1641836797819] ( PLAY 25.knightThrough.1641836791187 (noop ( move 6 8 5 6 ) ) )
LOG 1641836797820 [L0]: [Sent at 1641836797820] noop
LOG 1641836797823 [L0]: [Received at 1641836797823] ( PLAY 25.knightThrough.1641836791187 (( move 4 2 5 4 ) noop ) )
LOG 1641836797824 [L0]: [Sent at 1641836797824] ( move 3 7 1 6 )
LOG 1641836797826 [L0]: [Received at 1641836797826] ( PLAY 25.knightThrough.1641836791187 (noop ( move 3 7 1 6 ) ) )
LOG 1641836797827 [L0]: [Sent at 1641836797827] noop
LOG 1641836797830 [L0]: [Received at 1641836797830] ( PLAY 25.knightThrough.1641836791187 (( move 8 1 7 3 ) noop ) )
LOG 1641836797831 [L0]: [Sent at 1641836797831] ( move 2 6 4 5 )
LOG 1641836797833 [L0]: [Received at 1641836797833] ( PLAY 25.knightThrough.1641836791187 (noop ( move 2 6 4 5 ) ) )
LOG 1641836797834 [L0]: [Sent at 1641836797834] noop
LOG 1641836797837 [L0]: [Received at 1641836797837] ( PLAY 25.knightThrough.1641836791187 (( move 6 2 4 3 ) noop ) )
LOG 1641836797838 [L0]: [Sent at 1641836797838] ( move 8 6 7 4 )
LOG 1641836797840 [L0]: [Received at 1641836797840] ( PLAY 25.knightThrough.1641836791187 (noop ( move 8 6 7 4 ) ) )
LOG 1641836797841 [L0]: [Sent at 1641836797841] noop
LOG 1641836797843 [L0]: [Received at 1641836797843] ( PLAY 25.knightThrough.1641836791187 (( move 5 1 7 2 ) noop ) )
LOG 1641836797844 [L0]: [Sent at 1641836797844] ( move 8 7 6 6 )
LOG 1641836797847 [L0]: [Received at 1641836797847] ( PLAY 25.knightThrough.1641836791187 (noop ( move 8 7 6 6 ) ) )
LOG 1641836797848 [L0]: [Sent at 1641836797848] noop
LOG 1641836797850 [L0]: [Received at 1641836797850] ( PLAY 25.knightThrough.1641836791187 (( move 5 3 6 5 ) noop ) )
LOG 1641836797851 [L0]: [Sent at 1641836797851] ( move 4 5 2 4 )
LOG 1641836797853 [L0]: [Received at 1641836797853] ( PLAY 25.knightThrough.1641836791187 (noop ( move 4 5 2 4 ) ) )
LOG 1641836797854 [L0]: [Sent at 1641836797854] noop
LOG 1641836797856 [L0]: [Received at 1641836797856] ( PLAY 25.knightThrough.1641836791187 (( move 4 1 2 2 ) noop ) )
LOG 1641836797858 [L0]: [Sent at 1641836797858] ( move 5 8 3 7 )
LOG 1641836797860 [L0]: [Received at 1641836797860] ( PLAY 25.knightThrough.1641836791187 (noop ( move 5 8 3 7 ) ) )
LOG 1641836797861 [L0]: [Sent at 1641836797861] noop
LOG 1641836797864 [L0]: [Received at 1641836797864] ( PLAY 25.knightThrough.1641836791187 (( move 3 2 4 4 ) noop ) )
LOG 1641836797865 [L0]: [Sent at 1641836797865] ( move 8 8 7 6 )
LOG 1641836797867 [L0]: [Received at 1641836797867] ( PLAY 25.knightThrough.1641836791187 (noop ( move 8 8 7 6 ) ) )
LOG 1641836797868 [L0]: [Sent at 1641836797868] noop
LOG 1641836797870 [L0]: [Received at 1641836797870] ( PLAY 25.knightThrough.1641836791187 (( move 1 3 2 5 ) noop ) )
LOG 1641836797871 [L0]: [Sent at 1641836797871] ( move 4 7 2 6 )
LOG 1641836797874 [L0]: [Received at 1641836797874] ( PLAY 25.knightThrough.1641836791187 (noop ( move 4 7 2 6 ) ) )
LOG 1641836797875 [L0]: [Sent at 1641836797875] noop
LOG 1641836797877 [L0]: [Received at 1641836797877] ( PLAY 25.knightThrough.1641836791187 (( move 2 5 1 7 ) noop ) )
LOG 1641836797879 [L0]: [Sent at 1641836797879] ( move 2 4 1 2 )
LOG 1641836797882 [L0]: [Received at 1641836797882] ( PLAY 25.knightThrough.1641836791187 (noop ( move 2 4 1 2 ) ) )
LOG 1641836797883 [L0]: [Sent at 1641836797883] noop
LOG 1641836797887 [L0]: [Received at 1641836797887] ( PLAY 25.knightThrough.1641836791187 (( move 8 2 6 3 ) noop ) )
LOG 1641836797888 [L0]: [Sent at 1641836797888] ( move 2 6 1 4 )
LOG 1641836797891 [L0]: [Received at 1641836797891] ( PLAY 25.knightThrough.1641836791187 (noop ( move 2 6 1 4 ) ) )
LOG 1641836797893 [L0]: [Sent at 1641836797893] noop
LOG 1641836797896 [L0]: [Received at 1641836797896] ( PLAY 25.knightThrough.1641836791187 (( move 3 1 2 3 ) noop ) )
LOG 1641836797898 [L0]: [Sent at 1641836797898] ( move 5 6 4 4 )
LOG 1641836797900 [L0]: [Received at 1641836797900] ( PLAY 25.knightThrough.1641836791187 (noop ( move 5 6 4 4 ) ) )
LOG 1641836797902 [L0]: [Sent at 1641836797902] noop
LOG 1641836797905 [L0]: [Received at 1641836797905] ( PLAY 25.knightThrough.1641836791187 (( move 6 5 4 6 ) noop ) )
LOG 1641836797906 [L0]: [Sent at 1641836797906] ( move 4 4 2 3 )
LOG 1641836797908 [L0]: [Received at 1641836797908] ( PLAY 25.knightThrough.1641836791187 (noop ( move 4 4 2 3 ) ) )
LOG 1641836797910 [L0]: [Sent at 1641836797910] noop
LOG 1641836797912 [L0]: [Received at 1641836797912] ( PLAY 25.knightThrough.1641836791187 (( move 7 2 5 3 ) noop ) )
LOG 1641836797913 [L0]: [Sent at 1641836797913] ( move 7 7 8 5 )
LOG 1641836797915 [L0]: [Received at 1641836797915] ( PLAY 25.knightThrough.1641836791187 (noop ( move 7 7 8 5 ) ) )
LOG 1641836797917 [L0]: [Sent at 1641836797917] noop
LOG 1641836797919 [L0]: [Received at 1641836797919] ( PLAY 25.knightThrough.1641836791187 (( move 6 3 4 4 ) noop ) )
LOG 1641836797920 [L0]: [Sent at 1641836797920] ( move 3 8 4 6 )
LOG 1641836797922 [L0]: [Received at 1641836797922] ( PLAY 25.knightThrough.1641836791187 (noop ( move 3 8 4 6 ) ) )
LOG 1641836797923 [L0]: [Sent at 1641836797923] noop
LOG 1641836797925 [L0]: [Received at 1641836797925] ( PLAY 25.knightThrough.1641836791187 (( move 5 2 3 3 ) noop ) )
LOG 1641836797927 [L0]: [Sent at 1641836797927] ( move 5 7 4 5 )
LOG 1641836797929 [L0]: [Received at 1641836797929] ( PLAY 25.knightThrough.1641836791187 (noop ( move 5 7 4 5 ) ) )
LOG 1641836797930 [L0]: [Sent at 1641836797930] noop
LOG 1641836797932 [L0]: [Received at 1641836797932] ( PLAY 25.knightThrough.1641836791187 (( move 1 1 3 2 ) noop ) )
LOG 1641836797933 [L0]: [Sent at 1641836797933] ( move 7 6 6 4 )
LOG 1641836797935 [L0]: [Received at 1641836797935] ( PLAY 25.knightThrough.1641836791187 (noop ( move 7 6 6 4 ) ) )
LOG 1641836797936 [L0]: [Sent at 1641836797936] noop
LOG 1641836797938 [L0]: [Received at 1641836797938] ( PLAY 25.knightThrough.1641836791187 (( move 3 3 1 4 ) noop ) )
LOG 1641836797939 [L0]: [Sent at 1641836797939] ( move 7 8 8 6 )
LOG 1641836797941 [L0]: [Received at 1641836797941] ( PLAY 25.knightThrough.1641836791187 (noop ( move 7 8 8 6 ) ) )
LOG 1641836797942 [L0]: [Sent at 1641836797942] noop
LOG 1641836797944 [L0]: [Received at 1641836797944] ( PLAY 25.knightThrough.1641836791187 (( move 6 1 8 2 ) noop ) )
LOG 1641836797945 [L0]: [Sent at 1641836797945] ( move 4 5 2 4 )
LOG 1641836797947 [L0]: [Received at 1641836797947] ( PLAY 25.knightThrough.1641836791187 (noop ( move 4 5 2 4 ) ) )
LOG 1641836797948 [L0]: [Sent at 1641836797948] noop
LOG 1641836798051 [L0]: [Received at 1641836798051] ( PLAY 25.knightThrough.1641836791187 (( move 4 3 3 5 ) noop ) )
LOG 1641836798053 [L0]: [Sent at 1641836798053] ( move 6 4 5 2 )
LOG 1641836798054 [L0]: [Received at 1641836798054] ( PLAY 25.knightThrough.1641836791187 (noop ( move 6 4 5 2 ) ) )
LOG 1641836798055 [L0]: [Sent at 1641836798055] noop
LOG 1641836798057 [L0]: [Received at 1641836798057] ( PLAY 25.knightThrough.1641836791187 (( move 5 3 7 4 ) noop ) )
LOG 1641836798058 [L0]: [Sent at 1641836798058] ( move 4 6 2 5 )
LOG 1641836798060 [L0]: [Received at 1641836798060] ( PLAY 25.knightThrough.1641836791187 (noop ( move 4 6 2 5 ) ) )
LOG 1641836798061 [L0]: [Sent at 1641836798061] noop
LOG 1641836798062 [L0]: [Received at 1641836798062] ( PLAY 25.knightThrough.1641836791187 (( move 3 2 1 3 ) noop ) )
LOG 1641836798064 [L0]: [Sent at 1641836798064] ( move 2 8 4 7 )
LOG 1641836798066 [L0]: [Received at 1641836798066] ( PLAY 25.knightThrough.1641836791187 (noop ( move 2 8 4 7 ) ) )
LOG 1641836798067 [L0]: [Sent at 1641836798067] noop
LOG 1641836798069 [L0]: [Received at 1641836798069] ( PLAY 25.knightThrough.1641836791187 (( move 5 4 4 6 ) noop ) )
LOG 1641836798070 [L0]: [Sent at 1641836798070] ( move 6 6 7 4 )
LOG 1641836798071 [L0]: [Received at 1641836798071] ( PLAY 25.knightThrough.1641836791187 (noop ( move 6 6 7 4 ) ) )
LOG 1641836798073 [L0]: [Sent at 1641836798073] noop
LOG 1641836798074 [L0]: [Received at 1641836798074] ( PLAY 25.knightThrough.1641836791187 (( move 7 1 8 3 ) noop ) )
LOG 1641836798076 [L0]: [Sent at 1641836798076] ( move 7 4 8 2 )
LOG 1641836798077 [L0]: [Received at 1641836798077] ( PLAY 25.knightThrough.1641836791187 (noop ( move 7 4 8 2 ) ) )
LOG 1641836798078 [L0]: [Sent at 1641836798078] noop
LOG 1641836798080 [L0]: [Received at 1641836798080] ( PLAY 25.knightThrough.1641836791187 (( move 4 4 3 6 ) noop ) )
LOG 1641836798082 [L0]: [Sent at 1641836798082] ( move 2 7 3 5 )
LOG 1641836798083 [L0]: [Received at 1641836798083] ( PLAY 25.knightThrough.1641836791187 (noop ( move 2 7 3 5 ) ) )
LOG 1641836798084 [L0]: [Sent at 1641836798084] noop
LOG 1641836798086 [L0]: [Received at 1641836798086] ( STOP 25.knightThrough.1641836791187 (( move 3 6 2 8 ) noop ) )
LOG 1641836798087 [L3]: Stopped logging to files at: Mon Jan 10 18:46:38 CET 2022
LOG 1641836798087 [L3]: LOG SEALED
