LOG 1641912131151 [L3]: Returning initial state machine.
LOG 1641912131152 [L3]: Returning PropNet state machine without cache.
LOG 1641912131153 [L3]: Starting metagame with available thinking time 4989ms.
LOG 1641912131155 [L3]: Starting search during metagame.
LOG 1641912136142 [L3]: Done searching during metagame.
LOG 1641912136145 [L3]: Starting move selection for game step 1 with available time 10000ms.
LOG 1641912136145 [L3]: Selecting move using MCTS.
LOG 1641912146145 [L3]: Returning MCTS move noop.
LOG 1641912146150 [L3]: Starting move selection for game step 2 with available time 10000ms.
LOG 1641912146164 [L3]: Selecting move using MCTS.
LOG 1641912156150 [L3]: Returning MCTS move ( drop 7 ).
LOG 1641912156153 [L3]: Starting move selection for game step 3 with available time 10000ms.
LOG 1641912156182 [L3]: Selecting move using MCTS.
LOG 1641912166153 [L3]: Returning MCTS move noop.
LOG 1641912166163 [L3]: Starting move selection for game step 4 with available time 10000ms.
LOG 1641912166202 [L3]: Selecting move using MCTS.
LOG 1641912176163 [L3]: Returning MCTS move ( drop 5 ).
LOG 1641912176166 [L3]: Starting move selection for game step 5 with available time 10000ms.
LOG 1641912176201 [L3]: Selecting move using MCTS.
LOG 1641912186166 [L3]: Returning MCTS move noop.
LOG 1641912186170 [L3]: Starting move selection for game step 6 with available time 10000ms.
LOG 1641912186206 [L3]: Selecting move using MCTS.
LOG 1641912196170 [L3]: Returning MCTS move ( drop 4 ).
LOG 1641912196180 [L3]: Starting move selection for game step 7 with available time 10000ms.
LOG 1641912196213 [L3]: Selecting move using MCTS.
LOG 1641912206180 [L3]: Returning MCTS move noop.
LOG 1641912206184 [L3]: Starting move selection for game step 8 with available time 10000ms.
LOG 1641912206217 [L3]: Selecting move using MCTS.
LOG 1641912216184 [L3]: Returning MCTS move ( drop 4 ).
LOG 1641912216187 [L3]: Starting move selection for game step 9 with available time 10000ms.
LOG 1641912216218 [L3]: Selecting move using MCTS.
LOG 1641912226187 [L3]: Returning MCTS move noop.
LOG 1641912226190 [L3]: Starting move selection for game step 10 with available time 10000ms.
LOG 1641912226224 [L3]: Selecting move using MCTS.
LOG 1641912236190 [L3]: Returning MCTS move ( drop 4 ).
LOG 1641912236194 [L3]: Starting move selection for game step 11 with available time 10000ms.
LOG 1641912236219 [L3]: Selecting move using MCTS.
LOG 1641912246194 [L3]: Returning MCTS move noop.
LOG 1641912246198 [L3]: Starting move selection for game step 12 with available time 10000ms.
LOG 1641912246225 [L3]: Selecting move using MCTS.
LOG 1641912256198 [L3]: Returning MCTS move ( drop 4 ).
