LOG 1641845722104 [L3]: Returning initial state machine.
LOG 1641845722104 [L3]: Returning PropNet state machine without cache.
LOG 1641845722105 [L3]: Starting metagame with available thinking time 4991ms.
LOG 1641845722106 [L3]: Starting search during metagame.
LOG 1641845727096 [L3]: Done searching during metagame.
LOG 1641845727098 [L3]: Starting move selection for game step 1 with available time 0ms.
LOG 1641845727099 [L3]: No time to select next move using MCTS. Returning random move ( block r6 c3 ).
LOG 1641845727101 [L3]: Starting move selection for game step 2 with available time 0ms.
LOG 1641845727102 [L3]: No time to select next move using MCTS. Returning random move ( mark r2 c2 ).
LOG 1641845727107 [L3]: Starting move selection for game step 3 with available time 0ms.
LOG 1641845727114 [L3]: No time to select next move using MCTS. Returning random move noop.
LOG 1641845727119 [L3]: Starting move selection for game step 4 with available time 0ms.
LOG 1641845727120 [L3]: No time to select next move using MCTS. Returning random move noop.
LOG 1641845727125 [L3]: Starting move selection for game step 5 with available time 0ms.
LOG 1641845727126 [L3]: No time to select next move using MCTS. Returning random move noop.
LOG 1641845727129 [L3]: Starting move selection for game step 6 with available time 0ms.
LOG 1641845727129 [L3]: No time to select next move using MCTS. Returning random move ( mark r5 c6 ).
LOG 1641845727134 [L3]: Starting move selection for game step 7 with available time 0ms.
LOG 1641845727134 [L3]: No time to select next move using MCTS. Returning random move noop.
LOG 1641845727139 [L3]: Starting move selection for game step 8 with available time 0ms.
LOG 1641845727140 [L3]: No time to select next move using MCTS. Returning random move ( block r2 c7 ).
LOG 1641845727222 [L3]: Starting move selection for game step 9 with available time 0ms.
LOG 1641845727222 [L3]: No time to select next move using MCTS. Returning random move ( block r4 c6 ).
LOG 1641845727225 [L3]: Starting move selection for game step 10 with available time 0ms.
LOG 1641845727225 [L3]: No time to select next move using MCTS. Returning random move ( mark r4 c1 ).
LOG 1641845727230 [L3]: Starting move selection for game step 11 with available time 0ms.
LOG 1641845727230 [L3]: No time to select next move using MCTS. Returning random move noop.
LOG 1641845727237 [L3]: Starting move selection for game step 12 with available time 0ms.
LOG 1641845727237 [L3]: No time to select next move using MCTS. Returning random move ( block r2 c1 ).
LOG 1641845727240 [L3]: Starting move selection for game step 13 with available time 0ms.
LOG 1641845727241 [L3]: No time to select next move using MCTS. Returning random move ( block r4 c4 ).
LOG 1641845727244 [L3]: Starting move selection for game step 14 with available time 0ms.
LOG 1641845727244 [L3]: No time to select next move using MCTS. Returning random move ( mark r7 c6 ).
LOG 1641845727252 [L3]: Starting move selection for game step 15 with available time 0ms.
LOG 1641845727252 [L3]: No time to select next move using MCTS. Returning random move noop.
LOG 1641845727266 [L3]: Starting move selection for game step 16 with available time 0ms.
LOG 1641845727266 [L3]: No time to select next move using MCTS. Returning random move ( mark r1 c5 ).
LOG 1641845727285 [L3]: Starting move selection for game step 17 with available time 0ms.
LOG 1641845727285 [L3]: No time to select next move using MCTS. Returning random move noop.
LOG 1641845727289 [L3]: Starting move selection for game step 18 with available time 0ms.
LOG 1641845727289 [L3]: No time to select next move using MCTS. Returning random move noop.
LOG 1641845727294 [L3]: Starting move selection for game step 19 with available time 0ms.
LOG 1641845727294 [L3]: No time to select next move using MCTS. Returning random move noop.
LOG 1641845727298 [L3]: Starting move selection for game step 20 with available time 0ms.
LOG 1641845727298 [L3]: No time to select next move using MCTS. Returning random move noop.
LOG 1641845727319 [L3]: Starting move selection for game step 21 with available time 0ms.
LOG 1641845727320 [L3]: No time to select next move using MCTS. Returning random move ( mark r6 c1 ).
LOG 1641845727340 [L3]: Starting move selection for game step 22 with available time 0ms.
LOG 1641845727340 [L3]: No time to select next move using MCTS. Returning random move noop.
LOG 1641845727379 [L3]: Starting move selection for game step 23 with available time 0ms.
LOG 1641845727379 [L3]: No time to select next move using MCTS. Returning random move ( mark r3 c6 ).
LOG 1641845727434 [L3]: Starting move selection for game step 24 with available time 0ms.
LOG 1641845727435 [L3]: No time to select next move using MCTS. Returning random move noop.
LOG 1641845727477 [L3]: Starting move selection for game step 25 with available time 0ms.
LOG 1641845727478 [L3]: No time to select next move using MCTS. Returning random move ( mark r1 c6 ).
LOG 1641845727568 [L3]: Starting move selection for game step 26 with available time 0ms.
LOG 1641845727568 [L3]: No time to select next move using MCTS. Returning random move noop.
LOG 1641845727659 [L3]: Starting move selection for game step 27 with available time 0ms.
LOG 1641845727659 [L3]: No time to select next move using MCTS. Returning random move ( mark r6 c2 ).
LOG 1641845727836 [L3]: Starting move selection for game step 28 with available time 0ms.
LOG 1641845727836 [L3]: No time to select next move using MCTS. Returning random move noop.
LOG 1641845727937 [L3]: Starting move selection for game step 29 with available time 0ms.
LOG 1641845727937 [L3]: No time to select next move using MCTS. Returning random move ( mark r3 c2 ).
LOG 1641845728079 [L3]: Starting move selection for game step 30 with available time 0ms.
LOG 1641845728079 [L3]: No time to select next move using MCTS. Returning random move noop.
LOG 1641845728237 [L3]: Starting move selection for game step 31 with available time 0ms.
LOG 1641845728237 [L3]: No time to select next move using MCTS. Returning random move ( mark r4 c5 ).
LOG 1641845728556 [L3]: Starting move selection for game step 32 with available time 0ms.
LOG 1641845728556 [L3]: No time to select next move using MCTS. Returning random move noop.
