LOG 1641924293238 [L3]: Started match logging at: Tue Jan 11 19:04:53 CET 2022
LOG 1641924293239 [L3]: Game rules: [( role white ), ( role black ), ( <= ( base ( cellHolds ?x ?y ?p ) ) ( index ?x ) ( index ?y ) ( role ?p ) ), ( <= ( base ( control ?p ) ) ( role ?p ) ), ( <= ( input ?p noop ) ( role ?p ) ), ( <= ( input white ( move ?x ?y1 ?x ?y2 ) ) ( index ?x ) ( succ ?y1 ?y2 ) ), ( <= ( input white ( move ?x1 ?y1 ?x2 ?y2 ) ) ( succ ?y1 ?y2 ) ( succ ?x1 ?x2 ) ), ( <= ( input white ( move ?x1 ?y1 ?x2 ?y2 ) ) ( succ ?y1 ?y2 ) ( succ ?x2 ?x1 ) ), ( <= ( input black ( move ?x ?y1 ?x ?y2 ) ) ( index ?x ) ( succ ?y2 ?y1 ) ), ( <= ( input black ( move ?x1 ?y1 ?x2 ?y2 ) ) ( succ ?y2 ?y1 ) ( succ ?x1 ?x2 ) ), ( <= ( input black ( move ?x1 ?y1 ?x2 ?y2 ) ) ( succ ?y2 ?y1 ) ( succ ?x2 ?x1 ) ), ( init ( cellHolds 1 1 white ) ), ( init ( cellHolds 2 1 white ) ), ( init ( cellHolds 3 1 white ) ), ( init ( cellHolds 4 1 white ) ), ( init ( cellHolds 5 1 white ) ), ( init ( cellHolds 6 1 white ) ), ( init ( cellHolds 7 1 white ) ), ( init ( cellHolds 8 1 white ) ), ( init ( cellHolds 1 2 white ) ), ( init ( cellHolds 2 2 white ) ), ( init ( cellHolds 3 2 white ) ), ( init ( cellHolds 4 2 white ) ), ( init ( cellHolds 5 2 white ) ), ( init ( cellHolds 6 2 white ) ), ( init ( cellHolds 7 2 white ) ), ( init ( cellHolds 8 2 white ) ), ( init ( cellHolds 1 7 black ) ), ( init ( cellHolds 2 7 black ) ), ( init ( cellHolds 3 7 black ) ), ( init ( cellHolds 4 7 black ) ), ( init ( cellHolds 5 7 black ) ), ( init ( cellHolds 6 7 black ) ), ( init ( cellHolds 7 7 black ) ), ( init ( cellHolds 8 7 black ) ), ( init ( cellHolds 1 8 black ) ), ( init ( cellHolds 2 8 black ) ), ( init ( cellHolds 3 8 black ) ), ( init ( cellHolds 4 8 black ) ), ( init ( cellHolds 5 8 black ) ), ( init ( cellHolds 6 8 black ) ), ( init ( cellHolds 7 8 black ) ), ( init ( cellHolds 8 8 black ) ), ( init ( control white ) ), ( <= ( legal white ( move ?x ?y1 ?x ?y2 ) ) ( true ( control white ) ) ( true ( cellHolds ?x ?y1 white ) ) ( succ ?y1 ?y2 ) ( cellEmpty ?x ?y2 ) ), ( <= ( legal white ( move ?x1 ?y1 ?x2 ?y2 ) ) ( true ( control white ) ) ( true ( cellHolds ?x1 ?y1 white ) ) ( succ ?y1 ?y2 ) ( succ ?x1 ?x2 ) ( not ( true ( cellHolds ?x2 ?y2 white ) ) ) ), ( <= ( legal white ( move ?x1 ?y1 ?x2 ?y2 ) ) ( true ( control white ) ) ( true ( cellHolds ?x1 ?y1 white ) ) ( succ ?y1 ?y2 ) ( succ ?x2 ?x1 ) ( not ( true ( cellHolds ?x2 ?y2 white ) ) ) ), ( <= ( legal black ( move ?x ?y1 ?x ?y2 ) ) ( true ( control black ) ) ( true ( cellHolds ?x ?y1 black ) ) ( succ ?y2 ?y1 ) ( cellEmpty ?x ?y2 ) ), ( <= ( legal black ( move ?x1 ?y1 ?x2 ?y2 ) ) ( true ( control black ) ) ( true ( cellHolds ?x1 ?y1 black ) ) ( succ ?y2 ?y1 ) ( succ ?x1 ?x2 ) ( not ( true ( cellHolds ?x2 ?y2 black ) ) ) ), ( <= ( legal black ( move ?x1 ?y1 ?x2 ?y2 ) ) ( true ( control black ) ) ( true ( cellHolds ?x1 ?y1 black ) ) ( succ ?y2 ?y1 ) ( succ ?x2 ?x1 ) ( not ( true ( cellHolds ?x2 ?y2 black ) ) ) ), ( <= ( legal white noop ) ( true ( control black ) ) ), ( <= ( legal black noop ) ( true ( control white ) ) ), ( <= ( next ( cellHolds ?x2 ?y2 ?player ) ) ( role ?player ) ( does ?player ( move ?x1 ?y1 ?x2 ?y2 ) ) ), ( <= ( next ( cellHolds ?x3 ?y3 ?state ) ) ( true ( cellHolds ?x3 ?y3 ?state ) ) ( role ?player ) ( does ?player ( move ?x1 ?y1 ?x2 ?y2 ) ) ( distinctCell ?x1 ?y1 ?x3 ?y3 ) ( distinctCell ?x2 ?y2 ?x3 ?y3 ) ), ( <= ( next ( control white ) ) ( true ( control black ) ) ), ( <= ( next ( control black ) ) ( true ( control white ) ) ), ( <= terminal whiteWin ), ( <= terminal blackWin ), ( <= ( goal white 100 ) whiteWin ), ( <= ( goal white 0 ) ( not whiteWin ) ), ( <= ( goal black 100 ) blackWin ), ( <= ( goal black 0 ) ( not blackWin ) ), ( <= ( cell ?x ?y ) ( index ?x ) ( index ?y ) ), ( <= ( cellEmpty ?x ?y ) ( cell ?x ?y ) ( not ( true ( cellHolds ?x ?y white ) ) ) ( not ( true ( cellHolds ?x ?y black ) ) ) ), ( <= ( distinctCell ?x1 ?y1 ?x2 ?y2 ) ( cell ?x1 ?y1 ) ( cell ?x2 ?y2 ) ( distinct ?x1 ?x2 ) ), ( <= ( distinctCell ?x1 ?y1 ?x2 ?y2 ) ( cell ?x1 ?y1 ) ( cell ?x2 ?y2 ) ( distinct ?y1 ?y2 ) ), ( <= whiteWin ( index ?x ) ( true ( cellHolds ?x 8 white ) ) ), ( <= blackWin ( index ?x ) ( true ( cellHolds ?x 1 black ) ) ), ( <= whiteWin ( not blackCell ) ), ( <= blackWin ( not whiteCell ) ), ( <= whiteCell ( cell ?x ?y ) ( true ( cellHolds ?x ?y white ) ) ), ( <= blackCell ( cell ?x ?y ) ( true ( cellHolds ?x ?y black ) ) ), ( index 1 ), ( index 2 ), ( index 3 ), ( index 4 ), ( index 5 ), ( index 6 ), ( index 7 ), ( index 8 ), ( succ 1 2 ), ( succ 2 3 ), ( succ 3 4 ), ( succ 4 5 ), ( succ 5 6 ), ( succ 6 7 ), ( succ 7 8 )]
LOG 1641924293246 [L3]: Start clock: 15
LOG 1641924293246 [L3]: Play clock: 20
LOG 1641924298239 [L0]: [Sent at 1641924298239] ready
LOG 1641924298241 [L0]: [Received at 1641924298241] ( PLAY 30.breakthrough.1641924293041 NIL )
LOG 1641924308242 [L0]: [Sent at 1641924308242] noop
LOG 1641924308245 [L0]: [Received at 1641924308245] ( PLAY 30.breakthrough.1641924293041 (( move 8 2 8 3 ) noop ) )
LOG 1641924318246 [L0]: [Sent at 1641924318246] ( move 3 7 4 6 )
LOG 1641924318248 [L0]: [Received at 1641924318248] ( PLAY 30.breakthrough.1641924293041 (noop ( move 3 7 4 6 ) ) )
LOG 1641924328257 [L0]: [Sent at 1641924328257] noop
LOG 1641924328259 [L0]: [Received at 1641924328259] ( PLAY 30.breakthrough.1641924293041 (( move 8 3 8 4 ) noop ) )
LOG 1641924338261 [L0]: [Sent at 1641924338261] ( move 2 7 1 6 )
LOG 1641924338276 [L0]: [Received at 1641924338276] ( PLAY 30.breakthrough.1641924293041 (noop ( move 2 7 1 6 ) ) )
LOG 1641924348279 [L0]: [Sent at 1641924348279] noop
LOG 1641924348282 [L0]: [Received at 1641924348282] ( PLAY 30.breakthrough.1641924293041 (( move 3 2 4 3 ) noop ) )
LOG 1641924358283 [L0]: [Sent at 1641924358283] ( move 4 6 5 5 )
LOG 1641924358287 [L0]: [Received at 1641924358287] ( PLAY 30.breakthrough.1641924293041 (noop ( move 4 6 5 5 ) ) )
LOG 1641924368288 [L0]: [Sent at 1641924368288] noop
LOG 1641924368290 [L0]: [Received at 1641924368290] ( PLAY 30.breakthrough.1641924293041 (( move 5 2 6 3 ) noop ) )
LOG 1641924378293 [L0]: [Sent at 1641924378293] ( move 5 5 4 4 )
LOG 1641924378295 [L0]: [Received at 1641924378295] ( PLAY 30.breakthrough.1641924293041 (noop ( move 5 5 4 4 ) ) )
LOG 1641924388295 [L0]: [Sent at 1641924388295] noop
LOG 1641924388308 [L0]: [Received at 1641924388308] ( PLAY 30.breakthrough.1641924293041 (( move 8 4 8 5 ) noop ) )
LOG 1641924398309 [L0]: [Sent at 1641924398309] ( move 4 4 3 3 )
LOG 1641924398312 [L0]: [Received at 1641924398312] ( PLAY 30.breakthrough.1641924293041 (noop ( move 4 4 3 3 ) ) )
LOG 1641924408313 [L0]: [Sent at 1641924408313] noop
LOG 1641924408317 [L0]: [Received at 1641924408317] ( PLAY 30.breakthrough.1641924293041 (( move 5 1 5 2 ) noop ) )
LOG 1641924418318 [L0]: [Sent at 1641924418318] ( move 3 3 4 2 )
LOG 1641924418321 [L0]: [Received at 1641924418321] ( PLAY 30.breakthrough.1641924293041 (noop ( move 3 3 4 2 ) ) )
LOG 1641924428323 [L0]: [Sent at 1641924428323] noop
LOG 1641924428327 [L0]: [Received at 1641924428327] ( PLAY 30.breakthrough.1641924293041 (( move 2 2 2 3 ) noop ) )
LOG 1641924438327 [L0]: [Sent at 1641924438327] ( move 4 2 3 1 )
LOG 1641924438332 [L0]: [Received at 1641924438332] ( STOP 30.breakthrough.1641924293041 (noop ( move 4 2 3 1 ) ) )
LOG 1641924438333 [L3]: Stopped logging to files at: Tue Jan 11 19:07:18 CET 2022
LOG 1641924438333 [L3]: LOG SEALED
