LOG 1641924293247 [L3]: Returning initial state machine.
LOG 1641924293247 [L3]: Returning PropNet state machine without cache.
LOG 1641924293248 [L3]: Starting metagame with available thinking time 4990ms.
LOG 1641924293249 [L3]: Starting search during metagame.
LOG 1641924298238 [L3]: Done searching during metagame.
LOG 1641924298241 [L3]: Starting move selection for game step 1 with available time 10000ms.
LOG 1641924298242 [L3]: Selecting move using MCTS.
LOG 1641924308241 [L3]: Returning MCTS move noop.
LOG 1641924308245 [L3]: Starting move selection for game step 2 with available time 10000ms.
LOG 1641924308247 [L3]: Selecting move using MCTS.
LOG 1641924318245 [L3]: Returning MCTS move ( move 3 7 4 6 ).
LOG 1641924318249 [L3]: Starting move selection for game step 3 with available time 10000ms.
LOG 1641924318257 [L3]: Selecting move using MCTS.
LOG 1641924328249 [L3]: Returning MCTS move noop.
LOG 1641924328260 [L3]: Starting move selection for game step 4 with available time 10000ms.
LOG 1641924328264 [L3]: Selecting move using MCTS.
LOG 1641924338260 [L3]: Returning MCTS move ( move 2 7 1 6 ).
LOG 1641924338277 [L3]: Starting move selection for game step 5 with available time 10000ms.
LOG 1641924338280 [L3]: Selecting move using MCTS.
LOG 1641924348278 [L3]: Returning MCTS move noop.
LOG 1641924348282 [L3]: Starting move selection for game step 6 with available time 10000ms.
LOG 1641924348286 [L3]: Selecting move using MCTS.
LOG 1641924358282 [L3]: Returning MCTS move ( move 4 6 5 5 ).
LOG 1641924358287 [L3]: Starting move selection for game step 7 with available time 10000ms.
LOG 1641924358291 [L3]: Selecting move using MCTS.
LOG 1641924368287 [L3]: Returning MCTS move noop.
LOG 1641924368291 [L3]: Starting move selection for game step 8 with available time 10000ms.
LOG 1641924368294 [L3]: Selecting move using MCTS.
LOG 1641924378291 [L3]: Returning MCTS move ( move 5 5 4 4 ).
LOG 1641924378295 [L3]: Starting move selection for game step 9 with available time 10000ms.
LOG 1641924378299 [L3]: Selecting move using MCTS.
LOG 1641924388295 [L3]: Returning MCTS move noop.
LOG 1641924388309 [L3]: Starting move selection for game step 10 with available time 10000ms.
LOG 1641924388313 [L3]: Selecting move using MCTS.
LOG 1641924398309 [L3]: Returning MCTS move ( move 4 4 3 3 ).
LOG 1641924398312 [L3]: Starting move selection for game step 11 with available time 10000ms.
LOG 1641924398316 [L3]: Selecting move using MCTS.
LOG 1641924408312 [L3]: Returning MCTS move noop.
LOG 1641924408317 [L3]: Starting move selection for game step 12 with available time 10000ms.
LOG 1641924408321 [L3]: Selecting move using MCTS.
LOG 1641924418317 [L3]: Returning MCTS move ( move 3 3 4 2 ).
LOG 1641924418322 [L3]: Starting move selection for game step 13 with available time 10000ms.
LOG 1641924418326 [L3]: Selecting move using MCTS.
LOG 1641924428322 [L3]: Returning MCTS move noop.
LOG 1641924428327 [L3]: Starting move selection for game step 14 with available time 10000ms.
LOG 1641924428331 [L3]: Selecting move using MCTS.
LOG 1641924438327 [L3]: Returning MCTS move ( move 4 2 3 1 ).
