LOG 1641833415246 [L3]: Returning initial state machine.
LOG 1641833415246 [L3]: Returning PropNet state machine without cache.
LOG 1641833415247 [L3]: Starting metagame with available thinking time 4991ms.
LOG 1641833415249 [L3]: Starting search during metagame.
LOG 1641833420238 [L3]: Done searching during metagame.
LOG 1641833420242 [L3]: Starting move selection for game step 1 with available time 0ms.
LOG 1641833420242 [L3]: No time to select next move using MCTS. Returning random move noop.
LOG 1641833420246 [L3]: Starting move selection for game step 2 with available time 0ms.
LOG 1641833420253 [L3]: No time to select next move using MCTS. Returning random move ( drop 2 ).
LOG 1641833420257 [L3]: Starting move selection for game step 3 with available time 0ms.
LOG 1641833420269 [L3]: No time to select next move using MCTS. Returning random move noop.
LOG 1641833420296 [L3]: Starting move selection for game step 4 with available time 0ms.
LOG 1641833420304 [L3]: No time to select next move using MCTS. Returning random move ( drop 4 ).
LOG 1641833420309 [L3]: Starting move selection for game step 5 with available time 0ms.
LOG 1641833420309 [L3]: No time to select next move using MCTS. Returning random move noop.
LOG 1641833420312 [L3]: Starting move selection for game step 6 with available time 0ms.
LOG 1641833420313 [L3]: No time to select next move using MCTS. Returning random move ( drop 3 ).
LOG 1641833420316 [L3]: Starting move selection for game step 7 with available time 0ms.
LOG 1641833420316 [L3]: No time to select next move using MCTS. Returning random move noop.
LOG 1641833420321 [L3]: Starting move selection for game step 8 with available time 0ms.
LOG 1641833420321 [L3]: No time to select next move using MCTS. Returning random move ( drop 5 ).
LOG 1641833420325 [L3]: Starting move selection for game step 9 with available time 0ms.
LOG 1641833420325 [L3]: No time to select next move using MCTS. Returning random move noop.
LOG 1641833420329 [L3]: Starting move selection for game step 10 with available time 0ms.
LOG 1641833420329 [L3]: No time to select next move using MCTS. Returning random move ( drop 4 ).
LOG 1641833420332 [L3]: Starting move selection for game step 11 with available time 0ms.
LOG 1641833420333 [L3]: No time to select next move using MCTS. Returning random move noop.
LOG 1641833420337 [L3]: Starting move selection for game step 12 with available time 0ms.
LOG 1641833420338 [L3]: No time to select next move using MCTS. Returning random move ( drop 1 ).
LOG 1641833420341 [L3]: Starting move selection for game step 13 with available time 0ms.
LOG 1641833420341 [L3]: No time to select next move using MCTS. Returning random move noop.
LOG 1641833420345 [L3]: Starting move selection for game step 14 with available time 0ms.
LOG 1641833420345 [L3]: No time to select next move using MCTS. Returning random move ( drop 1 ).
LOG 1641833420349 [L3]: Starting move selection for game step 15 with available time 0ms.
LOG 1641833420349 [L3]: No time to select next move using MCTS. Returning random move noop.
LOG 1641833420354 [L3]: Starting move selection for game step 16 with available time 0ms.
LOG 1641833420354 [L3]: No time to select next move using MCTS. Returning random move ( drop 7 ).
LOG 1641833420358 [L3]: Starting move selection for game step 17 with available time 0ms.
LOG 1641833420359 [L3]: No time to select next move using MCTS. Returning random move noop.
LOG 1641833420363 [L3]: Starting move selection for game step 18 with available time 0ms.
LOG 1641833420363 [L3]: No time to select next move using MCTS. Returning random move ( drop 6 ).
LOG 1641833420366 [L3]: Starting move selection for game step 19 with available time 0ms.
LOG 1641833420367 [L3]: No time to select next move using MCTS. Returning random move noop.
LOG 1641833420372 [L3]: Starting move selection for game step 20 with available time 0ms.
LOG 1641833420372 [L3]: No time to select next move using MCTS. Returning random move ( drop 5 ).
LOG 1641833420376 [L3]: Starting move selection for game step 21 with available time 0ms.
LOG 1641833420377 [L3]: No time to select next move using MCTS. Returning random move noop.
LOG 1641833420380 [L3]: Starting move selection for game step 22 with available time 0ms.
LOG 1641833420381 [L3]: No time to select next move using MCTS. Returning random move ( drop 3 ).
LOG 1641833420384 [L3]: Starting move selection for game step 23 with available time 0ms.
LOG 1641833420385 [L3]: No time to select next move using MCTS. Returning random move noop.
LOG 1641833420390 [L3]: Starting move selection for game step 24 with available time 0ms.
LOG 1641833420390 [L3]: No time to select next move using MCTS. Returning random move ( drop 3 ).
LOG 1641833420394 [L3]: Starting move selection for game step 25 with available time 0ms.
LOG 1641833420394 [L3]: No time to select next move using MCTS. Returning random move noop.
LOG 1641833420398 [L3]: Starting move selection for game step 26 with available time 0ms.
LOG 1641833420399 [L3]: No time to select next move using MCTS. Returning random move ( drop 3 ).
LOG 1641833420403 [L3]: Starting move selection for game step 27 with available time 0ms.
LOG 1641833420403 [L3]: No time to select next move using MCTS. Returning random move noop.
LOG 1641833420407 [L3]: Starting move selection for game step 28 with available time 0ms.
LOG 1641833420407 [L3]: No time to select next move using MCTS. Returning random move ( drop 5 ).
LOG 1641833420411 [L3]: Starting move selection for game step 29 with available time 0ms.
LOG 1641833420411 [L3]: No time to select next move using MCTS. Returning random move noop.
LOG 1641833420415 [L3]: Starting move selection for game step 30 with available time 0ms.
LOG 1641833420415 [L3]: No time to select next move using MCTS. Returning random move ( drop 7 ).
LOG 1641833420419 [L3]: Starting move selection for game step 31 with available time 0ms.
LOG 1641833420420 [L3]: No time to select next move using MCTS. Returning random move noop.
