LOG 1641907046698 [L3]: Started match logging at: Tue Jan 11 14:17:26 CET 2022
LOG 1641907046705 [L3]: Game rules: [( role white ), ( role red ), ( init ( cell 1 0 dirt ) ), ( init ( cell 2 0 dirt ) ), ( init ( cell 3 0 dirt ) ), ( init ( cell 4 0 dirt ) ), ( init ( cell 5 0 dirt ) ), ( init ( cell 6 0 dirt ) ), ( init ( cell 7 0 dirt ) ), ( init ( cell 1 1 b ) ), ( init ( cell 1 2 b ) ), ( init ( cell 1 3 b ) ), ( init ( cell 1 4 b ) ), ( init ( cell 1 5 b ) ), ( init ( cell 1 6 b ) ), ( init ( cell 2 1 b ) ), ( init ( cell 2 2 b ) ), ( init ( cell 2 3 b ) ), ( init ( cell 2 4 b ) ), ( init ( cell 2 5 b ) ), ( init ( cell 2 6 b ) ), ( init ( cell 3 1 b ) ), ( init ( cell 3 2 b ) ), ( init ( cell 3 3 b ) ), ( init ( cell 3 4 b ) ), ( init ( cell 3 5 b ) ), ( init ( cell 3 6 b ) ), ( init ( cell 4 1 b ) ), ( init ( cell 4 2 b ) ), ( init ( cell 4 3 b ) ), ( init ( cell 4 4 b ) ), ( init ( cell 4 5 b ) ), ( init ( cell 4 6 b ) ), ( init ( cell 5 1 b ) ), ( init ( cell 5 2 b ) ), ( init ( cell 5 3 b ) ), ( init ( cell 5 4 b ) ), ( init ( cell 5 5 b ) ), ( init ( cell 5 6 b ) ), ( init ( cell 6 1 b ) ), ( init ( cell 6 2 b ) ), ( init ( cell 6 3 b ) ), ( init ( cell 6 4 b ) ), ( init ( cell 6 5 b ) ), ( init ( cell 6 6 b ) ), ( init ( cell 7 1 b ) ), ( init ( cell 7 2 b ) ), ( init ( cell 7 3 b ) ), ( init ( cell 7 4 b ) ), ( init ( cell 7 5 b ) ), ( init ( cell 7 6 b ) ), ( init ( control white ) ), ( <= ( empty ?c ?h ) ( true ( cell ?c ?h b ) ) ), ( <= ( filled ?c ?h ) ( true ( cell ?c ?h dirt ) ) ), ( <= ( filled ?c ?h ) ( true ( cell ?c ?h w ) ) ), ( <= ( filled ?c ?h ) ( true ( cell ?c ?h r ) ) ), ( <= ( next ( cell ?c ?h2 w ) ) ( does white ( drop ?c ) ) ( true ( cell ?c ?h2 b ) ) ( filled ?c ?h1 ) ( succ ?h1 ?h2 ) ), ( <= ( next ( cell ?c ?h2 r ) ) ( does red ( drop ?c ) ) ( true ( cell ?c ?h2 b ) ) ( filled ?c ?h1 ) ( succ ?h1 ?h2 ) ), ( <= ( next ( cell ?x ?y ?z ) ) ( true ( cell ?x ?y ?z ) ) ( distinct ?z b ) ), ( <= ( next ( cell ?c2 ?y b ) ) ( does ?w ( drop ?c1 ) ) ( true ( cell ?c2 ?y b ) ) ( distinct ?c1 ?c2 ) ), ( <= ( next ( cell ?c ?y2 b ) ) ( true ( cell ?c ?y1 b ) ) ( distinct ?y1 6 ) ( succ ?y1 ?y2 ) ), ( <= ( next ( control white ) ) ( true ( control red ) ) ), ( <= ( next ( control red ) ) ( true ( control white ) ) ), ( <= ( row ?z ) ( true ( cell ?x1 ?y ?z ) ) ( distinct ?z b ) ( distinct ?z dirt ) ( succ ?x1 ?x2 ) ( true ( cell ?x2 ?y ?z ) ) ( succ ?x2 ?x3 ) ( true ( cell ?x3 ?y ?z ) ) ( succ ?x3 ?x4 ) ( true ( cell ?x4 ?y ?z ) ) ), ( <= ( column ?z ) ( true ( cell ?x ?y1 ?z ) ) ( distinct ?z b ) ( succ ?y1 ?y2 ) ( true ( cell ?x ?y2 ?z ) ) ( succ ?y2 ?y3 ) ( true ( cell ?x ?y3 ?z ) ) ( succ ?y3 ?y4 ) ( true ( cell ?x ?y4 ?z ) ) ), ( <= ( diag ?z ) ( true ( cell ?x1 ?y1 ?z ) ) ( distinct ?z b ) ( succ ?x1 ?x2 ) ( succ ?y1 ?y2 ) ( true ( cell ?x2 ?y2 ?z ) ) ( succ ?x2 ?x3 ) ( succ ?y2 ?y3 ) ( true ( cell ?x3 ?y3 ?z ) ) ( succ ?x3 ?x4 ) ( succ ?y3 ?y4 ) ( true ( cell ?x4 ?y4 ?z ) ) ), ( <= ( diag ?z ) ( true ( cell ?x1 ?y1 ?z ) ) ( distinct ?z b ) ( succ ?x1 ?x2 ) ( succ ?y2 ?y1 ) ( true ( cell ?x2 ?y2 ?z ) ) ( succ ?x2 ?x3 ) ( succ ?y3 ?y2 ) ( true ( cell ?x3 ?y3 ?z ) ) ( succ ?x3 ?x4 ) ( succ ?y4 ?y3 ) ( true ( cell ?x4 ?y4 ?z ) ) ), ( <= ( line ?x ) ( row ?x ) ), ( <= ( line ?x ) ( column ?x ) ), ( <= ( line ?x ) ( diag ?x ) ), ( <= open ( empty ?c ?h ) ), ( <= terminal ( line r ) ), ( <= terminal ( line w ) ), ( <= terminal ( not open ) ), ( <= ( legal ?w ( drop ?c ) ) ( true ( cell ?c ?y2 b ) ) ( filled ?c ?y1 ) ( succ ?y1 ?y2 ) ( true ( control ?w ) ) ), ( <= ( legal white noop ) ( true ( control red ) ) ), ( <= ( legal red noop ) ( true ( control white ) ) ), ( <= ( goal white 100 ) ( line w ) ), ( <= ( goal white 50 ) ( not ( line r ) ) ( not ( line w ) ) ( not open ) ), ( <= ( goal white 0 ) ( line r ) ), ( <= ( goal red 100 ) ( line r ) ), ( <= ( goal red 50 ) ( not ( line r ) ) ( not ( line w ) ) ( not open ) ), ( <= ( goal red 0 ) ( line w ) ), ( <= ( goal ?w 70 ) ( role ?w ) ( not ( line r ) ) ( not ( line w ) ) open ), ( <= ( lte 0 ?x ) ( number ?x ) ), ( <= ( lte ?x ?x ) ( number ?x ) ), ( <= ( lte ?x ?z ) ( succ ?y ?z ) ( lte ?x ?y ) ), ( <= ( lte ?x ?y ) ( succ ?x ?y ) ), ( number 0 ), ( number 1 ), ( number 2 ), ( number 3 ), ( number 4 ), ( number 5 ), ( number 6 ), ( number 7 ), ( number 8 ), ( succ 0 1 ), ( succ 1 2 ), ( succ 2 3 ), ( succ 3 4 ), ( succ 4 5 ), ( succ 5 6 ), ( succ 6 7 ), ( succ 7 8 )]
LOG 1641907046706 [L3]: Start clock: 15
LOG 1641907046706 [L3]: Play clock: 20
LOG 1641907051698 [L0]: [Sent at 1641907051698] ready
LOG 1641907051700 [L0]: [Received at 1641907051700] ( PLAY 39.connect4.1641907046645 NIL )
LOG 1641907061700 [L0]: [Sent at 1641907061700] ( drop 4 )
LOG 1641907061702 [L0]: [Received at 1641907061702] ( PLAY 39.connect4.1641907046645 (( drop 4 ) noop ) )
LOG 1641907071989 [L0]: [Sent at 1641907071989] noop
LOG 1641907071991 [L0]: [Received at 1641907071991] ( PLAY 39.connect4.1641907046645 (noop ( drop 3 ) ) )
LOG 1641907081992 [L0]: [Sent at 1641907081992] ( drop 4 )
LOG 1641907081994 [L0]: [Received at 1641907081994] ( PLAY 39.connect4.1641907046645 (( drop 4 ) noop ) )
LOG 1641907091994 [L0]: [Sent at 1641907091994] noop
LOG 1641907091997 [L0]: [Received at 1641907091997] ( PLAY 39.connect4.1641907046645 (noop ( drop 4 ) ) )
LOG 1641907101997 [L0]: [Sent at 1641907101997] ( drop 4 )
LOG 1641907102000 [L0]: [Received at 1641907102000] ( PLAY 39.connect4.1641907046645 (( drop 4 ) noop ) )
LOG 1641907112000 [L0]: [Sent at 1641907112000] noop
LOG 1641907112003 [L0]: [Received at 1641907112003] ( PLAY 39.connect4.1641907046645 (noop ( drop 6 ) ) )
LOG 1641907122003 [L0]: [Sent at 1641907122003] ( drop 3 )
LOG 1641907122006 [L0]: [Received at 1641907122006] ( PLAY 39.connect4.1641907046645 (( drop 3 ) noop ) )
LOG 1641907132006 [L0]: [Sent at 1641907132006] noop
LOG 1641907132009 [L0]: [Received at 1641907132009] ( PLAY 39.connect4.1641907046645 (noop ( drop 7 ) ) )
LOG 1641907142009 [L0]: [Sent at 1641907142009] ( drop 6 )
LOG 1641907142012 [L0]: [Received at 1641907142012] ( PLAY 39.connect4.1641907046645 (( drop 6 ) noop ) )
LOG 1641907152012 [L0]: [Sent at 1641907152012] noop
LOG 1641907152015 [L0]: [Received at 1641907152015] ( PLAY 39.connect4.1641907046645 (noop ( drop 6 ) ) )
LOG 1641907162015 [L0]: [Sent at 1641907162015] ( drop 1 )
LOG 1641907162018 [L0]: [Received at 1641907162018] ( PLAY 39.connect4.1641907046645 (( drop 1 ) noop ) )
LOG 1641907172018 [L0]: [Sent at 1641907172018] noop
LOG 1641907172021 [L0]: [Received at 1641907172021] ( PLAY 39.connect4.1641907046645 (noop ( drop 7 ) ) )
LOG 1641907182021 [L0]: [Sent at 1641907182021] ( drop 7 )
LOG 1641907182045 [L0]: [Received at 1641907182045] ( PLAY 39.connect4.1641907046645 (( drop 7 ) noop ) )
LOG 1641907192045 [L0]: [Sent at 1641907192045] noop
LOG 1641907192048 [L0]: [Received at 1641907192048] ( PLAY 39.connect4.1641907046645 (noop ( drop 1 ) ) )
LOG 1641907202048 [L0]: [Sent at 1641907202048] ( drop 1 )
LOG 1641907202051 [L0]: [Received at 1641907202051] ( PLAY 39.connect4.1641907046645 (( drop 1 ) noop ) )
LOG 1641907212051 [L0]: [Sent at 1641907212051] noop
LOG 1641907212054 [L0]: [Received at 1641907212054] ( PLAY 39.connect4.1641907046645 (noop ( drop 1 ) ) )
LOG 1641907222054 [L0]: [Sent at 1641907222054] ( drop 4 )
LOG 1641907222057 [L0]: [Received at 1641907222057] ( PLAY 39.connect4.1641907046645 (( drop 4 ) noop ) )
LOG 1641907232058 [L0]: [Sent at 1641907232058] noop
LOG 1641907232061 [L0]: [Received at 1641907232061] ( PLAY 39.connect4.1641907046645 (noop ( drop 6 ) ) )
LOG 1641907242061 [L0]: [Sent at 1641907242061] ( drop 6 )
LOG 1641907242064 [L0]: [Received at 1641907242064] ( PLAY 39.connect4.1641907046645 (( drop 6 ) noop ) )
LOG 1641907252064 [L0]: [Sent at 1641907252064] noop
LOG 1641907252067 [L0]: [Received at 1641907252067] ( PLAY 39.connect4.1641907046645 (noop ( drop 4 ) ) )
LOG 1641907262067 [L0]: [Sent at 1641907262067] ( drop 1 )
LOG 1641907262070 [L0]: [Received at 1641907262070] ( PLAY 39.connect4.1641907046645 (( drop 1 ) noop ) )
LOG 1641907272070 [L0]: [Sent at 1641907272070] noop
LOG 1641907272073 [L0]: [Received at 1641907272073] ( PLAY 39.connect4.1641907046645 (noop ( drop 3 ) ) )
LOG 1641907282073 [L0]: [Sent at 1641907282073] ( drop 3 )
LOG 1641907282076 [L0]: [Received at 1641907282076] ( PLAY 39.connect4.1641907046645 (( drop 3 ) noop ) )
LOG 1641907292077 [L0]: [Sent at 1641907292077] noop
LOG 1641907292080 [L0]: [Received at 1641907292080] ( PLAY 39.connect4.1641907046645 (noop ( drop 3 ) ) )
LOG 1641907302080 [L0]: [Sent at 1641907302080] ( drop 6 )
LOG 1641907302083 [L0]: [Received at 1641907302083] ( PLAY 39.connect4.1641907046645 (( drop 6 ) noop ) )
LOG 1641907312083 [L0]: [Sent at 1641907312083] noop
LOG 1641907312086 [L0]: [Received at 1641907312086] ( PLAY 39.connect4.1641907046645 (noop ( drop 2 ) ) )
LOG 1641907322086 [L0]: [Sent at 1641907322086] ( drop 3 )
LOG 1641907322089 [L0]: [Received at 1641907322089] ( PLAY 39.connect4.1641907046645 (( drop 3 ) noop ) )
LOG 1641907332089 [L0]: [Sent at 1641907332089] noop
LOG 1641907332092 [L0]: [Received at 1641907332092] ( PLAY 39.connect4.1641907046645 (noop ( drop 7 ) ) )
LOG 1641907342092 [L0]: [Sent at 1641907342092] ( drop 7 )
LOG 1641907342095 [L0]: [Received at 1641907342095] ( PLAY 39.connect4.1641907046645 (( drop 7 ) noop ) )
LOG 1641907352096 [L0]: [Sent at 1641907352096] noop
LOG 1641907352099 [L0]: [Received at 1641907352099] ( PLAY 39.connect4.1641907046645 (noop ( drop 2 ) ) )
LOG 1641907362099 [L0]: [Sent at 1641907362099] ( drop 2 )
LOG 1641907362102 [L0]: [Received at 1641907362102] ( PLAY 39.connect4.1641907046645 (( drop 2 ) noop ) )
LOG 1641907372102 [L0]: [Sent at 1641907372102] noop
LOG 1641907372105 [L0]: [Received at 1641907372105] ( PLAY 39.connect4.1641907046645 (noop ( drop 2 ) ) )
LOG 1641907382106 [L0]: [Sent at 1641907382106] ( drop 7 )
LOG 1641907382109 [L0]: [Received at 1641907382109] ( PLAY 39.connect4.1641907046645 (( drop 7 ) noop ) )
LOG 1641907392109 [L0]: [Sent at 1641907392109] noop
LOG 1641907392112 [L0]: [Received at 1641907392112] ( PLAY 39.connect4.1641907046645 (noop ( drop 2 ) ) )
LOG 1641907402112 [L0]: [Sent at 1641907402112] ( drop 2 )
LOG 1641907402115 [L0]: [Received at 1641907402115] ( PLAY 39.connect4.1641907046645 (( drop 2 ) noop ) )
LOG 1641907412116 [L0]: [Sent at 1641907412116] noop
LOG 1641907412119 [L0]: [Received at 1641907412119] ( PLAY 39.connect4.1641907046645 (noop ( drop 5 ) ) )
LOG 1641907422119 [L0]: [Sent at 1641907422119] ( drop 1 )
LOG 1641907422122 [L0]: [Received at 1641907422122] ( PLAY 39.connect4.1641907046645 (( drop 1 ) noop ) )
LOG 1641907432123 [L0]: [Sent at 1641907432123] noop
LOG 1641907432126 [L0]: [Received at 1641907432126] ( PLAY 39.connect4.1641907046645 (noop ( drop 5 ) ) )
LOG 1641907442126 [L0]: [Sent at 1641907442126] ( drop 5 )
LOG 1641907442129 [L0]: [Received at 1641907442129] ( PLAY 39.connect4.1641907046645 (( drop 5 ) noop ) )
LOG 1641907452129 [L0]: [Sent at 1641907452129] noop
LOG 1641907452132 [L0]: [Received at 1641907452132] ( PLAY 39.connect4.1641907046645 (noop ( drop 5 ) ) )
LOG 1641907462132 [L0]: [Sent at 1641907462132] ( drop 5 )
LOG 1641907462139 [L0]: [Received at 1641907462139] ( STOP 39.connect4.1641907046645 (( drop 5 ) noop ) )
LOG 1641907462140 [L3]: Stopped logging to files at: Tue Jan 11 14:24:22 CET 2022
LOG 1641907462141 [L3]: LOG SEALED
