LOG 1641852418053 [L3]: Returning initial state machine.
LOG 1641852418054 [L3]: Returning PropNet state machine without cache.
LOG 1641852418054 [L3]: Starting metagame with available thinking time 4990ms.
LOG 1641852418056 [L3]: Starting search during metagame.
LOG 1641852423044 [L3]: Done searching during metagame.
LOG 1641852423047 [L3]: Starting move selection for game step 1 with available time 10000ms.
LOG 1641852423047 [L3]: Selecting move using MCTS.
LOG 1641852433047 [L3]: Returning MCTS move ( drop 4 ).
LOG 1641852433050 [L3]: Starting move selection for game step 2 with available time 10000ms.
LOG 1641852433056 [L3]: Selecting move using MCTS.
LOG 1641852443050 [L3]: Returning MCTS move noop.
LOG 1641852443054 [L3]: Starting move selection for game step 3 with available time 10000ms.
LOG 1641852443070 [L3]: Selecting move using MCTS.
LOG 1641852453054 [L3]: Returning MCTS move ( drop 3 ).
LOG 1641852453063 [L3]: Starting move selection for game step 4 with available time 10000ms.
LOG 1641852453082 [L3]: Selecting move using MCTS.
LOG 1641852463063 [L3]: Returning MCTS move noop.
LOG 1641852463066 [L3]: Starting move selection for game step 5 with available time 10000ms.
LOG 1641852463086 [L3]: Selecting move using MCTS.
LOG 1641852473066 [L3]: Returning MCTS move ( drop 4 ).
LOG 1641852473069 [L3]: Starting move selection for game step 6 with available time 10000ms.
LOG 1641852473083 [L3]: Selecting move using MCTS.
LOG 1641852483069 [L3]: Returning MCTS move noop.
LOG 1641852483072 [L3]: Starting move selection for game step 7 with available time 10000ms.
LOG 1641852483091 [L3]: Selecting move using MCTS.
LOG 1641852493072 [L3]: Returning MCTS move ( drop 3 ).
LOG 1641852493076 [L3]: Starting move selection for game step 8 with available time 10000ms.
LOG 1641852493091 [L3]: Selecting move using MCTS.
LOG 1641852503076 [L3]: Returning MCTS move noop.
LOG 1641852503080 [L3]: Starting move selection for game step 9 with available time 10000ms.
LOG 1641852503097 [L3]: Selecting move using MCTS.
LOG 1641852513080 [L3]: Returning MCTS move ( drop 5 ).
LOG 1641852513083 [L3]: Starting move selection for game step 10 with available time 10000ms.
LOG 1641852513097 [L3]: Selecting move using MCTS.
LOG 1641852523083 [L3]: Returning MCTS move noop.
LOG 1641852523086 [L3]: Starting move selection for game step 11 with available time 10000ms.
LOG 1641852523104 [L3]: Selecting move using MCTS.
LOG 1641852533086 [L3]: Returning MCTS move ( drop 6 ).
