LOG 1641836657234 [L3]: Started match logging at: Mon Jan 10 18:44:17 CET 2022
LOG 1641836657242 [L3]: Game rules: [( role white ), ( role black ), ( <= ( base ( cell ?x ?y ?p ) ) ( index ?x ) ( index ?y ) ( role ?p ) ), ( <= ( base ( control ?p ) ) ( role ?p ) ), ( <= ( input ?p noop ) ( role ?p ) ), ( <= ( input ?p ( move ?x1 ?y1 ?x2 ?y2 ) ) ( role ?p ) ( index ?x1 ) ( index ?x2 ) ( index ?y1 ) ( index ?y2 ) ), ( init ( cell 1 1 white ) ), ( init ( cell 2 1 white ) ), ( init ( cell 3 1 white ) ), ( init ( cell 4 1 white ) ), ( init ( cell 5 1 white ) ), ( init ( cell 6 1 white ) ), ( init ( cell 7 1 white ) ), ( init ( cell 8 1 white ) ), ( init ( cell 1 2 white ) ), ( init ( cell 2 2 white ) ), ( init ( cell 3 2 white ) ), ( init ( cell 4 2 white ) ), ( init ( cell 5 2 white ) ), ( init ( cell 6 2 white ) ), ( init ( cell 7 2 white ) ), ( init ( cell 8 2 white ) ), ( init ( cell 1 7 black ) ), ( init ( cell 2 7 black ) ), ( init ( cell 3 7 black ) ), ( init ( cell 4 7 black ) ), ( init ( cell 5 7 black ) ), ( init ( cell 6 7 black ) ), ( init ( cell 7 7 black ) ), ( init ( cell 8 7 black ) ), ( init ( cell 1 8 black ) ), ( init ( cell 2 8 black ) ), ( init ( cell 3 8 black ) ), ( init ( cell 4 8 black ) ), ( init ( cell 5 8 black ) ), ( init ( cell 6 8 black ) ), ( init ( cell 7 8 black ) ), ( init ( cell 8 8 black ) ), ( init ( control white ) ), ( <= ( legal white noop ) ( true ( control black ) ) ), ( <= ( legal black noop ) ( true ( control white ) ) ), ( <= ( legal white ( move ?x1 ?y1 ?x2 ?y2 ) ) ( true ( control white ) ) ( true ( cell ?x1 ?y1 white ) ) ( whiteknightmove ?x1 ?y1 ?x2 ?y2 ) ( not ( true ( cell ?x2 ?y2 white ) ) ) ), ( <= ( legal black ( move ?x1 ?y1 ?x2 ?y2 ) ) ( true ( control black ) ) ( true ( cell ?x1 ?y1 black ) ) ( blackknightmove ?x1 ?y1 ?x2 ?y2 ) ( not ( true ( cell ?x2 ?y2 black ) ) ) ), ( <= ( next ( cell ?x ?y ?state ) ) ( true ( cell ?x ?y ?state ) ) ( does ?player ( move ?x1 ?y1 ?x2 ?y2 ) ) ( distinctcell ?x ?y ?x1 ?y1 ) ( distinctcell ?x ?y ?x2 ?y2 ) ), ( <= ( next ( cell ?x2 ?y2 ?player ) ) ( does ?player ( move ?x1 ?y1 ?x2 ?y2 ) ) ), ( <= ( next ( control black ) ) ( true ( control white ) ) ), ( <= ( next ( control white ) ) ( true ( control black ) ) ), ( <= terminal whitewin ), ( <= terminal blackwin ), ( <= ( goal white 100 ) whitewin ), ( <= ( goal white 0 ) blackwin ), ( <= ( goal black 100 ) blackwin ), ( <= ( goal black 0 ) whitewin ), ( <= whitewin ( index ?x ) ( true ( cell ?x 8 white ) ) ), ( <= blackwin ( index ?x ) ( true ( cell ?x 1 black ) ) ), ( <= whitewin ( not ( hasAnyPiece black ) ) ), ( <= blackwin ( not ( hasAnyPiece white ) ) ), ( <= ( hasAnyPiece ?player ) ( true ( cell ?x ?y ?player ) ) ), ( <= ( whiteknightmove ?x1 ?y1 ?x2 ?y2 ) ( plus 1 ?x1 ?x2 ) ( plus 2 ?y1 ?y2 ) ), ( <= ( whiteknightmove ?x1 ?y1 ?x2 ?y2 ) ( plus 1 ?x2 ?x1 ) ( plus 2 ?y1 ?y2 ) ), ( <= ( whiteknightmove ?x1 ?y1 ?x2 ?y2 ) ( plus 2 ?x1 ?x2 ) ( plus 1 ?y1 ?y2 ) ), ( <= ( whiteknightmove ?x1 ?y1 ?x2 ?y2 ) ( plus 2 ?x2 ?x1 ) ( plus 1 ?y1 ?y2 ) ), ( <= ( blackknightmove ?x1 ?y1 ?x2 ?y2 ) ( plus 1 ?x1 ?x2 ) ( plus 2 ?y2 ?y1 ) ), ( <= ( blackknightmove ?x1 ?y1 ?x2 ?y2 ) ( plus 1 ?x2 ?x1 ) ( plus 2 ?y2 ?y1 ) ), ( <= ( blackknightmove ?x1 ?y1 ?x2 ?y2 ) ( plus 2 ?x1 ?x2 ) ( plus 1 ?y2 ?y1 ) ), ( <= ( blackknightmove ?x1 ?y1 ?x2 ?y2 ) ( plus 2 ?x2 ?x1 ) ( plus 1 ?y2 ?y1 ) ), ( <= ( cell ?x ?y ) ( index ?x ) ( index ?y ) ), ( <= ( distinctcell ?x1 ?y1 ?x2 ?y2 ) ( cell ?x1 ?y1 ) ( cell ?x2 ?y2 ) ( distinct ?x1 ?x2 ) ), ( <= ( distinctcell ?x1 ?y1 ?x2 ?y2 ) ( cell ?x1 ?y1 ) ( cell ?x2 ?y2 ) ( distinct ?y1 ?y2 ) ), ( index 1 ), ( index 2 ), ( index 3 ), ( index 4 ), ( index 5 ), ( index 6 ), ( index 7 ), ( index 8 ), ( plus 1 1 2 ), ( plus 1 2 3 ), ( plus 1 3 4 ), ( plus 1 4 5 ), ( plus 1 5 6 ), ( plus 1 6 7 ), ( plus 1 7 8 ), ( plus 2 1 3 ), ( plus 2 2 4 ), ( plus 2 3 5 ), ( plus 2 4 6 ), ( plus 2 5 7 ), ( plus 2 6 8 )]
LOG 1641836657243 [L3]: Start clock: 15
LOG 1641836657243 [L3]: Play clock: 10
LOG 1641836662234 [L0]: [Sent at 1641836662234] ready
LOG 1641836662237 [L0]: [Received at 1641836662237] ( PLAY 5.knightThrough.1641836655467 NIL )
LOG 1641836662238 [L0]: [Sent at 1641836662238] ( move 8 2 6 3 )
LOG 1641836662241 [L0]: [Received at 1641836662241] ( PLAY 5.knightThrough.1641836655467 (( move 8 2 6 3 ) noop ) )
LOG 1641836662245 [L0]: [Sent at 1641836662245] noop
LOG 1641836662249 [L0]: [Received at 1641836662249] ( PLAY 5.knightThrough.1641836655467 (noop ( move 2 7 1 5 ) ) )
LOG 1641836662260 [L0]: [Sent at 1641836662260] ( move 6 1 7 3 )
LOG 1641836662264 [L0]: [Received at 1641836662264] ( PLAY 5.knightThrough.1641836655467 (( move 6 1 7 3 ) noop ) )
LOG 1641836662270 [L0]: [Sent at 1641836662270] noop
LOG 1641836662276 [L0]: [Received at 1641836662276] ( PLAY 5.knightThrough.1641836655467 (noop ( move 5 7 6 5 ) ) )
LOG 1641836662277 [L0]: [Sent at 1641836662277] ( move 6 2 5 4 )
LOG 1641836662279 [L0]: [Received at 1641836662279] ( PLAY 5.knightThrough.1641836655467 (( move 6 2 5 4 ) noop ) )
LOG 1641836662281 [L0]: [Sent at 1641836662281] noop
LOG 1641836662283 [L0]: [Received at 1641836662283] ( PLAY 5.knightThrough.1641836655467 (noop ( move 6 7 7 5 ) ) )
LOG 1641836662284 [L0]: [Sent at 1641836662284] ( move 6 3 8 4 )
LOG 1641836662286 [L0]: [Received at 1641836662286] ( PLAY 5.knightThrough.1641836655467 (( move 6 3 8 4 ) noop ) )
LOG 1641836662288 [L0]: [Sent at 1641836662288] noop
LOG 1641836662290 [L0]: [Received at 1641836662290] ( PLAY 5.knightThrough.1641836655467 (noop ( move 4 8 3 6 ) ) )
LOG 1641836662292 [L0]: [Sent at 1641836662292] ( move 3 2 5 3 )
LOG 1641836662294 [L0]: [Received at 1641836662294] ( PLAY 5.knightThrough.1641836655467 (( move 3 2 5 3 ) noop ) )
LOG 1641836662296 [L0]: [Sent at 1641836662296] noop
LOG 1641836662299 [L0]: [Received at 1641836662299] ( PLAY 5.knightThrough.1641836655467 (noop ( move 7 7 8 5 ) ) )
LOG 1641836662301 [L0]: [Sent at 1641836662301] ( move 5 1 6 3 )
LOG 1641836662303 [L0]: [Received at 1641836662303] ( PLAY 5.knightThrough.1641836655467 (( move 5 1 6 3 ) noop ) )
LOG 1641836662305 [L0]: [Sent at 1641836662305] noop
LOG 1641836662308 [L0]: [Received at 1641836662308] ( PLAY 5.knightThrough.1641836655467 (noop ( move 8 5 7 3 ) ) )
LOG 1641836662309 [L0]: [Sent at 1641836662309] ( move 4 2 2 3 )
LOG 1641836662311 [L0]: [Received at 1641836662311] ( PLAY 5.knightThrough.1641836655467 (( move 4 2 2 3 ) noop ) )
LOG 1641836662313 [L0]: [Sent at 1641836662313] noop
LOG 1641836662316 [L0]: [Received at 1641836662316] ( PLAY 5.knightThrough.1641836655467 (noop ( move 4 7 2 6 ) ) )
LOG 1641836662318 [L0]: [Sent at 1641836662318] ( move 5 4 3 5 )
LOG 1641836662320 [L0]: [Received at 1641836662320] ( PLAY 5.knightThrough.1641836655467 (( move 5 4 3 5 ) noop ) )
LOG 1641836662322 [L0]: [Sent at 1641836662322] noop
LOG 1641836662324 [L0]: [Received at 1641836662324] ( PLAY 5.knightThrough.1641836655467 (noop ( move 8 8 6 7 ) ) )
LOG 1641836662325 [L0]: [Sent at 1641836662325] ( move 3 1 4 3 )
LOG 1641836662328 [L0]: [Received at 1641836662328] ( PLAY 5.knightThrough.1641836655467 (( move 3 1 4 3 ) noop ) )
LOG 1641836662329 [L0]: [Sent at 1641836662329] noop
LOG 1641836662331 [L0]: [Received at 1641836662331] ( PLAY 5.knightThrough.1641836655467 (noop ( move 7 5 6 3 ) ) )
LOG 1641836662333 [L0]: [Sent at 1641836662333] ( move 4 3 5 5 )
LOG 1641836662335 [L0]: [Received at 1641836662335] ( PLAY 5.knightThrough.1641836655467 (( move 4 3 5 5 ) noop ) )
LOG 1641836662336 [L0]: [Sent at 1641836662336] noop
LOG 1641836662338 [L0]: [Received at 1641836662338] ( PLAY 5.knightThrough.1641836655467 (noop ( move 7 8 8 6 ) ) )
LOG 1641836662340 [L0]: [Sent at 1641836662340] ( move 2 2 4 3 )
LOG 1641836662342 [L0]: [Received at 1641836662342] ( PLAY 5.knightThrough.1641836655467 (( move 2 2 4 3 ) noop ) )
LOG 1641836662343 [L0]: [Sent at 1641836662343] noop
LOG 1641836662345 [L0]: [Received at 1641836662345] ( PLAY 5.knightThrough.1641836655467 (noop ( move 6 7 5 5 ) ) )
LOG 1641836662346 [L0]: [Sent at 1641836662346] ( move 5 3 7 4 )
LOG 1641836662349 [L0]: [Received at 1641836662349] ( PLAY 5.knightThrough.1641836655467 (( move 5 3 7 4 ) noop ) )
LOG 1641836662350 [L0]: [Sent at 1641836662350] noop
LOG 1641836662352 [L0]: [Received at 1641836662352] ( PLAY 5.knightThrough.1641836655467 (noop ( move 8 6 7 4 ) ) )
LOG 1641836662353 [L0]: [Sent at 1641836662353] ( move 8 4 7 6 )
LOG 1641836662355 [L0]: [Received at 1641836662355] ( PLAY 5.knightThrough.1641836655467 (( move 8 4 7 6 ) noop ) )
LOG 1641836662357 [L0]: [Sent at 1641836662357] noop
LOG 1641836662359 [L0]: [Received at 1641836662359] ( PLAY 5.knightThrough.1641836655467 (noop ( move 3 7 1 6 ) ) )
LOG 1641836662360 [L0]: [Sent at 1641836662360] ( move 8 1 6 2 )
LOG 1641836662388 [L0]: [Received at 1641836662388] ( PLAY 5.knightThrough.1641836655467 (( move 8 1 6 2 ) noop ) )
LOG 1641836662389 [L0]: [Sent at 1641836662389] noop
LOG 1641836662391 [L0]: [Received at 1641836662391] ( PLAY 5.knightThrough.1641836655467 (noop ( move 6 3 8 2 ) ) )
LOG 1641836662392 [L0]: [Sent at 1641836662392] ( move 7 6 6 8 )
LOG 1641836662395 [L0]: [Received at 1641836662395] ( STOP 5.knightThrough.1641836655467 (( move 7 6 6 8 ) noop ) )
LOG 1641836662395 [L3]: Stopped logging to files at: Mon Jan 10 18:44:22 CET 2022
LOG 1641836662395 [L3]: LOG SEALED
