LOG 1641836650171 [L3]: Returning initial state machine.
LOG 1641836650171 [L3]: Returning PropNet state machine without cache.
LOG 1641836650172 [L3]: Starting metagame with available thinking time 4990ms.
LOG 1641836650175 [L3]: Starting search during metagame.
LOG 1641836655162 [L3]: Done searching during metagame.
LOG 1641836655165 [L3]: Starting move selection for game step 1 with available time 0ms.
LOG 1641836655165 [L3]: No time to select next move using MCTS. Returning random move noop.
LOG 1641836655170 [L3]: Starting move selection for game step 2 with available time 0ms.
LOG 1641836655176 [L3]: No time to select next move using MCTS. Returning random move ( move 8 8 7 6 ).
LOG 1641836655180 [L3]: Starting move selection for game step 3 with available time 0ms.
LOG 1641836655192 [L3]: No time to select next move using MCTS. Returning random move noop.
LOG 1641836655197 [L3]: Starting move selection for game step 4 with available time 0ms.
LOG 1641836655207 [L3]: No time to select next move using MCTS. Returning random move ( move 5 7 6 5 ).
LOG 1641836655211 [L3]: Starting move selection for game step 5 with available time 0ms.
LOG 1641836655212 [L3]: No time to select next move using MCTS. Returning random move noop.
LOG 1641836655215 [L3]: Starting move selection for game step 6 with available time 0ms.
LOG 1641836655216 [L3]: No time to select next move using MCTS. Returning random move ( move 7 6 6 4 ).
LOG 1641836655221 [L3]: Starting move selection for game step 7 with available time 0ms.
LOG 1641836655221 [L3]: No time to select next move using MCTS. Returning random move noop.
LOG 1641836655226 [L3]: Starting move selection for game step 8 with available time 0ms.
LOG 1641836655226 [L3]: No time to select next move using MCTS. Returning random move ( move 6 5 7 3 ).
LOG 1641836655231 [L3]: Starting move selection for game step 9 with available time 0ms.
LOG 1641836655231 [L3]: No time to select next move using MCTS. Returning random move noop.
LOG 1641836655235 [L3]: Starting move selection for game step 10 with available time 0ms.
LOG 1641836655235 [L3]: No time to select next move using MCTS. Returning random move ( move 3 8 5 7 ).
LOG 1641836655267 [L3]: Starting move selection for game step 11 with available time 0ms.
LOG 1641836655268 [L3]: No time to select next move using MCTS. Returning random move noop.
LOG 1641836655272 [L3]: Starting move selection for game step 12 with available time 0ms.
LOG 1641836655272 [L3]: No time to select next move using MCTS. Returning random move ( move 2 7 4 6 ).
LOG 1641836655278 [L3]: Starting move selection for game step 13 with available time -1ms.
LOG 1641836655278 [L3]: No time to select next move using MCTS. Returning random move noop.
LOG 1641836655282 [L3]: Starting move selection for game step 14 with available time 0ms.
LOG 1641836655282 [L3]: No time to select next move using MCTS. Returning random move ( move 6 7 8 6 ).
LOG 1641836655287 [L3]: Starting move selection for game step 15 with available time 0ms.
LOG 1641836655287 [L3]: No time to select next move using MCTS. Returning random move noop.
LOG 1641836655290 [L3]: Starting move selection for game step 16 with available time 0ms.
LOG 1641836655291 [L3]: No time to select next move using MCTS. Returning random move ( move 4 6 3 4 ).
LOG 1641836655294 [L3]: Starting move selection for game step 17 with available time 0ms.
LOG 1641836655294 [L3]: No time to select next move using MCTS. Returning random move noop.
LOG 1641836655298 [L3]: Starting move selection for game step 18 with available time 0ms.
LOG 1641836655298 [L3]: No time to select next move using MCTS. Returning random move ( move 3 7 4 5 ).
LOG 1641836655302 [L3]: Starting move selection for game step 19 with available time 0ms.
LOG 1641836655302 [L3]: No time to select next move using MCTS. Returning random move noop.
LOG 1641836655307 [L3]: Starting move selection for game step 20 with available time 0ms.
LOG 1641836655307 [L3]: No time to select next move using MCTS. Returning random move ( move 7 8 6 6 ).
LOG 1641836655311 [L3]: Starting move selection for game step 21 with available time 0ms.
LOG 1641836655311 [L3]: No time to select next move using MCTS. Returning random move noop.
LOG 1641836655315 [L3]: Starting move selection for game step 22 with available time 0ms.
LOG 1641836655315 [L3]: No time to select next move using MCTS. Returning random move ( move 7 7 6 5 ).
LOG 1641836655319 [L3]: Starting move selection for game step 23 with available time 0ms.
LOG 1641836655319 [L3]: No time to select next move using MCTS. Returning random move noop.
LOG 1641836655322 [L3]: Starting move selection for game step 24 with available time 0ms.
LOG 1641836655322 [L3]: No time to select next move using MCTS. Returning random move ( move 4 8 2 7 ).
LOG 1641836655326 [L3]: Starting move selection for game step 25 with available time 0ms.
LOG 1641836655327 [L3]: No time to select next move using MCTS. Returning random move noop.
LOG 1641836655330 [L3]: Starting move selection for game step 26 with available time 0ms.
LOG 1641836655330 [L3]: No time to select next move using MCTS. Returning random move ( move 3 4 5 3 ).
LOG 1641836655334 [L3]: Starting move selection for game step 27 with available time 0ms.
LOG 1641836655334 [L3]: No time to select next move using MCTS. Returning random move noop.
LOG 1641836655337 [L3]: Starting move selection for game step 28 with available time 0ms.
LOG 1641836655338 [L3]: No time to select next move using MCTS. Returning random move ( move 5 8 3 7 ).
LOG 1641836655341 [L3]: Starting move selection for game step 29 with available time 0ms.
LOG 1641836655342 [L3]: No time to select next move using MCTS. Returning random move noop.
LOG 1641836655346 [L3]: Starting move selection for game step 30 with available time 0ms.
LOG 1641836655346 [L3]: No time to select next move using MCTS. Returning random move ( move 1 8 2 6 ).
LOG 1641836655351 [L3]: Starting move selection for game step 31 with available time 0ms.
LOG 1641836655351 [L3]: No time to select next move using MCTS. Returning random move noop.
LOG 1641836655355 [L3]: Starting move selection for game step 32 with available time 0ms.
LOG 1641836655356 [L3]: No time to select next move using MCTS. Returning random move ( move 1 7 3 6 ).
LOG 1641836655360 [L3]: Starting move selection for game step 33 with available time 0ms.
LOG 1641836655360 [L3]: No time to select next move using MCTS. Returning random move noop.
LOG 1641836655363 [L3]: Starting move selection for game step 34 with available time 0ms.
LOG 1641836655363 [L3]: No time to select next move using MCTS. Returning random move ( move 8 7 7 5 ).
LOG 1641836655367 [L3]: Starting move selection for game step 35 with available time 0ms.
LOG 1641836655367 [L3]: No time to select next move using MCTS. Returning random move noop.
LOG 1641836655371 [L3]: Starting move selection for game step 36 with available time 0ms.
LOG 1641836655372 [L3]: No time to select next move using MCTS. Returning random move ( move 2 6 1 4 ).
LOG 1641836655375 [L3]: Starting move selection for game step 37 with available time 0ms.
LOG 1641836655376 [L3]: No time to select next move using MCTS. Returning random move noop.
LOG 1641836655380 [L3]: Starting move selection for game step 38 with available time 0ms.
LOG 1641836655380 [L3]: No time to select next move using MCTS. Returning random move ( move 4 7 5 5 ).
LOG 1641836655384 [L3]: Starting move selection for game step 39 with available time 0ms.
LOG 1641836655385 [L3]: No time to select next move using MCTS. Returning random move noop.
LOG 1641836655388 [L3]: Starting move selection for game step 40 with available time 0ms.
LOG 1641836655388 [L3]: No time to select next move using MCTS. Returning random move ( move 5 3 7 2 ).
LOG 1641836655391 [L3]: Starting move selection for game step 41 with available time 0ms.
LOG 1641836655392 [L3]: No time to select next move using MCTS. Returning random move noop.
LOG 1641836655395 [L3]: Starting move selection for game step 42 with available time 0ms.
LOG 1641836655396 [L3]: No time to select next move using MCTS. Returning random move ( move 5 7 7 6 ).
LOG 1641836655399 [L3]: Starting move selection for game step 43 with available time 0ms.
LOG 1641836655399 [L3]: No time to select next move using MCTS. Returning random move noop.
LOG 1641836655403 [L3]: Starting move selection for game step 44 with available time 0ms.
LOG 1641836655403 [L3]: No time to select next move using MCTS. Returning random move ( move 6 5 4 4 ).
LOG 1641836655406 [L3]: Starting move selection for game step 45 with available time 0ms.
LOG 1641836655406 [L3]: No time to select next move using MCTS. Returning random move noop.
LOG 1641836655409 [L3]: Starting move selection for game step 46 with available time 0ms.
LOG 1641836655409 [L3]: No time to select next move using MCTS. Returning random move ( move 5 5 6 3 ).
LOG 1641836655412 [L3]: Starting move selection for game step 47 with available time 0ms.
LOG 1641836655413 [L3]: No time to select next move using MCTS. Returning random move noop.
LOG 1641836655416 [L3]: Starting move selection for game step 48 with available time 0ms.
LOG 1641836655417 [L3]: No time to select next move using MCTS. Returning random move ( move 6 3 8 2 ).
LOG 1641836655419 [L3]: Starting move selection for game step 49 with available time 0ms.
LOG 1641836655420 [L3]: No time to select next move using MCTS. Returning random move noop.
LOG 1641836655422 [L3]: Starting move selection for game step 50 with available time 0ms.
LOG 1641836655423 [L3]: No time to select next move using MCTS. Returning random move ( move 8 6 6 5 ).
LOG 1641836655425 [L3]: Starting move selection for game step 51 with available time 0ms.
LOG 1641836655425 [L3]: No time to select next move using MCTS. Returning random move noop.
LOG 1641836655428 [L3]: Starting move selection for game step 52 with available time 0ms.
LOG 1641836655428 [L3]: No time to select next move using MCTS. Returning random move ( move 2 8 3 6 ).
LOG 1641836655431 [L3]: Starting move selection for game step 53 with available time 0ms.
LOG 1641836655432 [L3]: No time to select next move using MCTS. Returning random move noop.
LOG 1641836655435 [L3]: Starting move selection for game step 54 with available time 0ms.
LOG 1641836655435 [L3]: No time to select next move using MCTS. Returning random move ( move 6 8 5 6 ).
LOG 1641836655438 [L3]: Starting move selection for game step 55 with available time 0ms.
LOG 1641836655438 [L3]: No time to select next move using MCTS. Returning random move noop.
LOG 1641836655441 [L3]: Starting move selection for game step 56 with available time 0ms.
LOG 1641836655442 [L3]: No time to select next move using MCTS. Returning random move ( move 3 7 4 5 ).
LOG 1641836655445 [L3]: Starting move selection for game step 57 with available time 0ms.
LOG 1641836655445 [L3]: No time to select next move using MCTS. Returning random move noop.
LOG 1641836655448 [L3]: Starting move selection for game step 58 with available time 0ms.
LOG 1641836655448 [L3]: No time to select next move using MCTS. Returning random move ( move 7 2 5 1 ).
