LOG 1641844784655 [L3]: Started match logging at: Mon Jan 10 20:59:44 CET 2022
LOG 1641844784656 [L3]: Game rules: [( role x ), ( role o ), ( init ( quad x 12 ) ), ( init ( quad o 12 ) ), ( init ( white x 5 ) ), ( init ( white o 5 ) ), ( init ( cell r1 c2 b ) ), ( init ( cell r1 c3 b ) ), ( init ( cell r1 c4 b ) ), ( init ( cell r1 c5 b ) ), ( init ( cell r1 c6 b ) ), ( init ( cell r2 c1 b ) ), ( init ( cell r2 c2 b ) ), ( init ( cell r2 c3 b ) ), ( init ( cell r2 c4 b ) ), ( init ( cell r2 c5 b ) ), ( init ( cell r2 c6 b ) ), ( init ( cell r2 c7 b ) ), ( init ( cell r3 c1 b ) ), ( init ( cell r3 c2 b ) ), ( init ( cell r3 c3 b ) ), ( init ( cell r3 c4 b ) ), ( init ( cell r3 c5 b ) ), ( init ( cell r3 c6 b ) ), ( init ( cell r3 c7 b ) ), ( init ( cell r4 c1 b ) ), ( init ( cell r4 c2 b ) ), ( init ( cell r4 c3 b ) ), ( init ( cell r4 c4 b ) ), ( init ( cell r4 c5 b ) ), ( init ( cell r4 c6 b ) ), ( init ( cell r4 c7 b ) ), ( init ( cell r5 c1 b ) ), ( init ( cell r5 c2 b ) ), ( init ( cell r5 c3 b ) ), ( init ( cell r5 c4 b ) ), ( init ( cell r5 c5 b ) ), ( init ( cell r5 c6 b ) ), ( init ( cell r5 c7 b ) ), ( init ( cell r6 c1 b ) ), ( init ( cell r6 c2 b ) ), ( init ( cell r6 c3 b ) ), ( init ( cell r6 c4 b ) ), ( init ( cell r6 c5 b ) ), ( init ( cell r6 c6 b ) ), ( init ( cell r6 c7 b ) ), ( init ( cell r7 c2 b ) ), ( init ( cell r7 c3 b ) ), ( init ( cell r7 c4 b ) ), ( init ( cell r7 c5 b ) ), ( init ( cell r7 c6 b ) ), ( init ( control x ) ), ( ncol c1 c2 ), ( ncol c2 c3 ), ( ncol c3 c4 ), ( ncol c4 c5 ), ( ncol c5 c6 ), ( ncol c6 c7 ), ( nrow r1 r2 ), ( nrow r2 r3 ), ( nrow r3 r4 ), ( nrow r4 r5 ), ( nrow r5 r6 ), ( nrow r6 r7 ), ( <= ( prow ?x ?y ) ( nrow ?y ?x ) ), ( <= ( pcol ?x ?y ) ( ncol ?y ?x ) ), ( succ 0 1 ), ( succ 1 2 ), ( succ 2 3 ), ( succ 3 4 ), ( succ 4 5 ), ( succ 5 6 ), ( succ 6 7 ), ( succ 7 8 ), ( succ 8 9 ), ( succ 9 10 ), ( succ 10 11 ), ( succ 11 12 ), ( succ 12 13 ), ( succ 13 14 ), ( succ 14 15 ), ( succ 15 16 ), ( succ 16 17 ), ( succ 17 18 ), ( succ 18 19 ), ( succ 19 20 ), ( <= ( legal ?player ( mark ?x ?y ) ) ( true ( cell ?x ?y b ) ) ( true ( control ?player ) ) ), ( <= ( legal ?player ( block ?x ?y ) ) ( true ( cell ?x ?y b ) ) ( true ( control ?player ) ) ( true ( white ?player ?c ) ) ( distinct ?c 0 ) ), ( <= ( legal x noop ) ( true ( control o ) ) ), ( <= ( legal o noop ) ( true ( control x ) ) ), ( <= ( next ( cell ?m ?n ?p ) ) ( does ?p ( mark ?m ?n ) ) ), ( <= ( next ( cell ?m ?n w ) ) ( does ?p ( block ?m ?n ) ) ), ( <= ( next ( cell ?m ?n ?p ) ) ( true ( cell ?m ?n ?p ) ) ( distinct ?p b ) ), ( <= ( next ( cell ?m ?n b ) ) ( does ?W ( mark ?j ?k ) ) ( true ( cell ?m ?n b ) ) ( distinct ?m ?j ) ), ( <= ( next ( cell ?m ?n b ) ) ( does ?W ( mark ?j ?k ) ) ( true ( cell ?m ?n b ) ) ( distinct ?n ?k ) ), ( <= ( next ( cell ?m ?n b ) ) ( does ?W ( block ?j ?k ) ) ( true ( cell ?m ?n b ) ) ( distinct ?m ?j ) ), ( <= ( next ( cell ?m ?n b ) ) ( does ?W ( block ?j ?k ) ) ( true ( cell ?m ?n b ) ) ( distinct ?n ?k ) ), ( <= ( next ( quad ?p ?c ) ) ( true ( control ?q ) ) ( true ( quad ?p ?c ) ) ( distinct ?p ?q ) ), ( <= ( next ( white ?p ?c ) ) ( true ( control ?q ) ) ( true ( white ?p ?c ) ) ( distinct ?p ?q ) ), ( <= ( next ( quad ?p ?c ) ) ( does ?p ( mark ?j ?k ) ) ( true ( quad ?p ?c1 ) ) ( succ ?c ?c1 ) ), ( <= ( next ( white ?p ?c ) ) ( does ?p ( block ?j ?k ) ) ( true ( white ?p ?c1 ) ) ( succ ?c ?c1 ) ), ( <= ( next ( quad ?p ?c ) ) ( does ?p ( block ?j ?k ) ) ( true ( quad ?p ?c ) ) ), ( <= ( next ( white ?p ?c ) ) ( does ?p ( mark ?j ?k ) ) ( true ( white ?p ?c ) ) ), ( <= ( next ( control x ) ) ( does o ( mark ?j ?k ) ) ( true ( control o ) ) ), ( <= ( next ( control o ) ) ( does x ( mark ?j ?k ) ) ( true ( control x ) ) ), ( <= ( next ( control ?p ) ) ( does ?p ( block ?j ?k ) ) ( true ( control ?p ) ) ), ( <= ( square ?x1 ?y1 ?x1 ?y2 ?x2 ?y1 ?x2 ?y2 ) ( ncol ?y1 ?y2 ) ( nrow ?x1 ?x2 ) ), ( <= ( square ?x1 ?y1 ?x1 ?y2 ?x2 ?y1 ?x2 ?y2 ) ( ncol ?y3 ?y2 ) ( nrow ?x3 ?x2 ) ( square ?x1 ?y1 ?x1 ?y3 ?x3 ?y1 ?x3 ?y3 ) ), ( <= ( square ?x1 ?y1 ?x2 ?y2 ?x3 ?y3 ?x4 ?y4 ) ( prow ?x2p ?x2 ) ( ncol ?y3n ?y3 ) ( prow ?x4p ?x4 ) ( ncol ?y4n ?y4 ) ( square ?x1 ?y1 ?x2p ?y2 ?x3 ?y3n ?x4p ?y4n ) ), ( <= win ( true ( cell ?x1 ?y1 x ) ) ( true ( cell ?x2 ?y2 x ) ) ( true ( cell ?x3 ?y3 x ) ) ( true ( cell ?x4 ?y4 x ) ) ( square ?x1 ?y1 ?x2 ?y2 ?x3 ?y3 ?x4 ?y4 ) ), ( <= lose ( true ( cell ?x1 ?y1 o ) ) ( true ( cell ?x2 ?y2 o ) ) ( true ( cell ?x3 ?y3 o ) ) ( true ( cell ?x4 ?y4 o ) ) ( square ?x1 ?y1 ?x2 ?y2 ?x3 ?y3 ?x4 ?y4 ) ), ( <= winByOpenQuad ( not lose ) ( not open ) ( true ( cell ?x1 ?y1 x ) ) ( true ( cell ?x2 ?y2 x ) ) ( true ( cell ?x3 ?y3 x ) ) ( true ( cell ?x4 ?y4 b ) ) ( square ?x1 ?y1 ?x2 ?y2 ?x3 ?y3 ?x4 ?y4 ) ), ( <= winByOpenQuad ( not lose ) ( not open ) ( true ( cell ?x1 ?y1 x ) ) ( true ( cell ?x2 ?y2 b ) ) ( true ( cell ?x3 ?y3 x ) ) ( true ( cell ?x4 ?y4 x ) ) ( square ?x1 ?y1 ?x2 ?y2 ?x3 ?y3 ?x4 ?y4 ) ), ( <= winByOpenQuad ( not lose ) ( not open ) ( true ( cell ?x1 ?y1 x ) ) ( true ( cell ?x2 ?y2 x ) ) ( true ( cell ?x3 ?y3 b ) ) ( true ( cell ?x4 ?y4 x ) ) ( square ?x1 ?y1 ?x2 ?y2 ?x3 ?y3 ?x4 ?y4 ) ), ( <= winByOpenQuad ( not lose ) ( not open ) ( true ( cell ?x1 ?y1 b ) ) ( true ( cell ?x2 ?y2 x ) ) ( true ( cell ?x3 ?y3 x ) ) ( true ( cell ?x4 ?y4 x ) ) ( square ?x1 ?y1 ?x2 ?y2 ?x3 ?y3 ?x4 ?y4 ) ), ( <= open ( true ( quad ?p ?c ) ) ( distinct ?c 0 ) ), ( <= ( more ?x 0 ) ( succ ?y ?x ) ), ( <= ( more ?x ?y ) ( succ ?x1 ?x ) ( succ ?y1 ?y ) ( more ?x1 ?y1 ) ), ( <= morewhite ( true ( white x ?a ) ) ( true ( white o ?b ) ) ( more ?a ?b ) ), ( <= lesswhite ( true ( white x ?a ) ) ( true ( white o ?b ) ) ( more ?b ?a ) ), ( <= equalwhite ( true ( white x ?a ) ) ( true ( white o ?a ) ) ), ( <= ( goal x 100 ) win ), ( <= ( goal x 95 ) ( not win ) winByOpenQuad ), ( <= ( goal x 90 ) ( not win ) ( not winByOpenQuad ) ( not lose ) ( not open ) morewhite ), ( <= ( goal x 50 ) ( not win ) ( not winByOpenQuad ) ( not lose ) ( not open ) equalwhite ), ( <= ( goal x 10 ) ( not win ) ( not winByOpenQuad ) ( not lose ) ( not open ) lesswhite ), ( <= ( goal x 0 ) lose ), ( <= ( goal o 100 ) lose ), ( <= ( goal o 90 ) ( not win ) ( not winByOpenQuad ) ( not lose ) ( not open ) lesswhite ), ( <= ( goal o 50 ) ( not win ) ( not winByOpenQuad ) ( not lose ) ( not open ) equalwhite ), ( <= ( goal o 10 ) ( not win ) ( not winByOpenQuad ) ( not lose ) ( not open ) morewhite ), ( <= ( goal o 5 ) ( not win ) winByOpenQuad ), ( <= ( goal o 0 ) win ), ( <= terminal win ), ( <= terminal lose ), ( <= terminal ( not open ) )]
LOG 1641844784663 [L3]: Start clock: 15
LOG 1641844784663 [L3]: Play clock: 10
LOG 1641844789654 [L0]: [Sent at 1641844789654] ready
LOG 1641844789656 [L0]: [Received at 1641844789656] ( PLAY 24.quad_7x7.1641844784253 NIL )
LOG 1641844789657 [L0]: [Sent at 1641844789657] ( block r6 c5 )
LOG 1641844789659 [L0]: [Received at 1641844789659] ( PLAY 24.quad_7x7.1641844784253 (( block r6 c5 ) noop ) )
LOG 1641844789662 [L0]: [Sent at 1641844789662] ( block r7 c3 )
LOG 1641844789664 [L0]: [Received at 1641844789664] ( PLAY 24.quad_7x7.1641844784253 (( block r7 c3 ) noop ) )
LOG 1641844789673 [L0]: [Sent at 1641844789673] ( block r5 c1 )
LOG 1641844789675 [L0]: [Received at 1641844789675] ( PLAY 24.quad_7x7.1641844784253 (( block r5 c1 ) noop ) )
LOG 1641844789679 [L0]: [Sent at 1641844789679] ( mark r6 c2 )
LOG 1641844789681 [L0]: [Received at 1641844789681] ( PLAY 24.quad_7x7.1641844784253 (( mark r6 c2 ) noop ) )
LOG 1641844789682 [L0]: [Sent at 1641844789682] noop
LOG 1641844789685 [L0]: [Received at 1641844789685] ( PLAY 24.quad_7x7.1641844784253 (noop ( mark r2 c7 ) ) )
LOG 1641844789686 [L0]: [Sent at 1641844789686] ( block r4 c4 )
LOG 1641844789688 [L0]: [Received at 1641844789688] ( PLAY 24.quad_7x7.1641844784253 (( block r4 c4 ) noop ) )
LOG 1641844789689 [L0]: [Sent at 1641844789689] ( mark r4 c7 )
LOG 1641844789692 [L0]: [Received at 1641844789692] ( PLAY 24.quad_7x7.1641844784253 (( mark r4 c7 ) noop ) )
LOG 1641844789693 [L0]: [Sent at 1641844789693] noop
LOG 1641844789695 [L0]: [Received at 1641844789695] ( PLAY 24.quad_7x7.1641844784253 (noop ( block r3 c4 ) ) )
LOG 1641844789697 [L0]: [Sent at 1641844789697] noop
LOG 1641844789701 [L0]: [Received at 1641844789701] ( PLAY 24.quad_7x7.1641844784253 (noop ( mark r3 c5 ) ) )
LOG 1641844789703 [L0]: [Sent at 1641844789703] ( block r4 c3 )
LOG 1641844789705 [L0]: [Received at 1641844789705] ( PLAY 24.quad_7x7.1641844784253 (( block r4 c3 ) noop ) )
LOG 1641844789706 [L0]: [Sent at 1641844789706] ( mark r3 c7 )
LOG 1641844789713 [L0]: [Received at 1641844789713] ( PLAY 24.quad_7x7.1641844784253 (( mark r3 c7 ) noop ) )
LOG 1641844789714 [L0]: [Sent at 1641844789714] noop
LOG 1641844789785 [L0]: [Received at 1641844789785] ( PLAY 24.quad_7x7.1641844784253 (noop ( block r5 c6 ) ) )
LOG 1641844789786 [L0]: [Sent at 1641844789786] noop
LOG 1641844789797 [L0]: [Received at 1641844789797] ( PLAY 24.quad_7x7.1641844784253 (noop ( mark r4 c5 ) ) )
LOG 1641844789799 [L0]: [Sent at 1641844789799] ( mark r1 c4 )
LOG 1641844789812 [L0]: [Received at 1641844789812] ( PLAY 24.quad_7x7.1641844784253 (( mark r1 c4 ) noop ) )
LOG 1641844789813 [L0]: [Sent at 1641844789813] noop
LOG 1641844789828 [L0]: [Received at 1641844789828] ( PLAY 24.quad_7x7.1641844784253 (noop ( mark r5 c3 ) ) )
LOG 1641844789830 [L0]: [Sent at 1641844789830] ( mark r5 c5 )
LOG 1641844789853 [L0]: [Received at 1641844789853] ( PLAY 24.quad_7x7.1641844784253 (( mark r5 c5 ) noop ) )
LOG 1641844789855 [L0]: [Sent at 1641844789855] noop
LOG 1641844789873 [L0]: [Received at 1641844789873] ( PLAY 24.quad_7x7.1641844784253 (noop ( mark r7 c4 ) ) )
LOG 1641844789875 [L0]: [Sent at 1641844789875] ( mark r1 c3 )
LOG 1641844789921 [L0]: [Received at 1641844789921] ( PLAY 24.quad_7x7.1641844784253 (( mark r1 c3 ) noop ) )
LOG 1641844789922 [L0]: [Sent at 1641844789922] noop
LOG 1641844789928 [L0]: [Received at 1641844789928] ( PLAY 24.quad_7x7.1641844784253 (noop ( block r3 c6 ) ) )
LOG 1641844789929 [L0]: [Sent at 1641844789929] noop
LOG 1641844789975 [L0]: [Received at 1641844789975] ( PLAY 24.quad_7x7.1641844784253 (noop ( mark r4 c6 ) ) )
LOG 1641844789976 [L0]: [Sent at 1641844789976] ( mark r1 c6 )
LOG 1641844790057 [L0]: [Received at 1641844790057] ( PLAY 24.quad_7x7.1641844784253 (( mark r1 c6 ) noop ) )
LOG 1641844790058 [L0]: [Sent at 1641844790058] noop
LOG 1641844790113 [L0]: [Received at 1641844790113] ( PLAY 24.quad_7x7.1641844784253 (noop ( mark r6 c3 ) ) )
LOG 1641844790114 [L0]: [Sent at 1641844790114] ( mark r4 c1 )
LOG 1641844790188 [L0]: [Received at 1641844790188] ( PLAY 24.quad_7x7.1641844784253 (( mark r4 c1 ) noop ) )
LOG 1641844790190 [L0]: [Sent at 1641844790190] noop
LOG 1641844790200 [L0]: [Received at 1641844790200] ( PLAY 24.quad_7x7.1641844784253 (noop ( block r7 c2 ) ) )
LOG 1641844790202 [L0]: [Sent at 1641844790202] noop
LOG 1641844790318 [L0]: [Received at 1641844790318] ( PLAY 24.quad_7x7.1641844784253 (noop ( mark r2 c6 ) ) )
LOG 1641844790319 [L0]: [Sent at 1641844790319] ( mark r2 c3 )
LOG 1641844790464 [L0]: [Received at 1641844790464] ( PLAY 24.quad_7x7.1641844784253 (( mark r2 c3 ) noop ) )
LOG 1641844790465 [L0]: [Sent at 1641844790465] noop
LOG 1641844790568 [L0]: [Received at 1641844790568] ( PLAY 24.quad_7x7.1641844784253 (noop ( block r5 c7 ) ) )
LOG 1641844790570 [L0]: [Sent at 1641844790570] noop
LOG 1641844790738 [L0]: [Received at 1641844790738] ( PLAY 24.quad_7x7.1641844784253 (noop ( mark r2 c5 ) ) )
LOG 1641844790740 [L0]: [Sent at 1641844790740] ( mark r4 c2 )
LOG 1641844790919 [L0]: [Received at 1641844790919] ( PLAY 24.quad_7x7.1641844784253 (( mark r4 c2 ) noop ) )
LOG 1641844790920 [L0]: [Sent at 1641844790920] noop
LOG 1641844791129 [L0]: [Received at 1641844791129] ( PLAY 24.quad_7x7.1641844784253 (noop ( mark r5 c4 ) ) )
LOG 1641844791131 [L0]: [Sent at 1641844791131] ( mark r2 c2 )
LOG 1641844791479 [L0]: [Received at 1641844791479] ( PLAY 24.quad_7x7.1641844784253 (( mark r2 c2 ) noop ) )
LOG 1641844791481 [L0]: [Sent at 1641844791481] noop
LOG 1641844791671 [L0]: [Received at 1641844791671] ( PLAY 24.quad_7x7.1641844784253 (noop ( mark r7 c5 ) ) )
LOG 1641844791672 [L0]: [Sent at 1641844791672] ( mark r5 c2 )
LOG 1641844791972 [L0]: [Received at 1641844791972] ( PLAY 24.quad_7x7.1641844784253 (( mark r5 c2 ) noop ) )
LOG 1641844791974 [L0]: [Sent at 1641844791974] noop
LOG 1641844796813 [L0]: [Received at 1641844796813] ( STOP 24.quad_7x7.1641844784253 (noop ( mark r2 c1 ) ) )
LOG 1641844796814 [L3]: Stopped logging to files at: Mon Jan 10 20:59:56 CET 2022
LOG 1641844796814 [L3]: LOG SEALED
