LOG 1641833767389 [L3]: Returning initial state machine.
LOG 1641833767389 [L3]: Returning PropNet state machine without cache.
LOG 1641833767389 [L3]: Starting metagame with available thinking time 4997ms.
LOG 1641833767391 [L3]: Starting search during metagame.
LOG 1641833772386 [L3]: Done searching during metagame.
LOG 1641833772389 [L3]: Starting move selection for game step 1 with available time 0ms.
LOG 1641833772389 [L3]: No time to select next move using MCTS. Returning random move ( drop 1 ).
LOG 1641833772393 [L3]: Starting move selection for game step 2 with available time 0ms.
LOG 1641833772394 [L3]: No time to select next move using MCTS. Returning random move noop.
LOG 1641833772399 [L3]: Starting move selection for game step 3 with available time 0ms.
LOG 1641833772407 [L3]: No time to select next move using MCTS. Returning random move ( drop 6 ).
LOG 1641833772413 [L3]: Starting move selection for game step 4 with available time 0ms.
LOG 1641833772416 [L3]: No time to select next move using MCTS. Returning random move noop.
LOG 1641833772425 [L3]: Starting move selection for game step 5 with available time 0ms.
LOG 1641833772425 [L3]: No time to select next move using MCTS. Returning random move ( drop 3 ).
LOG 1641833772429 [L3]: Starting move selection for game step 6 with available time 0ms.
LOG 1641833772429 [L3]: No time to select next move using MCTS. Returning random move noop.
LOG 1641833772432 [L3]: Starting move selection for game step 7 with available time 0ms.
LOG 1641833772432 [L3]: No time to select next move using MCTS. Returning random move ( drop 3 ).
LOG 1641833772436 [L3]: Starting move selection for game step 8 with available time 0ms.
LOG 1641833772436 [L3]: No time to select next move using MCTS. Returning random move noop.
LOG 1641833772439 [L3]: Starting move selection for game step 9 with available time 0ms.
LOG 1641833772439 [L3]: No time to select next move using MCTS. Returning random move ( drop 6 ).
LOG 1641833772444 [L3]: Starting move selection for game step 10 with available time 0ms.
LOG 1641833772444 [L3]: No time to select next move using MCTS. Returning random move noop.
LOG 1641833772447 [L3]: Starting move selection for game step 11 with available time 0ms.
LOG 1641833772448 [L3]: No time to select next move using MCTS. Returning random move ( drop 4 ).
LOG 1641833772451 [L3]: Starting move selection for game step 12 with available time 0ms.
LOG 1641833772452 [L3]: No time to select next move using MCTS. Returning random move noop.
LOG 1641833772456 [L3]: Starting move selection for game step 13 with available time 0ms.
LOG 1641833772456 [L3]: No time to select next move using MCTS. Returning random move ( drop 7 ).
LOG 1641833772460 [L3]: Starting move selection for game step 14 with available time 0ms.
LOG 1641833772460 [L3]: No time to select next move using MCTS. Returning random move noop.
LOG 1641833772465 [L3]: Starting move selection for game step 15 with available time 0ms.
LOG 1641833772465 [L3]: No time to select next move using MCTS. Returning random move ( drop 4 ).
LOG 1641833772469 [L3]: Starting move selection for game step 16 with available time 0ms.
LOG 1641833772469 [L3]: No time to select next move using MCTS. Returning random move noop.
LOG 1641833772473 [L3]: Starting move selection for game step 17 with available time 0ms.
LOG 1641833772473 [L3]: No time to select next move using MCTS. Returning random move ( drop 2 ).
LOG 1641833772477 [L3]: Starting move selection for game step 18 with available time 0ms.
LOG 1641833772477 [L3]: No time to select next move using MCTS. Returning random move noop.
LOG 1641833772480 [L3]: Starting move selection for game step 19 with available time 0ms.
LOG 1641833772481 [L3]: No time to select next move using MCTS. Returning random move ( drop 4 ).
LOG 1641833772485 [L3]: Starting move selection for game step 20 with available time 0ms.
LOG 1641833772485 [L3]: No time to select next move using MCTS. Returning random move noop.
LOG 1641833772488 [L3]: Starting move selection for game step 21 with available time 0ms.
LOG 1641833772488 [L3]: No time to select next move using MCTS. Returning random move ( drop 6 ).
LOG 1641833772493 [L3]: Starting move selection for game step 22 with available time 0ms.
LOG 1641833772493 [L3]: No time to select next move using MCTS. Returning random move noop.
LOG 1641833772497 [L3]: Starting move selection for game step 23 with available time 0ms.
LOG 1641833772497 [L3]: No time to select next move using MCTS. Returning random move ( drop 7 ).
LOG 1641833772502 [L3]: Starting move selection for game step 24 with available time -1ms.
LOG 1641833772502 [L3]: No time to select next move using MCTS. Returning random move noop.
LOG 1641833772506 [L3]: Starting move selection for game step 25 with available time 0ms.
LOG 1641833772506 [L3]: No time to select next move using MCTS. Returning random move ( drop 2 ).
LOG 1641833772510 [L3]: Starting move selection for game step 26 with available time 0ms.
LOG 1641833772510 [L3]: No time to select next move using MCTS. Returning random move noop.
LOG 1641833772513 [L3]: Starting move selection for game step 27 with available time 0ms.
LOG 1641833772513 [L3]: No time to select next move using MCTS. Returning random move ( drop 2 ).
LOG 1641833772517 [L3]: Starting move selection for game step 28 with available time 0ms.
LOG 1641833772518 [L3]: No time to select next move using MCTS. Returning random move noop.
LOG 1641833772522 [L3]: Starting move selection for game step 29 with available time 0ms.
LOG 1641833772522 [L3]: No time to select next move using MCTS. Returning random move ( drop 3 ).
LOG 1641833772526 [L3]: Starting move selection for game step 30 with available time 0ms.
LOG 1641833772526 [L3]: No time to select next move using MCTS. Returning random move noop.
LOG 1641833772530 [L3]: Starting move selection for game step 31 with available time 0ms.
LOG 1641833772530 [L3]: No time to select next move using MCTS. Returning random move ( drop 3 ).
LOG 1641833772534 [L3]: Starting move selection for game step 32 with available time 0ms.
LOG 1641833772534 [L3]: No time to select next move using MCTS. Returning random move noop.
LOG 1641833772537 [L3]: Starting move selection for game step 33 with available time 0ms.
LOG 1641833772538 [L3]: No time to select next move using MCTS. Returning random move ( drop 1 ).
