LOG 1641833844993 [L3]: Returning initial state machine.
LOG 1641833844994 [L3]: Returning PropNet state machine without cache.
LOG 1641833844995 [L3]: Starting metagame with available thinking time 4995ms.
LOG 1641833844997 [L3]: Starting search during metagame.
LOG 1641833849990 [L3]: Done searching during metagame.
LOG 1641833849993 [L3]: Starting move selection for game step 1 with available time 0ms.
LOG 1641833849994 [L3]: No time to select next move using MCTS. Returning random move ( drop 5 ).
LOG 1641833849997 [L3]: Starting move selection for game step 2 with available time 0ms.
LOG 1641833849999 [L3]: No time to select next move using MCTS. Returning random move noop.
LOG 1641833850004 [L3]: Starting move selection for game step 3 with available time 0ms.
LOG 1641833850012 [L3]: No time to select next move using MCTS. Returning random move ( drop 7 ).
LOG 1641833850017 [L3]: Starting move selection for game step 4 with available time 0ms.
LOG 1641833850021 [L3]: No time to select next move using MCTS. Returning random move noop.
LOG 1641833850028 [L3]: Starting move selection for game step 5 with available time 0ms.
LOG 1641833850029 [L3]: No time to select next move using MCTS. Returning random move ( drop 4 ).
LOG 1641833850032 [L3]: Starting move selection for game step 6 with available time 0ms.
LOG 1641833850032 [L3]: No time to select next move using MCTS. Returning random move noop.
LOG 1641833850035 [L3]: Starting move selection for game step 7 with available time 0ms.
LOG 1641833850035 [L3]: No time to select next move using MCTS. Returning random move ( drop 7 ).
LOG 1641833850039 [L3]: Starting move selection for game step 8 with available time 0ms.
LOG 1641833850039 [L3]: No time to select next move using MCTS. Returning random move noop.
LOG 1641833850042 [L3]: Starting move selection for game step 9 with available time 0ms.
LOG 1641833850043 [L3]: No time to select next move using MCTS. Returning random move ( drop 1 ).
LOG 1641833850046 [L3]: Starting move selection for game step 10 with available time 0ms.
LOG 1641833850046 [L3]: No time to select next move using MCTS. Returning random move noop.
LOG 1641833850049 [L3]: Starting move selection for game step 11 with available time 0ms.
LOG 1641833850050 [L3]: No time to select next move using MCTS. Returning random move ( drop 2 ).
LOG 1641833850053 [L3]: Starting move selection for game step 12 with available time 0ms.
LOG 1641833850054 [L3]: No time to select next move using MCTS. Returning random move noop.
LOG 1641833850057 [L3]: Starting move selection for game step 13 with available time 0ms.
LOG 1641833850057 [L3]: No time to select next move using MCTS. Returning random move ( drop 4 ).
LOG 1641833850061 [L3]: Starting move selection for game step 14 with available time 0ms.
LOG 1641833850061 [L3]: No time to select next move using MCTS. Returning random move noop.
LOG 1641833850064 [L3]: Starting move selection for game step 15 with available time 0ms.
LOG 1641833850065 [L3]: No time to select next move using MCTS. Returning random move ( drop 3 ).
LOG 1641833850068 [L3]: Starting move selection for game step 16 with available time 0ms.
LOG 1641833850068 [L3]: No time to select next move using MCTS. Returning random move noop.
LOG 1641833850072 [L3]: Starting move selection for game step 17 with available time 0ms.
LOG 1641833850072 [L3]: No time to select next move using MCTS. Returning random move ( drop 3 ).
LOG 1641833850076 [L3]: Starting move selection for game step 18 with available time 0ms.
LOG 1641833850076 [L3]: No time to select next move using MCTS. Returning random move noop.
