LOG 1641836786037 [L3]: Returning initial state machine.
LOG 1641836786038 [L3]: Returning PropNet state machine without cache.
LOG 1641836786038 [L3]: Starting metagame with available thinking time 4997ms.
LOG 1641836786040 [L3]: Starting search during metagame.
LOG 1641836791035 [L3]: Done searching during metagame.
LOG 1641836791038 [L3]: Starting move selection for game step 1 with available time 0ms.
LOG 1641836791038 [L3]: No time to select next move using MCTS. Returning random move noop.
LOG 1641836791042 [L3]: Starting move selection for game step 2 with available time 0ms.
LOG 1641836791048 [L3]: No time to select next move using MCTS. Returning random move ( move 8 7 6 6 ).
LOG 1641836791051 [L3]: Starting move selection for game step 3 with available time 0ms.
LOG 1641836791110 [L3]: No time to select next move using MCTS. Returning random move noop.
LOG 1641836791113 [L3]: Starting move selection for game step 4 with available time 0ms.
LOG 1641836791122 [L3]: No time to select next move using MCTS. Returning random move ( move 3 8 2 6 ).
LOG 1641836791126 [L3]: Starting move selection for game step 5 with available time 0ms.
LOG 1641836791126 [L3]: No time to select next move using MCTS. Returning random move noop.
LOG 1641836791130 [L3]: Starting move selection for game step 6 with available time 0ms.
LOG 1641836791130 [L3]: No time to select next move using MCTS. Returning random move ( move 2 7 4 6 ).
LOG 1641836791133 [L3]: Starting move selection for game step 7 with available time 0ms.
LOG 1641836791133 [L3]: No time to select next move using MCTS. Returning random move noop.
LOG 1641836791137 [L3]: Starting move selection for game step 8 with available time 0ms.
LOG 1641836791137 [L3]: No time to select next move using MCTS. Returning random move ( move 4 6 2 5 ).
LOG 1641836791140 [L3]: Starting move selection for game step 9 with available time 0ms.
LOG 1641836791140 [L3]: No time to select next move using MCTS. Returning random move noop.
LOG 1641836791143 [L3]: Starting move selection for game step 10 with available time 0ms.
LOG 1641836791144 [L3]: No time to select next move using MCTS. Returning random move ( move 4 8 3 6 ).
LOG 1641836791148 [L3]: Starting move selection for game step 11 with available time 0ms.
LOG 1641836791148 [L3]: No time to select next move using MCTS. Returning random move noop.
LOG 1641836791151 [L3]: Starting move selection for game step 12 with available time 0ms.
LOG 1641836791151 [L3]: No time to select next move using MCTS. Returning random move ( move 4 7 5 5 ).
LOG 1641836791155 [L3]: Starting move selection for game step 13 with available time 0ms.
LOG 1641836791155 [L3]: No time to select next move using MCTS. Returning random move noop.
LOG 1641836791159 [L3]: Starting move selection for game step 14 with available time 0ms.
LOG 1641836791159 [L3]: No time to select next move using MCTS. Returning random move ( move 5 5 6 3 ).
LOG 1641836791162 [L3]: Starting move selection for game step 15 with available time 0ms.
LOG 1641836791163 [L3]: No time to select next move using MCTS. Returning random move noop.
LOG 1641836791166 [L3]: Starting move selection for game step 16 with available time 0ms.
LOG 1641836791166 [L3]: No time to select next move using MCTS. Returning random move ( move 3 7 5 6 ).
LOG 1641836791169 [L3]: Starting move selection for game step 17 with available time 0ms.
LOG 1641836791169 [L3]: No time to select next move using MCTS. Returning random move noop.
LOG 1641836791173 [L3]: Starting move selection for game step 18 with available time 0ms.
LOG 1641836791173 [L3]: No time to select next move using MCTS. Returning random move ( move 2 8 1 6 ).
LOG 1641836791176 [L3]: Starting move selection for game step 19 with available time 0ms.
LOG 1641836791177 [L3]: No time to select next move using MCTS. Returning random move noop.
LOG 1641836791179 [L3]: Starting move selection for game step 20 with available time 0ms.
LOG 1641836791180 [L3]: No time to select next move using MCTS. Returning random move ( move 6 3 7 1 ).
