LOG 1641833200727 [L3]: Returning initial state machine.
LOG 1641833200728 [L3]: Returning PropNet state machine without cache.
LOG 1641833200728 [L3]: Starting metagame with available thinking time 4997ms.
LOG 1641833200730 [L3]: Starting search during metagame.
LOG 1641833205725 [L3]: Done searching during metagame.
LOG 1641833205728 [L3]: Starting move selection for game step 1 with available time 0ms.
LOG 1641833205728 [L3]: No time to select next move using MCTS. Returning random move ( drop 4 ).
LOG 1641833205731 [L3]: Starting move selection for game step 2 with available time 0ms.
LOG 1641833205736 [L3]: No time to select next move using MCTS. Returning random move noop.
LOG 1641833205740 [L3]: Starting move selection for game step 3 with available time 0ms.
LOG 1641833205751 [L3]: No time to select next move using MCTS. Returning random move ( drop 4 ).
LOG 1641833205755 [L3]: Starting move selection for game step 4 with available time 0ms.
LOG 1641833205764 [L3]: No time to select next move using MCTS. Returning random move noop.
LOG 1641833205767 [L3]: Starting move selection for game step 5 with available time 0ms.
LOG 1641833205767 [L3]: No time to select next move using MCTS. Returning random move ( drop 7 ).
LOG 1641833205770 [L3]: Starting move selection for game step 6 with available time 0ms.
LOG 1641833205771 [L3]: No time to select next move using MCTS. Returning random move noop.
LOG 1641833205774 [L3]: Starting move selection for game step 7 with available time 0ms.
LOG 1641833205774 [L3]: No time to select next move using MCTS. Returning random move ( drop 5 ).
LOG 1641833205778 [L3]: Starting move selection for game step 8 with available time 0ms.
LOG 1641833205778 [L3]: No time to select next move using MCTS. Returning random move noop.
LOG 1641833205792 [L3]: Starting move selection for game step 9 with available time 0ms.
LOG 1641833205792 [L3]: No time to select next move using MCTS. Returning random move ( drop 4 ).
LOG 1641833205795 [L3]: Starting move selection for game step 10 with available time 0ms.
LOG 1641833205795 [L3]: No time to select next move using MCTS. Returning random move noop.
LOG 1641833205799 [L3]: Starting move selection for game step 11 with available time 0ms.
LOG 1641833205799 [L3]: No time to select next move using MCTS. Returning random move ( drop 2 ).
LOG 1641833205803 [L3]: Starting move selection for game step 12 with available time 0ms.
LOG 1641833205804 [L3]: No time to select next move using MCTS. Returning random move noop.
LOG 1641833205807 [L3]: Starting move selection for game step 13 with available time 0ms.
LOG 1641833205807 [L3]: No time to select next move using MCTS. Returning random move ( drop 6 ).
