LOG 1641832787723 [L3]: Returning initial state machine.
LOG 1641832787723 [L3]: Returning PropNet state machine without cache.
LOG 1641832787724 [L3]: Starting metagame with available thinking time 4996ms.
LOG 1641832787726 [L3]: Starting search during metagame.
LOG 1641832792720 [L3]: Done searching during metagame.
LOG 1641832792723 [L3]: Starting move selection for game step 1 with available time 0ms.
LOG 1641832792723 [L3]: No time to select next move using MCTS. Returning random move noop.
LOG 1641832792726 [L3]: Starting move selection for game step 2 with available time 0ms.
LOG 1641832792728 [L3]: No time to select next move using MCTS. Returning random move ( drop 2 ).
LOG 1641832792732 [L3]: Starting move selection for game step 3 with available time 0ms.
LOG 1641832792734 [L3]: No time to select next move using MCTS. Returning random move noop.
LOG 1641832792739 [L3]: Starting move selection for game step 4 with available time 0ms.
LOG 1641832792742 [L3]: No time to select next move using MCTS. Returning random move ( drop 1 ).
LOG 1641832792750 [L3]: Starting move selection for game step 5 with available time 0ms.
LOG 1641832792750 [L3]: No time to select next move using MCTS. Returning random move noop.
LOG 1641832792754 [L3]: Starting move selection for game step 6 with available time 0ms.
LOG 1641832792755 [L3]: No time to select next move using MCTS. Returning random move ( drop 6 ).
LOG 1641832792759 [L3]: Starting move selection for game step 7 with available time 0ms.
LOG 1641832792759 [L3]: No time to select next move using MCTS. Returning random move noop.
LOG 1641832792763 [L3]: Starting move selection for game step 8 with available time 0ms.
LOG 1641832792763 [L3]: No time to select next move using MCTS. Returning random move ( drop 2 ).
LOG 1641832792766 [L3]: Starting move selection for game step 9 with available time 0ms.
LOG 1641832792766 [L3]: No time to select next move using MCTS. Returning random move noop.
LOG 1641832792770 [L3]: Starting move selection for game step 10 with available time 0ms.
LOG 1641832792770 [L3]: No time to select next move using MCTS. Returning random move ( drop 1 ).
LOG 1641832792774 [L3]: Starting move selection for game step 11 with available time 0ms.
LOG 1641832792774 [L3]: No time to select next move using MCTS. Returning random move noop.
LOG 1641832792778 [L3]: Starting move selection for game step 12 with available time 0ms.
LOG 1641832792778 [L3]: No time to select next move using MCTS. Returning random move ( drop 5 ).
LOG 1641832792782 [L3]: Starting move selection for game step 13 with available time 0ms.
LOG 1641832792782 [L3]: No time to select next move using MCTS. Returning random move noop.
LOG 1641832792786 [L3]: Starting move selection for game step 14 with available time 0ms.
LOG 1641832792786 [L3]: No time to select next move using MCTS. Returning random move ( drop 2 ).
LOG 1641832792790 [L3]: Starting move selection for game step 15 with available time 0ms.
LOG 1641832792790 [L3]: No time to select next move using MCTS. Returning random move noop.
LOG 1641832792794 [L3]: Starting move selection for game step 16 with available time 0ms.
LOG 1641832792794 [L3]: No time to select next move using MCTS. Returning random move ( drop 6 ).
LOG 1641832792798 [L3]: Starting move selection for game step 17 with available time 0ms.
LOG 1641832792798 [L3]: No time to select next move using MCTS. Returning random move noop.
LOG 1641832792802 [L3]: Starting move selection for game step 18 with available time 0ms.
LOG 1641832792803 [L3]: No time to select next move using MCTS. Returning random move ( drop 1 ).
LOG 1641832792807 [L3]: Starting move selection for game step 19 with available time 0ms.
LOG 1641832792807 [L3]: No time to select next move using MCTS. Returning random move noop.
LOG 1641832792811 [L3]: Starting move selection for game step 20 with available time 0ms.
LOG 1641832792811 [L3]: No time to select next move using MCTS. Returning random move ( drop 6 ).
LOG 1641832792815 [L3]: Starting move selection for game step 21 with available time 0ms.
LOG 1641832792815 [L3]: No time to select next move using MCTS. Returning random move noop.
LOG 1641832792819 [L3]: Starting move selection for game step 22 with available time 0ms.
LOG 1641832792819 [L3]: No time to select next move using MCTS. Returning random move ( drop 4 ).
LOG 1641832792823 [L3]: Starting move selection for game step 23 with available time 0ms.
LOG 1641832792823 [L3]: No time to select next move using MCTS. Returning random move noop.
LOG 1641832792827 [L3]: Starting move selection for game step 24 with available time 0ms.
LOG 1641832792827 [L3]: No time to select next move using MCTS. Returning random move ( drop 4 ).
LOG 1641832792838 [L3]: Starting move selection for game step 25 with available time 0ms.
LOG 1641832792838 [L3]: No time to select next move using MCTS. Returning random move noop.
LOG 1641832792843 [L3]: Starting move selection for game step 26 with available time 0ms.
LOG 1641832792843 [L3]: No time to select next move using MCTS. Returning random move ( drop 5 ).
LOG 1641832792847 [L3]: Starting move selection for game step 27 with available time 0ms.
LOG 1641832792847 [L3]: No time to select next move using MCTS. Returning random move noop.
LOG 1641832792851 [L3]: Starting move selection for game step 28 with available time 0ms.
LOG 1641832792852 [L3]: No time to select next move using MCTS. Returning random move ( drop 6 ).
LOG 1641832792857 [L3]: Starting move selection for game step 29 with available time 0ms.
LOG 1641832792857 [L3]: No time to select next move using MCTS. Returning random move noop.
LOG 1641832792862 [L3]: Starting move selection for game step 30 with available time 0ms.
LOG 1641832792862 [L3]: No time to select next move using MCTS. Returning random move ( drop 3 ).
LOG 1641832792866 [L3]: Starting move selection for game step 31 with available time 0ms.
LOG 1641832792866 [L3]: No time to select next move using MCTS. Returning random move noop.
LOG 1641832792870 [L3]: Starting move selection for game step 32 with available time 0ms.
LOG 1641832792870 [L3]: No time to select next move using MCTS. Returning random move ( drop 4 ).
LOG 1641832792874 [L3]: Starting move selection for game step 33 with available time 0ms.
LOG 1641832792874 [L3]: No time to select next move using MCTS. Returning random move noop.
LOG 1641832792878 [L3]: Starting move selection for game step 34 with available time 0ms.
LOG 1641832792879 [L3]: No time to select next move using MCTS. Returning random move ( drop 2 ).
LOG 1641832792884 [L3]: Starting move selection for game step 35 with available time 0ms.
LOG 1641832792884 [L3]: No time to select next move using MCTS. Returning random move noop.
LOG 1641832792888 [L3]: Starting move selection for game step 36 with available time 0ms.
LOG 1641832792889 [L3]: No time to select next move using MCTS. Returning random move ( drop 3 ).
