LOG 1641835177551 [L3]: Started match logging at: Mon Jan 10 18:19:37 CET 2022
LOG 1641835177559 [L3]: Game rules: [( role white ), ( role black ), ( <= ( base ( cellHolds ?x ?y ?p ) ) ( index ?x ) ( index ?y ) ( role ?p ) ), ( <= ( base ( control ?p ) ) ( role ?p ) ), ( <= ( input ?p noop ) ( role ?p ) ), ( <= ( input white ( move ?x ?y1 ?x ?y2 ) ) ( index ?x ) ( succ ?y1 ?y2 ) ), ( <= ( input white ( move ?x1 ?y1 ?x2 ?y2 ) ) ( succ ?y1 ?y2 ) ( succ ?x1 ?x2 ) ), ( <= ( input white ( move ?x1 ?y1 ?x2 ?y2 ) ) ( succ ?y1 ?y2 ) ( succ ?x2 ?x1 ) ), ( <= ( input black ( move ?x ?y1 ?x ?y2 ) ) ( index ?x ) ( succ ?y2 ?y1 ) ), ( <= ( input black ( move ?x1 ?y1 ?x2 ?y2 ) ) ( succ ?y2 ?y1 ) ( succ ?x1 ?x2 ) ), ( <= ( input black ( move ?x1 ?y1 ?x2 ?y2 ) ) ( succ ?y2 ?y1 ) ( succ ?x2 ?x1 ) ), ( init ( cellHolds 1 1 white ) ), ( init ( cellHolds 2 1 white ) ), ( init ( cellHolds 3 1 white ) ), ( init ( cellHolds 4 1 white ) ), ( init ( cellHolds 5 1 white ) ), ( init ( cellHolds 6 1 white ) ), ( init ( cellHolds 7 1 white ) ), ( init ( cellHolds 8 1 white ) ), ( init ( cellHolds 1 2 white ) ), ( init ( cellHolds 2 2 white ) ), ( init ( cellHolds 3 2 white ) ), ( init ( cellHolds 4 2 white ) ), ( init ( cellHolds 5 2 white ) ), ( init ( cellHolds 6 2 white ) ), ( init ( cellHolds 7 2 white ) ), ( init ( cellHolds 8 2 white ) ), ( init ( cellHolds 1 7 black ) ), ( init ( cellHolds 2 7 black ) ), ( init ( cellHolds 3 7 black ) ), ( init ( cellHolds 4 7 black ) ), ( init ( cellHolds 5 7 black ) ), ( init ( cellHolds 6 7 black ) ), ( init ( cellHolds 7 7 black ) ), ( init ( cellHolds 8 7 black ) ), ( init ( cellHolds 1 8 black ) ), ( init ( cellHolds 2 8 black ) ), ( init ( cellHolds 3 8 black ) ), ( init ( cellHolds 4 8 black ) ), ( init ( cellHolds 5 8 black ) ), ( init ( cellHolds 6 8 black ) ), ( init ( cellHolds 7 8 black ) ), ( init ( cellHolds 8 8 black ) ), ( init ( control white ) ), ( <= ( legal white ( move ?x ?y1 ?x ?y2 ) ) ( true ( control white ) ) ( true ( cellHolds ?x ?y1 white ) ) ( succ ?y1 ?y2 ) ( cellEmpty ?x ?y2 ) ), ( <= ( legal white ( move ?x1 ?y1 ?x2 ?y2 ) ) ( true ( control white ) ) ( true ( cellHolds ?x1 ?y1 white ) ) ( succ ?y1 ?y2 ) ( succ ?x1 ?x2 ) ( not ( true ( cellHolds ?x2 ?y2 white ) ) ) ), ( <= ( legal white ( move ?x1 ?y1 ?x2 ?y2 ) ) ( true ( control white ) ) ( true ( cellHolds ?x1 ?y1 white ) ) ( succ ?y1 ?y2 ) ( succ ?x2 ?x1 ) ( not ( true ( cellHolds ?x2 ?y2 white ) ) ) ), ( <= ( legal black ( move ?x ?y1 ?x ?y2 ) ) ( true ( control black ) ) ( true ( cellHolds ?x ?y1 black ) ) ( succ ?y2 ?y1 ) ( cellEmpty ?x ?y2 ) ), ( <= ( legal black ( move ?x1 ?y1 ?x2 ?y2 ) ) ( true ( control black ) ) ( true ( cellHolds ?x1 ?y1 black ) ) ( succ ?y2 ?y1 ) ( succ ?x1 ?x2 ) ( not ( true ( cellHolds ?x2 ?y2 black ) ) ) ), ( <= ( legal black ( move ?x1 ?y1 ?x2 ?y2 ) ) ( true ( control black ) ) ( true ( cellHolds ?x1 ?y1 black ) ) ( succ ?y2 ?y1 ) ( succ ?x2 ?x1 ) ( not ( true ( cellHolds ?x2 ?y2 black ) ) ) ), ( <= ( legal white noop ) ( true ( control black ) ) ), ( <= ( legal black noop ) ( true ( control white ) ) ), ( <= ( next ( cellHolds ?x2 ?y2 ?player ) ) ( role ?player ) ( does ?player ( move ?x1 ?y1 ?x2 ?y2 ) ) ), ( <= ( next ( cellHolds ?x3 ?y3 ?state ) ) ( true ( cellHolds ?x3 ?y3 ?state ) ) ( role ?player ) ( does ?player ( move ?x1 ?y1 ?x2 ?y2 ) ) ( distinctCell ?x1 ?y1 ?x3 ?y3 ) ( distinctCell ?x2 ?y2 ?x3 ?y3 ) ), ( <= ( next ( control white ) ) ( true ( control black ) ) ), ( <= ( next ( control black ) ) ( true ( control white ) ) ), ( <= terminal whiteWin ), ( <= terminal blackWin ), ( <= ( goal white 100 ) whiteWin ), ( <= ( goal white 0 ) ( not whiteWin ) ), ( <= ( goal black 100 ) blackWin ), ( <= ( goal black 0 ) ( not blackWin ) ), ( <= ( cell ?x ?y ) ( index ?x ) ( index ?y ) ), ( <= ( cellEmpty ?x ?y ) ( cell ?x ?y ) ( not ( true ( cellHolds ?x ?y white ) ) ) ( not ( true ( cellHolds ?x ?y black ) ) ) ), ( <= ( distinctCell ?x1 ?y1 ?x2 ?y2 ) ( cell ?x1 ?y1 ) ( cell ?x2 ?y2 ) ( distinct ?x1 ?x2 ) ), ( <= ( distinctCell ?x1 ?y1 ?x2 ?y2 ) ( cell ?x1 ?y1 ) ( cell ?x2 ?y2 ) ( distinct ?y1 ?y2 ) ), ( <= whiteWin ( index ?x ) ( true ( cellHolds ?x 8 white ) ) ), ( <= blackWin ( index ?x ) ( true ( cellHolds ?x 1 black ) ) ), ( <= whiteWin ( not blackCell ) ), ( <= blackWin ( not whiteCell ) ), ( <= whiteCell ( cell ?x ?y ) ( true ( cellHolds ?x ?y white ) ) ), ( <= blackCell ( cell ?x ?y ) ( true ( cellHolds ?x ?y black ) ) ), ( index 1 ), ( index 2 ), ( index 3 ), ( index 4 ), ( index 5 ), ( index 6 ), ( index 7 ), ( index 8 ), ( succ 1 2 ), ( succ 2 3 ), ( succ 3 4 ), ( succ 4 5 ), ( succ 5 6 ), ( succ 6 7 ), ( succ 7 8 )]
LOG 1641835177559 [L3]: Start clock: 15
LOG 1641835177560 [L3]: Play clock: 10
LOG 1641835182551 [L0]: [Sent at 1641835182551] ready
LOG 1641835182554 [L0]: [Received at 1641835182554] ( PLAY 29.breakthrough.1641835177359 NIL )
LOG 1641835182555 [L0]: [Sent at 1641835182555] noop
LOG 1641835182558 [L0]: [Received at 1641835182558] ( PLAY 29.breakthrough.1641835177359 (( move 6 2 5 3 ) noop ) )
LOG 1641835182563 [L0]: [Sent at 1641835182563] ( move 4 7 5 6 )
LOG 1641835182565 [L0]: [Received at 1641835182565] ( PLAY 29.breakthrough.1641835177359 (noop ( move 4 7 5 6 ) ) )
LOG 1641835182576 [L0]: [Sent at 1641835182576] noop
LOG 1641835182579 [L0]: [Received at 1641835182579] ( PLAY 29.breakthrough.1641835177359 (( move 5 3 6 4 ) noop ) )
LOG 1641835182587 [L0]: [Sent at 1641835182587] ( move 3 7 4 6 )
LOG 1641835182589 [L0]: [Received at 1641835182589] ( PLAY 29.breakthrough.1641835177359 (noop ( move 3 7 4 6 ) ) )
LOG 1641835182591 [L0]: [Sent at 1641835182591] noop
LOG 1641835182595 [L0]: [Received at 1641835182595] ( PLAY 29.breakthrough.1641835177359 (( move 2 2 3 3 ) noop ) )
LOG 1641835182596 [L0]: [Sent at 1641835182596] ( move 8 7 8 6 )
LOG 1641835182599 [L0]: [Received at 1641835182599] ( PLAY 29.breakthrough.1641835177359 (noop ( move 8 7 8 6 ) ) )
LOG 1641835182601 [L0]: [Sent at 1641835182601] noop
LOG 1641835182603 [L0]: [Received at 1641835182603] ( PLAY 29.breakthrough.1641835177359 (( move 3 3 3 4 ) noop ) )
LOG 1641835182605 [L0]: [Sent at 1641835182605] ( move 3 8 3 7 )
LOG 1641835182607 [L0]: [Received at 1641835182607] ( PLAY 29.breakthrough.1641835177359 (noop ( move 3 8 3 7 ) ) )
LOG 1641835182609 [L0]: [Sent at 1641835182609] noop
LOG 1641835182611 [L0]: [Received at 1641835182611] ( PLAY 29.breakthrough.1641835177359 (( move 3 4 4 5 ) noop ) )
LOG 1641835182612 [L0]: [Sent at 1641835182612] ( move 2 7 1 6 )
LOG 1641835182615 [L0]: [Received at 1641835182615] ( PLAY 29.breakthrough.1641835177359 (noop ( move 2 7 1 6 ) ) )
LOG 1641835182617 [L0]: [Sent at 1641835182617] noop
LOG 1641835182619 [L0]: [Received at 1641835182619] ( PLAY 29.breakthrough.1641835177359 (( move 5 2 6 3 ) noop ) )
LOG 1641835182621 [L0]: [Sent at 1641835182621] ( move 4 6 5 5 )
LOG 1641835182624 [L0]: [Received at 1641835182624] ( PLAY 29.breakthrough.1641835177359 (noop ( move 4 6 5 5 ) ) )
LOG 1641835182626 [L0]: [Sent at 1641835182626] noop
LOG 1641835182628 [L0]: [Received at 1641835182628] ( PLAY 29.breakthrough.1641835177359 (( move 4 5 4 6 ) noop ) )
LOG 1641835182629 [L0]: [Sent at 1641835182629] ( move 7 7 6 6 )
LOG 1641835182633 [L0]: [Received at 1641835182633] ( PLAY 29.breakthrough.1641835177359 (noop ( move 7 7 6 6 ) ) )
LOG 1641835182635 [L0]: [Sent at 1641835182635] noop
LOG 1641835182638 [L0]: [Received at 1641835182638] ( PLAY 29.breakthrough.1641835177359 (( move 4 2 4 3 ) noop ) )
LOG 1641835182639 [L0]: [Sent at 1641835182639] ( move 5 6 4 5 )
LOG 1641835182642 [L0]: [Received at 1641835182642] ( PLAY 29.breakthrough.1641835177359 (noop ( move 5 6 4 5 ) ) )
LOG 1641835182643 [L0]: [Sent at 1641835182643] noop
LOG 1641835182646 [L0]: [Received at 1641835182646] ( PLAY 29.breakthrough.1641835177359 (( move 8 2 8 3 ) noop ) )
LOG 1641835182647 [L0]: [Sent at 1641835182647] ( move 5 5 4 4 )
LOG 1641835182650 [L0]: [Received at 1641835182650] ( PLAY 29.breakthrough.1641835177359 (noop ( move 5 5 4 4 ) ) )
LOG 1641835182652 [L0]: [Sent at 1641835182652] noop
LOG 1641835182654 [L0]: [Received at 1641835182654] ( PLAY 29.breakthrough.1641835177359 (( move 7 2 7 3 ) noop ) )
LOG 1641835182656 [L0]: [Sent at 1641835182656] ( move 5 7 5 6 )
LOG 1641835182658 [L0]: [Received at 1641835182658] ( PLAY 29.breakthrough.1641835177359 (noop ( move 5 7 5 6 ) ) )
LOG 1641835182660 [L0]: [Sent at 1641835182660] noop
LOG 1641835182662 [L0]: [Received at 1641835182662] ( PLAY 29.breakthrough.1641835177359 (( move 1 1 2 2 ) noop ) )
LOG 1641835182664 [L0]: [Sent at 1641835182664] ( move 6 8 5 7 )
LOG 1641835182666 [L0]: [Received at 1641835182666] ( PLAY 29.breakthrough.1641835177359 (noop ( move 6 8 5 7 ) ) )
LOG 1641835182668 [L0]: [Sent at 1641835182668] noop
LOG 1641835182671 [L0]: [Received at 1641835182671] ( PLAY 29.breakthrough.1641835177359 (( move 6 3 5 4 ) noop ) )
LOG 1641835182672 [L0]: [Sent at 1641835182672] ( move 7 8 7 7 )
LOG 1641835182675 [L0]: [Received at 1641835182675] ( PLAY 29.breakthrough.1641835177359 (noop ( move 7 8 7 7 ) ) )
LOG 1641835182676 [L0]: [Sent at 1641835182676] noop
LOG 1641835182679 [L0]: [Received at 1641835182679] ( PLAY 29.breakthrough.1641835177359 (( move 6 4 7 5 ) noop ) )
LOG 1641835182680 [L0]: [Sent at 1641835182680] ( move 4 5 5 4 )
LOG 1641835182683 [L0]: [Received at 1641835182683] ( PLAY 29.breakthrough.1641835177359 (noop ( move 4 5 5 4 ) ) )
LOG 1641835182684 [L0]: [Sent at 1641835182684] noop
LOG 1641835182686 [L0]: [Received at 1641835182686] ( PLAY 29.breakthrough.1641835177359 (( move 7 1 7 2 ) noop ) )
LOG 1641835182688 [L0]: [Sent at 1641835182688] ( move 8 8 8 7 )
LOG 1641835182692 [L0]: [Received at 1641835182692] ( PLAY 29.breakthrough.1641835177359 (noop ( move 8 8 8 7 ) ) )
LOG 1641835182693 [L0]: [Sent at 1641835182693] noop
LOG 1641835182696 [L0]: [Received at 1641835182696] ( PLAY 29.breakthrough.1641835177359 (( move 3 2 2 3 ) noop ) )
LOG 1641835182697 [L0]: [Sent at 1641835182697] ( move 4 4 3 3 )
LOG 1641835182700 [L0]: [Received at 1641835182700] ( PLAY 29.breakthrough.1641835177359 (noop ( move 4 4 3 3 ) ) )
LOG 1641835182701 [L0]: [Sent at 1641835182701] noop
LOG 1641835182704 [L0]: [Received at 1641835182704] ( PLAY 29.breakthrough.1641835177359 (( move 4 1 4 2 ) noop ) )
LOG 1641835182705 [L0]: [Sent at 1641835182705] ( move 7 7 7 6 )
LOG 1641835182727 [L0]: [Received at 1641835182727] ( PLAY 29.breakthrough.1641835177359 (noop ( move 7 7 7 6 ) ) )
LOG 1641835182728 [L0]: [Sent at 1641835182728] noop
LOG 1641835182731 [L0]: [Received at 1641835182731] ( PLAY 29.breakthrough.1641835177359 (( move 8 3 7 4 ) noop ) )
LOG 1641835182732 [L0]: [Sent at 1641835182732] ( move 5 4 6 3 )
LOG 1641835182735 [L0]: [Received at 1641835182735] ( PLAY 29.breakthrough.1641835177359 (noop ( move 5 4 6 3 ) ) )
LOG 1641835182736 [L0]: [Sent at 1641835182736] noop
LOG 1641835182739 [L0]: [Received at 1641835182739] ( PLAY 29.breakthrough.1641835177359 (( move 2 3 2 4 ) noop ) )
LOG 1641835182740 [L0]: [Sent at 1641835182740] ( move 7 6 6 5 )
LOG 1641835182744 [L0]: [Received at 1641835182744] ( PLAY 29.breakthrough.1641835177359 (noop ( move 7 6 6 5 ) ) )
LOG 1641835182745 [L0]: [Sent at 1641835182745] noop
LOG 1641835182748 [L0]: [Received at 1641835182748] ( PLAY 29.breakthrough.1641835177359 (( move 7 3 8 4 ) noop ) )
LOG 1641835182749 [L0]: [Sent at 1641835182749] ( move 2 8 2 7 )
LOG 1641835182752 [L0]: [Received at 1641835182752] ( PLAY 29.breakthrough.1641835177359 (noop ( move 2 8 2 7 ) ) )
LOG 1641835182753 [L0]: [Sent at 1641835182753] noop
LOG 1641835182756 [L0]: [Received at 1641835182756] ( PLAY 29.breakthrough.1641835177359 (( move 7 5 6 6 ) noop ) )
LOG 1641835182757 [L0]: [Sent at 1641835182757] ( move 6 5 7 4 )
LOG 1641835182759 [L0]: [Received at 1641835182759] ( PLAY 29.breakthrough.1641835177359 (noop ( move 6 5 7 4 ) ) )
LOG 1641835182761 [L0]: [Sent at 1641835182761] noop
LOG 1641835182763 [L0]: [Received at 1641835182763] ( PLAY 29.breakthrough.1641835177359 (( move 2 2 1 3 ) noop ) )
LOG 1641835182765 [L0]: [Sent at 1641835182765] ( move 5 6 6 5 )
LOG 1641835182767 [L0]: [Received at 1641835182767] ( PLAY 29.breakthrough.1641835177359 (noop ( move 5 6 6 5 ) ) )
LOG 1641835182768 [L0]: [Sent at 1641835182768] noop
LOG 1641835182771 [L0]: [Received at 1641835182771] ( PLAY 29.breakthrough.1641835177359 (( move 4 6 5 7 ) noop ) )
LOG 1641835182773 [L0]: [Sent at 1641835182773] ( move 3 7 2 6 )
LOG 1641835182775 [L0]: [Received at 1641835182775] ( PLAY 29.breakthrough.1641835177359 (noop ( move 3 7 2 6 ) ) )
LOG 1641835182777 [L0]: [Sent at 1641835182777] noop
LOG 1641835182779 [L0]: [Received at 1641835182779] ( PLAY 29.breakthrough.1641835177359 (( move 4 3 4 4 ) noop ) )
LOG 1641835182780 [L0]: [Sent at 1641835182780] ( move 2 6 2 5 )
LOG 1641835182784 [L0]: [Received at 1641835182784] ( PLAY 29.breakthrough.1641835177359 (noop ( move 2 6 2 5 ) ) )
LOG 1641835182785 [L0]: [Sent at 1641835182785] noop
LOG 1641835182787 [L0]: [Received at 1641835182787] ( PLAY 29.breakthrough.1641835177359 (( move 2 4 3 5 ) noop ) )
LOG 1641835182789 [L0]: [Sent at 1641835182789] ( move 2 5 3 4 )
LOG 1641835182791 [L0]: [Received at 1641835182791] ( PLAY 29.breakthrough.1641835177359 (noop ( move 2 5 3 4 ) ) )
LOG 1641835182793 [L0]: [Sent at 1641835182793] noop
LOG 1641835182797 [L0]: [Received at 1641835182797] ( STOP 29.breakthrough.1641835177359 (( move 5 7 6 8 ) noop ) )
LOG 1641835182798 [L3]: Stopped logging to files at: Mon Jan 10 18:19:42 CET 2022
LOG 1641835182799 [L3]: LOG SEALED
