LOG 1641834138140 [L3]: Returning initial state machine.
LOG 1641834138140 [L3]: Returning PropNet state machine without cache.
LOG 1641834138141 [L3]: Starting metagame with available thinking time 4989ms.
LOG 1641834138142 [L3]: Starting search during metagame.
LOG 1641834143130 [L3]: Done searching during metagame.
LOG 1641834143133 [L3]: Starting move selection for game step 1 with available time 0ms.
LOG 1641834143133 [L3]: No time to select next move using MCTS. Returning random move noop.
LOG 1641834143137 [L3]: Starting move selection for game step 2 with available time 0ms.
LOG 1641834143139 [L3]: No time to select next move using MCTS. Returning random move ( move 4 7 4 6 ).
LOG 1641834143142 [L3]: Starting move selection for game step 3 with available time 0ms.
LOG 1641834143150 [L3]: No time to select next move using MCTS. Returning random move noop.
LOG 1641834143154 [L3]: Starting move selection for game step 4 with available time 0ms.
LOG 1641834143157 [L3]: No time to select next move using MCTS. Returning random move ( move 4 6 5 5 ).
LOG 1641834143160 [L3]: Starting move selection for game step 5 with available time 0ms.
LOG 1641834143161 [L3]: No time to select next move using MCTS. Returning random move noop.
LOG 1641834143164 [L3]: Starting move selection for game step 6 with available time 0ms.
LOG 1641834143164 [L3]: No time to select next move using MCTS. Returning random move ( move 2 7 1 6 ).
LOG 1641834143168 [L3]: Starting move selection for game step 7 with available time 0ms.
LOG 1641834143168 [L3]: No time to select next move using MCTS. Returning random move noop.
LOG 1641834143172 [L3]: Starting move selection for game step 8 with available time 0ms.
LOG 1641834143173 [L3]: No time to select next move using MCTS. Returning random move ( move 6 7 5 6 ).
LOG 1641834143177 [L3]: Starting move selection for game step 9 with available time 0ms.
LOG 1641834143177 [L3]: No time to select next move using MCTS. Returning random move noop.
LOG 1641834143180 [L3]: Starting move selection for game step 10 with available time 0ms.
LOG 1641834143181 [L3]: No time to select next move using MCTS. Returning random move ( move 1 7 2 6 ).
LOG 1641834143186 [L3]: Starting move selection for game step 11 with available time 0ms.
LOG 1641834143186 [L3]: No time to select next move using MCTS. Returning random move noop.
LOG 1641834143191 [L3]: Starting move selection for game step 12 with available time 0ms.
LOG 1641834143191 [L3]: No time to select next move using MCTS. Returning random move ( move 1 6 1 5 ).
LOG 1641834143195 [L3]: Starting move selection for game step 13 with available time 0ms.
LOG 1641834143195 [L3]: No time to select next move using MCTS. Returning random move noop.
LOG 1641834143199 [L3]: Starting move selection for game step 14 with available time 0ms.
LOG 1641834143199 [L3]: No time to select next move using MCTS. Returning random move ( move 5 8 6 7 ).
LOG 1641834143203 [L3]: Starting move selection for game step 15 with available time 0ms.
LOG 1641834143203 [L3]: No time to select next move using MCTS. Returning random move noop.
LOG 1641834143208 [L3]: Starting move selection for game step 16 with available time 0ms.
LOG 1641834143208 [L3]: No time to select next move using MCTS. Returning random move ( move 7 7 7 6 ).
LOG 1641834143212 [L3]: Starting move selection for game step 17 with available time 0ms.
LOG 1641834143212 [L3]: No time to select next move using MCTS. Returning random move noop.
LOG 1641834143216 [L3]: Starting move selection for game step 18 with available time 0ms.
LOG 1641834143216 [L3]: No time to select next move using MCTS. Returning random move ( move 5 6 6 5 ).
LOG 1641834143219 [L3]: Starting move selection for game step 19 with available time 0ms.
LOG 1641834143220 [L3]: No time to select next move using MCTS. Returning random move noop.
LOG 1641834143228 [L3]: Starting move selection for game step 20 with available time 0ms.
LOG 1641834143228 [L3]: No time to select next move using MCTS. Returning random move ( move 6 7 5 6 ).
LOG 1641834143232 [L3]: Starting move selection for game step 21 with available time 0ms.
LOG 1641834143232 [L3]: No time to select next move using MCTS. Returning random move noop.
LOG 1641834143236 [L3]: Starting move selection for game step 22 with available time 0ms.
LOG 1641834143236 [L3]: No time to select next move using MCTS. Returning random move ( move 6 5 5 4 ).
LOG 1641834143240 [L3]: Starting move selection for game step 23 with available time 0ms.
LOG 1641834143240 [L3]: No time to select next move using MCTS. Returning random move noop.
LOG 1641834143245 [L3]: Starting move selection for game step 24 with available time 0ms.
LOG 1641834143245 [L3]: No time to select next move using MCTS. Returning random move ( move 2 8 1 7 ).
LOG 1641834143249 [L3]: Starting move selection for game step 25 with available time 0ms.
LOG 1641834143249 [L3]: No time to select next move using MCTS. Returning random move noop.
LOG 1641834143253 [L3]: Starting move selection for game step 26 with available time 0ms.
LOG 1641834143253 [L3]: No time to select next move using MCTS. Returning random move ( move 6 8 6 7 ).
LOG 1641834143257 [L3]: Starting move selection for game step 27 with available time 0ms.
LOG 1641834143257 [L3]: No time to select next move using MCTS. Returning random move noop.
LOG 1641834143260 [L3]: Starting move selection for game step 28 with available time 0ms.
LOG 1641834143261 [L3]: No time to select next move using MCTS. Returning random move ( move 7 6 7 5 ).
LOG 1641834143264 [L3]: Starting move selection for game step 29 with available time 0ms.
LOG 1641834143265 [L3]: No time to select next move using MCTS. Returning random move noop.
LOG 1641834143268 [L3]: Starting move selection for game step 30 with available time 0ms.
LOG 1641834143269 [L3]: No time to select next move using MCTS. Returning random move ( move 5 7 6 6 ).
LOG 1641834143273 [L3]: Starting move selection for game step 31 with available time 0ms.
LOG 1641834143273 [L3]: No time to select next move using MCTS. Returning random move noop.
LOG 1641834143277 [L3]: Starting move selection for game step 32 with available time 0ms.
LOG 1641834143277 [L3]: No time to select next move using MCTS. Returning random move ( move 7 5 6 4 ).
LOG 1641834143281 [L3]: Starting move selection for game step 33 with available time 0ms.
LOG 1641834143282 [L3]: No time to select next move using MCTS. Returning random move noop.
LOG 1641834143286 [L3]: Starting move selection for game step 34 with available time 0ms.
LOG 1641834143286 [L3]: No time to select next move using MCTS. Returning random move ( move 6 6 5 5 ).
LOG 1641834143289 [L3]: Starting move selection for game step 35 with available time 0ms.
LOG 1641834143290 [L3]: No time to select next move using MCTS. Returning random move noop.
LOG 1641834143293 [L3]: Starting move selection for game step 36 with available time 0ms.
LOG 1641834143294 [L3]: No time to select next move using MCTS. Returning random move ( move 6 7 6 6 ).
LOG 1641834143297 [L3]: Starting move selection for game step 37 with available time 0ms.
LOG 1641834143297 [L3]: No time to select next move using MCTS. Returning random move noop.
LOG 1641834143302 [L3]: Starting move selection for game step 38 with available time 0ms.
LOG 1641834143302 [L3]: No time to select next move using MCTS. Returning random move ( move 5 5 4 4 ).
LOG 1641834143306 [L3]: Starting move selection for game step 39 with available time 0ms.
LOG 1641834143306 [L3]: No time to select next move using MCTS. Returning random move noop.
LOG 1641834143310 [L3]: Starting move selection for game step 40 with available time 0ms.
LOG 1641834143310 [L3]: No time to select next move using MCTS. Returning random move ( move 5 6 4 5 ).
LOG 1641834143314 [L3]: Starting move selection for game step 41 with available time 0ms.
LOG 1641834143314 [L3]: No time to select next move using MCTS. Returning random move noop.
LOG 1641834143317 [L3]: Starting move selection for game step 42 with available time 0ms.
LOG 1641834143318 [L3]: No time to select next move using MCTS. Returning random move ( move 1 5 2 4 ).
LOG 1641834143321 [L3]: Starting move selection for game step 43 with available time 0ms.
LOG 1641834143321 [L3]: No time to select next move using MCTS. Returning random move noop.
LOG 1641834143326 [L3]: Starting move selection for game step 44 with available time 0ms.
LOG 1641834143326 [L3]: No time to select next move using MCTS. Returning random move ( move 8 7 8 6 ).
LOG 1641834143330 [L3]: Starting move selection for game step 45 with available time 0ms.
LOG 1641834143330 [L3]: No time to select next move using MCTS. Returning random move noop.
LOG 1641834143335 [L3]: Starting move selection for game step 46 with available time 0ms.
LOG 1641834143335 [L3]: No time to select next move using MCTS. Returning random move ( move 3 7 4 6 ).
LOG 1641834143340 [L3]: Starting move selection for game step 47 with available time -1ms.
LOG 1641834143340 [L3]: No time to select next move using MCTS. Returning random move noop.
LOG 1641834143343 [L3]: Starting move selection for game step 48 with available time 0ms.
LOG 1641834143344 [L3]: No time to select next move using MCTS. Returning random move ( move 7 8 7 7 ).
LOG 1641834143347 [L3]: Starting move selection for game step 49 with available time 0ms.
LOG 1641834143348 [L3]: No time to select next move using MCTS. Returning random move noop.
LOG 1641834143351 [L3]: Starting move selection for game step 50 with available time 0ms.
LOG 1641834143352 [L3]: No time to select next move using MCTS. Returning random move ( move 1 7 1 6 ).
LOG 1641834143355 [L3]: Starting move selection for game step 51 with available time 0ms.
LOG 1641834143355 [L3]: No time to select next move using MCTS. Returning random move noop.
LOG 1641834143358 [L3]: Starting move selection for game step 52 with available time 0ms.
LOG 1641834143359 [L3]: No time to select next move using MCTS. Returning random move ( move 4 5 5 4 ).
LOG 1641834143362 [L3]: Starting move selection for game step 53 with available time 0ms.
LOG 1641834143362 [L3]: No time to select next move using MCTS. Returning random move noop.
LOG 1641834143366 [L3]: Starting move selection for game step 54 with available time 0ms.
LOG 1641834143366 [L3]: No time to select next move using MCTS. Returning random move ( move 8 6 7 5 ).
LOG 1641834143369 [L3]: Starting move selection for game step 55 with available time 0ms.
LOG 1641834143369 [L3]: No time to select next move using MCTS. Returning random move noop.
LOG 1641834143373 [L3]: Starting move selection for game step 56 with available time 0ms.
LOG 1641834143373 [L3]: No time to select next move using MCTS. Returning random move ( move 6 4 6 3 ).
LOG 1641834143376 [L3]: Starting move selection for game step 57 with available time 0ms.
LOG 1641834143377 [L3]: No time to select next move using MCTS. Returning random move noop.
LOG 1641834143380 [L3]: Starting move selection for game step 58 with available time 0ms.
LOG 1641834143380 [L3]: No time to select next move using MCTS. Returning random move ( move 4 6 5 5 ).
LOG 1641834143384 [L3]: Starting move selection for game step 59 with available time 0ms.
LOG 1641834143384 [L3]: No time to select next move using MCTS. Returning random move noop.
LOG 1641834143387 [L3]: Starting move selection for game step 60 with available time 0ms.
LOG 1641834143388 [L3]: No time to select next move using MCTS. Returning random move ( move 2 4 1 3 ).
LOG 1641834143391 [L3]: Starting move selection for game step 61 with available time 0ms.
LOG 1641834143391 [L3]: No time to select next move using MCTS. Returning random move noop.
LOG 1641834143396 [L3]: Starting move selection for game step 62 with available time 0ms.
LOG 1641834143396 [L3]: No time to select next move using MCTS. Returning random move ( move 6 3 6 2 ).
LOG 1641834143399 [L3]: Starting move selection for game step 63 with available time 0ms.
LOG 1641834143399 [L3]: No time to select next move using MCTS. Returning random move noop.
LOG 1641834143404 [L3]: Starting move selection for game step 64 with available time 0ms.
LOG 1641834143404 [L3]: No time to select next move using MCTS. Returning random move ( move 7 5 8 4 ).
LOG 1641834143407 [L3]: Starting move selection for game step 65 with available time 0ms.
LOG 1641834143407 [L3]: No time to select next move using MCTS. Returning random move noop.
LOG 1641834143411 [L3]: Starting move selection for game step 66 with available time 0ms.
LOG 1641834143412 [L3]: No time to select next move using MCTS. Returning random move ( move 4 8 3 7 ).
LOG 1641834143415 [L3]: Starting move selection for game step 67 with available time 0ms.
LOG 1641834143415 [L3]: No time to select next move using MCTS. Returning random move noop.
LOG 1641834143419 [L3]: Starting move selection for game step 68 with available time 0ms.
LOG 1641834143419 [L3]: No time to select next move using MCTS. Returning random move ( move 3 8 4 7 ).
LOG 1641834143422 [L3]: Starting move selection for game step 69 with available time 0ms.
LOG 1641834143422 [L3]: No time to select next move using MCTS. Returning random move noop.
LOG 1641834143426 [L3]: Starting move selection for game step 70 with available time -1ms.
LOG 1641834143426 [L3]: No time to select next move using MCTS. Returning random move ( move 7 7 8 6 ).
LOG 1641834143429 [L3]: Starting move selection for game step 71 with available time 0ms.
LOG 1641834143429 [L3]: No time to select next move using MCTS. Returning random move noop.
LOG 1641834143432 [L3]: Starting move selection for game step 72 with available time 0ms.
LOG 1641834143432 [L3]: No time to select next move using MCTS. Returning random move ( move 4 7 3 6 ).
LOG 1641834143436 [L3]: Starting move selection for game step 73 with available time 0ms.
LOG 1641834143436 [L3]: No time to select next move using MCTS. Returning random move noop.
LOG 1641834143439 [L3]: Starting move selection for game step 74 with available time 0ms.
LOG 1641834143439 [L3]: No time to select next move using MCTS. Returning random move ( move 3 7 4 6 ).
LOG 1641834143443 [L3]: Starting move selection for game step 75 with available time 0ms.
LOG 1641834143444 [L3]: No time to select next move using MCTS. Returning random move noop.
LOG 1641834143447 [L3]: Starting move selection for game step 76 with available time 0ms.
LOG 1641834143447 [L3]: No time to select next move using MCTS. Returning random move ( move 1 3 2 2 ).
LOG 1641834143450 [L3]: Starting move selection for game step 77 with available time 0ms.
LOG 1641834143451 [L3]: No time to select next move using MCTS. Returning random move noop.
