LOG 1641835923813 [L3]: Started match logging at: Mon Jan 10 18:32:03 CET 2022
LOG 1641835923815 [L3]: Game rules: [( role white ), ( role black ), ( <= ( base ( cell ?x ?y ?p ) ) ( index ?x ) ( index ?y ) ( role ?p ) ), ( <= ( base ( control ?p ) ) ( role ?p ) ), ( <= ( input ?p noop ) ( role ?p ) ), ( <= ( input ?p ( move ?x1 ?y1 ?x2 ?y2 ) ) ( role ?p ) ( index ?x1 ) ( index ?x2 ) ( index ?y1 ) ( index ?y2 ) ), ( init ( cell 1 1 white ) ), ( init ( cell 2 1 white ) ), ( init ( cell 3 1 white ) ), ( init ( cell 4 1 white ) ), ( init ( cell 5 1 white ) ), ( init ( cell 6 1 white ) ), ( init ( cell 7 1 white ) ), ( init ( cell 8 1 white ) ), ( init ( cell 1 2 white ) ), ( init ( cell 2 2 white ) ), ( init ( cell 3 2 white ) ), ( init ( cell 4 2 white ) ), ( init ( cell 5 2 white ) ), ( init ( cell 6 2 white ) ), ( init ( cell 7 2 white ) ), ( init ( cell 8 2 white ) ), ( init ( cell 1 7 black ) ), ( init ( cell 2 7 black ) ), ( init ( cell 3 7 black ) ), ( init ( cell 4 7 black ) ), ( init ( cell 5 7 black ) ), ( init ( cell 6 7 black ) ), ( init ( cell 7 7 black ) ), ( init ( cell 8 7 black ) ), ( init ( cell 1 8 black ) ), ( init ( cell 2 8 black ) ), ( init ( cell 3 8 black ) ), ( init ( cell 4 8 black ) ), ( init ( cell 5 8 black ) ), ( init ( cell 6 8 black ) ), ( init ( cell 7 8 black ) ), ( init ( cell 8 8 black ) ), ( init ( control white ) ), ( <= ( legal white noop ) ( true ( control black ) ) ), ( <= ( legal black noop ) ( true ( control white ) ) ), ( <= ( legal white ( move ?x1 ?y1 ?x2 ?y2 ) ) ( true ( control white ) ) ( true ( cell ?x1 ?y1 white ) ) ( whiteknightmove ?x1 ?y1 ?x2 ?y2 ) ( not ( true ( cell ?x2 ?y2 white ) ) ) ), ( <= ( legal black ( move ?x1 ?y1 ?x2 ?y2 ) ) ( true ( control black ) ) ( true ( cell ?x1 ?y1 black ) ) ( blackknightmove ?x1 ?y1 ?x2 ?y2 ) ( not ( true ( cell ?x2 ?y2 black ) ) ) ), ( <= ( next ( cell ?x ?y ?state ) ) ( true ( cell ?x ?y ?state ) ) ( does ?player ( move ?x1 ?y1 ?x2 ?y2 ) ) ( distinctcell ?x ?y ?x1 ?y1 ) ( distinctcell ?x ?y ?x2 ?y2 ) ), ( <= ( next ( cell ?x2 ?y2 ?player ) ) ( does ?player ( move ?x1 ?y1 ?x2 ?y2 ) ) ), ( <= ( next ( control black ) ) ( true ( control white ) ) ), ( <= ( next ( control white ) ) ( true ( control black ) ) ), ( <= terminal whitewin ), ( <= terminal blackwin ), ( <= ( goal white 100 ) whitewin ), ( <= ( goal white 0 ) blackwin ), ( <= ( goal black 100 ) blackwin ), ( <= ( goal black 0 ) whitewin ), ( <= whitewin ( index ?x ) ( true ( cell ?x 8 white ) ) ), ( <= blackwin ( index ?x ) ( true ( cell ?x 1 black ) ) ), ( <= whitewin ( not ( hasAnyPiece black ) ) ), ( <= blackwin ( not ( hasAnyPiece white ) ) ), ( <= ( hasAnyPiece ?player ) ( true ( cell ?x ?y ?player ) ) ), ( <= ( whiteknightmove ?x1 ?y1 ?x2 ?y2 ) ( plus 1 ?x1 ?x2 ) ( plus 2 ?y1 ?y2 ) ), ( <= ( whiteknightmove ?x1 ?y1 ?x2 ?y2 ) ( plus 1 ?x2 ?x1 ) ( plus 2 ?y1 ?y2 ) ), ( <= ( whiteknightmove ?x1 ?y1 ?x2 ?y2 ) ( plus 2 ?x1 ?x2 ) ( plus 1 ?y1 ?y2 ) ), ( <= ( whiteknightmove ?x1 ?y1 ?x2 ?y2 ) ( plus 2 ?x2 ?x1 ) ( plus 1 ?y1 ?y2 ) ), ( <= ( blackknightmove ?x1 ?y1 ?x2 ?y2 ) ( plus 1 ?x1 ?x2 ) ( plus 2 ?y2 ?y1 ) ), ( <= ( blackknightmove ?x1 ?y1 ?x2 ?y2 ) ( plus 1 ?x2 ?x1 ) ( plus 2 ?y2 ?y1 ) ), ( <= ( blackknightmove ?x1 ?y1 ?x2 ?y2 ) ( plus 2 ?x1 ?x2 ) ( plus 1 ?y2 ?y1 ) ), ( <= ( blackknightmove ?x1 ?y1 ?x2 ?y2 ) ( plus 2 ?x2 ?x1 ) ( plus 1 ?y2 ?y1 ) ), ( <= ( cell ?x ?y ) ( index ?x ) ( index ?y ) ), ( <= ( distinctcell ?x1 ?y1 ?x2 ?y2 ) ( cell ?x1 ?y1 ) ( cell ?x2 ?y2 ) ( distinct ?x1 ?x2 ) ), ( <= ( distinctcell ?x1 ?y1 ?x2 ?y2 ) ( cell ?x1 ?y1 ) ( cell ?x2 ?y2 ) ( distinct ?y1 ?y2 ) ), ( index 1 ), ( index 2 ), ( index 3 ), ( index 4 ), ( index 5 ), ( index 6 ), ( index 7 ), ( index 8 ), ( plus 1 1 2 ), ( plus 1 2 3 ), ( plus 1 3 4 ), ( plus 1 4 5 ), ( plus 1 5 6 ), ( plus 1 6 7 ), ( plus 1 7 8 ), ( plus 2 1 3 ), ( plus 2 2 4 ), ( plus 2 3 5 ), ( plus 2 4 6 ), ( plus 2 5 7 ), ( plus 2 6 8 )]
LOG 1641835923821 [L3]: Start clock: 15
LOG 1641835923821 [L3]: Play clock: 10
LOG 1641835928814 [L0]: [Sent at 1641835928814] ready
LOG 1641835928815 [L0]: [Received at 1641835928815] ( PLAY 19.knightThrough.1641835922259 NIL )
LOG 1641835928817 [L0]: [Sent at 1641835928817] noop
LOG 1641835928819 [L0]: [Received at 1641835928819] ( PLAY 19.knightThrough.1641835922259 (( move 4 2 6 3 ) noop ) )
LOG 1641835928821 [L0]: [Sent at 1641835928821] ( move 6 8 5 6 )
LOG 1641835928828 [L0]: [Received at 1641835928828] ( PLAY 19.knightThrough.1641835922259 (noop ( move 6 8 5 6 ) ) )
LOG 1641835928836 [L0]: [Sent at 1641835928836] noop
LOG 1641835928842 [L0]: [Received at 1641835928842] ( PLAY 19.knightThrough.1641835922259 (( move 2 2 4 3 ) noop ) )
LOG 1641835928845 [L0]: [Sent at 1641835928845] ( move 5 8 6 6 )
LOG 1641835928859 [L0]: [Received at 1641835928859] ( PLAY 19.knightThrough.1641835922259 (noop ( move 5 8 6 6 ) ) )
LOG 1641835928860 [L0]: [Sent at 1641835928860] noop
LOG 1641835928863 [L0]: [Received at 1641835928863] ( PLAY 19.knightThrough.1641835922259 (( move 7 2 8 4 ) noop ) )
LOG 1641835928865 [L0]: [Sent at 1641835928865] ( move 5 6 7 5 )
LOG 1641835928867 [L0]: [Received at 1641835928867] ( PLAY 19.knightThrough.1641835922259 (noop ( move 5 6 7 5 ) ) )
LOG 1641835928868 [L0]: [Sent at 1641835928868] noop
LOG 1641835928870 [L0]: [Received at 1641835928870] ( PLAY 19.knightThrough.1641835922259 (( move 6 2 5 4 ) noop ) )
LOG 1641835928872 [L0]: [Sent at 1641835928872] ( move 6 6 4 5 )
LOG 1641835928874 [L0]: [Received at 1641835928874] ( PLAY 19.knightThrough.1641835922259 (noop ( move 6 6 4 5 ) ) )
LOG 1641835928875 [L0]: [Sent at 1641835928875] noop
LOG 1641835928877 [L0]: [Received at 1641835928877] ( PLAY 19.knightThrough.1641835922259 (( move 8 1 6 2 ) noop ) )
LOG 1641835928879 [L0]: [Sent at 1641835928879] ( move 8 7 6 6 )
LOG 1641835928882 [L0]: [Received at 1641835928882] ( PLAY 19.knightThrough.1641835922259 (noop ( move 8 7 6 6 ) ) )
LOG 1641835928883 [L0]: [Sent at 1641835928883] noop
LOG 1641835928886 [L0]: [Received at 1641835928886] ( PLAY 19.knightThrough.1641835922259 (( move 4 1 2 2 ) noop ) )
LOG 1641835928888 [L0]: [Sent at 1641835928888] ( move 4 7 3 5 )
LOG 1641835928891 [L0]: [Received at 1641835928891] ( PLAY 19.knightThrough.1641835922259 (noop ( move 4 7 3 5 ) ) )
LOG 1641835928893 [L0]: [Sent at 1641835928893] noop
LOG 1641835928895 [L0]: [Received at 1641835928895] ( PLAY 19.knightThrough.1641835922259 (( move 5 4 3 5 ) noop ) )
LOG 1641835928896 [L0]: [Sent at 1641835928896] ( move 4 5 3 3 )
LOG 1641835928899 [L0]: [Received at 1641835928899] ( PLAY 19.knightThrough.1641835922259 (noop ( move 4 5 3 3 ) ) )
LOG 1641835928900 [L0]: [Sent at 1641835928900] noop
LOG 1641835928902 [L0]: [Received at 1641835928902] ( PLAY 19.knightThrough.1641835922259 (( move 3 5 2 7 ) noop ) )
LOG 1641835928903 [L0]: [Sent at 1641835928903] ( move 7 7 6 5 )
LOG 1641835928906 [L0]: [Received at 1641835928906] ( PLAY 19.knightThrough.1641835922259 (noop ( move 7 7 6 5 ) ) )
LOG 1641835928907 [L0]: [Sent at 1641835928907] noop
LOG 1641835928909 [L0]: [Received at 1641835928909] ( PLAY 19.knightThrough.1641835922259 (( move 1 1 2 3 ) noop ) )
LOG 1641835928911 [L0]: [Sent at 1641835928911] ( move 6 7 5 5 )
LOG 1641835928913 [L0]: [Received at 1641835928913] ( PLAY 19.knightThrough.1641835922259 (noop ( move 6 7 5 5 ) ) )
LOG 1641835928915 [L0]: [Sent at 1641835928915] noop
LOG 1641835928917 [L0]: [Received at 1641835928917] ( PLAY 19.knightThrough.1641835922259 (( move 1 2 2 4 ) noop ) )
LOG 1641835928919 [L0]: [Sent at 1641835928919] ( move 6 6 5 4 )
LOG 1641835928920 [L0]: [Received at 1641835928920] ( PLAY 19.knightThrough.1641835922259 (noop ( move 6 6 5 4 ) ) )
LOG 1641835928921 [L0]: [Sent at 1641835928921] noop
LOG 1641835928923 [L0]: [Received at 1641835928923] ( PLAY 19.knightThrough.1641835922259 (( move 8 4 6 5 ) noop ) )
LOG 1641835928925 [L0]: [Sent at 1641835928925] ( move 7 8 6 6 )
LOG 1641835928927 [L0]: [Received at 1641835928927] ( PLAY 19.knightThrough.1641835922259 (noop ( move 7 8 6 6 ) ) )
LOG 1641835928928 [L0]: [Sent at 1641835928928] noop
LOG 1641835928930 [L0]: [Received at 1641835928930] ( PLAY 19.knightThrough.1641835922259 (( move 4 3 6 4 ) noop ) )
LOG 1641835928932 [L0]: [Sent at 1641835928932] ( move 5 4 6 2 )
LOG 1641835928934 [L0]: [Received at 1641835928934] ( PLAY 19.knightThrough.1641835922259 (noop ( move 5 4 6 2 ) ) )
LOG 1641835928935 [L0]: [Sent at 1641835928935] noop
LOG 1641835928937 [L0]: [Received at 1641835928937] ( PLAY 19.knightThrough.1641835922259 (( move 2 2 1 4 ) noop ) )
LOG 1641835928939 [L0]: [Sent at 1641835928939] ( move 4 8 2 7 )
LOG 1641835928941 [L0]: [Received at 1641835928941] ( PLAY 19.knightThrough.1641835922259 (noop ( move 4 8 2 7 ) ) )
LOG 1641835928943 [L0]: [Sent at 1641835928943] noop
LOG 1641835928945 [L0]: [Received at 1641835928945] ( PLAY 19.knightThrough.1641835922259 (( move 8 2 7 4 ) noop ) )
LOG 1641835928946 [L0]: [Sent at 1641835928946] ( move 2 8 1 6 )
LOG 1641835928948 [L0]: [Received at 1641835928948] ( PLAY 19.knightThrough.1641835922259 (noop ( move 2 8 1 6 ) ) )
LOG 1641835928949 [L0]: [Sent at 1641835928949] noop
LOG 1641835928951 [L0]: [Received at 1641835928951] ( PLAY 19.knightThrough.1641835922259 (( move 5 1 4 3 ) noop ) )
LOG 1641835928952 [L0]: [Sent at 1641835928952] ( move 6 2 4 1 )
LOG 1641835928954 [L0]: [Received at 1641835928954] ( STOP 19.knightThrough.1641835922259 (noop ( move 6 2 4 1 ) ) )
LOG 1641835928955 [L3]: Stopped logging to files at: Mon Jan 10 18:32:08 CET 2022
LOG 1641835928955 [L3]: LOG SEALED
