LOG 1641840965441 [L3]: Started match logging at: Mon Jan 10 19:56:05 CET 2022
LOG 1641840965457 [L3]: Game rules: [( role x ), ( role o ), ( init ( quad x 12 ) ), ( init ( quad o 12 ) ), ( init ( white x 5 ) ), ( init ( white o 5 ) ), ( init ( cell r1 c2 b ) ), ( init ( cell r1 c3 b ) ), ( init ( cell r1 c4 b ) ), ( init ( cell r1 c5 b ) ), ( init ( cell r1 c6 b ) ), ( init ( cell r2 c1 b ) ), ( init ( cell r2 c2 b ) ), ( init ( cell r2 c3 b ) ), ( init ( cell r2 c4 b ) ), ( init ( cell r2 c5 b ) ), ( init ( cell r2 c6 b ) ), ( init ( cell r2 c7 b ) ), ( init ( cell r3 c1 b ) ), ( init ( cell r3 c2 b ) ), ( init ( cell r3 c3 b ) ), ( init ( cell r3 c4 b ) ), ( init ( cell r3 c5 b ) ), ( init ( cell r3 c6 b ) ), ( init ( cell r3 c7 b ) ), ( init ( cell r4 c1 b ) ), ( init ( cell r4 c2 b ) ), ( init ( cell r4 c3 b ) ), ( init ( cell r4 c4 b ) ), ( init ( cell r4 c5 b ) ), ( init ( cell r4 c6 b ) ), ( init ( cell r4 c7 b ) ), ( init ( cell r5 c1 b ) ), ( init ( cell r5 c2 b ) ), ( init ( cell r5 c3 b ) ), ( init ( cell r5 c4 b ) ), ( init ( cell r5 c5 b ) ), ( init ( cell r5 c6 b ) ), ( init ( cell r5 c7 b ) ), ( init ( cell r6 c1 b ) ), ( init ( cell r6 c2 b ) ), ( init ( cell r6 c3 b ) ), ( init ( cell r6 c4 b ) ), ( init ( cell r6 c5 b ) ), ( init ( cell r6 c6 b ) ), ( init ( cell r6 c7 b ) ), ( init ( cell r7 c2 b ) ), ( init ( cell r7 c3 b ) ), ( init ( cell r7 c4 b ) ), ( init ( cell r7 c5 b ) ), ( init ( cell r7 c6 b ) ), ( init ( control x ) ), ( ncol c1 c2 ), ( ncol c2 c3 ), ( ncol c3 c4 ), ( ncol c4 c5 ), ( ncol c5 c6 ), ( ncol c6 c7 ), ( nrow r1 r2 ), ( nrow r2 r3 ), ( nrow r3 r4 ), ( nrow r4 r5 ), ( nrow r5 r6 ), ( nrow r6 r7 ), ( <= ( prow ?x ?y ) ( nrow ?y ?x ) ), ( <= ( pcol ?x ?y ) ( ncol ?y ?x ) ), ( succ 0 1 ), ( succ 1 2 ), ( succ 2 3 ), ( succ 3 4 ), ( succ 4 5 ), ( succ 5 6 ), ( succ 6 7 ), ( succ 7 8 ), ( succ 8 9 ), ( succ 9 10 ), ( succ 10 11 ), ( succ 11 12 ), ( succ 12 13 ), ( succ 13 14 ), ( succ 14 15 ), ( succ 15 16 ), ( succ 16 17 ), ( succ 17 18 ), ( succ 18 19 ), ( succ 19 20 ), ( <= ( legal ?player ( mark ?x ?y ) ) ( true ( cell ?x ?y b ) ) ( true ( control ?player ) ) ), ( <= ( legal ?player ( block ?x ?y ) ) ( true ( cell ?x ?y b ) ) ( true ( control ?player ) ) ( true ( white ?player ?c ) ) ( distinct ?c 0 ) ), ( <= ( legal x noop ) ( true ( control o ) ) ), ( <= ( legal o noop ) ( true ( control x ) ) ), ( <= ( next ( cell ?m ?n ?p ) ) ( does ?p ( mark ?m ?n ) ) ), ( <= ( next ( cell ?m ?n w ) ) ( does ?p ( block ?m ?n ) ) ), ( <= ( next ( cell ?m ?n ?p ) ) ( true ( cell ?m ?n ?p ) ) ( distinct ?p b ) ), ( <= ( next ( cell ?m ?n b ) ) ( does ?W ( mark ?j ?k ) ) ( true ( cell ?m ?n b ) ) ( distinct ?m ?j ) ), ( <= ( next ( cell ?m ?n b ) ) ( does ?W ( mark ?j ?k ) ) ( true ( cell ?m ?n b ) ) ( distinct ?n ?k ) ), ( <= ( next ( cell ?m ?n b ) ) ( does ?W ( block ?j ?k ) ) ( true ( cell ?m ?n b ) ) ( distinct ?m ?j ) ), ( <= ( next ( cell ?m ?n b ) ) ( does ?W ( block ?j ?k ) ) ( true ( cell ?m ?n b ) ) ( distinct ?n ?k ) ), ( <= ( next ( quad ?p ?c ) ) ( true ( control ?q ) ) ( true ( quad ?p ?c ) ) ( distinct ?p ?q ) ), ( <= ( next ( white ?p ?c ) ) ( true ( control ?q ) ) ( true ( white ?p ?c ) ) ( distinct ?p ?q ) ), ( <= ( next ( quad ?p ?c ) ) ( does ?p ( mark ?j ?k ) ) ( true ( quad ?p ?c1 ) ) ( succ ?c ?c1 ) ), ( <= ( next ( white ?p ?c ) ) ( does ?p ( block ?j ?k ) ) ( true ( white ?p ?c1 ) ) ( succ ?c ?c1 ) ), ( <= ( next ( quad ?p ?c ) ) ( does ?p ( block ?j ?k ) ) ( true ( quad ?p ?c ) ) ), ( <= ( next ( white ?p ?c ) ) ( does ?p ( mark ?j ?k ) ) ( true ( white ?p ?c ) ) ), ( <= ( next ( control x ) ) ( does o ( mark ?j ?k ) ) ( true ( control o ) ) ), ( <= ( next ( control o ) ) ( does x ( mark ?j ?k ) ) ( true ( control x ) ) ), ( <= ( next ( control ?p ) ) ( does ?p ( block ?j ?k ) ) ( true ( control ?p ) ) ), ( <= ( square ?x1 ?y1 ?x1 ?y2 ?x2 ?y1 ?x2 ?y2 ) ( ncol ?y1 ?y2 ) ( nrow ?x1 ?x2 ) ), ( <= ( square ?x1 ?y1 ?x1 ?y2 ?x2 ?y1 ?x2 ?y2 ) ( ncol ?y3 ?y2 ) ( nrow ?x3 ?x2 ) ( square ?x1 ?y1 ?x1 ?y3 ?x3 ?y1 ?x3 ?y3 ) ), ( <= ( square ?x1 ?y1 ?x2 ?y2 ?x3 ?y3 ?x4 ?y4 ) ( prow ?x2p ?x2 ) ( ncol ?y3n ?y3 ) ( prow ?x4p ?x4 ) ( ncol ?y4n ?y4 ) ( square ?x1 ?y1 ?x2p ?y2 ?x3 ?y3n ?x4p ?y4n ) ), ( <= win ( true ( cell ?x1 ?y1 x ) ) ( true ( cell ?x2 ?y2 x ) ) ( true ( cell ?x3 ?y3 x ) ) ( true ( cell ?x4 ?y4 x ) ) ( square ?x1 ?y1 ?x2 ?y2 ?x3 ?y3 ?x4 ?y4 ) ), ( <= lose ( true ( cell ?x1 ?y1 o ) ) ( true ( cell ?x2 ?y2 o ) ) ( true ( cell ?x3 ?y3 o ) ) ( true ( cell ?x4 ?y4 o ) ) ( square ?x1 ?y1 ?x2 ?y2 ?x3 ?y3 ?x4 ?y4 ) ), ( <= winByOpenQuad ( not lose ) ( not open ) ( true ( cell ?x1 ?y1 x ) ) ( true ( cell ?x2 ?y2 x ) ) ( true ( cell ?x3 ?y3 x ) ) ( true ( cell ?x4 ?y4 b ) ) ( square ?x1 ?y1 ?x2 ?y2 ?x3 ?y3 ?x4 ?y4 ) ), ( <= winByOpenQuad ( not lose ) ( not open ) ( true ( cell ?x1 ?y1 x ) ) ( true ( cell ?x2 ?y2 b ) ) ( true ( cell ?x3 ?y3 x ) ) ( true ( cell ?x4 ?y4 x ) ) ( square ?x1 ?y1 ?x2 ?y2 ?x3 ?y3 ?x4 ?y4 ) ), ( <= winByOpenQuad ( not lose ) ( not open ) ( true ( cell ?x1 ?y1 x ) ) ( true ( cell ?x2 ?y2 x ) ) ( true ( cell ?x3 ?y3 b ) ) ( true ( cell ?x4 ?y4 x ) ) ( square ?x1 ?y1 ?x2 ?y2 ?x3 ?y3 ?x4 ?y4 ) ), ( <= winByOpenQuad ( not lose ) ( not open ) ( true ( cell ?x1 ?y1 b ) ) ( true ( cell ?x2 ?y2 x ) ) ( true ( cell ?x3 ?y3 x ) ) ( true ( cell ?x4 ?y4 x ) ) ( square ?x1 ?y1 ?x2 ?y2 ?x3 ?y3 ?x4 ?y4 ) ), ( <= open ( true ( quad ?p ?c ) ) ( distinct ?c 0 ) ), ( <= ( more ?x 0 ) ( succ ?y ?x ) ), ( <= ( more ?x ?y ) ( succ ?x1 ?x ) ( succ ?y1 ?y ) ( more ?x1 ?y1 ) ), ( <= morewhite ( true ( white x ?a ) ) ( true ( white o ?b ) ) ( more ?a ?b ) ), ( <= lesswhite ( true ( white x ?a ) ) ( true ( white o ?b ) ) ( more ?b ?a ) ), ( <= equalwhite ( true ( white x ?a ) ) ( true ( white o ?a ) ) ), ( <= ( goal x 100 ) win ), ( <= ( goal x 95 ) ( not win ) winByOpenQuad ), ( <= ( goal x 90 ) ( not win ) ( not winByOpenQuad ) ( not lose ) ( not open ) morewhite ), ( <= ( goal x 50 ) ( not win ) ( not winByOpenQuad ) ( not lose ) ( not open ) equalwhite ), ( <= ( goal x 10 ) ( not win ) ( not winByOpenQuad ) ( not lose ) ( not open ) lesswhite ), ( <= ( goal x 0 ) lose ), ( <= ( goal o 100 ) lose ), ( <= ( goal o 90 ) ( not win ) ( not winByOpenQuad ) ( not lose ) ( not open ) lesswhite ), ( <= ( goal o 50 ) ( not win ) ( not winByOpenQuad ) ( not lose ) ( not open ) equalwhite ), ( <= ( goal o 10 ) ( not win ) ( not winByOpenQuad ) ( not lose ) ( not open ) morewhite ), ( <= ( goal o 5 ) ( not win ) winByOpenQuad ), ( <= ( goal o 0 ) win ), ( <= terminal win ), ( <= terminal lose ), ( <= terminal ( not open ) )]
LOG 1641840965459 [L3]: Start clock: 15
LOG 1641840965459 [L3]: Play clock: 10
LOG 1641840970435 [L0]: [Sent at 1641840970435] ready
LOG 1641840970441 [L0]: [Received at 1641840970441] ( PLAY 0.quad_7x7.1641840964327 NIL )
LOG 1641840970443 [L0]: [Sent at 1641840970443] noop
LOG 1641840970455 [L0]: [Received at 1641840970455] ( PLAY 0.quad_7x7.1641840964327 (( mark r5 c3 ) noop ) )
LOG 1641840970464 [L0]: [Sent at 1641840970464] ( block r2 c6 )
LOG 1641840970472 [L0]: [Received at 1641840970472] ( PLAY 0.quad_7x7.1641840964327 (noop ( block r2 c6 ) ) )
LOG 1641840970487 [L0]: [Sent at 1641840970487] ( mark r2 c7 )
LOG 1641840970495 [L0]: [Received at 1641840970495] ( PLAY 0.quad_7x7.1641840964327 (noop ( mark r2 c7 ) ) )
LOG 1641840970505 [L0]: [Sent at 1641840970505] noop
LOG 1641840970514 [L0]: [Received at 1641840970514] ( PLAY 0.quad_7x7.1641840964327 (( mark r2 c3 ) noop ) )
LOG 1641840970516 [L0]: [Sent at 1641840970516] ( block r6 c6 )
LOG 1641840970522 [L0]: [Received at 1641840970522] ( PLAY 0.quad_7x7.1641840964327 (noop ( block r6 c6 ) ) )
LOG 1641840970524 [L0]: [Sent at 1641840970524] ( block r6 c5 )
LOG 1641840970529 [L0]: [Received at 1641840970529] ( PLAY 0.quad_7x7.1641840964327 (noop ( block r6 c5 ) ) )
LOG 1641840970531 [L0]: [Sent at 1641840970531] ( block r3 c6 )
LOG 1641840970535 [L0]: [Received at 1641840970535] ( PLAY 0.quad_7x7.1641840964327 (noop ( block r3 c6 ) ) )
LOG 1641840970537 [L0]: [Sent at 1641840970537] ( mark r3 c1 )
LOG 1641840970542 [L0]: [Received at 1641840970542] ( PLAY 0.quad_7x7.1641840964327 (noop ( mark r3 c1 ) ) )
LOG 1641840970544 [L0]: [Sent at 1641840970544] noop
LOG 1641840970566 [L0]: [Received at 1641840970566] ( PLAY 0.quad_7x7.1641840964327 (( mark r1 c6 ) noop ) )
LOG 1641840970568 [L0]: [Sent at 1641840970567] ( mark r6 c7 )
LOG 1641840970576 [L0]: [Received at 1641840970576] ( PLAY 0.quad_7x7.1641840964327 (noop ( mark r6 c7 ) ) )
LOG 1641840970578 [L0]: [Sent at 1641840970578] noop
LOG 1641840970606 [L0]: [Received at 1641840970606] ( PLAY 0.quad_7x7.1641840964327 (( mark r7 c4 ) noop ) )
LOG 1641840970608 [L0]: [Sent at 1641840970608] ( block r4 c3 )
LOG 1641840970613 [L0]: [Received at 1641840970613] ( PLAY 0.quad_7x7.1641840964327 (noop ( block r4 c3 ) ) )
LOG 1641840970615 [L0]: [Sent at 1641840970615] ( mark r7 c2 )
LOG 1641840970628 [L0]: [Received at 1641840970628] ( PLAY 0.quad_7x7.1641840964327 (noop ( mark r7 c2 ) ) )
LOG 1641840970630 [L0]: [Sent at 1641840970630] noop
LOG 1641840970665 [L0]: [Received at 1641840970665] ( PLAY 0.quad_7x7.1641840964327 (( mark r5 c1 ) noop ) )
LOG 1641840970667 [L0]: [Sent at 1641840970667] ( mark r6 c4 )
LOG 1641840970694 [L0]: [Received at 1641840970694] ( PLAY 0.quad_7x7.1641840964327 (noop ( mark r6 c4 ) ) )
LOG 1641840970697 [L0]: [Sent at 1641840970697] noop
LOG 1641840970728 [L0]: [Received at 1641840970728] ( PLAY 0.quad_7x7.1641840964327 (( mark r7 c3 ) noop ) )
LOG 1641840970731 [L0]: [Sent at 1641840970731] ( mark r7 c6 )
LOG 1641840970762 [L0]: [Received at 1641840970762] ( PLAY 0.quad_7x7.1641840964327 (noop ( mark r7 c6 ) ) )
LOG 1641840970764 [L0]: [Sent at 1641840970764] noop
LOG 1641840970774 [L0]: [Received at 1641840970774] ( PLAY 0.quad_7x7.1641840964327 (( block r5 c5 ) noop ) )
LOG 1641840970776 [L0]: [Sent at 1641840970776] noop
LOG 1641840970787 [L0]: [Received at 1641840970787] ( PLAY 0.quad_7x7.1641840964327 (( block r2 c4 ) noop ) )
LOG 1641840970789 [L0]: [Sent at 1641840970789] noop
LOG 1641840970800 [L0]: [Received at 1641840970800] ( PLAY 0.quad_7x7.1641840964327 (( block r2 c2 ) noop ) )
LOG 1641840970802 [L0]: [Sent at 1641840970802] noop
LOG 1641840970812 [L0]: [Received at 1641840970812] ( PLAY 0.quad_7x7.1641840964327 (( block r3 c2 ) noop ) )
LOG 1641840970813 [L0]: [Sent at 1641840970813] noop
LOG 1641840970821 [L0]: [Received at 1641840970821] ( PLAY 0.quad_7x7.1641840964327 (( block r3 c5 ) noop ) )
LOG 1641840970823 [L0]: [Sent at 1641840970823] noop
LOG 1641840970898 [L0]: [Received at 1641840970898] ( PLAY 0.quad_7x7.1641840964327 (( mark r1 c4 ) noop ) )
LOG 1641840970901 [L0]: [Sent at 1641840970901] ( mark r5 c4 )
LOG 1641840970959 [L0]: [Received at 1641840970959] ( PLAY 0.quad_7x7.1641840964327 (noop ( mark r5 c4 ) ) )
LOG 1641840970961 [L0]: [Sent at 1641840970961] noop
LOG 1641840971147 [L0]: [Received at 1641840971147] ( PLAY 0.quad_7x7.1641840964327 (( mark r4 c7 ) noop ) )
LOG 1641840971149 [L0]: [Sent at 1641840971149] ( mark r4 c6 )
LOG 1641840971221 [L0]: [Received at 1641840971221] ( PLAY 0.quad_7x7.1641840964327 (noop ( mark r4 c6 ) ) )
LOG 1641840971222 [L0]: [Sent at 1641840971222] noop
LOG 1641840971352 [L0]: [Received at 1641840971352] ( PLAY 0.quad_7x7.1641840964327 (( mark r5 c6 ) noop ) )
LOG 1641840971354 [L0]: [Sent at 1641840971354] ( mark r2 c1 )
LOG 1641840971433 [L0]: [Received at 1641840971433] ( PLAY 0.quad_7x7.1641840964327 (noop ( mark r2 c1 ) ) )
LOG 1641840971435 [L0]: [Sent at 1641840971435] noop
LOG 1641840971598 [L0]: [Received at 1641840971598] ( PLAY 0.quad_7x7.1641840964327 (( mark r1 c2 ) noop ) )
LOG 1641840971600 [L0]: [Sent at 1641840971600] ( mark r3 c3 )
LOG 1641840971734 [L0]: [Received at 1641840971734] ( PLAY 0.quad_7x7.1641840964327 (noop ( mark r3 c3 ) ) )
LOG 1641840971735 [L0]: [Sent at 1641840971735] noop
LOG 1641840972027 [L0]: [Received at 1641840972027] ( PLAY 0.quad_7x7.1641840964327 (( mark r5 c7 ) noop ) )
LOG 1641840972029 [L0]: [Sent at 1641840972029] ( mark r3 c4 )
LOG 1641840972323 [L0]: [Received at 1641840972323] ( PLAY 0.quad_7x7.1641840964327 (noop ( mark r3 c4 ) ) )
LOG 1641840972324 [L0]: [Sent at 1641840972324] noop
LOG 1641840972770 [L0]: [Received at 1641840972770] ( STOP 0.quad_7x7.1641840964327 (( mark r5 c2 ) noop ) )
LOG 1641840972772 [L3]: Stopped logging to files at: Mon Jan 10 19:56:12 CET 2022
LOG 1641840972772 [L3]: LOG SEALED
