LOG 1641835735161 [L3]: Returning initial state machine.
LOG 1641835735162 [L3]: Returning PropNet state machine without cache.
LOG 1641835735162 [L3]: Starting metagame with available thinking time 4990ms.
LOG 1641835735163 [L3]: Starting search during metagame.
LOG 1641835740152 [L3]: Done searching during metagame.
LOG 1641835740155 [L3]: Starting move selection for game step 1 with available time 0ms.
LOG 1641835740155 [L3]: No time to select next move using MCTS. Returning random move noop.
LOG 1641835740176 [L3]: Starting move selection for game step 2 with available time 0ms.
LOG 1641835740179 [L3]: No time to select next move using MCTS. Returning random move ( move 2 7 3 5 ).
LOG 1641835740183 [L3]: Starting move selection for game step 3 with available time 0ms.
LOG 1641835740192 [L3]: No time to select next move using MCTS. Returning random move noop.
LOG 1641835740196 [L3]: Starting move selection for game step 4 with available time 0ms.
LOG 1641835740200 [L3]: No time to select next move using MCTS. Returning random move ( move 3 5 2 3 ).
LOG 1641835740203 [L3]: Starting move selection for game step 5 with available time 0ms.
LOG 1641835740204 [L3]: No time to select next move using MCTS. Returning random move noop.
LOG 1641835740207 [L3]: Starting move selection for game step 6 with available time 0ms.
LOG 1641835740208 [L3]: No time to select next move using MCTS. Returning random move ( move 4 8 3 6 ).
LOG 1641835740211 [L3]: Starting move selection for game step 7 with available time 0ms.
LOG 1641835740211 [L3]: No time to select next move using MCTS. Returning random move noop.
LOG 1641835740215 [L3]: Starting move selection for game step 8 with available time 0ms.
LOG 1641835740215 [L3]: No time to select next move using MCTS. Returning random move ( move 4 7 5 5 ).
LOG 1641835740218 [L3]: Starting move selection for game step 9 with available time 0ms.
LOG 1641835740218 [L3]: No time to select next move using MCTS. Returning random move noop.
LOG 1641835740222 [L3]: Starting move selection for game step 10 with available time 0ms.
LOG 1641835740222 [L3]: No time to select next move using MCTS. Returning random move ( move 7 7 5 6 ).
LOG 1641835740226 [L3]: Starting move selection for game step 11 with available time 0ms.
LOG 1641835740226 [L3]: No time to select next move using MCTS. Returning random move noop.
LOG 1641835740231 [L3]: Starting move selection for game step 12 with available time 0ms.
LOG 1641835740231 [L3]: No time to select next move using MCTS. Returning random move ( move 5 7 6 5 ).
LOG 1641835740234 [L3]: Starting move selection for game step 13 with available time 0ms.
LOG 1641835740234 [L3]: No time to select next move using MCTS. Returning random move noop.
LOG 1641835740237 [L3]: Starting move selection for game step 14 with available time 0ms.
LOG 1641835740238 [L3]: No time to select next move using MCTS. Returning random move ( move 3 6 1 5 ).
LOG 1641835740241 [L3]: Starting move selection for game step 15 with available time 0ms.
LOG 1641835740242 [L3]: No time to select next move using MCTS. Returning random move noop.
LOG 1641835740245 [L3]: Starting move selection for game step 16 with available time 0ms.
LOG 1641835740245 [L3]: No time to select next move using MCTS. Returning random move ( move 6 5 8 4 ).
LOG 1641835740248 [L3]: Starting move selection for game step 17 with available time -1ms.
LOG 1641835740248 [L3]: No time to select next move using MCTS. Returning random move noop.
LOG 1641835740251 [L3]: Starting move selection for game step 18 with available time 0ms.
LOG 1641835740251 [L3]: No time to select next move using MCTS. Returning random move ( move 5 6 6 4 ).
LOG 1641835740254 [L3]: Starting move selection for game step 19 with available time 0ms.
LOG 1641835740255 [L3]: No time to select next move using MCTS. Returning random move noop.
LOG 1641835740258 [L3]: Starting move selection for game step 20 with available time 0ms.
LOG 1641835740259 [L3]: No time to select next move using MCTS. Returning random move ( move 1 7 3 6 ).
LOG 1641835740262 [L3]: Starting move selection for game step 21 with available time -1ms.
LOG 1641835740262 [L3]: No time to select next move using MCTS. Returning random move noop.
LOG 1641835740265 [L3]: Starting move selection for game step 22 with available time 0ms.
LOG 1641835740265 [L3]: No time to select next move using MCTS. Returning random move ( move 6 8 7 6 ).
LOG 1641835740268 [L3]: Starting move selection for game step 23 with available time 0ms.
LOG 1641835740269 [L3]: No time to select next move using MCTS. Returning random move noop.
LOG 1641835740272 [L3]: Starting move selection for game step 24 with available time 0ms.
LOG 1641835740273 [L3]: No time to select next move using MCTS. Returning random move ( move 7 8 8 6 ).
LOG 1641835740277 [L3]: Starting move selection for game step 25 with available time -1ms.
LOG 1641835740277 [L3]: No time to select next move using MCTS. Returning random move noop.
LOG 1641835740280 [L3]: Starting move selection for game step 26 with available time 0ms.
LOG 1641835740280 [L3]: No time to select next move using MCTS. Returning random move ( move 2 8 4 7 ).
LOG 1641835740283 [L3]: Starting move selection for game step 27 with available time 0ms.
LOG 1641835740284 [L3]: No time to select next move using MCTS. Returning random move noop.
LOG 1641835740287 [L3]: Starting move selection for game step 28 with available time -1ms.
LOG 1641835740287 [L3]: No time to select next move using MCTS. Returning random move ( move 3 8 5 7 ).
LOG 1641835740290 [L3]: Starting move selection for game step 29 with available time 0ms.
LOG 1641835740290 [L3]: No time to select next move using MCTS. Returning random move noop.
LOG 1641835740293 [L3]: Starting move selection for game step 30 with available time 0ms.
LOG 1641835740293 [L3]: No time to select next move using MCTS. Returning random move ( move 6 4 8 3 ).
LOG 1641835740296 [L3]: Starting move selection for game step 31 with available time 0ms.
LOG 1641835740297 [L3]: No time to select next move using MCTS. Returning random move noop.
LOG 1641835740300 [L3]: Starting move selection for game step 32 with available time 0ms.
LOG 1641835740300 [L3]: No time to select next move using MCTS. Returning random move ( move 1 5 3 4 ).
LOG 1641835740304 [L3]: Starting move selection for game step 33 with available time 0ms.
LOG 1641835740304 [L3]: No time to select next move using MCTS. Returning random move noop.
