LOG 1641836320136 [L3]: Started match logging at: Mon Jan 10 18:38:40 CET 2022
LOG 1641836320137 [L3]: Game rules: [( role white ), ( role black ), ( <= ( base ( cell ?x ?y ?p ) ) ( index ?x ) ( index ?y ) ( role ?p ) ), ( <= ( base ( control ?p ) ) ( role ?p ) ), ( <= ( input ?p noop ) ( role ?p ) ), ( <= ( input ?p ( move ?x1 ?y1 ?x2 ?y2 ) ) ( role ?p ) ( index ?x1 ) ( index ?x2 ) ( index ?y1 ) ( index ?y2 ) ), ( init ( cell 1 1 white ) ), ( init ( cell 2 1 white ) ), ( init ( cell 3 1 white ) ), ( init ( cell 4 1 white ) ), ( init ( cell 5 1 white ) ), ( init ( cell 6 1 white ) ), ( init ( cell 7 1 white ) ), ( init ( cell 8 1 white ) ), ( init ( cell 1 2 white ) ), ( init ( cell 2 2 white ) ), ( init ( cell 3 2 white ) ), ( init ( cell 4 2 white ) ), ( init ( cell 5 2 white ) ), ( init ( cell 6 2 white ) ), ( init ( cell 7 2 white ) ), ( init ( cell 8 2 white ) ), ( init ( cell 1 7 black ) ), ( init ( cell 2 7 black ) ), ( init ( cell 3 7 black ) ), ( init ( cell 4 7 black ) ), ( init ( cell 5 7 black ) ), ( init ( cell 6 7 black ) ), ( init ( cell 7 7 black ) ), ( init ( cell 8 7 black ) ), ( init ( cell 1 8 black ) ), ( init ( cell 2 8 black ) ), ( init ( cell 3 8 black ) ), ( init ( cell 4 8 black ) ), ( init ( cell 5 8 black ) ), ( init ( cell 6 8 black ) ), ( init ( cell 7 8 black ) ), ( init ( cell 8 8 black ) ), ( init ( control white ) ), ( <= ( legal white noop ) ( true ( control black ) ) ), ( <= ( legal black noop ) ( true ( control white ) ) ), ( <= ( legal white ( move ?x1 ?y1 ?x2 ?y2 ) ) ( true ( control white ) ) ( true ( cell ?x1 ?y1 white ) ) ( whiteknightmove ?x1 ?y1 ?x2 ?y2 ) ( not ( true ( cell ?x2 ?y2 white ) ) ) ), ( <= ( legal black ( move ?x1 ?y1 ?x2 ?y2 ) ) ( true ( control black ) ) ( true ( cell ?x1 ?y1 black ) ) ( blackknightmove ?x1 ?y1 ?x2 ?y2 ) ( not ( true ( cell ?x2 ?y2 black ) ) ) ), ( <= ( next ( cell ?x ?y ?state ) ) ( true ( cell ?x ?y ?state ) ) ( does ?player ( move ?x1 ?y1 ?x2 ?y2 ) ) ( distinctcell ?x ?y ?x1 ?y1 ) ( distinctcell ?x ?y ?x2 ?y2 ) ), ( <= ( next ( cell ?x2 ?y2 ?player ) ) ( does ?player ( move ?x1 ?y1 ?x2 ?y2 ) ) ), ( <= ( next ( control black ) ) ( true ( control white ) ) ), ( <= ( next ( control white ) ) ( true ( control black ) ) ), ( <= terminal whitewin ), ( <= terminal blackwin ), ( <= ( goal white 100 ) whitewin ), ( <= ( goal white 0 ) blackwin ), ( <= ( goal black 100 ) blackwin ), ( <= ( goal black 0 ) whitewin ), ( <= whitewin ( index ?x ) ( true ( cell ?x 8 white ) ) ), ( <= blackwin ( index ?x ) ( true ( cell ?x 1 black ) ) ), ( <= whitewin ( not ( hasAnyPiece black ) ) ), ( <= blackwin ( not ( hasAnyPiece white ) ) ), ( <= ( hasAnyPiece ?player ) ( true ( cell ?x ?y ?player ) ) ), ( <= ( whiteknightmove ?x1 ?y1 ?x2 ?y2 ) ( plus 1 ?x1 ?x2 ) ( plus 2 ?y1 ?y2 ) ), ( <= ( whiteknightmove ?x1 ?y1 ?x2 ?y2 ) ( plus 1 ?x2 ?x1 ) ( plus 2 ?y1 ?y2 ) ), ( <= ( whiteknightmove ?x1 ?y1 ?x2 ?y2 ) ( plus 2 ?x1 ?x2 ) ( plus 1 ?y1 ?y2 ) ), ( <= ( whiteknightmove ?x1 ?y1 ?x2 ?y2 ) ( plus 2 ?x2 ?x1 ) ( plus 1 ?y1 ?y2 ) ), ( <= ( blackknightmove ?x1 ?y1 ?x2 ?y2 ) ( plus 1 ?x1 ?x2 ) ( plus 2 ?y2 ?y1 ) ), ( <= ( blackknightmove ?x1 ?y1 ?x2 ?y2 ) ( plus 1 ?x2 ?x1 ) ( plus 2 ?y2 ?y1 ) ), ( <= ( blackknightmove ?x1 ?y1 ?x2 ?y2 ) ( plus 2 ?x1 ?x2 ) ( plus 1 ?y2 ?y1 ) ), ( <= ( blackknightmove ?x1 ?y1 ?x2 ?y2 ) ( plus 2 ?x2 ?x1 ) ( plus 1 ?y2 ?y1 ) ), ( <= ( cell ?x ?y ) ( index ?x ) ( index ?y ) ), ( <= ( distinctcell ?x1 ?y1 ?x2 ?y2 ) ( cell ?x1 ?y1 ) ( cell ?x2 ?y2 ) ( distinct ?x1 ?x2 ) ), ( <= ( distinctcell ?x1 ?y1 ?x2 ?y2 ) ( cell ?x1 ?y1 ) ( cell ?x2 ?y2 ) ( distinct ?y1 ?y2 ) ), ( index 1 ), ( index 2 ), ( index 3 ), ( index 4 ), ( index 5 ), ( index 6 ), ( index 7 ), ( index 8 ), ( plus 1 1 2 ), ( plus 1 2 3 ), ( plus 1 3 4 ), ( plus 1 4 5 ), ( plus 1 5 6 ), ( plus 1 6 7 ), ( plus 1 7 8 ), ( plus 2 1 3 ), ( plus 2 2 4 ), ( plus 2 3 5 ), ( plus 2 4 6 ), ( plus 2 5 7 ), ( plus 2 6 8 )]
LOG 1641836320144 [L3]: Start clock: 15
LOG 1641836320144 [L3]: Play clock: 10
LOG 1641836325136 [L0]: [Sent at 1641836325136] ready
LOG 1641836325174 [L0]: [Received at 1641836325174] ( PLAY 37.knightThrough.1641836318615 NIL )
LOG 1641836325176 [L0]: [Sent at 1641836325176] noop
LOG 1641836325179 [L0]: [Received at 1641836325179] ( PLAY 37.knightThrough.1641836318615 (( move 5 1 4 3 ) noop ) )
LOG 1641836325184 [L0]: [Sent at 1641836325184] ( move 4 7 3 5 )
LOG 1641836325186 [L0]: [Received at 1641836325186] ( PLAY 37.knightThrough.1641836318615 (noop ( move 4 7 3 5 ) ) )
LOG 1641836325198 [L0]: [Sent at 1641836325198] noop
LOG 1641836325200 [L0]: [Received at 1641836325200] ( PLAY 37.knightThrough.1641836318615 (( move 5 2 6 4 ) noop ) )
LOG 1641836325210 [L0]: [Sent at 1641836325210] ( move 8 7 6 6 )
LOG 1641836325212 [L0]: [Received at 1641836325212] ( PLAY 37.knightThrough.1641836318615 (noop ( move 8 7 6 6 ) ) )
LOG 1641836325213 [L0]: [Sent at 1641836325213] noop
LOG 1641836325216 [L0]: [Received at 1641836325216] ( PLAY 37.knightThrough.1641836318615 (( move 7 1 5 2 ) noop ) )
LOG 1641836325217 [L0]: [Sent at 1641836325217] ( move 3 7 2 5 )
LOG 1641836325220 [L0]: [Received at 1641836325220] ( PLAY 37.knightThrough.1641836318615 (noop ( move 3 7 2 5 ) ) )
LOG 1641836325221 [L0]: [Sent at 1641836325221] noop
LOG 1641836325223 [L0]: [Received at 1641836325223] ( PLAY 37.knightThrough.1641836318615 (( move 8 1 7 3 ) noop ) )
LOG 1641836325224 [L0]: [Sent at 1641836325224] ( move 6 6 7 4 )
LOG 1641836325227 [L0]: [Received at 1641836325227] ( PLAY 37.knightThrough.1641836318615 (noop ( move 6 6 7 4 ) ) )
LOG 1641836325228 [L0]: [Sent at 1641836325228] noop
LOG 1641836325230 [L0]: [Received at 1641836325230] ( PLAY 37.knightThrough.1641836318615 (( move 6 4 8 5 ) noop ) )
LOG 1641836325232 [L0]: [Sent at 1641836325232] ( move 5 8 4 6 )
LOG 1641836325234 [L0]: [Received at 1641836325234] ( PLAY 37.knightThrough.1641836318615 (noop ( move 5 8 4 6 ) ) )
LOG 1641836325236 [L0]: [Sent at 1641836325236] noop
LOG 1641836325238 [L0]: [Received at 1641836325238] ( PLAY 37.knightThrough.1641836318615 (( move 7 2 6 4 ) noop ) )
LOG 1641836325239 [L0]: [Sent at 1641836325239] ( move 3 5 5 4 )
LOG 1641836325242 [L0]: [Received at 1641836325242] ( PLAY 37.knightThrough.1641836318615 (noop ( move 3 5 5 4 ) ) )
LOG 1641836325243 [L0]: [Sent at 1641836325243] noop
LOG 1641836325246 [L0]: [Received at 1641836325246] ( PLAY 37.knightThrough.1641836318615 (( move 6 2 5 4 ) noop ) )
LOG 1641836325247 [L0]: [Sent at 1641836325247] ( move 2 8 1 6 )
LOG 1641836325249 [L0]: [Received at 1641836325249] ( PLAY 37.knightThrough.1641836318615 (noop ( move 2 8 1 6 ) ) )
LOG 1641836325251 [L0]: [Sent at 1641836325251] noop
LOG 1641836325253 [L0]: [Received at 1641836325253] ( PLAY 37.knightThrough.1641836318615 (( move 4 1 6 2 ) noop ) )
LOG 1641836325254 [L0]: [Sent at 1641836325254] ( move 4 6 6 5 )
LOG 1641836325256 [L0]: [Received at 1641836325256] ( PLAY 37.knightThrough.1641836318615 (noop ( move 4 6 6 5 ) ) )
LOG 1641836325257 [L0]: [Sent at 1641836325257] noop
LOG 1641836325259 [L0]: [Received at 1641836325259] ( PLAY 37.knightThrough.1641836318615 (( move 4 2 3 4 ) noop ) )
LOG 1641836325261 [L0]: [Sent at 1641836325261] ( move 6 5 7 3 )
LOG 1641836325262 [L0]: [Received at 1641836325262] ( PLAY 37.knightThrough.1641836318615 (noop ( move 6 5 7 3 ) ) )
LOG 1641836325263 [L0]: [Sent at 1641836325263] noop
LOG 1641836325265 [L0]: [Received at 1641836325265] ( PLAY 37.knightThrough.1641836318615 (( move 6 4 7 6 ) noop ) )
LOG 1641836325267 [L0]: [Sent at 1641836325267] ( move 1 6 2 4 )
LOG 1641836325269 [L0]: [Received at 1641836325269] ( PLAY 37.knightThrough.1641836318615 (noop ( move 1 6 2 4 ) ) )
LOG 1641836325270 [L0]: [Sent at 1641836325270] noop
LOG 1641836325273 [L0]: [Received at 1641836325273] ( STOP 37.knightThrough.1641836318615 (( move 7 6 8 8 ) noop ) )
LOG 1641836325274 [L3]: Stopped logging to files at: Mon Jan 10 18:38:45 CET 2022
LOG 1641836325274 [L3]: LOG SEALED
