LOG 1641842099821 [L3]: Returning initial state machine.
LOG 1641842099821 [L3]: Returning PropNet state machine without cache.
LOG 1641842099822 [L3]: Starting metagame with available thinking time 4990ms.
LOG 1641842099823 [L3]: Starting search during metagame.
LOG 1641842106324 [L3]: Done searching during metagame.
LOG 1641842106327 [L3]: Starting move selection for game step 1 with available time 0ms.
LOG 1641842106327 [L3]: No time to select next move using MCTS. Returning random move noop.
LOG 1641842106331 [L3]: Starting move selection for game step 2 with available time 0ms.
LOG 1641842106331 [L3]: No time to select next move using MCTS. Returning random move ( mark r3 c2 ).
LOG 1641842106334 [L3]: Starting move selection for game step 3 with available time 0ms.
LOG 1641842106341 [L3]: No time to select next move using MCTS. Returning random move noop.
LOG 1641842106343 [L3]: Starting move selection for game step 4 with available time 0ms.
LOG 1641842106344 [L3]: No time to select next move using MCTS. Returning random move noop.
LOG 1641842106347 [L3]: Starting move selection for game step 5 with available time 0ms.
LOG 1641842106348 [L3]: No time to select next move using MCTS. Returning random move ( block r6 c6 ).
LOG 1641842106350 [L3]: Starting move selection for game step 6 with available time 0ms.
LOG 1641842106351 [L3]: No time to select next move using MCTS. Returning random move ( mark r1 c4 ).
LOG 1641842106354 [L3]: Starting move selection for game step 7 with available time 0ms.
LOG 1641842106354 [L3]: No time to select next move using MCTS. Returning random move noop.
LOG 1641842106358 [L3]: Starting move selection for game step 8 with available time 0ms.
LOG 1641842106358 [L3]: No time to select next move using MCTS. Returning random move noop.
LOG 1641842106364 [L3]: Starting move selection for game step 9 with available time 0ms.
LOG 1641842106365 [L3]: No time to select next move using MCTS. Returning random move ( mark r2 c5 ).
LOG 1641842106372 [L3]: Starting move selection for game step 10 with available time 0ms.
LOG 1641842106373 [L3]: No time to select next move using MCTS. Returning random move noop.
LOG 1641842106385 [L3]: Starting move selection for game step 11 with available time 0ms.
LOG 1641842106385 [L3]: No time to select next move using MCTS. Returning random move ( block r6 c4 ).
LOG 1641842106388 [L3]: Starting move selection for game step 12 with available time 0ms.
LOG 1641842106388 [L3]: No time to select next move using MCTS. Returning random move ( mark r6 c7 ).
LOG 1641842106401 [L3]: Starting move selection for game step 13 with available time 0ms.
LOG 1641842106401 [L3]: No time to select next move using MCTS. Returning random move noop.
LOG 1641842106426 [L3]: Starting move selection for game step 14 with available time 0ms.
LOG 1641842106426 [L3]: No time to select next move using MCTS. Returning random move ( block r2 c1 ).
LOG 1641842106431 [L3]: Starting move selection for game step 15 with available time 0ms.
LOG 1641842106432 [L3]: No time to select next move using MCTS. Returning random move ( mark r3 c7 ).
LOG 1641842106461 [L3]: Starting move selection for game step 16 with available time 0ms.
LOG 1641842106462 [L3]: No time to select next move using MCTS. Returning random move noop.
LOG 1641842106467 [L3]: Starting move selection for game step 17 with available time 0ms.
LOG 1641842106467 [L3]: No time to select next move using MCTS. Returning random move noop.
LOG 1641842106471 [L3]: Starting move selection for game step 18 with available time 0ms.
LOG 1641842106472 [L3]: No time to select next move using MCTS. Returning random move noop.
LOG 1641842106517 [L3]: Starting move selection for game step 19 with available time 0ms.
LOG 1641842106517 [L3]: No time to select next move using MCTS. Returning random move ( mark r3 c3 ).
LOG 1641842106564 [L3]: Starting move selection for game step 20 with available time 0ms.
LOG 1641842106564 [L3]: No time to select next move using MCTS. Returning random move noop.
LOG 1641842106570 [L3]: Starting move selection for game step 21 with available time 0ms.
LOG 1641842106570 [L3]: No time to select next move using MCTS. Returning random move noop.
LOG 1641842112331 [L3]: Starting move selection for game step 22 with available time 0ms.
LOG 1641842112331 [L3]: No time to select next move using MCTS. Returning random move ( block r1 c6 ).
LOG 1641842112338 [L3]: Starting move selection for game step 23 with available time 0ms.
LOG 1641842112339 [L3]: No time to select next move using MCTS. Returning random move ( block r4 c2 ).
LOG 1641842112348 [L3]: Starting move selection for game step 24 with available time 0ms.
LOG 1641842112348 [L3]: No time to select next move using MCTS. Returning random move ( mark r4 c1 ).
LOG 1641842112394 [L3]: Starting move selection for game step 25 with available time 0ms.
LOG 1641842112395 [L3]: No time to select next move using MCTS. Returning random move noop.
LOG 1641842112499 [L3]: Starting move selection for game step 26 with available time 0ms.
LOG 1641842112499 [L3]: No time to select next move using MCTS. Returning random move ( mark r5 c2 ).
LOG 1641842112578 [L3]: Starting move selection for game step 27 with available time 0ms.
LOG 1641842112578 [L3]: No time to select next move using MCTS. Returning random move noop.
LOG 1641842112714 [L3]: Starting move selection for game step 28 with available time 0ms.
LOG 1641842112714 [L3]: No time to select next move using MCTS. Returning random move ( mark r2 c3 ).
LOG 1641842119625 [L3]: Starting move selection for game step 29 with available time 0ms.
LOG 1641842119626 [L3]: No time to select next move using MCTS. Returning random move noop.
LOG 1641842119862 [L3]: Starting move selection for game step 30 with available time 0ms.
LOG 1641842119862 [L3]: No time to select next move using MCTS. Returning random move ( mark r6 c2 ).
LOG 1641842123268 [L3]: Starting move selection for game step 31 with available time 0ms.
LOG 1641842123269 [L3]: No time to select next move using MCTS. Returning random move noop.
