LOG 1641838229805 [L3]: Started match logging at: Mon Jan 10 19:10:29 CET 2022
LOG 1641838229807 [L3]: Game rules: [( role x ), ( role o ), ( init ( quad x 12 ) ), ( init ( quad o 12 ) ), ( init ( white x 5 ) ), ( init ( white o 5 ) ), ( init ( cell r1 c2 b ) ), ( init ( cell r1 c3 b ) ), ( init ( cell r1 c4 b ) ), ( init ( cell r1 c5 b ) ), ( init ( cell r1 c6 b ) ), ( init ( cell r2 c1 b ) ), ( init ( cell r2 c2 b ) ), ( init ( cell r2 c3 b ) ), ( init ( cell r2 c4 b ) ), ( init ( cell r2 c5 b ) ), ( init ( cell r2 c6 b ) ), ( init ( cell r2 c7 b ) ), ( init ( cell r3 c1 b ) ), ( init ( cell r3 c2 b ) ), ( init ( cell r3 c3 b ) ), ( init ( cell r3 c4 b ) ), ( init ( cell r3 c5 b ) ), ( init ( cell r3 c6 b ) ), ( init ( cell r3 c7 b ) ), ( init ( cell r4 c1 b ) ), ( init ( cell r4 c2 b ) ), ( init ( cell r4 c3 b ) ), ( init ( cell r4 c4 b ) ), ( init ( cell r4 c5 b ) ), ( init ( cell r4 c6 b ) ), ( init ( cell r4 c7 b ) ), ( init ( cell r5 c1 b ) ), ( init ( cell r5 c2 b ) ), ( init ( cell r5 c3 b ) ), ( init ( cell r5 c4 b ) ), ( init ( cell r5 c5 b ) ), ( init ( cell r5 c6 b ) ), ( init ( cell r5 c7 b ) ), ( init ( cell r6 c1 b ) ), ( init ( cell r6 c2 b ) ), ( init ( cell r6 c3 b ) ), ( init ( cell r6 c4 b ) ), ( init ( cell r6 c5 b ) ), ( init ( cell r6 c6 b ) ), ( init ( cell r6 c7 b ) ), ( init ( cell r7 c2 b ) ), ( init ( cell r7 c3 b ) ), ( init ( cell r7 c4 b ) ), ( init ( cell r7 c5 b ) ), ( init ( cell r7 c6 b ) ), ( init ( control x ) ), ( ncol c1 c2 ), ( ncol c2 c3 ), ( ncol c3 c4 ), ( ncol c4 c5 ), ( ncol c5 c6 ), ( ncol c6 c7 ), ( nrow r1 r2 ), ( nrow r2 r3 ), ( nrow r3 r4 ), ( nrow r4 r5 ), ( nrow r5 r6 ), ( nrow r6 r7 ), ( <= ( prow ?x ?y ) ( nrow ?y ?x ) ), ( <= ( pcol ?x ?y ) ( ncol ?y ?x ) ), ( succ 0 1 ), ( succ 1 2 ), ( succ 2 3 ), ( succ 3 4 ), ( succ 4 5 ), ( succ 5 6 ), ( succ 6 7 ), ( succ 7 8 ), ( succ 8 9 ), ( succ 9 10 ), ( succ 10 11 ), ( succ 11 12 ), ( succ 12 13 ), ( succ 13 14 ), ( succ 14 15 ), ( succ 15 16 ), ( succ 16 17 ), ( succ 17 18 ), ( succ 18 19 ), ( succ 19 20 ), ( <= ( legal ?player ( mark ?x ?y ) ) ( true ( cell ?x ?y b ) ) ( true ( control ?player ) ) ), ( <= ( legal ?player ( block ?x ?y ) ) ( true ( cell ?x ?y b ) ) ( true ( control ?player ) ) ( true ( white ?player ?c ) ) ( distinct ?c 0 ) ), ( <= ( legal x noop ) ( true ( control o ) ) ), ( <= ( legal o noop ) ( true ( control x ) ) ), ( <= ( next ( cell ?m ?n ?p ) ) ( does ?p ( mark ?m ?n ) ) ), ( <= ( next ( cell ?m ?n w ) ) ( does ?p ( block ?m ?n ) ) ), ( <= ( next ( cell ?m ?n ?p ) ) ( true ( cell ?m ?n ?p ) ) ( distinct ?p b ) ), ( <= ( next ( cell ?m ?n b ) ) ( does ?W ( mark ?j ?k ) ) ( true ( cell ?m ?n b ) ) ( distinct ?m ?j ) ), ( <= ( next ( cell ?m ?n b ) ) ( does ?W ( mark ?j ?k ) ) ( true ( cell ?m ?n b ) ) ( distinct ?n ?k ) ), ( <= ( next ( cell ?m ?n b ) ) ( does ?W ( block ?j ?k ) ) ( true ( cell ?m ?n b ) ) ( distinct ?m ?j ) ), ( <= ( next ( cell ?m ?n b ) ) ( does ?W ( block ?j ?k ) ) ( true ( cell ?m ?n b ) ) ( distinct ?n ?k ) ), ( <= ( next ( quad ?p ?c ) ) ( true ( control ?q ) ) ( true ( quad ?p ?c ) ) ( distinct ?p ?q ) ), ( <= ( next ( white ?p ?c ) ) ( true ( control ?q ) ) ( true ( white ?p ?c ) ) ( distinct ?p ?q ) ), ( <= ( next ( quad ?p ?c ) ) ( does ?p ( mark ?j ?k ) ) ( true ( quad ?p ?c1 ) ) ( succ ?c ?c1 ) ), ( <= ( next ( white ?p ?c ) ) ( does ?p ( block ?j ?k ) ) ( true ( white ?p ?c1 ) ) ( succ ?c ?c1 ) ), ( <= ( next ( quad ?p ?c ) ) ( does ?p ( block ?j ?k ) ) ( true ( quad ?p ?c ) ) ), ( <= ( next ( white ?p ?c ) ) ( does ?p ( mark ?j ?k ) ) ( true ( white ?p ?c ) ) ), ( <= ( next ( control x ) ) ( does o ( mark ?j ?k ) ) ( true ( control o ) ) ), ( <= ( next ( control o ) ) ( does x ( mark ?j ?k ) ) ( true ( control x ) ) ), ( <= ( next ( control ?p ) ) ( does ?p ( block ?j ?k ) ) ( true ( control ?p ) ) ), ( <= ( square ?x1 ?y1 ?x1 ?y2 ?x2 ?y1 ?x2 ?y2 ) ( ncol ?y1 ?y2 ) ( nrow ?x1 ?x2 ) ), ( <= ( square ?x1 ?y1 ?x1 ?y2 ?x2 ?y1 ?x2 ?y2 ) ( ncol ?y3 ?y2 ) ( nrow ?x3 ?x2 ) ( square ?x1 ?y1 ?x1 ?y3 ?x3 ?y1 ?x3 ?y3 ) ), ( <= ( square ?x1 ?y1 ?x2 ?y2 ?x3 ?y3 ?x4 ?y4 ) ( prow ?x2p ?x2 ) ( ncol ?y3n ?y3 ) ( prow ?x4p ?x4 ) ( ncol ?y4n ?y4 ) ( square ?x1 ?y1 ?x2p ?y2 ?x3 ?y3n ?x4p ?y4n ) ), ( <= win ( true ( cell ?x1 ?y1 x ) ) ( true ( cell ?x2 ?y2 x ) ) ( true ( cell ?x3 ?y3 x ) ) ( true ( cell ?x4 ?y4 x ) ) ( square ?x1 ?y1 ?x2 ?y2 ?x3 ?y3 ?x4 ?y4 ) ), ( <= lose ( true ( cell ?x1 ?y1 o ) ) ( true ( cell ?x2 ?y2 o ) ) ( true ( cell ?x3 ?y3 o ) ) ( true ( cell ?x4 ?y4 o ) ) ( square ?x1 ?y1 ?x2 ?y2 ?x3 ?y3 ?x4 ?y4 ) ), ( <= winByOpenQuad ( not lose ) ( not open ) ( true ( cell ?x1 ?y1 x ) ) ( true ( cell ?x2 ?y2 x ) ) ( true ( cell ?x3 ?y3 x ) ) ( true ( cell ?x4 ?y4 b ) ) ( square ?x1 ?y1 ?x2 ?y2 ?x3 ?y3 ?x4 ?y4 ) ), ( <= winByOpenQuad ( not lose ) ( not open ) ( true ( cell ?x1 ?y1 x ) ) ( true ( cell ?x2 ?y2 b ) ) ( true ( cell ?x3 ?y3 x ) ) ( true ( cell ?x4 ?y4 x ) ) ( square ?x1 ?y1 ?x2 ?y2 ?x3 ?y3 ?x4 ?y4 ) ), ( <= winByOpenQuad ( not lose ) ( not open ) ( true ( cell ?x1 ?y1 x ) ) ( true ( cell ?x2 ?y2 x ) ) ( true ( cell ?x3 ?y3 b ) ) ( true ( cell ?x4 ?y4 x ) ) ( square ?x1 ?y1 ?x2 ?y2 ?x3 ?y3 ?x4 ?y4 ) ), ( <= winByOpenQuad ( not lose ) ( not open ) ( true ( cell ?x1 ?y1 b ) ) ( true ( cell ?x2 ?y2 x ) ) ( true ( cell ?x3 ?y3 x ) ) ( true ( cell ?x4 ?y4 x ) ) ( square ?x1 ?y1 ?x2 ?y2 ?x3 ?y3 ?x4 ?y4 ) ), ( <= open ( true ( quad ?p ?c ) ) ( distinct ?c 0 ) ), ( <= ( more ?x 0 ) ( succ ?y ?x ) ), ( <= ( more ?x ?y ) ( succ ?x1 ?x ) ( succ ?y1 ?y ) ( more ?x1 ?y1 ) ), ( <= morewhite ( true ( white x ?a ) ) ( true ( white o ?b ) ) ( more ?a ?b ) ), ( <= lesswhite ( true ( white x ?a ) ) ( true ( white o ?b ) ) ( more ?b ?a ) ), ( <= equalwhite ( true ( white x ?a ) ) ( true ( white o ?a ) ) ), ( <= ( goal x 100 ) win ), ( <= ( goal x 95 ) ( not win ) winByOpenQuad ), ( <= ( goal x 90 ) ( not win ) ( not winByOpenQuad ) ( not lose ) ( not open ) morewhite ), ( <= ( goal x 50 ) ( not win ) ( not winByOpenQuad ) ( not lose ) ( not open ) equalwhite ), ( <= ( goal x 10 ) ( not win ) ( not winByOpenQuad ) ( not lose ) ( not open ) lesswhite ), ( <= ( goal x 0 ) lose ), ( <= ( goal o 100 ) lose ), ( <= ( goal o 90 ) ( not win ) ( not winByOpenQuad ) ( not lose ) ( not open ) lesswhite ), ( <= ( goal o 50 ) ( not win ) ( not winByOpenQuad ) ( not lose ) ( not open ) equalwhite ), ( <= ( goal o 10 ) ( not win ) ( not winByOpenQuad ) ( not lose ) ( not open ) morewhite ), ( <= ( goal o 5 ) ( not win ) winByOpenQuad ), ( <= ( goal o 0 ) win ), ( <= terminal win ), ( <= terminal lose ), ( <= terminal ( not open ) )]
LOG 1641838229814 [L3]: Start clock: 15
LOG 1641838229814 [L3]: Play clock: 10
LOG 1641838253594 [L0]: [Sent at 1641838253594] ready
LOG 1641838253595 [L0]: [Received at 1641838253595] ( PLAY 31.quad_7x7.1641838210658 NIL )
LOG 1641838253596 [L0]: [Sent at 1641838253596] ( mark r3 c3 )
LOG 1641838253599 [L0]: [Received at 1641838253599] ( PLAY 31.quad_7x7.1641838210658 (( mark r3 c3 ) noop ) )
LOG 1641838253600 [L0]: [Sent at 1641838253600] noop
LOG 1641838253603 [L0]: [Received at 1641838253603] ( PLAY 31.quad_7x7.1641838210658 (noop ( block r2 c1 ) ) )
LOG 1641838253611 [L0]: [Sent at 1641838253611] noop
LOG 1641838253613 [L0]: [Received at 1641838253613] ( PLAY 31.quad_7x7.1641838210658 (noop ( mark r6 c6 ) ) )
LOG 1641838253615 [L0]: [Sent at 1641838253615] ( mark r2 c5 )
LOG 1641838253618 [L0]: [Received at 1641838253618] ( PLAY 31.quad_7x7.1641838210658 (( mark r2 c5 ) noop ) )
LOG 1641838253619 [L0]: [Sent at 1641838253619] noop
LOG 1641838253621 [L0]: [Received at 1641838253621] ( PLAY 31.quad_7x7.1641838210658 (noop ( block r4 c6 ) ) )
LOG 1641838253622 [L0]: [Sent at 1641838253622] noop
LOG 1641838253624 [L0]: [Received at 1641838253624] ( PLAY 31.quad_7x7.1641838210658 (noop ( block r6 c2 ) ) )
LOG 1641838253626 [L0]: [Sent at 1641838253626] noop
LOG 1641838253628 [L0]: [Received at 1641838253628] ( PLAY 31.quad_7x7.1641838210658 (noop ( block r3 c5 ) ) )
LOG 1641838253630 [L0]: [Sent at 1641838253630] noop
LOG 1641838253631 [L0]: [Received at 1641838253631] ( PLAY 31.quad_7x7.1641838210658 (noop ( block r4 c2 ) ) )
LOG 1641838253633 [L0]: [Sent at 1641838253633] noop
LOG 1641838253636 [L0]: [Received at 1641838253636] ( PLAY 31.quad_7x7.1641838210658 (noop ( mark r2 c7 ) ) )
LOG 1641838253637 [L0]: [Sent at 1641838253637] ( block r2 c2 )
LOG 1641838253639 [L0]: [Received at 1641838253639] ( PLAY 31.quad_7x7.1641838210658 (( block r2 c2 ) noop ) )
LOG 1641838253640 [L0]: [Sent at 1641838253640] ( mark r4 c3 )
LOG 1641838253647 [L0]: [Received at 1641838253647] ( PLAY 31.quad_7x7.1641838210658 (( mark r4 c3 ) noop ) )
LOG 1641838253648 [L0]: [Sent at 1641838253648] noop
LOG 1641838253657 [L0]: [Received at 1641838253657] ( PLAY 31.quad_7x7.1641838210658 (noop ( mark r3 c7 ) ) )
LOG 1641838253658 [L0]: [Sent at 1641838253658] ( block r2 c3 )
LOG 1641838253661 [L0]: [Received at 1641838253661] ( PLAY 31.quad_7x7.1641838210658 (( block r2 c3 ) noop ) )
LOG 1641838253662 [L0]: [Sent at 1641838253662] ( block r1 c2 )
LOG 1641838253664 [L0]: [Received at 1641838253664] ( PLAY 31.quad_7x7.1641838210658 (( block r1 c2 ) noop ) )
LOG 1641838253665 [L0]: [Sent at 1641838253665] ( mark r7 c4 )
LOG 1641838253675 [L0]: [Received at 1641838253675] ( PLAY 31.quad_7x7.1641838210658 (( mark r7 c4 ) noop ) )
LOG 1641838253676 [L0]: [Sent at 1641838253676] noop
LOG 1641838253696 [L0]: [Received at 1641838253696] ( PLAY 31.quad_7x7.1641838210658 (noop ( mark r5 c7 ) ) )
LOG 1641838253697 [L0]: [Sent at 1641838253697] ( mark r3 c1 )
LOG 1641838253712 [L0]: [Received at 1641838253712] ( PLAY 31.quad_7x7.1641838210658 (( mark r3 c1 ) noop ) )
LOG 1641838253714 [L0]: [Sent at 1641838253714] noop
LOG 1641838253741 [L0]: [Received at 1641838253741] ( PLAY 31.quad_7x7.1641838210658 (noop ( mark r3 c2 ) ) )
LOG 1641838253742 [L0]: [Sent at 1641838253742] ( mark r5 c4 )
LOG 1641838253779 [L0]: [Received at 1641838253779] ( PLAY 31.quad_7x7.1641838210658 (( mark r5 c4 ) noop ) )
LOG 1641838253781 [L0]: [Sent at 1641838253781] noop
LOG 1641838253843 [L0]: [Received at 1641838253843] ( PLAY 31.quad_7x7.1641838210658 (noop ( mark r1 c5 ) ) )
LOG 1641838253845 [L0]: [Sent at 1641838253845] ( block r5 c2 )
LOG 1641838253850 [L0]: [Received at 1641838253850] ( PLAY 31.quad_7x7.1641838210658 (( block r5 c2 ) noop ) )
LOG 1641838253852 [L0]: [Sent at 1641838253852] ( mark r7 c5 )
LOG 1641838253897 [L0]: [Received at 1641838253897] ( PLAY 31.quad_7x7.1641838210658 (( mark r7 c5 ) noop ) )
LOG 1641838253899 [L0]: [Sent at 1641838253899] noop
LOG 1641838270339 [L0]: [Received at 1641838270339] ( PLAY 31.quad_7x7.1641838210658 (noop ( mark r6 c3 ) ) )
LOG 1641838270340 [L0]: [Sent at 1641838270340] ( block r6 c1 )
LOG 1641838270348 [L0]: [Received at 1641838270348] ( PLAY 31.quad_7x7.1641838210658 (( block r6 c1 ) noop ) )
LOG 1641838270350 [L0]: [Sent at 1641838270350] ( mark r5 c6 )
LOG 1641838270438 [L0]: [Received at 1641838270438] ( PLAY 31.quad_7x7.1641838210658 (( mark r5 c6 ) noop ) )
LOG 1641838270439 [L0]: [Sent at 1641838270439] noop
LOG 1641838270561 [L0]: [Received at 1641838270561] ( PLAY 31.quad_7x7.1641838210658 (noop ( mark r4 c4 ) ) )
LOG 1641838270563 [L0]: [Sent at 1641838270563] ( mark r7 c3 )
LOG 1641838270643 [L0]: [Received at 1641838270643] ( PLAY 31.quad_7x7.1641838210658 (( mark r7 c3 ) noop ) )
LOG 1641838270645 [L0]: [Sent at 1641838270645] noop
LOG 1641838270833 [L0]: [Received at 1641838270833] ( PLAY 31.quad_7x7.1641838210658 (noop ( mark r4 c7 ) ) )
LOG 1641838270834 [L0]: [Sent at 1641838270834] ( mark r6 c5 )
LOG 1641838277151 [L0]: [Received at 1641838277151] ( PLAY 31.quad_7x7.1641838210658 (( mark r6 c5 ) noop ) )
LOG 1641838277152 [L0]: [Sent at 1641838277152] noop
LOG 1641838277429 [L0]: [Received at 1641838277429] ( PLAY 31.quad_7x7.1641838210658 (noop ( mark r1 c4 ) ) )
LOG 1641838277431 [L0]: [Sent at 1641838277431] ( mark r2 c6 )
LOG 1641838277678 [L0]: [Received at 1641838277678] ( PLAY 31.quad_7x7.1641838210658 (( mark r2 c6 ) noop ) )
LOG 1641838277679 [L0]: [Sent at 1641838277679] noop
LOG 1641838297526 [L0]: [Received at 1641838297526] ( PLAY 31.quad_7x7.1641838210658 (noop ( mark r5 c3 ) ) )
LOG 1641838297528 [L0]: [Sent at 1641838297528] ( mark r5 c5 )
LOG 1641838297825 [L0]: [Received at 1641838297825] ( PLAY 31.quad_7x7.1641838210658 (( mark r5 c5 ) noop ) )
LOG 1641838297826 [L0]: [Sent at 1641838297826] noop
LOG 1641838421206 [L0]: [Received at 1641838421206] ( STOP 31.quad_7x7.1641838210658 (noop ( mark r3 c6 ) ) )
LOG 1641838421206 [L3]: Stopped logging to files at: Mon Jan 10 19:13:41 CET 2022
LOG 1641838421207 [L3]: LOG SEALED
