LOG 1641910858905 [L3]: Returning initial state machine.
LOG 1641910858905 [L3]: Returning PropNet state machine without cache.
LOG 1641910858906 [L3]: Starting metagame with available thinking time 4990ms.
LOG 1641910858908 [L3]: Starting search during metagame.
LOG 1641910863896 [L3]: Done searching during metagame.
LOG 1641910863899 [L3]: Starting move selection for game step 1 with available time 10000ms.
LOG 1641910863900 [L3]: Selecting move using MCTS.
LOG 1641910873899 [L3]: Returning MCTS move ( drop 5 ).
LOG 1641910873903 [L3]: Starting move selection for game step 2 with available time 10000ms.
LOG 1641910873918 [L3]: Selecting move using MCTS.
LOG 1641910883903 [L3]: Returning MCTS move noop.
LOG 1641910883906 [L3]: Starting move selection for game step 3 with available time 10000ms.
LOG 1641910883928 [L3]: Selecting move using MCTS.
LOG 1641910893906 [L3]: Returning MCTS move ( drop 3 ).
LOG 1641910893915 [L3]: Starting move selection for game step 4 with available time 10000ms.
LOG 1641910893956 [L3]: Selecting move using MCTS.
LOG 1641910903915 [L3]: Returning MCTS move noop.
LOG 1641910903919 [L3]: Starting move selection for game step 5 with available time 10000ms.
LOG 1641910903952 [L3]: Selecting move using MCTS.
LOG 1641910913919 [L3]: Returning MCTS move ( drop 4 ).
LOG 1641910913922 [L3]: Starting move selection for game step 6 with available time 10000ms.
LOG 1641910913953 [L3]: Selecting move using MCTS.
LOG 1641910923922 [L3]: Returning MCTS move noop.
LOG 1641910923925 [L3]: Starting move selection for game step 7 with available time 10000ms.
LOG 1641910923958 [L3]: Selecting move using MCTS.
LOG 1641910933925 [L3]: Returning MCTS move ( drop 4 ).
LOG 1641910933928 [L3]: Starting move selection for game step 8 with available time 10000ms.
LOG 1641910933964 [L3]: Selecting move using MCTS.
LOG 1641910943928 [L3]: Returning MCTS move noop.
LOG 1641910943931 [L3]: Starting move selection for game step 9 with available time 10000ms.
LOG 1641910943967 [L3]: Selecting move using MCTS.
LOG 1641910953931 [L3]: Returning MCTS move ( drop 3 ).
LOG 1641910953934 [L3]: Starting move selection for game step 10 with available time 10000ms.
LOG 1641910953968 [L3]: Selecting move using MCTS.
LOG 1641910963934 [L3]: Returning MCTS move noop.
LOG 1641910963938 [L3]: Starting move selection for game step 11 with available time 10000ms.
LOG 1641910963974 [L3]: Selecting move using MCTS.
LOG 1641910973938 [L3]: Returning MCTS move ( drop 3 ).
LOG 1641910973941 [L3]: Starting move selection for game step 12 with available time 10000ms.
LOG 1641910973980 [L3]: Selecting move using MCTS.
LOG 1641910983941 [L3]: Returning MCTS move noop.
LOG 1641910983944 [L3]: Starting move selection for game step 13 with available time 10000ms.
LOG 1641910983985 [L3]: Selecting move using MCTS.
LOG 1641910993944 [L3]: Returning MCTS move ( drop 3 ).
LOG 1641910993947 [L3]: Starting move selection for game step 14 with available time 10000ms.
LOG 1641910993973 [L3]: Selecting move using MCTS.
LOG 1641911003947 [L3]: Returning MCTS move noop.
LOG 1641911003950 [L3]: Starting move selection for game step 15 with available time 10000ms.
LOG 1641911003970 [L3]: Selecting move using MCTS.
LOG 1641911013950 [L3]: Returning MCTS move ( drop 3 ).
