LOG 1641913612879 [L3]: Started match logging at: Tue Jan 11 16:06:52 CET 2022
LOG 1641913612886 [L3]: Game rules: [( role white ), ( role red ), ( init ( cell 1 0 dirt ) ), ( init ( cell 2 0 dirt ) ), ( init ( cell 3 0 dirt ) ), ( init ( cell 4 0 dirt ) ), ( init ( cell 5 0 dirt ) ), ( init ( cell 6 0 dirt ) ), ( init ( cell 7 0 dirt ) ), ( init ( cell 1 1 b ) ), ( init ( cell 1 2 b ) ), ( init ( cell 1 3 b ) ), ( init ( cell 1 4 b ) ), ( init ( cell 1 5 b ) ), ( init ( cell 1 6 b ) ), ( init ( cell 2 1 b ) ), ( init ( cell 2 2 b ) ), ( init ( cell 2 3 b ) ), ( init ( cell 2 4 b ) ), ( init ( cell 2 5 b ) ), ( init ( cell 2 6 b ) ), ( init ( cell 3 1 b ) ), ( init ( cell 3 2 b ) ), ( init ( cell 3 3 b ) ), ( init ( cell 3 4 b ) ), ( init ( cell 3 5 b ) ), ( init ( cell 3 6 b ) ), ( init ( cell 4 1 b ) ), ( init ( cell 4 2 b ) ), ( init ( cell 4 3 b ) ), ( init ( cell 4 4 b ) ), ( init ( cell 4 5 b ) ), ( init ( cell 4 6 b ) ), ( init ( cell 5 1 b ) ), ( init ( cell 5 2 b ) ), ( init ( cell 5 3 b ) ), ( init ( cell 5 4 b ) ), ( init ( cell 5 5 b ) ), ( init ( cell 5 6 b ) ), ( init ( cell 6 1 b ) ), ( init ( cell 6 2 b ) ), ( init ( cell 6 3 b ) ), ( init ( cell 6 4 b ) ), ( init ( cell 6 5 b ) ), ( init ( cell 6 6 b ) ), ( init ( cell 7 1 b ) ), ( init ( cell 7 2 b ) ), ( init ( cell 7 3 b ) ), ( init ( cell 7 4 b ) ), ( init ( cell 7 5 b ) ), ( init ( cell 7 6 b ) ), ( init ( control white ) ), ( <= ( empty ?c ?h ) ( true ( cell ?c ?h b ) ) ), ( <= ( filled ?c ?h ) ( true ( cell ?c ?h dirt ) ) ), ( <= ( filled ?c ?h ) ( true ( cell ?c ?h w ) ) ), ( <= ( filled ?c ?h ) ( true ( cell ?c ?h r ) ) ), ( <= ( next ( cell ?c ?h2 w ) ) ( does white ( drop ?c ) ) ( true ( cell ?c ?h2 b ) ) ( filled ?c ?h1 ) ( succ ?h1 ?h2 ) ), ( <= ( next ( cell ?c ?h2 r ) ) ( does red ( drop ?c ) ) ( true ( cell ?c ?h2 b ) ) ( filled ?c ?h1 ) ( succ ?h1 ?h2 ) ), ( <= ( next ( cell ?x ?y ?z ) ) ( true ( cell ?x ?y ?z ) ) ( distinct ?z b ) ), ( <= ( next ( cell ?c2 ?y b ) ) ( does ?w ( drop ?c1 ) ) ( true ( cell ?c2 ?y b ) ) ( distinct ?c1 ?c2 ) ), ( <= ( next ( cell ?c ?y2 b ) ) ( true ( cell ?c ?y1 b ) ) ( distinct ?y1 6 ) ( succ ?y1 ?y2 ) ), ( <= ( next ( control white ) ) ( true ( control red ) ) ), ( <= ( next ( control red ) ) ( true ( control white ) ) ), ( <= ( row ?z ) ( true ( cell ?x1 ?y ?z ) ) ( distinct ?z b ) ( distinct ?z dirt ) ( succ ?x1 ?x2 ) ( true ( cell ?x2 ?y ?z ) ) ( succ ?x2 ?x3 ) ( true ( cell ?x3 ?y ?z ) ) ( succ ?x3 ?x4 ) ( true ( cell ?x4 ?y ?z ) ) ), ( <= ( column ?z ) ( true ( cell ?x ?y1 ?z ) ) ( distinct ?z b ) ( succ ?y1 ?y2 ) ( true ( cell ?x ?y2 ?z ) ) ( succ ?y2 ?y3 ) ( true ( cell ?x ?y3 ?z ) ) ( succ ?y3 ?y4 ) ( true ( cell ?x ?y4 ?z ) ) ), ( <= ( diag ?z ) ( true ( cell ?x1 ?y1 ?z ) ) ( distinct ?z b ) ( succ ?x1 ?x2 ) ( succ ?y1 ?y2 ) ( true ( cell ?x2 ?y2 ?z ) ) ( succ ?x2 ?x3 ) ( succ ?y2 ?y3 ) ( true ( cell ?x3 ?y3 ?z ) ) ( succ ?x3 ?x4 ) ( succ ?y3 ?y4 ) ( true ( cell ?x4 ?y4 ?z ) ) ), ( <= ( diag ?z ) ( true ( cell ?x1 ?y1 ?z ) ) ( distinct ?z b ) ( succ ?x1 ?x2 ) ( succ ?y2 ?y1 ) ( true ( cell ?x2 ?y2 ?z ) ) ( succ ?x2 ?x3 ) ( succ ?y3 ?y2 ) ( true ( cell ?x3 ?y3 ?z ) ) ( succ ?x3 ?x4 ) ( succ ?y4 ?y3 ) ( true ( cell ?x4 ?y4 ?z ) ) ), ( <= ( line ?x ) ( row ?x ) ), ( <= ( line ?x ) ( column ?x ) ), ( <= ( line ?x ) ( diag ?x ) ), ( <= open ( empty ?c ?h ) ), ( <= terminal ( line r ) ), ( <= terminal ( line w ) ), ( <= terminal ( not open ) ), ( <= ( legal ?w ( drop ?c ) ) ( true ( cell ?c ?y2 b ) ) ( filled ?c ?y1 ) ( succ ?y1 ?y2 ) ( true ( control ?w ) ) ), ( <= ( legal white noop ) ( true ( control red ) ) ), ( <= ( legal red noop ) ( true ( control white ) ) ), ( <= ( goal white 100 ) ( line w ) ), ( <= ( goal white 50 ) ( not ( line r ) ) ( not ( line w ) ) ( not open ) ), ( <= ( goal white 0 ) ( line r ) ), ( <= ( goal red 100 ) ( line r ) ), ( <= ( goal red 50 ) ( not ( line r ) ) ( not ( line w ) ) ( not open ) ), ( <= ( goal red 0 ) ( line w ) ), ( <= ( goal ?w 70 ) ( role ?w ) ( not ( line r ) ) ( not ( line w ) ) open ), ( <= ( lte 0 ?x ) ( number ?x ) ), ( <= ( lte ?x ?x ) ( number ?x ) ), ( <= ( lte ?x ?z ) ( succ ?y ?z ) ( lte ?x ?y ) ), ( <= ( lte ?x ?y ) ( succ ?x ?y ) ), ( number 0 ), ( number 1 ), ( number 2 ), ( number 3 ), ( number 4 ), ( number 5 ), ( number 6 ), ( number 7 ), ( number 8 ), ( succ 0 1 ), ( succ 1 2 ), ( succ 2 3 ), ( succ 3 4 ), ( succ 4 5 ), ( succ 5 6 ), ( succ 6 7 ), ( succ 7 8 )]
LOG 1641913612887 [L3]: Start clock: 15
LOG 1641913612887 [L3]: Play clock: 20
LOG 1641913617879 [L0]: [Sent at 1641913617879] ready
LOG 1641913617882 [L0]: [Received at 1641913617882] ( PLAY 14.connect4.1641913612827 NIL )
LOG 1641913619959 [L9]: <ERR> java.lang.RuntimeException: org.apache.commons.math3.exception.NotANumberException: NaN is not allowed
	at org.ggp.base.player.gamer.statemachine.MCTS.manager.hybrid.strategies.playout.moveselector.GibbsAdaptivePlayoutMoveSelector.getMoveFromDistribution(GibbsAdaptivePlayoutMoveSelector.java:93)
	at org.ggp.base.player.gamer.statemachine.MCTS.manager.hybrid.strategies.playout.moveselector.GibbsAdaptivePlayoutMoveSelector.getMoveForRole(GibbsAdaptivePlayoutMoveSelector.java:63)
	at org.ggp.base.player.gamer.statemachine.MCTS.manager.hybrid.strategies.playout.StandardPlayout.getMoveForRole(StandardPlayout.java:179)
	at org.ggp.base.player.gamer.statemachine.MCTS.manager.hybrid.strategies.playout.PlayoutStrategy.getJointMove(PlayoutStrategy.java:95)
	at org.ggp.base.player.gamer.statemachine.MCTS.manager.hybrid.strategies.playout.MovesAndSiblingsMemorizingStandardPlayout.singlePlayout(MovesAndSiblingsMemorizingStandardPlayout.java:79)
	at org.ggp.base.player.gamer.statemachine.MCTS.manager.hybrid.strategies.playout.StandardPlayout.playout(StandardPlayout.java:90)
	at org.ggp.base.player.gamer.statemachine.MCTS.manager.hybrid.HybridMctsManager.searchNext(HybridMctsManager.java:1245)
	at org.ggp.base.player.gamer.statemachine.MCTS.manager.hybrid.HybridMctsManager.searchNext(HybridMctsManager.java:1288)
	at org.ggp.base.player.gamer.statemachine.MCTS.manager.hybrid.HybridMctsManager.searchNext(HybridMctsManager.java:1288)
	at org.ggp.base.player.gamer.statemachine.MCTS.manager.hybrid.HybridMctsManager.searchNext(HybridMctsManager.java:1288)
	at org.ggp.base.player.gamer.statemachine.MCTS.manager.hybrid.HybridMctsManager.searchNext(HybridMctsManager.java:1288)
	at org.ggp.base.player.gamer.statemachine.MCTS.manager.hybrid.HybridMctsManager.searchNext(HybridMctsManager.java:1288)
	at org.ggp.base.player.gamer.statemachine.MCTS.manager.hybrid.HybridMctsManager.searchNext(HybridMctsManager.java:1288)
	at org.ggp.base.player.gamer.statemachine.MCTS.manager.hybrid.HybridMctsManager.searchNext(HybridMctsManager.java:1288)
	at org.ggp.base.player.gamer.statemachine.MCTS.manager.hybrid.HybridMctsManager.performSearch(HybridMctsManager.java:857)
	at org.ggp.base.player.gamer.statemachine.MCTS.manager.hybrid.HybridMctsManager.search(HybridMctsManager.java:774)
	at org.ggp.base.player.gamer.statemachine.MCTS.MctsGamer.stateMachineSelectMove(MctsGamer.java:256)
	at org.ggp.base.player.gamer.statemachine.StateMachineGamer.selectMove(StateMachineGamer.java:280)
	at org.ggp.base.player.request.grammar.PlayRequest.process(PlayRequest.java:49)
	at org.ggp.base.player.GamePlayer.run(GamePlayer.java:162)
Caused by: org.apache.commons.math3.exception.NotANumberException: NaN is not allowed
	at org.apache.commons.math3.distribution.EnumeratedDistribution.<init>(EnumeratedDistribution.java:134)
	at org.apache.commons.math3.distribution.EnumeratedDistribution.<init>(EnumeratedDistribution.java:101)
	at org.ggp.base.player.gamer.statemachine.MCTS.manager.hybrid.strategies.playout.moveselector.GibbsAdaptivePlayoutMoveSelector.getMoveFromDistribution(GibbsAdaptivePlayoutMoveSelector.java:86)
	... 19 more
LOG 1641913619966 [L9]: <ERR> An unhandled exception ocurred during move selection: org.ggp.base.player.gamer.exception.MoveSelectionException: java.lang.RuntimeException: org.apache.commons.math3.exception.NotANumberException: NaN is not allowed
	at org.ggp.base.player.gamer.statemachine.StateMachineGamer.selectMove(StateMachineGamer.java:285)
	at org.ggp.base.player.request.grammar.PlayRequest.process(PlayRequest.java:49)
	at org.ggp.base.player.GamePlayer.run(GamePlayer.java:162)
Caused by: java.lang.RuntimeException: org.apache.commons.math3.exception.NotANumberException: NaN is not allowed
	at org.ggp.base.player.gamer.statemachine.MCTS.manager.hybrid.strategies.playout.moveselector.GibbsAdaptivePlayoutMoveSelector.getMoveFromDistribution(GibbsAdaptivePlayoutMoveSelector.java:93)
	at org.ggp.base.player.gamer.statemachine.MCTS.manager.hybrid.strategies.playout.moveselector.GibbsAdaptivePlayoutMoveSelector.getMoveForRole(GibbsAdaptivePlayoutMoveSelector.java:63)
	at org.ggp.base.player.gamer.statemachine.MCTS.manager.hybrid.strategies.playout.StandardPlayout.getMoveForRole(StandardPlayout.java:179)
	at org.ggp.base.player.gamer.statemachine.MCTS.manager.hybrid.strategies.playout.PlayoutStrategy.getJointMove(PlayoutStrategy.java:95)
	at org.ggp.base.player.gamer.statemachine.MCTS.manager.hybrid.strategies.playout.MovesAndSiblingsMemorizingStandardPlayout.singlePlayout(MovesAndSiblingsMemorizingStandardPlayout.java:79)
	at org.ggp.base.player.gamer.statemachine.MCTS.manager.hybrid.strategies.playout.StandardPlayout.playout(StandardPlayout.java:90)
	at org.ggp.base.player.gamer.statemachine.MCTS.manager.hybrid.HybridMctsManager.searchNext(HybridMctsManager.java:1245)
	at org.ggp.base.player.gamer.statemachine.MCTS.manager.hybrid.HybridMctsManager.searchNext(HybridMctsManager.java:1288)
	at org.ggp.base.player.gamer.statemachine.MCTS.manager.hybrid.HybridMctsManager.searchNext(HybridMctsManager.java:1288)
	at org.ggp.base.player.gamer.statemachine.MCTS.manager.hybrid.HybridMctsManager.searchNext(HybridMctsManager.java:1288)
	at org.ggp.base.player.gamer.statemachine.MCTS.manager.hybrid.HybridMctsManager.searchNext(HybridMctsManager.java:1288)
	at org.ggp.base.player.gamer.statemachine.MCTS.manager.hybrid.HybridMctsManager.searchNext(HybridMctsManager.java:1288)
	at org.ggp.base.player.gamer.statemachine.MCTS.manager.hybrid.HybridMctsManager.searchNext(HybridMctsManager.java:1288)
	at org.ggp.base.player.gamer.statemachine.MCTS.manager.hybrid.HybridMctsManager.searchNext(HybridMctsManager.java:1288)
	at org.ggp.base.player.gamer.statemachine.MCTS.manager.hybrid.HybridMctsManager.performSearch(HybridMctsManager.java:857)
	at org.ggp.base.player.gamer.statemachine.MCTS.manager.hybrid.HybridMctsManager.search(HybridMctsManager.java:774)
	at org.ggp.base.player.gamer.statemachine.MCTS.MctsGamer.stateMachineSelectMove(MctsGamer.java:256)
	at org.ggp.base.player.gamer.statemachine.StateMachineGamer.selectMove(StateMachineGamer.java:280)
	... 2 more
Caused by: org.apache.commons.math3.exception.NotANumberException: NaN is not allowed
	at org.apache.commons.math3.distribution.EnumeratedDistribution.<init>(EnumeratedDistribution.java:134)
	at org.apache.commons.math3.distribution.EnumeratedDistribution.<init>(EnumeratedDistribution.java:101)
	at org.ggp.base.player.gamer.statemachine.MCTS.manager.hybrid.strategies.playout.moveselector.GibbsAdaptivePlayoutMoveSelector.getMoveFromDistribution(GibbsAdaptivePlayoutMoveSelector.java:86)
	... 19 more
LOG 1641913619966 [L0]: [Sent at 1641913619966] nil
LOG 1641913627885 [L0]: [Received at 1641913627885] ( PLAY 14.connect4.1641913612827 (( drop 2 ) noop ) )
LOG 1641913627891 [L9]: <ERR> java.lang.RuntimeException: org.apache.commons.math3.exception.NotANumberException: NaN is not allowed
	at org.ggp.base.player.gamer.statemachine.MCTS.manager.hybrid.strategies.playout.moveselector.GibbsAdaptivePlayoutMoveSelector.getMoveFromDistribution(GibbsAdaptivePlayoutMoveSelector.java:93)
	at org.ggp.base.player.gamer.statemachine.MCTS.manager.hybrid.strategies.playout.moveselector.GibbsAdaptivePlayoutMoveSelector.getMoveForRole(GibbsAdaptivePlayoutMoveSelector.java:63)
	at org.ggp.base.player.gamer.statemachine.MCTS.manager.hybrid.strategies.playout.StandardPlayout.getMoveForRole(StandardPlayout.java:179)
	at org.ggp.base.player.gamer.statemachine.MCTS.manager.hybrid.strategies.playout.PlayoutStrategy.getJointMove(PlayoutStrategy.java:95)
	at org.ggp.base.player.gamer.statemachine.MCTS.manager.hybrid.strategies.playout.MovesAndSiblingsMemorizingStandardPlayout.singlePlayout(MovesAndSiblingsMemorizingStandardPlayout.java:79)
	at org.ggp.base.player.gamer.statemachine.MCTS.manager.hybrid.strategies.playout.StandardPlayout.playout(StandardPlayout.java:90)
	at org.ggp.base.player.gamer.statemachine.MCTS.manager.hybrid.HybridMctsManager.searchNext(HybridMctsManager.java:1245)
	at org.ggp.base.player.gamer.statemachine.MCTS.manager.hybrid.HybridMctsManager.searchNext(HybridMctsManager.java:1288)
	at org.ggp.base.player.gamer.statemachine.MCTS.manager.hybrid.HybridMctsManager.searchNext(HybridMctsManager.java:1288)
	at org.ggp.base.player.gamer.statemachine.MCTS.manager.hybrid.HybridMctsManager.searchNext(HybridMctsManager.java:1288)
	at org.ggp.base.player.gamer.statemachine.MCTS.manager.hybrid.HybridMctsManager.searchNext(HybridMctsManager.java:1288)
	at org.ggp.base.player.gamer.statemachine.MCTS.manager.hybrid.HybridMctsManager.searchNext(HybridMctsManager.java:1288)
	at org.ggp.base.player.gamer.statemachine.MCTS.manager.hybrid.HybridMctsManager.performSearch(HybridMctsManager.java:857)
	at org.ggp.base.player.gamer.statemachine.MCTS.manager.hybrid.HybridMctsManager.search(HybridMctsManager.java:774)
	at org.ggp.base.player.gamer.statemachine.MCTS.MctsGamer.stateMachineSelectMove(MctsGamer.java:256)
	at org.ggp.base.player.gamer.statemachine.StateMachineGamer.selectMove(StateMachineGamer.java:280)
	at org.ggp.base.player.request.grammar.PlayRequest.process(PlayRequest.java:49)
	at org.ggp.base.player.GamePlayer.run(GamePlayer.java:162)
Caused by: org.apache.commons.math3.exception.NotANumberException: NaN is not allowed
	at org.apache.commons.math3.distribution.EnumeratedDistribution.<init>(EnumeratedDistribution.java:134)
	at org.apache.commons.math3.distribution.EnumeratedDistribution.<init>(EnumeratedDistribution.java:101)
	at org.ggp.base.player.gamer.statemachine.MCTS.manager.hybrid.strategies.playout.moveselector.GibbsAdaptivePlayoutMoveSelector.getMoveFromDistribution(GibbsAdaptivePlayoutMoveSelector.java:86)
	... 17 more
LOG 1641913627892 [L9]: <ERR> An unhandled exception ocurred during move selection: org.ggp.base.player.gamer.exception.MoveSelectionException: java.lang.RuntimeException: org.apache.commons.math3.exception.NotANumberException: NaN is not allowed
	at org.ggp.base.player.gamer.statemachine.StateMachineGamer.selectMove(StateMachineGamer.java:285)
	at org.ggp.base.player.request.grammar.PlayRequest.process(PlayRequest.java:49)
	at org.ggp.base.player.GamePlayer.run(GamePlayer.java:162)
Caused by: java.lang.RuntimeException: org.apache.commons.math3.exception.NotANumberException: NaN is not allowed
	at org.ggp.base.player.gamer.statemachine.MCTS.manager.hybrid.strategies.playout.moveselector.GibbsAdaptivePlayoutMoveSelector.getMoveFromDistribution(GibbsAdaptivePlayoutMoveSelector.java:93)
	at org.ggp.base.player.gamer.statemachine.MCTS.manager.hybrid.strategies.playout.moveselector.GibbsAdaptivePlayoutMoveSelector.getMoveForRole(GibbsAdaptivePlayoutMoveSelector.java:63)
	at org.ggp.base.player.gamer.statemachine.MCTS.manager.hybrid.strategies.playout.StandardPlayout.getMoveForRole(StandardPlayout.java:179)
	at org.ggp.base.player.gamer.statemachine.MCTS.manager.hybrid.strategies.playout.PlayoutStrategy.getJointMove(PlayoutStrategy.java:95)
	at org.ggp.base.player.gamer.statemachine.MCTS.manager.hybrid.strategies.playout.MovesAndSiblingsMemorizingStandardPlayout.singlePlayout(MovesAndSiblingsMemorizingStandardPlayout.java:79)
	at org.ggp.base.player.gamer.statemachine.MCTS.manager.hybrid.strategies.playout.StandardPlayout.playout(StandardPlayout.java:90)
	at org.ggp.base.player.gamer.statemachine.MCTS.manager.hybrid.HybridMctsManager.searchNext(HybridMctsManager.java:1245)
	at org.ggp.base.player.gamer.statemachine.MCTS.manager.hybrid.HybridMctsManager.searchNext(HybridMctsManager.java:1288)
	at org.ggp.base.player.gamer.statemachine.MCTS.manager.hybrid.HybridMctsManager.searchNext(HybridMctsManager.java:1288)
	at org.ggp.base.player.gamer.statemachine.MCTS.manager.hybrid.HybridMctsManager.searchNext(HybridMctsManager.java:1288)
	at org.ggp.base.player.gamer.statemachine.MCTS.manager.hybrid.HybridMctsManager.searchNext(HybridMctsManager.java:1288)
	at org.ggp.base.player.gamer.statemachine.MCTS.manager.hybrid.HybridMctsManager.searchNext(HybridMctsManager.java:1288)
	at org.ggp.base.player.gamer.statemachine.MCTS.manager.hybrid.HybridMctsManager.performSearch(HybridMctsManager.java:857)
	at org.ggp.base.player.gamer.statemachine.MCTS.manager.hybrid.HybridMctsManager.search(HybridMctsManager.java:774)
	at org.ggp.base.player.gamer.statemachine.MCTS.MctsGamer.stateMachineSelectMove(MctsGamer.java:256)
	at org.ggp.base.player.gamer.statemachine.StateMachineGamer.selectMove(StateMachineGamer.java:280)
	... 2 more
Caused by: org.apache.commons.math3.exception.NotANumberException: NaN is not allowed
	at org.apache.commons.math3.distribution.EnumeratedDistribution.<init>(EnumeratedDistribution.java:134)
	at org.apache.commons.math3.distribution.EnumeratedDistribution.<init>(EnumeratedDistribution.java:101)
	at org.ggp.base.player.gamer.statemachine.MCTS.manager.hybrid.strategies.playout.moveselector.GibbsAdaptivePlayoutMoveSelector.getMoveFromDistribution(GibbsAdaptivePlayoutMoveSelector.java:86)
	... 17 more
LOG 1641913627892 [L0]: [Sent at 1641913627892] nil
LOG 1641913637888 [L0]: [Received at 1641913637888] ( PLAY 14.connect4.1641913612827 (noop ( drop 5 ) ) )
LOG 1641913637895 [L9]: <ERR> java.lang.RuntimeException: org.apache.commons.math3.exception.NotANumberException: NaN is not allowed
	at org.ggp.base.player.gamer.statemachine.MCTS.manager.hybrid.strategies.playout.moveselector.GibbsAdaptivePlayoutMoveSelector.getMoveFromDistribution(GibbsAdaptivePlayoutMoveSelector.java:93)
	at org.ggp.base.player.gamer.statemachine.MCTS.manager.hybrid.strategies.playout.moveselector.GibbsAdaptivePlayoutMoveSelector.getMoveForRole(GibbsAdaptivePlayoutMoveSelector.java:63)
	at org.ggp.base.player.gamer.statemachine.MCTS.manager.hybrid.strategies.playout.StandardPlayout.getMoveForRole(StandardPlayout.java:179)
	at org.ggp.base.player.gamer.statemachine.MCTS.manager.hybrid.strategies.playout.PlayoutStrategy.getJointMove(PlayoutStrategy.java:95)
	at org.ggp.base.player.gamer.statemachine.MCTS.manager.hybrid.strategies.playout.MovesAndSiblingsMemorizingStandardPlayout.singlePlayout(MovesAndSiblingsMemorizingStandardPlayout.java:79)
	at org.ggp.base.player.gamer.statemachine.MCTS.manager.hybrid.strategies.playout.StandardPlayout.playout(StandardPlayout.java:90)
	at org.ggp.base.player.gamer.statemachine.MCTS.manager.hybrid.HybridMctsManager.searchNext(HybridMctsManager.java:1245)
	at org.ggp.base.player.gamer.statemachine.MCTS.manager.hybrid.HybridMctsManager.searchNext(HybridMctsManager.java:1288)
	at org.ggp.base.player.gamer.statemachine.MCTS.manager.hybrid.HybridMctsManager.searchNext(HybridMctsManager.java:1288)
	at org.ggp.base.player.gamer.statemachine.MCTS.manager.hybrid.HybridMctsManager.searchNext(HybridMctsManager.java:1288)
	at org.ggp.base.player.gamer.statemachine.MCTS.manager.hybrid.HybridMctsManager.performSearch(HybridMctsManager.java:857)
	at org.ggp.base.player.gamer.statemachine.MCTS.manager.hybrid.HybridMctsManager.search(HybridMctsManager.java:774)
	at org.ggp.base.player.gamer.statemachine.MCTS.MctsGamer.stateMachineSelectMove(MctsGamer.java:256)
	at org.ggp.base.player.gamer.statemachine.StateMachineGamer.selectMove(StateMachineGamer.java:280)
	at org.ggp.base.player.request.grammar.PlayRequest.process(PlayRequest.java:49)
	at org.ggp.base.player.GamePlayer.run(GamePlayer.java:162)
Caused by: org.apache.commons.math3.exception.NotANumberException: NaN is not allowed
	at org.apache.commons.math3.distribution.EnumeratedDistribution.<init>(EnumeratedDistribution.java:134)
	at org.apache.commons.math3.distribution.EnumeratedDistribution.<init>(EnumeratedDistribution.java:101)
	at org.ggp.base.player.gamer.statemachine.MCTS.manager.hybrid.strategies.playout.moveselector.GibbsAdaptivePlayoutMoveSelector.getMoveFromDistribution(GibbsAdaptivePlayoutMoveSelector.java:86)
	... 15 more
LOG 1641913637896 [L9]: <ERR> An unhandled exception ocurred during move selection: org.ggp.base.player.gamer.exception.MoveSelectionException: java.lang.RuntimeException: org.apache.commons.math3.exception.NotANumberException: NaN is not allowed
	at org.ggp.base.player.gamer.statemachine.StateMachineGamer.selectMove(StateMachineGamer.java:285)
	at org.ggp.base.player.request.grammar.PlayRequest.process(PlayRequest.java:49)
	at org.ggp.base.player.GamePlayer.run(GamePlayer.java:162)
Caused by: java.lang.RuntimeException: org.apache.commons.math3.exception.NotANumberException: NaN is not allowed
	at org.ggp.base.player.gamer.statemachine.MCTS.manager.hybrid.strategies.playout.moveselector.GibbsAdaptivePlayoutMoveSelector.getMoveFromDistribution(GibbsAdaptivePlayoutMoveSelector.java:93)
	at org.ggp.base.player.gamer.statemachine.MCTS.manager.hybrid.strategies.playout.moveselector.GibbsAdaptivePlayoutMoveSelector.getMoveForRole(GibbsAdaptivePlayoutMoveSelector.java:63)
	at org.ggp.base.player.gamer.statemachine.MCTS.manager.hybrid.strategies.playout.StandardPlayout.getMoveForRole(StandardPlayout.java:179)
	at org.ggp.base.player.gamer.statemachine.MCTS.manager.hybrid.strategies.playout.PlayoutStrategy.getJointMove(PlayoutStrategy.java:95)
	at org.ggp.base.player.gamer.statemachine.MCTS.manager.hybrid.strategies.playout.MovesAndSiblingsMemorizingStandardPlayout.singlePlayout(MovesAndSiblingsMemorizingStandardPlayout.java:79)
	at org.ggp.base.player.gamer.statemachine.MCTS.manager.hybrid.strategies.playout.StandardPlayout.playout(StandardPlayout.java:90)
	at org.ggp.base.player.gamer.statemachine.MCTS.manager.hybrid.HybridMctsManager.searchNext(HybridMctsManager.java:1245)
	at org.ggp.base.player.gamer.statemachine.MCTS.manager.hybrid.HybridMctsManager.searchNext(HybridMctsManager.java:1288)
	at org.ggp.base.player.gamer.statemachine.MCTS.manager.hybrid.HybridMctsManager.searchNext(HybridMctsManager.java:1288)
	at org.ggp.base.player.gamer.statemachine.MCTS.manager.hybrid.HybridMctsManager.searchNext(HybridMctsManager.java:1288)
	at org.ggp.base.player.gamer.statemachine.MCTS.manager.hybrid.HybridMctsManager.performSearch(HybridMctsManager.java:857)
	at org.ggp.base.player.gamer.statemachine.MCTS.manager.hybrid.HybridMctsManager.search(HybridMctsManager.java:774)
	at org.ggp.base.player.gamer.statemachine.MCTS.MctsGamer.stateMachineSelectMove(MctsGamer.java:256)
	at org.ggp.base.player.gamer.statemachine.StateMachineGamer.selectMove(StateMachineGamer.java:280)
	... 2 more
Caused by: org.apache.commons.math3.exception.NotANumberException: NaN is not allowed
	at org.apache.commons.math3.distribution.EnumeratedDistribution.<init>(EnumeratedDistribution.java:134)
	at org.apache.commons.math3.distribution.EnumeratedDistribution.<init>(EnumeratedDistribution.java:101)
	at org.ggp.base.player.gamer.statemachine.MCTS.manager.hybrid.strategies.playout.moveselector.GibbsAdaptivePlayoutMoveSelector.getMoveFromDistribution(GibbsAdaptivePlayoutMoveSelector.java:86)
	... 15 more
LOG 1641913637897 [L0]: [Sent at 1641913637897] nil
LOG 1641913647897 [L0]: [Received at 1641913647897] ( PLAY 14.connect4.1641913612827 (( drop 6 ) noop ) )
LOG 1641913647907 [L9]: <ERR> java.lang.RuntimeException: org.apache.commons.math3.exception.NotANumberException: NaN is not allowed
	at org.ggp.base.player.gamer.statemachine.MCTS.manager.hybrid.strategies.playout.moveselector.GibbsAdaptivePlayoutMoveSelector.getMoveFromDistribution(GibbsAdaptivePlayoutMoveSelector.java:93)
	at org.ggp.base.player.gamer.statemachine.MCTS.manager.hybrid.strategies.playout.moveselector.GibbsAdaptivePlayoutMoveSelector.getMoveForRole(GibbsAdaptivePlayoutMoveSelector.java:63)
	at org.ggp.base.player.gamer.statemachine.MCTS.manager.hybrid.strategies.playout.StandardPlayout.getMoveForRole(StandardPlayout.java:179)
	at org.ggp.base.player.gamer.statemachine.MCTS.manager.hybrid.strategies.playout.PlayoutStrategy.getJointMove(PlayoutStrategy.java:95)
	at org.ggp.base.player.gamer.statemachine.MCTS.manager.hybrid.strategies.playout.MovesAndSiblingsMemorizingStandardPlayout.singlePlayout(MovesAndSiblingsMemorizingStandardPlayout.java:79)
	at org.ggp.base.player.gamer.statemachine.MCTS.manager.hybrid.strategies.playout.StandardPlayout.playout(StandardPlayout.java:90)
	at org.ggp.base.player.gamer.statemachine.MCTS.manager.hybrid.HybridMctsManager.searchNext(HybridMctsManager.java:1245)
	at org.ggp.base.player.gamer.statemachine.MCTS.manager.hybrid.HybridMctsManager.performSearch(HybridMctsManager.java:857)
	at org.ggp.base.player.gamer.statemachine.MCTS.manager.hybrid.HybridMctsManager.search(HybridMctsManager.java:774)
	at org.ggp.base.player.gamer.statemachine.MCTS.MctsGamer.stateMachineSelectMove(MctsGamer.java:256)
	at org.ggp.base.player.gamer.statemachine.StateMachineGamer.selectMove(StateMachineGamer.java:280)
	at org.ggp.base.player.request.grammar.PlayRequest.process(PlayRequest.java:49)
	at org.ggp.base.player.GamePlayer.run(GamePlayer.java:162)
Caused by: org.apache.commons.math3.exception.NotANumberException: NaN is not allowed
	at org.apache.commons.math3.distribution.EnumeratedDistribution.<init>(EnumeratedDistribution.java:134)
	at org.apache.commons.math3.distribution.EnumeratedDistribution.<init>(EnumeratedDistribution.java:101)
	at org.ggp.base.player.gamer.statemachine.MCTS.manager.hybrid.strategies.playout.moveselector.GibbsAdaptivePlayoutMoveSelector.getMoveFromDistribution(GibbsAdaptivePlayoutMoveSelector.java:86)
	... 12 more
LOG 1641913647907 [L9]: <ERR> An unhandled exception ocurred during move selection: org.ggp.base.player.gamer.exception.MoveSelectionException: java.lang.RuntimeException: org.apache.commons.math3.exception.NotANumberException: NaN is not allowed
	at org.ggp.base.player.gamer.statemachine.StateMachineGamer.selectMove(StateMachineGamer.java:285)
	at org.ggp.base.player.request.grammar.PlayRequest.process(PlayRequest.java:49)
	at org.ggp.base.player.GamePlayer.run(GamePlayer.java:162)
Caused by: java.lang.RuntimeException: org.apache.commons.math3.exception.NotANumberException: NaN is not allowed
	at org.ggp.base.player.gamer.statemachine.MCTS.manager.hybrid.strategies.playout.moveselector.GibbsAdaptivePlayoutMoveSelector.getMoveFromDistribution(GibbsAdaptivePlayoutMoveSelector.java:93)
	at org.ggp.base.player.gamer.statemachine.MCTS.manager.hybrid.strategies.playout.moveselector.GibbsAdaptivePlayoutMoveSelector.getMoveForRole(GibbsAdaptivePlayoutMoveSelector.java:63)
	at org.ggp.base.player.gamer.statemachine.MCTS.manager.hybrid.strategies.playout.StandardPlayout.getMoveForRole(StandardPlayout.java:179)
	at org.ggp.base.player.gamer.statemachine.MCTS.manager.hybrid.strategies.playout.PlayoutStrategy.getJointMove(PlayoutStrategy.java:95)
	at org.ggp.base.player.gamer.statemachine.MCTS.manager.hybrid.strategies.playout.MovesAndSiblingsMemorizingStandardPlayout.singlePlayout(MovesAndSiblingsMemorizingStandardPlayout.java:79)
	at org.ggp.base.player.gamer.statemachine.MCTS.manager.hybrid.strategies.playout.StandardPlayout.playout(StandardPlayout.java:90)
	at org.ggp.base.player.gamer.statemachine.MCTS.manager.hybrid.HybridMctsManager.searchNext(HybridMctsManager.java:1245)
	at org.ggp.base.player.gamer.statemachine.MCTS.manager.hybrid.HybridMctsManager.performSearch(HybridMctsManager.java:857)
	at org.ggp.base.player.gamer.statemachine.MCTS.manager.hybrid.HybridMctsManager.search(HybridMctsManager.java:774)
	at org.ggp.base.player.gamer.statemachine.MCTS.MctsGamer.stateMachineSelectMove(MctsGamer.java:256)
	at org.ggp.base.player.gamer.statemachine.StateMachineGamer.selectMove(StateMachineGamer.java:280)
	... 2 more
Caused by: org.apache.commons.math3.exception.NotANumberException: NaN is not allowed
	at org.apache.commons.math3.distribution.EnumeratedDistribution.<init>(EnumeratedDistribution.java:134)
	at org.apache.commons.math3.distribution.EnumeratedDistribution.<init>(EnumeratedDistribution.java:101)
	at org.ggp.base.player.gamer.statemachine.MCTS.manager.hybrid.strategies.playout.moveselector.GibbsAdaptivePlayoutMoveSelector.getMoveFromDistribution(GibbsAdaptivePlayoutMoveSelector.java:86)
	... 12 more
LOG 1641913647908 [L0]: [Sent at 1641913647908] nil
LOG 1641913657901 [L0]: [Received at 1641913657901] ( PLAY 14.connect4.1641913612827 (noop ( drop 2 ) ) )
LOG 1641913657909 [L9]: <ERR> java.lang.RuntimeException: org.apache.commons.math3.exception.NotANumberException: NaN is not allowed
	at org.ggp.base.player.gamer.statemachine.MCTS.manager.hybrid.strategies.playout.moveselector.GibbsAdaptivePlayoutMoveSelector.getMoveFromDistribution(GibbsAdaptivePlayoutMoveSelector.java:93)
	at org.ggp.base.player.gamer.statemachine.MCTS.manager.hybrid.strategies.playout.moveselector.GibbsAdaptivePlayoutMoveSelector.getMoveForRole(GibbsAdaptivePlayoutMoveSelector.java:63)
	at org.ggp.base.player.gamer.statemachine.MCTS.manager.hybrid.strategies.playout.StandardPlayout.getMoveForRole(StandardPlayout.java:179)
	at org.ggp.base.player.gamer.statemachine.MCTS.manager.hybrid.strategies.playout.PlayoutStrategy.getJointMove(PlayoutStrategy.java:95)
	at org.ggp.base.player.gamer.statemachine.MCTS.manager.hybrid.strategies.playout.MovesAndSiblingsMemorizingStandardPlayout.singlePlayout(MovesAndSiblingsMemorizingStandardPlayout.java:79)
	at org.ggp.base.player.gamer.statemachine.MCTS.manager.hybrid.strategies.playout.StandardPlayout.playout(StandardPlayout.java:90)
	at org.ggp.base.player.gamer.statemachine.MCTS.manager.hybrid.HybridMctsManager.searchNext(HybridMctsManager.java:1245)
	at org.ggp.base.player.gamer.statemachine.MCTS.manager.hybrid.HybridMctsManager.performSearch(HybridMctsManager.java:857)
	at org.ggp.base.player.gamer.statemachine.MCTS.manager.hybrid.HybridMctsManager.search(HybridMctsManager.java:774)
	at org.ggp.base.player.gamer.statemachine.MCTS.MctsGamer.stateMachineSelectMove(MctsGamer.java:256)
	at org.ggp.base.player.gamer.statemachine.StateMachineGamer.selectMove(StateMachineGamer.java:280)
	at org.ggp.base.player.request.grammar.PlayRequest.process(PlayRequest.java:49)
	at org.ggp.base.player.GamePlayer.run(GamePlayer.java:162)
Caused by: org.apache.commons.math3.exception.NotANumberException: NaN is not allowed
	at org.apache.commons.math3.distribution.EnumeratedDistribution.<init>(EnumeratedDistribution.java:134)
	at org.apache.commons.math3.distribution.EnumeratedDistribution.<init>(EnumeratedDistribution.java:101)
	at org.ggp.base.player.gamer.statemachine.MCTS.manager.hybrid.strategies.playout.moveselector.GibbsAdaptivePlayoutMoveSelector.getMoveFromDistribution(GibbsAdaptivePlayoutMoveSelector.java:86)
	... 12 more
LOG 1641913657910 [L9]: <ERR> An unhandled exception ocurred during move selection: org.ggp.base.player.gamer.exception.MoveSelectionException: java.lang.RuntimeException: org.apache.commons.math3.exception.NotANumberException: NaN is not allowed
	at org.ggp.base.player.gamer.statemachine.StateMachineGamer.selectMove(StateMachineGamer.java:285)
	at org.ggp.base.player.request.grammar.PlayRequest.process(PlayRequest.java:49)
	at org.ggp.base.player.GamePlayer.run(GamePlayer.java:162)
Caused by: java.lang.RuntimeException: org.apache.commons.math3.exception.NotANumberException: NaN is not allowed
	at org.ggp.base.player.gamer.statemachine.MCTS.manager.hybrid.strategies.playout.moveselector.GibbsAdaptivePlayoutMoveSelector.getMoveFromDistribution(GibbsAdaptivePlayoutMoveSelector.java:93)
	at org.ggp.base.player.gamer.statemachine.MCTS.manager.hybrid.strategies.playout.moveselector.GibbsAdaptivePlayoutMoveSelector.getMoveForRole(GibbsAdaptivePlayoutMoveSelector.java:63)
	at org.ggp.base.player.gamer.statemachine.MCTS.manager.hybrid.strategies.playout.StandardPlayout.getMoveForRole(StandardPlayout.java:179)
	at org.ggp.base.player.gamer.statemachine.MCTS.manager.hybrid.strategies.playout.PlayoutStrategy.getJointMove(PlayoutStrategy.java:95)
	at org.ggp.base.player.gamer.statemachine.MCTS.manager.hybrid.strategies.playout.MovesAndSiblingsMemorizingStandardPlayout.singlePlayout(MovesAndSiblingsMemorizingStandardPlayout.java:79)
	at org.ggp.base.player.gamer.statemachine.MCTS.manager.hybrid.strategies.playout.StandardPlayout.playout(StandardPlayout.java:90)
	at org.ggp.base.player.gamer.statemachine.MCTS.manager.hybrid.HybridMctsManager.searchNext(HybridMctsManager.java:1245)
	at org.ggp.base.player.gamer.statemachine.MCTS.manager.hybrid.HybridMctsManager.performSearch(HybridMctsManager.java:857)
	at org.ggp.base.player.gamer.statemachine.MCTS.manager.hybrid.HybridMctsManager.search(HybridMctsManager.java:774)
	at org.ggp.base.player.gamer.statemachine.MCTS.MctsGamer.stateMachineSelectMove(MctsGamer.java:256)
	at org.ggp.base.player.gamer.statemachine.StateMachineGamer.selectMove(StateMachineGamer.java:280)
	... 2 more
Caused by: org.apache.commons.math3.exception.NotANumberException: NaN is not allowed
	at org.apache.commons.math3.distribution.EnumeratedDistribution.<init>(EnumeratedDistribution.java:134)
	at org.apache.commons.math3.distribution.EnumeratedDistribution.<init>(EnumeratedDistribution.java:101)
	at org.ggp.base.player.gamer.statemachine.MCTS.manager.hybrid.strategies.playout.moveselector.GibbsAdaptivePlayoutMoveSelector.getMoveFromDistribution(GibbsAdaptivePlayoutMoveSelector.java:86)
	... 12 more
LOG 1641913657911 [L0]: [Sent at 1641913657911] nil
LOG 1641913667905 [L0]: [Received at 1641913667905] ( PLAY 14.connect4.1641913612827 (( drop 3 ) noop ) )
LOG 1641913667907 [L9]: <ERR> java.lang.RuntimeException: org.apache.commons.math3.exception.NotANumberException: NaN is not allowed
	at org.ggp.base.player.gamer.statemachine.MCTS.manager.hybrid.strategies.playout.moveselector.GibbsAdaptivePlayoutMoveSelector.getMoveFromDistribution(GibbsAdaptivePlayoutMoveSelector.java:93)
	at org.ggp.base.player.gamer.statemachine.MCTS.manager.hybrid.strategies.playout.moveselector.GibbsAdaptivePlayoutMoveSelector.getMoveForRole(GibbsAdaptivePlayoutMoveSelector.java:63)
	at org.ggp.base.player.gamer.statemachine.MCTS.manager.hybrid.strategies.playout.StandardPlayout.getMoveForRole(StandardPlayout.java:179)
	at org.ggp.base.player.gamer.statemachine.MCTS.manager.hybrid.strategies.playout.PlayoutStrategy.getJointMove(PlayoutStrategy.java:95)
	at org.ggp.base.player.gamer.statemachine.MCTS.manager.hybrid.strategies.playout.MovesAndSiblingsMemorizingStandardPlayout.singlePlayout(MovesAndSiblingsMemorizingStandardPlayout.java:79)
	at org.ggp.base.player.gamer.statemachine.MCTS.manager.hybrid.strategies.playout.StandardPlayout.playout(StandardPlayout.java:90)
	at org.ggp.base.player.gamer.statemachine.MCTS.manager.hybrid.HybridMctsManager.searchNext(HybridMctsManager.java:1245)
	at org.ggp.base.player.gamer.statemachine.MCTS.manager.hybrid.HybridMctsManager.performSearch(HybridMctsManager.java:857)
	at org.ggp.base.player.gamer.statemachine.MCTS.manager.hybrid.HybridMctsManager.search(HybridMctsManager.java:774)
	at org.ggp.base.player.gamer.statemachine.MCTS.MctsGamer.stateMachineSelectMove(MctsGamer.java:256)
	at org.ggp.base.player.gamer.statemachine.StateMachineGamer.selectMove(StateMachineGamer.java:280)
	at org.ggp.base.player.request.grammar.PlayRequest.process(PlayRequest.java:49)
	at org.ggp.base.player.GamePlayer.run(GamePlayer.java:162)
Caused by: org.apache.commons.math3.exception.NotANumberException: NaN is not allowed
	at org.apache.commons.math3.distribution.EnumeratedDistribution.<init>(EnumeratedDistribution.java:134)
	at org.apache.commons.math3.distribution.EnumeratedDistribution.<init>(EnumeratedDistribution.java:101)
	at org.ggp.base.player.gamer.statemachine.MCTS.manager.hybrid.strategies.playout.moveselector.GibbsAdaptivePlayoutMoveSelector.getMoveFromDistribution(GibbsAdaptivePlayoutMoveSelector.java:86)
	... 12 more
LOG 1641913667907 [L9]: <ERR> An unhandled exception ocurred during move selection: org.ggp.base.player.gamer.exception.MoveSelectionException: java.lang.RuntimeException: org.apache.commons.math3.exception.NotANumberException: NaN is not allowed
	at org.ggp.base.player.gamer.statemachine.StateMachineGamer.selectMove(StateMachineGamer.java:285)
	at org.ggp.base.player.request.grammar.PlayRequest.process(PlayRequest.java:49)
	at org.ggp.base.player.GamePlayer.run(GamePlayer.java:162)
Caused by: java.lang.RuntimeException: org.apache.commons.math3.exception.NotANumberException: NaN is not allowed
	at org.ggp.base.player.gamer.statemachine.MCTS.manager.hybrid.strategies.playout.moveselector.GibbsAdaptivePlayoutMoveSelector.getMoveFromDistribution(GibbsAdaptivePlayoutMoveSelector.java:93)
	at org.ggp.base.player.gamer.statemachine.MCTS.manager.hybrid.strategies.playout.moveselector.GibbsAdaptivePlayoutMoveSelector.getMoveForRole(GibbsAdaptivePlayoutMoveSelector.java:63)
	at org.ggp.base.player.gamer.statemachine.MCTS.manager.hybrid.strategies.playout.StandardPlayout.getMoveForRole(StandardPlayout.java:179)
	at org.ggp.base.player.gamer.statemachine.MCTS.manager.hybrid.strategies.playout.PlayoutStrategy.getJointMove(PlayoutStrategy.java:95)
	at org.ggp.base.player.gamer.statemachine.MCTS.manager.hybrid.strategies.playout.MovesAndSiblingsMemorizingStandardPlayout.singlePlayout(MovesAndSiblingsMemorizingStandardPlayout.java:79)
	at org.ggp.base.player.gamer.statemachine.MCTS.manager.hybrid.strategies.playout.StandardPlayout.playout(StandardPlayout.java:90)
	at org.ggp.base.player.gamer.statemachine.MCTS.manager.hybrid.HybridMctsManager.searchNext(HybridMctsManager.java:1245)
	at org.ggp.base.player.gamer.statemachine.MCTS.manager.hybrid.HybridMctsManager.performSearch(HybridMctsManager.java:857)
	at org.ggp.base.player.gamer.statemachine.MCTS.manager.hybrid.HybridMctsManager.search(HybridMctsManager.java:774)
	at org.ggp.base.player.gamer.statemachine.MCTS.MctsGamer.stateMachineSelectMove(MctsGamer.java:256)
	at org.ggp.base.player.gamer.statemachine.StateMachineGamer.selectMove(StateMachineGamer.java:280)
	... 2 more
Caused by: org.apache.commons.math3.exception.NotANumberException: NaN is not allowed
	at org.apache.commons.math3.distribution.EnumeratedDistribution.<init>(EnumeratedDistribution.java:134)
	at org.apache.commons.math3.distribution.EnumeratedDistribution.<init>(EnumeratedDistribution.java:101)
	at org.ggp.base.player.gamer.statemachine.MCTS.manager.hybrid.strategies.playout.moveselector.GibbsAdaptivePlayoutMoveSelector.getMoveFromDistribution(GibbsAdaptivePlayoutMoveSelector.java:86)
	... 12 more
LOG 1641913667908 [L0]: [Sent at 1641913667908] nil
LOG 1641913677908 [L0]: [Received at 1641913677908] ( PLAY 14.connect4.1641913612827 (noop ( drop 3 ) ) )
LOG 1641913677910 [L9]: <ERR> java.lang.RuntimeException: org.apache.commons.math3.exception.NotANumberException: NaN is not allowed
	at org.ggp.base.player.gamer.statemachine.MCTS.manager.hybrid.strategies.playout.moveselector.GibbsAdaptivePlayoutMoveSelector.getMoveFromDistribution(GibbsAdaptivePlayoutMoveSelector.java:93)
	at org.ggp.base.player.gamer.statemachine.MCTS.manager.hybrid.strategies.playout.moveselector.GibbsAdaptivePlayoutMoveSelector.getMoveForRole(GibbsAdaptivePlayoutMoveSelector.java:63)
	at org.ggp.base.player.gamer.statemachine.MCTS.manager.hybrid.strategies.playout.StandardPlayout.getMoveForRole(StandardPlayout.java:179)
	at org.ggp.base.player.gamer.statemachine.MCTS.manager.hybrid.strategies.playout.PlayoutStrategy.getJointMove(PlayoutStrategy.java:95)
	at org.ggp.base.player.gamer.statemachine.MCTS.manager.hybrid.strategies.playout.MovesAndSiblingsMemorizingStandardPlayout.singlePlayout(MovesAndSiblingsMemorizingStandardPlayout.java:79)
	at org.ggp.base.player.gamer.statemachine.MCTS.manager.hybrid.strategies.playout.StandardPlayout.playout(StandardPlayout.java:90)
	at org.ggp.base.player.gamer.statemachine.MCTS.manager.hybrid.HybridMctsManager.searchNext(HybridMctsManager.java:1245)
	at org.ggp.base.player.gamer.statemachine.MCTS.manager.hybrid.HybridMctsManager.performSearch(HybridMctsManager.java:857)
	at org.ggp.base.player.gamer.statemachine.MCTS.manager.hybrid.HybridMctsManager.search(HybridMctsManager.java:774)
	at org.ggp.base.player.gamer.statemachine.MCTS.MctsGamer.stateMachineSelectMove(MctsGamer.java:256)
	at org.ggp.base.player.gamer.statemachine.StateMachineGamer.selectMove(StateMachineGamer.java:280)
	at org.ggp.base.player.request.grammar.PlayRequest.process(PlayRequest.java:49)
	at org.ggp.base.player.GamePlayer.run(GamePlayer.java:162)
Caused by: org.apache.commons.math3.exception.NotANumberException: NaN is not allowed
	at org.apache.commons.math3.distribution.EnumeratedDistribution.<init>(EnumeratedDistribution.java:134)
	at org.apache.commons.math3.distribution.EnumeratedDistribution.<init>(EnumeratedDistribution.java:101)
	at org.ggp.base.player.gamer.statemachine.MCTS.manager.hybrid.strategies.playout.moveselector.GibbsAdaptivePlayoutMoveSelector.getMoveFromDistribution(GibbsAdaptivePlayoutMoveSelector.java:86)
	... 12 more
LOG 1641913677910 [L9]: <ERR> An unhandled exception ocurred during move selection: org.ggp.base.player.gamer.exception.MoveSelectionException: java.lang.RuntimeException: org.apache.commons.math3.exception.NotANumberException: NaN is not allowed
	at org.ggp.base.player.gamer.statemachine.StateMachineGamer.selectMove(StateMachineGamer.java:285)
	at org.ggp.base.player.request.grammar.PlayRequest.process(PlayRequest.java:49)
	at org.ggp.base.player.GamePlayer.run(GamePlayer.java:162)
Caused by: java.lang.RuntimeException: org.apache.commons.math3.exception.NotANumberException: NaN is not allowed
	at org.ggp.base.player.gamer.statemachine.MCTS.manager.hybrid.strategies.playout.moveselector.GibbsAdaptivePlayoutMoveSelector.getMoveFromDistribution(GibbsAdaptivePlayoutMoveSelector.java:93)
	at org.ggp.base.player.gamer.statemachine.MCTS.manager.hybrid.strategies.playout.moveselector.GibbsAdaptivePlayoutMoveSelector.getMoveForRole(GibbsAdaptivePlayoutMoveSelector.java:63)
	at org.ggp.base.player.gamer.statemachine.MCTS.manager.hybrid.strategies.playout.StandardPlayout.getMoveForRole(StandardPlayout.java:179)
	at org.ggp.base.player.gamer.statemachine.MCTS.manager.hybrid.strategies.playout.PlayoutStrategy.getJointMove(PlayoutStrategy.java:95)
	at org.ggp.base.player.gamer.statemachine.MCTS.manager.hybrid.strategies.playout.MovesAndSiblingsMemorizingStandardPlayout.singlePlayout(MovesAndSiblingsMemorizingStandardPlayout.java:79)
	at org.ggp.base.player.gamer.statemachine.MCTS.manager.hybrid.strategies.playout.StandardPlayout.playout(StandardPlayout.java:90)
	at org.ggp.base.player.gamer.statemachine.MCTS.manager.hybrid.HybridMctsManager.searchNext(HybridMctsManager.java:1245)
	at org.ggp.base.player.gamer.statemachine.MCTS.manager.hybrid.HybridMctsManager.performSearch(HybridMctsManager.java:857)
	at org.ggp.base.player.gamer.statemachine.MCTS.manager.hybrid.HybridMctsManager.search(HybridMctsManager.java:774)
	at org.ggp.base.player.gamer.statemachine.MCTS.MctsGamer.stateMachineSelectMove(MctsGamer.java:256)
	at org.ggp.base.player.gamer.statemachine.StateMachineGamer.selectMove(StateMachineGamer.java:280)
	... 2 more
Caused by: org.apache.commons.math3.exception.NotANumberException: NaN is not allowed
	at org.apache.commons.math3.distribution.EnumeratedDistribution.<init>(EnumeratedDistribution.java:134)
	at org.apache.commons.math3.distribution.EnumeratedDistribution.<init>(EnumeratedDistribution.java:101)
	at org.ggp.base.player.gamer.statemachine.MCTS.manager.hybrid.strategies.playout.moveselector.GibbsAdaptivePlayoutMoveSelector.getMoveFromDistribution(GibbsAdaptivePlayoutMoveSelector.java:86)
	... 12 more
LOG 1641913677911 [L0]: [Sent at 1641913677911] nil
LOG 1641913687911 [L0]: [Received at 1641913687911] ( PLAY 14.connect4.1641913612827 (( drop 6 ) noop ) )
LOG 1641913687913 [L9]: <ERR> java.lang.RuntimeException: org.apache.commons.math3.exception.NotANumberException: NaN is not allowed
	at org.ggp.base.player.gamer.statemachine.MCTS.manager.hybrid.strategies.playout.moveselector.GibbsAdaptivePlayoutMoveSelector.getMoveFromDistribution(GibbsAdaptivePlayoutMoveSelector.java:93)
	at org.ggp.base.player.gamer.statemachine.MCTS.manager.hybrid.strategies.playout.moveselector.GibbsAdaptivePlayoutMoveSelector.getMoveForRole(GibbsAdaptivePlayoutMoveSelector.java:63)
	at org.ggp.base.player.gamer.statemachine.MCTS.manager.hybrid.strategies.playout.StandardPlayout.getMoveForRole(StandardPlayout.java:179)
	at org.ggp.base.player.gamer.statemachine.MCTS.manager.hybrid.strategies.playout.PlayoutStrategy.getJointMove(PlayoutStrategy.java:95)
	at org.ggp.base.player.gamer.statemachine.MCTS.manager.hybrid.strategies.playout.MovesAndSiblingsMemorizingStandardPlayout.singlePlayout(MovesAndSiblingsMemorizingStandardPlayout.java:79)
	at org.ggp.base.player.gamer.statemachine.MCTS.manager.hybrid.strategies.playout.StandardPlayout.playout(StandardPlayout.java:90)
	at org.ggp.base.player.gamer.statemachine.MCTS.manager.hybrid.HybridMctsManager.searchNext(HybridMctsManager.java:1245)
	at org.ggp.base.player.gamer.statemachine.MCTS.manager.hybrid.HybridMctsManager.performSearch(HybridMctsManager.java:857)
	at org.ggp.base.player.gamer.statemachine.MCTS.manager.hybrid.HybridMctsManager.search(HybridMctsManager.java:774)
	at org.ggp.base.player.gamer.statemachine.MCTS.MctsGamer.stateMachineSelectMove(MctsGamer.java:256)
	at org.ggp.base.player.gamer.statemachine.StateMachineGamer.selectMove(StateMachineGamer.java:280)
	at org.ggp.base.player.request.grammar.PlayRequest.process(PlayRequest.java:49)
	at org.ggp.base.player.GamePlayer.run(GamePlayer.java:162)
Caused by: org.apache.commons.math3.exception.NotANumberException: NaN is not allowed
	at org.apache.commons.math3.distribution.EnumeratedDistribution.<init>(EnumeratedDistribution.java:134)
	at org.apache.commons.math3.distribution.EnumeratedDistribution.<init>(EnumeratedDistribution.java:101)
	at org.ggp.base.player.gamer.statemachine.MCTS.manager.hybrid.strategies.playout.moveselector.GibbsAdaptivePlayoutMoveSelector.getMoveFromDistribution(GibbsAdaptivePlayoutMoveSelector.java:86)
	... 12 more
LOG 1641913687913 [L9]: <ERR> An unhandled exception ocurred during move selection: org.ggp.base.player.gamer.exception.MoveSelectionException: java.lang.RuntimeException: org.apache.commons.math3.exception.NotANumberException: NaN is not allowed
	at org.ggp.base.player.gamer.statemachine.StateMachineGamer.selectMove(StateMachineGamer.java:285)
	at org.ggp.base.player.request.grammar.PlayRequest.process(PlayRequest.java:49)
	at org.ggp.base.player.GamePlayer.run(GamePlayer.java:162)
Caused by: java.lang.RuntimeException: org.apache.commons.math3.exception.NotANumberException: NaN is not allowed
	at org.ggp.base.player.gamer.statemachine.MCTS.manager.hybrid.strategies.playout.moveselector.GibbsAdaptivePlayoutMoveSelector.getMoveFromDistribution(GibbsAdaptivePlayoutMoveSelector.java:93)
	at org.ggp.base.player.gamer.statemachine.MCTS.manager.hybrid.strategies.playout.moveselector.GibbsAdaptivePlayoutMoveSelector.getMoveForRole(GibbsAdaptivePlayoutMoveSelector.java:63)
	at org.ggp.base.player.gamer.statemachine.MCTS.manager.hybrid.strategies.playout.StandardPlayout.getMoveForRole(StandardPlayout.java:179)
	at org.ggp.base.player.gamer.statemachine.MCTS.manager.hybrid.strategies.playout.PlayoutStrategy.getJointMove(PlayoutStrategy.java:95)
	at org.ggp.base.player.gamer.statemachine.MCTS.manager.hybrid.strategies.playout.MovesAndSiblingsMemorizingStandardPlayout.singlePlayout(MovesAndSiblingsMemorizingStandardPlayout.java:79)
	at org.ggp.base.player.gamer.statemachine.MCTS.manager.hybrid.strategies.playout.StandardPlayout.playout(StandardPlayout.java:90)
	at org.ggp.base.player.gamer.statemachine.MCTS.manager.hybrid.HybridMctsManager.searchNext(HybridMctsManager.java:1245)
	at org.ggp.base.player.gamer.statemachine.MCTS.manager.hybrid.HybridMctsManager.performSearch(HybridMctsManager.java:857)
	at org.ggp.base.player.gamer.statemachine.MCTS.manager.hybrid.HybridMctsManager.search(HybridMctsManager.java:774)
	at org.ggp.base.player.gamer.statemachine.MCTS.MctsGamer.stateMachineSelectMove(MctsGamer.java:256)
	at org.ggp.base.player.gamer.statemachine.StateMachineGamer.selectMove(StateMachineGamer.java:280)
	... 2 more
Caused by: org.apache.commons.math3.exception.NotANumberException: NaN is not allowed
	at org.apache.commons.math3.distribution.EnumeratedDistribution.<init>(EnumeratedDistribution.java:134)
	at org.apache.commons.math3.distribution.EnumeratedDistribution.<init>(EnumeratedDistribution.java:101)
	at org.ggp.base.player.gamer.statemachine.MCTS.manager.hybrid.strategies.playout.moveselector.GibbsAdaptivePlayoutMoveSelector.getMoveFromDistribution(GibbsAdaptivePlayoutMoveSelector.java:86)
	... 12 more
LOG 1641913687914 [L0]: [Sent at 1641913687914] nil
LOG 1641913697918 [L0]: [Received at 1641913697918] ( PLAY 14.connect4.1641913612827 (noop ( drop 1 ) ) )
LOG 1641913697920 [L9]: <ERR> java.lang.RuntimeException: org.apache.commons.math3.exception.NotANumberException: NaN is not allowed
	at org.ggp.base.player.gamer.statemachine.MCTS.manager.hybrid.strategies.playout.moveselector.GibbsAdaptivePlayoutMoveSelector.getMoveFromDistribution(GibbsAdaptivePlayoutMoveSelector.java:93)
	at org.ggp.base.player.gamer.statemachine.MCTS.manager.hybrid.strategies.playout.moveselector.GibbsAdaptivePlayoutMoveSelector.getMoveForRole(GibbsAdaptivePlayoutMoveSelector.java:63)
	at org.ggp.base.player.gamer.statemachine.MCTS.manager.hybrid.strategies.playout.StandardPlayout.getMoveForRole(StandardPlayout.java:179)
	at org.ggp.base.player.gamer.statemachine.MCTS.manager.hybrid.strategies.playout.PlayoutStrategy.getJointMove(PlayoutStrategy.java:95)
	at org.ggp.base.player.gamer.statemachine.MCTS.manager.hybrid.strategies.playout.MovesAndSiblingsMemorizingStandardPlayout.singlePlayout(MovesAndSiblingsMemorizingStandardPlayout.java:79)
	at org.ggp.base.player.gamer.statemachine.MCTS.manager.hybrid.strategies.playout.StandardPlayout.playout(StandardPlayout.java:90)
	at org.ggp.base.player.gamer.statemachine.MCTS.manager.hybrid.HybridMctsManager.searchNext(HybridMctsManager.java:1245)
	at org.ggp.base.player.gamer.statemachine.MCTS.manager.hybrid.HybridMctsManager.performSearch(HybridMctsManager.java:857)
	at org.ggp.base.player.gamer.statemachine.MCTS.manager.hybrid.HybridMctsManager.search(HybridMctsManager.java:774)
	at org.ggp.base.player.gamer.statemachine.MCTS.MctsGamer.stateMachineSelectMove(MctsGamer.java:256)
	at org.ggp.base.player.gamer.statemachine.StateMachineGamer.selectMove(StateMachineGamer.java:280)
	at org.ggp.base.player.request.grammar.PlayRequest.process(PlayRequest.java:49)
	at org.ggp.base.player.GamePlayer.run(GamePlayer.java:162)
Caused by: org.apache.commons.math3.exception.NotANumberException: NaN is not allowed
	at org.apache.commons.math3.distribution.EnumeratedDistribution.<init>(EnumeratedDistribution.java:134)
	at org.apache.commons.math3.distribution.EnumeratedDistribution.<init>(EnumeratedDistribution.java:101)
	at org.ggp.base.player.gamer.statemachine.MCTS.manager.hybrid.strategies.playout.moveselector.GibbsAdaptivePlayoutMoveSelector.getMoveFromDistribution(GibbsAdaptivePlayoutMoveSelector.java:86)
	... 12 more
LOG 1641913697921 [L9]: <ERR> An unhandled exception ocurred during move selection: org.ggp.base.player.gamer.exception.MoveSelectionException: java.lang.RuntimeException: org.apache.commons.math3.exception.NotANumberException: NaN is not allowed
	at org.ggp.base.player.gamer.statemachine.StateMachineGamer.selectMove(StateMachineGamer.java:285)
	at org.ggp.base.player.request.grammar.PlayRequest.process(PlayRequest.java:49)
	at org.ggp.base.player.GamePlayer.run(GamePlayer.java:162)
Caused by: java.lang.RuntimeException: org.apache.commons.math3.exception.NotANumberException: NaN is not allowed
	at org.ggp.base.player.gamer.statemachine.MCTS.manager.hybrid.strategies.playout.moveselector.GibbsAdaptivePlayoutMoveSelector.getMoveFromDistribution(GibbsAdaptivePlayoutMoveSelector.java:93)
	at org.ggp.base.player.gamer.statemachine.MCTS.manager.hybrid.strategies.playout.moveselector.GibbsAdaptivePlayoutMoveSelector.getMoveForRole(GibbsAdaptivePlayoutMoveSelector.java:63)
	at org.ggp.base.player.gamer.statemachine.MCTS.manager.hybrid.strategies.playout.StandardPlayout.getMoveForRole(StandardPlayout.java:179)
	at org.ggp.base.player.gamer.statemachine.MCTS.manager.hybrid.strategies.playout.PlayoutStrategy.getJointMove(PlayoutStrategy.java:95)
	at org.ggp.base.player.gamer.statemachine.MCTS.manager.hybrid.strategies.playout.MovesAndSiblingsMemorizingStandardPlayout.singlePlayout(MovesAndSiblingsMemorizingStandardPlayout.java:79)
	at org.ggp.base.player.gamer.statemachine.MCTS.manager.hybrid.strategies.playout.StandardPlayout.playout(StandardPlayout.java:90)
	at org.ggp.base.player.gamer.statemachine.MCTS.manager.hybrid.HybridMctsManager.searchNext(HybridMctsManager.java:1245)
	at org.ggp.base.player.gamer.statemachine.MCTS.manager.hybrid.HybridMctsManager.performSearch(HybridMctsManager.java:857)
	at org.ggp.base.player.gamer.statemachine.MCTS.manager.hybrid.HybridMctsManager.search(HybridMctsManager.java:774)
	at org.ggp.base.player.gamer.statemachine.MCTS.MctsGamer.stateMachineSelectMove(MctsGamer.java:256)
	at org.ggp.base.player.gamer.statemachine.StateMachineGamer.selectMove(StateMachineGamer.java:280)
	... 2 more
Caused by: org.apache.commons.math3.exception.NotANumberException: NaN is not allowed
	at org.apache.commons.math3.distribution.EnumeratedDistribution.<init>(EnumeratedDistribution.java:134)
	at org.apache.commons.math3.distribution.EnumeratedDistribution.<init>(EnumeratedDistribution.java:101)
	at org.ggp.base.player.gamer.statemachine.MCTS.manager.hybrid.strategies.playout.moveselector.GibbsAdaptivePlayoutMoveSelector.getMoveFromDistribution(GibbsAdaptivePlayoutMoveSelector.java:86)
	... 12 more
LOG 1641913697922 [L0]: [Sent at 1641913697922] nil
LOG 1641913707922 [L0]: [Received at 1641913707922] ( PLAY 14.connect4.1641913612827 (( drop 4 ) noop ) )
LOG 1641913707924 [L9]: <ERR> java.lang.RuntimeException: org.apache.commons.math3.exception.NotANumberException: NaN is not allowed
	at org.ggp.base.player.gamer.statemachine.MCTS.manager.hybrid.strategies.playout.moveselector.GibbsAdaptivePlayoutMoveSelector.getMoveFromDistribution(GibbsAdaptivePlayoutMoveSelector.java:93)
	at org.ggp.base.player.gamer.statemachine.MCTS.manager.hybrid.strategies.playout.moveselector.GibbsAdaptivePlayoutMoveSelector.getMoveForRole(GibbsAdaptivePlayoutMoveSelector.java:63)
	at org.ggp.base.player.gamer.statemachine.MCTS.manager.hybrid.strategies.playout.StandardPlayout.getMoveForRole(StandardPlayout.java:179)
	at org.ggp.base.player.gamer.statemachine.MCTS.manager.hybrid.strategies.playout.PlayoutStrategy.getJointMove(PlayoutStrategy.java:95)
	at org.ggp.base.player.gamer.statemachine.MCTS.manager.hybrid.strategies.playout.MovesAndSiblingsMemorizingStandardPlayout.singlePlayout(MovesAndSiblingsMemorizingStandardPlayout.java:79)
	at org.ggp.base.player.gamer.statemachine.MCTS.manager.hybrid.strategies.playout.StandardPlayout.playout(StandardPlayout.java:90)
	at org.ggp.base.player.gamer.statemachine.MCTS.manager.hybrid.HybridMctsManager.searchNext(HybridMctsManager.java:1245)
	at org.ggp.base.player.gamer.statemachine.MCTS.manager.hybrid.HybridMctsManager.performSearch(HybridMctsManager.java:857)
	at org.ggp.base.player.gamer.statemachine.MCTS.manager.hybrid.HybridMctsManager.search(HybridMctsManager.java:774)
	at org.ggp.base.player.gamer.statemachine.MCTS.MctsGamer.stateMachineSelectMove(MctsGamer.java:256)
	at org.ggp.base.player.gamer.statemachine.StateMachineGamer.selectMove(StateMachineGamer.java:280)
	at org.ggp.base.player.request.grammar.PlayRequest.process(PlayRequest.java:49)
	at org.ggp.base.player.GamePlayer.run(GamePlayer.java:162)
Caused by: org.apache.commons.math3.exception.NotANumberException: NaN is not allowed
	at org.apache.commons.math3.distribution.EnumeratedDistribution.<init>(EnumeratedDistribution.java:134)
	at org.apache.commons.math3.distribution.EnumeratedDistribution.<init>(EnumeratedDistribution.java:101)
	at org.ggp.base.player.gamer.statemachine.MCTS.manager.hybrid.strategies.playout.moveselector.GibbsAdaptivePlayoutMoveSelector.getMoveFromDistribution(GibbsAdaptivePlayoutMoveSelector.java:86)
	... 12 more
LOG 1641913707925 [L9]: <ERR> An unhandled exception ocurred during move selection: org.ggp.base.player.gamer.exception.MoveSelectionException: java.lang.RuntimeException: org.apache.commons.math3.exception.NotANumberException: NaN is not allowed
	at org.ggp.base.player.gamer.statemachine.StateMachineGamer.selectMove(StateMachineGamer.java:285)
	at org.ggp.base.player.request.grammar.PlayRequest.process(PlayRequest.java:49)
	at org.ggp.base.player.GamePlayer.run(GamePlayer.java:162)
Caused by: java.lang.RuntimeException: org.apache.commons.math3.exception.NotANumberException: NaN is not allowed
	at org.ggp.base.player.gamer.statemachine.MCTS.manager.hybrid.strategies.playout.moveselector.GibbsAdaptivePlayoutMoveSelector.getMoveFromDistribution(GibbsAdaptivePlayoutMoveSelector.java:93)
	at org.ggp.base.player.gamer.statemachine.MCTS.manager.hybrid.strategies.playout.moveselector.GibbsAdaptivePlayoutMoveSelector.getMoveForRole(GibbsAdaptivePlayoutMoveSelector.java:63)
	at org.ggp.base.player.gamer.statemachine.MCTS.manager.hybrid.strategies.playout.StandardPlayout.getMoveForRole(StandardPlayout.java:179)
	at org.ggp.base.player.gamer.statemachine.MCTS.manager.hybrid.strategies.playout.PlayoutStrategy.getJointMove(PlayoutStrategy.java:95)
	at org.ggp.base.player.gamer.statemachine.MCTS.manager.hybrid.strategies.playout.MovesAndSiblingsMemorizingStandardPlayout.singlePlayout(MovesAndSiblingsMemorizingStandardPlayout.java:79)
	at org.ggp.base.player.gamer.statemachine.MCTS.manager.hybrid.strategies.playout.StandardPlayout.playout(StandardPlayout.java:90)
	at org.ggp.base.player.gamer.statemachine.MCTS.manager.hybrid.HybridMctsManager.searchNext(HybridMctsManager.java:1245)
	at org.ggp.base.player.gamer.statemachine.MCTS.manager.hybrid.HybridMctsManager.performSearch(HybridMctsManager.java:857)
	at org.ggp.base.player.gamer.statemachine.MCTS.manager.hybrid.HybridMctsManager.search(HybridMctsManager.java:774)
	at org.ggp.base.player.gamer.statemachine.MCTS.MctsGamer.stateMachineSelectMove(MctsGamer.java:256)
	at org.ggp.base.player.gamer.statemachine.StateMachineGamer.selectMove(StateMachineGamer.java:280)
	... 2 more
Caused by: org.apache.commons.math3.exception.NotANumberException: NaN is not allowed
	at org.apache.commons.math3.distribution.EnumeratedDistribution.<init>(EnumeratedDistribution.java:134)
	at org.apache.commons.math3.distribution.EnumeratedDistribution.<init>(EnumeratedDistribution.java:101)
	at org.ggp.base.player.gamer.statemachine.MCTS.manager.hybrid.strategies.playout.moveselector.GibbsAdaptivePlayoutMoveSelector.getMoveFromDistribution(GibbsAdaptivePlayoutMoveSelector.java:86)
	... 12 more
LOG 1641913707925 [L0]: [Sent at 1641913707925] nil
LOG 1641913717925 [L0]: [Received at 1641913717925] ( PLAY 14.connect4.1641913612827 (noop ( drop 4 ) ) )
LOG 1641913717926 [L9]: <ERR> java.lang.RuntimeException: org.apache.commons.math3.exception.NotANumberException: NaN is not allowed
	at org.ggp.base.player.gamer.statemachine.MCTS.manager.hybrid.strategies.playout.moveselector.GibbsAdaptivePlayoutMoveSelector.getMoveFromDistribution(GibbsAdaptivePlayoutMoveSelector.java:93)
	at org.ggp.base.player.gamer.statemachine.MCTS.manager.hybrid.strategies.playout.moveselector.GibbsAdaptivePlayoutMoveSelector.getMoveForRole(GibbsAdaptivePlayoutMoveSelector.java:63)
	at org.ggp.base.player.gamer.statemachine.MCTS.manager.hybrid.strategies.playout.StandardPlayout.getMoveForRole(StandardPlayout.java:179)
	at org.ggp.base.player.gamer.statemachine.MCTS.manager.hybrid.strategies.playout.PlayoutStrategy.getJointMove(PlayoutStrategy.java:95)
	at org.ggp.base.player.gamer.statemachine.MCTS.manager.hybrid.strategies.playout.MovesAndSiblingsMemorizingStandardPlayout.singlePlayout(MovesAndSiblingsMemorizingStandardPlayout.java:79)
	at org.ggp.base.player.gamer.statemachine.MCTS.manager.hybrid.strategies.playout.StandardPlayout.playout(StandardPlayout.java:90)
	at org.ggp.base.player.gamer.statemachine.MCTS.manager.hybrid.HybridMctsManager.searchNext(HybridMctsManager.java:1245)
	at org.ggp.base.player.gamer.statemachine.MCTS.manager.hybrid.HybridMctsManager.performSearch(HybridMctsManager.java:857)
	at org.ggp.base.player.gamer.statemachine.MCTS.manager.hybrid.HybridMctsManager.search(HybridMctsManager.java:774)
	at org.ggp.base.player.gamer.statemachine.MCTS.MctsGamer.stateMachineSelectMove(MctsGamer.java:256)
	at org.ggp.base.player.gamer.statemachine.StateMachineGamer.selectMove(StateMachineGamer.java:280)
	at org.ggp.base.player.request.grammar.PlayRequest.process(PlayRequest.java:49)
	at org.ggp.base.player.GamePlayer.run(GamePlayer.java:162)
Caused by: org.apache.commons.math3.exception.NotANumberException: NaN is not allowed
	at org.apache.commons.math3.distribution.EnumeratedDistribution.<init>(EnumeratedDistribution.java:134)
	at org.apache.commons.math3.distribution.EnumeratedDistribution.<init>(EnumeratedDistribution.java:101)
	at org.ggp.base.player.gamer.statemachine.MCTS.manager.hybrid.strategies.playout.moveselector.GibbsAdaptivePlayoutMoveSelector.getMoveFromDistribution(GibbsAdaptivePlayoutMoveSelector.java:86)
	... 12 more
LOG 1641913717927 [L9]: <ERR> An unhandled exception ocurred during move selection: org.ggp.base.player.gamer.exception.MoveSelectionException: java.lang.RuntimeException: org.apache.commons.math3.exception.NotANumberException: NaN is not allowed
	at org.ggp.base.player.gamer.statemachine.StateMachineGamer.selectMove(StateMachineGamer.java:285)
	at org.ggp.base.player.request.grammar.PlayRequest.process(PlayRequest.java:49)
	at org.ggp.base.player.GamePlayer.run(GamePlayer.java:162)
Caused by: java.lang.RuntimeException: org.apache.commons.math3.exception.NotANumberException: NaN is not allowed
	at org.ggp.base.player.gamer.statemachine.MCTS.manager.hybrid.strategies.playout.moveselector.GibbsAdaptivePlayoutMoveSelector.getMoveFromDistribution(GibbsAdaptivePlayoutMoveSelector.java:93)
	at org.ggp.base.player.gamer.statemachine.MCTS.manager.hybrid.strategies.playout.moveselector.GibbsAdaptivePlayoutMoveSelector.getMoveForRole(GibbsAdaptivePlayoutMoveSelector.java:63)
	at org.ggp.base.player.gamer.statemachine.MCTS.manager.hybrid.strategies.playout.StandardPlayout.getMoveForRole(StandardPlayout.java:179)
	at org.ggp.base.player.gamer.statemachine.MCTS.manager.hybrid.strategies.playout.PlayoutStrategy.getJointMove(PlayoutStrategy.java:95)
	at org.ggp.base.player.gamer.statemachine.MCTS.manager.hybrid.strategies.playout.MovesAndSiblingsMemorizingStandardPlayout.singlePlayout(MovesAndSiblingsMemorizingStandardPlayout.java:79)
	at org.ggp.base.player.gamer.statemachine.MCTS.manager.hybrid.strategies.playout.StandardPlayout.playout(StandardPlayout.java:90)
	at org.ggp.base.player.gamer.statemachine.MCTS.manager.hybrid.HybridMctsManager.searchNext(HybridMctsManager.java:1245)
	at org.ggp.base.player.gamer.statemachine.MCTS.manager.hybrid.HybridMctsManager.performSearch(HybridMctsManager.java:857)
	at org.ggp.base.player.gamer.statemachine.MCTS.manager.hybrid.HybridMctsManager.search(HybridMctsManager.java:774)
	at org.ggp.base.player.gamer.statemachine.MCTS.MctsGamer.stateMachineSelectMove(MctsGamer.java:256)
	at org.ggp.base.player.gamer.statemachine.StateMachineGamer.selectMove(StateMachineGamer.java:280)
	... 2 more
Caused by: org.apache.commons.math3.exception.NotANumberException: NaN is not allowed
	at org.apache.commons.math3.distribution.EnumeratedDistribution.<init>(EnumeratedDistribution.java:134)
	at org.apache.commons.math3.distribution.EnumeratedDistribution.<init>(EnumeratedDistribution.java:101)
	at org.ggp.base.player.gamer.statemachine.MCTS.manager.hybrid.strategies.playout.moveselector.GibbsAdaptivePlayoutMoveSelector.getMoveFromDistribution(GibbsAdaptivePlayoutMoveSelector.java:86)
	... 12 more
LOG 1641913717928 [L0]: [Sent at 1641913717928] nil
LOG 1641913727928 [L0]: [Received at 1641913727928] ( PLAY 14.connect4.1641913612827 (( drop 4 ) noop ) )
LOG 1641913727936 [L9]: <ERR> java.lang.RuntimeException: org.apache.commons.math3.exception.NotANumberException: NaN is not allowed
	at org.ggp.base.player.gamer.statemachine.MCTS.manager.hybrid.strategies.playout.moveselector.GibbsAdaptivePlayoutMoveSelector.getMoveFromDistribution(GibbsAdaptivePlayoutMoveSelector.java:93)
	at org.ggp.base.player.gamer.statemachine.MCTS.manager.hybrid.strategies.playout.moveselector.GibbsAdaptivePlayoutMoveSelector.getMoveForRole(GibbsAdaptivePlayoutMoveSelector.java:63)
	at org.ggp.base.player.gamer.statemachine.MCTS.manager.hybrid.strategies.playout.StandardPlayout.getMoveForRole(StandardPlayout.java:179)
	at org.ggp.base.player.gamer.statemachine.MCTS.manager.hybrid.strategies.playout.PlayoutStrategy.getJointMove(PlayoutStrategy.java:95)
	at org.ggp.base.player.gamer.statemachine.MCTS.manager.hybrid.strategies.playout.MovesAndSiblingsMemorizingStandardPlayout.singlePlayout(MovesAndSiblingsMemorizingStandardPlayout.java:79)
	at org.ggp.base.player.gamer.statemachine.MCTS.manager.hybrid.strategies.playout.StandardPlayout.playout(StandardPlayout.java:90)
	at org.ggp.base.player.gamer.statemachine.MCTS.manager.hybrid.HybridMctsManager.searchNext(HybridMctsManager.java:1245)
	at org.ggp.base.player.gamer.statemachine.MCTS.manager.hybrid.HybridMctsManager.performSearch(HybridMctsManager.java:857)
	at org.ggp.base.player.gamer.statemachine.MCTS.manager.hybrid.HybridMctsManager.search(HybridMctsManager.java:774)
	at org.ggp.base.player.gamer.statemachine.MCTS.MctsGamer.stateMachineSelectMove(MctsGamer.java:256)
	at org.ggp.base.player.gamer.statemachine.StateMachineGamer.selectMove(StateMachineGamer.java:280)
	at org.ggp.base.player.request.grammar.PlayRequest.process(PlayRequest.java:49)
	at org.ggp.base.player.GamePlayer.run(GamePlayer.java:162)
Caused by: org.apache.commons.math3.exception.NotANumberException: NaN is not allowed
	at org.apache.commons.math3.distribution.EnumeratedDistribution.<init>(EnumeratedDistribution.java:134)
	at org.apache.commons.math3.distribution.EnumeratedDistribution.<init>(EnumeratedDistribution.java:101)
	at org.ggp.base.player.gamer.statemachine.MCTS.manager.hybrid.strategies.playout.moveselector.GibbsAdaptivePlayoutMoveSelector.getMoveFromDistribution(GibbsAdaptivePlayoutMoveSelector.java:86)
	... 12 more
LOG 1641913727937 [L9]: <ERR> An unhandled exception ocurred during move selection: org.ggp.base.player.gamer.exception.MoveSelectionException: java.lang.RuntimeException: org.apache.commons.math3.exception.NotANumberException: NaN is not allowed
	at org.ggp.base.player.gamer.statemachine.StateMachineGamer.selectMove(StateMachineGamer.java:285)
	at org.ggp.base.player.request.grammar.PlayRequest.process(PlayRequest.java:49)
	at org.ggp.base.player.GamePlayer.run(GamePlayer.java:162)
Caused by: java.lang.RuntimeException: org.apache.commons.math3.exception.NotANumberException: NaN is not allowed
	at org.ggp.base.player.gamer.statemachine.MCTS.manager.hybrid.strategies.playout.moveselector.GibbsAdaptivePlayoutMoveSelector.getMoveFromDistribution(GibbsAdaptivePlayoutMoveSelector.java:93)
	at org.ggp.base.player.gamer.statemachine.MCTS.manager.hybrid.strategies.playout.moveselector.GibbsAdaptivePlayoutMoveSelector.getMoveForRole(GibbsAdaptivePlayoutMoveSelector.java:63)
	at org.ggp.base.player.gamer.statemachine.MCTS.manager.hybrid.strategies.playout.StandardPlayout.getMoveForRole(StandardPlayout.java:179)
	at org.ggp.base.player.gamer.statemachine.MCTS.manager.hybrid.strategies.playout.PlayoutStrategy.getJointMove(PlayoutStrategy.java:95)
	at org.ggp.base.player.gamer.statemachine.MCTS.manager.hybrid.strategies.playout.MovesAndSiblingsMemorizingStandardPlayout.singlePlayout(MovesAndSiblingsMemorizingStandardPlayout.java:79)
	at org.ggp.base.player.gamer.statemachine.MCTS.manager.hybrid.strategies.playout.StandardPlayout.playout(StandardPlayout.java:90)
	at org.ggp.base.player.gamer.statemachine.MCTS.manager.hybrid.HybridMctsManager.searchNext(HybridMctsManager.java:1245)
	at org.ggp.base.player.gamer.statemachine.MCTS.manager.hybrid.HybridMctsManager.performSearch(HybridMctsManager.java:857)
	at org.ggp.base.player.gamer.statemachine.MCTS.manager.hybrid.HybridMctsManager.search(HybridMctsManager.java:774)
	at org.ggp.base.player.gamer.statemachine.MCTS.MctsGamer.stateMachineSelectMove(MctsGamer.java:256)
	at org.ggp.base.player.gamer.statemachine.StateMachineGamer.selectMove(StateMachineGamer.java:280)
	... 2 more
Caused by: org.apache.commons.math3.exception.NotANumberException: NaN is not allowed
	at org.apache.commons.math3.distribution.EnumeratedDistribution.<init>(EnumeratedDistribution.java:134)
	at org.apache.commons.math3.distribution.EnumeratedDistribution.<init>(EnumeratedDistribution.java:101)
	at org.ggp.base.player.gamer.statemachine.MCTS.manager.hybrid.strategies.playout.moveselector.GibbsAdaptivePlayoutMoveSelector.getMoveFromDistribution(GibbsAdaptivePlayoutMoveSelector.java:86)
	... 12 more
LOG 1641913727938 [L0]: [Sent at 1641913727938] nil
LOG 1641913737932 [L0]: [Received at 1641913737932] ( STOP 14.connect4.1641913612827 (noop ( drop 5 ) ) )
LOG 1641913737933 [L3]: Stopped logging to files at: Tue Jan 11 16:08:57 CET 2022
LOG 1641913737933 [L3]: LOG SEALED
