LOG 1641895811922 [L3]: Returning initial state machine.
LOG 1641895811923 [L3]: Returning PropNet state machine without cache.
LOG 1641895811924 [L3]: Starting metagame with available thinking time 4989ms.
LOG 1641895811926 [L3]: Starting search during metagame.
LOG 1641895816913 [L3]: Done searching during metagame.
LOG 1641895816916 [L3]: Starting move selection for game step 1 with available time 10000ms.
LOG 1641895816916 [L3]: Selecting move using MCTS.
LOG 1641895826916 [L3]: Returning MCTS move noop.
LOG 1641895826919 [L3]: Starting move selection for game step 2 with available time 10000ms.
LOG 1641895826932 [L3]: Selecting move using MCTS.
LOG 1641895836919 [L3]: Returning MCTS move ( drop 5 ).
LOG 1641895836922 [L3]: Starting move selection for game step 3 with available time 10000ms.
LOG 1641895836951 [L3]: Selecting move using MCTS.
LOG 1641895846922 [L3]: Returning MCTS move noop.
LOG 1641895846932 [L3]: Starting move selection for game step 4 with available time 10000ms.
LOG 1641895846971 [L3]: Selecting move using MCTS.
LOG 1641895856932 [L3]: Returning MCTS move ( drop 4 ).
LOG 1641895856935 [L3]: Starting move selection for game step 5 with available time 10000ms.
LOG 1641895856968 [L3]: Selecting move using MCTS.
LOG 1641895866935 [L3]: Returning MCTS move noop.
LOG 1641895866938 [L3]: Starting move selection for game step 6 with available time 10000ms.
LOG 1641895866974 [L3]: Selecting move using MCTS.
LOG 1641895876938 [L3]: Returning MCTS move ( drop 5 ).
LOG 1641895876942 [L3]: Starting move selection for game step 7 with available time 10000ms.
LOG 1641895876975 [L3]: Selecting move using MCTS.
LOG 1641895886942 [L3]: Returning MCTS move noop.
LOG 1641895886945 [L3]: Starting move selection for game step 8 with available time 10000ms.
LOG 1641895886982 [L3]: Selecting move using MCTS.
LOG 1641895896945 [L3]: Returning MCTS move ( drop 6 ).
LOG 1641895896948 [L3]: Starting move selection for game step 9 with available time 10000ms.
LOG 1641895896979 [L3]: Selecting move using MCTS.
LOG 1641895906948 [L3]: Returning MCTS move noop.
LOG 1641895906951 [L3]: Starting move selection for game step 10 with available time 10000ms.
LOG 1641895906984 [L3]: Selecting move using MCTS.
LOG 1641895916951 [L3]: Returning MCTS move ( drop 7 ).
LOG 1641895916954 [L3]: Starting move selection for game step 11 with available time 10000ms.
LOG 1641895916985 [L3]: Selecting move using MCTS.
LOG 1641895926954 [L3]: Returning MCTS move noop.
LOG 1641895926958 [L3]: Starting move selection for game step 12 with available time 10000ms.
LOG 1641895926993 [L3]: Selecting move using MCTS.
LOG 1641895936971 [L3]: Returning MCTS move ( drop 2 ).
LOG 1641895936975 [L3]: Starting move selection for game step 13 with available time 10000ms.
LOG 1641895937001 [L3]: Selecting move using MCTS.
LOG 1641895946975 [L3]: Returning MCTS move noop.
LOG 1641895946978 [L3]: Starting move selection for game step 14 with available time 10000ms.
LOG 1641895947006 [L3]: Selecting move using MCTS.
LOG 1641895956978 [L3]: Returning MCTS move ( drop 3 ).
LOG 1641895957006 [L3]: Starting move selection for game step 15 with available time 10000ms.
LOG 1641895957046 [L3]: Selecting move using MCTS.
LOG 1641895967006 [L3]: Returning MCTS move noop.
LOG 1641895967011 [L3]: Starting move selection for game step 16 with available time 9999ms.
LOG 1641895967043 [L3]: Selecting move using MCTS.
LOG 1641895977010 [L3]: Returning MCTS move ( drop 5 ).
LOG 1641895977014 [L3]: Starting move selection for game step 17 with available time 10000ms.
LOG 1641895977040 [L3]: Selecting move using MCTS.
LOG 1641895987014 [L3]: Returning MCTS move noop.
LOG 1641895987018 [L3]: Starting move selection for game step 18 with available time 10000ms.
LOG 1641895987050 [L3]: Selecting move using MCTS.
LOG 1641895997018 [L3]: Returning MCTS move ( drop 4 ).
LOG 1641895997021 [L3]: Starting move selection for game step 19 with available time 10000ms.
LOG 1641895997045 [L3]: Selecting move using MCTS.
LOG 1641896007021 [L3]: Returning MCTS move noop.
LOG 1641896007024 [L3]: Starting move selection for game step 20 with available time 10000ms.
LOG 1641896007044 [L3]: Selecting move using MCTS.
LOG 1641896017024 [L3]: Returning MCTS move ( drop 1 ).
LOG 1641896017028 [L3]: Starting move selection for game step 21 with available time 10000ms.
LOG 1641896017048 [L3]: Selecting move using MCTS.
LOG 1641896027028 [L3]: Returning MCTS move noop.
LOG 1641896027031 [L3]: Starting move selection for game step 22 with available time 10000ms.
LOG 1641896027047 [L3]: Selecting move using MCTS.
LOG 1641896037031 [L3]: Returning MCTS move ( drop 2 ).
LOG 1641896037042 [L3]: Starting move selection for game step 23 with available time 10000ms.
LOG 1641896037058 [L3]: Selecting move using MCTS.
LOG 1641896047042 [L3]: Returning MCTS move noop.
LOG 1641896047046 [L3]: Starting move selection for game step 24 with available time 10000ms.
LOG 1641896047054 [L3]: Selecting move using MCTS.
LOG 1641896057046 [L3]: Returning MCTS move ( drop 7 ).
LOG 1641896057050 [L3]: Starting move selection for game step 25 with available time 10000ms.
LOG 1641896057054 [L3]: Selecting move using MCTS.
LOG 1641896067050 [L3]: Returning MCTS move noop.
LOG 1641896067053 [L3]: Starting move selection for game step 26 with available time 10000ms.
LOG 1641896067057 [L3]: Selecting move using MCTS.
LOG 1641896077053 [L3]: Returning MCTS move ( drop 1 ).
LOG 1641896077057 [L3]: Starting move selection for game step 27 with available time 10000ms.
LOG 1641896077060 [L3]: Selecting move using MCTS.
LOG 1641896087057 [L3]: Returning MCTS move noop.
LOG 1641896087060 [L3]: Starting move selection for game step 28 with available time 10000ms.
LOG 1641896087062 [L3]: Selecting move using MCTS.
LOG 1641896097060 [L3]: Returning MCTS move ( drop 1 ).
LOG 1641896097064 [L3]: Starting move selection for game step 29 with available time 10000ms.
LOG 1641896097065 [L3]: Selecting move using MCTS.
LOG 1641896107064 [L3]: Returning MCTS move noop.
LOG 1641896107068 [L3]: Starting move selection for game step 30 with available time 10000ms.
LOG 1641896107069 [L3]: Selecting move using MCTS.
LOG 1641896117068 [L3]: Returning MCTS move ( drop 1 ).
LOG 1641896117072 [L3]: Starting move selection for game step 31 with available time 10000ms.
LOG 1641896117073 [L3]: Selecting move using MCTS.
LOG 1641896127072 [L3]: Returning MCTS move noop.
LOG 1641896127075 [L3]: Starting move selection for game step 32 with available time 10000ms.
LOG 1641896127077 [L3]: Selecting move using MCTS.
LOG 1641896137075 [L3]: Returning MCTS move ( drop 6 ).
LOG 1641896137079 [L3]: Starting move selection for game step 33 with available time 10000ms.
LOG 1641896137080 [L3]: Selecting move using MCTS.
LOG 1641896147079 [L3]: Returning MCTS move noop.
