LOG 1641838491079 [L3]: Returning initial state machine.
LOG 1641838491079 [L3]: Returning PropNet state machine without cache.
LOG 1641838491080 [L3]: Starting metagame with available thinking time 4989ms.
LOG 1641838500007 [L3]: No time to start the search during metagame.
LOG 1641838500010 [L3]: Starting move selection for game step 1 with available time 0ms.
LOG 1641838500011 [L3]: No time to select next move using MCTS. Returning random move noop.
LOG 1641838500013 [L3]: Starting move selection for game step 2 with available time 0ms.
LOG 1641838500014 [L3]: No time to select next move using MCTS. Returning random move noop.
LOG 1641838500016 [L3]: Starting move selection for game step 3 with available time 0ms.
LOG 1641838500017 [L3]: No time to select next move using MCTS. Returning random move ( block r2 c1 ).
LOG 1641838500026 [L3]: Starting move selection for game step 4 with available time 0ms.
LOG 1641838500027 [L3]: No time to select next move using MCTS. Returning random move ( block r2 c2 ).
LOG 1641838500030 [L3]: Starting move selection for game step 5 with available time 0ms.
LOG 1641838500030 [L3]: No time to select next move using MCTS. Returning random move ( block r6 c1 ).
LOG 1641838500033 [L3]: Starting move selection for game step 6 with available time 0ms.
LOG 1641838500033 [L3]: No time to select next move using MCTS. Returning random move ( block r5 c2 ).
LOG 1641838500036 [L3]: Starting move selection for game step 7 with available time 0ms.
LOG 1641838500036 [L3]: No time to select next move using MCTS. Returning random move ( mark r3 c6 ).
LOG 1641838500040 [L3]: Starting move selection for game step 8 with available time 0ms.
LOG 1641838500040 [L3]: No time to select next move using MCTS. Returning random move noop.
LOG 1641838500047 [L3]: Starting move selection for game step 9 with available time 0ms.
LOG 1641838500047 [L3]: No time to select next move using MCTS. Returning random move ( block r6 c6 ).
LOG 1641838500050 [L3]: Starting move selection for game step 10 with available time 0ms.
LOG 1641838500050 [L3]: No time to select next move using MCTS. Returning random move ( mark r5 c6 ).
LOG 1641838500055 [L3]: Starting move selection for game step 11 with available time 0ms.
LOG 1641838500056 [L3]: No time to select next move using MCTS. Returning random move noop.
LOG 1641838500062 [L3]: Starting move selection for game step 12 with available time 0ms.
LOG 1641838500062 [L3]: No time to select next move using MCTS. Returning random move ( mark r4 c7 ).
LOG 1641838500073 [L3]: Starting move selection for game step 13 with available time 0ms.
LOG 1641838500074 [L3]: No time to select next move using MCTS. Returning random move noop.
LOG 1641838500077 [L3]: Starting move selection for game step 14 with available time 0ms.
LOG 1641838500077 [L3]: No time to select next move using MCTS. Returning random move noop.
LOG 1641838500096 [L3]: Starting move selection for game step 15 with available time -1ms.
LOG 1641838500096 [L3]: No time to select next move using MCTS. Returning random move ( mark r7 c5 ).
LOG 1641838500108 [L3]: Starting move selection for game step 16 with available time 0ms.
LOG 1641838500108 [L3]: No time to select next move using MCTS. Returning random move noop.
LOG 1641838500126 [L3]: Starting move selection for game step 17 with available time 0ms.
LOG 1641838500126 [L3]: No time to select next move using MCTS. Returning random move ( mark r2 c6 ).
LOG 1641838500165 [L3]: Starting move selection for game step 18 with available time 0ms.
LOG 1641838500166 [L3]: No time to select next move using MCTS. Returning random move noop.
LOG 1641838500216 [L3]: Starting move selection for game step 19 with available time 0ms.
LOG 1641838500216 [L3]: No time to select next move using MCTS. Returning random move ( mark r6 c3 ).
LOG 1641838500257 [L3]: Starting move selection for game step 20 with available time 0ms.
LOG 1641838500258 [L3]: No time to select next move using MCTS. Returning random move noop.
LOG 1641838500264 [L3]: Starting move selection for game step 21 with available time 0ms.
LOG 1641838500265 [L3]: No time to select next move using MCTS. Returning random move noop.
LOG 1641838500271 [L3]: Starting move selection for game step 22 with available time 0ms.
LOG 1641838500271 [L3]: No time to select next move using MCTS. Returning random move noop.
LOG 1641838500354 [L3]: Starting move selection for game step 23 with available time 0ms.
LOG 1641838500354 [L3]: No time to select next move using MCTS. Returning random move ( mark r7 c3 ).
LOG 1641838500398 [L3]: Starting move selection for game step 24 with available time 0ms.
LOG 1641838500398 [L3]: No time to select next move using MCTS. Returning random move noop.
LOG 1641838516347 [L3]: Starting move selection for game step 25 with available time 0ms.
LOG 1641838516348 [L3]: No time to select next move using MCTS. Returning random move ( mark r1 c3 ).
LOG 1641838516443 [L3]: Starting move selection for game step 26 with available time 0ms.
LOG 1641838516443 [L3]: No time to select next move using MCTS. Returning random move noop.
LOG 1641838516457 [L3]: Starting move selection for game step 27 with available time 0ms.
LOG 1641838516457 [L3]: No time to select next move using MCTS. Returning random move noop.
LOG 1641838516609 [L3]: Starting move selection for game step 28 with available time 0ms.
LOG 1641838516610 [L3]: No time to select next move using MCTS. Returning random move ( mark r2 c4 ).
LOG 1641838516765 [L3]: Starting move selection for game step 29 with available time 0ms.
LOG 1641838516765 [L3]: No time to select next move using MCTS. Returning random move noop.
