LOG 1641836839897 [L3]: Returning initial state machine.
LOG 1641836839897 [L3]: Returning PropNet state machine without cache.
LOG 1641836839898 [L3]: Starting metagame with available thinking time 4989ms.
LOG 1641836839899 [L3]: Starting search during metagame.
LOG 1641836844887 [L3]: Done searching during metagame.
LOG 1641836844890 [L3]: Starting move selection for game step 1 with available time 0ms.
LOG 1641836844890 [L3]: No time to select next move using MCTS. Returning random move ( move 6 2 7 4 ).
LOG 1641836844894 [L3]: Starting move selection for game step 2 with available time 0ms.
LOG 1641836844897 [L3]: No time to select next move using MCTS. Returning random move noop.
LOG 1641836844904 [L3]: Starting move selection for game step 3 with available time 0ms.
LOG 1641836844914 [L3]: No time to select next move using MCTS. Returning random move ( move 8 1 7 3 ).
LOG 1641836844920 [L3]: Starting move selection for game step 4 with available time 0ms.
LOG 1641836844924 [L3]: No time to select next move using MCTS. Returning random move noop.
LOG 1641836844932 [L3]: Starting move selection for game step 5 with available time 0ms.
LOG 1641836844932 [L3]: No time to select next move using MCTS. Returning random move ( move 7 2 8 4 ).
LOG 1641836844935 [L3]: Starting move selection for game step 6 with available time 0ms.
LOG 1641836844936 [L3]: No time to select next move using MCTS. Returning random move noop.
LOG 1641836844939 [L3]: Starting move selection for game step 7 with available time 0ms.
LOG 1641836844939 [L3]: No time to select next move using MCTS. Returning random move ( move 3 2 1 3 ).
LOG 1641836844942 [L3]: Starting move selection for game step 8 with available time 0ms.
LOG 1641836844943 [L3]: No time to select next move using MCTS. Returning random move noop.
LOG 1641836844946 [L3]: Starting move selection for game step 9 with available time 0ms.
LOG 1641836844946 [L3]: No time to select next move using MCTS. Returning random move ( move 4 1 3 3 ).
LOG 1641836844950 [L3]: Starting move selection for game step 10 with available time 0ms.
LOG 1641836844951 [L3]: No time to select next move using MCTS. Returning random move noop.
LOG 1641836844954 [L3]: Starting move selection for game step 11 with available time 0ms.
LOG 1641836844954 [L3]: No time to select next move using MCTS. Returning random move ( move 7 1 6 3 ).
LOG 1641836844957 [L3]: Starting move selection for game step 12 with available time 0ms.
LOG 1641836844958 [L3]: No time to select next move using MCTS. Returning random move noop.
LOG 1641836844960 [L3]: Starting move selection for game step 13 with available time 0ms.
LOG 1641836844961 [L3]: No time to select next move using MCTS. Returning random move ( move 5 2 6 4 ).
LOG 1641836844964 [L3]: Starting move selection for game step 14 with available time 0ms.
LOG 1641836844965 [L3]: No time to select next move using MCTS. Returning random move noop.
LOG 1641836844968 [L3]: Starting move selection for game step 15 with available time 0ms.
LOG 1641836844968 [L3]: No time to select next move using MCTS. Returning random move ( move 3 3 5 4 ).
LOG 1641836844971 [L3]: Starting move selection for game step 16 with available time 0ms.
LOG 1641836844971 [L3]: No time to select next move using MCTS. Returning random move noop.
LOG 1641836844974 [L3]: Starting move selection for game step 17 with available time 0ms.
LOG 1641836844974 [L3]: No time to select next move using MCTS. Returning random move ( move 7 3 6 5 ).
LOG 1641836844977 [L3]: Starting move selection for game step 18 with available time 0ms.
LOG 1641836844977 [L3]: No time to select next move using MCTS. Returning random move noop.
LOG 1641836844980 [L3]: Starting move selection for game step 19 with available time 0ms.
LOG 1641836844980 [L3]: No time to select next move using MCTS. Returning random move ( move 7 4 6 6 ).
LOG 1641836844984 [L3]: Starting move selection for game step 20 with available time 0ms.
LOG 1641836844984 [L3]: No time to select next move using MCTS. Returning random move noop.
LOG 1641836845008 [L3]: Starting move selection for game step 21 with available time 0ms.
LOG 1641836845008 [L3]: No time to select next move using MCTS. Returning random move ( move 6 5 4 6 ).
LOG 1641836845011 [L3]: Starting move selection for game step 22 with available time 0ms.
LOG 1641836845011 [L3]: No time to select next move using MCTS. Returning random move noop.
LOG 1641836845015 [L3]: Starting move selection for game step 23 with available time 0ms.
LOG 1641836845015 [L3]: No time to select next move using MCTS. Returning random move ( move 6 1 5 3 ).
LOG 1641836845018 [L3]: Starting move selection for game step 24 with available time 0ms.
LOG 1641836845019 [L3]: No time to select next move using MCTS. Returning random move noop.
LOG 1641836845022 [L3]: Starting move selection for game step 25 with available time 0ms.
LOG 1641836845022 [L3]: No time to select next move using MCTS. Returning random move ( move 5 1 7 2 ).
LOG 1641836845025 [L3]: Starting move selection for game step 26 with available time 0ms.
LOG 1641836845025 [L3]: No time to select next move using MCTS. Returning random move noop.
LOG 1641836845029 [L3]: Starting move selection for game step 27 with available time 0ms.
LOG 1641836845029 [L3]: No time to select next move using MCTS. Returning random move ( move 1 3 2 5 ).
LOG 1641836845032 [L3]: Starting move selection for game step 28 with available time 0ms.
LOG 1641836845032 [L3]: No time to select next move using MCTS. Returning random move noop.
LOG 1641836845035 [L3]: Starting move selection for game step 29 with available time 0ms.
LOG 1641836845036 [L3]: No time to select next move using MCTS. Returning random move ( move 5 3 6 5 ).
LOG 1641836845038 [L3]: Starting move selection for game step 30 with available time 0ms.
LOG 1641836845038 [L3]: No time to select next move using MCTS. Returning random move noop.
LOG 1641836845042 [L3]: Starting move selection for game step 31 with available time 0ms.
LOG 1641836845042 [L3]: No time to select next move using MCTS. Returning random move ( move 5 4 7 5 ).
LOG 1641836845045 [L3]: Starting move selection for game step 32 with available time 0ms.
LOG 1641836845046 [L3]: No time to select next move using MCTS. Returning random move noop.
LOG 1641836845048 [L3]: Starting move selection for game step 33 with available time 0ms.
LOG 1641836845049 [L3]: No time to select next move using MCTS. Returning random move ( move 6 5 7 7 ).
LOG 1641836845051 [L3]: Starting move selection for game step 34 with available time 0ms.
LOG 1641836845051 [L3]: No time to select next move using MCTS. Returning random move noop.
LOG 1641836845054 [L3]: Starting move selection for game step 35 with available time 0ms.
LOG 1641836845054 [L3]: No time to select next move using MCTS. Returning random move ( move 6 3 5 5 ).
LOG 1641836845057 [L3]: Starting move selection for game step 36 with available time 0ms.
LOG 1641836845057 [L3]: No time to select next move using MCTS. Returning random move noop.
LOG 1641836845059 [L3]: Starting move selection for game step 37 with available time 0ms.
LOG 1641836845060 [L3]: No time to select next move using MCTS. Returning random move ( move 2 1 1 3 ).
LOG 1641836845062 [L3]: Starting move selection for game step 38 with available time 0ms.
LOG 1641836845063 [L3]: No time to select next move using MCTS. Returning random move noop.
LOG 1641836845065 [L3]: Starting move selection for game step 39 with available time 0ms.
LOG 1641836845066 [L3]: No time to select next move using MCTS. Returning random move ( move 8 4 6 5 ).
LOG 1641836845068 [L3]: Starting move selection for game step 40 with available time 0ms.
LOG 1641836845068 [L3]: No time to select next move using MCTS. Returning random move noop.
LOG 1641836845071 [L3]: Starting move selection for game step 41 with available time 0ms.
LOG 1641836845071 [L3]: No time to select next move using MCTS. Returning random move ( move 2 5 1 7 ).
LOG 1641836845073 [L3]: Starting move selection for game step 42 with available time 0ms.
LOG 1641836845074 [L3]: No time to select next move using MCTS. Returning random move noop.
LOG 1641836845077 [L3]: Starting move selection for game step 43 with available time 0ms.
LOG 1641836845077 [L3]: No time to select next move using MCTS. Returning random move ( move 1 7 3 8 ).
