LOG 1641846419585 [L3]: Returning initial state machine.
LOG 1641846419585 [L3]: Returning PropNet state machine without cache.
LOG 1641846419586 [L3]: Starting metagame with available thinking time 4989ms.
LOG 1641846419587 [L3]: Starting search during metagame.
LOG 1641846424575 [L3]: Done searching during metagame.
LOG 1641846424578 [L3]: Starting move selection for game step 1 with available time 10000ms.
LOG 1641846424578 [L3]: Selecting move using MCTS.
LOG 1641846434578 [L3]: Returning MCTS move noop.
LOG 1641846434581 [L3]: Starting move selection for game step 2 with available time 10000ms.
LOG 1641846434587 [L3]: Selecting move using MCTS.
LOG 1641846444584 [L3]: Returning MCTS move ( drop 4 ).
LOG 1641846444588 [L3]: Starting move selection for game step 3 with available time 10000ms.
LOG 1641846444603 [L3]: Selecting move using MCTS.
LOG 1641846454588 [L3]: Returning MCTS move noop.
LOG 1641846454598 [L3]: Starting move selection for game step 4 with available time 10000ms.
LOG 1641846454614 [L3]: Selecting move using MCTS.
LOG 1641846464598 [L3]: Returning MCTS move ( drop 4 ).
LOG 1641846464601 [L3]: Starting move selection for game step 5 with available time 10000ms.
LOG 1641846464614 [L3]: Selecting move using MCTS.
LOG 1641846474601 [L3]: Returning MCTS move noop.
LOG 1641846474605 [L3]: Starting move selection for game step 6 with available time 10000ms.
LOG 1641846474623 [L3]: Selecting move using MCTS.
LOG 1641846484605 [L3]: Returning MCTS move ( drop 2 ).
LOG 1641846484610 [L3]: Starting move selection for game step 7 with available time 10000ms.
LOG 1641846484634 [L3]: Selecting move using MCTS.
LOG 1641846494610 [L3]: Returning MCTS move noop.
LOG 1641846494625 [L3]: Starting move selection for game step 8 with available time 10000ms.
LOG 1641846494640 [L3]: Selecting move using MCTS.
LOG 1641846504625 [L3]: Returning MCTS move ( drop 2 ).
LOG 1641846504629 [L3]: Starting move selection for game step 9 with available time 10000ms.
LOG 1641846504642 [L3]: Selecting move using MCTS.
LOG 1641846514629 [L3]: Returning MCTS move noop.
LOG 1641846514634 [L3]: Starting move selection for game step 10 with available time 10000ms.
LOG 1641846514653 [L3]: Selecting move using MCTS.
LOG 1641846524634 [L3]: Returning MCTS move ( drop 5 ).
LOG 1641846524638 [L3]: Starting move selection for game step 11 with available time 10000ms.
LOG 1641846524659 [L3]: Selecting move using MCTS.
LOG 1641846534638 [L3]: Returning MCTS move noop.
LOG 1641846534642 [L3]: Starting move selection for game step 12 with available time 10000ms.
LOG 1641846534662 [L3]: Selecting move using MCTS.
LOG 1641846544642 [L3]: Returning MCTS move ( drop 5 ).
LOG 1641846544646 [L3]: Starting move selection for game step 13 with available time 10000ms.
LOG 1641846544661 [L3]: Selecting move using MCTS.
LOG 1641846554646 [L3]: Returning MCTS move noop.
LOG 1641846554650 [L3]: Starting move selection for game step 14 with available time 9999ms.
LOG 1641846554671 [L3]: Selecting move using MCTS.
LOG 1641846564649 [L3]: Returning MCTS move ( drop 5 ).
LOG 1641846564653 [L3]: Starting move selection for game step 15 with available time 10000ms.
LOG 1641846564670 [L3]: Selecting move using MCTS.
LOG 1641846574653 [L3]: Returning MCTS move noop.
LOG 1641846574656 [L3]: Starting move selection for game step 16 with available time 10000ms.
LOG 1641846574682 [L3]: Selecting move using MCTS.
LOG 1641846584656 [L3]: Returning MCTS move ( drop 4 ).
LOG 1641846584660 [L3]: Starting move selection for game step 17 with available time 9999ms.
LOG 1641846584678 [L3]: Selecting move using MCTS.
LOG 1641846594659 [L3]: Returning MCTS move noop.
LOG 1641846594663 [L3]: Starting move selection for game step 18 with available time 10000ms.
LOG 1641846594688 [L3]: Selecting move using MCTS.
LOG 1641846604663 [L3]: Returning MCTS move ( drop 7 ).
LOG 1641846604667 [L3]: Starting move selection for game step 19 with available time 10000ms.
LOG 1641846604698 [L3]: Selecting move using MCTS.
LOG 1641846614676 [L3]: Returning MCTS move noop.
LOG 1641846614680 [L3]: Starting move selection for game step 20 with available time 10000ms.
LOG 1641846614706 [L3]: Selecting move using MCTS.
LOG 1641846624680 [L3]: Returning MCTS move ( drop 6 ).
LOG 1641846624684 [L3]: Starting move selection for game step 21 with available time 10000ms.
LOG 1641846624702 [L3]: Selecting move using MCTS.
LOG 1641846634684 [L3]: Returning MCTS move noop.
LOG 1641846634687 [L3]: Starting move selection for game step 22 with available time 10000ms.
LOG 1641846634707 [L3]: Selecting move using MCTS.
LOG 1641846644687 [L3]: Returning MCTS move ( drop 3 ).
LOG 1641846644691 [L3]: Starting move selection for game step 23 with available time 10000ms.
LOG 1641846644700 [L3]: Selecting move using MCTS.
LOG 1641846654691 [L3]: Returning MCTS move noop.
LOG 1641846654695 [L3]: Starting move selection for game step 24 with available time 10000ms.
LOG 1641846654703 [L3]: Selecting move using MCTS.
LOG 1641846664695 [L3]: Returning MCTS move ( drop 4 ).
LOG 1641846664699 [L3]: Starting move selection for game step 25 with available time 10000ms.
LOG 1641846664704 [L3]: Selecting move using MCTS.
LOG 1641846674699 [L3]: Returning MCTS move noop.
LOG 1641846674703 [L3]: Starting move selection for game step 26 with available time 10000ms.
LOG 1641846674709 [L3]: Selecting move using MCTS.
LOG 1641846684703 [L3]: Returning MCTS move ( drop 3 ).
LOG 1641846684707 [L3]: Starting move selection for game step 27 with available time 10000ms.
LOG 1641846684711 [L3]: Selecting move using MCTS.
LOG 1641846694707 [L3]: Returning MCTS move noop.
LOG 1641846694711 [L3]: Starting move selection for game step 28 with available time 9999ms.
LOG 1641846694714 [L3]: Selecting move using MCTS.
LOG 1641846704710 [L3]: Returning MCTS move ( drop 3 ).
LOG 1641846704714 [L3]: Starting move selection for game step 29 with available time 10000ms.
LOG 1641846704716 [L3]: Selecting move using MCTS.
LOG 1641846714714 [L3]: Returning MCTS move noop.
LOG 1641846714718 [L3]: Starting move selection for game step 30 with available time 10000ms.
LOG 1641846714719 [L3]: Selecting move using MCTS.
LOG 1641846724718 [L3]: Returning MCTS move ( drop 3 ).
LOG 1641846724722 [L3]: Starting move selection for game step 31 with available time 10000ms.
LOG 1641846724723 [L3]: Selecting move using MCTS.
LOG 1641846734722 [L3]: Returning MCTS move noop.
LOG 1641846734727 [L3]: Starting move selection for game step 32 with available time 10000ms.
LOG 1641846734728 [L3]: Selecting move using MCTS.
LOG 1641846744727 [L3]: Returning MCTS move ( drop 6 ).
