LOG 1641846419575 [L3]: Started match logging at: Mon Jan 10 21:26:59 CET 2022
LOG 1641846419577 [L3]: Game rules: [( role white ), ( role red ), ( init ( cell 1 0 dirt ) ), ( init ( cell 2 0 dirt ) ), ( init ( cell 3 0 dirt ) ), ( init ( cell 4 0 dirt ) ), ( init ( cell 5 0 dirt ) ), ( init ( cell 6 0 dirt ) ), ( init ( cell 7 0 dirt ) ), ( init ( cell 1 1 b ) ), ( init ( cell 1 2 b ) ), ( init ( cell 1 3 b ) ), ( init ( cell 1 4 b ) ), ( init ( cell 1 5 b ) ), ( init ( cell 1 6 b ) ), ( init ( cell 2 1 b ) ), ( init ( cell 2 2 b ) ), ( init ( cell 2 3 b ) ), ( init ( cell 2 4 b ) ), ( init ( cell 2 5 b ) ), ( init ( cell 2 6 b ) ), ( init ( cell 3 1 b ) ), ( init ( cell 3 2 b ) ), ( init ( cell 3 3 b ) ), ( init ( cell 3 4 b ) ), ( init ( cell 3 5 b ) ), ( init ( cell 3 6 b ) ), ( init ( cell 4 1 b ) ), ( init ( cell 4 2 b ) ), ( init ( cell 4 3 b ) ), ( init ( cell 4 4 b ) ), ( init ( cell 4 5 b ) ), ( init ( cell 4 6 b ) ), ( init ( cell 5 1 b ) ), ( init ( cell 5 2 b ) ), ( init ( cell 5 3 b ) ), ( init ( cell 5 4 b ) ), ( init ( cell 5 5 b ) ), ( init ( cell 5 6 b ) ), ( init ( cell 6 1 b ) ), ( init ( cell 6 2 b ) ), ( init ( cell 6 3 b ) ), ( init ( cell 6 4 b ) ), ( init ( cell 6 5 b ) ), ( init ( cell 6 6 b ) ), ( init ( cell 7 1 b ) ), ( init ( cell 7 2 b ) ), ( init ( cell 7 3 b ) ), ( init ( cell 7 4 b ) ), ( init ( cell 7 5 b ) ), ( init ( cell 7 6 b ) ), ( init ( control white ) ), ( <= ( empty ?c ?h ) ( true ( cell ?c ?h b ) ) ), ( <= ( filled ?c ?h ) ( true ( cell ?c ?h dirt ) ) ), ( <= ( filled ?c ?h ) ( true ( cell ?c ?h w ) ) ), ( <= ( filled ?c ?h ) ( true ( cell ?c ?h r ) ) ), ( <= ( next ( cell ?c ?h2 w ) ) ( does white ( drop ?c ) ) ( true ( cell ?c ?h2 b ) ) ( filled ?c ?h1 ) ( succ ?h1 ?h2 ) ), ( <= ( next ( cell ?c ?h2 r ) ) ( does red ( drop ?c ) ) ( true ( cell ?c ?h2 b ) ) ( filled ?c ?h1 ) ( succ ?h1 ?h2 ) ), ( <= ( next ( cell ?x ?y ?z ) ) ( true ( cell ?x ?y ?z ) ) ( distinct ?z b ) ), ( <= ( next ( cell ?c2 ?y b ) ) ( does ?w ( drop ?c1 ) ) ( true ( cell ?c2 ?y b ) ) ( distinct ?c1 ?c2 ) ), ( <= ( next ( cell ?c ?y2 b ) ) ( true ( cell ?c ?y1 b ) ) ( distinct ?y1 6 ) ( succ ?y1 ?y2 ) ), ( <= ( next ( control white ) ) ( true ( control red ) ) ), ( <= ( next ( control red ) ) ( true ( control white ) ) ), ( <= ( row ?z ) ( true ( cell ?x1 ?y ?z ) ) ( distinct ?z b ) ( distinct ?z dirt ) ( succ ?x1 ?x2 ) ( true ( cell ?x2 ?y ?z ) ) ( succ ?x2 ?x3 ) ( true ( cell ?x3 ?y ?z ) ) ( succ ?x3 ?x4 ) ( true ( cell ?x4 ?y ?z ) ) ), ( <= ( column ?z ) ( true ( cell ?x ?y1 ?z ) ) ( distinct ?z b ) ( succ ?y1 ?y2 ) ( true ( cell ?x ?y2 ?z ) ) ( succ ?y2 ?y3 ) ( true ( cell ?x ?y3 ?z ) ) ( succ ?y3 ?y4 ) ( true ( cell ?x ?y4 ?z ) ) ), ( <= ( diag ?z ) ( true ( cell ?x1 ?y1 ?z ) ) ( distinct ?z b ) ( succ ?x1 ?x2 ) ( succ ?y1 ?y2 ) ( true ( cell ?x2 ?y2 ?z ) ) ( succ ?x2 ?x3 ) ( succ ?y2 ?y3 ) ( true ( cell ?x3 ?y3 ?z ) ) ( succ ?x3 ?x4 ) ( succ ?y3 ?y4 ) ( true ( cell ?x4 ?y4 ?z ) ) ), ( <= ( diag ?z ) ( true ( cell ?x1 ?y1 ?z ) ) ( distinct ?z b ) ( succ ?x1 ?x2 ) ( succ ?y2 ?y1 ) ( true ( cell ?x2 ?y2 ?z ) ) ( succ ?x2 ?x3 ) ( succ ?y3 ?y2 ) ( true ( cell ?x3 ?y3 ?z ) ) ( succ ?x3 ?x4 ) ( succ ?y4 ?y3 ) ( true ( cell ?x4 ?y4 ?z ) ) ), ( <= ( line ?x ) ( row ?x ) ), ( <= ( line ?x ) ( column ?x ) ), ( <= ( line ?x ) ( diag ?x ) ), ( <= open ( empty ?c ?h ) ), ( <= terminal ( line r ) ), ( <= terminal ( line w ) ), ( <= terminal ( not open ) ), ( <= ( legal ?w ( drop ?c ) ) ( true ( cell ?c ?y2 b ) ) ( filled ?c ?y1 ) ( succ ?y1 ?y2 ) ( true ( control ?w ) ) ), ( <= ( legal white noop ) ( true ( control red ) ) ), ( <= ( legal red noop ) ( true ( control white ) ) ), ( <= ( goal white 100 ) ( line w ) ), ( <= ( goal white 50 ) ( not ( line r ) ) ( not ( line w ) ) ( not open ) ), ( <= ( goal white 0 ) ( line r ) ), ( <= ( goal red 100 ) ( line r ) ), ( <= ( goal red 50 ) ( not ( line r ) ) ( not ( line w ) ) ( not open ) ), ( <= ( goal red 0 ) ( line w ) ), ( <= ( goal ?w 70 ) ( role ?w ) ( not ( line r ) ) ( not ( line w ) ) open ), ( <= ( lte 0 ?x ) ( number ?x ) ), ( <= ( lte ?x ?x ) ( number ?x ) ), ( <= ( lte ?x ?z ) ( succ ?y ?z ) ( lte ?x ?y ) ), ( <= ( lte ?x ?y ) ( succ ?x ?y ) ), ( number 0 ), ( number 1 ), ( number 2 ), ( number 3 ), ( number 4 ), ( number 5 ), ( number 6 ), ( number 7 ), ( number 8 ), ( succ 0 1 ), ( succ 1 2 ), ( succ 2 3 ), ( succ 3 4 ), ( succ 4 5 ), ( succ 5 6 ), ( succ 6 7 ), ( succ 7 8 )]
LOG 1641846419584 [L3]: Start clock: 15
LOG 1641846419584 [L3]: Play clock: 20
LOG 1641846424575 [L0]: [Sent at 1641846424575] ready
LOG 1641846424578 [L0]: [Received at 1641846424578] ( PLAY 2.connect4.1641846419485 NIL )
LOG 1641846434579 [L0]: [Sent at 1641846434579] noop
LOG 1641846434581 [L0]: [Received at 1641846434581] ( PLAY 2.connect4.1641846419485 (( drop 2 ) noop ) )
LOG 1641846444585 [L0]: [Sent at 1641846444585] ( drop 4 )
LOG 1641846444588 [L0]: [Received at 1641846444588] ( PLAY 2.connect4.1641846419485 (noop ( drop 4 ) ) )
LOG 1641846454595 [L0]: [Sent at 1641846454595] noop
LOG 1641846454597 [L0]: [Received at 1641846454597] ( PLAY 2.connect4.1641846419485 (( drop 4 ) noop ) )
LOG 1641846464598 [L0]: [Sent at 1641846464598] ( drop 4 )
LOG 1641846464601 [L0]: [Received at 1641846464601] ( PLAY 2.connect4.1641846419485 (noop ( drop 4 ) ) )
LOG 1641846474601 [L0]: [Sent at 1641846474601] noop
LOG 1641846474604 [L0]: [Received at 1641846474604] ( PLAY 2.connect4.1641846419485 (( drop 4 ) noop ) )
LOG 1641846484606 [L0]: [Sent at 1641846484606] ( drop 2 )
LOG 1641846484609 [L0]: [Received at 1641846484609] ( PLAY 2.connect4.1641846419485 (noop ( drop 2 ) ) )
LOG 1641846494610 [L0]: [Sent at 1641846494610] noop
LOG 1641846494625 [L0]: [Received at 1641846494625] ( PLAY 2.connect4.1641846419485 (( drop 2 ) noop ) )
LOG 1641846504626 [L0]: [Sent at 1641846504626] ( drop 2 )
LOG 1641846504628 [L0]: [Received at 1641846504628] ( PLAY 2.connect4.1641846419485 (noop ( drop 2 ) ) )
LOG 1641846514630 [L0]: [Sent at 1641846514630] noop
LOG 1641846514634 [L0]: [Received at 1641846514634] ( PLAY 2.connect4.1641846419485 (( drop 5 ) noop ) )
LOG 1641846524635 [L0]: [Sent at 1641846524635] ( drop 5 )
LOG 1641846524638 [L0]: [Received at 1641846524638] ( PLAY 2.connect4.1641846419485 (noop ( drop 5 ) ) )
LOG 1641846534638 [L0]: [Sent at 1641846534638] noop
LOG 1641846534641 [L0]: [Received at 1641846534641] ( PLAY 2.connect4.1641846419485 (( drop 7 ) noop ) )
LOG 1641846544642 [L0]: [Sent at 1641846544642] ( drop 5 )
LOG 1641846544645 [L0]: [Received at 1641846544645] ( PLAY 2.connect4.1641846419485 (noop ( drop 5 ) ) )
LOG 1641846554646 [L0]: [Sent at 1641846554646] noop
LOG 1641846554649 [L0]: [Received at 1641846554649] ( PLAY 2.connect4.1641846419485 (( drop 3 ) noop ) )
LOG 1641846564650 [L0]: [Sent at 1641846564650] ( drop 5 )
LOG 1641846564652 [L0]: [Received at 1641846564652] ( PLAY 2.connect4.1641846419485 (noop ( drop 5 ) ) )
LOG 1641846574653 [L0]: [Sent at 1641846574653] noop
LOG 1641846574656 [L0]: [Received at 1641846574656] ( PLAY 2.connect4.1641846419485 (( drop 5 ) noop ) )
LOG 1641846584656 [L0]: [Sent at 1641846584656] ( drop 4 )
LOG 1641846584659 [L0]: [Received at 1641846584659] ( PLAY 2.connect4.1641846419485 (noop ( drop 4 ) ) )
LOG 1641846594660 [L0]: [Sent at 1641846594660] noop
LOG 1641846594663 [L0]: [Received at 1641846594663] ( PLAY 2.connect4.1641846419485 (( drop 7 ) noop ) )
LOG 1641846604664 [L0]: [Sent at 1641846604664] ( drop 7 )
LOG 1641846604666 [L0]: [Received at 1641846604666] ( PLAY 2.connect4.1641846419485 (noop ( drop 7 ) ) )
LOG 1641846614677 [L0]: [Sent at 1641846614677] noop
LOG 1641846614680 [L0]: [Received at 1641846614680] ( PLAY 2.connect4.1641846419485 (( drop 5 ) noop ) )
LOG 1641846624680 [L0]: [Sent at 1641846624680] ( drop 6 )
LOG 1641846624683 [L0]: [Received at 1641846624683] ( PLAY 2.connect4.1641846419485 (noop ( drop 6 ) ) )
LOG 1641846634684 [L0]: [Sent at 1641846634684] noop
LOG 1641846634687 [L0]: [Received at 1641846634687] ( PLAY 2.connect4.1641846419485 (( drop 7 ) noop ) )
LOG 1641846644687 [L0]: [Sent at 1641846644687] ( drop 3 )
LOG 1641846644690 [L0]: [Received at 1641846644690] ( PLAY 2.connect4.1641846419485 (noop ( drop 3 ) ) )
LOG 1641846654691 [L0]: [Sent at 1641846654691] noop
LOG 1641846654694 [L0]: [Received at 1641846654694] ( PLAY 2.connect4.1641846419485 (( drop 7 ) noop ) )
LOG 1641846664695 [L0]: [Sent at 1641846664695] ( drop 4 )
LOG 1641846664698 [L0]: [Received at 1641846664698] ( PLAY 2.connect4.1641846419485 (noop ( drop 4 ) ) )
LOG 1641846674699 [L0]: [Sent at 1641846674699] noop
LOG 1641846674702 [L0]: [Received at 1641846674702] ( PLAY 2.connect4.1641846419485 (( drop 7 ) noop ) )
LOG 1641846684703 [L0]: [Sent at 1641846684703] ( drop 3 )
LOG 1641846684706 [L0]: [Received at 1641846684706] ( PLAY 2.connect4.1641846419485 (noop ( drop 3 ) ) )
LOG 1641846694707 [L0]: [Sent at 1641846694707] noop
LOG 1641846694710 [L0]: [Received at 1641846694710] ( PLAY 2.connect4.1641846419485 (( drop 3 ) noop ) )
LOG 1641846704710 [L0]: [Sent at 1641846704710] ( drop 3 )
LOG 1641846704713 [L0]: [Received at 1641846704713] ( PLAY 2.connect4.1641846419485 (noop ( drop 3 ) ) )
LOG 1641846714714 [L0]: [Sent at 1641846714714] noop
LOG 1641846714717 [L0]: [Received at 1641846714717] ( PLAY 2.connect4.1641846419485 (( drop 1 ) noop ) )
LOG 1641846724718 [L0]: [Sent at 1641846724718] ( drop 3 )
LOG 1641846724721 [L0]: [Received at 1641846724721] ( PLAY 2.connect4.1641846419485 (noop ( drop 3 ) ) )
LOG 1641846734722 [L0]: [Sent at 1641846734722] noop
LOG 1641846734726 [L0]: [Received at 1641846734726] ( PLAY 2.connect4.1641846419485 (( drop 6 ) noop ) )
LOG 1641846744727 [L0]: [Sent at 1641846744727] ( drop 6 )
LOG 1641846744734 [L0]: [Received at 1641846744734] ( STOP 2.connect4.1641846419485 (noop ( drop 6 ) ) )
LOG 1641846744735 [L3]: Stopped logging to files at: Mon Jan 10 21:32:24 CET 2022
LOG 1641846744735 [L3]: LOG SEALED
