LOG 1641917703592 [L3]: Returning initial state machine.
LOG 1641917703593 [L3]: Returning PropNet state machine without cache.
LOG 1641917703594 [L3]: Starting metagame with available thinking time 4994ms.
LOG 1641917703596 [L3]: Starting search during metagame.
LOG 1641917708588 [L3]: Done searching during metagame.
LOG 1641917708591 [L3]: Starting move selection for game step 1 with available time 10000ms.
LOG 1641917708592 [L3]: Selecting move using MCTS.
LOG 1641917718591 [L3]: Returning MCTS move ( move 2 2 2 3 ).
LOG 1641917718597 [L3]: Starting move selection for game step 2 with available time 10000ms.
LOG 1641917718604 [L3]: Selecting move using MCTS.
LOG 1641917728597 [L3]: Returning MCTS move noop.
LOG 1641917728602 [L3]: Starting move selection for game step 3 with available time 10000ms.
LOG 1641917728618 [L3]: Selecting move using MCTS.
LOG 1641917738614 [L3]: Starting move selection for game step 4 with available time 10000ms.
LOG 1641917738627 [L3]: Selecting move using MCTS.
LOG 1641917748619 [L3]: Starting move selection for game step 5 with available time 9999ms.
LOG 1641917748627 [L3]: Selecting move using MCTS.
LOG 1641917758624 [L3]: Starting move selection for game step 6 with available time 10000ms.
LOG 1641917758625 [L3]: Selecting move using MCTS.
LOG 1641917768628 [L3]: Starting move selection for game step 7 with available time 10000ms.
LOG 1641917768629 [L3]: Selecting move using MCTS.
LOG 1641917778636 [L3]: Starting move selection for game step 8 with available time 10000ms.
LOG 1641917778636 [L3]: Selecting move using MCTS.
LOG 1641917788642 [L3]: Starting move selection for game step 9 with available time 10000ms.
LOG 1641917788643 [L3]: Selecting move using MCTS.
LOG 1641917798646 [L3]: Starting move selection for game step 10 with available time 10000ms.
LOG 1641917798647 [L3]: Selecting move using MCTS.
LOG 1641917808651 [L3]: Starting move selection for game step 11 with available time 10000ms.
LOG 1641917808652 [L3]: Selecting move using MCTS.
LOG 1641917818655 [L3]: Starting move selection for game step 12 with available time 10000ms.
LOG 1641917818656 [L3]: Selecting move using MCTS.
LOG 1641917828670 [L3]: Starting move selection for game step 13 with available time 10000ms.
LOG 1641917828670 [L3]: Selecting move using MCTS.
LOG 1641917838674 [L3]: Starting move selection for game step 14 with available time 10000ms.
LOG 1641917838675 [L3]: Selecting move using MCTS.
LOG 1641917848679 [L3]: Starting move selection for game step 15 with available time 10000ms.
LOG 1641917848679 [L3]: Selecting move using MCTS.
LOG 1641917858683 [L3]: Starting move selection for game step 16 with available time 10000ms.
LOG 1641917858684 [L3]: Selecting move using MCTS.
LOG 1641917868687 [L3]: Starting move selection for game step 17 with available time 10000ms.
LOG 1641917868687 [L3]: Selecting move using MCTS.
LOG 1641917878703 [L3]: Starting move selection for game step 18 with available time 10000ms.
LOG 1641917878704 [L3]: Selecting move using MCTS.
LOG 1641917888707 [L3]: Starting move selection for game step 19 with available time 10000ms.
LOG 1641917888707 [L3]: Selecting move using MCTS.
LOG 1641917898711 [L3]: Starting move selection for game step 20 with available time 10000ms.
LOG 1641917898711 [L3]: Selecting move using MCTS.
LOG 1641917908715 [L3]: Starting move selection for game step 21 with available time 10000ms.
LOG 1641917908716 [L3]: Selecting move using MCTS.
LOG 1641917918719 [L3]: Starting move selection for game step 22 with available time 10000ms.
LOG 1641917918720 [L3]: Selecting move using MCTS.
LOG 1641917928723 [L3]: Starting move selection for game step 23 with available time 10000ms.
LOG 1641917928723 [L3]: Selecting move using MCTS.
LOG 1641917938727 [L3]: Starting move selection for game step 24 with available time 10000ms.
LOG 1641917938727 [L3]: Selecting move using MCTS.
