LOG 1641840714303 [L3]: Started match logging at: Mon Jan 10 19:51:54 CET 2022
LOG 1641840714311 [L3]: Game rules: [( role x ), ( role o ), ( init ( quad x 12 ) ), ( init ( quad o 12 ) ), ( init ( white x 5 ) ), ( init ( white o 5 ) ), ( init ( cell r1 c2 b ) ), ( init ( cell r1 c3 b ) ), ( init ( cell r1 c4 b ) ), ( init ( cell r1 c5 b ) ), ( init ( cell r1 c6 b ) ), ( init ( cell r2 c1 b ) ), ( init ( cell r2 c2 b ) ), ( init ( cell r2 c3 b ) ), ( init ( cell r2 c4 b ) ), ( init ( cell r2 c5 b ) ), ( init ( cell r2 c6 b ) ), ( init ( cell r2 c7 b ) ), ( init ( cell r3 c1 b ) ), ( init ( cell r3 c2 b ) ), ( init ( cell r3 c3 b ) ), ( init ( cell r3 c4 b ) ), ( init ( cell r3 c5 b ) ), ( init ( cell r3 c6 b ) ), ( init ( cell r3 c7 b ) ), ( init ( cell r4 c1 b ) ), ( init ( cell r4 c2 b ) ), ( init ( cell r4 c3 b ) ), ( init ( cell r4 c4 b ) ), ( init ( cell r4 c5 b ) ), ( init ( cell r4 c6 b ) ), ( init ( cell r4 c7 b ) ), ( init ( cell r5 c1 b ) ), ( init ( cell r5 c2 b ) ), ( init ( cell r5 c3 b ) ), ( init ( cell r5 c4 b ) ), ( init ( cell r5 c5 b ) ), ( init ( cell r5 c6 b ) ), ( init ( cell r5 c7 b ) ), ( init ( cell r6 c1 b ) ), ( init ( cell r6 c2 b ) ), ( init ( cell r6 c3 b ) ), ( init ( cell r6 c4 b ) ), ( init ( cell r6 c5 b ) ), ( init ( cell r6 c6 b ) ), ( init ( cell r6 c7 b ) ), ( init ( cell r7 c2 b ) ), ( init ( cell r7 c3 b ) ), ( init ( cell r7 c4 b ) ), ( init ( cell r7 c5 b ) ), ( init ( cell r7 c6 b ) ), ( init ( control x ) ), ( ncol c1 c2 ), ( ncol c2 c3 ), ( ncol c3 c4 ), ( ncol c4 c5 ), ( ncol c5 c6 ), ( ncol c6 c7 ), ( nrow r1 r2 ), ( nrow r2 r3 ), ( nrow r3 r4 ), ( nrow r4 r5 ), ( nrow r5 r6 ), ( nrow r6 r7 ), ( <= ( prow ?x ?y ) ( nrow ?y ?x ) ), ( <= ( pcol ?x ?y ) ( ncol ?y ?x ) ), ( succ 0 1 ), ( succ 1 2 ), ( succ 2 3 ), ( succ 3 4 ), ( succ 4 5 ), ( succ 5 6 ), ( succ 6 7 ), ( succ 7 8 ), ( succ 8 9 ), ( succ 9 10 ), ( succ 10 11 ), ( succ 11 12 ), ( succ 12 13 ), ( succ 13 14 ), ( succ 14 15 ), ( succ 15 16 ), ( succ 16 17 ), ( succ 17 18 ), ( succ 18 19 ), ( succ 19 20 ), ( <= ( legal ?player ( mark ?x ?y ) ) ( true ( cell ?x ?y b ) ) ( true ( control ?player ) ) ), ( <= ( legal ?player ( block ?x ?y ) ) ( true ( cell ?x ?y b ) ) ( true ( control ?player ) ) ( true ( white ?player ?c ) ) ( distinct ?c 0 ) ), ( <= ( legal x noop ) ( true ( control o ) ) ), ( <= ( legal o noop ) ( true ( control x ) ) ), ( <= ( next ( cell ?m ?n ?p ) ) ( does ?p ( mark ?m ?n ) ) ), ( <= ( next ( cell ?m ?n w ) ) ( does ?p ( block ?m ?n ) ) ), ( <= ( next ( cell ?m ?n ?p ) ) ( true ( cell ?m ?n ?p ) ) ( distinct ?p b ) ), ( <= ( next ( cell ?m ?n b ) ) ( does ?W ( mark ?j ?k ) ) ( true ( cell ?m ?n b ) ) ( distinct ?m ?j ) ), ( <= ( next ( cell ?m ?n b ) ) ( does ?W ( mark ?j ?k ) ) ( true ( cell ?m ?n b ) ) ( distinct ?n ?k ) ), ( <= ( next ( cell ?m ?n b ) ) ( does ?W ( block ?j ?k ) ) ( true ( cell ?m ?n b ) ) ( distinct ?m ?j ) ), ( <= ( next ( cell ?m ?n b ) ) ( does ?W ( block ?j ?k ) ) ( true ( cell ?m ?n b ) ) ( distinct ?n ?k ) ), ( <= ( next ( quad ?p ?c ) ) ( true ( control ?q ) ) ( true ( quad ?p ?c ) ) ( distinct ?p ?q ) ), ( <= ( next ( white ?p ?c ) ) ( true ( control ?q ) ) ( true ( white ?p ?c ) ) ( distinct ?p ?q ) ), ( <= ( next ( quad ?p ?c ) ) ( does ?p ( mark ?j ?k ) ) ( true ( quad ?p ?c1 ) ) ( succ ?c ?c1 ) ), ( <= ( next ( white ?p ?c ) ) ( does ?p ( block ?j ?k ) ) ( true ( white ?p ?c1 ) ) ( succ ?c ?c1 ) ), ( <= ( next ( quad ?p ?c ) ) ( does ?p ( block ?j ?k ) ) ( true ( quad ?p ?c ) ) ), ( <= ( next ( white ?p ?c ) ) ( does ?p ( mark ?j ?k ) ) ( true ( white ?p ?c ) ) ), ( <= ( next ( control x ) ) ( does o ( mark ?j ?k ) ) ( true ( control o ) ) ), ( <= ( next ( control o ) ) ( does x ( mark ?j ?k ) ) ( true ( control x ) ) ), ( <= ( next ( control ?p ) ) ( does ?p ( block ?j ?k ) ) ( true ( control ?p ) ) ), ( <= ( square ?x1 ?y1 ?x1 ?y2 ?x2 ?y1 ?x2 ?y2 ) ( ncol ?y1 ?y2 ) ( nrow ?x1 ?x2 ) ), ( <= ( square ?x1 ?y1 ?x1 ?y2 ?x2 ?y1 ?x2 ?y2 ) ( ncol ?y3 ?y2 ) ( nrow ?x3 ?x2 ) ( square ?x1 ?y1 ?x1 ?y3 ?x3 ?y1 ?x3 ?y3 ) ), ( <= ( square ?x1 ?y1 ?x2 ?y2 ?x3 ?y3 ?x4 ?y4 ) ( prow ?x2p ?x2 ) ( ncol ?y3n ?y3 ) ( prow ?x4p ?x4 ) ( ncol ?y4n ?y4 ) ( square ?x1 ?y1 ?x2p ?y2 ?x3 ?y3n ?x4p ?y4n ) ), ( <= win ( true ( cell ?x1 ?y1 x ) ) ( true ( cell ?x2 ?y2 x ) ) ( true ( cell ?x3 ?y3 x ) ) ( true ( cell ?x4 ?y4 x ) ) ( square ?x1 ?y1 ?x2 ?y2 ?x3 ?y3 ?x4 ?y4 ) ), ( <= lose ( true ( cell ?x1 ?y1 o ) ) ( true ( cell ?x2 ?y2 o ) ) ( true ( cell ?x3 ?y3 o ) ) ( true ( cell ?x4 ?y4 o ) ) ( square ?x1 ?y1 ?x2 ?y2 ?x3 ?y3 ?x4 ?y4 ) ), ( <= winByOpenQuad ( not lose ) ( not open ) ( true ( cell ?x1 ?y1 x ) ) ( true ( cell ?x2 ?y2 x ) ) ( true ( cell ?x3 ?y3 x ) ) ( true ( cell ?x4 ?y4 b ) ) ( square ?x1 ?y1 ?x2 ?y2 ?x3 ?y3 ?x4 ?y4 ) ), ( <= winByOpenQuad ( not lose ) ( not open ) ( true ( cell ?x1 ?y1 x ) ) ( true ( cell ?x2 ?y2 b ) ) ( true ( cell ?x3 ?y3 x ) ) ( true ( cell ?x4 ?y4 x ) ) ( square ?x1 ?y1 ?x2 ?y2 ?x3 ?y3 ?x4 ?y4 ) ), ( <= winByOpenQuad ( not lose ) ( not open ) ( true ( cell ?x1 ?y1 x ) ) ( true ( cell ?x2 ?y2 x ) ) ( true ( cell ?x3 ?y3 b ) ) ( true ( cell ?x4 ?y4 x ) ) ( square ?x1 ?y1 ?x2 ?y2 ?x3 ?y3 ?x4 ?y4 ) ), ( <= winByOpenQuad ( not lose ) ( not open ) ( true ( cell ?x1 ?y1 b ) ) ( true ( cell ?x2 ?y2 x ) ) ( true ( cell ?x3 ?y3 x ) ) ( true ( cell ?x4 ?y4 x ) ) ( square ?x1 ?y1 ?x2 ?y2 ?x3 ?y3 ?x4 ?y4 ) ), ( <= open ( true ( quad ?p ?c ) ) ( distinct ?c 0 ) ), ( <= ( more ?x 0 ) ( succ ?y ?x ) ), ( <= ( more ?x ?y ) ( succ ?x1 ?x ) ( succ ?y1 ?y ) ( more ?x1 ?y1 ) ), ( <= morewhite ( true ( white x ?a ) ) ( true ( white o ?b ) ) ( more ?a ?b ) ), ( <= lesswhite ( true ( white x ?a ) ) ( true ( white o ?b ) ) ( more ?b ?a ) ), ( <= equalwhite ( true ( white x ?a ) ) ( true ( white o ?a ) ) ), ( <= ( goal x 100 ) win ), ( <= ( goal x 95 ) ( not win ) winByOpenQuad ), ( <= ( goal x 90 ) ( not win ) ( not winByOpenQuad ) ( not lose ) ( not open ) morewhite ), ( <= ( goal x 50 ) ( not win ) ( not winByOpenQuad ) ( not lose ) ( not open ) equalwhite ), ( <= ( goal x 10 ) ( not win ) ( not winByOpenQuad ) ( not lose ) ( not open ) lesswhite ), ( <= ( goal x 0 ) lose ), ( <= ( goal o 100 ) lose ), ( <= ( goal o 90 ) ( not win ) ( not winByOpenQuad ) ( not lose ) ( not open ) lesswhite ), ( <= ( goal o 50 ) ( not win ) ( not winByOpenQuad ) ( not lose ) ( not open ) equalwhite ), ( <= ( goal o 10 ) ( not win ) ( not winByOpenQuad ) ( not lose ) ( not open ) morewhite ), ( <= ( goal o 5 ) ( not win ) winByOpenQuad ), ( <= ( goal o 0 ) win ), ( <= terminal win ), ( <= terminal lose ), ( <= terminal ( not open ) )]
LOG 1641840714311 [L3]: Start clock: 15
LOG 1641840714312 [L3]: Play clock: 10
LOG 1641840719303 [L0]: [Sent at 1641840719303] ready
LOG 1641840719305 [L0]: [Received at 1641840719305] ( PLAY 21.quad_7x7.1641840713923 NIL )
LOG 1641840719307 [L0]: [Sent at 1641840719307] noop
LOG 1641840719308 [L0]: [Received at 1641840719308] ( PLAY 21.quad_7x7.1641840713923 (( block r1 c6 ) noop ) )
LOG 1641840719310 [L0]: [Sent at 1641840719310] noop
LOG 1641840719314 [L0]: [Received at 1641840719314] ( PLAY 21.quad_7x7.1641840713923 (( block r4 c7 ) noop ) )
LOG 1641840719322 [L0]: [Sent at 1641840719322] noop
LOG 1641840719325 [L0]: [Received at 1641840719325] ( PLAY 21.quad_7x7.1641840713923 (( block r3 c2 ) noop ) )
LOG 1641840719327 [L0]: [Sent at 1641840719327] noop
LOG 1641840719331 [L0]: [Received at 1641840719331] ( PLAY 21.quad_7x7.1641840713923 (( block r1 c4 ) noop ) )
LOG 1641840719332 [L0]: [Sent at 1641840719332] noop
LOG 1641840719334 [L0]: [Received at 1641840719334] ( PLAY 21.quad_7x7.1641840713923 (( mark r4 c1 ) noop ) )
LOG 1641840719335 [L0]: [Sent at 1641840719335] ( block r5 c6 )
LOG 1641840719337 [L0]: [Received at 1641840719337] ( PLAY 21.quad_7x7.1641840713923 (noop ( block r5 c6 ) ) )
LOG 1641840719338 [L0]: [Sent at 1641840719338] ( mark r7 c3 )
LOG 1641840719340 [L0]: [Received at 1641840719340] ( PLAY 21.quad_7x7.1641840713923 (noop ( mark r7 c3 ) ) )
LOG 1641840719341 [L0]: [Sent at 1641840719341] noop
LOG 1641840719412 [L0]: [Received at 1641840719412] ( PLAY 21.quad_7x7.1641840713923 (( mark r5 c3 ) noop ) )
LOG 1641840719413 [L0]: [Sent at 1641840719413] ( mark r7 c6 )
LOG 1641840719415 [L0]: [Received at 1641840719415] ( PLAY 21.quad_7x7.1641840713923 (noop ( mark r7 c6 ) ) )
LOG 1641840719417 [L0]: [Sent at 1641840719417] noop
LOG 1641840719422 [L0]: [Received at 1641840719422] ( PLAY 21.quad_7x7.1641840713923 (( mark r3 c7 ) noop ) )
LOG 1641840719423 [L0]: [Sent at 1641840719423] ( block r5 c2 )
LOG 1641840719426 [L0]: [Received at 1641840719426] ( PLAY 21.quad_7x7.1641840713923 (noop ( block r5 c2 ) ) )
LOG 1641840719427 [L0]: [Sent at 1641840719427] ( mark r3 c5 )
LOG 1641840719431 [L0]: [Received at 1641840719431] ( PLAY 21.quad_7x7.1641840713923 (noop ( mark r3 c5 ) ) )
LOG 1641840719432 [L0]: [Sent at 1641840719432] noop
LOG 1641840719444 [L0]: [Received at 1641840719444] ( PLAY 21.quad_7x7.1641840713923 (( mark r2 c4 ) noop ) )
LOG 1641840719446 [L0]: [Sent at 1641840719446] ( block r1 c5 )
LOG 1641840719448 [L0]: [Received at 1641840719448] ( PLAY 21.quad_7x7.1641840713923 (noop ( block r1 c5 ) ) )
LOG 1641840719449 [L0]: [Sent at 1641840719449] ( block r6 c7 )
LOG 1641840719451 [L0]: [Received at 1641840719451] ( PLAY 21.quad_7x7.1641840713923 (noop ( block r6 c7 ) ) )
LOG 1641840719452 [L0]: [Sent at 1641840719452] ( mark r2 c2 )
LOG 1641840719460 [L0]: [Received at 1641840719460] ( PLAY 21.quad_7x7.1641840713923 (noop ( mark r2 c2 ) ) )
LOG 1641840719462 [L0]: [Sent at 1641840719462] noop
LOG 1641840719482 [L0]: [Received at 1641840719482] ( PLAY 21.quad_7x7.1641840713923 (( mark r1 c2 ) noop ) )
LOG 1641840719483 [L0]: [Sent at 1641840719483] ( mark r3 c6 )
LOG 1641840719507 [L0]: [Received at 1641840719507] ( PLAY 21.quad_7x7.1641840713923 (noop ( mark r3 c6 ) ) )
LOG 1641840719508 [L0]: [Sent at 1641840719508] noop
LOG 1641840719554 [L0]: [Received at 1641840719554] ( PLAY 21.quad_7x7.1641840713923 (( mark r2 c6 ) noop ) )
LOG 1641840719556 [L0]: [Sent at 1641840719556] ( mark r6 c6 )
LOG 1641840719585 [L0]: [Received at 1641840719585] ( PLAY 21.quad_7x7.1641840713923 (noop ( mark r6 c6 ) ) )
LOG 1641840719586 [L0]: [Sent at 1641840719586] noop
LOG 1641840719591 [L0]: [Received at 1641840719591] ( PLAY 21.quad_7x7.1641840713923 (( block r5 c5 ) noop ) )
LOG 1641840719593 [L0]: [Sent at 1641840719593] noop
LOG 1641840719649 [L0]: [Received at 1641840719649] ( PLAY 21.quad_7x7.1641840713923 (( mark r6 c4 ) noop ) )
LOG 1641840719650 [L0]: [Sent at 1641840719650] ( mark r4 c6 )
LOG 1641840719710 [L0]: [Received at 1641840719710] ( PLAY 21.quad_7x7.1641840713923 (noop ( mark r4 c6 ) ) )
LOG 1641840719711 [L0]: [Sent at 1641840719711] noop
LOG 1641840719801 [L0]: [Received at 1641840719801] ( PLAY 21.quad_7x7.1641840713923 (( mark r6 c5 ) noop ) )
LOG 1641840719802 [L0]: [Sent at 1641840719802] ( block r4 c5 )
LOG 1641840719814 [L0]: [Received at 1641840719814] ( PLAY 21.quad_7x7.1641840713923 (noop ( block r4 c5 ) ) )
LOG 1641840719815 [L0]: [Sent at 1641840719815] ( mark r2 c5 )
LOG 1641840719924 [L0]: [Received at 1641840719924] ( PLAY 21.quad_7x7.1641840713923 (noop ( mark r2 c5 ) ) )
LOG 1641840719926 [L0]: [Sent at 1641840719926] noop
LOG 1641840720010 [L0]: [Received at 1641840720010] ( PLAY 21.quad_7x7.1641840713923 (( mark r7 c2 ) noop ) )
LOG 1641840720012 [L0]: [Sent at 1641840720012] ( mark r5 c7 )
LOG 1641840720224 [L0]: [Received at 1641840720224] ( PLAY 21.quad_7x7.1641840713923 (noop ( mark r5 c7 ) ) )
LOG 1641840720225 [L0]: [Sent at 1641840720225] noop
LOG 1641840720410 [L0]: [Received at 1641840720410] ( PLAY 21.quad_7x7.1641840713923 (( mark r2 c3 ) noop ) )
LOG 1641840720411 [L0]: [Sent at 1641840720411] ( mark r6 c2 )
LOG 1641840720564 [L0]: [Received at 1641840720564] ( PLAY 21.quad_7x7.1641840713923 (noop ( mark r6 c2 ) ) )
LOG 1641840720566 [L0]: [Sent at 1641840720566] noop
LOG 1641840720810 [L0]: [Received at 1641840720810] ( PLAY 21.quad_7x7.1641840713923 (( mark r1 c3 ) noop ) )
LOG 1641840720811 [L0]: [Sent at 1641840720811] ( mark r6 c1 )
LOG 1641840721057 [L0]: [Received at 1641840721057] ( PLAY 21.quad_7x7.1641840713923 (noop ( mark r6 c1 ) ) )
LOG 1641840721058 [L0]: [Sent at 1641840721058] noop
LOG 1641840721289 [L0]: [Received at 1641840721289] ( PLAY 21.quad_7x7.1641840713923 (( mark r7 c5 ) noop ) )
LOG 1641840721290 [L0]: [Sent at 1641840721290] ( mark r5 c4 )
LOG 1641840725705 [L0]: [Received at 1641840725705] ( STOP 21.quad_7x7.1641840713923 (noop ( mark r5 c4 ) ) )
LOG 1641840725706 [L3]: Stopped logging to files at: Mon Jan 10 19:52:05 CET 2022
LOG 1641840725706 [L3]: LOG SEALED
