LOG 1641844267801 [L3]: Returning initial state machine.
LOG 1641844267801 [L3]: Returning PropNet state machine without cache.
LOG 1641844267802 [L3]: Starting metagame with available thinking time 4989ms.
LOG 1641844267803 [L3]: Starting search during metagame.
LOG 1641844272791 [L3]: Done searching during metagame.
LOG 1641844272793 [L3]: Starting move selection for game step 1 with available time 0ms.
LOG 1641844272794 [L3]: No time to select next move using MCTS. Returning random move noop.
LOG 1641844272797 [L3]: Starting move selection for game step 2 with available time 0ms.
LOG 1641844272798 [L3]: No time to select next move using MCTS. Returning random move ( mark r7 c6 ).
LOG 1641844272803 [L3]: Starting move selection for game step 3 with available time 0ms.
LOG 1641844272810 [L3]: No time to select next move using MCTS. Returning random move noop.
LOG 1641844272816 [L3]: Starting move selection for game step 4 with available time 0ms.
LOG 1641844272817 [L3]: No time to select next move using MCTS. Returning random move ( mark r7 c4 ).
LOG 1641844272823 [L3]: Starting move selection for game step 5 with available time 0ms.
LOG 1641844272823 [L3]: No time to select next move using MCTS. Returning random move noop.
LOG 1641844272831 [L3]: Starting move selection for game step 6 with available time 0ms.
LOG 1641844272831 [L3]: No time to select next move using MCTS. Returning random move ( mark r5 c7 ).
LOG 1641844272836 [L3]: Starting move selection for game step 7 with available time 0ms.
LOG 1641844272837 [L3]: No time to select next move using MCTS. Returning random move noop.
LOG 1641844272851 [L3]: Starting move selection for game step 8 with available time 0ms.
LOG 1641844272851 [L3]: No time to select next move using MCTS. Returning random move ( block r4 c6 ).
LOG 1641844272855 [L3]: Starting move selection for game step 9 with available time 0ms.
LOG 1641844272855 [L3]: No time to select next move using MCTS. Returning random move ( mark r1 c3 ).
LOG 1641844272864 [L3]: Starting move selection for game step 10 with available time 0ms.
LOG 1641844272864 [L3]: No time to select next move using MCTS. Returning random move noop.
LOG 1641844272889 [L3]: Starting move selection for game step 11 with available time 0ms.
LOG 1641844272889 [L3]: No time to select next move using MCTS. Returning random move ( block r3 c4 ).
LOG 1641844272894 [L3]: Starting move selection for game step 12 with available time 0ms.
LOG 1641844272894 [L3]: No time to select next move using MCTS. Returning random move ( block r2 c2 ).
LOG 1641844272899 [L3]: Starting move selection for game step 13 with available time 0ms.
LOG 1641844272899 [L3]: No time to select next move using MCTS. Returning random move ( mark r6 c1 ).
LOG 1641844272915 [L3]: Starting move selection for game step 14 with available time 0ms.
LOG 1641844272915 [L3]: No time to select next move using MCTS. Returning random move noop.
LOG 1641844272920 [L3]: Starting move selection for game step 15 with available time 0ms.
LOG 1641844272920 [L3]: No time to select next move using MCTS. Returning random move noop.
LOG 1641844272957 [L3]: Starting move selection for game step 16 with available time 0ms.
LOG 1641844272957 [L3]: No time to select next move using MCTS. Returning random move ( block r1 c4 ).
LOG 1641844272963 [L3]: Starting move selection for game step 17 with available time 0ms.
LOG 1641844272963 [L3]: No time to select next move using MCTS. Returning random move ( block r2 c6 ).
LOG 1641844272969 [L3]: Starting move selection for game step 18 with available time -1ms.
LOG 1641844272969 [L3]: No time to select next move using MCTS. Returning random move ( mark r4 c1 ).
LOG 1641844272991 [L3]: Starting move selection for game step 19 with available time 0ms.
LOG 1641844272992 [L3]: No time to select next move using MCTS. Returning random move noop.
LOG 1641844272998 [L3]: Starting move selection for game step 20 with available time 0ms.
LOG 1641844272998 [L3]: No time to select next move using MCTS. Returning random move noop.
LOG 1641844273005 [L3]: Starting move selection for game step 21 with available time 0ms.
LOG 1641844273005 [L3]: No time to select next move using MCTS. Returning random move noop.
LOG 1641844273101 [L3]: Starting move selection for game step 22 with available time 0ms.
LOG 1641844273102 [L3]: No time to select next move using MCTS. Returning random move ( mark r2 c7 ).
LOG 1641844273147 [L3]: Starting move selection for game step 23 with available time 0ms.
LOG 1641844273147 [L3]: No time to select next move using MCTS. Returning random move noop.
LOG 1641844273158 [L3]: Starting move selection for game step 24 with available time 0ms.
LOG 1641844273159 [L3]: No time to select next move using MCTS. Returning random move noop.
LOG 1641844273251 [L3]: Starting move selection for game step 25 with available time 0ms.
LOG 1641844273252 [L3]: No time to select next move using MCTS. Returning random move ( mark r5 c5 ).
LOG 1641844273322 [L3]: Starting move selection for game step 26 with available time 0ms.
LOG 1641844273322 [L3]: No time to select next move using MCTS. Returning random move noop.
LOG 1641844273336 [L3]: Starting move selection for game step 27 with available time 0ms.
LOG 1641844273336 [L3]: No time to select next move using MCTS. Returning random move noop.
LOG 1641844273461 [L3]: Starting move selection for game step 28 with available time 0ms.
LOG 1641844273461 [L3]: No time to select next move using MCTS. Returning random move ( mark r6 c3 ).
LOG 1641844273552 [L3]: Starting move selection for game step 29 with available time 0ms.
LOG 1641844273552 [L3]: No time to select next move using MCTS. Returning random move noop.
LOG 1641844273745 [L3]: Starting move selection for game step 30 with available time 0ms.
LOG 1641844273746 [L3]: No time to select next move using MCTS. Returning random move ( mark r3 c5 ).
LOG 1641844273919 [L3]: Starting move selection for game step 31 with available time 0ms.
LOG 1641844273920 [L3]: No time to select next move using MCTS. Returning random move noop.
LOG 1641844274211 [L3]: Starting move selection for game step 32 with available time 0ms.
LOG 1641844274211 [L3]: No time to select next move using MCTS. Returning random move ( mark r7 c5 ).
LOG 1641844274368 [L3]: Starting move selection for game step 33 with available time 0ms.
LOG 1641844274368 [L3]: No time to select next move using MCTS. Returning random move noop.
LOG 1641844274718 [L3]: Starting move selection for game step 34 with available time 0ms.
LOG 1641844274718 [L3]: No time to select next move using MCTS. Returning random move ( mark r6 c4 ).
