LOG 1641835313570 [L3]: Returning initial state machine.
LOG 1641835313570 [L3]: Returning PropNet state machine without cache.
LOG 1641835313571 [L3]: Starting metagame with available thinking time 4990ms.
LOG 1641835313572 [L3]: Starting search during metagame.
LOG 1641835318561 [L3]: Done searching during metagame.
LOG 1641835318564 [L3]: Starting move selection for game step 1 with available time 0ms.
LOG 1641835318564 [L3]: No time to select next move using MCTS. Returning random move noop.
LOG 1641835318568 [L3]: Starting move selection for game step 2 with available time 0ms.
LOG 1641835318569 [L3]: No time to select next move using MCTS. Returning random move ( move 7 7 5 6 ).
LOG 1641835318574 [L3]: Starting move selection for game step 3 with available time 0ms.
LOG 1641835318582 [L3]: No time to select next move using MCTS. Returning random move noop.
LOG 1641835318587 [L3]: Starting move selection for game step 4 with available time 0ms.
LOG 1641835318588 [L3]: No time to select next move using MCTS. Returning random move ( move 5 7 7 6 ).
LOG 1641835318595 [L3]: Starting move selection for game step 5 with available time 0ms.
LOG 1641835318595 [L3]: No time to select next move using MCTS. Returning random move noop.
LOG 1641835318599 [L3]: Starting move selection for game step 6 with available time 0ms.
LOG 1641835318599 [L3]: No time to select next move using MCTS. Returning random move ( move 5 6 7 5 ).
LOG 1641835318603 [L3]: Starting move selection for game step 7 with available time 0ms.
LOG 1641835318603 [L3]: No time to select next move using MCTS. Returning random move noop.
LOG 1641835318618 [L3]: Starting move selection for game step 8 with available time 0ms.
LOG 1641835318618 [L3]: No time to select next move using MCTS. Returning random move ( move 7 6 5 5 ).
LOG 1641835318621 [L3]: Starting move selection for game step 9 with available time 0ms.
LOG 1641835318621 [L3]: No time to select next move using MCTS. Returning random move noop.
LOG 1641835318624 [L3]: Starting move selection for game step 10 with available time 0ms.
LOG 1641835318625 [L3]: No time to select next move using MCTS. Returning random move ( move 5 5 6 3 ).
LOG 1641835318627 [L3]: Starting move selection for game step 11 with available time 0ms.
LOG 1641835318628 [L3]: No time to select next move using MCTS. Returning random move noop.
LOG 1641835318632 [L3]: Starting move selection for game step 12 with available time 0ms.
LOG 1641835318632 [L3]: No time to select next move using MCTS. Returning random move ( move 2 8 3 6 ).
LOG 1641835318636 [L3]: Starting move selection for game step 13 with available time 0ms.
LOG 1641835318636 [L3]: No time to select next move using MCTS. Returning random move noop.
LOG 1641835318639 [L3]: Starting move selection for game step 14 with available time 0ms.
LOG 1641835318639 [L3]: No time to select next move using MCTS. Returning random move ( move 6 3 5 1 ).
