LOG 1641923922261 [L3]: Returning initial state machine.
LOG 1641923922261 [L3]: Returning PropNet state machine without cache.
LOG 1641923922262 [L3]: Starting metagame with available thinking time 4990ms.
LOG 1641923922263 [L3]: Starting search during metagame.
LOG 1641923927252 [L3]: Done searching during metagame.
LOG 1641923927255 [L3]: Starting move selection for game step 1 with available time 10000ms.
LOG 1641923927255 [L3]: Selecting move using MCTS.
LOG 1641923937255 [L3]: Returning MCTS move noop.
LOG 1641923937259 [L3]: Starting move selection for game step 2 with available time 10000ms.
LOG 1641923937260 [L3]: Selecting move using MCTS.
LOG 1641923947259 [L3]: Returning MCTS move ( move 4 7 3 6 ).
LOG 1641923947263 [L3]: Starting move selection for game step 3 with available time 10000ms.
LOG 1641923947272 [L3]: Selecting move using MCTS.
LOG 1641923957263 [L3]: Returning MCTS move noop.
LOG 1641923957273 [L3]: Starting move selection for game step 4 with available time 10000ms.
LOG 1641923957277 [L3]: Selecting move using MCTS.
LOG 1641923967273 [L3]: Returning MCTS move ( move 5 7 6 6 ).
LOG 1641923967277 [L3]: Starting move selection for game step 5 with available time 10000ms.
LOG 1641923967281 [L3]: Selecting move using MCTS.
LOG 1641923977277 [L3]: Returning MCTS move noop.
LOG 1641923977282 [L3]: Starting move selection for game step 6 with available time 9999ms.
LOG 1641923977285 [L3]: Selecting move using MCTS.
LOG 1641923987281 [L3]: Returning MCTS move ( move 3 6 3 5 ).
LOG 1641923987285 [L3]: Starting move selection for game step 7 with available time 10000ms.
LOG 1641923987289 [L3]: Selecting move using MCTS.
LOG 1641923997285 [L3]: Returning MCTS move noop.
LOG 1641923997290 [L3]: Starting move selection for game step 8 with available time 10000ms.
LOG 1641923997294 [L3]: Selecting move using MCTS.
LOG 1641924007291 [L3]: Returning MCTS move ( move 3 5 3 4 ).
LOG 1641924007295 [L3]: Starting move selection for game step 9 with available time 10000ms.
LOG 1641924007298 [L3]: Selecting move using MCTS.
LOG 1641924017296 [L3]: Returning MCTS move noop.
LOG 1641924017300 [L3]: Starting move selection for game step 10 with available time 10000ms.
LOG 1641924017303 [L3]: Selecting move using MCTS.
LOG 1641924027300 [L3]: Returning MCTS move ( move 1 7 1 6 ).
LOG 1641924027304 [L3]: Starting move selection for game step 11 with available time 10000ms.
LOG 1641924027307 [L3]: Selecting move using MCTS.
LOG 1641924037304 [L3]: Returning MCTS move noop.
LOG 1641924037308 [L3]: Starting move selection for game step 12 with available time 10000ms.
LOG 1641924037312 [L3]: Selecting move using MCTS.
LOG 1641924047308 [L3]: Returning MCTS move ( move 3 4 2 3 ).
LOG 1641924047312 [L3]: Starting move selection for game step 13 with available time 10000ms.
LOG 1641924047316 [L3]: Selecting move using MCTS.
LOG 1641924057312 [L3]: Returning MCTS move noop.
LOG 1641924057316 [L3]: Starting move selection for game step 14 with available time 10000ms.
LOG 1641924057320 [L3]: Selecting move using MCTS.
LOG 1641924067316 [L3]: Returning MCTS move ( move 2 3 1 2 ).
LOG 1641924067320 [L3]: Starting move selection for game step 15 with available time 10000ms.
LOG 1641924067324 [L3]: Selecting move using MCTS.
LOG 1641924077320 [L3]: Returning MCTS move noop.
LOG 1641924077324 [L3]: Starting move selection for game step 16 with available time 10000ms.
LOG 1641924077328 [L3]: Selecting move using MCTS.
LOG 1641924087324 [L3]: Returning MCTS move ( move 1 2 2 1 ).
