LOG 1641906711469 [L3]: Returning initial state machine.
LOG 1641906711470 [L3]: Returning PropNet state machine without cache.
LOG 1641906711470 [L3]: Starting metagame with available thinking time 4990ms.
LOG 1641906711472 [L3]: Starting search during metagame.
LOG 1641906716460 [L3]: Done searching during metagame.
LOG 1641906716463 [L3]: Starting move selection for game step 1 with available time 10000ms.
LOG 1641906716463 [L3]: Selecting move using MCTS.
LOG 1641906726463 [L3]: Returning MCTS move ( drop 4 ).
LOG 1641906726466 [L3]: Starting move selection for game step 2 with available time 10000ms.
LOG 1641906726471 [L3]: Selecting move using MCTS.
LOG 1641906736466 [L3]: Returning MCTS move noop.
LOG 1641906736469 [L3]: Starting move selection for game step 3 with available time 10000ms.
LOG 1641906736485 [L3]: Selecting move using MCTS.
LOG 1641906746469 [L3]: Returning MCTS move ( drop 4 ).
LOG 1641906746478 [L3]: Starting move selection for game step 4 with available time 10000ms.
LOG 1641906746494 [L3]: Selecting move using MCTS.
LOG 1641906756478 [L3]: Returning MCTS move noop.
LOG 1641906756481 [L3]: Starting move selection for game step 5 with available time 10000ms.
LOG 1641906756501 [L3]: Selecting move using MCTS.
LOG 1641906766481 [L3]: Returning MCTS move ( drop 4 ).
LOG 1641906766484 [L3]: Starting move selection for game step 6 with available time 10000ms.
LOG 1641906766501 [L3]: Selecting move using MCTS.
LOG 1641906776501 [L3]: Returning MCTS move noop.
LOG 1641906776505 [L3]: Starting move selection for game step 7 with available time 9999ms.
LOG 1641906776524 [L3]: Selecting move using MCTS.
LOG 1641906786504 [L3]: Returning MCTS move ( drop 2 ).
LOG 1641906786507 [L3]: Starting move selection for game step 8 with available time 10000ms.
LOG 1641906786523 [L3]: Selecting move using MCTS.
LOG 1641906796507 [L3]: Returning MCTS move noop.
LOG 1641906796510 [L3]: Starting move selection for game step 9 with available time 10000ms.
LOG 1641906796527 [L3]: Selecting move using MCTS.
LOG 1641906806510 [L3]: Returning MCTS move ( drop 5 ).
LOG 1641906806539 [L3]: Starting move selection for game step 10 with available time 10000ms.
LOG 1641906806557 [L3]: Selecting move using MCTS.
LOG 1641906816539 [L3]: Returning MCTS move noop.
LOG 1641906816542 [L3]: Starting move selection for game step 11 with available time 10000ms.
LOG 1641906816563 [L3]: Selecting move using MCTS.
LOG 1641906826542 [L3]: Returning MCTS move ( drop 5 ).
LOG 1641906826545 [L3]: Starting move selection for game step 12 with available time 10000ms.
LOG 1641906826562 [L3]: Selecting move using MCTS.
LOG 1641906836545 [L3]: Returning MCTS move noop.
LOG 1641906836565 [L3]: Starting move selection for game step 13 with available time 10000ms.
LOG 1641906836584 [L3]: Selecting move using MCTS.
LOG 1641906846565 [L3]: Returning MCTS move ( drop 5 ).
LOG 1641906846568 [L3]: Starting move selection for game step 14 with available time 10000ms.
LOG 1641906846587 [L3]: Selecting move using MCTS.
LOG 1641906856568 [L3]: Returning MCTS move noop.
LOG 1641906856571 [L3]: Starting move selection for game step 15 with available time 10000ms.
LOG 1641906856593 [L3]: Selecting move using MCTS.
LOG 1641906866571 [L3]: Returning MCTS move ( drop 6 ).
LOG 1641906866574 [L3]: Starting move selection for game step 16 with available time 10000ms.
LOG 1641906866583 [L3]: Selecting move using MCTS.
LOG 1641906876574 [L3]: Returning MCTS move noop.
LOG 1641906876577 [L3]: Starting move selection for game step 17 with available time 10000ms.
LOG 1641906876586 [L3]: Selecting move using MCTS.
LOG 1641906886577 [L3]: Returning MCTS move ( drop 6 ).
LOG 1641906886580 [L3]: Starting move selection for game step 18 with available time 10000ms.
LOG 1641906886589 [L3]: Selecting move using MCTS.
LOG 1641906896580 [L3]: Returning MCTS move noop.
LOG 1641906896583 [L3]: Starting move selection for game step 19 with available time 10000ms.
LOG 1641906896593 [L3]: Selecting move using MCTS.
LOG 1641906906583 [L3]: Returning MCTS move ( drop 3 ).
LOG 1641906906586 [L3]: Starting move selection for game step 20 with available time 10000ms.
LOG 1641906906591 [L3]: Selecting move using MCTS.
LOG 1641906916586 [L3]: Returning MCTS move noop.
LOG 1641906916590 [L3]: Starting move selection for game step 21 with available time 9999ms.
LOG 1641906916594 [L3]: Selecting move using MCTS.
LOG 1641906926589 [L3]: Returning MCTS move ( drop 3 ).
LOG 1641906926593 [L3]: Starting move selection for game step 22 with available time 10000ms.
LOG 1641906926597 [L3]: Selecting move using MCTS.
LOG 1641906936593 [L3]: Returning MCTS move noop.
LOG 1641906936596 [L3]: Starting move selection for game step 23 with available time 10000ms.
LOG 1641906936601 [L3]: Selecting move using MCTS.
LOG 1641906946596 [L3]: Returning MCTS move ( drop 4 ).
LOG 1641906946599 [L3]: Starting move selection for game step 24 with available time 10000ms.
LOG 1641906946603 [L3]: Selecting move using MCTS.
LOG 1641906956599 [L3]: Returning MCTS move noop.
LOG 1641906956602 [L3]: Starting move selection for game step 25 with available time 10000ms.
LOG 1641906956607 [L3]: Selecting move using MCTS.
LOG 1641906966602 [L3]: Returning MCTS move ( drop 6 ).
LOG 1641906966605 [L3]: Starting move selection for game step 26 with available time 10000ms.
LOG 1641906966608 [L3]: Selecting move using MCTS.
LOG 1641906976605 [L3]: Returning MCTS move noop.
LOG 1641906976609 [L3]: Starting move selection for game step 27 with available time 10000ms.
LOG 1641906976611 [L3]: Selecting move using MCTS.
LOG 1641906986609 [L3]: Returning MCTS move ( drop 6 ).
LOG 1641906986612 [L3]: Starting move selection for game step 28 with available time 10000ms.
LOG 1641906986614 [L3]: Selecting move using MCTS.
LOG 1641906996612 [L3]: Returning MCTS move noop.
LOG 1641906996615 [L3]: Starting move selection for game step 29 with available time 10000ms.
LOG 1641906996617 [L3]: Selecting move using MCTS.
LOG 1641907006615 [L3]: Returning MCTS move ( drop 2 ).
LOG 1641907006619 [L3]: Starting move selection for game step 30 with available time 9999ms.
LOG 1641907006620 [L3]: Selecting move using MCTS.
LOG 1641907016618 [L3]: Returning MCTS move noop.
LOG 1641907016626 [L3]: Starting move selection for game step 31 with available time 10000ms.
LOG 1641907016627 [L3]: Selecting move using MCTS.
LOG 1641907026626 [L3]: Returning MCTS move ( drop 2 ).
LOG 1641907026629 [L3]: Starting move selection for game step 32 with available time 10000ms.
LOG 1641907026630 [L3]: Selecting move using MCTS.
LOG 1641907036629 [L3]: Returning MCTS move noop.
LOG 1641907036632 [L3]: Starting move selection for game step 33 with available time 10000ms.
LOG 1641907036633 [L3]: Selecting move using MCTS.
LOG 1641907046632 [L3]: Returning MCTS move ( drop 1 ).
