LOG 1641833526310 [L3]: Returning initial state machine.
LOG 1641833526311 [L3]: Returning PropNet state machine without cache.
LOG 1641833526312 [L3]: Starting metagame with available thinking time 4990ms.
LOG 1641833526313 [L3]: Starting search during metagame.
LOG 1641833531302 [L3]: Done searching during metagame.
LOG 1641833531306 [L3]: Starting move selection for game step 1 with available time 0ms.
LOG 1641833531306 [L3]: No time to select next move using MCTS. Returning random move ( drop 2 ).
LOG 1641833531309 [L3]: Starting move selection for game step 2 with available time 0ms.
LOG 1641833531314 [L3]: No time to select next move using MCTS. Returning random move noop.
LOG 1641833531317 [L3]: Starting move selection for game step 3 with available time 0ms.
LOG 1641833531328 [L3]: No time to select next move using MCTS. Returning random move ( drop 7 ).
LOG 1641833531331 [L3]: Starting move selection for game step 4 with available time 0ms.
LOG 1641833531340 [L3]: No time to select next move using MCTS. Returning random move noop.
LOG 1641833531344 [L3]: Starting move selection for game step 5 with available time 0ms.
LOG 1641833531344 [L3]: No time to select next move using MCTS. Returning random move ( drop 3 ).
LOG 1641833531349 [L3]: Starting move selection for game step 6 with available time 0ms.
LOG 1641833531349 [L3]: No time to select next move using MCTS. Returning random move noop.
LOG 1641833531353 [L3]: Starting move selection for game step 7 with available time 0ms.
LOG 1641833531353 [L3]: No time to select next move using MCTS. Returning random move ( drop 6 ).
LOG 1641833531359 [L3]: Starting move selection for game step 8 with available time 0ms.
LOG 1641833531359 [L3]: No time to select next move using MCTS. Returning random move noop.
LOG 1641833531364 [L3]: Starting move selection for game step 9 with available time -1ms.
LOG 1641833531364 [L3]: No time to select next move using MCTS. Returning random move ( drop 5 ).
LOG 1641833531368 [L3]: Starting move selection for game step 10 with available time 0ms.
LOG 1641833531368 [L3]: No time to select next move using MCTS. Returning random move noop.
LOG 1641833531372 [L3]: Starting move selection for game step 11 with available time 0ms.
LOG 1641833531372 [L3]: No time to select next move using MCTS. Returning random move ( drop 1 ).
LOG 1641833531376 [L3]: Starting move selection for game step 12 with available time 0ms.
LOG 1641833531376 [L3]: No time to select next move using MCTS. Returning random move noop.
LOG 1641833531380 [L3]: Starting move selection for game step 13 with available time 0ms.
LOG 1641833531380 [L3]: No time to select next move using MCTS. Returning random move ( drop 5 ).
LOG 1641833531384 [L3]: Starting move selection for game step 14 with available time 0ms.
LOG 1641833531384 [L3]: No time to select next move using MCTS. Returning random move noop.
LOG 1641833531389 [L3]: Starting move selection for game step 15 with available time 0ms.
LOG 1641833531389 [L3]: No time to select next move using MCTS. Returning random move ( drop 5 ).
LOG 1641833531393 [L3]: Starting move selection for game step 16 with available time 0ms.
LOG 1641833531394 [L3]: No time to select next move using MCTS. Returning random move noop.
LOG 1641833531399 [L3]: Starting move selection for game step 17 with available time 0ms.
LOG 1641833531399 [L3]: No time to select next move using MCTS. Returning random move ( drop 7 ).
LOG 1641833531403 [L3]: Starting move selection for game step 18 with available time 0ms.
LOG 1641833531403 [L3]: No time to select next move using MCTS. Returning random move noop.
LOG 1641833531407 [L3]: Starting move selection for game step 19 with available time 0ms.
LOG 1641833531407 [L3]: No time to select next move using MCTS. Returning random move ( drop 7 ).
LOG 1641833531411 [L3]: Starting move selection for game step 20 with available time 0ms.
LOG 1641833531411 [L3]: No time to select next move using MCTS. Returning random move noop.
LOG 1641833531415 [L3]: Starting move selection for game step 21 with available time 0ms.
LOG 1641833531415 [L3]: No time to select next move using MCTS. Returning random move ( drop 3 ).
LOG 1641833531419 [L3]: Starting move selection for game step 22 with available time 0ms.
LOG 1641833531420 [L3]: No time to select next move using MCTS. Returning random move noop.
LOG 1641833531424 [L3]: Starting move selection for game step 23 with available time -1ms.
LOG 1641833531424 [L3]: No time to select next move using MCTS. Returning random move ( drop 4 ).
LOG 1641833531429 [L3]: Starting move selection for game step 24 with available time 0ms.
LOG 1641833531429 [L3]: No time to select next move using MCTS. Returning random move noop.
LOG 1641833531433 [L3]: Starting move selection for game step 25 with available time 0ms.
LOG 1641833531434 [L3]: No time to select next move using MCTS. Returning random move ( drop 4 ).
LOG 1641833531437 [L3]: Starting move selection for game step 26 with available time 0ms.
LOG 1641833531438 [L3]: No time to select next move using MCTS. Returning random move noop.
LOG 1641833531443 [L3]: Starting move selection for game step 27 with available time 0ms.
LOG 1641833531443 [L3]: No time to select next move using MCTS. Returning random move ( drop 6 ).
LOG 1641833531447 [L3]: Starting move selection for game step 28 with available time 0ms.
LOG 1641833531447 [L3]: No time to select next move using MCTS. Returning random move noop.
LOG 1641833531451 [L3]: Starting move selection for game step 29 with available time 0ms.
LOG 1641833531451 [L3]: No time to select next move using MCTS. Returning random move ( drop 7 ).
LOG 1641833531455 [L3]: Starting move selection for game step 30 with available time 0ms.
LOG 1641833531455 [L3]: No time to select next move using MCTS. Returning random move noop.
LOG 1641833531460 [L3]: Starting move selection for game step 31 with available time 0ms.
LOG 1641833531460 [L3]: No time to select next move using MCTS. Returning random move ( drop 4 ).
