LOG 1641834365568 [L3]: Started match logging at: Mon Jan 10 18:06:05 CET 2022
LOG 1641834365576 [L3]: Game rules: [( role white ), ( role black ), ( <= ( base ( cellHolds ?x ?y ?p ) ) ( index ?x ) ( index ?y ) ( role ?p ) ), ( <= ( base ( control ?p ) ) ( role ?p ) ), ( <= ( input ?p noop ) ( role ?p ) ), ( <= ( input white ( move ?x ?y1 ?x ?y2 ) ) ( index ?x ) ( succ ?y1 ?y2 ) ), ( <= ( input white ( move ?x1 ?y1 ?x2 ?y2 ) ) ( succ ?y1 ?y2 ) ( succ ?x1 ?x2 ) ), ( <= ( input white ( move ?x1 ?y1 ?x2 ?y2 ) ) ( succ ?y1 ?y2 ) ( succ ?x2 ?x1 ) ), ( <= ( input black ( move ?x ?y1 ?x ?y2 ) ) ( index ?x ) ( succ ?y2 ?y1 ) ), ( <= ( input black ( move ?x1 ?y1 ?x2 ?y2 ) ) ( succ ?y2 ?y1 ) ( succ ?x1 ?x2 ) ), ( <= ( input black ( move ?x1 ?y1 ?x2 ?y2 ) ) ( succ ?y2 ?y1 ) ( succ ?x2 ?x1 ) ), ( init ( cellHolds 1 1 white ) ), ( init ( cellHolds 2 1 white ) ), ( init ( cellHolds 3 1 white ) ), ( init ( cellHolds 4 1 white ) ), ( init ( cellHolds 5 1 white ) ), ( init ( cellHolds 6 1 white ) ), ( init ( cellHolds 7 1 white ) ), ( init ( cellHolds 8 1 white ) ), ( init ( cellHolds 1 2 white ) ), ( init ( cellHolds 2 2 white ) ), ( init ( cellHolds 3 2 white ) ), ( init ( cellHolds 4 2 white ) ), ( init ( cellHolds 5 2 white ) ), ( init ( cellHolds 6 2 white ) ), ( init ( cellHolds 7 2 white ) ), ( init ( cellHolds 8 2 white ) ), ( init ( cellHolds 1 7 black ) ), ( init ( cellHolds 2 7 black ) ), ( init ( cellHolds 3 7 black ) ), ( init ( cellHolds 4 7 black ) ), ( init ( cellHolds 5 7 black ) ), ( init ( cellHolds 6 7 black ) ), ( init ( cellHolds 7 7 black ) ), ( init ( cellHolds 8 7 black ) ), ( init ( cellHolds 1 8 black ) ), ( init ( cellHolds 2 8 black ) ), ( init ( cellHolds 3 8 black ) ), ( init ( cellHolds 4 8 black ) ), ( init ( cellHolds 5 8 black ) ), ( init ( cellHolds 6 8 black ) ), ( init ( cellHolds 7 8 black ) ), ( init ( cellHolds 8 8 black ) ), ( init ( control white ) ), ( <= ( legal white ( move ?x ?y1 ?x ?y2 ) ) ( true ( control white ) ) ( true ( cellHolds ?x ?y1 white ) ) ( succ ?y1 ?y2 ) ( cellEmpty ?x ?y2 ) ), ( <= ( legal white ( move ?x1 ?y1 ?x2 ?y2 ) ) ( true ( control white ) ) ( true ( cellHolds ?x1 ?y1 white ) ) ( succ ?y1 ?y2 ) ( succ ?x1 ?x2 ) ( not ( true ( cellHolds ?x2 ?y2 white ) ) ) ), ( <= ( legal white ( move ?x1 ?y1 ?x2 ?y2 ) ) ( true ( control white ) ) ( true ( cellHolds ?x1 ?y1 white ) ) ( succ ?y1 ?y2 ) ( succ ?x2 ?x1 ) ( not ( true ( cellHolds ?x2 ?y2 white ) ) ) ), ( <= ( legal black ( move ?x ?y1 ?x ?y2 ) ) ( true ( control black ) ) ( true ( cellHolds ?x ?y1 black ) ) ( succ ?y2 ?y1 ) ( cellEmpty ?x ?y2 ) ), ( <= ( legal black ( move ?x1 ?y1 ?x2 ?y2 ) ) ( true ( control black ) ) ( true ( cellHolds ?x1 ?y1 black ) ) ( succ ?y2 ?y1 ) ( succ ?x1 ?x2 ) ( not ( true ( cellHolds ?x2 ?y2 black ) ) ) ), ( <= ( legal black ( move ?x1 ?y1 ?x2 ?y2 ) ) ( true ( control black ) ) ( true ( cellHolds ?x1 ?y1 black ) ) ( succ ?y2 ?y1 ) ( succ ?x2 ?x1 ) ( not ( true ( cellHolds ?x2 ?y2 black ) ) ) ), ( <= ( legal white noop ) ( true ( control black ) ) ), ( <= ( legal black noop ) ( true ( control white ) ) ), ( <= ( next ( cellHolds ?x2 ?y2 ?player ) ) ( role ?player ) ( does ?player ( move ?x1 ?y1 ?x2 ?y2 ) ) ), ( <= ( next ( cellHolds ?x3 ?y3 ?state ) ) ( true ( cellHolds ?x3 ?y3 ?state ) ) ( role ?player ) ( does ?player ( move ?x1 ?y1 ?x2 ?y2 ) ) ( distinctCell ?x1 ?y1 ?x3 ?y3 ) ( distinctCell ?x2 ?y2 ?x3 ?y3 ) ), ( <= ( next ( control white ) ) ( true ( control black ) ) ), ( <= ( next ( control black ) ) ( true ( control white ) ) ), ( <= terminal whiteWin ), ( <= terminal blackWin ), ( <= ( goal white 100 ) whiteWin ), ( <= ( goal white 0 ) ( not whiteWin ) ), ( <= ( goal black 100 ) blackWin ), ( <= ( goal black 0 ) ( not blackWin ) ), ( <= ( cell ?x ?y ) ( index ?x ) ( index ?y ) ), ( <= ( cellEmpty ?x ?y ) ( cell ?x ?y ) ( not ( true ( cellHolds ?x ?y white ) ) ) ( not ( true ( cellHolds ?x ?y black ) ) ) ), ( <= ( distinctCell ?x1 ?y1 ?x2 ?y2 ) ( cell ?x1 ?y1 ) ( cell ?x2 ?y2 ) ( distinct ?x1 ?x2 ) ), ( <= ( distinctCell ?x1 ?y1 ?x2 ?y2 ) ( cell ?x1 ?y1 ) ( cell ?x2 ?y2 ) ( distinct ?y1 ?y2 ) ), ( <= whiteWin ( index ?x ) ( true ( cellHolds ?x 8 white ) ) ), ( <= blackWin ( index ?x ) ( true ( cellHolds ?x 1 black ) ) ), ( <= whiteWin ( not blackCell ) ), ( <= blackWin ( not whiteCell ) ), ( <= whiteCell ( cell ?x ?y ) ( true ( cellHolds ?x ?y white ) ) ), ( <= blackCell ( cell ?x ?y ) ( true ( cellHolds ?x ?y black ) ) ), ( index 1 ), ( index 2 ), ( index 3 ), ( index 4 ), ( index 5 ), ( index 6 ), ( index 7 ), ( index 8 ), ( succ 1 2 ), ( succ 2 3 ), ( succ 3 4 ), ( succ 4 5 ), ( succ 5 6 ), ( succ 6 7 ), ( succ 7 8 )]
LOG 1641834365576 [L3]: Start clock: 15
LOG 1641834365576 [L3]: Play clock: 10
LOG 1641834370568 [L0]: [Sent at 1641834370568] ready
LOG 1641834370570 [L0]: [Received at 1641834370570] ( PLAY 6.breakthrough.1641834365369 NIL )
LOG 1641834370571 [L0]: [Sent at 1641834370571] noop
LOG 1641834370576 [L0]: [Received at 1641834370576] ( PLAY 6.breakthrough.1641834365369 (( move 6 2 6 3 ) noop ) )
LOG 1641834370578 [L0]: [Sent at 1641834370578] ( move 5 7 4 6 )
LOG 1641834370583 [L0]: [Received at 1641834370583] ( PLAY 6.breakthrough.1641834365369 (noop ( move 5 7 4 6 ) ) )
LOG 1641834370592 [L0]: [Sent at 1641834370592] noop
LOG 1641834370597 [L0]: [Received at 1641834370597] ( PLAY 6.breakthrough.1641834365369 (( move 2 2 1 3 ) noop ) )
LOG 1641834370599 [L0]: [Sent at 1641834370599] ( move 6 7 7 6 )
LOG 1641834370607 [L0]: [Received at 1641834370607] ( PLAY 6.breakthrough.1641834365369 (noop ( move 6 7 7 6 ) ) )
LOG 1641834370609 [L0]: [Sent at 1641834370609] noop
LOG 1641834370612 [L0]: [Received at 1641834370612] ( PLAY 6.breakthrough.1641834365369 (( move 4 2 4 3 ) noop ) )
LOG 1641834370613 [L0]: [Sent at 1641834370613] ( move 8 7 8 6 )
LOG 1641834370616 [L0]: [Received at 1641834370616] ( PLAY 6.breakthrough.1641834365369 (noop ( move 8 7 8 6 ) ) )
LOG 1641834370617 [L0]: [Sent at 1641834370617] noop
LOG 1641834370620 [L0]: [Received at 1641834370620] ( PLAY 6.breakthrough.1641834365369 (( move 7 2 8 3 ) noop ) )
LOG 1641834370621 [L0]: [Sent at 1641834370621] ( move 7 8 6 7 )
LOG 1641834370625 [L0]: [Received at 1641834370625] ( PLAY 6.breakthrough.1641834365369 (noop ( move 7 8 6 7 ) ) )
LOG 1641834370627 [L0]: [Sent at 1641834370627] noop
LOG 1641834370630 [L0]: [Received at 1641834370630] ( PLAY 6.breakthrough.1641834365369 (( move 4 3 5 4 ) noop ) )
LOG 1641834370631 [L0]: [Sent at 1641834370631] ( move 5 8 5 7 )
LOG 1641834370634 [L0]: [Received at 1641834370634] ( PLAY 6.breakthrough.1641834365369 (noop ( move 5 8 5 7 ) ) )
LOG 1641834370635 [L0]: [Sent at 1641834370635] noop
LOG 1641834370638 [L0]: [Received at 1641834370638] ( PLAY 6.breakthrough.1641834365369 (( move 3 2 4 3 ) noop ) )
LOG 1641834370639 [L0]: [Sent at 1641834370639] ( move 8 8 8 7 )
LOG 1641834370642 [L0]: [Received at 1641834370642] ( PLAY 6.breakthrough.1641834365369 (noop ( move 8 8 8 7 ) ) )
LOG 1641834370643 [L0]: [Sent at 1641834370643] noop
LOG 1641834370646 [L0]: [Received at 1641834370646] ( PLAY 6.breakthrough.1641834365369 (( move 5 1 4 2 ) noop ) )
LOG 1641834370647 [L0]: [Sent at 1641834370647] ( move 8 6 8 5 )
LOG 1641834370650 [L0]: [Received at 1641834370650] ( PLAY 6.breakthrough.1641834365369 (noop ( move 8 6 8 5 ) ) )
LOG 1641834370651 [L0]: [Sent at 1641834370651] noop
LOG 1641834370654 [L0]: [Received at 1641834370654] ( PLAY 6.breakthrough.1641834365369 (( move 6 3 6 4 ) noop ) )
LOG 1641834370655 [L0]: [Sent at 1641834370655] ( move 2 7 2 6 )
LOG 1641834370658 [L0]: [Received at 1641834370658] ( PLAY 6.breakthrough.1641834365369 (noop ( move 2 7 2 6 ) ) )
LOG 1641834370660 [L0]: [Sent at 1641834370660] noop
LOG 1641834370662 [L0]: [Received at 1641834370662] ( PLAY 6.breakthrough.1641834365369 (( move 5 2 6 3 ) noop ) )
LOG 1641834370664 [L0]: [Sent at 1641834370663] ( move 4 7 3 6 )
LOG 1641834370666 [L0]: [Received at 1641834370666] ( PLAY 6.breakthrough.1641834365369 (noop ( move 4 7 3 6 ) ) )
LOG 1641834370668 [L0]: [Sent at 1641834370668] noop
LOG 1641834370670 [L0]: [Received at 1641834370670] ( PLAY 6.breakthrough.1641834365369 (( move 6 3 7 4 ) noop ) )
LOG 1641834370672 [L0]: [Sent at 1641834370672] ( move 3 8 2 7 )
LOG 1641834370691 [L0]: [Received at 1641834370691] ( PLAY 6.breakthrough.1641834365369 (noop ( move 3 8 2 7 ) ) )
LOG 1641834370692 [L0]: [Sent at 1641834370692] noop
LOG 1641834370697 [L0]: [Received at 1641834370697] ( PLAY 6.breakthrough.1641834365369 (( move 4 3 3 4 ) noop ) )
LOG 1641834370698 [L0]: [Sent at 1641834370698] ( move 4 8 4 7 )
LOG 1641834370700 [L0]: [Received at 1641834370700] ( PLAY 6.breakthrough.1641834365369 (noop ( move 4 8 4 7 ) ) )
LOG 1641834370702 [L0]: [Sent at 1641834370702] noop
LOG 1641834370705 [L0]: [Received at 1641834370705] ( PLAY 6.breakthrough.1641834365369 (( move 7 1 7 2 ) noop ) )
LOG 1641834370706 [L0]: [Sent at 1641834370706] ( move 2 6 3 5 )
LOG 1641834370709 [L0]: [Received at 1641834370709] ( PLAY 6.breakthrough.1641834365369 (noop ( move 2 6 3 5 ) ) )
LOG 1641834370710 [L0]: [Sent at 1641834370710] noop
LOG 1641834370714 [L0]: [Received at 1641834370714] ( PLAY 6.breakthrough.1641834365369 (( move 3 4 4 5 ) noop ) )
LOG 1641834370715 [L0]: [Sent at 1641834370715] ( move 7 7 6 6 )
LOG 1641834370718 [L0]: [Received at 1641834370718] ( PLAY 6.breakthrough.1641834365369 (noop ( move 7 7 6 6 ) ) )
LOG 1641834370719 [L0]: [Sent at 1641834370719] noop
LOG 1641834370722 [L0]: [Received at 1641834370722] ( PLAY 6.breakthrough.1641834365369 (( move 1 2 2 3 ) noop ) )
LOG 1641834370723 [L0]: [Sent at 1641834370723] ( move 2 7 1 6 )
LOG 1641834370726 [L0]: [Received at 1641834370726] ( PLAY 6.breakthrough.1641834365369 (noop ( move 2 7 1 6 ) ) )
LOG 1641834370727 [L0]: [Sent at 1641834370727] noop
LOG 1641834370730 [L0]: [Received at 1641834370730] ( PLAY 6.breakthrough.1641834365369 (( move 2 1 1 2 ) noop ) )
LOG 1641834370731 [L0]: [Sent at 1641834370731] ( move 8 5 7 4 )
LOG 1641834370734 [L0]: [Received at 1641834370734] ( PLAY 6.breakthrough.1641834365369 (noop ( move 8 5 7 4 ) ) )
LOG 1641834370735 [L0]: [Sent at 1641834370735] noop
LOG 1641834370739 [L0]: [Received at 1641834370739] ( PLAY 6.breakthrough.1641834365369 (( move 3 1 3 2 ) noop ) )
LOG 1641834370740 [L0]: [Sent at 1641834370740] ( move 3 5 3 4 )
LOG 1641834370743 [L0]: [Received at 1641834370743] ( PLAY 6.breakthrough.1641834365369 (noop ( move 3 5 3 4 ) ) )
LOG 1641834370745 [L0]: [Sent at 1641834370745] noop
LOG 1641834370747 [L0]: [Received at 1641834370747] ( PLAY 6.breakthrough.1641834365369 (( move 7 2 6 3 ) noop ) )
LOG 1641834370748 [L0]: [Sent at 1641834370748] ( move 2 8 2 7 )
LOG 1641834370751 [L0]: [Received at 1641834370751] ( PLAY 6.breakthrough.1641834365369 (noop ( move 2 8 2 7 ) ) )
LOG 1641834370752 [L0]: [Sent at 1641834370752] noop
LOG 1641834370755 [L0]: [Received at 1641834370755] ( PLAY 6.breakthrough.1641834365369 (( move 1 3 1 4 ) noop ) )
LOG 1641834370756 [L0]: [Sent at 1641834370756] ( move 7 4 6 3 )
LOG 1641834370760 [L0]: [Received at 1641834370760] ( PLAY 6.breakthrough.1641834365369 (noop ( move 7 4 6 3 ) ) )
LOG 1641834370761 [L0]: [Sent at 1641834370761] noop
LOG 1641834370764 [L0]: [Received at 1641834370764] ( PLAY 6.breakthrough.1641834365369 (( move 2 3 2 4 ) noop ) )
LOG 1641834370765 [L0]: [Sent at 1641834370765] ( move 6 6 5 5 )
LOG 1641834370768 [L0]: [Received at 1641834370768] ( PLAY 6.breakthrough.1641834365369 (noop ( move 6 6 5 5 ) ) )
LOG 1641834370769 [L0]: [Sent at 1641834370769] noop
LOG 1641834370772 [L0]: [Received at 1641834370772] ( PLAY 6.breakthrough.1641834365369 (( move 1 4 1 5 ) noop ) )
LOG 1641834370773 [L0]: [Sent at 1641834370773] ( move 4 6 3 5 )
LOG 1641834370777 [L0]: [Received at 1641834370777] ( PLAY 6.breakthrough.1641834365369 (noop ( move 4 6 3 5 ) ) )
LOG 1641834370778 [L0]: [Sent at 1641834370778] noop
LOG 1641834370781 [L0]: [Received at 1641834370781] ( PLAY 6.breakthrough.1641834365369 (( move 3 2 2 3 ) noop ) )
LOG 1641834370782 [L0]: [Sent at 1641834370782] ( move 6 8 7 7 )
LOG 1641834370784 [L0]: [Received at 1641834370784] ( PLAY 6.breakthrough.1641834365369 (noop ( move 6 8 7 7 ) ) )
LOG 1641834370786 [L0]: [Sent at 1641834370786] noop
LOG 1641834370788 [L0]: [Received at 1641834370788] ( PLAY 6.breakthrough.1641834365369 (( move 6 4 6 5 ) noop ) )
LOG 1641834370790 [L0]: [Sent at 1641834370790] ( move 1 7 2 6 )
LOG 1641834370794 [L0]: [Received at 1641834370794] ( PLAY 6.breakthrough.1641834365369 (noop ( move 1 7 2 6 ) ) )
LOG 1641834370795 [L0]: [Sent at 1641834370795] noop
LOG 1641834370798 [L0]: [Received at 1641834370798] ( PLAY 6.breakthrough.1641834365369 (( move 8 2 7 3 ) noop ) )
LOG 1641834370799 [L0]: [Sent at 1641834370799] ( move 3 4 4 3 )
LOG 1641834370802 [L0]: [Received at 1641834370802] ( PLAY 6.breakthrough.1641834365369 (noop ( move 3 4 4 3 ) ) )
LOG 1641834370803 [L0]: [Sent at 1641834370803] noop
LOG 1641834370806 [L0]: [Received at 1641834370806] ( PLAY 6.breakthrough.1641834365369 (( move 6 1 6 2 ) noop ) )
LOG 1641834370807 [L0]: [Sent at 1641834370807] ( move 4 3 5 2 )
LOG 1641834370810 [L0]: [Received at 1641834370810] ( PLAY 6.breakthrough.1641834365369 (noop ( move 4 3 5 2 ) ) )
LOG 1641834370811 [L0]: [Sent at 1641834370811] noop
LOG 1641834370813 [L0]: [Received at 1641834370813] ( PLAY 6.breakthrough.1641834365369 (( move 2 3 3 4 ) noop ) )
LOG 1641834370815 [L0]: [Sent at 1641834370815] ( move 1 8 1 7 )
LOG 1641834370817 [L0]: [Received at 1641834370817] ( PLAY 6.breakthrough.1641834365369 (noop ( move 1 8 1 7 ) ) )
LOG 1641834370819 [L0]: [Sent at 1641834370819] noop
LOG 1641834370821 [L0]: [Received at 1641834370821] ( PLAY 6.breakthrough.1641834365369 (( move 4 5 3 6 ) noop ) )
LOG 1641834370822 [L0]: [Sent at 1641834370822] ( move 5 2 6 1 )
LOG 1641834370825 [L0]: [Received at 1641834370825] ( STOP 6.breakthrough.1641834365369 (noop ( move 5 2 6 1 ) ) )
LOG 1641834370826 [L3]: Stopped logging to files at: Mon Jan 10 18:06:10 CET 2022
LOG 1641834370827 [L3]: LOG SEALED
