LOG 1641836752495 [L3]: 
Logging settings for gamer 0032A1DGPSWLPPADuctMctsGamer.
SETTINGS_FILE = C:/Users/lucsp/git/GGP-Project/GamersSettings/0032A1DGPSWLPPADuct.properties
STATE_MACHINE_TYPE = CompactStateMachine(SeparateInternalPropnetStateMachine)
PROPNET_MACHINE_TYPE = SeparateInternalPropnetStateMachine
USE_PROVER = false
PROPNET_BUILD = NEVER
BUILD_PN_SAFETY_MARGIN = 5000
PROVER_CACHE = true
PROPNET_CACHE = false
METAGAME_SAFETY_MARGIN = 10000
SELECT_MOVE_SAFETY_MARGIN = 10000
METAGAME_SEARCH = true

MCTS_MANAGER_TYPE = HybridMctsManager

FLIP_PROBABILITY = 0.0
FLIP_WINS_ONLY = true
MAX_SEARCH_DEPTH = 500
NUM_EXPECTED_ITERATIONS = -1
TREE_NODE_FACTORY = DecoupledTreeNodeFactory
SELECTION_STRATEGY = PlayoutSupportedSelection
  T = 
    NAME = T
    FIXED_VALUE = 0.0
    TUNING_ORDER_INDEX = -1
    current_values = [ 0.0 0.0 ]
  SUB_SELECTION = MoveValueSelection
    VALUE_OFFSET = 
      NAME = VO
      FIXED_VALUE = 0.01
      TUNING_ORDER_INDEX = -1
      current_values = [ 0.01 0.01 ]
    MOVE_EVALUATOR = UctEvaluator
      C = 
        NAME = C
        FIXED_VALUE = 0.7
        TUNING_ORDER_INDEX = -1
        current_values = [ 0.7 0.7 ]
      FPU = 
        NAME = Fpu
        FIXED_VALUE = 1.0
        TUNING_ORDER_INDEX = -1
        current_values = [ 1.0 1.0 ]
  SUB_PLAYOUT = MovesAndSiblingsMemorizingStandardPlayout
EXPANSION_STRATEGY = NoExpansion
PLAYOUT_STRATEGY = MovesAndSiblingsMemorizingStandardPlayout
  CURRENT_SIMULATION_JOINT_MOVES = 9 entries.
  JOINT_MOVE_SELECTOR = GibbsAdaptivePlayoutMoveSelector
    ppa_weights = [ 0 entries, 0 entries, ]
    PPA_TEMPERATURE = 1.0
BACKPROPAGATION_STRATEGY = AdaptivePlayoutBackpropagation
  NODE_UPDATER = StandardUpdater
MOVE_CHOICE_STRATEGY = MaximumScoreChoice
BEFORE_SEARCH_STRATEGY = null
AFTER_METAGAME_STRATEGY = null
BEFORE_SIM_STRATEGY = null
AFTER_SIM_STRATEGY = AdaptivePlayoutAfterSimulation
  ALPHA = 0.032
  ALPHA_LOSS = 0.032
  INVERT = false
  ALPHA_DISCOUNT = 1.0
  UPDATE_TYPE = PROPORTIONAL_SINGLE_WINNER_AND_LOSERS
  ppa_weights = [ 0 entries, 0 entries, ]
BEFORE_MOVE_STRATEGY = null
AFTER_MOVE_STRATEGY = AdaptivePlayoutAfterMove
  DECAY_FACTOR = 1.0
  LOG_WEIGHTS = false
  ppa_weights = [ 0 entries, 0 entries, ]
AFTER_GAME_STRATEGY = null
TRANSPOSITION_TABLE = MctsTranspositionTable
  LOGGING = false
  TREE_DECAY = 1.0
  AMAF_DECAY = 1.0
  GAME_STEP_OFFSET = 2
LOG_LOG_TREE = false
LOG_TREE_BRANCHING_AND_DEPTH_AND_ENTROPY = false
abstract_state_machine = CompactStateMachine(SeparateInternalPropnetStateMachine)
num_roles = 2
my_role_index = 0
current_game_step = 0
step_score_sum_for_role = [ 0.0 0.0 ]
step_iterations = 0
step_visited_nodes = 0.0
step_added_nodes = 0
step_memorized_states = 0
step_search_duration = 0
current_iteration_visited_nodes = 0.0
