LOG 1641834376697 [L3]: Started match logging at: Mon Jan 10 18:06:16 CET 2022
LOG 1641834376699 [L3]: Game rules: [( role white ), ( role black ), ( <= ( base ( cellHolds ?x ?y ?p ) ) ( index ?x ) ( index ?y ) ( role ?p ) ), ( <= ( base ( control ?p ) ) ( role ?p ) ), ( <= ( input ?p noop ) ( role ?p ) ), ( <= ( input white ( move ?x ?y1 ?x ?y2 ) ) ( index ?x ) ( succ ?y1 ?y2 ) ), ( <= ( input white ( move ?x1 ?y1 ?x2 ?y2 ) ) ( succ ?y1 ?y2 ) ( succ ?x1 ?x2 ) ), ( <= ( input white ( move ?x1 ?y1 ?x2 ?y2 ) ) ( succ ?y1 ?y2 ) ( succ ?x2 ?x1 ) ), ( <= ( input black ( move ?x ?y1 ?x ?y2 ) ) ( index ?x ) ( succ ?y2 ?y1 ) ), ( <= ( input black ( move ?x1 ?y1 ?x2 ?y2 ) ) ( succ ?y2 ?y1 ) ( succ ?x1 ?x2 ) ), ( <= ( input black ( move ?x1 ?y1 ?x2 ?y2 ) ) ( succ ?y2 ?y1 ) ( succ ?x2 ?x1 ) ), ( init ( cellHolds 1 1 white ) ), ( init ( cellHolds 2 1 white ) ), ( init ( cellHolds 3 1 white ) ), ( init ( cellHolds 4 1 white ) ), ( init ( cellHolds 5 1 white ) ), ( init ( cellHolds 6 1 white ) ), ( init ( cellHolds 7 1 white ) ), ( init ( cellHolds 8 1 white ) ), ( init ( cellHolds 1 2 white ) ), ( init ( cellHolds 2 2 white ) ), ( init ( cellHolds 3 2 white ) ), ( init ( cellHolds 4 2 white ) ), ( init ( cellHolds 5 2 white ) ), ( init ( cellHolds 6 2 white ) ), ( init ( cellHolds 7 2 white ) ), ( init ( cellHolds 8 2 white ) ), ( init ( cellHolds 1 7 black ) ), ( init ( cellHolds 2 7 black ) ), ( init ( cellHolds 3 7 black ) ), ( init ( cellHolds 4 7 black ) ), ( init ( cellHolds 5 7 black ) ), ( init ( cellHolds 6 7 black ) ), ( init ( cellHolds 7 7 black ) ), ( init ( cellHolds 8 7 black ) ), ( init ( cellHolds 1 8 black ) ), ( init ( cellHolds 2 8 black ) ), ( init ( cellHolds 3 8 black ) ), ( init ( cellHolds 4 8 black ) ), ( init ( cellHolds 5 8 black ) ), ( init ( cellHolds 6 8 black ) ), ( init ( cellHolds 7 8 black ) ), ( init ( cellHolds 8 8 black ) ), ( init ( control white ) ), ( <= ( legal white ( move ?x ?y1 ?x ?y2 ) ) ( true ( control white ) ) ( true ( cellHolds ?x ?y1 white ) ) ( succ ?y1 ?y2 ) ( cellEmpty ?x ?y2 ) ), ( <= ( legal white ( move ?x1 ?y1 ?x2 ?y2 ) ) ( true ( control white ) ) ( true ( cellHolds ?x1 ?y1 white ) ) ( succ ?y1 ?y2 ) ( succ ?x1 ?x2 ) ( not ( true ( cellHolds ?x2 ?y2 white ) ) ) ), ( <= ( legal white ( move ?x1 ?y1 ?x2 ?y2 ) ) ( true ( control white ) ) ( true ( cellHolds ?x1 ?y1 white ) ) ( succ ?y1 ?y2 ) ( succ ?x2 ?x1 ) ( not ( true ( cellHolds ?x2 ?y2 white ) ) ) ), ( <= ( legal black ( move ?x ?y1 ?x ?y2 ) ) ( true ( control black ) ) ( true ( cellHolds ?x ?y1 black ) ) ( succ ?y2 ?y1 ) ( cellEmpty ?x ?y2 ) ), ( <= ( legal black ( move ?x1 ?y1 ?x2 ?y2 ) ) ( true ( control black ) ) ( true ( cellHolds ?x1 ?y1 black ) ) ( succ ?y2 ?y1 ) ( succ ?x1 ?x2 ) ( not ( true ( cellHolds ?x2 ?y2 black ) ) ) ), ( <= ( legal black ( move ?x1 ?y1 ?x2 ?y2 ) ) ( true ( control black ) ) ( true ( cellHolds ?x1 ?y1 black ) ) ( succ ?y2 ?y1 ) ( succ ?x2 ?x1 ) ( not ( true ( cellHolds ?x2 ?y2 black ) ) ) ), ( <= ( legal white noop ) ( true ( control black ) ) ), ( <= ( legal black noop ) ( true ( control white ) ) ), ( <= ( next ( cellHolds ?x2 ?y2 ?player ) ) ( role ?player ) ( does ?player ( move ?x1 ?y1 ?x2 ?y2 ) ) ), ( <= ( next ( cellHolds ?x3 ?y3 ?state ) ) ( true ( cellHolds ?x3 ?y3 ?state ) ) ( role ?player ) ( does ?player ( move ?x1 ?y1 ?x2 ?y2 ) ) ( distinctCell ?x1 ?y1 ?x3 ?y3 ) ( distinctCell ?x2 ?y2 ?x3 ?y3 ) ), ( <= ( next ( control white ) ) ( true ( control black ) ) ), ( <= ( next ( control black ) ) ( true ( control white ) ) ), ( <= terminal whiteWin ), ( <= terminal blackWin ), ( <= ( goal white 100 ) whiteWin ), ( <= ( goal white 0 ) ( not whiteWin ) ), ( <= ( goal black 100 ) blackWin ), ( <= ( goal black 0 ) ( not blackWin ) ), ( <= ( cell ?x ?y ) ( index ?x ) ( index ?y ) ), ( <= ( cellEmpty ?x ?y ) ( cell ?x ?y ) ( not ( true ( cellHolds ?x ?y white ) ) ) ( not ( true ( cellHolds ?x ?y black ) ) ) ), ( <= ( distinctCell ?x1 ?y1 ?x2 ?y2 ) ( cell ?x1 ?y1 ) ( cell ?x2 ?y2 ) ( distinct ?x1 ?x2 ) ), ( <= ( distinctCell ?x1 ?y1 ?x2 ?y2 ) ( cell ?x1 ?y1 ) ( cell ?x2 ?y2 ) ( distinct ?y1 ?y2 ) ), ( <= whiteWin ( index ?x ) ( true ( cellHolds ?x 8 white ) ) ), ( <= blackWin ( index ?x ) ( true ( cellHolds ?x 1 black ) ) ), ( <= whiteWin ( not blackCell ) ), ( <= blackWin ( not whiteCell ) ), ( <= whiteCell ( cell ?x ?y ) ( true ( cellHolds ?x ?y white ) ) ), ( <= blackCell ( cell ?x ?y ) ( true ( cellHolds ?x ?y black ) ) ), ( index 1 ), ( index 2 ), ( index 3 ), ( index 4 ), ( index 5 ), ( index 6 ), ( index 7 ), ( index 8 ), ( succ 1 2 ), ( succ 2 3 ), ( succ 3 4 ), ( succ 4 5 ), ( succ 5 6 ), ( succ 6 7 ), ( succ 7 8 )]
LOG 1641834376705 [L3]: Start clock: 15
LOG 1641834376705 [L3]: Play clock: 10
LOG 1641834381698 [L0]: [Sent at 1641834381698] ready
LOG 1641834381700 [L0]: [Received at 1641834381700] ( PLAY 8.breakthrough.1641834376475 NIL )
LOG 1641834381701 [L0]: [Sent at 1641834381701] noop
LOG 1641834381704 [L0]: [Received at 1641834381704] ( PLAY 8.breakthrough.1641834376475 (( move 7 2 8 3 ) noop ) )
LOG 1641834381706 [L0]: [Sent at 1641834381706] ( move 7 7 6 6 )
LOG 1641834381712 [L0]: [Received at 1641834381712] ( PLAY 8.breakthrough.1641834376475 (noop ( move 7 7 6 6 ) ) )
LOG 1641834381720 [L0]: [Sent at 1641834381720] noop
LOG 1641834381725 [L0]: [Received at 1641834381725] ( PLAY 8.breakthrough.1641834376475 (( move 1 2 2 3 ) noop ) )
LOG 1641834381728 [L0]: [Sent at 1641834381728] ( move 4 7 5 6 )
LOG 1641834381736 [L0]: [Received at 1641834381736] ( PLAY 8.breakthrough.1641834376475 (noop ( move 4 7 5 6 ) ) )
LOG 1641834381737 [L0]: [Sent at 1641834381737] noop
LOG 1641834381741 [L0]: [Received at 1641834381741] ( PLAY 8.breakthrough.1641834376475 (( move 5 2 4 3 ) noop ) )
LOG 1641834381743 [L0]: [Sent at 1641834381743] ( move 8 8 7 7 )
LOG 1641834381747 [L0]: [Received at 1641834381747] ( PLAY 8.breakthrough.1641834376475 (noop ( move 8 8 7 7 ) ) )
LOG 1641834381748 [L0]: [Sent at 1641834381748] noop
LOG 1641834381752 [L0]: [Received at 1641834381752] ( PLAY 8.breakthrough.1641834376475 (( move 6 2 6 3 ) noop ) )
LOG 1641834381754 [L0]: [Sent at 1641834381754] ( move 8 7 7 6 )
LOG 1641834381758 [L0]: [Received at 1641834381758] ( PLAY 8.breakthrough.1641834376475 (noop ( move 8 7 7 6 ) ) )
LOG 1641834381759 [L0]: [Sent at 1641834381759] noop
LOG 1641834381763 [L0]: [Received at 1641834381763] ( PLAY 8.breakthrough.1641834376475 (( move 2 3 3 4 ) noop ) )
LOG 1641834381765 [L0]: [Sent at 1641834381765] ( move 7 8 8 7 )
LOG 1641834381787 [L0]: [Received at 1641834381787] ( PLAY 8.breakthrough.1641834376475 (noop ( move 7 8 8 7 ) ) )
LOG 1641834381788 [L0]: [Sent at 1641834381788] noop
LOG 1641834381792 [L0]: [Received at 1641834381792] ( PLAY 8.breakthrough.1641834376475 (( move 8 2 7 3 ) noop ) )
LOG 1641834381793 [L0]: [Sent at 1641834381793] ( move 2 7 2 6 )
LOG 1641834381796 [L0]: [Received at 1641834381796] ( PLAY 8.breakthrough.1641834376475 (noop ( move 2 7 2 6 ) ) )
LOG 1641834381797 [L0]: [Sent at 1641834381797] noop
LOG 1641834381802 [L0]: [Received at 1641834381802] ( PLAY 8.breakthrough.1641834376475 (( move 2 2 3 3 ) noop ) )
LOG 1641834381803 [L0]: [Sent at 1641834381803] ( move 2 6 2 5 )
LOG 1641834381807 [L0]: [Received at 1641834381807] ( PLAY 8.breakthrough.1641834376475 (noop ( move 2 6 2 5 ) ) )
LOG 1641834381808 [L0]: [Sent at 1641834381808] noop
LOG 1641834381811 [L0]: [Received at 1641834381811] ( PLAY 8.breakthrough.1641834376475 (( move 3 3 4 4 ) noop ) )
LOG 1641834381812 [L0]: [Sent at 1641834381812] ( move 1 7 1 6 )
LOG 1641834381815 [L0]: [Received at 1641834381815] ( PLAY 8.breakthrough.1641834376475 (noop ( move 1 7 1 6 ) ) )
LOG 1641834381816 [L0]: [Sent at 1641834381816] noop
LOG 1641834381820 [L0]: [Received at 1641834381820] ( PLAY 8.breakthrough.1641834376475 (( move 8 1 7 2 ) noop ) )
LOG 1641834381821 [L0]: [Sent at 1641834381821] ( move 2 5 3 4 )
LOG 1641834381823 [L0]: [Received at 1641834381823] ( PLAY 8.breakthrough.1641834376475 (noop ( move 2 5 3 4 ) ) )
LOG 1641834381825 [L0]: [Sent at 1641834381825] noop
LOG 1641834381827 [L0]: [Received at 1641834381827] ( PLAY 8.breakthrough.1641834376475 (( move 4 3 3 4 ) noop ) )
LOG 1641834381828 [L0]: [Sent at 1641834381828] ( move 5 6 6 5 )
LOG 1641834381831 [L0]: [Received at 1641834381831] ( PLAY 8.breakthrough.1641834376475 (noop ( move 5 6 6 5 ) ) )
LOG 1641834381832 [L0]: [Sent at 1641834381832] noop
LOG 1641834381835 [L0]: [Received at 1641834381835] ( PLAY 8.breakthrough.1641834376475 (( move 7 1 8 2 ) noop ) )
LOG 1641834381836 [L0]: [Sent at 1641834381836] ( move 2 8 1 7 )
LOG 1641834381839 [L0]: [Received at 1641834381839] ( PLAY 8.breakthrough.1641834376475 (noop ( move 2 8 1 7 ) ) )
LOG 1641834381840 [L0]: [Sent at 1641834381840] noop
LOG 1641834381843 [L0]: [Received at 1641834381843] ( PLAY 8.breakthrough.1641834376475 (( move 4 4 3 5 ) noop ) )
LOG 1641834381844 [L0]: [Sent at 1641834381844] ( move 6 5 6 4 )
LOG 1641834381847 [L0]: [Received at 1641834381847] ( PLAY 8.breakthrough.1641834376475 (noop ( move 6 5 6 4 ) ) )
LOG 1641834381848 [L0]: [Sent at 1641834381848] noop
LOG 1641834381851 [L0]: [Received at 1641834381851] ( PLAY 8.breakthrough.1641834376475 (( move 5 1 6 2 ) noop ) )
LOG 1641834381852 [L0]: [Sent at 1641834381852] ( move 7 6 6 5 )
LOG 1641834381855 [L0]: [Received at 1641834381855] ( PLAY 8.breakthrough.1641834376475 (noop ( move 7 6 6 5 ) ) )
LOG 1641834381856 [L0]: [Sent at 1641834381856] noop
LOG 1641834381859 [L0]: [Received at 1641834381859] ( PLAY 8.breakthrough.1641834376475 (( move 1 1 2 2 ) noop ) )
LOG 1641834381860 [L0]: [Sent at 1641834381860] ( move 6 7 5 6 )
LOG 1641834381862 [L0]: [Received at 1641834381862] ( PLAY 8.breakthrough.1641834376475 (noop ( move 6 7 5 6 ) ) )
LOG 1641834381864 [L0]: [Sent at 1641834381864] noop
LOG 1641834381868 [L0]: [Received at 1641834381868] ( PLAY 8.breakthrough.1641834376475 (( move 2 1 1 2 ) noop ) )
LOG 1641834381869 [L0]: [Sent at 1641834381869] ( move 3 7 2 6 )
LOG 1641834381872 [L0]: [Received at 1641834381872] ( PLAY 8.breakthrough.1641834376475 (noop ( move 3 7 2 6 ) ) )
LOG 1641834381873 [L0]: [Sent at 1641834381873] noop
LOG 1641834381876 [L0]: [Received at 1641834381876] ( PLAY 8.breakthrough.1641834376475 (( move 3 5 3 6 ) noop ) )
LOG 1641834381877 [L0]: [Sent at 1641834381877] ( move 2 6 1 5 )
LOG 1641834381881 [L0]: [Received at 1641834381881] ( PLAY 8.breakthrough.1641834376475 (noop ( move 2 6 1 5 ) ) )
LOG 1641834381883 [L0]: [Sent at 1641834381883] noop
LOG 1641834381885 [L0]: [Received at 1641834381885] ( PLAY 8.breakthrough.1641834376475 (( move 3 4 3 5 ) noop ) )
LOG 1641834381887 [L0]: [Sent at 1641834381887] ( move 4 8 4 7 )
LOG 1641834381890 [L0]: [Received at 1641834381890] ( PLAY 8.breakthrough.1641834376475 (noop ( move 4 8 4 7 ) ) )
LOG 1641834381891 [L0]: [Sent at 1641834381891] noop
LOG 1641834381894 [L0]: [Received at 1641834381894] ( PLAY 8.breakthrough.1641834376475 (( move 3 2 4 3 ) noop ) )
LOG 1641834381896 [L0]: [Sent at 1641834381896] ( move 6 8 6 7 )
LOG 1641834381900 [L0]: [Received at 1641834381900] ( PLAY 8.breakthrough.1641834376475 (noop ( move 6 8 6 7 ) ) )
LOG 1641834381901 [L0]: [Sent at 1641834381901] noop
LOG 1641834381904 [L0]: [Received at 1641834381904] ( PLAY 8.breakthrough.1641834376475 (( move 3 5 2 6 ) noop ) )
LOG 1641834381905 [L0]: [Sent at 1641834381905] ( move 4 7 3 6 )
LOG 1641834381907 [L0]: [Received at 1641834381907] ( PLAY 8.breakthrough.1641834376475 (noop ( move 4 7 3 6 ) ) )
LOG 1641834381909 [L0]: [Sent at 1641834381909] noop
LOG 1641834381911 [L0]: [Received at 1641834381911] ( PLAY 8.breakthrough.1641834376475 (( move 4 1 3 2 ) noop ) )
LOG 1641834381913 [L0]: [Sent at 1641834381913] ( move 6 4 5 3 )
LOG 1641834381915 [L0]: [Received at 1641834381915] ( PLAY 8.breakthrough.1641834376475 (noop ( move 6 4 5 3 ) ) )
LOG 1641834381916 [L0]: [Sent at 1641834381916] noop
LOG 1641834381919 [L0]: [Received at 1641834381919] ( PLAY 8.breakthrough.1641834376475 (( move 2 6 1 7 ) noop ) )
LOG 1641834381920 [L0]: [Sent at 1641834381920] ( move 6 5 7 4 )
LOG 1641834381923 [L0]: [Received at 1641834381923] ( PLAY 8.breakthrough.1641834376475 (noop ( move 6 5 7 4 ) ) )
LOG 1641834381924 [L0]: [Sent at 1641834381924] noop
LOG 1641834381927 [L0]: [Received at 1641834381927] ( PLAY 8.breakthrough.1641834376475 (( move 8 3 8 4 ) noop ) )
LOG 1641834381929 [L0]: [Sent at 1641834381929] ( move 7 4 8 3 )
LOG 1641834381931 [L0]: [Received at 1641834381931] ( PLAY 8.breakthrough.1641834376475 (noop ( move 7 4 8 3 ) ) )
LOG 1641834381932 [L0]: [Sent at 1641834381932] noop
LOG 1641834381936 [L0]: [Received at 1641834381936] ( PLAY 8.breakthrough.1641834376475 (( move 4 3 4 4 ) noop ) )
LOG 1641834381937 [L0]: [Sent at 1641834381937] ( move 5 6 6 5 )
LOG 1641834381939 [L0]: [Received at 1641834381939] ( PLAY 8.breakthrough.1641834376475 (noop ( move 5 6 6 5 ) ) )
LOG 1641834381941 [L0]: [Sent at 1641834381941] noop
LOG 1641834381943 [L0]: [Received at 1641834381943] ( PLAY 8.breakthrough.1641834376475 (( move 6 3 6 4 ) noop ) )
LOG 1641834381944 [L0]: [Sent at 1641834381944] ( move 1 8 2 7 )
LOG 1641834381947 [L0]: [Received at 1641834381947] ( PLAY 8.breakthrough.1641834376475 (noop ( move 1 8 2 7 ) ) )
LOG 1641834381948 [L0]: [Sent at 1641834381948] noop
LOG 1641834381951 [L0]: [Received at 1641834381951] ( PLAY 8.breakthrough.1641834376475 (( move 3 2 2 3 ) noop ) )
LOG 1641834381952 [L0]: [Sent at 1641834381952] ( move 3 8 3 7 )
LOG 1641834381954 [L0]: [Received at 1641834381954] ( PLAY 8.breakthrough.1641834376475 (noop ( move 3 8 3 7 ) ) )
LOG 1641834381956 [L0]: [Sent at 1641834381956] noop
LOG 1641834381959 [L0]: [Received at 1641834381959] ( STOP 8.breakthrough.1641834376475 (( move 1 7 1 8 ) noop ) )
LOG 1641834381960 [L3]: Stopped logging to files at: Mon Jan 10 18:06:21 CET 2022
LOG 1641834381960 [L3]: LOG SEALED
