LOG 1641837009992 [L3]: Returning initial state machine.
LOG 1641837009992 [L3]: Returning PropNet state machine without cache.
LOG 1641837009993 [L3]: Starting metagame with available thinking time 4990ms.
LOG 1641837009995 [L3]: Starting search during metagame.
LOG 1641837015010 [L3]: Done searching during metagame.
LOG 1641837015013 [L3]: Starting move selection for game step 1 with available time 0ms.
LOG 1641837015014 [L3]: No time to select next move using MCTS. Returning random move ( block r2 c6 ).
LOG 1641837015017 [L3]: Starting move selection for game step 2 with available time 0ms.
LOG 1641837015018 [L3]: No time to select next move using MCTS. Returning random move ( block r5 c4 ).
LOG 1641837015021 [L3]: Starting move selection for game step 3 with available time 0ms.
LOG 1641837015028 [L3]: No time to select next move using MCTS. Returning random move ( block r7 c3 ).
LOG 1641837015032 [L3]: Starting move selection for game step 4 with available time 0ms.
LOG 1641837015033 [L3]: No time to select next move using MCTS. Returning random move ( mark r1 c2 ).
LOG 1641837015036 [L3]: Starting move selection for game step 5 with available time 0ms.
LOG 1641837015036 [L3]: No time to select next move using MCTS. Returning random move noop.
LOG 1641837015039 [L3]: Starting move selection for game step 6 with available time 0ms.
LOG 1641837015039 [L3]: No time to select next move using MCTS. Returning random move ( mark r4 c5 ).
LOG 1641837015044 [L3]: Starting move selection for game step 7 with available time 0ms.
LOG 1641837015044 [L3]: No time to select next move using MCTS. Returning random move noop.
LOG 1641837015047 [L3]: Starting move selection for game step 8 with available time 0ms.
LOG 1641837015047 [L3]: No time to select next move using MCTS. Returning random move noop.
LOG 1641837015050 [L3]: Starting move selection for game step 9 with available time 0ms.
LOG 1641837015050 [L3]: No time to select next move using MCTS. Returning random move noop.
LOG 1641837015054 [L3]: Starting move selection for game step 10 with available time 0ms.
LOG 1641837015054 [L3]: No time to select next move using MCTS. Returning random move ( block r1 c3 ).
LOG 1641837015057 [L3]: Starting move selection for game step 11 with available time 0ms.
LOG 1641837015057 [L3]: No time to select next move using MCTS. Returning random move ( block r7 c4 ).
LOG 1641837015060 [L3]: Starting move selection for game step 12 with available time 0ms.
LOG 1641837015060 [L3]: No time to select next move using MCTS. Returning random move ( mark r3 c7 ).
LOG 1641837015068 [L3]: Starting move selection for game step 13 with available time 0ms.
LOG 1641837015069 [L3]: No time to select next move using MCTS. Returning random move noop.
LOG 1641837015074 [L3]: Starting move selection for game step 14 with available time 0ms.
LOG 1641837015074 [L3]: No time to select next move using MCTS. Returning random move ( mark r5 c2 ).
LOG 1641837015086 [L3]: Starting move selection for game step 15 with available time 0ms.
LOG 1641837015086 [L3]: No time to select next move using MCTS. Returning random move noop.
LOG 1641837015090 [L3]: Starting move selection for game step 16 with available time 0ms.
LOG 1641837015090 [L3]: No time to select next move using MCTS. Returning random move noop.
LOG 1641837015093 [L3]: Starting move selection for game step 17 with available time 0ms.
LOG 1641837015094 [L3]: No time to select next move using MCTS. Returning random move noop.
LOG 1641837015097 [L3]: Starting move selection for game step 18 with available time 0ms.
LOG 1641837015097 [L3]: No time to select next move using MCTS. Returning random move noop.
LOG 1641837015108 [L3]: Starting move selection for game step 19 with available time 0ms.
LOG 1641837015108 [L3]: No time to select next move using MCTS. Returning random move ( mark r2 c4 ).
LOG 1641837015138 [L3]: Starting move selection for game step 20 with available time 0ms.
LOG 1641837015138 [L3]: No time to select next move using MCTS. Returning random move noop.
LOG 1641837015163 [L3]: Starting move selection for game step 21 with available time 0ms.
LOG 1641837015164 [L3]: No time to select next move using MCTS. Returning random move ( mark r4 c2 ).
LOG 1641837015202 [L3]: Starting move selection for game step 22 with available time 0ms.
LOG 1641837015202 [L3]: No time to select next move using MCTS. Returning random move noop.
LOG 1641837015231 [L3]: Starting move selection for game step 23 with available time 0ms.
LOG 1641837015232 [L3]: No time to select next move using MCTS. Returning random move ( mark r6 c2 ).
LOG 1641837015290 [L3]: Starting move selection for game step 24 with available time 0ms.
LOG 1641837015291 [L3]: No time to select next move using MCTS. Returning random move noop.
LOG 1641837015355 [L3]: Starting move selection for game step 25 with available time 0ms.
LOG 1641837015355 [L3]: No time to select next move using MCTS. Returning random move ( mark r6 c1 ).
LOG 1641837015417 [L3]: Starting move selection for game step 26 with available time 0ms.
LOG 1641837015417 [L3]: No time to select next move using MCTS. Returning random move noop.
LOG 1641837015496 [L3]: Starting move selection for game step 27 with available time 0ms.
LOG 1641837015496 [L3]: No time to select next move using MCTS. Returning random move ( mark r6 c3 ).
LOG 1641837015618 [L3]: Starting move selection for game step 28 with available time 0ms.
LOG 1641837015618 [L3]: No time to select next move using MCTS. Returning random move noop.
LOG 1641837015819 [L3]: Starting move selection for game step 29 with available time 0ms.
LOG 1641837015819 [L3]: No time to select next move using MCTS. Returning random move ( mark r4 c6 ).
LOG 1641837016010 [L3]: Starting move selection for game step 30 with available time 0ms.
LOG 1641837016010 [L3]: No time to select next move using MCTS. Returning random move noop.
LOG 1641837016206 [L3]: Starting move selection for game step 31 with available time 0ms.
LOG 1641837016206 [L3]: No time to select next move using MCTS. Returning random move ( mark r2 c1 ).
LOG 1641837016391 [L3]: Starting move selection for game step 32 with available time 0ms.
LOG 1641837016391 [L3]: No time to select next move using MCTS. Returning random move noop.
