LOG 1641842077276 [L3]: Returning initial state machine.
LOG 1641842077276 [L3]: Returning PropNet state machine without cache.
LOG 1641842077277 [L3]: Starting metagame with available thinking time 4990ms.
LOG 1641842077279 [L3]: Starting search during metagame.
LOG 1641842083671 [L3]: Done searching during metagame.
LOG 1641842083673 [L3]: Starting move selection for game step 1 with available time 0ms.
LOG 1641842083674 [L3]: No time to select next move using MCTS. Returning random move ( block r2 c3 ).
LOG 1641842083677 [L3]: Starting move selection for game step 2 with available time 0ms.
LOG 1641842083677 [L3]: No time to select next move using MCTS. Returning random move ( block r5 c3 ).
LOG 1641842083680 [L3]: Starting move selection for game step 3 with available time 0ms.
LOG 1641842083687 [L3]: No time to select next move using MCTS. Returning random move ( mark r6 c6 ).
LOG 1641842083690 [L3]: Starting move selection for game step 4 with available time 0ms.
LOG 1641842083690 [L3]: No time to select next move using MCTS. Returning random move noop.
LOG 1641842083693 [L3]: Starting move selection for game step 5 with available time 0ms.
LOG 1641842083694 [L3]: No time to select next move using MCTS. Returning random move noop.
LOG 1641842083696 [L3]: Starting move selection for game step 6 with available time 0ms.
LOG 1641842083697 [L3]: No time to select next move using MCTS. Returning random move noop.
LOG 1641842083699 [L3]: Starting move selection for game step 7 with available time 0ms.
LOG 1641842083700 [L3]: No time to select next move using MCTS. Returning random move ( block r6 c2 ).
LOG 1641842083703 [L3]: Starting move selection for game step 8 with available time 0ms.
LOG 1641842083703 [L3]: No time to select next move using MCTS. Returning random move ( block r6 c4 ).
LOG 1641842083706 [L3]: Starting move selection for game step 9 with available time 0ms.
LOG 1641842083706 [L3]: No time to select next move using MCTS. Returning random move ( block r3 c7 ).
LOG 1641842083708 [L3]: Starting move selection for game step 10 with available time 0ms.
LOG 1641842083709 [L3]: No time to select next move using MCTS. Returning random move ( mark r2 c1 ).
LOG 1641842083712 [L3]: Starting move selection for game step 11 with available time 0ms.
LOG 1641842083712 [L3]: No time to select next move using MCTS. Returning random move noop.
LOG 1641842083715 [L3]: Starting move selection for game step 12 with available time 0ms.
LOG 1641842083715 [L3]: No time to select next move using MCTS. Returning random move noop.
LOG 1641842083718 [L3]: Starting move selection for game step 13 with available time 0ms.
LOG 1641842083718 [L3]: No time to select next move using MCTS. Returning random move noop.
LOG 1641842083722 [L3]: Starting move selection for game step 14 with available time 0ms.
LOG 1641842083722 [L3]: No time to select next move using MCTS. Returning random move ( mark r1 c3 ).
LOG 1641842083727 [L3]: Starting move selection for game step 15 with available time 0ms.
LOG 1641842083728 [L3]: No time to select next move using MCTS. Returning random move noop.
LOG 1641842083736 [L3]: Starting move selection for game step 16 with available time 0ms.
LOG 1641842083737 [L3]: No time to select next move using MCTS. Returning random move ( mark r4 c1 ).
LOG 1641842083744 [L3]: Starting move selection for game step 17 with available time 0ms.
LOG 1641842083744 [L3]: No time to select next move using MCTS. Returning random move noop.
LOG 1641842083747 [L3]: Starting move selection for game step 18 with available time 0ms.
LOG 1641842083748 [L3]: No time to select next move using MCTS. Returning random move noop.
LOG 1641842083758 [L3]: Starting move selection for game step 19 with available time 0ms.
LOG 1641842083758 [L3]: No time to select next move using MCTS. Returning random move ( mark r2 c4 ).
LOG 1641842083775 [L3]: Starting move selection for game step 20 with available time 0ms.
LOG 1641842083775 [L3]: No time to select next move using MCTS. Returning random move noop.
LOG 1641842083789 [L3]: Starting move selection for game step 21 with available time 0ms.
LOG 1641842083789 [L3]: No time to select next move using MCTS. Returning random move ( mark r6 c5 ).
LOG 1641842083816 [L3]: Starting move selection for game step 22 with available time 0ms.
LOG 1641842083817 [L3]: No time to select next move using MCTS. Returning random move noop.
LOG 1641842083846 [L3]: Starting move selection for game step 23 with available time 0ms.
LOG 1641842083846 [L3]: No time to select next move using MCTS. Returning random move ( mark r7 c2 ).
LOG 1641842089688 [L3]: Starting move selection for game step 24 with available time 0ms.
LOG 1641842089689 [L3]: No time to select next move using MCTS. Returning random move noop.
LOG 1641842089737 [L3]: Starting move selection for game step 25 with available time 0ms.
LOG 1641842089737 [L3]: No time to select next move using MCTS. Returning random move ( mark r7 c4 ).
LOG 1641842089785 [L3]: Starting move selection for game step 26 with available time 0ms.
LOG 1641842089785 [L3]: No time to select next move using MCTS. Returning random move noop.
LOG 1641842089875 [L3]: Starting move selection for game step 27 with available time 0ms.
LOG 1641842089876 [L3]: No time to select next move using MCTS. Returning random move ( mark r2 c5 ).
LOG 1641842089982 [L3]: Starting move selection for game step 28 with available time 0ms.
LOG 1641842089982 [L3]: No time to select next move using MCTS. Returning random move noop.
LOG 1641842090103 [L3]: Starting move selection for game step 29 with available time 0ms.
LOG 1641842090104 [L3]: No time to select next move using MCTS. Returning random move ( mark r2 c7 ).
LOG 1641842093259 [L3]: Starting move selection for game step 30 with available time 0ms.
LOG 1641842093259 [L3]: No time to select next move using MCTS. Returning random move noop.
