LOG 1641835701774 [L3]: Started match logging at: Mon Jan 10 18:28:21 CET 2022
LOG 1641835701774 [L3]: Game rules: [( role white ), ( role black ), ( <= ( base ( cell ?x ?y ?p ) ) ( index ?x ) ( index ?y ) ( role ?p ) ), ( <= ( base ( control ?p ) ) ( role ?p ) ), ( <= ( input ?p noop ) ( role ?p ) ), ( <= ( input ?p ( move ?x1 ?y1 ?x2 ?y2 ) ) ( role ?p ) ( index ?x1 ) ( index ?x2 ) ( index ?y1 ) ( index ?y2 ) ), ( init ( cell 1 1 white ) ), ( init ( cell 2 1 white ) ), ( init ( cell 3 1 white ) ), ( init ( cell 4 1 white ) ), ( init ( cell 5 1 white ) ), ( init ( cell 6 1 white ) ), ( init ( cell 7 1 white ) ), ( init ( cell 8 1 white ) ), ( init ( cell 1 2 white ) ), ( init ( cell 2 2 white ) ), ( init ( cell 3 2 white ) ), ( init ( cell 4 2 white ) ), ( init ( cell 5 2 white ) ), ( init ( cell 6 2 white ) ), ( init ( cell 7 2 white ) ), ( init ( cell 8 2 white ) ), ( init ( cell 1 7 black ) ), ( init ( cell 2 7 black ) ), ( init ( cell 3 7 black ) ), ( init ( cell 4 7 black ) ), ( init ( cell 5 7 black ) ), ( init ( cell 6 7 black ) ), ( init ( cell 7 7 black ) ), ( init ( cell 8 7 black ) ), ( init ( cell 1 8 black ) ), ( init ( cell 2 8 black ) ), ( init ( cell 3 8 black ) ), ( init ( cell 4 8 black ) ), ( init ( cell 5 8 black ) ), ( init ( cell 6 8 black ) ), ( init ( cell 7 8 black ) ), ( init ( cell 8 8 black ) ), ( init ( control white ) ), ( <= ( legal white noop ) ( true ( control black ) ) ), ( <= ( legal black noop ) ( true ( control white ) ) ), ( <= ( legal white ( move ?x1 ?y1 ?x2 ?y2 ) ) ( true ( control white ) ) ( true ( cell ?x1 ?y1 white ) ) ( whiteknightmove ?x1 ?y1 ?x2 ?y2 ) ( not ( true ( cell ?x2 ?y2 white ) ) ) ), ( <= ( legal black ( move ?x1 ?y1 ?x2 ?y2 ) ) ( true ( control black ) ) ( true ( cell ?x1 ?y1 black ) ) ( blackknightmove ?x1 ?y1 ?x2 ?y2 ) ( not ( true ( cell ?x2 ?y2 black ) ) ) ), ( <= ( next ( cell ?x ?y ?state ) ) ( true ( cell ?x ?y ?state ) ) ( does ?player ( move ?x1 ?y1 ?x2 ?y2 ) ) ( distinctcell ?x ?y ?x1 ?y1 ) ( distinctcell ?x ?y ?x2 ?y2 ) ), ( <= ( next ( cell ?x2 ?y2 ?player ) ) ( does ?player ( move ?x1 ?y1 ?x2 ?y2 ) ) ), ( <= ( next ( control black ) ) ( true ( control white ) ) ), ( <= ( next ( control white ) ) ( true ( control black ) ) ), ( <= terminal whitewin ), ( <= terminal blackwin ), ( <= ( goal white 100 ) whitewin ), ( <= ( goal white 0 ) blackwin ), ( <= ( goal black 100 ) blackwin ), ( <= ( goal black 0 ) whitewin ), ( <= whitewin ( index ?x ) ( true ( cell ?x 8 white ) ) ), ( <= blackwin ( index ?x ) ( true ( cell ?x 1 black ) ) ), ( <= whitewin ( not ( hasAnyPiece black ) ) ), ( <= blackwin ( not ( hasAnyPiece white ) ) ), ( <= ( hasAnyPiece ?player ) ( true ( cell ?x ?y ?player ) ) ), ( <= ( whiteknightmove ?x1 ?y1 ?x2 ?y2 ) ( plus 1 ?x1 ?x2 ) ( plus 2 ?y1 ?y2 ) ), ( <= ( whiteknightmove ?x1 ?y1 ?x2 ?y2 ) ( plus 1 ?x2 ?x1 ) ( plus 2 ?y1 ?y2 ) ), ( <= ( whiteknightmove ?x1 ?y1 ?x2 ?y2 ) ( plus 2 ?x1 ?x2 ) ( plus 1 ?y1 ?y2 ) ), ( <= ( whiteknightmove ?x1 ?y1 ?x2 ?y2 ) ( plus 2 ?x2 ?x1 ) ( plus 1 ?y1 ?y2 ) ), ( <= ( blackknightmove ?x1 ?y1 ?x2 ?y2 ) ( plus 1 ?x1 ?x2 ) ( plus 2 ?y2 ?y1 ) ), ( <= ( blackknightmove ?x1 ?y1 ?x2 ?y2 ) ( plus 1 ?x2 ?x1 ) ( plus 2 ?y2 ?y1 ) ), ( <= ( blackknightmove ?x1 ?y1 ?x2 ?y2 ) ( plus 2 ?x1 ?x2 ) ( plus 1 ?y2 ?y1 ) ), ( <= ( blackknightmove ?x1 ?y1 ?x2 ?y2 ) ( plus 2 ?x2 ?x1 ) ( plus 1 ?y2 ?y1 ) ), ( <= ( cell ?x ?y ) ( index ?x ) ( index ?y ) ), ( <= ( distinctcell ?x1 ?y1 ?x2 ?y2 ) ( cell ?x1 ?y1 ) ( cell ?x2 ?y2 ) ( distinct ?x1 ?x2 ) ), ( <= ( distinctcell ?x1 ?y1 ?x2 ?y2 ) ( cell ?x1 ?y1 ) ( cell ?x2 ?y2 ) ( distinct ?y1 ?y2 ) ), ( index 1 ), ( index 2 ), ( index 3 ), ( index 4 ), ( index 5 ), ( index 6 ), ( index 7 ), ( index 8 ), ( plus 1 1 2 ), ( plus 1 2 3 ), ( plus 1 3 4 ), ( plus 1 4 5 ), ( plus 1 5 6 ), ( plus 1 6 7 ), ( plus 1 7 8 ), ( plus 2 1 3 ), ( plus 2 2 4 ), ( plus 2 3 5 ), ( plus 2 4 6 ), ( plus 2 5 7 ), ( plus 2 6 8 )]
LOG 1641835701781 [L3]: Start clock: 15
LOG 1641835701781 [L3]: Play clock: 10
LOG 1641835706774 [L0]: [Sent at 1641835706774] ready
LOG 1641835706796 [L0]: [Received at 1641835706796] ( PLAY 27.knightThrough.1641835700288 NIL )
LOG 1641835706798 [L0]: [Sent at 1641835706798] noop
LOG 1641835706800 [L0]: [Received at 1641835706800] ( PLAY 27.knightThrough.1641835700288 (( move 2 1 3 3 ) noop ) )
LOG 1641835706804 [L0]: [Sent at 1641835706804] ( move 2 8 1 6 )
LOG 1641835706807 [L0]: [Received at 1641835706807] ( PLAY 27.knightThrough.1641835700288 (noop ( move 2 8 1 6 ) ) )
LOG 1641835706817 [L0]: [Sent at 1641835706817] noop
LOG 1641835706819 [L0]: [Received at 1641835706819] ( PLAY 27.knightThrough.1641835700288 (( move 6 1 7 3 ) noop ) )
LOG 1641835706825 [L0]: [Sent at 1641835706825] ( move 5 7 6 5 )
LOG 1641835706828 [L0]: [Received at 1641835706828] ( PLAY 27.knightThrough.1641835700288 (noop ( move 5 7 6 5 ) ) )
LOG 1641835706829 [L0]: [Sent at 1641835706829] noop
LOG 1641835706831 [L0]: [Received at 1641835706831] ( PLAY 27.knightThrough.1641835700288 (( move 4 2 5 4 ) noop ) )
LOG 1641835706833 [L0]: [Sent at 1641835706833] ( move 7 7 5 6 )
LOG 1641835706835 [L0]: [Received at 1641835706835] ( PLAY 27.knightThrough.1641835700288 (noop ( move 7 7 5 6 ) ) )
LOG 1641835706836 [L0]: [Sent at 1641835706836] noop
LOG 1641835706839 [L0]: [Received at 1641835706839] ( PLAY 27.knightThrough.1641835700288 (( move 1 2 2 4 ) noop ) )
LOG 1641835706841 [L0]: [Sent at 1641835706841] ( move 3 8 5 7 )
LOG 1641835706843 [L0]: [Received at 1641835706843] ( PLAY 27.knightThrough.1641835700288 (noop ( move 3 8 5 7 ) ) )
LOG 1641835706845 [L0]: [Sent at 1641835706845] noop
LOG 1641835706847 [L0]: [Received at 1641835706847] ( PLAY 27.knightThrough.1641835700288 (( move 2 4 4 5 ) noop ) )
LOG 1641835706849 [L0]: [Sent at 1641835706849] ( move 5 6 4 4 )
LOG 1641835706851 [L0]: [Received at 1641835706851] ( PLAY 27.knightThrough.1641835700288 (noop ( move 5 6 4 4 ) ) )
LOG 1641835706852 [L0]: [Sent at 1641835706852] noop
LOG 1641835706855 [L0]: [Received at 1641835706855] ( PLAY 27.knightThrough.1641835700288 (( move 7 1 8 3 ) noop ) )
LOG 1641835706857 [L0]: [Sent at 1641835706857] ( move 4 7 2 6 )
LOG 1641835706859 [L0]: [Received at 1641835706859] ( PLAY 27.knightThrough.1641835700288 (noop ( move 4 7 2 6 ) ) )
LOG 1641835706860 [L0]: [Sent at 1641835706860] noop
LOG 1641835706862 [L0]: [Received at 1641835706862] ( PLAY 27.knightThrough.1641835700288 (( move 4 5 2 6 ) noop ) )
LOG 1641835706864 [L0]: [Sent at 1641835706864] ( move 4 4 6 3 )
LOG 1641835706865 [L0]: [Received at 1641835706865] ( PLAY 27.knightThrough.1641835700288 (noop ( move 4 4 6 3 ) ) )
LOG 1641835706867 [L0]: [Sent at 1641835706867] noop
LOG 1641835706869 [L0]: [Received at 1641835706869] ( PLAY 27.knightThrough.1641835700288 (( move 2 2 4 3 ) noop ) )
LOG 1641835706871 [L0]: [Sent at 1641835706871] ( move 5 8 4 6 )
LOG 1641835706874 [L0]: [Received at 1641835706874] ( PLAY 27.knightThrough.1641835700288 (noop ( move 5 8 4 6 ) ) )
LOG 1641835706875 [L0]: [Sent at 1641835706875] noop
LOG 1641835706877 [L0]: [Received at 1641835706877] ( PLAY 27.knightThrough.1641835700288 (( move 7 2 6 4 ) noop ) )
LOG 1641835706879 [L0]: [Sent at 1641835706879] ( move 5 7 3 6 )
LOG 1641835706881 [L0]: [Received at 1641835706881] ( PLAY 27.knightThrough.1641835700288 (noop ( move 5 7 3 6 ) ) )
LOG 1641835706883 [L0]: [Sent at 1641835706883] noop
LOG 1641835706885 [L0]: [Received at 1641835706885] ( PLAY 27.knightThrough.1641835700288 (( move 3 3 1 4 ) noop ) )
LOG 1641835706887 [L0]: [Sent at 1641835706887] ( move 6 5 5 3 )
LOG 1641835706889 [L0]: [Received at 1641835706889] ( PLAY 27.knightThrough.1641835700288 (noop ( move 6 5 5 3 ) ) )
LOG 1641835706891 [L0]: [Sent at 1641835706891] noop
LOG 1641835706893 [L0]: [Received at 1641835706893] ( PLAY 27.knightThrough.1641835700288 (( move 4 1 3 3 ) noop ) )
LOG 1641835706894 [L0]: [Sent at 1641835706894] ( move 8 7 7 5 )
LOG 1641835706897 [L0]: [Received at 1641835706897] ( PLAY 27.knightThrough.1641835700288 (noop ( move 8 7 7 5 ) ) )
LOG 1641835706898 [L0]: [Sent at 1641835706898] noop
LOG 1641835706900 [L0]: [Received at 1641835706900] ( PLAY 27.knightThrough.1641835700288 (( move 3 2 2 4 ) noop ) )
LOG 1641835706902 [L0]: [Sent at 1641835706902] ( move 1 6 3 5 )
LOG 1641835706904 [L0]: [Received at 1641835706904] ( PLAY 27.knightThrough.1641835700288 (noop ( move 1 6 3 5 ) ) )
LOG 1641835706905 [L0]: [Sent at 1641835706905] noop
LOG 1641835706908 [L0]: [Received at 1641835706908] ( PLAY 27.knightThrough.1641835700288 (( move 8 2 6 3 ) noop ) )
LOG 1641835706910 [L0]: [Sent at 1641835706910] ( move 4 6 5 4 )
LOG 1641835706912 [L0]: [Received at 1641835706912] ( PLAY 27.knightThrough.1641835700288 (noop ( move 4 6 5 4 ) ) )
LOG 1641835706913 [L0]: [Sent at 1641835706913] noop
LOG 1641835706916 [L0]: [Received at 1641835706916] ( STOP 27.knightThrough.1641835700288 (( move 2 6 1 8 ) noop ) )
LOG 1641835706916 [L3]: Stopped logging to files at: Mon Jan 10 18:28:26 CET 2022
LOG 1641835706917 [L3]: LOG SEALED
