LOG 1641916040351 [L3]: Returning initial state machine.
LOG 1641916040352 [L3]: Returning PropNet state machine without cache.
LOG 1641916040353 [L3]: Starting metagame with available thinking time 4989ms.
LOG 1641916040354 [L3]: Starting search during metagame.
LOG 1641916045342 [L3]: Done searching during metagame.
LOG 1641916045389 [L3]: Starting move selection for game step 1 with available time 10000ms.
LOG 1641916045389 [L3]: Selecting move using MCTS.
LOG 1641916055389 [L3]: Returning MCTS move noop.
LOG 1641916055392 [L3]: Starting move selection for game step 2 with available time 10000ms.
LOG 1641916055405 [L3]: Selecting move using MCTS.
LOG 1641916065392 [L3]: Returning MCTS move ( drop 4 ).
LOG 1641916065395 [L3]: Starting move selection for game step 3 with available time 10000ms.
LOG 1641916065422 [L3]: Selecting move using MCTS.
LOG 1641916075395 [L3]: Returning MCTS move noop.
LOG 1641916075405 [L3]: Starting move selection for game step 4 with available time 10000ms.
LOG 1641916075444 [L3]: Selecting move using MCTS.
LOG 1641916085405 [L3]: Returning MCTS move ( drop 2 ).
LOG 1641916085408 [L3]: Starting move selection for game step 5 with available time 10000ms.
LOG 1641916085439 [L3]: Selecting move using MCTS.
LOG 1641916095408 [L3]: Returning MCTS move noop.
LOG 1641916095411 [L3]: Starting move selection for game step 6 with available time 10000ms.
LOG 1641916095446 [L3]: Selecting move using MCTS.
LOG 1641916105411 [L3]: Returning MCTS move ( drop 3 ).
LOG 1641916105415 [L3]: Starting move selection for game step 7 with available time 10000ms.
LOG 1641916105445 [L3]: Selecting move using MCTS.
LOG 1641916115415 [L3]: Returning MCTS move noop.
LOG 1641916115418 [L3]: Starting move selection for game step 8 with available time 10000ms.
LOG 1641916115453 [L3]: Selecting move using MCTS.
LOG 1641916125418 [L3]: Returning MCTS move ( drop 3 ).
LOG 1641916125421 [L3]: Starting move selection for game step 9 with available time 10000ms.
LOG 1641916125456 [L3]: Selecting move using MCTS.
LOG 1641916135421 [L3]: Returning MCTS move noop.
LOG 1641916135424 [L3]: Starting move selection for game step 10 with available time 10000ms.
LOG 1641916135456 [L3]: Selecting move using MCTS.
LOG 1641916145424 [L3]: Returning MCTS move ( drop 4 ).
LOG 1641916145427 [L3]: Starting move selection for game step 11 with available time 10000ms.
LOG 1641916145451 [L3]: Selecting move using MCTS.
LOG 1641916155427 [L3]: Returning MCTS move noop.
LOG 1641916155432 [L3]: Starting move selection for game step 12 with available time 10000ms.
LOG 1641916155451 [L3]: Selecting move using MCTS.
LOG 1641916165432 [L3]: Returning MCTS move ( drop 6 ).
LOG 1641916165435 [L3]: Starting move selection for game step 13 with available time 10000ms.
LOG 1641916165441 [L3]: Selecting move using MCTS.
LOG 1641916175435 [L3]: Returning MCTS move noop.
LOG 1641916175438 [L3]: Starting move selection for game step 14 with available time 10000ms.
LOG 1641916175442 [L3]: Selecting move using MCTS.
LOG 1641916185438 [L3]: Returning MCTS move ( drop 2 ).
LOG 1641916185442 [L3]: Starting move selection for game step 15 with available time 10000ms.
LOG 1641916185444 [L3]: Selecting move using MCTS.
LOG 1641916195442 [L3]: Returning MCTS move noop.
LOG 1641916195446 [L3]: Starting move selection for game step 16 with available time 10000ms.
LOG 1641916195448 [L3]: Selecting move using MCTS.
LOG 1641916205446 [L3]: Returning MCTS move ( drop 1 ).
