LOG 1641836017817 [L3]: Started match logging at: Mon Jan 10 18:33:37 CET 2022
LOG 1641836017818 [L3]: Game rules: [( role white ), ( role black ), ( <= ( base ( cell ?x ?y ?p ) ) ( index ?x ) ( index ?y ) ( role ?p ) ), ( <= ( base ( control ?p ) ) ( role ?p ) ), ( <= ( input ?p noop ) ( role ?p ) ), ( <= ( input ?p ( move ?x1 ?y1 ?x2 ?y2 ) ) ( role ?p ) ( index ?x1 ) ( index ?x2 ) ( index ?y1 ) ( index ?y2 ) ), ( init ( cell 1 1 white ) ), ( init ( cell 2 1 white ) ), ( init ( cell 3 1 white ) ), ( init ( cell 4 1 white ) ), ( init ( cell 5 1 white ) ), ( init ( cell 6 1 white ) ), ( init ( cell 7 1 white ) ), ( init ( cell 8 1 white ) ), ( init ( cell 1 2 white ) ), ( init ( cell 2 2 white ) ), ( init ( cell 3 2 white ) ), ( init ( cell 4 2 white ) ), ( init ( cell 5 2 white ) ), ( init ( cell 6 2 white ) ), ( init ( cell 7 2 white ) ), ( init ( cell 8 2 white ) ), ( init ( cell 1 7 black ) ), ( init ( cell 2 7 black ) ), ( init ( cell 3 7 black ) ), ( init ( cell 4 7 black ) ), ( init ( cell 5 7 black ) ), ( init ( cell 6 7 black ) ), ( init ( cell 7 7 black ) ), ( init ( cell 8 7 black ) ), ( init ( cell 1 8 black ) ), ( init ( cell 2 8 black ) ), ( init ( cell 3 8 black ) ), ( init ( cell 4 8 black ) ), ( init ( cell 5 8 black ) ), ( init ( cell 6 8 black ) ), ( init ( cell 7 8 black ) ), ( init ( cell 8 8 black ) ), ( init ( control white ) ), ( <= ( legal white noop ) ( true ( control black ) ) ), ( <= ( legal black noop ) ( true ( control white ) ) ), ( <= ( legal white ( move ?x1 ?y1 ?x2 ?y2 ) ) ( true ( control white ) ) ( true ( cell ?x1 ?y1 white ) ) ( whiteknightmove ?x1 ?y1 ?x2 ?y2 ) ( not ( true ( cell ?x2 ?y2 white ) ) ) ), ( <= ( legal black ( move ?x1 ?y1 ?x2 ?y2 ) ) ( true ( control black ) ) ( true ( cell ?x1 ?y1 black ) ) ( blackknightmove ?x1 ?y1 ?x2 ?y2 ) ( not ( true ( cell ?x2 ?y2 black ) ) ) ), ( <= ( next ( cell ?x ?y ?state ) ) ( true ( cell ?x ?y ?state ) ) ( does ?player ( move ?x1 ?y1 ?x2 ?y2 ) ) ( distinctcell ?x ?y ?x1 ?y1 ) ( distinctcell ?x ?y ?x2 ?y2 ) ), ( <= ( next ( cell ?x2 ?y2 ?player ) ) ( does ?player ( move ?x1 ?y1 ?x2 ?y2 ) ) ), ( <= ( next ( control black ) ) ( true ( control white ) ) ), ( <= ( next ( control white ) ) ( true ( control black ) ) ), ( <= terminal whitewin ), ( <= terminal blackwin ), ( <= ( goal white 100 ) whitewin ), ( <= ( goal white 0 ) blackwin ), ( <= ( goal black 100 ) blackwin ), ( <= ( goal black 0 ) whitewin ), ( <= whitewin ( index ?x ) ( true ( cell ?x 8 white ) ) ), ( <= blackwin ( index ?x ) ( true ( cell ?x 1 black ) ) ), ( <= whitewin ( not ( hasAnyPiece black ) ) ), ( <= blackwin ( not ( hasAnyPiece white ) ) ), ( <= ( hasAnyPiece ?player ) ( true ( cell ?x ?y ?player ) ) ), ( <= ( whiteknightmove ?x1 ?y1 ?x2 ?y2 ) ( plus 1 ?x1 ?x2 ) ( plus 2 ?y1 ?y2 ) ), ( <= ( whiteknightmove ?x1 ?y1 ?x2 ?y2 ) ( plus 1 ?x2 ?x1 ) ( plus 2 ?y1 ?y2 ) ), ( <= ( whiteknightmove ?x1 ?y1 ?x2 ?y2 ) ( plus 2 ?x1 ?x2 ) ( plus 1 ?y1 ?y2 ) ), ( <= ( whiteknightmove ?x1 ?y1 ?x2 ?y2 ) ( plus 2 ?x2 ?x1 ) ( plus 1 ?y1 ?y2 ) ), ( <= ( blackknightmove ?x1 ?y1 ?x2 ?y2 ) ( plus 1 ?x1 ?x2 ) ( plus 2 ?y2 ?y1 ) ), ( <= ( blackknightmove ?x1 ?y1 ?x2 ?y2 ) ( plus 1 ?x2 ?x1 ) ( plus 2 ?y2 ?y1 ) ), ( <= ( blackknightmove ?x1 ?y1 ?x2 ?y2 ) ( plus 2 ?x1 ?x2 ) ( plus 1 ?y2 ?y1 ) ), ( <= ( blackknightmove ?x1 ?y1 ?x2 ?y2 ) ( plus 2 ?x2 ?x1 ) ( plus 1 ?y2 ?y1 ) ), ( <= ( cell ?x ?y ) ( index ?x ) ( index ?y ) ), ( <= ( distinctcell ?x1 ?y1 ?x2 ?y2 ) ( cell ?x1 ?y1 ) ( cell ?x2 ?y2 ) ( distinct ?x1 ?x2 ) ), ( <= ( distinctcell ?x1 ?y1 ?x2 ?y2 ) ( cell ?x1 ?y1 ) ( cell ?x2 ?y2 ) ( distinct ?y1 ?y2 ) ), ( index 1 ), ( index 2 ), ( index 3 ), ( index 4 ), ( index 5 ), ( index 6 ), ( index 7 ), ( index 8 ), ( plus 1 1 2 ), ( plus 1 2 3 ), ( plus 1 3 4 ), ( plus 1 4 5 ), ( plus 1 5 6 ), ( plus 1 6 7 ), ( plus 1 7 8 ), ( plus 2 1 3 ), ( plus 2 2 4 ), ( plus 2 3 5 ), ( plus 2 4 6 ), ( plus 2 5 7 ), ( plus 2 6 8 )]
LOG 1641836017824 [L3]: Start clock: 15
LOG 1641836017825 [L3]: Play clock: 10
LOG 1641836022816 [L0]: [Sent at 1641836022816] ready
LOG 1641836022819 [L0]: [Received at 1641836022819] ( PLAY 33.knightThrough.1641836016255 NIL )
LOG 1641836022820 [L0]: [Sent at 1641836022820] ( move 1 1 2 3 )
LOG 1641836022823 [L0]: [Received at 1641836022823] ( PLAY 33.knightThrough.1641836016255 (( move 1 1 2 3 ) noop ) )
LOG 1641836022829 [L0]: [Sent at 1641836022829] noop
LOG 1641836022831 [L0]: [Received at 1641836022831] ( PLAY 33.knightThrough.1641836016255 (noop ( move 3 8 4 6 ) ) )
LOG 1641836022843 [L0]: [Sent at 1641836022843] ( move 2 2 4 3 )
LOG 1641836022846 [L0]: [Received at 1641836022846] ( PLAY 33.knightThrough.1641836016255 (( move 2 2 4 3 ) noop ) )
LOG 1641836022856 [L0]: [Sent at 1641836022856] noop
LOG 1641836022859 [L0]: [Received at 1641836022859] ( PLAY 33.knightThrough.1641836016255 (noop ( move 7 8 8 6 ) ) )
LOG 1641836022860 [L0]: [Sent at 1641836022860] ( move 4 2 3 4 )
LOG 1641836022862 [L0]: [Received at 1641836022862] ( PLAY 33.knightThrough.1641836016255 (( move 4 2 3 4 ) noop ) )
LOG 1641836022864 [L0]: [Sent at 1641836022864] noop
LOG 1641836022870 [L0]: [Received at 1641836022870] ( PLAY 33.knightThrough.1641836016255 (noop ( move 4 7 6 6 ) ) )
LOG 1641836022872 [L0]: [Sent at 1641836022872] ( move 7 2 6 4 )
LOG 1641836022875 [L0]: [Received at 1641836022875] ( PLAY 33.knightThrough.1641836016255 (( move 7 2 6 4 ) noop ) )
LOG 1641836022876 [L0]: [Sent at 1641836022876] noop
LOG 1641836022878 [L0]: [Received at 1641836022878] ( PLAY 33.knightThrough.1641836016255 (noop ( move 2 8 3 6 ) ) )
LOG 1641836022879 [L0]: [Sent at 1641836022879] ( move 2 1 3 3 )
LOG 1641836022882 [L0]: [Received at 1641836022882] ( PLAY 33.knightThrough.1641836016255 (( move 2 1 3 3 ) noop ) )
LOG 1641836022884 [L0]: [Sent at 1641836022884] noop
LOG 1641836022886 [L0]: [Received at 1641836022886] ( PLAY 33.knightThrough.1641836016255 (noop ( move 8 6 7 4 ) ) )
LOG 1641836022888 [L0]: [Sent at 1641836022888] ( move 4 3 5 5 )
LOG 1641836022890 [L0]: [Received at 1641836022890] ( PLAY 33.knightThrough.1641836016255 (( move 4 3 5 5 ) noop ) )
LOG 1641836022891 [L0]: [Sent at 1641836022891] noop
LOG 1641836022894 [L0]: [Received at 1641836022894] ( PLAY 33.knightThrough.1641836016255 (noop ( move 2 7 3 5 ) ) )
LOG 1641836022895 [L0]: [Sent at 1641836022895] ( move 6 1 5 3 )
LOG 1641836022898 [L0]: [Received at 1641836022898] ( PLAY 33.knightThrough.1641836016255 (( move 6 1 5 3 ) noop ) )
LOG 1641836022899 [L0]: [Sent at 1641836022899] noop
LOG 1641836022902 [L0]: [Received at 1641836022902] ( PLAY 33.knightThrough.1641836016255 (noop ( move 4 8 2 7 ) ) )
LOG 1641836022903 [L0]: [Sent at 1641836022903] ( move 6 2 7 4 )
LOG 1641836022905 [L0]: [Received at 1641836022905] ( PLAY 33.knightThrough.1641836016255 (( move 6 2 7 4 ) noop ) )
LOG 1641836022906 [L0]: [Sent at 1641836022906] noop
LOG 1641836022909 [L0]: [Received at 1641836022909] ( PLAY 33.knightThrough.1641836016255 (noop ( move 7 7 5 6 ) ) )
LOG 1641836022910 [L0]: [Sent at 1641836022910] ( move 3 3 4 5 )
LOG 1641836022912 [L0]: [Received at 1641836022912] ( PLAY 33.knightThrough.1641836016255 (( move 3 3 4 5 ) noop ) )
LOG 1641836022913 [L0]: [Sent at 1641836022913] noop
LOG 1641836022915 [L0]: [Received at 1641836022915] ( PLAY 33.knightThrough.1641836016255 (noop ( move 3 6 1 5 ) ) )
LOG 1641836022916 [L0]: [Sent at 1641836022916] ( move 5 5 3 6 )
LOG 1641836022918 [L0]: [Received at 1641836022918] ( PLAY 33.knightThrough.1641836016255 (( move 5 5 3 6 ) noop ) )
LOG 1641836022919 [L0]: [Sent at 1641836022919] noop
LOG 1641836022922 [L0]: [Received at 1641836022922] ( PLAY 33.knightThrough.1641836016255 (noop ( move 3 7 1 6 ) ) )
LOG 1641836022923 [L0]: [Sent at 1641836022923] ( move 6 4 5 6 )
LOG 1641836022925 [L0]: [Received at 1641836022925] ( PLAY 33.knightThrough.1641836016255 (( move 6 4 5 6 ) noop ) )
LOG 1641836022926 [L0]: [Sent at 1641836022926] noop
LOG 1641836022927 [L0]: [Received at 1641836022927] ( PLAY 33.knightThrough.1641836016255 (noop ( move 1 5 2 3 ) ) )
LOG 1641836022929 [L0]: [Sent at 1641836022929] ( move 8 2 6 3 )
LOG 1641836022931 [L0]: [Received at 1641836022931] ( PLAY 33.knightThrough.1641836016255 (( move 8 2 6 3 ) noop ) )
LOG 1641836022932 [L0]: [Sent at 1641836022932] noop
LOG 1641836022934 [L0]: [Received at 1641836022934] ( PLAY 33.knightThrough.1641836016255 (noop ( move 8 8 7 6 ) ) )
LOG 1641836022935 [L0]: [Sent at 1641836022935] ( move 5 1 7 2 )
LOG 1641836022937 [L0]: [Received at 1641836022937] ( PLAY 33.knightThrough.1641836016255 (( move 5 1 7 2 ) noop ) )
LOG 1641836022938 [L0]: [Sent at 1641836022938] noop
LOG 1641836022941 [L0]: [Received at 1641836022941] ( PLAY 33.knightThrough.1641836016255 (noop ( move 1 7 2 5 ) ) )
LOG 1641836022942 [L0]: [Sent at 1641836022942] ( move 5 2 3 3 )
LOG 1641836022944 [L0]: [Received at 1641836022944] ( PLAY 33.knightThrough.1641836016255 (( move 5 2 3 3 ) noop ) )
LOG 1641836022945 [L0]: [Sent at 1641836022945] noop
LOG 1641836022948 [L0]: [Received at 1641836022948] ( PLAY 33.knightThrough.1641836016255 (noop ( move 6 7 7 5 ) ) )
LOG 1641836022949 [L0]: [Sent at 1641836022949] ( move 6 3 4 4 )
LOG 1641836022952 [L0]: [Received at 1641836022952] ( PLAY 33.knightThrough.1641836016255 (( move 6 3 4 4 ) noop ) )
LOG 1641836022954 [L0]: [Sent at 1641836022954] noop
LOG 1641836022956 [L0]: [Received at 1641836022956] ( PLAY 33.knightThrough.1641836016255 (noop ( move 2 5 3 3 ) ) )
LOG 1641836022957 [L0]: [Sent at 1641836022957] ( move 5 6 6 8 )
LOG 1641836022975 [L0]: [Received at 1641836022975] ( STOP 33.knightThrough.1641836016255 (( move 5 6 6 8 ) noop ) )
LOG 1641836022976 [L3]: Stopped logging to files at: Mon Jan 10 18:33:42 CET 2022
LOG 1641836022976 [L3]: LOG SEALED
