LOG 1641840133245 [L3]: Started match logging at: Mon Jan 10 19:42:13 CET 2022
LOG 1641840133247 [L3]: Game rules: [( role x ), ( role o ), ( init ( quad x 12 ) ), ( init ( quad o 12 ) ), ( init ( white x 5 ) ), ( init ( white o 5 ) ), ( init ( cell r1 c2 b ) ), ( init ( cell r1 c3 b ) ), ( init ( cell r1 c4 b ) ), ( init ( cell r1 c5 b ) ), ( init ( cell r1 c6 b ) ), ( init ( cell r2 c1 b ) ), ( init ( cell r2 c2 b ) ), ( init ( cell r2 c3 b ) ), ( init ( cell r2 c4 b ) ), ( init ( cell r2 c5 b ) ), ( init ( cell r2 c6 b ) ), ( init ( cell r2 c7 b ) ), ( init ( cell r3 c1 b ) ), ( init ( cell r3 c2 b ) ), ( init ( cell r3 c3 b ) ), ( init ( cell r3 c4 b ) ), ( init ( cell r3 c5 b ) ), ( init ( cell r3 c6 b ) ), ( init ( cell r3 c7 b ) ), ( init ( cell r4 c1 b ) ), ( init ( cell r4 c2 b ) ), ( init ( cell r4 c3 b ) ), ( init ( cell r4 c4 b ) ), ( init ( cell r4 c5 b ) ), ( init ( cell r4 c6 b ) ), ( init ( cell r4 c7 b ) ), ( init ( cell r5 c1 b ) ), ( init ( cell r5 c2 b ) ), ( init ( cell r5 c3 b ) ), ( init ( cell r5 c4 b ) ), ( init ( cell r5 c5 b ) ), ( init ( cell r5 c6 b ) ), ( init ( cell r5 c7 b ) ), ( init ( cell r6 c1 b ) ), ( init ( cell r6 c2 b ) ), ( init ( cell r6 c3 b ) ), ( init ( cell r6 c4 b ) ), ( init ( cell r6 c5 b ) ), ( init ( cell r6 c6 b ) ), ( init ( cell r6 c7 b ) ), ( init ( cell r7 c2 b ) ), ( init ( cell r7 c3 b ) ), ( init ( cell r7 c4 b ) ), ( init ( cell r7 c5 b ) ), ( init ( cell r7 c6 b ) ), ( init ( control x ) ), ( ncol c1 c2 ), ( ncol c2 c3 ), ( ncol c3 c4 ), ( ncol c4 c5 ), ( ncol c5 c6 ), ( ncol c6 c7 ), ( nrow r1 r2 ), ( nrow r2 r3 ), ( nrow r3 r4 ), ( nrow r4 r5 ), ( nrow r5 r6 ), ( nrow r6 r7 ), ( <= ( prow ?x ?y ) ( nrow ?y ?x ) ), ( <= ( pcol ?x ?y ) ( ncol ?y ?x ) ), ( succ 0 1 ), ( succ 1 2 ), ( succ 2 3 ), ( succ 3 4 ), ( succ 4 5 ), ( succ 5 6 ), ( succ 6 7 ), ( succ 7 8 ), ( succ 8 9 ), ( succ 9 10 ), ( succ 10 11 ), ( succ 11 12 ), ( succ 12 13 ), ( succ 13 14 ), ( succ 14 15 ), ( succ 15 16 ), ( succ 16 17 ), ( succ 17 18 ), ( succ 18 19 ), ( succ 19 20 ), ( <= ( legal ?player ( mark ?x ?y ) ) ( true ( cell ?x ?y b ) ) ( true ( control ?player ) ) ), ( <= ( legal ?player ( block ?x ?y ) ) ( true ( cell ?x ?y b ) ) ( true ( control ?player ) ) ( true ( white ?player ?c ) ) ( distinct ?c 0 ) ), ( <= ( legal x noop ) ( true ( control o ) ) ), ( <= ( legal o noop ) ( true ( control x ) ) ), ( <= ( next ( cell ?m ?n ?p ) ) ( does ?p ( mark ?m ?n ) ) ), ( <= ( next ( cell ?m ?n w ) ) ( does ?p ( block ?m ?n ) ) ), ( <= ( next ( cell ?m ?n ?p ) ) ( true ( cell ?m ?n ?p ) ) ( distinct ?p b ) ), ( <= ( next ( cell ?m ?n b ) ) ( does ?W ( mark ?j ?k ) ) ( true ( cell ?m ?n b ) ) ( distinct ?m ?j ) ), ( <= ( next ( cell ?m ?n b ) ) ( does ?W ( mark ?j ?k ) ) ( true ( cell ?m ?n b ) ) ( distinct ?n ?k ) ), ( <= ( next ( cell ?m ?n b ) ) ( does ?W ( block ?j ?k ) ) ( true ( cell ?m ?n b ) ) ( distinct ?m ?j ) ), ( <= ( next ( cell ?m ?n b ) ) ( does ?W ( block ?j ?k ) ) ( true ( cell ?m ?n b ) ) ( distinct ?n ?k ) ), ( <= ( next ( quad ?p ?c ) ) ( true ( control ?q ) ) ( true ( quad ?p ?c ) ) ( distinct ?p ?q ) ), ( <= ( next ( white ?p ?c ) ) ( true ( control ?q ) ) ( true ( white ?p ?c ) ) ( distinct ?p ?q ) ), ( <= ( next ( quad ?p ?c ) ) ( does ?p ( mark ?j ?k ) ) ( true ( quad ?p ?c1 ) ) ( succ ?c ?c1 ) ), ( <= ( next ( white ?p ?c ) ) ( does ?p ( block ?j ?k ) ) ( true ( white ?p ?c1 ) ) ( succ ?c ?c1 ) ), ( <= ( next ( quad ?p ?c ) ) ( does ?p ( block ?j ?k ) ) ( true ( quad ?p ?c ) ) ), ( <= ( next ( white ?p ?c ) ) ( does ?p ( mark ?j ?k ) ) ( true ( white ?p ?c ) ) ), ( <= ( next ( control x ) ) ( does o ( mark ?j ?k ) ) ( true ( control o ) ) ), ( <= ( next ( control o ) ) ( does x ( mark ?j ?k ) ) ( true ( control x ) ) ), ( <= ( next ( control ?p ) ) ( does ?p ( block ?j ?k ) ) ( true ( control ?p ) ) ), ( <= ( square ?x1 ?y1 ?x1 ?y2 ?x2 ?y1 ?x2 ?y2 ) ( ncol ?y1 ?y2 ) ( nrow ?x1 ?x2 ) ), ( <= ( square ?x1 ?y1 ?x1 ?y2 ?x2 ?y1 ?x2 ?y2 ) ( ncol ?y3 ?y2 ) ( nrow ?x3 ?x2 ) ( square ?x1 ?y1 ?x1 ?y3 ?x3 ?y1 ?x3 ?y3 ) ), ( <= ( square ?x1 ?y1 ?x2 ?y2 ?x3 ?y3 ?x4 ?y4 ) ( prow ?x2p ?x2 ) ( ncol ?y3n ?y3 ) ( prow ?x4p ?x4 ) ( ncol ?y4n ?y4 ) ( square ?x1 ?y1 ?x2p ?y2 ?x3 ?y3n ?x4p ?y4n ) ), ( <= win ( true ( cell ?x1 ?y1 x ) ) ( true ( cell ?x2 ?y2 x ) ) ( true ( cell ?x3 ?y3 x ) ) ( true ( cell ?x4 ?y4 x ) ) ( square ?x1 ?y1 ?x2 ?y2 ?x3 ?y3 ?x4 ?y4 ) ), ( <= lose ( true ( cell ?x1 ?y1 o ) ) ( true ( cell ?x2 ?y2 o ) ) ( true ( cell ?x3 ?y3 o ) ) ( true ( cell ?x4 ?y4 o ) ) ( square ?x1 ?y1 ?x2 ?y2 ?x3 ?y3 ?x4 ?y4 ) ), ( <= winByOpenQuad ( not lose ) ( not open ) ( true ( cell ?x1 ?y1 x ) ) ( true ( cell ?x2 ?y2 x ) ) ( true ( cell ?x3 ?y3 x ) ) ( true ( cell ?x4 ?y4 b ) ) ( square ?x1 ?y1 ?x2 ?y2 ?x3 ?y3 ?x4 ?y4 ) ), ( <= winByOpenQuad ( not lose ) ( not open ) ( true ( cell ?x1 ?y1 x ) ) ( true ( cell ?x2 ?y2 b ) ) ( true ( cell ?x3 ?y3 x ) ) ( true ( cell ?x4 ?y4 x ) ) ( square ?x1 ?y1 ?x2 ?y2 ?x3 ?y3 ?x4 ?y4 ) ), ( <= winByOpenQuad ( not lose ) ( not open ) ( true ( cell ?x1 ?y1 x ) ) ( true ( cell ?x2 ?y2 x ) ) ( true ( cell ?x3 ?y3 b ) ) ( true ( cell ?x4 ?y4 x ) ) ( square ?x1 ?y1 ?x2 ?y2 ?x3 ?y3 ?x4 ?y4 ) ), ( <= winByOpenQuad ( not lose ) ( not open ) ( true ( cell ?x1 ?y1 b ) ) ( true ( cell ?x2 ?y2 x ) ) ( true ( cell ?x3 ?y3 x ) ) ( true ( cell ?x4 ?y4 x ) ) ( square ?x1 ?y1 ?x2 ?y2 ?x3 ?y3 ?x4 ?y4 ) ), ( <= open ( true ( quad ?p ?c ) ) ( distinct ?c 0 ) ), ( <= ( more ?x 0 ) ( succ ?y ?x ) ), ( <= ( more ?x ?y ) ( succ ?x1 ?x ) ( succ ?y1 ?y ) ( more ?x1 ?y1 ) ), ( <= morewhite ( true ( white x ?a ) ) ( true ( white o ?b ) ) ( more ?a ?b ) ), ( <= lesswhite ( true ( white x ?a ) ) ( true ( white o ?b ) ) ( more ?b ?a ) ), ( <= equalwhite ( true ( white x ?a ) ) ( true ( white o ?a ) ) ), ( <= ( goal x 100 ) win ), ( <= ( goal x 95 ) ( not win ) winByOpenQuad ), ( <= ( goal x 90 ) ( not win ) ( not winByOpenQuad ) ( not lose ) ( not open ) morewhite ), ( <= ( goal x 50 ) ( not win ) ( not winByOpenQuad ) ( not lose ) ( not open ) equalwhite ), ( <= ( goal x 10 ) ( not win ) ( not winByOpenQuad ) ( not lose ) ( not open ) lesswhite ), ( <= ( goal x 0 ) lose ), ( <= ( goal o 100 ) lose ), ( <= ( goal o 90 ) ( not win ) ( not winByOpenQuad ) ( not lose ) ( not open ) lesswhite ), ( <= ( goal o 50 ) ( not win ) ( not winByOpenQuad ) ( not lose ) ( not open ) equalwhite ), ( <= ( goal o 10 ) ( not win ) ( not winByOpenQuad ) ( not lose ) ( not open ) morewhite ), ( <= ( goal o 5 ) ( not win ) winByOpenQuad ), ( <= ( goal o 0 ) win ), ( <= terminal win ), ( <= terminal lose ), ( <= terminal ( not open ) )]
LOG 1641840133253 [L3]: Start clock: 15
LOG 1641840133253 [L3]: Play clock: 10
LOG 1641840138246 [L0]: [Sent at 1641840138246] ready
LOG 1641840138247 [L0]: [Received at 1641840138247] ( PLAY 7.quad_7x7.1641840132808 NIL )
LOG 1641840138249 [L0]: [Sent at 1641840138249] ( block r7 c3 )
LOG 1641840138251 [L0]: [Received at 1641840138251] ( PLAY 7.quad_7x7.1641840132808 (( block r7 c3 ) noop ) )
LOG 1641840138253 [L0]: [Sent at 1641840138253] ( block r6 c5 )
LOG 1641840138256 [L0]: [Received at 1641840138256] ( PLAY 7.quad_7x7.1641840132808 (( block r6 c5 ) noop ) )
LOG 1641840138265 [L0]: [Sent at 1641840138265] ( mark r3 c2 )
LOG 1641840138267 [L0]: [Received at 1641840138267] ( PLAY 7.quad_7x7.1641840132808 (( mark r3 c2 ) noop ) )
LOG 1641840138271 [L0]: [Sent at 1641840138271] noop
LOG 1641840138273 [L0]: [Received at 1641840138273] ( PLAY 7.quad_7x7.1641840132808 (noop ( mark r4 c4 ) ) )
LOG 1641840138275 [L0]: [Sent at 1641840138275] ( block r3 c4 )
LOG 1641840138276 [L0]: [Received at 1641840138276] ( PLAY 7.quad_7x7.1641840132808 (( block r3 c4 ) noop ) )
LOG 1641840138278 [L0]: [Sent at 1641840138278] ( block r4 c6 )
LOG 1641840138280 [L0]: [Received at 1641840138280] ( PLAY 7.quad_7x7.1641840132808 (( block r4 c6 ) noop ) )
LOG 1641840138281 [L0]: [Sent at 1641840138281] ( block r6 c1 )
LOG 1641840138284 [L0]: [Received at 1641840138284] ( PLAY 7.quad_7x7.1641840132808 (( block r6 c1 ) noop ) )
LOG 1641840138285 [L0]: [Sent at 1641840138285] ( mark r7 c4 )
LOG 1641840138287 [L0]: [Received at 1641840138287] ( PLAY 7.quad_7x7.1641840132808 (( mark r7 c4 ) noop ) )
LOG 1641840138289 [L0]: [Sent at 1641840138289] noop
LOG 1641840138292 [L0]: [Received at 1641840138292] ( PLAY 7.quad_7x7.1641840132808 (noop ( mark r3 c3 ) ) )
LOG 1641840138293 [L0]: [Sent at 1641840138293] ( mark r7 c5 )
LOG 1641840138297 [L0]: [Received at 1641840138297] ( PLAY 7.quad_7x7.1641840132808 (( mark r7 c5 ) noop ) )
LOG 1641840138298 [L0]: [Sent at 1641840138298] noop
LOG 1641840138300 [L0]: [Received at 1641840138300] ( PLAY 7.quad_7x7.1641840132808 (noop ( block r1 c5 ) ) )
LOG 1641840138302 [L0]: [Sent at 1641840138302] noop
LOG 1641840138304 [L0]: [Received at 1641840138304] ( PLAY 7.quad_7x7.1641840132808 (noop ( block r3 c7 ) ) )
LOG 1641840138306 [L0]: [Sent at 1641840138306] noop
LOG 1641840138308 [L0]: [Received at 1641840138308] ( PLAY 7.quad_7x7.1641840132808 (noop ( block r2 c3 ) ) )
LOG 1641840138309 [L0]: [Sent at 1641840138309] noop
LOG 1641840138316 [L0]: [Received at 1641840138316] ( PLAY 7.quad_7x7.1641840132808 (noop ( mark r5 c3 ) ) )
LOG 1641840138317 [L0]: [Sent at 1641840138317] ( mark r6 c3 )
LOG 1641840138324 [L0]: [Received at 1641840138324] ( PLAY 7.quad_7x7.1641840132808 (( mark r6 c3 ) noop ) )
LOG 1641840138326 [L0]: [Sent at 1641840138326] noop
LOG 1641840138342 [L0]: [Received at 1641840138342] ( PLAY 7.quad_7x7.1641840132808 (noop ( mark r3 c5 ) ) )
LOG 1641840138344 [L0]: [Sent at 1641840138344] ( mark r6 c7 )
LOG 1641840138406 [L0]: [Received at 1641840138406] ( PLAY 7.quad_7x7.1641840132808 (( mark r6 c7 ) noop ) )
LOG 1641840138408 [L0]: [Sent at 1641840138408] noop
LOG 1641840138441 [L0]: [Received at 1641840138441] ( PLAY 7.quad_7x7.1641840132808 (noop ( mark r5 c6 ) ) )
LOG 1641840138442 [L0]: [Sent at 1641840138442] ( mark r4 c2 )
LOG 1641840138466 [L0]: [Received at 1641840138466] ( PLAY 7.quad_7x7.1641840132808 (( mark r4 c2 ) noop ) )
LOG 1641840138467 [L0]: [Sent at 1641840138467] noop
LOG 1641840138525 [L0]: [Received at 1641840138525] ( PLAY 7.quad_7x7.1641840132808 (noop ( mark r4 c5 ) ) )
LOG 1641840138526 [L0]: [Sent at 1641840138526] ( mark r5 c1 )
LOG 1641840138558 [L0]: [Received at 1641840138558] ( PLAY 7.quad_7x7.1641840132808 (( mark r5 c1 ) noop ) )
LOG 1641840138560 [L0]: [Sent at 1641840138560] noop
LOG 1641840138567 [L0]: [Received at 1641840138567] ( PLAY 7.quad_7x7.1641840132808 (noop ( block r6 c2 ) ) )
LOG 1641840138568 [L0]: [Sent at 1641840138568] noop
LOG 1641840138638 [L0]: [Received at 1641840138638] ( PLAY 7.quad_7x7.1641840132808 (noop ( mark r5 c2 ) ) )
LOG 1641840138639 [L0]: [Sent at 1641840138639] ( mark r3 c6 )
LOG 1641840138710 [L0]: [Received at 1641840138710] ( PLAY 7.quad_7x7.1641840132808 (( mark r3 c6 ) noop ) )
LOG 1641840138712 [L0]: [Sent at 1641840138712] noop
LOG 1641840138723 [L0]: [Received at 1641840138723] ( PLAY 7.quad_7x7.1641840132808 (noop ( block r7 c6 ) ) )
LOG 1641840138724 [L0]: [Sent at 1641840138724] noop
LOG 1641840138805 [L0]: [Received at 1641840138805] ( PLAY 7.quad_7x7.1641840132808 (noop ( mark r4 c1 ) ) )
LOG 1641840138807 [L0]: [Sent at 1641840138807] ( mark r4 c7 )
LOG 1641840138926 [L0]: [Received at 1641840138926] ( PLAY 7.quad_7x7.1641840132808 (( mark r4 c7 ) noop ) )
LOG 1641840138928 [L0]: [Sent at 1641840138928] noop
LOG 1641840139064 [L0]: [Received at 1641840139064] ( PLAY 7.quad_7x7.1641840132808 (noop ( mark r2 c2 ) ) )
LOG 1641840139066 [L0]: [Sent at 1641840139066] ( mark r4 c3 )
LOG 1641840139367 [L0]: [Received at 1641840139367] ( STOP 7.quad_7x7.1641840132808 (( mark r4 c3 ) noop ) )
LOG 1641840139368 [L3]: Stopped logging to files at: Mon Jan 10 19:42:19 CET 2022
LOG 1641840139368 [L3]: LOG SEALED
