LOG 1641835534549 [L3]: Started match logging at: Mon Jan 10 18:25:34 CET 2022
LOG 1641835534551 [L3]: Game rules: [( role white ), ( role black ), ( <= ( base ( cell ?x ?y ?p ) ) ( index ?x ) ( index ?y ) ( role ?p ) ), ( <= ( base ( control ?p ) ) ( role ?p ) ), ( <= ( input ?p noop ) ( role ?p ) ), ( <= ( input ?p ( move ?x1 ?y1 ?x2 ?y2 ) ) ( role ?p ) ( index ?x1 ) ( index ?x2 ) ( index ?y1 ) ( index ?y2 ) ), ( init ( cell 1 1 white ) ), ( init ( cell 2 1 white ) ), ( init ( cell 3 1 white ) ), ( init ( cell 4 1 white ) ), ( init ( cell 5 1 white ) ), ( init ( cell 6 1 white ) ), ( init ( cell 7 1 white ) ), ( init ( cell 8 1 white ) ), ( init ( cell 1 2 white ) ), ( init ( cell 2 2 white ) ), ( init ( cell 3 2 white ) ), ( init ( cell 4 2 white ) ), ( init ( cell 5 2 white ) ), ( init ( cell 6 2 white ) ), ( init ( cell 7 2 white ) ), ( init ( cell 8 2 white ) ), ( init ( cell 1 7 black ) ), ( init ( cell 2 7 black ) ), ( init ( cell 3 7 black ) ), ( init ( cell 4 7 black ) ), ( init ( cell 5 7 black ) ), ( init ( cell 6 7 black ) ), ( init ( cell 7 7 black ) ), ( init ( cell 8 7 black ) ), ( init ( cell 1 8 black ) ), ( init ( cell 2 8 black ) ), ( init ( cell 3 8 black ) ), ( init ( cell 4 8 black ) ), ( init ( cell 5 8 black ) ), ( init ( cell 6 8 black ) ), ( init ( cell 7 8 black ) ), ( init ( cell 8 8 black ) ), ( init ( control white ) ), ( <= ( legal white noop ) ( true ( control black ) ) ), ( <= ( legal black noop ) ( true ( control white ) ) ), ( <= ( legal white ( move ?x1 ?y1 ?x2 ?y2 ) ) ( true ( control white ) ) ( true ( cell ?x1 ?y1 white ) ) ( whiteknightmove ?x1 ?y1 ?x2 ?y2 ) ( not ( true ( cell ?x2 ?y2 white ) ) ) ), ( <= ( legal black ( move ?x1 ?y1 ?x2 ?y2 ) ) ( true ( control black ) ) ( true ( cell ?x1 ?y1 black ) ) ( blackknightmove ?x1 ?y1 ?x2 ?y2 ) ( not ( true ( cell ?x2 ?y2 black ) ) ) ), ( <= ( next ( cell ?x ?y ?state ) ) ( true ( cell ?x ?y ?state ) ) ( does ?player ( move ?x1 ?y1 ?x2 ?y2 ) ) ( distinctcell ?x ?y ?x1 ?y1 ) ( distinctcell ?x ?y ?x2 ?y2 ) ), ( <= ( next ( cell ?x2 ?y2 ?player ) ) ( does ?player ( move ?x1 ?y1 ?x2 ?y2 ) ) ), ( <= ( next ( control black ) ) ( true ( control white ) ) ), ( <= ( next ( control white ) ) ( true ( control black ) ) ), ( <= terminal whitewin ), ( <= terminal blackwin ), ( <= ( goal white 100 ) whitewin ), ( <= ( goal white 0 ) blackwin ), ( <= ( goal black 100 ) blackwin ), ( <= ( goal black 0 ) whitewin ), ( <= whitewin ( index ?x ) ( true ( cell ?x 8 white ) ) ), ( <= blackwin ( index ?x ) ( true ( cell ?x 1 black ) ) ), ( <= whitewin ( not ( hasAnyPiece black ) ) ), ( <= blackwin ( not ( hasAnyPiece white ) ) ), ( <= ( hasAnyPiece ?player ) ( true ( cell ?x ?y ?player ) ) ), ( <= ( whiteknightmove ?x1 ?y1 ?x2 ?y2 ) ( plus 1 ?x1 ?x2 ) ( plus 2 ?y1 ?y2 ) ), ( <= ( whiteknightmove ?x1 ?y1 ?x2 ?y2 ) ( plus 1 ?x2 ?x1 ) ( plus 2 ?y1 ?y2 ) ), ( <= ( whiteknightmove ?x1 ?y1 ?x2 ?y2 ) ( plus 2 ?x1 ?x2 ) ( plus 1 ?y1 ?y2 ) ), ( <= ( whiteknightmove ?x1 ?y1 ?x2 ?y2 ) ( plus 2 ?x2 ?x1 ) ( plus 1 ?y1 ?y2 ) ), ( <= ( blackknightmove ?x1 ?y1 ?x2 ?y2 ) ( plus 1 ?x1 ?x2 ) ( plus 2 ?y2 ?y1 ) ), ( <= ( blackknightmove ?x1 ?y1 ?x2 ?y2 ) ( plus 1 ?x2 ?x1 ) ( plus 2 ?y2 ?y1 ) ), ( <= ( blackknightmove ?x1 ?y1 ?x2 ?y2 ) ( plus 2 ?x1 ?x2 ) ( plus 1 ?y2 ?y1 ) ), ( <= ( blackknightmove ?x1 ?y1 ?x2 ?y2 ) ( plus 2 ?x2 ?x1 ) ( plus 1 ?y2 ?y1 ) ), ( <= ( cell ?x ?y ) ( index ?x ) ( index ?y ) ), ( <= ( distinctcell ?x1 ?y1 ?x2 ?y2 ) ( cell ?x1 ?y1 ) ( cell ?x2 ?y2 ) ( distinct ?x1 ?x2 ) ), ( <= ( distinctcell ?x1 ?y1 ?x2 ?y2 ) ( cell ?x1 ?y1 ) ( cell ?x2 ?y2 ) ( distinct ?y1 ?y2 ) ), ( index 1 ), ( index 2 ), ( index 3 ), ( index 4 ), ( index 5 ), ( index 6 ), ( index 7 ), ( index 8 ), ( plus 1 1 2 ), ( plus 1 2 3 ), ( plus 1 3 4 ), ( plus 1 4 5 ), ( plus 1 5 6 ), ( plus 1 6 7 ), ( plus 1 7 8 ), ( plus 2 1 3 ), ( plus 2 2 4 ), ( plus 2 3 5 ), ( plus 2 4 6 ), ( plus 2 5 7 ), ( plus 2 6 8 )]
LOG 1641835534557 [L3]: Start clock: 15
LOG 1641835534557 [L3]: Play clock: 10
LOG 1641835539550 [L0]: [Sent at 1641835539550] ready
LOG 1641835539552 [L0]: [Received at 1641835539552] ( PLAY 2.knightThrough.1641835532950 NIL )
LOG 1641835539554 [L0]: [Sent at 1641835539554] noop
LOG 1641835539558 [L0]: [Received at 1641835539558] ( PLAY 2.knightThrough.1641835532950 (( move 2 2 4 3 ) noop ) )
LOG 1641835539563 [L0]: [Sent at 1641835539563] ( move 3 8 2 6 )
LOG 1641835539569 [L0]: [Received at 1641835539569] ( PLAY 2.knightThrough.1641835532950 (noop ( move 3 8 2 6 ) ) )
LOG 1641835539580 [L0]: [Sent at 1641835539580] noop
LOG 1641835539583 [L0]: [Received at 1641835539583] ( PLAY 2.knightThrough.1641835532950 (( move 4 1 5 3 ) noop ) )
LOG 1641835539590 [L0]: [Sent at 1641835539590] ( move 8 8 7 6 )
LOG 1641835539593 [L0]: [Received at 1641835539593] ( PLAY 2.knightThrough.1641835532950 (noop ( move 8 8 7 6 ) ) )
LOG 1641835539594 [L0]: [Sent at 1641835539594] noop
LOG 1641835539597 [L0]: [Received at 1641835539597] ( PLAY 2.knightThrough.1641835532950 (( move 5 3 3 4 ) noop ) )
LOG 1641835539599 [L0]: [Sent at 1641835539599] ( move 7 8 6 6 )
LOG 1641835539602 [L0]: [Received at 1641835539602] ( PLAY 2.knightThrough.1641835532950 (noop ( move 7 8 6 6 ) ) )
LOG 1641835539604 [L0]: [Sent at 1641835539604] noop
LOG 1641835539607 [L0]: [Received at 1641835539607] ( PLAY 2.knightThrough.1641835532950 (( move 1 1 2 3 ) noop ) )
LOG 1641835539608 [L0]: [Sent at 1641835539608] ( move 6 7 5 5 )
LOG 1641835539611 [L0]: [Received at 1641835539611] ( PLAY 2.knightThrough.1641835532950 (noop ( move 6 7 5 5 ) ) )
LOG 1641835539612 [L0]: [Sent at 1641835539612] noop
LOG 1641835539615 [L0]: [Received at 1641835539615] ( PLAY 2.knightThrough.1641835532950 (( move 3 4 4 6 ) noop ) )
LOG 1641835539617 [L0]: [Sent at 1641835539617] ( move 7 7 8 5 )
LOG 1641835539619 [L0]: [Received at 1641835539619] ( PLAY 2.knightThrough.1641835532950 (noop ( move 7 7 8 5 ) ) )
LOG 1641835539621 [L0]: [Sent at 1641835539621] noop
LOG 1641835539623 [L0]: [Received at 1641835539623] ( PLAY 2.knightThrough.1641835532950 (( move 8 2 6 3 ) noop ) )
LOG 1641835539625 [L0]: [Sent at 1641835539625] ( move 5 5 4 3 )
LOG 1641835539627 [L0]: [Received at 1641835539627] ( PLAY 2.knightThrough.1641835532950 (noop ( move 5 5 4 3 ) ) )
LOG 1641835539628 [L0]: [Sent at 1641835539628] noop
LOG 1641835539630 [L0]: [Received at 1641835539630] ( PLAY 2.knightThrough.1641835532950 (( move 3 2 2 4 ) noop ) )
LOG 1641835539632 [L0]: [Sent at 1641835539632] ( move 2 8 3 6 )
LOG 1641835539634 [L0]: [Received at 1641835539634] ( PLAY 2.knightThrough.1641835532950 (noop ( move 2 8 3 6 ) ) )
LOG 1641835539635 [L0]: [Sent at 1641835539635] noop
LOG 1641835539639 [L0]: [Received at 1641835539639] ( PLAY 2.knightThrough.1641835532950 (( move 2 1 1 3 ) noop ) )
LOG 1641835539640 [L0]: [Sent at 1641835539640] ( move 3 6 2 4 )
LOG 1641835539642 [L0]: [Received at 1641835539642] ( PLAY 2.knightThrough.1641835532950 (noop ( move 3 6 2 4 ) ) )
LOG 1641835539643 [L0]: [Sent at 1641835539643] noop
LOG 1641835539645 [L0]: [Received at 1641835539645] ( PLAY 2.knightThrough.1641835532950 (( move 6 3 5 5 ) noop ) )
LOG 1641835539647 [L0]: [Sent at 1641835539647] ( move 2 7 4 6 )
LOG 1641835539649 [L0]: [Received at 1641835539649] ( PLAY 2.knightThrough.1641835532950 (noop ( move 2 7 4 6 ) ) )
LOG 1641835539650 [L0]: [Sent at 1641835539650] noop
LOG 1641835539653 [L0]: [Received at 1641835539653] ( PLAY 2.knightThrough.1641835532950 (( move 5 2 3 3 ) noop ) )
LOG 1641835539654 [L0]: [Sent at 1641835539654] ( move 4 7 5 5 )
LOG 1641835539656 [L0]: [Received at 1641835539656] ( PLAY 2.knightThrough.1641835532950 (noop ( move 4 7 5 5 ) ) )
LOG 1641835539657 [L0]: [Sent at 1641835539657] noop
LOG 1641835539660 [L0]: [Received at 1641835539660] ( PLAY 2.knightThrough.1641835532950 (( move 6 2 7 4 ) noop ) )
LOG 1641835539661 [L0]: [Sent at 1641835539661] ( move 4 3 3 1 )
LOG 1641835539663 [L0]: [Received at 1641835539663] ( STOP 2.knightThrough.1641835532950 (noop ( move 4 3 3 1 ) ) )
LOG 1641835539664 [L3]: Stopped logging to files at: Mon Jan 10 18:25:39 CET 2022
LOG 1641835539664 [L3]: LOG SEALED
