LOG 1641834565950 [L3]: Returning initial state machine.
LOG 1641834565951 [L3]: Returning PropNet state machine without cache.
LOG 1641834565952 [L3]: Starting metagame with available thinking time 4988ms.
LOG 1641834565955 [L3]: Starting search during metagame.
LOG 1641834570940 [L3]: Done searching during metagame.
LOG 1641834570945 [L3]: Starting move selection for game step 1 with available time 0ms.
LOG 1641834570946 [L3]: No time to select next move using MCTS. Returning random move noop.
LOG 1641834570952 [L3]: Starting move selection for game step 2 with available time 0ms.
LOG 1641834570958 [L3]: No time to select next move using MCTS. Returning random move ( move 1 7 1 6 ).
LOG 1641834570964 [L3]: Starting move selection for game step 3 with available time 0ms.
LOG 1641834570975 [L3]: No time to select next move using MCTS. Returning random move noop.
LOG 1641834570981 [L3]: Starting move selection for game step 4 with available time 0ms.
LOG 1641834570989 [L3]: No time to select next move using MCTS. Returning random move ( move 1 6 1 5 ).
LOG 1641834570994 [L3]: Starting move selection for game step 5 with available time 0ms.
LOG 1641834570994 [L3]: No time to select next move using MCTS. Returning random move noop.
LOG 1641834570999 [L3]: Starting move selection for game step 6 with available time 0ms.
LOG 1641834570999 [L3]: No time to select next move using MCTS. Returning random move ( move 4 7 5 6 ).
LOG 1641834571024 [L3]: Starting move selection for game step 7 with available time 0ms.
LOG 1641834571025 [L3]: No time to select next move using MCTS. Returning random move noop.
LOG 1641834571030 [L3]: Starting move selection for game step 8 with available time 0ms.
LOG 1641834571030 [L3]: No time to select next move using MCTS. Returning random move ( move 2 7 2 6 ).
LOG 1641834571035 [L3]: Starting move selection for game step 9 with available time 0ms.
LOG 1641834571036 [L3]: No time to select next move using MCTS. Returning random move noop.
LOG 1641834571040 [L3]: Starting move selection for game step 10 with available time 0ms.
LOG 1641834571041 [L3]: No time to select next move using MCTS. Returning random move ( move 8 7 8 6 ).
LOG 1641834571046 [L3]: Starting move selection for game step 11 with available time 0ms.
LOG 1641834571046 [L3]: No time to select next move using MCTS. Returning random move noop.
LOG 1641834571052 [L3]: Starting move selection for game step 12 with available time 0ms.
LOG 1641834571052 [L3]: No time to select next move using MCTS. Returning random move ( move 7 7 6 6 ).
LOG 1641834571056 [L3]: Starting move selection for game step 13 with available time 0ms.
LOG 1641834571057 [L3]: No time to select next move using MCTS. Returning random move noop.
LOG 1641834571061 [L3]: Starting move selection for game step 14 with available time 0ms.
LOG 1641834571061 [L3]: No time to select next move using MCTS. Returning random move ( move 5 7 4 6 ).
LOG 1641834571066 [L3]: Starting move selection for game step 15 with available time 0ms.
LOG 1641834571066 [L3]: No time to select next move using MCTS. Returning random move noop.
LOG 1641834571071 [L3]: Starting move selection for game step 16 with available time 0ms.
LOG 1641834571071 [L3]: No time to select next move using MCTS. Returning random move ( move 6 6 7 5 ).
LOG 1641834571076 [L3]: Starting move selection for game step 17 with available time 0ms.
LOG 1641834571077 [L3]: No time to select next move using MCTS. Returning random move noop.
LOG 1641834571085 [L3]: Starting move selection for game step 18 with available time 0ms.
LOG 1641834571086 [L3]: No time to select next move using MCTS. Returning random move ( move 7 5 8 4 ).
LOG 1641834571091 [L3]: Starting move selection for game step 19 with available time 0ms.
LOG 1641834571091 [L3]: No time to select next move using MCTS. Returning random move noop.
LOG 1641834571096 [L3]: Starting move selection for game step 20 with available time 0ms.
LOG 1641834571096 [L3]: No time to select next move using MCTS. Returning random move ( move 4 6 4 5 ).
LOG 1641834571101 [L3]: Starting move selection for game step 21 with available time 0ms.
LOG 1641834571102 [L3]: No time to select next move using MCTS. Returning random move noop.
LOG 1641834571107 [L3]: Starting move selection for game step 22 with available time -1ms.
LOG 1641834571107 [L3]: No time to select next move using MCTS. Returning random move ( move 8 4 8 3 ).
LOG 1641834571111 [L3]: Starting move selection for game step 23 with available time 0ms.
LOG 1641834571111 [L3]: No time to select next move using MCTS. Returning random move noop.
LOG 1641834571116 [L3]: Starting move selection for game step 24 with available time 0ms.
LOG 1641834571116 [L3]: No time to select next move using MCTS. Returning random move ( move 1 5 2 4 ).
LOG 1641834571121 [L3]: Starting move selection for game step 25 with available time 0ms.
LOG 1641834571121 [L3]: No time to select next move using MCTS. Returning random move noop.
LOG 1641834571125 [L3]: Starting move selection for game step 26 with available time 0ms.
LOG 1641834571126 [L3]: No time to select next move using MCTS. Returning random move ( move 6 8 7 7 ).
LOG 1641834571129 [L3]: Starting move selection for game step 27 with available time 0ms.
LOG 1641834571130 [L3]: No time to select next move using MCTS. Returning random move noop.
LOG 1641834571134 [L3]: Starting move selection for game step 28 with available time 0ms.
LOG 1641834571134 [L3]: No time to select next move using MCTS. Returning random move ( move 3 7 3 6 ).
LOG 1641834571138 [L3]: Starting move selection for game step 29 with available time 0ms.
LOG 1641834571139 [L3]: No time to select next move using MCTS. Returning random move noop.
LOG 1641834571144 [L3]: Starting move selection for game step 30 with available time 0ms.
LOG 1641834571144 [L3]: No time to select next move using MCTS. Returning random move ( move 2 6 3 5 ).
LOG 1641834571149 [L3]: Starting move selection for game step 31 with available time 0ms.
LOG 1641834571149 [L3]: No time to select next move using MCTS. Returning random move noop.
LOG 1641834571153 [L3]: Starting move selection for game step 32 with available time 0ms.
LOG 1641834571153 [L3]: No time to select next move using MCTS. Returning random move ( move 2 4 1 3 ).
LOG 1641834571157 [L3]: Starting move selection for game step 33 with available time 0ms.
LOG 1641834571158 [L3]: No time to select next move using MCTS. Returning random move noop.
LOG 1641834571162 [L3]: Starting move selection for game step 34 with available time 0ms.
LOG 1641834571163 [L3]: No time to select next move using MCTS. Returning random move ( move 6 7 6 6 ).
LOG 1641834571167 [L3]: Starting move selection for game step 35 with available time 0ms.
LOG 1641834571167 [L3]: No time to select next move using MCTS. Returning random move noop.
LOG 1641834571171 [L3]: Starting move selection for game step 36 with available time 0ms.
LOG 1641834571171 [L3]: No time to select next move using MCTS. Returning random move ( move 7 7 7 6 ).
LOG 1641834571176 [L3]: Starting move selection for game step 37 with available time 0ms.
LOG 1641834571176 [L3]: No time to select next move using MCTS. Returning random move noop.
LOG 1641834571181 [L3]: Starting move selection for game step 38 with available time -1ms.
LOG 1641834571181 [L3]: No time to select next move using MCTS. Returning random move ( move 2 8 3 7 ).
LOG 1641834571185 [L3]: Starting move selection for game step 39 with available time 0ms.
LOG 1641834571185 [L3]: No time to select next move using MCTS. Returning random move noop.
LOG 1641834571189 [L3]: Starting move selection for game step 40 with available time 0ms.
LOG 1641834571190 [L3]: No time to select next move using MCTS. Returning random move ( move 1 8 1 7 ).
LOG 1641834571194 [L3]: Starting move selection for game step 41 with available time 0ms.
LOG 1641834571194 [L3]: No time to select next move using MCTS. Returning random move noop.
LOG 1641834571198 [L3]: Starting move selection for game step 42 with available time 0ms.
LOG 1641834571199 [L3]: No time to select next move using MCTS. Returning random move ( move 5 8 6 7 ).
LOG 1641834571203 [L3]: Starting move selection for game step 43 with available time 0ms.
LOG 1641834571203 [L3]: No time to select next move using MCTS. Returning random move noop.
LOG 1641834571207 [L3]: Starting move selection for game step 44 with available time 0ms.
LOG 1641834571207 [L3]: No time to select next move using MCTS. Returning random move ( move 6 6 5 5 ).
LOG 1641834571211 [L3]: Starting move selection for game step 45 with available time 0ms.
LOG 1641834571212 [L3]: No time to select next move using MCTS. Returning random move noop.
LOG 1641834571215 [L3]: Starting move selection for game step 46 with available time 0ms.
LOG 1641834571215 [L3]: No time to select next move using MCTS. Returning random move ( move 3 7 2 6 ).
LOG 1641834571219 [L3]: Starting move selection for game step 47 with available time 0ms.
LOG 1641834571219 [L3]: No time to select next move using MCTS. Returning random move noop.
LOG 1641834571224 [L3]: Starting move selection for game step 48 with available time 0ms.
LOG 1641834571224 [L3]: No time to select next move using MCTS. Returning random move ( move 8 6 7 5 ).
LOG 1641834571228 [L3]: Starting move selection for game step 49 with available time 0ms.
LOG 1641834571228 [L3]: No time to select next move using MCTS. Returning random move noop.
LOG 1641834571232 [L3]: Starting move selection for game step 50 with available time 0ms.
LOG 1641834571232 [L3]: No time to select next move using MCTS. Returning random move ( move 3 5 2 4 ).
LOG 1641834571236 [L3]: Starting move selection for game step 51 with available time 0ms.
LOG 1641834571237 [L3]: No time to select next move using MCTS. Returning random move noop.
LOG 1641834571244 [L3]: Starting move selection for game step 52 with available time 0ms.
LOG 1641834571244 [L3]: No time to select next move using MCTS. Returning random move ( move 1 3 2 2 ).
LOG 1641834571248 [L3]: Starting move selection for game step 53 with available time 0ms.
LOG 1641834571248 [L3]: No time to select next move using MCTS. Returning random move noop.
LOG 1641834571252 [L3]: Starting move selection for game step 54 with available time 0ms.
LOG 1641834571253 [L3]: No time to select next move using MCTS. Returning random move ( move 7 6 8 5 ).
LOG 1641834571257 [L3]: Starting move selection for game step 55 with available time 0ms.
LOG 1641834571257 [L3]: No time to select next move using MCTS. Returning random move noop.
