LOG 1641834242712 [L3]: Returning initial state machine.
LOG 1641834242712 [L3]: Returning PropNet state machine without cache.
LOG 1641834242713 [L3]: Starting metagame with available thinking time 4990ms.
LOG 1641834242714 [L3]: Starting search during metagame.
LOG 1641834247703 [L3]: Done searching during metagame.
LOG 1641834247706 [L3]: Starting move selection for game step 1 with available time 0ms.
LOG 1641834247707 [L3]: No time to select next move using MCTS. Returning random move noop.
LOG 1641834247711 [L3]: Starting move selection for game step 2 with available time 0ms.
LOG 1641834247712 [L3]: No time to select next move using MCTS. Returning random move ( move 4 7 5 6 ).
LOG 1641834247716 [L3]: Starting move selection for game step 3 with available time 0ms.
LOG 1641834247724 [L3]: No time to select next move using MCTS. Returning random move noop.
LOG 1641834247728 [L3]: Starting move selection for game step 4 with available time 0ms.
LOG 1641834247730 [L3]: No time to select next move using MCTS. Returning random move ( move 7 7 8 6 ).
LOG 1641834247734 [L3]: Starting move selection for game step 5 with available time 0ms.
LOG 1641834247734 [L3]: No time to select next move using MCTS. Returning random move noop.
LOG 1641834247739 [L3]: Starting move selection for game step 6 with available time 0ms.
LOG 1641834247740 [L3]: No time to select next move using MCTS. Returning random move ( move 3 7 3 6 ).
LOG 1641834247744 [L3]: Starting move selection for game step 7 with available time 0ms.
LOG 1641834247744 [L3]: No time to select next move using MCTS. Returning random move noop.
LOG 1641834247750 [L3]: Starting move selection for game step 8 with available time -1ms.
LOG 1641834247750 [L3]: No time to select next move using MCTS. Returning random move ( move 6 7 7 6 ).
LOG 1641834247754 [L3]: Starting move selection for game step 9 with available time 0ms.
LOG 1641834247754 [L3]: No time to select next move using MCTS. Returning random move noop.
LOG 1641834247758 [L3]: Starting move selection for game step 10 with available time 0ms.
LOG 1641834247758 [L3]: No time to select next move using MCTS. Returning random move ( move 3 8 3 7 ).
LOG 1641834247762 [L3]: Starting move selection for game step 11 with available time 0ms.
LOG 1641834247763 [L3]: No time to select next move using MCTS. Returning random move noop.
LOG 1641834247766 [L3]: Starting move selection for game step 12 with available time 0ms.
LOG 1641834247766 [L3]: No time to select next move using MCTS. Returning random move ( move 7 8 6 7 ).
LOG 1641834247770 [L3]: Starting move selection for game step 13 with available time 0ms.
LOG 1641834247770 [L3]: No time to select next move using MCTS. Returning random move noop.
LOG 1641834247774 [L3]: Starting move selection for game step 14 with available time 0ms.
LOG 1641834247774 [L3]: No time to select next move using MCTS. Returning random move ( move 5 6 6 5 ).
LOG 1641834247778 [L3]: Starting move selection for game step 15 with available time 0ms.
LOG 1641834247779 [L3]: No time to select next move using MCTS. Returning random move noop.
LOG 1641834247782 [L3]: Starting move selection for game step 16 with available time 0ms.
LOG 1641834247783 [L3]: No time to select next move using MCTS. Returning random move ( move 8 6 7 5 ).
LOG 1641834247786 [L3]: Starting move selection for game step 17 with available time 0ms.
LOG 1641834247786 [L3]: No time to select next move using MCTS. Returning random move noop.
LOG 1641834247792 [L3]: Starting move selection for game step 18 with available time 0ms.
LOG 1641834247792 [L3]: No time to select next move using MCTS. Returning random move ( move 3 6 4 5 ).
LOG 1641834247796 [L3]: Starting move selection for game step 19 with available time 0ms.
LOG 1641834247797 [L3]: No time to select next move using MCTS. Returning random move noop.
LOG 1641834247802 [L3]: Starting move selection for game step 20 with available time -1ms.
LOG 1641834247802 [L3]: No time to select next move using MCTS. Returning random move ( move 6 8 7 7 ).
LOG 1641834247807 [L3]: Starting move selection for game step 21 with available time 0ms.
LOG 1641834247807 [L3]: No time to select next move using MCTS. Returning random move noop.
LOG 1641834247811 [L3]: Starting move selection for game step 22 with available time 0ms.
LOG 1641834247812 [L3]: No time to select next move using MCTS. Returning random move ( move 2 7 1 6 ).
LOG 1641834247815 [L3]: Starting move selection for game step 23 with available time 0ms.
LOG 1641834247816 [L3]: No time to select next move using MCTS. Returning random move noop.
LOG 1641834247821 [L3]: Starting move selection for game step 24 with available time 0ms.
LOG 1641834247821 [L3]: No time to select next move using MCTS. Returning random move ( move 5 7 4 6 ).
LOG 1641834247826 [L3]: Starting move selection for game step 25 with available time 0ms.
LOG 1641834247826 [L3]: No time to select next move using MCTS. Returning random move noop.
LOG 1641834247830 [L3]: Starting move selection for game step 26 with available time 0ms.
LOG 1641834247831 [L3]: No time to select next move using MCTS. Returning random move ( move 4 5 4 4 ).
LOG 1641834247834 [L3]: Starting move selection for game step 27 with available time 0ms.
LOG 1641834247834 [L3]: No time to select next move using MCTS. Returning random move noop.
LOG 1641834247838 [L3]: Starting move selection for game step 28 with available time 0ms.
LOG 1641834247838 [L3]: No time to select next move using MCTS. Returning random move ( move 6 7 6 6 ).
LOG 1641834247842 [L3]: Starting move selection for game step 29 with available time 0ms.
LOG 1641834247842 [L3]: No time to select next move using MCTS. Returning random move noop.
LOG 1641834247847 [L3]: Starting move selection for game step 30 with available time 0ms.
LOG 1641834247847 [L3]: No time to select next move using MCTS. Returning random move ( move 2 8 2 7 ).
LOG 1641834247851 [L3]: Starting move selection for game step 31 with available time 0ms.
LOG 1641834247851 [L3]: No time to select next move using MCTS. Returning random move noop.
LOG 1641834247856 [L3]: Starting move selection for game step 32 with available time 0ms.
LOG 1641834247856 [L3]: No time to select next move using MCTS. Returning random move ( move 4 4 3 3 ).
LOG 1641834247860 [L3]: Starting move selection for game step 33 with available time 0ms.
LOG 1641834247861 [L3]: No time to select next move using MCTS. Returning random move noop.
LOG 1641834247864 [L3]: Starting move selection for game step 34 with available time 0ms.
LOG 1641834247865 [L3]: No time to select next move using MCTS. Returning random move ( move 4 6 5 5 ).
LOG 1641834247868 [L3]: Starting move selection for game step 35 with available time 0ms.
LOG 1641834247868 [L3]: No time to select next move using MCTS. Returning random move noop.
LOG 1641834247873 [L3]: Starting move selection for game step 36 with available time 0ms.
LOG 1641834247873 [L3]: No time to select next move using MCTS. Returning random move ( move 5 5 4 4 ).
LOG 1641834247876 [L3]: Starting move selection for game step 37 with available time 0ms.
LOG 1641834247877 [L3]: No time to select next move using MCTS. Returning random move noop.
LOG 1641834247881 [L3]: Starting move selection for game step 38 with available time 0ms.
LOG 1641834247881 [L3]: No time to select next move using MCTS. Returning random move ( move 7 6 8 5 ).
LOG 1641834247892 [L3]: Starting move selection for game step 39 with available time 0ms.
LOG 1641834247893 [L3]: No time to select next move using MCTS. Returning random move noop.
LOG 1641834247898 [L3]: Starting move selection for game step 40 with available time 0ms.
LOG 1641834247898 [L3]: No time to select next move using MCTS. Returning random move ( move 6 5 6 4 ).
LOG 1641834247903 [L3]: Starting move selection for game step 41 with available time 0ms.
LOG 1641834247903 [L3]: No time to select next move using MCTS. Returning random move noop.
LOG 1641834247908 [L3]: Starting move selection for game step 42 with available time 0ms.
LOG 1641834247908 [L3]: No time to select next move using MCTS. Returning random move ( move 8 5 8 4 ).
LOG 1641834247913 [L3]: Starting move selection for game step 43 with available time 0ms.
LOG 1641834247913 [L3]: No time to select next move using MCTS. Returning random move noop.
LOG 1641834247917 [L3]: Starting move selection for game step 44 with available time 0ms.
LOG 1641834247918 [L3]: No time to select next move using MCTS. Returning random move ( move 6 4 5 3 ).
LOG 1641834247921 [L3]: Starting move selection for game step 45 with available time 0ms.
LOG 1641834247922 [L3]: No time to select next move using MCTS. Returning random move noop.
LOG 1641834247925 [L3]: Starting move selection for game step 46 with available time 0ms.
LOG 1641834247925 [L3]: No time to select next move using MCTS. Returning random move ( move 6 6 5 5 ).
LOG 1641834247930 [L3]: Starting move selection for game step 47 with available time 0ms.
LOG 1641834247930 [L3]: No time to select next move using MCTS. Returning random move noop.
LOG 1641834247935 [L3]: Starting move selection for game step 48 with available time 0ms.
LOG 1641834247935 [L3]: No time to select next move using MCTS. Returning random move ( move 2 7 2 6 ).
LOG 1641834247939 [L3]: Starting move selection for game step 49 with available time 0ms.
LOG 1641834247939 [L3]: No time to select next move using MCTS. Returning random move noop.
LOG 1641834247943 [L3]: Starting move selection for game step 50 with available time 0ms.
LOG 1641834247943 [L3]: No time to select next move using MCTS. Returning random move ( move 7 5 6 4 ).
LOG 1641834247947 [L3]: Starting move selection for game step 51 with available time 0ms.
LOG 1641834247947 [L3]: No time to select next move using MCTS. Returning random move noop.
LOG 1641834247951 [L3]: Starting move selection for game step 52 with available time 0ms.
LOG 1641834247951 [L3]: No time to select next move using MCTS. Returning random move ( move 8 7 7 6 ).
LOG 1641834247955 [L3]: Starting move selection for game step 53 with available time 0ms.
LOG 1641834247955 [L3]: No time to select next move using MCTS. Returning random move noop.
LOG 1641834247959 [L3]: Starting move selection for game step 54 with available time 0ms.
LOG 1641834247959 [L3]: No time to select next move using MCTS. Returning random move ( move 4 8 5 7 ).
LOG 1641834247962 [L3]: Starting move selection for game step 55 with available time 0ms.
LOG 1641834247963 [L3]: No time to select next move using MCTS. Returning random move noop.
LOG 1641834247966 [L3]: Starting move selection for game step 56 with available time 0ms.
LOG 1641834247966 [L3]: No time to select next move using MCTS. Returning random move ( move 8 4 8 3 ).
LOG 1641834247970 [L3]: Starting move selection for game step 57 with available time 0ms.
LOG 1641834247970 [L3]: No time to select next move using MCTS. Returning random move noop.
LOG 1641834247973 [L3]: Starting move selection for game step 58 with available time 0ms.
LOG 1641834247974 [L3]: No time to select next move using MCTS. Returning random move ( move 1 6 2 5 ).
LOG 1641834247977 [L3]: Starting move selection for game step 59 with available time 0ms.
LOG 1641834247977 [L3]: No time to select next move using MCTS. Returning random move noop.
LOG 1641834247980 [L3]: Starting move selection for game step 60 with available time 0ms.
LOG 1641834247980 [L3]: No time to select next move using MCTS. Returning random move ( move 5 8 4 7 ).
LOG 1641834247984 [L3]: Starting move selection for game step 61 with available time 0ms.
LOG 1641834247984 [L3]: No time to select next move using MCTS. Returning random move noop.
