LOG 1641834242704 [L3]: Started match logging at: Mon Jan 10 18:04:02 CET 2022
LOG 1641834242705 [L3]: Game rules: [( role white ), ( role black ), ( <= ( base ( cellHolds ?x ?y ?p ) ) ( index ?x ) ( index ?y ) ( role ?p ) ), ( <= ( base ( control ?p ) ) ( role ?p ) ), ( <= ( input ?p noop ) ( role ?p ) ), ( <= ( input white ( move ?x ?y1 ?x ?y2 ) ) ( index ?x ) ( succ ?y1 ?y2 ) ), ( <= ( input white ( move ?x1 ?y1 ?x2 ?y2 ) ) ( succ ?y1 ?y2 ) ( succ ?x1 ?x2 ) ), ( <= ( input white ( move ?x1 ?y1 ?x2 ?y2 ) ) ( succ ?y1 ?y2 ) ( succ ?x2 ?x1 ) ), ( <= ( input black ( move ?x ?y1 ?x ?y2 ) ) ( index ?x ) ( succ ?y2 ?y1 ) ), ( <= ( input black ( move ?x1 ?y1 ?x2 ?y2 ) ) ( succ ?y2 ?y1 ) ( succ ?x1 ?x2 ) ), ( <= ( input black ( move ?x1 ?y1 ?x2 ?y2 ) ) ( succ ?y2 ?y1 ) ( succ ?x2 ?x1 ) ), ( init ( cellHolds 1 1 white ) ), ( init ( cellHolds 2 1 white ) ), ( init ( cellHolds 3 1 white ) ), ( init ( cellHolds 4 1 white ) ), ( init ( cellHolds 5 1 white ) ), ( init ( cellHolds 6 1 white ) ), ( init ( cellHolds 7 1 white ) ), ( init ( cellHolds 8 1 white ) ), ( init ( cellHolds 1 2 white ) ), ( init ( cellHolds 2 2 white ) ), ( init ( cellHolds 3 2 white ) ), ( init ( cellHolds 4 2 white ) ), ( init ( cellHolds 5 2 white ) ), ( init ( cellHolds 6 2 white ) ), ( init ( cellHolds 7 2 white ) ), ( init ( cellHolds 8 2 white ) ), ( init ( cellHolds 1 7 black ) ), ( init ( cellHolds 2 7 black ) ), ( init ( cellHolds 3 7 black ) ), ( init ( cellHolds 4 7 black ) ), ( init ( cellHolds 5 7 black ) ), ( init ( cellHolds 6 7 black ) ), ( init ( cellHolds 7 7 black ) ), ( init ( cellHolds 8 7 black ) ), ( init ( cellHolds 1 8 black ) ), ( init ( cellHolds 2 8 black ) ), ( init ( cellHolds 3 8 black ) ), ( init ( cellHolds 4 8 black ) ), ( init ( cellHolds 5 8 black ) ), ( init ( cellHolds 6 8 black ) ), ( init ( cellHolds 7 8 black ) ), ( init ( cellHolds 8 8 black ) ), ( init ( control white ) ), ( <= ( legal white ( move ?x ?y1 ?x ?y2 ) ) ( true ( control white ) ) ( true ( cellHolds ?x ?y1 white ) ) ( succ ?y1 ?y2 ) ( cellEmpty ?x ?y2 ) ), ( <= ( legal white ( move ?x1 ?y1 ?x2 ?y2 ) ) ( true ( control white ) ) ( true ( cellHolds ?x1 ?y1 white ) ) ( succ ?y1 ?y2 ) ( succ ?x1 ?x2 ) ( not ( true ( cellHolds ?x2 ?y2 white ) ) ) ), ( <= ( legal white ( move ?x1 ?y1 ?x2 ?y2 ) ) ( true ( control white ) ) ( true ( cellHolds ?x1 ?y1 white ) ) ( succ ?y1 ?y2 ) ( succ ?x2 ?x1 ) ( not ( true ( cellHolds ?x2 ?y2 white ) ) ) ), ( <= ( legal black ( move ?x ?y1 ?x ?y2 ) ) ( true ( control black ) ) ( true ( cellHolds ?x ?y1 black ) ) ( succ ?y2 ?y1 ) ( cellEmpty ?x ?y2 ) ), ( <= ( legal black ( move ?x1 ?y1 ?x2 ?y2 ) ) ( true ( control black ) ) ( true ( cellHolds ?x1 ?y1 black ) ) ( succ ?y2 ?y1 ) ( succ ?x1 ?x2 ) ( not ( true ( cellHolds ?x2 ?y2 black ) ) ) ), ( <= ( legal black ( move ?x1 ?y1 ?x2 ?y2 ) ) ( true ( control black ) ) ( true ( cellHolds ?x1 ?y1 black ) ) ( succ ?y2 ?y1 ) ( succ ?x2 ?x1 ) ( not ( true ( cellHolds ?x2 ?y2 black ) ) ) ), ( <= ( legal white noop ) ( true ( control black ) ) ), ( <= ( legal black noop ) ( true ( control white ) ) ), ( <= ( next ( cellHolds ?x2 ?y2 ?player ) ) ( role ?player ) ( does ?player ( move ?x1 ?y1 ?x2 ?y2 ) ) ), ( <= ( next ( cellHolds ?x3 ?y3 ?state ) ) ( true ( cellHolds ?x3 ?y3 ?state ) ) ( role ?player ) ( does ?player ( move ?x1 ?y1 ?x2 ?y2 ) ) ( distinctCell ?x1 ?y1 ?x3 ?y3 ) ( distinctCell ?x2 ?y2 ?x3 ?y3 ) ), ( <= ( next ( control white ) ) ( true ( control black ) ) ), ( <= ( next ( control black ) ) ( true ( control white ) ) ), ( <= terminal whiteWin ), ( <= terminal blackWin ), ( <= ( goal white 100 ) whiteWin ), ( <= ( goal white 0 ) ( not whiteWin ) ), ( <= ( goal black 100 ) blackWin ), ( <= ( goal black 0 ) ( not blackWin ) ), ( <= ( cell ?x ?y ) ( index ?x ) ( index ?y ) ), ( <= ( cellEmpty ?x ?y ) ( cell ?x ?y ) ( not ( true ( cellHolds ?x ?y white ) ) ) ( not ( true ( cellHolds ?x ?y black ) ) ) ), ( <= ( distinctCell ?x1 ?y1 ?x2 ?y2 ) ( cell ?x1 ?y1 ) ( cell ?x2 ?y2 ) ( distinct ?x1 ?x2 ) ), ( <= ( distinctCell ?x1 ?y1 ?x2 ?y2 ) ( cell ?x1 ?y1 ) ( cell ?x2 ?y2 ) ( distinct ?y1 ?y2 ) ), ( <= whiteWin ( index ?x ) ( true ( cellHolds ?x 8 white ) ) ), ( <= blackWin ( index ?x ) ( true ( cellHolds ?x 1 black ) ) ), ( <= whiteWin ( not blackCell ) ), ( <= blackWin ( not whiteCell ) ), ( <= whiteCell ( cell ?x ?y ) ( true ( cellHolds ?x ?y white ) ) ), ( <= blackCell ( cell ?x ?y ) ( true ( cellHolds ?x ?y black ) ) ), ( index 1 ), ( index 2 ), ( index 3 ), ( index 4 ), ( index 5 ), ( index 6 ), ( index 7 ), ( index 8 ), ( succ 1 2 ), ( succ 2 3 ), ( succ 3 4 ), ( succ 4 5 ), ( succ 5 6 ), ( succ 6 7 ), ( succ 7 8 )]
LOG 1641834242711 [L3]: Start clock: 15
LOG 1641834242712 [L3]: Play clock: 10
LOG 1641834247703 [L0]: [Sent at 1641834247703] ready
LOG 1641834247706 [L0]: [Received at 1641834247706] ( PLAY 25.breakthrough.1641834242521 NIL )
LOG 1641834247707 [L0]: [Sent at 1641834247707] noop
LOG 1641834247711 [L0]: [Received at 1641834247711] ( PLAY 25.breakthrough.1641834242521 (( move 8 2 7 3 ) noop ) )
LOG 1641834247713 [L0]: [Sent at 1641834247713] ( move 4 7 5 6 )
LOG 1641834247716 [L0]: [Received at 1641834247716] ( PLAY 25.breakthrough.1641834242521 (noop ( move 4 7 5 6 ) ) )
LOG 1641834247725 [L0]: [Sent at 1641834247725] noop
LOG 1641834247728 [L0]: [Received at 1641834247728] ( PLAY 25.breakthrough.1641834242521 (( move 7 2 6 3 ) noop ) )
LOG 1641834247731 [L0]: [Sent at 1641834247731] ( move 7 7 8 6 )
LOG 1641834247733 [L0]: [Received at 1641834247733] ( PLAY 25.breakthrough.1641834242521 (noop ( move 7 7 8 6 ) ) )
LOG 1641834247735 [L0]: [Sent at 1641834247735] noop
LOG 1641834247739 [L0]: [Received at 1641834247739] ( PLAY 25.breakthrough.1641834242521 (( move 5 2 4 3 ) noop ) )
LOG 1641834247741 [L0]: [Sent at 1641834247741] ( move 3 7 3 6 )
LOG 1641834247743 [L0]: [Received at 1641834247743] ( PLAY 25.breakthrough.1641834242521 (noop ( move 3 7 3 6 ) ) )
LOG 1641834247745 [L0]: [Sent at 1641834247745] noop
LOG 1641834247749 [L0]: [Received at 1641834247749] ( PLAY 25.breakthrough.1641834242521 (( move 4 3 5 4 ) noop ) )
LOG 1641834247750 [L0]: [Sent at 1641834247750] ( move 6 7 7 6 )
LOG 1641834247753 [L0]: [Received at 1641834247753] ( PLAY 25.breakthrough.1641834242521 (noop ( move 6 7 7 6 ) ) )
LOG 1641834247755 [L0]: [Sent at 1641834247755] noop
LOG 1641834247758 [L0]: [Received at 1641834247758] ( PLAY 25.breakthrough.1641834242521 (( move 4 2 5 3 ) noop ) )
LOG 1641834247759 [L0]: [Sent at 1641834247759] ( move 3 8 3 7 )
LOG 1641834247762 [L0]: [Received at 1641834247762] ( PLAY 25.breakthrough.1641834242521 (noop ( move 3 8 3 7 ) ) )
LOG 1641834247763 [L0]: [Sent at 1641834247763] noop
LOG 1641834247766 [L0]: [Received at 1641834247766] ( PLAY 25.breakthrough.1641834242521 (( move 6 3 6 4 ) noop ) )
LOG 1641834247767 [L0]: [Sent at 1641834247767] ( move 7 8 6 7 )
LOG 1641834247770 [L0]: [Received at 1641834247770] ( PLAY 25.breakthrough.1641834242521 (noop ( move 7 8 6 7 ) ) )
LOG 1641834247771 [L0]: [Sent at 1641834247771] noop
LOG 1641834247774 [L0]: [Received at 1641834247774] ( PLAY 25.breakthrough.1641834242521 (( move 4 1 4 2 ) noop ) )
LOG 1641834247775 [L0]: [Sent at 1641834247775] ( move 5 6 6 5 )
LOG 1641834247778 [L0]: [Received at 1641834247778] ( PLAY 25.breakthrough.1641834242521 (noop ( move 5 6 6 5 ) ) )
LOG 1641834247779 [L0]: [Sent at 1641834247779] noop
LOG 1641834247782 [L0]: [Received at 1641834247782] ( PLAY 25.breakthrough.1641834242521 (( move 6 4 5 5 ) noop ) )
LOG 1641834247783 [L0]: [Sent at 1641834247783] ( move 8 6 7 5 )
LOG 1641834247786 [L0]: [Received at 1641834247786] ( PLAY 25.breakthrough.1641834242521 (noop ( move 8 6 7 5 ) ) )
LOG 1641834247787 [L0]: [Sent at 1641834247787] noop
LOG 1641834247792 [L0]: [Received at 1641834247792] ( PLAY 25.breakthrough.1641834242521 (( move 1 2 2 3 ) noop ) )
LOG 1641834247793 [L0]: [Sent at 1641834247793] ( move 3 6 4 5 )
LOG 1641834247796 [L0]: [Received at 1641834247796] ( PLAY 25.breakthrough.1641834242521 (noop ( move 3 6 4 5 ) ) )
LOG 1641834247797 [L0]: [Sent at 1641834247797] noop
LOG 1641834247801 [L0]: [Received at 1641834247801] ( PLAY 25.breakthrough.1641834242521 (( move 2 3 1 4 ) noop ) )
LOG 1641834247802 [L0]: [Sent at 1641834247802] ( move 6 8 7 7 )
LOG 1641834247807 [L0]: [Received at 1641834247807] ( PLAY 25.breakthrough.1641834242521 (noop ( move 6 8 7 7 ) ) )
LOG 1641834247808 [L0]: [Sent at 1641834247808] noop
LOG 1641834247811 [L0]: [Received at 1641834247811] ( PLAY 25.breakthrough.1641834242521 (( move 7 1 8 2 ) noop ) )
LOG 1641834247812 [L0]: [Sent at 1641834247812] ( move 2 7 1 6 )
LOG 1641834247815 [L0]: [Received at 1641834247815] ( PLAY 25.breakthrough.1641834242521 (noop ( move 2 7 1 6 ) ) )
LOG 1641834247816 [L0]: [Sent at 1641834247816] noop
LOG 1641834247820 [L0]: [Received at 1641834247820] ( PLAY 25.breakthrough.1641834242521 (( move 1 4 2 5 ) noop ) )
LOG 1641834247821 [L0]: [Sent at 1641834247821] ( move 5 7 4 6 )
LOG 1641834247826 [L0]: [Received at 1641834247826] ( PLAY 25.breakthrough.1641834242521 (noop ( move 5 7 4 6 ) ) )
LOG 1641834247827 [L0]: [Sent at 1641834247827] noop
LOG 1641834247830 [L0]: [Received at 1641834247830] ( PLAY 25.breakthrough.1641834242521 (( move 2 1 1 2 ) noop ) )
LOG 1641834247831 [L0]: [Sent at 1641834247831] ( move 4 5 4 4 )
LOG 1641834247834 [L0]: [Received at 1641834247834] ( PLAY 25.breakthrough.1641834242521 (noop ( move 4 5 4 4 ) ) )
LOG 1641834247835 [L0]: [Sent at 1641834247835] noop
LOG 1641834247837 [L0]: [Received at 1641834247837] ( PLAY 25.breakthrough.1641834242521 (( move 1 2 2 3 ) noop ) )
LOG 1641834247839 [L0]: [Sent at 1641834247839] ( move 6 7 6 6 )
LOG 1641834247841 [L0]: [Received at 1641834247841] ( PLAY 25.breakthrough.1641834242521 (noop ( move 6 7 6 6 ) ) )
LOG 1641834247843 [L0]: [Sent at 1641834247843] noop
LOG 1641834247846 [L0]: [Received at 1641834247846] ( PLAY 25.breakthrough.1641834242521 (( move 2 2 1 3 ) noop ) )
LOG 1641834247848 [L0]: [Sent at 1641834247848] ( move 2 8 2 7 )
LOG 1641834247850 [L0]: [Received at 1641834247850] ( PLAY 25.breakthrough.1641834242521 (noop ( move 2 8 2 7 ) ) )
LOG 1641834247852 [L0]: [Sent at 1641834247852] noop
LOG 1641834247856 [L0]: [Received at 1641834247856] ( PLAY 25.breakthrough.1641834242521 (( move 2 3 2 4 ) noop ) )
LOG 1641834247857 [L0]: [Sent at 1641834247857] ( move 4 4 3 3 )
LOG 1641834247860 [L0]: [Received at 1641834247860] ( PLAY 25.breakthrough.1641834242521 (noop ( move 4 4 3 3 ) ) )
LOG 1641834247861 [L0]: [Sent at 1641834247861] noop
LOG 1641834247864 [L0]: [Received at 1641834247864] ( PLAY 25.breakthrough.1641834242521 (( move 6 2 6 3 ) noop ) )
LOG 1641834247865 [L0]: [Sent at 1641834247865] ( move 4 6 5 5 )
LOG 1641834247868 [L0]: [Received at 1641834247868] ( PLAY 25.breakthrough.1641834242521 (noop ( move 4 6 5 5 ) ) )
LOG 1641834247869 [L0]: [Sent at 1641834247869] noop
LOG 1641834247872 [L0]: [Received at 1641834247872] ( PLAY 25.breakthrough.1641834242521 (( move 1 3 1 4 ) noop ) )
LOG 1641834247874 [L0]: [Sent at 1641834247874] ( move 5 5 4 4 )
LOG 1641834247876 [L0]: [Received at 1641834247876] ( PLAY 25.breakthrough.1641834242521 (noop ( move 5 5 4 4 ) ) )
LOG 1641834247877 [L0]: [Sent at 1641834247877] noop
LOG 1641834247880 [L0]: [Received at 1641834247880] ( PLAY 25.breakthrough.1641834242521 (( move 6 3 7 4 ) noop ) )
LOG 1641834247882 [L0]: [Sent at 1641834247882] ( move 7 6 8 5 )
LOG 1641834247892 [L0]: [Received at 1641834247892] ( PLAY 25.breakthrough.1641834242521 (noop ( move 7 6 8 5 ) ) )
LOG 1641834247894 [L0]: [Sent at 1641834247894] noop
LOG 1641834247897 [L0]: [Received at 1641834247897] ( PLAY 25.breakthrough.1641834242521 (( move 5 4 4 5 ) noop ) )
LOG 1641834247899 [L0]: [Sent at 1641834247899] ( move 6 5 6 4 )
LOG 1641834247903 [L0]: [Received at 1641834247903] ( PLAY 25.breakthrough.1641834242521 (noop ( move 6 5 6 4 ) ) )
LOG 1641834247904 [L0]: [Sent at 1641834247904] noop
LOG 1641834247907 [L0]: [Received at 1641834247907] ( PLAY 25.breakthrough.1641834242521 (( move 4 5 5 6 ) noop ) )
LOG 1641834247909 [L0]: [Sent at 1641834247909] ( move 8 5 8 4 )
LOG 1641834247912 [L0]: [Received at 1641834247912] ( PLAY 25.breakthrough.1641834242521 (noop ( move 8 5 8 4 ) ) )
LOG 1641834247914 [L0]: [Sent at 1641834247914] noop
LOG 1641834247917 [L0]: [Received at 1641834247917] ( PLAY 25.breakthrough.1641834242521 (( move 4 2 3 3 ) noop ) )
LOG 1641834247918 [L0]: [Sent at 1641834247918] ( move 6 4 5 3 )
LOG 1641834247921 [L0]: [Received at 1641834247921] ( PLAY 25.breakthrough.1641834242521 (noop ( move 6 4 5 3 ) ) )
LOG 1641834247922 [L0]: [Sent at 1641834247922] noop
LOG 1641834247924 [L0]: [Received at 1641834247924] ( PLAY 25.breakthrough.1641834242521 (( move 3 3 4 4 ) noop ) )
LOG 1641834247926 [L0]: [Sent at 1641834247926] ( move 6 6 5 5 )
LOG 1641834247929 [L0]: [Received at 1641834247929] ( PLAY 25.breakthrough.1641834242521 (noop ( move 6 6 5 5 ) ) )
LOG 1641834247931 [L0]: [Sent at 1641834247931] noop
LOG 1641834247935 [L0]: [Received at 1641834247935] ( PLAY 25.breakthrough.1641834242521 (( move 1 1 1 2 ) noop ) )
LOG 1641834247936 [L0]: [Sent at 1641834247936] ( move 2 7 2 6 )
LOG 1641834247938 [L0]: [Received at 1641834247938] ( PLAY 25.breakthrough.1641834242521 (noop ( move 2 7 2 6 ) ) )
LOG 1641834247939 [L0]: [Sent at 1641834247939] noop
LOG 1641834247942 [L0]: [Received at 1641834247942] ( PLAY 25.breakthrough.1641834242521 (( move 7 4 8 5 ) noop ) )
LOG 1641834247944 [L0]: [Sent at 1641834247944] ( move 7 5 6 4 )
LOG 1641834247946 [L0]: [Received at 1641834247946] ( PLAY 25.breakthrough.1641834242521 (noop ( move 7 5 6 4 ) ) )
LOG 1641834247947 [L0]: [Sent at 1641834247947] noop
LOG 1641834247951 [L0]: [Received at 1641834247951] ( PLAY 25.breakthrough.1641834242521 (( move 1 2 2 3 ) noop ) )
LOG 1641834247952 [L0]: [Sent at 1641834247952] ( move 8 7 7 6 )
LOG 1641834247954 [L0]: [Received at 1641834247954] ( PLAY 25.breakthrough.1641834242521 (noop ( move 8 7 7 6 ) ) )
LOG 1641834247956 [L0]: [Sent at 1641834247956] noop
LOG 1641834247958 [L0]: [Received at 1641834247958] ( PLAY 25.breakthrough.1641834242521 (( move 6 1 7 2 ) noop ) )
LOG 1641834247960 [L0]: [Sent at 1641834247960] ( move 4 8 5 7 )
LOG 1641834247962 [L0]: [Received at 1641834247962] ( PLAY 25.breakthrough.1641834242521 (noop ( move 4 8 5 7 ) ) )
LOG 1641834247963 [L0]: [Sent at 1641834247963] noop
LOG 1641834247966 [L0]: [Received at 1641834247966] ( PLAY 25.breakthrough.1641834242521 (( move 2 5 3 6 ) noop ) )
LOG 1641834247967 [L0]: [Sent at 1641834247967] ( move 8 4 8 3 )
LOG 1641834247970 [L0]: [Received at 1641834247970] ( PLAY 25.breakthrough.1641834242521 (noop ( move 8 4 8 3 ) ) )
LOG 1641834247971 [L0]: [Sent at 1641834247971] noop
LOG 1641834247973 [L0]: [Received at 1641834247973] ( PLAY 25.breakthrough.1641834242521 (( move 3 6 2 7 ) noop ) )
LOG 1641834247974 [L0]: [Sent at 1641834247974] ( move 1 6 2 5 )
LOG 1641834247976 [L0]: [Received at 1641834247976] ( PLAY 25.breakthrough.1641834242521 (noop ( move 1 6 2 5 ) ) )
LOG 1641834247978 [L0]: [Sent at 1641834247978] noop
LOG 1641834247980 [L0]: [Received at 1641834247980] ( PLAY 25.breakthrough.1641834242521 (( move 1 4 2 5 ) noop ) )
LOG 1641834247981 [L0]: [Sent at 1641834247981] ( move 5 8 4 7 )
LOG 1641834247984 [L0]: [Received at 1641834247984] ( PLAY 25.breakthrough.1641834242521 (noop ( move 5 8 4 7 ) ) )
LOG 1641834247985 [L0]: [Sent at 1641834247985] noop
LOG 1641834247988 [L0]: [Received at 1641834247988] ( STOP 25.breakthrough.1641834242521 (( move 2 7 2 8 ) noop ) )
LOG 1641834247988 [L3]: Stopped logging to files at: Mon Jan 10 18:04:07 CET 2022
LOG 1641834247989 [L3]: LOG SEALED
