LOG 1641916290624 [L3]: Returning initial state machine.
LOG 1641916290624 [L3]: Returning PropNet state machine without cache.
LOG 1641916290625 [L3]: Starting metagame with available thinking time 4990ms.
LOG 1641916290627 [L3]: Starting search during metagame.
LOG 1641916295615 [L3]: Done searching during metagame.
LOG 1641916295618 [L3]: Starting move selection for game step 1 with available time 10000ms.
LOG 1641916295618 [L3]: Selecting move using MCTS.
LOG 1641916305618 [L3]: Returning MCTS move noop.
LOG 1641916305621 [L3]: Starting move selection for game step 2 with available time 10000ms.
LOG 1641916305634 [L3]: Selecting move using MCTS.
LOG 1641916315621 [L3]: Returning MCTS move ( drop 4 ).
LOG 1641916315624 [L3]: Starting move selection for game step 3 with available time 10000ms.
LOG 1641916315651 [L3]: Selecting move using MCTS.
LOG 1641916325624 [L3]: Returning MCTS move noop.
LOG 1641916325634 [L3]: Starting move selection for game step 4 with available time 10000ms.
LOG 1641916325669 [L3]: Selecting move using MCTS.
LOG 1641916335634 [L3]: Returning MCTS move ( drop 3 ).
LOG 1641916335637 [L3]: Starting move selection for game step 5 with available time 10000ms.
LOG 1641916335672 [L3]: Selecting move using MCTS.
LOG 1641916345637 [L3]: Returning MCTS move noop.
LOG 1641916345640 [L3]: Starting move selection for game step 6 with available time 10000ms.
LOG 1641916345673 [L3]: Selecting move using MCTS.
LOG 1641916355640 [L3]: Returning MCTS move ( drop 3 ).
LOG 1641916355643 [L3]: Starting move selection for game step 7 with available time 10000ms.
LOG 1641916355672 [L3]: Selecting move using MCTS.
LOG 1641916365643 [L3]: Returning MCTS move noop.
LOG 1641916365646 [L3]: Starting move selection for game step 8 with available time 10000ms.
LOG 1641916365676 [L3]: Selecting move using MCTS.
LOG 1641916375646 [L3]: Returning MCTS move ( drop 1 ).
LOG 1641916375649 [L3]: Starting move selection for game step 9 with available time 10000ms.
LOG 1641916375678 [L3]: Selecting move using MCTS.
LOG 1641916385649 [L3]: Returning MCTS move noop.
LOG 1641916385652 [L3]: Starting move selection for game step 10 with available time 10000ms.
LOG 1641916385687 [L3]: Selecting move using MCTS.
LOG 1641916395652 [L3]: Returning MCTS move ( drop 2 ).
LOG 1641916395655 [L3]: Starting move selection for game step 11 with available time 10000ms.
LOG 1641916395690 [L3]: Selecting move using MCTS.
LOG 1641916405655 [L3]: Returning MCTS move noop.
LOG 1641916405658 [L3]: Starting move selection for game step 12 with available time 10000ms.
LOG 1641916405702 [L3]: Selecting move using MCTS.
LOG 1641916415658 [L3]: Returning MCTS move ( drop 3 ).
LOG 1641916415662 [L3]: Starting move selection for game step 13 with available time 10000ms.
LOG 1641916415701 [L3]: Selecting move using MCTS.
LOG 1641916425662 [L3]: Returning MCTS move noop.
LOG 1641916425665 [L3]: Starting move selection for game step 14 with available time 10000ms.
LOG 1641916425713 [L3]: Selecting move using MCTS.
LOG 1641916435665 [L3]: Returning MCTS move ( drop 3 ).
