LOG 1641832741040 [L3]: Returning initial state machine.
LOG 1641832741041 [L3]: Returning PropNet state machine without cache.
LOG 1641832741041 [L3]: Starting metagame with available thinking time 4990ms.
LOG 1641832741043 [L3]: Starting search during metagame.
LOG 1641832746031 [L3]: Done searching during metagame.
LOG 1641832746034 [L3]: Starting move selection for game step 1 with available time 0ms.
LOG 1641832746034 [L3]: No time to select next move using MCTS. Returning random move noop.
LOG 1641832746037 [L3]: Starting move selection for game step 2 with available time 0ms.
LOG 1641832746040 [L3]: No time to select next move using MCTS. Returning random move ( drop 2 ).
LOG 1641832746043 [L3]: Starting move selection for game step 3 with available time 0ms.
LOG 1641832746051 [L3]: No time to select next move using MCTS. Returning random move noop.
LOG 1641832746065 [L3]: Starting move selection for game step 4 with available time 0ms.
LOG 1641832746069 [L3]: No time to select next move using MCTS. Returning random move ( drop 5 ).
LOG 1641832746074 [L3]: Starting move selection for game step 5 with available time 0ms.
LOG 1641832746074 [L3]: No time to select next move using MCTS. Returning random move noop.
LOG 1641832746078 [L3]: Starting move selection for game step 6 with available time 0ms.
LOG 1641832746078 [L3]: No time to select next move using MCTS. Returning random move ( drop 7 ).
LOG 1641832746081 [L3]: Starting move selection for game step 7 with available time 0ms.
LOG 1641832746081 [L3]: No time to select next move using MCTS. Returning random move noop.
LOG 1641832746085 [L3]: Starting move selection for game step 8 with available time 0ms.
LOG 1641832746085 [L3]: No time to select next move using MCTS. Returning random move ( drop 7 ).
LOG 1641832746088 [L3]: Starting move selection for game step 9 with available time 0ms.
LOG 1641832746089 [L3]: No time to select next move using MCTS. Returning random move noop.
LOG 1641832746092 [L3]: Starting move selection for game step 10 with available time 0ms.
LOG 1641832746092 [L3]: No time to select next move using MCTS. Returning random move ( drop 6 ).
LOG 1641832746096 [L3]: Starting move selection for game step 11 with available time 0ms.
LOG 1641832746096 [L3]: No time to select next move using MCTS. Returning random move noop.
LOG 1641832746100 [L3]: Starting move selection for game step 12 with available time 0ms.
LOG 1641832746100 [L3]: No time to select next move using MCTS. Returning random move ( drop 4 ).
LOG 1641832746104 [L3]: Starting move selection for game step 13 with available time 0ms.
LOG 1641832746104 [L3]: No time to select next move using MCTS. Returning random move noop.
LOG 1641832746108 [L3]: Starting move selection for game step 14 with available time 0ms.
LOG 1641832746108 [L3]: No time to select next move using MCTS. Returning random move ( drop 2 ).
LOG 1641832746111 [L3]: Starting move selection for game step 15 with available time 0ms.
LOG 1641832746112 [L3]: No time to select next move using MCTS. Returning random move noop.
LOG 1641832746115 [L3]: Starting move selection for game step 16 with available time 0ms.
LOG 1641832746115 [L3]: No time to select next move using MCTS. Returning random move ( drop 1 ).
LOG 1641832746119 [L3]: Starting move selection for game step 17 with available time 0ms.
LOG 1641832746119 [L3]: No time to select next move using MCTS. Returning random move noop.
LOG 1641832746123 [L3]: Starting move selection for game step 18 with available time 0ms.
LOG 1641832746123 [L3]: No time to select next move using MCTS. Returning random move ( drop 1 ).
LOG 1641832746127 [L3]: Starting move selection for game step 19 with available time 0ms.
LOG 1641832746127 [L3]: No time to select next move using MCTS. Returning random move noop.
LOG 1641832746131 [L3]: Starting move selection for game step 20 with available time 0ms.
LOG 1641832746131 [L3]: No time to select next move using MCTS. Returning random move ( drop 7 ).
LOG 1641832746135 [L3]: Starting move selection for game step 21 with available time 0ms.
LOG 1641832746135 [L3]: No time to select next move using MCTS. Returning random move noop.
LOG 1641832746139 [L3]: Starting move selection for game step 22 with available time 0ms.
LOG 1641832746139 [L3]: No time to select next move using MCTS. Returning random move ( drop 3 ).
LOG 1641832746143 [L3]: Starting move selection for game step 23 with available time 0ms.
LOG 1641832746143 [L3]: No time to select next move using MCTS. Returning random move noop.
LOG 1641832746147 [L3]: Starting move selection for game step 24 with available time 0ms.
LOG 1641832746147 [L3]: No time to select next move using MCTS. Returning random move ( drop 3 ).
LOG 1641832746151 [L3]: Starting move selection for game step 25 with available time 0ms.
LOG 1641832746151 [L3]: No time to select next move using MCTS. Returning random move noop.
LOG 1641832746156 [L3]: Starting move selection for game step 26 with available time 0ms.
LOG 1641832746156 [L3]: No time to select next move using MCTS. Returning random move ( drop 4 ).
LOG 1641832746160 [L3]: Starting move selection for game step 27 with available time 0ms.
LOG 1641832746160 [L3]: No time to select next move using MCTS. Returning random move noop.
LOG 1641832746164 [L3]: Starting move selection for game step 28 with available time 0ms.
LOG 1641832746164 [L3]: No time to select next move using MCTS. Returning random move ( drop 1 ).
LOG 1641832746168 [L3]: Starting move selection for game step 29 with available time 0ms.
LOG 1641832746168 [L3]: No time to select next move using MCTS. Returning random move noop.
LOG 1641832746171 [L3]: Starting move selection for game step 30 with available time 0ms.
LOG 1641832746172 [L3]: No time to select next move using MCTS. Returning random move ( drop 6 ).
LOG 1641832746175 [L3]: Starting move selection for game step 31 with available time 0ms.
LOG 1641832746176 [L3]: No time to select next move using MCTS. Returning random move noop.
LOG 1641832746179 [L3]: Starting move selection for game step 32 with available time 0ms.
LOG 1641832746179 [L3]: No time to select next move using MCTS. Returning random move ( drop 6 ).
LOG 1641832746183 [L3]: Starting move selection for game step 33 with available time 0ms.
LOG 1641832746183 [L3]: No time to select next move using MCTS. Returning random move noop.
LOG 1641832746187 [L3]: Starting move selection for game step 34 with available time 0ms.
LOG 1641832746187 [L3]: No time to select next move using MCTS. Returning random move ( drop 7 ).
LOG 1641832746196 [L3]: Starting move selection for game step 35 with available time 0ms.
LOG 1641832746196 [L3]: No time to select next move using MCTS. Returning random move noop.
LOG 1641832746201 [L3]: Starting move selection for game step 36 with available time 0ms.
LOG 1641832746201 [L3]: No time to select next move using MCTS. Returning random move ( drop 5 ).
LOG 1641832746205 [L3]: Starting move selection for game step 37 with available time 0ms.
LOG 1641832746205 [L3]: No time to select next move using MCTS. Returning random move noop.
LOG 1641832746209 [L3]: Starting move selection for game step 38 with available time 0ms.
LOG 1641832746209 [L3]: No time to select next move using MCTS. Returning random move ( drop 2 ).
