LOG 1641836367028 [L3]: Returning initial state machine.
LOG 1641836367029 [L3]: Returning PropNet state machine without cache.
LOG 1641836367030 [L3]: Starting metagame with available thinking time 4989ms.
LOG 1641836367032 [L3]: Starting search during metagame.
LOG 1641836372019 [L3]: Done searching during metagame.
LOG 1641836372022 [L3]: Starting move selection for game step 1 with available time 0ms.
LOG 1641836372022 [L3]: No time to select next move using MCTS. Returning random move ( move 8 2 7 4 ).
LOG 1641836372026 [L3]: Starting move selection for game step 2 with available time 0ms.
LOG 1641836372032 [L3]: No time to select next move using MCTS. Returning random move noop.
LOG 1641836372035 [L3]: Starting move selection for game step 3 with available time 0ms.
LOG 1641836372047 [L3]: No time to select next move using MCTS. Returning random move ( move 1 2 3 3 ).
LOG 1641836372051 [L3]: Starting move selection for game step 4 with available time -1ms.
LOG 1641836372062 [L3]: No time to select next move using MCTS. Returning random move noop.
LOG 1641836372068 [L3]: Starting move selection for game step 5 with available time 0ms.
LOG 1641836372069 [L3]: No time to select next move using MCTS. Returning random move ( move 8 1 7 3 ).
LOG 1641836372072 [L3]: Starting move selection for game step 6 with available time 0ms.
LOG 1641836372072 [L3]: No time to select next move using MCTS. Returning random move noop.
LOG 1641836372079 [L3]: Starting move selection for game step 7 with available time 0ms.
LOG 1641836372080 [L3]: No time to select next move using MCTS. Returning random move ( move 7 4 8 6 ).
LOG 1641836372083 [L3]: Starting move selection for game step 8 with available time 0ms.
LOG 1641836372084 [L3]: No time to select next move using MCTS. Returning random move noop.
LOG 1641836372087 [L3]: Starting move selection for game step 9 with available time 0ms.
LOG 1641836372088 [L3]: No time to select next move using MCTS. Returning random move ( move 6 2 8 3 ).
LOG 1641836372092 [L3]: Starting move selection for game step 10 with available time 0ms.
LOG 1641836372092 [L3]: No time to select next move using MCTS. Returning random move noop.
LOG 1641836372096 [L3]: Starting move selection for game step 11 with available time 0ms.
LOG 1641836372096 [L3]: No time to select next move using MCTS. Returning random move ( move 3 1 1 2 ).
LOG 1641836372100 [L3]: Starting move selection for game step 12 with available time 0ms.
LOG 1641836372100 [L3]: No time to select next move using MCTS. Returning random move noop.
LOG 1641836372104 [L3]: Starting move selection for game step 13 with available time 0ms.
LOG 1641836372105 [L3]: No time to select next move using MCTS. Returning random move ( move 7 2 5 3 ).
LOG 1641836372108 [L3]: Starting move selection for game step 14 with available time 0ms.
LOG 1641836372109 [L3]: No time to select next move using MCTS. Returning random move noop.
LOG 1641836372112 [L3]: Starting move selection for game step 15 with available time 0ms.
LOG 1641836372113 [L3]: No time to select next move using MCTS. Returning random move ( move 3 2 2 4 ).
LOG 1641836372116 [L3]: Starting move selection for game step 16 with available time 0ms.
LOG 1641836372117 [L3]: No time to select next move using MCTS. Returning random move noop.
LOG 1641836372120 [L3]: Starting move selection for game step 17 with available time 0ms.
LOG 1641836372120 [L3]: No time to select next move using MCTS. Returning random move ( move 2 4 3 6 ).
LOG 1641836372124 [L3]: Starting move selection for game step 18 with available time 0ms.
LOG 1641836372124 [L3]: No time to select next move using MCTS. Returning random move noop.
LOG 1641836372127 [L3]: Starting move selection for game step 19 with available time 0ms.
LOG 1641836372128 [L3]: No time to select next move using MCTS. Returning random move ( move 1 1 2 3 ).
LOG 1641836372132 [L3]: Starting move selection for game step 20 with available time 0ms.
LOG 1641836372132 [L3]: No time to select next move using MCTS. Returning random move noop.
LOG 1641836372136 [L3]: Starting move selection for game step 21 with available time 0ms.
LOG 1641836372136 [L3]: No time to select next move using MCTS. Returning random move ( move 2 2 1 4 ).
LOG 1641836372139 [L3]: Starting move selection for game step 22 with available time 0ms.
LOG 1641836372140 [L3]: No time to select next move using MCTS. Returning random move noop.
LOG 1641836372143 [L3]: Starting move selection for game step 23 with available time -1ms.
LOG 1641836372143 [L3]: No time to select next move using MCTS. Returning random move ( move 3 6 5 7 ).
LOG 1641836372146 [L3]: Starting move selection for game step 24 with available time 0ms.
LOG 1641836372147 [L3]: No time to select next move using MCTS. Returning random move noop.
LOG 1641836372150 [L3]: Starting move selection for game step 25 with available time 0ms.
LOG 1641836372150 [L3]: No time to select next move using MCTS. Returning random move ( move 8 3 7 5 ).
LOG 1641836372153 [L3]: Starting move selection for game step 26 with available time 0ms.
LOG 1641836372154 [L3]: No time to select next move using MCTS. Returning random move noop.
LOG 1641836372157 [L3]: Starting move selection for game step 27 with available time 0ms.
LOG 1641836372157 [L3]: No time to select next move using MCTS. Returning random move ( move 1 4 3 5 ).
LOG 1641836372161 [L3]: Starting move selection for game step 28 with available time 0ms.
LOG 1641836372161 [L3]: No time to select next move using MCTS. Returning random move noop.
LOG 1641836372164 [L3]: Starting move selection for game step 29 with available time 0ms.
LOG 1641836372164 [L3]: No time to select next move using MCTS. Returning random move ( move 7 5 5 6 ).
LOG 1641836372167 [L3]: Starting move selection for game step 30 with available time 0ms.
LOG 1641836372167 [L3]: No time to select next move using MCTS. Returning random move noop.
LOG 1641836372170 [L3]: Starting move selection for game step 31 with available time 0ms.
LOG 1641836372171 [L3]: No time to select next move using MCTS. Returning random move ( move 7 3 6 5 ).
LOG 1641836372175 [L3]: Starting move selection for game step 32 with available time 0ms.
LOG 1641836372175 [L3]: No time to select next move using MCTS. Returning random move noop.
LOG 1641836372178 [L3]: Starting move selection for game step 33 with available time 0ms.
LOG 1641836372178 [L3]: No time to select next move using MCTS. Returning random move ( move 5 2 4 4 ).
LOG 1641836372182 [L3]: Starting move selection for game step 34 with available time 0ms.
LOG 1641836372182 [L3]: No time to select next move using MCTS. Returning random move noop.
LOG 1641836372186 [L3]: Starting move selection for game step 35 with available time 0ms.
LOG 1641836372186 [L3]: No time to select next move using MCTS. Returning random move ( move 3 3 2 5 ).
LOG 1641836372189 [L3]: Starting move selection for game step 36 with available time 0ms.
LOG 1641836372190 [L3]: No time to select next move using MCTS. Returning random move noop.
LOG 1641836372193 [L3]: Starting move selection for game step 37 with available time 0ms.
LOG 1641836372194 [L3]: No time to select next move using MCTS. Returning random move ( move 2 1 1 3 ).
LOG 1641836372219 [L3]: Starting move selection for game step 38 with available time 0ms.
LOG 1641836372220 [L3]: No time to select next move using MCTS. Returning random move noop.
LOG 1641836372223 [L3]: Starting move selection for game step 39 with available time 0ms.
LOG 1641836372223 [L3]: No time to select next move using MCTS. Returning random move ( move 2 5 4 6 ).
LOG 1641836372226 [L3]: Starting move selection for game step 40 with available time 0ms.
LOG 1641836372226 [L3]: No time to select next move using MCTS. Returning random move noop.
LOG 1641836372230 [L3]: Starting move selection for game step 41 with available time 0ms.
LOG 1641836372230 [L3]: No time to select next move using MCTS. Returning random move ( move 7 1 5 2 ).
LOG 1641836372233 [L3]: Starting move selection for game step 42 with available time 0ms.
LOG 1641836372233 [L3]: No time to select next move using MCTS. Returning random move noop.
LOG 1641836372236 [L3]: Starting move selection for game step 43 with available time 0ms.
LOG 1641836372236 [L3]: No time to select next move using MCTS. Returning random move ( move 4 1 6 2 ).
LOG 1641836372240 [L3]: Starting move selection for game step 44 with available time 0ms.
LOG 1641836372240 [L3]: No time to select next move using MCTS. Returning random move noop.
LOG 1641836372244 [L3]: Starting move selection for game step 45 with available time 0ms.
LOG 1641836372244 [L3]: No time to select next move using MCTS. Returning random move ( move 2 3 1 5 ).
LOG 1641836372248 [L3]: Starting move selection for game step 46 with available time 0ms.
LOG 1641836372248 [L3]: No time to select next move using MCTS. Returning random move noop.
LOG 1641836372251 [L3]: Starting move selection for game step 47 with available time 0ms.
LOG 1641836372252 [L3]: No time to select next move using MCTS. Returning random move ( move 6 5 7 7 ).
LOG 1641836372255 [L3]: Starting move selection for game step 48 with available time 0ms.
LOG 1641836372255 [L3]: No time to select next move using MCTS. Returning random move noop.
LOG 1641836372258 [L3]: Starting move selection for game step 49 with available time 0ms.
LOG 1641836372258 [L3]: No time to select next move using MCTS. Returning random move ( move 5 6 3 7 ).
LOG 1641836372261 [L3]: Starting move selection for game step 50 with available time 0ms.
LOG 1641836372261 [L3]: No time to select next move using MCTS. Returning random move noop.
