LOG 1641848011758 [L3]: Returning initial state machine.
LOG 1641848011759 [L3]: Returning PropNet state machine without cache.
LOG 1641848011759 [L3]: Starting metagame with available thinking time 4997ms.
LOG 1641848011767 [L3]: Starting search during metagame.
LOG 1641848016756 [L3]: Done searching during metagame.
LOG 1641848016759 [L3]: Starting move selection for game step 1 with available time 10000ms.
LOG 1641848016759 [L3]: Selecting move using MCTS.
LOG 1641848026759 [L3]: Returning MCTS move noop.
LOG 1641848026762 [L3]: Starting move selection for game step 2 with available time 10000ms.
LOG 1641848026768 [L3]: Selecting move using MCTS.
LOG 1641848036762 [L3]: Returning MCTS move ( drop 4 ).
LOG 1641848036777 [L3]: Starting move selection for game step 3 with available time 10000ms.
LOG 1641848036796 [L3]: Selecting move using MCTS.
LOG 1641848046777 [L3]: Returning MCTS move noop.
LOG 1641848046787 [L3]: Starting move selection for game step 4 with available time 10000ms.
LOG 1641848046806 [L3]: Selecting move using MCTS.
LOG 1641848056787 [L3]: Returning MCTS move ( drop 4 ).
LOG 1641848056802 [L3]: Starting move selection for game step 5 with available time 10000ms.
LOG 1641848056818 [L3]: Selecting move using MCTS.
LOG 1641848066802 [L3]: Returning MCTS move noop.
LOG 1641848066805 [L3]: Starting move selection for game step 6 with available time 10000ms.
LOG 1641848066823 [L3]: Selecting move using MCTS.
LOG 1641848076805 [L3]: Returning MCTS move ( drop 4 ).
LOG 1641848076809 [L3]: Starting move selection for game step 7 with available time 10000ms.
LOG 1641848076825 [L3]: Selecting move using MCTS.
LOG 1641848086809 [L3]: Returning MCTS move noop.
LOG 1641848086812 [L3]: Starting move selection for game step 8 with available time 10000ms.
LOG 1641848086830 [L3]: Selecting move using MCTS.
LOG 1641848096812 [L3]: Returning MCTS move ( drop 2 ).
LOG 1641848096815 [L3]: Starting move selection for game step 9 with available time 10000ms.
LOG 1641848096828 [L3]: Selecting move using MCTS.
LOG 1641848106815 [L3]: Returning MCTS move noop.
LOG 1641848106818 [L3]: Starting move selection for game step 10 with available time 10000ms.
LOG 1641848106835 [L3]: Selecting move using MCTS.
LOG 1641848116818 [L3]: Returning MCTS move ( drop 3 ).
LOG 1641848116821 [L3]: Starting move selection for game step 11 with available time 10000ms.
LOG 1641848116841 [L3]: Selecting move using MCTS.
LOG 1641848126821 [L3]: Returning MCTS move noop.
LOG 1641848126824 [L3]: Starting move selection for game step 12 with available time 10000ms.
LOG 1641848126842 [L3]: Selecting move using MCTS.
LOG 1641848136824 [L3]: Returning MCTS move ( drop 1 ).
