LOG 1641851872313 [L3]: Returning initial state machine.
LOG 1641851872314 [L3]: Returning PropNet state machine without cache.
LOG 1641851872314 [L3]: Starting metagame with available thinking time 4990ms.
LOG 1641851872316 [L3]: Starting search during metagame.
LOG 1641851877304 [L3]: Done searching during metagame.
LOG 1641851877307 [L3]: Starting move selection for game step 1 with available time 10000ms.
LOG 1641851877307 [L3]: Selecting move using MCTS.
LOG 1641851887307 [L3]: Returning MCTS move ( drop 4 ).
LOG 1641851887310 [L3]: Starting move selection for game step 2 with available time 10000ms.
LOG 1641851887316 [L3]: Selecting move using MCTS.
LOG 1641851897310 [L3]: Returning MCTS move noop.
LOG 1641851897314 [L3]: Starting move selection for game step 3 with available time 10000ms.
LOG 1641851897331 [L3]: Selecting move using MCTS.
LOG 1641851907314 [L3]: Returning MCTS move ( drop 4 ).
LOG 1641851907325 [L3]: Starting move selection for game step 4 with available time 10000ms.
LOG 1641851907340 [L3]: Selecting move using MCTS.
LOG 1641851917325 [L3]: Returning MCTS move noop.
LOG 1641851917329 [L3]: Starting move selection for game step 5 with available time 9999ms.
LOG 1641851917346 [L3]: Selecting move using MCTS.
LOG 1641851927328 [L3]: Returning MCTS move ( drop 4 ).
LOG 1641851927331 [L3]: Starting move selection for game step 6 with available time 10000ms.
LOG 1641851927349 [L3]: Selecting move using MCTS.
LOG 1641851937331 [L3]: Returning MCTS move noop.
LOG 1641851937335 [L3]: Starting move selection for game step 7 with available time 10000ms.
LOG 1641851937354 [L3]: Selecting move using MCTS.
LOG 1641851947335 [L3]: Returning MCTS move ( drop 4 ).
