LOG 1641835721884 [L3]: Returning initial state machine.
LOG 1641835721884 [L3]: Returning PropNet state machine without cache.
LOG 1641835721885 [L3]: Starting metagame with available thinking time 4990ms.
LOG 1641835721887 [L3]: Starting search during metagame.
LOG 1641835726875 [L3]: Done searching during metagame.
LOG 1641835726878 [L3]: Starting move selection for game step 1 with available time 0ms.
LOG 1641835726878 [L3]: No time to select next move using MCTS. Returning random move noop.
LOG 1641835726882 [L3]: Starting move selection for game step 2 with available time 0ms.
LOG 1641835726886 [L3]: No time to select next move using MCTS. Returning random move ( move 6 8 5 6 ).
LOG 1641835726890 [L3]: Starting move selection for game step 3 with available time 0ms.
LOG 1641835726901 [L3]: No time to select next move using MCTS. Returning random move noop.
LOG 1641835726904 [L3]: Starting move selection for game step 4 with available time 0ms.
LOG 1641835726910 [L3]: No time to select next move using MCTS. Returning random move ( move 3 8 4 6 ).
LOG 1641835726914 [L3]: Starting move selection for game step 5 with available time 0ms.
LOG 1641835726914 [L3]: No time to select next move using MCTS. Returning random move noop.
LOG 1641835726927 [L3]: Starting move selection for game step 6 with available time 0ms.
LOG 1641835726927 [L3]: No time to select next move using MCTS. Returning random move ( move 2 7 3 5 ).
LOG 1641835726931 [L3]: Starting move selection for game step 7 with available time 0ms.
LOG 1641835726931 [L3]: No time to select next move using MCTS. Returning random move noop.
LOG 1641835726934 [L3]: Starting move selection for game step 8 with available time 0ms.
LOG 1641835726935 [L3]: No time to select next move using MCTS. Returning random move ( move 3 5 2 3 ).
LOG 1641835726937 [L3]: Starting move selection for game step 9 with available time 0ms.
LOG 1641835726938 [L3]: No time to select next move using MCTS. Returning random move noop.
LOG 1641835726941 [L3]: Starting move selection for game step 10 with available time 0ms.
LOG 1641835726941 [L3]: No time to select next move using MCTS. Returning random move ( move 2 3 4 2 ).
LOG 1641835726944 [L3]: Starting move selection for game step 11 with available time 0ms.
LOG 1641835726944 [L3]: No time to select next move using MCTS. Returning random move noop.
LOG 1641835726947 [L3]: Starting move selection for game step 12 with available time 0ms.
LOG 1641835726947 [L3]: No time to select next move using MCTS. Returning random move ( move 5 8 6 6 ).
LOG 1641835726950 [L3]: Starting move selection for game step 13 with available time 0ms.
LOG 1641835726951 [L3]: No time to select next move using MCTS. Returning random move noop.
LOG 1641835726954 [L3]: Starting move selection for game step 14 with available time 0ms.
LOG 1641835726954 [L3]: No time to select next move using MCTS. Returning random move ( move 6 7 8 6 ).
LOG 1641835726957 [L3]: Starting move selection for game step 15 with available time 0ms.
LOG 1641835726958 [L3]: No time to select next move using MCTS. Returning random move noop.
LOG 1641835726961 [L3]: Starting move selection for game step 16 with available time 0ms.
LOG 1641835726961 [L3]: No time to select next move using MCTS. Returning random move ( move 4 8 3 6 ).
LOG 1641835726964 [L3]: Starting move selection for game step 17 with available time 0ms.
LOG 1641835726965 [L3]: No time to select next move using MCTS. Returning random move noop.
LOG 1641835726968 [L3]: Starting move selection for game step 18 with available time 0ms.
LOG 1641835726968 [L3]: No time to select next move using MCTS. Returning random move ( move 4 6 3 4 ).
LOG 1641835726971 [L3]: Starting move selection for game step 19 with available time 0ms.
LOG 1641835726971 [L3]: No time to select next move using MCTS. Returning random move noop.
LOG 1641835726975 [L3]: Starting move selection for game step 20 with available time 0ms.
LOG 1641835726975 [L3]: No time to select next move using MCTS. Returning random move ( move 6 6 4 5 ).
LOG 1641835726977 [L3]: Starting move selection for game step 21 with available time 0ms.
LOG 1641835726978 [L3]: No time to select next move using MCTS. Returning random move noop.
LOG 1641835726981 [L3]: Starting move selection for game step 22 with available time 0ms.
LOG 1641835726982 [L3]: No time to select next move using MCTS. Returning random move ( move 7 7 6 5 ).
LOG 1641835726984 [L3]: Starting move selection for game step 23 with available time 0ms.
LOG 1641835726985 [L3]: No time to select next move using MCTS. Returning random move noop.
LOG 1641835726988 [L3]: Starting move selection for game step 24 with available time 0ms.
LOG 1641835726988 [L3]: No time to select next move using MCTS. Returning random move ( move 8 7 6 6 ).
LOG 1641835726991 [L3]: Starting move selection for game step 25 with available time 0ms.
LOG 1641835726991 [L3]: No time to select next move using MCTS. Returning random move noop.
LOG 1641835726995 [L3]: Starting move selection for game step 26 with available time 0ms.
LOG 1641835726995 [L3]: No time to select next move using MCTS. Returning random move ( move 3 7 2 5 ).
LOG 1641835726998 [L3]: Starting move selection for game step 27 with available time 0ms.
LOG 1641835726998 [L3]: No time to select next move using MCTS. Returning random move noop.
LOG 1641835727001 [L3]: Starting move selection for game step 28 with available time 0ms.
LOG 1641835727001 [L3]: No time to select next move using MCTS. Returning random move ( move 6 5 5 3 ).
LOG 1641835727004 [L3]: Starting move selection for game step 29 with available time 0ms.
LOG 1641835727004 [L3]: No time to select next move using MCTS. Returning random move noop.
LOG 1641835727007 [L3]: Starting move selection for game step 30 with available time 0ms.
LOG 1641835727008 [L3]: No time to select next move using MCTS. Returning random move ( move 4 7 3 5 ).
LOG 1641835727011 [L3]: Starting move selection for game step 31 with available time 0ms.
LOG 1641835727011 [L3]: No time to select next move using MCTS. Returning random move noop.
