LOG 1641836494213 [L3]: Returning initial state machine.
LOG 1641836494213 [L3]: Returning PropNet state machine without cache.
LOG 1641836494213 [L3]: Starting metagame with available thinking time 4991ms.
LOG 1641836494215 [L3]: Starting search during metagame.
LOG 1641836499204 [L3]: Done searching during metagame.
LOG 1641836499207 [L3]: Starting move selection for game step 1 with available time 0ms.
LOG 1641836499207 [L3]: No time to select next move using MCTS. Returning random move ( move 3 2 4 4 ).
LOG 1641836499211 [L3]: Starting move selection for game step 2 with available time 0ms.
LOG 1641836499216 [L3]: No time to select next move using MCTS. Returning random move noop.
LOG 1641836499219 [L3]: Starting move selection for game step 3 with available time 0ms.
LOG 1641836499231 [L3]: No time to select next move using MCTS. Returning random move ( move 6 2 4 3 ).
LOG 1641836499234 [L3]: Starting move selection for game step 4 with available time 0ms.
LOG 1641836499243 [L3]: No time to select next move using MCTS. Returning random move noop.
LOG 1641836499246 [L3]: Starting move selection for game step 5 with available time 0ms.
LOG 1641836499247 [L3]: No time to select next move using MCTS. Returning random move ( move 7 2 6 4 ).
LOG 1641836499250 [L3]: Starting move selection for game step 6 with available time 0ms.
LOG 1641836499250 [L3]: No time to select next move using MCTS. Returning random move noop.
LOG 1641836499253 [L3]: Starting move selection for game step 7 with available time 0ms.
LOG 1641836499253 [L3]: No time to select next move using MCTS. Returning random move ( move 2 2 1 4 ).
LOG 1641836499256 [L3]: Starting move selection for game step 8 with available time 0ms.
LOG 1641836499257 [L3]: No time to select next move using MCTS. Returning random move noop.
LOG 1641836499261 [L3]: Starting move selection for game step 9 with available time 0ms.
LOG 1641836499261 [L3]: No time to select next move using MCTS. Returning random move ( move 7 1 8 3 ).
LOG 1641836499264 [L3]: Starting move selection for game step 10 with available time 0ms.
LOG 1641836499265 [L3]: No time to select next move using MCTS. Returning random move noop.
LOG 1641836499268 [L3]: Starting move selection for game step 11 with available time 0ms.
LOG 1641836499268 [L3]: No time to select next move using MCTS. Returning random move ( move 4 4 5 6 ).
LOG 1641836499271 [L3]: Starting move selection for game step 12 with available time 0ms.
LOG 1641836499272 [L3]: No time to select next move using MCTS. Returning random move noop.
LOG 1641836499275 [L3]: Starting move selection for game step 13 with available time 0ms.
LOG 1641836499275 [L3]: No time to select next move using MCTS. Returning random move ( move 8 2 7 4 ).
LOG 1641836499278 [L3]: Starting move selection for game step 14 with available time 0ms.
LOG 1641836499278 [L3]: No time to select next move using MCTS. Returning random move noop.
LOG 1641836499281 [L3]: Starting move selection for game step 15 with available time 0ms.
LOG 1641836499281 [L3]: No time to select next move using MCTS. Returning random move ( move 8 1 6 2 ).
LOG 1641836499284 [L3]: Starting move selection for game step 16 with available time 0ms.
LOG 1641836499285 [L3]: No time to select next move using MCTS. Returning random move noop.
LOG 1641836499288 [L3]: Starting move selection for game step 17 with available time 0ms.
LOG 1641836499288 [L3]: No time to select next move using MCTS. Returning random move ( move 6 2 5 4 ).
LOG 1641836499291 [L3]: Starting move selection for game step 18 with available time 0ms.
LOG 1641836499291 [L3]: No time to select next move using MCTS. Returning random move noop.
LOG 1641836499294 [L3]: Starting move selection for game step 19 with available time 0ms.
LOG 1641836499294 [L3]: No time to select next move using MCTS. Returning random move ( move 6 1 5 3 ).
LOG 1641836499297 [L3]: Starting move selection for game step 20 with available time 0ms.
LOG 1641836499298 [L3]: No time to select next move using MCTS. Returning random move noop.
LOG 1641836499301 [L3]: Starting move selection for game step 21 with available time 0ms.
LOG 1641836499301 [L3]: No time to select next move using MCTS. Returning random move ( move 2 1 3 3 ).
LOG 1641836499306 [L3]: Starting move selection for game step 22 with available time 0ms.
LOG 1641836499306 [L3]: No time to select next move using MCTS. Returning random move noop.
LOG 1641836499309 [L3]: Starting move selection for game step 23 with available time 0ms.
LOG 1641836499309 [L3]: No time to select next move using MCTS. Returning random move ( move 5 1 6 3 ).
LOG 1641836499332 [L3]: Starting move selection for game step 24 with available time 0ms.
LOG 1641836499333 [L3]: No time to select next move using MCTS. Returning random move noop.
LOG 1641836499335 [L3]: Starting move selection for game step 25 with available time 0ms.
LOG 1641836499336 [L3]: No time to select next move using MCTS. Returning random move ( move 7 4 8 6 ).
LOG 1641836499339 [L3]: Starting move selection for game step 26 with available time 0ms.
LOG 1641836499339 [L3]: No time to select next move using MCTS. Returning random move noop.
LOG 1641836499342 [L3]: Starting move selection for game step 27 with available time 0ms.
LOG 1641836499342 [L3]: No time to select next move using MCTS. Returning random move ( move 5 4 6 6 ).
LOG 1641836499345 [L3]: Starting move selection for game step 28 with available time 0ms.
LOG 1641836499345 [L3]: No time to select next move using MCTS. Returning random move noop.
LOG 1641836499348 [L3]: Starting move selection for game step 29 with available time 0ms.
LOG 1641836499348 [L3]: No time to select next move using MCTS. Returning random move ( move 6 3 4 4 ).
LOG 1641836499351 [L3]: Starting move selection for game step 30 with available time 0ms.
LOG 1641836499352 [L3]: No time to select next move using MCTS. Returning random move noop.
LOG 1641836499354 [L3]: Starting move selection for game step 31 with available time 0ms.
LOG 1641836499355 [L3]: No time to select next move using MCTS. Returning random move ( move 4 2 5 4 ).
LOG 1641836499357 [L3]: Starting move selection for game step 32 with available time 0ms.
LOG 1641836499358 [L3]: No time to select next move using MCTS. Returning random move noop.
LOG 1641836499361 [L3]: Starting move selection for game step 33 with available time 0ms.
LOG 1641836499361 [L3]: No time to select next move using MCTS. Returning random move ( move 5 6 6 8 ).
