LOG 1641836494204 [L3]: Started match logging at: Mon Jan 10 18:41:34 CET 2022
LOG 1641836494212 [L3]: Game rules: [( role white ), ( role black ), ( <= ( base ( cell ?x ?y ?p ) ) ( index ?x ) ( index ?y ) ( role ?p ) ), ( <= ( base ( control ?p ) ) ( role ?p ) ), ( <= ( input ?p noop ) ( role ?p ) ), ( <= ( input ?p ( move ?x1 ?y1 ?x2 ?y2 ) ) ( role ?p ) ( index ?x1 ) ( index ?x2 ) ( index ?y1 ) ( index ?y2 ) ), ( init ( cell 1 1 white ) ), ( init ( cell 2 1 white ) ), ( init ( cell 3 1 white ) ), ( init ( cell 4 1 white ) ), ( init ( cell 5 1 white ) ), ( init ( cell 6 1 white ) ), ( init ( cell 7 1 white ) ), ( init ( cell 8 1 white ) ), ( init ( cell 1 2 white ) ), ( init ( cell 2 2 white ) ), ( init ( cell 3 2 white ) ), ( init ( cell 4 2 white ) ), ( init ( cell 5 2 white ) ), ( init ( cell 6 2 white ) ), ( init ( cell 7 2 white ) ), ( init ( cell 8 2 white ) ), ( init ( cell 1 7 black ) ), ( init ( cell 2 7 black ) ), ( init ( cell 3 7 black ) ), ( init ( cell 4 7 black ) ), ( init ( cell 5 7 black ) ), ( init ( cell 6 7 black ) ), ( init ( cell 7 7 black ) ), ( init ( cell 8 7 black ) ), ( init ( cell 1 8 black ) ), ( init ( cell 2 8 black ) ), ( init ( cell 3 8 black ) ), ( init ( cell 4 8 black ) ), ( init ( cell 5 8 black ) ), ( init ( cell 6 8 black ) ), ( init ( cell 7 8 black ) ), ( init ( cell 8 8 black ) ), ( init ( control white ) ), ( <= ( legal white noop ) ( true ( control black ) ) ), ( <= ( legal black noop ) ( true ( control white ) ) ), ( <= ( legal white ( move ?x1 ?y1 ?x2 ?y2 ) ) ( true ( control white ) ) ( true ( cell ?x1 ?y1 white ) ) ( whiteknightmove ?x1 ?y1 ?x2 ?y2 ) ( not ( true ( cell ?x2 ?y2 white ) ) ) ), ( <= ( legal black ( move ?x1 ?y1 ?x2 ?y2 ) ) ( true ( control black ) ) ( true ( cell ?x1 ?y1 black ) ) ( blackknightmove ?x1 ?y1 ?x2 ?y2 ) ( not ( true ( cell ?x2 ?y2 black ) ) ) ), ( <= ( next ( cell ?x ?y ?state ) ) ( true ( cell ?x ?y ?state ) ) ( does ?player ( move ?x1 ?y1 ?x2 ?y2 ) ) ( distinctcell ?x ?y ?x1 ?y1 ) ( distinctcell ?x ?y ?x2 ?y2 ) ), ( <= ( next ( cell ?x2 ?y2 ?player ) ) ( does ?player ( move ?x1 ?y1 ?x2 ?y2 ) ) ), ( <= ( next ( control black ) ) ( true ( control white ) ) ), ( <= ( next ( control white ) ) ( true ( control black ) ) ), ( <= terminal whitewin ), ( <= terminal blackwin ), ( <= ( goal white 100 ) whitewin ), ( <= ( goal white 0 ) blackwin ), ( <= ( goal black 100 ) blackwin ), ( <= ( goal black 0 ) whitewin ), ( <= whitewin ( index ?x ) ( true ( cell ?x 8 white ) ) ), ( <= blackwin ( index ?x ) ( true ( cell ?x 1 black ) ) ), ( <= whitewin ( not ( hasAnyPiece black ) ) ), ( <= blackwin ( not ( hasAnyPiece white ) ) ), ( <= ( hasAnyPiece ?player ) ( true ( cell ?x ?y ?player ) ) ), ( <= ( whiteknightmove ?x1 ?y1 ?x2 ?y2 ) ( plus 1 ?x1 ?x2 ) ( plus 2 ?y1 ?y2 ) ), ( <= ( whiteknightmove ?x1 ?y1 ?x2 ?y2 ) ( plus 1 ?x2 ?x1 ) ( plus 2 ?y1 ?y2 ) ), ( <= ( whiteknightmove ?x1 ?y1 ?x2 ?y2 ) ( plus 2 ?x1 ?x2 ) ( plus 1 ?y1 ?y2 ) ), ( <= ( whiteknightmove ?x1 ?y1 ?x2 ?y2 ) ( plus 2 ?x2 ?x1 ) ( plus 1 ?y1 ?y2 ) ), ( <= ( blackknightmove ?x1 ?y1 ?x2 ?y2 ) ( plus 1 ?x1 ?x2 ) ( plus 2 ?y2 ?y1 ) ), ( <= ( blackknightmove ?x1 ?y1 ?x2 ?y2 ) ( plus 1 ?x2 ?x1 ) ( plus 2 ?y2 ?y1 ) ), ( <= ( blackknightmove ?x1 ?y1 ?x2 ?y2 ) ( plus 2 ?x1 ?x2 ) ( plus 1 ?y2 ?y1 ) ), ( <= ( blackknightmove ?x1 ?y1 ?x2 ?y2 ) ( plus 2 ?x2 ?x1 ) ( plus 1 ?y2 ?y1 ) ), ( <= ( cell ?x ?y ) ( index ?x ) ( index ?y ) ), ( <= ( distinctcell ?x1 ?y1 ?x2 ?y2 ) ( cell ?x1 ?y1 ) ( cell ?x2 ?y2 ) ( distinct ?x1 ?x2 ) ), ( <= ( distinctcell ?x1 ?y1 ?x2 ?y2 ) ( cell ?x1 ?y1 ) ( cell ?x2 ?y2 ) ( distinct ?y1 ?y2 ) ), ( index 1 ), ( index 2 ), ( index 3 ), ( index 4 ), ( index 5 ), ( index 6 ), ( index 7 ), ( index 8 ), ( plus 1 1 2 ), ( plus 1 2 3 ), ( plus 1 3 4 ), ( plus 1 4 5 ), ( plus 1 5 6 ), ( plus 1 6 7 ), ( plus 1 7 8 ), ( plus 2 1 3 ), ( plus 2 2 4 ), ( plus 2 3 5 ), ( plus 2 4 6 ), ( plus 2 5 7 ), ( plus 2 6 8 )]
LOG 1641836494212 [L3]: Start clock: 15
LOG 1641836494212 [L3]: Play clock: 10
LOG 1641836499204 [L0]: [Sent at 1641836499204] ready
LOG 1641836499206 [L0]: [Received at 1641836499206] ( PLAY 22.knightThrough.1641836492740 NIL )
LOG 1641836499208 [L0]: [Sent at 1641836499208] ( move 3 2 4 4 )
LOG 1641836499210 [L0]: [Received at 1641836499210] ( PLAY 22.knightThrough.1641836492740 (( move 3 2 4 4 ) noop ) )
LOG 1641836499216 [L0]: [Sent at 1641836499216] noop
LOG 1641836499219 [L0]: [Received at 1641836499219] ( PLAY 22.knightThrough.1641836492740 (noop ( move 3 8 2 6 ) ) )
LOG 1641836499231 [L0]: [Sent at 1641836499231] ( move 6 2 4 3 )
LOG 1641836499233 [L0]: [Received at 1641836499233] ( PLAY 22.knightThrough.1641836492740 (( move 6 2 4 3 ) noop ) )
LOG 1641836499244 [L0]: [Sent at 1641836499244] noop
LOG 1641836499246 [L0]: [Received at 1641836499246] ( PLAY 22.knightThrough.1641836492740 (noop ( move 5 8 6 6 ) ) )
LOG 1641836499247 [L0]: [Sent at 1641836499247] ( move 7 2 6 4 )
LOG 1641836499249 [L0]: [Received at 1641836499249] ( PLAY 22.knightThrough.1641836492740 (( move 7 2 6 4 ) noop ) )
LOG 1641836499250 [L0]: [Sent at 1641836499250] noop
LOG 1641836499252 [L0]: [Received at 1641836499252] ( PLAY 22.knightThrough.1641836492740 (noop ( move 2 6 3 4 ) ) )
LOG 1641836499254 [L0]: [Sent at 1641836499254] ( move 2 2 1 4 )
LOG 1641836499256 [L0]: [Received at 1641836499256] ( PLAY 22.knightThrough.1641836492740 (( move 2 2 1 4 ) noop ) )
LOG 1641836499257 [L0]: [Sent at 1641836499257] noop
LOG 1641836499260 [L0]: [Received at 1641836499260] ( PLAY 22.knightThrough.1641836492740 (noop ( move 7 7 6 5 ) ) )
LOG 1641836499262 [L0]: [Sent at 1641836499262] ( move 7 1 8 3 )
LOG 1641836499264 [L0]: [Received at 1641836499264] ( PLAY 22.knightThrough.1641836492740 (( move 7 1 8 3 ) noop ) )
LOG 1641836499265 [L0]: [Sent at 1641836499265] noop
LOG 1641836499267 [L0]: [Received at 1641836499267] ( PLAY 22.knightThrough.1641836492740 (noop ( move 4 7 5 5 ) ) )
LOG 1641836499269 [L0]: [Sent at 1641836499269] ( move 4 4 5 6 )
LOG 1641836499271 [L0]: [Received at 1641836499271] ( PLAY 22.knightThrough.1641836492740 (( move 4 4 5 6 ) noop ) )
LOG 1641836499272 [L0]: [Sent at 1641836499272] noop
LOG 1641836499274 [L0]: [Received at 1641836499274] ( PLAY 22.knightThrough.1641836492740 (noop ( move 5 7 4 5 ) ) )
LOG 1641836499276 [L0]: [Sent at 1641836499276] ( move 8 2 7 4 )
LOG 1641836499278 [L0]: [Received at 1641836499278] ( PLAY 22.knightThrough.1641836492740 (( move 8 2 7 4 ) noop ) )
LOG 1641836499279 [L0]: [Sent at 1641836499279] noop
LOG 1641836499281 [L0]: [Received at 1641836499281] ( PLAY 22.knightThrough.1641836492740 (noop ( move 5 5 4 3 ) ) )
LOG 1641836499282 [L0]: [Sent at 1641836499282] ( move 8 1 6 2 )
LOG 1641836499284 [L0]: [Received at 1641836499284] ( PLAY 22.knightThrough.1641836492740 (( move 8 1 6 2 ) noop ) )
LOG 1641836499285 [L0]: [Sent at 1641836499285] noop
LOG 1641836499287 [L0]: [Received at 1641836499287] ( PLAY 22.knightThrough.1641836492740 (noop ( move 3 4 5 3 ) ) )
LOG 1641836499288 [L0]: [Sent at 1641836499288] ( move 6 2 5 4 )
LOG 1641836499290 [L0]: [Received at 1641836499290] ( PLAY 22.knightThrough.1641836492740 (( move 6 2 5 4 ) noop ) )
LOG 1641836499292 [L0]: [Sent at 1641836499292] noop
LOG 1641836499293 [L0]: [Received at 1641836499293] ( PLAY 22.knightThrough.1641836492740 (noop ( move 4 3 2 2 ) ) )
LOG 1641836499295 [L0]: [Sent at 1641836499295] ( move 6 1 5 3 )
LOG 1641836499297 [L0]: [Received at 1641836499297] ( PLAY 22.knightThrough.1641836492740 (( move 6 1 5 3 ) noop ) )
LOG 1641836499298 [L0]: [Sent at 1641836499298] noop
LOG 1641836499300 [L0]: [Received at 1641836499300] ( PLAY 22.knightThrough.1641836492740 (noop ( move 8 7 7 5 ) ) )
LOG 1641836499302 [L0]: [Sent at 1641836499302] ( move 2 1 3 3 )
LOG 1641836499305 [L0]: [Received at 1641836499305] ( PLAY 22.knightThrough.1641836492740 (( move 2 1 3 3 ) noop ) )
LOG 1641836499307 [L0]: [Sent at 1641836499307] noop
LOG 1641836499309 [L0]: [Received at 1641836499309] ( PLAY 22.knightThrough.1641836492740 (noop ( move 4 5 5 3 ) ) )
LOG 1641836499310 [L0]: [Sent at 1641836499310] ( move 5 1 6 3 )
LOG 1641836499332 [L0]: [Received at 1641836499332] ( PLAY 22.knightThrough.1641836492740 (( move 5 1 6 3 ) noop ) )
LOG 1641836499333 [L0]: [Sent at 1641836499333] noop
LOG 1641836499335 [L0]: [Received at 1641836499335] ( PLAY 22.knightThrough.1641836492740 (noop ( move 6 5 4 4 ) ) )
LOG 1641836499336 [L0]: [Sent at 1641836499336] ( move 7 4 8 6 )
LOG 1641836499338 [L0]: [Received at 1641836499338] ( PLAY 22.knightThrough.1641836492740 (( move 7 4 8 6 ) noop ) )
LOG 1641836499339 [L0]: [Sent at 1641836499339] noop
LOG 1641836499341 [L0]: [Received at 1641836499341] ( PLAY 22.knightThrough.1641836492740 (noop ( move 7 8 5 7 ) ) )
LOG 1641836499343 [L0]: [Sent at 1641836499343] ( move 5 4 6 6 )
LOG 1641836499345 [L0]: [Received at 1641836499345] ( PLAY 22.knightThrough.1641836492740 (( move 5 4 6 6 ) noop ) )
LOG 1641836499346 [L0]: [Sent at 1641836499346] noop
LOG 1641836499348 [L0]: [Received at 1641836499348] ( PLAY 22.knightThrough.1641836492740 (noop ( move 5 7 4 5 ) ) )
LOG 1641836499349 [L0]: [Sent at 1641836499349] ( move 6 3 4 4 )
LOG 1641836499351 [L0]: [Received at 1641836499351] ( PLAY 22.knightThrough.1641836492740 (( move 6 3 4 4 ) noop ) )
LOG 1641836499352 [L0]: [Sent at 1641836499352] noop
LOG 1641836499354 [L0]: [Received at 1641836499354] ( PLAY 22.knightThrough.1641836492740 (noop ( move 5 3 3 2 ) ) )
LOG 1641836499355 [L0]: [Sent at 1641836499355] ( move 4 2 5 4 )
LOG 1641836499357 [L0]: [Received at 1641836499357] ( PLAY 22.knightThrough.1641836492740 (( move 4 2 5 4 ) noop ) )
LOG 1641836499358 [L0]: [Sent at 1641836499358] noop
LOG 1641836499360 [L0]: [Received at 1641836499360] ( PLAY 22.knightThrough.1641836492740 (noop ( move 8 8 7 6 ) ) )
LOG 1641836499361 [L0]: [Sent at 1641836499361] ( move 5 6 6 8 )
LOG 1641836499363 [L0]: [Received at 1641836499363] ( STOP 22.knightThrough.1641836492740 (( move 5 6 6 8 ) noop ) )
LOG 1641836499364 [L3]: Stopped logging to files at: Mon Jan 10 18:41:39 CET 2022
LOG 1641836499365 [L3]: LOG SEALED
