LOG 1641833039781 [L3]: Returning initial state machine.
LOG 1641833039781 [L3]: Returning PropNet state machine without cache.
LOG 1641833039782 [L3]: Starting metagame with available thinking time 4989ms.
LOG 1641833039784 [L3]: Starting search during metagame.
LOG 1641833044771 [L3]: Done searching during metagame.
LOG 1641833044774 [L3]: Starting move selection for game step 1 with available time 0ms.
LOG 1641833044774 [L3]: No time to select next move using MCTS. Returning random move ( drop 2 ).
LOG 1641833044777 [L3]: Starting move selection for game step 2 with available time 0ms.
LOG 1641833044782 [L3]: No time to select next move using MCTS. Returning random move noop.
LOG 1641833044785 [L3]: Starting move selection for game step 3 with available time 0ms.
LOG 1641833044796 [L3]: No time to select next move using MCTS. Returning random move ( drop 4 ).
LOG 1641833044800 [L3]: Starting move selection for game step 4 with available time 0ms.
LOG 1641833044807 [L3]: No time to select next move using MCTS. Returning random move noop.
LOG 1641833044812 [L3]: Starting move selection for game step 5 with available time 0ms.
LOG 1641833044812 [L3]: No time to select next move using MCTS. Returning random move ( drop 5 ).
LOG 1641833044816 [L3]: Starting move selection for game step 6 with available time 0ms.
LOG 1641833044816 [L3]: No time to select next move using MCTS. Returning random move noop.
LOG 1641833044820 [L3]: Starting move selection for game step 7 with available time 0ms.
LOG 1641833044821 [L3]: No time to select next move using MCTS. Returning random move ( drop 5 ).
LOG 1641833044824 [L3]: Starting move selection for game step 8 with available time 0ms.
LOG 1641833044825 [L3]: No time to select next move using MCTS. Returning random move noop.
LOG 1641833044828 [L3]: Starting move selection for game step 9 with available time 0ms.
LOG 1641833044829 [L3]: No time to select next move using MCTS. Returning random move ( drop 5 ).
LOG 1641833044832 [L3]: Starting move selection for game step 10 with available time 0ms.
LOG 1641833044833 [L3]: No time to select next move using MCTS. Returning random move noop.
LOG 1641833044836 [L3]: Starting move selection for game step 11 with available time 0ms.
LOG 1641833044837 [L3]: No time to select next move using MCTS. Returning random move ( drop 3 ).
