LOG 1641906356240 [L3]: Returning initial state machine.
LOG 1641906356240 [L3]: Returning PropNet state machine without cache.
LOG 1641906356241 [L3]: Starting metagame with available thinking time 4990ms.
LOG 1641906356243 [L3]: Starting search during metagame.
LOG 1641906361231 [L3]: Done searching during metagame.
LOG 1641906361234 [L3]: Starting move selection for game step 1 with available time 10000ms.
LOG 1641906361234 [L3]: Selecting move using MCTS.
LOG 1641906371258 [L3]: Returning MCTS move noop.
LOG 1641906371261 [L3]: Starting move selection for game step 2 with available time 10000ms.
LOG 1641906371275 [L3]: Selecting move using MCTS.
LOG 1641906381261 [L3]: Returning MCTS move ( drop 5 ).
LOG 1641906381264 [L3]: Starting move selection for game step 3 with available time 10000ms.
LOG 1641906381293 [L3]: Selecting move using MCTS.
LOG 1641906391264 [L3]: Returning MCTS move noop.
LOG 1641906391274 [L3]: Starting move selection for game step 4 with available time 10000ms.
LOG 1641906391316 [L3]: Selecting move using MCTS.
LOG 1641906401274 [L3]: Returning MCTS move ( drop 4 ).
LOG 1641906401277 [L3]: Starting move selection for game step 5 with available time 10000ms.
LOG 1641906401315 [L3]: Selecting move using MCTS.
LOG 1641906411277 [L3]: Returning MCTS move noop.
LOG 1641906411280 [L3]: Starting move selection for game step 6 with available time 10000ms.
LOG 1641906411325 [L3]: Selecting move using MCTS.
LOG 1641906421280 [L3]: Returning MCTS move ( drop 2 ).
LOG 1641906421283 [L3]: Starting move selection for game step 7 with available time 10000ms.
LOG 1641906421320 [L3]: Selecting move using MCTS.
LOG 1641906431283 [L3]: Returning MCTS move noop.
LOG 1641906431286 [L3]: Starting move selection for game step 8 with available time 10000ms.
LOG 1641906431327 [L3]: Selecting move using MCTS.
LOG 1641906441286 [L3]: Returning MCTS move ( drop 4 ).
LOG 1641906441289 [L3]: Starting move selection for game step 9 with available time 10000ms.
LOG 1641906441328 [L3]: Selecting move using MCTS.
LOG 1641906451289 [L3]: Returning MCTS move noop.
LOG 1641906451319 [L3]: Starting move selection for game step 10 with available time 10000ms.
LOG 1641906451354 [L3]: Selecting move using MCTS.
LOG 1641906461319 [L3]: Returning MCTS move ( drop 4 ).
LOG 1641906461322 [L3]: Starting move selection for game step 11 with available time 10000ms.
LOG 1641906461353 [L3]: Selecting move using MCTS.
LOG 1641906471322 [L3]: Returning MCTS move noop.
LOG 1641906471325 [L3]: Starting move selection for game step 12 with available time 10000ms.
LOG 1641906471355 [L3]: Selecting move using MCTS.
LOG 1641906481325 [L3]: Returning MCTS move ( drop 5 ).
LOG 1641906481328 [L3]: Starting move selection for game step 13 with available time 10000ms.
LOG 1641906481357 [L3]: Selecting move using MCTS.
LOG 1641906491328 [L3]: Returning MCTS move noop.
LOG 1641906491332 [L3]: Starting move selection for game step 14 with available time 10000ms.
LOG 1641906491367 [L3]: Selecting move using MCTS.
LOG 1641906501332 [L3]: Returning MCTS move ( drop 2 ).
LOG 1641906501335 [L3]: Starting move selection for game step 15 with available time 10000ms.
LOG 1641906501371 [L3]: Selecting move using MCTS.
LOG 1641906511335 [L3]: Returning MCTS move noop.
LOG 1641906511338 [L3]: Starting move selection for game step 16 with available time 10000ms.
LOG 1641906511375 [L3]: Selecting move using MCTS.
LOG 1641906521338 [L3]: Returning MCTS move ( drop 5 ).
LOG 1641906521341 [L3]: Starting move selection for game step 17 with available time 10000ms.
LOG 1641906521370 [L3]: Selecting move using MCTS.
LOG 1641906531341 [L3]: Returning MCTS move noop.
LOG 1641906531344 [L3]: Starting move selection for game step 18 with available time 10000ms.
LOG 1641906531374 [L3]: Selecting move using MCTS.
LOG 1641906541344 [L3]: Returning MCTS move ( drop 4 ).
LOG 1641906541347 [L3]: Starting move selection for game step 19 with available time 10000ms.
LOG 1641906541378 [L3]: Selecting move using MCTS.
LOG 1641906551347 [L3]: Returning MCTS move noop.
LOG 1641906551350 [L3]: Starting move selection for game step 20 with available time 10000ms.
LOG 1641906551377 [L3]: Selecting move using MCTS.
LOG 1641906561350 [L3]: Returning MCTS move ( drop 7 ).
LOG 1641906561353 [L3]: Starting move selection for game step 21 with available time 10000ms.
LOG 1641906561376 [L3]: Selecting move using MCTS.
LOG 1641906571353 [L3]: Returning MCTS move noop.
LOG 1641906571356 [L3]: Starting move selection for game step 22 with available time 10000ms.
LOG 1641906571368 [L3]: Selecting move using MCTS.
LOG 1641906581356 [L3]: Returning MCTS move ( drop 1 ).
LOG 1641906581360 [L3]: Starting move selection for game step 23 with available time 10000ms.
LOG 1641906581369 [L3]: Selecting move using MCTS.
LOG 1641906591360 [L3]: Returning MCTS move noop.
LOG 1641906591363 [L3]: Starting move selection for game step 24 with available time 10000ms.
LOG 1641906591366 [L3]: Selecting move using MCTS.
LOG 1641906601363 [L3]: Returning MCTS move ( drop 1 ).
LOG 1641906601366 [L3]: Starting move selection for game step 25 with available time 10000ms.
LOG 1641906601369 [L3]: Selecting move using MCTS.
LOG 1641906611366 [L3]: Returning MCTS move noop.
LOG 1641906611369 [L3]: Starting move selection for game step 26 with available time 10000ms.
LOG 1641906611372 [L3]: Selecting move using MCTS.
LOG 1641906621369 [L3]: Returning MCTS move ( drop 1 ).
LOG 1641906621372 [L3]: Starting move selection for game step 27 with available time 10000ms.
LOG 1641906621374 [L3]: Selecting move using MCTS.
LOG 1641906631372 [L3]: Returning MCTS move noop.
LOG 1641906631375 [L3]: Starting move selection for game step 28 with available time 10000ms.
LOG 1641906631377 [L3]: Selecting move using MCTS.
LOG 1641906641375 [L3]: Returning MCTS move ( drop 3 ).
LOG 1641906641379 [L3]: Starting move selection for game step 29 with available time 9999ms.
LOG 1641906641380 [L3]: Selecting move using MCTS.
LOG 1641906651378 [L3]: Returning MCTS move noop.
LOG 1641906651382 [L3]: Starting move selection for game step 30 with available time 10000ms.
LOG 1641906651383 [L3]: Selecting move using MCTS.
LOG 1641906661382 [L3]: Returning MCTS move ( drop 3 ).
LOG 1641906661385 [L3]: Starting move selection for game step 31 with available time 10000ms.
LOG 1641906661386 [L3]: Selecting move using MCTS.
LOG 1641906671385 [L3]: Returning MCTS move noop.
LOG 1641906671389 [L3]: Starting move selection for game step 32 with available time 10000ms.
LOG 1641906671390 [L3]: Selecting move using MCTS.
LOG 1641906681389 [L3]: Returning MCTS move ( drop 2 ).
LOG 1641906681392 [L3]: Starting move selection for game step 33 with available time 10000ms.
LOG 1641906681393 [L3]: Selecting move using MCTS.
LOG 1641906691392 [L3]: Returning MCTS move noop.
LOG 1641906691395 [L3]: Starting move selection for game step 34 with available time 10000ms.
LOG 1641906691396 [L3]: Selecting move using MCTS.
LOG 1641906701395 [L3]: Returning MCTS move ( drop 6 ).
LOG 1641906701398 [L3]: Starting move selection for game step 35 with available time 10000ms.
LOG 1641906701399 [L3]: Selecting move using MCTS.
LOG 1641906711398 [L3]: Returning MCTS move noop.
