LOG 1641835172046 [L3]: Started match logging at: Mon Jan 10 18:19:32 CET 2022
LOG 1641835172054 [L3]: Game rules: [( role white ), ( role black ), ( <= ( base ( cellHolds ?x ?y ?p ) ) ( index ?x ) ( index ?y ) ( role ?p ) ), ( <= ( base ( control ?p ) ) ( role ?p ) ), ( <= ( input ?p noop ) ( role ?p ) ), ( <= ( input white ( move ?x ?y1 ?x ?y2 ) ) ( index ?x ) ( succ ?y1 ?y2 ) ), ( <= ( input white ( move ?x1 ?y1 ?x2 ?y2 ) ) ( succ ?y1 ?y2 ) ( succ ?x1 ?x2 ) ), ( <= ( input white ( move ?x1 ?y1 ?x2 ?y2 ) ) ( succ ?y1 ?y2 ) ( succ ?x2 ?x1 ) ), ( <= ( input black ( move ?x ?y1 ?x ?y2 ) ) ( index ?x ) ( succ ?y2 ?y1 ) ), ( <= ( input black ( move ?x1 ?y1 ?x2 ?y2 ) ) ( succ ?y2 ?y1 ) ( succ ?x1 ?x2 ) ), ( <= ( input black ( move ?x1 ?y1 ?x2 ?y2 ) ) ( succ ?y2 ?y1 ) ( succ ?x2 ?x1 ) ), ( init ( cellHolds 1 1 white ) ), ( init ( cellHolds 2 1 white ) ), ( init ( cellHolds 3 1 white ) ), ( init ( cellHolds 4 1 white ) ), ( init ( cellHolds 5 1 white ) ), ( init ( cellHolds 6 1 white ) ), ( init ( cellHolds 7 1 white ) ), ( init ( cellHolds 8 1 white ) ), ( init ( cellHolds 1 2 white ) ), ( init ( cellHolds 2 2 white ) ), ( init ( cellHolds 3 2 white ) ), ( init ( cellHolds 4 2 white ) ), ( init ( cellHolds 5 2 white ) ), ( init ( cellHolds 6 2 white ) ), ( init ( cellHolds 7 2 white ) ), ( init ( cellHolds 8 2 white ) ), ( init ( cellHolds 1 7 black ) ), ( init ( cellHolds 2 7 black ) ), ( init ( cellHolds 3 7 black ) ), ( init ( cellHolds 4 7 black ) ), ( init ( cellHolds 5 7 black ) ), ( init ( cellHolds 6 7 black ) ), ( init ( cellHolds 7 7 black ) ), ( init ( cellHolds 8 7 black ) ), ( init ( cellHolds 1 8 black ) ), ( init ( cellHolds 2 8 black ) ), ( init ( cellHolds 3 8 black ) ), ( init ( cellHolds 4 8 black ) ), ( init ( cellHolds 5 8 black ) ), ( init ( cellHolds 6 8 black ) ), ( init ( cellHolds 7 8 black ) ), ( init ( cellHolds 8 8 black ) ), ( init ( control white ) ), ( <= ( legal white ( move ?x ?y1 ?x ?y2 ) ) ( true ( control white ) ) ( true ( cellHolds ?x ?y1 white ) ) ( succ ?y1 ?y2 ) ( cellEmpty ?x ?y2 ) ), ( <= ( legal white ( move ?x1 ?y1 ?x2 ?y2 ) ) ( true ( control white ) ) ( true ( cellHolds ?x1 ?y1 white ) ) ( succ ?y1 ?y2 ) ( succ ?x1 ?x2 ) ( not ( true ( cellHolds ?x2 ?y2 white ) ) ) ), ( <= ( legal white ( move ?x1 ?y1 ?x2 ?y2 ) ) ( true ( control white ) ) ( true ( cellHolds ?x1 ?y1 white ) ) ( succ ?y1 ?y2 ) ( succ ?x2 ?x1 ) ( not ( true ( cellHolds ?x2 ?y2 white ) ) ) ), ( <= ( legal black ( move ?x ?y1 ?x ?y2 ) ) ( true ( control black ) ) ( true ( cellHolds ?x ?y1 black ) ) ( succ ?y2 ?y1 ) ( cellEmpty ?x ?y2 ) ), ( <= ( legal black ( move ?x1 ?y1 ?x2 ?y2 ) ) ( true ( control black ) ) ( true ( cellHolds ?x1 ?y1 black ) ) ( succ ?y2 ?y1 ) ( succ ?x1 ?x2 ) ( not ( true ( cellHolds ?x2 ?y2 black ) ) ) ), ( <= ( legal black ( move ?x1 ?y1 ?x2 ?y2 ) ) ( true ( control black ) ) ( true ( cellHolds ?x1 ?y1 black ) ) ( succ ?y2 ?y1 ) ( succ ?x2 ?x1 ) ( not ( true ( cellHolds ?x2 ?y2 black ) ) ) ), ( <= ( legal white noop ) ( true ( control black ) ) ), ( <= ( legal black noop ) ( true ( control white ) ) ), ( <= ( next ( cellHolds ?x2 ?y2 ?player ) ) ( role ?player ) ( does ?player ( move ?x1 ?y1 ?x2 ?y2 ) ) ), ( <= ( next ( cellHolds ?x3 ?y3 ?state ) ) ( true ( cellHolds ?x3 ?y3 ?state ) ) ( role ?player ) ( does ?player ( move ?x1 ?y1 ?x2 ?y2 ) ) ( distinctCell ?x1 ?y1 ?x3 ?y3 ) ( distinctCell ?x2 ?y2 ?x3 ?y3 ) ), ( <= ( next ( control white ) ) ( true ( control black ) ) ), ( <= ( next ( control black ) ) ( true ( control white ) ) ), ( <= terminal whiteWin ), ( <= terminal blackWin ), ( <= ( goal white 100 ) whiteWin ), ( <= ( goal white 0 ) ( not whiteWin ) ), ( <= ( goal black 100 ) blackWin ), ( <= ( goal black 0 ) ( not blackWin ) ), ( <= ( cell ?x ?y ) ( index ?x ) ( index ?y ) ), ( <= ( cellEmpty ?x ?y ) ( cell ?x ?y ) ( not ( true ( cellHolds ?x ?y white ) ) ) ( not ( true ( cellHolds ?x ?y black ) ) ) ), ( <= ( distinctCell ?x1 ?y1 ?x2 ?y2 ) ( cell ?x1 ?y1 ) ( cell ?x2 ?y2 ) ( distinct ?x1 ?x2 ) ), ( <= ( distinctCell ?x1 ?y1 ?x2 ?y2 ) ( cell ?x1 ?y1 ) ( cell ?x2 ?y2 ) ( distinct ?y1 ?y2 ) ), ( <= whiteWin ( index ?x ) ( true ( cellHolds ?x 8 white ) ) ), ( <= blackWin ( index ?x ) ( true ( cellHolds ?x 1 black ) ) ), ( <= whiteWin ( not blackCell ) ), ( <= blackWin ( not whiteCell ) ), ( <= whiteCell ( cell ?x ?y ) ( true ( cellHolds ?x ?y white ) ) ), ( <= blackCell ( cell ?x ?y ) ( true ( cellHolds ?x ?y black ) ) ), ( index 1 ), ( index 2 ), ( index 3 ), ( index 4 ), ( index 5 ), ( index 6 ), ( index 7 ), ( index 8 ), ( succ 1 2 ), ( succ 2 3 ), ( succ 3 4 ), ( succ 4 5 ), ( succ 5 6 ), ( succ 6 7 ), ( succ 7 8 )]
LOG 1641835172054 [L3]: Start clock: 15
LOG 1641835172055 [L3]: Play clock: 10
LOG 1641835177046 [L0]: [Sent at 1641835177046] ready
LOG 1641835177048 [L0]: [Received at 1641835177048] ( PLAY 28.breakthrough.1641835171840 NIL )
LOG 1641835177049 [L0]: [Sent at 1641835177049] noop
LOG 1641835177053 [L0]: [Received at 1641835177053] ( PLAY 28.breakthrough.1641835171840 (( move 7 2 6 3 ) noop ) )
LOG 1641835177057 [L0]: [Sent at 1641835177057] ( move 6 7 5 6 )
LOG 1641835177060 [L0]: [Received at 1641835177060] ( PLAY 28.breakthrough.1641835171840 (noop ( move 6 7 5 6 ) ) )
LOG 1641835177071 [L0]: [Sent at 1641835177071] noop
LOG 1641835177074 [L0]: [Received at 1641835177074] ( PLAY 28.breakthrough.1641835171840 (( move 3 2 2 3 ) noop ) )
LOG 1641835177083 [L0]: [Sent at 1641835177083] ( move 7 7 8 6 )
LOG 1641835177086 [L0]: [Received at 1641835177086] ( PLAY 28.breakthrough.1641835171840 (noop ( move 7 7 8 6 ) ) )
LOG 1641835177087 [L0]: [Sent at 1641835177087] noop
LOG 1641835177090 [L0]: [Received at 1641835177090] ( PLAY 28.breakthrough.1641835171840 (( move 6 3 6 4 ) noop ) )
LOG 1641835177091 [L0]: [Sent at 1641835177091] ( move 3 7 3 6 )
LOG 1641835177094 [L0]: [Received at 1641835177094] ( PLAY 28.breakthrough.1641835171840 (noop ( move 3 7 3 6 ) ) )
LOG 1641835177096 [L0]: [Sent at 1641835177096] noop
LOG 1641835177099 [L0]: [Received at 1641835177099] ( PLAY 28.breakthrough.1641835171840 (( move 5 2 6 3 ) noop ) )
LOG 1641835177100 [L0]: [Sent at 1641835177100] ( move 1 7 2 6 )
LOG 1641835177103 [L0]: [Received at 1641835177103] ( PLAY 28.breakthrough.1641835171840 (noop ( move 1 7 2 6 ) ) )
LOG 1641835177105 [L0]: [Sent at 1641835177105] noop
LOG 1641835177109 [L0]: [Received at 1641835177109] ( PLAY 28.breakthrough.1641835171840 (( move 2 2 3 3 ) noop ) )
LOG 1641835177110 [L0]: [Sent at 1641835177110] ( move 8 6 8 5 )
LOG 1641835177113 [L0]: [Received at 1641835177113] ( PLAY 28.breakthrough.1641835171840 (noop ( move 8 6 8 5 ) ) )
LOG 1641835177114 [L0]: [Sent at 1641835177114] noop
LOG 1641835177117 [L0]: [Received at 1641835177117] ( PLAY 28.breakthrough.1641835171840 (( move 4 2 5 3 ) noop ) )
LOG 1641835177118 [L0]: [Sent at 1641835177118] ( move 2 8 3 7 )
LOG 1641835177121 [L0]: [Received at 1641835177121] ( PLAY 28.breakthrough.1641835171840 (noop ( move 2 8 3 7 ) ) )
LOG 1641835177122 [L0]: [Sent at 1641835177122] noop
LOG 1641835177126 [L0]: [Received at 1641835177126] ( PLAY 28.breakthrough.1641835171840 (( move 2 1 3 2 ) noop ) )
LOG 1641835177127 [L0]: [Sent at 1641835177127] ( move 8 5 8 4 )
LOG 1641835177130 [L0]: [Received at 1641835177130] ( PLAY 28.breakthrough.1641835171840 (noop ( move 8 5 8 4 ) ) )
LOG 1641835177131 [L0]: [Sent at 1641835177131] noop
LOG 1641835177134 [L0]: [Received at 1641835177134] ( PLAY 28.breakthrough.1641835171840 (( move 2 3 3 4 ) noop ) )
LOG 1641835177136 [L0]: [Sent at 1641835177136] ( move 6 8 6 7 )
LOG 1641835177139 [L0]: [Received at 1641835177139] ( PLAY 28.breakthrough.1641835171840 (noop ( move 6 8 6 7 ) ) )
LOG 1641835177140 [L0]: [Sent at 1641835177140] noop
LOG 1641835177143 [L0]: [Received at 1641835177143] ( PLAY 28.breakthrough.1641835171840 (( move 3 3 2 4 ) noop ) )
LOG 1641835177144 [L0]: [Sent at 1641835177144] ( move 2 6 2 5 )
LOG 1641835177148 [L0]: [Received at 1641835177148] ( PLAY 28.breakthrough.1641835171840 (noop ( move 2 6 2 5 ) ) )
LOG 1641835177149 [L0]: [Sent at 1641835177149] noop
LOG 1641835177152 [L0]: [Received at 1641835177152] ( PLAY 28.breakthrough.1641835171840 (( move 8 2 7 3 ) noop ) )
LOG 1641835177154 [L0]: [Sent at 1641835177154] ( move 5 7 4 6 )
LOG 1641835177156 [L0]: [Received at 1641835177156] ( PLAY 28.breakthrough.1641835171840 (noop ( move 5 7 4 6 ) ) )
LOG 1641835177158 [L0]: [Sent at 1641835177158] noop
LOG 1641835177160 [L0]: [Received at 1641835177160] ( PLAY 28.breakthrough.1641835171840 (( move 7 1 7 2 ) noop ) )
LOG 1641835177162 [L0]: [Sent at 1641835177162] ( move 8 8 7 7 )
LOG 1641835177180 [L0]: [Received at 1641835177180] ( PLAY 28.breakthrough.1641835171840 (noop ( move 8 8 7 7 ) ) )
LOG 1641835177181 [L0]: [Sent at 1641835177181] noop
LOG 1641835177185 [L0]: [Received at 1641835177185] ( PLAY 28.breakthrough.1641835171840 (( move 6 1 5 2 ) noop ) )
LOG 1641835177186 [L0]: [Sent at 1641835177186] ( move 4 6 3 5 )
LOG 1641835177189 [L0]: [Received at 1641835177189] ( PLAY 28.breakthrough.1641835171840 (noop ( move 4 6 3 5 ) ) )
LOG 1641835177190 [L0]: [Sent at 1641835177190] noop
LOG 1641835177193 [L0]: [Received at 1641835177193] ( PLAY 28.breakthrough.1641835171840 (( move 5 3 4 4 ) noop ) )
LOG 1641835177194 [L0]: [Sent at 1641835177194] ( move 2 7 1 6 )
LOG 1641835177198 [L0]: [Received at 1641835177198] ( PLAY 28.breakthrough.1641835171840 (noop ( move 2 7 1 6 ) ) )
LOG 1641835177200 [L0]: [Sent at 1641835177200] noop
LOG 1641835177202 [L0]: [Received at 1641835177202] ( PLAY 28.breakthrough.1641835171840 (( move 6 3 5 4 ) noop ) )
LOG 1641835177203 [L0]: [Sent at 1641835177203] ( move 5 6 5 5 )
LOG 1641835177206 [L0]: [Received at 1641835177206] ( PLAY 28.breakthrough.1641835171840 (noop ( move 5 6 5 5 ) ) )
LOG 1641835177208 [L0]: [Sent at 1641835177208] noop
LOG 1641835177211 [L0]: [Received at 1641835177211] ( PLAY 28.breakthrough.1641835171840 (( move 6 2 5 3 ) noop ) )
LOG 1641835177212 [L0]: [Sent at 1641835177212] ( move 7 7 6 6 )
LOG 1641835177216 [L0]: [Received at 1641835177216] ( PLAY 28.breakthrough.1641835171840 (noop ( move 7 7 6 6 ) ) )
LOG 1641835177217 [L0]: [Sent at 1641835177217] noop
LOG 1641835177221 [L0]: [Received at 1641835177221] ( PLAY 28.breakthrough.1641835171840 (( move 5 2 4 3 ) noop ) )
LOG 1641835177222 [L0]: [Sent at 1641835177222] ( move 8 7 7 6 )
LOG 1641835177227 [L0]: [Received at 1641835177227] ( PLAY 28.breakthrough.1641835171840 (noop ( move 8 7 7 6 ) ) )
LOG 1641835177228 [L0]: [Sent at 1641835177228] noop
LOG 1641835177231 [L0]: [Received at 1641835177231] ( PLAY 28.breakthrough.1641835171840 (( move 5 1 4 2 ) noop ) )
LOG 1641835177232 [L0]: [Sent at 1641835177232] ( move 5 5 4 4 )
LOG 1641835177234 [L0]: [Received at 1641835177234] ( PLAY 28.breakthrough.1641835171840 (noop ( move 5 5 4 4 ) ) )
LOG 1641835177235 [L0]: [Sent at 1641835177235] noop
LOG 1641835177238 [L0]: [Received at 1641835177238] ( PLAY 28.breakthrough.1641835171840 (( move 7 2 6 3 ) noop ) )
LOG 1641835177239 [L0]: [Sent at 1641835177239] ( move 6 6 5 5 )
LOG 1641835177241 [L0]: [Received at 1641835177241] ( PLAY 28.breakthrough.1641835171840 (noop ( move 6 6 5 5 ) ) )
LOG 1641835177243 [L0]: [Sent at 1641835177243] noop
LOG 1641835177245 [L0]: [Received at 1641835177245] ( PLAY 28.breakthrough.1641835171840 (( move 6 4 5 5 ) noop ) )
LOG 1641835177246 [L0]: [Sent at 1641835177246] ( move 4 4 5 3 )
LOG 1641835177249 [L0]: [Received at 1641835177249] ( PLAY 28.breakthrough.1641835171840 (noop ( move 4 4 5 3 ) ) )
LOG 1641835177250 [L0]: [Sent at 1641835177250] noop
LOG 1641835177252 [L0]: [Received at 1641835177252] ( PLAY 28.breakthrough.1641835171840 (( move 4 2 5 3 ) noop ) )
LOG 1641835177253 [L0]: [Sent at 1641835177253] ( move 6 7 6 6 )
LOG 1641835177256 [L0]: [Received at 1641835177256] ( PLAY 28.breakthrough.1641835171840 (noop ( move 6 7 6 6 ) ) )
LOG 1641835177257 [L0]: [Sent at 1641835177257] noop
LOG 1641835177259 [L0]: [Received at 1641835177259] ( PLAY 28.breakthrough.1641835171840 (( move 4 3 4 4 ) noop ) )
LOG 1641835177260 [L0]: [Sent at 1641835177260] ( move 8 4 7 3 )
LOG 1641835177263 [L0]: [Received at 1641835177263] ( PLAY 28.breakthrough.1641835171840 (noop ( move 8 4 7 3 ) ) )
LOG 1641835177264 [L0]: [Sent at 1641835177264] noop
LOG 1641835177266 [L0]: [Received at 1641835177266] ( PLAY 28.breakthrough.1641835171840 (( move 8 1 7 2 ) noop ) )
LOG 1641835177267 [L0]: [Sent at 1641835177267] ( move 7 6 7 5 )
LOG 1641835177270 [L0]: [Received at 1641835177270] ( PLAY 28.breakthrough.1641835171840 (noop ( move 7 6 7 5 ) ) )
LOG 1641835177271 [L0]: [Sent at 1641835177271] noop
LOG 1641835177274 [L0]: [Received at 1641835177274] ( PLAY 28.breakthrough.1641835171840 (( move 1 2 2 3 ) noop ) )
LOG 1641835177275 [L0]: [Sent at 1641835177275] ( move 6 6 5 5 )
LOG 1641835177278 [L0]: [Received at 1641835177278] ( PLAY 28.breakthrough.1641835171840 (noop ( move 6 6 5 5 ) ) )
LOG 1641835177279 [L0]: [Sent at 1641835177279] noop
LOG 1641835177282 [L0]: [Received at 1641835177282] ( PLAY 28.breakthrough.1641835171840 (( move 6 3 6 4 ) noop ) )
LOG 1641835177283 [L0]: [Sent at 1641835177283] ( move 1 6 1 5 )
LOG 1641835177286 [L0]: [Received at 1641835177286] ( PLAY 28.breakthrough.1641835171840 (noop ( move 1 6 1 5 ) ) )
LOG 1641835177287 [L0]: [Sent at 1641835177287] noop
LOG 1641835177290 [L0]: [Received at 1641835177290] ( PLAY 28.breakthrough.1641835171840 (( move 5 4 6 5 ) noop ) )
LOG 1641835177291 [L0]: [Sent at 1641835177291] ( move 4 7 5 6 )
LOG 1641835177294 [L0]: [Received at 1641835177294] ( PLAY 28.breakthrough.1641835171840 (noop ( move 4 7 5 6 ) ) )
LOG 1641835177295 [L0]: [Sent at 1641835177295] noop
LOG 1641835177297 [L0]: [Received at 1641835177297] ( PLAY 28.breakthrough.1641835171840 (( move 2 4 3 5 ) noop ) )
LOG 1641835177298 [L0]: [Sent at 1641835177298] ( move 5 8 4 7 )
LOG 1641835177301 [L0]: [Received at 1641835177301] ( PLAY 28.breakthrough.1641835171840 (noop ( move 5 8 4 7 ) ) )
LOG 1641835177302 [L0]: [Sent at 1641835177302] noop
LOG 1641835177304 [L0]: [Received at 1641835177304] ( PLAY 28.breakthrough.1641835171840 (( move 3 5 2 6 ) noop ) )
LOG 1641835177305 [L0]: [Sent at 1641835177305] ( move 1 5 2 4 )
LOG 1641835177309 [L0]: [Received at 1641835177309] ( PLAY 28.breakthrough.1641835171840 (noop ( move 1 5 2 4 ) ) )
LOG 1641835177310 [L0]: [Sent at 1641835177310] noop
LOG 1641835177312 [L0]: [Received at 1641835177312] ( PLAY 28.breakthrough.1641835171840 (( move 7 2 8 3 ) noop ) )
LOG 1641835177314 [L0]: [Sent at 1641835177314] ( move 1 8 2 7 )
LOG 1641835177316 [L0]: [Received at 1641835177316] ( PLAY 28.breakthrough.1641835171840 (noop ( move 1 8 2 7 ) ) )
LOG 1641835177317 [L0]: [Sent at 1641835177317] noop
LOG 1641835177320 [L0]: [Received at 1641835177320] ( PLAY 28.breakthrough.1641835171840 (( move 1 1 1 2 ) noop ) )
LOG 1641835177321 [L0]: [Sent at 1641835177321] ( move 7 8 8 7 )
LOG 1641835177323 [L0]: [Received at 1641835177323] ( PLAY 28.breakthrough.1641835171840 (noop ( move 7 8 8 7 ) ) )
LOG 1641835177325 [L0]: [Sent at 1641835177325] noop
LOG 1641835177327 [L0]: [Received at 1641835177327] ( PLAY 28.breakthrough.1641835171840 (( move 5 3 5 4 ) noop ) )
LOG 1641835177328 [L0]: [Sent at 1641835177328] ( move 3 6 4 5 )
LOG 1641835177330 [L0]: [Received at 1641835177330] ( PLAY 28.breakthrough.1641835171840 (noop ( move 3 6 4 5 ) ) )
LOG 1641835177332 [L0]: [Sent at 1641835177332] noop
LOG 1641835177334 [L0]: [Received at 1641835177334] ( PLAY 28.breakthrough.1641835171840 (( move 6 5 5 6 ) noop ) )
LOG 1641835177335 [L0]: [Sent at 1641835177335] ( move 3 7 2 6 )
LOG 1641835177337 [L0]: [Received at 1641835177337] ( PLAY 28.breakthrough.1641835171840 (noop ( move 3 7 2 6 ) ) )
LOG 1641835177339 [L0]: [Sent at 1641835177339] noop
LOG 1641835177341 [L0]: [Received at 1641835177341] ( PLAY 28.breakthrough.1641835171840 (( move 5 4 4 5 ) noop ) )
LOG 1641835177342 [L0]: [Sent at 1641835177342] ( move 7 3 8 2 )
LOG 1641835177344 [L0]: [Received at 1641835177344] ( PLAY 28.breakthrough.1641835171840 (noop ( move 7 3 8 2 ) ) )
LOG 1641835177345 [L0]: [Sent at 1641835177345] noop
LOG 1641835177347 [L0]: [Received at 1641835177347] ( PLAY 28.breakthrough.1641835171840 (( move 4 1 5 2 ) noop ) )
LOG 1641835177349 [L0]: [Sent at 1641835177349] ( move 8 2 8 1 )
LOG 1641835177351 [L0]: [Received at 1641835177351] ( STOP 28.breakthrough.1641835171840 (noop ( move 8 2 8 1 ) ) )
LOG 1641835177352 [L3]: Stopped logging to files at: Mon Jan 10 18:19:37 CET 2022
LOG 1641835177352 [L3]: LOG SEALED
