LOG 1641836266755 [L3]: Returning initial state machine.
LOG 1641836266755 [L3]: Returning PropNet state machine without cache.
LOG 1641836266756 [L3]: Starting metagame with available thinking time 4990ms.
LOG 1641836266758 [L3]: Starting search during metagame.
LOG 1641836271746 [L3]: Done searching during metagame.
LOG 1641836271749 [L3]: Starting move selection for game step 1 with available time 0ms.
LOG 1641836271749 [L3]: No time to select next move using MCTS. Returning random move noop.
LOG 1641836271754 [L3]: Starting move selection for game step 2 with available time 0ms.
LOG 1641836271759 [L3]: No time to select next move using MCTS. Returning random move ( move 2 7 1 5 ).
LOG 1641836271762 [L3]: Starting move selection for game step 3 with available time 0ms.
LOG 1641836271773 [L3]: No time to select next move using MCTS. Returning random move noop.
LOG 1641836271776 [L3]: Starting move selection for game step 4 with available time 0ms.
LOG 1641836271785 [L3]: No time to select next move using MCTS. Returning random move ( move 5 7 4 5 ).
LOG 1641836271788 [L3]: Starting move selection for game step 5 with available time 0ms.
LOG 1641836271788 [L3]: No time to select next move using MCTS. Returning random move noop.
LOG 1641836271791 [L3]: Starting move selection for game step 6 with available time 0ms.
LOG 1641836271791 [L3]: No time to select next move using MCTS. Returning random move ( move 4 8 2 7 ).
LOG 1641836271794 [L3]: Starting move selection for game step 7 with available time 0ms.
LOG 1641836271795 [L3]: No time to select next move using MCTS. Returning random move noop.
LOG 1641836271798 [L3]: Starting move selection for game step 8 with available time 0ms.
LOG 1641836271798 [L3]: No time to select next move using MCTS. Returning random move ( move 3 8 5 7 ).
LOG 1641836271801 [L3]: Starting move selection for game step 9 with available time 0ms.
LOG 1641836271801 [L3]: No time to select next move using MCTS. Returning random move noop.
LOG 1641836271805 [L3]: Starting move selection for game step 10 with available time 0ms.
LOG 1641836271805 [L3]: No time to select next move using MCTS. Returning random move ( move 4 5 3 3 ).
LOG 1641836271808 [L3]: Starting move selection for game step 11 with available time 0ms.
LOG 1641836271809 [L3]: No time to select next move using MCTS. Returning random move noop.
LOG 1641836271812 [L3]: Starting move selection for game step 12 with available time 0ms.
LOG 1641836271812 [L3]: No time to select next move using MCTS. Returning random move ( move 3 3 4 1 ).
