LOG 1641835221671 [L3]: Returning initial state machine.
LOG 1641835221671 [L3]: Returning PropNet state machine without cache.
LOG 1641835221672 [L3]: Starting metagame with available thinking time 4990ms.
LOG 1641835221673 [L3]: Starting search during metagame.
LOG 1641835226662 [L3]: Done searching during metagame.
LOG 1641835226665 [L3]: Starting move selection for game step 1 with available time 0ms.
LOG 1641835226666 [L3]: No time to select next move using MCTS. Returning random move noop.
LOG 1641835226670 [L3]: Starting move selection for game step 2 with available time 0ms.
LOG 1641835226674 [L3]: No time to select next move using MCTS. Returning random move ( move 5 7 5 6 ).
LOG 1641835226679 [L3]: Starting move selection for game step 3 with available time 0ms.
LOG 1641835226689 [L3]: No time to select next move using MCTS. Returning random move noop.
LOG 1641835226693 [L3]: Starting move selection for game step 4 with available time 0ms.
LOG 1641835226700 [L3]: No time to select next move using MCTS. Returning random move ( move 5 8 5 7 ).
LOG 1641835226704 [L3]: Starting move selection for game step 5 with available time 0ms.
LOG 1641835226704 [L3]: No time to select next move using MCTS. Returning random move noop.
LOG 1641835226708 [L3]: Starting move selection for game step 6 with available time 0ms.
LOG 1641835226708 [L3]: No time to select next move using MCTS. Returning random move ( move 5 6 5 5 ).
LOG 1641835226712 [L3]: Starting move selection for game step 7 with available time 0ms.
LOG 1641835226712 [L3]: No time to select next move using MCTS. Returning random move noop.
LOG 1641835226718 [L3]: Starting move selection for game step 8 with available time 0ms.
LOG 1641835226718 [L3]: No time to select next move using MCTS. Returning random move ( move 2 7 1 6 ).
LOG 1641835226723 [L3]: Starting move selection for game step 9 with available time 0ms.
LOG 1641835226723 [L3]: No time to select next move using MCTS. Returning random move noop.
LOG 1641835226727 [L3]: Starting move selection for game step 10 with available time 0ms.
LOG 1641835226728 [L3]: No time to select next move using MCTS. Returning random move ( move 5 7 5 6 ).
LOG 1641835226731 [L3]: Starting move selection for game step 11 with available time 0ms.
LOG 1641835226732 [L3]: No time to select next move using MCTS. Returning random move noop.
LOG 1641835226735 [L3]: Starting move selection for game step 12 with available time 0ms.
LOG 1641835226736 [L3]: No time to select next move using MCTS. Returning random move ( move 6 7 7 6 ).
LOG 1641835226741 [L3]: Starting move selection for game step 13 with available time 0ms.
LOG 1641835226741 [L3]: No time to select next move using MCTS. Returning random move noop.
LOG 1641835226746 [L3]: Starting move selection for game step 14 with available time 0ms.
LOG 1641835226746 [L3]: No time to select next move using MCTS. Returning random move ( move 1 8 2 7 ).
LOG 1641835226750 [L3]: Starting move selection for game step 15 with available time 0ms.
LOG 1641835226751 [L3]: No time to select next move using MCTS. Returning random move noop.
LOG 1641835226754 [L3]: Starting move selection for game step 16 with available time 0ms.
LOG 1641835226755 [L3]: No time to select next move using MCTS. Returning random move ( move 7 7 6 6 ).
LOG 1641835226759 [L3]: Starting move selection for game step 17 with available time 0ms.
LOG 1641835226759 [L3]: No time to select next move using MCTS. Returning random move noop.
LOG 1641835226763 [L3]: Starting move selection for game step 18 with available time 0ms.
LOG 1641835226764 [L3]: No time to select next move using MCTS. Returning random move ( move 1 7 2 6 ).
LOG 1641835226768 [L3]: Starting move selection for game step 19 with available time 0ms.
LOG 1641835226768 [L3]: No time to select next move using MCTS. Returning random move noop.
LOG 1641835226773 [L3]: Starting move selection for game step 20 with available time 0ms.
LOG 1641835226773 [L3]: No time to select next move using MCTS. Returning random move ( move 4 7 3 6 ).
LOG 1641835226777 [L3]: Starting move selection for game step 21 with available time 0ms.
LOG 1641835226778 [L3]: No time to select next move using MCTS. Returning random move noop.
LOG 1641835226783 [L3]: Starting move selection for game step 22 with available time 0ms.
LOG 1641835226783 [L3]: No time to select next move using MCTS. Returning random move ( move 6 6 7 5 ).
LOG 1641835226787 [L3]: Starting move selection for game step 23 with available time 0ms.
LOG 1641835226787 [L3]: No time to select next move using MCTS. Returning random move noop.
LOG 1641835226791 [L3]: Starting move selection for game step 24 with available time 0ms.
LOG 1641835226791 [L3]: No time to select next move using MCTS. Returning random move ( move 7 5 7 4 ).
LOG 1641835226796 [L3]: Starting move selection for game step 25 with available time 0ms.
LOG 1641835226797 [L3]: No time to select next move using MCTS. Returning random move noop.
LOG 1641835226802 [L3]: Starting move selection for game step 26 with available time 0ms.
LOG 1641835226802 [L3]: No time to select next move using MCTS. Returning random move ( move 3 7 4 6 ).
LOG 1641835226806 [L3]: Starting move selection for game step 27 with available time 0ms.
LOG 1641835226806 [L3]: No time to select next move using MCTS. Returning random move noop.
LOG 1641835226812 [L3]: Starting move selection for game step 28 with available time 0ms.
LOG 1641835226812 [L3]: No time to select next move using MCTS. Returning random move ( move 7 6 8 5 ).
LOG 1641835226817 [L3]: Starting move selection for game step 29 with available time -1ms.
LOG 1641835226817 [L3]: No time to select next move using MCTS. Returning random move noop.
LOG 1641835226821 [L3]: Starting move selection for game step 30 with available time 0ms.
LOG 1641835226821 [L3]: No time to select next move using MCTS. Returning random move ( move 4 8 5 7 ).
LOG 1641835226825 [L3]: Starting move selection for game step 31 with available time 0ms.
LOG 1641835226825 [L3]: No time to select next move using MCTS. Returning random move noop.
LOG 1641835226829 [L3]: Starting move selection for game step 32 with available time 0ms.
LOG 1641835226829 [L3]: No time to select next move using MCTS. Returning random move ( move 8 7 8 6 ).
LOG 1641835226848 [L3]: Starting move selection for game step 33 with available time 0ms.
LOG 1641835226849 [L3]: No time to select next move using MCTS. Returning random move noop.
LOG 1641835226853 [L3]: Starting move selection for game step 34 with available time 0ms.
LOG 1641835226853 [L3]: No time to select next move using MCTS. Returning random move ( move 4 6 4 5 ).
LOG 1641835226858 [L3]: Starting move selection for game step 35 with available time 0ms.
LOG 1641835226858 [L3]: No time to select next move using MCTS. Returning random move noop.
LOG 1641835226863 [L3]: Starting move selection for game step 36 with available time 0ms.
LOG 1641835226864 [L3]: No time to select next move using MCTS. Returning random move ( move 5 5 4 4 ).
LOG 1641835226868 [L3]: Starting move selection for game step 37 with available time 0ms.
LOG 1641835226868 [L3]: No time to select next move using MCTS. Returning random move noop.
LOG 1641835226872 [L3]: Starting move selection for game step 38 with available time 0ms.
LOG 1641835226873 [L3]: No time to select next move using MCTS. Returning random move ( move 1 6 1 5 ).
LOG 1641835226876 [L3]: Starting move selection for game step 39 with available time 0ms.
LOG 1641835226877 [L3]: No time to select next move using MCTS. Returning random move noop.
LOG 1641835226881 [L3]: Starting move selection for game step 40 with available time 0ms.
LOG 1641835226882 [L3]: No time to select next move using MCTS. Returning random move ( move 2 7 1 6 ).
LOG 1641835226887 [L3]: Starting move selection for game step 41 with available time 0ms.
LOG 1641835226887 [L3]: No time to select next move using MCTS. Returning random move noop.
LOG 1641835226892 [L3]: Starting move selection for game step 42 with available time 0ms.
LOG 1641835226892 [L3]: No time to select next move using MCTS. Returning random move ( move 7 8 6 7 ).
LOG 1641835226897 [L3]: Starting move selection for game step 43 with available time 0ms.
LOG 1641835226897 [L3]: No time to select next move using MCTS. Returning random move noop.
LOG 1641835226902 [L3]: Starting move selection for game step 44 with available time 0ms.
LOG 1641835226903 [L3]: No time to select next move using MCTS. Returning random move ( move 6 7 7 6 ).
LOG 1641835226906 [L3]: Starting move selection for game step 45 with available time 0ms.
LOG 1641835226907 [L3]: No time to select next move using MCTS. Returning random move noop.
LOG 1641835226912 [L3]: Starting move selection for game step 46 with available time 0ms.
LOG 1641835226912 [L3]: No time to select next move using MCTS. Returning random move ( move 8 8 7 7 ).
LOG 1641835226916 [L3]: Starting move selection for game step 47 with available time 0ms.
LOG 1641835226916 [L3]: No time to select next move using MCTS. Returning random move noop.
LOG 1641835226921 [L3]: Starting move selection for game step 48 with available time 0ms.
LOG 1641835226922 [L3]: No time to select next move using MCTS. Returning random move ( move 4 4 4 3 ).
LOG 1641835226925 [L3]: Starting move selection for game step 49 with available time 0ms.
LOG 1641835226926 [L3]: No time to select next move using MCTS. Returning random move noop.
LOG 1641835226930 [L3]: Starting move selection for game step 50 with available time 0ms.
LOG 1641835226930 [L3]: No time to select next move using MCTS. Returning random move ( move 4 5 5 4 ).
LOG 1641835226935 [L3]: Starting move selection for game step 51 with available time 0ms.
LOG 1641835226935 [L3]: No time to select next move using MCTS. Returning random move noop.
LOG 1641835226939 [L3]: Starting move selection for game step 52 with available time 0ms.
LOG 1641835226939 [L3]: No time to select next move using MCTS. Returning random move ( move 5 7 6 6 ).
LOG 1641835226943 [L3]: Starting move selection for game step 53 with available time 0ms.
LOG 1641835226943 [L3]: No time to select next move using MCTS. Returning random move noop.
LOG 1641835226947 [L3]: Starting move selection for game step 54 with available time 0ms.
LOG 1641835226947 [L3]: No time to select next move using MCTS. Returning random move ( move 1 6 2 5 ).
LOG 1641835226951 [L3]: Starting move selection for game step 55 with available time 0ms.
LOG 1641835226951 [L3]: No time to select next move using MCTS. Returning random move noop.
LOG 1641835226955 [L3]: Starting move selection for game step 56 with available time 0ms.
LOG 1641835226956 [L3]: No time to select next move using MCTS. Returning random move ( move 6 8 5 7 ).
LOG 1641835226959 [L3]: Starting move selection for game step 57 with available time 0ms.
LOG 1641835226960 [L3]: No time to select next move using MCTS. Returning random move noop.
LOG 1641835226963 [L3]: Starting move selection for game step 58 with available time 0ms.
LOG 1641835226964 [L3]: No time to select next move using MCTS. Returning random move ( move 1 5 2 4 ).
LOG 1641835226968 [L3]: Starting move selection for game step 59 with available time 0ms.
LOG 1641835226968 [L3]: No time to select next move using MCTS. Returning random move noop.
LOG 1641835226972 [L3]: Starting move selection for game step 60 with available time 0ms.
LOG 1641835226972 [L3]: No time to select next move using MCTS. Returning random move ( move 6 6 7 5 ).
LOG 1641835226976 [L3]: Starting move selection for game step 61 with available time 0ms.
LOG 1641835226976 [L3]: No time to select next move using MCTS. Returning random move noop.
LOG 1641835226981 [L3]: Starting move selection for game step 62 with available time 0ms.
LOG 1641835226981 [L3]: No time to select next move using MCTS. Returning random move ( move 3 6 4 5 ).
LOG 1641835226985 [L3]: Starting move selection for game step 63 with available time 0ms.
LOG 1641835226985 [L3]: No time to select next move using MCTS. Returning random move noop.
LOG 1641835226989 [L3]: Starting move selection for game step 64 with available time 0ms.
LOG 1641835226989 [L3]: No time to select next move using MCTS. Returning random move ( move 2 8 2 7 ).
LOG 1641835226993 [L3]: Starting move selection for game step 65 with available time 0ms.
LOG 1641835226993 [L3]: No time to select next move using MCTS. Returning random move noop.
LOG 1641835226997 [L3]: Starting move selection for game step 66 with available time -1ms.
LOG 1641835226997 [L3]: No time to select next move using MCTS. Returning random move ( move 4 3 5 2 ).
LOG 1641835227000 [L3]: Starting move selection for game step 67 with available time 0ms.
LOG 1641835227001 [L3]: No time to select next move using MCTS. Returning random move noop.
LOG 1641835227004 [L3]: Starting move selection for game step 68 with available time 0ms.
LOG 1641835227004 [L3]: No time to select next move using MCTS. Returning random move ( move 5 6 6 5 ).
LOG 1641835227008 [L3]: Starting move selection for game step 69 with available time 0ms.
LOG 1641835227008 [L3]: No time to select next move using MCTS. Returning random move noop.
LOG 1641835227011 [L3]: Starting move selection for game step 70 with available time 0ms.
LOG 1641835227011 [L3]: No time to select next move using MCTS. Returning random move ( move 3 8 4 7 ).
LOG 1641835227015 [L3]: Starting move selection for game step 71 with available time 0ms.
LOG 1641835227016 [L3]: No time to select next move using MCTS. Returning random move noop.
LOG 1641835227019 [L3]: Starting move selection for game step 72 with available time 0ms.
LOG 1641835227019 [L3]: No time to select next move using MCTS. Returning random move ( move 5 2 5 1 ).
