LOG 1641851396681 [L3]: Returning initial state machine.
LOG 1641851396682 [L3]: Returning PropNet state machine without cache.
LOG 1641851396683 [L3]: Starting metagame with available thinking time 4987ms.
LOG 1641851396685 [L3]: Starting search during metagame.
LOG 1641851401670 [L3]: Done searching during metagame.
LOG 1641851401673 [L3]: Starting move selection for game step 1 with available time 10000ms.
LOG 1641851401674 [L3]: Selecting move using MCTS.
LOG 1641851411673 [L3]: Returning MCTS move ( drop 4 ).
LOG 1641851411676 [L3]: Starting move selection for game step 2 with available time 10000ms.
LOG 1641851411682 [L3]: Selecting move using MCTS.
LOG 1641851421676 [L3]: Returning MCTS move noop.
LOG 1641851421679 [L3]: Starting move selection for game step 3 with available time 10000ms.
LOG 1641851421696 [L3]: Selecting move using MCTS.
LOG 1641851431679 [L3]: Returning MCTS move ( drop 4 ).
LOG 1641851431689 [L3]: Starting move selection for game step 4 with available time 10000ms.
LOG 1641851431707 [L3]: Selecting move using MCTS.
LOG 1641851441689 [L3]: Returning MCTS move noop.
LOG 1641851441693 [L3]: Starting move selection for game step 5 with available time 10000ms.
LOG 1641851441711 [L3]: Selecting move using MCTS.
LOG 1641851451693 [L3]: Returning MCTS move ( drop 4 ).
LOG 1641851451697 [L3]: Starting move selection for game step 6 with available time 10000ms.
LOG 1641851451711 [L3]: Selecting move using MCTS.
LOG 1641851461697 [L3]: Returning MCTS move noop.
LOG 1641851461700 [L3]: Starting move selection for game step 7 with available time 10000ms.
LOG 1641851461718 [L3]: Selecting move using MCTS.
LOG 1641851471700 [L3]: Returning MCTS move ( drop 4 ).
