LOG 1641832782479 [L3]: Started match logging at: Mon Jan 10 17:39:42 CET 2022
LOG 1641832782486 [L3]: Game rules: [( role white ), ( role red ), ( init ( cell 1 0 dirt ) ), ( init ( cell 2 0 dirt ) ), ( init ( cell 3 0 dirt ) ), ( init ( cell 4 0 dirt ) ), ( init ( cell 5 0 dirt ) ), ( init ( cell 6 0 dirt ) ), ( init ( cell 7 0 dirt ) ), ( init ( cell 1 1 b ) ), ( init ( cell 1 2 b ) ), ( init ( cell 1 3 b ) ), ( init ( cell 1 4 b ) ), ( init ( cell 1 5 b ) ), ( init ( cell 1 6 b ) ), ( init ( cell 2 1 b ) ), ( init ( cell 2 2 b ) ), ( init ( cell 2 3 b ) ), ( init ( cell 2 4 b ) ), ( init ( cell 2 5 b ) ), ( init ( cell 2 6 b ) ), ( init ( cell 3 1 b ) ), ( init ( cell 3 2 b ) ), ( init ( cell 3 3 b ) ), ( init ( cell 3 4 b ) ), ( init ( cell 3 5 b ) ), ( init ( cell 3 6 b ) ), ( init ( cell 4 1 b ) ), ( init ( cell 4 2 b ) ), ( init ( cell 4 3 b ) ), ( init ( cell 4 4 b ) ), ( init ( cell 4 5 b ) ), ( init ( cell 4 6 b ) ), ( init ( cell 5 1 b ) ), ( init ( cell 5 2 b ) ), ( init ( cell 5 3 b ) ), ( init ( cell 5 4 b ) ), ( init ( cell 5 5 b ) ), ( init ( cell 5 6 b ) ), ( init ( cell 6 1 b ) ), ( init ( cell 6 2 b ) ), ( init ( cell 6 3 b ) ), ( init ( cell 6 4 b ) ), ( init ( cell 6 5 b ) ), ( init ( cell 6 6 b ) ), ( init ( cell 7 1 b ) ), ( init ( cell 7 2 b ) ), ( init ( cell 7 3 b ) ), ( init ( cell 7 4 b ) ), ( init ( cell 7 5 b ) ), ( init ( cell 7 6 b ) ), ( init ( control white ) ), ( <= ( empty ?c ?h ) ( true ( cell ?c ?h b ) ) ), ( <= ( filled ?c ?h ) ( true ( cell ?c ?h dirt ) ) ), ( <= ( filled ?c ?h ) ( true ( cell ?c ?h w ) ) ), ( <= ( filled ?c ?h ) ( true ( cell ?c ?h r ) ) ), ( <= ( next ( cell ?c ?h2 w ) ) ( does white ( drop ?c ) ) ( true ( cell ?c ?h2 b ) ) ( filled ?c ?h1 ) ( succ ?h1 ?h2 ) ), ( <= ( next ( cell ?c ?h2 r ) ) ( does red ( drop ?c ) ) ( true ( cell ?c ?h2 b ) ) ( filled ?c ?h1 ) ( succ ?h1 ?h2 ) ), ( <= ( next ( cell ?x ?y ?z ) ) ( true ( cell ?x ?y ?z ) ) ( distinct ?z b ) ), ( <= ( next ( cell ?c2 ?y b ) ) ( does ?w ( drop ?c1 ) ) ( true ( cell ?c2 ?y b ) ) ( distinct ?c1 ?c2 ) ), ( <= ( next ( cell ?c ?y2 b ) ) ( true ( cell ?c ?y1 b ) ) ( distinct ?y1 6 ) ( succ ?y1 ?y2 ) ), ( <= ( next ( control white ) ) ( true ( control red ) ) ), ( <= ( next ( control red ) ) ( true ( control white ) ) ), ( <= ( row ?z ) ( true ( cell ?x1 ?y ?z ) ) ( distinct ?z b ) ( distinct ?z dirt ) ( succ ?x1 ?x2 ) ( true ( cell ?x2 ?y ?z ) ) ( succ ?x2 ?x3 ) ( true ( cell ?x3 ?y ?z ) ) ( succ ?x3 ?x4 ) ( true ( cell ?x4 ?y ?z ) ) ), ( <= ( column ?z ) ( true ( cell ?x ?y1 ?z ) ) ( distinct ?z b ) ( succ ?y1 ?y2 ) ( true ( cell ?x ?y2 ?z ) ) ( succ ?y2 ?y3 ) ( true ( cell ?x ?y3 ?z ) ) ( succ ?y3 ?y4 ) ( true ( cell ?x ?y4 ?z ) ) ), ( <= ( diag ?z ) ( true ( cell ?x1 ?y1 ?z ) ) ( distinct ?z b ) ( succ ?x1 ?x2 ) ( succ ?y1 ?y2 ) ( true ( cell ?x2 ?y2 ?z ) ) ( succ ?x2 ?x3 ) ( succ ?y2 ?y3 ) ( true ( cell ?x3 ?y3 ?z ) ) ( succ ?x3 ?x4 ) ( succ ?y3 ?y4 ) ( true ( cell ?x4 ?y4 ?z ) ) ), ( <= ( diag ?z ) ( true ( cell ?x1 ?y1 ?z ) ) ( distinct ?z b ) ( succ ?x1 ?x2 ) ( succ ?y2 ?y1 ) ( true ( cell ?x2 ?y2 ?z ) ) ( succ ?x2 ?x3 ) ( succ ?y3 ?y2 ) ( true ( cell ?x3 ?y3 ?z ) ) ( succ ?x3 ?x4 ) ( succ ?y4 ?y3 ) ( true ( cell ?x4 ?y4 ?z ) ) ), ( <= ( line ?x ) ( row ?x ) ), ( <= ( line ?x ) ( column ?x ) ), ( <= ( line ?x ) ( diag ?x ) ), ( <= open ( empty ?c ?h ) ), ( <= terminal ( line r ) ), ( <= terminal ( line w ) ), ( <= terminal ( not open ) ), ( <= ( legal ?w ( drop ?c ) ) ( true ( cell ?c ?y2 b ) ) ( filled ?c ?y1 ) ( succ ?y1 ?y2 ) ( true ( control ?w ) ) ), ( <= ( legal white noop ) ( true ( control red ) ) ), ( <= ( legal red noop ) ( true ( control white ) ) ), ( <= ( goal white 100 ) ( line w ) ), ( <= ( goal white 50 ) ( not ( line r ) ) ( not ( line w ) ) ( not open ) ), ( <= ( goal white 0 ) ( line r ) ), ( <= ( goal red 100 ) ( line r ) ), ( <= ( goal red 50 ) ( not ( line r ) ) ( not ( line w ) ) ( not open ) ), ( <= ( goal red 0 ) ( line w ) ), ( <= ( goal ?w 70 ) ( role ?w ) ( not ( line r ) ) ( not ( line w ) ) open ), ( <= ( lte 0 ?x ) ( number ?x ) ), ( <= ( lte ?x ?x ) ( number ?x ) ), ( <= ( lte ?x ?z ) ( succ ?y ?z ) ( lte ?x ?y ) ), ( <= ( lte ?x ?y ) ( succ ?x ?y ) ), ( number 0 ), ( number 1 ), ( number 2 ), ( number 3 ), ( number 4 ), ( number 5 ), ( number 6 ), ( number 7 ), ( number 8 ), ( succ 0 1 ), ( succ 1 2 ), ( succ 2 3 ), ( succ 3 4 ), ( succ 4 5 ), ( succ 5 6 ), ( succ 6 7 ), ( succ 7 8 )]
LOG 1641832782487 [L3]: Start clock: 15
LOG 1641832782487 [L3]: Play clock: 10
LOG 1641832787479 [L0]: [Sent at 1641832787479] ready
LOG 1641832787481 [L0]: [Received at 1641832787481] ( PLAY 37.connect4.1641832782407 NIL )
LOG 1641832787482 [L0]: [Sent at 1641832787482] ( drop 7 )
LOG 1641832787485 [L0]: [Received at 1641832787485] ( PLAY 37.connect4.1641832782407 (( drop 7 ) noop ) )
LOG 1641832787489 [L0]: [Sent at 1641832787489] noop
LOG 1641832787491 [L0]: [Received at 1641832787491] ( PLAY 37.connect4.1641832782407 (noop ( drop 5 ) ) )
LOG 1641832787501 [L0]: [Sent at 1641832787501] ( drop 7 )
LOG 1641832787503 [L0]: [Received at 1641832787503] ( PLAY 37.connect4.1641832782407 (( drop 7 ) noop ) )
LOG 1641832787510 [L0]: [Sent at 1641832787510] noop
LOG 1641832787512 [L0]: [Received at 1641832787512] ( PLAY 37.connect4.1641832782407 (noop ( drop 1 ) ) )
LOG 1641832787513 [L0]: [Sent at 1641832787513] ( drop 5 )
LOG 1641832787515 [L0]: [Received at 1641832787515] ( PLAY 37.connect4.1641832782407 (( drop 5 ) noop ) )
LOG 1641832787516 [L0]: [Sent at 1641832787516] noop
LOG 1641832787518 [L0]: [Received at 1641832787518] ( PLAY 37.connect4.1641832782407 (noop ( drop 2 ) ) )
LOG 1641832787520 [L0]: [Sent at 1641832787520] ( drop 3 )
LOG 1641832787523 [L0]: [Received at 1641832787523] ( PLAY 37.connect4.1641832782407 (( drop 3 ) noop ) )
LOG 1641832787524 [L0]: [Sent at 1641832787524] noop
LOG 1641832787526 [L0]: [Received at 1641832787526] ( PLAY 37.connect4.1641832782407 (noop ( drop 7 ) ) )
LOG 1641832787527 [L0]: [Sent at 1641832787527] ( drop 2 )
LOG 1641832787530 [L0]: [Received at 1641832787530] ( PLAY 37.connect4.1641832782407 (( drop 2 ) noop ) )
LOG 1641832787531 [L0]: [Sent at 1641832787531] noop
LOG 1641832787534 [L0]: [Received at 1641832787534] ( PLAY 37.connect4.1641832782407 (noop ( drop 3 ) ) )
LOG 1641832787535 [L0]: [Sent at 1641832787535] ( drop 4 )
LOG 1641832787538 [L0]: [Received at 1641832787538] ( PLAY 37.connect4.1641832782407 (( drop 4 ) noop ) )
LOG 1641832787539 [L0]: [Sent at 1641832787539] noop
LOG 1641832787541 [L0]: [Received at 1641832787541] ( PLAY 37.connect4.1641832782407 (noop ( drop 2 ) ) )
LOG 1641832787542 [L0]: [Sent at 1641832787542] ( drop 4 )
LOG 1641832787546 [L0]: [Received at 1641832787546] ( PLAY 37.connect4.1641832782407 (( drop 4 ) noop ) )
LOG 1641832787547 [L0]: [Sent at 1641832787547] noop
LOG 1641832787549 [L0]: [Received at 1641832787549] ( PLAY 37.connect4.1641832782407 (noop ( drop 4 ) ) )
LOG 1641832787550 [L0]: [Sent at 1641832787550] ( drop 6 )
LOG 1641832787553 [L0]: [Received at 1641832787553] ( PLAY 37.connect4.1641832782407 (( drop 6 ) noop ) )
LOG 1641832787554 [L0]: [Sent at 1641832787554] noop
LOG 1641832787557 [L0]: [Received at 1641832787557] ( PLAY 37.connect4.1641832782407 (noop ( drop 6 ) ) )
LOG 1641832787558 [L0]: [Sent at 1641832787558] ( drop 5 )
LOG 1641832787560 [L0]: [Received at 1641832787560] ( PLAY 37.connect4.1641832782407 (( drop 5 ) noop ) )
LOG 1641832787562 [L0]: [Sent at 1641832787562] noop
LOG 1641832787564 [L0]: [Received at 1641832787564] ( PLAY 37.connect4.1641832782407 (noop ( drop 6 ) ) )
LOG 1641832787565 [L0]: [Sent at 1641832787565] ( drop 2 )
LOG 1641832787576 [L0]: [Received at 1641832787576] ( PLAY 37.connect4.1641832782407 (( drop 2 ) noop ) )
LOG 1641832787577 [L0]: [Sent at 1641832787577] noop
LOG 1641832787579 [L0]: [Received at 1641832787579] ( PLAY 37.connect4.1641832782407 (noop ( drop 4 ) ) )
LOG 1641832787581 [L0]: [Sent at 1641832787581] ( drop 4 )
LOG 1641832787583 [L0]: [Received at 1641832787583] ( PLAY 37.connect4.1641832782407 (( drop 4 ) noop ) )
LOG 1641832787584 [L0]: [Sent at 1641832787584] noop
LOG 1641832787587 [L0]: [Received at 1641832787587] ( PLAY 37.connect4.1641832782407 (noop ( drop 1 ) ) )
LOG 1641832787588 [L0]: [Sent at 1641832787588] ( drop 7 )
LOG 1641832787591 [L0]: [Received at 1641832787591] ( PLAY 37.connect4.1641832782407 (( drop 7 ) noop ) )
LOG 1641832787592 [L0]: [Sent at 1641832787592] noop
LOG 1641832787595 [L0]: [Received at 1641832787595] ( PLAY 37.connect4.1641832782407 (noop ( drop 3 ) ) )
LOG 1641832787596 [L0]: [Sent at 1641832787596] ( drop 3 )
LOG 1641832787599 [L0]: [Received at 1641832787599] ( PLAY 37.connect4.1641832782407 (( drop 3 ) noop ) )
LOG 1641832787600 [L0]: [Sent at 1641832787600] noop
LOG 1641832787602 [L0]: [Received at 1641832787602] ( PLAY 37.connect4.1641832782407 (noop ( drop 3 ) ) )
LOG 1641832787604 [L0]: [Sent at 1641832787604] ( drop 2 )
LOG 1641832787606 [L0]: [Received at 1641832787606] ( PLAY 37.connect4.1641832782407 (( drop 2 ) noop ) )
LOG 1641832787607 [L0]: [Sent at 1641832787607] noop
LOG 1641832787610 [L0]: [Received at 1641832787610] ( PLAY 37.connect4.1641832782407 (noop ( drop 3 ) ) )
LOG 1641832787611 [L0]: [Sent at 1641832787611] ( drop 1 )
LOG 1641832787614 [L0]: [Received at 1641832787614] ( PLAY 37.connect4.1641832782407 (( drop 1 ) noop ) )
LOG 1641832787615 [L0]: [Sent at 1641832787615] noop
LOG 1641832787618 [L0]: [Received at 1641832787618] ( PLAY 37.connect4.1641832782407 (noop ( drop 4 ) ) )
LOG 1641832787619 [L0]: [Sent at 1641832787619] ( drop 5 )
LOG 1641832787622 [L0]: [Received at 1641832787622] ( PLAY 37.connect4.1641832782407 (( drop 5 ) noop ) )
LOG 1641832787623 [L0]: [Sent at 1641832787623] noop
LOG 1641832787625 [L0]: [Received at 1641832787625] ( PLAY 37.connect4.1641832782407 (noop ( drop 1 ) ) )
LOG 1641832787626 [L0]: [Sent at 1641832787626] ( drop 7 )
LOG 1641832787629 [L0]: [Received at 1641832787629] ( PLAY 37.connect4.1641832782407 (( drop 7 ) noop ) )
LOG 1641832787630 [L0]: [Sent at 1641832787630] noop
LOG 1641832787634 [L0]: [Received at 1641832787634] ( PLAY 37.connect4.1641832782407 (noop ( drop 2 ) ) )
LOG 1641832787635 [L0]: [Sent at 1641832787635] ( drop 1 )
LOG 1641832787637 [L0]: [Received at 1641832787637] ( PLAY 37.connect4.1641832782407 (( drop 1 ) noop ) )
LOG 1641832787638 [L0]: [Sent at 1641832787638] noop
LOG 1641832787641 [L0]: [Received at 1641832787641] ( PLAY 37.connect4.1641832782407 (noop ( drop 7 ) ) )
LOG 1641832787642 [L0]: [Sent at 1641832787642] ( drop 1 )
LOG 1641832787645 [L0]: [Received at 1641832787645] ( PLAY 37.connect4.1641832782407 (( drop 1 ) noop ) )
LOG 1641832787646 [L0]: [Sent at 1641832787646] noop
LOG 1641832787649 [L0]: [Received at 1641832787649] ( PLAY 37.connect4.1641832782407 (noop ( drop 5 ) ) )
LOG 1641832787650 [L0]: [Sent at 1641832787650] ( drop 6 )
LOG 1641832787656 [L0]: [Received at 1641832787656] ( STOP 37.connect4.1641832782407 (( drop 6 ) noop ) )
LOG 1641832787657 [L3]: Stopped logging to files at: Mon Jan 10 17:39:47 CET 2022
LOG 1641832787657 [L3]: LOG SEALED
