LOG 1641912361516 [L3]: Returning initial state machine.
LOG 1641912361517 [L3]: Returning PropNet state machine without cache.
LOG 1641912361518 [L3]: Starting metagame with available thinking time 4987ms.
LOG 1641912361521 [L3]: Starting search during metagame.
LOG 1641912366505 [L3]: Done searching during metagame.
LOG 1641912366508 [L3]: Starting move selection for game step 1 with available time 10000ms.
LOG 1641912366509 [L3]: Selecting move using MCTS.
LOG 1641912376508 [L3]: Returning MCTS move noop.
LOG 1641912376513 [L3]: Starting move selection for game step 2 with available time 10000ms.
LOG 1641912376527 [L3]: Selecting move using MCTS.
LOG 1641912386513 [L3]: Returning MCTS move ( drop 5 ).
LOG 1641912386517 [L3]: Starting move selection for game step 3 with available time 10000ms.
LOG 1641912386546 [L3]: Selecting move using MCTS.
LOG 1641912396517 [L3]: Returning MCTS move noop.
LOG 1641912396527 [L3]: Starting move selection for game step 4 with available time 10000ms.
LOG 1641912396573 [L3]: Selecting move using MCTS.
LOG 1641912406527 [L3]: Returning MCTS move ( drop 2 ).
LOG 1641912406531 [L3]: Starting move selection for game step 5 with available time 10000ms.
LOG 1641912406563 [L3]: Selecting move using MCTS.
LOG 1641912416531 [L3]: Returning MCTS move noop.
LOG 1641912416535 [L3]: Starting move selection for game step 6 with available time 10000ms.
LOG 1641912416569 [L3]: Selecting move using MCTS.
LOG 1641912426535 [L3]: Returning MCTS move ( drop 4 ).
LOG 1641912426539 [L3]: Starting move selection for game step 7 with available time 10000ms.
LOG 1641912426570 [L3]: Selecting move using MCTS.
LOG 1641912436539 [L3]: Returning MCTS move noop.
LOG 1641912436547 [L3]: Starting move selection for game step 8 with available time 10000ms.
LOG 1641912436584 [L3]: Selecting move using MCTS.
LOG 1641912446547 [L3]: Returning MCTS move ( drop 3 ).
