LOG 1641914753977 [L3]: Returning initial state machine.
LOG 1641914753977 [L3]: Returning PropNet state machine without cache.
LOG 1641914753977 [L3]: Starting metagame with available thinking time 4992ms.
LOG 1641914753979 [L3]: Starting search during metagame.
LOG 1641914758969 [L3]: Done searching during metagame.
LOG 1641914758972 [L3]: Starting move selection for game step 1 with available time 10000ms.
LOG 1641914758972 [L3]: Selecting move using MCTS.
LOG 1641914768975 [L3]: Starting move selection for game step 2 with available time 10000ms.
LOG 1641914768978 [L3]: Selecting move using MCTS.
LOG 1641914779003 [L3]: Starting move selection for game step 3 with available time 10000ms.
LOG 1641914779005 [L3]: Selecting move using MCTS.
LOG 1641914789012 [L3]: Starting move selection for game step 4 with available time 10000ms.
LOG 1641914789016 [L3]: Selecting move using MCTS.
LOG 1641914799016 [L3]: Starting move selection for game step 5 with available time 10000ms.
LOG 1641914799017 [L3]: Selecting move using MCTS.
LOG 1641914809019 [L3]: Starting move selection for game step 6 with available time 10000ms.
LOG 1641914809020 [L3]: Selecting move using MCTS.
LOG 1641914819022 [L3]: Starting move selection for game step 7 with available time 10000ms.
LOG 1641914819022 [L3]: Selecting move using MCTS.
LOG 1641914829026 [L3]: Starting move selection for game step 8 with available time 10000ms.
LOG 1641914829027 [L3]: Selecting move using MCTS.
LOG 1641914839029 [L3]: Starting move selection for game step 9 with available time 10000ms.
LOG 1641914839030 [L3]: Selecting move using MCTS.
LOG 1641914849032 [L3]: Starting move selection for game step 10 with available time 10000ms.
LOG 1641914849033 [L3]: Selecting move using MCTS.
