LOG 1641860185960 [L3]: Returning initial state machine.
LOG 1641860185960 [L3]: Returning PropNet state machine without cache.
LOG 1641860185961 [L3]: Starting metagame with available thinking time 4990ms.
LOG 1641860185963 [L3]: Starting search during metagame.
LOG 1641860190951 [L3]: Done searching during metagame.
LOG 1641860190954 [L3]: Starting move selection for game step 1 with available time 10000ms.
LOG 1641860190954 [L3]: Selecting move using MCTS.
LOG 1641860200954 [L3]: Returning MCTS move noop.
LOG 1641860200957 [L3]: Starting move selection for game step 2 with available time 10000ms.
LOG 1641860200963 [L3]: Selecting move using MCTS.
LOG 1641860210957 [L3]: Returning MCTS move ( drop 4 ).
LOG 1641860210960 [L3]: Starting move selection for game step 3 with available time 10000ms.
LOG 1641860210975 [L3]: Selecting move using MCTS.
LOG 1641860220960 [L3]: Returning MCTS move noop.
LOG 1641860220970 [L3]: Starting move selection for game step 4 with available time 10000ms.
LOG 1641860220985 [L3]: Selecting move using MCTS.
LOG 1641860230970 [L3]: Returning MCTS move ( drop 3 ).
LOG 1641860230973 [L3]: Starting move selection for game step 5 with available time 10000ms.
LOG 1641860230990 [L3]: Selecting move using MCTS.
LOG 1641860240973 [L3]: Returning MCTS move noop.
LOG 1641860240977 [L3]: Starting move selection for game step 6 with available time 10000ms.
LOG 1641860240997 [L3]: Selecting move using MCTS.
LOG 1641860250977 [L3]: Returning MCTS move ( drop 6 ).
LOG 1641860250980 [L3]: Starting move selection for game step 7 with available time 10000ms.
LOG 1641860250996 [L3]: Selecting move using MCTS.
LOG 1641860260980 [L3]: Returning MCTS move noop.
LOG 1641860260983 [L3]: Starting move selection for game step 8 with available time 10000ms.
LOG 1641860261002 [L3]: Selecting move using MCTS.
LOG 1641860270983 [L3]: Returning MCTS move ( drop 4 ).
LOG 1641860270986 [L3]: Starting move selection for game step 9 with available time 10000ms.
LOG 1641860271005 [L3]: Selecting move using MCTS.
LOG 1641860280986 [L3]: Returning MCTS move noop.
LOG 1641860280989 [L3]: Starting move selection for game step 10 with available time 10000ms.
LOG 1641860281007 [L3]: Selecting move using MCTS.
LOG 1641860290989 [L3]: Returning MCTS move ( drop 3 ).
LOG 1641860290992 [L3]: Starting move selection for game step 11 with available time 10000ms.
LOG 1641860291010 [L3]: Selecting move using MCTS.
LOG 1641860300992 [L3]: Returning MCTS move noop.
LOG 1641860300995 [L3]: Starting move selection for game step 12 with available time 10000ms.
LOG 1641860301014 [L3]: Selecting move using MCTS.
LOG 1641860310995 [L3]: Returning MCTS move ( drop 2 ).
LOG 1641860311019 [L3]: Starting move selection for game step 13 with available time 10000ms.
LOG 1641860311035 [L3]: Selecting move using MCTS.
LOG 1641860321019 [L3]: Returning MCTS move noop.
LOG 1641860321023 [L3]: Starting move selection for game step 14 with available time 10000ms.
LOG 1641860321040 [L3]: Selecting move using MCTS.
LOG 1641860331023 [L3]: Returning MCTS move ( drop 3 ).
LOG 1641860331026 [L3]: Starting move selection for game step 15 with available time 10000ms.
LOG 1641860331046 [L3]: Selecting move using MCTS.
LOG 1641860341026 [L3]: Returning MCTS move noop.
LOG 1641860341029 [L3]: Starting move selection for game step 16 with available time 10000ms.
LOG 1641860341054 [L3]: Selecting move using MCTS.
LOG 1641860351496 [L3]: Returning MCTS move ( drop 1 ).
LOG 1641860351500 [L3]: Starting move selection for game step 17 with available time 10000ms.
LOG 1641860351517 [L3]: Selecting move using MCTS.
LOG 1641860361500 [L3]: Returning MCTS move noop.
LOG 1641860361503 [L3]: Starting move selection for game step 18 with available time 10000ms.
LOG 1641860361525 [L3]: Selecting move using MCTS.
LOG 1641860371503 [L3]: Returning MCTS move ( drop 4 ).
LOG 1641860371506 [L3]: Starting move selection for game step 19 with available time 10000ms.
LOG 1641860371522 [L3]: Selecting move using MCTS.
LOG 1641860381506 [L3]: Returning MCTS move noop.
LOG 1641860381509 [L3]: Starting move selection for game step 20 with available time 10000ms.
LOG 1641860381526 [L3]: Selecting move using MCTS.
LOG 1641860391509 [L3]: Returning MCTS move ( drop 2 ).
LOG 1641860391512 [L3]: Starting move selection for game step 21 with available time 10000ms.
LOG 1641860391530 [L3]: Selecting move using MCTS.
LOG 1641860401512 [L3]: Returning MCTS move noop.
LOG 1641860401516 [L3]: Starting move selection for game step 22 with available time 10000ms.
LOG 1641860401538 [L3]: Selecting move using MCTS.
LOG 1641860411516 [L3]: Returning MCTS move ( drop 7 ).
LOG 1641860411520 [L3]: Starting move selection for game step 23 with available time 10000ms.
LOG 1641860411528 [L3]: Selecting move using MCTS.
LOG 1641860421520 [L3]: Returning MCTS move noop.
LOG 1641860421524 [L3]: Starting move selection for game step 24 with available time 10000ms.
LOG 1641860421528 [L3]: Selecting move using MCTS.
LOG 1641860431524 [L3]: Returning MCTS move ( drop 7 ).
LOG 1641860431527 [L3]: Starting move selection for game step 25 with available time 10000ms.
LOG 1641860431531 [L3]: Selecting move using MCTS.
LOG 1641860441527 [L3]: Returning MCTS move noop.
LOG 1641860441531 [L3]: Starting move selection for game step 26 with available time 10000ms.
LOG 1641860441533 [L3]: Selecting move using MCTS.
LOG 1641860451531 [L3]: Returning MCTS move ( drop 6 ).
LOG 1641860451534 [L3]: Starting move selection for game step 27 with available time 10000ms.
LOG 1641860451537 [L3]: Selecting move using MCTS.
LOG 1641860461534 [L3]: Returning MCTS move noop.
LOG 1641860461537 [L3]: Starting move selection for game step 28 with available time 10000ms.
LOG 1641860461540 [L3]: Selecting move using MCTS.
LOG 1641860471537 [L3]: Returning MCTS move ( drop 3 ).
LOG 1641860471541 [L3]: Starting move selection for game step 29 with available time 10000ms.
LOG 1641860471542 [L3]: Selecting move using MCTS.
LOG 1641860481541 [L3]: Returning MCTS move noop.
LOG 1641860481544 [L3]: Starting move selection for game step 30 with available time 10000ms.
LOG 1641860481545 [L3]: Selecting move using MCTS.
LOG 1641860491544 [L3]: Returning MCTS move ( drop 1 ).
LOG 1641860491547 [L3]: Starting move selection for game step 31 with available time 10000ms.
LOG 1641860491548 [L3]: Selecting move using MCTS.
LOG 1641860501547 [L3]: Returning MCTS move noop.
LOG 1641860501552 [L3]: Starting move selection for game step 32 with available time 10000ms.
LOG 1641860501553 [L3]: Selecting move using MCTS.
LOG 1641860511552 [L3]: Returning MCTS move ( drop 7 ).
LOG 1641860511555 [L3]: Starting move selection for game step 33 with available time 10000ms.
LOG 1641860511556 [L3]: Selecting move using MCTS.
LOG 1641860521555 [L3]: Returning MCTS move noop.
LOG 1641860521558 [L3]: Starting move selection for game step 34 with available time 10000ms.
LOG 1641860521559 [L3]: Selecting move using MCTS.
LOG 1641860531558 [L3]: Returning MCTS move ( drop 1 ).
LOG 1641860531561 [L3]: Starting move selection for game step 35 with available time 10000ms.
LOG 1641860531563 [L3]: Selecting move using MCTS.
LOG 1641860541561 [L3]: Returning MCTS move noop.
LOG 1641860541564 [L3]: Starting move selection for game step 36 with available time 10000ms.
LOG 1641860541565 [L3]: Selecting move using MCTS.
LOG 1641860551564 [L3]: Returning MCTS move ( drop 1 ).
LOG 1641860551569 [L3]: Starting move selection for game step 37 with available time 10000ms.
LOG 1641860551569 [L3]: Selecting move using MCTS.
LOG 1641860561569 [L3]: Returning MCTS move noop.
LOG 1641860561574 [L3]: Starting move selection for game step 38 with available time 10000ms.
LOG 1641860561574 [L3]: Selecting move using MCTS.
LOG 1641860571574 [L3]: Returning MCTS move ( drop 5 ).
LOG 1641860571577 [L3]: Starting move selection for game step 39 with available time 10000ms.
LOG 1641860571578 [L3]: Selecting move using MCTS.
LOG 1641860581577 [L3]: Returning MCTS move noop.
