LOG 1641844289588 [L3]: Returning initial state machine.
LOG 1641844289588 [L3]: Returning PropNet state machine without cache.
LOG 1641844289589 [L3]: Starting metagame with available thinking time 4990ms.
LOG 1641844289591 [L3]: Starting search during metagame.
LOG 1641844295286 [L3]: Done searching during metagame.
LOG 1641844295289 [L3]: Starting move selection for game step 1 with available time 0ms.
LOG 1641844295289 [L3]: No time to select next move using MCTS. Returning random move ( mark r4 c6 ).
LOG 1641844295293 [L3]: Starting move selection for game step 2 with available time 0ms.
LOG 1641844295294 [L3]: No time to select next move using MCTS. Returning random move noop.
LOG 1641844295296 [L3]: Starting move selection for game step 3 with available time 0ms.
LOG 1641844295304 [L3]: No time to select next move using MCTS. Returning random move ( block r7 c5 ).
LOG 1641844295307 [L3]: Starting move selection for game step 4 with available time 0ms.
LOG 1641844295309 [L3]: No time to select next move using MCTS. Returning random move ( block r7 c3 ).
LOG 1641844295312 [L3]: Starting move selection for game step 5 with available time 0ms.
LOG 1641844295312 [L3]: No time to select next move using MCTS. Returning random move ( mark r6 c4 ).
LOG 1641844295316 [L3]: Starting move selection for game step 6 with available time 0ms.
LOG 1641844295316 [L3]: No time to select next move using MCTS. Returning random move noop.
LOG 1641844295320 [L3]: Starting move selection for game step 7 with available time 0ms.
LOG 1641844295320 [L3]: No time to select next move using MCTS. Returning random move noop.
LOG 1641844295324 [L3]: Starting move selection for game step 8 with available time 0ms.
LOG 1641844295324 [L3]: No time to select next move using MCTS. Returning random move ( mark r4 c2 ).
LOG 1641844295330 [L3]: Starting move selection for game step 9 with available time 0ms.
LOG 1641844295331 [L3]: No time to select next move using MCTS. Returning random move noop.
LOG 1641844295337 [L3]: Starting move selection for game step 10 with available time 0ms.
LOG 1641844295338 [L3]: No time to select next move using MCTS. Returning random move ( block r3 c6 ).
LOG 1641844295341 [L3]: Starting move selection for game step 11 with available time 0ms.
LOG 1641844295341 [L3]: No time to select next move using MCTS. Returning random move ( mark r3 c2 ).
LOG 1641844295354 [L3]: Starting move selection for game step 12 with available time 0ms.
LOG 1641844295354 [L3]: No time to select next move using MCTS. Returning random move noop.
LOG 1641844295358 [L3]: Starting move selection for game step 13 with available time 0ms.
LOG 1641844295358 [L3]: No time to select next move using MCTS. Returning random move noop.
LOG 1641844295370 [L3]: Starting move selection for game step 14 with available time 0ms.
LOG 1641844295370 [L3]: No time to select next move using MCTS. Returning random move ( block r2 c4 ).
LOG 1641844295374 [L3]: Starting move selection for game step 15 with available time 0ms.
LOG 1641844295374 [L3]: No time to select next move using MCTS. Returning random move ( block r3 c1 ).
LOG 1641844295378 [L3]: Starting move selection for game step 16 with available time 0ms.
LOG 1641844295379 [L3]: No time to select next move using MCTS. Returning random move ( mark r1 c3 ).
LOG 1641844295400 [L3]: Starting move selection for game step 17 with available time 0ms.
LOG 1641844295401 [L3]: No time to select next move using MCTS. Returning random move noop.
LOG 1641844295405 [L3]: Starting move selection for game step 18 with available time 0ms.
LOG 1641844295405 [L3]: No time to select next move using MCTS. Returning random move noop.
LOG 1641844295420 [L3]: Starting move selection for game step 19 with available time 0ms.
LOG 1641844295421 [L3]: No time to select next move using MCTS. Returning random move ( mark r3 c5 ).
LOG 1641844295466 [L3]: Starting move selection for game step 20 with available time 0ms.
LOG 1641844295466 [L3]: No time to select next move using MCTS. Returning random move noop.
LOG 1641844295506 [L3]: Starting move selection for game step 21 with available time 0ms.
LOG 1641844295507 [L3]: No time to select next move using MCTS. Returning random move ( mark r7 c6 ).
LOG 1641844295552 [L3]: Starting move selection for game step 22 with available time 0ms.
LOG 1641844295552 [L3]: No time to select next move using MCTS. Returning random move noop.
LOG 1641844295612 [L3]: Starting move selection for game step 23 with available time 0ms.
LOG 1641844295612 [L3]: No time to select next move using MCTS. Returning random move ( mark r6 c1 ).
LOG 1641844295670 [L3]: Starting move selection for game step 24 with available time 0ms.
LOG 1641844295670 [L3]: No time to select next move using MCTS. Returning random move noop.
LOG 1641844295776 [L3]: Starting move selection for game step 25 with available time 0ms.
LOG 1641844295776 [L3]: No time to select next move using MCTS. Returning random move ( mark r4 c7 ).
LOG 1641844297927 [L3]: Starting move selection for game step 26 with available time 0ms.
LOG 1641844297928 [L3]: No time to select next move using MCTS. Returning random move noop.
LOG 1641844297946 [L3]: Starting move selection for game step 27 with available time 0ms.
LOG 1641844297946 [L3]: No time to select next move using MCTS. Returning random move noop.
LOG 1641844297962 [L3]: Starting move selection for game step 28 with available time 0ms.
LOG 1641844297962 [L3]: No time to select next move using MCTS. Returning random move noop.
LOG 1641844298086 [L3]: Starting move selection for game step 29 with available time 0ms.
LOG 1641844298086 [L3]: No time to select next move using MCTS. Returning random move ( mark r4 c4 ).
LOG 1641844298276 [L3]: Starting move selection for game step 30 with available time 0ms.
LOG 1641844298276 [L3]: No time to select next move using MCTS. Returning random move noop.
LOG 1641844298413 [L3]: Starting move selection for game step 31 with available time 0ms.
LOG 1641844298413 [L3]: No time to select next move using MCTS. Returning random move ( mark r2 c2 ).
LOG 1641844298638 [L3]: Starting move selection for game step 32 with available time 0ms.
LOG 1641844298639 [L3]: No time to select next move using MCTS. Returning random move noop.
LOG 1641844298891 [L3]: Starting move selection for game step 33 with available time 0ms.
LOG 1641844298891 [L3]: No time to select next move using MCTS. Returning random move ( mark r4 c3 ).
LOG 1641844299203 [L3]: Starting move selection for game step 34 with available time -1ms.
LOG 1641844299203 [L3]: No time to select next move using MCTS. Returning random move noop.
