LOG 1641917061432 [L3]: Returning initial state machine.
LOG 1641917061432 [L3]: Returning PropNet state machine without cache.
LOG 1641917061433 [L3]: Starting metagame with available thinking time 4990ms.
LOG 1641917061434 [L3]: Starting search during metagame.
LOG 1641917066423 [L3]: Done searching during metagame.
LOG 1641917066426 [L3]: Starting move selection for game step 1 with available time 10000ms.
LOG 1641917066426 [L3]: Selecting move using MCTS.
LOG 1641917076426 [L3]: Returning MCTS move noop.
LOG 1641917076430 [L3]: Starting move selection for game step 2 with available time 10000ms.
LOG 1641917076445 [L3]: Selecting move using MCTS.
LOG 1641917086430 [L3]: Returning MCTS move ( drop 3 ).
LOG 1641917086433 [L3]: Starting move selection for game step 3 with available time 10000ms.
LOG 1641917086463 [L3]: Selecting move using MCTS.
LOG 1641917096433 [L3]: Returning MCTS move noop.
LOG 1641917096442 [L3]: Starting move selection for game step 4 with available time 10000ms.
LOG 1641917096484 [L3]: Selecting move using MCTS.
LOG 1641917106442 [L3]: Returning MCTS move ( drop 4 ).
LOG 1641917106445 [L3]: Starting move selection for game step 5 with available time 10000ms.
LOG 1641917106484 [L3]: Selecting move using MCTS.
LOG 1641917116445 [L3]: Returning MCTS move noop.
LOG 1641917116448 [L3]: Starting move selection for game step 6 with available time 10000ms.
LOG 1641917116489 [L3]: Selecting move using MCTS.
LOG 1641917126448 [L3]: Returning MCTS move ( drop 4 ).
LOG 1641917126451 [L3]: Starting move selection for game step 7 with available time 10000ms.
LOG 1641917126486 [L3]: Selecting move using MCTS.
LOG 1641917136451 [L3]: Returning MCTS move noop.
LOG 1641917136454 [L3]: Starting move selection for game step 8 with available time 10000ms.
LOG 1641917136492 [L3]: Selecting move using MCTS.
LOG 1641917146454 [L3]: Returning MCTS move ( drop 4 ).
LOG 1641917146457 [L3]: Starting move selection for game step 9 with available time 10000ms.
LOG 1641917146492 [L3]: Selecting move using MCTS.
LOG 1641917156457 [L3]: Returning MCTS move noop.
LOG 1641917156460 [L3]: Starting move selection for game step 10 with available time 10000ms.
LOG 1641917156494 [L3]: Selecting move using MCTS.
LOG 1641917166460 [L3]: Returning MCTS move ( drop 4 ).
