LOG 1641834454455 [L3]: Started match logging at: Mon Jan 10 18:07:34 CET 2022
LOG 1641834454463 [L3]: Game rules: [( role white ), ( role black ), ( <= ( base ( cellHolds ?x ?y ?p ) ) ( index ?x ) ( index ?y ) ( role ?p ) ), ( <= ( base ( control ?p ) ) ( role ?p ) ), ( <= ( input ?p noop ) ( role ?p ) ), ( <= ( input white ( move ?x ?y1 ?x ?y2 ) ) ( index ?x ) ( succ ?y1 ?y2 ) ), ( <= ( input white ( move ?x1 ?y1 ?x2 ?y2 ) ) ( succ ?y1 ?y2 ) ( succ ?x1 ?x2 ) ), ( <= ( input white ( move ?x1 ?y1 ?x2 ?y2 ) ) ( succ ?y1 ?y2 ) ( succ ?x2 ?x1 ) ), ( <= ( input black ( move ?x ?y1 ?x ?y2 ) ) ( index ?x ) ( succ ?y2 ?y1 ) ), ( <= ( input black ( move ?x1 ?y1 ?x2 ?y2 ) ) ( succ ?y2 ?y1 ) ( succ ?x1 ?x2 ) ), ( <= ( input black ( move ?x1 ?y1 ?x2 ?y2 ) ) ( succ ?y2 ?y1 ) ( succ ?x2 ?x1 ) ), ( init ( cellHolds 1 1 white ) ), ( init ( cellHolds 2 1 white ) ), ( init ( cellHolds 3 1 white ) ), ( init ( cellHolds 4 1 white ) ), ( init ( cellHolds 5 1 white ) ), ( init ( cellHolds 6 1 white ) ), ( init ( cellHolds 7 1 white ) ), ( init ( cellHolds 8 1 white ) ), ( init ( cellHolds 1 2 white ) ), ( init ( cellHolds 2 2 white ) ), ( init ( cellHolds 3 2 white ) ), ( init ( cellHolds 4 2 white ) ), ( init ( cellHolds 5 2 white ) ), ( init ( cellHolds 6 2 white ) ), ( init ( cellHolds 7 2 white ) ), ( init ( cellHolds 8 2 white ) ), ( init ( cellHolds 1 7 black ) ), ( init ( cellHolds 2 7 black ) ), ( init ( cellHolds 3 7 black ) ), ( init ( cellHolds 4 7 black ) ), ( init ( cellHolds 5 7 black ) ), ( init ( cellHolds 6 7 black ) ), ( init ( cellHolds 7 7 black ) ), ( init ( cellHolds 8 7 black ) ), ( init ( cellHolds 1 8 black ) ), ( init ( cellHolds 2 8 black ) ), ( init ( cellHolds 3 8 black ) ), ( init ( cellHolds 4 8 black ) ), ( init ( cellHolds 5 8 black ) ), ( init ( cellHolds 6 8 black ) ), ( init ( cellHolds 7 8 black ) ), ( init ( cellHolds 8 8 black ) ), ( init ( control white ) ), ( <= ( legal white ( move ?x ?y1 ?x ?y2 ) ) ( true ( control white ) ) ( true ( cellHolds ?x ?y1 white ) ) ( succ ?y1 ?y2 ) ( cellEmpty ?x ?y2 ) ), ( <= ( legal white ( move ?x1 ?y1 ?x2 ?y2 ) ) ( true ( control white ) ) ( true ( cellHolds ?x1 ?y1 white ) ) ( succ ?y1 ?y2 ) ( succ ?x1 ?x2 ) ( not ( true ( cellHolds ?x2 ?y2 white ) ) ) ), ( <= ( legal white ( move ?x1 ?y1 ?x2 ?y2 ) ) ( true ( control white ) ) ( true ( cellHolds ?x1 ?y1 white ) ) ( succ ?y1 ?y2 ) ( succ ?x2 ?x1 ) ( not ( true ( cellHolds ?x2 ?y2 white ) ) ) ), ( <= ( legal black ( move ?x ?y1 ?x ?y2 ) ) ( true ( control black ) ) ( true ( cellHolds ?x ?y1 black ) ) ( succ ?y2 ?y1 ) ( cellEmpty ?x ?y2 ) ), ( <= ( legal black ( move ?x1 ?y1 ?x2 ?y2 ) ) ( true ( control black ) ) ( true ( cellHolds ?x1 ?y1 black ) ) ( succ ?y2 ?y1 ) ( succ ?x1 ?x2 ) ( not ( true ( cellHolds ?x2 ?y2 black ) ) ) ), ( <= ( legal black ( move ?x1 ?y1 ?x2 ?y2 ) ) ( true ( control black ) ) ( true ( cellHolds ?x1 ?y1 black ) ) ( succ ?y2 ?y1 ) ( succ ?x2 ?x1 ) ( not ( true ( cellHolds ?x2 ?y2 black ) ) ) ), ( <= ( legal white noop ) ( true ( control black ) ) ), ( <= ( legal black noop ) ( true ( control white ) ) ), ( <= ( next ( cellHolds ?x2 ?y2 ?player ) ) ( role ?player ) ( does ?player ( move ?x1 ?y1 ?x2 ?y2 ) ) ), ( <= ( next ( cellHolds ?x3 ?y3 ?state ) ) ( true ( cellHolds ?x3 ?y3 ?state ) ) ( role ?player ) ( does ?player ( move ?x1 ?y1 ?x2 ?y2 ) ) ( distinctCell ?x1 ?y1 ?x3 ?y3 ) ( distinctCell ?x2 ?y2 ?x3 ?y3 ) ), ( <= ( next ( control white ) ) ( true ( control black ) ) ), ( <= ( next ( control black ) ) ( true ( control white ) ) ), ( <= terminal whiteWin ), ( <= terminal blackWin ), ( <= ( goal white 100 ) whiteWin ), ( <= ( goal white 0 ) ( not whiteWin ) ), ( <= ( goal black 100 ) blackWin ), ( <= ( goal black 0 ) ( not blackWin ) ), ( <= ( cell ?x ?y ) ( index ?x ) ( index ?y ) ), ( <= ( cellEmpty ?x ?y ) ( cell ?x ?y ) ( not ( true ( cellHolds ?x ?y white ) ) ) ( not ( true ( cellHolds ?x ?y black ) ) ) ), ( <= ( distinctCell ?x1 ?y1 ?x2 ?y2 ) ( cell ?x1 ?y1 ) ( cell ?x2 ?y2 ) ( distinct ?x1 ?x2 ) ), ( <= ( distinctCell ?x1 ?y1 ?x2 ?y2 ) ( cell ?x1 ?y1 ) ( cell ?x2 ?y2 ) ( distinct ?y1 ?y2 ) ), ( <= whiteWin ( index ?x ) ( true ( cellHolds ?x 8 white ) ) ), ( <= blackWin ( index ?x ) ( true ( cellHolds ?x 1 black ) ) ), ( <= whiteWin ( not blackCell ) ), ( <= blackWin ( not whiteCell ) ), ( <= whiteCell ( cell ?x ?y ) ( true ( cellHolds ?x ?y white ) ) ), ( <= blackCell ( cell ?x ?y ) ( true ( cellHolds ?x ?y black ) ) ), ( index 1 ), ( index 2 ), ( index 3 ), ( index 4 ), ( index 5 ), ( index 6 ), ( index 7 ), ( index 8 ), ( succ 1 2 ), ( succ 2 3 ), ( succ 3 4 ), ( succ 4 5 ), ( succ 5 6 ), ( succ 6 7 ), ( succ 7 8 )]
LOG 1641834454464 [L3]: Start clock: 15
LOG 1641834454464 [L3]: Play clock: 10
LOG 1641834459455 [L0]: [Sent at 1641834459455] ready
LOG 1641834459458 [L0]: [Received at 1641834459458] ( PLAY 22.breakthrough.1641834454232 NIL )
LOG 1641834459459 [L0]: [Sent at 1641834459459] noop
LOG 1641834459462 [L0]: [Received at 1641834459462] ( PLAY 22.breakthrough.1641834454232 (( move 4 2 5 3 ) noop ) )
LOG 1641834459464 [L0]: [Sent at 1641834459464] ( move 6 7 5 6 )
LOG 1641834459469 [L0]: [Received at 1641834459469] ( PLAY 22.breakthrough.1641834454232 (noop ( move 6 7 5 6 ) ) )
LOG 1641834459478 [L0]: [Sent at 1641834459478] noop
LOG 1641834459483 [L0]: [Received at 1641834459483] ( PLAY 22.breakthrough.1641834454232 (( move 7 2 8 3 ) noop ) )
LOG 1641834459485 [L0]: [Sent at 1641834459485] ( move 7 7 6 6 )
LOG 1641834459494 [L0]: [Received at 1641834459494] ( PLAY 22.breakthrough.1641834454232 (noop ( move 7 7 6 6 ) ) )
LOG 1641834459495 [L0]: [Sent at 1641834459495] noop
LOG 1641834459499 [L0]: [Received at 1641834459499] ( PLAY 22.breakthrough.1641834454232 (( move 2 2 1 3 ) noop ) )
LOG 1641834459500 [L0]: [Sent at 1641834459500] ( move 1 7 2 6 )
LOG 1641834459505 [L0]: [Received at 1641834459505] ( PLAY 22.breakthrough.1641834454232 (noop ( move 1 7 2 6 ) ) )
LOG 1641834459506 [L0]: [Sent at 1641834459506] noop
LOG 1641834459529 [L0]: [Received at 1641834459529] ( PLAY 22.breakthrough.1641834454232 (( move 1 1 2 2 ) noop ) )
LOG 1641834459530 [L0]: [Sent at 1641834459530] ( move 6 6 6 5 )
LOG 1641834459532 [L0]: [Received at 1641834459532] ( PLAY 22.breakthrough.1641834454232 (noop ( move 6 6 6 5 ) ) )
LOG 1641834459534 [L0]: [Sent at 1641834459534] noop
LOG 1641834459536 [L0]: [Received at 1641834459536] ( PLAY 22.breakthrough.1641834454232 (( move 5 3 5 4 ) noop ) )
LOG 1641834459538 [L0]: [Sent at 1641834459538] ( move 6 5 5 4 )
LOG 1641834459540 [L0]: [Received at 1641834459540] ( PLAY 22.breakthrough.1641834454232 (noop ( move 6 5 5 4 ) ) )
LOG 1641834459541 [L0]: [Sent at 1641834459541] noop
LOG 1641834459545 [L0]: [Received at 1641834459545] ( PLAY 22.breakthrough.1641834454232 (( move 1 2 2 3 ) noop ) )
LOG 1641834459546 [L0]: [Sent at 1641834459546] ( move 3 7 4 6 )
LOG 1641834459549 [L0]: [Received at 1641834459549] ( PLAY 22.breakthrough.1641834454232 (noop ( move 3 7 4 6 ) ) )
LOG 1641834459551 [L0]: [Sent at 1641834459551] noop
LOG 1641834459553 [L0]: [Received at 1641834459553] ( PLAY 22.breakthrough.1641834454232 (( move 6 2 5 3 ) noop ) )
LOG 1641834459554 [L0]: [Sent at 1641834459554] ( move 2 7 3 6 )
LOG 1641834459557 [L0]: [Received at 1641834459557] ( PLAY 22.breakthrough.1641834454232 (noop ( move 2 7 3 6 ) ) )
LOG 1641834459558 [L0]: [Sent at 1641834459558] noop
LOG 1641834459561 [L0]: [Received at 1641834459561] ( PLAY 22.breakthrough.1641834454232 (( move 7 1 6 2 ) noop ) )
LOG 1641834459562 [L0]: [Sent at 1641834459562] ( move 3 8 2 7 )
LOG 1641834459565 [L0]: [Received at 1641834459565] ( PLAY 22.breakthrough.1641834454232 (noop ( move 3 8 2 7 ) ) )
LOG 1641834459566 [L0]: [Sent at 1641834459566] noop
LOG 1641834459570 [L0]: [Received at 1641834459570] ( PLAY 22.breakthrough.1641834454232 (( move 3 1 4 2 ) noop ) )
LOG 1641834459572 [L0]: [Sent at 1641834459572] ( move 3 6 2 5 )
LOG 1641834459574 [L0]: [Received at 1641834459574] ( PLAY 22.breakthrough.1641834454232 (noop ( move 3 6 2 5 ) ) )
LOG 1641834459575 [L0]: [Sent at 1641834459575] noop
LOG 1641834459578 [L0]: [Received at 1641834459578] ( PLAY 22.breakthrough.1641834454232 (( move 8 1 7 2 ) noop ) )
LOG 1641834459579 [L0]: [Sent at 1641834459579] ( move 2 6 1 5 )
LOG 1641834459582 [L0]: [Received at 1641834459582] ( PLAY 22.breakthrough.1641834454232 (noop ( move 2 6 1 5 ) ) )
LOG 1641834459583 [L0]: [Sent at 1641834459583] noop
LOG 1641834459586 [L0]: [Received at 1641834459586] ( PLAY 22.breakthrough.1641834454232 (( move 3 2 3 3 ) noop ) )
LOG 1641834459587 [L0]: [Sent at 1641834459587] ( move 6 8 6 7 )
LOG 1641834459591 [L0]: [Received at 1641834459591] ( PLAY 22.breakthrough.1641834454232 (noop ( move 6 8 6 7 ) ) )
LOG 1641834459592 [L0]: [Sent at 1641834459592] noop
LOG 1641834459594 [L0]: [Received at 1641834459594] ( PLAY 22.breakthrough.1641834454232 (( move 2 3 1 4 ) noop ) )
LOG 1641834459596 [L0]: [Sent at 1641834459596] ( move 2 5 1 4 )
LOG 1641834459598 [L0]: [Received at 1641834459598] ( PLAY 22.breakthrough.1641834454232 (noop ( move 2 5 1 4 ) ) )
LOG 1641834459599 [L0]: [Sent at 1641834459599] noop
LOG 1641834459602 [L0]: [Received at 1641834459602] ( PLAY 22.breakthrough.1641834454232 (( move 2 1 3 2 ) noop ) )
LOG 1641834459603 [L0]: [Sent at 1641834459603] ( move 1 8 1 7 )
LOG 1641834459605 [L0]: [Received at 1641834459605] ( PLAY 22.breakthrough.1641834454232 (noop ( move 1 8 1 7 ) ) )
LOG 1641834459607 [L0]: [Sent at 1641834459607] noop
LOG 1641834459610 [L0]: [Received at 1641834459610] ( PLAY 22.breakthrough.1641834454232 (( move 5 3 6 4 ) noop ) )
LOG 1641834459612 [L0]: [Sent at 1641834459612] ( move 2 7 1 6 )
LOG 1641834459615 [L0]: [Received at 1641834459615] ( PLAY 22.breakthrough.1641834454232 (noop ( move 2 7 1 6 ) ) )
LOG 1641834459616 [L0]: [Sent at 1641834459616] noop
LOG 1641834459619 [L0]: [Received at 1641834459619] ( PLAY 22.breakthrough.1641834454232 (( move 6 4 7 5 ) noop ) )
LOG 1641834459620 [L0]: [Sent at 1641834459620] ( move 4 6 4 5 )
LOG 1641834459623 [L0]: [Received at 1641834459623] ( PLAY 22.breakthrough.1641834454232 (noop ( move 4 6 4 5 ) ) )
LOG 1641834459624 [L0]: [Sent at 1641834459624] noop
LOG 1641834459627 [L0]: [Received at 1641834459627] ( PLAY 22.breakthrough.1641834454232 (( move 2 2 2 3 ) noop ) )
LOG 1641834459629 [L0]: [Sent at 1641834459629] ( move 4 5 3 4 )
LOG 1641834459632 [L0]: [Received at 1641834459632] ( PLAY 22.breakthrough.1641834454232 (noop ( move 4 5 3 4 ) ) )
LOG 1641834459634 [L0]: [Sent at 1641834459634] noop
LOG 1641834459636 [L0]: [Received at 1641834459636] ( PLAY 22.breakthrough.1641834454232 (( move 2 3 1 4 ) noop ) )
LOG 1641834459637 [L0]: [Sent at 1641834459637] ( move 3 4 4 3 )
LOG 1641834459639 [L0]: [Received at 1641834459639] ( PLAY 22.breakthrough.1641834454232 (noop ( move 3 4 4 3 ) ) )
LOG 1641834459641 [L0]: [Sent at 1641834459641] noop
LOG 1641834459643 [L0]: [Received at 1641834459643] ( PLAY 22.breakthrough.1641834454232 (( move 7 5 7 6 ) noop ) )
LOG 1641834459644 [L0]: [Sent at 1641834459644] ( move 6 7 7 6 )
LOG 1641834459646 [L0]: [Received at 1641834459646] ( PLAY 22.breakthrough.1641834454232 (noop ( move 6 7 7 6 ) ) )
LOG 1641834459648 [L0]: [Sent at 1641834459648] noop
LOG 1641834459651 [L0]: [Received at 1641834459651] ( PLAY 22.breakthrough.1641834454232 (( move 5 2 6 3 ) noop ) )
LOG 1641834459652 [L0]: [Sent at 1641834459652] ( move 5 6 6 5 )
LOG 1641834459655 [L0]: [Received at 1641834459655] ( PLAY 22.breakthrough.1641834454232 (noop ( move 5 6 6 5 ) ) )
LOG 1641834459657 [L0]: [Sent at 1641834459657] noop
LOG 1641834459659 [L0]: [Received at 1641834459659] ( PLAY 22.breakthrough.1641834454232 (( move 6 3 5 4 ) noop ) )
LOG 1641834459660 [L0]: [Sent at 1641834459660] ( move 1 5 2 4 )
LOG 1641834459662 [L0]: [Received at 1641834459662] ( PLAY 22.breakthrough.1641834454232 (noop ( move 1 5 2 4 ) ) )
LOG 1641834459664 [L0]: [Sent at 1641834459664] noop
LOG 1641834459666 [L0]: [Received at 1641834459666] ( PLAY 22.breakthrough.1641834454232 (( move 3 3 4 4 ) noop ) )
LOG 1641834459667 [L0]: [Sent at 1641834459667] ( move 4 3 5 2 )
LOG 1641834459671 [L0]: [Received at 1641834459671] ( PLAY 22.breakthrough.1641834454232 (noop ( move 4 3 5 2 ) ) )
LOG 1641834459672 [L0]: [Sent at 1641834459672] noop
LOG 1641834459675 [L0]: [Received at 1641834459675] ( PLAY 22.breakthrough.1641834454232 (( move 7 2 7 3 ) noop ) )
LOG 1641834459677 [L0]: [Sent at 1641834459677] ( move 8 8 7 7 )
LOG 1641834459679 [L0]: [Received at 1641834459679] ( PLAY 22.breakthrough.1641834454232 (noop ( move 8 8 7 7 ) ) )
LOG 1641834459680 [L0]: [Sent at 1641834459680] noop
LOG 1641834459683 [L0]: [Received at 1641834459683] ( PLAY 22.breakthrough.1641834454232 (( move 3 2 3 3 ) noop ) )
LOG 1641834459684 [L0]: [Sent at 1641834459684] ( move 4 7 3 6 )
LOG 1641834459686 [L0]: [Received at 1641834459686] ( PLAY 22.breakthrough.1641834454232 (noop ( move 4 7 3 6 ) ) )
LOG 1641834459687 [L0]: [Sent at 1641834459687] noop
LOG 1641834459690 [L0]: [Received at 1641834459690] ( PLAY 22.breakthrough.1641834454232 (( move 3 3 3 4 ) noop ) )
LOG 1641834459691 [L0]: [Sent at 1641834459691] ( move 1 6 2 5 )
LOG 1641834459694 [L0]: [Received at 1641834459694] ( PLAY 22.breakthrough.1641834454232 (noop ( move 1 6 2 5 ) ) )
LOG 1641834459696 [L0]: [Sent at 1641834459696] noop
LOG 1641834459698 [L0]: [Received at 1641834459698] ( PLAY 22.breakthrough.1641834454232 (( move 1 3 2 4 ) noop ) )
LOG 1641834459700 [L0]: [Sent at 1641834459700] ( move 3 6 4 5 )
LOG 1641834459703 [L0]: [Received at 1641834459703] ( PLAY 22.breakthrough.1641834454232 (noop ( move 3 6 4 5 ) ) )
LOG 1641834459704 [L0]: [Sent at 1641834459704] noop
LOG 1641834459706 [L0]: [Received at 1641834459706] ( PLAY 22.breakthrough.1641834454232 (( move 4 1 5 2 ) noop ) )
LOG 1641834459708 [L0]: [Sent at 1641834459708] ( move 2 5 1 4 )
LOG 1641834459710 [L0]: [Received at 1641834459710] ( PLAY 22.breakthrough.1641834454232 (noop ( move 2 5 1 4 ) ) )
LOG 1641834459711 [L0]: [Sent at 1641834459711] noop
LOG 1641834459713 [L0]: [Received at 1641834459713] ( PLAY 22.breakthrough.1641834454232 (( move 2 4 1 5 ) noop ) )
LOG 1641834459714 [L0]: [Sent at 1641834459714] ( move 5 8 4 7 )
LOG 1641834459717 [L0]: [Received at 1641834459717] ( PLAY 22.breakthrough.1641834454232 (noop ( move 5 8 4 7 ) ) )
LOG 1641834459718 [L0]: [Sent at 1641834459718] noop
LOG 1641834459721 [L0]: [Received at 1641834459721] ( PLAY 22.breakthrough.1641834454232 (( move 6 2 5 3 ) noop ) )
LOG 1641834459722 [L0]: [Sent at 1641834459722] ( move 6 5 7 4 )
LOG 1641834459725 [L0]: [Received at 1641834459725] ( PLAY 22.breakthrough.1641834454232 (noop ( move 6 5 7 4 ) ) )
LOG 1641834459726 [L0]: [Sent at 1641834459726] noop
LOG 1641834459729 [L0]: [Received at 1641834459729] ( PLAY 22.breakthrough.1641834454232 (( move 1 5 1 6 ) noop ) )
LOG 1641834459730 [L0]: [Sent at 1641834459730] ( move 2 8 3 7 )
LOG 1641834459732 [L0]: [Received at 1641834459732] ( PLAY 22.breakthrough.1641834454232 (noop ( move 2 8 3 7 ) ) )
LOG 1641834459733 [L0]: [Sent at 1641834459733] noop
LOG 1641834459736 [L0]: [Received at 1641834459736] ( PLAY 22.breakthrough.1641834454232 (( move 6 1 6 2 ) noop ) )
LOG 1641834459737 [L0]: [Sent at 1641834459737] ( move 5 7 5 6 )
LOG 1641834459739 [L0]: [Received at 1641834459739] ( PLAY 22.breakthrough.1641834454232 (noop ( move 5 7 5 6 ) ) )
LOG 1641834459740 [L0]: [Sent at 1641834459740] noop
LOG 1641834459743 [L0]: [Received at 1641834459743] ( PLAY 22.breakthrough.1641834454232 (( move 5 4 6 5 ) noop ) )
LOG 1641834459745 [L0]: [Sent at 1641834459745] ( move 4 8 5 7 )
LOG 1641834459748 [L0]: [Received at 1641834459748] ( PLAY 22.breakthrough.1641834454232 (noop ( move 4 8 5 7 ) ) )
LOG 1641834459749 [L0]: [Sent at 1641834459749] noop
LOG 1641834459751 [L0]: [Received at 1641834459751] ( PLAY 22.breakthrough.1641834454232 (( move 8 3 8 4 ) noop ) )
LOG 1641834459753 [L0]: [Sent at 1641834459753] ( move 4 5 5 4 )
LOG 1641834459756 [L0]: [Received at 1641834459756] ( PLAY 22.breakthrough.1641834454232 (noop ( move 4 5 5 4 ) ) )
LOG 1641834459757 [L0]: [Sent at 1641834459757] noop
LOG 1641834459759 [L0]: [Received at 1641834459759] ( PLAY 22.breakthrough.1641834454232 (( move 4 4 4 5 ) noop ) )
LOG 1641834459760 [L0]: [Sent at 1641834459760] ( move 7 6 6 5 )
LOG 1641834459763 [L0]: [Received at 1641834459763] ( PLAY 22.breakthrough.1641834454232 (noop ( move 7 6 6 5 ) ) )
LOG 1641834459765 [L0]: [Sent at 1641834459765] noop
LOG 1641834459767 [L0]: [Received at 1641834459767] ( PLAY 22.breakthrough.1641834454232 (( move 3 4 2 5 ) noop ) )
LOG 1641834459768 [L0]: [Sent at 1641834459768] ( move 3 7 2 6 )
LOG 1641834459770 [L0]: [Received at 1641834459770] ( PLAY 22.breakthrough.1641834454232 (noop ( move 3 7 2 6 ) ) )
LOG 1641834459771 [L0]: [Sent at 1641834459771] noop
LOG 1641834459773 [L0]: [Received at 1641834459773] ( PLAY 22.breakthrough.1641834454232 (( move 4 5 4 6 ) noop ) )
LOG 1641834459775 [L0]: [Sent at 1641834459775] ( move 2 6 3 5 )
LOG 1641834459777 [L0]: [Received at 1641834459777] ( PLAY 22.breakthrough.1641834454232 (noop ( move 2 6 3 5 ) ) )
LOG 1641834459778 [L0]: [Sent at 1641834459778] noop
LOG 1641834459781 [L0]: [Received at 1641834459781] ( PLAY 22.breakthrough.1641834454232 (( move 8 2 8 3 ) noop ) )
LOG 1641834459783 [L0]: [Sent at 1641834459783] ( move 4 7 3 6 )
LOG 1641834459785 [L0]: [Received at 1641834459785] ( PLAY 22.breakthrough.1641834454232 (noop ( move 4 7 3 6 ) ) )
LOG 1641834459786 [L0]: [Sent at 1641834459786] noop
LOG 1641834459798 [L0]: [Received at 1641834459798] ( PLAY 22.breakthrough.1641834454232 (( move 1 6 2 7 ) noop ) )
LOG 1641834459800 [L0]: [Sent at 1641834459800] ( move 6 5 6 4 )
LOG 1641834459802 [L0]: [Received at 1641834459802] ( PLAY 22.breakthrough.1641834454232 (noop ( move 6 5 6 4 ) ) )
LOG 1641834459803 [L0]: [Sent at 1641834459803] noop
LOG 1641834459806 [L0]: [Received at 1641834459806] ( STOP 22.breakthrough.1641834454232 (( move 2 7 1 8 ) noop ) )
LOG 1641834459807 [L3]: Stopped logging to files at: Mon Jan 10 18:07:39 CET 2022
LOG 1641834459807 [L3]: LOG SEALED
