LOG 1641917172642 [L3]: Returning initial state machine.
LOG 1641917172643 [L3]: Returning PropNet state machine without cache.
LOG 1641917172647 [L3]: Starting metagame with available thinking time 4980ms.
LOG 1641917172659 [L3]: Starting search during metagame.
LOG 1641917177627 [L3]: Done searching during metagame.
LOG 1641917177640 [L3]: Starting move selection for game step 1 with available time 10000ms.
LOG 1641917177640 [L3]: Selecting move using MCTS.
LOG 1641917187640 [L3]: Returning MCTS move noop.
LOG 1641917187652 [L3]: Starting move selection for game step 2 with available time 10000ms.
LOG 1641917187656 [L3]: Selecting move using MCTS.
LOG 1641917197652 [L3]: Returning MCTS move ( move 6 7 5 6 ).
LOG 1641917197662 [L3]: Starting move selection for game step 3 with available time 10000ms.
LOG 1641917197675 [L3]: Selecting move using MCTS.
LOG 1641917207662 [L3]: Returning MCTS move noop.
LOG 1641917207674 [L3]: Starting move selection for game step 4 with available time 10000ms.
LOG 1641917207685 [L3]: Selecting move using MCTS.
LOG 1641917217674 [L3]: Returning MCTS move ( move 1 7 2 6 ).
LOG 1641917217681 [L3]: Starting move selection for game step 5 with available time 10000ms.
LOG 1641917217686 [L3]: Selecting move using MCTS.
LOG 1641917227681 [L3]: Returning MCTS move noop.
LOG 1641917227686 [L3]: Starting move selection for game step 6 with available time 10000ms.
LOG 1641917227691 [L3]: Selecting move using MCTS.
LOG 1641917237686 [L3]: Returning MCTS move ( move 5 7 4 6 ).
LOG 1641917237692 [L3]: Starting move selection for game step 7 with available time 10000ms.
LOG 1641917237696 [L3]: Selecting move using MCTS.
LOG 1641917247692 [L3]: Returning MCTS move noop.
LOG 1641917247697 [L3]: Starting move selection for game step 8 with available time 9999ms.
LOG 1641917247700 [L3]: Selecting move using MCTS.
LOG 1641917257696 [L3]: Returning MCTS move ( move 7 7 8 6 ).
LOG 1641917257701 [L3]: Starting move selection for game step 9 with available time 10000ms.
LOG 1641917257705 [L3]: Selecting move using MCTS.
LOG 1641917267701 [L3]: Returning MCTS move noop.
LOG 1641917267706 [L3]: Starting move selection for game step 10 with available time 10000ms.
LOG 1641917267710 [L3]: Selecting move using MCTS.
LOG 1641917277706 [L3]: Returning MCTS move ( move 4 6 3 5 ).
LOG 1641917277711 [L3]: Starting move selection for game step 11 with available time 10000ms.
LOG 1641917277715 [L3]: Selecting move using MCTS.
LOG 1641917287711 [L3]: Returning MCTS move noop.
LOG 1641917287715 [L3]: Starting move selection for game step 12 with available time 10000ms.
LOG 1641917287719 [L3]: Selecting move using MCTS.
LOG 1641917297715 [L3]: Returning MCTS move ( move 3 5 4 4 ).
LOG 1641917297721 [L3]: Starting move selection for game step 13 with available time 10000ms.
LOG 1641917297724 [L3]: Selecting move using MCTS.
LOG 1641917307721 [L3]: Returning MCTS move noop.
LOG 1641917307726 [L3]: Starting move selection for game step 14 with available time 10000ms.
LOG 1641917307732 [L3]: Selecting move using MCTS.
LOG 1641917317726 [L3]: Returning MCTS move ( move 4 4 5 3 ).
LOG 1641917317731 [L3]: Starting move selection for game step 15 with available time 10000ms.
LOG 1641917317736 [L3]: Selecting move using MCTS.
LOG 1641917327731 [L3]: Returning MCTS move noop.
LOG 1641917327736 [L3]: Starting move selection for game step 16 with available time 10000ms.
LOG 1641917327741 [L3]: Selecting move using MCTS.
LOG 1641917337736 [L3]: Returning MCTS move ( move 4 7 3 6 ).
LOG 1641917337741 [L3]: Starting move selection for game step 17 with available time 10000ms.
LOG 1641917337746 [L3]: Selecting move using MCTS.
LOG 1641917347741 [L3]: Returning MCTS move noop.
LOG 1641917347746 [L3]: Starting move selection for game step 18 with available time 10000ms.
LOG 1641917347750 [L3]: Selecting move using MCTS.
LOG 1641917357746 [L3]: Returning MCTS move ( move 2 8 1 7 ).
LOG 1641917357750 [L3]: Starting move selection for game step 19 with available time 10000ms.
LOG 1641917357755 [L3]: Selecting move using MCTS.
LOG 1641917367751 [L3]: Returning MCTS move noop.
LOG 1641917367755 [L3]: Starting move selection for game step 20 with available time 10000ms.
LOG 1641917367761 [L3]: Selecting move using MCTS.
LOG 1641917377755 [L3]: Returning MCTS move ( move 2 6 3 5 ).
LOG 1641917377759 [L3]: Starting move selection for game step 21 with available time 10000ms.
LOG 1641917377765 [L3]: Selecting move using MCTS.
LOG 1641917387759 [L3]: Returning MCTS move noop.
LOG 1641917387764 [L3]: Starting move selection for game step 22 with available time 10000ms.
LOG 1641917387771 [L3]: Selecting move using MCTS.
LOG 1641917397764 [L3]: Returning MCTS move ( move 3 6 2 5 ).
LOG 1641917397768 [L3]: Starting move selection for game step 23 with available time 10000ms.
LOG 1641917397774 [L3]: Selecting move using MCTS.
LOG 1641917407768 [L3]: Returning MCTS move noop.
LOG 1641917407772 [L3]: Starting move selection for game step 24 with available time 10000ms.
LOG 1641917407778 [L3]: Selecting move using MCTS.
LOG 1641917417772 [L3]: Returning MCTS move ( move 2 5 3 4 ).
LOG 1641917417790 [L3]: Starting move selection for game step 25 with available time 10000ms.
LOG 1641917417797 [L3]: Selecting move using MCTS.
LOG 1641917427791 [L3]: Returning MCTS move noop.
LOG 1641917427795 [L3]: Starting move selection for game step 26 with available time 10000ms.
LOG 1641917427801 [L3]: Selecting move using MCTS.
LOG 1641917437795 [L3]: Returning MCTS move ( move 3 4 2 3 ).
LOG 1641917437799 [L3]: Starting move selection for game step 27 with available time 10000ms.
LOG 1641917437805 [L3]: Selecting move using MCTS.
LOG 1641917447799 [L3]: Returning MCTS move noop.
LOG 1641917447804 [L3]: Starting move selection for game step 28 with available time 10000ms.
LOG 1641917447811 [L3]: Selecting move using MCTS.
LOG 1641917457804 [L3]: Returning MCTS move ( move 2 3 2 2 ).
LOG 1641917457808 [L3]: Starting move selection for game step 29 with available time 9999ms.
LOG 1641917457814 [L3]: Selecting move using MCTS.
LOG 1641917467807 [L3]: Returning MCTS move noop.
LOG 1641917467811 [L3]: Starting move selection for game step 30 with available time 10000ms.
LOG 1641917467818 [L3]: Selecting move using MCTS.
LOG 1641917477811 [L3]: Returning MCTS move ( move 2 2 3 1 ).
