LOG 1641835100292 [L3]: Returning initial state machine.
LOG 1641835100293 [L3]: Returning PropNet state machine without cache.
LOG 1641835100293 [L3]: Starting metagame with available thinking time 4990ms.
LOG 1641835100295 [L3]: Starting search during metagame.
LOG 1641835105283 [L3]: Done searching during metagame.
LOG 1641835105286 [L3]: Starting move selection for game step 1 with available time 0ms.
LOG 1641835105286 [L3]: No time to select next move using MCTS. Returning random move ( move 6 2 6 3 ).
LOG 1641835105290 [L3]: Starting move selection for game step 2 with available time 0ms.
LOG 1641835105292 [L3]: No time to select next move using MCTS. Returning random move noop.
LOG 1641835105298 [L3]: Starting move selection for game step 3 with available time 0ms.
LOG 1641835105305 [L3]: No time to select next move using MCTS. Returning random move ( move 6 3 5 4 ).
LOG 1641835105311 [L3]: Starting move selection for game step 4 with available time 0ms.
LOG 1641835105313 [L3]: No time to select next move using MCTS. Returning random move noop.
LOG 1641835105321 [L3]: Starting move selection for game step 5 with available time 0ms.
LOG 1641835105322 [L3]: No time to select next move using MCTS. Returning random move ( move 7 2 8 3 ).
LOG 1641835105325 [L3]: Starting move selection for game step 6 with available time 0ms.
LOG 1641835105326 [L3]: No time to select next move using MCTS. Returning random move noop.
LOG 1641835105330 [L3]: Starting move selection for game step 7 with available time 0ms.
LOG 1641835105330 [L3]: No time to select next move using MCTS. Returning random move ( move 2 2 3 3 ).
LOG 1641835105334 [L3]: Starting move selection for game step 8 with available time 0ms.
LOG 1641835105334 [L3]: No time to select next move using MCTS. Returning random move noop.
LOG 1641835105338 [L3]: Starting move selection for game step 9 with available time 0ms.
LOG 1641835105338 [L3]: No time to select next move using MCTS. Returning random move ( move 5 2 5 3 ).
LOG 1641835105342 [L3]: Starting move selection for game step 10 with available time 0ms.
LOG 1641835105342 [L3]: No time to select next move using MCTS. Returning random move noop.
LOG 1641835105346 [L3]: Starting move selection for game step 11 with available time 0ms.
LOG 1641835105346 [L3]: No time to select next move using MCTS. Returning random move ( move 3 1 2 2 ).
LOG 1641835105350 [L3]: Starting move selection for game step 12 with available time 0ms.
LOG 1641835105350 [L3]: No time to select next move using MCTS. Returning random move noop.
LOG 1641835105354 [L3]: Starting move selection for game step 13 with available time 0ms.
LOG 1641835105354 [L3]: No time to select next move using MCTS. Returning random move ( move 8 3 8 4 ).
LOG 1641835105358 [L3]: Starting move selection for game step 14 with available time 0ms.
LOG 1641835105358 [L3]: No time to select next move using MCTS. Returning random move noop.
LOG 1641835105363 [L3]: Starting move selection for game step 15 with available time 0ms.
LOG 1641835105364 [L3]: No time to select next move using MCTS. Returning random move ( move 6 1 7 2 ).
LOG 1641835105367 [L3]: Starting move selection for game step 16 with available time 0ms.
LOG 1641835105368 [L3]: No time to select next move using MCTS. Returning random move noop.
LOG 1641835105371 [L3]: Starting move selection for game step 17 with available time 0ms.
LOG 1641835105371 [L3]: No time to select next move using MCTS. Returning random move ( move 4 2 4 3 ).
LOG 1641835105377 [L3]: Starting move selection for game step 18 with available time 0ms.
LOG 1641835105377 [L3]: No time to select next move using MCTS. Returning random move noop.
LOG 1641835105398 [L3]: Starting move selection for game step 19 with available time 0ms.
LOG 1641835105398 [L3]: No time to select next move using MCTS. Returning random move ( move 1 2 1 3 ).
LOG 1641835105404 [L3]: Starting move selection for game step 20 with available time -1ms.
LOG 1641835105404 [L3]: No time to select next move using MCTS. Returning random move noop.
LOG 1641835105407 [L3]: Starting move selection for game step 21 with available time 0ms.
LOG 1641835105408 [L3]: No time to select next move using MCTS. Returning random move ( move 8 4 8 5 ).
LOG 1641835105411 [L3]: Starting move selection for game step 22 with available time 0ms.
LOG 1641835105412 [L3]: No time to select next move using MCTS. Returning random move noop.
LOG 1641835105416 [L3]: Starting move selection for game step 23 with available time 0ms.
LOG 1641835105416 [L3]: No time to select next move using MCTS. Returning random move ( move 4 3 4 4 ).
LOG 1641835105421 [L3]: Starting move selection for game step 24 with available time 0ms.
LOG 1641835105421 [L3]: No time to select next move using MCTS. Returning random move noop.
LOG 1641835105424 [L3]: Starting move selection for game step 25 with available time 0ms.
LOG 1641835105425 [L3]: No time to select next move using MCTS. Returning random move ( move 7 1 6 2 ).
LOG 1641835105429 [L3]: Starting move selection for game step 26 with available time 0ms.
LOG 1641835105430 [L3]: No time to select next move using MCTS. Returning random move noop.
LOG 1641835105433 [L3]: Starting move selection for game step 27 with available time 0ms.
LOG 1641835105433 [L3]: No time to select next move using MCTS. Returning random move ( move 2 2 2 3 ).
LOG 1641835105437 [L3]: Starting move selection for game step 28 with available time 0ms.
LOG 1641835105437 [L3]: No time to select next move using MCTS. Returning random move noop.
LOG 1641835105441 [L3]: Starting move selection for game step 29 with available time 0ms.
LOG 1641835105441 [L3]: No time to select next move using MCTS. Returning random move ( move 1 3 2 4 ).
LOG 1641835105445 [L3]: Starting move selection for game step 30 with available time 0ms.
LOG 1641835105445 [L3]: No time to select next move using MCTS. Returning random move noop.
LOG 1641835105449 [L3]: Starting move selection for game step 31 with available time 0ms.
LOG 1641835105450 [L3]: No time to select next move using MCTS. Returning random move ( move 5 3 6 4 ).
LOG 1641835105453 [L3]: Starting move selection for game step 32 with available time 0ms.
LOG 1641835105454 [L3]: No time to select next move using MCTS. Returning random move noop.
LOG 1641835105457 [L3]: Starting move selection for game step 33 with available time 0ms.
LOG 1641835105458 [L3]: No time to select next move using MCTS. Returning random move ( move 5 1 4 2 ).
LOG 1641835105461 [L3]: Starting move selection for game step 34 with available time 0ms.
LOG 1641835105462 [L3]: No time to select next move using MCTS. Returning random move noop.
LOG 1641835105465 [L3]: Starting move selection for game step 35 with available time 0ms.
LOG 1641835105466 [L3]: No time to select next move using MCTS. Returning random move ( move 6 2 5 3 ).
LOG 1641835105469 [L3]: Starting move selection for game step 36 with available time 0ms.
LOG 1641835105469 [L3]: No time to select next move using MCTS. Returning random move noop.
LOG 1641835105474 [L3]: Starting move selection for game step 37 with available time 0ms.
LOG 1641835105474 [L3]: No time to select next move using MCTS. Returning random move ( move 4 4 4 5 ).
LOG 1641835105478 [L3]: Starting move selection for game step 38 with available time 0ms.
LOG 1641835105479 [L3]: No time to select next move using MCTS. Returning random move noop.
LOG 1641835105482 [L3]: Starting move selection for game step 39 with available time 0ms.
LOG 1641835105482 [L3]: No time to select next move using MCTS. Returning random move ( move 6 4 7 5 ).
LOG 1641835105486 [L3]: Starting move selection for game step 40 with available time 0ms.
LOG 1641835105486 [L3]: No time to select next move using MCTS. Returning random move noop.
LOG 1641835105489 [L3]: Starting move selection for game step 41 with available time 0ms.
LOG 1641835105490 [L3]: No time to select next move using MCTS. Returning random move ( move 7 5 8 6 ).
LOG 1641835105494 [L3]: Starting move selection for game step 42 with available time 0ms.
LOG 1641835105495 [L3]: No time to select next move using MCTS. Returning random move noop.
LOG 1641835105498 [L3]: Starting move selection for game step 43 with available time 0ms.
LOG 1641835105498 [L3]: No time to select next move using MCTS. Returning random move ( move 2 4 1 5 ).
LOG 1641835105502 [L3]: Starting move selection for game step 44 with available time 0ms.
LOG 1641835105502 [L3]: No time to select next move using MCTS. Returning random move noop.
LOG 1641835105507 [L3]: Starting move selection for game step 45 with available time 0ms.
LOG 1641835105507 [L3]: No time to select next move using MCTS. Returning random move ( move 3 2 4 3 ).
LOG 1641835105512 [L3]: Starting move selection for game step 46 with available time 0ms.
LOG 1641835105513 [L3]: No time to select next move using MCTS. Returning random move noop.
LOG 1641835105516 [L3]: Starting move selection for game step 47 with available time 0ms.
LOG 1641835105516 [L3]: No time to select next move using MCTS. Returning random move ( move 4 3 4 4 ).
LOG 1641835105519 [L3]: Starting move selection for game step 48 with available time 0ms.
LOG 1641835105520 [L3]: No time to select next move using MCTS. Returning random move noop.
LOG 1641835105524 [L3]: Starting move selection for game step 49 with available time 0ms.
LOG 1641835105525 [L3]: No time to select next move using MCTS. Returning random move ( move 2 3 2 4 ).
LOG 1641835105528 [L3]: Starting move selection for game step 50 with available time 0ms.
LOG 1641835105528 [L3]: No time to select next move using MCTS. Returning random move noop.
LOG 1641835105532 [L3]: Starting move selection for game step 51 with available time 0ms.
LOG 1641835105532 [L3]: No time to select next move using MCTS. Returning random move ( move 7 2 6 3 ).
LOG 1641835105535 [L3]: Starting move selection for game step 52 with available time 0ms.
LOG 1641835105535 [L3]: No time to select next move using MCTS. Returning random move noop.
LOG 1641835105539 [L3]: Starting move selection for game step 53 with available time 0ms.
LOG 1641835105539 [L3]: No time to select next move using MCTS. Returning random move ( move 8 5 7 6 ).
LOG 1641835105544 [L3]: Starting move selection for game step 54 with available time 0ms.
LOG 1641835105544 [L3]: No time to select next move using MCTS. Returning random move noop.
LOG 1641835105547 [L3]: Starting move selection for game step 55 with available time 0ms.
LOG 1641835105548 [L3]: No time to select next move using MCTS. Returning random move ( move 1 1 2 2 ).
LOG 1641835105551 [L3]: Starting move selection for game step 56 with available time 0ms.
LOG 1641835105552 [L3]: No time to select next move using MCTS. Returning random move noop.
LOG 1641835105555 [L3]: Starting move selection for game step 57 with available time 0ms.
LOG 1641835105556 [L3]: No time to select next move using MCTS. Returning random move ( move 6 3 7 4 ).
LOG 1641835105559 [L3]: Starting move selection for game step 58 with available time 0ms.
LOG 1641835105559 [L3]: No time to select next move using MCTS. Returning random move noop.
