LOG 1641908594769 [L3]: Returning initial state machine.
LOG 1641908594770 [L3]: Returning PropNet state machine without cache.
LOG 1641908594771 [L3]: Starting metagame with available thinking time 4987ms.
LOG 1641908594773 [L3]: Starting search during metagame.
LOG 1641908599758 [L3]: Done searching during metagame.
LOG 1641908599761 [L3]: Starting move selection for game step 1 with available time 10000ms.
LOG 1641908599761 [L3]: Selecting move using MCTS.
LOG 1641908609761 [L3]: Returning MCTS move ( drop 5 ).
LOG 1641908609764 [L3]: Starting move selection for game step 2 with available time 10000ms.
LOG 1641908609780 [L3]: Selecting move using MCTS.
LOG 1641908619764 [L3]: Returning MCTS move noop.
LOG 1641908619767 [L3]: Starting move selection for game step 3 with available time 10000ms.
LOG 1641908619789 [L3]: Selecting move using MCTS.
LOG 1641908629767 [L3]: Returning MCTS move ( drop 4 ).
LOG 1641908629776 [L3]: Starting move selection for game step 4 with available time 10000ms.
LOG 1641908629817 [L3]: Selecting move using MCTS.
LOG 1641908639776 [L3]: Returning MCTS move noop.
LOG 1641908639779 [L3]: Starting move selection for game step 5 with available time 10000ms.
LOG 1641908639815 [L3]: Selecting move using MCTS.
LOG 1641908649779 [L3]: Returning MCTS move ( drop 5 ).
LOG 1641908649782 [L3]: Starting move selection for game step 6 with available time 10000ms.
LOG 1641908649817 [L3]: Selecting move using MCTS.
LOG 1641908659782 [L3]: Returning MCTS move noop.
LOG 1641908659785 [L3]: Starting move selection for game step 7 with available time 10000ms.
LOG 1641908659824 [L3]: Selecting move using MCTS.
LOG 1641908669785 [L3]: Returning MCTS move ( drop 5 ).
LOG 1641908669789 [L3]: Starting move selection for game step 8 with available time 10000ms.
LOG 1641908669824 [L3]: Selecting move using MCTS.
LOG 1641908679789 [L3]: Returning MCTS move noop.
LOG 1641908679792 [L3]: Starting move selection for game step 9 with available time 10000ms.
LOG 1641908679830 [L3]: Selecting move using MCTS.
LOG 1641908689792 [L3]: Returning MCTS move ( drop 5 ).
