LOG 1641833960502 [L3]: Returning initial state machine.
LOG 1641833960502 [L3]: Returning PropNet state machine without cache.
LOG 1641833960503 [L3]: Starting metagame with available thinking time 4990ms.
LOG 1641833960504 [L3]: Starting search during metagame.
LOG 1641833965493 [L3]: Done searching during metagame.
LOG 1641833965496 [L3]: Starting move selection for game step 1 with available time 0ms.
LOG 1641833965497 [L3]: No time to select next move using MCTS. Returning random move noop.
LOG 1641833965501 [L3]: Starting move selection for game step 2 with available time 0ms.
LOG 1641833965501 [L3]: No time to select next move using MCTS. Returning random move ( move 2 7 3 6 ).
LOG 1641833965505 [L3]: Starting move selection for game step 3 with available time 0ms.
LOG 1641833965512 [L3]: No time to select next move using MCTS. Returning random move noop.
LOG 1641833965517 [L3]: Starting move selection for game step 4 with available time 0ms.
LOG 1641833965518 [L3]: No time to select next move using MCTS. Returning random move ( move 5 7 6 6 ).
LOG 1641833965523 [L3]: Starting move selection for game step 5 with available time 0ms.
LOG 1641833965524 [L3]: No time to select next move using MCTS. Returning random move noop.
LOG 1641833965529 [L3]: Starting move selection for game step 6 with available time 0ms.
LOG 1641833965530 [L3]: No time to select next move using MCTS. Returning random move ( move 6 6 7 5 ).
LOG 1641833965533 [L3]: Starting move selection for game step 7 with available time 0ms.
LOG 1641833965534 [L3]: No time to select next move using MCTS. Returning random move noop.
LOG 1641833965539 [L3]: Starting move selection for game step 8 with available time 0ms.
LOG 1641833965539 [L3]: No time to select next move using MCTS. Returning random move ( move 6 8 5 7 ).
LOG 1641833965544 [L3]: Starting move selection for game step 9 with available time 0ms.
LOG 1641833965544 [L3]: No time to select next move using MCTS. Returning random move noop.
LOG 1641833965548 [L3]: Starting move selection for game step 10 with available time 0ms.
LOG 1641833965548 [L3]: No time to select next move using MCTS. Returning random move ( move 6 7 6 6 ).
LOG 1641833965552 [L3]: Starting move selection for game step 11 with available time 0ms.
LOG 1641833965552 [L3]: No time to select next move using MCTS. Returning random move noop.
LOG 1641833965557 [L3]: Starting move selection for game step 12 with available time 0ms.
LOG 1641833965557 [L3]: No time to select next move using MCTS. Returning random move ( move 8 7 7 6 ).
LOG 1641833965561 [L3]: Starting move selection for game step 13 with available time 0ms.
LOG 1641833965561 [L3]: No time to select next move using MCTS. Returning random move noop.
LOG 1641833965565 [L3]: Starting move selection for game step 14 with available time 0ms.
LOG 1641833965565 [L3]: No time to select next move using MCTS. Returning random move ( move 3 7 2 6 ).
LOG 1641833965569 [L3]: Starting move selection for game step 15 with available time 0ms.
LOG 1641833965570 [L3]: No time to select next move using MCTS. Returning random move noop.
LOG 1641833965573 [L3]: Starting move selection for game step 16 with available time 0ms.
LOG 1641833965574 [L3]: No time to select next move using MCTS. Returning random move ( move 4 8 3 7 ).
LOG 1641833965578 [L3]: Starting move selection for game step 17 with available time 0ms.
LOG 1641833965578 [L3]: No time to select next move using MCTS. Returning random move noop.
LOG 1641833965582 [L3]: Starting move selection for game step 18 with available time 0ms.
LOG 1641833965582 [L3]: No time to select next move using MCTS. Returning random move ( move 7 6 6 5 ).
LOG 1641833965586 [L3]: Starting move selection for game step 19 with available time 0ms.
LOG 1641833965586 [L3]: No time to select next move using MCTS. Returning random move noop.
LOG 1641833965590 [L3]: Starting move selection for game step 20 with available time 0ms.
LOG 1641833965590 [L3]: No time to select next move using MCTS. Returning random move ( move 4 7 5 6 ).
LOG 1641833965596 [L3]: Starting move selection for game step 21 with available time 0ms.
LOG 1641833965596 [L3]: No time to select next move using MCTS. Returning random move noop.
LOG 1641833965600 [L3]: Starting move selection for game step 22 with available time 0ms.
LOG 1641833965600 [L3]: No time to select next move using MCTS. Returning random move ( move 6 6 5 5 ).
LOG 1641833965604 [L3]: Starting move selection for game step 23 with available time 0ms.
LOG 1641833965604 [L3]: No time to select next move using MCTS. Returning random move noop.
LOG 1641833965608 [L3]: Starting move selection for game step 24 with available time 0ms.
LOG 1641833965609 [L3]: No time to select next move using MCTS. Returning random move ( move 1 7 1 6 ).
LOG 1641833965614 [L3]: Starting move selection for game step 25 with available time 0ms.
LOG 1641833965614 [L3]: No time to select next move using MCTS. Returning random move noop.
LOG 1641833965619 [L3]: Starting move selection for game step 26 with available time 0ms.
LOG 1641833965619 [L3]: No time to select next move using MCTS. Returning random move ( move 2 8 1 7 ).
LOG 1641833965624 [L3]: Starting move selection for game step 27 with available time 0ms.
LOG 1641833965625 [L3]: No time to select next move using MCTS. Returning random move noop.
LOG 1641833965629 [L3]: Starting move selection for game step 28 with available time 0ms.
LOG 1641833965630 [L3]: No time to select next move using MCTS. Returning random move ( move 8 8 8 7 ).
LOG 1641833965634 [L3]: Starting move selection for game step 29 with available time 0ms.
LOG 1641833965634 [L3]: No time to select next move using MCTS. Returning random move noop.
LOG 1641833965638 [L3]: Starting move selection for game step 30 with available time 0ms.
LOG 1641833965638 [L3]: No time to select next move using MCTS. Returning random move ( move 1 8 2 7 ).
LOG 1641833965643 [L3]: Starting move selection for game step 31 with available time 0ms.
LOG 1641833965643 [L3]: No time to select next move using MCTS. Returning random move noop.
LOG 1641833965647 [L3]: Starting move selection for game step 32 with available time 0ms.
LOG 1641833965647 [L3]: No time to select next move using MCTS. Returning random move ( move 2 6 3 5 ).
LOG 1641833965651 [L3]: Starting move selection for game step 33 with available time 0ms.
LOG 1641833965651 [L3]: No time to select next move using MCTS. Returning random move noop.
LOG 1641833965656 [L3]: Starting move selection for game step 34 with available time 0ms.
LOG 1641833965657 [L3]: No time to select next move using MCTS. Returning random move ( move 8 7 7 6 ).
LOG 1641833965661 [L3]: Starting move selection for game step 35 with available time 0ms.
LOG 1641833965662 [L3]: No time to select next move using MCTS. Returning random move noop.
LOG 1641833965666 [L3]: Starting move selection for game step 36 with available time 0ms.
LOG 1641833965666 [L3]: No time to select next move using MCTS. Returning random move ( move 1 6 2 5 ).
LOG 1641833965670 [L3]: Starting move selection for game step 37 with available time 0ms.
LOG 1641833965670 [L3]: No time to select next move using MCTS. Returning random move noop.
LOG 1641833965674 [L3]: Starting move selection for game step 38 with available time 0ms.
LOG 1641833965675 [L3]: No time to select next move using MCTS. Returning random move ( move 5 5 5 4 ).
LOG 1641833965678 [L3]: Starting move selection for game step 39 with available time 0ms.
LOG 1641833965679 [L3]: No time to select next move using MCTS. Returning random move noop.
LOG 1641833965683 [L3]: Starting move selection for game step 40 with available time 0ms.
LOG 1641833965683 [L3]: No time to select next move using MCTS. Returning random move ( move 7 7 6 6 ).
LOG 1641833965687 [L3]: Starting move selection for game step 41 with available time 0ms.
LOG 1641833965687 [L3]: No time to select next move using MCTS. Returning random move noop.
LOG 1641833965691 [L3]: Starting move selection for game step 42 with available time -1ms.
LOG 1641833965691 [L3]: No time to select next move using MCTS. Returning random move ( move 6 5 7 4 ).
LOG 1641833965695 [L3]: Starting move selection for game step 43 with available time 0ms.
LOG 1641833965695 [L3]: No time to select next move using MCTS. Returning random move noop.
LOG 1641833965704 [L3]: Starting move selection for game step 44 with available time 0ms.
LOG 1641833965704 [L3]: No time to select next move using MCTS. Returning random move ( move 2 5 1 4 ).
LOG 1641833965708 [L3]: Starting move selection for game step 45 with available time 0ms.
LOG 1641833965708 [L3]: No time to select next move using MCTS. Returning random move noop.
LOG 1641833965711 [L3]: Starting move selection for game step 46 with available time 0ms.
LOG 1641833965712 [L3]: No time to select next move using MCTS. Returning random move ( move 3 6 2 5 ).
LOG 1641833965715 [L3]: Starting move selection for game step 47 with available time 0ms.
LOG 1641833965715 [L3]: No time to select next move using MCTS. Returning random move noop.
LOG 1641833965719 [L3]: Starting move selection for game step 48 with available time 0ms.
LOG 1641833965719 [L3]: No time to select next move using MCTS. Returning random move ( move 3 7 2 6 ).
LOG 1641833965724 [L3]: Starting move selection for game step 49 with available time 0ms.
LOG 1641833965724 [L3]: No time to select next move using MCTS. Returning random move noop.
LOG 1641833965728 [L3]: Starting move selection for game step 50 with available time -1ms.
LOG 1641833965728 [L3]: No time to select next move using MCTS. Returning random move ( move 7 6 6 5 ).
LOG 1641833965731 [L3]: Starting move selection for game step 51 with available time 0ms.
LOG 1641833965732 [L3]: No time to select next move using MCTS. Returning random move noop.
LOG 1641833965735 [L3]: Starting move selection for game step 52 with available time 0ms.
LOG 1641833965736 [L3]: No time to select next move using MCTS. Returning random move ( move 1 4 2 3 ).
LOG 1641833965740 [L3]: Starting move selection for game step 53 with available time 0ms.
LOG 1641833965740 [L3]: No time to select next move using MCTS. Returning random move noop.
LOG 1641833965744 [L3]: Starting move selection for game step 54 with available time 0ms.
LOG 1641833965745 [L3]: No time to select next move using MCTS. Returning random move ( move 5 8 4 7 ).
LOG 1641833965749 [L3]: Starting move selection for game step 55 with available time 0ms.
LOG 1641833965749 [L3]: No time to select next move using MCTS. Returning random move noop.
LOG 1641833965753 [L3]: Starting move selection for game step 56 with available time 0ms.
LOG 1641833965753 [L3]: No time to select next move using MCTS. Returning random move ( move 2 7 1 6 ).
LOG 1641833965757 [L3]: Starting move selection for game step 57 with available time 0ms.
LOG 1641833965757 [L3]: No time to select next move using MCTS. Returning random move noop.
LOG 1641833965761 [L3]: Starting move selection for game step 58 with available time 0ms.
LOG 1641833965761 [L3]: No time to select next move using MCTS. Returning random move ( move 5 6 5 5 ).
LOG 1641833965764 [L3]: Starting move selection for game step 59 with available time 0ms.
LOG 1641833965764 [L3]: No time to select next move using MCTS. Returning random move noop.
LOG 1641833965768 [L3]: Starting move selection for game step 60 with available time 0ms.
LOG 1641833965768 [L3]: No time to select next move using MCTS. Returning random move ( move 7 8 6 7 ).
LOG 1641833965773 [L3]: Starting move selection for game step 61 with available time 0ms.
LOG 1641833965773 [L3]: No time to select next move using MCTS. Returning random move noop.
LOG 1641833965776 [L3]: Starting move selection for game step 62 with available time 0ms.
LOG 1641833965777 [L3]: No time to select next move using MCTS. Returning random move ( move 3 5 2 4 ).
LOG 1641833965781 [L3]: Starting move selection for game step 63 with available time 0ms.
LOG 1641833965781 [L3]: No time to select next move using MCTS. Returning random move noop.
LOG 1641833965786 [L3]: Starting move selection for game step 64 with available time 0ms.
LOG 1641833965786 [L3]: No time to select next move using MCTS. Returning random move ( move 2 3 3 2 ).
LOG 1641833965795 [L3]: Starting move selection for game step 65 with available time 0ms.
LOG 1641833965796 [L3]: No time to select next move using MCTS. Returning random move noop.
LOG 1641833965799 [L3]: Starting move selection for game step 66 with available time 0ms.
LOG 1641833965799 [L3]: No time to select next move using MCTS. Returning random move ( move 1 6 1 5 ).
LOG 1641833965803 [L3]: Starting move selection for game step 67 with available time 0ms.
LOG 1641833965803 [L3]: No time to select next move using MCTS. Returning random move noop.
LOG 1641833965806 [L3]: Starting move selection for game step 68 with available time 0ms.
LOG 1641833965807 [L3]: No time to select next move using MCTS. Returning random move ( move 4 7 3 6 ).
LOG 1641833965810 [L3]: Starting move selection for game step 69 with available time 0ms.
LOG 1641833965810 [L3]: No time to select next move using MCTS. Returning random move noop.
LOG 1641833965814 [L3]: Starting move selection for game step 70 with available time 0ms.
LOG 1641833965814 [L3]: No time to select next move using MCTS. Returning random move ( move 3 6 3 5 ).
LOG 1641833965817 [L3]: Starting move selection for game step 71 with available time 0ms.
LOG 1641833965817 [L3]: No time to select next move using MCTS. Returning random move noop.
LOG 1641833965821 [L3]: Starting move selection for game step 72 with available time 0ms.
LOG 1641833965821 [L3]: No time to select next move using MCTS. Returning random move ( move 7 4 8 3 ).
LOG 1641833965824 [L3]: Starting move selection for game step 73 with available time 0ms.
LOG 1641833965825 [L3]: No time to select next move using MCTS. Returning random move noop.
LOG 1641833965828 [L3]: Starting move selection for game step 74 with available time 0ms.
LOG 1641833965829 [L3]: No time to select next move using MCTS. Returning random move ( move 5 4 4 3 ).
LOG 1641833965832 [L3]: Starting move selection for game step 75 with available time 0ms.
LOG 1641833965832 [L3]: No time to select next move using MCTS. Returning random move noop.
LOG 1641833965835 [L3]: Starting move selection for game step 76 with available time 0ms.
LOG 1641833965835 [L3]: No time to select next move using MCTS. Returning random move ( move 5 7 6 6 ).
LOG 1641833965839 [L3]: Starting move selection for game step 77 with available time 0ms.
LOG 1641833965839 [L3]: No time to select next move using MCTS. Returning random move noop.
LOG 1641833965842 [L3]: Starting move selection for game step 78 with available time 0ms.
LOG 1641833965842 [L3]: No time to select next move using MCTS. Returning random move ( move 3 8 3 7 ).
LOG 1641833965846 [L3]: Starting move selection for game step 79 with available time -1ms.
LOG 1641833965846 [L3]: No time to select next move using MCTS. Returning random move noop.
LOG 1641833965850 [L3]: Starting move selection for game step 80 with available time 0ms.
LOG 1641833965850 [L3]: No time to select next move using MCTS. Returning random move ( move 6 5 6 4 ).
LOG 1641833965855 [L3]: Starting move selection for game step 81 with available time 0ms.
LOG 1641833965855 [L3]: No time to select next move using MCTS. Returning random move noop.
