LOG 1641840087042 [L3]: Returning initial state machine.
LOG 1641840087043 [L3]: Returning PropNet state machine without cache.
LOG 1641840087044 [L3]: Starting metagame with available thinking time 4988ms.
LOG 1641840087046 [L3]: Starting search during metagame.
LOG 1641840092032 [L3]: Done searching during metagame.
LOG 1641840092035 [L3]: Starting move selection for game step 1 with available time 0ms.
LOG 1641840092035 [L3]: No time to select next move using MCTS. Returning random move noop.
LOG 1641840092039 [L3]: Starting move selection for game step 2 with available time 0ms.
LOG 1641840092040 [L3]: No time to select next move using MCTS. Returning random move noop.
LOG 1641840092044 [L3]: Starting move selection for game step 3 with available time 0ms.
LOG 1641840092051 [L3]: No time to select next move using MCTS. Returning random move noop.
LOG 1641840092056 [L3]: Starting move selection for game step 4 with available time 0ms.
LOG 1641840092058 [L3]: No time to select next move using MCTS. Returning random move ( mark r3 c6 ).
LOG 1641840092064 [L3]: Starting move selection for game step 5 with available time 0ms.
LOG 1641840092064 [L3]: No time to select next move using MCTS. Returning random move noop.
LOG 1641840092067 [L3]: Starting move selection for game step 6 with available time 0ms.
LOG 1641840092068 [L3]: No time to select next move using MCTS. Returning random move noop.
LOG 1641840092071 [L3]: Starting move selection for game step 7 with available time 0ms.
LOG 1641840092071 [L3]: No time to select next move using MCTS. Returning random move noop.
LOG 1641840092074 [L3]: Starting move selection for game step 8 with available time 0ms.
LOG 1641840092074 [L3]: No time to select next move using MCTS. Returning random move noop.
LOG 1641840092078 [L3]: Starting move selection for game step 9 with available time 0ms.
LOG 1641840092079 [L3]: No time to select next move using MCTS. Returning random move ( block r1 c4 ).
LOG 1641840092082 [L3]: Starting move selection for game step 10 with available time 0ms.
LOG 1641840092082 [L3]: No time to select next move using MCTS. Returning random move ( mark r4 c2 ).
LOG 1641840092086 [L3]: Starting move selection for game step 11 with available time 0ms.
LOG 1641840092086 [L3]: No time to select next move using MCTS. Returning random move noop.
LOG 1641840092091 [L3]: Starting move selection for game step 12 with available time 0ms.
LOG 1641840092092 [L3]: No time to select next move using MCTS. Returning random move ( block r3 c2 ).
LOG 1641840092095 [L3]: Starting move selection for game step 13 with available time 0ms.
LOG 1641840092095 [L3]: No time to select next move using MCTS. Returning random move ( block r4 c5 ).
LOG 1641840092098 [L3]: Starting move selection for game step 14 with available time 0ms.
LOG 1641840092099 [L3]: No time to select next move using MCTS. Returning random move ( block r3 c1 ).
LOG 1641840092102 [L3]: Starting move selection for game step 15 with available time 0ms.
LOG 1641840092102 [L3]: No time to select next move using MCTS. Returning random move ( mark r3 c5 ).
LOG 1641840092111 [L3]: Starting move selection for game step 16 with available time 0ms.
LOG 1641840092111 [L3]: No time to select next move using MCTS. Returning random move noop.
LOG 1641840092121 [L3]: Starting move selection for game step 17 with available time 0ms.
LOG 1641840092122 [L3]: No time to select next move using MCTS. Returning random move ( block r1 c5 ).
LOG 1641840092125 [L3]: Starting move selection for game step 18 with available time 0ms.
LOG 1641840092125 [L3]: No time to select next move using MCTS. Returning random move ( mark r4 c4 ).
LOG 1641840092142 [L3]: Starting move selection for game step 19 with available time 0ms.
LOG 1641840092142 [L3]: No time to select next move using MCTS. Returning random move noop.
LOG 1641840092161 [L3]: Starting move selection for game step 20 with available time 0ms.
LOG 1641840092162 [L3]: No time to select next move using MCTS. Returning random move ( mark r4 c6 ).
LOG 1641840092195 [L3]: Starting move selection for game step 21 with available time 0ms.
LOG 1641840092195 [L3]: No time to select next move using MCTS. Returning random move noop.
LOG 1641840092232 [L3]: Starting move selection for game step 22 with available time 0ms.
LOG 1641840092232 [L3]: No time to select next move using MCTS. Returning random move ( mark r7 c5 ).
LOG 1641840092267 [L3]: Starting move selection for game step 23 with available time 0ms.
LOG 1641840092267 [L3]: No time to select next move using MCTS. Returning random move noop.
LOG 1641840092340 [L3]: Starting move selection for game step 24 with available time 0ms.
LOG 1641840092341 [L3]: No time to select next move using MCTS. Returning random move ( mark r2 c3 ).
LOG 1641840092420 [L3]: Starting move selection for game step 25 with available time 0ms.
LOG 1641840092420 [L3]: No time to select next move using MCTS. Returning random move noop.
LOG 1641840092577 [L3]: Starting move selection for game step 26 with available time 0ms.
LOG 1641840092578 [L3]: No time to select next move using MCTS. Returning random move ( mark r3 c4 ).
LOG 1641840092700 [L3]: Starting move selection for game step 27 with available time 0ms.
LOG 1641840092700 [L3]: No time to select next move using MCTS. Returning random move noop.
