LOG 1641912446652 [L3]: Returning initial state machine.
LOG 1641912446653 [L3]: Returning PropNet state machine without cache.
LOG 1641912446654 [L3]: Starting metagame with available thinking time 4988ms.
LOG 1641912446656 [L3]: Starting search during metagame.
LOG 1641912451642 [L3]: Done searching during metagame.
LOG 1641912451670 [L3]: Starting move selection for game step 1 with available time 10000ms.
LOG 1641912451671 [L3]: Selecting move using MCTS.
LOG 1641912461670 [L3]: Returning MCTS move noop.
LOG 1641912461673 [L3]: Starting move selection for game step 2 with available time 10000ms.
LOG 1641912461690 [L3]: Selecting move using MCTS.
LOG 1641912471673 [L3]: Returning MCTS move ( drop 3 ).
LOG 1641912471676 [L3]: Starting move selection for game step 3 with available time 10000ms.
LOG 1641912471756 [L3]: Selecting move using MCTS.
LOG 1641912481676 [L3]: Returning MCTS move noop.
LOG 1641912481685 [L3]: Starting move selection for game step 4 with available time 10000ms.
LOG 1641912481726 [L3]: Selecting move using MCTS.
LOG 1641912491685 [L3]: Returning MCTS move ( drop 5 ).
LOG 1641912491689 [L3]: Starting move selection for game step 5 with available time 10000ms.
LOG 1641912491718 [L3]: Selecting move using MCTS.
LOG 1641912501689 [L3]: Returning MCTS move noop.
LOG 1641912501692 [L3]: Starting move selection for game step 6 with available time 10000ms.
LOG 1641912501725 [L3]: Selecting move using MCTS.
LOG 1641912511692 [L3]: Returning MCTS move ( drop 5 ).
LOG 1641912511695 [L3]: Starting move selection for game step 7 with available time 10000ms.
LOG 1641912511722 [L3]: Selecting move using MCTS.
LOG 1641912521695 [L3]: Returning MCTS move noop.
LOG 1641912521699 [L3]: Starting move selection for game step 8 with available time 10000ms.
LOG 1641912521727 [L3]: Selecting move using MCTS.
LOG 1641912531699 [L3]: Returning MCTS move ( drop 3 ).
LOG 1641912531702 [L3]: Starting move selection for game step 9 with available time 10000ms.
LOG 1641912531732 [L3]: Selecting move using MCTS.
LOG 1641912541702 [L3]: Returning MCTS move noop.
LOG 1641912541705 [L3]: Starting move selection for game step 10 with available time 10000ms.
LOG 1641912541735 [L3]: Selecting move using MCTS.
LOG 1641912551705 [L3]: Returning MCTS move ( drop 4 ).
LOG 1641912551709 [L3]: Starting move selection for game step 11 with available time 10000ms.
LOG 1641912551738 [L3]: Selecting move using MCTS.
LOG 1641912561709 [L3]: Returning MCTS move noop.
LOG 1641912561715 [L3]: Starting move selection for game step 12 with available time 10000ms.
LOG 1641912561744 [L3]: Selecting move using MCTS.
LOG 1641912571715 [L3]: Returning MCTS move ( drop 4 ).
LOG 1641912571718 [L3]: Starting move selection for game step 13 with available time 10000ms.
LOG 1641912571738 [L3]: Selecting move using MCTS.
LOG 1641912581718 [L3]: Returning MCTS move noop.
LOG 1641912581722 [L3]: Starting move selection for game step 14 with available time 10000ms.
LOG 1641912581738 [L3]: Selecting move using MCTS.
LOG 1641912591722 [L3]: Returning MCTS move ( drop 5 ).
LOG 1641912591726 [L3]: Starting move selection for game step 15 with available time 10000ms.
LOG 1641912591729 [L3]: Selecting move using MCTS.
LOG 1641912601726 [L3]: Returning MCTS move noop.
LOG 1641912601730 [L3]: Starting move selection for game step 16 with available time 10000ms.
LOG 1641912601732 [L3]: Selecting move using MCTS.
LOG 1641912611729 [L3]: Returning MCTS move ( drop 2 ).
