LOG 1641854490313 [L3]: Returning initial state machine.
LOG 1641854490313 [L3]: Returning PropNet state machine without cache.
LOG 1641854490314 [L3]: Starting metagame with available thinking time 4990ms.
LOG 1641854490316 [L3]: Starting search during metagame.
LOG 1641854495304 [L3]: Done searching during metagame.
LOG 1641854495307 [L3]: Starting move selection for game step 1 with available time 10000ms.
LOG 1641854495307 [L3]: Selecting move using MCTS.
LOG 1641854505307 [L3]: Returning MCTS move ( drop 4 ).
LOG 1641854505310 [L3]: Starting move selection for game step 2 with available time 10000ms.
LOG 1641854505317 [L3]: Selecting move using MCTS.
LOG 1641854515310 [L3]: Returning MCTS move noop.
LOG 1641854515313 [L3]: Starting move selection for game step 3 with available time 10000ms.
LOG 1641854515332 [L3]: Selecting move using MCTS.
LOG 1641854525313 [L3]: Returning MCTS move ( drop 3 ).
LOG 1641854525323 [L3]: Starting move selection for game step 4 with available time 10000ms.
LOG 1641854525337 [L3]: Selecting move using MCTS.
LOG 1641854535323 [L3]: Returning MCTS move noop.
LOG 1641854535326 [L3]: Starting move selection for game step 5 with available time 10000ms.
LOG 1641854535345 [L3]: Selecting move using MCTS.
LOG 1641854545326 [L3]: Returning MCTS move ( drop 6 ).
LOG 1641854545329 [L3]: Starting move selection for game step 6 with available time 10000ms.
LOG 1641854545348 [L3]: Selecting move using MCTS.
LOG 1641854555329 [L3]: Returning MCTS move noop.
LOG 1641854555351 [L3]: Starting move selection for game step 7 with available time 9999ms.
LOG 1641854555372 [L3]: Selecting move using MCTS.
LOG 1641854565350 [L3]: Returning MCTS move ( drop 5 ).
