LOG 1641836011064 [L3]: Started match logging at: Mon Jan 10 18:33:31 CET 2022
LOG 1641836011065 [L3]: Game rules: [( role white ), ( role black ), ( <= ( base ( cell ?x ?y ?p ) ) ( index ?x ) ( index ?y ) ( role ?p ) ), ( <= ( base ( control ?p ) ) ( role ?p ) ), ( <= ( input ?p noop ) ( role ?p ) ), ( <= ( input ?p ( move ?x1 ?y1 ?x2 ?y2 ) ) ( role ?p ) ( index ?x1 ) ( index ?x2 ) ( index ?y1 ) ( index ?y2 ) ), ( init ( cell 1 1 white ) ), ( init ( cell 2 1 white ) ), ( init ( cell 3 1 white ) ), ( init ( cell 4 1 white ) ), ( init ( cell 5 1 white ) ), ( init ( cell 6 1 white ) ), ( init ( cell 7 1 white ) ), ( init ( cell 8 1 white ) ), ( init ( cell 1 2 white ) ), ( init ( cell 2 2 white ) ), ( init ( cell 3 2 white ) ), ( init ( cell 4 2 white ) ), ( init ( cell 5 2 white ) ), ( init ( cell 6 2 white ) ), ( init ( cell 7 2 white ) ), ( init ( cell 8 2 white ) ), ( init ( cell 1 7 black ) ), ( init ( cell 2 7 black ) ), ( init ( cell 3 7 black ) ), ( init ( cell 4 7 black ) ), ( init ( cell 5 7 black ) ), ( init ( cell 6 7 black ) ), ( init ( cell 7 7 black ) ), ( init ( cell 8 7 black ) ), ( init ( cell 1 8 black ) ), ( init ( cell 2 8 black ) ), ( init ( cell 3 8 black ) ), ( init ( cell 4 8 black ) ), ( init ( cell 5 8 black ) ), ( init ( cell 6 8 black ) ), ( init ( cell 7 8 black ) ), ( init ( cell 8 8 black ) ), ( init ( control white ) ), ( <= ( legal white noop ) ( true ( control black ) ) ), ( <= ( legal black noop ) ( true ( control white ) ) ), ( <= ( legal white ( move ?x1 ?y1 ?x2 ?y2 ) ) ( true ( control white ) ) ( true ( cell ?x1 ?y1 white ) ) ( whiteknightmove ?x1 ?y1 ?x2 ?y2 ) ( not ( true ( cell ?x2 ?y2 white ) ) ) ), ( <= ( legal black ( move ?x1 ?y1 ?x2 ?y2 ) ) ( true ( control black ) ) ( true ( cell ?x1 ?y1 black ) ) ( blackknightmove ?x1 ?y1 ?x2 ?y2 ) ( not ( true ( cell ?x2 ?y2 black ) ) ) ), ( <= ( next ( cell ?x ?y ?state ) ) ( true ( cell ?x ?y ?state ) ) ( does ?player ( move ?x1 ?y1 ?x2 ?y2 ) ) ( distinctcell ?x ?y ?x1 ?y1 ) ( distinctcell ?x ?y ?x2 ?y2 ) ), ( <= ( next ( cell ?x2 ?y2 ?player ) ) ( does ?player ( move ?x1 ?y1 ?x2 ?y2 ) ) ), ( <= ( next ( control black ) ) ( true ( control white ) ) ), ( <= ( next ( control white ) ) ( true ( control black ) ) ), ( <= terminal whitewin ), ( <= terminal blackwin ), ( <= ( goal white 100 ) whitewin ), ( <= ( goal white 0 ) blackwin ), ( <= ( goal black 100 ) blackwin ), ( <= ( goal black 0 ) whitewin ), ( <= whitewin ( index ?x ) ( true ( cell ?x 8 white ) ) ), ( <= blackwin ( index ?x ) ( true ( cell ?x 1 black ) ) ), ( <= whitewin ( not ( hasAnyPiece black ) ) ), ( <= blackwin ( not ( hasAnyPiece white ) ) ), ( <= ( hasAnyPiece ?player ) ( true ( cell ?x ?y ?player ) ) ), ( <= ( whiteknightmove ?x1 ?y1 ?x2 ?y2 ) ( plus 1 ?x1 ?x2 ) ( plus 2 ?y1 ?y2 ) ), ( <= ( whiteknightmove ?x1 ?y1 ?x2 ?y2 ) ( plus 1 ?x2 ?x1 ) ( plus 2 ?y1 ?y2 ) ), ( <= ( whiteknightmove ?x1 ?y1 ?x2 ?y2 ) ( plus 2 ?x1 ?x2 ) ( plus 1 ?y1 ?y2 ) ), ( <= ( whiteknightmove ?x1 ?y1 ?x2 ?y2 ) ( plus 2 ?x2 ?x1 ) ( plus 1 ?y1 ?y2 ) ), ( <= ( blackknightmove ?x1 ?y1 ?x2 ?y2 ) ( plus 1 ?x1 ?x2 ) ( plus 2 ?y2 ?y1 ) ), ( <= ( blackknightmove ?x1 ?y1 ?x2 ?y2 ) ( plus 1 ?x2 ?x1 ) ( plus 2 ?y2 ?y1 ) ), ( <= ( blackknightmove ?x1 ?y1 ?x2 ?y2 ) ( plus 2 ?x1 ?x2 ) ( plus 1 ?y2 ?y1 ) ), ( <= ( blackknightmove ?x1 ?y1 ?x2 ?y2 ) ( plus 2 ?x2 ?x1 ) ( plus 1 ?y2 ?y1 ) ), ( <= ( cell ?x ?y ) ( index ?x ) ( index ?y ) ), ( <= ( distinctcell ?x1 ?y1 ?x2 ?y2 ) ( cell ?x1 ?y1 ) ( cell ?x2 ?y2 ) ( distinct ?x1 ?x2 ) ), ( <= ( distinctcell ?x1 ?y1 ?x2 ?y2 ) ( cell ?x1 ?y1 ) ( cell ?x2 ?y2 ) ( distinct ?y1 ?y2 ) ), ( index 1 ), ( index 2 ), ( index 3 ), ( index 4 ), ( index 5 ), ( index 6 ), ( index 7 ), ( index 8 ), ( plus 1 1 2 ), ( plus 1 2 3 ), ( plus 1 3 4 ), ( plus 1 4 5 ), ( plus 1 5 6 ), ( plus 1 6 7 ), ( plus 1 7 8 ), ( plus 2 1 3 ), ( plus 2 2 4 ), ( plus 2 3 5 ), ( plus 2 4 6 ), ( plus 2 5 7 ), ( plus 2 6 8 )]
LOG 1641836011071 [L3]: Start clock: 15
LOG 1641836011072 [L3]: Play clock: 10
LOG 1641836016064 [L0]: [Sent at 1641836016064] ready
LOG 1641836016066 [L0]: [Received at 1641836016066] ( PLAY 32.knightThrough.1641836009520 NIL )
LOG 1641836016068 [L0]: [Sent at 1641836016068] noop
LOG 1641836016070 [L0]: [Received at 1641836016070] ( PLAY 32.knightThrough.1641836009520 (( move 3 2 4 4 ) noop ) )
LOG 1641836016072 [L0]: [Sent at 1641836016072] ( move 7 8 8 6 )
LOG 1641836016078 [L0]: [Received at 1641836016078] ( PLAY 32.knightThrough.1641836009520 (noop ( move 7 8 8 6 ) ) )
LOG 1641836016087 [L0]: [Sent at 1641836016087] noop
LOG 1641836016093 [L0]: [Received at 1641836016093] ( PLAY 32.knightThrough.1641836009520 (( move 7 2 5 3 ) noop ) )
LOG 1641836016095 [L0]: [Sent at 1641836016095] ( move 2 8 1 6 )
LOG 1641836016105 [L0]: [Received at 1641836016105] ( PLAY 32.knightThrough.1641836009520 (noop ( move 2 8 1 6 ) ) )
LOG 1641836016106 [L0]: [Sent at 1641836016106] noop
LOG 1641836016108 [L0]: [Received at 1641836016108] ( PLAY 32.knightThrough.1641836009520 (( move 4 4 6 5 ) noop ) )
LOG 1641836016110 [L0]: [Sent at 1641836016110] ( move 7 7 8 5 )
LOG 1641836016112 [L0]: [Received at 1641836016112] ( PLAY 32.knightThrough.1641836009520 (noop ( move 7 7 8 5 ) ) )
LOG 1641836016113 [L0]: [Sent at 1641836016113] noop
LOG 1641836016115 [L0]: [Received at 1641836016115] ( PLAY 32.knightThrough.1641836009520 (( move 4 2 6 3 ) noop ) )
LOG 1641836016116 [L0]: [Sent at 1641836016116] ( move 5 8 6 6 )
LOG 1641836016119 [L0]: [Received at 1641836016119] ( PLAY 32.knightThrough.1641836009520 (noop ( move 5 8 6 6 ) ) )
LOG 1641836016120 [L0]: [Sent at 1641836016120] noop
LOG 1641836016122 [L0]: [Received at 1641836016122] ( PLAY 32.knightThrough.1641836009520 (( move 6 2 7 4 ) noop ) )
LOG 1641836016123 [L0]: [Sent at 1641836016123] ( move 3 8 4 6 )
LOG 1641836016125 [L0]: [Received at 1641836016125] ( PLAY 32.knightThrough.1641836009520 (noop ( move 3 8 4 6 ) ) )
LOG 1641836016127 [L0]: [Sent at 1641836016127] noop
LOG 1641836016129 [L0]: [Received at 1641836016129] ( PLAY 32.knightThrough.1641836009520 (( move 4 1 3 3 ) noop ) )
LOG 1641836016131 [L0]: [Sent at 1641836016131] ( move 5 7 6 5 )
LOG 1641836016133 [L0]: [Received at 1641836016133] ( PLAY 32.knightThrough.1641836009520 (noop ( move 5 7 6 5 ) ) )
LOG 1641836016134 [L0]: [Sent at 1641836016134] noop
LOG 1641836016137 [L0]: [Received at 1641836016137] ( PLAY 32.knightThrough.1641836009520 (( move 5 1 3 2 ) noop ) )
LOG 1641836016138 [L0]: [Sent at 1641836016138] ( move 2 7 1 5 )
LOG 1641836016140 [L0]: [Received at 1641836016140] ( PLAY 32.knightThrough.1641836009520 (noop ( move 2 7 1 5 ) ) )
LOG 1641836016142 [L0]: [Sent at 1641836016142] noop
LOG 1641836016144 [L0]: [Received at 1641836016144] ( PLAY 32.knightThrough.1641836009520 (( move 5 2 4 4 ) noop ) )
LOG 1641836016146 [L0]: [Sent at 1641836016146] ( move 1 7 3 6 )
LOG 1641836016148 [L0]: [Received at 1641836016148] ( PLAY 32.knightThrough.1641836009520 (noop ( move 1 7 3 6 ) ) )
LOG 1641836016149 [L0]: [Sent at 1641836016149] noop
LOG 1641836016152 [L0]: [Received at 1641836016152] ( PLAY 32.knightThrough.1641836009520 (( move 6 1 7 3 ) noop ) )
LOG 1641836016153 [L0]: [Sent at 1641836016153] ( move 1 5 2 3 )
LOG 1641836016155 [L0]: [Received at 1641836016155] ( PLAY 32.knightThrough.1641836009520 (noop ( move 1 5 2 3 ) ) )
LOG 1641836016156 [L0]: [Sent at 1641836016156] noop
LOG 1641836016159 [L0]: [Received at 1641836016159] ( PLAY 32.knightThrough.1641836009520 (( move 5 3 4 5 ) noop ) )
LOG 1641836016160 [L0]: [Sent at 1641836016160] ( move 6 5 8 4 )
LOG 1641836016162 [L0]: [Received at 1641836016162] ( PLAY 32.knightThrough.1641836009520 (noop ( move 6 5 8 4 ) ) )
LOG 1641836016164 [L0]: [Sent at 1641836016164] noop
LOG 1641836016166 [L0]: [Received at 1641836016166] ( PLAY 32.knightThrough.1641836009520 (( move 4 4 5 6 ) noop ) )
LOG 1641836016167 [L0]: [Sent at 1641836016167] ( move 6 8 7 6 )
LOG 1641836016169 [L0]: [Received at 1641836016169] ( PLAY 32.knightThrough.1641836009520 (noop ( move 6 8 7 6 ) ) )
LOG 1641836016171 [L0]: [Sent at 1641836016171] noop
LOG 1641836016172 [L0]: [Received at 1641836016172] ( PLAY 32.knightThrough.1641836009520 (( move 8 1 6 2 ) noop ) )
LOG 1641836016174 [L0]: [Sent at 1641836016174] ( move 4 8 2 7 )
LOG 1641836016176 [L0]: [Received at 1641836016176] ( PLAY 32.knightThrough.1641836009520 (noop ( move 4 8 2 7 ) ) )
LOG 1641836016177 [L0]: [Sent at 1641836016177] noop
LOG 1641836016179 [L0]: [Received at 1641836016179] ( PLAY 32.knightThrough.1641836009520 (( move 6 2 5 4 ) noop ) )
LOG 1641836016180 [L0]: [Sent at 1641836016180] ( move 3 6 4 4 )
LOG 1641836016183 [L0]: [Received at 1641836016183] ( PLAY 32.knightThrough.1641836009520 (noop ( move 3 6 4 4 ) ) )
LOG 1641836016184 [L0]: [Sent at 1641836016184] noop
LOG 1641836016186 [L0]: [Received at 1641836016186] ( PLAY 32.knightThrough.1641836009520 (( move 6 3 4 4 ) noop ) )
LOG 1641836016187 [L0]: [Sent at 1641836016187] ( move 2 7 3 5 )
LOG 1641836016189 [L0]: [Received at 1641836016189] ( PLAY 32.knightThrough.1641836009520 (noop ( move 2 7 3 5 ) ) )
LOG 1641836016190 [L0]: [Sent at 1641836016190] noop
LOG 1641836016192 [L0]: [Received at 1641836016192] ( PLAY 32.knightThrough.1641836009520 (( move 3 1 2 3 ) noop ) )
LOG 1641836016193 [L0]: [Sent at 1641836016193] ( move 3 7 5 6 )
LOG 1641836016195 [L0]: [Received at 1641836016195] ( PLAY 32.knightThrough.1641836009520 (noop ( move 3 7 5 6 ) ) )
LOG 1641836016196 [L0]: [Sent at 1641836016196] noop
LOG 1641836016199 [L0]: [Received at 1641836016199] ( PLAY 32.knightThrough.1641836009520 (( move 7 1 8 3 ) noop ) )
LOG 1641836016200 [L0]: [Sent at 1641836016200] ( move 8 7 7 5 )
LOG 1641836016202 [L0]: [Received at 1641836016202] ( PLAY 32.knightThrough.1641836009520 (noop ( move 8 7 7 5 ) ) )
LOG 1641836016203 [L0]: [Sent at 1641836016203] noop
LOG 1641836016221 [L0]: [Received at 1641836016221] ( PLAY 32.knightThrough.1641836009520 (( move 4 4 2 5 ) noop ) )
LOG 1641836016223 [L0]: [Sent at 1641836016223] ( move 7 5 5 4 )
LOG 1641836016224 [L0]: [Received at 1641836016224] ( PLAY 32.knightThrough.1641836009520 (noop ( move 7 5 5 4 ) ) )
LOG 1641836016226 [L0]: [Sent at 1641836016226] noop
LOG 1641836016227 [L0]: [Received at 1641836016227] ( PLAY 32.knightThrough.1641836009520 (( move 7 4 6 6 ) noop ) )
LOG 1641836016229 [L0]: [Sent at 1641836016229] ( move 6 7 5 5 )
LOG 1641836016231 [L0]: [Received at 1641836016231] ( PLAY 32.knightThrough.1641836009520 (noop ( move 6 7 5 5 ) ) )
LOG 1641836016232 [L0]: [Sent at 1641836016232] noop
LOG 1641836016234 [L0]: [Received at 1641836016234] ( PLAY 32.knightThrough.1641836009520 (( move 2 2 1 4 ) noop ) )
LOG 1641836016235 [L0]: [Sent at 1641836016235] ( move 5 4 4 2 )
LOG 1641836016237 [L0]: [Received at 1641836016237] ( PLAY 32.knightThrough.1641836009520 (noop ( move 5 4 4 2 ) ) )
LOG 1641836016238 [L0]: [Sent at 1641836016238] noop
LOG 1641836016240 [L0]: [Received at 1641836016240] ( PLAY 32.knightThrough.1641836009520 (( move 2 3 3 5 ) noop ) )
LOG 1641836016242 [L0]: [Sent at 1641836016242] ( move 4 2 2 1 )
LOG 1641836016243 [L0]: [Received at 1641836016243] ( STOP 32.knightThrough.1641836009520 (noop ( move 4 2 2 1 ) ) )
LOG 1641836016244 [L3]: Stopped logging to files at: Mon Jan 10 18:33:36 CET 2022
LOG 1641836016244 [L3]: LOG SEALED
