LOG 1641833358244 [L3]: Returning initial state machine.
LOG 1641833358244 [L3]: Returning PropNet state machine without cache.
LOG 1641833358245 [L3]: Starting metagame with available thinking time 4990ms.
LOG 1641833358246 [L3]: Starting search during metagame.
LOG 1641833363239 [L3]: Done searching during metagame.
LOG 1641833363243 [L3]: Starting move selection for game step 1 with available time 0ms.
LOG 1641833363243 [L3]: No time to select next move using MCTS. Returning random move ( drop 7 ).
LOG 1641833363247 [L3]: Starting move selection for game step 2 with available time 0ms.
LOG 1641833363249 [L3]: No time to select next move using MCTS. Returning random move noop.
LOG 1641833363255 [L3]: Starting move selection for game step 3 with available time 0ms.
LOG 1641833363263 [L3]: No time to select next move using MCTS. Returning random move ( drop 1 ).
LOG 1641833363269 [L3]: Starting move selection for game step 4 with available time 0ms.
LOG 1641833363272 [L3]: No time to select next move using MCTS. Returning random move noop.
LOG 1641833363284 [L3]: Starting move selection for game step 5 with available time 0ms.
LOG 1641833363284 [L3]: No time to select next move using MCTS. Returning random move ( drop 1 ).
LOG 1641833363288 [L3]: Starting move selection for game step 6 with available time 0ms.
LOG 1641833363288 [L3]: No time to select next move using MCTS. Returning random move noop.
LOG 1641833363291 [L3]: Starting move selection for game step 7 with available time 0ms.
LOG 1641833363292 [L3]: No time to select next move using MCTS. Returning random move ( drop 2 ).
LOG 1641833363295 [L3]: Starting move selection for game step 8 with available time 0ms.
LOG 1641833363296 [L3]: No time to select next move using MCTS. Returning random move noop.
LOG 1641833363299 [L3]: Starting move selection for game step 9 with available time 0ms.
LOG 1641833363300 [L3]: No time to select next move using MCTS. Returning random move ( drop 1 ).
LOG 1641833363304 [L3]: Starting move selection for game step 10 with available time 0ms.
LOG 1641833363304 [L3]: No time to select next move using MCTS. Returning random move noop.
LOG 1641833363308 [L3]: Starting move selection for game step 11 with available time 0ms.
LOG 1641833363308 [L3]: No time to select next move using MCTS. Returning random move ( drop 6 ).
LOG 1641833363313 [L3]: Starting move selection for game step 12 with available time 0ms.
LOG 1641833363313 [L3]: No time to select next move using MCTS. Returning random move noop.
LOG 1641833363317 [L3]: Starting move selection for game step 13 with available time 0ms.
LOG 1641833363317 [L3]: No time to select next move using MCTS. Returning random move ( drop 5 ).
LOG 1641833363321 [L3]: Starting move selection for game step 14 with available time 0ms.
LOG 1641833363321 [L3]: No time to select next move using MCTS. Returning random move noop.
LOG 1641833363324 [L3]: Starting move selection for game step 15 with available time 0ms.
LOG 1641833363325 [L3]: No time to select next move using MCTS. Returning random move ( drop 1 ).
