LOG 1641835990934 [L3]: Returning initial state machine.
LOG 1641835990934 [L3]: Returning PropNet state machine without cache.
LOG 1641835990935 [L3]: Starting metagame with available thinking time 4990ms.
LOG 1641835990936 [L3]: Starting search during metagame.
LOG 1641835995925 [L3]: Done searching during metagame.
LOG 1641835995928 [L3]: Starting move selection for game step 1 with available time 0ms.
LOG 1641835995928 [L3]: No time to select next move using MCTS. Returning random move noop.
LOG 1641835995932 [L3]: Starting move selection for game step 2 with available time 0ms.
LOG 1641835995932 [L3]: No time to select next move using MCTS. Returning random move ( move 8 8 7 6 ).
LOG 1641835995940 [L3]: Starting move selection for game step 3 with available time 0ms.
LOG 1641835995947 [L3]: No time to select next move using MCTS. Returning random move noop.
LOG 1641835995954 [L3]: Starting move selection for game step 4 with available time 0ms.
LOG 1641835995956 [L3]: No time to select next move using MCTS. Returning random move ( move 7 7 6 5 ).
LOG 1641835995967 [L3]: Starting move selection for game step 5 with available time 0ms.
LOG 1641835995967 [L3]: No time to select next move using MCTS. Returning random move noop.
LOG 1641835995970 [L3]: Starting move selection for game step 6 with available time 0ms.
LOG 1641835995971 [L3]: No time to select next move using MCTS. Returning random move ( move 7 8 8 6 ).
LOG 1641835995974 [L3]: Starting move selection for game step 7 with available time 0ms.
LOG 1641835995974 [L3]: No time to select next move using MCTS. Returning random move noop.
LOG 1641835995978 [L3]: Starting move selection for game step 8 with available time 0ms.
LOG 1641835995978 [L3]: No time to select next move using MCTS. Returning random move ( move 3 7 5 6 ).
LOG 1641835995981 [L3]: Starting move selection for game step 9 with available time 0ms.
LOG 1641835995981 [L3]: No time to select next move using MCTS. Returning random move noop.
LOG 1641835995985 [L3]: Starting move selection for game step 10 with available time 0ms.
LOG 1641835995985 [L3]: No time to select next move using MCTS. Returning random move ( move 8 7 7 5 ).
LOG 1641835995988 [L3]: Starting move selection for game step 11 with available time 0ms.
LOG 1641835995989 [L3]: No time to select next move using MCTS. Returning random move noop.
LOG 1641835995992 [L3]: Starting move selection for game step 12 with available time 0ms.
LOG 1641835995992 [L3]: No time to select next move using MCTS. Returning random move ( move 1 7 3 6 ).
LOG 1641835995996 [L3]: Starting move selection for game step 13 with available time 0ms.
LOG 1641835995996 [L3]: No time to select next move using MCTS. Returning random move noop.
LOG 1641835995999 [L3]: Starting move selection for game step 14 with available time 0ms.
LOG 1641835995999 [L3]: No time to select next move using MCTS. Returning random move ( move 5 7 4 5 ).
LOG 1641835996002 [L3]: Starting move selection for game step 15 with available time 0ms.
LOG 1641835996003 [L3]: No time to select next move using MCTS. Returning random move noop.
LOG 1641835996006 [L3]: Starting move selection for game step 16 with available time 0ms.
LOG 1641835996006 [L3]: No time to select next move using MCTS. Returning random move ( move 3 6 1 5 ).
LOG 1641835996009 [L3]: Starting move selection for game step 17 with available time 0ms.
LOG 1641835996009 [L3]: No time to select next move using MCTS. Returning random move noop.
LOG 1641835996012 [L3]: Starting move selection for game step 18 with available time 0ms.
LOG 1641835996012 [L3]: No time to select next move using MCTS. Returning random move ( move 4 7 6 6 ).
LOG 1641835996015 [L3]: Starting move selection for game step 19 with available time 0ms.
LOG 1641835996016 [L3]: No time to select next move using MCTS. Returning random move noop.
LOG 1641835996019 [L3]: Starting move selection for game step 20 with available time 0ms.
LOG 1641835996019 [L3]: No time to select next move using MCTS. Returning random move ( move 5 6 3 5 ).
LOG 1641835996023 [L3]: Starting move selection for game step 21 with available time 0ms.
LOG 1641835996023 [L3]: No time to select next move using MCTS. Returning random move noop.
LOG 1641835996027 [L3]: Starting move selection for game step 22 with available time 0ms.
LOG 1641835996028 [L3]: No time to select next move using MCTS. Returning random move ( move 4 5 6 4 ).
LOG 1641835996031 [L3]: Starting move selection for game step 23 with available time 0ms.
LOG 1641835996031 [L3]: No time to select next move using MCTS. Returning random move noop.
LOG 1641835996034 [L3]: Starting move selection for game step 24 with available time 0ms.
LOG 1641835996035 [L3]: No time to select next move using MCTS. Returning random move ( move 6 7 7 5 ).
LOG 1641835996038 [L3]: Starting move selection for game step 25 with available time 0ms.
LOG 1641835996039 [L3]: No time to select next move using MCTS. Returning random move noop.
LOG 1641835996041 [L3]: Starting move selection for game step 26 with available time 0ms.
LOG 1641835996042 [L3]: No time to select next move using MCTS. Returning random move ( move 3 5 1 4 ).
LOG 1641835996045 [L3]: Starting move selection for game step 27 with available time 0ms.
LOG 1641835996046 [L3]: No time to select next move using MCTS. Returning random move noop.
LOG 1641835996049 [L3]: Starting move selection for game step 28 with available time 0ms.
LOG 1641835996050 [L3]: No time to select next move using MCTS. Returning random move ( move 3 8 4 6 ).
LOG 1641835996053 [L3]: Starting move selection for game step 29 with available time 0ms.
LOG 1641835996053 [L3]: No time to select next move using MCTS. Returning random move noop.
LOG 1641835996056 [L3]: Starting move selection for game step 30 with available time 0ms.
LOG 1641835996057 [L3]: No time to select next move using MCTS. Returning random move ( move 4 6 3 4 ).
LOG 1641835996075 [L3]: Starting move selection for game step 31 with available time 0ms.
LOG 1641835996075 [L3]: No time to select next move using MCTS. Returning random move noop.
LOG 1641835996078 [L3]: Starting move selection for game step 32 with available time 0ms.
LOG 1641835996078 [L3]: No time to select next move using MCTS. Returning random move ( move 1 8 3 7 ).
LOG 1641835996081 [L3]: Starting move selection for game step 33 with available time 0ms.
LOG 1641835996082 [L3]: No time to select next move using MCTS. Returning random move noop.
LOG 1641835996085 [L3]: Starting move selection for game step 34 with available time 0ms.
LOG 1641835996085 [L3]: No time to select next move using MCTS. Returning random move ( move 6 5 5 3 ).
LOG 1641835996088 [L3]: Starting move selection for game step 35 with available time 0ms.
LOG 1641835996088 [L3]: No time to select next move using MCTS. Returning random move noop.
LOG 1641835996091 [L3]: Starting move selection for game step 36 with available time 0ms.
LOG 1641835996092 [L3]: No time to select next move using MCTS. Returning random move ( move 6 8 8 7 ).
LOG 1641835996095 [L3]: Starting move selection for game step 37 with available time 0ms.
LOG 1641835996095 [L3]: No time to select next move using MCTS. Returning random move noop.
LOG 1641835996098 [L3]: Starting move selection for game step 38 with available time 0ms.
LOG 1641835996099 [L3]: No time to select next move using MCTS. Returning random move ( move 7 6 8 4 ).
LOG 1641835996102 [L3]: Starting move selection for game step 39 with available time 0ms.
LOG 1641835996103 [L3]: No time to select next move using MCTS. Returning random move noop.
LOG 1641835996106 [L3]: Starting move selection for game step 40 with available time 0ms.
LOG 1641835996106 [L3]: No time to select next move using MCTS. Returning random move ( move 2 7 3 5 ).
LOG 1641835996109 [L3]: Starting move selection for game step 41 with available time 0ms.
LOG 1641835996109 [L3]: No time to select next move using MCTS. Returning random move noop.
LOG 1641835996112 [L3]: Starting move selection for game step 42 with available time 0ms.
LOG 1641835996112 [L3]: No time to select next move using MCTS. Returning random move ( move 6 6 5 4 ).
LOG 1641835996116 [L3]: Starting move selection for game step 43 with available time 0ms.
LOG 1641835996116 [L3]: No time to select next move using MCTS. Returning random move noop.
LOG 1641835996119 [L3]: Starting move selection for game step 44 with available time 0ms.
LOG 1641835996120 [L3]: No time to select next move using MCTS. Returning random move ( move 1 4 3 3 ).
LOG 1641835996123 [L3]: Starting move selection for game step 45 with available time 0ms.
LOG 1641835996123 [L3]: No time to select next move using MCTS. Returning random move noop.
LOG 1641835996126 [L3]: Starting move selection for game step 46 with available time 0ms.
LOG 1641835996126 [L3]: No time to select next move using MCTS. Returning random move ( move 3 7 4 5 ).
LOG 1641835996129 [L3]: Starting move selection for game step 47 with available time 0ms.
LOG 1641835996129 [L3]: No time to select next move using MCTS. Returning random move noop.
LOG 1641835996132 [L3]: Starting move selection for game step 48 with available time 0ms.
LOG 1641835996133 [L3]: No time to select next move using MCTS. Returning random move ( move 8 4 7 2 ).
LOG 1641835996135 [L3]: Starting move selection for game step 49 with available time 0ms.
LOG 1641835996136 [L3]: No time to select next move using MCTS. Returning random move noop.
