LOG 1641845093761 [L3]: Started match logging at: Mon Jan 10 21:04:53 CET 2022
LOG 1641845093768 [L3]: Game rules: [( role x ), ( role o ), ( init ( quad x 12 ) ), ( init ( quad o 12 ) ), ( init ( white x 5 ) ), ( init ( white o 5 ) ), ( init ( cell r1 c2 b ) ), ( init ( cell r1 c3 b ) ), ( init ( cell r1 c4 b ) ), ( init ( cell r1 c5 b ) ), ( init ( cell r1 c6 b ) ), ( init ( cell r2 c1 b ) ), ( init ( cell r2 c2 b ) ), ( init ( cell r2 c3 b ) ), ( init ( cell r2 c4 b ) ), ( init ( cell r2 c5 b ) ), ( init ( cell r2 c6 b ) ), ( init ( cell r2 c7 b ) ), ( init ( cell r3 c1 b ) ), ( init ( cell r3 c2 b ) ), ( init ( cell r3 c3 b ) ), ( init ( cell r3 c4 b ) ), ( init ( cell r3 c5 b ) ), ( init ( cell r3 c6 b ) ), ( init ( cell r3 c7 b ) ), ( init ( cell r4 c1 b ) ), ( init ( cell r4 c2 b ) ), ( init ( cell r4 c3 b ) ), ( init ( cell r4 c4 b ) ), ( init ( cell r4 c5 b ) ), ( init ( cell r4 c6 b ) ), ( init ( cell r4 c7 b ) ), ( init ( cell r5 c1 b ) ), ( init ( cell r5 c2 b ) ), ( init ( cell r5 c3 b ) ), ( init ( cell r5 c4 b ) ), ( init ( cell r5 c5 b ) ), ( init ( cell r5 c6 b ) ), ( init ( cell r5 c7 b ) ), ( init ( cell r6 c1 b ) ), ( init ( cell r6 c2 b ) ), ( init ( cell r6 c3 b ) ), ( init ( cell r6 c4 b ) ), ( init ( cell r6 c5 b ) ), ( init ( cell r6 c6 b ) ), ( init ( cell r6 c7 b ) ), ( init ( cell r7 c2 b ) ), ( init ( cell r7 c3 b ) ), ( init ( cell r7 c4 b ) ), ( init ( cell r7 c5 b ) ), ( init ( cell r7 c6 b ) ), ( init ( control x ) ), ( ncol c1 c2 ), ( ncol c2 c3 ), ( ncol c3 c4 ), ( ncol c4 c5 ), ( ncol c5 c6 ), ( ncol c6 c7 ), ( nrow r1 r2 ), ( nrow r2 r3 ), ( nrow r3 r4 ), ( nrow r4 r5 ), ( nrow r5 r6 ), ( nrow r6 r7 ), ( <= ( prow ?x ?y ) ( nrow ?y ?x ) ), ( <= ( pcol ?x ?y ) ( ncol ?y ?x ) ), ( succ 0 1 ), ( succ 1 2 ), ( succ 2 3 ), ( succ 3 4 ), ( succ 4 5 ), ( succ 5 6 ), ( succ 6 7 ), ( succ 7 8 ), ( succ 8 9 ), ( succ 9 10 ), ( succ 10 11 ), ( succ 11 12 ), ( succ 12 13 ), ( succ 13 14 ), ( succ 14 15 ), ( succ 15 16 ), ( succ 16 17 ), ( succ 17 18 ), ( succ 18 19 ), ( succ 19 20 ), ( <= ( legal ?player ( mark ?x ?y ) ) ( true ( cell ?x ?y b ) ) ( true ( control ?player ) ) ), ( <= ( legal ?player ( block ?x ?y ) ) ( true ( cell ?x ?y b ) ) ( true ( control ?player ) ) ( true ( white ?player ?c ) ) ( distinct ?c 0 ) ), ( <= ( legal x noop ) ( true ( control o ) ) ), ( <= ( legal o noop ) ( true ( control x ) ) ), ( <= ( next ( cell ?m ?n ?p ) ) ( does ?p ( mark ?m ?n ) ) ), ( <= ( next ( cell ?m ?n w ) ) ( does ?p ( block ?m ?n ) ) ), ( <= ( next ( cell ?m ?n ?p ) ) ( true ( cell ?m ?n ?p ) ) ( distinct ?p b ) ), ( <= ( next ( cell ?m ?n b ) ) ( does ?W ( mark ?j ?k ) ) ( true ( cell ?m ?n b ) ) ( distinct ?m ?j ) ), ( <= ( next ( cell ?m ?n b ) ) ( does ?W ( mark ?j ?k ) ) ( true ( cell ?m ?n b ) ) ( distinct ?n ?k ) ), ( <= ( next ( cell ?m ?n b ) ) ( does ?W ( block ?j ?k ) ) ( true ( cell ?m ?n b ) ) ( distinct ?m ?j ) ), ( <= ( next ( cell ?m ?n b ) ) ( does ?W ( block ?j ?k ) ) ( true ( cell ?m ?n b ) ) ( distinct ?n ?k ) ), ( <= ( next ( quad ?p ?c ) ) ( true ( control ?q ) ) ( true ( quad ?p ?c ) ) ( distinct ?p ?q ) ), ( <= ( next ( white ?p ?c ) ) ( true ( control ?q ) ) ( true ( white ?p ?c ) ) ( distinct ?p ?q ) ), ( <= ( next ( quad ?p ?c ) ) ( does ?p ( mark ?j ?k ) ) ( true ( quad ?p ?c1 ) ) ( succ ?c ?c1 ) ), ( <= ( next ( white ?p ?c ) ) ( does ?p ( block ?j ?k ) ) ( true ( white ?p ?c1 ) ) ( succ ?c ?c1 ) ), ( <= ( next ( quad ?p ?c ) ) ( does ?p ( block ?j ?k ) ) ( true ( quad ?p ?c ) ) ), ( <= ( next ( white ?p ?c ) ) ( does ?p ( mark ?j ?k ) ) ( true ( white ?p ?c ) ) ), ( <= ( next ( control x ) ) ( does o ( mark ?j ?k ) ) ( true ( control o ) ) ), ( <= ( next ( control o ) ) ( does x ( mark ?j ?k ) ) ( true ( control x ) ) ), ( <= ( next ( control ?p ) ) ( does ?p ( block ?j ?k ) ) ( true ( control ?p ) ) ), ( <= ( square ?x1 ?y1 ?x1 ?y2 ?x2 ?y1 ?x2 ?y2 ) ( ncol ?y1 ?y2 ) ( nrow ?x1 ?x2 ) ), ( <= ( square ?x1 ?y1 ?x1 ?y2 ?x2 ?y1 ?x2 ?y2 ) ( ncol ?y3 ?y2 ) ( nrow ?x3 ?x2 ) ( square ?x1 ?y1 ?x1 ?y3 ?x3 ?y1 ?x3 ?y3 ) ), ( <= ( square ?x1 ?y1 ?x2 ?y2 ?x3 ?y3 ?x4 ?y4 ) ( prow ?x2p ?x2 ) ( ncol ?y3n ?y3 ) ( prow ?x4p ?x4 ) ( ncol ?y4n ?y4 ) ( square ?x1 ?y1 ?x2p ?y2 ?x3 ?y3n ?x4p ?y4n ) ), ( <= win ( true ( cell ?x1 ?y1 x ) ) ( true ( cell ?x2 ?y2 x ) ) ( true ( cell ?x3 ?y3 x ) ) ( true ( cell ?x4 ?y4 x ) ) ( square ?x1 ?y1 ?x2 ?y2 ?x3 ?y3 ?x4 ?y4 ) ), ( <= lose ( true ( cell ?x1 ?y1 o ) ) ( true ( cell ?x2 ?y2 o ) ) ( true ( cell ?x3 ?y3 o ) ) ( true ( cell ?x4 ?y4 o ) ) ( square ?x1 ?y1 ?x2 ?y2 ?x3 ?y3 ?x4 ?y4 ) ), ( <= winByOpenQuad ( not lose ) ( not open ) ( true ( cell ?x1 ?y1 x ) ) ( true ( cell ?x2 ?y2 x ) ) ( true ( cell ?x3 ?y3 x ) ) ( true ( cell ?x4 ?y4 b ) ) ( square ?x1 ?y1 ?x2 ?y2 ?x3 ?y3 ?x4 ?y4 ) ), ( <= winByOpenQuad ( not lose ) ( not open ) ( true ( cell ?x1 ?y1 x ) ) ( true ( cell ?x2 ?y2 b ) ) ( true ( cell ?x3 ?y3 x ) ) ( true ( cell ?x4 ?y4 x ) ) ( square ?x1 ?y1 ?x2 ?y2 ?x3 ?y3 ?x4 ?y4 ) ), ( <= winByOpenQuad ( not lose ) ( not open ) ( true ( cell ?x1 ?y1 x ) ) ( true ( cell ?x2 ?y2 x ) ) ( true ( cell ?x3 ?y3 b ) ) ( true ( cell ?x4 ?y4 x ) ) ( square ?x1 ?y1 ?x2 ?y2 ?x3 ?y3 ?x4 ?y4 ) ), ( <= winByOpenQuad ( not lose ) ( not open ) ( true ( cell ?x1 ?y1 b ) ) ( true ( cell ?x2 ?y2 x ) ) ( true ( cell ?x3 ?y3 x ) ) ( true ( cell ?x4 ?y4 x ) ) ( square ?x1 ?y1 ?x2 ?y2 ?x3 ?y3 ?x4 ?y4 ) ), ( <= open ( true ( quad ?p ?c ) ) ( distinct ?c 0 ) ), ( <= ( more ?x 0 ) ( succ ?y ?x ) ), ( <= ( more ?x ?y ) ( succ ?x1 ?x ) ( succ ?y1 ?y ) ( more ?x1 ?y1 ) ), ( <= morewhite ( true ( white x ?a ) ) ( true ( white o ?b ) ) ( more ?a ?b ) ), ( <= lesswhite ( true ( white x ?a ) ) ( true ( white o ?b ) ) ( more ?b ?a ) ), ( <= equalwhite ( true ( white x ?a ) ) ( true ( white o ?a ) ) ), ( <= ( goal x 100 ) win ), ( <= ( goal x 95 ) ( not win ) winByOpenQuad ), ( <= ( goal x 90 ) ( not win ) ( not winByOpenQuad ) ( not lose ) ( not open ) morewhite ), ( <= ( goal x 50 ) ( not win ) ( not winByOpenQuad ) ( not lose ) ( not open ) equalwhite ), ( <= ( goal x 10 ) ( not win ) ( not winByOpenQuad ) ( not lose ) ( not open ) lesswhite ), ( <= ( goal x 0 ) lose ), ( <= ( goal o 100 ) lose ), ( <= ( goal o 90 ) ( not win ) ( not winByOpenQuad ) ( not lose ) ( not open ) lesswhite ), ( <= ( goal o 50 ) ( not win ) ( not winByOpenQuad ) ( not lose ) ( not open ) equalwhite ), ( <= ( goal o 10 ) ( not win ) ( not winByOpenQuad ) ( not lose ) ( not open ) morewhite ), ( <= ( goal o 5 ) ( not win ) winByOpenQuad ), ( <= ( goal o 0 ) win ), ( <= terminal win ), ( <= terminal lose ), ( <= terminal ( not open ) )]
LOG 1641845093769 [L3]: Start clock: 15
LOG 1641845093769 [L3]: Play clock: 10
LOG 1641845098760 [L0]: [Sent at 1641845098760] ready
LOG 1641845098762 [L0]: [Received at 1641845098762] ( PLAY 10.quad_7x7.1641845093403 NIL )
LOG 1641845098764 [L0]: [Sent at 1641845098764] noop
LOG 1641845098766 [L0]: [Received at 1641845098766] ( PLAY 10.quad_7x7.1641845093403 (( mark r2 c4 ) noop ) )
LOG 1641845098769 [L0]: [Sent at 1641845098769] ( block r3 c1 )
LOG 1641845098770 [L0]: [Received at 1641845098770] ( PLAY 10.quad_7x7.1641845093403 (noop ( block r3 c1 ) ) )
LOG 1641845098780 [L0]: [Sent at 1641845098780] ( mark r3 c5 )
LOG 1641845098782 [L0]: [Received at 1641845098782] ( PLAY 10.quad_7x7.1641845093403 (noop ( mark r3 c5 ) ) )
LOG 1641845098787 [L0]: [Sent at 1641845098787] noop
LOG 1641845098790 [L0]: [Received at 1641845098790] ( PLAY 10.quad_7x7.1641845093403 (( mark r2 c7 ) noop ) )
LOG 1641845098792 [L0]: [Sent at 1641845098792] ( block r7 c2 )
LOG 1641845098836 [L0]: [Received at 1641845098836] ( PLAY 10.quad_7x7.1641845093403 (noop ( block r7 c2 ) ) )
LOG 1641845098837 [L0]: [Sent at 1641845098837] ( mark r4 c4 )
LOG 1641845098841 [L0]: [Received at 1641845098841] ( PLAY 10.quad_7x7.1641845093403 (noop ( mark r4 c4 ) ) )
LOG 1641845098842 [L0]: [Sent at 1641845098842] noop
LOG 1641845098851 [L0]: [Received at 1641845098851] ( PLAY 10.quad_7x7.1641845093403 (( mark r4 c6 ) noop ) )
LOG 1641845098852 [L0]: [Sent at 1641845098852] ( mark r1 c5 )
LOG 1641845098861 [L0]: [Received at 1641845098861] ( PLAY 10.quad_7x7.1641845093403 (noop ( mark r1 c5 ) ) )
LOG 1641845098862 [L0]: [Sent at 1641845098862] noop
LOG 1641845098883 [L0]: [Received at 1641845098883] ( PLAY 10.quad_7x7.1641845093403 (( mark r2 c5 ) noop ) )
LOG 1641845098885 [L0]: [Sent at 1641845098885] ( mark r6 c7 )
LOG 1641845098899 [L0]: [Received at 1641845098899] ( PLAY 10.quad_7x7.1641845093403 (noop ( mark r6 c7 ) ) )
LOG 1641845098900 [L0]: [Sent at 1641845098900] noop
LOG 1641845098933 [L0]: [Received at 1641845098933] ( PLAY 10.quad_7x7.1641845093403 (( mark r2 c3 ) noop ) )
LOG 1641845098935 [L0]: [Sent at 1641845098935] ( block r4 c1 )
LOG 1641845098938 [L0]: [Received at 1641845098938] ( PLAY 10.quad_7x7.1641845093403 (noop ( block r4 c1 ) ) )
LOG 1641845098939 [L0]: [Sent at 1641845098939] ( block r3 c4 )
LOG 1641845098942 [L0]: [Received at 1641845098942] ( PLAY 10.quad_7x7.1641845093403 (noop ( block r3 c4 ) ) )
LOG 1641845098943 [L0]: [Sent at 1641845098943] ( block r4 c2 )
LOG 1641845098947 [L0]: [Received at 1641845098947] ( PLAY 10.quad_7x7.1641845093403 (noop ( block r4 c2 ) ) )
LOG 1641845098948 [L0]: [Sent at 1641845098948] ( mark r1 c4 )
LOG 1641845098980 [L0]: [Received at 1641845098980] ( PLAY 10.quad_7x7.1641845093403 (noop ( mark r1 c4 ) ) )
LOG 1641845098981 [L0]: [Sent at 1641845098981] noop
LOG 1641845098985 [L0]: [Received at 1641845098985] ( PLAY 10.quad_7x7.1641845093403 (( block r4 c7 ) noop ) )
LOG 1641845098986 [L0]: [Sent at 1641845098986] noop
LOG 1641845098991 [L0]: [Received at 1641845098991] ( PLAY 10.quad_7x7.1641845093403 (( block r1 c2 ) noop ) )
LOG 1641845098992 [L0]: [Sent at 1641845098992] noop
LOG 1641845099032 [L0]: [Received at 1641845099032] ( PLAY 10.quad_7x7.1641845093403 (( mark r5 c2 ) noop ) )
LOG 1641845099034 [L0]: [Sent at 1641845099034] ( mark r4 c3 )
LOG 1641845099086 [L0]: [Received at 1641845099086] ( PLAY 10.quad_7x7.1641845093403 (noop ( mark r4 c3 ) ) )
LOG 1641845099087 [L0]: [Sent at 1641845099087] noop
LOG 1641845099093 [L0]: [Received at 1641845099093] ( PLAY 10.quad_7x7.1641845093403 (( block r2 c2 ) noop ) )
LOG 1641845099094 [L0]: [Sent at 1641845099094] noop
LOG 1641845099144 [L0]: [Received at 1641845099144] ( PLAY 10.quad_7x7.1641845093403 (( mark r7 c4 ) noop ) )
LOG 1641845099146 [L0]: [Sent at 1641845099146] ( mark r4 c5 )
LOG 1641845099236 [L0]: [Received at 1641845099236] ( PLAY 10.quad_7x7.1641845093403 (noop ( mark r4 c5 ) ) )
LOG 1641845099238 [L0]: [Sent at 1641845099238] noop
LOG 1641845099334 [L0]: [Received at 1641845099334] ( PLAY 10.quad_7x7.1641845093403 (( mark r3 c2 ) noop ) )
LOG 1641845099335 [L0]: [Sent at 1641845099335] ( mark r6 c5 )
LOG 1641845099449 [L0]: [Received at 1641845099449] ( PLAY 10.quad_7x7.1641845093403 (noop ( mark r6 c5 ) ) )
LOG 1641845099450 [L0]: [Sent at 1641845099450] noop
LOG 1641845099557 [L0]: [Received at 1641845099557] ( PLAY 10.quad_7x7.1641845093403 (( mark r7 c5 ) noop ) )
LOG 1641845099558 [L0]: [Sent at 1641845099558] ( mark r3 c3 )
LOG 1641845099777 [L0]: [Received at 1641845099777] ( PLAY 10.quad_7x7.1641845093403 (noop ( mark r3 c3 ) ) )
LOG 1641845099778 [L0]: [Sent at 1641845099778] noop
LOG 1641845099799 [L0]: [Received at 1641845099799] ( PLAY 10.quad_7x7.1641845093403 (( block r2 c1 ) noop ) )
LOG 1641845099800 [L0]: [Sent at 1641845099800] noop
LOG 1641845099818 [L0]: [Received at 1641845099818] ( PLAY 10.quad_7x7.1641845093403 (( block r5 c7 ) noop ) )
LOG 1641845099820 [L0]: [Sent at 1641845099820] noop
LOG 1641845100006 [L0]: [Received at 1641845100006] ( PLAY 10.quad_7x7.1641845093403 (( mark r5 c4 ) noop ) )
LOG 1641845100007 [L0]: [Sent at 1641845100007] ( mark r5 c3 )
LOG 1641845100234 [L0]: [Received at 1641845100234] ( PLAY 10.quad_7x7.1641845093403 (noop ( mark r5 c3 ) ) )
LOG 1641845100235 [L0]: [Sent at 1641845100235] noop
LOG 1641845100495 [L0]: [Received at 1641845100495] ( PLAY 10.quad_7x7.1641845093403 (( mark r5 c5 ) noop ) )
LOG 1641845100497 [L0]: [Sent at 1641845100497] ( mark r7 c3 )
LOG 1641845100693 [L0]: [Received at 1641845100693] ( PLAY 10.quad_7x7.1641845093403 (noop ( mark r7 c3 ) ) )
LOG 1641845100695 [L0]: [Sent at 1641845100695] noop
LOG 1641845101176 [L0]: [Received at 1641845101176] ( STOP 10.quad_7x7.1641845093403 (( mark r5 c1 ) noop ) )
LOG 1641845101184 [L3]: Stopped logging to files at: Mon Jan 10 21:05:01 CET 2022
LOG 1641845101184 [L3]: LOG SEALED
