LOG 1641844470474 [L3]: Started match logging at: Mon Jan 10 20:54:30 CET 2022
LOG 1641844470481 [L3]: Game rules: [( role x ), ( role o ), ( init ( quad x 12 ) ), ( init ( quad o 12 ) ), ( init ( white x 5 ) ), ( init ( white o 5 ) ), ( init ( cell r1 c2 b ) ), ( init ( cell r1 c3 b ) ), ( init ( cell r1 c4 b ) ), ( init ( cell r1 c5 b ) ), ( init ( cell r1 c6 b ) ), ( init ( cell r2 c1 b ) ), ( init ( cell r2 c2 b ) ), ( init ( cell r2 c3 b ) ), ( init ( cell r2 c4 b ) ), ( init ( cell r2 c5 b ) ), ( init ( cell r2 c6 b ) ), ( init ( cell r2 c7 b ) ), ( init ( cell r3 c1 b ) ), ( init ( cell r3 c2 b ) ), ( init ( cell r3 c3 b ) ), ( init ( cell r3 c4 b ) ), ( init ( cell r3 c5 b ) ), ( init ( cell r3 c6 b ) ), ( init ( cell r3 c7 b ) ), ( init ( cell r4 c1 b ) ), ( init ( cell r4 c2 b ) ), ( init ( cell r4 c3 b ) ), ( init ( cell r4 c4 b ) ), ( init ( cell r4 c5 b ) ), ( init ( cell r4 c6 b ) ), ( init ( cell r4 c7 b ) ), ( init ( cell r5 c1 b ) ), ( init ( cell r5 c2 b ) ), ( init ( cell r5 c3 b ) ), ( init ( cell r5 c4 b ) ), ( init ( cell r5 c5 b ) ), ( init ( cell r5 c6 b ) ), ( init ( cell r5 c7 b ) ), ( init ( cell r6 c1 b ) ), ( init ( cell r6 c2 b ) ), ( init ( cell r6 c3 b ) ), ( init ( cell r6 c4 b ) ), ( init ( cell r6 c5 b ) ), ( init ( cell r6 c6 b ) ), ( init ( cell r6 c7 b ) ), ( init ( cell r7 c2 b ) ), ( init ( cell r7 c3 b ) ), ( init ( cell r7 c4 b ) ), ( init ( cell r7 c5 b ) ), ( init ( cell r7 c6 b ) ), ( init ( control x ) ), ( ncol c1 c2 ), ( ncol c2 c3 ), ( ncol c3 c4 ), ( ncol c4 c5 ), ( ncol c5 c6 ), ( ncol c6 c7 ), ( nrow r1 r2 ), ( nrow r2 r3 ), ( nrow r3 r4 ), ( nrow r4 r5 ), ( nrow r5 r6 ), ( nrow r6 r7 ), ( <= ( prow ?x ?y ) ( nrow ?y ?x ) ), ( <= ( pcol ?x ?y ) ( ncol ?y ?x ) ), ( succ 0 1 ), ( succ 1 2 ), ( succ 2 3 ), ( succ 3 4 ), ( succ 4 5 ), ( succ 5 6 ), ( succ 6 7 ), ( succ 7 8 ), ( succ 8 9 ), ( succ 9 10 ), ( succ 10 11 ), ( succ 11 12 ), ( succ 12 13 ), ( succ 13 14 ), ( succ 14 15 ), ( succ 15 16 ), ( succ 16 17 ), ( succ 17 18 ), ( succ 18 19 ), ( succ 19 20 ), ( <= ( legal ?player ( mark ?x ?y ) ) ( true ( cell ?x ?y b ) ) ( true ( control ?player ) ) ), ( <= ( legal ?player ( block ?x ?y ) ) ( true ( cell ?x ?y b ) ) ( true ( control ?player ) ) ( true ( white ?player ?c ) ) ( distinct ?c 0 ) ), ( <= ( legal x noop ) ( true ( control o ) ) ), ( <= ( legal o noop ) ( true ( control x ) ) ), ( <= ( next ( cell ?m ?n ?p ) ) ( does ?p ( mark ?m ?n ) ) ), ( <= ( next ( cell ?m ?n w ) ) ( does ?p ( block ?m ?n ) ) ), ( <= ( next ( cell ?m ?n ?p ) ) ( true ( cell ?m ?n ?p ) ) ( distinct ?p b ) ), ( <= ( next ( cell ?m ?n b ) ) ( does ?W ( mark ?j ?k ) ) ( true ( cell ?m ?n b ) ) ( distinct ?m ?j ) ), ( <= ( next ( cell ?m ?n b ) ) ( does ?W ( mark ?j ?k ) ) ( true ( cell ?m ?n b ) ) ( distinct ?n ?k ) ), ( <= ( next ( cell ?m ?n b ) ) ( does ?W ( block ?j ?k ) ) ( true ( cell ?m ?n b ) ) ( distinct ?m ?j ) ), ( <= ( next ( cell ?m ?n b ) ) ( does ?W ( block ?j ?k ) ) ( true ( cell ?m ?n b ) ) ( distinct ?n ?k ) ), ( <= ( next ( quad ?p ?c ) ) ( true ( control ?q ) ) ( true ( quad ?p ?c ) ) ( distinct ?p ?q ) ), ( <= ( next ( white ?p ?c ) ) ( true ( control ?q ) ) ( true ( white ?p ?c ) ) ( distinct ?p ?q ) ), ( <= ( next ( quad ?p ?c ) ) ( does ?p ( mark ?j ?k ) ) ( true ( quad ?p ?c1 ) ) ( succ ?c ?c1 ) ), ( <= ( next ( white ?p ?c ) ) ( does ?p ( block ?j ?k ) ) ( true ( white ?p ?c1 ) ) ( succ ?c ?c1 ) ), ( <= ( next ( quad ?p ?c ) ) ( does ?p ( block ?j ?k ) ) ( true ( quad ?p ?c ) ) ), ( <= ( next ( white ?p ?c ) ) ( does ?p ( mark ?j ?k ) ) ( true ( white ?p ?c ) ) ), ( <= ( next ( control x ) ) ( does o ( mark ?j ?k ) ) ( true ( control o ) ) ), ( <= ( next ( control o ) ) ( does x ( mark ?j ?k ) ) ( true ( control x ) ) ), ( <= ( next ( control ?p ) ) ( does ?p ( block ?j ?k ) ) ( true ( control ?p ) ) ), ( <= ( square ?x1 ?y1 ?x1 ?y2 ?x2 ?y1 ?x2 ?y2 ) ( ncol ?y1 ?y2 ) ( nrow ?x1 ?x2 ) ), ( <= ( square ?x1 ?y1 ?x1 ?y2 ?x2 ?y1 ?x2 ?y2 ) ( ncol ?y3 ?y2 ) ( nrow ?x3 ?x2 ) ( square ?x1 ?y1 ?x1 ?y3 ?x3 ?y1 ?x3 ?y3 ) ), ( <= ( square ?x1 ?y1 ?x2 ?y2 ?x3 ?y3 ?x4 ?y4 ) ( prow ?x2p ?x2 ) ( ncol ?y3n ?y3 ) ( prow ?x4p ?x4 ) ( ncol ?y4n ?y4 ) ( square ?x1 ?y1 ?x2p ?y2 ?x3 ?y3n ?x4p ?y4n ) ), ( <= win ( true ( cell ?x1 ?y1 x ) ) ( true ( cell ?x2 ?y2 x ) ) ( true ( cell ?x3 ?y3 x ) ) ( true ( cell ?x4 ?y4 x ) ) ( square ?x1 ?y1 ?x2 ?y2 ?x3 ?y3 ?x4 ?y4 ) ), ( <= lose ( true ( cell ?x1 ?y1 o ) ) ( true ( cell ?x2 ?y2 o ) ) ( true ( cell ?x3 ?y3 o ) ) ( true ( cell ?x4 ?y4 o ) ) ( square ?x1 ?y1 ?x2 ?y2 ?x3 ?y3 ?x4 ?y4 ) ), ( <= winByOpenQuad ( not lose ) ( not open ) ( true ( cell ?x1 ?y1 x ) ) ( true ( cell ?x2 ?y2 x ) ) ( true ( cell ?x3 ?y3 x ) ) ( true ( cell ?x4 ?y4 b ) ) ( square ?x1 ?y1 ?x2 ?y2 ?x3 ?y3 ?x4 ?y4 ) ), ( <= winByOpenQuad ( not lose ) ( not open ) ( true ( cell ?x1 ?y1 x ) ) ( true ( cell ?x2 ?y2 b ) ) ( true ( cell ?x3 ?y3 x ) ) ( true ( cell ?x4 ?y4 x ) ) ( square ?x1 ?y1 ?x2 ?y2 ?x3 ?y3 ?x4 ?y4 ) ), ( <= winByOpenQuad ( not lose ) ( not open ) ( true ( cell ?x1 ?y1 x ) ) ( true ( cell ?x2 ?y2 x ) ) ( true ( cell ?x3 ?y3 b ) ) ( true ( cell ?x4 ?y4 x ) ) ( square ?x1 ?y1 ?x2 ?y2 ?x3 ?y3 ?x4 ?y4 ) ), ( <= winByOpenQuad ( not lose ) ( not open ) ( true ( cell ?x1 ?y1 b ) ) ( true ( cell ?x2 ?y2 x ) ) ( true ( cell ?x3 ?y3 x ) ) ( true ( cell ?x4 ?y4 x ) ) ( square ?x1 ?y1 ?x2 ?y2 ?x3 ?y3 ?x4 ?y4 ) ), ( <= open ( true ( quad ?p ?c ) ) ( distinct ?c 0 ) ), ( <= ( more ?x 0 ) ( succ ?y ?x ) ), ( <= ( more ?x ?y ) ( succ ?x1 ?x ) ( succ ?y1 ?y ) ( more ?x1 ?y1 ) ), ( <= morewhite ( true ( white x ?a ) ) ( true ( white o ?b ) ) ( more ?a ?b ) ), ( <= lesswhite ( true ( white x ?a ) ) ( true ( white o ?b ) ) ( more ?b ?a ) ), ( <= equalwhite ( true ( white x ?a ) ) ( true ( white o ?a ) ) ), ( <= ( goal x 100 ) win ), ( <= ( goal x 95 ) ( not win ) winByOpenQuad ), ( <= ( goal x 90 ) ( not win ) ( not winByOpenQuad ) ( not lose ) ( not open ) morewhite ), ( <= ( goal x 50 ) ( not win ) ( not winByOpenQuad ) ( not lose ) ( not open ) equalwhite ), ( <= ( goal x 10 ) ( not win ) ( not winByOpenQuad ) ( not lose ) ( not open ) lesswhite ), ( <= ( goal x 0 ) lose ), ( <= ( goal o 100 ) lose ), ( <= ( goal o 90 ) ( not win ) ( not winByOpenQuad ) ( not lose ) ( not open ) lesswhite ), ( <= ( goal o 50 ) ( not win ) ( not winByOpenQuad ) ( not lose ) ( not open ) equalwhite ), ( <= ( goal o 10 ) ( not win ) ( not winByOpenQuad ) ( not lose ) ( not open ) morewhite ), ( <= ( goal o 5 ) ( not win ) winByOpenQuad ), ( <= ( goal o 0 ) win ), ( <= terminal win ), ( <= terminal lose ), ( <= terminal ( not open ) )]
LOG 1641844470482 [L3]: Start clock: 15
LOG 1641844470482 [L3]: Play clock: 10
LOG 1641844476102 [L0]: [Sent at 1641844476102] ready
LOG 1641844476103 [L0]: [Received at 1641844476103] ( PLAY 21.quad_7x7.1641844464453 NIL )
LOG 1641844476105 [L0]: [Sent at 1641844476105] noop
LOG 1641844476108 [L0]: [Received at 1641844476108] ( PLAY 21.quad_7x7.1641844464453 (( mark r5 c7 ) noop ) )
LOG 1641844476109 [L0]: [Sent at 1641844476109] ( block r4 c4 )
LOG 1641844476112 [L0]: [Received at 1641844476112] ( PLAY 21.quad_7x7.1641844464453 (noop ( block r4 c4 ) ) )
LOG 1641844476120 [L0]: [Sent at 1641844476120] ( block r6 c1 )
LOG 1641844476121 [L0]: [Received at 1641844476121] ( PLAY 21.quad_7x7.1641844464453 (noop ( block r6 c1 ) ) )
LOG 1641844476123 [L0]: [Sent at 1641844476123] ( mark r3 c6 )
LOG 1641844476125 [L0]: [Received at 1641844476125] ( PLAY 21.quad_7x7.1641844464453 (noop ( mark r3 c6 ) ) )
LOG 1641844476126 [L0]: [Sent at 1641844476126] noop
LOG 1641844476128 [L0]: [Received at 1641844476128] ( PLAY 21.quad_7x7.1641844464453 (( block r1 c6 ) noop ) )
LOG 1641844476129 [L0]: [Sent at 1641844476129] noop
LOG 1641844476131 [L0]: [Received at 1641844476131] ( PLAY 21.quad_7x7.1641844464453 (( block r5 c3 ) noop ) )
LOG 1641844476132 [L0]: [Sent at 1641844476132] noop
LOG 1641844476135 [L0]: [Received at 1641844476135] ( PLAY 21.quad_7x7.1641844464453 (( mark r1 c3 ) noop ) )
LOG 1641844476137 [L0]: [Sent at 1641844476137] ( mark r5 c5 )
LOG 1641844476140 [L0]: [Received at 1641844476140] ( PLAY 21.quad_7x7.1641844464453 (noop ( mark r5 c5 ) ) )
LOG 1641844476142 [L0]: [Sent at 1641844476142] noop
LOG 1641844476144 [L0]: [Received at 1641844476144] ( PLAY 21.quad_7x7.1641844464453 (( block r2 c4 ) noop ) )
LOG 1641844476145 [L0]: [Sent at 1641844476145] noop
LOG 1641844476147 [L0]: [Received at 1641844476147] ( PLAY 21.quad_7x7.1641844464453 (( block r1 c5 ) noop ) )
LOG 1641844476149 [L0]: [Sent at 1641844476149] noop
LOG 1641844476151 [L0]: [Received at 1641844476151] ( PLAY 21.quad_7x7.1641844464453 (( block r5 c6 ) noop ) )
LOG 1641844476152 [L0]: [Sent at 1641844476152] noop
LOG 1641844476160 [L0]: [Received at 1641844476160] ( PLAY 21.quad_7x7.1641844464453 (( mark r4 c7 ) noop ) )
LOG 1641844476161 [L0]: [Sent at 1641844476161] ( block r4 c2 )
LOG 1641844476163 [L0]: [Received at 1641844476163] ( PLAY 21.quad_7x7.1641844464453 (noop ( block r4 c2 ) ) )
LOG 1641844476164 [L0]: [Sent at 1641844476164] ( block r2 c1 )
LOG 1641844476166 [L0]: [Received at 1641844476166] ( PLAY 21.quad_7x7.1641844464453 (noop ( block r2 c1 ) ) )
LOG 1641844476168 [L0]: [Sent at 1641844476168] ( block r5 c4 )
LOG 1641844476169 [L0]: [Received at 1641844476169] ( PLAY 21.quad_7x7.1641844464453 (noop ( block r5 c4 ) ) )
LOG 1641844476171 [L0]: [Sent at 1641844476171] ( mark r4 c1 )
LOG 1641844476175 [L0]: [Received at 1641844476175] ( PLAY 21.quad_7x7.1641844464453 (noop ( mark r4 c1 ) ) )
LOG 1641844476176 [L0]: [Sent at 1641844476176] noop
LOG 1641844476191 [L0]: [Received at 1641844476191] ( PLAY 21.quad_7x7.1641844464453 (( mark r4 c3 ) noop ) )
LOG 1641844476192 [L0]: [Sent at 1641844476192] ( mark r4 c6 )
LOG 1641844476206 [L0]: [Received at 1641844476206] ( PLAY 21.quad_7x7.1641844464453 (noop ( mark r4 c6 ) ) )
LOG 1641844476208 [L0]: [Sent at 1641844476208] noop
LOG 1641844478838 [L0]: [Received at 1641844478838] ( PLAY 21.quad_7x7.1641844464453 (( mark r6 c6 ) noop ) )
LOG 1641844478839 [L0]: [Sent at 1641844478839] ( mark r6 c7 )
LOG 1641844478859 [L0]: [Received at 1641844478859] ( PLAY 21.quad_7x7.1641844464453 (noop ( mark r6 c7 ) ) )
LOG 1641844478860 [L0]: [Sent at 1641844478860] noop
LOG 1641844478909 [L0]: [Received at 1641844478909] ( PLAY 21.quad_7x7.1641844464453 (( mark r1 c4 ) noop ) )
LOG 1641844478910 [L0]: [Sent at 1641844478910] ( mark r2 c5 )
LOG 1641844478961 [L0]: [Received at 1641844478961] ( PLAY 21.quad_7x7.1641844464453 (noop ( mark r2 c5 ) ) )
LOG 1641844478962 [L0]: [Sent at 1641844478962] noop
LOG 1641844479041 [L0]: [Received at 1641844479041] ( PLAY 21.quad_7x7.1641844464453 (( mark r4 c5 ) noop ) )
LOG 1641844479042 [L0]: [Sent at 1641844479042] ( mark r2 c3 )
LOG 1641844479112 [L0]: [Received at 1641844479112] ( PLAY 21.quad_7x7.1641844464453 (noop ( mark r2 c3 ) ) )
LOG 1641844479114 [L0]: [Sent at 1641844479114] noop
LOG 1641844481821 [L0]: [Received at 1641844481821] ( PLAY 21.quad_7x7.1641844464453 (( mark r3 c4 ) noop ) )
LOG 1641844481823 [L0]: [Sent at 1641844481823] ( mark r3 c5 )
LOG 1641844481946 [L0]: [Received at 1641844481946] ( PLAY 21.quad_7x7.1641844464453 (noop ( mark r3 c5 ) ) )
LOG 1641844481947 [L0]: [Sent at 1641844481947] noop
LOG 1641844484702 [L0]: [Received at 1641844484702] ( PLAY 21.quad_7x7.1641844464453 (( mark r5 c2 ) noop ) )
LOG 1641844484703 [L0]: [Sent at 1641844484703] ( mark r2 c2 )
LOG 1641844484843 [L0]: [Received at 1641844484843] ( PLAY 21.quad_7x7.1641844464453 (noop ( mark r2 c2 ) ) )
LOG 1641844484844 [L0]: [Sent at 1641844484844] noop
LOG 1641844487726 [L0]: [Received at 1641844487726] ( PLAY 21.quad_7x7.1641844464453 (( mark r2 c6 ) noop ) )
LOG 1641844487727 [L0]: [Sent at 1641844487727] ( mark r5 c1 )
LOG 1641844487867 [L0]: [Received at 1641844487867] ( PLAY 21.quad_7x7.1641844464453 (noop ( mark r5 c1 ) ) )
LOG 1641844487869 [L0]: [Sent at 1641844487869] noop
LOG 1641844490770 [L0]: [Received at 1641844490770] ( PLAY 21.quad_7x7.1641844464453 (( mark r6 c2 ) noop ) )
LOG 1641844490772 [L0]: [Sent at 1641844490772] ( mark r6 c3 )
LOG 1641844493617 [L0]: [Received at 1641844493617] ( PLAY 21.quad_7x7.1641844464453 (noop ( mark r6 c3 ) ) )
LOG 1641844493618 [L0]: [Sent at 1641844493618] noop
LOG 1641844496592 [L0]: [Received at 1641844496592] ( PLAY 21.quad_7x7.1641844464453 (( mark r1 c2 ) noop ) )
LOG 1641844496593 [L0]: [Sent at 1641844496593] ( mark r3 c1 )
LOG 1641844692875 [L0]: [Received at 1641844692875] ( STOP 21.quad_7x7.1641844464453 (noop ( mark r3 c1 ) ) )
LOG 1641844692876 [L3]: Stopped logging to files at: Mon Jan 10 20:58:12 CET 2022
LOG 1641844692877 [L3]: LOG SEALED
