LOG 1641833500245 [L3]: Returning initial state machine.
LOG 1641833500245 [L3]: Returning PropNet state machine without cache.
LOG 1641833500247 [L3]: Starting metagame with available thinking time 4993ms.
LOG 1641833500249 [L3]: Starting search during metagame.
LOG 1641833505240 [L3]: Done searching during metagame.
LOG 1641833505243 [L3]: Starting move selection for game step 1 with available time 0ms.
LOG 1641833505244 [L3]: No time to select next move using MCTS. Returning random move ( drop 7 ).
LOG 1641833505247 [L3]: Starting move selection for game step 2 with available time 0ms.
LOG 1641833505252 [L3]: No time to select next move using MCTS. Returning random move noop.
LOG 1641833505255 [L3]: Starting move selection for game step 3 with available time 0ms.
LOG 1641833505266 [L3]: No time to select next move using MCTS. Returning random move ( drop 1 ).
LOG 1641833505270 [L3]: Starting move selection for game step 4 with available time 0ms.
LOG 1641833505278 [L3]: No time to select next move using MCTS. Returning random move noop.
LOG 1641833505282 [L3]: Starting move selection for game step 5 with available time 0ms.
LOG 1641833505282 [L3]: No time to select next move using MCTS. Returning random move ( drop 1 ).
LOG 1641833505285 [L3]: Starting move selection for game step 6 with available time 0ms.
LOG 1641833505285 [L3]: No time to select next move using MCTS. Returning random move noop.
LOG 1641833505289 [L3]: Starting move selection for game step 7 with available time 0ms.
LOG 1641833505289 [L3]: No time to select next move using MCTS. Returning random move ( drop 1 ).
LOG 1641833505294 [L3]: Starting move selection for game step 8 with available time 0ms.
LOG 1641833505294 [L3]: No time to select next move using MCTS. Returning random move noop.
LOG 1641833505299 [L3]: Starting move selection for game step 9 with available time 0ms.
LOG 1641833505300 [L3]: No time to select next move using MCTS. Returning random move ( drop 5 ).
LOG 1641833505304 [L3]: Starting move selection for game step 10 with available time 0ms.
LOG 1641833505304 [L3]: No time to select next move using MCTS. Returning random move noop.
LOG 1641833505311 [L3]: Starting move selection for game step 11 with available time 0ms.
LOG 1641833505311 [L3]: No time to select next move using MCTS. Returning random move ( drop 6 ).
LOG 1641833505315 [L3]: Starting move selection for game step 12 with available time 0ms.
LOG 1641833505315 [L3]: No time to select next move using MCTS. Returning random move noop.
LOG 1641833505319 [L3]: Starting move selection for game step 13 with available time 0ms.
LOG 1641833505319 [L3]: No time to select next move using MCTS. Returning random move ( drop 5 ).
LOG 1641833505322 [L3]: Starting move selection for game step 14 with available time 0ms.
LOG 1641833505322 [L3]: No time to select next move using MCTS. Returning random move noop.
LOG 1641833505327 [L3]: Starting move selection for game step 15 with available time 0ms.
LOG 1641833505327 [L3]: No time to select next move using MCTS. Returning random move ( drop 4 ).
LOG 1641833505331 [L3]: Starting move selection for game step 16 with available time 0ms.
LOG 1641833505331 [L3]: No time to select next move using MCTS. Returning random move noop.
LOG 1641833505335 [L3]: Starting move selection for game step 17 with available time 0ms.
LOG 1641833505335 [L3]: No time to select next move using MCTS. Returning random move ( drop 3 ).
LOG 1641833505339 [L3]: Starting move selection for game step 18 with available time 0ms.
LOG 1641833505339 [L3]: No time to select next move using MCTS. Returning random move noop.
LOG 1641833505343 [L3]: Starting move selection for game step 19 with available time 0ms.
LOG 1641833505343 [L3]: No time to select next move using MCTS. Returning random move ( drop 4 ).
LOG 1641833505347 [L3]: Starting move selection for game step 20 with available time 0ms.
LOG 1641833505347 [L3]: No time to select next move using MCTS. Returning random move noop.
LOG 1641833505361 [L3]: Starting move selection for game step 21 with available time 0ms.
LOG 1641833505361 [L3]: No time to select next move using MCTS. Returning random move ( drop 4 ).
LOG 1641833505365 [L3]: Starting move selection for game step 22 with available time 0ms.
LOG 1641833505366 [L3]: No time to select next move using MCTS. Returning random move noop.
LOG 1641833505371 [L3]: Starting move selection for game step 23 with available time 0ms.
LOG 1641833505371 [L3]: No time to select next move using MCTS. Returning random move ( drop 6 ).
LOG 1641833505376 [L3]: Starting move selection for game step 24 with available time 0ms.
LOG 1641833505377 [L3]: No time to select next move using MCTS. Returning random move noop.
LOG 1641833505382 [L3]: Starting move selection for game step 25 with available time 0ms.
LOG 1641833505383 [L3]: No time to select next move using MCTS. Returning random move ( drop 2 ).
LOG 1641833505388 [L3]: Starting move selection for game step 26 with available time 0ms.
LOG 1641833505388 [L3]: No time to select next move using MCTS. Returning random move noop.
LOG 1641833505393 [L3]: Starting move selection for game step 27 with available time 0ms.
LOG 1641833505393 [L3]: No time to select next move using MCTS. Returning random move ( drop 2 ).
LOG 1641833505397 [L3]: Starting move selection for game step 28 with available time 0ms.
LOG 1641833505397 [L3]: No time to select next move using MCTS. Returning random move noop.
