LOG 1641901508031 [L3]: Returning initial state machine.
LOG 1641901508032 [L3]: Returning PropNet state machine without cache.
LOG 1641901508032 [L3]: Starting metagame with available thinking time 4996ms.
LOG 1641901508035 [L3]: Starting search during metagame.
LOG 1641901513028 [L3]: Done searching during metagame.
LOG 1641901513031 [L3]: Starting move selection for game step 1 with available time 10000ms.
LOG 1641901513031 [L3]: Selecting move using MCTS.
LOG 1641901523031 [L3]: Returning MCTS move ( drop 4 ).
LOG 1641901523034 [L3]: Starting move selection for game step 2 with available time 10000ms.
LOG 1641901523039 [L3]: Selecting move using MCTS.
LOG 1641901533034 [L3]: Returning MCTS move noop.
LOG 1641901533037 [L3]: Starting move selection for game step 3 with available time 10000ms.
LOG 1641901533054 [L3]: Selecting move using MCTS.
LOG 1641901543037 [L3]: Returning MCTS move ( drop 4 ).
LOG 1641901543046 [L3]: Starting move selection for game step 4 with available time 10000ms.
LOG 1641901543064 [L3]: Selecting move using MCTS.
LOG 1641901553046 [L3]: Returning MCTS move noop.
LOG 1641901553049 [L3]: Starting move selection for game step 5 with available time 10000ms.
LOG 1641901553070 [L3]: Selecting move using MCTS.
LOG 1641901563049 [L3]: Returning MCTS move ( drop 6 ).
LOG 1641901563053 [L3]: Starting move selection for game step 6 with available time 10000ms.
LOG 1641901563071 [L3]: Selecting move using MCTS.
LOG 1641901573053 [L3]: Returning MCTS move noop.
LOG 1641901573057 [L3]: Starting move selection for game step 7 with available time 10000ms.
LOG 1641901573081 [L3]: Selecting move using MCTS.
LOG 1641901583057 [L3]: Returning MCTS move ( drop 4 ).
LOG 1641901583060 [L3]: Starting move selection for game step 8 with available time 10000ms.
LOG 1641901583083 [L3]: Selecting move using MCTS.
LOG 1641901593060 [L3]: Returning MCTS move noop.
LOG 1641901593064 [L3]: Starting move selection for game step 9 with available time 9999ms.
LOG 1641901593090 [L3]: Selecting move using MCTS.
LOG 1641901603063 [L3]: Returning MCTS move ( drop 3 ).
LOG 1641901603066 [L3]: Starting move selection for game step 10 with available time 10000ms.
LOG 1641901603091 [L3]: Selecting move using MCTS.
LOG 1641901613066 [L3]: Returning MCTS move noop.
LOG 1641901613069 [L3]: Starting move selection for game step 11 with available time 10000ms.
LOG 1641901613090 [L3]: Selecting move using MCTS.
LOG 1641901623069 [L3]: Returning MCTS move ( drop 1 ).
LOG 1641901623073 [L3]: Starting move selection for game step 12 with available time 10000ms.
LOG 1641901623096 [L3]: Selecting move using MCTS.
LOG 1641901633073 [L3]: Returning MCTS move noop.
LOG 1641901633076 [L3]: Starting move selection for game step 13 with available time 10000ms.
LOG 1641901633095 [L3]: Selecting move using MCTS.
LOG 1641901643076 [L3]: Returning MCTS move ( drop 1 ).
LOG 1641901643079 [L3]: Starting move selection for game step 14 with available time 10000ms.
LOG 1641901643103 [L3]: Selecting move using MCTS.
LOG 1641901653079 [L3]: Returning MCTS move noop.
LOG 1641901653082 [L3]: Starting move selection for game step 15 with available time 10000ms.
LOG 1641901653108 [L3]: Selecting move using MCTS.
LOG 1641901663082 [L3]: Returning MCTS move ( drop 6 ).
LOG 1641901663107 [L3]: Starting move selection for game step 16 with available time 10000ms.
LOG 1641901663135 [L3]: Selecting move using MCTS.
LOG 1641901673107 [L3]: Returning MCTS move noop.
LOG 1641901673110 [L3]: Starting move selection for game step 17 with available time 10000ms.
LOG 1641901673137 [L3]: Selecting move using MCTS.
LOG 1641901683110 [L3]: Returning MCTS move ( drop 1 ).
LOG 1641901683114 [L3]: Starting move selection for game step 18 with available time 10000ms.
LOG 1641901683141 [L3]: Selecting move using MCTS.
LOG 1641901693114 [L3]: Returning MCTS move noop.
LOG 1641901693117 [L3]: Starting move selection for game step 19 with available time 10000ms.
LOG 1641901693145 [L3]: Selecting move using MCTS.
LOG 1641901703117 [L3]: Returning MCTS move ( drop 3 ).
LOG 1641901703120 [L3]: Starting move selection for game step 20 with available time 10000ms.
LOG 1641901703135 [L3]: Selecting move using MCTS.
LOG 1641901713120 [L3]: Returning MCTS move noop.
LOG 1641901713123 [L3]: Starting move selection for game step 21 with available time 10000ms.
LOG 1641901713137 [L3]: Selecting move using MCTS.
LOG 1641901723123 [L3]: Returning MCTS move ( drop 6 ).
LOG 1641901723126 [L3]: Starting move selection for game step 22 with available time 10000ms.
LOG 1641901723134 [L3]: Selecting move using MCTS.
LOG 1641901733126 [L3]: Returning MCTS move noop.
LOG 1641901733129 [L3]: Starting move selection for game step 23 with available time 10000ms.
LOG 1641901733138 [L3]: Selecting move using MCTS.
LOG 1641901743129 [L3]: Returning MCTS move ( drop 6 ).
LOG 1641901743132 [L3]: Starting move selection for game step 24 with available time 10000ms.
LOG 1641901743135 [L3]: Selecting move using MCTS.
LOG 1641901753132 [L3]: Returning MCTS move noop.
LOG 1641901753135 [L3]: Starting move selection for game step 25 with available time 10000ms.
LOG 1641901753138 [L3]: Selecting move using MCTS.
LOG 1641901763135 [L3]: Returning MCTS move ( drop 2 ).
LOG 1641901763138 [L3]: Starting move selection for game step 26 with available time 10000ms.
LOG 1641901763140 [L3]: Selecting move using MCTS.
LOG 1641901773138 [L3]: Returning MCTS move noop.
LOG 1641901773142 [L3]: Starting move selection for game step 27 with available time 9999ms.
LOG 1641901773144 [L3]: Selecting move using MCTS.
LOG 1641901783141 [L3]: Returning MCTS move ( drop 7 ).
LOG 1641901783144 [L3]: Starting move selection for game step 28 with available time 10000ms.
LOG 1641901783146 [L3]: Selecting move using MCTS.
LOG 1641901793144 [L3]: Returning MCTS move noop.
LOG 1641901793147 [L3]: Starting move selection for game step 29 with available time 10000ms.
LOG 1641901793149 [L3]: Selecting move using MCTS.
LOG 1641901803147 [L3]: Returning MCTS move ( drop 7 ).
LOG 1641901803151 [L3]: Starting move selection for game step 30 with available time 10000ms.
LOG 1641901803152 [L3]: Selecting move using MCTS.
LOG 1641901813151 [L3]: Returning MCTS move noop.
LOG 1641901813154 [L3]: Starting move selection for game step 31 with available time 10000ms.
LOG 1641901813156 [L3]: Selecting move using MCTS.
LOG 1641901823154 [L3]: Returning MCTS move ( drop 5 ).
LOG 1641901823157 [L3]: Starting move selection for game step 32 with available time 10000ms.
LOG 1641901823158 [L3]: Selecting move using MCTS.
LOG 1641901833157 [L3]: Returning MCTS move noop.
LOG 1641901833161 [L3]: Starting move selection for game step 33 with available time 10000ms.
LOG 1641901833162 [L3]: Selecting move using MCTS.
LOG 1641901843161 [L3]: Returning MCTS move ( drop 5 ).
