LOG 1641833814082 [L3]: Started match logging at: Mon Jan 10 17:56:54 CET 2022
LOG 1641833814084 [L3]: Game rules: [( role white ), ( role red ), ( init ( cell 1 0 dirt ) ), ( init ( cell 2 0 dirt ) ), ( init ( cell 3 0 dirt ) ), ( init ( cell 4 0 dirt ) ), ( init ( cell 5 0 dirt ) ), ( init ( cell 6 0 dirt ) ), ( init ( cell 7 0 dirt ) ), ( init ( cell 1 1 b ) ), ( init ( cell 1 2 b ) ), ( init ( cell 1 3 b ) ), ( init ( cell 1 4 b ) ), ( init ( cell 1 5 b ) ), ( init ( cell 1 6 b ) ), ( init ( cell 2 1 b ) ), ( init ( cell 2 2 b ) ), ( init ( cell 2 3 b ) ), ( init ( cell 2 4 b ) ), ( init ( cell 2 5 b ) ), ( init ( cell 2 6 b ) ), ( init ( cell 3 1 b ) ), ( init ( cell 3 2 b ) ), ( init ( cell 3 3 b ) ), ( init ( cell 3 4 b ) ), ( init ( cell 3 5 b ) ), ( init ( cell 3 6 b ) ), ( init ( cell 4 1 b ) ), ( init ( cell 4 2 b ) ), ( init ( cell 4 3 b ) ), ( init ( cell 4 4 b ) ), ( init ( cell 4 5 b ) ), ( init ( cell 4 6 b ) ), ( init ( cell 5 1 b ) ), ( init ( cell 5 2 b ) ), ( init ( cell 5 3 b ) ), ( init ( cell 5 4 b ) ), ( init ( cell 5 5 b ) ), ( init ( cell 5 6 b ) ), ( init ( cell 6 1 b ) ), ( init ( cell 6 2 b ) ), ( init ( cell 6 3 b ) ), ( init ( cell 6 4 b ) ), ( init ( cell 6 5 b ) ), ( init ( cell 6 6 b ) ), ( init ( cell 7 1 b ) ), ( init ( cell 7 2 b ) ), ( init ( cell 7 3 b ) ), ( init ( cell 7 4 b ) ), ( init ( cell 7 5 b ) ), ( init ( cell 7 6 b ) ), ( init ( control white ) ), ( <= ( empty ?c ?h ) ( true ( cell ?c ?h b ) ) ), ( <= ( filled ?c ?h ) ( true ( cell ?c ?h dirt ) ) ), ( <= ( filled ?c ?h ) ( true ( cell ?c ?h w ) ) ), ( <= ( filled ?c ?h ) ( true ( cell ?c ?h r ) ) ), ( <= ( next ( cell ?c ?h2 w ) ) ( does white ( drop ?c ) ) ( true ( cell ?c ?h2 b ) ) ( filled ?c ?h1 ) ( succ ?h1 ?h2 ) ), ( <= ( next ( cell ?c ?h2 r ) ) ( does red ( drop ?c ) ) ( true ( cell ?c ?h2 b ) ) ( filled ?c ?h1 ) ( succ ?h1 ?h2 ) ), ( <= ( next ( cell ?x ?y ?z ) ) ( true ( cell ?x ?y ?z ) ) ( distinct ?z b ) ), ( <= ( next ( cell ?c2 ?y b ) ) ( does ?w ( drop ?c1 ) ) ( true ( cell ?c2 ?y b ) ) ( distinct ?c1 ?c2 ) ), ( <= ( next ( cell ?c ?y2 b ) ) ( true ( cell ?c ?y1 b ) ) ( distinct ?y1 6 ) ( succ ?y1 ?y2 ) ), ( <= ( next ( control white ) ) ( true ( control red ) ) ), ( <= ( next ( control red ) ) ( true ( control white ) ) ), ( <= ( row ?z ) ( true ( cell ?x1 ?y ?z ) ) ( distinct ?z b ) ( distinct ?z dirt ) ( succ ?x1 ?x2 ) ( true ( cell ?x2 ?y ?z ) ) ( succ ?x2 ?x3 ) ( true ( cell ?x3 ?y ?z ) ) ( succ ?x3 ?x4 ) ( true ( cell ?x4 ?y ?z ) ) ), ( <= ( column ?z ) ( true ( cell ?x ?y1 ?z ) ) ( distinct ?z b ) ( succ ?y1 ?y2 ) ( true ( cell ?x ?y2 ?z ) ) ( succ ?y2 ?y3 ) ( true ( cell ?x ?y3 ?z ) ) ( succ ?y3 ?y4 ) ( true ( cell ?x ?y4 ?z ) ) ), ( <= ( diag ?z ) ( true ( cell ?x1 ?y1 ?z ) ) ( distinct ?z b ) ( succ ?x1 ?x2 ) ( succ ?y1 ?y2 ) ( true ( cell ?x2 ?y2 ?z ) ) ( succ ?x2 ?x3 ) ( succ ?y2 ?y3 ) ( true ( cell ?x3 ?y3 ?z ) ) ( succ ?x3 ?x4 ) ( succ ?y3 ?y4 ) ( true ( cell ?x4 ?y4 ?z ) ) ), ( <= ( diag ?z ) ( true ( cell ?x1 ?y1 ?z ) ) ( distinct ?z b ) ( succ ?x1 ?x2 ) ( succ ?y2 ?y1 ) ( true ( cell ?x2 ?y2 ?z ) ) ( succ ?x2 ?x3 ) ( succ ?y3 ?y2 ) ( true ( cell ?x3 ?y3 ?z ) ) ( succ ?x3 ?x4 ) ( succ ?y4 ?y3 ) ( true ( cell ?x4 ?y4 ?z ) ) ), ( <= ( line ?x ) ( row ?x ) ), ( <= ( line ?x ) ( column ?x ) ), ( <= ( line ?x ) ( diag ?x ) ), ( <= open ( empty ?c ?h ) ), ( <= terminal ( line r ) ), ( <= terminal ( line w ) ), ( <= terminal ( not open ) ), ( <= ( legal ?w ( drop ?c ) ) ( true ( cell ?c ?y2 b ) ) ( filled ?c ?y1 ) ( succ ?y1 ?y2 ) ( true ( control ?w ) ) ), ( <= ( legal white noop ) ( true ( control red ) ) ), ( <= ( legal red noop ) ( true ( control white ) ) ), ( <= ( goal white 100 ) ( line w ) ), ( <= ( goal white 50 ) ( not ( line r ) ) ( not ( line w ) ) ( not open ) ), ( <= ( goal white 0 ) ( line r ) ), ( <= ( goal red 100 ) ( line r ) ), ( <= ( goal red 50 ) ( not ( line r ) ) ( not ( line w ) ) ( not open ) ), ( <= ( goal red 0 ) ( line w ) ), ( <= ( goal ?w 70 ) ( role ?w ) ( not ( line r ) ) ( not ( line w ) ) open ), ( <= ( lte 0 ?x ) ( number ?x ) ), ( <= ( lte ?x ?x ) ( number ?x ) ), ( <= ( lte ?x ?z ) ( succ ?y ?z ) ( lte ?x ?y ) ), ( <= ( lte ?x ?y ) ( succ ?x ?y ) ), ( number 0 ), ( number 1 ), ( number 2 ), ( number 3 ), ( number 4 ), ( number 5 ), ( number 6 ), ( number 7 ), ( number 8 ), ( succ 0 1 ), ( succ 1 2 ), ( succ 2 3 ), ( succ 3 4 ), ( succ 4 5 ), ( succ 5 6 ), ( succ 6 7 ), ( succ 7 8 )]
LOG 1641833814085 [L3]: Start clock: 15
LOG 1641833814085 [L3]: Play clock: 10
LOG 1641833819081 [L0]: [Sent at 1641833819081] ready
LOG 1641833819083 [L0]: [Received at 1641833819083] ( PLAY 29.connect4.1641833814016 NIL )
LOG 1641833819085 [L0]: [Sent at 1641833819085] noop
LOG 1641833819086 [L0]: [Received at 1641833819086] ( PLAY 29.connect4.1641833814016 (( drop 5 ) noop ) )
LOG 1641833819093 [L0]: [Sent at 1641833819093] ( drop 6 )
LOG 1641833819095 [L0]: [Received at 1641833819095] ( PLAY 29.connect4.1641833814016 (noop ( drop 6 ) ) )
LOG 1641833819107 [L0]: [Sent at 1641833819107] noop
LOG 1641833819109 [L0]: [Received at 1641833819109] ( PLAY 29.connect4.1641833814016 (( drop 3 ) noop ) )
LOG 1641833819119 [L0]: [Sent at 1641833819119] ( drop 2 )
LOG 1641833819121 [L0]: [Received at 1641833819121] ( PLAY 29.connect4.1641833814016 (noop ( drop 2 ) ) )
LOG 1641833819122 [L0]: [Sent at 1641833819122] noop
LOG 1641833819124 [L0]: [Received at 1641833819124] ( PLAY 29.connect4.1641833814016 (( drop 1 ) noop ) )
LOG 1641833819125 [L0]: [Sent at 1641833819125] ( drop 2 )
LOG 1641833819129 [L0]: [Received at 1641833819129] ( PLAY 29.connect4.1641833814016 (noop ( drop 2 ) ) )
LOG 1641833819130 [L0]: [Sent at 1641833819130] noop
LOG 1641833819132 [L0]: [Received at 1641833819132] ( PLAY 29.connect4.1641833814016 (( drop 7 ) noop ) )
LOG 1641833819133 [L0]: [Sent at 1641833819133] ( drop 6 )
LOG 1641833819135 [L0]: [Received at 1641833819135] ( PLAY 29.connect4.1641833814016 (noop ( drop 6 ) ) )
LOG 1641833819137 [L0]: [Sent at 1641833819137] noop
LOG 1641833819139 [L0]: [Received at 1641833819139] ( PLAY 29.connect4.1641833814016 (( drop 6 ) noop ) )
LOG 1641833819140 [L0]: [Sent at 1641833819140] ( drop 4 )
LOG 1641833819142 [L0]: [Received at 1641833819142] ( PLAY 29.connect4.1641833814016 (noop ( drop 4 ) ) )
LOG 1641833819143 [L0]: [Sent at 1641833819143] noop
LOG 1641833819147 [L0]: [Received at 1641833819147] ( PLAY 29.connect4.1641833814016 (( drop 3 ) noop ) )
LOG 1641833819148 [L0]: [Sent at 1641833819148] ( drop 4 )
LOG 1641833819150 [L0]: [Received at 1641833819150] ( PLAY 29.connect4.1641833814016 (noop ( drop 4 ) ) )
LOG 1641833819151 [L0]: [Sent at 1641833819151] noop
LOG 1641833819153 [L0]: [Received at 1641833819153] ( PLAY 29.connect4.1641833814016 (( drop 6 ) noop ) )
LOG 1641833819155 [L0]: [Sent at 1641833819155] ( drop 4 )
LOG 1641833819157 [L0]: [Received at 1641833819157] ( PLAY 29.connect4.1641833814016 (noop ( drop 4 ) ) )
LOG 1641833819158 [L0]: [Sent at 1641833819158] noop
LOG 1641833819161 [L0]: [Received at 1641833819161] ( PLAY 29.connect4.1641833814016 (( drop 1 ) noop ) )
LOG 1641833819162 [L0]: [Sent at 1641833819162] ( drop 2 )
LOG 1641833819164 [L0]: [Received at 1641833819164] ( PLAY 29.connect4.1641833814016 (noop ( drop 2 ) ) )
LOG 1641833819166 [L0]: [Sent at 1641833819166] noop
LOG 1641833819168 [L0]: [Received at 1641833819168] ( PLAY 29.connect4.1641833814016 (( drop 5 ) noop ) )
LOG 1641833819169 [L0]: [Sent at 1641833819169] ( drop 6 )
LOG 1641833819171 [L0]: [Received at 1641833819171] ( PLAY 29.connect4.1641833814016 (noop ( drop 6 ) ) )
LOG 1641833819173 [L0]: [Sent at 1641833819173] noop
LOG 1641833819175 [L0]: [Received at 1641833819175] ( PLAY 29.connect4.1641833814016 (( drop 2 ) noop ) )
LOG 1641833819176 [L0]: [Sent at 1641833819176] ( drop 5 )
LOG 1641833819179 [L0]: [Received at 1641833819179] ( PLAY 29.connect4.1641833814016 (noop ( drop 5 ) ) )
LOG 1641833819180 [L0]: [Sent at 1641833819180] noop
LOG 1641833819183 [L0]: [Received at 1641833819183] ( PLAY 29.connect4.1641833814016 (( drop 1 ) noop ) )
LOG 1641833819184 [L0]: [Sent at 1641833819184] ( drop 4 )
LOG 1641833819188 [L0]: [Received at 1641833819188] ( STOP 29.connect4.1641833814016 (noop ( drop 4 ) ) )
LOG 1641833819189 [L3]: Stopped logging to files at: Mon Jan 10 17:56:59 CET 2022
LOG 1641833819190 [L3]: LOG SEALED
