LOG 1641835183016 [L3]: Returning initial state machine.
LOG 1641835183017 [L3]: Returning PropNet state machine without cache.
LOG 1641835183018 [L3]: Starting metagame with available thinking time 4990ms.
LOG 1641835183019 [L3]: Starting search during metagame.
LOG 1641835188035 [L3]: Done searching during metagame.
LOG 1641835188039 [L3]: Starting move selection for game step 1 with available time 0ms.
LOG 1641835188039 [L3]: No time to select next move using MCTS. Returning random move noop.
LOG 1641835188043 [L3]: Starting move selection for game step 2 with available time 0ms.
LOG 1641835188046 [L3]: No time to select next move using MCTS. Returning random move ( move 5 7 6 6 ).
LOG 1641835188054 [L3]: Starting move selection for game step 3 with available time 0ms.
LOG 1641835188057 [L3]: No time to select next move using MCTS. Returning random move noop.
LOG 1641835188061 [L3]: Starting move selection for game step 4 with available time 0ms.
LOG 1641835188066 [L3]: No time to select next move using MCTS. Returning random move ( move 4 7 4 6 ).
LOG 1641835188070 [L3]: Starting move selection for game step 5 with available time 0ms.
LOG 1641835188070 [L3]: No time to select next move using MCTS. Returning random move noop.
LOG 1641835188074 [L3]: Starting move selection for game step 6 with available time 0ms.
LOG 1641835188075 [L3]: No time to select next move using MCTS. Returning random move ( move 5 8 5 7 ).
LOG 1641835188078 [L3]: Starting move selection for game step 7 with available time 0ms.
LOG 1641835188079 [L3]: No time to select next move using MCTS. Returning random move noop.
LOG 1641835188084 [L3]: Starting move selection for game step 8 with available time 0ms.
LOG 1641835188084 [L3]: No time to select next move using MCTS. Returning random move ( move 6 6 7 5 ).
LOG 1641835188088 [L3]: Starting move selection for game step 9 with available time 0ms.
LOG 1641835188088 [L3]: No time to select next move using MCTS. Returning random move noop.
LOG 1641835188091 [L3]: Starting move selection for game step 10 with available time 0ms.
LOG 1641835188092 [L3]: No time to select next move using MCTS. Returning random move ( move 3 7 3 6 ).
LOG 1641835188096 [L3]: Starting move selection for game step 11 with available time 0ms.
LOG 1641835188096 [L3]: No time to select next move using MCTS. Returning random move noop.
LOG 1641835188101 [L3]: Starting move selection for game step 12 with available time -1ms.
LOG 1641835188101 [L3]: No time to select next move using MCTS. Returning random move ( move 7 5 8 4 ).
LOG 1641835188104 [L3]: Starting move selection for game step 13 with available time 0ms.
LOG 1641835188104 [L3]: No time to select next move using MCTS. Returning random move noop.
LOG 1641835188108 [L3]: Starting move selection for game step 14 with available time 0ms.
LOG 1641835188108 [L3]: No time to select next move using MCTS. Returning random move ( move 3 8 3 7 ).
LOG 1641835188112 [L3]: Starting move selection for game step 15 with available time 0ms.
LOG 1641835188112 [L3]: No time to select next move using MCTS. Returning random move noop.
LOG 1641835188116 [L3]: Starting move selection for game step 16 with available time 0ms.
LOG 1641835188116 [L3]: No time to select next move using MCTS. Returning random move ( move 6 7 7 6 ).
LOG 1641835188120 [L3]: Starting move selection for game step 17 with available time 0ms.
LOG 1641835188120 [L3]: No time to select next move using MCTS. Returning random move noop.
LOG 1641835188124 [L3]: Starting move selection for game step 18 with available time 0ms.
LOG 1641835188124 [L3]: No time to select next move using MCTS. Returning random move ( move 8 7 8 6 ).
LOG 1641835188128 [L3]: Starting move selection for game step 19 with available time 0ms.
LOG 1641835188128 [L3]: No time to select next move using MCTS. Returning random move noop.
LOG 1641835188132 [L3]: Starting move selection for game step 20 with available time 0ms.
LOG 1641835188132 [L3]: No time to select next move using MCTS. Returning random move ( move 7 8 8 7 ).
LOG 1641835188136 [L3]: Starting move selection for game step 21 with available time 0ms.
LOG 1641835188136 [L3]: No time to select next move using MCTS. Returning random move noop.
LOG 1641835188139 [L3]: Starting move selection for game step 22 with available time 0ms.
LOG 1641835188140 [L3]: No time to select next move using MCTS. Returning random move ( move 4 8 4 7 ).
LOG 1641835188144 [L3]: Starting move selection for game step 23 with available time 0ms.
LOG 1641835188144 [L3]: No time to select next move using MCTS. Returning random move noop.
LOG 1641835188148 [L3]: Starting move selection for game step 24 with available time 0ms.
LOG 1641835188148 [L3]: No time to select next move using MCTS. Returning random move ( move 3 6 3 5 ).
LOG 1641835188152 [L3]: Starting move selection for game step 25 with available time 0ms.
LOG 1641835188152 [L3]: No time to select next move using MCTS. Returning random move noop.
LOG 1641835188156 [L3]: Starting move selection for game step 26 with available time 0ms.
LOG 1641835188156 [L3]: No time to select next move using MCTS. Returning random move ( move 2 7 1 6 ).
LOG 1641835188160 [L3]: Starting move selection for game step 27 with available time 0ms.
LOG 1641835188161 [L3]: No time to select next move using MCTS. Returning random move noop.
LOG 1641835188164 [L3]: Starting move selection for game step 28 with available time 0ms.
LOG 1641835188164 [L3]: No time to select next move using MCTS. Returning random move ( move 8 6 8 5 ).
LOG 1641835188168 [L3]: Starting move selection for game step 29 with available time 0ms.
LOG 1641835188168 [L3]: No time to select next move using MCTS. Returning random move noop.
LOG 1641835188172 [L3]: Starting move selection for game step 30 with available time 0ms.
LOG 1641835188172 [L3]: No time to select next move using MCTS. Returning random move ( move 8 7 8 6 ).
LOG 1641835188175 [L3]: Starting move selection for game step 31 with available time 0ms.
LOG 1641835188176 [L3]: No time to select next move using MCTS. Returning random move noop.
LOG 1641835188181 [L3]: Starting move selection for game step 32 with available time 0ms.
LOG 1641835188181 [L3]: No time to select next move using MCTS. Returning random move ( move 3 5 4 4 ).
LOG 1641835188184 [L3]: Starting move selection for game step 33 with available time 0ms.
LOG 1641835188185 [L3]: No time to select next move using MCTS. Returning random move noop.
LOG 1641835188189 [L3]: Starting move selection for game step 34 with available time 0ms.
LOG 1641835188189 [L3]: No time to select next move using MCTS. Returning random move ( move 8 8 8 7 ).
LOG 1641835188193 [L3]: Starting move selection for game step 35 with available time 0ms.
LOG 1641835188193 [L3]: No time to select next move using MCTS. Returning random move noop.
LOG 1641835188198 [L3]: Starting move selection for game step 36 with available time 0ms.
LOG 1641835188198 [L3]: No time to select next move using MCTS. Returning random move ( move 3 7 2 6 ).
LOG 1641835188202 [L3]: Starting move selection for game step 37 with available time 0ms.
LOG 1641835188203 [L3]: No time to select next move using MCTS. Returning random move noop.
LOG 1641835188206 [L3]: Starting move selection for game step 38 with available time 0ms.
LOG 1641835188207 [L3]: No time to select next move using MCTS. Returning random move ( move 8 6 7 5 ).
LOG 1641835188210 [L3]: Starting move selection for game step 39 with available time 0ms.
LOG 1641835188210 [L3]: No time to select next move using MCTS. Returning random move noop.
LOG 1641835188214 [L3]: Starting move selection for game step 40 with available time 0ms.
LOG 1641835188214 [L3]: No time to select next move using MCTS. Returning random move ( move 8 4 7 3 ).
LOG 1641835188218 [L3]: Starting move selection for game step 41 with available time 0ms.
LOG 1641835188218 [L3]: No time to select next move using MCTS. Returning random move noop.
LOG 1641835188222 [L3]: Starting move selection for game step 42 with available time 0ms.
LOG 1641835188222 [L3]: No time to select next move using MCTS. Returning random move ( move 2 6 1 5 ).
LOG 1641835188226 [L3]: Starting move selection for game step 43 with available time 0ms.
LOG 1641835188227 [L3]: No time to select next move using MCTS. Returning random move noop.
LOG 1641835188230 [L3]: Starting move selection for game step 44 with available time 0ms.
LOG 1641835188230 [L3]: No time to select next move using MCTS. Returning random move ( move 7 5 7 4 ).
LOG 1641835188234 [L3]: Starting move selection for game step 45 with available time 0ms.
LOG 1641835188234 [L3]: No time to select next move using MCTS. Returning random move noop.
LOG 1641835188251 [L3]: Starting move selection for game step 46 with available time 0ms.
LOG 1641835188251 [L3]: No time to select next move using MCTS. Returning random move ( move 2 8 2 7 ).
LOG 1641835188256 [L3]: Starting move selection for game step 47 with available time 0ms.
LOG 1641835188256 [L3]: No time to select next move using MCTS. Returning random move noop.
LOG 1641835188260 [L3]: Starting move selection for game step 48 with available time 0ms.
LOG 1641835188260 [L3]: No time to select next move using MCTS. Returning random move ( move 7 3 6 2 ).
LOG 1641835188264 [L3]: Starting move selection for game step 49 with available time 0ms.
LOG 1641835188264 [L3]: No time to select next move using MCTS. Returning random move noop.
LOG 1641835188267 [L3]: Starting move selection for game step 50 with available time 0ms.
LOG 1641835188268 [L3]: No time to select next move using MCTS. Returning random move ( move 1 5 1 4 ).
LOG 1641835188271 [L3]: Starting move selection for game step 51 with available time 0ms.
LOG 1641835188271 [L3]: No time to select next move using MCTS. Returning random move noop.
LOG 1641835188275 [L3]: Starting move selection for game step 52 with available time 0ms.
LOG 1641835188276 [L3]: No time to select next move using MCTS. Returning random move ( move 5 7 6 6 ).
LOG 1641835188280 [L3]: Starting move selection for game step 53 with available time 0ms.
LOG 1641835188280 [L3]: No time to select next move using MCTS. Returning random move noop.
LOG 1641835188284 [L3]: Starting move selection for game step 54 with available time 0ms.
LOG 1641835188284 [L3]: No time to select next move using MCTS. Returning random move ( move 8 7 7 6 ).
LOG 1641835188288 [L3]: Starting move selection for game step 55 with available time 0ms.
LOG 1641835188288 [L3]: No time to select next move using MCTS. Returning random move noop.
LOG 1641835188291 [L3]: Starting move selection for game step 56 with available time 0ms.
LOG 1641835188291 [L3]: No time to select next move using MCTS. Returning random move ( move 4 4 5 3 ).
LOG 1641835188295 [L3]: Starting move selection for game step 57 with available time 0ms.
LOG 1641835188295 [L3]: No time to select next move using MCTS. Returning random move noop.
LOG 1641835188299 [L3]: Starting move selection for game step 58 with available time 0ms.
LOG 1641835188299 [L3]: No time to select next move using MCTS. Returning random move ( move 1 7 2 6 ).
LOG 1641835188303 [L3]: Starting move selection for game step 59 with available time 0ms.
LOG 1641835188303 [L3]: No time to select next move using MCTS. Returning random move noop.
LOG 1641835188307 [L3]: Starting move selection for game step 60 with available time 0ms.
LOG 1641835188307 [L3]: No time to select next move using MCTS. Returning random move ( move 7 6 7 5 ).
LOG 1641835188311 [L3]: Starting move selection for game step 61 with available time 0ms.
LOG 1641835188311 [L3]: No time to select next move using MCTS. Returning random move noop.
