LOG 1641907908843 [L3]: Returning initial state machine.
LOG 1641907908844 [L3]: Returning PropNet state machine without cache.
LOG 1641907908844 [L3]: Starting metagame with available thinking time 4990ms.
LOG 1641907908847 [L3]: Starting search during metagame.
LOG 1641907913834 [L3]: Done searching during metagame.
LOG 1641907913837 [L3]: Starting move selection for game step 1 with available time 10000ms.
LOG 1641907913837 [L3]: Selecting move using MCTS.
LOG 1641907923837 [L3]: Returning MCTS move ( drop 5 ).
LOG 1641907923840 [L3]: Starting move selection for game step 2 with available time 10000ms.
LOG 1641907923855 [L3]: Selecting move using MCTS.
LOG 1641907933840 [L3]: Returning MCTS move noop.
LOG 1641907933843 [L3]: Starting move selection for game step 3 with available time 10000ms.
LOG 1641907933870 [L3]: Selecting move using MCTS.
LOG 1641907943843 [L3]: Returning MCTS move ( drop 3 ).
LOG 1641907943853 [L3]: Starting move selection for game step 4 with available time 10000ms.
LOG 1641907943890 [L3]: Selecting move using MCTS.
LOG 1641907953853 [L3]: Returning MCTS move noop.
LOG 1641907953856 [L3]: Starting move selection for game step 5 with available time 10000ms.
LOG 1641907953887 [L3]: Selecting move using MCTS.
LOG 1641907963856 [L3]: Returning MCTS move ( drop 5 ).
LOG 1641907963859 [L3]: Starting move selection for game step 6 with available time 10000ms.
LOG 1641907963893 [L3]: Selecting move using MCTS.
LOG 1641907973859 [L3]: Returning MCTS move noop.
LOG 1641907973863 [L3]: Starting move selection for game step 7 with available time 10000ms.
LOG 1641907973902 [L3]: Selecting move using MCTS.
LOG 1641907983863 [L3]: Returning MCTS move ( drop 5 ).
LOG 1641907983866 [L3]: Starting move selection for game step 8 with available time 10000ms.
LOG 1641907983902 [L3]: Selecting move using MCTS.
LOG 1641907993866 [L3]: Returning MCTS move noop.
LOG 1641907993869 [L3]: Starting move selection for game step 9 with available time 10000ms.
LOG 1641907993909 [L3]: Selecting move using MCTS.
LOG 1641908003869 [L3]: Returning MCTS move ( drop 5 ).
