LOG 1641840684184 [L3]: Returning initial state machine.
LOG 1641840684185 [L3]: Returning PropNet state machine without cache.
LOG 1641840684185 [L3]: Starting metagame with available thinking time 4991ms.
LOG 1641840684187 [L3]: Starting search during metagame.
LOG 1641840689176 [L3]: Done searching during metagame.
LOG 1641840689179 [L3]: Starting move selection for game step 1 with available time 0ms.
LOG 1641840689179 [L3]: No time to select next move using MCTS. Returning random move noop.
LOG 1641840689182 [L3]: Starting move selection for game step 2 with available time 0ms.
LOG 1641840689182 [L3]: No time to select next move using MCTS. Returning random move noop.
LOG 1641840689186 [L3]: Starting move selection for game step 3 with available time 0ms.
LOG 1641840689193 [L3]: No time to select next move using MCTS. Returning random move noop.
LOG 1641840689197 [L3]: Starting move selection for game step 4 with available time 0ms.
LOG 1641840689198 [L3]: No time to select next move using MCTS. Returning random move noop.
LOG 1641840689203 [L3]: Starting move selection for game step 5 with available time 0ms.
LOG 1641840689203 [L3]: No time to select next move using MCTS. Returning random move ( block r5 c1 ).
LOG 1641840689206 [L3]: Starting move selection for game step 6 with available time 0ms.
LOG 1641840689206 [L3]: No time to select next move using MCTS. Returning random move ( mark r6 c2 ).
LOG 1641840689212 [L3]: Starting move selection for game step 7 with available time 0ms.
LOG 1641840689213 [L3]: No time to select next move using MCTS. Returning random move noop.
LOG 1641840689217 [L3]: Starting move selection for game step 8 with available time 0ms.
LOG 1641840689217 [L3]: No time to select next move using MCTS. Returning random move noop.
LOG 1641840689220 [L3]: Starting move selection for game step 9 with available time 0ms.
LOG 1641840689220 [L3]: No time to select next move using MCTS. Returning random move noop.
LOG 1641840689224 [L3]: Starting move selection for game step 10 with available time 0ms.
LOG 1641840689224 [L3]: No time to select next move using MCTS. Returning random move ( block r1 c4 ).
LOG 1641840689227 [L3]: Starting move selection for game step 11 with available time 0ms.
LOG 1641840689227 [L3]: No time to select next move using MCTS. Returning random move ( block r7 c4 ).
LOG 1641840689278 [L3]: Starting move selection for game step 12 with available time 0ms.
LOG 1641840689279 [L3]: No time to select next move using MCTS. Returning random move ( block r2 c7 ).
LOG 1641840689282 [L3]: Starting move selection for game step 13 with available time 0ms.
LOG 1641840689282 [L3]: No time to select next move using MCTS. Returning random move ( mark r7 c3 ).
LOG 1641840689286 [L3]: Starting move selection for game step 14 with available time 0ms.
LOG 1641840689286 [L3]: No time to select next move using MCTS. Returning random move noop.
LOG 1641840689292 [L3]: Starting move selection for game step 15 with available time 0ms.
LOG 1641840689292 [L3]: No time to select next move using MCTS. Returning random move ( block r5 c4 ).
LOG 1641840689295 [L3]: Starting move selection for game step 16 with available time 0ms.
LOG 1641840689296 [L3]: No time to select next move using MCTS. Returning random move ( mark r1 c5 ).
LOG 1641840689301 [L3]: Starting move selection for game step 17 with available time 0ms.
LOG 1641840689301 [L3]: No time to select next move using MCTS. Returning random move noop.
LOG 1641840689314 [L3]: Starting move selection for game step 18 with available time 0ms.
LOG 1641840689314 [L3]: No time to select next move using MCTS. Returning random move ( mark r4 c4 ).
LOG 1641840689328 [L3]: Starting move selection for game step 19 with available time 0ms.
LOG 1641840689329 [L3]: No time to select next move using MCTS. Returning random move noop.
LOG 1641840689357 [L3]: Starting move selection for game step 20 with available time 0ms.
LOG 1641840689358 [L3]: No time to select next move using MCTS. Returning random move ( mark r5 c3 ).
LOG 1641840689377 [L3]: Starting move selection for game step 21 with available time 0ms.
LOG 1641840689377 [L3]: No time to select next move using MCTS. Returning random move noop.
LOG 1641840689427 [L3]: Starting move selection for game step 22 with available time 0ms.
LOG 1641840689427 [L3]: No time to select next move using MCTS. Returning random move ( mark r1 c6 ).
LOG 1641840689472 [L3]: Starting move selection for game step 23 with available time 0ms.
LOG 1641840689473 [L3]: No time to select next move using MCTS. Returning random move noop.
LOG 1641840689520 [L3]: Starting move selection for game step 24 with available time 0ms.
LOG 1641840689521 [L3]: No time to select next move using MCTS. Returning random move ( mark r2 c1 ).
LOG 1641840689572 [L3]: Starting move selection for game step 25 with available time 0ms.
LOG 1641840689572 [L3]: No time to select next move using MCTS. Returning random move noop.
LOG 1641840689690 [L3]: Starting move selection for game step 26 with available time 0ms.
LOG 1641840689690 [L3]: No time to select next move using MCTS. Returning random move ( mark r3 c3 ).
LOG 1641840689832 [L3]: Starting move selection for game step 27 with available time 0ms.
LOG 1641840689833 [L3]: No time to select next move using MCTS. Returning random move noop.
LOG 1641840689998 [L3]: Starting move selection for game step 28 with available time 0ms.
LOG 1641840689999 [L3]: No time to select next move using MCTS. Returning random move ( mark r4 c2 ).
