LOG 1641835061586 [L3]: Returning initial state machine.
LOG 1641835061587 [L3]: Returning PropNet state machine without cache.
LOG 1641835061587 [L3]: Starting metagame with available thinking time 4990ms.
LOG 1641835061589 [L3]: Starting search during metagame.
LOG 1641835066577 [L3]: Done searching during metagame.
LOG 1641835066580 [L3]: Starting move selection for game step 1 with available time 0ms.
LOG 1641835066580 [L3]: No time to select next move using MCTS. Returning random move noop.
LOG 1641835066585 [L3]: Starting move selection for game step 2 with available time 0ms.
LOG 1641835066588 [L3]: No time to select next move using MCTS. Returning random move ( move 1 7 2 6 ).
LOG 1641835066593 [L3]: Starting move selection for game step 3 with available time 0ms.
LOG 1641835066604 [L3]: No time to select next move using MCTS. Returning random move noop.
LOG 1641835066608 [L3]: Starting move selection for game step 4 with available time 0ms.
LOG 1641835066614 [L3]: No time to select next move using MCTS. Returning random move ( move 6 7 7 6 ).
LOG 1641835066618 [L3]: Starting move selection for game step 5 with available time 0ms.
LOG 1641835066618 [L3]: No time to select next move using MCTS. Returning random move noop.
LOG 1641835066622 [L3]: Starting move selection for game step 6 with available time 0ms.
LOG 1641835066622 [L3]: No time to select next move using MCTS. Returning random move ( move 7 6 6 5 ).
LOG 1641835066626 [L3]: Starting move selection for game step 7 with available time 0ms.
LOG 1641835066626 [L3]: No time to select next move using MCTS. Returning random move noop.
LOG 1641835066631 [L3]: Starting move selection for game step 8 with available time 0ms.
LOG 1641835066631 [L3]: No time to select next move using MCTS. Returning random move ( move 2 8 1 7 ).
LOG 1641835066635 [L3]: Starting move selection for game step 9 with available time 0ms.
LOG 1641835066636 [L3]: No time to select next move using MCTS. Returning random move noop.
LOG 1641835066639 [L3]: Starting move selection for game step 10 with available time 0ms.
LOG 1641835066640 [L3]: No time to select next move using MCTS. Returning random move ( move 4 7 3 6 ).
LOG 1641835066644 [L3]: Starting move selection for game step 11 with available time 0ms.
LOG 1641835066644 [L3]: No time to select next move using MCTS. Returning random move noop.
LOG 1641835066648 [L3]: Starting move selection for game step 12 with available time 0ms.
LOG 1641835066648 [L3]: No time to select next move using MCTS. Returning random move ( move 5 8 6 7 ).
LOG 1641835066652 [L3]: Starting move selection for game step 13 with available time 0ms.
LOG 1641835066652 [L3]: No time to select next move using MCTS. Returning random move noop.
LOG 1641835066656 [L3]: Starting move selection for game step 14 with available time 0ms.
LOG 1641835066656 [L3]: No time to select next move using MCTS. Returning random move ( move 7 7 8 6 ).
LOG 1641835066660 [L3]: Starting move selection for game step 15 with available time 0ms.
LOG 1641835066661 [L3]: No time to select next move using MCTS. Returning random move noop.
LOG 1641835066664 [L3]: Starting move selection for game step 16 with available time 0ms.
LOG 1641835066664 [L3]: No time to select next move using MCTS. Returning random move ( move 6 7 6 6 ).
LOG 1641835066668 [L3]: Starting move selection for game step 17 with available time 0ms.
LOG 1641835066669 [L3]: No time to select next move using MCTS. Returning random move noop.
LOG 1641835066691 [L3]: Starting move selection for game step 18 with available time 0ms.
LOG 1641835066691 [L3]: No time to select next move using MCTS. Returning random move ( move 8 6 8 5 ).
LOG 1641835066695 [L3]: Starting move selection for game step 19 with available time 0ms.
LOG 1641835066695 [L3]: No time to select next move using MCTS. Returning random move noop.
LOG 1641835066699 [L3]: Starting move selection for game step 20 with available time 0ms.
LOG 1641835066699 [L3]: No time to select next move using MCTS. Returning random move ( move 6 5 6 4 ).
LOG 1641835066703 [L3]: Starting move selection for game step 21 with available time 0ms.
LOG 1641835066703 [L3]: No time to select next move using MCTS. Returning random move noop.
LOG 1641835066707 [L3]: Starting move selection for game step 22 with available time 0ms.
LOG 1641835066707 [L3]: No time to select next move using MCTS. Returning random move ( move 4 8 3 7 ).
LOG 1641835066711 [L3]: Starting move selection for game step 23 with available time 0ms.
LOG 1641835066711 [L3]: No time to select next move using MCTS. Returning random move noop.
LOG 1641835066715 [L3]: Starting move selection for game step 24 with available time 0ms.
LOG 1641835066715 [L3]: No time to select next move using MCTS. Returning random move ( move 6 6 6 5 ).
LOG 1641835066719 [L3]: Starting move selection for game step 25 with available time 0ms.
LOG 1641835066719 [L3]: No time to select next move using MCTS. Returning random move noop.
LOG 1641835066723 [L3]: Starting move selection for game step 26 with available time 0ms.
LOG 1641835066724 [L3]: No time to select next move using MCTS. Returning random move ( move 8 5 8 4 ).
LOG 1641835066728 [L3]: Starting move selection for game step 27 with available time 0ms.
LOG 1641835066729 [L3]: No time to select next move using MCTS. Returning random move noop.
LOG 1641835066732 [L3]: Starting move selection for game step 28 with available time 0ms.
LOG 1641835066733 [L3]: No time to select next move using MCTS. Returning random move ( move 8 7 7 6 ).
LOG 1641835066736 [L3]: Starting move selection for game step 29 with available time 0ms.
LOG 1641835066737 [L3]: No time to select next move using MCTS. Returning random move noop.
LOG 1641835066740 [L3]: Starting move selection for game step 30 with available time 0ms.
LOG 1641835066741 [L3]: No time to select next move using MCTS. Returning random move ( move 8 8 7 7 ).
LOG 1641835066745 [L3]: Starting move selection for game step 31 with available time 0ms.
LOG 1641835066746 [L3]: No time to select next move using MCTS. Returning random move noop.
LOG 1641835066749 [L3]: Starting move selection for game step 32 with available time 0ms.
LOG 1641835066750 [L3]: No time to select next move using MCTS. Returning random move ( move 3 6 4 5 ).
LOG 1641835066753 [L3]: Starting move selection for game step 33 with available time 0ms.
LOG 1641835066754 [L3]: No time to select next move using MCTS. Returning random move noop.
LOG 1641835066757 [L3]: Starting move selection for game step 34 with available time 0ms.
LOG 1641835066758 [L3]: No time to select next move using MCTS. Returning random move ( move 1 7 1 6 ).
LOG 1641835066762 [L3]: Starting move selection for game step 35 with available time 0ms.
LOG 1641835066762 [L3]: No time to select next move using MCTS. Returning random move noop.
LOG 1641835066766 [L3]: Starting move selection for game step 36 with available time 0ms.
LOG 1641835066767 [L3]: No time to select next move using MCTS. Returning random move ( move 2 6 3 5 ).
LOG 1641835066770 [L3]: Starting move selection for game step 37 with available time 0ms.
LOG 1641835066771 [L3]: No time to select next move using MCTS. Returning random move noop.
LOG 1641835066774 [L3]: Starting move selection for game step 38 with available time 0ms.
LOG 1641835066775 [L3]: No time to select next move using MCTS. Returning random move ( move 6 5 5 4 ).
LOG 1641835066778 [L3]: Starting move selection for game step 39 with available time 0ms.
LOG 1641835066779 [L3]: No time to select next move using MCTS. Returning random move noop.
LOG 1641835066783 [L3]: Starting move selection for game step 40 with available time 0ms.
LOG 1641835066783 [L3]: No time to select next move using MCTS. Returning random move ( move 4 5 3 4 ).
LOG 1641835066787 [L3]: Starting move selection for game step 41 with available time 0ms.
LOG 1641835066787 [L3]: No time to select next move using MCTS. Returning random move noop.
LOG 1641835066792 [L3]: Starting move selection for game step 42 with available time 0ms.
LOG 1641835066792 [L3]: No time to select next move using MCTS. Returning random move ( move 3 4 4 3 ).
LOG 1641835066795 [L3]: Starting move selection for game step 43 with available time 0ms.
LOG 1641835066796 [L3]: No time to select next move using MCTS. Returning random move noop.
LOG 1641835066799 [L3]: Starting move selection for game step 44 with available time 0ms.
LOG 1641835066800 [L3]: No time to select next move using MCTS. Returning random move ( move 3 7 4 6 ).
LOG 1641835066803 [L3]: Starting move selection for game step 45 with available time 0ms.
LOG 1641835066803 [L3]: No time to select next move using MCTS. Returning random move noop.
LOG 1641835066807 [L3]: Starting move selection for game step 46 with available time 0ms.
LOG 1641835066807 [L3]: No time to select next move using MCTS. Returning random move ( move 7 6 8 5 ).
LOG 1641835066810 [L3]: Starting move selection for game step 47 with available time 0ms.
LOG 1641835066811 [L3]: No time to select next move using MCTS. Returning random move noop.
LOG 1641835066814 [L3]: Starting move selection for game step 48 with available time 0ms.
LOG 1641835066814 [L3]: No time to select next move using MCTS. Returning random move ( move 4 6 4 5 ).
LOG 1641835066817 [L3]: Starting move selection for game step 49 with available time 0ms.
LOG 1641835066818 [L3]: No time to select next move using MCTS. Returning random move noop.
LOG 1641835066822 [L3]: Starting move selection for game step 50 with available time 0ms.
LOG 1641835066822 [L3]: No time to select next move using MCTS. Returning random move ( move 4 3 5 2 ).
LOG 1641835066826 [L3]: Starting move selection for game step 51 with available time 0ms.
LOG 1641835066826 [L3]: No time to select next move using MCTS. Returning random move noop.
LOG 1641835066830 [L3]: Starting move selection for game step 52 with available time 0ms.
LOG 1641835066830 [L3]: No time to select next move using MCTS. Returning random move ( move 7 8 6 7 ).
LOG 1641835066834 [L3]: Starting move selection for game step 53 with available time 0ms.
LOG 1641835066834 [L3]: No time to select next move using MCTS. Returning random move noop.
LOG 1641835066838 [L3]: Starting move selection for game step 54 with available time 0ms.
LOG 1641835066838 [L3]: No time to select next move using MCTS. Returning random move ( move 1 8 1 7 ).
LOG 1641835066841 [L3]: Starting move selection for game step 55 with available time 0ms.
LOG 1641835066842 [L3]: No time to select next move using MCTS. Returning random move noop.
LOG 1641835066845 [L3]: Starting move selection for game step 56 with available time 0ms.
LOG 1641835066845 [L3]: No time to select next move using MCTS. Returning random move ( move 3 8 4 7 ).
LOG 1641835066850 [L3]: Starting move selection for game step 57 with available time 0ms.
LOG 1641835066850 [L3]: No time to select next move using MCTS. Returning random move noop.
LOG 1641835066854 [L3]: Starting move selection for game step 58 with available time 0ms.
LOG 1641835066854 [L3]: No time to select next move using MCTS. Returning random move ( move 6 7 5 6 ).
LOG 1641835066857 [L3]: Starting move selection for game step 59 with available time 0ms.
LOG 1641835066858 [L3]: No time to select next move using MCTS. Returning random move noop.
LOG 1641835066861 [L3]: Starting move selection for game step 60 with available time 0ms.
LOG 1641835066861 [L3]: No time to select next move using MCTS. Returning random move ( move 6 4 7 3 ).
LOG 1641835066865 [L3]: Starting move selection for game step 61 with available time 0ms.
LOG 1641835066865 [L3]: No time to select next move using MCTS. Returning random move noop.
LOG 1641835066869 [L3]: Starting move selection for game step 62 with available time 0ms.
LOG 1641835066870 [L3]: No time to select next move using MCTS. Returning random move ( move 5 2 6 1 ).
