LOG 1641850499277 [L3]: Returning initial state machine.
LOG 1641850499278 [L3]: Returning PropNet state machine without cache.
LOG 1641850499278 [L3]: Starting metagame with available thinking time 4990ms.
LOG 1641850499285 [L3]: Starting search during metagame.
LOG 1641850504268 [L3]: Done searching during metagame.
LOG 1641850504271 [L3]: Starting move selection for game step 1 with available time 10000ms.
LOG 1641850504271 [L3]: Selecting move using MCTS.
LOG 1641850514274 [L3]: Starting move selection for game step 2 with available time 10000ms.
LOG 1641850514280 [L3]: Selecting move using MCTS.
LOG 1641850524292 [L3]: Starting move selection for game step 3 with available time 10000ms.
LOG 1641850524300 [L3]: Selecting move using MCTS.
LOG 1641850534302 [L3]: Starting move selection for game step 4 with available time 10000ms.
LOG 1641850534311 [L3]: Selecting move using MCTS.
LOG 1641850544305 [L3]: Starting move selection for game step 5 with available time 10000ms.
LOG 1641850544306 [L3]: Selecting move using MCTS.
LOG 1641850554308 [L3]: Starting move selection for game step 6 with available time 10000ms.
LOG 1641850554309 [L3]: Selecting move using MCTS.
LOG 1641850564312 [L3]: Starting move selection for game step 7 with available time 10000ms.
LOG 1641850564313 [L3]: Selecting move using MCTS.
LOG 1641850574316 [L3]: Starting move selection for game step 8 with available time 10000ms.
LOG 1641850574317 [L3]: Selecting move using MCTS.
LOG 1641850584320 [L3]: Starting move selection for game step 9 with available time 10000ms.
LOG 1641850584320 [L3]: Selecting move using MCTS.
LOG 1641850594323 [L3]: Starting move selection for game step 10 with available time 10000ms.
LOG 1641850594324 [L3]: Selecting move using MCTS.
LOG 1641850604328 [L3]: Starting move selection for game step 11 with available time 10000ms.
LOG 1641850604328 [L3]: Selecting move using MCTS.
LOG 1641850614331 [L3]: Starting move selection for game step 12 with available time 10000ms.
LOG 1641850614332 [L3]: Selecting move using MCTS.
LOG 1641850624340 [L3]: Starting move selection for game step 13 with available time 10000ms.
LOG 1641850624340 [L3]: Selecting move using MCTS.
LOG 1641850634344 [L3]: Starting move selection for game step 14 with available time 10000ms.
LOG 1641850634344 [L3]: Selecting move using MCTS.
