LOG 1641836629386 [L3]: Started match logging at: Mon Jan 10 18:43:49 CET 2022
LOG 1641836629388 [L3]: Game rules: [( role white ), ( role black ), ( <= ( base ( cell ?x ?y ?p ) ) ( index ?x ) ( index ?y ) ( role ?p ) ), ( <= ( base ( control ?p ) ) ( role ?p ) ), ( <= ( input ?p noop ) ( role ?p ) ), ( <= ( input ?p ( move ?x1 ?y1 ?x2 ?y2 ) ) ( role ?p ) ( index ?x1 ) ( index ?x2 ) ( index ?y1 ) ( index ?y2 ) ), ( init ( cell 1 1 white ) ), ( init ( cell 2 1 white ) ), ( init ( cell 3 1 white ) ), ( init ( cell 4 1 white ) ), ( init ( cell 5 1 white ) ), ( init ( cell 6 1 white ) ), ( init ( cell 7 1 white ) ), ( init ( cell 8 1 white ) ), ( init ( cell 1 2 white ) ), ( init ( cell 2 2 white ) ), ( init ( cell 3 2 white ) ), ( init ( cell 4 2 white ) ), ( init ( cell 5 2 white ) ), ( init ( cell 6 2 white ) ), ( init ( cell 7 2 white ) ), ( init ( cell 8 2 white ) ), ( init ( cell 1 7 black ) ), ( init ( cell 2 7 black ) ), ( init ( cell 3 7 black ) ), ( init ( cell 4 7 black ) ), ( init ( cell 5 7 black ) ), ( init ( cell 6 7 black ) ), ( init ( cell 7 7 black ) ), ( init ( cell 8 7 black ) ), ( init ( cell 1 8 black ) ), ( init ( cell 2 8 black ) ), ( init ( cell 3 8 black ) ), ( init ( cell 4 8 black ) ), ( init ( cell 5 8 black ) ), ( init ( cell 6 8 black ) ), ( init ( cell 7 8 black ) ), ( init ( cell 8 8 black ) ), ( init ( control white ) ), ( <= ( legal white noop ) ( true ( control black ) ) ), ( <= ( legal black noop ) ( true ( control white ) ) ), ( <= ( legal white ( move ?x1 ?y1 ?x2 ?y2 ) ) ( true ( control white ) ) ( true ( cell ?x1 ?y1 white ) ) ( whiteknightmove ?x1 ?y1 ?x2 ?y2 ) ( not ( true ( cell ?x2 ?y2 white ) ) ) ), ( <= ( legal black ( move ?x1 ?y1 ?x2 ?y2 ) ) ( true ( control black ) ) ( true ( cell ?x1 ?y1 black ) ) ( blackknightmove ?x1 ?y1 ?x2 ?y2 ) ( not ( true ( cell ?x2 ?y2 black ) ) ) ), ( <= ( next ( cell ?x ?y ?state ) ) ( true ( cell ?x ?y ?state ) ) ( does ?player ( move ?x1 ?y1 ?x2 ?y2 ) ) ( distinctcell ?x ?y ?x1 ?y1 ) ( distinctcell ?x ?y ?x2 ?y2 ) ), ( <= ( next ( cell ?x2 ?y2 ?player ) ) ( does ?player ( move ?x1 ?y1 ?x2 ?y2 ) ) ), ( <= ( next ( control black ) ) ( true ( control white ) ) ), ( <= ( next ( control white ) ) ( true ( control black ) ) ), ( <= terminal whitewin ), ( <= terminal blackwin ), ( <= ( goal white 100 ) whitewin ), ( <= ( goal white 0 ) blackwin ), ( <= ( goal black 100 ) blackwin ), ( <= ( goal black 0 ) whitewin ), ( <= whitewin ( index ?x ) ( true ( cell ?x 8 white ) ) ), ( <= blackwin ( index ?x ) ( true ( cell ?x 1 black ) ) ), ( <= whitewin ( not ( hasAnyPiece black ) ) ), ( <= blackwin ( not ( hasAnyPiece white ) ) ), ( <= ( hasAnyPiece ?player ) ( true ( cell ?x ?y ?player ) ) ), ( <= ( whiteknightmove ?x1 ?y1 ?x2 ?y2 ) ( plus 1 ?x1 ?x2 ) ( plus 2 ?y1 ?y2 ) ), ( <= ( whiteknightmove ?x1 ?y1 ?x2 ?y2 ) ( plus 1 ?x2 ?x1 ) ( plus 2 ?y1 ?y2 ) ), ( <= ( whiteknightmove ?x1 ?y1 ?x2 ?y2 ) ( plus 2 ?x1 ?x2 ) ( plus 1 ?y1 ?y2 ) ), ( <= ( whiteknightmove ?x1 ?y1 ?x2 ?y2 ) ( plus 2 ?x2 ?x1 ) ( plus 1 ?y1 ?y2 ) ), ( <= ( blackknightmove ?x1 ?y1 ?x2 ?y2 ) ( plus 1 ?x1 ?x2 ) ( plus 2 ?y2 ?y1 ) ), ( <= ( blackknightmove ?x1 ?y1 ?x2 ?y2 ) ( plus 1 ?x2 ?x1 ) ( plus 2 ?y2 ?y1 ) ), ( <= ( blackknightmove ?x1 ?y1 ?x2 ?y2 ) ( plus 2 ?x1 ?x2 ) ( plus 1 ?y2 ?y1 ) ), ( <= ( blackknightmove ?x1 ?y1 ?x2 ?y2 ) ( plus 2 ?x2 ?x1 ) ( plus 1 ?y2 ?y1 ) ), ( <= ( cell ?x ?y ) ( index ?x ) ( index ?y ) ), ( <= ( distinctcell ?x1 ?y1 ?x2 ?y2 ) ( cell ?x1 ?y1 ) ( cell ?x2 ?y2 ) ( distinct ?x1 ?x2 ) ), ( <= ( distinctcell ?x1 ?y1 ?x2 ?y2 ) ( cell ?x1 ?y1 ) ( cell ?x2 ?y2 ) ( distinct ?y1 ?y2 ) ), ( index 1 ), ( index 2 ), ( index 3 ), ( index 4 ), ( index 5 ), ( index 6 ), ( index 7 ), ( index 8 ), ( plus 1 1 2 ), ( plus 1 2 3 ), ( plus 1 3 4 ), ( plus 1 4 5 ), ( plus 1 5 6 ), ( plus 1 6 7 ), ( plus 1 7 8 ), ( plus 2 1 3 ), ( plus 2 2 4 ), ( plus 2 3 5 ), ( plus 2 4 6 ), ( plus 2 5 7 ), ( plus 2 6 8 )]
LOG 1641836629395 [L3]: Start clock: 15
LOG 1641836629396 [L3]: Play clock: 10
LOG 1641836634385 [L0]: [Sent at 1641836634385] ready
LOG 1641836634389 [L0]: [Received at 1641836634389] ( PLAY 1.knightThrough.1641836627515 NIL )
LOG 1641836634390 [L0]: [Sent at 1641836634390] noop
LOG 1641836634396 [L0]: [Received at 1641836634396] ( PLAY 1.knightThrough.1641836627515 (( move 3 2 5 3 ) noop ) )
LOG 1641836634406 [L0]: [Sent at 1641836634406] ( move 6 8 7 6 )
LOG 1641836634410 [L0]: [Received at 1641836634410] ( PLAY 1.knightThrough.1641836627515 (noop ( move 6 8 7 6 ) ) )
LOG 1641836634425 [L0]: [Sent at 1641836634425] noop
LOG 1641836634428 [L0]: [Received at 1641836634428] ( PLAY 1.knightThrough.1641836627515 (( move 4 1 3 3 ) noop ) )
LOG 1641836634441 [L0]: [Sent at 1641836634441] ( move 4 7 5 5 )
LOG 1641836634445 [L0]: [Received at 1641836634445] ( PLAY 1.knightThrough.1641836627515 (noop ( move 4 7 5 5 ) ) )
LOG 1641836634447 [L0]: [Sent at 1641836634447] noop
LOG 1641836634449 [L0]: [Received at 1641836634449] ( PLAY 1.knightThrough.1641836627515 (( move 5 3 3 4 ) noop ) )
LOG 1641836634451 [L0]: [Sent at 1641836634451] ( move 7 6 8 4 )
LOG 1641836634454 [L0]: [Received at 1641836634454] ( PLAY 1.knightThrough.1641836627515 (noop ( move 7 6 8 4 ) ) )
LOG 1641836634455 [L0]: [Sent at 1641836634455] noop
LOG 1641836634459 [L0]: [Received at 1641836634459] ( PLAY 1.knightThrough.1641836627515 (( move 5 2 6 4 ) noop ) )
LOG 1641836634461 [L0]: [Sent at 1641836634461] ( move 1 7 3 6 )
LOG 1641836634465 [L0]: [Received at 1641836634465] ( PLAY 1.knightThrough.1641836627515 (noop ( move 1 7 3 6 ) ) )
LOG 1641836634467 [L0]: [Sent at 1641836634467] noop
LOG 1641836634470 [L0]: [Received at 1641836634470] ( PLAY 1.knightThrough.1641836627515 (( move 7 2 5 3 ) noop ) )
LOG 1641836634471 [L0]: [Sent at 1641836634471] ( move 7 7 8 5 )
LOG 1641836634475 [L0]: [Received at 1641836634475] ( PLAY 1.knightThrough.1641836627515 (noop ( move 7 7 8 5 ) ) )
LOG 1641836634477 [L0]: [Sent at 1641836634477] noop
LOG 1641836634480 [L0]: [Received at 1641836634480] ( PLAY 1.knightThrough.1641836627515 (( move 2 2 1 4 ) noop ) )
LOG 1641836634482 [L0]: [Sent at 1641836634482] ( move 1 8 2 6 )
LOG 1641836634485 [L0]: [Received at 1641836634485] ( PLAY 1.knightThrough.1641836627515 (noop ( move 1 8 2 6 ) ) )
LOG 1641836634487 [L0]: [Sent at 1641836634487] noop
LOG 1641836634491 [L0]: [Received at 1641836634491] ( PLAY 1.knightThrough.1641836627515 (( move 7 1 8 3 ) noop ) )
LOG 1641836634493 [L0]: [Sent at 1641836634493] ( move 2 7 1 5 )
LOG 1641836634497 [L0]: [Received at 1641836634497] ( PLAY 1.knightThrough.1641836627515 (noop ( move 2 7 1 5 ) ) )
LOG 1641836634499 [L0]: [Sent at 1641836634499] noop
LOG 1641836634502 [L0]: [Received at 1641836634502] ( PLAY 1.knightThrough.1641836627515 (( move 5 1 4 3 ) noop ) )
LOG 1641836634504 [L0]: [Sent at 1641836634504] ( move 6 7 4 6 )
LOG 1641836634508 [L0]: [Received at 1641836634508] ( PLAY 1.knightThrough.1641836627515 (noop ( move 6 7 4 6 ) ) )
LOG 1641836634509 [L0]: [Sent at 1641836634509] noop
LOG 1641836634514 [L0]: [Received at 1641836634514] ( PLAY 1.knightThrough.1641836627515 (( move 4 3 5 5 ) noop ) )
LOG 1641836634516 [L0]: [Sent at 1641836634516] ( move 4 6 5 4 )
LOG 1641836634518 [L0]: [Received at 1641836634518] ( PLAY 1.knightThrough.1641836627515 (noop ( move 4 6 5 4 ) ) )
LOG 1641836634520 [L0]: [Sent at 1641836634520] noop
LOG 1641836634523 [L0]: [Received at 1641836634523] ( PLAY 1.knightThrough.1641836627515 (( move 6 1 7 3 ) noop ) )
LOG 1641836634525 [L0]: [Sent at 1641836634525] ( move 8 5 7 3 )
LOG 1641836634527 [L0]: [Received at 1641836634527] ( PLAY 1.knightThrough.1641836627515 (noop ( move 8 5 7 3 ) ) )
LOG 1641836634530 [L0]: [Sent at 1641836634530] noop
LOG 1641836634532 [L0]: [Received at 1641836634532] ( PLAY 1.knightThrough.1641836627515 (( move 5 5 6 7 ) noop ) )
LOG 1641836634533 [L0]: [Sent at 1641836634533] ( move 7 8 6 6 )
LOG 1641836634537 [L0]: [Received at 1641836634537] ( PLAY 1.knightThrough.1641836627515 (noop ( move 7 8 6 6 ) ) )
LOG 1641836634539 [L0]: [Sent at 1641836634539] noop
LOG 1641836634542 [L0]: [Received at 1641836634542] ( PLAY 1.knightThrough.1641836627515 (( move 3 3 4 5 ) noop ) )
LOG 1641836634544 [L0]: [Sent at 1641836634544] ( move 7 3 8 1 )
LOG 1641836634550 [L0]: [Received at 1641836634550] ( STOP 1.knightThrough.1641836627515 (noop ( move 7 3 8 1 ) ) )
LOG 1641836634552 [L3]: Stopped logging to files at: Mon Jan 10 18:43:54 CET 2022
LOG 1641836634553 [L3]: LOG SEALED
