LOG 1641835648303 [L3]: Returning initial state machine.
LOG 1641835648304 [L3]: Returning PropNet state machine without cache.
LOG 1641835648304 [L3]: Starting metagame with available thinking time 4991ms.
LOG 1641835648306 [L3]: Starting search during metagame.
LOG 1641835653295 [L3]: Done searching during metagame.
LOG 1641835653298 [L3]: Starting move selection for game step 1 with available time 0ms.
LOG 1641835653298 [L3]: No time to select next move using MCTS. Returning random move noop.
LOG 1641835653302 [L3]: Starting move selection for game step 2 with available time 0ms.
LOG 1641835653305 [L3]: No time to select next move using MCTS. Returning random move ( move 7 7 8 5 ).
LOG 1641835653308 [L3]: Starting move selection for game step 3 with available time 0ms.
LOG 1641835653317 [L3]: No time to select next move using MCTS. Returning random move noop.
LOG 1641835653321 [L3]: Starting move selection for game step 4 with available time 0ms.
LOG 1641835653326 [L3]: No time to select next move using MCTS. Returning random move ( move 1 8 2 6 ).
LOG 1641835653330 [L3]: Starting move selection for game step 5 with available time 0ms.
LOG 1641835653330 [L3]: No time to select next move using MCTS. Returning random move noop.
LOG 1641835653333 [L3]: Starting move selection for game step 6 with available time 0ms.
LOG 1641835653333 [L3]: No time to select next move using MCTS. Returning random move ( move 4 8 3 6 ).
LOG 1641835653345 [L3]: Starting move selection for game step 7 with available time -1ms.
LOG 1641835653345 [L3]: No time to select next move using MCTS. Returning random move noop.
LOG 1641835653348 [L3]: Starting move selection for game step 8 with available time 0ms.
LOG 1641835653348 [L3]: No time to select next move using MCTS. Returning random move ( move 3 6 4 4 ).
LOG 1641835653351 [L3]: Starting move selection for game step 9 with available time 0ms.
LOG 1641835653352 [L3]: No time to select next move using MCTS. Returning random move noop.
LOG 1641835653356 [L3]: Starting move selection for game step 10 with available time 0ms.
LOG 1641835653356 [L3]: No time to select next move using MCTS. Returning random move ( move 4 4 3 2 ).
LOG 1641835653359 [L3]: Starting move selection for game step 11 with available time 0ms.
LOG 1641835653359 [L3]: No time to select next move using MCTS. Returning random move noop.
LOG 1641835653362 [L3]: Starting move selection for game step 12 with available time 0ms.
LOG 1641835653362 [L3]: No time to select next move using MCTS. Returning random move ( move 4 7 3 5 ).
LOG 1641835653367 [L3]: Starting move selection for game step 13 with available time 0ms.
LOG 1641835653367 [L3]: No time to select next move using MCTS. Returning random move noop.
LOG 1641835653371 [L3]: Starting move selection for game step 14 with available time 0ms.
LOG 1641835653371 [L3]: No time to select next move using MCTS. Returning random move ( move 8 7 7 5 ).
LOG 1641835653375 [L3]: Starting move selection for game step 15 with available time 0ms.
LOG 1641835653375 [L3]: No time to select next move using MCTS. Returning random move noop.
LOG 1641835653379 [L3]: Starting move selection for game step 16 with available time 0ms.
LOG 1641835653379 [L3]: No time to select next move using MCTS. Returning random move ( move 3 5 5 4 ).
LOG 1641835653382 [L3]: Starting move selection for game step 17 with available time 0ms.
LOG 1641835653382 [L3]: No time to select next move using MCTS. Returning random move noop.
LOG 1641835653385 [L3]: Starting move selection for game step 18 with available time 0ms.
LOG 1641835653385 [L3]: No time to select next move using MCTS. Returning random move ( move 8 5 6 4 ).
LOG 1641835653389 [L3]: Starting move selection for game step 19 with available time 0ms.
LOG 1641835653389 [L3]: No time to select next move using MCTS. Returning random move noop.
LOG 1641835653393 [L3]: Starting move selection for game step 20 with available time 0ms.
LOG 1641835653393 [L3]: No time to select next move using MCTS. Returning random move ( move 3 8 4 6 ).
LOG 1641835653397 [L3]: Starting move selection for game step 21 with available time 0ms.
LOG 1641835653398 [L3]: No time to select next move using MCTS. Returning random move noop.
LOG 1641835653400 [L3]: Starting move selection for game step 22 with available time 0ms.
LOG 1641835653401 [L3]: No time to select next move using MCTS. Returning random move ( move 3 7 5 6 ).
LOG 1641835653405 [L3]: Starting move selection for game step 23 with available time 0ms.
LOG 1641835653405 [L3]: No time to select next move using MCTS. Returning random move noop.
LOG 1641835653408 [L3]: Starting move selection for game step 24 with available time 0ms.
LOG 1641835653408 [L3]: No time to select next move using MCTS. Returning random move ( move 6 4 7 2 ).
LOG 1641835653411 [L3]: Starting move selection for game step 25 with available time 0ms.
LOG 1641835653411 [L3]: No time to select next move using MCTS. Returning random move noop.
LOG 1641835653415 [L3]: Starting move selection for game step 26 with available time 0ms.
LOG 1641835653415 [L3]: No time to select next move using MCTS. Returning random move ( move 3 2 1 1 ).
