LOG 1641839548108 [L3]: Returning initial state machine.
LOG 1641839548108 [L3]: Returning PropNet state machine without cache.
LOG 1641839548109 [L3]: Starting metagame with available thinking time 4989ms.
LOG 1641839548110 [L3]: Starting search during metagame.
LOG 1641839553098 [L3]: Done searching during metagame.
LOG 1641839553101 [L3]: Starting move selection for game step 1 with available time 0ms.
LOG 1641839553101 [L3]: No time to select next move using MCTS. Returning random move noop.
LOG 1641839553104 [L3]: Starting move selection for game step 2 with available time 0ms.
LOG 1641839553104 [L3]: No time to select next move using MCTS. Returning random move noop.
LOG 1641839553108 [L3]: Starting move selection for game step 3 with available time 0ms.
LOG 1641839553115 [L3]: No time to select next move using MCTS. Returning random move ( mark r7 c4 ).
LOG 1641839553118 [L3]: Starting move selection for game step 4 with available time 0ms.
LOG 1641839553119 [L3]: No time to select next move using MCTS. Returning random move noop.
LOG 1641839553122 [L3]: Starting move selection for game step 5 with available time 0ms.
LOG 1641839553122 [L3]: No time to select next move using MCTS. Returning random move noop.
LOG 1641839553125 [L3]: Starting move selection for game step 6 with available time 0ms.
LOG 1641839553125 [L3]: No time to select next move using MCTS. Returning random move noop.
LOG 1641839553128 [L3]: Starting move selection for game step 7 with available time 0ms.
LOG 1641839553128 [L3]: No time to select next move using MCTS. Returning random move noop.
LOG 1641839553131 [L3]: Starting move selection for game step 8 with available time 0ms.
LOG 1641839553131 [L3]: No time to select next move using MCTS. Returning random move noop.
LOG 1641839553135 [L3]: Starting move selection for game step 9 with available time -1ms.
LOG 1641839553135 [L3]: No time to select next move using MCTS. Returning random move ( mark r4 c5 ).
LOG 1641839553139 [L3]: Starting move selection for game step 10 with available time 0ms.
LOG 1641839553139 [L3]: No time to select next move using MCTS. Returning random move noop.
LOG 1641839553146 [L3]: Starting move selection for game step 11 with available time -1ms.
LOG 1641839553146 [L3]: No time to select next move using MCTS. Returning random move ( block r5 c1 ).
LOG 1641839553149 [L3]: Starting move selection for game step 12 with available time 0ms.
LOG 1641839553150 [L3]: No time to select next move using MCTS. Returning random move ( mark r3 c1 ).
LOG 1641839553155 [L3]: Starting move selection for game step 13 with available time 0ms.
LOG 1641839553155 [L3]: No time to select next move using MCTS. Returning random move noop.
LOG 1641839553165 [L3]: Starting move selection for game step 14 with available time 0ms.
LOG 1641839553165 [L3]: No time to select next move using MCTS. Returning random move ( mark r4 c6 ).
LOG 1641839553177 [L3]: Starting move selection for game step 15 with available time 0ms.
LOG 1641839553177 [L3]: No time to select next move using MCTS. Returning random move noop.
LOG 1641839553198 [L3]: Starting move selection for game step 16 with available time 0ms.
LOG 1641839553199 [L3]: No time to select next move using MCTS. Returning random move ( block r1 c3 ).
LOG 1641839553203 [L3]: Starting move selection for game step 17 with available time 0ms.
LOG 1641839553203 [L3]: No time to select next move using MCTS. Returning random move ( block r3 c2 ).
LOG 1641839553207 [L3]: Starting move selection for game step 18 with available time 0ms.
LOG 1641839553207 [L3]: No time to select next move using MCTS. Returning random move ( block r6 c5 ).
LOG 1641839553211 [L3]: Starting move selection for game step 19 with available time 0ms.
LOG 1641839553212 [L3]: No time to select next move using MCTS. Returning random move ( mark r6 c3 ).
LOG 1641839553228 [L3]: Starting move selection for game step 20 with available time 0ms.
LOG 1641839553228 [L3]: No time to select next move using MCTS. Returning random move noop.
LOG 1641839553266 [L3]: Starting move selection for game step 21 with available time 0ms.
LOG 1641839553267 [L3]: No time to select next move using MCTS. Returning random move ( block r6 c6 ).
LOG 1641839553331 [L3]: Starting move selection for game step 22 with available time 0ms.
LOG 1641839553331 [L3]: No time to select next move using MCTS. Returning random move ( mark r6 c1 ).
LOG 1641839553352 [L3]: Starting move selection for game step 23 with available time 0ms.
LOG 1641839553352 [L3]: No time to select next move using MCTS. Returning random move noop.
LOG 1641839553429 [L3]: Starting move selection for game step 24 with available time 0ms.
LOG 1641839553430 [L3]: No time to select next move using MCTS. Returning random move ( mark r6 c4 ).
LOG 1641839553471 [L3]: Starting move selection for game step 25 with available time 0ms.
LOG 1641839553471 [L3]: No time to select next move using MCTS. Returning random move noop.
LOG 1641839553594 [L3]: Starting move selection for game step 26 with available time 0ms.
LOG 1641839553594 [L3]: No time to select next move using MCTS. Returning random move ( mark r7 c2 ).
LOG 1641839553643 [L3]: Starting move selection for game step 27 with available time 0ms.
LOG 1641839553643 [L3]: No time to select next move using MCTS. Returning random move noop.
LOG 1641839553797 [L3]: Starting move selection for game step 28 with available time 0ms.
LOG 1641839553797 [L3]: No time to select next move using MCTS. Returning random move ( mark r2 c4 ).
LOG 1641839553903 [L3]: Starting move selection for game step 29 with available time 0ms.
LOG 1641839553904 [L3]: No time to select next move using MCTS. Returning random move noop.
LOG 1641839554141 [L3]: Starting move selection for game step 30 with available time 0ms.
LOG 1641839554141 [L3]: No time to select next move using MCTS. Returning random move ( mark r1 c2 ).
LOG 1641839554281 [L3]: Starting move selection for game step 31 with available time 0ms.
LOG 1641839554281 [L3]: No time to select next move using MCTS. Returning random move noop.
LOG 1641839554729 [L3]: Starting move selection for game step 32 with available time 0ms.
LOG 1641839554730 [L3]: No time to select next move using MCTS. Returning random move ( mark r4 c1 ).
LOG 1641839554884 [L3]: Starting move selection for game step 33 with available time 0ms.
LOG 1641839554885 [L3]: No time to select next move using MCTS. Returning random move noop.
LOG 1641839555229 [L3]: Starting move selection for game step 34 with available time 0ms.
LOG 1641839555230 [L3]: No time to select next move using MCTS. Returning random move ( mark r2 c7 ).
