LOG 1641835554693 [L3]: Started match logging at: Mon Jan 10 18:25:54 CET 2022
LOG 1641835554701 [L3]: Game rules: [( role white ), ( role black ), ( <= ( base ( cell ?x ?y ?p ) ) ( index ?x ) ( index ?y ) ( role ?p ) ), ( <= ( base ( control ?p ) ) ( role ?p ) ), ( <= ( input ?p noop ) ( role ?p ) ), ( <= ( input ?p ( move ?x1 ?y1 ?x2 ?y2 ) ) ( role ?p ) ( index ?x1 ) ( index ?x2 ) ( index ?y1 ) ( index ?y2 ) ), ( init ( cell 1 1 white ) ), ( init ( cell 2 1 white ) ), ( init ( cell 3 1 white ) ), ( init ( cell 4 1 white ) ), ( init ( cell 5 1 white ) ), ( init ( cell 6 1 white ) ), ( init ( cell 7 1 white ) ), ( init ( cell 8 1 white ) ), ( init ( cell 1 2 white ) ), ( init ( cell 2 2 white ) ), ( init ( cell 3 2 white ) ), ( init ( cell 4 2 white ) ), ( init ( cell 5 2 white ) ), ( init ( cell 6 2 white ) ), ( init ( cell 7 2 white ) ), ( init ( cell 8 2 white ) ), ( init ( cell 1 7 black ) ), ( init ( cell 2 7 black ) ), ( init ( cell 3 7 black ) ), ( init ( cell 4 7 black ) ), ( init ( cell 5 7 black ) ), ( init ( cell 6 7 black ) ), ( init ( cell 7 7 black ) ), ( init ( cell 8 7 black ) ), ( init ( cell 1 8 black ) ), ( init ( cell 2 8 black ) ), ( init ( cell 3 8 black ) ), ( init ( cell 4 8 black ) ), ( init ( cell 5 8 black ) ), ( init ( cell 6 8 black ) ), ( init ( cell 7 8 black ) ), ( init ( cell 8 8 black ) ), ( init ( control white ) ), ( <= ( legal white noop ) ( true ( control black ) ) ), ( <= ( legal black noop ) ( true ( control white ) ) ), ( <= ( legal white ( move ?x1 ?y1 ?x2 ?y2 ) ) ( true ( control white ) ) ( true ( cell ?x1 ?y1 white ) ) ( whiteknightmove ?x1 ?y1 ?x2 ?y2 ) ( not ( true ( cell ?x2 ?y2 white ) ) ) ), ( <= ( legal black ( move ?x1 ?y1 ?x2 ?y2 ) ) ( true ( control black ) ) ( true ( cell ?x1 ?y1 black ) ) ( blackknightmove ?x1 ?y1 ?x2 ?y2 ) ( not ( true ( cell ?x2 ?y2 black ) ) ) ), ( <= ( next ( cell ?x ?y ?state ) ) ( true ( cell ?x ?y ?state ) ) ( does ?player ( move ?x1 ?y1 ?x2 ?y2 ) ) ( distinctcell ?x ?y ?x1 ?y1 ) ( distinctcell ?x ?y ?x2 ?y2 ) ), ( <= ( next ( cell ?x2 ?y2 ?player ) ) ( does ?player ( move ?x1 ?y1 ?x2 ?y2 ) ) ), ( <= ( next ( control black ) ) ( true ( control white ) ) ), ( <= ( next ( control white ) ) ( true ( control black ) ) ), ( <= terminal whitewin ), ( <= terminal blackwin ), ( <= ( goal white 100 ) whitewin ), ( <= ( goal white 0 ) blackwin ), ( <= ( goal black 100 ) blackwin ), ( <= ( goal black 0 ) whitewin ), ( <= whitewin ( index ?x ) ( true ( cell ?x 8 white ) ) ), ( <= blackwin ( index ?x ) ( true ( cell ?x 1 black ) ) ), ( <= whitewin ( not ( hasAnyPiece black ) ) ), ( <= blackwin ( not ( hasAnyPiece white ) ) ), ( <= ( hasAnyPiece ?player ) ( true ( cell ?x ?y ?player ) ) ), ( <= ( whiteknightmove ?x1 ?y1 ?x2 ?y2 ) ( plus 1 ?x1 ?x2 ) ( plus 2 ?y1 ?y2 ) ), ( <= ( whiteknightmove ?x1 ?y1 ?x2 ?y2 ) ( plus 1 ?x2 ?x1 ) ( plus 2 ?y1 ?y2 ) ), ( <= ( whiteknightmove ?x1 ?y1 ?x2 ?y2 ) ( plus 2 ?x1 ?x2 ) ( plus 1 ?y1 ?y2 ) ), ( <= ( whiteknightmove ?x1 ?y1 ?x2 ?y2 ) ( plus 2 ?x2 ?x1 ) ( plus 1 ?y1 ?y2 ) ), ( <= ( blackknightmove ?x1 ?y1 ?x2 ?y2 ) ( plus 1 ?x1 ?x2 ) ( plus 2 ?y2 ?y1 ) ), ( <= ( blackknightmove ?x1 ?y1 ?x2 ?y2 ) ( plus 1 ?x2 ?x1 ) ( plus 2 ?y2 ?y1 ) ), ( <= ( blackknightmove ?x1 ?y1 ?x2 ?y2 ) ( plus 2 ?x1 ?x2 ) ( plus 1 ?y2 ?y1 ) ), ( <= ( blackknightmove ?x1 ?y1 ?x2 ?y2 ) ( plus 2 ?x2 ?x1 ) ( plus 1 ?y2 ?y1 ) ), ( <= ( cell ?x ?y ) ( index ?x ) ( index ?y ) ), ( <= ( distinctcell ?x1 ?y1 ?x2 ?y2 ) ( cell ?x1 ?y1 ) ( cell ?x2 ?y2 ) ( distinct ?x1 ?x2 ) ), ( <= ( distinctcell ?x1 ?y1 ?x2 ?y2 ) ( cell ?x1 ?y1 ) ( cell ?x2 ?y2 ) ( distinct ?y1 ?y2 ) ), ( index 1 ), ( index 2 ), ( index 3 ), ( index 4 ), ( index 5 ), ( index 6 ), ( index 7 ), ( index 8 ), ( plus 1 1 2 ), ( plus 1 2 3 ), ( plus 1 3 4 ), ( plus 1 4 5 ), ( plus 1 5 6 ), ( plus 1 6 7 ), ( plus 1 7 8 ), ( plus 2 1 3 ), ( plus 2 2 4 ), ( plus 2 3 5 ), ( plus 2 4 6 ), ( plus 2 5 7 ), ( plus 2 6 8 )]
LOG 1641835554702 [L3]: Start clock: 15
LOG 1641835554702 [L3]: Play clock: 10
LOG 1641835559694 [L0]: [Sent at 1641835559694] ready
LOG 1641835559696 [L0]: [Received at 1641835559696] ( PLAY 5.knightThrough.1641835553160 NIL )
LOG 1641835559697 [L0]: [Sent at 1641835559697] ( move 3 2 4 4 )
LOG 1641835559700 [L0]: [Received at 1641835559700] ( PLAY 5.knightThrough.1641835553160 (( move 3 2 4 4 ) noop ) )
LOG 1641835559703 [L0]: [Sent at 1641835559703] noop
LOG 1641835559706 [L0]: [Received at 1641835559706] ( PLAY 5.knightThrough.1641835553160 (noop ( move 1 7 2 5 ) ) )
LOG 1641835559714 [L0]: [Sent at 1641835559714] ( move 2 2 1 4 )
LOG 1641835559717 [L0]: [Received at 1641835559717] ( PLAY 5.knightThrough.1641835553160 (( move 2 2 1 4 ) noop ) )
LOG 1641835559720 [L0]: [Sent at 1641835559720] noop
LOG 1641835559722 [L0]: [Received at 1641835559722] ( PLAY 5.knightThrough.1641835553160 (noop ( move 6 8 7 6 ) ) )
LOG 1641835559723 [L0]: [Sent at 1641835559723] ( move 7 2 8 4 )
LOG 1641835559726 [L0]: [Received at 1641835559726] ( PLAY 5.knightThrough.1641835553160 (( move 7 2 8 4 ) noop ) )
LOG 1641835559728 [L0]: [Sent at 1641835559728] noop
LOG 1641835559730 [L0]: [Received at 1641835559730] ( PLAY 5.knightThrough.1641835553160 (noop ( move 8 7 6 6 ) ) )
LOG 1641835559731 [L0]: [Sent at 1641835559731] ( move 5 2 3 3 )
LOG 1641835559734 [L0]: [Received at 1641835559734] ( PLAY 5.knightThrough.1641835553160 (( move 5 2 3 3 ) noop ) )
LOG 1641835559735 [L0]: [Sent at 1641835559735] noop
LOG 1641835559738 [L0]: [Received at 1641835559738] ( PLAY 5.knightThrough.1641835553160 (noop ( move 7 6 5 5 ) ) )
LOG 1641835559740 [L0]: [Sent at 1641835559740] ( move 1 4 3 5 )
LOG 1641835559742 [L0]: [Received at 1641835559742] ( PLAY 5.knightThrough.1641835553160 (( move 1 4 3 5 ) noop ) )
LOG 1641835559743 [L0]: [Sent at 1641835559743] noop
LOG 1641835559760 [L0]: [Received at 1641835559760] ( PLAY 5.knightThrough.1641835553160 (noop ( move 3 8 2 6 ) ) )
LOG 1641835559761 [L0]: [Sent at 1641835559761] ( move 3 3 1 4 )
LOG 1641835559763 [L0]: [Received at 1641835559763] ( PLAY 5.knightThrough.1641835553160 (( move 3 3 1 4 ) noop ) )
LOG 1641835559765 [L0]: [Sent at 1641835559765] noop
LOG 1641835559767 [L0]: [Received at 1641835559767] ( PLAY 5.knightThrough.1641835553160 (noop ( move 2 5 4 4 ) ) )
LOG 1641835559768 [L0]: [Sent at 1641835559768] ( move 3 1 5 2 )
LOG 1641835559770 [L0]: [Received at 1641835559770] ( PLAY 5.knightThrough.1641835553160 (( move 3 1 5 2 ) noop ) )
LOG 1641835559771 [L0]: [Sent at 1641835559771] noop
LOG 1641835559774 [L0]: [Received at 1641835559774] ( PLAY 5.knightThrough.1641835553160 (noop ( move 3 7 2 5 ) ) )
LOG 1641835559776 [L0]: [Sent at 1641835559776] ( move 7 1 8 3 )
LOG 1641835559778 [L0]: [Received at 1641835559778] ( PLAY 5.knightThrough.1641835553160 (( move 7 1 8 3 ) noop ) )
LOG 1641835559779 [L0]: [Sent at 1641835559779] noop
LOG 1641835559783 [L0]: [Received at 1641835559783] ( PLAY 5.knightThrough.1641835553160 (noop ( move 6 7 7 5 ) ) )
LOG 1641835559784 [L0]: [Sent at 1641835559784] ( move 1 1 3 2 )
LOG 1641835559786 [L0]: [Received at 1641835559786] ( PLAY 5.knightThrough.1641835553160 (( move 1 1 3 2 ) noop ) )
LOG 1641835559788 [L0]: [Sent at 1641835559788] noop
LOG 1641835559790 [L0]: [Received at 1641835559790] ( PLAY 5.knightThrough.1641835553160 (noop ( move 7 7 8 5 ) ) )
LOG 1641835559791 [L0]: [Sent at 1641835559791] ( move 4 2 3 4 )
LOG 1641835559795 [L0]: [Received at 1641835559795] ( PLAY 5.knightThrough.1641835553160 (( move 4 2 3 4 ) noop ) )
LOG 1641835559796 [L0]: [Sent at 1641835559796] noop
LOG 1641835559798 [L0]: [Received at 1641835559798] ( PLAY 5.knightThrough.1641835553160 (noop ( move 5 7 6 5 ) ) )
LOG 1641835559800 [L0]: [Sent at 1641835559800] ( move 3 4 5 5 )
LOG 1641835559802 [L0]: [Received at 1641835559802] ( PLAY 5.knightThrough.1641835553160 (( move 3 4 5 5 ) noop ) )
LOG 1641835559803 [L0]: [Sent at 1641835559803] noop
LOG 1641835559806 [L0]: [Received at 1641835559806] ( PLAY 5.knightThrough.1641835553160 (noop ( move 2 6 4 5 ) ) )
LOG 1641835559808 [L0]: [Sent at 1641835559808] ( move 3 5 1 6 )
LOG 1641835559810 [L0]: [Received at 1641835559810] ( PLAY 5.knightThrough.1641835553160 (( move 3 5 1 6 ) noop ) )
LOG 1641835559812 [L0]: [Sent at 1641835559812] noop
LOG 1641835559814 [L0]: [Received at 1641835559814] ( PLAY 5.knightThrough.1641835553160 (noop ( move 2 8 1 6 ) ) )
LOG 1641835559815 [L0]: [Sent at 1641835559815] ( move 3 2 4 4 )
LOG 1641835559817 [L0]: [Received at 1641835559817] ( PLAY 5.knightThrough.1641835553160 (( move 3 2 4 4 ) noop ) )
LOG 1641835559818 [L0]: [Sent at 1641835559818] noop
LOG 1641835559820 [L0]: [Received at 1641835559820] ( PLAY 5.knightThrough.1641835553160 (noop ( move 6 5 4 4 ) ) )
LOG 1641835559821 [L0]: [Sent at 1641835559821] ( move 2 1 1 3 )
LOG 1641835559823 [L0]: [Received at 1641835559823] ( PLAY 5.knightThrough.1641835553160 (( move 2 1 1 3 ) noop ) )
LOG 1641835559824 [L0]: [Sent at 1641835559824] noop
LOG 1641835559826 [L0]: [Received at 1641835559826] ( PLAY 5.knightThrough.1641835553160 (noop ( move 7 8 8 6 ) ) )
LOG 1641835559828 [L0]: [Sent at 1641835559828] ( move 5 2 6 4 )
LOG 1641835559830 [L0]: [Received at 1641835559830] ( PLAY 5.knightThrough.1641835553160 (( move 5 2 6 4 ) noop ) )
LOG 1641835559831 [L0]: [Sent at 1641835559831] noop
LOG 1641835559833 [L0]: [Received at 1641835559833] ( PLAY 5.knightThrough.1641835553160 (noop ( move 1 8 3 7 ) ) )
LOG 1641835559834 [L0]: [Sent at 1641835559834] ( move 5 5 6 7 )
LOG 1641835559836 [L0]: [Received at 1641835559836] ( PLAY 5.knightThrough.1641835553160 (( move 5 5 6 7 ) noop ) )
LOG 1641835559837 [L0]: [Sent at 1641835559837] noop
LOG 1641835559839 [L0]: [Received at 1641835559839] ( PLAY 5.knightThrough.1641835553160 (noop ( move 4 7 2 6 ) ) )
LOG 1641835559841 [L0]: [Sent at 1641835559841] ( move 4 1 2 2 )
LOG 1641835559844 [L0]: [Received at 1641835559844] ( PLAY 5.knightThrough.1641835553160 (( move 4 1 2 2 ) noop ) )
LOG 1641835559845 [L0]: [Sent at 1641835559845] noop
LOG 1641835559847 [L0]: [Received at 1641835559847] ( PLAY 5.knightThrough.1641835553160 (noop ( move 6 6 7 4 ) ) )
LOG 1641835559848 [L0]: [Sent at 1641835559848] ( move 1 4 3 5 )
LOG 1641835559850 [L0]: [Received at 1641835559850] ( PLAY 5.knightThrough.1641835553160 (( move 1 4 3 5 ) noop ) )
LOG 1641835559852 [L0]: [Sent at 1641835559852] noop
LOG 1641835559854 [L0]: [Received at 1641835559854] ( PLAY 5.knightThrough.1641835553160 (noop ( move 4 8 3 6 ) ) )
LOG 1641835559855 [L0]: [Sent at 1641835559855] ( move 6 7 8 8 )
LOG 1641835559857 [L0]: [Received at 1641835559857] ( STOP 5.knightThrough.1641835553160 (( move 6 7 8 8 ) noop ) )
LOG 1641835559858 [L3]: Stopped logging to files at: Mon Jan 10 18:25:59 CET 2022
LOG 1641835559859 [L3]: LOG SEALED
