LOG 1641834182238 [L3]: Returning initial state machine.
LOG 1641834182239 [L3]: Returning PropNet state machine without cache.
LOG 1641834182240 [L3]: Starting metagame with available thinking time 4990ms.
LOG 1641834182241 [L3]: Starting search during metagame.
LOG 1641834187230 [L3]: Done searching during metagame.
LOG 1641834187233 [L3]: Starting move selection for game step 1 with available time 0ms.
LOG 1641834187234 [L3]: No time to select next move using MCTS. Returning random move noop.
LOG 1641834187238 [L3]: Starting move selection for game step 2 with available time -1ms.
LOG 1641834187239 [L3]: No time to select next move using MCTS. Returning random move ( move 1 7 1 6 ).
LOG 1641834187243 [L3]: Starting move selection for game step 3 with available time 0ms.
LOG 1641834187251 [L3]: No time to select next move using MCTS. Returning random move noop.
LOG 1641834187255 [L3]: Starting move selection for game step 4 with available time 0ms.
LOG 1641834187258 [L3]: No time to select next move using MCTS. Returning random move ( move 1 6 2 5 ).
LOG 1641834187268 [L3]: Starting move selection for game step 5 with available time 0ms.
LOG 1641834187269 [L3]: No time to select next move using MCTS. Returning random move noop.
LOG 1641834187273 [L3]: Starting move selection for game step 6 with available time 0ms.
LOG 1641834187273 [L3]: No time to select next move using MCTS. Returning random move ( move 4 7 3 6 ).
LOG 1641834187277 [L3]: Starting move selection for game step 7 with available time 0ms.
LOG 1641834187277 [L3]: No time to select next move using MCTS. Returning random move noop.
LOG 1641834187282 [L3]: Starting move selection for game step 8 with available time 0ms.
LOG 1641834187282 [L3]: No time to select next move using MCTS. Returning random move ( move 8 7 7 6 ).
LOG 1641834187286 [L3]: Starting move selection for game step 9 with available time 0ms.
LOG 1641834187287 [L3]: No time to select next move using MCTS. Returning random move noop.
LOG 1641834187291 [L3]: Starting move selection for game step 10 with available time 0ms.
LOG 1641834187292 [L3]: No time to select next move using MCTS. Returning random move ( move 7 8 8 7 ).
LOG 1641834187296 [L3]: Starting move selection for game step 11 with available time 0ms.
LOG 1641834187297 [L3]: No time to select next move using MCTS. Returning random move noop.
LOG 1641834187300 [L3]: Starting move selection for game step 12 with available time 0ms.
LOG 1641834187301 [L3]: No time to select next move using MCTS. Returning random move ( move 5 7 6 6 ).
LOG 1641834187305 [L3]: Starting move selection for game step 13 with available time 0ms.
LOG 1641834187305 [L3]: No time to select next move using MCTS. Returning random move noop.
LOG 1641834187309 [L3]: Starting move selection for game step 14 with available time 0ms.
LOG 1641834187309 [L3]: No time to select next move using MCTS. Returning random move ( move 7 7 8 6 ).
LOG 1641834187313 [L3]: Starting move selection for game step 15 with available time 0ms.
LOG 1641834187313 [L3]: No time to select next move using MCTS. Returning random move noop.
LOG 1641834187317 [L3]: Starting move selection for game step 16 with available time 0ms.
LOG 1641834187317 [L3]: No time to select next move using MCTS. Returning random move ( move 6 8 5 7 ).
LOG 1641834187323 [L3]: Starting move selection for game step 17 with available time -1ms.
LOG 1641834187323 [L3]: No time to select next move using MCTS. Returning random move noop.
LOG 1641834187327 [L3]: Starting move selection for game step 18 with available time 0ms.
LOG 1641834187328 [L3]: No time to select next move using MCTS. Returning random move ( move 3 6 3 5 ).
LOG 1641834187333 [L3]: Starting move selection for game step 19 with available time 0ms.
LOG 1641834187333 [L3]: No time to select next move using MCTS. Returning random move noop.
LOG 1641834187337 [L3]: Starting move selection for game step 20 with available time 0ms.
LOG 1641834187337 [L3]: No time to select next move using MCTS. Returning random move ( move 5 8 4 7 ).
LOG 1641834187343 [L3]: Starting move selection for game step 21 with available time 0ms.
LOG 1641834187343 [L3]: No time to select next move using MCTS. Returning random move noop.
LOG 1641834187348 [L3]: Starting move selection for game step 22 with available time 0ms.
LOG 1641834187349 [L3]: No time to select next move using MCTS. Returning random move ( move 6 6 7 5 ).
LOG 1641834187354 [L3]: Starting move selection for game step 23 with available time -1ms.
LOG 1641834187354 [L3]: No time to select next move using MCTS. Returning random move noop.
LOG 1641834187359 [L3]: Starting move selection for game step 24 with available time 0ms.
LOG 1641834187359 [L3]: No time to select next move using MCTS. Returning random move ( move 3 7 4 6 ).
LOG 1641834187363 [L3]: Starting move selection for game step 25 with available time 0ms.
LOG 1641834187364 [L3]: No time to select next move using MCTS. Returning random move noop.
LOG 1641834187367 [L3]: Starting move selection for game step 26 with available time 0ms.
LOG 1641834187368 [L3]: No time to select next move using MCTS. Returning random move ( move 3 8 3 7 ).
LOG 1641834187371 [L3]: Starting move selection for game step 27 with available time 0ms.
LOG 1641834187372 [L3]: No time to select next move using MCTS. Returning random move noop.
LOG 1641834187377 [L3]: Starting move selection for game step 28 with available time 0ms.
LOG 1641834187377 [L3]: No time to select next move using MCTS. Returning random move ( move 8 6 8 5 ).
LOG 1641834187381 [L3]: Starting move selection for game step 29 with available time 0ms.
LOG 1641834187381 [L3]: No time to select next move using MCTS. Returning random move noop.
LOG 1641834187385 [L3]: Starting move selection for game step 30 with available time 0ms.
LOG 1641834187386 [L3]: No time to select next move using MCTS. Returning random move ( move 1 8 1 7 ).
LOG 1641834187391 [L3]: Starting move selection for game step 31 with available time 0ms.
LOG 1641834187391 [L3]: No time to select next move using MCTS. Returning random move noop.
LOG 1641834187396 [L3]: Starting move selection for game step 32 with available time 0ms.
LOG 1641834187396 [L3]: No time to select next move using MCTS. Returning random move ( move 7 5 8 4 ).
LOG 1641834187401 [L3]: Starting move selection for game step 33 with available time 0ms.
LOG 1641834187401 [L3]: No time to select next move using MCTS. Returning random move noop.
LOG 1641834187406 [L3]: Starting move selection for game step 34 with available time 0ms.
LOG 1641834187406 [L3]: No time to select next move using MCTS. Returning random move ( move 8 5 7 4 ).
LOG 1641834187411 [L3]: Starting move selection for game step 35 with available time 0ms.
LOG 1641834187411 [L3]: No time to select next move using MCTS. Returning random move noop.
LOG 1641834187415 [L3]: Starting move selection for game step 36 with available time 0ms.
LOG 1641834187415 [L3]: No time to select next move using MCTS. Returning random move ( move 4 7 3 6 ).
LOG 1641834187420 [L3]: Starting move selection for game step 37 with available time 0ms.
LOG 1641834187420 [L3]: No time to select next move using MCTS. Returning random move noop.
LOG 1641834187424 [L3]: Starting move selection for game step 38 with available time 0ms.
LOG 1641834187425 [L3]: No time to select next move using MCTS. Returning random move ( move 2 5 1 4 ).
LOG 1641834187429 [L3]: Starting move selection for game step 39 with available time 0ms.
LOG 1641834187430 [L3]: No time to select next move using MCTS. Returning random move noop.
LOG 1641834187433 [L3]: Starting move selection for game step 40 with available time 0ms.
LOG 1641834187433 [L3]: No time to select next move using MCTS. Returning random move ( move 7 6 7 5 ).
LOG 1641834187444 [L3]: Starting move selection for game step 41 with available time 0ms.
LOG 1641834187445 [L3]: No time to select next move using MCTS. Returning random move noop.
LOG 1641834187449 [L3]: Starting move selection for game step 42 with available time 0ms.
LOG 1641834187449 [L3]: No time to select next move using MCTS. Returning random move ( move 2 7 2 6 ).
LOG 1641834187454 [L3]: Starting move selection for game step 43 with available time 0ms.
LOG 1641834187455 [L3]: No time to select next move using MCTS. Returning random move noop.
LOG 1641834187459 [L3]: Starting move selection for game step 44 with available time 0ms.
LOG 1641834187459 [L3]: No time to select next move using MCTS. Returning random move ( move 7 4 8 3 ).
LOG 1641834187464 [L3]: Starting move selection for game step 45 with available time 0ms.
LOG 1641834187464 [L3]: No time to select next move using MCTS. Returning random move noop.
LOG 1641834187468 [L3]: Starting move selection for game step 46 with available time 0ms.
LOG 1641834187468 [L3]: No time to select next move using MCTS. Returning random move ( move 8 3 7 2 ).
LOG 1641834187473 [L3]: Starting move selection for game step 47 with available time 0ms.
LOG 1641834187473 [L3]: No time to select next move using MCTS. Returning random move noop.
LOG 1641834187477 [L3]: Starting move selection for game step 48 with available time 0ms.
LOG 1641834187477 [L3]: No time to select next move using MCTS. Returning random move ( move 6 7 7 6 ).
LOG 1641834187480 [L3]: Starting move selection for game step 49 with available time 0ms.
LOG 1641834187481 [L3]: No time to select next move using MCTS. Returning random move noop.
LOG 1641834187485 [L3]: Starting move selection for game step 50 with available time 0ms.
LOG 1641834187486 [L3]: No time to select next move using MCTS. Returning random move ( move 7 5 7 4 ).
LOG 1641834187489 [L3]: Starting move selection for game step 51 with available time 0ms.
LOG 1641834187489 [L3]: No time to select next move using MCTS. Returning random move noop.
LOG 1641834187494 [L3]: Starting move selection for game step 52 with available time 0ms.
LOG 1641834187494 [L3]: No time to select next move using MCTS. Returning random move ( move 3 6 2 5 ).
LOG 1641834187498 [L3]: Starting move selection for game step 53 with available time 0ms.
LOG 1641834187498 [L3]: No time to select next move using MCTS. Returning random move noop.
LOG 1641834187502 [L3]: Starting move selection for game step 54 with available time 0ms.
LOG 1641834187502 [L3]: No time to select next move using MCTS. Returning random move ( move 7 6 8 5 ).
LOG 1641834187505 [L3]: Starting move selection for game step 55 with available time 0ms.
LOG 1641834187505 [L3]: No time to select next move using MCTS. Returning random move noop.
LOG 1641834187509 [L3]: Starting move selection for game step 56 with available time 0ms.
LOG 1641834187509 [L3]: No time to select next move using MCTS. Returning random move ( move 3 5 3 4 ).
LOG 1641834187512 [L3]: Starting move selection for game step 57 with available time 0ms.
LOG 1641834187513 [L3]: No time to select next move using MCTS. Returning random move noop.
LOG 1641834187516 [L3]: Starting move selection for game step 58 with available time 0ms.
LOG 1641834187516 [L3]: No time to select next move using MCTS. Returning random move ( move 8 7 7 6 ).
LOG 1641834187519 [L3]: Starting move selection for game step 59 with available time 0ms.
LOG 1641834187520 [L3]: No time to select next move using MCTS. Returning random move noop.
LOG 1641834187523 [L3]: Starting move selection for game step 60 with available time 0ms.
LOG 1641834187523 [L3]: No time to select next move using MCTS. Returning random move ( move 8 8 8 7 ).
LOG 1641834187526 [L3]: Starting move selection for game step 61 with available time 0ms.
LOG 1641834187527 [L3]: No time to select next move using MCTS. Returning random move noop.
LOG 1641834187531 [L3]: Starting move selection for game step 62 with available time 0ms.
LOG 1641834187532 [L3]: No time to select next move using MCTS. Returning random move ( move 7 2 7 1 ).
