LOG 1641832945038 [L3]: Returning initial state machine.
LOG 1641832945038 [L3]: Returning PropNet state machine without cache.
LOG 1641832945039 [L3]: Starting metagame with available thinking time 4990ms.
LOG 1641832945041 [L3]: Starting search during metagame.
LOG 1641832950029 [L3]: Done searching during metagame.
LOG 1641832950032 [L3]: Starting move selection for game step 1 with available time 0ms.
LOG 1641832950032 [L3]: No time to select next move using MCTS. Returning random move noop.
LOG 1641832950036 [L3]: Starting move selection for game step 2 with available time 0ms.
LOG 1641832950039 [L3]: No time to select next move using MCTS. Returning random move ( drop 3 ).
LOG 1641832950043 [L3]: Starting move selection for game step 3 with available time 0ms.
LOG 1641832950051 [L3]: No time to select next move using MCTS. Returning random move noop.
LOG 1641832950055 [L3]: Starting move selection for game step 4 with available time 0ms.
LOG 1641832950058 [L3]: No time to select next move using MCTS. Returning random move ( drop 1 ).
LOG 1641832950061 [L3]: Starting move selection for game step 5 with available time 0ms.
LOG 1641832950061 [L3]: No time to select next move using MCTS. Returning random move noop.
LOG 1641832950065 [L3]: Starting move selection for game step 6 with available time 0ms.
LOG 1641832950066 [L3]: No time to select next move using MCTS. Returning random move ( drop 3 ).
LOG 1641832950069 [L3]: Starting move selection for game step 7 with available time 0ms.
LOG 1641832950069 [L3]: No time to select next move using MCTS. Returning random move noop.
LOG 1641832950073 [L3]: Starting move selection for game step 8 with available time 0ms.
LOG 1641832950073 [L3]: No time to select next move using MCTS. Returning random move ( drop 3 ).
LOG 1641832950084 [L3]: Starting move selection for game step 9 with available time 0ms.
LOG 1641832950085 [L3]: No time to select next move using MCTS. Returning random move noop.
LOG 1641832950089 [L3]: Starting move selection for game step 10 with available time 0ms.
LOG 1641832950090 [L3]: No time to select next move using MCTS. Returning random move ( drop 6 ).
LOG 1641832950093 [L3]: Starting move selection for game step 11 with available time 0ms.
LOG 1641832950093 [L3]: No time to select next move using MCTS. Returning random move noop.
LOG 1641832950097 [L3]: Starting move selection for game step 12 with available time 0ms.
LOG 1641832950097 [L3]: No time to select next move using MCTS. Returning random move ( drop 7 ).
LOG 1641832950101 [L3]: Starting move selection for game step 13 with available time 0ms.
LOG 1641832950101 [L3]: No time to select next move using MCTS. Returning random move noop.
LOG 1641832950104 [L3]: Starting move selection for game step 14 with available time 0ms.
LOG 1641832950105 [L3]: No time to select next move using MCTS. Returning random move ( drop 5 ).
LOG 1641832950108 [L3]: Starting move selection for game step 15 with available time 0ms.
LOG 1641832950109 [L3]: No time to select next move using MCTS. Returning random move noop.
LOG 1641832950112 [L3]: Starting move selection for game step 16 with available time 0ms.
LOG 1641832950112 [L3]: No time to select next move using MCTS. Returning random move ( drop 4 ).
LOG 1641832950116 [L3]: Starting move selection for game step 17 with available time 0ms.
LOG 1641832950116 [L3]: No time to select next move using MCTS. Returning random move noop.
