LOG 1641835675051 [L3]: Returning initial state machine.
LOG 1641835675052 [L3]: Returning PropNet state machine without cache.
LOG 1641835675052 [L3]: Starting metagame with available thinking time 4990ms.
LOG 1641835675054 [L3]: Starting search during metagame.
LOG 1641835680042 [L3]: Done searching during metagame.
LOG 1641835680045 [L3]: Starting move selection for game step 1 with available time 0ms.
LOG 1641835680045 [L3]: No time to select next move using MCTS. Returning random move ( move 7 1 8 3 ).
LOG 1641835680050 [L3]: Starting move selection for game step 2 with available time 0ms.
LOG 1641835680051 [L3]: No time to select next move using MCTS. Returning random move noop.
LOG 1641835680057 [L3]: Starting move selection for game step 3 with available time 0ms.
LOG 1641835680058 [L3]: No time to select next move using MCTS. Returning random move ( move 6 2 4 3 ).
LOG 1641835680064 [L3]: Starting move selection for game step 4 with available time 0ms.
LOG 1641835680069 [L3]: No time to select next move using MCTS. Returning random move noop.
LOG 1641835680078 [L3]: Starting move selection for game step 5 with available time 0ms.
LOG 1641835680078 [L3]: No time to select next move using MCTS. Returning random move ( move 4 1 3 3 ).
LOG 1641835680081 [L3]: Starting move selection for game step 6 with available time 0ms.
LOG 1641835680082 [L3]: No time to select next move using MCTS. Returning random move noop.
LOG 1641835680086 [L3]: Starting move selection for game step 7 with available time 0ms.
LOG 1641835680086 [L3]: No time to select next move using MCTS. Returning random move ( move 3 2 1 3 ).
LOG 1641835680090 [L3]: Starting move selection for game step 8 with available time 0ms.
LOG 1641835680090 [L3]: No time to select next move using MCTS. Returning random move noop.
LOG 1641835680094 [L3]: Starting move selection for game step 9 with available time 0ms.
LOG 1641835680094 [L3]: No time to select next move using MCTS. Returning random move ( move 1 3 2 5 ).
LOG 1641835680098 [L3]: Starting move selection for game step 10 with available time 0ms.
LOG 1641835680098 [L3]: No time to select next move using MCTS. Returning random move noop.
LOG 1641835680102 [L3]: Starting move selection for game step 11 with available time -1ms.
LOG 1641835680102 [L3]: No time to select next move using MCTS. Returning random move ( move 2 1 1 3 ).
LOG 1641835680105 [L3]: Starting move selection for game step 12 with available time 0ms.
LOG 1641835680106 [L3]: No time to select next move using MCTS. Returning random move noop.
LOG 1641835680109 [L3]: Starting move selection for game step 13 with available time 0ms.
LOG 1641835680109 [L3]: No time to select next move using MCTS. Returning random move ( move 7 2 5 3 ).
LOG 1641835680112 [L3]: Starting move selection for game step 14 with available time 0ms.
LOG 1641835680113 [L3]: No time to select next move using MCTS. Returning random move noop.
LOG 1641835680116 [L3]: Starting move selection for game step 15 with available time 0ms.
LOG 1641835680116 [L3]: No time to select next move using MCTS. Returning random move ( move 4 2 6 3 ).
LOG 1641835680119 [L3]: Starting move selection for game step 16 with available time 0ms.
LOG 1641835680119 [L3]: No time to select next move using MCTS. Returning random move noop.
LOG 1641835680123 [L3]: Starting move selection for game step 17 with available time 0ms.
LOG 1641835680124 [L3]: No time to select next move using MCTS. Returning random move ( move 6 3 7 5 ).
LOG 1641835680127 [L3]: Starting move selection for game step 18 with available time -1ms.
LOG 1641835680127 [L3]: No time to select next move using MCTS. Returning random move noop.
LOG 1641835680130 [L3]: Starting move selection for game step 19 with available time 0ms.
LOG 1641835680130 [L3]: No time to select next move using MCTS. Returning random move ( move 2 5 1 7 ).
LOG 1641835680133 [L3]: Starting move selection for game step 20 with available time 0ms.
LOG 1641835680134 [L3]: No time to select next move using MCTS. Returning random move noop.
LOG 1641835680137 [L3]: Starting move selection for game step 21 with available time 0ms.
LOG 1641835680137 [L3]: No time to select next move using MCTS. Returning random move ( move 4 3 2 4 ).
LOG 1641835680140 [L3]: Starting move selection for game step 22 with available time 0ms.
LOG 1641835680140 [L3]: No time to select next move using MCTS. Returning random move noop.
LOG 1641835680143 [L3]: Starting move selection for game step 23 with available time 0ms.
LOG 1641835680143 [L3]: No time to select next move using MCTS. Returning random move ( move 1 3 2 5 ).
LOG 1641835680146 [L3]: Starting move selection for game step 24 with available time 0ms.
LOG 1641835680146 [L3]: No time to select next move using MCTS. Returning random move noop.
LOG 1641835680160 [L3]: Starting move selection for game step 25 with available time 0ms.
LOG 1641835680160 [L3]: No time to select next move using MCTS. Returning random move ( move 2 4 3 6 ).
LOG 1641835680163 [L3]: Starting move selection for game step 26 with available time 0ms.
LOG 1641835680163 [L3]: No time to select next move using MCTS. Returning random move noop.
LOG 1641835680166 [L3]: Starting move selection for game step 27 with available time 0ms.
LOG 1641835680166 [L3]: No time to select next move using MCTS. Returning random move ( move 3 6 2 8 ).
