LOG 1641837189251 [L3]: Returning initial state machine.
LOG 1641837189251 [L3]: Returning PropNet state machine without cache.
LOG 1641837189252 [L3]: Starting metagame with available thinking time 4990ms.
LOG 1641837189253 [L3]: Starting search during metagame.
LOG 1641837195251 [L3]: Done searching during metagame.
LOG 1641837195254 [L3]: Starting move selection for game step 1 with available time 0ms.
LOG 1641837195254 [L3]: No time to select next move using MCTS. Returning random move ( mark r2 c6 ).
LOG 1641837195257 [L3]: Starting move selection for game step 2 with available time 0ms.
LOG 1641837195257 [L3]: No time to select next move using MCTS. Returning random move noop.
LOG 1641837195260 [L3]: Starting move selection for game step 3 with available time 0ms.
LOG 1641837195267 [L3]: No time to select next move using MCTS. Returning random move noop.
LOG 1641837195271 [L3]: Starting move selection for game step 4 with available time 0ms.
LOG 1641837195271 [L3]: No time to select next move using MCTS. Returning random move ( mark r7 c3 ).
LOG 1641837195275 [L3]: Starting move selection for game step 5 with available time 0ms.
LOG 1641837195276 [L3]: No time to select next move using MCTS. Returning random move noop.
LOG 1641837195281 [L3]: Starting move selection for game step 6 with available time 0ms.
LOG 1641837195281 [L3]: No time to select next move using MCTS. Returning random move ( mark r6 c2 ).
LOG 1641837195286 [L3]: Starting move selection for game step 7 with available time 0ms.
LOG 1641837195287 [L3]: No time to select next move using MCTS. Returning random move noop.
LOG 1641837195294 [L3]: Starting move selection for game step 8 with available time 0ms.
LOG 1641837195294 [L3]: No time to select next move using MCTS. Returning random move ( mark r4 c7 ).
LOG 1641837195306 [L3]: Starting move selection for game step 9 with available time 0ms.
LOG 1641837195306 [L3]: No time to select next move using MCTS. Returning random move noop.
LOG 1641837195310 [L3]: Starting move selection for game step 10 with available time 0ms.
LOG 1641837195311 [L3]: No time to select next move using MCTS. Returning random move noop.
LOG 1641837195314 [L3]: Starting move selection for game step 11 with available time 0ms.
LOG 1641837195314 [L3]: No time to select next move using MCTS. Returning random move noop.
LOG 1641837195334 [L3]: Starting move selection for game step 12 with available time 0ms.
LOG 1641837195334 [L3]: No time to select next move using MCTS. Returning random move ( block r4 c6 ).
LOG 1641837195338 [L3]: Starting move selection for game step 13 with available time 0ms.
LOG 1641837195339 [L3]: No time to select next move using MCTS. Returning random move ( block r6 c5 ).
LOG 1641837195342 [L3]: Starting move selection for game step 14 with available time 0ms.
LOG 1641837195343 [L3]: No time to select next move using MCTS. Returning random move ( block r6 c7 ).
LOG 1641837195346 [L3]: Starting move selection for game step 15 with available time 0ms.
LOG 1641837195347 [L3]: No time to select next move using MCTS. Returning random move ( block r7 c4 ).
LOG 1641837195350 [L3]: Starting move selection for game step 16 with available time 0ms.
LOG 1641837195350 [L3]: No time to select next move using MCTS. Returning random move ( mark r1 c5 ).
LOG 1641837195375 [L3]: Starting move selection for game step 17 with available time 0ms.
LOG 1641837195376 [L3]: No time to select next move using MCTS. Returning random move noop.
LOG 1641837195380 [L3]: Starting move selection for game step 18 with available time 0ms.
LOG 1641837195380 [L3]: No time to select next move using MCTS. Returning random move noop.
LOG 1641837195412 [L3]: Starting move selection for game step 19 with available time -1ms.
LOG 1641837195412 [L3]: No time to select next move using MCTS. Returning random move ( block r3 c1 ).
LOG 1641837195417 [L3]: Starting move selection for game step 20 with available time 0ms.
LOG 1641837195417 [L3]: No time to select next move using MCTS. Returning random move ( mark r5 c4 ).
LOG 1641837195456 [L3]: Starting move selection for game step 21 with available time 0ms.
LOG 1641837195456 [L3]: No time to select next move using MCTS. Returning random move noop.
LOG 1641837195516 [L3]: Starting move selection for game step 22 with available time 0ms.
LOG 1641837195516 [L3]: No time to select next move using MCTS. Returning random move ( mark r7 c2 ).
LOG 1641837195554 [L3]: Starting move selection for game step 23 with available time 0ms.
LOG 1641837195555 [L3]: No time to select next move using MCTS. Returning random move noop.
LOG 1641837195563 [L3]: Starting move selection for game step 24 with available time 0ms.
LOG 1641837195563 [L3]: No time to select next move using MCTS. Returning random move noop.
LOG 1641837198418 [L3]: Starting move selection for game step 25 with available time 0ms.
LOG 1641837198418 [L3]: No time to select next move using MCTS. Returning random move ( mark r5 c6 ).
LOG 1641837198510 [L3]: Starting move selection for game step 26 with available time 0ms.
LOG 1641837198511 [L3]: No time to select next move using MCTS. Returning random move noop.
LOG 1641837198597 [L3]: Starting move selection for game step 27 with available time 0ms.
LOG 1641837198597 [L3]: No time to select next move using MCTS. Returning random move ( mark r1 c3 ).
LOG 1641837198735 [L3]: Starting move selection for game step 28 with available time 0ms.
LOG 1641837198736 [L3]: No time to select next move using MCTS. Returning random move noop.
LOG 1641837198877 [L3]: Starting move selection for game step 29 with available time 0ms.
LOG 1641837198878 [L3]: No time to select next move using MCTS. Returning random move ( mark r6 c1 ).
LOG 1641837198998 [L3]: Starting move selection for game step 30 with available time 0ms.
LOG 1641837198998 [L3]: No time to select next move using MCTS. Returning random move noop.
LOG 1641837201958 [L3]: Starting move selection for game step 31 with available time 0ms.
LOG 1641837201958 [L3]: No time to select next move using MCTS. Returning random move ( mark r4 c5 ).
LOG 1641837202215 [L3]: Starting move selection for game step 32 with available time 0ms.
LOG 1641837202215 [L3]: No time to select next move using MCTS. Returning random move noop.
LOG 1641837205326 [L3]: Starting move selection for game step 33 with available time 0ms.
LOG 1641837205326 [L3]: No time to select next move using MCTS. Returning random move ( mark r4 c3 ).
LOG 1641837205651 [L3]: Starting move selection for game step 34 with available time 0ms.
LOG 1641837205651 [L3]: No time to select next move using MCTS. Returning random move noop.
