LOG 1641833055502 [L3]: Returning initial state machine.
LOG 1641833055503 [L3]: Returning PropNet state machine without cache.
LOG 1641833055504 [L3]: Starting metagame with available thinking time 4988ms.
LOG 1641833055506 [L3]: Starting search during metagame.
LOG 1641833060509 [L3]: Done searching during metagame.
LOG 1641833060512 [L3]: Starting move selection for game step 1 with available time 0ms.
LOG 1641833060513 [L3]: No time to select next move using MCTS. Returning random move noop.
LOG 1641833060517 [L3]: Starting move selection for game step 2 with available time 0ms.
LOG 1641833060519 [L3]: No time to select next move using MCTS. Returning random move ( drop 6 ).
LOG 1641833060526 [L3]: Starting move selection for game step 3 with available time 0ms.
LOG 1641833060533 [L3]: No time to select next move using MCTS. Returning random move noop.
LOG 1641833060539 [L3]: Starting move selection for game step 4 with available time 0ms.
LOG 1641833060543 [L3]: No time to select next move using MCTS. Returning random move ( drop 6 ).
LOG 1641833060550 [L3]: Starting move selection for game step 5 with available time 0ms.
LOG 1641833060551 [L3]: No time to select next move using MCTS. Returning random move noop.
LOG 1641833060554 [L3]: Starting move selection for game step 6 with available time 0ms.
LOG 1641833060555 [L3]: No time to select next move using MCTS. Returning random move ( drop 2 ).
LOG 1641833060558 [L3]: Starting move selection for game step 7 with available time 0ms.
LOG 1641833060559 [L3]: No time to select next move using MCTS. Returning random move noop.
LOG 1641833060562 [L3]: Starting move selection for game step 8 with available time 0ms.
LOG 1641833060563 [L3]: No time to select next move using MCTS. Returning random move ( drop 7 ).
LOG 1641833060566 [L3]: Starting move selection for game step 9 with available time 0ms.
LOG 1641833060566 [L3]: No time to select next move using MCTS. Returning random move noop.
LOG 1641833060571 [L3]: Starting move selection for game step 10 with available time 0ms.
LOG 1641833060572 [L3]: No time to select next move using MCTS. Returning random move ( drop 2 ).
LOG 1641833060576 [L3]: Starting move selection for game step 11 with available time 0ms.
LOG 1641833060577 [L3]: No time to select next move using MCTS. Returning random move noop.
LOG 1641833060580 [L3]: Starting move selection for game step 12 with available time 0ms.
LOG 1641833060581 [L3]: No time to select next move using MCTS. Returning random move ( drop 4 ).
LOG 1641833060585 [L3]: Starting move selection for game step 13 with available time 0ms.
LOG 1641833060585 [L3]: No time to select next move using MCTS. Returning random move noop.
LOG 1641833060589 [L3]: Starting move selection for game step 14 with available time 0ms.
LOG 1641833060590 [L3]: No time to select next move using MCTS. Returning random move ( drop 4 ).
LOG 1641833060594 [L3]: Starting move selection for game step 15 with available time 0ms.
LOG 1641833060594 [L3]: No time to select next move using MCTS. Returning random move noop.
LOG 1641833060598 [L3]: Starting move selection for game step 16 with available time 0ms.
LOG 1641833060599 [L3]: No time to select next move using MCTS. Returning random move ( drop 1 ).
LOG 1641833060602 [L3]: Starting move selection for game step 17 with available time 0ms.
LOG 1641833060603 [L3]: No time to select next move using MCTS. Returning random move noop.
LOG 1641833060606 [L3]: Starting move selection for game step 18 with available time 0ms.
LOG 1641833060607 [L3]: No time to select next move using MCTS. Returning random move ( drop 6 ).
LOG 1641833060611 [L3]: Starting move selection for game step 19 with available time 0ms.
LOG 1641833060611 [L3]: No time to select next move using MCTS. Returning random move noop.
LOG 1641833060615 [L3]: Starting move selection for game step 20 with available time 0ms.
LOG 1641833060615 [L3]: No time to select next move using MCTS. Returning random move ( drop 5 ).
LOG 1641833060619 [L3]: Starting move selection for game step 21 with available time 0ms.
LOG 1641833060619 [L3]: No time to select next move using MCTS. Returning random move noop.
LOG 1641833060622 [L3]: Starting move selection for game step 22 with available time 0ms.
LOG 1641833060623 [L3]: No time to select next move using MCTS. Returning random move ( drop 4 ).
LOG 1641833060626 [L3]: Starting move selection for game step 23 with available time 0ms.
LOG 1641833060626 [L3]: No time to select next move using MCTS. Returning random move noop.
LOG 1641833060631 [L3]: Starting move selection for game step 24 with available time 0ms.
LOG 1641833060632 [L3]: No time to select next move using MCTS. Returning random move ( drop 2 ).
LOG 1641833060635 [L3]: Starting move selection for game step 25 with available time 0ms.
LOG 1641833060636 [L3]: No time to select next move using MCTS. Returning random move noop.
LOG 1641833060640 [L3]: Starting move selection for game step 26 with available time 0ms.
LOG 1641833060641 [L3]: No time to select next move using MCTS. Returning random move ( drop 1 ).
LOG 1641833060645 [L3]: Starting move selection for game step 27 with available time 0ms.
LOG 1641833060645 [L3]: No time to select next move using MCTS. Returning random move noop.
LOG 1641833060649 [L3]: Starting move selection for game step 28 with available time 0ms.
LOG 1641833060649 [L3]: No time to select next move using MCTS. Returning random move ( drop 3 ).
