LOG 1641908364419 [L3]: Returning initial state machine.
LOG 1641908364419 [L3]: Returning PropNet state machine without cache.
LOG 1641908364420 [L3]: Starting metagame with available thinking time 4989ms.
LOG 1641908364422 [L3]: Starting search during metagame.
LOG 1641908369409 [L3]: Done searching during metagame.
LOG 1641908369412 [L3]: Starting move selection for game step 1 with available time 10000ms.
LOG 1641908369412 [L3]: Selecting move using MCTS.
LOG 1641908379412 [L3]: Returning MCTS move ( drop 4 ).
LOG 1641908379415 [L3]: Starting move selection for game step 2 with available time 10000ms.
LOG 1641908379434 [L3]: Selecting move using MCTS.
LOG 1641908389415 [L3]: Returning MCTS move noop.
LOG 1641908389419 [L3]: Starting move selection for game step 3 with available time 10000ms.
LOG 1641908389448 [L3]: Selecting move using MCTS.
LOG 1641908399419 [L3]: Returning MCTS move ( drop 3 ).
LOG 1641908399429 [L3]: Starting move selection for game step 4 with available time 9999ms.
LOG 1641908399469 [L3]: Selecting move using MCTS.
LOG 1641908409428 [L3]: Returning MCTS move noop.
LOG 1641908409431 [L3]: Starting move selection for game step 5 with available time 10000ms.
LOG 1641908409470 [L3]: Selecting move using MCTS.
LOG 1641908419431 [L3]: Returning MCTS move ( drop 3 ).
LOG 1641908419434 [L3]: Starting move selection for game step 6 with available time 10000ms.
LOG 1641908419466 [L3]: Selecting move using MCTS.
LOG 1641908429434 [L3]: Returning MCTS move noop.
LOG 1641908429437 [L3]: Starting move selection for game step 7 with available time 10000ms.
LOG 1641908429475 [L3]: Selecting move using MCTS.
LOG 1641908439437 [L3]: Returning MCTS move ( drop 5 ).
LOG 1641908439440 [L3]: Starting move selection for game step 8 with available time 10000ms.
LOG 1641908439473 [L3]: Selecting move using MCTS.
LOG 1641908449440 [L3]: Returning MCTS move noop.
LOG 1641908449444 [L3]: Starting move selection for game step 9 with available time 10000ms.
LOG 1641908449478 [L3]: Selecting move using MCTS.
LOG 1641908459444 [L3]: Returning MCTS move ( drop 3 ).
LOG 1641908459447 [L3]: Starting move selection for game step 10 with available time 10000ms.
LOG 1641908459475 [L3]: Selecting move using MCTS.
LOG 1641908469447 [L3]: Returning MCTS move noop.
LOG 1641908469450 [L3]: Starting move selection for game step 11 with available time 10000ms.
LOG 1641908469481 [L3]: Selecting move using MCTS.
LOG 1641908479450 [L3]: Returning MCTS move ( drop 3 ).
