LOG 1641835520550 [L3]: Started match logging at: Mon Jan 10 18:25:20 CET 2022
LOG 1641835520554 [L3]: Game rules: [( role white ), ( role black ), ( <= ( base ( cell ?x ?y ?p ) ) ( index ?x ) ( index ?y ) ( role ?p ) ), ( <= ( base ( control ?p ) ) ( role ?p ) ), ( <= ( input ?p noop ) ( role ?p ) ), ( <= ( input ?p ( move ?x1 ?y1 ?x2 ?y2 ) ) ( role ?p ) ( index ?x1 ) ( index ?x2 ) ( index ?y1 ) ( index ?y2 ) ), ( init ( cell 1 1 white ) ), ( init ( cell 2 1 white ) ), ( init ( cell 3 1 white ) ), ( init ( cell 4 1 white ) ), ( init ( cell 5 1 white ) ), ( init ( cell 6 1 white ) ), ( init ( cell 7 1 white ) ), ( init ( cell 8 1 white ) ), ( init ( cell 1 2 white ) ), ( init ( cell 2 2 white ) ), ( init ( cell 3 2 white ) ), ( init ( cell 4 2 white ) ), ( init ( cell 5 2 white ) ), ( init ( cell 6 2 white ) ), ( init ( cell 7 2 white ) ), ( init ( cell 8 2 white ) ), ( init ( cell 1 7 black ) ), ( init ( cell 2 7 black ) ), ( init ( cell 3 7 black ) ), ( init ( cell 4 7 black ) ), ( init ( cell 5 7 black ) ), ( init ( cell 6 7 black ) ), ( init ( cell 7 7 black ) ), ( init ( cell 8 7 black ) ), ( init ( cell 1 8 black ) ), ( init ( cell 2 8 black ) ), ( init ( cell 3 8 black ) ), ( init ( cell 4 8 black ) ), ( init ( cell 5 8 black ) ), ( init ( cell 6 8 black ) ), ( init ( cell 7 8 black ) ), ( init ( cell 8 8 black ) ), ( init ( control white ) ), ( <= ( legal white noop ) ( true ( control black ) ) ), ( <= ( legal black noop ) ( true ( control white ) ) ), ( <= ( legal white ( move ?x1 ?y1 ?x2 ?y2 ) ) ( true ( control white ) ) ( true ( cell ?x1 ?y1 white ) ) ( whiteknightmove ?x1 ?y1 ?x2 ?y2 ) ( not ( true ( cell ?x2 ?y2 white ) ) ) ), ( <= ( legal black ( move ?x1 ?y1 ?x2 ?y2 ) ) ( true ( control black ) ) ( true ( cell ?x1 ?y1 black ) ) ( blackknightmove ?x1 ?y1 ?x2 ?y2 ) ( not ( true ( cell ?x2 ?y2 black ) ) ) ), ( <= ( next ( cell ?x ?y ?state ) ) ( true ( cell ?x ?y ?state ) ) ( does ?player ( move ?x1 ?y1 ?x2 ?y2 ) ) ( distinctcell ?x ?y ?x1 ?y1 ) ( distinctcell ?x ?y ?x2 ?y2 ) ), ( <= ( next ( cell ?x2 ?y2 ?player ) ) ( does ?player ( move ?x1 ?y1 ?x2 ?y2 ) ) ), ( <= ( next ( control black ) ) ( true ( control white ) ) ), ( <= ( next ( control white ) ) ( true ( control black ) ) ), ( <= terminal whitewin ), ( <= terminal blackwin ), ( <= ( goal white 100 ) whitewin ), ( <= ( goal white 0 ) blackwin ), ( <= ( goal black 100 ) blackwin ), ( <= ( goal black 0 ) whitewin ), ( <= whitewin ( index ?x ) ( true ( cell ?x 8 white ) ) ), ( <= blackwin ( index ?x ) ( true ( cell ?x 1 black ) ) ), ( <= whitewin ( not ( hasAnyPiece black ) ) ), ( <= blackwin ( not ( hasAnyPiece white ) ) ), ( <= ( hasAnyPiece ?player ) ( true ( cell ?x ?y ?player ) ) ), ( <= ( whiteknightmove ?x1 ?y1 ?x2 ?y2 ) ( plus 1 ?x1 ?x2 ) ( plus 2 ?y1 ?y2 ) ), ( <= ( whiteknightmove ?x1 ?y1 ?x2 ?y2 ) ( plus 1 ?x2 ?x1 ) ( plus 2 ?y1 ?y2 ) ), ( <= ( whiteknightmove ?x1 ?y1 ?x2 ?y2 ) ( plus 2 ?x1 ?x2 ) ( plus 1 ?y1 ?y2 ) ), ( <= ( whiteknightmove ?x1 ?y1 ?x2 ?y2 ) ( plus 2 ?x2 ?x1 ) ( plus 1 ?y1 ?y2 ) ), ( <= ( blackknightmove ?x1 ?y1 ?x2 ?y2 ) ( plus 1 ?x1 ?x2 ) ( plus 2 ?y2 ?y1 ) ), ( <= ( blackknightmove ?x1 ?y1 ?x2 ?y2 ) ( plus 1 ?x2 ?x1 ) ( plus 2 ?y2 ?y1 ) ), ( <= ( blackknightmove ?x1 ?y1 ?x2 ?y2 ) ( plus 2 ?x1 ?x2 ) ( plus 1 ?y2 ?y1 ) ), ( <= ( blackknightmove ?x1 ?y1 ?x2 ?y2 ) ( plus 2 ?x2 ?x1 ) ( plus 1 ?y2 ?y1 ) ), ( <= ( cell ?x ?y ) ( index ?x ) ( index ?y ) ), ( <= ( distinctcell ?x1 ?y1 ?x2 ?y2 ) ( cell ?x1 ?y1 ) ( cell ?x2 ?y2 ) ( distinct ?x1 ?x2 ) ), ( <= ( distinctcell ?x1 ?y1 ?x2 ?y2 ) ( cell ?x1 ?y1 ) ( cell ?x2 ?y2 ) ( distinct ?y1 ?y2 ) ), ( index 1 ), ( index 2 ), ( index 3 ), ( index 4 ), ( index 5 ), ( index 6 ), ( index 7 ), ( index 8 ), ( plus 1 1 2 ), ( plus 1 2 3 ), ( plus 1 3 4 ), ( plus 1 4 5 ), ( plus 1 5 6 ), ( plus 1 6 7 ), ( plus 1 7 8 ), ( plus 2 1 3 ), ( plus 2 2 4 ), ( plus 2 3 5 ), ( plus 2 4 6 ), ( plus 2 5 7 ), ( plus 2 6 8 )]
LOG 1641835520554 [L3]: Start clock: 15
LOG 1641835520555 [L3]: Play clock: 10
LOG 1641835525547 [L0]: [Sent at 1641835525547] ready
LOG 1641835525558 [L0]: [Received at 1641835525558] ( PLAY 0.knightThrough.1641835518012 NIL )
LOG 1641835525560 [L0]: [Sent at 1641835525560] ( move 4 2 3 4 )
LOG 1641835525573 [L0]: [Received at 1641835525573] ( PLAY 0.knightThrough.1641835518012 (( move 4 2 3 4 ) noop ) )
LOG 1641835525578 [L0]: [Sent at 1641835525578] noop
LOG 1641835525589 [L0]: [Received at 1641835525588] ( PLAY 0.knightThrough.1641835518012 (noop ( move 7 8 6 6 ) ) )
LOG 1641835525599 [L0]: [Sent at 1641835525599] ( move 6 1 5 3 )
LOG 1641835525606 [L0]: [Received at 1641835525606] ( PLAY 0.knightThrough.1641835518012 (( move 6 1 5 3 ) noop ) )
LOG 1641835525613 [L0]: [Sent at 1641835525613] noop
LOG 1641835525621 [L0]: [Received at 1641835525621] ( PLAY 0.knightThrough.1641835518012 (noop ( move 7 7 8 5 ) ) )
LOG 1641835525623 [L0]: [Sent at 1641835525623] ( move 6 2 5 4 )
LOG 1641835525628 [L0]: [Received at 1641835525628] ( PLAY 0.knightThrough.1641835518012 (( move 6 2 5 4 ) noop ) )
LOG 1641835525630 [L0]: [Sent at 1641835525630] noop
LOG 1641835525637 [L0]: [Received at 1641835525637] ( PLAY 0.knightThrough.1641835518012 (noop ( move 4 7 5 5 ) ) )
LOG 1641835525639 [L0]: [Sent at 1641835525639] ( move 7 1 6 3 )
LOG 1641835525646 [L0]: [Received at 1641835525646] ( PLAY 0.knightThrough.1641835518012 (( move 7 1 6 3 ) noop ) )
LOG 1641835525648 [L0]: [Sent at 1641835525648] noop
LOG 1641835525654 [L0]: [Received at 1641835525654] ( PLAY 0.knightThrough.1641835518012 (noop ( move 5 7 7 6 ) ) )
LOG 1641835525656 [L0]: [Sent at 1641835525656] ( move 7 2 6 4 )
LOG 1641835525662 [L0]: [Received at 1641835525662] ( PLAY 0.knightThrough.1641835518012 (( move 7 2 6 4 ) noop ) )
LOG 1641835525665 [L0]: [Sent at 1641835525665] noop
LOG 1641835525672 [L0]: [Received at 1641835525672] ( PLAY 0.knightThrough.1641835518012 (noop ( move 6 7 7 5 ) ) )
LOG 1641835525674 [L0]: [Sent at 1641835525674] ( move 3 2 4 4 )
LOG 1641835525681 [L0]: [Received at 1641835525681] ( PLAY 0.knightThrough.1641835518012 (( move 3 2 4 4 ) noop ) )
LOG 1641835525682 [L0]: [Sent at 1641835525682] noop
LOG 1641835525688 [L0]: [Received at 1641835525688] ( PLAY 0.knightThrough.1641835518012 (noop ( move 6 6 4 5 ) ) )
LOG 1641835525690 [L0]: [Sent at 1641835525690] ( move 6 4 7 6 )
LOG 1641835525694 [L0]: [Received at 1641835525694] ( PLAY 0.knightThrough.1641835518012 (( move 6 4 7 6 ) noop ) )
LOG 1641835525696 [L0]: [Sent at 1641835525696] noop
LOG 1641835525700 [L0]: [Received at 1641835525700] ( PLAY 0.knightThrough.1641835518012 (noop ( move 4 5 3 3 ) ) )
LOG 1641835525702 [L0]: [Sent at 1641835525702] ( move 7 6 8 8 )
LOG 1641835525710 [L0]: [Received at 1641835525710] ( STOP 0.knightThrough.1641835518012 (( move 7 6 8 8 ) noop ) )
LOG 1641835525712 [L3]: Stopped logging to files at: Mon Jan 10 18:25:25 CET 2022
LOG 1641835525712 [L3]: LOG SEALED
