LOG 1641845033619 [L3]: Returning initial state machine.
LOG 1641845033619 [L3]: Returning PropNet state machine without cache.
LOG 1641845033620 [L3]: Starting metagame with available thinking time 4988ms.
LOG 1641845033662 [L3]: Starting search during metagame.
LOG 1641845038608 [L3]: Done searching during metagame.
LOG 1641845038611 [L3]: Starting move selection for game step 1 with available time 0ms.
LOG 1641845038611 [L3]: No time to select next move using MCTS. Returning random move noop.
LOG 1641845038615 [L3]: Starting move selection for game step 2 with available time 0ms.
LOG 1641845038617 [L3]: No time to select next move using MCTS. Returning random move ( block r7 c3 ).
LOG 1641845038620 [L3]: Starting move selection for game step 3 with available time 0ms.
LOG 1641845038628 [L3]: No time to select next move using MCTS. Returning random move ( mark r5 c3 ).
LOG 1641845038632 [L3]: Starting move selection for game step 4 with available time 0ms.
LOG 1641845038635 [L3]: No time to select next move using MCTS. Returning random move noop.
LOG 1641845038638 [L3]: Starting move selection for game step 5 with available time 0ms.
LOG 1641845038638 [L3]: No time to select next move using MCTS. Returning random move noop.
LOG 1641845038644 [L3]: Starting move selection for game step 6 with available time 0ms.
LOG 1641845038644 [L3]: No time to select next move using MCTS. Returning random move ( mark r6 c7 ).
LOG 1641845038648 [L3]: Starting move selection for game step 7 with available time 0ms.
LOG 1641845038649 [L3]: No time to select next move using MCTS. Returning random move noop.
LOG 1641845038653 [L3]: Starting move selection for game step 8 with available time 0ms.
LOG 1641845038653 [L3]: No time to select next move using MCTS. Returning random move noop.
LOG 1641845038666 [L3]: Starting move selection for game step 9 with available time 0ms.
LOG 1641845038667 [L3]: No time to select next move using MCTS. Returning random move ( mark r7 c4 ).
LOG 1641845038673 [L3]: Starting move selection for game step 10 with available time -1ms.
LOG 1641845038673 [L3]: No time to select next move using MCTS. Returning random move noop.
LOG 1641845038679 [L3]: Starting move selection for game step 11 with available time 0ms.
LOG 1641845038680 [L3]: No time to select next move using MCTS. Returning random move noop.
LOG 1641845038702 [L3]: Starting move selection for game step 12 with available time 0ms.
LOG 1641845038702 [L3]: No time to select next move using MCTS. Returning random move ( block r1 c4 ).
LOG 1641845038706 [L3]: Starting move selection for game step 13 with available time -1ms.
LOG 1641845038706 [L3]: No time to select next move using MCTS. Returning random move ( block r3 c3 ).
LOG 1641845038709 [L3]: Starting move selection for game step 14 with available time 0ms.
LOG 1641845038710 [L3]: No time to select next move using MCTS. Returning random move ( mark r6 c1 ).
LOG 1641845038717 [L3]: Starting move selection for game step 15 with available time 0ms.
LOG 1641845038718 [L3]: No time to select next move using MCTS. Returning random move noop.
LOG 1641845038750 [L3]: Starting move selection for game step 16 with available time 0ms.
LOG 1641845038750 [L3]: No time to select next move using MCTS. Returning random move ( block r6 c4 ).
LOG 1641845038754 [L3]: Starting move selection for game step 17 with available time 0ms.
LOG 1641845038754 [L3]: No time to select next move using MCTS. Returning random move ( mark r5 c5 ).
LOG 1641845038772 [L3]: Starting move selection for game step 18 with available time 0ms.
LOG 1641845038773 [L3]: No time to select next move using MCTS. Returning random move noop.
