LOG 1641838551226 [L3]: Returning initial state machine.
LOG 1641838551226 [L3]: Returning PropNet state machine without cache.
LOG 1641838551227 [L3]: Starting metagame with available thinking time 4989ms.
LOG 1641838551228 [L3]: Starting search during metagame.
LOG 1641838560604 [L3]: Done searching during metagame.
LOG 1641838560607 [L3]: Starting move selection for game step 1 with available time 0ms.
LOG 1641838560607 [L3]: No time to select next move using MCTS. Returning random move ( mark r3 c1 ).
LOG 1641838560611 [L3]: Starting move selection for game step 2 with available time 0ms.
LOG 1641838560611 [L3]: No time to select next move using MCTS. Returning random move noop.
LOG 1641838560615 [L3]: Starting move selection for game step 3 with available time 0ms.
LOG 1641838560622 [L3]: No time to select next move using MCTS. Returning random move noop.
LOG 1641838560625 [L3]: Starting move selection for game step 4 with available time 0ms.
LOG 1641838560625 [L3]: No time to select next move using MCTS. Returning random move noop.
LOG 1641838560627 [L3]: Starting move selection for game step 5 with available time 0ms.
LOG 1641838560628 [L3]: No time to select next move using MCTS. Returning random move noop.
LOG 1641838560630 [L3]: Starting move selection for game step 6 with available time 0ms.
LOG 1641838560631 [L3]: No time to select next move using MCTS. Returning random move ( mark r5 c7 ).
LOG 1641838560636 [L3]: Starting move selection for game step 7 with available time 0ms.
LOG 1641838560636 [L3]: No time to select next move using MCTS. Returning random move noop.
LOG 1641838560638 [L3]: Starting move selection for game step 8 with available time 0ms.
LOG 1641838560638 [L3]: No time to select next move using MCTS. Returning random move noop.
LOG 1641838560642 [L3]: Starting move selection for game step 9 with available time 0ms.
LOG 1641838560642 [L3]: No time to select next move using MCTS. Returning random move ( mark r5 c4 ).
LOG 1641838560650 [L3]: Starting move selection for game step 10 with available time 0ms.
LOG 1641838560650 [L3]: No time to select next move using MCTS. Returning random move noop.
LOG 1641838560653 [L3]: Starting move selection for game step 11 with available time 0ms.
LOG 1641838560653 [L3]: No time to select next move using MCTS. Returning random move noop.
LOG 1641838560661 [L3]: Starting move selection for game step 12 with available time 0ms.
LOG 1641838560662 [L3]: No time to select next move using MCTS. Returning random move ( block r2 c6 ).
LOG 1641838560665 [L3]: Starting move selection for game step 13 with available time 0ms.
LOG 1641838560665 [L3]: No time to select next move using MCTS. Returning random move ( mark r7 c2 ).
LOG 1641838560673 [L3]: Starting move selection for game step 14 with available time 0ms.
LOG 1641838560673 [L3]: No time to select next move using MCTS. Returning random move noop.
LOG 1641838560684 [L3]: Starting move selection for game step 15 with available time 0ms.
LOG 1641838560684 [L3]: No time to select next move using MCTS. Returning random move ( mark r1 c3 ).
LOG 1641838560704 [L3]: Starting move selection for game step 16 with available time 0ms.
LOG 1641838560704 [L3]: No time to select next move using MCTS. Returning random move noop.
LOG 1641838560725 [L3]: Starting move selection for game step 17 with available time -1ms.
LOG 1641838560725 [L3]: No time to select next move using MCTS. Returning random move ( block r7 c5 ).
LOG 1641838560730 [L3]: Starting move selection for game step 18 with available time 0ms.
LOG 1641838560730 [L3]: No time to select next move using MCTS. Returning random move ( mark r3 c2 ).
LOG 1641838560762 [L3]: Starting move selection for game step 19 with available time 0ms.
LOG 1641838560763 [L3]: No time to select next move using MCTS. Returning random move noop.
LOG 1641838560803 [L3]: Starting move selection for game step 20 with available time 0ms.
LOG 1641838560803 [L3]: No time to select next move using MCTS. Returning random move ( block r1 c2 ).
LOG 1641838560810 [L3]: Starting move selection for game step 21 with available time 0ms.
LOG 1641838560811 [L3]: No time to select next move using MCTS. Returning random move ( mark r5 c5 ).
LOG 1641838560868 [L3]: Starting move selection for game step 22 with available time 0ms.
LOG 1641838560868 [L3]: No time to select next move using MCTS. Returning random move noop.
LOG 1641838560923 [L3]: Starting move selection for game step 23 with available time 0ms.
LOG 1641838560923 [L3]: No time to select next move using MCTS. Returning random move ( mark r1 c5 ).
LOG 1641838561025 [L3]: Starting move selection for game step 24 with available time 0ms.
LOG 1641838561026 [L3]: No time to select next move using MCTS. Returning random move noop.
LOG 1641838581532 [L3]: Starting move selection for game step 25 with available time 0ms.
LOG 1641838581533 [L3]: No time to select next move using MCTS. Returning random move ( mark r4 c4 ).
LOG 1641838581672 [L3]: Starting move selection for game step 26 with available time 0ms.
LOG 1641838581673 [L3]: No time to select next move using MCTS. Returning random move noop.
LOG 1641838581770 [L3]: Starting move selection for game step 27 with available time 0ms.
LOG 1641838581770 [L3]: No time to select next move using MCTS. Returning random move ( block r5 c1 ).
LOG 1641838581791 [L3]: Starting move selection for game step 28 with available time 0ms.
LOG 1641838581791 [L3]: No time to select next move using MCTS. Returning random move ( block r6 c1 ).
LOG 1641838581811 [L3]: Starting move selection for game step 29 with available time 0ms.
LOG 1641838581811 [L3]: No time to select next move using MCTS. Returning random move ( mark r2 c3 ).
LOG 1641838596576 [L3]: Starting move selection for game step 30 with available time 0ms.
LOG 1641838596576 [L3]: No time to select next move using MCTS. Returning random move noop.
LOG 1641838596728 [L3]: Starting move selection for game step 31 with available time 0ms.
LOG 1641838596728 [L3]: No time to select next move using MCTS. Returning random move ( mark r4 c1 ).
LOG 1641838596910 [L3]: Starting move selection for game step 32 with available time 0ms.
LOG 1641838596910 [L3]: No time to select next move using MCTS. Returning random move noop.
LOG 1641838615995 [L3]: Starting move selection for game step 33 with available time -1ms.
LOG 1641838615995 [L3]: No time to select next move using MCTS. Returning random move ( mark r5 c3 ).
LOG 1641838616344 [L3]: Starting move selection for game step 34 with available time 0ms.
LOG 1641838616344 [L3]: No time to select next move using MCTS. Returning random move noop.
