LOG 1641834220875 [L3]: Returning initial state machine.
LOG 1641834220875 [L3]: Returning PropNet state machine without cache.
LOG 1641834220876 [L3]: Starting metagame with available thinking time 4990ms.
LOG 1641834220877 [L3]: Starting search during metagame.
LOG 1641834225866 [L3]: Done searching during metagame.
LOG 1641834225869 [L3]: Starting move selection for game step 1 with available time 0ms.
LOG 1641834225870 [L3]: No time to select next move using MCTS. Returning random move noop.
LOG 1641834225874 [L3]: Starting move selection for game step 2 with available time -1ms.
LOG 1641834225875 [L3]: No time to select next move using MCTS. Returning random move ( move 6 7 5 6 ).
LOG 1641834225889 [L3]: Starting move selection for game step 3 with available time 0ms.
LOG 1641834225897 [L3]: No time to select next move using MCTS. Returning random move noop.
LOG 1641834225901 [L3]: Starting move selection for game step 4 with available time 0ms.
LOG 1641834225903 [L3]: No time to select next move using MCTS. Returning random move ( move 3 7 3 6 ).
LOG 1641834225909 [L3]: Starting move selection for game step 5 with available time 0ms.
LOG 1641834225909 [L3]: No time to select next move using MCTS. Returning random move noop.
LOG 1641834225913 [L3]: Starting move selection for game step 6 with available time 0ms.
LOG 1641834225913 [L3]: No time to select next move using MCTS. Returning random move ( move 7 7 6 6 ).
LOG 1641834225919 [L3]: Starting move selection for game step 7 with available time 0ms.
LOG 1641834225919 [L3]: No time to select next move using MCTS. Returning random move noop.
LOG 1641834225923 [L3]: Starting move selection for game step 8 with available time 0ms.
LOG 1641834225923 [L3]: No time to select next move using MCTS. Returning random move ( move 3 6 4 5 ).
LOG 1641834225928 [L3]: Starting move selection for game step 9 with available time 0ms.
LOG 1641834225929 [L3]: No time to select next move using MCTS. Returning random move noop.
LOG 1641834225934 [L3]: Starting move selection for game step 10 with available time 0ms.
LOG 1641834225934 [L3]: No time to select next move using MCTS. Returning random move ( move 4 8 3 7 ).
LOG 1641834225939 [L3]: Starting move selection for game step 11 with available time 0ms.
LOG 1641834225939 [L3]: No time to select next move using MCTS. Returning random move noop.
LOG 1641834225946 [L3]: Starting move selection for game step 12 with available time 0ms.
LOG 1641834225946 [L3]: No time to select next move using MCTS. Returning random move ( move 2 7 1 6 ).
LOG 1641834225951 [L3]: Starting move selection for game step 13 with available time 0ms.
LOG 1641834225951 [L3]: No time to select next move using MCTS. Returning random move noop.
LOG 1641834225955 [L3]: Starting move selection for game step 14 with available time 0ms.
LOG 1641834225956 [L3]: No time to select next move using MCTS. Returning random move ( move 8 8 7 7 ).
LOG 1641834225959 [L3]: Starting move selection for game step 15 with available time 0ms.
LOG 1641834225960 [L3]: No time to select next move using MCTS. Returning random move noop.
LOG 1641834225963 [L3]: Starting move selection for game step 16 with available time 0ms.
LOG 1641834225964 [L3]: No time to select next move using MCTS. Returning random move ( move 3 8 2 7 ).
LOG 1641834225967 [L3]: Starting move selection for game step 17 with available time 0ms.
LOG 1641834225968 [L3]: No time to select next move using MCTS. Returning random move noop.
LOG 1641834225971 [L3]: Starting move selection for game step 18 with available time 0ms.
LOG 1641834225972 [L3]: No time to select next move using MCTS. Returning random move ( move 6 6 6 5 ).
LOG 1641834225975 [L3]: Starting move selection for game step 19 with available time 0ms.
LOG 1641834225976 [L3]: No time to select next move using MCTS. Returning random move noop.
LOG 1641834225979 [L3]: Starting move selection for game step 20 with available time 0ms.
LOG 1641834225979 [L3]: No time to select next move using MCTS. Returning random move ( move 3 7 2 6 ).
LOG 1641834225983 [L3]: Starting move selection for game step 21 with available time 0ms.
LOG 1641834225983 [L3]: No time to select next move using MCTS. Returning random move noop.
LOG 1641834225987 [L3]: Starting move selection for game step 22 with available time 0ms.
LOG 1641834225988 [L3]: No time to select next move using MCTS. Returning random move ( move 1 6 2 5 ).
LOG 1641834225991 [L3]: Starting move selection for game step 23 with available time 0ms.
LOG 1641834225992 [L3]: No time to select next move using MCTS. Returning random move noop.
LOG 1641834225995 [L3]: Starting move selection for game step 24 with available time 0ms.
LOG 1641834225996 [L3]: No time to select next move using MCTS. Returning random move ( move 5 8 6 7 ).
LOG 1641834226000 [L3]: Starting move selection for game step 25 with available time 0ms.
LOG 1641834226000 [L3]: No time to select next move using MCTS. Returning random move noop.
LOG 1641834226005 [L3]: Starting move selection for game step 26 with available time 0ms.
LOG 1641834226005 [L3]: No time to select next move using MCTS. Returning random move ( move 2 6 1 5 ).
LOG 1641834226009 [L3]: Starting move selection for game step 27 with available time 0ms.
LOG 1641834226009 [L3]: No time to select next move using MCTS. Returning random move noop.
LOG 1641834226013 [L3]: Starting move selection for game step 28 with available time 0ms.
LOG 1641834226013 [L3]: No time to select next move using MCTS. Returning random move ( move 4 7 3 6 ).
LOG 1641834226017 [L3]: Starting move selection for game step 29 with available time 0ms.
LOG 1641834226018 [L3]: No time to select next move using MCTS. Returning random move noop.
LOG 1641834226021 [L3]: Starting move selection for game step 30 with available time 0ms.
LOG 1641834226021 [L3]: No time to select next move using MCTS. Returning random move ( move 4 5 4 4 ).
LOG 1641834226026 [L3]: Starting move selection for game step 31 with available time 0ms.
LOG 1641834226026 [L3]: No time to select next move using MCTS. Returning random move noop.
LOG 1641834226030 [L3]: Starting move selection for game step 32 with available time 0ms.
LOG 1641834226030 [L3]: No time to select next move using MCTS. Returning random move ( move 6 5 5 4 ).
LOG 1641834226034 [L3]: Starting move selection for game step 33 with available time -1ms.
LOG 1641834226034 [L3]: No time to select next move using MCTS. Returning random move noop.
LOG 1641834226037 [L3]: Starting move selection for game step 34 with available time 0ms.
LOG 1641834226038 [L3]: No time to select next move using MCTS. Returning random move ( move 7 7 6 6 ).
LOG 1641834226041 [L3]: Starting move selection for game step 35 with available time 0ms.
LOG 1641834226041 [L3]: No time to select next move using MCTS. Returning random move noop.
LOG 1641834226045 [L3]: Starting move selection for game step 36 with available time 0ms.
LOG 1641834226045 [L3]: No time to select next move using MCTS. Returning random move ( move 4 4 5 3 ).
LOG 1641834226049 [L3]: Starting move selection for game step 37 with available time -1ms.
LOG 1641834226049 [L3]: No time to select next move using MCTS. Returning random move noop.
LOG 1641834226052 [L3]: Starting move selection for game step 38 with available time 0ms.
LOG 1641834226053 [L3]: No time to select next move using MCTS. Returning random move ( move 1 7 2 6 ).
LOG 1641834226057 [L3]: Starting move selection for game step 39 with available time 0ms.
LOG 1641834226057 [L3]: No time to select next move using MCTS. Returning random move noop.
LOG 1641834226060 [L3]: Starting move selection for game step 40 with available time 0ms.
LOG 1641834226060 [L3]: No time to select next move using MCTS. Returning random move ( move 1 5 2 4 ).
LOG 1641834226064 [L3]: Starting move selection for game step 41 with available time 0ms.
LOG 1641834226064 [L3]: No time to select next move using MCTS. Returning random move noop.
LOG 1641834226067 [L3]: Starting move selection for game step 42 with available time 0ms.
LOG 1641834226068 [L3]: No time to select next move using MCTS. Returning random move ( move 2 4 2 3 ).
LOG 1641834226071 [L3]: Starting move selection for game step 43 with available time 0ms.
LOG 1641834226071 [L3]: No time to select next move using MCTS. Returning random move noop.
LOG 1641834226075 [L3]: Starting move selection for game step 44 with available time -1ms.
LOG 1641834226075 [L3]: No time to select next move using MCTS. Returning random move ( move 3 6 2 5 ).
LOG 1641834226078 [L3]: Starting move selection for game step 45 with available time 0ms.
LOG 1641834226078 [L3]: No time to select next move using MCTS. Returning random move noop.
LOG 1641834226082 [L3]: Starting move selection for game step 46 with available time 0ms.
LOG 1641834226082 [L3]: No time to select next move using MCTS. Returning random move ( move 6 6 5 5 ).
LOG 1641834226086 [L3]: Starting move selection for game step 47 with available time 0ms.
LOG 1641834226086 [L3]: No time to select next move using MCTS. Returning random move noop.
LOG 1641834226090 [L3]: Starting move selection for game step 48 with available time 0ms.
LOG 1641834226090 [L3]: No time to select next move using MCTS. Returning random move ( move 5 4 4 3 ).
LOG 1641834226094 [L3]: Starting move selection for game step 49 with available time 0ms.
LOG 1641834226095 [L3]: No time to select next move using MCTS. Returning random move noop.
LOG 1641834226098 [L3]: Starting move selection for game step 50 with available time 0ms.
LOG 1641834226099 [L3]: No time to select next move using MCTS. Returning random move ( move 5 3 4 2 ).
LOG 1641834226102 [L3]: Starting move selection for game step 51 with available time 0ms.
LOG 1641834226102 [L3]: No time to select next move using MCTS. Returning random move noop.
LOG 1641834226106 [L3]: Starting move selection for game step 52 with available time 0ms.
LOG 1641834226106 [L3]: No time to select next move using MCTS. Returning random move ( move 4 2 4 1 ).
