LOG 1641835293342 [L3]: Started match logging at: Mon Jan 10 18:21:33 CET 2022
LOG 1641835293343 [L3]: Game rules: [( role white ), ( role black ), ( <= ( base ( cell ?x ?y ?p ) ) ( index ?x ) ( index ?y ) ( role ?p ) ), ( <= ( base ( control ?p ) ) ( role ?p ) ), ( <= ( input ?p noop ) ( role ?p ) ), ( <= ( input ?p ( move ?x1 ?y1 ?x2 ?y2 ) ) ( role ?p ) ( index ?x1 ) ( index ?x2 ) ( index ?y1 ) ( index ?y2 ) ), ( init ( cell 1 1 white ) ), ( init ( cell 2 1 white ) ), ( init ( cell 3 1 white ) ), ( init ( cell 4 1 white ) ), ( init ( cell 5 1 white ) ), ( init ( cell 6 1 white ) ), ( init ( cell 7 1 white ) ), ( init ( cell 8 1 white ) ), ( init ( cell 1 2 white ) ), ( init ( cell 2 2 white ) ), ( init ( cell 3 2 white ) ), ( init ( cell 4 2 white ) ), ( init ( cell 5 2 white ) ), ( init ( cell 6 2 white ) ), ( init ( cell 7 2 white ) ), ( init ( cell 8 2 white ) ), ( init ( cell 1 7 black ) ), ( init ( cell 2 7 black ) ), ( init ( cell 3 7 black ) ), ( init ( cell 4 7 black ) ), ( init ( cell 5 7 black ) ), ( init ( cell 6 7 black ) ), ( init ( cell 7 7 black ) ), ( init ( cell 8 7 black ) ), ( init ( cell 1 8 black ) ), ( init ( cell 2 8 black ) ), ( init ( cell 3 8 black ) ), ( init ( cell 4 8 black ) ), ( init ( cell 5 8 black ) ), ( init ( cell 6 8 black ) ), ( init ( cell 7 8 black ) ), ( init ( cell 8 8 black ) ), ( init ( control white ) ), ( <= ( legal white noop ) ( true ( control black ) ) ), ( <= ( legal black noop ) ( true ( control white ) ) ), ( <= ( legal white ( move ?x1 ?y1 ?x2 ?y2 ) ) ( true ( control white ) ) ( true ( cell ?x1 ?y1 white ) ) ( whiteknightmove ?x1 ?y1 ?x2 ?y2 ) ( not ( true ( cell ?x2 ?y2 white ) ) ) ), ( <= ( legal black ( move ?x1 ?y1 ?x2 ?y2 ) ) ( true ( control black ) ) ( true ( cell ?x1 ?y1 black ) ) ( blackknightmove ?x1 ?y1 ?x2 ?y2 ) ( not ( true ( cell ?x2 ?y2 black ) ) ) ), ( <= ( next ( cell ?x ?y ?state ) ) ( true ( cell ?x ?y ?state ) ) ( does ?player ( move ?x1 ?y1 ?x2 ?y2 ) ) ( distinctcell ?x ?y ?x1 ?y1 ) ( distinctcell ?x ?y ?x2 ?y2 ) ), ( <= ( next ( cell ?x2 ?y2 ?player ) ) ( does ?player ( move ?x1 ?y1 ?x2 ?y2 ) ) ), ( <= ( next ( control black ) ) ( true ( control white ) ) ), ( <= ( next ( control white ) ) ( true ( control black ) ) ), ( <= terminal whitewin ), ( <= terminal blackwin ), ( <= ( goal white 100 ) whitewin ), ( <= ( goal white 0 ) blackwin ), ( <= ( goal black 100 ) blackwin ), ( <= ( goal black 0 ) whitewin ), ( <= whitewin ( index ?x ) ( true ( cell ?x 8 white ) ) ), ( <= blackwin ( index ?x ) ( true ( cell ?x 1 black ) ) ), ( <= whitewin ( not ( hasAnyPiece black ) ) ), ( <= blackwin ( not ( hasAnyPiece white ) ) ), ( <= ( hasAnyPiece ?player ) ( true ( cell ?x ?y ?player ) ) ), ( <= ( whiteknightmove ?x1 ?y1 ?x2 ?y2 ) ( plus 1 ?x1 ?x2 ) ( plus 2 ?y1 ?y2 ) ), ( <= ( whiteknightmove ?x1 ?y1 ?x2 ?y2 ) ( plus 1 ?x2 ?x1 ) ( plus 2 ?y1 ?y2 ) ), ( <= ( whiteknightmove ?x1 ?y1 ?x2 ?y2 ) ( plus 2 ?x1 ?x2 ) ( plus 1 ?y1 ?y2 ) ), ( <= ( whiteknightmove ?x1 ?y1 ?x2 ?y2 ) ( plus 2 ?x2 ?x1 ) ( plus 1 ?y1 ?y2 ) ), ( <= ( blackknightmove ?x1 ?y1 ?x2 ?y2 ) ( plus 1 ?x1 ?x2 ) ( plus 2 ?y2 ?y1 ) ), ( <= ( blackknightmove ?x1 ?y1 ?x2 ?y2 ) ( plus 1 ?x2 ?x1 ) ( plus 2 ?y2 ?y1 ) ), ( <= ( blackknightmove ?x1 ?y1 ?x2 ?y2 ) ( plus 2 ?x1 ?x2 ) ( plus 1 ?y2 ?y1 ) ), ( <= ( blackknightmove ?x1 ?y1 ?x2 ?y2 ) ( plus 2 ?x2 ?x1 ) ( plus 1 ?y2 ?y1 ) ), ( <= ( cell ?x ?y ) ( index ?x ) ( index ?y ) ), ( <= ( distinctcell ?x1 ?y1 ?x2 ?y2 ) ( cell ?x1 ?y1 ) ( cell ?x2 ?y2 ) ( distinct ?x1 ?x2 ) ), ( <= ( distinctcell ?x1 ?y1 ?x2 ?y2 ) ( cell ?x1 ?y1 ) ( cell ?x2 ?y2 ) ( distinct ?y1 ?y2 ) ), ( index 1 ), ( index 2 ), ( index 3 ), ( index 4 ), ( index 5 ), ( index 6 ), ( index 7 ), ( index 8 ), ( plus 1 1 2 ), ( plus 1 2 3 ), ( plus 1 3 4 ), ( plus 1 4 5 ), ( plus 1 5 6 ), ( plus 1 6 7 ), ( plus 1 7 8 ), ( plus 2 1 3 ), ( plus 2 2 4 ), ( plus 2 3 5 ), ( plus 2 4 6 ), ( plus 2 5 7 ), ( plus 2 6 8 )]
LOG 1641835293349 [L3]: Start clock: 15
LOG 1641835293350 [L3]: Play clock: 10
LOG 1641835298341 [L0]: [Sent at 1641835298341] ready
LOG 1641835298344 [L0]: [Received at 1641835298344] ( PLAY 7.knightThrough.1641835291841 NIL )
LOG 1641835298345 [L0]: [Sent at 1641835298345] ( move 2 1 3 3 )
LOG 1641835298347 [L0]: [Received at 1641835298347] ( PLAY 7.knightThrough.1641835291841 (( move 2 1 3 3 ) noop ) )
LOG 1641835298352 [L0]: [Sent at 1641835298352] noop
LOG 1641835298354 [L0]: [Received at 1641835298354] ( PLAY 7.knightThrough.1641835291841 (noop ( move 8 7 7 5 ) ) )
LOG 1641835298364 [L0]: [Sent at 1641835298364] ( move 5 2 4 4 )
LOG 1641835298367 [L0]: [Received at 1641835298367] ( PLAY 7.knightThrough.1641835291841 (( move 5 2 4 4 ) noop ) )
LOG 1641835298373 [L0]: [Sent at 1641835298373] noop
LOG 1641835298376 [L0]: [Received at 1641835298376] ( PLAY 7.knightThrough.1641835291841 (noop ( move 3 7 1 6 ) ) )
LOG 1641835298377 [L0]: [Sent at 1641835298377] ( move 2 2 4 3 )
LOG 1641835298379 [L0]: [Received at 1641835298379] ( PLAY 7.knightThrough.1641835291841 (( move 2 2 4 3 ) noop ) )
LOG 1641835298381 [L0]: [Sent at 1641835298381] noop
LOG 1641835298394 [L0]: [Received at 1641835298394] ( PLAY 7.knightThrough.1641835291841 (noop ( move 3 8 2 6 ) ) )
LOG 1641835298395 [L0]: [Sent at 1641835298395] ( move 3 2 1 3 )
LOG 1641835298398 [L0]: [Received at 1641835298398] ( PLAY 7.knightThrough.1641835291841 (( move 3 2 1 3 ) noop ) )
LOG 1641835298399 [L0]: [Sent at 1641835298399] noop
LOG 1641835298401 [L0]: [Received at 1641835298401] ( PLAY 7.knightThrough.1641835291841 (noop ( move 5 7 6 5 ) ) )
LOG 1641835298403 [L0]: [Sent at 1641835298403] ( move 4 2 2 3 )
LOG 1641835298405 [L0]: [Received at 1641835298405] ( PLAY 7.knightThrough.1641835291841 (( move 4 2 2 3 ) noop ) )
LOG 1641835298406 [L0]: [Sent at 1641835298406] noop
LOG 1641835298409 [L0]: [Received at 1641835298409] ( PLAY 7.knightThrough.1641835291841 (noop ( move 4 7 3 5 ) ) )
LOG 1641835298410 [L0]: [Sent at 1641835298410] ( move 3 3 1 4 )
LOG 1641835298413 [L0]: [Received at 1641835298413] ( PLAY 7.knightThrough.1641835291841 (( move 3 3 1 4 ) noop ) )
LOG 1641835298414 [L0]: [Sent at 1641835298414] noop
LOG 1641835298417 [L0]: [Received at 1641835298417] ( PLAY 7.knightThrough.1641835291841 (noop ( move 7 5 5 4 ) ) )
LOG 1641835298419 [L0]: [Sent at 1641835298419] ( move 5 1 6 3 )
LOG 1641835298421 [L0]: [Received at 1641835298421] ( PLAY 7.knightThrough.1641835291841 (( move 5 1 6 3 ) noop ) )
LOG 1641835298423 [L0]: [Sent at 1641835298423] noop
LOG 1641835298425 [L0]: [Received at 1641835298425] ( PLAY 7.knightThrough.1641835291841 (noop ( move 3 5 2 3 ) ) )
LOG 1641835298426 [L0]: [Sent at 1641835298426] ( move 1 1 3 2 )
LOG 1641835298428 [L0]: [Received at 1641835298428] ( PLAY 7.knightThrough.1641835291841 (( move 1 1 3 2 ) noop ) )
LOG 1641835298430 [L0]: [Sent at 1641835298430] noop
LOG 1641835298432 [L0]: [Received at 1641835298432] ( PLAY 7.knightThrough.1641835291841 (noop ( move 2 6 3 4 ) ) )
LOG 1641835298433 [L0]: [Sent at 1641835298433] ( move 4 3 3 5 )
LOG 1641835298435 [L0]: [Received at 1641835298435] ( PLAY 7.knightThrough.1641835291841 (( move 4 3 3 5 ) noop ) )
LOG 1641835298437 [L0]: [Sent at 1641835298437] noop
LOG 1641835298439 [L0]: [Received at 1641835298439] ( PLAY 7.knightThrough.1641835291841 (noop ( move 1 6 2 4 ) ) )
LOG 1641835298441 [L0]: [Sent at 1641835298441] ( move 6 1 4 2 )
LOG 1641835298443 [L0]: [Received at 1641835298443] ( PLAY 7.knightThrough.1641835291841 (( move 6 1 4 2 ) noop ) )
LOG 1641835298444 [L0]: [Sent at 1641835298444] noop
LOG 1641835298446 [L0]: [Received at 1641835298446] ( PLAY 7.knightThrough.1641835291841 (noop ( move 1 8 2 6 ) ) )
LOG 1641835298448 [L0]: [Sent at 1641835298448] ( move 1 2 3 3 )
LOG 1641835298450 [L0]: [Received at 1641835298450] ( PLAY 7.knightThrough.1641835291841 (( move 1 2 3 3 ) noop ) )
LOG 1641835298451 [L0]: [Sent at 1641835298451] noop
LOG 1641835298453 [L0]: [Received at 1641835298453] ( PLAY 7.knightThrough.1641835291841 (noop ( move 5 4 7 3 ) ) )
LOG 1641835298454 [L0]: [Sent at 1641835298454] ( move 7 2 5 3 )
LOG 1641835298457 [L0]: [Received at 1641835298457] ( PLAY 7.knightThrough.1641835291841 (( move 7 2 5 3 ) noop ) )
LOG 1641835298458 [L0]: [Sent at 1641835298458] noop
LOG 1641835298460 [L0]: [Received at 1641835298460] ( PLAY 7.knightThrough.1641835291841 (noop ( move 3 4 1 3 ) ) )
LOG 1641835298462 [L0]: [Sent at 1641835298462] ( move 3 1 2 3 )
LOG 1641835298464 [L0]: [Received at 1641835298464] ( PLAY 7.knightThrough.1641835291841 (( move 3 1 2 3 ) noop ) )
LOG 1641835298465 [L0]: [Sent at 1641835298465] noop
LOG 1641835298468 [L0]: [Received at 1641835298468] ( PLAY 7.knightThrough.1641835291841 (noop ( move 4 8 5 6 ) ) )
LOG 1641835298469 [L0]: [Sent at 1641835298469] ( move 7 1 5 2 )
LOG 1641835298471 [L0]: [Received at 1641835298471] ( PLAY 7.knightThrough.1641835291841 (( move 7 1 5 2 ) noop ) )
LOG 1641835298473 [L0]: [Sent at 1641835298473] noop
LOG 1641835298475 [L0]: [Received at 1641835298475] ( PLAY 7.knightThrough.1641835291841 (noop ( move 6 7 8 6 ) ) )
LOG 1641835298477 [L0]: [Sent at 1641835298477] ( move 4 2 5 4 )
LOG 1641835298479 [L0]: [Received at 1641835298479] ( PLAY 7.knightThrough.1641835291841 (( move 4 2 5 4 ) noop ) )
LOG 1641835298480 [L0]: [Sent at 1641835298480] noop
LOG 1641835298482 [L0]: [Received at 1641835298482] ( PLAY 7.knightThrough.1641835291841 (noop ( move 1 3 3 2 ) ) )
LOG 1641835298483 [L0]: [Sent at 1641835298483] ( move 3 5 4 7 )
LOG 1641835298485 [L0]: [Received at 1641835298485] ( PLAY 7.knightThrough.1641835291841 (( move 3 5 4 7 ) noop ) )
LOG 1641835298486 [L0]: [Sent at 1641835298486] noop
LOG 1641835298488 [L0]: [Received at 1641835298488] ( PLAY 7.knightThrough.1641835291841 (noop ( move 2 6 1 4 ) ) )
LOG 1641835298490 [L0]: [Sent at 1641835298490] ( move 3 3 4 5 )
LOG 1641835298492 [L0]: [Received at 1641835298492] ( PLAY 7.knightThrough.1641835291841 (( move 3 3 4 5 ) noop ) )
LOG 1641835298493 [L0]: [Sent at 1641835298493] noop
LOG 1641835298495 [L0]: [Received at 1641835298495] ( PLAY 7.knightThrough.1641835291841 (noop ( move 5 6 3 5 ) ) )
LOG 1641835298496 [L0]: [Sent at 1641835298496] ( move 6 3 8 4 )
LOG 1641835298498 [L0]: [Received at 1641835298498] ( PLAY 7.knightThrough.1641835291841 (( move 6 3 8 4 ) noop ) )
LOG 1641835298500 [L0]: [Sent at 1641835298500] noop
LOG 1641835298502 [L0]: [Received at 1641835298502] ( PLAY 7.knightThrough.1641835291841 (noop ( move 1 7 3 6 ) ) )
LOG 1641835298503 [L0]: [Sent at 1641835298503] ( move 4 5 5 7 )
LOG 1641835298505 [L0]: [Received at 1641835298505] ( PLAY 7.knightThrough.1641835291841 (( move 4 5 5 7 ) noop ) )
LOG 1641835298506 [L0]: [Sent at 1641835298506] noop
LOG 1641835298509 [L0]: [Received at 1641835298509] ( PLAY 7.knightThrough.1641835291841 (noop ( move 5 8 6 6 ) ) )
LOG 1641835298510 [L0]: [Sent at 1641835298510] ( move 8 4 7 6 )
LOG 1641835298513 [L0]: [Received at 1641835298513] ( PLAY 7.knightThrough.1641835291841 (( move 8 4 7 6 ) noop ) )
LOG 1641835298514 [L0]: [Sent at 1641835298514] noop
LOG 1641835298516 [L0]: [Received at 1641835298516] ( PLAY 7.knightThrough.1641835291841 (noop ( move 7 8 5 7 ) ) )
LOG 1641835298517 [L0]: [Sent at 1641835298517] ( move 4 7 6 8 )
LOG 1641835298520 [L0]: [Received at 1641835298520] ( STOP 7.knightThrough.1641835291841 (( move 4 7 6 8 ) noop ) )
LOG 1641835298520 [L3]: Stopped logging to files at: Mon Jan 10 18:21:38 CET 2022
LOG 1641835298521 [L3]: LOG SEALED
