LOG 1641833311084 [L3]: Returning initial state machine.
LOG 1641833311084 [L3]: Returning PropNet state machine without cache.
LOG 1641833311085 [L3]: Starting metagame with available thinking time 4990ms.
LOG 1641833311087 [L3]: Starting search during metagame.
LOG 1641833316075 [L3]: Done searching during metagame.
LOG 1641833316078 [L3]: Starting move selection for game step 1 with available time 0ms.
LOG 1641833316078 [L3]: No time to select next move using MCTS. Returning random move ( drop 3 ).
LOG 1641833316082 [L3]: Starting move selection for game step 2 with available time 0ms.
LOG 1641833316083 [L3]: No time to select next move using MCTS. Returning random move noop.
LOG 1641833316091 [L3]: Starting move selection for game step 3 with available time 0ms.
LOG 1641833316092 [L3]: No time to select next move using MCTS. Returning random move ( drop 5 ).
LOG 1641833316098 [L3]: Starting move selection for game step 4 with available time 0ms.
LOG 1641833316101 [L3]: No time to select next move using MCTS. Returning random move noop.
LOG 1641833316110 [L3]: Starting move selection for game step 5 with available time 0ms.
LOG 1641833316111 [L3]: No time to select next move using MCTS. Returning random move ( drop 4 ).
LOG 1641833316115 [L3]: Starting move selection for game step 6 with available time 0ms.
LOG 1641833316115 [L3]: No time to select next move using MCTS. Returning random move noop.
LOG 1641833316119 [L3]: Starting move selection for game step 7 with available time 0ms.
LOG 1641833316119 [L3]: No time to select next move using MCTS. Returning random move ( drop 3 ).
LOG 1641833316124 [L3]: Starting move selection for game step 8 with available time 0ms.
LOG 1641833316124 [L3]: No time to select next move using MCTS. Returning random move noop.
LOG 1641833316145 [L3]: Starting move selection for game step 9 with available time 0ms.
LOG 1641833316145 [L3]: No time to select next move using MCTS. Returning random move ( drop 1 ).
LOG 1641833316149 [L3]: Starting move selection for game step 10 with available time 0ms.
LOG 1641833316149 [L3]: No time to select next move using MCTS. Returning random move noop.
LOG 1641833316153 [L3]: Starting move selection for game step 11 with available time 0ms.
LOG 1641833316153 [L3]: No time to select next move using MCTS. Returning random move ( drop 4 ).
LOG 1641833316157 [L3]: Starting move selection for game step 12 with available time 0ms.
LOG 1641833316157 [L3]: No time to select next move using MCTS. Returning random move noop.
LOG 1641833316161 [L3]: Starting move selection for game step 13 with available time 0ms.
LOG 1641833316161 [L3]: No time to select next move using MCTS. Returning random move ( drop 1 ).
LOG 1641833316166 [L3]: Starting move selection for game step 14 with available time 0ms.
LOG 1641833316167 [L3]: No time to select next move using MCTS. Returning random move noop.
LOG 1641833316170 [L3]: Starting move selection for game step 15 with available time 0ms.
LOG 1641833316171 [L3]: No time to select next move using MCTS. Returning random move ( drop 7 ).
LOG 1641833316174 [L3]: Starting move selection for game step 16 with available time 0ms.
LOG 1641833316174 [L3]: No time to select next move using MCTS. Returning random move noop.
LOG 1641833316179 [L3]: Starting move selection for game step 17 with available time 0ms.
LOG 1641833316180 [L3]: No time to select next move using MCTS. Returning random move ( drop 5 ).
LOG 1641833316184 [L3]: Starting move selection for game step 18 with available time 0ms.
LOG 1641833316184 [L3]: No time to select next move using MCTS. Returning random move noop.
LOG 1641833316190 [L3]: Starting move selection for game step 19 with available time 0ms.
LOG 1641833316190 [L3]: No time to select next move using MCTS. Returning random move ( drop 6 ).
LOG 1641833316194 [L3]: Starting move selection for game step 20 with available time 0ms.
LOG 1641833316195 [L3]: No time to select next move using MCTS. Returning random move noop.
LOG 1641833316198 [L3]: Starting move selection for game step 21 with available time 0ms.
LOG 1641833316199 [L3]: No time to select next move using MCTS. Returning random move ( drop 7 ).
LOG 1641833316202 [L3]: Starting move selection for game step 22 with available time 0ms.
LOG 1641833316203 [L3]: No time to select next move using MCTS. Returning random move noop.
LOG 1641833316207 [L3]: Starting move selection for game step 23 with available time 0ms.
LOG 1641833316207 [L3]: No time to select next move using MCTS. Returning random move ( drop 2 ).
LOG 1641833316211 [L3]: Starting move selection for game step 24 with available time 0ms.
LOG 1641833316212 [L3]: No time to select next move using MCTS. Returning random move noop.
LOG 1641833316217 [L3]: Starting move selection for game step 25 with available time 0ms.
LOG 1641833316217 [L3]: No time to select next move using MCTS. Returning random move ( drop 6 ).
LOG 1641833316221 [L3]: Starting move selection for game step 26 with available time 0ms.
LOG 1641833316221 [L3]: No time to select next move using MCTS. Returning random move noop.
