LOG 1641834531871 [L3]: Returning initial state machine.
LOG 1641834531871 [L3]: Returning PropNet state machine without cache.
LOG 1641834531872 [L3]: Starting metagame with available thinking time 4990ms.
LOG 1641834531874 [L3]: Starting search during metagame.
LOG 1641834536862 [L3]: Done searching during metagame.
LOG 1641834536865 [L3]: Starting move selection for game step 1 with available time 0ms.
LOG 1641834536865 [L3]: No time to select next move using MCTS. Returning random move ( move 6 2 6 3 ).
LOG 1641834536869 [L3]: Starting move selection for game step 2 with available time 0ms.
LOG 1641834536873 [L3]: No time to select next move using MCTS. Returning random move noop.
LOG 1641834536876 [L3]: Starting move selection for game step 3 with available time 0ms.
LOG 1641834536886 [L3]: No time to select next move using MCTS. Returning random move ( move 3 2 3 3 ).
LOG 1641834536891 [L3]: Starting move selection for game step 4 with available time 0ms.
LOG 1641834536897 [L3]: No time to select next move using MCTS. Returning random move noop.
LOG 1641834536901 [L3]: Starting move selection for game step 5 with available time 0ms.
LOG 1641834536901 [L3]: No time to select next move using MCTS. Returning random move ( move 7 2 8 3 ).
LOG 1641834536906 [L3]: Starting move selection for game step 6 with available time 0ms.
LOG 1641834536906 [L3]: No time to select next move using MCTS. Returning random move noop.
LOG 1641834536911 [L3]: Starting move selection for game step 7 with available time 0ms.
LOG 1641834536911 [L3]: No time to select next move using MCTS. Returning random move ( move 6 3 5 4 ).
LOG 1641834536915 [L3]: Starting move selection for game step 8 with available time 0ms.
LOG 1641834536915 [L3]: No time to select next move using MCTS. Returning random move noop.
LOG 1641834536919 [L3]: Starting move selection for game step 9 with available time 0ms.
LOG 1641834536919 [L3]: No time to select next move using MCTS. Returning random move ( move 7 1 6 2 ).
LOG 1641834536923 [L3]: Starting move selection for game step 10 with available time 0ms.
LOG 1641834536923 [L3]: No time to select next move using MCTS. Returning random move noop.
LOG 1641834536927 [L3]: Starting move selection for game step 11 with available time 0ms.
LOG 1641834536927 [L3]: No time to select next move using MCTS. Returning random move ( move 1 2 2 3 ).
LOG 1641834536931 [L3]: Starting move selection for game step 12 with available time 0ms.
LOG 1641834536931 [L3]: No time to select next move using MCTS. Returning random move noop.
LOG 1641834536936 [L3]: Starting move selection for game step 13 with available time 0ms.
LOG 1641834536936 [L3]: No time to select next move using MCTS. Returning random move ( move 3 1 3 2 ).
LOG 1641834536940 [L3]: Starting move selection for game step 14 with available time 0ms.
LOG 1641834536940 [L3]: No time to select next move using MCTS. Returning random move noop.
LOG 1641834536944 [L3]: Starting move selection for game step 15 with available time 0ms.
LOG 1641834536944 [L3]: No time to select next move using MCTS. Returning random move ( move 8 2 7 3 ).
LOG 1641834536948 [L3]: Starting move selection for game step 16 with available time 0ms.
LOG 1641834536948 [L3]: No time to select next move using MCTS. Returning random move noop.
LOG 1641834536953 [L3]: Starting move selection for game step 17 with available time -1ms.
LOG 1641834536953 [L3]: No time to select next move using MCTS. Returning random move ( move 4 2 4 3 ).
LOG 1641834536956 [L3]: Starting move selection for game step 18 with available time 0ms.
LOG 1641834536957 [L3]: No time to select next move using MCTS. Returning random move noop.
LOG 1641834536961 [L3]: Starting move selection for game step 19 with available time 0ms.
LOG 1641834536961 [L3]: No time to select next move using MCTS. Returning random move ( move 2 3 2 4 ).
LOG 1641834536965 [L3]: Starting move selection for game step 20 with available time 0ms.
LOG 1641834536965 [L3]: No time to select next move using MCTS. Returning random move noop.
LOG 1641834536969 [L3]: Starting move selection for game step 21 with available time 0ms.
LOG 1641834536969 [L3]: No time to select next move using MCTS. Returning random move ( move 4 1 4 2 ).
LOG 1641834536973 [L3]: Starting move selection for game step 22 with available time 0ms.
LOG 1641834536973 [L3]: No time to select next move using MCTS. Returning random move noop.
LOG 1641834536977 [L3]: Starting move selection for game step 23 with available time 0ms.
LOG 1641834536977 [L3]: No time to select next move using MCTS. Returning random move ( move 6 2 5 3 ).
LOG 1641834536981 [L3]: Starting move selection for game step 24 with available time 0ms.
LOG 1641834536981 [L3]: No time to select next move using MCTS. Returning random move noop.
LOG 1641834536985 [L3]: Starting move selection for game step 25 with available time 0ms.
LOG 1641834536985 [L3]: No time to select next move using MCTS. Returning random move ( move 7 3 6 4 ).
LOG 1641834536989 [L3]: Starting move selection for game step 26 with available time 0ms.
LOG 1641834536989 [L3]: No time to select next move using MCTS. Returning random move noop.
LOG 1641834536994 [L3]: Starting move selection for game step 27 with available time 0ms.
LOG 1641834536994 [L3]: No time to select next move using MCTS. Returning random move ( move 6 4 5 5 ).
LOG 1641834536998 [L3]: Starting move selection for game step 28 with available time 0ms.
LOG 1641834536998 [L3]: No time to select next move using MCTS. Returning random move noop.
LOG 1641834537003 [L3]: Starting move selection for game step 29 with available time 0ms.
LOG 1641834537003 [L3]: No time to select next move using MCTS. Returning random move ( move 4 3 5 4 ).
LOG 1641834537007 [L3]: Starting move selection for game step 30 with available time 0ms.
LOG 1641834537007 [L3]: No time to select next move using MCTS. Returning random move noop.
LOG 1641834537011 [L3]: Starting move selection for game step 31 with available time 0ms.
LOG 1641834537011 [L3]: No time to select next move using MCTS. Returning random move ( move 5 4 4 5 ).
LOG 1641834537015 [L3]: Starting move selection for game step 32 with available time 0ms.
LOG 1641834537015 [L3]: No time to select next move using MCTS. Returning random move noop.
LOG 1641834537019 [L3]: Starting move selection for game step 33 with available time 0ms.
LOG 1641834537019 [L3]: No time to select next move using MCTS. Returning random move ( move 4 2 4 3 ).
LOG 1641834537035 [L3]: Starting move selection for game step 34 with available time 0ms.
LOG 1641834537036 [L3]: No time to select next move using MCTS. Returning random move noop.
LOG 1641834537039 [L3]: Starting move selection for game step 35 with available time 0ms.
LOG 1641834537040 [L3]: No time to select next move using MCTS. Returning random move ( move 8 3 7 4 ).
LOG 1641834537044 [L3]: Starting move selection for game step 36 with available time 0ms.
LOG 1641834537044 [L3]: No time to select next move using MCTS. Returning random move noop.
LOG 1641834537048 [L3]: Starting move selection for game step 37 with available time 0ms.
LOG 1641834537048 [L3]: No time to select next move using MCTS. Returning random move ( move 5 2 6 3 ).
LOG 1641834537052 [L3]: Starting move selection for game step 38 with available time 0ms.
LOG 1641834537052 [L3]: No time to select next move using MCTS. Returning random move noop.
LOG 1641834537055 [L3]: Starting move selection for game step 39 with available time 0ms.
LOG 1641834537056 [L3]: No time to select next move using MCTS. Returning random move ( move 2 2 1 3 ).
LOG 1641834537060 [L3]: Starting move selection for game step 40 with available time 0ms.
LOG 1641834537060 [L3]: No time to select next move using MCTS. Returning random move noop.
LOG 1641834537064 [L3]: Starting move selection for game step 41 with available time 0ms.
LOG 1641834537064 [L3]: No time to select next move using MCTS. Returning random move ( move 4 5 3 6 ).
LOG 1641834537068 [L3]: Starting move selection for game step 42 with available time 0ms.
LOG 1641834537068 [L3]: No time to select next move using MCTS. Returning random move noop.
LOG 1641834537072 [L3]: Starting move selection for game step 43 with available time 0ms.
LOG 1641834537072 [L3]: No time to select next move using MCTS. Returning random move ( move 5 1 4 2 ).
LOG 1641834537076 [L3]: Starting move selection for game step 44 with available time 0ms.
LOG 1641834537076 [L3]: No time to select next move using MCTS. Returning random move noop.
LOG 1641834537079 [L3]: Starting move selection for game step 45 with available time 0ms.
LOG 1641834537080 [L3]: No time to select next move using MCTS. Returning random move ( move 3 3 3 4 ).
LOG 1641834537083 [L3]: Starting move selection for game step 46 with available time 0ms.
LOG 1641834537084 [L3]: No time to select next move using MCTS. Returning random move noop.
LOG 1641834537087 [L3]: Starting move selection for game step 47 with available time 0ms.
LOG 1641834537087 [L3]: No time to select next move using MCTS. Returning random move ( move 2 4 2 5 ).
LOG 1641834537091 [L3]: Starting move selection for game step 48 with available time 0ms.
LOG 1641834537091 [L3]: No time to select next move using MCTS. Returning random move noop.
LOG 1641834537095 [L3]: Starting move selection for game step 49 with available time 0ms.
LOG 1641834537095 [L3]: No time to select next move using MCTS. Returning random move ( move 8 1 7 2 ).
LOG 1641834537099 [L3]: Starting move selection for game step 50 with available time 0ms.
LOG 1641834537100 [L3]: No time to select next move using MCTS. Returning random move noop.
LOG 1641834537103 [L3]: Starting move selection for game step 51 with available time 0ms.
LOG 1641834537104 [L3]: No time to select next move using MCTS. Returning random move ( move 3 2 3 3 ).
LOG 1641834537107 [L3]: Starting move selection for game step 52 with available time 0ms.
LOG 1641834537107 [L3]: No time to select next move using MCTS. Returning random move noop.
LOG 1641834537111 [L3]: Starting move selection for game step 53 with available time 0ms.
LOG 1641834537111 [L3]: No time to select next move using MCTS. Returning random move ( move 4 3 5 4 ).
LOG 1641834537115 [L3]: Starting move selection for game step 54 with available time 0ms.
LOG 1641834537115 [L3]: No time to select next move using MCTS. Returning random move noop.
LOG 1641834537119 [L3]: Starting move selection for game step 55 with available time -1ms.
LOG 1641834537119 [L3]: No time to select next move using MCTS. Returning random move ( move 6 1 5 2 ).
LOG 1641834537124 [L3]: Starting move selection for game step 56 with available time 0ms.
LOG 1641834537124 [L3]: No time to select next move using MCTS. Returning random move noop.
LOG 1641834537128 [L3]: Starting move selection for game step 57 with available time 0ms.
LOG 1641834537128 [L3]: No time to select next move using MCTS. Returning random move ( move 7 4 6 5 ).
LOG 1641834537132 [L3]: Starting move selection for game step 58 with available time 0ms.
LOG 1641834537132 [L3]: No time to select next move using MCTS. Returning random move noop.
LOG 1641834537136 [L3]: Starting move selection for game step 59 with available time 0ms.
LOG 1641834537136 [L3]: No time to select next move using MCTS. Returning random move ( move 3 3 2 4 ).
LOG 1641834537139 [L3]: Starting move selection for game step 60 with available time 0ms.
LOG 1641834537140 [L3]: No time to select next move using MCTS. Returning random move noop.
LOG 1641834537143 [L3]: Starting move selection for game step 61 with available time 0ms.
LOG 1641834537143 [L3]: No time to select next move using MCTS. Returning random move ( move 7 2 7 3 ).
LOG 1641834537147 [L3]: Starting move selection for game step 62 with available time -1ms.
LOG 1641834537147 [L3]: No time to select next move using MCTS. Returning random move noop.
LOG 1641834537150 [L3]: Starting move selection for game step 63 with available time 0ms.
LOG 1641834537150 [L3]: No time to select next move using MCTS. Returning random move ( move 7 3 6 4 ).
LOG 1641834537154 [L3]: Starting move selection for game step 64 with available time 0ms.
LOG 1641834537154 [L3]: No time to select next move using MCTS. Returning random move noop.
LOG 1641834537157 [L3]: Starting move selection for game step 65 with available time 0ms.
LOG 1641834537157 [L3]: No time to select next move using MCTS. Returning random move ( move 3 4 4 5 ).
LOG 1641834537161 [L3]: Starting move selection for game step 66 with available time 0ms.
LOG 1641834537161 [L3]: No time to select next move using MCTS. Returning random move noop.
LOG 1641834537165 [L3]: Starting move selection for game step 67 with available time 0ms.
LOG 1641834537166 [L3]: No time to select next move using MCTS. Returning random move ( move 4 5 5 6 ).
LOG 1641834537169 [L3]: Starting move selection for game step 68 with available time 0ms.
LOG 1641834537169 [L3]: No time to select next move using MCTS. Returning random move noop.
LOG 1641834537172 [L3]: Starting move selection for game step 69 with available time 0ms.
LOG 1641834537172 [L3]: No time to select next move using MCTS. Returning random move ( move 5 2 4 3 ).
LOG 1641834537175 [L3]: Starting move selection for game step 70 with available time 0ms.
LOG 1641834537176 [L3]: No time to select next move using MCTS. Returning random move noop.
LOG 1641834537180 [L3]: Starting move selection for game step 71 with available time 0ms.
LOG 1641834537180 [L3]: No time to select next move using MCTS. Returning random move ( move 5 6 4 7 ).
LOG 1641834537183 [L3]: Starting move selection for game step 72 with available time 0ms.
LOG 1641834537184 [L3]: No time to select next move using MCTS. Returning random move noop.
LOG 1641834537187 [L3]: Starting move selection for game step 73 with available time 0ms.
LOG 1641834537187 [L3]: No time to select next move using MCTS. Returning random move ( move 2 5 2 6 ).
LOG 1641834537190 [L3]: Starting move selection for game step 74 with available time 0ms.
LOG 1641834537191 [L3]: No time to select next move using MCTS. Returning random move noop.
LOG 1641834537194 [L3]: Starting move selection for game step 75 with available time 0ms.
LOG 1641834537194 [L3]: No time to select next move using MCTS. Returning random move ( move 1 1 1 2 ).
LOG 1641834537198 [L3]: Starting move selection for game step 76 with available time 0ms.
LOG 1641834537198 [L3]: No time to select next move using MCTS. Returning random move noop.
LOG 1641834537203 [L3]: Starting move selection for game step 77 with available time -1ms.
LOG 1641834537203 [L3]: No time to select next move using MCTS. Returning random move ( move 2 6 2 7 ).
LOG 1641834537207 [L3]: Starting move selection for game step 78 with available time 0ms.
LOG 1641834537207 [L3]: No time to select next move using MCTS. Returning random move noop.
LOG 1641834537210 [L3]: Starting move selection for game step 79 with available time 0ms.
LOG 1641834537210 [L3]: No time to select next move using MCTS. Returning random move ( move 4 7 5 8 ).
