LOG 1641854850826 [L3]: Returning initial state machine.
LOG 1641854850826 [L3]: Returning PropNet state machine without cache.
LOG 1641854850827 [L3]: Starting metagame with available thinking time 4990ms.
LOG 1641854850829 [L3]: Starting search during metagame.
LOG 1641854855817 [L3]: Done searching during metagame.
LOG 1641854855820 [L3]: Starting move selection for game step 1 with available time 10000ms.
LOG 1641854855821 [L3]: Selecting move using MCTS.
LOG 1641854865820 [L3]: Returning MCTS move ( drop 4 ).
LOG 1641854865824 [L3]: Starting move selection for game step 2 with available time 10000ms.
LOG 1641854865832 [L3]: Selecting move using MCTS.
LOG 1641854875824 [L3]: Returning MCTS move noop.
LOG 1641854875827 [L3]: Starting move selection for game step 3 with available time 10000ms.
LOG 1641854875842 [L3]: Selecting move using MCTS.
LOG 1641854885827 [L3]: Returning MCTS move ( drop 4 ).
LOG 1641854885837 [L3]: Starting move selection for game step 4 with available time 10000ms.
LOG 1641854885851 [L3]: Selecting move using MCTS.
LOG 1641854895837 [L3]: Returning MCTS move noop.
LOG 1641854895858 [L3]: Starting move selection for game step 5 with available time 10000ms.
LOG 1641854895875 [L3]: Selecting move using MCTS.
LOG 1641854905858 [L3]: Returning MCTS move ( drop 4 ).
LOG 1641854905861 [L3]: Starting move selection for game step 6 with available time 10000ms.
LOG 1641854905876 [L3]: Selecting move using MCTS.
LOG 1641854915861 [L3]: Returning MCTS move noop.
LOG 1641854915884 [L3]: Starting move selection for game step 7 with available time 10000ms.
LOG 1641854915902 [L3]: Selecting move using MCTS.
LOG 1641854925884 [L3]: Returning MCTS move ( drop 4 ).
