LOG 1641833977146 [L3]: Started match logging at: Mon Jan 10 17:59:37 CET 2022
LOG 1641833977154 [L3]: Game rules: [( role white ), ( role black ), ( <= ( base ( cellHolds ?x ?y ?p ) ) ( index ?x ) ( index ?y ) ( role ?p ) ), ( <= ( base ( control ?p ) ) ( role ?p ) ), ( <= ( input ?p noop ) ( role ?p ) ), ( <= ( input white ( move ?x ?y1 ?x ?y2 ) ) ( index ?x ) ( succ ?y1 ?y2 ) ), ( <= ( input white ( move ?x1 ?y1 ?x2 ?y2 ) ) ( succ ?y1 ?y2 ) ( succ ?x1 ?x2 ) ), ( <= ( input white ( move ?x1 ?y1 ?x2 ?y2 ) ) ( succ ?y1 ?y2 ) ( succ ?x2 ?x1 ) ), ( <= ( input black ( move ?x ?y1 ?x ?y2 ) ) ( index ?x ) ( succ ?y2 ?y1 ) ), ( <= ( input black ( move ?x1 ?y1 ?x2 ?y2 ) ) ( succ ?y2 ?y1 ) ( succ ?x1 ?x2 ) ), ( <= ( input black ( move ?x1 ?y1 ?x2 ?y2 ) ) ( succ ?y2 ?y1 ) ( succ ?x2 ?x1 ) ), ( init ( cellHolds 1 1 white ) ), ( init ( cellHolds 2 1 white ) ), ( init ( cellHolds 3 1 white ) ), ( init ( cellHolds 4 1 white ) ), ( init ( cellHolds 5 1 white ) ), ( init ( cellHolds 6 1 white ) ), ( init ( cellHolds 7 1 white ) ), ( init ( cellHolds 8 1 white ) ), ( init ( cellHolds 1 2 white ) ), ( init ( cellHolds 2 2 white ) ), ( init ( cellHolds 3 2 white ) ), ( init ( cellHolds 4 2 white ) ), ( init ( cellHolds 5 2 white ) ), ( init ( cellHolds 6 2 white ) ), ( init ( cellHolds 7 2 white ) ), ( init ( cellHolds 8 2 white ) ), ( init ( cellHolds 1 7 black ) ), ( init ( cellHolds 2 7 black ) ), ( init ( cellHolds 3 7 black ) ), ( init ( cellHolds 4 7 black ) ), ( init ( cellHolds 5 7 black ) ), ( init ( cellHolds 6 7 black ) ), ( init ( cellHolds 7 7 black ) ), ( init ( cellHolds 8 7 black ) ), ( init ( cellHolds 1 8 black ) ), ( init ( cellHolds 2 8 black ) ), ( init ( cellHolds 3 8 black ) ), ( init ( cellHolds 4 8 black ) ), ( init ( cellHolds 5 8 black ) ), ( init ( cellHolds 6 8 black ) ), ( init ( cellHolds 7 8 black ) ), ( init ( cellHolds 8 8 black ) ), ( init ( control white ) ), ( <= ( legal white ( move ?x ?y1 ?x ?y2 ) ) ( true ( control white ) ) ( true ( cellHolds ?x ?y1 white ) ) ( succ ?y1 ?y2 ) ( cellEmpty ?x ?y2 ) ), ( <= ( legal white ( move ?x1 ?y1 ?x2 ?y2 ) ) ( true ( control white ) ) ( true ( cellHolds ?x1 ?y1 white ) ) ( succ ?y1 ?y2 ) ( succ ?x1 ?x2 ) ( not ( true ( cellHolds ?x2 ?y2 white ) ) ) ), ( <= ( legal white ( move ?x1 ?y1 ?x2 ?y2 ) ) ( true ( control white ) ) ( true ( cellHolds ?x1 ?y1 white ) ) ( succ ?y1 ?y2 ) ( succ ?x2 ?x1 ) ( not ( true ( cellHolds ?x2 ?y2 white ) ) ) ), ( <= ( legal black ( move ?x ?y1 ?x ?y2 ) ) ( true ( control black ) ) ( true ( cellHolds ?x ?y1 black ) ) ( succ ?y2 ?y1 ) ( cellEmpty ?x ?y2 ) ), ( <= ( legal black ( move ?x1 ?y1 ?x2 ?y2 ) ) ( true ( control black ) ) ( true ( cellHolds ?x1 ?y1 black ) ) ( succ ?y2 ?y1 ) ( succ ?x1 ?x2 ) ( not ( true ( cellHolds ?x2 ?y2 black ) ) ) ), ( <= ( legal black ( move ?x1 ?y1 ?x2 ?y2 ) ) ( true ( control black ) ) ( true ( cellHolds ?x1 ?y1 black ) ) ( succ ?y2 ?y1 ) ( succ ?x2 ?x1 ) ( not ( true ( cellHolds ?x2 ?y2 black ) ) ) ), ( <= ( legal white noop ) ( true ( control black ) ) ), ( <= ( legal black noop ) ( true ( control white ) ) ), ( <= ( next ( cellHolds ?x2 ?y2 ?player ) ) ( role ?player ) ( does ?player ( move ?x1 ?y1 ?x2 ?y2 ) ) ), ( <= ( next ( cellHolds ?x3 ?y3 ?state ) ) ( true ( cellHolds ?x3 ?y3 ?state ) ) ( role ?player ) ( does ?player ( move ?x1 ?y1 ?x2 ?y2 ) ) ( distinctCell ?x1 ?y1 ?x3 ?y3 ) ( distinctCell ?x2 ?y2 ?x3 ?y3 ) ), ( <= ( next ( control white ) ) ( true ( control black ) ) ), ( <= ( next ( control black ) ) ( true ( control white ) ) ), ( <= terminal whiteWin ), ( <= terminal blackWin ), ( <= ( goal white 100 ) whiteWin ), ( <= ( goal white 0 ) ( not whiteWin ) ), ( <= ( goal black 100 ) blackWin ), ( <= ( goal black 0 ) ( not blackWin ) ), ( <= ( cell ?x ?y ) ( index ?x ) ( index ?y ) ), ( <= ( cellEmpty ?x ?y ) ( cell ?x ?y ) ( not ( true ( cellHolds ?x ?y white ) ) ) ( not ( true ( cellHolds ?x ?y black ) ) ) ), ( <= ( distinctCell ?x1 ?y1 ?x2 ?y2 ) ( cell ?x1 ?y1 ) ( cell ?x2 ?y2 ) ( distinct ?x1 ?x2 ) ), ( <= ( distinctCell ?x1 ?y1 ?x2 ?y2 ) ( cell ?x1 ?y1 ) ( cell ?x2 ?y2 ) ( distinct ?y1 ?y2 ) ), ( <= whiteWin ( index ?x ) ( true ( cellHolds ?x 8 white ) ) ), ( <= blackWin ( index ?x ) ( true ( cellHolds ?x 1 black ) ) ), ( <= whiteWin ( not blackCell ) ), ( <= blackWin ( not whiteCell ) ), ( <= whiteCell ( cell ?x ?y ) ( true ( cellHolds ?x ?y white ) ) ), ( <= blackCell ( cell ?x ?y ) ( true ( cellHolds ?x ?y black ) ) ), ( index 1 ), ( index 2 ), ( index 3 ), ( index 4 ), ( index 5 ), ( index 6 ), ( index 7 ), ( index 8 ), ( succ 1 2 ), ( succ 2 3 ), ( succ 3 4 ), ( succ 4 5 ), ( succ 5 6 ), ( succ 6 7 ), ( succ 7 8 )]
LOG 1641833977154 [L3]: Start clock: 15
LOG 1641833977155 [L3]: Play clock: 10
LOG 1641833982147 [L0]: [Sent at 1641833982147] ready
LOG 1641833982149 [L0]: [Received at 1641833982149] ( PLAY 18.breakthrough.1641833976921 NIL )
LOG 1641833982150 [L0]: [Sent at 1641833982150] noop
LOG 1641833982153 [L0]: [Received at 1641833982153] ( PLAY 18.breakthrough.1641833976921 (( move 7 2 6 3 ) noop ) )
LOG 1641833982155 [L0]: [Sent at 1641833982155] ( move 3 7 3 6 )
LOG 1641833982160 [L0]: [Received at 1641833982160] ( PLAY 18.breakthrough.1641833976921 (noop ( move 3 7 3 6 ) ) )
LOG 1641833982168 [L0]: [Sent at 1641833982168] noop
LOG 1641833982171 [L0]: [Received at 1641833982171] ( PLAY 18.breakthrough.1641833976921 (( move 2 2 2 3 ) noop ) )
LOG 1641833982173 [L0]: [Sent at 1641833982173] ( move 2 7 2 6 )
LOG 1641833982178 [L0]: [Received at 1641833982178] ( PLAY 18.breakthrough.1641833976921 (noop ( move 2 7 2 6 ) ) )
LOG 1641833982179 [L0]: [Sent at 1641833982179] noop
LOG 1641833982182 [L0]: [Received at 1641833982182] ( PLAY 18.breakthrough.1641833976921 (( move 6 1 7 2 ) noop ) )
LOG 1641833982183 [L0]: [Sent at 1641833982183] ( move 3 8 3 7 )
LOG 1641833982187 [L0]: [Received at 1641833982187] ( PLAY 18.breakthrough.1641833976921 (noop ( move 3 8 3 7 ) ) )
LOG 1641833982188 [L0]: [Sent at 1641833982188] noop
LOG 1641833982191 [L0]: [Received at 1641833982191] ( PLAY 18.breakthrough.1641833976921 (( move 3 2 4 3 ) noop ) )
LOG 1641833982193 [L0]: [Sent at 1641833982193] ( move 7 7 7 6 )
LOG 1641833982196 [L0]: [Received at 1641833982196] ( PLAY 18.breakthrough.1641833976921 (noop ( move 7 7 7 6 ) ) )
LOG 1641833982197 [L0]: [Sent at 1641833982197] noop
LOG 1641833982200 [L0]: [Received at 1641833982200] ( PLAY 18.breakthrough.1641833976921 (( move 6 3 6 4 ) noop ) )
LOG 1641833982201 [L0]: [Sent at 1641833982201] ( move 4 7 4 6 )
LOG 1641833982205 [L0]: [Received at 1641833982205] ( PLAY 18.breakthrough.1641833976921 (noop ( move 4 7 4 6 ) ) )
LOG 1641833982206 [L0]: [Sent at 1641833982206] noop
LOG 1641833982208 [L0]: [Received at 1641833982208] ( PLAY 18.breakthrough.1641833976921 (( move 7 2 6 3 ) noop ) )
LOG 1641833982210 [L0]: [Sent at 1641833982210] ( move 8 8 7 7 )
LOG 1641833982213 [L0]: [Received at 1641833982213] ( PLAY 18.breakthrough.1641833976921 (noop ( move 8 8 7 7 ) ) )
LOG 1641833982214 [L0]: [Sent at 1641833982214] noop
LOG 1641833982217 [L0]: [Received at 1641833982217] ( PLAY 18.breakthrough.1641833976921 (( move 3 1 2 2 ) noop ) )
LOG 1641833982218 [L0]: [Sent at 1641833982218] ( move 8 7 8 6 )
LOG 1641833982221 [L0]: [Received at 1641833982221] ( PLAY 18.breakthrough.1641833976921 (noop ( move 8 7 8 6 ) ) )
LOG 1641833982223 [L0]: [Sent at 1641833982223] noop
LOG 1641833982226 [L0]: [Received at 1641833982226] ( PLAY 18.breakthrough.1641833976921 (( move 6 2 5 3 ) noop ) )
LOG 1641833982227 [L0]: [Sent at 1641833982227] ( move 4 6 4 5 )
LOG 1641833982230 [L0]: [Received at 1641833982230] ( PLAY 18.breakthrough.1641833976921 (noop ( move 4 6 4 5 ) ) )
LOG 1641833982231 [L0]: [Sent at 1641833982231] noop
LOG 1641833982234 [L0]: [Received at 1641833982234] ( PLAY 18.breakthrough.1641833976921 (( move 4 3 5 4 ) noop ) )
LOG 1641833982235 [L0]: [Sent at 1641833982235] ( move 2 6 1 5 )
LOG 1641833982238 [L0]: [Received at 1641833982238] ( PLAY 18.breakthrough.1641833976921 (noop ( move 2 6 1 5 ) ) )
LOG 1641833982239 [L0]: [Sent at 1641833982239] noop
LOG 1641833982242 [L0]: [Received at 1641833982242] ( PLAY 18.breakthrough.1641833976921 (( move 2 3 2 4 ) noop ) )
LOG 1641833982244 [L0]: [Sent at 1641833982244] ( move 4 5 5 4 )
LOG 1641833982246 [L0]: [Received at 1641833982246] ( PLAY 18.breakthrough.1641833976921 (noop ( move 4 5 5 4 ) ) )
LOG 1641833982248 [L0]: [Sent at 1641833982248] noop
LOG 1641833982250 [L0]: [Received at 1641833982250] ( PLAY 18.breakthrough.1641833976921 (( move 2 2 3 3 ) noop ) )
LOG 1641833982251 [L0]: [Sent at 1641833982251] ( move 1 7 2 6 )
LOG 1641833982254 [L0]: [Received at 1641833982254] ( PLAY 18.breakthrough.1641833976921 (noop ( move 1 7 2 6 ) ) )
LOG 1641833982255 [L0]: [Sent at 1641833982255] noop
LOG 1641833982259 [L0]: [Received at 1641833982259] ( PLAY 18.breakthrough.1641833976921 (( move 7 1 7 2 ) noop ) )
LOG 1641833982260 [L0]: [Sent at 1641833982260] ( move 5 7 4 6 )
LOG 1641833982263 [L0]: [Received at 1641833982263] ( PLAY 18.breakthrough.1641833976921 (noop ( move 5 7 4 6 ) ) )
LOG 1641833982264 [L0]: [Sent at 1641833982264] noop
LOG 1641833982267 [L0]: [Received at 1641833982267] ( PLAY 18.breakthrough.1641833976921 (( move 6 3 5 4 ) noop ) )
LOG 1641833982269 [L0]: [Sent at 1641833982269] ( move 1 8 1 7 )
LOG 1641833982271 [L0]: [Received at 1641833982271] ( PLAY 18.breakthrough.1641833976921 (noop ( move 1 8 1 7 ) ) )
LOG 1641833982272 [L0]: [Sent at 1641833982272] noop
LOG 1641833982275 [L0]: [Received at 1641833982275] ( PLAY 18.breakthrough.1641833976921 (( move 2 4 2 5 ) noop ) )
LOG 1641833982277 [L0]: [Sent at 1641833982277] ( move 6 7 6 6 )
LOG 1641833982279 [L0]: [Received at 1641833982279] ( PLAY 18.breakthrough.1641833976921 (noop ( move 6 7 6 6 ) ) )
LOG 1641833982281 [L0]: [Sent at 1641833982281] noop
LOG 1641833982284 [L0]: [Received at 1641833982284] ( PLAY 18.breakthrough.1641833976921 (( move 5 4 4 5 ) noop ) )
LOG 1641833982285 [L0]: [Sent at 1641833982285] ( move 4 6 5 5 )
LOG 1641833982288 [L0]: [Received at 1641833982288] ( PLAY 18.breakthrough.1641833976921 (noop ( move 4 6 5 5 ) ) )
LOG 1641833982289 [L0]: [Sent at 1641833982289] noop
LOG 1641833982293 [L0]: [Received at 1641833982293] ( PLAY 18.breakthrough.1641833976921 (( move 4 5 5 6 ) noop ) )
LOG 1641833982294 [L0]: [Sent at 1641833982294] ( move 2 8 2 7 )
LOG 1641833982297 [L0]: [Received at 1641833982297] ( PLAY 18.breakthrough.1641833976921 (noop ( move 2 8 2 7 ) ) )
LOG 1641833982298 [L0]: [Sent at 1641833982298] noop
LOG 1641833982302 [L0]: [Received at 1641833982302] ( PLAY 18.breakthrough.1641833976921 (( move 6 4 7 5 ) noop ) )
LOG 1641833982304 [L0]: [Sent at 1641833982304] ( move 6 6 7 5 )
LOG 1641833982306 [L0]: [Received at 1641833982306] ( PLAY 18.breakthrough.1641833976921 (noop ( move 6 6 7 5 ) ) )
LOG 1641833982308 [L0]: [Sent at 1641833982308] noop
LOG 1641833982311 [L0]: [Received at 1641833982311] ( PLAY 18.breakthrough.1641833976921 (( move 4 1 3 2 ) noop ) )
LOG 1641833982312 [L0]: [Sent at 1641833982312] ( move 5 5 5 4 )
LOG 1641833982314 [L0]: [Received at 1641833982314] ( PLAY 18.breakthrough.1641833976921 (noop ( move 5 5 5 4 ) ) )
LOG 1641833982316 [L0]: [Sent at 1641833982316] noop
LOG 1641833982318 [L0]: [Received at 1641833982318] ( PLAY 18.breakthrough.1641833976921 (( move 5 2 6 3 ) noop ) )
LOG 1641833982319 [L0]: [Sent at 1641833982319] ( move 3 6 2 5 )
LOG 1641833982323 [L0]: [Received at 1641833982323] ( PLAY 18.breakthrough.1641833976921 (noop ( move 3 6 2 5 ) ) )
LOG 1641833982324 [L0]: [Sent at 1641833982324] noop
LOG 1641833982327 [L0]: [Received at 1641833982327] ( PLAY 18.breakthrough.1641833976921 (( move 7 2 8 3 ) noop ) )
LOG 1641833982328 [L0]: [Sent at 1641833982328] ( move 5 4 6 3 )
LOG 1641833982330 [L0]: [Received at 1641833982330] ( PLAY 18.breakthrough.1641833976921 (noop ( move 5 4 6 3 ) ) )
LOG 1641833982331 [L0]: [Sent at 1641833982331] noop
LOG 1641833982336 [L0]: [Received at 1641833982336] ( PLAY 18.breakthrough.1641833976921 (( move 5 3 5 4 ) noop ) )
LOG 1641833982337 [L0]: [Sent at 1641833982337] ( move 7 8 8 7 )
LOG 1641833982340 [L0]: [Received at 1641833982340] ( PLAY 18.breakthrough.1641833976921 (noop ( move 7 8 8 7 ) ) )
LOG 1641833982341 [L0]: [Sent at 1641833982341] noop
LOG 1641833982344 [L0]: [Received at 1641833982344] ( PLAY 18.breakthrough.1641833976921 (( move 1 2 1 3 ) noop ) )
LOG 1641833982346 [L0]: [Sent at 1641833982346] ( move 6 3 6 2 )
LOG 1641833982353 [L0]: [Received at 1641833982353] ( PLAY 18.breakthrough.1641833976921 (noop ( move 6 3 6 2 ) ) )
LOG 1641833982354 [L0]: [Sent at 1641833982354] noop
LOG 1641833982357 [L0]: [Received at 1641833982357] ( PLAY 18.breakthrough.1641833976921 (( move 8 3 7 4 ) noop ) )
LOG 1641833982358 [L0]: [Sent at 1641833982358] ( move 5 8 6 7 )
LOG 1641833982361 [L0]: [Received at 1641833982361] ( PLAY 18.breakthrough.1641833976921 (noop ( move 5 8 6 7 ) ) )
LOG 1641833982362 [L0]: [Sent at 1641833982362] noop
LOG 1641833982365 [L0]: [Received at 1641833982365] ( PLAY 18.breakthrough.1641833976921 (( move 1 3 1 4 ) noop ) )
LOG 1641833982366 [L0]: [Sent at 1641833982366] ( move 7 5 8 4 )
LOG 1641833982369 [L0]: [Received at 1641833982369] ( PLAY 18.breakthrough.1641833976921 (noop ( move 7 5 8 4 ) ) )
LOG 1641833982370 [L0]: [Sent at 1641833982370] noop
LOG 1641833982373 [L0]: [Received at 1641833982373] ( PLAY 18.breakthrough.1641833976921 (( move 3 3 2 4 ) noop ) )
LOG 1641833982374 [L0]: [Sent at 1641833982374] ( move 6 8 5 7 )
LOG 1641833982376 [L0]: [Received at 1641833982376] ( PLAY 18.breakthrough.1641833976921 (noop ( move 6 8 5 7 ) ) )
LOG 1641833982377 [L0]: [Sent at 1641833982377] noop
LOG 1641833982380 [L0]: [Received at 1641833982380] ( PLAY 18.breakthrough.1641833976921 (( move 2 4 1 5 ) noop ) )
LOG 1641833982381 [L0]: [Sent at 1641833982381] ( move 6 2 5 1 )
LOG 1641833982383 [L0]: [Received at 1641833982383] ( STOP 18.breakthrough.1641833976921 (noop ( move 6 2 5 1 ) ) )
LOG 1641833982384 [L3]: Stopped logging to files at: Mon Jan 10 17:59:42 CET 2022
LOG 1641833982385 [L3]: LOG SEALED
