LOG 1641840726551 [L3]: Started match logging at: Mon Jan 10 19:52:06 CET 2022
LOG 1641840726558 [L3]: Game rules: [( role x ), ( role o ), ( init ( quad x 12 ) ), ( init ( quad o 12 ) ), ( init ( white x 5 ) ), ( init ( white o 5 ) ), ( init ( cell r1 c2 b ) ), ( init ( cell r1 c3 b ) ), ( init ( cell r1 c4 b ) ), ( init ( cell r1 c5 b ) ), ( init ( cell r1 c6 b ) ), ( init ( cell r2 c1 b ) ), ( init ( cell r2 c2 b ) ), ( init ( cell r2 c3 b ) ), ( init ( cell r2 c4 b ) ), ( init ( cell r2 c5 b ) ), ( init ( cell r2 c6 b ) ), ( init ( cell r2 c7 b ) ), ( init ( cell r3 c1 b ) ), ( init ( cell r3 c2 b ) ), ( init ( cell r3 c3 b ) ), ( init ( cell r3 c4 b ) ), ( init ( cell r3 c5 b ) ), ( init ( cell r3 c6 b ) ), ( init ( cell r3 c7 b ) ), ( init ( cell r4 c1 b ) ), ( init ( cell r4 c2 b ) ), ( init ( cell r4 c3 b ) ), ( init ( cell r4 c4 b ) ), ( init ( cell r4 c5 b ) ), ( init ( cell r4 c6 b ) ), ( init ( cell r4 c7 b ) ), ( init ( cell r5 c1 b ) ), ( init ( cell r5 c2 b ) ), ( init ( cell r5 c3 b ) ), ( init ( cell r5 c4 b ) ), ( init ( cell r5 c5 b ) ), ( init ( cell r5 c6 b ) ), ( init ( cell r5 c7 b ) ), ( init ( cell r6 c1 b ) ), ( init ( cell r6 c2 b ) ), ( init ( cell r6 c3 b ) ), ( init ( cell r6 c4 b ) ), ( init ( cell r6 c5 b ) ), ( init ( cell r6 c6 b ) ), ( init ( cell r6 c7 b ) ), ( init ( cell r7 c2 b ) ), ( init ( cell r7 c3 b ) ), ( init ( cell r7 c4 b ) ), ( init ( cell r7 c5 b ) ), ( init ( cell r7 c6 b ) ), ( init ( control x ) ), ( ncol c1 c2 ), ( ncol c2 c3 ), ( ncol c3 c4 ), ( ncol c4 c5 ), ( ncol c5 c6 ), ( ncol c6 c7 ), ( nrow r1 r2 ), ( nrow r2 r3 ), ( nrow r3 r4 ), ( nrow r4 r5 ), ( nrow r5 r6 ), ( nrow r6 r7 ), ( <= ( prow ?x ?y ) ( nrow ?y ?x ) ), ( <= ( pcol ?x ?y ) ( ncol ?y ?x ) ), ( succ 0 1 ), ( succ 1 2 ), ( succ 2 3 ), ( succ 3 4 ), ( succ 4 5 ), ( succ 5 6 ), ( succ 6 7 ), ( succ 7 8 ), ( succ 8 9 ), ( succ 9 10 ), ( succ 10 11 ), ( succ 11 12 ), ( succ 12 13 ), ( succ 13 14 ), ( succ 14 15 ), ( succ 15 16 ), ( succ 16 17 ), ( succ 17 18 ), ( succ 18 19 ), ( succ 19 20 ), ( <= ( legal ?player ( mark ?x ?y ) ) ( true ( cell ?x ?y b ) ) ( true ( control ?player ) ) ), ( <= ( legal ?player ( block ?x ?y ) ) ( true ( cell ?x ?y b ) ) ( true ( control ?player ) ) ( true ( white ?player ?c ) ) ( distinct ?c 0 ) ), ( <= ( legal x noop ) ( true ( control o ) ) ), ( <= ( legal o noop ) ( true ( control x ) ) ), ( <= ( next ( cell ?m ?n ?p ) ) ( does ?p ( mark ?m ?n ) ) ), ( <= ( next ( cell ?m ?n w ) ) ( does ?p ( block ?m ?n ) ) ), ( <= ( next ( cell ?m ?n ?p ) ) ( true ( cell ?m ?n ?p ) ) ( distinct ?p b ) ), ( <= ( next ( cell ?m ?n b ) ) ( does ?W ( mark ?j ?k ) ) ( true ( cell ?m ?n b ) ) ( distinct ?m ?j ) ), ( <= ( next ( cell ?m ?n b ) ) ( does ?W ( mark ?j ?k ) ) ( true ( cell ?m ?n b ) ) ( distinct ?n ?k ) ), ( <= ( next ( cell ?m ?n b ) ) ( does ?W ( block ?j ?k ) ) ( true ( cell ?m ?n b ) ) ( distinct ?m ?j ) ), ( <= ( next ( cell ?m ?n b ) ) ( does ?W ( block ?j ?k ) ) ( true ( cell ?m ?n b ) ) ( distinct ?n ?k ) ), ( <= ( next ( quad ?p ?c ) ) ( true ( control ?q ) ) ( true ( quad ?p ?c ) ) ( distinct ?p ?q ) ), ( <= ( next ( white ?p ?c ) ) ( true ( control ?q ) ) ( true ( white ?p ?c ) ) ( distinct ?p ?q ) ), ( <= ( next ( quad ?p ?c ) ) ( does ?p ( mark ?j ?k ) ) ( true ( quad ?p ?c1 ) ) ( succ ?c ?c1 ) ), ( <= ( next ( white ?p ?c ) ) ( does ?p ( block ?j ?k ) ) ( true ( white ?p ?c1 ) ) ( succ ?c ?c1 ) ), ( <= ( next ( quad ?p ?c ) ) ( does ?p ( block ?j ?k ) ) ( true ( quad ?p ?c ) ) ), ( <= ( next ( white ?p ?c ) ) ( does ?p ( mark ?j ?k ) ) ( true ( white ?p ?c ) ) ), ( <= ( next ( control x ) ) ( does o ( mark ?j ?k ) ) ( true ( control o ) ) ), ( <= ( next ( control o ) ) ( does x ( mark ?j ?k ) ) ( true ( control x ) ) ), ( <= ( next ( control ?p ) ) ( does ?p ( block ?j ?k ) ) ( true ( control ?p ) ) ), ( <= ( square ?x1 ?y1 ?x1 ?y2 ?x2 ?y1 ?x2 ?y2 ) ( ncol ?y1 ?y2 ) ( nrow ?x1 ?x2 ) ), ( <= ( square ?x1 ?y1 ?x1 ?y2 ?x2 ?y1 ?x2 ?y2 ) ( ncol ?y3 ?y2 ) ( nrow ?x3 ?x2 ) ( square ?x1 ?y1 ?x1 ?y3 ?x3 ?y1 ?x3 ?y3 ) ), ( <= ( square ?x1 ?y1 ?x2 ?y2 ?x3 ?y3 ?x4 ?y4 ) ( prow ?x2p ?x2 ) ( ncol ?y3n ?y3 ) ( prow ?x4p ?x4 ) ( ncol ?y4n ?y4 ) ( square ?x1 ?y1 ?x2p ?y2 ?x3 ?y3n ?x4p ?y4n ) ), ( <= win ( true ( cell ?x1 ?y1 x ) ) ( true ( cell ?x2 ?y2 x ) ) ( true ( cell ?x3 ?y3 x ) ) ( true ( cell ?x4 ?y4 x ) ) ( square ?x1 ?y1 ?x2 ?y2 ?x3 ?y3 ?x4 ?y4 ) ), ( <= lose ( true ( cell ?x1 ?y1 o ) ) ( true ( cell ?x2 ?y2 o ) ) ( true ( cell ?x3 ?y3 o ) ) ( true ( cell ?x4 ?y4 o ) ) ( square ?x1 ?y1 ?x2 ?y2 ?x3 ?y3 ?x4 ?y4 ) ), ( <= winByOpenQuad ( not lose ) ( not open ) ( true ( cell ?x1 ?y1 x ) ) ( true ( cell ?x2 ?y2 x ) ) ( true ( cell ?x3 ?y3 x ) ) ( true ( cell ?x4 ?y4 b ) ) ( square ?x1 ?y1 ?x2 ?y2 ?x3 ?y3 ?x4 ?y4 ) ), ( <= winByOpenQuad ( not lose ) ( not open ) ( true ( cell ?x1 ?y1 x ) ) ( true ( cell ?x2 ?y2 b ) ) ( true ( cell ?x3 ?y3 x ) ) ( true ( cell ?x4 ?y4 x ) ) ( square ?x1 ?y1 ?x2 ?y2 ?x3 ?y3 ?x4 ?y4 ) ), ( <= winByOpenQuad ( not lose ) ( not open ) ( true ( cell ?x1 ?y1 x ) ) ( true ( cell ?x2 ?y2 x ) ) ( true ( cell ?x3 ?y3 b ) ) ( true ( cell ?x4 ?y4 x ) ) ( square ?x1 ?y1 ?x2 ?y2 ?x3 ?y3 ?x4 ?y4 ) ), ( <= winByOpenQuad ( not lose ) ( not open ) ( true ( cell ?x1 ?y1 b ) ) ( true ( cell ?x2 ?y2 x ) ) ( true ( cell ?x3 ?y3 x ) ) ( true ( cell ?x4 ?y4 x ) ) ( square ?x1 ?y1 ?x2 ?y2 ?x3 ?y3 ?x4 ?y4 ) ), ( <= open ( true ( quad ?p ?c ) ) ( distinct ?c 0 ) ), ( <= ( more ?x 0 ) ( succ ?y ?x ) ), ( <= ( more ?x ?y ) ( succ ?x1 ?x ) ( succ ?y1 ?y ) ( more ?x1 ?y1 ) ), ( <= morewhite ( true ( white x ?a ) ) ( true ( white o ?b ) ) ( more ?a ?b ) ), ( <= lesswhite ( true ( white x ?a ) ) ( true ( white o ?b ) ) ( more ?b ?a ) ), ( <= equalwhite ( true ( white x ?a ) ) ( true ( white o ?a ) ) ), ( <= ( goal x 100 ) win ), ( <= ( goal x 95 ) ( not win ) winByOpenQuad ), ( <= ( goal x 90 ) ( not win ) ( not winByOpenQuad ) ( not lose ) ( not open ) morewhite ), ( <= ( goal x 50 ) ( not win ) ( not winByOpenQuad ) ( not lose ) ( not open ) equalwhite ), ( <= ( goal x 10 ) ( not win ) ( not winByOpenQuad ) ( not lose ) ( not open ) lesswhite ), ( <= ( goal x 0 ) lose ), ( <= ( goal o 100 ) lose ), ( <= ( goal o 90 ) ( not win ) ( not winByOpenQuad ) ( not lose ) ( not open ) lesswhite ), ( <= ( goal o 50 ) ( not win ) ( not winByOpenQuad ) ( not lose ) ( not open ) equalwhite ), ( <= ( goal o 10 ) ( not win ) ( not winByOpenQuad ) ( not lose ) ( not open ) morewhite ), ( <= ( goal o 5 ) ( not win ) winByOpenQuad ), ( <= ( goal o 0 ) win ), ( <= terminal win ), ( <= terminal lose ), ( <= terminal ( not open ) )]
LOG 1641840726559 [L3]: Start clock: 15
LOG 1641840726559 [L3]: Play clock: 10
LOG 1641840741634 [L0]: [Sent at 1641840741634] ready
LOG 1641840741635 [L0]: [Received at 1641840741635] ( PLAY 22.quad_7x7.1641840726062 NIL )
LOG 1641840741636 [L0]: [Sent at 1641840741636] noop
LOG 1641840741639 [L0]: [Received at 1641840741639] ( PLAY 22.quad_7x7.1641840726062 (( mark r3 c6 ) noop ) )
LOG 1641840741641 [L0]: [Sent at 1641840741641] ( mark r2 c7 )
LOG 1641840741644 [L0]: [Received at 1641840741644] ( PLAY 22.quad_7x7.1641840726062 (noop ( mark r2 c7 ) ) )
LOG 1641840741652 [L0]: [Sent at 1641840741652] noop
LOG 1641840741654 [L0]: [Received at 1641840741654] ( PLAY 22.quad_7x7.1641840726062 (( block r2 c5 ) noop ) )
LOG 1641840741656 [L0]: [Sent at 1641840741656] noop
LOG 1641840741660 [L0]: [Received at 1641840741660] ( PLAY 22.quad_7x7.1641840726062 (( mark r6 c1 ) noop ) )
LOG 1641840741662 [L0]: [Sent at 1641840741662] ( block r7 c2 )
LOG 1641840741663 [L0]: [Received at 1641840741663] ( PLAY 22.quad_7x7.1641840726062 (noop ( block r7 c2 ) ) )
LOG 1641840741665 [L0]: [Sent at 1641840741665] ( block r6 c3 )
LOG 1641840741667 [L0]: [Received at 1641840741667] ( PLAY 22.quad_7x7.1641840726062 (noop ( block r6 c3 ) ) )
LOG 1641840741669 [L0]: [Sent at 1641840741669] ( mark r6 c7 )
LOG 1641840741676 [L0]: [Received at 1641840741676] ( PLAY 22.quad_7x7.1641840726062 (noop ( mark r6 c7 ) ) )
LOG 1641840741678 [L0]: [Sent at 1641840741678] noop
LOG 1641840741683 [L0]: [Received at 1641840741683] ( PLAY 22.quad_7x7.1641840726062 (( mark r7 c5 ) noop ) )
LOG 1641840741685 [L0]: [Sent at 1641840741685] ( block r4 c2 )
LOG 1641840741687 [L0]: [Received at 1641840741687] ( PLAY 22.quad_7x7.1641840726062 (noop ( block r4 c2 ) ) )
LOG 1641840741689 [L0]: [Sent at 1641840741689] ( mark r4 c6 )
LOG 1641840741702 [L0]: [Received at 1641840741702] ( PLAY 22.quad_7x7.1641840726062 (noop ( mark r4 c6 ) ) )
LOG 1641840741703 [L0]: [Sent at 1641840741703] noop
LOG 1641840741706 [L0]: [Received at 1641840741706] ( PLAY 22.quad_7x7.1641840726062 (( block r4 c1 ) noop ) )
LOG 1641840741707 [L0]: [Sent at 1641840741707] noop
LOG 1641840741710 [L0]: [Received at 1641840741710] ( PLAY 22.quad_7x7.1641840726062 (( block r1 c6 ) noop ) )
LOG 1641840741712 [L0]: [Sent at 1641840741712] noop
LOG 1641840741723 [L0]: [Received at 1641840741723] ( PLAY 22.quad_7x7.1641840726062 (( mark r7 c4 ) noop ) )
LOG 1641840741724 [L0]: [Sent at 1641840741724] ( block r5 c2 )
LOG 1641840741727 [L0]: [Received at 1641840741727] ( PLAY 22.quad_7x7.1641840726062 (noop ( block r5 c2 ) ) )
LOG 1641840741729 [L0]: [Sent at 1641840741729] ( mark r5 c4 )
LOG 1641840741760 [L0]: [Received at 1641840741760] ( PLAY 22.quad_7x7.1641840726062 (noop ( mark r5 c4 ) ) )
LOG 1641840741761 [L0]: [Sent at 1641840741761] noop
LOG 1641840741765 [L0]: [Received at 1641840741765] ( PLAY 22.quad_7x7.1641840726062 (( block r1 c4 ) noop ) )
LOG 1641840741767 [L0]: [Sent at 1641840741767] noop
LOG 1641840741794 [L0]: [Received at 1641840741794] ( PLAY 22.quad_7x7.1641840726062 (( mark r3 c1 ) noop ) )
LOG 1641840741796 [L0]: [Sent at 1641840741796] ( block r6 c2 )
LOG 1641840741799 [L0]: [Received at 1641840741799] ( PLAY 22.quad_7x7.1641840726062 (noop ( block r6 c2 ) ) )
LOG 1641840741800 [L0]: [Sent at 1641840741800] ( mark r2 c3 )
LOG 1641840741879 [L0]: [Received at 1641840741879] ( PLAY 22.quad_7x7.1641840726062 (noop ( mark r2 c3 ) ) )
LOG 1641840741881 [L0]: [Sent at 1641840741881] noop
LOG 1641840741934 [L0]: [Received at 1641840741934] ( PLAY 22.quad_7x7.1641840726062 (( mark r1 c2 ) noop ) )
LOG 1641840741935 [L0]: [Sent at 1641840741935] ( mark r2 c4 )
LOG 1641840742049 [L0]: [Received at 1641840742049] ( PLAY 22.quad_7x7.1641840726062 (noop ( mark r2 c4 ) ) )
LOG 1641840742050 [L0]: [Sent at 1641840742050] noop
LOG 1641840742111 [L0]: [Received at 1641840742111] ( PLAY 22.quad_7x7.1641840726062 (( mark r6 c4 ) noop ) )
LOG 1641840742112 [L0]: [Sent at 1641840742112] ( mark r7 c6 )
LOG 1641840742204 [L0]: [Received at 1641840742204] ( PLAY 22.quad_7x7.1641840726062 (noop ( mark r7 c6 ) ) )
LOG 1641840742205 [L0]: [Sent at 1641840742205] noop
LOG 1641840742214 [L0]: [Received at 1641840742214] ( PLAY 22.quad_7x7.1641840726062 (( block r2 c1 ) noop ) )
LOG 1641840742215 [L0]: [Sent at 1641840742215] noop
LOG 1641840742404 [L0]: [Received at 1641840742404] ( PLAY 22.quad_7x7.1641840726062 (( mark r5 c6 ) noop ) )
LOG 1641840742405 [L0]: [Sent at 1641840742405] ( mark r6 c6 )
LOG 1641840742549 [L0]: [Received at 1641840742549] ( PLAY 22.quad_7x7.1641840726062 (noop ( mark r6 c6 ) ) )
LOG 1641840742550 [L0]: [Sent at 1641840742550] noop
LOG 1641840742695 [L0]: [Received at 1641840742695] ( PLAY 22.quad_7x7.1641840726062 (( mark r2 c6 ) noop ) )
LOG 1641840742697 [L0]: [Sent at 1641840742697] ( mark r4 c7 )
LOG 1641840742857 [L0]: [Received at 1641840742857] ( PLAY 22.quad_7x7.1641840726062 (noop ( mark r4 c7 ) ) )
LOG 1641840742858 [L0]: [Sent at 1641840742858] noop
LOG 1641840743133 [L0]: [Received at 1641840743133] ( PLAY 22.quad_7x7.1641840726062 (( mark r1 c5 ) noop ) )
LOG 1641840743134 [L0]: [Sent at 1641840743134] ( mark r3 c3 )
LOG 1641840743343 [L0]: [Received at 1641840743343] ( PLAY 22.quad_7x7.1641840726062 (noop ( mark r3 c3 ) ) )
LOG 1641840743344 [L0]: [Sent at 1641840743344] noop
LOG 1641840743497 [L0]: [Received at 1641840743497] ( PLAY 22.quad_7x7.1641840726062 (( mark r5 c1 ) noop ) )
LOG 1641840743499 [L0]: [Sent at 1641840743499] ( mark r5 c5 )
LOG 1641840743855 [L0]: [Received at 1641840743855] ( PLAY 22.quad_7x7.1641840726062 (noop ( mark r5 c5 ) ) )
LOG 1641840743856 [L0]: [Sent at 1641840743856] noop
LOG 1641840744385 [L0]: [Received at 1641840744385] ( STOP 22.quad_7x7.1641840726062 (( mark r2 c2 ) noop ) )
LOG 1641840744387 [L3]: Stopped logging to files at: Mon Jan 10 19:52:24 CET 2022
LOG 1641840744387 [L3]: LOG SEALED
