LOG 1641835194041 [L3]: Returning initial state machine.
LOG 1641835194041 [L3]: Returning PropNet state machine without cache.
LOG 1641835194042 [L3]: Starting metagame with available thinking time 4990ms.
LOG 1641835194043 [L3]: Starting search during metagame.
LOG 1641835199032 [L3]: Done searching during metagame.
LOG 1641835199035 [L3]: Starting move selection for game step 1 with available time 0ms.
LOG 1641835199035 [L3]: No time to select next move using MCTS. Returning random move noop.
LOG 1641835199039 [L3]: Starting move selection for game step 2 with available time 0ms.
LOG 1641835199043 [L3]: No time to select next move using MCTS. Returning random move ( move 8 7 8 6 ).
LOG 1641835199047 [L3]: Starting move selection for game step 3 with available time 0ms.
LOG 1641835199057 [L3]: No time to select next move using MCTS. Returning random move noop.
LOG 1641835199060 [L3]: Starting move selection for game step 4 with available time 0ms.
LOG 1641835199066 [L3]: No time to select next move using MCTS. Returning random move ( move 7 7 7 6 ).
LOG 1641835199070 [L3]: Starting move selection for game step 5 with available time 0ms.
LOG 1641835199070 [L3]: No time to select next move using MCTS. Returning random move noop.
LOG 1641835199074 [L3]: Starting move selection for game step 6 with available time 0ms.
LOG 1641835199074 [L3]: No time to select next move using MCTS. Returning random move ( move 5 7 6 6 ).
LOG 1641835199078 [L3]: Starting move selection for game step 7 with available time 0ms.
LOG 1641835199078 [L3]: No time to select next move using MCTS. Returning random move noop.
LOG 1641835199083 [L3]: Starting move selection for game step 8 with available time 0ms.
LOG 1641835199083 [L3]: No time to select next move using MCTS. Returning random move ( move 3 7 4 6 ).
LOG 1641835199088 [L3]: Starting move selection for game step 9 with available time 0ms.
LOG 1641835199088 [L3]: No time to select next move using MCTS. Returning random move noop.
LOG 1641835199092 [L3]: Starting move selection for game step 10 with available time 0ms.
LOG 1641835199092 [L3]: No time to select next move using MCTS. Returning random move ( move 6 7 5 6 ).
LOG 1641835199097 [L3]: Starting move selection for game step 11 with available time 0ms.
LOG 1641835199097 [L3]: No time to select next move using MCTS. Returning random move noop.
LOG 1641835199101 [L3]: Starting move selection for game step 12 with available time 0ms.
LOG 1641835199101 [L3]: No time to select next move using MCTS. Returning random move ( move 5 8 5 7 ).
LOG 1641835199105 [L3]: Starting move selection for game step 13 with available time 0ms.
LOG 1641835199105 [L3]: No time to select next move using MCTS. Returning random move noop.
LOG 1641835199109 [L3]: Starting move selection for game step 14 with available time 0ms.
LOG 1641835199109 [L3]: No time to select next move using MCTS. Returning random move ( move 7 8 6 7 ).
LOG 1641835199113 [L3]: Starting move selection for game step 15 with available time 0ms.
LOG 1641835199113 [L3]: No time to select next move using MCTS. Returning random move noop.
LOG 1641835199117 [L3]: Starting move selection for game step 16 with available time 0ms.
LOG 1641835199118 [L3]: No time to select next move using MCTS. Returning random move ( move 8 6 8 5 ).
LOG 1641835199122 [L3]: Starting move selection for game step 17 with available time -1ms.
LOG 1641835199122 [L3]: No time to select next move using MCTS. Returning random move noop.
LOG 1641835199125 [L3]: Starting move selection for game step 18 with available time 0ms.
LOG 1641835199126 [L3]: No time to select next move using MCTS. Returning random move ( move 6 6 5 5 ).
LOG 1641835199131 [L3]: Starting move selection for game step 19 with available time 0ms.
LOG 1641835199131 [L3]: No time to select next move using MCTS. Returning random move noop.
LOG 1641835199135 [L3]: Starting move selection for game step 20 with available time 0ms.
LOG 1641835199135 [L3]: No time to select next move using MCTS. Returning random move ( move 5 7 6 6 ).
LOG 1641835199139 [L3]: Starting move selection for game step 21 with available time 0ms.
LOG 1641835199139 [L3]: No time to select next move using MCTS. Returning random move noop.
LOG 1641835199143 [L3]: Starting move selection for game step 22 with available time 0ms.
LOG 1641835199143 [L3]: No time to select next move using MCTS. Returning random move ( move 1 7 1 6 ).
LOG 1641835199148 [L3]: Starting move selection for game step 23 with available time 0ms.
LOG 1641835199148 [L3]: No time to select next move using MCTS. Returning random move noop.
LOG 1641835199153 [L3]: Starting move selection for game step 24 with available time -1ms.
LOG 1641835199153 [L3]: No time to select next move using MCTS. Returning random move ( move 3 8 3 7 ).
LOG 1641835199157 [L3]: Starting move selection for game step 25 with available time 0ms.
LOG 1641835199157 [L3]: No time to select next move using MCTS. Returning random move noop.
LOG 1641835199161 [L3]: Starting move selection for game step 26 with available time 0ms.
LOG 1641835199161 [L3]: No time to select next move using MCTS. Returning random move ( move 2 8 1 7 ).
LOG 1641835199165 [L3]: Starting move selection for game step 27 with available time 0ms.
LOG 1641835199165 [L3]: No time to select next move using MCTS. Returning random move noop.
LOG 1641835199169 [L3]: Starting move selection for game step 28 with available time 0ms.
LOG 1641835199169 [L3]: No time to select next move using MCTS. Returning random move ( move 8 8 8 7 ).
LOG 1641835199173 [L3]: Starting move selection for game step 29 with available time 0ms.
LOG 1641835199174 [L3]: No time to select next move using MCTS. Returning random move noop.
LOG 1641835199178 [L3]: Starting move selection for game step 30 with available time 0ms.
LOG 1641835199178 [L3]: No time to select next move using MCTS. Returning random move ( move 6 8 5 7 ).
LOG 1641835199183 [L3]: Starting move selection for game step 31 with available time 0ms.
LOG 1641835199184 [L3]: No time to select next move using MCTS. Returning random move noop.
LOG 1641835199189 [L3]: Starting move selection for game step 32 with available time 0ms.
LOG 1641835199189 [L3]: No time to select next move using MCTS. Returning random move ( move 3 7 2 6 ).
LOG 1641835199195 [L3]: Starting move selection for game step 33 with available time 0ms.
LOG 1641835199195 [L3]: No time to select next move using MCTS. Returning random move noop.
LOG 1641835199199 [L3]: Starting move selection for game step 34 with available time 0ms.
LOG 1641835199199 [L3]: No time to select next move using MCTS. Returning random move ( move 8 7 8 6 ).
LOG 1641835199203 [L3]: Starting move selection for game step 35 with available time 0ms.
LOG 1641835199203 [L3]: No time to select next move using MCTS. Returning random move noop.
LOG 1641835199207 [L3]: Starting move selection for game step 36 with available time 0ms.
LOG 1641835199207 [L3]: No time to select next move using MCTS. Returning random move ( move 5 5 6 4 ).
LOG 1641835199212 [L3]: Starting move selection for game step 37 with available time 0ms.
LOG 1641835199212 [L3]: No time to select next move using MCTS. Returning random move noop.
LOG 1641835199217 [L3]: Starting move selection for game step 38 with available time 0ms.
LOG 1641835199217 [L3]: No time to select next move using MCTS. Returning random move ( move 4 7 3 6 ).
LOG 1641835199239 [L3]: Starting move selection for game step 39 with available time 0ms.
LOG 1641835199239 [L3]: No time to select next move using MCTS. Returning random move noop.
LOG 1641835199243 [L3]: Starting move selection for game step 40 with available time 0ms.
LOG 1641835199243 [L3]: No time to select next move using MCTS. Returning random move ( move 5 6 4 5 ).
LOG 1641835199248 [L3]: Starting move selection for game step 41 with available time 0ms.
LOG 1641835199248 [L3]: No time to select next move using MCTS. Returning random move noop.
LOG 1641835199252 [L3]: Starting move selection for game step 42 with available time 0ms.
LOG 1641835199253 [L3]: No time to select next move using MCTS. Returning random move ( move 7 6 6 5 ).
LOG 1641835199257 [L3]: Starting move selection for game step 43 with available time 0ms.
LOG 1641835199258 [L3]: No time to select next move using MCTS. Returning random move noop.
LOG 1641835199262 [L3]: Starting move selection for game step 44 with available time 0ms.
LOG 1641835199263 [L3]: No time to select next move using MCTS. Returning random move ( move 6 7 7 6 ).
LOG 1641835199266 [L3]: Starting move selection for game step 45 with available time 0ms.
LOG 1641835199267 [L3]: No time to select next move using MCTS. Returning random move noop.
LOG 1641835199270 [L3]: Starting move selection for game step 46 with available time 0ms.
LOG 1641835199271 [L3]: No time to select next move using MCTS. Returning random move ( move 6 5 5 4 ).
LOG 1641835199274 [L3]: Starting move selection for game step 47 with available time 0ms.
LOG 1641835199275 [L3]: No time to select next move using MCTS. Returning random move noop.
LOG 1641835199279 [L3]: Starting move selection for game step 48 with available time 0ms.
LOG 1641835199279 [L3]: No time to select next move using MCTS. Returning random move ( move 5 4 4 3 ).
LOG 1641835199282 [L3]: Starting move selection for game step 49 with available time 0ms.
LOG 1641835199283 [L3]: No time to select next move using MCTS. Returning random move noop.
LOG 1641835199287 [L3]: Starting move selection for game step 50 with available time 0ms.
LOG 1641835199287 [L3]: No time to select next move using MCTS. Returning random move ( move 1 6 1 5 ).
LOG 1641835199291 [L3]: Starting move selection for game step 51 with available time 0ms.
LOG 1641835199291 [L3]: No time to select next move using MCTS. Returning random move noop.
LOG 1641835199295 [L3]: Starting move selection for game step 52 with available time 0ms.
LOG 1641835199296 [L3]: No time to select next move using MCTS. Returning random move ( move 8 5 8 4 ).
LOG 1641835199299 [L3]: Starting move selection for game step 53 with available time 0ms.
LOG 1641835199300 [L3]: No time to select next move using MCTS. Returning random move noop.
LOG 1641835199304 [L3]: Starting move selection for game step 54 with available time 0ms.
LOG 1641835199304 [L3]: No time to select next move using MCTS. Returning random move ( move 8 4 8 3 ).
LOG 1641835199308 [L3]: Starting move selection for game step 55 with available time 0ms.
LOG 1641835199308 [L3]: No time to select next move using MCTS. Returning random move noop.
LOG 1641835199313 [L3]: Starting move selection for game step 56 with available time 0ms.
LOG 1641835199313 [L3]: No time to select next move using MCTS. Returning random move ( move 4 5 5 4 ).
LOG 1641835199318 [L3]: Starting move selection for game step 57 with available time 0ms.
LOG 1641835199318 [L3]: No time to select next move using MCTS. Returning random move noop.
LOG 1641835199321 [L3]: Starting move selection for game step 58 with available time 0ms.
LOG 1641835199322 [L3]: No time to select next move using MCTS. Returning random move ( move 4 6 4 5 ).
LOG 1641835199326 [L3]: Starting move selection for game step 59 with available time 0ms.
LOG 1641835199326 [L3]: No time to select next move using MCTS. Returning random move noop.
LOG 1641835199331 [L3]: Starting move selection for game step 60 with available time 0ms.
LOG 1641835199331 [L3]: No time to select next move using MCTS. Returning random move ( move 5 7 4 6 ).
LOG 1641835199335 [L3]: Starting move selection for game step 61 with available time 0ms.
LOG 1641835199336 [L3]: No time to select next move using MCTS. Returning random move noop.
LOG 1641835199339 [L3]: Starting move selection for game step 62 with available time 0ms.
LOG 1641835199339 [L3]: No time to select next move using MCTS. Returning random move ( move 3 6 2 5 ).
LOG 1641835199343 [L3]: Starting move selection for game step 63 with available time 0ms.
LOG 1641835199344 [L3]: No time to select next move using MCTS. Returning random move noop.
LOG 1641835199348 [L3]: Starting move selection for game step 64 with available time 0ms.
LOG 1641835199348 [L3]: No time to select next move using MCTS. Returning random move ( move 1 7 1 6 ).
LOG 1641835199351 [L3]: Starting move selection for game step 65 with available time 0ms.
LOG 1641835199352 [L3]: No time to select next move using MCTS. Returning random move noop.
LOG 1641835199356 [L3]: Starting move selection for game step 66 with available time 0ms.
LOG 1641835199356 [L3]: No time to select next move using MCTS. Returning random move ( move 2 5 3 4 ).
LOG 1641835199360 [L3]: Starting move selection for game step 67 with available time 0ms.
LOG 1641835199360 [L3]: No time to select next move using MCTS. Returning random move noop.
LOG 1641835199364 [L3]: Starting move selection for game step 68 with available time 0ms.
LOG 1641835199364 [L3]: No time to select next move using MCTS. Returning random move ( move 2 7 3 6 ).
LOG 1641835199368 [L3]: Starting move selection for game step 69 with available time 0ms.
LOG 1641835199368 [L3]: No time to select next move using MCTS. Returning random move noop.
LOG 1641835199372 [L3]: Starting move selection for game step 70 with available time 0ms.
LOG 1641835199372 [L3]: No time to select next move using MCTS. Returning random move ( move 2 6 3 5 ).
LOG 1641835199375 [L3]: Starting move selection for game step 71 with available time 0ms.
LOG 1641835199376 [L3]: No time to select next move using MCTS. Returning random move noop.
LOG 1641835199379 [L3]: Starting move selection for game step 72 with available time 0ms.
LOG 1641835199379 [L3]: No time to select next move using MCTS. Returning random move ( move 5 4 6 3 ).
LOG 1641835199383 [L3]: Starting move selection for game step 73 with available time 0ms.
LOG 1641835199383 [L3]: No time to select next move using MCTS. Returning random move noop.
LOG 1641835199387 [L3]: Starting move selection for game step 74 with available time 0ms.
LOG 1641835199387 [L3]: No time to select next move using MCTS. Returning random move ( move 8 6 7 5 ).
LOG 1641835199391 [L3]: Starting move selection for game step 75 with available time 0ms.
LOG 1641835199391 [L3]: No time to select next move using MCTS. Returning random move noop.
LOG 1641835199394 [L3]: Starting move selection for game step 76 with available time 0ms.
LOG 1641835199395 [L3]: No time to select next move using MCTS. Returning random move ( move 7 5 8 4 ).
LOG 1641835199399 [L3]: Starting move selection for game step 77 with available time 0ms.
LOG 1641835199399 [L3]: No time to select next move using MCTS. Returning random move noop.
LOG 1641835199402 [L3]: Starting move selection for game step 78 with available time 0ms.
LOG 1641835199403 [L3]: No time to select next move using MCTS. Returning random move ( move 4 3 3 2 ).
LOG 1641835199406 [L3]: Starting move selection for game step 79 with available time 0ms.
LOG 1641835199406 [L3]: No time to select next move using MCTS. Returning random move noop.
