LOG 1641835400729 [L3]: Started match logging at: Mon Jan 10 18:23:20 CET 2022
LOG 1641835400730 [L3]: Game rules: [( role white ), ( role black ), ( <= ( base ( cell ?x ?y ?p ) ) ( index ?x ) ( index ?y ) ( role ?p ) ), ( <= ( base ( control ?p ) ) ( role ?p ) ), ( <= ( input ?p noop ) ( role ?p ) ), ( <= ( input ?p ( move ?x1 ?y1 ?x2 ?y2 ) ) ( role ?p ) ( index ?x1 ) ( index ?x2 ) ( index ?y1 ) ( index ?y2 ) ), ( init ( cell 1 1 white ) ), ( init ( cell 2 1 white ) ), ( init ( cell 3 1 white ) ), ( init ( cell 4 1 white ) ), ( init ( cell 5 1 white ) ), ( init ( cell 6 1 white ) ), ( init ( cell 7 1 white ) ), ( init ( cell 8 1 white ) ), ( init ( cell 1 2 white ) ), ( init ( cell 2 2 white ) ), ( init ( cell 3 2 white ) ), ( init ( cell 4 2 white ) ), ( init ( cell 5 2 white ) ), ( init ( cell 6 2 white ) ), ( init ( cell 7 2 white ) ), ( init ( cell 8 2 white ) ), ( init ( cell 1 7 black ) ), ( init ( cell 2 7 black ) ), ( init ( cell 3 7 black ) ), ( init ( cell 4 7 black ) ), ( init ( cell 5 7 black ) ), ( init ( cell 6 7 black ) ), ( init ( cell 7 7 black ) ), ( init ( cell 8 7 black ) ), ( init ( cell 1 8 black ) ), ( init ( cell 2 8 black ) ), ( init ( cell 3 8 black ) ), ( init ( cell 4 8 black ) ), ( init ( cell 5 8 black ) ), ( init ( cell 6 8 black ) ), ( init ( cell 7 8 black ) ), ( init ( cell 8 8 black ) ), ( init ( control white ) ), ( <= ( legal white noop ) ( true ( control black ) ) ), ( <= ( legal black noop ) ( true ( control white ) ) ), ( <= ( legal white ( move ?x1 ?y1 ?x2 ?y2 ) ) ( true ( control white ) ) ( true ( cell ?x1 ?y1 white ) ) ( whiteknightmove ?x1 ?y1 ?x2 ?y2 ) ( not ( true ( cell ?x2 ?y2 white ) ) ) ), ( <= ( legal black ( move ?x1 ?y1 ?x2 ?y2 ) ) ( true ( control black ) ) ( true ( cell ?x1 ?y1 black ) ) ( blackknightmove ?x1 ?y1 ?x2 ?y2 ) ( not ( true ( cell ?x2 ?y2 black ) ) ) ), ( <= ( next ( cell ?x ?y ?state ) ) ( true ( cell ?x ?y ?state ) ) ( does ?player ( move ?x1 ?y1 ?x2 ?y2 ) ) ( distinctcell ?x ?y ?x1 ?y1 ) ( distinctcell ?x ?y ?x2 ?y2 ) ), ( <= ( next ( cell ?x2 ?y2 ?player ) ) ( does ?player ( move ?x1 ?y1 ?x2 ?y2 ) ) ), ( <= ( next ( control black ) ) ( true ( control white ) ) ), ( <= ( next ( control white ) ) ( true ( control black ) ) ), ( <= terminal whitewin ), ( <= terminal blackwin ), ( <= ( goal white 100 ) whitewin ), ( <= ( goal white 0 ) blackwin ), ( <= ( goal black 100 ) blackwin ), ( <= ( goal black 0 ) whitewin ), ( <= whitewin ( index ?x ) ( true ( cell ?x 8 white ) ) ), ( <= blackwin ( index ?x ) ( true ( cell ?x 1 black ) ) ), ( <= whitewin ( not ( hasAnyPiece black ) ) ), ( <= blackwin ( not ( hasAnyPiece white ) ) ), ( <= ( hasAnyPiece ?player ) ( true ( cell ?x ?y ?player ) ) ), ( <= ( whiteknightmove ?x1 ?y1 ?x2 ?y2 ) ( plus 1 ?x1 ?x2 ) ( plus 2 ?y1 ?y2 ) ), ( <= ( whiteknightmove ?x1 ?y1 ?x2 ?y2 ) ( plus 1 ?x2 ?x1 ) ( plus 2 ?y1 ?y2 ) ), ( <= ( whiteknightmove ?x1 ?y1 ?x2 ?y2 ) ( plus 2 ?x1 ?x2 ) ( plus 1 ?y1 ?y2 ) ), ( <= ( whiteknightmove ?x1 ?y1 ?x2 ?y2 ) ( plus 2 ?x2 ?x1 ) ( plus 1 ?y1 ?y2 ) ), ( <= ( blackknightmove ?x1 ?y1 ?x2 ?y2 ) ( plus 1 ?x1 ?x2 ) ( plus 2 ?y2 ?y1 ) ), ( <= ( blackknightmove ?x1 ?y1 ?x2 ?y2 ) ( plus 1 ?x2 ?x1 ) ( plus 2 ?y2 ?y1 ) ), ( <= ( blackknightmove ?x1 ?y1 ?x2 ?y2 ) ( plus 2 ?x1 ?x2 ) ( plus 1 ?y2 ?y1 ) ), ( <= ( blackknightmove ?x1 ?y1 ?x2 ?y2 ) ( plus 2 ?x2 ?x1 ) ( plus 1 ?y2 ?y1 ) ), ( <= ( cell ?x ?y ) ( index ?x ) ( index ?y ) ), ( <= ( distinctcell ?x1 ?y1 ?x2 ?y2 ) ( cell ?x1 ?y1 ) ( cell ?x2 ?y2 ) ( distinct ?x1 ?x2 ) ), ( <= ( distinctcell ?x1 ?y1 ?x2 ?y2 ) ( cell ?x1 ?y1 ) ( cell ?x2 ?y2 ) ( distinct ?y1 ?y2 ) ), ( index 1 ), ( index 2 ), ( index 3 ), ( index 4 ), ( index 5 ), ( index 6 ), ( index 7 ), ( index 8 ), ( plus 1 1 2 ), ( plus 1 2 3 ), ( plus 1 3 4 ), ( plus 1 4 5 ), ( plus 1 5 6 ), ( plus 1 6 7 ), ( plus 1 7 8 ), ( plus 2 1 3 ), ( plus 2 2 4 ), ( plus 2 3 5 ), ( plus 2 4 6 ), ( plus 2 5 7 ), ( plus 2 6 8 )]
LOG 1641835400731 [L3]: Start clock: 15
LOG 1641835400731 [L3]: Play clock: 10
LOG 1641835405729 [L0]: [Sent at 1641835405729] ready
LOG 1641835405732 [L0]: [Received at 1641835405732] ( PLAY 23.knightThrough.1641835399163 NIL )
LOG 1641835405733 [L0]: [Sent at 1641835405733] ( move 3 2 4 4 )
LOG 1641835405736 [L0]: [Received at 1641835405736] ( PLAY 23.knightThrough.1641835399163 (( move 3 2 4 4 ) noop ) )
LOG 1641835405740 [L0]: [Sent at 1641835405740] noop
LOG 1641835405743 [L0]: [Received at 1641835405743] ( PLAY 23.knightThrough.1641835399163 (noop ( move 7 7 5 6 ) ) )
LOG 1641835405753 [L0]: [Sent at 1641835405753] ( move 1 2 3 3 )
LOG 1641835405755 [L0]: [Received at 1641835405755] ( PLAY 23.knightThrough.1641835399163 (( move 1 2 3 3 ) noop ) )
LOG 1641835405762 [L0]: [Sent at 1641835405762] noop
LOG 1641835405764 [L0]: [Received at 1641835405764] ( PLAY 23.knightThrough.1641835399163 (noop ( move 5 6 4 4 ) ) )
LOG 1641835405765 [L0]: [Sent at 1641835405765] ( move 3 3 1 4 )
LOG 1641835405767 [L0]: [Received at 1641835405767] ( PLAY 23.knightThrough.1641835399163 (( move 3 3 1 4 ) noop ) )
LOG 1641835405768 [L0]: [Sent at 1641835405768] noop
LOG 1641835405771 [L0]: [Received at 1641835405771] ( PLAY 23.knightThrough.1641835399163 (noop ( move 6 7 5 5 ) ) )
LOG 1641835405772 [L0]: [Sent at 1641835405772] ( move 6 2 5 4 )
LOG 1641835405774 [L0]: [Received at 1641835405774] ( PLAY 23.knightThrough.1641835399163 (( move 6 2 5 4 ) noop ) )
LOG 1641835405776 [L0]: [Sent at 1641835405776] noop
LOG 1641835405778 [L0]: [Received at 1641835405778] ( PLAY 23.knightThrough.1641835399163 (noop ( move 5 5 6 3 ) ) )
LOG 1641835405779 [L0]: [Sent at 1641835405779] ( move 5 1 3 2 )
LOG 1641835405781 [L0]: [Received at 1641835405781] ( PLAY 23.knightThrough.1641835399163 (( move 5 1 3 2 ) noop ) )
LOG 1641835405782 [L0]: [Sent at 1641835405782] noop
LOG 1641835405784 [L0]: [Received at 1641835405784] ( PLAY 23.knightThrough.1641835399163 (noop ( move 5 8 4 6 ) ) )
LOG 1641835405786 [L0]: [Sent at 1641835405786] ( move 7 2 8 4 )
LOG 1641835405788 [L0]: [Received at 1641835405788] ( PLAY 23.knightThrough.1641835399163 (( move 7 2 8 4 ) noop ) )
LOG 1641835405789 [L0]: [Sent at 1641835405789] noop
LOG 1641835405791 [L0]: [Received at 1641835405791] ( PLAY 23.knightThrough.1641835399163 (noop ( move 7 8 6 6 ) ) )
LOG 1641835405793 [L0]: [Sent at 1641835405793] ( move 5 2 4 4 )
LOG 1641835405794 [L0]: [Received at 1641835405794] ( PLAY 23.knightThrough.1641835399163 (( move 5 2 4 4 ) noop ) )
LOG 1641835405796 [L0]: [Sent at 1641835405796] noop
LOG 1641835405798 [L0]: [Received at 1641835405798] ( PLAY 23.knightThrough.1641835399163 (noop ( move 4 6 2 5 ) ) )
LOG 1641835405799 [L0]: [Sent at 1641835405799] ( move 2 2 4 3 )
LOG 1641835405801 [L0]: [Received at 1641835405801] ( PLAY 23.knightThrough.1641835399163 (( move 2 2 4 3 ) noop ) )
LOG 1641835405802 [L0]: [Sent at 1641835405802] noop
LOG 1641835405805 [L0]: [Received at 1641835405805] ( PLAY 23.knightThrough.1641835399163 (noop ( move 6 6 4 5 ) ) )
LOG 1641835405806 [L0]: [Sent at 1641835405806] ( move 3 2 2 4 )
LOG 1641835405808 [L0]: [Received at 1641835405808] ( PLAY 23.knightThrough.1641835399163 (( move 3 2 2 4 ) noop ) )
LOG 1641835405809 [L0]: [Sent at 1641835405809] noop
LOG 1641835405811 [L0]: [Received at 1641835405811] ( PLAY 23.knightThrough.1641835399163 (noop ( move 3 8 2 6 ) ) )
LOG 1641835405813 [L0]: [Sent at 1641835405813] ( move 3 1 1 2 )
LOG 1641835405815 [L0]: [Received at 1641835405815] ( PLAY 23.knightThrough.1641835399163 (( move 3 1 1 2 ) noop ) )
LOG 1641835405817 [L0]: [Sent at 1641835405817] noop
LOG 1641835405819 [L0]: [Received at 1641835405819] ( PLAY 23.knightThrough.1641835399163 (noop ( move 5 7 6 5 ) ) )
LOG 1641835405820 [L0]: [Sent at 1641835405820] ( move 2 4 4 5 )
LOG 1641835405822 [L0]: [Received at 1641835405822] ( PLAY 23.knightThrough.1641835399163 (( move 2 4 4 5 ) noop ) )
LOG 1641835405823 [L0]: [Sent at 1641835405823] noop
LOG 1641835405825 [L0]: [Received at 1641835405825] ( PLAY 23.knightThrough.1641835399163 (noop ( move 8 7 6 6 ) ) )
LOG 1641835405826 [L0]: [Sent at 1641835405826] ( move 4 2 3 4 )
LOG 1641835405828 [L0]: [Received at 1641835405828] ( PLAY 23.knightThrough.1641835399163 (( move 4 2 3 4 ) noop ) )
LOG 1641835405829 [L0]: [Sent at 1641835405829] noop
LOG 1641835405831 [L0]: [Received at 1641835405831] ( STOP 23.knightThrough.1641835399163 (noop ( move 6 3 5 1 ) ) )
LOG 1641835405832 [L3]: Stopped logging to files at: Mon Jan 10 18:23:25 CET 2022
LOG 1641835405832 [L3]: LOG SEALED
