LOG 1641836983638 [L3]: Returning initial state machine.
LOG 1641836983638 [L3]: Returning PropNet state machine without cache.
LOG 1641836983639 [L3]: Starting metagame with available thinking time 4989ms.
LOG 1641836983640 [L3]: Starting search during metagame.
LOG 1641836988628 [L3]: Done searching during metagame.
LOG 1641836988631 [L3]: Starting move selection for game step 1 with available time 0ms.
LOG 1641836988631 [L3]: No time to select next move using MCTS. Returning random move noop.
LOG 1641836988635 [L3]: Starting move selection for game step 2 with available time 0ms.
LOG 1641836988636 [L3]: No time to select next move using MCTS. Returning random move ( mark r5 c3 ).
LOG 1641836988639 [L3]: Starting move selection for game step 3 with available time 0ms.
LOG 1641836988646 [L3]: No time to select next move using MCTS. Returning random move noop.
LOG 1641836988651 [L3]: Starting move selection for game step 4 with available time 0ms.
LOG 1641836988653 [L3]: No time to select next move using MCTS. Returning random move ( mark r6 c1 ).
LOG 1641836988657 [L3]: Starting move selection for game step 5 with available time 0ms.
LOG 1641836988658 [L3]: No time to select next move using MCTS. Returning random move noop.
LOG 1641836988661 [L3]: Starting move selection for game step 6 with available time 0ms.
LOG 1641836988662 [L3]: No time to select next move using MCTS. Returning random move noop.
LOG 1641836988670 [L3]: Starting move selection for game step 7 with available time 0ms.
LOG 1641836988670 [L3]: No time to select next move using MCTS. Returning random move ( mark r4 c1 ).
LOG 1641836988675 [L3]: Starting move selection for game step 8 with available time 0ms.
LOG 1641836988675 [L3]: No time to select next move using MCTS. Returning random move noop.
LOG 1641836988678 [L3]: Starting move selection for game step 9 with available time 0ms.
LOG 1641836988678 [L3]: No time to select next move using MCTS. Returning random move noop.
LOG 1641836988682 [L3]: Starting move selection for game step 10 with available time 0ms.
LOG 1641836988683 [L3]: No time to select next move using MCTS. Returning random move noop.
LOG 1641836988685 [L3]: Starting move selection for game step 11 with available time 0ms.
LOG 1641836988686 [L3]: No time to select next move using MCTS. Returning random move noop.
LOG 1641836988689 [L3]: Starting move selection for game step 12 with available time 0ms.
LOG 1641836988689 [L3]: No time to select next move using MCTS. Returning random move noop.
LOG 1641836988705 [L3]: Starting move selection for game step 13 with available time 0ms.
LOG 1641836988706 [L3]: No time to select next move using MCTS. Returning random move ( block r7 c6 ).
LOG 1641836988709 [L3]: Starting move selection for game step 14 with available time 0ms.
LOG 1641836988709 [L3]: No time to select next move using MCTS. Returning random move ( block r6 c4 ).
LOG 1641836988713 [L3]: Starting move selection for game step 15 with available time -1ms.
LOG 1641836988713 [L3]: No time to select next move using MCTS. Returning random move ( mark r2 c5 ).
LOG 1641836988723 [L3]: Starting move selection for game step 16 with available time 0ms.
LOG 1641836988723 [L3]: No time to select next move using MCTS. Returning random move noop.
LOG 1641836988763 [L3]: Starting move selection for game step 17 with available time 0ms.
LOG 1641836988763 [L3]: No time to select next move using MCTS. Returning random move ( mark r3 c4 ).
LOG 1641836988782 [L3]: Starting move selection for game step 18 with available time 0ms.
LOG 1641836988783 [L3]: No time to select next move using MCTS. Returning random move noop.
LOG 1641836988849 [L3]: Starting move selection for game step 19 with available time 0ms.
LOG 1641836988849 [L3]: No time to select next move using MCTS. Returning random move ( block r1 c2 ).
LOG 1641836988857 [L3]: Starting move selection for game step 20 with available time 0ms.
LOG 1641836988858 [L3]: No time to select next move using MCTS. Returning random move ( mark r6 c2 ).
LOG 1641836988886 [L3]: Starting move selection for game step 21 with available time 0ms.
LOG 1641836988887 [L3]: No time to select next move using MCTS. Returning random move noop.
LOG 1641836988958 [L3]: Starting move selection for game step 22 with available time 0ms.
LOG 1641836988959 [L3]: No time to select next move using MCTS. Returning random move ( mark r7 c2 ).
LOG 1641836988999 [L3]: Starting move selection for game step 23 with available time 0ms.
LOG 1641836989000 [L3]: No time to select next move using MCTS. Returning random move noop.
LOG 1641836989132 [L3]: Starting move selection for game step 24 with available time 0ms.
LOG 1641836989132 [L3]: No time to select next move using MCTS. Returning random move ( block r4 c4 ).
LOG 1641836989143 [L3]: Starting move selection for game step 25 with available time 0ms.
LOG 1641836989144 [L3]: No time to select next move using MCTS. Returning random move ( mark r5 c2 ).
LOG 1641836989205 [L3]: Starting move selection for game step 26 with available time 0ms.
LOG 1641836989206 [L3]: No time to select next move using MCTS. Returning random move noop.
LOG 1641836989305 [L3]: Starting move selection for game step 27 with available time 0ms.
LOG 1641836989305 [L3]: No time to select next move using MCTS. Returning random move ( mark r4 c7 ).
LOG 1641836989422 [L3]: Starting move selection for game step 28 with available time 0ms.
LOG 1641836989423 [L3]: No time to select next move using MCTS. Returning random move noop.
LOG 1641836989594 [L3]: Starting move selection for game step 29 with available time 0ms.
LOG 1641836989594 [L3]: No time to select next move using MCTS. Returning random move ( block r2 c1 ).
LOG 1641836989621 [L3]: Starting move selection for game step 30 with available time 0ms.
LOG 1641836989621 [L3]: No time to select next move using MCTS. Returning random move ( mark r7 c3 ).
LOG 1641836989746 [L3]: Starting move selection for game step 31 with available time 0ms.
LOG 1641836989746 [L3]: No time to select next move using MCTS. Returning random move noop.
LOG 1641836989967 [L3]: Starting move selection for game step 32 with available time 0ms.
LOG 1641836989967 [L3]: No time to select next move using MCTS. Returning random move ( mark r1 c4 ).
LOG 1641836990192 [L3]: Starting move selection for game step 33 with available time 0ms.
LOG 1641836990192 [L3]: No time to select next move using MCTS. Returning random move noop.
