LOG 1641840666607 [L3]: Returning initial state machine.
LOG 1641840666608 [L3]: Returning PropNet state machine without cache.
LOG 1641840666609 [L3]: Starting metagame with available thinking time 4988ms.
LOG 1641840666611 [L3]: Starting search during metagame.
LOG 1641840671597 [L3]: Done searching during metagame.
LOG 1641840671600 [L3]: Starting move selection for game step 1 with available time 0ms.
LOG 1641840671600 [L3]: No time to select next move using MCTS. Returning random move noop.
LOG 1641840671603 [L3]: Starting move selection for game step 2 with available time 0ms.
LOG 1641840671604 [L3]: No time to select next move using MCTS. Returning random move noop.
LOG 1641840671609 [L3]: Starting move selection for game step 3 with available time 0ms.
LOG 1641840671616 [L3]: No time to select next move using MCTS. Returning random move ( mark r4 c3 ).
LOG 1641840671620 [L3]: Starting move selection for game step 4 with available time 0ms.
LOG 1641840671621 [L3]: No time to select next move using MCTS. Returning random move noop.
LOG 1641840671626 [L3]: Starting move selection for game step 5 with available time 0ms.
LOG 1641840671626 [L3]: No time to select next move using MCTS. Returning random move noop.
LOG 1641840671629 [L3]: Starting move selection for game step 6 with available time 0ms.
LOG 1641840671630 [L3]: No time to select next move using MCTS. Returning random move noop.
LOG 1641840671635 [L3]: Starting move selection for game step 7 with available time 0ms.
LOG 1641840671635 [L3]: No time to select next move using MCTS. Returning random move ( mark r3 c2 ).
LOG 1641840671639 [L3]: Starting move selection for game step 8 with available time 0ms.
LOG 1641840671640 [L3]: No time to select next move using MCTS. Returning random move noop.
LOG 1641840671643 [L3]: Starting move selection for game step 9 with available time 0ms.
LOG 1641840671643 [L3]: No time to select next move using MCTS. Returning random move noop.
LOG 1641840671649 [L3]: Starting move selection for game step 10 with available time 0ms.
LOG 1641840671649 [L3]: No time to select next move using MCTS. Returning random move ( block r2 c6 ).
LOG 1641840671653 [L3]: Starting move selection for game step 11 with available time 0ms.
LOG 1641840671653 [L3]: No time to select next move using MCTS. Returning random move ( block r7 c5 ).
LOG 1641840671656 [L3]: Starting move selection for game step 12 with available time 0ms.
LOG 1641840671656 [L3]: No time to select next move using MCTS. Returning random move ( block r4 c1 ).
LOG 1641840671659 [L3]: Starting move selection for game step 13 with available time 0ms.
LOG 1641840671659 [L3]: No time to select next move using MCTS. Returning random move ( block r2 c4 ).
LOG 1641840671662 [L3]: Starting move selection for game step 14 with available time 0ms.
LOG 1641840671662 [L3]: No time to select next move using MCTS. Returning random move ( block r5 c1 ).
LOG 1641840671665 [L3]: Starting move selection for game step 15 with available time 0ms.
LOG 1641840671665 [L3]: No time to select next move using MCTS. Returning random move ( mark r3 c7 ).
LOG 1641840671676 [L3]: Starting move selection for game step 16 with available time -1ms.
LOG 1641840671676 [L3]: No time to select next move using MCTS. Returning random move noop.
LOG 1641840671689 [L3]: Starting move selection for game step 17 with available time 0ms.
LOG 1641840671689 [L3]: No time to select next move using MCTS. Returning random move ( mark r5 c4 ).
LOG 1641840671712 [L3]: Starting move selection for game step 18 with available time 0ms.
LOG 1641840671712 [L3]: No time to select next move using MCTS. Returning random move noop.
LOG 1641840671742 [L3]: Starting move selection for game step 19 with available time 0ms.
LOG 1641840671742 [L3]: No time to select next move using MCTS. Returning random move ( mark r7 c3 ).
LOG 1641840671764 [L3]: Starting move selection for game step 20 with available time 0ms.
LOG 1641840671765 [L3]: No time to select next move using MCTS. Returning random move noop.
LOG 1641840671814 [L3]: Starting move selection for game step 21 with available time 0ms.
LOG 1641840671815 [L3]: No time to select next move using MCTS. Returning random move ( mark r7 c4 ).
LOG 1641840671849 [L3]: Starting move selection for game step 22 with available time 0ms.
LOG 1641840671849 [L3]: No time to select next move using MCTS. Returning random move noop.
