LOG 1641836219980 [L3]: Started match logging at: Mon Jan 10 18:36:59 CET 2022
LOG 1641836219981 [L3]: Game rules: [( role white ), ( role black ), ( <= ( base ( cell ?x ?y ?p ) ) ( index ?x ) ( index ?y ) ( role ?p ) ), ( <= ( base ( control ?p ) ) ( role ?p ) ), ( <= ( input ?p noop ) ( role ?p ) ), ( <= ( input ?p ( move ?x1 ?y1 ?x2 ?y2 ) ) ( role ?p ) ( index ?x1 ) ( index ?x2 ) ( index ?y1 ) ( index ?y2 ) ), ( init ( cell 1 1 white ) ), ( init ( cell 2 1 white ) ), ( init ( cell 3 1 white ) ), ( init ( cell 4 1 white ) ), ( init ( cell 5 1 white ) ), ( init ( cell 6 1 white ) ), ( init ( cell 7 1 white ) ), ( init ( cell 8 1 white ) ), ( init ( cell 1 2 white ) ), ( init ( cell 2 2 white ) ), ( init ( cell 3 2 white ) ), ( init ( cell 4 2 white ) ), ( init ( cell 5 2 white ) ), ( init ( cell 6 2 white ) ), ( init ( cell 7 2 white ) ), ( init ( cell 8 2 white ) ), ( init ( cell 1 7 black ) ), ( init ( cell 2 7 black ) ), ( init ( cell 3 7 black ) ), ( init ( cell 4 7 black ) ), ( init ( cell 5 7 black ) ), ( init ( cell 6 7 black ) ), ( init ( cell 7 7 black ) ), ( init ( cell 8 7 black ) ), ( init ( cell 1 8 black ) ), ( init ( cell 2 8 black ) ), ( init ( cell 3 8 black ) ), ( init ( cell 4 8 black ) ), ( init ( cell 5 8 black ) ), ( init ( cell 6 8 black ) ), ( init ( cell 7 8 black ) ), ( init ( cell 8 8 black ) ), ( init ( control white ) ), ( <= ( legal white noop ) ( true ( control black ) ) ), ( <= ( legal black noop ) ( true ( control white ) ) ), ( <= ( legal white ( move ?x1 ?y1 ?x2 ?y2 ) ) ( true ( control white ) ) ( true ( cell ?x1 ?y1 white ) ) ( whiteknightmove ?x1 ?y1 ?x2 ?y2 ) ( not ( true ( cell ?x2 ?y2 white ) ) ) ), ( <= ( legal black ( move ?x1 ?y1 ?x2 ?y2 ) ) ( true ( control black ) ) ( true ( cell ?x1 ?y1 black ) ) ( blackknightmove ?x1 ?y1 ?x2 ?y2 ) ( not ( true ( cell ?x2 ?y2 black ) ) ) ), ( <= ( next ( cell ?x ?y ?state ) ) ( true ( cell ?x ?y ?state ) ) ( does ?player ( move ?x1 ?y1 ?x2 ?y2 ) ) ( distinctcell ?x ?y ?x1 ?y1 ) ( distinctcell ?x ?y ?x2 ?y2 ) ), ( <= ( next ( cell ?x2 ?y2 ?player ) ) ( does ?player ( move ?x1 ?y1 ?x2 ?y2 ) ) ), ( <= ( next ( control black ) ) ( true ( control white ) ) ), ( <= ( next ( control white ) ) ( true ( control black ) ) ), ( <= terminal whitewin ), ( <= terminal blackwin ), ( <= ( goal white 100 ) whitewin ), ( <= ( goal white 0 ) blackwin ), ( <= ( goal black 100 ) blackwin ), ( <= ( goal black 0 ) whitewin ), ( <= whitewin ( index ?x ) ( true ( cell ?x 8 white ) ) ), ( <= blackwin ( index ?x ) ( true ( cell ?x 1 black ) ) ), ( <= whitewin ( not ( hasAnyPiece black ) ) ), ( <= blackwin ( not ( hasAnyPiece white ) ) ), ( <= ( hasAnyPiece ?player ) ( true ( cell ?x ?y ?player ) ) ), ( <= ( whiteknightmove ?x1 ?y1 ?x2 ?y2 ) ( plus 1 ?x1 ?x2 ) ( plus 2 ?y1 ?y2 ) ), ( <= ( whiteknightmove ?x1 ?y1 ?x2 ?y2 ) ( plus 1 ?x2 ?x1 ) ( plus 2 ?y1 ?y2 ) ), ( <= ( whiteknightmove ?x1 ?y1 ?x2 ?y2 ) ( plus 2 ?x1 ?x2 ) ( plus 1 ?y1 ?y2 ) ), ( <= ( whiteknightmove ?x1 ?y1 ?x2 ?y2 ) ( plus 2 ?x2 ?x1 ) ( plus 1 ?y1 ?y2 ) ), ( <= ( blackknightmove ?x1 ?y1 ?x2 ?y2 ) ( plus 1 ?x1 ?x2 ) ( plus 2 ?y2 ?y1 ) ), ( <= ( blackknightmove ?x1 ?y1 ?x2 ?y2 ) ( plus 1 ?x2 ?x1 ) ( plus 2 ?y2 ?y1 ) ), ( <= ( blackknightmove ?x1 ?y1 ?x2 ?y2 ) ( plus 2 ?x1 ?x2 ) ( plus 1 ?y2 ?y1 ) ), ( <= ( blackknightmove ?x1 ?y1 ?x2 ?y2 ) ( plus 2 ?x2 ?x1 ) ( plus 1 ?y2 ?y1 ) ), ( <= ( cell ?x ?y ) ( index ?x ) ( index ?y ) ), ( <= ( distinctcell ?x1 ?y1 ?x2 ?y2 ) ( cell ?x1 ?y1 ) ( cell ?x2 ?y2 ) ( distinct ?x1 ?x2 ) ), ( <= ( distinctcell ?x1 ?y1 ?x2 ?y2 ) ( cell ?x1 ?y1 ) ( cell ?x2 ?y2 ) ( distinct ?y1 ?y2 ) ), ( index 1 ), ( index 2 ), ( index 3 ), ( index 4 ), ( index 5 ), ( index 6 ), ( index 7 ), ( index 8 ), ( plus 1 1 2 ), ( plus 1 2 3 ), ( plus 1 3 4 ), ( plus 1 4 5 ), ( plus 1 5 6 ), ( plus 1 6 7 ), ( plus 1 7 8 ), ( plus 2 1 3 ), ( plus 2 2 4 ), ( plus 2 3 5 ), ( plus 2 4 6 ), ( plus 2 5 7 ), ( plus 2 6 8 )]
LOG 1641836219988 [L3]: Start clock: 15
LOG 1641836219988 [L3]: Play clock: 10
LOG 1641836224980 [L0]: [Sent at 1641836224980] ready
LOG 1641836224982 [L0]: [Received at 1641836224982] ( PLAY 22.knightThrough.1641836218483 NIL )
LOG 1641836224984 [L0]: [Sent at 1641836224983] ( move 7 1 6 3 )
LOG 1641836224986 [L0]: [Received at 1641836224986] ( PLAY 22.knightThrough.1641836218483 (( move 7 1 6 3 ) noop ) )
LOG 1641836224988 [L0]: [Sent at 1641836224988] noop
LOG 1641836224995 [L0]: [Received at 1641836224995] ( PLAY 22.knightThrough.1641836218483 (noop ( move 6 8 7 6 ) ) )
LOG 1641836225003 [L0]: [Sent at 1641836225003] ( move 7 2 5 3 )
LOG 1641836225010 [L0]: [Received at 1641836225010] ( PLAY 22.knightThrough.1641836218483 (( move 7 2 5 3 ) noop ) )
LOG 1641836225012 [L0]: [Sent at 1641836225012] noop
LOG 1641836225024 [L0]: [Received at 1641836225024] ( PLAY 22.knightThrough.1641836218483 (noop ( move 4 8 3 6 ) ) )
LOG 1641836225025 [L0]: [Sent at 1641836225025] ( move 5 2 4 4 )
LOG 1641836225028 [L0]: [Received at 1641836225028] ( PLAY 22.knightThrough.1641836218483 (( move 5 2 4 4 ) noop ) )
LOG 1641836225030 [L0]: [Sent at 1641836225030] noop
LOG 1641836225033 [L0]: [Received at 1641836225033] ( PLAY 22.knightThrough.1641836218483 (noop ( move 7 7 8 5 ) ) )
LOG 1641836225035 [L0]: [Sent at 1641836225035] ( move 3 1 4 3 )
LOG 1641836225038 [L0]: [Received at 1641836225038] ( PLAY 22.knightThrough.1641836218483 (( move 3 1 4 3 ) noop ) )
LOG 1641836225039 [L0]: [Sent at 1641836225039] noop
LOG 1641836225043 [L0]: [Received at 1641836225043] ( PLAY 22.knightThrough.1641836218483 (noop ( move 4 7 2 6 ) ) )
LOG 1641836225044 [L0]: [Sent at 1641836225044] ( move 2 2 1 4 )
LOG 1641836225047 [L0]: [Received at 1641836225047] ( PLAY 22.knightThrough.1641836218483 (( move 2 2 1 4 ) noop ) )
LOG 1641836225048 [L0]: [Sent at 1641836225048] noop
LOG 1641836225050 [L0]: [Received at 1641836225050] ( PLAY 22.knightThrough.1641836218483 (noop ( move 7 8 6 6 ) ) )
LOG 1641836225052 [L0]: [Sent at 1641836225052] ( move 1 2 2 4 )
LOG 1641836225054 [L0]: [Received at 1641836225054] ( PLAY 22.knightThrough.1641836218483 (( move 1 2 2 4 ) noop ) )
LOG 1641836225055 [L0]: [Sent at 1641836225055] noop
LOG 1641836225058 [L0]: [Received at 1641836225058] ( PLAY 22.knightThrough.1641836218483 (noop ( move 2 7 1 5 ) ) )
LOG 1641836225059 [L0]: [Sent at 1641836225059] ( move 5 3 7 4 )
LOG 1641836225061 [L0]: [Received at 1641836225061] ( PLAY 22.knightThrough.1641836218483 (( move 5 3 7 4 ) noop ) )
LOG 1641836225062 [L0]: [Sent at 1641836225062] noop
LOG 1641836225064 [L0]: [Received at 1641836225064] ( PLAY 22.knightThrough.1641836218483 (noop ( move 3 6 4 4 ) ) )
LOG 1641836225066 [L0]: [Sent at 1641836225066] ( move 2 1 1 3 )
LOG 1641836225068 [L0]: [Received at 1641836225068] ( PLAY 22.knightThrough.1641836218483 (( move 2 1 1 3 ) noop ) )
LOG 1641836225069 [L0]: [Sent at 1641836225069] noop
LOG 1641836225072 [L0]: [Received at 1641836225072] ( PLAY 22.knightThrough.1641836218483 (noop ( move 6 7 4 6 ) ) )
LOG 1641836225074 [L0]: [Sent at 1641836225074] ( move 6 3 5 5 )
LOG 1641836225076 [L0]: [Received at 1641836225076] ( PLAY 22.knightThrough.1641836218483 (( move 6 3 5 5 ) noop ) )
LOG 1641836225077 [L0]: [Sent at 1641836225077] noop
LOG 1641836225080 [L0]: [Received at 1641836225080] ( PLAY 22.knightThrough.1641836218483 (noop ( move 1 7 2 5 ) ) )
LOG 1641836225081 [L0]: [Sent at 1641836225081] ( move 8 1 7 3 )
LOG 1641836225083 [L0]: [Received at 1641836225083] ( PLAY 22.knightThrough.1641836218483 (( move 8 1 7 3 ) noop ) )
LOG 1641836225085 [L0]: [Sent at 1641836225085] noop
LOG 1641836225088 [L0]: [Received at 1641836225088] ( PLAY 22.knightThrough.1641836218483 (noop ( move 8 5 6 4 ) ) )
LOG 1641836225089 [L0]: [Sent at 1641836225089] ( move 4 1 5 3 )
LOG 1641836225092 [L0]: [Received at 1641836225092] ( PLAY 22.knightThrough.1641836218483 (( move 4 1 5 3 ) noop ) )
LOG 1641836225093 [L0]: [Sent at 1641836225093] noop
LOG 1641836225095 [L0]: [Received at 1641836225095] ( PLAY 22.knightThrough.1641836218483 (noop ( move 6 6 4 5 ) ) )
LOG 1641836225096 [L0]: [Sent at 1641836225096] ( move 4 2 5 4 )
LOG 1641836225099 [L0]: [Received at 1641836225099] ( PLAY 22.knightThrough.1641836218483 (( move 4 2 5 4 ) noop ) )
LOG 1641836225100 [L0]: [Sent at 1641836225100] noop
LOG 1641836225102 [L0]: [Received at 1641836225102] ( PLAY 22.knightThrough.1641836218483 (noop ( move 2 6 3 4 ) ) )
LOG 1641836225104 [L0]: [Sent at 1641836225104] ( move 3 2 4 4 )
LOG 1641836225106 [L0]: [Received at 1641836225106] ( PLAY 22.knightThrough.1641836218483 (( move 3 2 4 4 ) noop ) )
LOG 1641836225107 [L0]: [Sent at 1641836225107] noop
LOG 1641836225132 [L0]: [Received at 1641836225132] ( PLAY 22.knightThrough.1641836218483 (noop ( move 2 5 3 3 ) ) )
LOG 1641836225133 [L0]: [Sent at 1641836225133] ( move 5 4 6 6 )
LOG 1641836225134 [L0]: [Received at 1641836225134] ( PLAY 22.knightThrough.1641836218483 (( move 5 4 6 6 ) noop ) )
LOG 1641836225136 [L0]: [Sent at 1641836225136] noop
LOG 1641836225137 [L0]: [Received at 1641836225137] ( PLAY 22.knightThrough.1641836218483 (noop ( move 4 5 5 3 ) ) )
LOG 1641836225138 [L0]: [Sent at 1641836225138] ( move 7 3 6 5 )
LOG 1641836225141 [L0]: [Received at 1641836225141] ( PLAY 22.knightThrough.1641836218483 (( move 7 3 6 5 ) noop ) )
LOG 1641836225142 [L0]: [Sent at 1641836225142] noop
LOG 1641836225144 [L0]: [Received at 1641836225144] ( PLAY 22.knightThrough.1641836218483 (noop ( move 4 6 2 5 ) ) )
LOG 1641836225145 [L0]: [Sent at 1641836225145] ( move 6 6 8 7 )
LOG 1641836225147 [L0]: [Received at 1641836225147] ( PLAY 22.knightThrough.1641836218483 (( move 6 6 8 7 ) noop ) )
LOG 1641836225148 [L0]: [Sent at 1641836225148] noop
LOG 1641836225150 [L0]: [Received at 1641836225150] ( PLAY 22.knightThrough.1641836218483 (noop ( move 3 8 2 6 ) ) )
LOG 1641836225151 [L0]: [Sent at 1641836225151] ( move 8 2 6 3 )
LOG 1641836225153 [L0]: [Received at 1641836225153] ( PLAY 22.knightThrough.1641836218483 (( move 8 2 6 3 ) noop ) )
LOG 1641836225154 [L0]: [Sent at 1641836225154] noop
LOG 1641836225156 [L0]: [Received at 1641836225156] ( PLAY 22.knightThrough.1641836218483 (noop ( move 3 7 4 5 ) ) )
LOG 1641836225157 [L0]: [Sent at 1641836225157] ( move 6 5 5 7 )
LOG 1641836225159 [L0]: [Received at 1641836225159] ( PLAY 22.knightThrough.1641836218483 (( move 6 5 5 7 ) noop ) )
LOG 1641836225160 [L0]: [Sent at 1641836225160] noop
LOG 1641836225163 [L0]: [Received at 1641836225163] ( PLAY 22.knightThrough.1641836218483 (noop ( move 3 4 1 3 ) ) )
LOG 1641836225164 [L0]: [Sent at 1641836225164] ( move 6 1 8 2 )
LOG 1641836225166 [L0]: [Received at 1641836225166] ( PLAY 22.knightThrough.1641836218483 (( move 6 1 8 2 ) noop ) )
LOG 1641836225167 [L0]: [Sent at 1641836225167] noop
LOG 1641836225169 [L0]: [Received at 1641836225169] ( STOP 22.knightThrough.1641836218483 (noop ( move 5 3 4 1 ) ) )
LOG 1641836225170 [L3]: Stopped logging to files at: Mon Jan 10 18:37:05 CET 2022
LOG 1641836225170 [L3]: LOG SEALED
