LOG 1641835138987 [L3]: Returning initial state machine.
LOG 1641835138987 [L3]: Returning PropNet state machine without cache.
LOG 1641835138988 [L3]: Starting metagame with available thinking time 4990ms.
LOG 1641835138989 [L3]: Starting search during metagame.
LOG 1641835143978 [L3]: Done searching during metagame.
LOG 1641835143981 [L3]: Starting move selection for game step 1 with available time 0ms.
LOG 1641835143982 [L3]: No time to select next move using MCTS. Returning random move ( move 1 2 2 3 ).
LOG 1641835143986 [L3]: Starting move selection for game step 2 with available time 0ms.
LOG 1641835143987 [L3]: No time to select next move using MCTS. Returning random move noop.
LOG 1641835143993 [L3]: Starting move selection for game step 3 with available time 0ms.
LOG 1641835144001 [L3]: No time to select next move using MCTS. Returning random move ( move 4 2 3 3 ).
LOG 1641835144007 [L3]: Starting move selection for game step 4 with available time 0ms.
LOG 1641835144009 [L3]: No time to select next move using MCTS. Returning random move noop.
LOG 1641835144017 [L3]: Starting move selection for game step 5 with available time 0ms.
LOG 1641835144017 [L3]: No time to select next move using MCTS. Returning random move ( move 2 1 1 2 ).
LOG 1641835144021 [L3]: Starting move selection for game step 6 with available time 0ms.
LOG 1641835144022 [L3]: No time to select next move using MCTS. Returning random move noop.
LOG 1641835144025 [L3]: Starting move selection for game step 7 with available time 0ms.
LOG 1641835144026 [L3]: No time to select next move using MCTS. Returning random move ( move 2 2 1 3 ).
LOG 1641835144030 [L3]: Starting move selection for game step 8 with available time 0ms.
LOG 1641835144030 [L3]: No time to select next move using MCTS. Returning random move noop.
LOG 1641835144034 [L3]: Starting move selection for game step 9 with available time 0ms.
LOG 1641835144034 [L3]: No time to select next move using MCTS. Returning random move ( move 5 2 6 3 ).
LOG 1641835144038 [L3]: Starting move selection for game step 10 with available time 0ms.
LOG 1641835144038 [L3]: No time to select next move using MCTS. Returning random move noop.
LOG 1641835144042 [L3]: Starting move selection for game step 11 with available time 0ms.
LOG 1641835144042 [L3]: No time to select next move using MCTS. Returning random move ( move 7 2 7 3 ).
LOG 1641835144046 [L3]: Starting move selection for game step 12 with available time 0ms.
LOG 1641835144046 [L3]: No time to select next move using MCTS. Returning random move noop.
LOG 1641835144050 [L3]: Starting move selection for game step 13 with available time 0ms.
LOG 1641835144050 [L3]: No time to select next move using MCTS. Returning random move ( move 1 3 1 4 ).
LOG 1641835144054 [L3]: Starting move selection for game step 14 with available time 0ms.
LOG 1641835144054 [L3]: No time to select next move using MCTS. Returning random move noop.
LOG 1641835144058 [L3]: Starting move selection for game step 15 with available time 0ms.
LOG 1641835144058 [L3]: No time to select next move using MCTS. Returning random move ( move 2 3 3 4 ).
LOG 1641835144062 [L3]: Starting move selection for game step 16 with available time 0ms.
LOG 1641835144063 [L3]: No time to select next move using MCTS. Returning random move noop.
LOG 1641835144066 [L3]: Starting move selection for game step 17 with available time 0ms.
LOG 1641835144067 [L3]: No time to select next move using MCTS. Returning random move ( move 7 3 7 4 ).
LOG 1641835144073 [L3]: Starting move selection for game step 18 with available time 0ms.
LOG 1641835144073 [L3]: No time to select next move using MCTS. Returning random move noop.
LOG 1641835144078 [L3]: Starting move selection for game step 19 with available time 0ms.
LOG 1641835144078 [L3]: No time to select next move using MCTS. Returning random move ( move 3 2 4 3 ).
LOG 1641835144082 [L3]: Starting move selection for game step 20 with available time 0ms.
LOG 1641835144082 [L3]: No time to select next move using MCTS. Returning random move noop.
LOG 1641835144102 [L3]: Starting move selection for game step 21 with available time 0ms.
LOG 1641835144102 [L3]: No time to select next move using MCTS. Returning random move ( move 6 3 6 4 ).
LOG 1641835144106 [L3]: Starting move selection for game step 22 with available time 0ms.
LOG 1641835144107 [L3]: No time to select next move using MCTS. Returning random move noop.
LOG 1641835144110 [L3]: Starting move selection for game step 23 with available time 0ms.
LOG 1641835144111 [L3]: No time to select next move using MCTS. Returning random move ( move 3 1 4 2 ).
LOG 1641835144114 [L3]: Starting move selection for game step 24 with available time 0ms.
LOG 1641835144115 [L3]: No time to select next move using MCTS. Returning random move noop.
LOG 1641835144120 [L3]: Starting move selection for game step 25 with available time 0ms.
LOG 1641835144120 [L3]: No time to select next move using MCTS. Returning random move ( move 4 1 3 2 ).
LOG 1641835144125 [L3]: Starting move selection for game step 26 with available time 0ms.
LOG 1641835144126 [L3]: No time to select next move using MCTS. Returning random move noop.
LOG 1641835144130 [L3]: Starting move selection for game step 27 with available time 0ms.
LOG 1641835144130 [L3]: No time to select next move using MCTS. Returning random move ( move 6 2 6 3 ).
LOG 1641835144134 [L3]: Starting move selection for game step 28 with available time 0ms.
LOG 1641835144134 [L3]: No time to select next move using MCTS. Returning random move noop.
LOG 1641835144139 [L3]: Starting move selection for game step 29 with available time 0ms.
LOG 1641835144139 [L3]: No time to select next move using MCTS. Returning random move ( move 3 2 2 3 ).
LOG 1641835144143 [L3]: Starting move selection for game step 30 with available time 0ms.
LOG 1641835144143 [L3]: No time to select next move using MCTS. Returning random move noop.
LOG 1641835144147 [L3]: Starting move selection for game step 31 with available time 0ms.
LOG 1641835144148 [L3]: No time to select next move using MCTS. Returning random move ( move 6 4 6 5 ).
LOG 1641835144152 [L3]: Starting move selection for game step 32 with available time -1ms.
LOG 1641835144152 [L3]: No time to select next move using MCTS. Returning random move noop.
LOG 1641835144156 [L3]: Starting move selection for game step 33 with available time 0ms.
LOG 1641835144156 [L3]: No time to select next move using MCTS. Returning random move ( move 7 4 7 5 ).
LOG 1641835144160 [L3]: Starting move selection for game step 34 with available time 0ms.
LOG 1641835144160 [L3]: No time to select next move using MCTS. Returning random move noop.
LOG 1641835144165 [L3]: Starting move selection for game step 35 with available time 0ms.
LOG 1641835144165 [L3]: No time to select next move using MCTS. Returning random move ( move 4 2 5 3 ).
LOG 1641835144169 [L3]: Starting move selection for game step 36 with available time 0ms.
LOG 1641835144169 [L3]: No time to select next move using MCTS. Returning random move noop.
LOG 1641835144174 [L3]: Starting move selection for game step 37 with available time 0ms.
LOG 1641835144175 [L3]: No time to select next move using MCTS. Returning random move ( move 5 1 5 2 ).
LOG 1641835144178 [L3]: Starting move selection for game step 38 with available time 0ms.
LOG 1641835144179 [L3]: No time to select next move using MCTS. Returning random move noop.
LOG 1641835144183 [L3]: Starting move selection for game step 39 with available time 0ms.
LOG 1641835144183 [L3]: No time to select next move using MCTS. Returning random move ( move 7 5 7 6 ).
LOG 1641835144187 [L3]: Starting move selection for game step 40 with available time 0ms.
LOG 1641835144187 [L3]: No time to select next move using MCTS. Returning random move noop.
LOG 1641835144191 [L3]: Starting move selection for game step 41 with available time 0ms.
LOG 1641835144191 [L3]: No time to select next move using MCTS. Returning random move ( move 3 4 2 5 ).
LOG 1641835144195 [L3]: Starting move selection for game step 42 with available time 0ms.
LOG 1641835144195 [L3]: No time to select next move using MCTS. Returning random move noop.
LOG 1641835144198 [L3]: Starting move selection for game step 43 with available time 0ms.
LOG 1641835144199 [L3]: No time to select next move using MCTS. Returning random move ( move 3 3 2 4 ).
LOG 1641835144202 [L3]: Starting move selection for game step 44 with available time 0ms.
LOG 1641835144202 [L3]: No time to select next move using MCTS. Returning random move noop.
LOG 1641835144206 [L3]: Starting move selection for game step 45 with available time 0ms.
LOG 1641835144206 [L3]: No time to select next move using MCTS. Returning random move ( move 6 5 5 6 ).
LOG 1641835144210 [L3]: Starting move selection for game step 46 with available time 0ms.
LOG 1641835144210 [L3]: No time to select next move using MCTS. Returning random move noop.
LOG 1641835144213 [L3]: Starting move selection for game step 47 with available time 0ms.
LOG 1641835144214 [L3]: No time to select next move using MCTS. Returning random move ( move 1 4 1 5 ).
LOG 1641835144217 [L3]: Starting move selection for game step 48 with available time 0ms.
LOG 1641835144218 [L3]: No time to select next move using MCTS. Returning random move noop.
LOG 1641835144221 [L3]: Starting move selection for game step 49 with available time 0ms.
LOG 1641835144221 [L3]: No time to select next move using MCTS. Returning random move ( move 4 3 3 4 ).
LOG 1641835144224 [L3]: Starting move selection for game step 50 with available time 0ms.
LOG 1641835144225 [L3]: No time to select next move using MCTS. Returning random move noop.
LOG 1641835144228 [L3]: Starting move selection for game step 51 with available time 0ms.
LOG 1641835144228 [L3]: No time to select next move using MCTS. Returning random move ( move 8 1 7 2 ).
LOG 1641835144232 [L3]: Starting move selection for game step 52 with available time 0ms.
LOG 1641835144232 [L3]: No time to select next move using MCTS. Returning random move noop.
LOG 1641835144236 [L3]: Starting move selection for game step 53 with available time 0ms.
LOG 1641835144236 [L3]: No time to select next move using MCTS. Returning random move ( move 1 1 2 2 ).
LOG 1641835144239 [L3]: Starting move selection for game step 54 with available time 0ms.
LOG 1641835144240 [L3]: No time to select next move using MCTS. Returning random move noop.
