LOG 1641833363420 [L3]: Returning initial state machine.
LOG 1641833363420 [L3]: Returning PropNet state machine without cache.
LOG 1641833363421 [L3]: Starting metagame with available thinking time 4991ms.
LOG 1641833363423 [L3]: Starting search during metagame.
LOG 1641833368412 [L3]: Done searching during metagame.
LOG 1641833368415 [L3]: Starting move selection for game step 1 with available time 0ms.
LOG 1641833368415 [L3]: No time to select next move using MCTS. Returning random move ( drop 4 ).
LOG 1641833368418 [L3]: Starting move selection for game step 2 with available time 0ms.
LOG 1641833368421 [L3]: No time to select next move using MCTS. Returning random move noop.
LOG 1641833368430 [L3]: Starting move selection for game step 3 with available time 0ms.
LOG 1641833368439 [L3]: No time to select next move using MCTS. Returning random move ( drop 4 ).
LOG 1641833368449 [L3]: Starting move selection for game step 4 with available time 0ms.
LOG 1641833368452 [L3]: No time to select next move using MCTS. Returning random move noop.
LOG 1641833368461 [L3]: Starting move selection for game step 5 with available time 0ms.
LOG 1641833368462 [L3]: No time to select next move using MCTS. Returning random move ( drop 5 ).
LOG 1641833368466 [L3]: Starting move selection for game step 6 with available time 0ms.
LOG 1641833368466 [L3]: No time to select next move using MCTS. Returning random move noop.
LOG 1641833368469 [L3]: Starting move selection for game step 7 with available time 0ms.
LOG 1641833368470 [L3]: No time to select next move using MCTS. Returning random move ( drop 2 ).
LOG 1641833368474 [L3]: Starting move selection for game step 8 with available time 0ms.
LOG 1641833368474 [L3]: No time to select next move using MCTS. Returning random move noop.
LOG 1641833368477 [L3]: Starting move selection for game step 9 with available time 0ms.
LOG 1641833368478 [L3]: No time to select next move using MCTS. Returning random move ( drop 4 ).
LOG 1641833368483 [L3]: Starting move selection for game step 10 with available time 0ms.
LOG 1641833368483 [L3]: No time to select next move using MCTS. Returning random move noop.
LOG 1641833368486 [L3]: Starting move selection for game step 11 with available time 0ms.
LOG 1641833368487 [L3]: No time to select next move using MCTS. Returning random move ( drop 4 ).
LOG 1641833368490 [L3]: Starting move selection for game step 12 with available time 0ms.
LOG 1641833368491 [L3]: No time to select next move using MCTS. Returning random move noop.
LOG 1641833368496 [L3]: Starting move selection for game step 13 with available time 0ms.
LOG 1641833368496 [L3]: No time to select next move using MCTS. Returning random move ( drop 5 ).
LOG 1641833368501 [L3]: Starting move selection for game step 14 with available time 0ms.
LOG 1641833368501 [L3]: No time to select next move using MCTS. Returning random move noop.
LOG 1641833368505 [L3]: Starting move selection for game step 15 with available time 0ms.
LOG 1641833368505 [L3]: No time to select next move using MCTS. Returning random move ( drop 3 ).
