LOG 1641840116602 [L3]: Started match logging at: Mon Jan 10 19:41:56 CET 2022
LOG 1641840116609 [L3]: Game rules: [( role x ), ( role o ), ( init ( quad x 12 ) ), ( init ( quad o 12 ) ), ( init ( white x 5 ) ), ( init ( white o 5 ) ), ( init ( cell r1 c2 b ) ), ( init ( cell r1 c3 b ) ), ( init ( cell r1 c4 b ) ), ( init ( cell r1 c5 b ) ), ( init ( cell r1 c6 b ) ), ( init ( cell r2 c1 b ) ), ( init ( cell r2 c2 b ) ), ( init ( cell r2 c3 b ) ), ( init ( cell r2 c4 b ) ), ( init ( cell r2 c5 b ) ), ( init ( cell r2 c6 b ) ), ( init ( cell r2 c7 b ) ), ( init ( cell r3 c1 b ) ), ( init ( cell r3 c2 b ) ), ( init ( cell r3 c3 b ) ), ( init ( cell r3 c4 b ) ), ( init ( cell r3 c5 b ) ), ( init ( cell r3 c6 b ) ), ( init ( cell r3 c7 b ) ), ( init ( cell r4 c1 b ) ), ( init ( cell r4 c2 b ) ), ( init ( cell r4 c3 b ) ), ( init ( cell r4 c4 b ) ), ( init ( cell r4 c5 b ) ), ( init ( cell r4 c6 b ) ), ( init ( cell r4 c7 b ) ), ( init ( cell r5 c1 b ) ), ( init ( cell r5 c2 b ) ), ( init ( cell r5 c3 b ) ), ( init ( cell r5 c4 b ) ), ( init ( cell r5 c5 b ) ), ( init ( cell r5 c6 b ) ), ( init ( cell r5 c7 b ) ), ( init ( cell r6 c1 b ) ), ( init ( cell r6 c2 b ) ), ( init ( cell r6 c3 b ) ), ( init ( cell r6 c4 b ) ), ( init ( cell r6 c5 b ) ), ( init ( cell r6 c6 b ) ), ( init ( cell r6 c7 b ) ), ( init ( cell r7 c2 b ) ), ( init ( cell r7 c3 b ) ), ( init ( cell r7 c4 b ) ), ( init ( cell r7 c5 b ) ), ( init ( cell r7 c6 b ) ), ( init ( control x ) ), ( ncol c1 c2 ), ( ncol c2 c3 ), ( ncol c3 c4 ), ( ncol c4 c5 ), ( ncol c5 c6 ), ( ncol c6 c7 ), ( nrow r1 r2 ), ( nrow r2 r3 ), ( nrow r3 r4 ), ( nrow r4 r5 ), ( nrow r5 r6 ), ( nrow r6 r7 ), ( <= ( prow ?x ?y ) ( nrow ?y ?x ) ), ( <= ( pcol ?x ?y ) ( ncol ?y ?x ) ), ( succ 0 1 ), ( succ 1 2 ), ( succ 2 3 ), ( succ 3 4 ), ( succ 4 5 ), ( succ 5 6 ), ( succ 6 7 ), ( succ 7 8 ), ( succ 8 9 ), ( succ 9 10 ), ( succ 10 11 ), ( succ 11 12 ), ( succ 12 13 ), ( succ 13 14 ), ( succ 14 15 ), ( succ 15 16 ), ( succ 16 17 ), ( succ 17 18 ), ( succ 18 19 ), ( succ 19 20 ), ( <= ( legal ?player ( mark ?x ?y ) ) ( true ( cell ?x ?y b ) ) ( true ( control ?player ) ) ), ( <= ( legal ?player ( block ?x ?y ) ) ( true ( cell ?x ?y b ) ) ( true ( control ?player ) ) ( true ( white ?player ?c ) ) ( distinct ?c 0 ) ), ( <= ( legal x noop ) ( true ( control o ) ) ), ( <= ( legal o noop ) ( true ( control x ) ) ), ( <= ( next ( cell ?m ?n ?p ) ) ( does ?p ( mark ?m ?n ) ) ), ( <= ( next ( cell ?m ?n w ) ) ( does ?p ( block ?m ?n ) ) ), ( <= ( next ( cell ?m ?n ?p ) ) ( true ( cell ?m ?n ?p ) ) ( distinct ?p b ) ), ( <= ( next ( cell ?m ?n b ) ) ( does ?W ( mark ?j ?k ) ) ( true ( cell ?m ?n b ) ) ( distinct ?m ?j ) ), ( <= ( next ( cell ?m ?n b ) ) ( does ?W ( mark ?j ?k ) ) ( true ( cell ?m ?n b ) ) ( distinct ?n ?k ) ), ( <= ( next ( cell ?m ?n b ) ) ( does ?W ( block ?j ?k ) ) ( true ( cell ?m ?n b ) ) ( distinct ?m ?j ) ), ( <= ( next ( cell ?m ?n b ) ) ( does ?W ( block ?j ?k ) ) ( true ( cell ?m ?n b ) ) ( distinct ?n ?k ) ), ( <= ( next ( quad ?p ?c ) ) ( true ( control ?q ) ) ( true ( quad ?p ?c ) ) ( distinct ?p ?q ) ), ( <= ( next ( white ?p ?c ) ) ( true ( control ?q ) ) ( true ( white ?p ?c ) ) ( distinct ?p ?q ) ), ( <= ( next ( quad ?p ?c ) ) ( does ?p ( mark ?j ?k ) ) ( true ( quad ?p ?c1 ) ) ( succ ?c ?c1 ) ), ( <= ( next ( white ?p ?c ) ) ( does ?p ( block ?j ?k ) ) ( true ( white ?p ?c1 ) ) ( succ ?c ?c1 ) ), ( <= ( next ( quad ?p ?c ) ) ( does ?p ( block ?j ?k ) ) ( true ( quad ?p ?c ) ) ), ( <= ( next ( white ?p ?c ) ) ( does ?p ( mark ?j ?k ) ) ( true ( white ?p ?c ) ) ), ( <= ( next ( control x ) ) ( does o ( mark ?j ?k ) ) ( true ( control o ) ) ), ( <= ( next ( control o ) ) ( does x ( mark ?j ?k ) ) ( true ( control x ) ) ), ( <= ( next ( control ?p ) ) ( does ?p ( block ?j ?k ) ) ( true ( control ?p ) ) ), ( <= ( square ?x1 ?y1 ?x1 ?y2 ?x2 ?y1 ?x2 ?y2 ) ( ncol ?y1 ?y2 ) ( nrow ?x1 ?x2 ) ), ( <= ( square ?x1 ?y1 ?x1 ?y2 ?x2 ?y1 ?x2 ?y2 ) ( ncol ?y3 ?y2 ) ( nrow ?x3 ?x2 ) ( square ?x1 ?y1 ?x1 ?y3 ?x3 ?y1 ?x3 ?y3 ) ), ( <= ( square ?x1 ?y1 ?x2 ?y2 ?x3 ?y3 ?x4 ?y4 ) ( prow ?x2p ?x2 ) ( ncol ?y3n ?y3 ) ( prow ?x4p ?x4 ) ( ncol ?y4n ?y4 ) ( square ?x1 ?y1 ?x2p ?y2 ?x3 ?y3n ?x4p ?y4n ) ), ( <= win ( true ( cell ?x1 ?y1 x ) ) ( true ( cell ?x2 ?y2 x ) ) ( true ( cell ?x3 ?y3 x ) ) ( true ( cell ?x4 ?y4 x ) ) ( square ?x1 ?y1 ?x2 ?y2 ?x3 ?y3 ?x4 ?y4 ) ), ( <= lose ( true ( cell ?x1 ?y1 o ) ) ( true ( cell ?x2 ?y2 o ) ) ( true ( cell ?x3 ?y3 o ) ) ( true ( cell ?x4 ?y4 o ) ) ( square ?x1 ?y1 ?x2 ?y2 ?x3 ?y3 ?x4 ?y4 ) ), ( <= winByOpenQuad ( not lose ) ( not open ) ( true ( cell ?x1 ?y1 x ) ) ( true ( cell ?x2 ?y2 x ) ) ( true ( cell ?x3 ?y3 x ) ) ( true ( cell ?x4 ?y4 b ) ) ( square ?x1 ?y1 ?x2 ?y2 ?x3 ?y3 ?x4 ?y4 ) ), ( <= winByOpenQuad ( not lose ) ( not open ) ( true ( cell ?x1 ?y1 x ) ) ( true ( cell ?x2 ?y2 b ) ) ( true ( cell ?x3 ?y3 x ) ) ( true ( cell ?x4 ?y4 x ) ) ( square ?x1 ?y1 ?x2 ?y2 ?x3 ?y3 ?x4 ?y4 ) ), ( <= winByOpenQuad ( not lose ) ( not open ) ( true ( cell ?x1 ?y1 x ) ) ( true ( cell ?x2 ?y2 x ) ) ( true ( cell ?x3 ?y3 b ) ) ( true ( cell ?x4 ?y4 x ) ) ( square ?x1 ?y1 ?x2 ?y2 ?x3 ?y3 ?x4 ?y4 ) ), ( <= winByOpenQuad ( not lose ) ( not open ) ( true ( cell ?x1 ?y1 b ) ) ( true ( cell ?x2 ?y2 x ) ) ( true ( cell ?x3 ?y3 x ) ) ( true ( cell ?x4 ?y4 x ) ) ( square ?x1 ?y1 ?x2 ?y2 ?x3 ?y3 ?x4 ?y4 ) ), ( <= open ( true ( quad ?p ?c ) ) ( distinct ?c 0 ) ), ( <= ( more ?x 0 ) ( succ ?y ?x ) ), ( <= ( more ?x ?y ) ( succ ?x1 ?x ) ( succ ?y1 ?y ) ( more ?x1 ?y1 ) ), ( <= morewhite ( true ( white x ?a ) ) ( true ( white o ?b ) ) ( more ?a ?b ) ), ( <= lesswhite ( true ( white x ?a ) ) ( true ( white o ?b ) ) ( more ?b ?a ) ), ( <= equalwhite ( true ( white x ?a ) ) ( true ( white o ?a ) ) ), ( <= ( goal x 100 ) win ), ( <= ( goal x 95 ) ( not win ) winByOpenQuad ), ( <= ( goal x 90 ) ( not win ) ( not winByOpenQuad ) ( not lose ) ( not open ) morewhite ), ( <= ( goal x 50 ) ( not win ) ( not winByOpenQuad ) ( not lose ) ( not open ) equalwhite ), ( <= ( goal x 10 ) ( not win ) ( not winByOpenQuad ) ( not lose ) ( not open ) lesswhite ), ( <= ( goal x 0 ) lose ), ( <= ( goal o 100 ) lose ), ( <= ( goal o 90 ) ( not win ) ( not winByOpenQuad ) ( not lose ) ( not open ) lesswhite ), ( <= ( goal o 50 ) ( not win ) ( not winByOpenQuad ) ( not lose ) ( not open ) equalwhite ), ( <= ( goal o 10 ) ( not win ) ( not winByOpenQuad ) ( not lose ) ( not open ) morewhite ), ( <= ( goal o 5 ) ( not win ) winByOpenQuad ), ( <= ( goal o 0 ) win ), ( <= terminal win ), ( <= terminal lose ), ( <= terminal ( not open ) )]
LOG 1641840116610 [L3]: Start clock: 15
LOG 1641840116610 [L3]: Play clock: 10
LOG 1641840121602 [L0]: [Sent at 1641840121602] ready
LOG 1641840121603 [L0]: [Received at 1641840121603] ( PLAY 6.quad_7x7.1641840116143 NIL )
LOG 1641840121604 [L0]: [Sent at 1641840121604] ( mark r6 c3 )
LOG 1641840121607 [L0]: [Received at 1641840121607] ( PLAY 6.quad_7x7.1641840116143 (( mark r6 c3 ) noop ) )
LOG 1641840121610 [L0]: [Sent at 1641840121610] noop
LOG 1641840121612 [L0]: [Received at 1641840121612] ( PLAY 6.quad_7x7.1641840116143 (noop ( block r1 c4 ) ) )
LOG 1641840121622 [L0]: [Sent at 1641840121622] noop
LOG 1641840121624 [L0]: [Received at 1641840121624] ( PLAY 6.quad_7x7.1641840116143 (noop ( block r2 c3 ) ) )
LOG 1641840121630 [L0]: [Sent at 1641840121630] noop
LOG 1641840121632 [L0]: [Received at 1641840121632] ( PLAY 6.quad_7x7.1641840116143 (noop ( block r7 c2 ) ) )
LOG 1641840121634 [L0]: [Sent at 1641840121634] noop
LOG 1641840121643 [L0]: [Received at 1641840121643] ( PLAY 6.quad_7x7.1641840116143 (noop ( block r4 c2 ) ) )
LOG 1641840121644 [L0]: [Sent at 1641840121644] noop
LOG 1641840121646 [L0]: [Received at 1641840121646] ( PLAY 6.quad_7x7.1641840116143 (noop ( block r1 c3 ) ) )
LOG 1641840121648 [L0]: [Sent at 1641840121648] noop
LOG 1641840121651 [L0]: [Received at 1641840121651] ( PLAY 6.quad_7x7.1641840116143 (noop ( mark r6 c4 ) ) )
LOG 1641840121652 [L0]: [Sent at 1641840121652] ( block r7 c5 )
LOG 1641840121655 [L0]: [Received at 1641840121655] ( PLAY 6.quad_7x7.1641840116143 (( block r7 c5 ) noop ) )
LOG 1641840121656 [L0]: [Sent at 1641840121656] ( block r5 c6 )
LOG 1641840121658 [L0]: [Received at 1641840121658] ( PLAY 6.quad_7x7.1641840116143 (( block r5 c6 ) noop ) )
LOG 1641840121660 [L0]: [Sent at 1641840121660] ( mark r4 c1 )
LOG 1641840121693 [L0]: [Received at 1641840121693] ( PLAY 6.quad_7x7.1641840116143 (( mark r4 c1 ) noop ) )
LOG 1641840121694 [L0]: [Sent at 1641840121694] noop
LOG 1641840121698 [L0]: [Received at 1641840121698] ( PLAY 6.quad_7x7.1641840116143 (noop ( mark r3 c2 ) ) )
LOG 1641840121699 [L0]: [Sent at 1641840121699] ( mark r3 c7 )
LOG 1641840121706 [L0]: [Received at 1641840121706] ( PLAY 6.quad_7x7.1641840116143 (( mark r3 c7 ) noop ) )
LOG 1641840121708 [L0]: [Sent at 1641840121708] noop
LOG 1641840121714 [L0]: [Received at 1641840121714] ( PLAY 6.quad_7x7.1641840116143 (noop ( mark r2 c7 ) ) )
LOG 1641840121716 [L0]: [Sent at 1641840121716] ( mark r5 c4 )
LOG 1641840121726 [L0]: [Received at 1641840121726] ( PLAY 6.quad_7x7.1641840116143 (( mark r5 c4 ) noop ) )
LOG 1641840121727 [L0]: [Sent at 1641840121727] noop
LOG 1641840121741 [L0]: [Received at 1641840121741] ( PLAY 6.quad_7x7.1641840116143 (noop ( mark r2 c4 ) ) )
LOG 1641840121742 [L0]: [Sent at 1641840121742] ( block r4 c6 )
LOG 1641840121744 [L0]: [Received at 1641840121744] ( PLAY 6.quad_7x7.1641840116143 (( block r4 c6 ) noop ) )
LOG 1641840121746 [L0]: [Sent at 1641840121746] ( mark r1 c5 )
LOG 1641840121769 [L0]: [Received at 1641840121769] ( PLAY 6.quad_7x7.1641840116143 (( mark r1 c5 ) noop ) )
LOG 1641840121770 [L0]: [Sent at 1641840121770] noop
LOG 1641840121798 [L0]: [Received at 1641840121798] ( PLAY 6.quad_7x7.1641840116143 (noop ( mark r4 c5 ) ) )
LOG 1641840121800 [L0]: [Sent at 1641840121800] ( mark r3 c1 )
LOG 1641840121825 [L0]: [Received at 1641840121825] ( PLAY 6.quad_7x7.1641840116143 (( mark r3 c1 ) noop ) )
LOG 1641840121827 [L0]: [Sent at 1641840121827] noop
LOG 1641840121866 [L0]: [Received at 1641840121866] ( PLAY 6.quad_7x7.1641840116143 (noop ( mark r2 c2 ) ) )
LOG 1641840121868 [L0]: [Sent at 1641840121868] ( block r4 c3 )
LOG 1641840121873 [L0]: [Received at 1641840121873] ( PLAY 6.quad_7x7.1641840116143 (( block r4 c3 ) noop ) )
LOG 1641840121875 [L0]: [Sent at 1641840121875] ( block r6 c5 )
LOG 1641840121881 [L0]: [Received at 1641840121881] ( PLAY 6.quad_7x7.1641840116143 (( block r6 c5 ) noop ) )
LOG 1641840121882 [L0]: [Sent at 1641840121882] ( mark r3 c3 )
LOG 1641840121946 [L0]: [Received at 1641840121946] ( PLAY 6.quad_7x7.1641840116143 (( mark r3 c3 ) noop ) )
LOG 1641840121947 [L0]: [Sent at 1641840121947] noop
LOG 1641840122026 [L0]: [Received at 1641840122026] ( PLAY 6.quad_7x7.1641840116143 (noop ( mark r4 c7 ) ) )
LOG 1641840122028 [L0]: [Sent at 1641840122028] ( mark r5 c1 )
LOG 1641840122135 [L0]: [Received at 1641840122135] ( PLAY 6.quad_7x7.1641840116143 (( mark r5 c1 ) noop ) )
LOG 1641840122136 [L0]: [Sent at 1641840122136] noop
LOG 1641840122236 [L0]: [Received at 1641840122236] ( PLAY 6.quad_7x7.1641840116143 (noop ( mark r6 c7 ) ) )
LOG 1641840122237 [L0]: [Sent at 1641840122237] ( mark r7 c3 )
LOG 1641840122319 [L0]: [Received at 1641840122319] ( PLAY 6.quad_7x7.1641840116143 (( mark r7 c3 ) noop ) )
LOG 1641840122320 [L0]: [Sent at 1641840122320] noop
LOG 1641840122503 [L0]: [Received at 1641840122503] ( PLAY 6.quad_7x7.1641840116143 (noop ( mark r3 c4 ) ) )
LOG 1641840122505 [L0]: [Sent at 1641840122505] ( mark r5 c2 )
LOG 1641840122642 [L0]: [Received at 1641840122642] ( PLAY 6.quad_7x7.1641840116143 (( mark r5 c2 ) noop ) )
LOG 1641840122644 [L0]: [Sent at 1641840122644] noop
LOG 1641840122825 [L0]: [Received at 1641840122825] ( PLAY 6.quad_7x7.1641840116143 (noop ( mark r6 c2 ) ) )
LOG 1641840122826 [L0]: [Sent at 1641840122826] ( mark r6 c1 )
LOG 1641840122974 [L0]: [Received at 1641840122974] ( PLAY 6.quad_7x7.1641840116143 (( mark r6 c1 ) noop ) )
LOG 1641840122976 [L0]: [Sent at 1641840122976] noop
LOG 1641840123238 [L0]: [Received at 1641840123238] ( PLAY 6.quad_7x7.1641840116143 (noop ( mark r1 c2 ) ) )
LOG 1641840123239 [L0]: [Sent at 1641840123239] ( mark r7 c4 )
LOG 1641840123498 [L0]: [Received at 1641840123498] ( PLAY 6.quad_7x7.1641840116143 (( mark r7 c4 ) noop ) )
LOG 1641840123500 [L0]: [Sent at 1641840123500] noop
LOG 1641840132470 [L0]: [Received at 1641840132470] ( STOP 6.quad_7x7.1641840116143 (noop ( mark r1 c6 ) ) )
LOG 1641840132471 [L3]: Stopped logging to files at: Mon Jan 10 19:42:12 CET 2022
LOG 1641840132472 [L3]: LOG SEALED
