LOG 1641835353615 [L3]: Started match logging at: Mon Jan 10 18:22:33 CET 2022
LOG 1641835353623 [L3]: Game rules: [( role white ), ( role black ), ( <= ( base ( cell ?x ?y ?p ) ) ( index ?x ) ( index ?y ) ( role ?p ) ), ( <= ( base ( control ?p ) ) ( role ?p ) ), ( <= ( input ?p noop ) ( role ?p ) ), ( <= ( input ?p ( move ?x1 ?y1 ?x2 ?y2 ) ) ( role ?p ) ( index ?x1 ) ( index ?x2 ) ( index ?y1 ) ( index ?y2 ) ), ( init ( cell 1 1 white ) ), ( init ( cell 2 1 white ) ), ( init ( cell 3 1 white ) ), ( init ( cell 4 1 white ) ), ( init ( cell 5 1 white ) ), ( init ( cell 6 1 white ) ), ( init ( cell 7 1 white ) ), ( init ( cell 8 1 white ) ), ( init ( cell 1 2 white ) ), ( init ( cell 2 2 white ) ), ( init ( cell 3 2 white ) ), ( init ( cell 4 2 white ) ), ( init ( cell 5 2 white ) ), ( init ( cell 6 2 white ) ), ( init ( cell 7 2 white ) ), ( init ( cell 8 2 white ) ), ( init ( cell 1 7 black ) ), ( init ( cell 2 7 black ) ), ( init ( cell 3 7 black ) ), ( init ( cell 4 7 black ) ), ( init ( cell 5 7 black ) ), ( init ( cell 6 7 black ) ), ( init ( cell 7 7 black ) ), ( init ( cell 8 7 black ) ), ( init ( cell 1 8 black ) ), ( init ( cell 2 8 black ) ), ( init ( cell 3 8 black ) ), ( init ( cell 4 8 black ) ), ( init ( cell 5 8 black ) ), ( init ( cell 6 8 black ) ), ( init ( cell 7 8 black ) ), ( init ( cell 8 8 black ) ), ( init ( control white ) ), ( <= ( legal white noop ) ( true ( control black ) ) ), ( <= ( legal black noop ) ( true ( control white ) ) ), ( <= ( legal white ( move ?x1 ?y1 ?x2 ?y2 ) ) ( true ( control white ) ) ( true ( cell ?x1 ?y1 white ) ) ( whiteknightmove ?x1 ?y1 ?x2 ?y2 ) ( not ( true ( cell ?x2 ?y2 white ) ) ) ), ( <= ( legal black ( move ?x1 ?y1 ?x2 ?y2 ) ) ( true ( control black ) ) ( true ( cell ?x1 ?y1 black ) ) ( blackknightmove ?x1 ?y1 ?x2 ?y2 ) ( not ( true ( cell ?x2 ?y2 black ) ) ) ), ( <= ( next ( cell ?x ?y ?state ) ) ( true ( cell ?x ?y ?state ) ) ( does ?player ( move ?x1 ?y1 ?x2 ?y2 ) ) ( distinctcell ?x ?y ?x1 ?y1 ) ( distinctcell ?x ?y ?x2 ?y2 ) ), ( <= ( next ( cell ?x2 ?y2 ?player ) ) ( does ?player ( move ?x1 ?y1 ?x2 ?y2 ) ) ), ( <= ( next ( control black ) ) ( true ( control white ) ) ), ( <= ( next ( control white ) ) ( true ( control black ) ) ), ( <= terminal whitewin ), ( <= terminal blackwin ), ( <= ( goal white 100 ) whitewin ), ( <= ( goal white 0 ) blackwin ), ( <= ( goal black 100 ) blackwin ), ( <= ( goal black 0 ) whitewin ), ( <= whitewin ( index ?x ) ( true ( cell ?x 8 white ) ) ), ( <= blackwin ( index ?x ) ( true ( cell ?x 1 black ) ) ), ( <= whitewin ( not ( hasAnyPiece black ) ) ), ( <= blackwin ( not ( hasAnyPiece white ) ) ), ( <= ( hasAnyPiece ?player ) ( true ( cell ?x ?y ?player ) ) ), ( <= ( whiteknightmove ?x1 ?y1 ?x2 ?y2 ) ( plus 1 ?x1 ?x2 ) ( plus 2 ?y1 ?y2 ) ), ( <= ( whiteknightmove ?x1 ?y1 ?x2 ?y2 ) ( plus 1 ?x2 ?x1 ) ( plus 2 ?y1 ?y2 ) ), ( <= ( whiteknightmove ?x1 ?y1 ?x2 ?y2 ) ( plus 2 ?x1 ?x2 ) ( plus 1 ?y1 ?y2 ) ), ( <= ( whiteknightmove ?x1 ?y1 ?x2 ?y2 ) ( plus 2 ?x2 ?x1 ) ( plus 1 ?y1 ?y2 ) ), ( <= ( blackknightmove ?x1 ?y1 ?x2 ?y2 ) ( plus 1 ?x1 ?x2 ) ( plus 2 ?y2 ?y1 ) ), ( <= ( blackknightmove ?x1 ?y1 ?x2 ?y2 ) ( plus 1 ?x2 ?x1 ) ( plus 2 ?y2 ?y1 ) ), ( <= ( blackknightmove ?x1 ?y1 ?x2 ?y2 ) ( plus 2 ?x1 ?x2 ) ( plus 1 ?y2 ?y1 ) ), ( <= ( blackknightmove ?x1 ?y1 ?x2 ?y2 ) ( plus 2 ?x2 ?x1 ) ( plus 1 ?y2 ?y1 ) ), ( <= ( cell ?x ?y ) ( index ?x ) ( index ?y ) ), ( <= ( distinctcell ?x1 ?y1 ?x2 ?y2 ) ( cell ?x1 ?y1 ) ( cell ?x2 ?y2 ) ( distinct ?x1 ?x2 ) ), ( <= ( distinctcell ?x1 ?y1 ?x2 ?y2 ) ( cell ?x1 ?y1 ) ( cell ?x2 ?y2 ) ( distinct ?y1 ?y2 ) ), ( index 1 ), ( index 2 ), ( index 3 ), ( index 4 ), ( index 5 ), ( index 6 ), ( index 7 ), ( index 8 ), ( plus 1 1 2 ), ( plus 1 2 3 ), ( plus 1 3 4 ), ( plus 1 4 5 ), ( plus 1 5 6 ), ( plus 1 6 7 ), ( plus 1 7 8 ), ( plus 2 1 3 ), ( plus 2 2 4 ), ( plus 2 3 5 ), ( plus 2 4 6 ), ( plus 2 5 7 ), ( plus 2 6 8 )]
LOG 1641835353623 [L3]: Start clock: 15
LOG 1641835353624 [L3]: Play clock: 10
LOG 1641835358616 [L0]: [Sent at 1641835358616] ready
LOG 1641835358617 [L0]: [Received at 1641835358617] ( PLAY 16.knightThrough.1641835352086 NIL )
LOG 1641835358618 [L0]: [Sent at 1641835358618] ( move 4 2 6 3 )
LOG 1641835358621 [L0]: [Received at 1641835358621] ( PLAY 16.knightThrough.1641835352086 (( move 4 2 6 3 ) noop ) )
LOG 1641835358625 [L0]: [Sent at 1641835358625] noop
LOG 1641835358628 [L0]: [Received at 1641835358628] ( PLAY 16.knightThrough.1641835352086 (noop ( move 5 7 7 6 ) ) )
LOG 1641835358638 [L0]: [Sent at 1641835358638] ( move 2 1 3 3 )
LOG 1641835358640 [L0]: [Received at 1641835358640] ( PLAY 16.knightThrough.1641835352086 (( move 2 1 3 3 ) noop ) )
LOG 1641835358646 [L0]: [Sent at 1641835358646] noop
LOG 1641835358648 [L0]: [Received at 1641835358648] ( PLAY 16.knightThrough.1641835352086 (noop ( move 1 7 2 5 ) ) )
LOG 1641835358650 [L0]: [Sent at 1641835358650] ( move 6 2 5 4 )
LOG 1641835358653 [L0]: [Received at 1641835358653] ( PLAY 16.knightThrough.1641835352086 (( move 6 2 5 4 ) noop ) )
LOG 1641835358654 [L0]: [Sent at 1641835358654] noop
LOG 1641835358656 [L0]: [Received at 1641835358656] ( PLAY 16.knightThrough.1641835352086 (noop ( move 7 6 5 5 ) ) )
LOG 1641835358658 [L0]: [Sent at 1641835358658] ( move 7 2 8 4 )
LOG 1641835358660 [L0]: [Received at 1641835358660] ( PLAY 16.knightThrough.1641835352086 (( move 7 2 8 4 ) noop ) )
LOG 1641835358661 [L0]: [Sent at 1641835358661] noop
LOG 1641835358663 [L0]: [Received at 1641835358663] ( PLAY 16.knightThrough.1641835352086 (noop ( move 2 5 3 3 ) ) )
LOG 1641835358664 [L0]: [Sent at 1641835358664] ( move 2 2 3 4 )
LOG 1641835358667 [L0]: [Received at 1641835358667] ( PLAY 16.knightThrough.1641835352086 (( move 2 2 3 4 ) noop ) )
LOG 1641835358668 [L0]: [Sent at 1641835358668] noop
LOG 1641835358670 [L0]: [Received at 1641835358670] ( PLAY 16.knightThrough.1641835352086 (noop ( move 3 7 4 5 ) ) )
LOG 1641835358672 [L0]: [Sent at 1641835358672] ( move 3 2 2 4 )
LOG 1641835358674 [L0]: [Received at 1641835358674] ( PLAY 16.knightThrough.1641835352086 (( move 3 2 2 4 ) noop ) )
LOG 1641835358676 [L0]: [Sent at 1641835358676] noop
LOG 1641835358678 [L0]: [Received at 1641835358678] ( PLAY 16.knightThrough.1641835352086 (noop ( move 4 8 5 6 ) ) )
LOG 1641835358679 [L0]: [Sent at 1641835358679] ( move 5 2 7 3 )
LOG 1641835358682 [L0]: [Received at 1641835358682] ( PLAY 16.knightThrough.1641835352086 (( move 5 2 7 3 ) noop ) )
LOG 1641835358683 [L0]: [Sent at 1641835358683] noop
LOG 1641835358685 [L0]: [Received at 1641835358685] ( PLAY 16.knightThrough.1641835352086 (noop ( move 5 6 7 5 ) ) )
LOG 1641835358687 [L0]: [Sent at 1641835358687] ( move 3 4 1 5 )
LOG 1641835358689 [L0]: [Received at 1641835358689] ( PLAY 16.knightThrough.1641835352086 (( move 3 4 1 5 ) noop ) )
LOG 1641835358691 [L0]: [Sent at 1641835358691] noop
LOG 1641835358694 [L0]: [Received at 1641835358694] ( PLAY 16.knightThrough.1641835352086 (noop ( move 6 8 7 6 ) ) )
LOG 1641835358695 [L0]: [Sent at 1641835358695] ( move 7 1 8 3 )
LOG 1641835358698 [L0]: [Received at 1641835358698] ( PLAY 16.knightThrough.1641835352086 (( move 7 1 8 3 ) noop ) )
LOG 1641835358700 [L0]: [Sent at 1641835358700] noop
LOG 1641835358702 [L0]: [Received at 1641835358702] ( PLAY 16.knightThrough.1641835352086 (noop ( move 3 8 2 6 ) ) )
LOG 1641835358703 [L0]: [Sent at 1641835358703] ( move 6 3 4 4 )
LOG 1641835358705 [L0]: [Received at 1641835358705] ( PLAY 16.knightThrough.1641835352086 (( move 6 3 4 4 ) noop ) )
LOG 1641835358707 [L0]: [Sent at 1641835358707] noop
LOG 1641835358709 [L0]: [Received at 1641835358709] ( PLAY 16.knightThrough.1641835352086 (noop ( move 2 7 3 5 ) ) )
LOG 1641835358710 [L0]: [Sent at 1641835358710] ( move 7 3 6 5 )
LOG 1641835358713 [L0]: [Received at 1641835358713] ( PLAY 16.knightThrough.1641835352086 (( move 7 3 6 5 ) noop ) )
LOG 1641835358714 [L0]: [Sent at 1641835358714] noop
LOG 1641835358717 [L0]: [Received at 1641835358717] ( PLAY 16.knightThrough.1641835352086 (noop ( move 4 7 6 6 ) ) )
LOG 1641835358718 [L0]: [Sent at 1641835358718] ( move 5 4 4 6 )
LOG 1641835358720 [L0]: [Received at 1641835358720] ( PLAY 16.knightThrough.1641835352086 (( move 5 4 4 6 ) noop ) )
LOG 1641835358721 [L0]: [Sent at 1641835358721] noop
LOG 1641835358723 [L0]: [Received at 1641835358723] ( PLAY 16.knightThrough.1641835352086 (noop ( move 7 5 8 3 ) ) )
LOG 1641835358725 [L0]: [Sent at 1641835358725] ( move 2 4 1 6 )
LOG 1641835358727 [L0]: [Received at 1641835358727] ( PLAY 16.knightThrough.1641835352086 (( move 2 4 1 6 ) noop ) )
LOG 1641835358728 [L0]: [Sent at 1641835358728] noop
LOG 1641835358731 [L0]: [Received at 1641835358731] ( PLAY 16.knightThrough.1641835352086 (noop ( move 1 8 3 7 ) ) )
LOG 1641835358732 [L0]: [Sent at 1641835358732] ( move 1 1 3 2 )
LOG 1641835358734 [L0]: [Received at 1641835358734] ( PLAY 16.knightThrough.1641835352086 (( move 1 1 3 2 ) noop ) )
LOG 1641835358735 [L0]: [Sent at 1641835358735] noop
LOG 1641835358737 [L0]: [Received at 1641835358737] ( PLAY 16.knightThrough.1641835352086 (noop ( move 4 5 5 3 ) ) )
LOG 1641835358739 [L0]: [Sent at 1641835358739] ( move 3 2 5 3 )
LOG 1641835358741 [L0]: [Received at 1641835358741] ( PLAY 16.knightThrough.1641835352086 (( move 3 2 5 3 ) noop ) )
LOG 1641835358742 [L0]: [Sent at 1641835358742] noop
LOG 1641835358744 [L0]: [Received at 1641835358744] ( PLAY 16.knightThrough.1641835352086 (noop ( move 5 5 6 3 ) ) )
LOG 1641835358745 [L0]: [Sent at 1641835358745] ( move 8 1 6 2 )
LOG 1641835358748 [L0]: [Received at 1641835358748] ( PLAY 16.knightThrough.1641835352086 (( move 8 1 6 2 ) noop ) )
LOG 1641835358749 [L0]: [Sent at 1641835358749] noop
LOG 1641835358751 [L0]: [Received at 1641835358751] ( PLAY 16.knightThrough.1641835352086 (noop ( move 8 7 7 5 ) ) )
LOG 1641835358753 [L0]: [Sent at 1641835358753] ( move 3 1 5 2 )
LOG 1641835358761 [L0]: [Received at 1641835358761] ( PLAY 16.knightThrough.1641835352086 (( move 3 1 5 2 ) noop ) )
LOG 1641835358762 [L0]: [Sent at 1641835358762] noop
LOG 1641835358765 [L0]: [Received at 1641835358765] ( PLAY 16.knightThrough.1641835352086 (noop ( move 2 8 3 6 ) ) )
LOG 1641835358766 [L0]: [Sent at 1641835358766] ( move 5 1 7 2 )
LOG 1641835358768 [L0]: [Received at 1641835358768] ( PLAY 16.knightThrough.1641835352086 (( move 5 1 7 2 ) noop ) )
LOG 1641835358769 [L0]: [Sent at 1641835358769] noop
LOG 1641835358771 [L0]: [Received at 1641835358771] ( PLAY 16.knightThrough.1641835352086 (noop ( move 8 3 6 2 ) ) )
LOG 1641835358773 [L0]: [Sent at 1641835358773] ( move 8 4 7 6 )
LOG 1641835358775 [L0]: [Received at 1641835358775] ( PLAY 16.knightThrough.1641835352086 (( move 8 4 7 6 ) noop ) )
LOG 1641835358776 [L0]: [Sent at 1641835358776] noop
LOG 1641835358778 [L0]: [Received at 1641835358778] ( PLAY 16.knightThrough.1641835352086 (noop ( move 3 7 5 6 ) ) )
LOG 1641835358779 [L0]: [Sent at 1641835358779] ( move 7 2 8 4 )
LOG 1641835358781 [L0]: [Received at 1641835358781] ( PLAY 16.knightThrough.1641835352086 (( move 7 2 8 4 ) noop ) )
LOG 1641835358782 [L0]: [Sent at 1641835358782] noop
LOG 1641835358785 [L0]: [Received at 1641835358785] ( PLAY 16.knightThrough.1641835352086 (noop ( move 7 8 8 6 ) ) )
LOG 1641835358786 [L0]: [Sent at 1641835358786] ( move 4 4 2 5 )
LOG 1641835358789 [L0]: [Received at 1641835358789] ( PLAY 16.knightThrough.1641835352086 (( move 4 4 2 5 ) noop ) )
LOG 1641835358790 [L0]: [Sent at 1641835358790] noop
LOG 1641835358792 [L0]: [Received at 1641835358792] ( PLAY 16.knightThrough.1641835352086 (noop ( move 6 6 5 4 ) ) )
LOG 1641835358794 [L0]: [Sent at 1641835358794] ( move 5 3 7 4 )
LOG 1641835358796 [L0]: [Received at 1641835358796] ( PLAY 16.knightThrough.1641835352086 (( move 5 3 7 4 ) noop ) )
LOG 1641835358797 [L0]: [Sent at 1641835358797] noop
LOG 1641835358799 [L0]: [Received at 1641835358799] ( PLAY 16.knightThrough.1641835352086 (noop ( move 7 5 8 3 ) ) )
LOG 1641835358800 [L0]: [Sent at 1641835358800] ( move 5 2 6 4 )
LOG 1641835358802 [L0]: [Received at 1641835358802] ( PLAY 16.knightThrough.1641835352086 (( move 5 2 6 4 ) noop ) )
LOG 1641835358804 [L0]: [Sent at 1641835358804] noop
LOG 1641835358805 [L0]: [Received at 1641835358805] ( STOP 16.knightThrough.1641835352086 (noop ( move 8 3 7 1 ) ) )
LOG 1641835358806 [L3]: Stopped logging to files at: Mon Jan 10 18:22:38 CET 2022
LOG 1641835358806 [L3]: LOG SEALED
