LOG 1641834270201 [L3]: Returning initial state machine.
LOG 1641834270201 [L3]: Returning PropNet state machine without cache.
LOG 1641834270202 [L3]: Starting metagame with available thinking time 4990ms.
LOG 1641834270204 [L3]: Starting search during metagame.
LOG 1641834275192 [L3]: Done searching during metagame.
LOG 1641834275195 [L3]: Starting move selection for game step 1 with available time 0ms.
LOG 1641834275195 [L3]: No time to select next move using MCTS. Returning random move ( move 2 2 2 3 ).
LOG 1641834275199 [L3]: Starting move selection for game step 2 with available time 0ms.
LOG 1641834275200 [L3]: No time to select next move using MCTS. Returning random move noop.
LOG 1641834275204 [L3]: Starting move selection for game step 3 with available time 0ms.
LOG 1641834275212 [L3]: No time to select next move using MCTS. Returning random move ( move 3 2 4 3 ).
LOG 1641834275217 [L3]: Starting move selection for game step 4 with available time 0ms.
LOG 1641834275218 [L3]: No time to select next move using MCTS. Returning random move noop.
LOG 1641834275225 [L3]: Starting move selection for game step 5 with available time 0ms.
LOG 1641834275225 [L3]: No time to select next move using MCTS. Returning random move ( move 2 3 2 4 ).
LOG 1641834275229 [L3]: Starting move selection for game step 6 with available time 0ms.
LOG 1641834275229 [L3]: No time to select next move using MCTS. Returning random move noop.
LOG 1641834275234 [L3]: Starting move selection for game step 7 with available time 0ms.
LOG 1641834275234 [L3]: No time to select next move using MCTS. Returning random move ( move 7 2 7 3 ).
LOG 1641834275239 [L3]: Starting move selection for game step 8 with available time 0ms.
LOG 1641834275240 [L3]: No time to select next move using MCTS. Returning random move noop.
LOG 1641834275244 [L3]: Starting move selection for game step 9 with available time 0ms.
LOG 1641834275244 [L3]: No time to select next move using MCTS. Returning random move ( move 7 3 8 4 ).
LOG 1641834275248 [L3]: Starting move selection for game step 10 with available time 0ms.
LOG 1641834275248 [L3]: No time to select next move using MCTS. Returning random move noop.
LOG 1641834275252 [L3]: Starting move selection for game step 11 with available time 0ms.
LOG 1641834275252 [L3]: No time to select next move using MCTS. Returning random move ( move 4 3 5 4 ).
LOG 1641834275257 [L3]: Starting move selection for game step 12 with available time 0ms.
LOG 1641834275257 [L3]: No time to select next move using MCTS. Returning random move noop.
LOG 1641834275262 [L3]: Starting move selection for game step 13 with available time 0ms.
LOG 1641834275262 [L3]: No time to select next move using MCTS. Returning random move ( move 8 4 7 5 ).
LOG 1641834275268 [L3]: Starting move selection for game step 14 with available time 0ms.
LOG 1641834275268 [L3]: No time to select next move using MCTS. Returning random move noop.
LOG 1641834275272 [L3]: Starting move selection for game step 15 with available time 0ms.
LOG 1641834275272 [L3]: No time to select next move using MCTS. Returning random move ( move 5 4 4 5 ).
LOG 1641834275276 [L3]: Starting move selection for game step 16 with available time 0ms.
LOG 1641834275276 [L3]: No time to select next move using MCTS. Returning random move noop.
LOG 1641834275280 [L3]: Starting move selection for game step 17 with available time 0ms.
LOG 1641834275281 [L3]: No time to select next move using MCTS. Returning random move ( move 8 1 7 2 ).
LOG 1641834275285 [L3]: Starting move selection for game step 18 with available time 0ms.
LOG 1641834275285 [L3]: No time to select next move using MCTS. Returning random move noop.
LOG 1641834275289 [L3]: Starting move selection for game step 19 with available time 0ms.
LOG 1641834275289 [L3]: No time to select next move using MCTS. Returning random move ( move 2 1 3 2 ).
LOG 1641834275293 [L3]: Starting move selection for game step 20 with available time 0ms.
LOG 1641834275294 [L3]: No time to select next move using MCTS. Returning random move noop.
LOG 1641834275298 [L3]: Starting move selection for game step 21 with available time -1ms.
LOG 1641834275298 [L3]: No time to select next move using MCTS. Returning random move ( move 7 5 7 6 ).
LOG 1641834275302 [L3]: Starting move selection for game step 22 with available time 0ms.
LOG 1641834275302 [L3]: No time to select next move using MCTS. Returning random move noop.
LOG 1641834275307 [L3]: Starting move selection for game step 23 with available time 0ms.
LOG 1641834275308 [L3]: No time to select next move using MCTS. Returning random move ( move 7 2 8 3 ).
LOG 1641834275313 [L3]: Starting move selection for game step 24 with available time 0ms.
LOG 1641834275313 [L3]: No time to select next move using MCTS. Returning random move noop.
LOG 1641834275319 [L3]: Starting move selection for game step 25 with available time 0ms.
LOG 1641834275319 [L3]: No time to select next move using MCTS. Returning random move ( move 4 2 5 3 ).
LOG 1641834275323 [L3]: Starting move selection for game step 26 with available time 0ms.
LOG 1641834275323 [L3]: No time to select next move using MCTS. Returning random move noop.
LOG 1641834275329 [L3]: Starting move selection for game step 27 with available time 0ms.
LOG 1641834275329 [L3]: No time to select next move using MCTS. Returning random move ( move 6 2 6 3 ).
LOG 1641834275333 [L3]: Starting move selection for game step 28 with available time 0ms.
LOG 1641834275333 [L3]: No time to select next move using MCTS. Returning random move noop.
LOG 1641834275339 [L3]: Starting move selection for game step 29 with available time 0ms.
LOG 1641834275339 [L3]: No time to select next move using MCTS. Returning random move ( move 7 1 7 2 ).
LOG 1641834275343 [L3]: Starting move selection for game step 30 with available time 0ms.
LOG 1641834275343 [L3]: No time to select next move using MCTS. Returning random move noop.
LOG 1641834275347 [L3]: Starting move selection for game step 31 with available time 0ms.
LOG 1641834275347 [L3]: No time to select next move using MCTS. Returning random move ( move 3 1 2 2 ).
LOG 1641834275350 [L3]: Starting move selection for game step 32 with available time 0ms.
LOG 1641834275351 [L3]: No time to select next move using MCTS. Returning random move noop.
LOG 1641834275354 [L3]: Starting move selection for game step 33 with available time 0ms.
LOG 1641834275355 [L3]: No time to select next move using MCTS. Returning random move ( move 3 2 3 3 ).
LOG 1641834275366 [L3]: Starting move selection for game step 34 with available time 0ms.
LOG 1641834275366 [L3]: No time to select next move using MCTS. Returning random move noop.
LOG 1641834275370 [L3]: Starting move selection for game step 35 with available time 0ms.
LOG 1641834275370 [L3]: No time to select next move using MCTS. Returning random move ( move 4 5 3 6 ).
LOG 1641834275373 [L3]: Starting move selection for game step 36 with available time 0ms.
LOG 1641834275374 [L3]: No time to select next move using MCTS. Returning random move noop.
LOG 1641834275377 [L3]: Starting move selection for game step 37 with available time 0ms.
LOG 1641834275377 [L3]: No time to select next move using MCTS. Returning random move ( move 6 1 6 2 ).
LOG 1641834275381 [L3]: Starting move selection for game step 38 with available time 0ms.
LOG 1641834275381 [L3]: No time to select next move using MCTS. Returning random move noop.
LOG 1641834275386 [L3]: Starting move selection for game step 39 with available time 0ms.
LOG 1641834275386 [L3]: No time to select next move using MCTS. Returning random move ( move 1 2 1 3 ).
LOG 1641834275390 [L3]: Starting move selection for game step 40 with available time 0ms.
LOG 1641834275391 [L3]: No time to select next move using MCTS. Returning random move noop.
LOG 1641834275394 [L3]: Starting move selection for game step 41 with available time 0ms.
LOG 1641834275394 [L3]: No time to select next move using MCTS. Returning random move ( move 2 4 3 5 ).
LOG 1641834275398 [L3]: Starting move selection for game step 42 with available time 0ms.
LOG 1641834275398 [L3]: No time to select next move using MCTS. Returning random move noop.
LOG 1641834275402 [L3]: Starting move selection for game step 43 with available time 0ms.
LOG 1641834275402 [L3]: No time to select next move using MCTS. Returning random move ( move 5 1 4 2 ).
LOG 1641834275406 [L3]: Starting move selection for game step 44 with available time 0ms.
LOG 1641834275406 [L3]: No time to select next move using MCTS. Returning random move noop.
LOG 1641834275410 [L3]: Starting move selection for game step 45 with available time 0ms.
LOG 1641834275410 [L3]: No time to select next move using MCTS. Returning random move ( move 8 2 7 3 ).
LOG 1641834275414 [L3]: Starting move selection for game step 46 with available time 0ms.
LOG 1641834275414 [L3]: No time to select next move using MCTS. Returning random move noop.
LOG 1641834275417 [L3]: Starting move selection for game step 47 with available time 0ms.
LOG 1641834275417 [L3]: No time to select next move using MCTS. Returning random move ( move 7 3 6 4 ).
LOG 1641834275421 [L3]: Starting move selection for game step 48 with available time 0ms.
LOG 1641834275421 [L3]: No time to select next move using MCTS. Returning random move noop.
LOG 1641834275425 [L3]: Starting move selection for game step 49 with available time 0ms.
LOG 1641834275425 [L3]: No time to select next move using MCTS. Returning random move ( move 5 3 5 4 ).
LOG 1641834275430 [L3]: Starting move selection for game step 50 with available time 0ms.
LOG 1641834275430 [L3]: No time to select next move using MCTS. Returning random move noop.
LOG 1641834275434 [L3]: Starting move selection for game step 51 with available time 0ms.
LOG 1641834275434 [L3]: No time to select next move using MCTS. Returning random move ( move 8 3 7 4 ).
LOG 1641834275438 [L3]: Starting move selection for game step 52 with available time 0ms.
LOG 1641834275438 [L3]: No time to select next move using MCTS. Returning random move noop.
LOG 1641834275441 [L3]: Starting move selection for game step 53 with available time 0ms.
LOG 1641834275441 [L3]: No time to select next move using MCTS. Returning random move ( move 3 3 4 4 ).
LOG 1641834275445 [L3]: Starting move selection for game step 54 with available time 0ms.
LOG 1641834275445 [L3]: No time to select next move using MCTS. Returning random move noop.
LOG 1641834275448 [L3]: Starting move selection for game step 55 with available time 0ms.
LOG 1641834275449 [L3]: No time to select next move using MCTS. Returning random move ( move 5 4 4 5 ).
LOG 1641834275453 [L3]: Starting move selection for game step 56 with available time 0ms.
LOG 1641834275453 [L3]: No time to select next move using MCTS. Returning random move noop.
LOG 1641834275456 [L3]: Starting move selection for game step 57 with available time 0ms.
LOG 1641834275456 [L3]: No time to select next move using MCTS. Returning random move ( move 6 3 5 4 ).
LOG 1641834275461 [L3]: Starting move selection for game step 58 with available time 0ms.
LOG 1641834275461 [L3]: No time to select next move using MCTS. Returning random move noop.
LOG 1641834275465 [L3]: Starting move selection for game step 59 with available time 0ms.
LOG 1641834275465 [L3]: No time to select next move using MCTS. Returning random move ( move 2 2 2 3 ).
LOG 1641834275470 [L3]: Starting move selection for game step 60 with available time 0ms.
LOG 1641834275470 [L3]: No time to select next move using MCTS. Returning random move noop.
LOG 1641834275473 [L3]: Starting move selection for game step 61 with available time 0ms.
LOG 1641834275474 [L3]: No time to select next move using MCTS. Returning random move ( move 7 2 7 3 ).
LOG 1641834275477 [L3]: Starting move selection for game step 62 with available time 0ms.
LOG 1641834275477 [L3]: No time to select next move using MCTS. Returning random move noop.
LOG 1641834275481 [L3]: Starting move selection for game step 63 with available time 0ms.
LOG 1641834275482 [L3]: No time to select next move using MCTS. Returning random move ( move 2 3 1 4 ).
LOG 1641834275485 [L3]: Starting move selection for game step 64 with available time 0ms.
LOG 1641834275485 [L3]: No time to select next move using MCTS. Returning random move noop.
LOG 1641834275489 [L3]: Starting move selection for game step 65 with available time 0ms.
LOG 1641834275489 [L3]: No time to select next move using MCTS. Returning random move ( move 6 4 5 5 ).
LOG 1641834275493 [L3]: Starting move selection for game step 66 with available time 0ms.
LOG 1641834275494 [L3]: No time to select next move using MCTS. Returning random move noop.
LOG 1641834275497 [L3]: Starting move selection for game step 67 with available time 0ms.
LOG 1641834275497 [L3]: No time to select next move using MCTS. Returning random move ( move 6 2 6 3 ).
LOG 1641834275502 [L3]: Starting move selection for game step 68 with available time 0ms.
LOG 1641834275502 [L3]: No time to select next move using MCTS. Returning random move noop.
LOG 1641834275506 [L3]: Starting move selection for game step 69 with available time 0ms.
LOG 1641834275507 [L3]: No time to select next move using MCTS. Returning random move ( move 3 5 2 6 ).
LOG 1641834275510 [L3]: Starting move selection for game step 70 with available time 0ms.
LOG 1641834275510 [L3]: No time to select next move using MCTS. Returning random move noop.
LOG 1641834275514 [L3]: Starting move selection for game step 71 with available time 0ms.
LOG 1641834275515 [L3]: No time to select next move using MCTS. Returning random move ( move 4 5 5 6 ).
LOG 1641834275518 [L3]: Starting move selection for game step 72 with available time 0ms.
LOG 1641834275518 [L3]: No time to select next move using MCTS. Returning random move noop.
LOG 1641834275521 [L3]: Starting move selection for game step 73 with available time 0ms.
LOG 1641834275521 [L3]: No time to select next move using MCTS. Returning random move ( move 5 5 6 6 ).
LOG 1641834275525 [L3]: Starting move selection for game step 74 with available time 0ms.
LOG 1641834275525 [L3]: No time to select next move using MCTS. Returning random move noop.
LOG 1641834275528 [L3]: Starting move selection for game step 75 with available time 0ms.
LOG 1641834275528 [L3]: No time to select next move using MCTS. Returning random move ( move 5 6 4 7 ).
LOG 1641834275532 [L3]: Starting move selection for game step 76 with available time 0ms.
LOG 1641834275532 [L3]: No time to select next move using MCTS. Returning random move noop.
LOG 1641834275536 [L3]: Starting move selection for game step 77 with available time 0ms.
LOG 1641834275536 [L3]: No time to select next move using MCTS. Returning random move ( move 7 3 8 4 ).
LOG 1641834275539 [L3]: Starting move selection for game step 78 with available time 0ms.
LOG 1641834275540 [L3]: No time to select next move using MCTS. Returning random move noop.
LOG 1641834275543 [L3]: Starting move selection for game step 79 with available time -1ms.
LOG 1641834275543 [L3]: No time to select next move using MCTS. Returning random move ( move 2 6 2 7 ).
LOG 1641834275546 [L3]: Starting move selection for game step 80 with available time 0ms.
LOG 1641834275546 [L3]: No time to select next move using MCTS. Returning random move noop.
LOG 1641834275551 [L3]: Starting move selection for game step 81 with available time 0ms.
LOG 1641834275551 [L3]: No time to select next move using MCTS. Returning random move ( move 4 7 4 8 ).
