LOG 1641834297586 [L3]: Returning initial state machine.
LOG 1641834297586 [L3]: Returning PropNet state machine without cache.
LOG 1641834297587 [L3]: Starting metagame with available thinking time 4990ms.
LOG 1641834297588 [L3]: Starting search during metagame.
LOG 1641834302577 [L3]: Done searching during metagame.
LOG 1641834302580 [L3]: Starting move selection for game step 1 with available time 0ms.
LOG 1641834302580 [L3]: No time to select next move using MCTS. Returning random move ( move 4 2 3 3 ).
LOG 1641834302584 [L3]: Starting move selection for game step 2 with available time 0ms.
LOG 1641834302585 [L3]: No time to select next move using MCTS. Returning random move noop.
LOG 1641834302589 [L3]: Starting move selection for game step 3 with available time 0ms.
LOG 1641834302596 [L3]: No time to select next move using MCTS. Returning random move ( move 5 2 6 3 ).
LOG 1641834302601 [L3]: Starting move selection for game step 4 with available time 0ms.
LOG 1641834302602 [L3]: No time to select next move using MCTS. Returning random move noop.
LOG 1641834302607 [L3]: Starting move selection for game step 5 with available time 0ms.
LOG 1641834302607 [L3]: No time to select next move using MCTS. Returning random move ( move 1 2 2 3 ).
LOG 1641834302611 [L3]: Starting move selection for game step 6 with available time 0ms.
LOG 1641834302611 [L3]: No time to select next move using MCTS. Returning random move noop.
LOG 1641834302615 [L3]: Starting move selection for game step 7 with available time 0ms.
LOG 1641834302616 [L3]: No time to select next move using MCTS. Returning random move ( move 5 1 4 2 ).
LOG 1641834302620 [L3]: Starting move selection for game step 8 with available time -1ms.
LOG 1641834302620 [L3]: No time to select next move using MCTS. Returning random move noop.
LOG 1641834302623 [L3]: Starting move selection for game step 9 with available time 0ms.
LOG 1641834302624 [L3]: No time to select next move using MCTS. Returning random move ( move 6 2 7 3 ).
LOG 1641834302628 [L3]: Starting move selection for game step 10 with available time 0ms.
LOG 1641834302628 [L3]: No time to select next move using MCTS. Returning random move noop.
LOG 1641834302632 [L3]: Starting move selection for game step 11 with available time 0ms.
LOG 1641834302632 [L3]: No time to select next move using MCTS. Returning random move ( move 3 3 2 4 ).
LOG 1641834302636 [L3]: Starting move selection for game step 12 with available time 0ms.
LOG 1641834302636 [L3]: No time to select next move using MCTS. Returning random move noop.
LOG 1641834302640 [L3]: Starting move selection for game step 13 with available time 0ms.
LOG 1641834302640 [L3]: No time to select next move using MCTS. Returning random move ( move 7 1 6 2 ).
LOG 1641834302644 [L3]: Starting move selection for game step 14 with available time 0ms.
LOG 1641834302644 [L3]: No time to select next move using MCTS. Returning random move noop.
LOG 1641834302649 [L3]: Starting move selection for game step 15 with available time 0ms.
LOG 1641834302649 [L3]: No time to select next move using MCTS. Returning random move ( move 6 2 5 3 ).
LOG 1641834302653 [L3]: Starting move selection for game step 16 with available time 0ms.
LOG 1641834302653 [L3]: No time to select next move using MCTS. Returning random move noop.
LOG 1641834302657 [L3]: Starting move selection for game step 17 with available time 0ms.
LOG 1641834302657 [L3]: No time to select next move using MCTS. Returning random move ( move 2 3 3 4 ).
LOG 1641834302661 [L3]: Starting move selection for game step 18 with available time 0ms.
LOG 1641834302661 [L3]: No time to select next move using MCTS. Returning random move noop.
LOG 1641834302666 [L3]: Starting move selection for game step 19 with available time 0ms.
LOG 1641834302666 [L3]: No time to select next move using MCTS. Returning random move ( move 6 1 5 2 ).
LOG 1641834302670 [L3]: Starting move selection for game step 20 with available time 0ms.
LOG 1641834302670 [L3]: No time to select next move using MCTS. Returning random move noop.
LOG 1641834302674 [L3]: Starting move selection for game step 21 with available time 0ms.
LOG 1641834302674 [L3]: No time to select next move using MCTS. Returning random move ( move 7 3 6 4 ).
LOG 1641834302680 [L3]: Starting move selection for game step 22 with available time 0ms.
LOG 1641834302681 [L3]: No time to select next move using MCTS. Returning random move noop.
LOG 1641834302684 [L3]: Starting move selection for game step 23 with available time 0ms.
LOG 1641834302685 [L3]: No time to select next move using MCTS. Returning random move ( move 2 2 3 3 ).
LOG 1641834302689 [L3]: Starting move selection for game step 24 with available time 0ms.
LOG 1641834302689 [L3]: No time to select next move using MCTS. Returning random move noop.
LOG 1641834302700 [L3]: Starting move selection for game step 25 with available time -1ms.
LOG 1641834302700 [L3]: No time to select next move using MCTS. Returning random move ( move 2 1 2 2 ).
LOG 1641834302703 [L3]: Starting move selection for game step 26 with available time 0ms.
LOG 1641834302704 [L3]: No time to select next move using MCTS. Returning random move noop.
LOG 1641834302707 [L3]: Starting move selection for game step 27 with available time 0ms.
LOG 1641834302707 [L3]: No time to select next move using MCTS. Returning random move ( move 7 2 7 3 ).
LOG 1641834302711 [L3]: Starting move selection for game step 28 with available time 0ms.
LOG 1641834302712 [L3]: No time to select next move using MCTS. Returning random move noop.
LOG 1641834302716 [L3]: Starting move selection for game step 29 with available time 0ms.
LOG 1641834302716 [L3]: No time to select next move using MCTS. Returning random move ( move 2 4 3 5 ).
LOG 1641834302722 [L3]: Starting move selection for game step 30 with available time 0ms.
LOG 1641834302722 [L3]: No time to select next move using MCTS. Returning random move noop.
LOG 1641834302726 [L3]: Starting move selection for game step 31 with available time 0ms.
LOG 1641834302726 [L3]: No time to select next move using MCTS. Returning random move ( move 2 2 1 3 ).
LOG 1641834302730 [L3]: Starting move selection for game step 32 with available time 0ms.
LOG 1641834302730 [L3]: No time to select next move using MCTS. Returning random move noop.
LOG 1641834302734 [L3]: Starting move selection for game step 33 with available time 0ms.
LOG 1641834302734 [L3]: No time to select next move using MCTS. Returning random move ( move 3 3 2 4 ).
LOG 1641834302737 [L3]: Starting move selection for game step 34 with available time 0ms.
LOG 1641834302738 [L3]: No time to select next move using MCTS. Returning random move noop.
LOG 1641834302741 [L3]: Starting move selection for game step 35 with available time 0ms.
LOG 1641834302742 [L3]: No time to select next move using MCTS. Returning random move ( move 3 4 2 5 ).
LOG 1641834302745 [L3]: Starting move selection for game step 36 with available time 0ms.
LOG 1641834302746 [L3]: No time to select next move using MCTS. Returning random move noop.
LOG 1641834302750 [L3]: Starting move selection for game step 37 with available time 0ms.
LOG 1641834302751 [L3]: No time to select next move using MCTS. Returning random move ( move 3 5 4 6 ).
LOG 1641834302754 [L3]: Starting move selection for game step 38 with available time 0ms.
LOG 1641834302754 [L3]: No time to select next move using MCTS. Returning random move noop.
LOG 1641834302758 [L3]: Starting move selection for game step 39 with available time 0ms.
LOG 1641834302758 [L3]: No time to select next move using MCTS. Returning random move ( move 1 1 1 2 ).
LOG 1641834302762 [L3]: Starting move selection for game step 40 with available time 0ms.
LOG 1641834302762 [L3]: No time to select next move using MCTS. Returning random move noop.
LOG 1641834302766 [L3]: Starting move selection for game step 41 with available time 0ms.
LOG 1641834302766 [L3]: No time to select next move using MCTS. Returning random move ( move 5 2 4 3 ).
LOG 1641834302771 [L3]: Starting move selection for game step 42 with available time 0ms.
LOG 1641834302772 [L3]: No time to select next move using MCTS. Returning random move noop.
LOG 1641834302775 [L3]: Starting move selection for game step 43 with available time 0ms.
LOG 1641834302775 [L3]: No time to select next move using MCTS. Returning random move ( move 7 3 7 4 ).
LOG 1641834302779 [L3]: Starting move selection for game step 44 with available time 0ms.
LOG 1641834302779 [L3]: No time to select next move using MCTS. Returning random move noop.
LOG 1641834302783 [L3]: Starting move selection for game step 45 with available time 0ms.
LOG 1641834302783 [L3]: No time to select next move using MCTS. Returning random move ( move 8 2 7 3 ).
LOG 1641834302787 [L3]: Starting move selection for game step 46 with available time 0ms.
LOG 1641834302787 [L3]: No time to select next move using MCTS. Returning random move noop.
LOG 1641834302791 [L3]: Starting move selection for game step 47 with available time 0ms.
LOG 1641834302791 [L3]: No time to select next move using MCTS. Returning random move ( move 8 1 8 2 ).
LOG 1641834302796 [L3]: Starting move selection for game step 48 with available time 0ms.
LOG 1641834302796 [L3]: No time to select next move using MCTS. Returning random move noop.
LOG 1641834302800 [L3]: Starting move selection for game step 49 with available time 0ms.
LOG 1641834302800 [L3]: No time to select next move using MCTS. Returning random move ( move 4 6 5 7 ).
LOG 1641834302805 [L3]: Starting move selection for game step 50 with available time 0ms.
LOG 1641834302805 [L3]: No time to select next move using MCTS. Returning random move noop.
LOG 1641834302809 [L3]: Starting move selection for game step 51 with available time 0ms.
LOG 1641834302810 [L3]: No time to select next move using MCTS. Returning random move ( move 2 5 2 6 ).
LOG 1641834302815 [L3]: Starting move selection for game step 52 with available time 0ms.
LOG 1641834302815 [L3]: No time to select next move using MCTS. Returning random move noop.
LOG 1641834302819 [L3]: Starting move selection for game step 53 with available time 0ms.
LOG 1641834302819 [L3]: No time to select next move using MCTS. Returning random move ( move 2 4 2 5 ).
LOG 1641834302823 [L3]: Starting move selection for game step 54 with available time 0ms.
LOG 1641834302823 [L3]: No time to select next move using MCTS. Returning random move noop.
LOG 1641834302828 [L3]: Starting move selection for game step 55 with available time 0ms.
LOG 1641834302828 [L3]: No time to select next move using MCTS. Returning random move ( move 5 7 4 8 ).
