LOG 1641867107611 [L3]: Started match logging at: Tue Jan 11 03:11:47 CET 2022
LOG 1641867107612 [L3]: Game rules: [( role white ), ( role red ), ( init ( cell 1 0 dirt ) ), ( init ( cell 2 0 dirt ) ), ( init ( cell 3 0 dirt ) ), ( init ( cell 4 0 dirt ) ), ( init ( cell 5 0 dirt ) ), ( init ( cell 6 0 dirt ) ), ( init ( cell 7 0 dirt ) ), ( init ( cell 1 1 b ) ), ( init ( cell 1 2 b ) ), ( init ( cell 1 3 b ) ), ( init ( cell 1 4 b ) ), ( init ( cell 1 5 b ) ), ( init ( cell 1 6 b ) ), ( init ( cell 2 1 b ) ), ( init ( cell 2 2 b ) ), ( init ( cell 2 3 b ) ), ( init ( cell 2 4 b ) ), ( init ( cell 2 5 b ) ), ( init ( cell 2 6 b ) ), ( init ( cell 3 1 b ) ), ( init ( cell 3 2 b ) ), ( init ( cell 3 3 b ) ), ( init ( cell 3 4 b ) ), ( init ( cell 3 5 b ) ), ( init ( cell 3 6 b ) ), ( init ( cell 4 1 b ) ), ( init ( cell 4 2 b ) ), ( init ( cell 4 3 b ) ), ( init ( cell 4 4 b ) ), ( init ( cell 4 5 b ) ), ( init ( cell 4 6 b ) ), ( init ( cell 5 1 b ) ), ( init ( cell 5 2 b ) ), ( init ( cell 5 3 b ) ), ( init ( cell 5 4 b ) ), ( init ( cell 5 5 b ) ), ( init ( cell 5 6 b ) ), ( init ( cell 6 1 b ) ), ( init ( cell 6 2 b ) ), ( init ( cell 6 3 b ) ), ( init ( cell 6 4 b ) ), ( init ( cell 6 5 b ) ), ( init ( cell 6 6 b ) ), ( init ( cell 7 1 b ) ), ( init ( cell 7 2 b ) ), ( init ( cell 7 3 b ) ), ( init ( cell 7 4 b ) ), ( init ( cell 7 5 b ) ), ( init ( cell 7 6 b ) ), ( init ( control white ) ), ( <= ( empty ?c ?h ) ( true ( cell ?c ?h b ) ) ), ( <= ( filled ?c ?h ) ( true ( cell ?c ?h dirt ) ) ), ( <= ( filled ?c ?h ) ( true ( cell ?c ?h w ) ) ), ( <= ( filled ?c ?h ) ( true ( cell ?c ?h r ) ) ), ( <= ( next ( cell ?c ?h2 w ) ) ( does white ( drop ?c ) ) ( true ( cell ?c ?h2 b ) ) ( filled ?c ?h1 ) ( succ ?h1 ?h2 ) ), ( <= ( next ( cell ?c ?h2 r ) ) ( does red ( drop ?c ) ) ( true ( cell ?c ?h2 b ) ) ( filled ?c ?h1 ) ( succ ?h1 ?h2 ) ), ( <= ( next ( cell ?x ?y ?z ) ) ( true ( cell ?x ?y ?z ) ) ( distinct ?z b ) ), ( <= ( next ( cell ?c2 ?y b ) ) ( does ?w ( drop ?c1 ) ) ( true ( cell ?c2 ?y b ) ) ( distinct ?c1 ?c2 ) ), ( <= ( next ( cell ?c ?y2 b ) ) ( true ( cell ?c ?y1 b ) ) ( distinct ?y1 6 ) ( succ ?y1 ?y2 ) ), ( <= ( next ( control white ) ) ( true ( control red ) ) ), ( <= ( next ( control red ) ) ( true ( control white ) ) ), ( <= ( row ?z ) ( true ( cell ?x1 ?y ?z ) ) ( distinct ?z b ) ( distinct ?z dirt ) ( succ ?x1 ?x2 ) ( true ( cell ?x2 ?y ?z ) ) ( succ ?x2 ?x3 ) ( true ( cell ?x3 ?y ?z ) ) ( succ ?x3 ?x4 ) ( true ( cell ?x4 ?y ?z ) ) ), ( <= ( column ?z ) ( true ( cell ?x ?y1 ?z ) ) ( distinct ?z b ) ( succ ?y1 ?y2 ) ( true ( cell ?x ?y2 ?z ) ) ( succ ?y2 ?y3 ) ( true ( cell ?x ?y3 ?z ) ) ( succ ?y3 ?y4 ) ( true ( cell ?x ?y4 ?z ) ) ), ( <= ( diag ?z ) ( true ( cell ?x1 ?y1 ?z ) ) ( distinct ?z b ) ( succ ?x1 ?x2 ) ( succ ?y1 ?y2 ) ( true ( cell ?x2 ?y2 ?z ) ) ( succ ?x2 ?x3 ) ( succ ?y2 ?y3 ) ( true ( cell ?x3 ?y3 ?z ) ) ( succ ?x3 ?x4 ) ( succ ?y3 ?y4 ) ( true ( cell ?x4 ?y4 ?z ) ) ), ( <= ( diag ?z ) ( true ( cell ?x1 ?y1 ?z ) ) ( distinct ?z b ) ( succ ?x1 ?x2 ) ( succ ?y2 ?y1 ) ( true ( cell ?x2 ?y2 ?z ) ) ( succ ?x2 ?x3 ) ( succ ?y3 ?y2 ) ( true ( cell ?x3 ?y3 ?z ) ) ( succ ?x3 ?x4 ) ( succ ?y4 ?y3 ) ( true ( cell ?x4 ?y4 ?z ) ) ), ( <= ( line ?x ) ( row ?x ) ), ( <= ( line ?x ) ( column ?x ) ), ( <= ( line ?x ) ( diag ?x ) ), ( <= open ( empty ?c ?h ) ), ( <= terminal ( line r ) ), ( <= terminal ( line w ) ), ( <= terminal ( not open ) ), ( <= ( legal ?w ( drop ?c ) ) ( true ( cell ?c ?y2 b ) ) ( filled ?c ?y1 ) ( succ ?y1 ?y2 ) ( true ( control ?w ) ) ), ( <= ( legal white noop ) ( true ( control red ) ) ), ( <= ( legal red noop ) ( true ( control white ) ) ), ( <= ( goal white 100 ) ( line w ) ), ( <= ( goal white 50 ) ( not ( line r ) ) ( not ( line w ) ) ( not open ) ), ( <= ( goal white 0 ) ( line r ) ), ( <= ( goal red 100 ) ( line r ) ), ( <= ( goal red 50 ) ( not ( line r ) ) ( not ( line w ) ) ( not open ) ), ( <= ( goal red 0 ) ( line w ) ), ( <= ( goal ?w 70 ) ( role ?w ) ( not ( line r ) ) ( not ( line w ) ) open ), ( <= ( lte 0 ?x ) ( number ?x ) ), ( <= ( lte ?x ?x ) ( number ?x ) ), ( <= ( lte ?x ?z ) ( succ ?y ?z ) ( lte ?x ?y ) ), ( <= ( lte ?x ?y ) ( succ ?x ?y ) ), ( number 0 ), ( number 1 ), ( number 2 ), ( number 3 ), ( number 4 ), ( number 5 ), ( number 6 ), ( number 7 ), ( number 8 ), ( succ 0 1 ), ( succ 1 2 ), ( succ 2 3 ), ( succ 3 4 ), ( succ 4 5 ), ( succ 5 6 ), ( succ 6 7 ), ( succ 7 8 )]
LOG 1641867107619 [L3]: Start clock: 15
LOG 1641867107619 [L3]: Play clock: 20
LOG 1641867112611 [L0]: [Sent at 1641867112611] ready
LOG 1641867112613 [L0]: [Received at 1641867112613] ( PLAY 33.connect4.1641867107557 NIL )
LOG 1641867122613 [L0]: [Sent at 1641867122613] ( drop 5 )
LOG 1641867122616 [L0]: [Received at 1641867122616] ( PLAY 33.connect4.1641867107557 (( drop 5 ) noop ) )
LOG 1641867132616 [L0]: [Sent at 1641867132616] noop
LOG 1641867132619 [L0]: [Received at 1641867132619] ( PLAY 33.connect4.1641867107557 (noop ( drop 4 ) ) )
LOG 1641867142626 [L0]: [Sent at 1641867142626] ( drop 4 )
LOG 1641867142628 [L0]: [Received at 1641867142628] ( PLAY 33.connect4.1641867107557 (( drop 4 ) noop ) )
LOG 1641867152629 [L0]: [Sent at 1641867152629] noop
LOG 1641867152632 [L0]: [Received at 1641867152632] ( PLAY 33.connect4.1641867107557 (noop ( drop 4 ) ) )
LOG 1641867162633 [L0]: [Sent at 1641867162633] ( drop 4 )
LOG 1641867162635 [L0]: [Received at 1641867162635] ( PLAY 33.connect4.1641867107557 (( drop 4 ) noop ) )
LOG 1641867172652 [L0]: [Sent at 1641867172652] noop
LOG 1641867172654 [L0]: [Received at 1641867172654] ( PLAY 33.connect4.1641867107557 (noop ( drop 2 ) ) )
LOG 1641867182656 [L0]: [Sent at 1641867182656] ( drop 1 )
LOG 1641867182658 [L0]: [Received at 1641867182658] ( PLAY 33.connect4.1641867107557 (( drop 1 ) noop ) )
LOG 1641867192659 [L0]: [Sent at 1641867192659] noop
LOG 1641867192662 [L0]: [Received at 1641867192662] ( PLAY 33.connect4.1641867107557 (noop ( drop 5 ) ) )
LOG 1641867202662 [L0]: [Sent at 1641867202662] ( drop 2 )
LOG 1641867202665 [L0]: [Received at 1641867202665] ( PLAY 33.connect4.1641867107557 (( drop 2 ) noop ) )
LOG 1641867212665 [L0]: [Sent at 1641867212665] noop
LOG 1641867212668 [L0]: [Received at 1641867212668] ( PLAY 33.connect4.1641867107557 (noop ( drop 1 ) ) )
LOG 1641867222668 [L0]: [Sent at 1641867222668] ( drop 1 )
LOG 1641867222672 [L0]: [Received at 1641867222672] ( PLAY 33.connect4.1641867107557 (( drop 1 ) noop ) )
LOG 1641867232672 [L0]: [Sent at 1641867232672] noop
LOG 1641867232675 [L0]: [Received at 1641867232675] ( PLAY 33.connect4.1641867107557 (noop ( drop 5 ) ) )
LOG 1641867242676 [L0]: [Sent at 1641867242676] ( drop 5 )
LOG 1641867242678 [L0]: [Received at 1641867242678] ( PLAY 33.connect4.1641867107557 (( drop 5 ) noop ) )
LOG 1641867252678 [L0]: [Sent at 1641867252678] noop
LOG 1641867252682 [L0]: [Received at 1641867252682] ( PLAY 33.connect4.1641867107557 (noop ( drop 2 ) ) )
LOG 1641867262683 [L0]: [Sent at 1641867262683] ( drop 1 )
LOG 1641867262685 [L0]: [Received at 1641867262685] ( PLAY 33.connect4.1641867107557 (( drop 1 ) noop ) )
LOG 1641867272685 [L0]: [Sent at 1641867272685] noop
LOG 1641867272688 [L0]: [Received at 1641867272688] ( PLAY 33.connect4.1641867107557 (noop ( drop 1 ) ) )
LOG 1641867282688 [L0]: [Sent at 1641867282688] ( drop 3 )
LOG 1641867282691 [L0]: [Received at 1641867282691] ( PLAY 33.connect4.1641867107557 (( drop 3 ) noop ) )
LOG 1641867292691 [L0]: [Sent at 1641867292691] noop
LOG 1641867292694 [L0]: [Received at 1641867292694] ( PLAY 33.connect4.1641867107557 (noop ( drop 7 ) ) )
LOG 1641867302695 [L0]: [Sent at 1641867302695] ( drop 1 )
LOG 1641867302698 [L0]: [Received at 1641867302698] ( PLAY 33.connect4.1641867107557 (( drop 1 ) noop ) )
LOG 1641867312698 [L0]: [Sent at 1641867312698] noop
LOG 1641867312701 [L0]: [Received at 1641867312701] ( PLAY 33.connect4.1641867107557 (noop ( drop 6 ) ) )
LOG 1641867322701 [L0]: [Sent at 1641867322701] ( drop 5 )
LOG 1641867322704 [L0]: [Received at 1641867322704] ( PLAY 33.connect4.1641867107557 (( drop 5 ) noop ) )
LOG 1641867332705 [L0]: [Sent at 1641867332705] noop
LOG 1641867332708 [L0]: [Received at 1641867332708] ( PLAY 33.connect4.1641867107557 (noop ( drop 4 ) ) )
LOG 1641867342708 [L0]: [Sent at 1641867342708] ( drop 7 )
LOG 1641867342711 [L0]: [Received at 1641867342711] ( PLAY 33.connect4.1641867107557 (( drop 7 ) noop ) )
LOG 1641867352711 [L0]: [Sent at 1641867352711] noop
LOG 1641867352714 [L0]: [Received at 1641867352714] ( PLAY 33.connect4.1641867107557 (noop ( drop 4 ) ) )
LOG 1641867362715 [L0]: [Sent at 1641867362715] ( drop 7 )
LOG 1641867362726 [L0]: [Received at 1641867362726] ( PLAY 33.connect4.1641867107557 (( drop 7 ) noop ) )
LOG 1641867372726 [L0]: [Sent at 1641867372726] noop
LOG 1641867372729 [L0]: [Received at 1641867372729] ( PLAY 33.connect4.1641867107557 (noop ( drop 7 ) ) )
LOG 1641867382729 [L0]: [Sent at 1641867382729] ( drop 7 )
LOG 1641867382732 [L0]: [Received at 1641867382732] ( PLAY 33.connect4.1641867107557 (( drop 7 ) noop ) )
LOG 1641867392733 [L0]: [Sent at 1641867392733] noop
LOG 1641867392736 [L0]: [Received at 1641867392736] ( PLAY 33.connect4.1641867107557 (noop ( drop 7 ) ) )
LOG 1641867402737 [L0]: [Sent at 1641867402737] ( drop 5 )
LOG 1641867402740 [L0]: [Received at 1641867402740] ( PLAY 33.connect4.1641867107557 (( drop 5 ) noop ) )
LOG 1641867412740 [L0]: [Sent at 1641867412740] noop
LOG 1641867412744 [L0]: [Received at 1641867412744] ( PLAY 33.connect4.1641867107557 (noop ( drop 2 ) ) )
LOG 1641867422744 [L0]: [Sent at 1641867422744] ( drop 3 )
LOG 1641867422747 [L0]: [Received at 1641867422747] ( PLAY 33.connect4.1641867107557 (( drop 3 ) noop ) )
LOG 1641867432747 [L0]: [Sent at 1641867432747] noop
LOG 1641867432753 [L0]: [Received at 1641867432753] ( STOP 33.connect4.1641867107557 (noop ( drop 3 ) ) )
LOG 1641867432755 [L3]: Stopped logging to files at: Tue Jan 11 03:17:12 CET 2022
LOG 1641867432755 [L3]: LOG SEALED
