LOG 1641834548449 [L3]: Started match logging at: Mon Jan 10 18:09:08 CET 2022
LOG 1641834548457 [L3]: Game rules: [( role white ), ( role black ), ( <= ( base ( cellHolds ?x ?y ?p ) ) ( index ?x ) ( index ?y ) ( role ?p ) ), ( <= ( base ( control ?p ) ) ( role ?p ) ), ( <= ( input ?p noop ) ( role ?p ) ), ( <= ( input white ( move ?x ?y1 ?x ?y2 ) ) ( index ?x ) ( succ ?y1 ?y2 ) ), ( <= ( input white ( move ?x1 ?y1 ?x2 ?y2 ) ) ( succ ?y1 ?y2 ) ( succ ?x1 ?x2 ) ), ( <= ( input white ( move ?x1 ?y1 ?x2 ?y2 ) ) ( succ ?y1 ?y2 ) ( succ ?x2 ?x1 ) ), ( <= ( input black ( move ?x ?y1 ?x ?y2 ) ) ( index ?x ) ( succ ?y2 ?y1 ) ), ( <= ( input black ( move ?x1 ?y1 ?x2 ?y2 ) ) ( succ ?y2 ?y1 ) ( succ ?x1 ?x2 ) ), ( <= ( input black ( move ?x1 ?y1 ?x2 ?y2 ) ) ( succ ?y2 ?y1 ) ( succ ?x2 ?x1 ) ), ( init ( cellHolds 1 1 white ) ), ( init ( cellHolds 2 1 white ) ), ( init ( cellHolds 3 1 white ) ), ( init ( cellHolds 4 1 white ) ), ( init ( cellHolds 5 1 white ) ), ( init ( cellHolds 6 1 white ) ), ( init ( cellHolds 7 1 white ) ), ( init ( cellHolds 8 1 white ) ), ( init ( cellHolds 1 2 white ) ), ( init ( cellHolds 2 2 white ) ), ( init ( cellHolds 3 2 white ) ), ( init ( cellHolds 4 2 white ) ), ( init ( cellHolds 5 2 white ) ), ( init ( cellHolds 6 2 white ) ), ( init ( cellHolds 7 2 white ) ), ( init ( cellHolds 8 2 white ) ), ( init ( cellHolds 1 7 black ) ), ( init ( cellHolds 2 7 black ) ), ( init ( cellHolds 3 7 black ) ), ( init ( cellHolds 4 7 black ) ), ( init ( cellHolds 5 7 black ) ), ( init ( cellHolds 6 7 black ) ), ( init ( cellHolds 7 7 black ) ), ( init ( cellHolds 8 7 black ) ), ( init ( cellHolds 1 8 black ) ), ( init ( cellHolds 2 8 black ) ), ( init ( cellHolds 3 8 black ) ), ( init ( cellHolds 4 8 black ) ), ( init ( cellHolds 5 8 black ) ), ( init ( cellHolds 6 8 black ) ), ( init ( cellHolds 7 8 black ) ), ( init ( cellHolds 8 8 black ) ), ( init ( control white ) ), ( <= ( legal white ( move ?x ?y1 ?x ?y2 ) ) ( true ( control white ) ) ( true ( cellHolds ?x ?y1 white ) ) ( succ ?y1 ?y2 ) ( cellEmpty ?x ?y2 ) ), ( <= ( legal white ( move ?x1 ?y1 ?x2 ?y2 ) ) ( true ( control white ) ) ( true ( cellHolds ?x1 ?y1 white ) ) ( succ ?y1 ?y2 ) ( succ ?x1 ?x2 ) ( not ( true ( cellHolds ?x2 ?y2 white ) ) ) ), ( <= ( legal white ( move ?x1 ?y1 ?x2 ?y2 ) ) ( true ( control white ) ) ( true ( cellHolds ?x1 ?y1 white ) ) ( succ ?y1 ?y2 ) ( succ ?x2 ?x1 ) ( not ( true ( cellHolds ?x2 ?y2 white ) ) ) ), ( <= ( legal black ( move ?x ?y1 ?x ?y2 ) ) ( true ( control black ) ) ( true ( cellHolds ?x ?y1 black ) ) ( succ ?y2 ?y1 ) ( cellEmpty ?x ?y2 ) ), ( <= ( legal black ( move ?x1 ?y1 ?x2 ?y2 ) ) ( true ( control black ) ) ( true ( cellHolds ?x1 ?y1 black ) ) ( succ ?y2 ?y1 ) ( succ ?x1 ?x2 ) ( not ( true ( cellHolds ?x2 ?y2 black ) ) ) ), ( <= ( legal black ( move ?x1 ?y1 ?x2 ?y2 ) ) ( true ( control black ) ) ( true ( cellHolds ?x1 ?y1 black ) ) ( succ ?y2 ?y1 ) ( succ ?x2 ?x1 ) ( not ( true ( cellHolds ?x2 ?y2 black ) ) ) ), ( <= ( legal white noop ) ( true ( control black ) ) ), ( <= ( legal black noop ) ( true ( control white ) ) ), ( <= ( next ( cellHolds ?x2 ?y2 ?player ) ) ( role ?player ) ( does ?player ( move ?x1 ?y1 ?x2 ?y2 ) ) ), ( <= ( next ( cellHolds ?x3 ?y3 ?state ) ) ( true ( cellHolds ?x3 ?y3 ?state ) ) ( role ?player ) ( does ?player ( move ?x1 ?y1 ?x2 ?y2 ) ) ( distinctCell ?x1 ?y1 ?x3 ?y3 ) ( distinctCell ?x2 ?y2 ?x3 ?y3 ) ), ( <= ( next ( control white ) ) ( true ( control black ) ) ), ( <= ( next ( control black ) ) ( true ( control white ) ) ), ( <= terminal whiteWin ), ( <= terminal blackWin ), ( <= ( goal white 100 ) whiteWin ), ( <= ( goal white 0 ) ( not whiteWin ) ), ( <= ( goal black 100 ) blackWin ), ( <= ( goal black 0 ) ( not blackWin ) ), ( <= ( cell ?x ?y ) ( index ?x ) ( index ?y ) ), ( <= ( cellEmpty ?x ?y ) ( cell ?x ?y ) ( not ( true ( cellHolds ?x ?y white ) ) ) ( not ( true ( cellHolds ?x ?y black ) ) ) ), ( <= ( distinctCell ?x1 ?y1 ?x2 ?y2 ) ( cell ?x1 ?y1 ) ( cell ?x2 ?y2 ) ( distinct ?x1 ?x2 ) ), ( <= ( distinctCell ?x1 ?y1 ?x2 ?y2 ) ( cell ?x1 ?y1 ) ( cell ?x2 ?y2 ) ( distinct ?y1 ?y2 ) ), ( <= whiteWin ( index ?x ) ( true ( cellHolds ?x 8 white ) ) ), ( <= blackWin ( index ?x ) ( true ( cellHolds ?x 1 black ) ) ), ( <= whiteWin ( not blackCell ) ), ( <= blackWin ( not whiteCell ) ), ( <= whiteCell ( cell ?x ?y ) ( true ( cellHolds ?x ?y white ) ) ), ( <= blackCell ( cell ?x ?y ) ( true ( cellHolds ?x ?y black ) ) ), ( index 1 ), ( index 2 ), ( index 3 ), ( index 4 ), ( index 5 ), ( index 6 ), ( index 7 ), ( index 8 ), ( succ 1 2 ), ( succ 2 3 ), ( succ 3 4 ), ( succ 4 5 ), ( succ 5 6 ), ( succ 6 7 ), ( succ 7 8 )]
LOG 1641834548458 [L3]: Start clock: 15
LOG 1641834548458 [L3]: Play clock: 10
LOG 1641834553449 [L0]: [Sent at 1641834553449] ready
LOG 1641834553452 [L0]: [Received at 1641834553452] ( PLAY 39.breakthrough.1641834548235 NIL )
LOG 1641834553453 [L0]: [Sent at 1641834553453] ( move 2 2 2 3 )
LOG 1641834553457 [L0]: [Received at 1641834553457] ( PLAY 39.breakthrough.1641834548235 (( move 2 2 2 3 ) noop ) )
LOG 1641834553461 [L0]: [Sent at 1641834553461] noop
LOG 1641834553466 [L0]: [Received at 1641834553466] ( PLAY 39.breakthrough.1641834548235 (noop ( move 3 7 3 6 ) ) )
LOG 1641834553478 [L0]: [Sent at 1641834553478] ( move 3 1 2 2 )
LOG 1641834553480 [L0]: [Received at 1641834553480] ( PLAY 39.breakthrough.1641834548235 (( move 3 1 2 2 ) noop ) )
LOG 1641834553488 [L0]: [Sent at 1641834553488] noop
LOG 1641834553491 [L0]: [Received at 1641834553491] ( PLAY 39.breakthrough.1641834548235 (noop ( move 7 7 7 6 ) ) )
LOG 1641834553492 [L0]: [Sent at 1641834553492] ( move 6 2 5 3 )
LOG 1641834553497 [L0]: [Received at 1641834553497] ( PLAY 39.breakthrough.1641834548235 (( move 6 2 5 3 ) noop ) )
LOG 1641834553498 [L0]: [Sent at 1641834553498] noop
LOG 1641834553502 [L0]: [Received at 1641834553502] ( PLAY 39.breakthrough.1641834548235 (noop ( move 8 7 8 6 ) ) )
LOG 1641834553504 [L0]: [Sent at 1641834553504] ( move 2 2 3 3 )
LOG 1641834553507 [L0]: [Received at 1641834553507] ( PLAY 39.breakthrough.1641834548235 (( move 2 2 3 3 ) noop ) )
LOG 1641834553508 [L0]: [Sent at 1641834553508] noop
LOG 1641834553511 [L0]: [Received at 1641834553511] ( PLAY 39.breakthrough.1641834548235 (noop ( move 8 8 8 7 ) ) )
LOG 1641834553513 [L0]: [Sent at 1641834553513] ( move 3 3 4 4 )
LOG 1641834553516 [L0]: [Received at 1641834553516] ( PLAY 39.breakthrough.1641834548235 (( move 3 3 4 4 ) noop ) )
LOG 1641834553517 [L0]: [Sent at 1641834553517] noop
LOG 1641834553520 [L0]: [Received at 1641834553520] ( PLAY 39.breakthrough.1641834548235 (noop ( move 1 7 1 6 ) ) )
LOG 1641834553521 [L0]: [Sent at 1641834553521] ( move 4 2 4 3 )
LOG 1641834553525 [L0]: [Received at 1641834553525] ( PLAY 39.breakthrough.1641834548235 (( move 4 2 4 3 ) noop ) )
LOG 1641834553526 [L0]: [Sent at 1641834553526] noop
LOG 1641834553529 [L0]: [Received at 1641834553529] ( PLAY 39.breakthrough.1641834548235 (noop ( move 7 6 6 5 ) ) )
LOG 1641834553531 [L0]: [Sent at 1641834553531] ( move 7 2 6 3 )
LOG 1641834553535 [L0]: [Received at 1641834553535] ( PLAY 39.breakthrough.1641834548235 (( move 7 2 6 3 ) noop ) )
LOG 1641834553537 [L0]: [Sent at 1641834553537] noop
LOG 1641834553541 [L0]: [Received at 1641834553541] ( PLAY 39.breakthrough.1641834548235 (noop ( move 6 7 6 6 ) ) )
LOG 1641834553543 [L0]: [Sent at 1641834553543] ( move 4 4 5 5 )
LOG 1641834553547 [L0]: [Received at 1641834553547] ( PLAY 39.breakthrough.1641834548235 (( move 4 4 5 5 ) noop ) )
LOG 1641834553549 [L0]: [Sent at 1641834553549] noop
LOG 1641834553552 [L0]: [Received at 1641834553552] ( PLAY 39.breakthrough.1641834548235 (noop ( move 6 8 6 7 ) ) )
LOG 1641834553554 [L0]: [Sent at 1641834553554] ( move 7 1 7 2 )
LOG 1641834553557 [L0]: [Received at 1641834553557] ( PLAY 39.breakthrough.1641834548235 (( move 7 1 7 2 ) noop ) )
LOG 1641834553559 [L0]: [Sent at 1641834553559] noop
LOG 1641834553584 [L0]: [Received at 1641834553584] ( PLAY 39.breakthrough.1641834548235 (noop ( move 1 8 1 7 ) ) )
LOG 1641834553585 [L0]: [Sent at 1641834553585] ( move 2 1 2 2 )
LOG 1641834553589 [L0]: [Received at 1641834553589] ( PLAY 39.breakthrough.1641834548235 (( move 2 1 2 2 ) noop ) )
LOG 1641834553590 [L0]: [Sent at 1641834553590] noop
LOG 1641834553593 [L0]: [Received at 1641834553593] ( PLAY 39.breakthrough.1641834548235 (noop ( move 8 6 8 5 ) ) )
LOG 1641834553595 [L0]: [Sent at 1641834553595] ( move 4 1 4 2 )
LOG 1641834553597 [L0]: [Received at 1641834553597] ( PLAY 39.breakthrough.1641834548235 (( move 4 1 4 2 ) noop ) )
LOG 1641834553599 [L0]: [Sent at 1641834553599] noop
LOG 1641834553602 [L0]: [Received at 1641834553602] ( PLAY 39.breakthrough.1641834548235 (noop ( move 5 7 4 6 ) ) )
LOG 1641834553603 [L0]: [Sent at 1641834553603] ( move 5 1 6 2 )
LOG 1641834553606 [L0]: [Received at 1641834553606] ( PLAY 39.breakthrough.1641834548235 (( move 5 1 6 2 ) noop ) )
LOG 1641834553607 [L0]: [Sent at 1641834553607] noop
LOG 1641834553610 [L0]: [Received at 1641834553610] ( PLAY 39.breakthrough.1641834548235 (noop ( move 8 5 7 4 ) ) )
LOG 1641834553611 [L0]: [Sent at 1641834553611] ( move 1 2 1 3 )
LOG 1641834553615 [L0]: [Received at 1641834553615] ( PLAY 39.breakthrough.1641834548235 (( move 1 2 1 3 ) noop ) )
LOG 1641834553616 [L0]: [Sent at 1641834553616] noop
LOG 1641834553619 [L0]: [Received at 1641834553619] ( PLAY 39.breakthrough.1641834548235 (noop ( move 4 8 3 7 ) ) )
LOG 1641834553620 [L0]: [Sent at 1641834553620] ( move 7 2 7 3 )
LOG 1641834553623 [L0]: [Received at 1641834553623] ( PLAY 39.breakthrough.1641834548235 (( move 7 2 7 3 ) noop ) )
LOG 1641834553624 [L0]: [Sent at 1641834553624] noop
LOG 1641834553627 [L0]: [Received at 1641834553627] ( PLAY 39.breakthrough.1641834548235 (noop ( move 5 8 5 7 ) ) )
LOG 1641834553629 [L0]: [Sent at 1641834553629] ( move 7 3 8 4 )
LOG 1641834553632 [L0]: [Received at 1641834553632] ( PLAY 39.breakthrough.1641834548235 (( move 7 3 8 4 ) noop ) )
LOG 1641834553633 [L0]: [Sent at 1641834553633] noop
LOG 1641834553637 [L0]: [Received at 1641834553637] ( PLAY 39.breakthrough.1641834548235 (noop ( move 6 5 6 4 ) ) )
LOG 1641834553638 [L0]: [Sent at 1641834553638] ( move 4 3 4 4 )
LOG 1641834553641 [L0]: [Received at 1641834553641] ( PLAY 39.breakthrough.1641834548235 (( move 4 3 4 4 ) noop ) )
LOG 1641834553643 [L0]: [Sent at 1641834553643] noop
LOG 1641834553645 [L0]: [Received at 1641834553645] ( PLAY 39.breakthrough.1641834548235 (noop ( move 7 4 6 3 ) ) )
LOG 1641834553647 [L0]: [Sent at 1641834553647] ( move 5 5 6 6 )
LOG 1641834553650 [L0]: [Received at 1641834553650] ( PLAY 39.breakthrough.1641834548235 (( move 5 5 6 6 ) noop ) )
LOG 1641834553652 [L0]: [Sent at 1641834553652] noop
LOG 1641834553654 [L0]: [Received at 1641834553654] ( PLAY 39.breakthrough.1641834548235 (noop ( move 2 7 2 6 ) ) )
LOG 1641834553656 [L0]: [Sent at 1641834553656] ( move 1 3 1 4 )
LOG 1641834553659 [L0]: [Received at 1641834553659] ( PLAY 39.breakthrough.1641834548235 (( move 1 3 1 4 ) noop ) )
LOG 1641834553661 [L0]: [Sent at 1641834553661] noop
LOG 1641834553664 [L0]: [Received at 1641834553664] ( PLAY 39.breakthrough.1641834548235 (noop ( move 2 6 3 5 ) ) )
LOG 1641834553665 [L0]: [Sent at 1641834553665] ( move 5 2 4 3 )
LOG 1641834553669 [L0]: [Received at 1641834553669] ( PLAY 39.breakthrough.1641834548235 (( move 5 2 4 3 ) noop ) )
LOG 1641834553670 [L0]: [Sent at 1641834553670] noop
LOG 1641834553674 [L0]: [Received at 1641834553674] ( PLAY 39.breakthrough.1641834548235 (noop ( move 6 4 7 3 ) ) )
LOG 1641834553675 [L0]: [Sent at 1641834553675] ( move 8 2 8 3 )
LOG 1641834553678 [L0]: [Received at 1641834553678] ( PLAY 39.breakthrough.1641834548235 (( move 8 2 8 3 ) noop ) )
LOG 1641834553679 [L0]: [Sent at 1641834553679] noop
LOG 1641834553682 [L0]: [Received at 1641834553682] ( PLAY 39.breakthrough.1641834548235 (noop ( move 7 3 6 2 ) ) )
LOG 1641834553684 [L0]: [Sent at 1641834553684] ( move 4 4 3 5 )
LOG 1641834553686 [L0]: [Received at 1641834553686] ( PLAY 39.breakthrough.1641834548235 (( move 4 4 3 5 ) noop ) )
LOG 1641834553687 [L0]: [Sent at 1641834553687] noop
LOG 1641834553691 [L0]: [Received at 1641834553691] ( PLAY 39.breakthrough.1641834548235 (noop ( move 6 7 7 6 ) ) )
LOG 1641834553692 [L0]: [Sent at 1641834553692] ( move 8 4 7 5 )
LOG 1641834553696 [L0]: [Received at 1641834553696] ( PLAY 39.breakthrough.1641834548235 (( move 8 4 7 5 ) noop ) )
LOG 1641834553697 [L0]: [Sent at 1641834553697] noop
LOG 1641834553701 [L0]: [Received at 1641834553701] ( STOP 39.breakthrough.1641834548235 (noop ( move 6 2 5 1 ) ) )
LOG 1641834553708 [L3]: Stopped logging to files at: Mon Jan 10 18:09:13 CET 2022
LOG 1641834553709 [L3]: LOG SEALED
