LOG 1641834811285 [L3]: Returning initial state machine.
LOG 1641834811285 [L3]: Returning PropNet state machine without cache.
LOG 1641834811286 [L3]: Starting metagame with available thinking time 4988ms.
LOG 1641834811289 [L3]: Starting search during metagame.
LOG 1641834816274 [L3]: Done searching during metagame.
LOG 1641834816277 [L3]: Starting move selection for game step 1 with available time 0ms.
LOG 1641834816278 [L3]: No time to select next move using MCTS. Returning random move noop.
LOG 1641834816283 [L3]: Starting move selection for game step 2 with available time 0ms.
LOG 1641834816285 [L3]: No time to select next move using MCTS. Returning random move ( move 7 7 6 6 ).
LOG 1641834816293 [L3]: Starting move selection for game step 3 with available time 0ms.
LOG 1641834816300 [L3]: No time to select next move using MCTS. Returning random move noop.
LOG 1641834816307 [L3]: Starting move selection for game step 4 with available time 0ms.
LOG 1641834816309 [L3]: No time to select next move using MCTS. Returning random move ( move 3 7 2 6 ).
LOG 1641834816316 [L3]: Starting move selection for game step 5 with available time 0ms.
LOG 1641834816317 [L3]: No time to select next move using MCTS. Returning random move noop.
LOG 1641834816321 [L3]: Starting move selection for game step 6 with available time 0ms.
LOG 1641834816321 [L3]: No time to select next move using MCTS. Returning random move ( move 8 7 8 6 ).
LOG 1641834816325 [L3]: Starting move selection for game step 7 with available time 0ms.
LOG 1641834816325 [L3]: No time to select next move using MCTS. Returning random move noop.
LOG 1641834816329 [L3]: Starting move selection for game step 8 with available time 0ms.
LOG 1641834816330 [L3]: No time to select next move using MCTS. Returning random move ( move 4 7 5 6 ).
LOG 1641834816333 [L3]: Starting move selection for game step 9 with available time 0ms.
LOG 1641834816334 [L3]: No time to select next move using MCTS. Returning random move noop.
LOG 1641834816338 [L3]: Starting move selection for game step 10 with available time 0ms.
LOG 1641834816338 [L3]: No time to select next move using MCTS. Returning random move ( move 2 7 3 6 ).
LOG 1641834816342 [L3]: Starting move selection for game step 11 with available time 0ms.
LOG 1641834816342 [L3]: No time to select next move using MCTS. Returning random move noop.
LOG 1641834816347 [L3]: Starting move selection for game step 12 with available time 0ms.
LOG 1641834816348 [L3]: No time to select next move using MCTS. Returning random move ( move 3 8 3 7 ).
LOG 1641834816352 [L3]: Starting move selection for game step 13 with available time 0ms.
LOG 1641834816353 [L3]: No time to select next move using MCTS. Returning random move noop.
LOG 1641834816357 [L3]: Starting move selection for game step 14 with available time 0ms.
LOG 1641834816357 [L3]: No time to select next move using MCTS. Returning random move ( move 8 6 8 5 ).
LOG 1641834816361 [L3]: Starting move selection for game step 15 with available time 0ms.
LOG 1641834816361 [L3]: No time to select next move using MCTS. Returning random move noop.
LOG 1641834816366 [L3]: Starting move selection for game step 16 with available time 0ms.
LOG 1641834816366 [L3]: No time to select next move using MCTS. Returning random move ( move 5 7 4 6 ).
LOG 1641834816371 [L3]: Starting move selection for game step 17 with available time 0ms.
LOG 1641834816371 [L3]: No time to select next move using MCTS. Returning random move noop.
LOG 1641834816376 [L3]: Starting move selection for game step 18 with available time 0ms.
LOG 1641834816376 [L3]: No time to select next move using MCTS. Returning random move ( move 4 8 4 7 ).
LOG 1641834816380 [L3]: Starting move selection for game step 19 with available time 0ms.
LOG 1641834816380 [L3]: No time to select next move using MCTS. Returning random move noop.
LOG 1641834816384 [L3]: Starting move selection for game step 20 with available time 0ms.
LOG 1641834816384 [L3]: No time to select next move using MCTS. Returning random move ( move 8 5 8 4 ).
LOG 1641834816388 [L3]: Starting move selection for game step 21 with available time 0ms.
LOG 1641834816388 [L3]: No time to select next move using MCTS. Returning random move noop.
LOG 1641834816392 [L3]: Starting move selection for game step 22 with available time 0ms.
LOG 1641834816392 [L3]: No time to select next move using MCTS. Returning random move ( move 7 8 7 7 ).
LOG 1641834816397 [L3]: Starting move selection for game step 23 with available time 0ms.
LOG 1641834816397 [L3]: No time to select next move using MCTS. Returning random move noop.
LOG 1641834816401 [L3]: Starting move selection for game step 24 with available time 0ms.
LOG 1641834816401 [L3]: No time to select next move using MCTS. Returning random move ( move 6 6 7 5 ).
LOG 1641834816405 [L3]: Starting move selection for game step 25 with available time 0ms.
LOG 1641834816405 [L3]: No time to select next move using MCTS. Returning random move noop.
LOG 1641834816409 [L3]: Starting move selection for game step 26 with available time 0ms.
LOG 1641834816409 [L3]: No time to select next move using MCTS. Returning random move ( move 7 7 6 6 ).
LOG 1641834816413 [L3]: Starting move selection for game step 27 with available time 0ms.
LOG 1641834816413 [L3]: No time to select next move using MCTS. Returning random move noop.
LOG 1641834816417 [L3]: Starting move selection for game step 28 with available time 0ms.
LOG 1641834816417 [L3]: No time to select next move using MCTS. Returning random move ( move 4 6 3 5 ).
LOG 1641834816421 [L3]: Starting move selection for game step 29 with available time 0ms.
LOG 1641834816421 [L3]: No time to select next move using MCTS. Returning random move noop.
LOG 1641834816427 [L3]: Starting move selection for game step 30 with available time 0ms.
LOG 1641834816427 [L3]: No time to select next move using MCTS. Returning random move ( move 8 8 8 7 ).
LOG 1641834816431 [L3]: Starting move selection for game step 31 with available time 0ms.
LOG 1641834816431 [L3]: No time to select next move using MCTS. Returning random move noop.
LOG 1641834816435 [L3]: Starting move selection for game step 32 with available time 0ms.
LOG 1641834816435 [L3]: No time to select next move using MCTS. Returning random move ( move 2 6 1 5 ).
LOG 1641834816439 [L3]: Starting move selection for game step 33 with available time 0ms.
LOG 1641834816439 [L3]: No time to select next move using MCTS. Returning random move noop.
LOG 1641834816443 [L3]: Starting move selection for game step 34 with available time 0ms.
LOG 1641834816443 [L3]: No time to select next move using MCTS. Returning random move ( move 1 8 2 7 ).
LOG 1641834816449 [L3]: Starting move selection for game step 35 with available time -1ms.
LOG 1641834816449 [L3]: No time to select next move using MCTS. Returning random move noop.
LOG 1641834816452 [L3]: Starting move selection for game step 36 with available time 0ms.
LOG 1641834816453 [L3]: No time to select next move using MCTS. Returning random move ( move 2 7 2 6 ).
LOG 1641834816469 [L3]: Starting move selection for game step 37 with available time 0ms.
LOG 1641834816469 [L3]: No time to select next move using MCTS. Returning random move noop.
LOG 1641834816473 [L3]: Starting move selection for game step 38 with available time 0ms.
LOG 1641834816474 [L3]: No time to select next move using MCTS. Returning random move ( move 3 5 4 4 ).
LOG 1641834816477 [L3]: Starting move selection for game step 39 with available time 0ms.
LOG 1641834816478 [L3]: No time to select next move using MCTS. Returning random move noop.
LOG 1641834816481 [L3]: Starting move selection for game step 40 with available time 0ms.
LOG 1641834816481 [L3]: No time to select next move using MCTS. Returning random move ( move 8 7 7 6 ).
LOG 1641834816485 [L3]: Starting move selection for game step 41 with available time 0ms.
LOG 1641834816485 [L3]: No time to select next move using MCTS. Returning random move noop.
LOG 1641834816490 [L3]: Starting move selection for game step 42 with available time 0ms.
LOG 1641834816490 [L3]: No time to select next move using MCTS. Returning random move ( move 5 6 6 5 ).
LOG 1641834816494 [L3]: Starting move selection for game step 43 with available time 0ms.
LOG 1641834816495 [L3]: No time to select next move using MCTS. Returning random move noop.
LOG 1641834816499 [L3]: Starting move selection for game step 44 with available time -1ms.
LOG 1641834816499 [L3]: No time to select next move using MCTS. Returning random move ( move 6 5 5 4 ).
LOG 1641834816502 [L3]: Starting move selection for game step 45 with available time 0ms.
LOG 1641834816503 [L3]: No time to select next move using MCTS. Returning random move noop.
LOG 1641834816508 [L3]: Starting move selection for game step 46 with available time 0ms.
LOG 1641834816508 [L3]: No time to select next move using MCTS. Returning random move ( move 5 4 4 3 ).
LOG 1641834816512 [L3]: Starting move selection for game step 47 with available time 0ms.
LOG 1641834816512 [L3]: No time to select next move using MCTS. Returning random move noop.
LOG 1641834816516 [L3]: Starting move selection for game step 48 with available time 0ms.
LOG 1641834816516 [L3]: No time to select next move using MCTS. Returning random move ( move 1 7 1 6 ).
LOG 1641834816520 [L3]: Starting move selection for game step 49 with available time 0ms.
LOG 1641834816520 [L3]: No time to select next move using MCTS. Returning random move noop.
LOG 1641834816525 [L3]: Starting move selection for game step 50 with available time 0ms.
LOG 1641834816525 [L3]: No time to select next move using MCTS. Returning random move ( move 6 8 7 7 ).
LOG 1641834816530 [L3]: Starting move selection for game step 51 with available time 0ms.
LOG 1641834816530 [L3]: No time to select next move using MCTS. Returning random move noop.
LOG 1641834816533 [L3]: Starting move selection for game step 52 with available time 0ms.
LOG 1641834816534 [L3]: No time to select next move using MCTS. Returning random move ( move 5 8 5 7 ).
LOG 1641834816538 [L3]: Starting move selection for game step 53 with available time 0ms.
LOG 1641834816538 [L3]: No time to select next move using MCTS. Returning random move noop.
LOG 1641834816543 [L3]: Starting move selection for game step 54 with available time 0ms.
LOG 1641834816543 [L3]: No time to select next move using MCTS. Returning random move ( move 4 3 5 2 ).
LOG 1641834816546 [L3]: Starting move selection for game step 55 with available time 0ms.
LOG 1641834816546 [L3]: No time to select next move using MCTS. Returning random move noop.
LOG 1641834816550 [L3]: Starting move selection for game step 56 with available time 0ms.
LOG 1641834816550 [L3]: No time to select next move using MCTS. Returning random move ( move 1 6 2 5 ).
LOG 1641834816554 [L3]: Starting move selection for game step 57 with available time 0ms.
LOG 1641834816554 [L3]: No time to select next move using MCTS. Returning random move noop.
LOG 1641834816559 [L3]: Starting move selection for game step 58 with available time 0ms.
LOG 1641834816559 [L3]: No time to select next move using MCTS. Returning random move ( move 5 7 4 6 ).
LOG 1641834816562 [L3]: Starting move selection for game step 59 with available time 0ms.
LOG 1641834816562 [L3]: No time to select next move using MCTS. Returning random move noop.
LOG 1641834816567 [L3]: Starting move selection for game step 60 with available time 0ms.
LOG 1641834816567 [L3]: No time to select next move using MCTS. Returning random move ( move 7 6 7 5 ).
LOG 1641834816570 [L3]: Starting move selection for game step 61 with available time 0ms.
LOG 1641834816571 [L3]: No time to select next move using MCTS. Returning random move noop.
LOG 1641834816574 [L3]: Starting move selection for game step 62 with available time 0ms.
LOG 1641834816574 [L3]: No time to select next move using MCTS. Returning random move ( move 5 2 6 1 ).
