LOG 1641833725661 [L3]: Started match logging at: Mon Jan 10 17:55:25 CET 2022
LOG 1641833725669 [L3]: Game rules: [( role white ), ( role red ), ( init ( cell 1 0 dirt ) ), ( init ( cell 2 0 dirt ) ), ( init ( cell 3 0 dirt ) ), ( init ( cell 4 0 dirt ) ), ( init ( cell 5 0 dirt ) ), ( init ( cell 6 0 dirt ) ), ( init ( cell 7 0 dirt ) ), ( init ( cell 1 1 b ) ), ( init ( cell 1 2 b ) ), ( init ( cell 1 3 b ) ), ( init ( cell 1 4 b ) ), ( init ( cell 1 5 b ) ), ( init ( cell 1 6 b ) ), ( init ( cell 2 1 b ) ), ( init ( cell 2 2 b ) ), ( init ( cell 2 3 b ) ), ( init ( cell 2 4 b ) ), ( init ( cell 2 5 b ) ), ( init ( cell 2 6 b ) ), ( init ( cell 3 1 b ) ), ( init ( cell 3 2 b ) ), ( init ( cell 3 3 b ) ), ( init ( cell 3 4 b ) ), ( init ( cell 3 5 b ) ), ( init ( cell 3 6 b ) ), ( init ( cell 4 1 b ) ), ( init ( cell 4 2 b ) ), ( init ( cell 4 3 b ) ), ( init ( cell 4 4 b ) ), ( init ( cell 4 5 b ) ), ( init ( cell 4 6 b ) ), ( init ( cell 5 1 b ) ), ( init ( cell 5 2 b ) ), ( init ( cell 5 3 b ) ), ( init ( cell 5 4 b ) ), ( init ( cell 5 5 b ) ), ( init ( cell 5 6 b ) ), ( init ( cell 6 1 b ) ), ( init ( cell 6 2 b ) ), ( init ( cell 6 3 b ) ), ( init ( cell 6 4 b ) ), ( init ( cell 6 5 b ) ), ( init ( cell 6 6 b ) ), ( init ( cell 7 1 b ) ), ( init ( cell 7 2 b ) ), ( init ( cell 7 3 b ) ), ( init ( cell 7 4 b ) ), ( init ( cell 7 5 b ) ), ( init ( cell 7 6 b ) ), ( init ( control white ) ), ( <= ( empty ?c ?h ) ( true ( cell ?c ?h b ) ) ), ( <= ( filled ?c ?h ) ( true ( cell ?c ?h dirt ) ) ), ( <= ( filled ?c ?h ) ( true ( cell ?c ?h w ) ) ), ( <= ( filled ?c ?h ) ( true ( cell ?c ?h r ) ) ), ( <= ( next ( cell ?c ?h2 w ) ) ( does white ( drop ?c ) ) ( true ( cell ?c ?h2 b ) ) ( filled ?c ?h1 ) ( succ ?h1 ?h2 ) ), ( <= ( next ( cell ?c ?h2 r ) ) ( does red ( drop ?c ) ) ( true ( cell ?c ?h2 b ) ) ( filled ?c ?h1 ) ( succ ?h1 ?h2 ) ), ( <= ( next ( cell ?x ?y ?z ) ) ( true ( cell ?x ?y ?z ) ) ( distinct ?z b ) ), ( <= ( next ( cell ?c2 ?y b ) ) ( does ?w ( drop ?c1 ) ) ( true ( cell ?c2 ?y b ) ) ( distinct ?c1 ?c2 ) ), ( <= ( next ( cell ?c ?y2 b ) ) ( true ( cell ?c ?y1 b ) ) ( distinct ?y1 6 ) ( succ ?y1 ?y2 ) ), ( <= ( next ( control white ) ) ( true ( control red ) ) ), ( <= ( next ( control red ) ) ( true ( control white ) ) ), ( <= ( row ?z ) ( true ( cell ?x1 ?y ?z ) ) ( distinct ?z b ) ( distinct ?z dirt ) ( succ ?x1 ?x2 ) ( true ( cell ?x2 ?y ?z ) ) ( succ ?x2 ?x3 ) ( true ( cell ?x3 ?y ?z ) ) ( succ ?x3 ?x4 ) ( true ( cell ?x4 ?y ?z ) ) ), ( <= ( column ?z ) ( true ( cell ?x ?y1 ?z ) ) ( distinct ?z b ) ( succ ?y1 ?y2 ) ( true ( cell ?x ?y2 ?z ) ) ( succ ?y2 ?y3 ) ( true ( cell ?x ?y3 ?z ) ) ( succ ?y3 ?y4 ) ( true ( cell ?x ?y4 ?z ) ) ), ( <= ( diag ?z ) ( true ( cell ?x1 ?y1 ?z ) ) ( distinct ?z b ) ( succ ?x1 ?x2 ) ( succ ?y1 ?y2 ) ( true ( cell ?x2 ?y2 ?z ) ) ( succ ?x2 ?x3 ) ( succ ?y2 ?y3 ) ( true ( cell ?x3 ?y3 ?z ) ) ( succ ?x3 ?x4 ) ( succ ?y3 ?y4 ) ( true ( cell ?x4 ?y4 ?z ) ) ), ( <= ( diag ?z ) ( true ( cell ?x1 ?y1 ?z ) ) ( distinct ?z b ) ( succ ?x1 ?x2 ) ( succ ?y2 ?y1 ) ( true ( cell ?x2 ?y2 ?z ) ) ( succ ?x2 ?x3 ) ( succ ?y3 ?y2 ) ( true ( cell ?x3 ?y3 ?z ) ) ( succ ?x3 ?x4 ) ( succ ?y4 ?y3 ) ( true ( cell ?x4 ?y4 ?z ) ) ), ( <= ( line ?x ) ( row ?x ) ), ( <= ( line ?x ) ( column ?x ) ), ( <= ( line ?x ) ( diag ?x ) ), ( <= open ( empty ?c ?h ) ), ( <= terminal ( line r ) ), ( <= terminal ( line w ) ), ( <= terminal ( not open ) ), ( <= ( legal ?w ( drop ?c ) ) ( true ( cell ?c ?y2 b ) ) ( filled ?c ?y1 ) ( succ ?y1 ?y2 ) ( true ( control ?w ) ) ), ( <= ( legal white noop ) ( true ( control red ) ) ), ( <= ( legal red noop ) ( true ( control white ) ) ), ( <= ( goal white 100 ) ( line w ) ), ( <= ( goal white 50 ) ( not ( line r ) ) ( not ( line w ) ) ( not open ) ), ( <= ( goal white 0 ) ( line r ) ), ( <= ( goal red 100 ) ( line r ) ), ( <= ( goal red 50 ) ( not ( line r ) ) ( not ( line w ) ) ( not open ) ), ( <= ( goal red 0 ) ( line w ) ), ( <= ( goal ?w 70 ) ( role ?w ) ( not ( line r ) ) ( not ( line w ) ) open ), ( <= ( lte 0 ?x ) ( number ?x ) ), ( <= ( lte ?x ?x ) ( number ?x ) ), ( <= ( lte ?x ?z ) ( succ ?y ?z ) ( lte ?x ?y ) ), ( <= ( lte ?x ?y ) ( succ ?x ?y ) ), ( number 0 ), ( number 1 ), ( number 2 ), ( number 3 ), ( number 4 ), ( number 5 ), ( number 6 ), ( number 7 ), ( number 8 ), ( succ 0 1 ), ( succ 1 2 ), ( succ 2 3 ), ( succ 3 4 ), ( succ 4 5 ), ( succ 5 6 ), ( succ 6 7 ), ( succ 7 8 )]
LOG 1641833725670 [L3]: Start clock: 15
LOG 1641833725670 [L3]: Play clock: 10
LOG 1641833730661 [L0]: [Sent at 1641833730661] ready
LOG 1641833730663 [L0]: [Received at 1641833730663] ( PLAY 12.connect4.1641833725595 NIL )
LOG 1641833730664 [L0]: [Sent at 1641833730664] ( drop 3 )
LOG 1641833730666 [L0]: [Received at 1641833730666] ( PLAY 12.connect4.1641833725595 (( drop 3 ) noop ) )
LOG 1641833730669 [L0]: [Sent at 1641833730669] noop
LOG 1641833730678 [L0]: [Received at 1641833730678] ( PLAY 12.connect4.1641833725595 (noop ( drop 2 ) ) )
LOG 1641833730687 [L0]: [Sent at 1641833730687] ( drop 1 )
LOG 1641833730693 [L0]: [Received at 1641833730693] ( PLAY 12.connect4.1641833725595 (( drop 1 ) noop ) )
LOG 1641833730697 [L0]: [Sent at 1641833730697] noop
LOG 1641833730706 [L0]: [Received at 1641833730706] ( PLAY 12.connect4.1641833725595 (noop ( drop 1 ) ) )
LOG 1641833730707 [L0]: [Sent at 1641833730707] ( drop 5 )
LOG 1641833730710 [L0]: [Received at 1641833730710] ( PLAY 12.connect4.1641833725595 (( drop 5 ) noop ) )
LOG 1641833730711 [L0]: [Sent at 1641833730711] noop
LOG 1641833730714 [L0]: [Received at 1641833730714] ( PLAY 12.connect4.1641833725595 (noop ( drop 7 ) ) )
LOG 1641833730715 [L0]: [Sent at 1641833730715] ( drop 7 )
LOG 1641833730718 [L0]: [Received at 1641833730718] ( PLAY 12.connect4.1641833725595 (( drop 7 ) noop ) )
LOG 1641833730719 [L0]: [Sent at 1641833730719] noop
LOG 1641833730722 [L0]: [Received at 1641833730722] ( PLAY 12.connect4.1641833725595 (noop ( drop 1 ) ) )
LOG 1641833730723 [L0]: [Sent at 1641833730723] ( drop 2 )
LOG 1641833730726 [L0]: [Received at 1641833730726] ( PLAY 12.connect4.1641833725595 (( drop 2 ) noop ) )
LOG 1641833730727 [L0]: [Sent at 1641833730727] noop
LOG 1641833730730 [L0]: [Received at 1641833730730] ( PLAY 12.connect4.1641833725595 (noop ( drop 4 ) ) )
LOG 1641833730731 [L0]: [Sent at 1641833730731] ( drop 4 )
LOG 1641833730735 [L0]: [Received at 1641833730735] ( PLAY 12.connect4.1641833725595 (( drop 4 ) noop ) )
LOG 1641833730736 [L0]: [Sent at 1641833730736] noop
LOG 1641833730739 [L0]: [Received at 1641833730739] ( PLAY 12.connect4.1641833725595 (noop ( drop 4 ) ) )
LOG 1641833730740 [L0]: [Sent at 1641833730740] ( drop 3 )
LOG 1641833730745 [L0]: [Received at 1641833730745] ( PLAY 12.connect4.1641833725595 (( drop 3 ) noop ) )
LOG 1641833730746 [L0]: [Sent at 1641833730746] noop
LOG 1641833730748 [L0]: [Received at 1641833730748] ( PLAY 12.connect4.1641833725595 (noop ( drop 7 ) ) )
LOG 1641833730749 [L0]: [Sent at 1641833730749] ( drop 2 )
LOG 1641833730752 [L0]: [Received at 1641833730752] ( PLAY 12.connect4.1641833725595 (( drop 2 ) noop ) )
LOG 1641833730753 [L0]: [Sent at 1641833730753] noop
LOG 1641833730756 [L0]: [Received at 1641833730756] ( PLAY 12.connect4.1641833725595 (noop ( drop 3 ) ) )
LOG 1641833730758 [L0]: [Sent at 1641833730758] ( drop 1 )
LOG 1641833730761 [L0]: [Received at 1641833730761] ( PLAY 12.connect4.1641833725595 (( drop 1 ) noop ) )
LOG 1641833730762 [L0]: [Sent at 1641833730762] noop
LOG 1641833730766 [L0]: [Received at 1641833730766] ( PLAY 12.connect4.1641833725595 (noop ( drop 4 ) ) )
LOG 1641833730768 [L0]: [Sent at 1641833730768] ( drop 1 )
LOG 1641833730770 [L0]: [Received at 1641833730770] ( PLAY 12.connect4.1641833725595 (( drop 1 ) noop ) )
LOG 1641833730772 [L0]: [Sent at 1641833730772] noop
LOG 1641833730774 [L0]: [Received at 1641833730774] ( PLAY 12.connect4.1641833725595 (noop ( drop 6 ) ) )
LOG 1641833730776 [L0]: [Sent at 1641833730776] ( drop 3 )
LOG 1641833730778 [L0]: [Received at 1641833730778] ( PLAY 12.connect4.1641833725595 (( drop 3 ) noop ) )
LOG 1641833730780 [L0]: [Sent at 1641833730780] noop
LOG 1641833730784 [L0]: [Received at 1641833730784] ( PLAY 12.connect4.1641833725595 (noop ( drop 5 ) ) )
LOG 1641833730785 [L0]: [Sent at 1641833730785] ( drop 1 )
LOG 1641833730788 [L0]: [Received at 1641833730788] ( PLAY 12.connect4.1641833725595 (( drop 1 ) noop ) )
LOG 1641833730789 [L0]: [Sent at 1641833730789] noop
LOG 1641833730793 [L0]: [Received at 1641833730793] ( PLAY 12.connect4.1641833725595 (noop ( drop 4 ) ) )
LOG 1641833730794 [L0]: [Sent at 1641833730794] ( drop 4 )
LOG 1641833730797 [L0]: [Received at 1641833730797] ( PLAY 12.connect4.1641833725595 (( drop 4 ) noop ) )
LOG 1641833730798 [L0]: [Sent at 1641833730798] noop
LOG 1641833730801 [L0]: [Received at 1641833730801] ( PLAY 12.connect4.1641833725595 (noop ( drop 5 ) ) )
LOG 1641833730802 [L0]: [Sent at 1641833730802] ( drop 2 )
LOG 1641833730807 [L0]: [Received at 1641833730807] ( PLAY 12.connect4.1641833725595 (( drop 2 ) noop ) )
LOG 1641833730808 [L0]: [Sent at 1641833730808] noop
LOG 1641833730822 [L0]: [Received at 1641833730822] ( PLAY 12.connect4.1641833725595 (noop ( drop 3 ) ) )
LOG 1641833730823 [L0]: [Sent at 1641833730823] ( drop 3 )
LOG 1641833730827 [L0]: [Received at 1641833730827] ( PLAY 12.connect4.1641833725595 (( drop 3 ) noop ) )
LOG 1641833730828 [L0]: [Sent at 1641833730828] noop
LOG 1641833730831 [L0]: [Received at 1641833730831] ( PLAY 12.connect4.1641833725595 (noop ( drop 7 ) ) )
LOG 1641833730833 [L0]: [Sent at 1641833730833] ( drop 2 )
LOG 1641833730840 [L0]: [Received at 1641833730840] ( STOP 12.connect4.1641833725595 (( drop 2 ) noop ) )
LOG 1641833730841 [L3]: Stopped logging to files at: Mon Jan 10 17:55:30 CET 2022
LOG 1641833730841 [L3]: LOG SEALED
