LOG 1641832851476 [L3]: Started match logging at: Mon Jan 10 17:40:51 CET 2022
LOG 1641832851478 [L3]: Game rules: [( role white ), ( role red ), ( init ( cell 1 0 dirt ) ), ( init ( cell 2 0 dirt ) ), ( init ( cell 3 0 dirt ) ), ( init ( cell 4 0 dirt ) ), ( init ( cell 5 0 dirt ) ), ( init ( cell 6 0 dirt ) ), ( init ( cell 7 0 dirt ) ), ( init ( cell 1 1 b ) ), ( init ( cell 1 2 b ) ), ( init ( cell 1 3 b ) ), ( init ( cell 1 4 b ) ), ( init ( cell 1 5 b ) ), ( init ( cell 1 6 b ) ), ( init ( cell 2 1 b ) ), ( init ( cell 2 2 b ) ), ( init ( cell 2 3 b ) ), ( init ( cell 2 4 b ) ), ( init ( cell 2 5 b ) ), ( init ( cell 2 6 b ) ), ( init ( cell 3 1 b ) ), ( init ( cell 3 2 b ) ), ( init ( cell 3 3 b ) ), ( init ( cell 3 4 b ) ), ( init ( cell 3 5 b ) ), ( init ( cell 3 6 b ) ), ( init ( cell 4 1 b ) ), ( init ( cell 4 2 b ) ), ( init ( cell 4 3 b ) ), ( init ( cell 4 4 b ) ), ( init ( cell 4 5 b ) ), ( init ( cell 4 6 b ) ), ( init ( cell 5 1 b ) ), ( init ( cell 5 2 b ) ), ( init ( cell 5 3 b ) ), ( init ( cell 5 4 b ) ), ( init ( cell 5 5 b ) ), ( init ( cell 5 6 b ) ), ( init ( cell 6 1 b ) ), ( init ( cell 6 2 b ) ), ( init ( cell 6 3 b ) ), ( init ( cell 6 4 b ) ), ( init ( cell 6 5 b ) ), ( init ( cell 6 6 b ) ), ( init ( cell 7 1 b ) ), ( init ( cell 7 2 b ) ), ( init ( cell 7 3 b ) ), ( init ( cell 7 4 b ) ), ( init ( cell 7 5 b ) ), ( init ( cell 7 6 b ) ), ( init ( control white ) ), ( <= ( empty ?c ?h ) ( true ( cell ?c ?h b ) ) ), ( <= ( filled ?c ?h ) ( true ( cell ?c ?h dirt ) ) ), ( <= ( filled ?c ?h ) ( true ( cell ?c ?h w ) ) ), ( <= ( filled ?c ?h ) ( true ( cell ?c ?h r ) ) ), ( <= ( next ( cell ?c ?h2 w ) ) ( does white ( drop ?c ) ) ( true ( cell ?c ?h2 b ) ) ( filled ?c ?h1 ) ( succ ?h1 ?h2 ) ), ( <= ( next ( cell ?c ?h2 r ) ) ( does red ( drop ?c ) ) ( true ( cell ?c ?h2 b ) ) ( filled ?c ?h1 ) ( succ ?h1 ?h2 ) ), ( <= ( next ( cell ?x ?y ?z ) ) ( true ( cell ?x ?y ?z ) ) ( distinct ?z b ) ), ( <= ( next ( cell ?c2 ?y b ) ) ( does ?w ( drop ?c1 ) ) ( true ( cell ?c2 ?y b ) ) ( distinct ?c1 ?c2 ) ), ( <= ( next ( cell ?c ?y2 b ) ) ( true ( cell ?c ?y1 b ) ) ( distinct ?y1 6 ) ( succ ?y1 ?y2 ) ), ( <= ( next ( control white ) ) ( true ( control red ) ) ), ( <= ( next ( control red ) ) ( true ( control white ) ) ), ( <= ( row ?z ) ( true ( cell ?x1 ?y ?z ) ) ( distinct ?z b ) ( distinct ?z dirt ) ( succ ?x1 ?x2 ) ( true ( cell ?x2 ?y ?z ) ) ( succ ?x2 ?x3 ) ( true ( cell ?x3 ?y ?z ) ) ( succ ?x3 ?x4 ) ( true ( cell ?x4 ?y ?z ) ) ), ( <= ( column ?z ) ( true ( cell ?x ?y1 ?z ) ) ( distinct ?z b ) ( succ ?y1 ?y2 ) ( true ( cell ?x ?y2 ?z ) ) ( succ ?y2 ?y3 ) ( true ( cell ?x ?y3 ?z ) ) ( succ ?y3 ?y4 ) ( true ( cell ?x ?y4 ?z ) ) ), ( <= ( diag ?z ) ( true ( cell ?x1 ?y1 ?z ) ) ( distinct ?z b ) ( succ ?x1 ?x2 ) ( succ ?y1 ?y2 ) ( true ( cell ?x2 ?y2 ?z ) ) ( succ ?x2 ?x3 ) ( succ ?y2 ?y3 ) ( true ( cell ?x3 ?y3 ?z ) ) ( succ ?x3 ?x4 ) ( succ ?y3 ?y4 ) ( true ( cell ?x4 ?y4 ?z ) ) ), ( <= ( diag ?z ) ( true ( cell ?x1 ?y1 ?z ) ) ( distinct ?z b ) ( succ ?x1 ?x2 ) ( succ ?y2 ?y1 ) ( true ( cell ?x2 ?y2 ?z ) ) ( succ ?x2 ?x3 ) ( succ ?y3 ?y2 ) ( true ( cell ?x3 ?y3 ?z ) ) ( succ ?x3 ?x4 ) ( succ ?y4 ?y3 ) ( true ( cell ?x4 ?y4 ?z ) ) ), ( <= ( line ?x ) ( row ?x ) ), ( <= ( line ?x ) ( column ?x ) ), ( <= ( line ?x ) ( diag ?x ) ), ( <= open ( empty ?c ?h ) ), ( <= terminal ( line r ) ), ( <= terminal ( line w ) ), ( <= terminal ( not open ) ), ( <= ( legal ?w ( drop ?c ) ) ( true ( cell ?c ?y2 b ) ) ( filled ?c ?y1 ) ( succ ?y1 ?y2 ) ( true ( control ?w ) ) ), ( <= ( legal white noop ) ( true ( control red ) ) ), ( <= ( legal red noop ) ( true ( control white ) ) ), ( <= ( goal white 100 ) ( line w ) ), ( <= ( goal white 50 ) ( not ( line r ) ) ( not ( line w ) ) ( not open ) ), ( <= ( goal white 0 ) ( line r ) ), ( <= ( goal red 100 ) ( line r ) ), ( <= ( goal red 50 ) ( not ( line r ) ) ( not ( line w ) ) ( not open ) ), ( <= ( goal red 0 ) ( line w ) ), ( <= ( goal ?w 70 ) ( role ?w ) ( not ( line r ) ) ( not ( line w ) ) open ), ( <= ( lte 0 ?x ) ( number ?x ) ), ( <= ( lte ?x ?x ) ( number ?x ) ), ( <= ( lte ?x ?z ) ( succ ?y ?z ) ( lte ?x ?y ) ), ( <= ( lte ?x ?y ) ( succ ?x ?y ) ), ( number 0 ), ( number 1 ), ( number 2 ), ( number 3 ), ( number 4 ), ( number 5 ), ( number 6 ), ( number 7 ), ( number 8 ), ( succ 0 1 ), ( succ 1 2 ), ( succ 2 3 ), ( succ 3 4 ), ( succ 4 5 ), ( succ 5 6 ), ( succ 6 7 ), ( succ 7 8 )]
LOG 1641832851484 [L3]: Start clock: 15
LOG 1641832851484 [L3]: Play clock: 10
LOG 1641832856476 [L0]: [Sent at 1641832856476] ready
LOG 1641832856478 [L0]: [Received at 1641832856478] ( PLAY 9.connect4.1641832851401 NIL )
LOG 1641832856479 [L0]: [Sent at 1641832856479] noop
LOG 1641832856482 [L0]: [Received at 1641832856482] ( PLAY 9.connect4.1641832851401 (( drop 4 ) noop ) )
LOG 1641832856486 [L0]: [Sent at 1641832856486] ( drop 3 )
LOG 1641832856488 [L0]: [Received at 1641832856488] ( PLAY 9.connect4.1641832851401 (noop ( drop 3 ) ) )
LOG 1641832856497 [L0]: [Sent at 1641832856497] noop
LOG 1641832856500 [L0]: [Received at 1641832856500] ( PLAY 9.connect4.1641832851401 (( drop 4 ) noop ) )
LOG 1641832856505 [L0]: [Sent at 1641832856505] ( drop 3 )
LOG 1641832856507 [L0]: [Received at 1641832856507] ( PLAY 9.connect4.1641832851401 (noop ( drop 3 ) ) )
LOG 1641832856508 [L0]: [Sent at 1641832856508] noop
LOG 1641832856510 [L0]: [Received at 1641832856510] ( PLAY 9.connect4.1641832851401 (( drop 1 ) noop ) )
LOG 1641832856512 [L0]: [Sent at 1641832856512] ( drop 6 )
LOG 1641832856514 [L0]: [Received at 1641832856514] ( PLAY 9.connect4.1641832851401 (noop ( drop 6 ) ) )
LOG 1641832856515 [L0]: [Sent at 1641832856515] noop
LOG 1641832856518 [L0]: [Received at 1641832856518] ( PLAY 9.connect4.1641832851401 (( drop 4 ) noop ) )
LOG 1641832856519 [L0]: [Sent at 1641832856519] ( drop 4 )
LOG 1641832856521 [L0]: [Received at 1641832856521] ( PLAY 9.connect4.1641832851401 (noop ( drop 4 ) ) )
LOG 1641832856523 [L0]: [Sent at 1641832856523] noop
LOG 1641832856526 [L0]: [Received at 1641832856526] ( PLAY 9.connect4.1641832851401 (( drop 4 ) noop ) )
LOG 1641832856527 [L0]: [Sent at 1641832856527] ( drop 2 )
LOG 1641832856530 [L0]: [Received at 1641832856530] ( PLAY 9.connect4.1641832851401 (noop ( drop 2 ) ) )
LOG 1641832856532 [L0]: [Sent at 1641832856532] noop
LOG 1641832856535 [L0]: [Received at 1641832856535] ( PLAY 9.connect4.1641832851401 (( drop 7 ) noop ) )
LOG 1641832856537 [L0]: [Sent at 1641832856537] ( drop 7 )
LOG 1641832856539 [L0]: [Received at 1641832856539] ( PLAY 9.connect4.1641832851401 (noop ( drop 7 ) ) )
LOG 1641832856541 [L0]: [Sent at 1641832856541] noop
LOG 1641832856544 [L0]: [Received at 1641832856544] ( PLAY 9.connect4.1641832851401 (( drop 4 ) noop ) )
LOG 1641832856546 [L0]: [Sent at 1641832856546] ( drop 1 )
LOG 1641832856549 [L0]: [Received at 1641832856549] ( PLAY 9.connect4.1641832851401 (noop ( drop 1 ) ) )
LOG 1641832856550 [L0]: [Sent at 1641832856550] noop
LOG 1641832856553 [L0]: [Received at 1641832856553] ( PLAY 9.connect4.1641832851401 (( drop 2 ) noop ) )
LOG 1641832856555 [L0]: [Sent at 1641832856555] ( drop 1 )
LOG 1641832856559 [L0]: [Received at 1641832856559] ( PLAY 9.connect4.1641832851401 (noop ( drop 1 ) ) )
LOG 1641832856560 [L0]: [Sent at 1641832856560] noop
LOG 1641832856564 [L0]: [Received at 1641832856564] ( PLAY 9.connect4.1641832851401 (( drop 2 ) noop ) )
LOG 1641832856566 [L0]: [Sent at 1641832856566] ( drop 2 )
LOG 1641832856570 [L0]: [Received at 1641832856570] ( PLAY 9.connect4.1641832851401 (noop ( drop 2 ) ) )
LOG 1641832856571 [L0]: [Sent at 1641832856571] noop
LOG 1641832856575 [L0]: [Received at 1641832856575] ( PLAY 9.connect4.1641832851401 (( drop 6 ) noop ) )
LOG 1641832856576 [L0]: [Sent at 1641832856576] ( drop 3 )
LOG 1641832856579 [L0]: [Received at 1641832856579] ( PLAY 9.connect4.1641832851401 (noop ( drop 3 ) ) )
LOG 1641832856580 [L0]: [Sent at 1641832856580] noop
LOG 1641832856587 [L0]: [Received at 1641832856587] ( PLAY 9.connect4.1641832851401 (( drop 6 ) noop ) )
LOG 1641832856588 [L0]: [Sent at 1641832856588] ( drop 3 )
LOG 1641832856594 [L0]: [Received at 1641832856594] ( STOP 9.connect4.1641832851401 (noop ( drop 3 ) ) )
LOG 1641832856594 [L3]: Stopped logging to files at: Mon Jan 10 17:40:56 CET 2022
LOG 1641832856595 [L3]: LOG SEALED
