LOG 1641848327104 [L3]: Started match logging at: Mon Jan 10 21:58:47 CET 2022
LOG 1641848327112 [L3]: Game rules: [( role white ), ( role red ), ( init ( cell 1 0 dirt ) ), ( init ( cell 2 0 dirt ) ), ( init ( cell 3 0 dirt ) ), ( init ( cell 4 0 dirt ) ), ( init ( cell 5 0 dirt ) ), ( init ( cell 6 0 dirt ) ), ( init ( cell 7 0 dirt ) ), ( init ( cell 1 1 b ) ), ( init ( cell 1 2 b ) ), ( init ( cell 1 3 b ) ), ( init ( cell 1 4 b ) ), ( init ( cell 1 5 b ) ), ( init ( cell 1 6 b ) ), ( init ( cell 2 1 b ) ), ( init ( cell 2 2 b ) ), ( init ( cell 2 3 b ) ), ( init ( cell 2 4 b ) ), ( init ( cell 2 5 b ) ), ( init ( cell 2 6 b ) ), ( init ( cell 3 1 b ) ), ( init ( cell 3 2 b ) ), ( init ( cell 3 3 b ) ), ( init ( cell 3 4 b ) ), ( init ( cell 3 5 b ) ), ( init ( cell 3 6 b ) ), ( init ( cell 4 1 b ) ), ( init ( cell 4 2 b ) ), ( init ( cell 4 3 b ) ), ( init ( cell 4 4 b ) ), ( init ( cell 4 5 b ) ), ( init ( cell 4 6 b ) ), ( init ( cell 5 1 b ) ), ( init ( cell 5 2 b ) ), ( init ( cell 5 3 b ) ), ( init ( cell 5 4 b ) ), ( init ( cell 5 5 b ) ), ( init ( cell 5 6 b ) ), ( init ( cell 6 1 b ) ), ( init ( cell 6 2 b ) ), ( init ( cell 6 3 b ) ), ( init ( cell 6 4 b ) ), ( init ( cell 6 5 b ) ), ( init ( cell 6 6 b ) ), ( init ( cell 7 1 b ) ), ( init ( cell 7 2 b ) ), ( init ( cell 7 3 b ) ), ( init ( cell 7 4 b ) ), ( init ( cell 7 5 b ) ), ( init ( cell 7 6 b ) ), ( init ( control white ) ), ( <= ( empty ?c ?h ) ( true ( cell ?c ?h b ) ) ), ( <= ( filled ?c ?h ) ( true ( cell ?c ?h dirt ) ) ), ( <= ( filled ?c ?h ) ( true ( cell ?c ?h w ) ) ), ( <= ( filled ?c ?h ) ( true ( cell ?c ?h r ) ) ), ( <= ( next ( cell ?c ?h2 w ) ) ( does white ( drop ?c ) ) ( true ( cell ?c ?h2 b ) ) ( filled ?c ?h1 ) ( succ ?h1 ?h2 ) ), ( <= ( next ( cell ?c ?h2 r ) ) ( does red ( drop ?c ) ) ( true ( cell ?c ?h2 b ) ) ( filled ?c ?h1 ) ( succ ?h1 ?h2 ) ), ( <= ( next ( cell ?x ?y ?z ) ) ( true ( cell ?x ?y ?z ) ) ( distinct ?z b ) ), ( <= ( next ( cell ?c2 ?y b ) ) ( does ?w ( drop ?c1 ) ) ( true ( cell ?c2 ?y b ) ) ( distinct ?c1 ?c2 ) ), ( <= ( next ( cell ?c ?y2 b ) ) ( true ( cell ?c ?y1 b ) ) ( distinct ?y1 6 ) ( succ ?y1 ?y2 ) ), ( <= ( next ( control white ) ) ( true ( control red ) ) ), ( <= ( next ( control red ) ) ( true ( control white ) ) ), ( <= ( row ?z ) ( true ( cell ?x1 ?y ?z ) ) ( distinct ?z b ) ( distinct ?z dirt ) ( succ ?x1 ?x2 ) ( true ( cell ?x2 ?y ?z ) ) ( succ ?x2 ?x3 ) ( true ( cell ?x3 ?y ?z ) ) ( succ ?x3 ?x4 ) ( true ( cell ?x4 ?y ?z ) ) ), ( <= ( column ?z ) ( true ( cell ?x ?y1 ?z ) ) ( distinct ?z b ) ( succ ?y1 ?y2 ) ( true ( cell ?x ?y2 ?z ) ) ( succ ?y2 ?y3 ) ( true ( cell ?x ?y3 ?z ) ) ( succ ?y3 ?y4 ) ( true ( cell ?x ?y4 ?z ) ) ), ( <= ( diag ?z ) ( true ( cell ?x1 ?y1 ?z ) ) ( distinct ?z b ) ( succ ?x1 ?x2 ) ( succ ?y1 ?y2 ) ( true ( cell ?x2 ?y2 ?z ) ) ( succ ?x2 ?x3 ) ( succ ?y2 ?y3 ) ( true ( cell ?x3 ?y3 ?z ) ) ( succ ?x3 ?x4 ) ( succ ?y3 ?y4 ) ( true ( cell ?x4 ?y4 ?z ) ) ), ( <= ( diag ?z ) ( true ( cell ?x1 ?y1 ?z ) ) ( distinct ?z b ) ( succ ?x1 ?x2 ) ( succ ?y2 ?y1 ) ( true ( cell ?x2 ?y2 ?z ) ) ( succ ?x2 ?x3 ) ( succ ?y3 ?y2 ) ( true ( cell ?x3 ?y3 ?z ) ) ( succ ?x3 ?x4 ) ( succ ?y4 ?y3 ) ( true ( cell ?x4 ?y4 ?z ) ) ), ( <= ( line ?x ) ( row ?x ) ), ( <= ( line ?x ) ( column ?x ) ), ( <= ( line ?x ) ( diag ?x ) ), ( <= open ( empty ?c ?h ) ), ( <= terminal ( line r ) ), ( <= terminal ( line w ) ), ( <= terminal ( not open ) ), ( <= ( legal ?w ( drop ?c ) ) ( true ( cell ?c ?y2 b ) ) ( filled ?c ?y1 ) ( succ ?y1 ?y2 ) ( true ( control ?w ) ) ), ( <= ( legal white noop ) ( true ( control red ) ) ), ( <= ( legal red noop ) ( true ( control white ) ) ), ( <= ( goal white 100 ) ( line w ) ), ( <= ( goal white 50 ) ( not ( line r ) ) ( not ( line w ) ) ( not open ) ), ( <= ( goal white 0 ) ( line r ) ), ( <= ( goal red 100 ) ( line r ) ), ( <= ( goal red 50 ) ( not ( line r ) ) ( not ( line w ) ) ( not open ) ), ( <= ( goal red 0 ) ( line w ) ), ( <= ( goal ?w 70 ) ( role ?w ) ( not ( line r ) ) ( not ( line w ) ) open ), ( <= ( lte 0 ?x ) ( number ?x ) ), ( <= ( lte ?x ?x ) ( number ?x ) ), ( <= ( lte ?x ?z ) ( succ ?y ?z ) ( lte ?x ?y ) ), ( <= ( lte ?x ?y ) ( succ ?x ?y ) ), ( number 0 ), ( number 1 ), ( number 2 ), ( number 3 ), ( number 4 ), ( number 5 ), ( number 6 ), ( number 7 ), ( number 8 ), ( succ 0 1 ), ( succ 1 2 ), ( succ 2 3 ), ( succ 3 4 ), ( succ 4 5 ), ( succ 5 6 ), ( succ 6 7 ), ( succ 7 8 )]
LOG 1641848327112 [L3]: Start clock: 15
LOG 1641848327112 [L3]: Play clock: 20
LOG 1641848332103 [L0]: [Sent at 1641848332103] ready
LOG 1641848332117 [L0]: [Received at 1641848332117] ( PLAY 19.connect4.1641848327052 NIL )
LOG 1641848342118 [L0]: [Sent at 1641848342118] noop
LOG 1641848342120 [L0]: [Received at 1641848342120] ( PLAY 19.connect4.1641848327052 (( drop 2 ) noop ) )
LOG 1641848352121 [L0]: [Sent at 1641848352121] ( drop 4 )
LOG 1641848352124 [L0]: [Received at 1641848352124] ( PLAY 19.connect4.1641848327052 (noop ( drop 4 ) ) )
LOG 1641848362131 [L0]: [Sent at 1641848362131] noop
LOG 1641848362143 [L0]: [Received at 1641848362143] ( PLAY 19.connect4.1641848327052 (( drop 4 ) noop ) )
LOG 1641848372144 [L0]: [Sent at 1641848372143] ( drop 4 )
LOG 1641848372147 [L0]: [Received at 1641848372147] ( PLAY 19.connect4.1641848327052 (noop ( drop 4 ) ) )
LOG 1641848382147 [L0]: [Sent at 1641848382147] noop
LOG 1641848382149 [L0]: [Received at 1641848382149] ( PLAY 19.connect4.1641848327052 (( drop 6 ) noop ) )
LOG 1641848392150 [L0]: [Sent at 1641848392150] ( drop 4 )
LOG 1641848392153 [L0]: [Received at 1641848392153] ( PLAY 19.connect4.1641848327052 (noop ( drop 4 ) ) )
LOG 1641848402153 [L0]: [Sent at 1641848402153] noop
LOG 1641848402156 [L0]: [Received at 1641848402156] ( PLAY 19.connect4.1641848327052 (( drop 4 ) noop ) )
LOG 1641848412158 [L0]: [Sent at 1641848412158] ( drop 2 )
LOG 1641848412160 [L0]: [Received at 1641848412160] ( PLAY 19.connect4.1641848327052 (noop ( drop 2 ) ) )
LOG 1641848422162 [L0]: [Sent at 1641848422161] noop
LOG 1641848422164 [L0]: [Received at 1641848422164] ( PLAY 19.connect4.1641848327052 (( drop 2 ) noop ) )
LOG 1641848432164 [L0]: [Sent at 1641848432164] ( drop 6 )
LOG 1641848432167 [L0]: [Received at 1641848432167] ( PLAY 19.connect4.1641848327052 (noop ( drop 6 ) ) )
LOG 1641848442167 [L0]: [Sent at 1641848442167] noop
LOG 1641848442184 [L0]: [Received at 1641848442184] ( PLAY 19.connect4.1641848327052 (( drop 2 ) noop ) )
LOG 1641848452186 [L0]: [Sent at 1641848452186] ( drop 2 )
LOG 1641848452189 [L0]: [Received at 1641848452189] ( PLAY 19.connect4.1641848327052 (noop ( drop 2 ) ) )
LOG 1641848462189 [L0]: [Sent at 1641848462189] noop
LOG 1641848462192 [L0]: [Received at 1641848462192] ( PLAY 19.connect4.1641848327052 (( drop 2 ) noop ) )
LOG 1641848472193 [L0]: [Sent at 1641848472193] ( drop 5 )
LOG 1641848472196 [L0]: [Received at 1641848472196] ( PLAY 19.connect4.1641848327052 (noop ( drop 5 ) ) )
LOG 1641848482196 [L0]: [Sent at 1641848482196] noop
LOG 1641848482200 [L0]: [Received at 1641848482200] ( PLAY 19.connect4.1641848327052 (( drop 3 ) noop ) )
LOG 1641848492200 [L0]: [Sent at 1641848492200] ( drop 1 )
LOG 1641848492202 [L0]: [Received at 1641848492202] ( PLAY 19.connect4.1641848327052 (noop ( drop 1 ) ) )
LOG 1641848502202 [L0]: [Sent at 1641848502202] noop
LOG 1641848502205 [L0]: [Received at 1641848502205] ( PLAY 19.connect4.1641848327052 (( drop 7 ) noop ) )
LOG 1641848512205 [L0]: [Sent at 1641848512205] ( drop 3 )
LOG 1641848512208 [L0]: [Received at 1641848512208] ( PLAY 19.connect4.1641848327052 (noop ( drop 3 ) ) )
LOG 1641848522208 [L0]: [Sent at 1641848522208] noop
LOG 1641848522211 [L0]: [Received at 1641848522211] ( PLAY 19.connect4.1641848327052 (( drop 3 ) noop ) )
LOG 1641848532212 [L0]: [Sent at 1641848532212] ( drop 3 )
LOG 1641848532218 [L0]: [Received at 1641848532218] ( PLAY 19.connect4.1641848327052 (noop ( drop 3 ) ) )
LOG 1641848542219 [L0]: [Sent at 1641848542219] noop
LOG 1641848542222 [L0]: [Received at 1641848542222] ( PLAY 19.connect4.1641848327052 (( drop 3 ) noop ) )
LOG 1641848552223 [L0]: [Sent at 1641848552223] ( drop 5 )
LOG 1641848552228 [L0]: [Received at 1641848552228] ( STOP 19.connect4.1641848327052 (noop ( drop 5 ) ) )
LOG 1641848552229 [L3]: Stopped logging to files at: Mon Jan 10 22:02:32 CET 2022
LOG 1641848552230 [L3]: LOG SEALED
