LOG 1641845148774 [L3]: Returning initial state machine.
LOG 1641845148774 [L3]: Returning PropNet state machine without cache.
LOG 1641845148775 [L3]: Starting metagame with available thinking time 4990ms.
LOG 1641845148776 [L3]: Starting search during metagame.
LOG 1641845158834 [L3]: Done searching during metagame.
LOG 1641845158837 [L3]: Starting move selection for game step 1 with available time 0ms.
LOG 1641845158837 [L3]: No time to select next move using MCTS. Returning random move ( block r1 c3 ).
LOG 1641845158840 [L3]: Starting move selection for game step 2 with available time 0ms.
LOG 1641845158840 [L3]: No time to select next move using MCTS. Returning random move ( mark r2 c4 ).
LOG 1641845158845 [L3]: Starting move selection for game step 3 with available time 0ms.
LOG 1641845158852 [L3]: No time to select next move using MCTS. Returning random move noop.
LOG 1641845158855 [L3]: Starting move selection for game step 4 with available time 0ms.
LOG 1641845158856 [L3]: No time to select next move using MCTS. Returning random move ( block r2 c5 ).
LOG 1641845158860 [L3]: Starting move selection for game step 5 with available time 0ms.
LOG 1641845158860 [L3]: No time to select next move using MCTS. Returning random move ( mark r5 c3 ).
LOG 1641845158865 [L3]: Starting move selection for game step 6 with available time 0ms.
LOG 1641845158865 [L3]: No time to select next move using MCTS. Returning random move noop.
LOG 1641845158868 [L3]: Starting move selection for game step 7 with available time 0ms.
LOG 1641845158868 [L3]: No time to select next move using MCTS. Returning random move noop.
LOG 1641845158871 [L3]: Starting move selection for game step 8 with available time 0ms.
LOG 1641845158872 [L3]: No time to select next move using MCTS. Returning random move noop.
LOG 1641845158875 [L3]: Starting move selection for game step 9 with available time 0ms.
LOG 1641845158875 [L3]: No time to select next move using MCTS. Returning random move noop.
LOG 1641845158880 [L3]: Starting move selection for game step 10 with available time 0ms.
LOG 1641845158880 [L3]: No time to select next move using MCTS. Returning random move ( block r2 c1 ).
LOG 1641845158883 [L3]: Starting move selection for game step 11 with available time 0ms.
LOG 1641845158884 [L3]: No time to select next move using MCTS. Returning random move ( block r1 c4 ).
LOG 1641845158887 [L3]: Starting move selection for game step 12 with available time 0ms.
LOG 1641845158887 [L3]: No time to select next move using MCTS. Returning random move ( mark r5 c2 ).
LOG 1641845158894 [L3]: Starting move selection for game step 13 with available time 0ms.
LOG 1641845158894 [L3]: No time to select next move using MCTS. Returning random move noop.
LOG 1641845158898 [L3]: Starting move selection for game step 14 with available time 0ms.
LOG 1641845158898 [L3]: No time to select next move using MCTS. Returning random move noop.
LOG 1641845158902 [L3]: Starting move selection for game step 15 with available time 0ms.
LOG 1641845158902 [L3]: No time to select next move using MCTS. Returning random move noop.
LOG 1641845158909 [L3]: Starting move selection for game step 16 with available time 0ms.
LOG 1641845158909 [L3]: No time to select next move using MCTS. Returning random move ( mark r3 c7 ).
LOG 1641845158924 [L3]: Starting move selection for game step 17 with available time 0ms.
LOG 1641845158924 [L3]: No time to select next move using MCTS. Returning random move noop.
LOG 1641845158933 [L3]: Starting move selection for game step 18 with available time 0ms.
LOG 1641845158934 [L3]: No time to select next move using MCTS. Returning random move ( block r4 c5 ).
LOG 1641845158937 [L3]: Starting move selection for game step 19 with available time 0ms.
LOG 1641845158938 [L3]: No time to select next move using MCTS. Returning random move ( mark r6 c7 ).
LOG 1641845158964 [L3]: Starting move selection for game step 20 with available time 0ms.
LOG 1641845158965 [L3]: No time to select next move using MCTS. Returning random move noop.
LOG 1641845158989 [L3]: Starting move selection for game step 21 with available time 0ms.
LOG 1641845158989 [L3]: No time to select next move using MCTS. Returning random move ( mark r3 c3 ).
LOG 1641845159032 [L3]: Starting move selection for game step 22 with available time 0ms.
LOG 1641845159032 [L3]: No time to select next move using MCTS. Returning random move noop.
LOG 1641845159078 [L3]: Starting move selection for game step 23 with available time 0ms.
LOG 1641845159078 [L3]: No time to select next move using MCTS. Returning random move ( mark r5 c5 ).
LOG 1641845159148 [L3]: Starting move selection for game step 24 with available time 0ms.
LOG 1641845159149 [L3]: No time to select next move using MCTS. Returning random move noop.
LOG 1641845161235 [L3]: Starting move selection for game step 25 with available time 0ms.
LOG 1641845161235 [L3]: No time to select next move using MCTS. Returning random move ( mark r7 c5 ).
LOG 1641845161307 [L3]: Starting move selection for game step 26 with available time 0ms.
LOG 1641845161308 [L3]: No time to select next move using MCTS. Returning random move noop.
LOG 1641845161398 [L3]: Starting move selection for game step 27 with available time 0ms.
LOG 1641845161398 [L3]: No time to select next move using MCTS. Returning random move ( mark r3 c2 ).
LOG 1641845161521 [L3]: Starting move selection for game step 28 with available time 0ms.
LOG 1641845161521 [L3]: No time to select next move using MCTS. Returning random move noop.
LOG 1641845161683 [L3]: Starting move selection for game step 29 with available time 0ms.
LOG 1641845161683 [L3]: No time to select next move using MCTS. Returning random move ( mark r6 c1 ).
LOG 1641845163866 [L3]: Starting move selection for game step 30 with available time 0ms.
LOG 1641845163867 [L3]: No time to select next move using MCTS. Returning random move noop.
LOG 1641845164019 [L3]: Starting move selection for game step 31 with available time 0ms.
LOG 1641845164019 [L3]: No time to select next move using MCTS. Returning random move ( mark r3 c4 ).
LOG 1641845164266 [L3]: Starting move selection for game step 32 with available time 0ms.
LOG 1641845164266 [L3]: No time to select next move using MCTS. Returning random move noop.
LOG 1641845166550 [L3]: Starting move selection for game step 33 with available time 0ms.
LOG 1641845166551 [L3]: No time to select next move using MCTS. Returning random move ( mark r5 c1 ).
LOG 1641845166768 [L3]: Starting move selection for game step 34 with available time 0ms.
LOG 1641845166769 [L3]: No time to select next move using MCTS. Returning random move noop.
