LOG 1641840099612 [L3]: Started match logging at: Mon Jan 10 19:41:39 CET 2022
LOG 1641840099614 [L3]: Game rules: [( role x ), ( role o ), ( init ( quad x 12 ) ), ( init ( quad o 12 ) ), ( init ( white x 5 ) ), ( init ( white o 5 ) ), ( init ( cell r1 c2 b ) ), ( init ( cell r1 c3 b ) ), ( init ( cell r1 c4 b ) ), ( init ( cell r1 c5 b ) ), ( init ( cell r1 c6 b ) ), ( init ( cell r2 c1 b ) ), ( init ( cell r2 c2 b ) ), ( init ( cell r2 c3 b ) ), ( init ( cell r2 c4 b ) ), ( init ( cell r2 c5 b ) ), ( init ( cell r2 c6 b ) ), ( init ( cell r2 c7 b ) ), ( init ( cell r3 c1 b ) ), ( init ( cell r3 c2 b ) ), ( init ( cell r3 c3 b ) ), ( init ( cell r3 c4 b ) ), ( init ( cell r3 c5 b ) ), ( init ( cell r3 c6 b ) ), ( init ( cell r3 c7 b ) ), ( init ( cell r4 c1 b ) ), ( init ( cell r4 c2 b ) ), ( init ( cell r4 c3 b ) ), ( init ( cell r4 c4 b ) ), ( init ( cell r4 c5 b ) ), ( init ( cell r4 c6 b ) ), ( init ( cell r4 c7 b ) ), ( init ( cell r5 c1 b ) ), ( init ( cell r5 c2 b ) ), ( init ( cell r5 c3 b ) ), ( init ( cell r5 c4 b ) ), ( init ( cell r5 c5 b ) ), ( init ( cell r5 c6 b ) ), ( init ( cell r5 c7 b ) ), ( init ( cell r6 c1 b ) ), ( init ( cell r6 c2 b ) ), ( init ( cell r6 c3 b ) ), ( init ( cell r6 c4 b ) ), ( init ( cell r6 c5 b ) ), ( init ( cell r6 c6 b ) ), ( init ( cell r6 c7 b ) ), ( init ( cell r7 c2 b ) ), ( init ( cell r7 c3 b ) ), ( init ( cell r7 c4 b ) ), ( init ( cell r7 c5 b ) ), ( init ( cell r7 c6 b ) ), ( init ( control x ) ), ( ncol c1 c2 ), ( ncol c2 c3 ), ( ncol c3 c4 ), ( ncol c4 c5 ), ( ncol c5 c6 ), ( ncol c6 c7 ), ( nrow r1 r2 ), ( nrow r2 r3 ), ( nrow r3 r4 ), ( nrow r4 r5 ), ( nrow r5 r6 ), ( nrow r6 r7 ), ( <= ( prow ?x ?y ) ( nrow ?y ?x ) ), ( <= ( pcol ?x ?y ) ( ncol ?y ?x ) ), ( succ 0 1 ), ( succ 1 2 ), ( succ 2 3 ), ( succ 3 4 ), ( succ 4 5 ), ( succ 5 6 ), ( succ 6 7 ), ( succ 7 8 ), ( succ 8 9 ), ( succ 9 10 ), ( succ 10 11 ), ( succ 11 12 ), ( succ 12 13 ), ( succ 13 14 ), ( succ 14 15 ), ( succ 15 16 ), ( succ 16 17 ), ( succ 17 18 ), ( succ 18 19 ), ( succ 19 20 ), ( <= ( legal ?player ( mark ?x ?y ) ) ( true ( cell ?x ?y b ) ) ( true ( control ?player ) ) ), ( <= ( legal ?player ( block ?x ?y ) ) ( true ( cell ?x ?y b ) ) ( true ( control ?player ) ) ( true ( white ?player ?c ) ) ( distinct ?c 0 ) ), ( <= ( legal x noop ) ( true ( control o ) ) ), ( <= ( legal o noop ) ( true ( control x ) ) ), ( <= ( next ( cell ?m ?n ?p ) ) ( does ?p ( mark ?m ?n ) ) ), ( <= ( next ( cell ?m ?n w ) ) ( does ?p ( block ?m ?n ) ) ), ( <= ( next ( cell ?m ?n ?p ) ) ( true ( cell ?m ?n ?p ) ) ( distinct ?p b ) ), ( <= ( next ( cell ?m ?n b ) ) ( does ?W ( mark ?j ?k ) ) ( true ( cell ?m ?n b ) ) ( distinct ?m ?j ) ), ( <= ( next ( cell ?m ?n b ) ) ( does ?W ( mark ?j ?k ) ) ( true ( cell ?m ?n b ) ) ( distinct ?n ?k ) ), ( <= ( next ( cell ?m ?n b ) ) ( does ?W ( block ?j ?k ) ) ( true ( cell ?m ?n b ) ) ( distinct ?m ?j ) ), ( <= ( next ( cell ?m ?n b ) ) ( does ?W ( block ?j ?k ) ) ( true ( cell ?m ?n b ) ) ( distinct ?n ?k ) ), ( <= ( next ( quad ?p ?c ) ) ( true ( control ?q ) ) ( true ( quad ?p ?c ) ) ( distinct ?p ?q ) ), ( <= ( next ( white ?p ?c ) ) ( true ( control ?q ) ) ( true ( white ?p ?c ) ) ( distinct ?p ?q ) ), ( <= ( next ( quad ?p ?c ) ) ( does ?p ( mark ?j ?k ) ) ( true ( quad ?p ?c1 ) ) ( succ ?c ?c1 ) ), ( <= ( next ( white ?p ?c ) ) ( does ?p ( block ?j ?k ) ) ( true ( white ?p ?c1 ) ) ( succ ?c ?c1 ) ), ( <= ( next ( quad ?p ?c ) ) ( does ?p ( block ?j ?k ) ) ( true ( quad ?p ?c ) ) ), ( <= ( next ( white ?p ?c ) ) ( does ?p ( mark ?j ?k ) ) ( true ( white ?p ?c ) ) ), ( <= ( next ( control x ) ) ( does o ( mark ?j ?k ) ) ( true ( control o ) ) ), ( <= ( next ( control o ) ) ( does x ( mark ?j ?k ) ) ( true ( control x ) ) ), ( <= ( next ( control ?p ) ) ( does ?p ( block ?j ?k ) ) ( true ( control ?p ) ) ), ( <= ( square ?x1 ?y1 ?x1 ?y2 ?x2 ?y1 ?x2 ?y2 ) ( ncol ?y1 ?y2 ) ( nrow ?x1 ?x2 ) ), ( <= ( square ?x1 ?y1 ?x1 ?y2 ?x2 ?y1 ?x2 ?y2 ) ( ncol ?y3 ?y2 ) ( nrow ?x3 ?x2 ) ( square ?x1 ?y1 ?x1 ?y3 ?x3 ?y1 ?x3 ?y3 ) ), ( <= ( square ?x1 ?y1 ?x2 ?y2 ?x3 ?y3 ?x4 ?y4 ) ( prow ?x2p ?x2 ) ( ncol ?y3n ?y3 ) ( prow ?x4p ?x4 ) ( ncol ?y4n ?y4 ) ( square ?x1 ?y1 ?x2p ?y2 ?x3 ?y3n ?x4p ?y4n ) ), ( <= win ( true ( cell ?x1 ?y1 x ) ) ( true ( cell ?x2 ?y2 x ) ) ( true ( cell ?x3 ?y3 x ) ) ( true ( cell ?x4 ?y4 x ) ) ( square ?x1 ?y1 ?x2 ?y2 ?x3 ?y3 ?x4 ?y4 ) ), ( <= lose ( true ( cell ?x1 ?y1 o ) ) ( true ( cell ?x2 ?y2 o ) ) ( true ( cell ?x3 ?y3 o ) ) ( true ( cell ?x4 ?y4 o ) ) ( square ?x1 ?y1 ?x2 ?y2 ?x3 ?y3 ?x4 ?y4 ) ), ( <= winByOpenQuad ( not lose ) ( not open ) ( true ( cell ?x1 ?y1 x ) ) ( true ( cell ?x2 ?y2 x ) ) ( true ( cell ?x3 ?y3 x ) ) ( true ( cell ?x4 ?y4 b ) ) ( square ?x1 ?y1 ?x2 ?y2 ?x3 ?y3 ?x4 ?y4 ) ), ( <= winByOpenQuad ( not lose ) ( not open ) ( true ( cell ?x1 ?y1 x ) ) ( true ( cell ?x2 ?y2 b ) ) ( true ( cell ?x3 ?y3 x ) ) ( true ( cell ?x4 ?y4 x ) ) ( square ?x1 ?y1 ?x2 ?y2 ?x3 ?y3 ?x4 ?y4 ) ), ( <= winByOpenQuad ( not lose ) ( not open ) ( true ( cell ?x1 ?y1 x ) ) ( true ( cell ?x2 ?y2 x ) ) ( true ( cell ?x3 ?y3 b ) ) ( true ( cell ?x4 ?y4 x ) ) ( square ?x1 ?y1 ?x2 ?y2 ?x3 ?y3 ?x4 ?y4 ) ), ( <= winByOpenQuad ( not lose ) ( not open ) ( true ( cell ?x1 ?y1 b ) ) ( true ( cell ?x2 ?y2 x ) ) ( true ( cell ?x3 ?y3 x ) ) ( true ( cell ?x4 ?y4 x ) ) ( square ?x1 ?y1 ?x2 ?y2 ?x3 ?y3 ?x4 ?y4 ) ), ( <= open ( true ( quad ?p ?c ) ) ( distinct ?c 0 ) ), ( <= ( more ?x 0 ) ( succ ?y ?x ) ), ( <= ( more ?x ?y ) ( succ ?x1 ?x ) ( succ ?y1 ?y ) ( more ?x1 ?y1 ) ), ( <= morewhite ( true ( white x ?a ) ) ( true ( white o ?b ) ) ( more ?a ?b ) ), ( <= lesswhite ( true ( white x ?a ) ) ( true ( white o ?b ) ) ( more ?b ?a ) ), ( <= equalwhite ( true ( white x ?a ) ) ( true ( white o ?a ) ) ), ( <= ( goal x 100 ) win ), ( <= ( goal x 95 ) ( not win ) winByOpenQuad ), ( <= ( goal x 90 ) ( not win ) ( not winByOpenQuad ) ( not lose ) ( not open ) morewhite ), ( <= ( goal x 50 ) ( not win ) ( not winByOpenQuad ) ( not lose ) ( not open ) equalwhite ), ( <= ( goal x 10 ) ( not win ) ( not winByOpenQuad ) ( not lose ) ( not open ) lesswhite ), ( <= ( goal x 0 ) lose ), ( <= ( goal o 100 ) lose ), ( <= ( goal o 90 ) ( not win ) ( not winByOpenQuad ) ( not lose ) ( not open ) lesswhite ), ( <= ( goal o 50 ) ( not win ) ( not winByOpenQuad ) ( not lose ) ( not open ) equalwhite ), ( <= ( goal o 10 ) ( not win ) ( not winByOpenQuad ) ( not lose ) ( not open ) morewhite ), ( <= ( goal o 5 ) ( not win ) winByOpenQuad ), ( <= ( goal o 0 ) win ), ( <= terminal win ), ( <= terminal lose ), ( <= terminal ( not open ) )]
LOG 1641840099621 [L3]: Start clock: 15
LOG 1641840099622 [L3]: Play clock: 10
LOG 1641840108313 [L0]: [Sent at 1641840108313] ready
LOG 1641840108315 [L0]: [Received at 1641840108315] ( PLAY 5.quad_7x7.1641840099220 NIL )
LOG 1641840108317 [L0]: [Sent at 1641840108317] ( mark r2 c5 )
LOG 1641840108319 [L0]: [Received at 1641840108319] ( PLAY 5.quad_7x7.1641840099220 (( mark r2 c5 ) noop ) )
LOG 1641840108322 [L0]: [Sent at 1641840108322] noop
LOG 1641840108324 [L0]: [Received at 1641840108324] ( PLAY 5.quad_7x7.1641840099220 (noop ( mark r7 c6 ) ) )
LOG 1641840108333 [L0]: [Sent at 1641840108333] ( block r4 c4 )
LOG 1641840108335 [L0]: [Received at 1641840108335] ( PLAY 5.quad_7x7.1641840099220 (( block r4 c4 ) noop ) )
LOG 1641840108339 [L0]: [Sent at 1641840108339] ( block r5 c7 )
LOG 1641840108340 [L0]: [Received at 1641840108340] ( PLAY 5.quad_7x7.1641840099220 (( block r5 c7 ) noop ) )
LOG 1641840108342 [L0]: [Sent at 1641840108342] ( mark r6 c2 )
LOG 1641840108344 [L0]: [Received at 1641840108344] ( PLAY 5.quad_7x7.1641840099220 (( mark r6 c2 ) noop ) )
LOG 1641840108346 [L0]: [Sent at 1641840108346] noop
LOG 1641840108348 [L0]: [Received at 1641840108348] ( PLAY 5.quad_7x7.1641840099220 (noop ( block r6 c4 ) ) )
LOG 1641840108349 [L0]: [Sent at 1641840108349] noop
LOG 1641840108352 [L0]: [Received at 1641840108352] ( PLAY 5.quad_7x7.1641840099220 (noop ( mark r4 c5 ) ) )
LOG 1641840108353 [L0]: [Sent at 1641840108353] ( block r5 c5 )
LOG 1641840108355 [L0]: [Received at 1641840108355] ( PLAY 5.quad_7x7.1641840099220 (( block r5 c5 ) noop ) )
LOG 1641840108357 [L0]: [Sent at 1641840108357] ( block r7 c3 )
LOG 1641840108359 [L0]: [Received at 1641840108359] ( PLAY 5.quad_7x7.1641840099220 (( block r7 c3 ) noop ) )
LOG 1641840108360 [L0]: [Sent at 1641840108360] ( mark r4 c3 )
LOG 1641840108366 [L0]: [Received at 1641840108366] ( PLAY 5.quad_7x7.1641840099220 (( mark r4 c3 ) noop ) )
LOG 1641840108368 [L0]: [Sent at 1641840108368] noop
LOG 1641840108374 [L0]: [Received at 1641840108374] ( PLAY 5.quad_7x7.1641840099220 (noop ( mark r1 c6 ) ) )
LOG 1641840108375 [L0]: [Sent at 1641840108375] ( block r6 c3 )
LOG 1641840108378 [L0]: [Received at 1641840108378] ( PLAY 5.quad_7x7.1641840099220 (( block r6 c3 ) noop ) )
LOG 1641840108379 [L0]: [Sent at 1641840108379] ( mark r5 c6 )
LOG 1641840108391 [L0]: [Received at 1641840108391] ( PLAY 5.quad_7x7.1641840099220 (( mark r5 c6 ) noop ) )
LOG 1641840108392 [L0]: [Sent at 1641840108392] noop
LOG 1641840108404 [L0]: [Received at 1641840108404] ( PLAY 5.quad_7x7.1641840099220 (noop ( mark r5 c3 ) ) )
LOG 1641840108406 [L0]: [Sent at 1641840108406] ( mark r3 c2 )
LOG 1641840108426 [L0]: [Received at 1641840108426] ( PLAY 5.quad_7x7.1641840099220 (( mark r3 c2 ) noop ) )
LOG 1641840108428 [L0]: [Sent at 1641840108428] noop
LOG 1641840108461 [L0]: [Received at 1641840108461] ( PLAY 5.quad_7x7.1641840099220 (noop ( mark r1 c3 ) ) )
LOG 1641840108462 [L0]: [Sent at 1641840108462] ( mark r3 c6 )
LOG 1641840108515 [L0]: [Received at 1641840108515] ( PLAY 5.quad_7x7.1641840099220 (( mark r3 c6 ) noop ) )
LOG 1641840108517 [L0]: [Sent at 1641840108517] noop
LOG 1641840108567 [L0]: [Received at 1641840108567] ( PLAY 5.quad_7x7.1641840099220 (noop ( mark r1 c4 ) ) )
LOG 1641840108568 [L0]: [Sent at 1641840108568] ( mark r2 c7 )
LOG 1641840108650 [L0]: [Received at 1641840108650] ( PLAY 5.quad_7x7.1641840099220 (( mark r2 c7 ) noop ) )
LOG 1641840108651 [L0]: [Sent at 1641840108651] noop
LOG 1641840108712 [L0]: [Received at 1641840108712] ( PLAY 5.quad_7x7.1641840099220 (noop ( mark r6 c7 ) ) )
LOG 1641840108714 [L0]: [Sent at 1641840108714] ( mark r5 c4 )
LOG 1641840108819 [L0]: [Received at 1641840108819] ( PLAY 5.quad_7x7.1641840099220 (( mark r5 c4 ) noop ) )
LOG 1641840108821 [L0]: [Sent at 1641840108821] noop
LOG 1641840108832 [L0]: [Received at 1641840108832] ( PLAY 5.quad_7x7.1641840099220 (noop ( block r3 c3 ) ) )
LOG 1641840108833 [L0]: [Sent at 1641840108833] noop
LOG 1641840108845 [L0]: [Received at 1641840108845] ( PLAY 5.quad_7x7.1641840099220 (noop ( block r1 c2 ) ) )
LOG 1641840108846 [L0]: [Sent at 1641840108846] noop
LOG 1641840108858 [L0]: [Received at 1641840108858] ( PLAY 5.quad_7x7.1641840099220 (noop ( block r2 c1 ) ) )
LOG 1641840108859 [L0]: [Sent at 1641840108859] noop
LOG 1641840108870 [L0]: [Received at 1641840108870] ( PLAY 5.quad_7x7.1641840099220 (noop ( block r5 c2 ) ) )
LOG 1641840108872 [L0]: [Sent at 1641840108872] noop
LOG 1641840109000 [L0]: [Received at 1641840109000] ( PLAY 5.quad_7x7.1641840099220 (noop ( mark r3 c7 ) ) )
LOG 1641840109001 [L0]: [Sent at 1641840109001] ( mark r4 c2 )
LOG 1641840109139 [L0]: [Received at 1641840109139] ( PLAY 5.quad_7x7.1641840099220 (( mark r4 c2 ) noop ) )
LOG 1641840109141 [L0]: [Sent at 1641840109141] noop
LOG 1641840109319 [L0]: [Received at 1641840109319] ( PLAY 5.quad_7x7.1641840099220 (noop ( mark r4 c6 ) ) )
LOG 1641840109366 [L0]: [Sent at 1641840109366] ( mark r7 c2 )
LOG 1641840109490 [L0]: [Received at 1641840109490] ( PLAY 5.quad_7x7.1641840099220 (( mark r7 c2 ) noop ) )
LOG 1641840109492 [L0]: [Sent at 1641840109492] noop
LOG 1641840109636 [L0]: [Received at 1641840109636] ( PLAY 5.quad_7x7.1641840099220 (noop ( mark r6 c1 ) ) )
LOG 1641840109638 [L0]: [Sent at 1641840109638] ( mark r3 c1 )
LOG 1641840109825 [L0]: [Received at 1641840109825] ( PLAY 5.quad_7x7.1641840099220 (( mark r3 c1 ) noop ) )
LOG 1641840109826 [L0]: [Sent at 1641840109826] noop
LOG 1641840110033 [L0]: [Received at 1641840110033] ( PLAY 5.quad_7x7.1641840099220 (noop ( mark r5 c1 ) ) )
LOG 1641840110034 [L0]: [Sent at 1641840110034] ( mark r2 c3 )
LOG 1641840110351 [L0]: [Received at 1641840110351] ( PLAY 5.quad_7x7.1641840099220 (( mark r2 c3 ) noop ) )
LOG 1641840110353 [L0]: [Sent at 1641840110353] noop
LOG 1641840115791 [L0]: [Received at 1641840115791] ( STOP 5.quad_7x7.1641840099220 (noop ( mark r4 c1 ) ) )
LOG 1641840115792 [L3]: Stopped logging to files at: Mon Jan 10 19:41:55 CET 2022
LOG 1641840115792 [L3]: LOG SEALED
