LOG 1641843153520 [L3]: Returning initial state machine.
LOG 1641843153521 [L3]: Returning PropNet state machine without cache.
LOG 1641843153522 [L3]: Starting metagame with available thinking time 4990ms.
LOG 1641843153524 [L3]: Starting search during metagame.
LOG 1641843170523 [L3]: Done searching during metagame.
LOG 1641843170525 [L3]: Starting move selection for game step 1 with available time 0ms.
LOG 1641843170525 [L3]: No time to select next move using MCTS. Returning random move noop.
LOG 1641843170529 [L3]: Starting move selection for game step 2 with available time 0ms.
LOG 1641843170529 [L3]: No time to select next move using MCTS. Returning random move noop.
LOG 1641843170532 [L3]: Starting move selection for game step 3 with available time 0ms.
LOG 1641843170539 [L3]: No time to select next move using MCTS. Returning random move noop.
LOG 1641843170541 [L3]: Starting move selection for game step 4 with available time 0ms.
LOG 1641843170542 [L3]: No time to select next move using MCTS. Returning random move noop.
LOG 1641843170545 [L3]: Starting move selection for game step 5 with available time 0ms.
LOG 1641843170545 [L3]: No time to select next move using MCTS. Returning random move ( mark r5 c2 ).
LOG 1641843170549 [L3]: Starting move selection for game step 6 with available time 0ms.
LOG 1641843170549 [L3]: No time to select next move using MCTS. Returning random move noop.
LOG 1641843170553 [L3]: Starting move selection for game step 7 with available time 0ms.
LOG 1641843170553 [L3]: No time to select next move using MCTS. Returning random move ( mark r6 c4 ).
LOG 1641843170557 [L3]: Starting move selection for game step 8 with available time 0ms.
LOG 1641843170557 [L3]: No time to select next move using MCTS. Returning random move noop.
LOG 1641843170562 [L3]: Starting move selection for game step 9 with available time 0ms.
LOG 1641843170562 [L3]: No time to select next move using MCTS. Returning random move ( mark r5 c5 ).
LOG 1641843170570 [L3]: Starting move selection for game step 10 with available time 0ms.
LOG 1641843170570 [L3]: No time to select next move using MCTS. Returning random move noop.
LOG 1641843170582 [L3]: Starting move selection for game step 11 with available time 0ms.
LOG 1641843170583 [L3]: No time to select next move using MCTS. Returning random move ( block r5 c4 ).
LOG 1641843170586 [L3]: Starting move selection for game step 12 with available time 0ms.
LOG 1641843170586 [L3]: No time to select next move using MCTS. Returning random move ( mark r4 c4 ).
LOG 1641843170602 [L3]: Starting move selection for game step 13 with available time 0ms.
LOG 1641843170602 [L3]: No time to select next move using MCTS. Returning random move noop.
LOG 1641843170622 [L3]: Starting move selection for game step 14 with available time 0ms.
LOG 1641843170622 [L3]: No time to select next move using MCTS. Returning random move ( mark r3 c7 ).
LOG 1641843170647 [L3]: Starting move selection for game step 15 with available time 0ms.
LOG 1641843170648 [L3]: No time to select next move using MCTS. Returning random move noop.
LOG 1641843170671 [L3]: Starting move selection for game step 16 with available time 0ms.
LOG 1641843170672 [L3]: No time to select next move using MCTS. Returning random move ( block r3 c2 ).
LOG 1641843170677 [L3]: Starting move selection for game step 17 with available time 0ms.
LOG 1641843170677 [L3]: No time to select next move using MCTS. Returning random move ( mark r3 c3 ).
LOG 1641843170718 [L3]: Starting move selection for game step 18 with available time 0ms.
LOG 1641843170718 [L3]: No time to select next move using MCTS. Returning random move noop.
LOG 1641843170727 [L3]: Starting move selection for game step 19 with available time 0ms.
LOG 1641843170727 [L3]: No time to select next move using MCTS. Returning random move noop.
LOG 1641843170757 [L3]: Starting move selection for game step 20 with available time 0ms.
LOG 1641843170757 [L3]: No time to select next move using MCTS. Returning random move ( block r7 c6 ).
LOG 1641843170765 [L3]: Starting move selection for game step 21 with available time 0ms.
LOG 1641843170765 [L3]: No time to select next move using MCTS. Returning random move ( block r5 c7 ).
LOG 1641843170773 [L3]: Starting move selection for game step 22 with available time 0ms.
LOG 1641843170773 [L3]: No time to select next move using MCTS. Returning random move ( mark r2 c4 ).
LOG 1641843184793 [L3]: Starting move selection for game step 23 with available time 0ms.
LOG 1641843184793 [L3]: No time to select next move using MCTS. Returning random move noop.
LOG 1641843184875 [L3]: Starting move selection for game step 24 with available time 0ms.
LOG 1641843184875 [L3]: No time to select next move using MCTS. Returning random move ( block r2 c1 ).
LOG 1641843184886 [L3]: Starting move selection for game step 25 with available time 0ms.
LOG 1641843184887 [L3]: No time to select next move using MCTS. Returning random move ( mark r7 c3 ).
LOG 1641843184955 [L3]: Starting move selection for game step 26 with available time 0ms.
LOG 1641843184956 [L3]: No time to select next move using MCTS. Returning random move noop.
LOG 1641843185052 [L3]: Starting move selection for game step 27 with available time 0ms.
LOG 1641843185052 [L3]: No time to select next move using MCTS. Returning random move ( mark r6 c2 ).
LOG 1641843185167 [L3]: Starting move selection for game step 28 with available time 0ms.
LOG 1641843185167 [L3]: No time to select next move using MCTS. Returning random move noop.
LOG 1641843185186 [L3]: Starting move selection for game step 29 with available time 0ms.
LOG 1641843185186 [L3]: No time to select next move using MCTS. Returning random move noop.
LOG 1641843198531 [L3]: Starting move selection for game step 30 with available time 0ms.
LOG 1641843198532 [L3]: No time to select next move using MCTS. Returning random move ( mark r3 c6 ).
LOG 1641843198723 [L3]: Starting move selection for game step 31 with available time 0ms.
LOG 1641843198723 [L3]: No time to select next move using MCTS. Returning random move noop.
LOG 1641843213154 [L3]: Starting move selection for game step 32 with available time 0ms.
LOG 1641843213155 [L3]: No time to select next move using MCTS. Returning random move ( mark r3 c1 ).
