LOG 1641919711682 [L3]: Returning initial state machine.
LOG 1641919711682 [L3]: Returning PropNet state machine without cache.
LOG 1641919711683 [L3]: Starting metagame with available thinking time 4990ms.
LOG 1641919711685 [L3]: Starting search during metagame.
LOG 1641919716673 [L3]: Done searching during metagame.
LOG 1641919716676 [L3]: Starting move selection for game step 1 with available time 10000ms.
LOG 1641919716677 [L3]: Selecting move using MCTS.
LOG 1641919726677 [L3]: Returning MCTS move noop.
LOG 1641919726681 [L3]: Starting move selection for game step 2 with available time 10000ms.
LOG 1641919726683 [L3]: Selecting move using MCTS.
LOG 1641919736681 [L3]: Returning MCTS move ( move 6 7 5 6 ).
LOG 1641919736687 [L3]: Starting move selection for game step 3 with available time 10000ms.
LOG 1641919736696 [L3]: Selecting move using MCTS.
LOG 1641919746687 [L3]: Returning MCTS move noop.
LOG 1641919746697 [L3]: Starting move selection for game step 4 with available time 10000ms.
LOG 1641919746701 [L3]: Selecting move using MCTS.
LOG 1641919756698 [L3]: Returning MCTS move ( move 5 7 4 6 ).
LOG 1641919756702 [L3]: Starting move selection for game step 5 with available time 10000ms.
LOG 1641919756706 [L3]: Selecting move using MCTS.
LOG 1641919766702 [L3]: Returning MCTS move noop.
LOG 1641919766707 [L3]: Starting move selection for game step 6 with available time 10000ms.
LOG 1641919766710 [L3]: Selecting move using MCTS.
LOG 1641919776707 [L3]: Returning MCTS move ( move 4 6 4 5 ).
LOG 1641919776712 [L3]: Starting move selection for game step 7 with available time 10000ms.
LOG 1641919776716 [L3]: Selecting move using MCTS.
LOG 1641919786712 [L3]: Returning MCTS move noop.
LOG 1641919786717 [L3]: Starting move selection for game step 8 with available time 10000ms.
LOG 1641919786721 [L3]: Selecting move using MCTS.
LOG 1641919796717 [L3]: Returning MCTS move ( move 4 5 5 4 ).
LOG 1641919796734 [L3]: Starting move selection for game step 9 with available time 10000ms.
LOG 1641919796738 [L3]: Selecting move using MCTS.
LOG 1641919806734 [L3]: Returning MCTS move noop.
LOG 1641919806738 [L3]: Starting move selection for game step 10 with available time 10000ms.
LOG 1641919806742 [L3]: Selecting move using MCTS.
LOG 1641919816738 [L3]: Returning MCTS move ( move 5 4 4 3 ).
LOG 1641919816756 [L3]: Starting move selection for game step 11 with available time 10000ms.
LOG 1641919816760 [L3]: Selecting move using MCTS.
LOG 1641919826756 [L3]: Returning MCTS move noop.
LOG 1641919826760 [L3]: Starting move selection for game step 12 with available time 10000ms.
LOG 1641919826765 [L3]: Selecting move using MCTS.
LOG 1641919836760 [L3]: Returning MCTS move ( move 3 7 3 6 ).
LOG 1641919836764 [L3]: Starting move selection for game step 13 with available time 10000ms.
LOG 1641919836769 [L3]: Selecting move using MCTS.
LOG 1641919846765 [L3]: Returning MCTS move noop.
LOG 1641919846769 [L3]: Starting move selection for game step 14 with available time 10000ms.
LOG 1641919846775 [L3]: Selecting move using MCTS.
LOG 1641919856769 [L3]: Returning MCTS move ( move 7 7 6 6 ).
LOG 1641919856773 [L3]: Starting move selection for game step 15 with available time 10000ms.
LOG 1641919856778 [L3]: Selecting move using MCTS.
LOG 1641919866773 [L3]: Returning MCTS move noop.
LOG 1641919866777 [L3]: Starting move selection for game step 16 with available time 10000ms.
LOG 1641919866783 [L3]: Selecting move using MCTS.
LOG 1641919876777 [L3]: Returning MCTS move ( move 5 6 4 5 ).
LOG 1641919876782 [L3]: Starting move selection for game step 17 with available time 10000ms.
LOG 1641919876787 [L3]: Selecting move using MCTS.
LOG 1641919886782 [L3]: Returning MCTS move noop.
LOG 1641919886786 [L3]: Starting move selection for game step 18 with available time 10000ms.
LOG 1641919886792 [L3]: Selecting move using MCTS.
LOG 1641919896786 [L3]: Returning MCTS move ( move 4 3 5 2 ).
LOG 1641919896789 [L3]: Starting move selection for game step 19 with available time 10000ms.
LOG 1641919896795 [L3]: Selecting move using MCTS.
LOG 1641919906789 [L3]: Returning MCTS move noop.
LOG 1641919906793 [L3]: Starting move selection for game step 20 with available time 10000ms.
LOG 1641919906799 [L3]: Selecting move using MCTS.
LOG 1641919916793 [L3]: Returning MCTS move ( move 5 2 4 1 ).
