LOG 1641836772540 [L3]: Started match logging at: Mon Jan 10 18:46:12 CET 2022
LOG 1641836772548 [L3]: Game rules: [( role white ), ( role black ), ( <= ( base ( cell ?x ?y ?p ) ) ( index ?x ) ( index ?y ) ( role ?p ) ), ( <= ( base ( control ?p ) ) ( role ?p ) ), ( <= ( input ?p noop ) ( role ?p ) ), ( <= ( input ?p ( move ?x1 ?y1 ?x2 ?y2 ) ) ( role ?p ) ( index ?x1 ) ( index ?x2 ) ( index ?y1 ) ( index ?y2 ) ), ( init ( cell 1 1 white ) ), ( init ( cell 2 1 white ) ), ( init ( cell 3 1 white ) ), ( init ( cell 4 1 white ) ), ( init ( cell 5 1 white ) ), ( init ( cell 6 1 white ) ), ( init ( cell 7 1 white ) ), ( init ( cell 8 1 white ) ), ( init ( cell 1 2 white ) ), ( init ( cell 2 2 white ) ), ( init ( cell 3 2 white ) ), ( init ( cell 4 2 white ) ), ( init ( cell 5 2 white ) ), ( init ( cell 6 2 white ) ), ( init ( cell 7 2 white ) ), ( init ( cell 8 2 white ) ), ( init ( cell 1 7 black ) ), ( init ( cell 2 7 black ) ), ( init ( cell 3 7 black ) ), ( init ( cell 4 7 black ) ), ( init ( cell 5 7 black ) ), ( init ( cell 6 7 black ) ), ( init ( cell 7 7 black ) ), ( init ( cell 8 7 black ) ), ( init ( cell 1 8 black ) ), ( init ( cell 2 8 black ) ), ( init ( cell 3 8 black ) ), ( init ( cell 4 8 black ) ), ( init ( cell 5 8 black ) ), ( init ( cell 6 8 black ) ), ( init ( cell 7 8 black ) ), ( init ( cell 8 8 black ) ), ( init ( control white ) ), ( <= ( legal white noop ) ( true ( control black ) ) ), ( <= ( legal black noop ) ( true ( control white ) ) ), ( <= ( legal white ( move ?x1 ?y1 ?x2 ?y2 ) ) ( true ( control white ) ) ( true ( cell ?x1 ?y1 white ) ) ( whiteknightmove ?x1 ?y1 ?x2 ?y2 ) ( not ( true ( cell ?x2 ?y2 white ) ) ) ), ( <= ( legal black ( move ?x1 ?y1 ?x2 ?y2 ) ) ( true ( control black ) ) ( true ( cell ?x1 ?y1 black ) ) ( blackknightmove ?x1 ?y1 ?x2 ?y2 ) ( not ( true ( cell ?x2 ?y2 black ) ) ) ), ( <= ( next ( cell ?x ?y ?state ) ) ( true ( cell ?x ?y ?state ) ) ( does ?player ( move ?x1 ?y1 ?x2 ?y2 ) ) ( distinctcell ?x ?y ?x1 ?y1 ) ( distinctcell ?x ?y ?x2 ?y2 ) ), ( <= ( next ( cell ?x2 ?y2 ?player ) ) ( does ?player ( move ?x1 ?y1 ?x2 ?y2 ) ) ), ( <= ( next ( control black ) ) ( true ( control white ) ) ), ( <= ( next ( control white ) ) ( true ( control black ) ) ), ( <= terminal whitewin ), ( <= terminal blackwin ), ( <= ( goal white 100 ) whitewin ), ( <= ( goal white 0 ) blackwin ), ( <= ( goal black 100 ) blackwin ), ( <= ( goal black 0 ) whitewin ), ( <= whitewin ( index ?x ) ( true ( cell ?x 8 white ) ) ), ( <= blackwin ( index ?x ) ( true ( cell ?x 1 black ) ) ), ( <= whitewin ( not ( hasAnyPiece black ) ) ), ( <= blackwin ( not ( hasAnyPiece white ) ) ), ( <= ( hasAnyPiece ?player ) ( true ( cell ?x ?y ?player ) ) ), ( <= ( whiteknightmove ?x1 ?y1 ?x2 ?y2 ) ( plus 1 ?x1 ?x2 ) ( plus 2 ?y1 ?y2 ) ), ( <= ( whiteknightmove ?x1 ?y1 ?x2 ?y2 ) ( plus 1 ?x2 ?x1 ) ( plus 2 ?y1 ?y2 ) ), ( <= ( whiteknightmove ?x1 ?y1 ?x2 ?y2 ) ( plus 2 ?x1 ?x2 ) ( plus 1 ?y1 ?y2 ) ), ( <= ( whiteknightmove ?x1 ?y1 ?x2 ?y2 ) ( plus 2 ?x2 ?x1 ) ( plus 1 ?y1 ?y2 ) ), ( <= ( blackknightmove ?x1 ?y1 ?x2 ?y2 ) ( plus 1 ?x1 ?x2 ) ( plus 2 ?y2 ?y1 ) ), ( <= ( blackknightmove ?x1 ?y1 ?x2 ?y2 ) ( plus 1 ?x2 ?x1 ) ( plus 2 ?y2 ?y1 ) ), ( <= ( blackknightmove ?x1 ?y1 ?x2 ?y2 ) ( plus 2 ?x1 ?x2 ) ( plus 1 ?y2 ?y1 ) ), ( <= ( blackknightmove ?x1 ?y1 ?x2 ?y2 ) ( plus 2 ?x2 ?x1 ) ( plus 1 ?y2 ?y1 ) ), ( <= ( cell ?x ?y ) ( index ?x ) ( index ?y ) ), ( <= ( distinctcell ?x1 ?y1 ?x2 ?y2 ) ( cell ?x1 ?y1 ) ( cell ?x2 ?y2 ) ( distinct ?x1 ?x2 ) ), ( <= ( distinctcell ?x1 ?y1 ?x2 ?y2 ) ( cell ?x1 ?y1 ) ( cell ?x2 ?y2 ) ( distinct ?y1 ?y2 ) ), ( index 1 ), ( index 2 ), ( index 3 ), ( index 4 ), ( index 5 ), ( index 6 ), ( index 7 ), ( index 8 ), ( plus 1 1 2 ), ( plus 1 2 3 ), ( plus 1 3 4 ), ( plus 1 4 5 ), ( plus 1 5 6 ), ( plus 1 6 7 ), ( plus 1 7 8 ), ( plus 2 1 3 ), ( plus 2 2 4 ), ( plus 2 3 5 ), ( plus 2 4 6 ), ( plus 2 5 7 ), ( plus 2 6 8 )]
LOG 1641836772548 [L3]: Start clock: 15
LOG 1641836772548 [L3]: Play clock: 10
LOG 1641836777540 [L0]: [Sent at 1641836777540] ready
LOG 1641836777542 [L0]: [Received at 1641836777542] ( PLAY 22.knightThrough.1641836771043 NIL )
LOG 1641836777543 [L0]: [Sent at 1641836777543] ( move 6 2 8 3 )
LOG 1641836777546 [L0]: [Received at 1641836777546] ( PLAY 22.knightThrough.1641836771043 (( move 6 2 8 3 ) noop ) )
LOG 1641836777550 [L0]: [Sent at 1641836777550] noop
LOG 1641836777555 [L0]: [Received at 1641836777555] ( PLAY 22.knightThrough.1641836771043 (noop ( move 5 8 6 6 ) ) )
LOG 1641836777566 [L0]: [Sent at 1641836777566] ( move 8 3 7 5 )
LOG 1641836777570 [L0]: [Received at 1641836777570] ( PLAY 22.knightThrough.1641836771043 (( move 8 3 7 5 ) noop ) )
LOG 1641836777576 [L0]: [Sent at 1641836777576] noop
LOG 1641836777582 [L0]: [Received at 1641836777582] ( PLAY 22.knightThrough.1641836771043 (noop ( move 4 8 3 6 ) ) )
LOG 1641836777584 [L0]: [Sent at 1641836777584] ( move 1 2 2 4 )
LOG 1641836777586 [L0]: [Received at 1641836777586] ( PLAY 22.knightThrough.1641836771043 (( move 1 2 2 4 ) noop ) )
LOG 1641836777587 [L0]: [Sent at 1641836777587] noop
LOG 1641836777590 [L0]: [Received at 1641836777590] ( PLAY 22.knightThrough.1641836771043 (noop ( move 3 8 4 6 ) ) )
LOG 1641836777592 [L0]: [Sent at 1641836777592] ( move 2 2 3 4 )
LOG 1641836777594 [L0]: [Received at 1641836777594] ( PLAY 22.knightThrough.1641836771043 (( move 2 2 3 4 ) noop ) )
LOG 1641836777596 [L0]: [Sent at 1641836777596] noop
LOG 1641836777598 [L0]: [Received at 1641836777598] ( PLAY 22.knightThrough.1641836771043 (noop ( move 6 6 7 4 ) ) )
LOG 1641836777600 [L0]: [Sent at 1641836777600] ( move 3 4 5 5 )
LOG 1641836777602 [L0]: [Received at 1641836777602] ( PLAY 22.knightThrough.1641836771043 (( move 3 4 5 5 ) noop ) )
LOG 1641836777603 [L0]: [Sent at 1641836777603] noop
LOG 1641836777606 [L0]: [Received at 1641836777606] ( PLAY 22.knightThrough.1641836771043 (noop ( move 2 8 1 6 ) ) )
LOG 1641836777607 [L0]: [Sent at 1641836777607] ( move 6 1 5 3 )
LOG 1641836777610 [L0]: [Received at 1641836777610] ( PLAY 22.knightThrough.1641836771043 (( move 6 1 5 3 ) noop ) )
LOG 1641836777611 [L0]: [Sent at 1641836777611] noop
LOG 1641836777613 [L0]: [Received at 1641836777613] ( PLAY 22.knightThrough.1641836771043 (noop ( move 4 7 5 5 ) ) )
LOG 1641836777614 [L0]: [Sent at 1641836777614] ( move 5 3 3 4 )
LOG 1641836777615 [L0]: [Received at 1641836777615] ( PLAY 22.knightThrough.1641836771043 (( move 5 3 3 4 ) noop ) )
LOG 1641836777616 [L0]: [Sent at 1641836777616] noop
LOG 1641836777618 [L0]: [Received at 1641836777618] ( PLAY 22.knightThrough.1641836771043 (noop ( move 4 6 2 5 ) ) )
LOG 1641836777620 [L0]: [Sent at 1641836777620] ( move 3 1 2 3 )
LOG 1641836777622 [L0]: [Received at 1641836777622] ( PLAY 22.knightThrough.1641836771043 (( move 3 1 2 3 ) noop ) )
LOG 1641836777623 [L0]: [Sent at 1641836777623] noop
LOG 1641836777626 [L0]: [Received at 1641836777626] ( PLAY 22.knightThrough.1641836771043 (noop ( move 2 7 4 6 ) ) )
LOG 1641836777627 [L0]: [Sent at 1641836777627] ( move 3 2 1 3 )
LOG 1641836777630 [L0]: [Received at 1641836777630] ( PLAY 22.knightThrough.1641836771043 (( move 3 2 1 3 ) noop ) )
LOG 1641836777631 [L0]: [Sent at 1641836777631] noop
LOG 1641836777633 [L0]: [Received at 1641836777633] ( PLAY 22.knightThrough.1641836771043 (noop ( move 4 6 6 5 ) ) )
LOG 1641836777634 [L0]: [Sent at 1641836777634] ( move 8 1 6 2 )
LOG 1641836777637 [L0]: [Received at 1641836777637] ( PLAY 22.knightThrough.1641836771043 (( move 8 1 6 2 ) noop ) )
LOG 1641836777639 [L0]: [Sent at 1641836777639] noop
LOG 1641836777640 [L0]: [Received at 1641836777640] ( PLAY 22.knightThrough.1641836771043 (noop ( move 6 8 4 7 ) ) )
LOG 1641836777642 [L0]: [Sent at 1641836777642] ( move 4 2 5 4 )
LOG 1641836777644 [L0]: [Received at 1641836777644] ( PLAY 22.knightThrough.1641836771043 (( move 4 2 5 4 ) noop ) )
LOG 1641836777645 [L0]: [Sent at 1641836777645] noop
LOG 1641836777647 [L0]: [Received at 1641836777647] ( PLAY 22.knightThrough.1641836771043 (noop ( move 5 5 6 3 ) ) )
LOG 1641836777648 [L0]: [Sent at 1641836777648] ( move 1 1 3 2 )
LOG 1641836777650 [L0]: [Received at 1641836777650] ( PLAY 22.knightThrough.1641836771043 (( move 1 1 3 2 ) noop ) )
LOG 1641836777651 [L0]: [Sent at 1641836777651] noop
LOG 1641836777653 [L0]: [Received at 1641836777653] ( PLAY 22.knightThrough.1641836771043 (noop ( move 4 7 5 5 ) ) )
LOG 1641836777654 [L0]: [Sent at 1641836777654] ( move 5 1 6 3 )
LOG 1641836777656 [L0]: [Received at 1641836777656] ( PLAY 22.knightThrough.1641836771043 (( move 5 1 6 3 ) noop ) )
LOG 1641836777658 [L0]: [Sent at 1641836777658] noop
LOG 1641836777660 [L0]: [Received at 1641836777660] ( PLAY 22.knightThrough.1641836771043 (noop ( move 6 5 8 4 ) ) )
LOG 1641836777661 [L0]: [Sent at 1641836777661] ( move 5 2 4 4 )
LOG 1641836777663 [L0]: [Received at 1641836777663] ( PLAY 22.knightThrough.1641836771043 (( move 5 2 4 4 ) noop ) )
LOG 1641836777664 [L0]: [Sent at 1641836777664] noop
LOG 1641836777667 [L0]: [Received at 1641836777667] ( PLAY 22.knightThrough.1641836771043 (noop ( move 7 8 8 6 ) ) )
LOG 1641836777668 [L0]: [Sent at 1641836777668] ( move 6 3 8 4 )
LOG 1641836777669 [L0]: [Received at 1641836777669] ( PLAY 22.knightThrough.1641836771043 (( move 6 3 8 4 ) noop ) )
LOG 1641836777671 [L0]: [Sent at 1641836777671] noop
LOG 1641836777697 [L0]: [Received at 1641836777697] ( PLAY 22.knightThrough.1641836771043 (noop ( move 8 7 7 5 ) ) )
LOG 1641836777698 [L0]: [Sent at 1641836777698] ( move 6 2 4 3 )
LOG 1641836777700 [L0]: [Received at 1641836777700] ( PLAY 22.knightThrough.1641836771043 (( move 6 2 4 3 ) noop ) )
LOG 1641836777701 [L0]: [Sent at 1641836777701] noop
LOG 1641836777703 [L0]: [Received at 1641836777703] ( PLAY 22.knightThrough.1641836771043 (noop ( move 3 6 2 4 ) ) )
LOG 1641836777704 [L0]: [Sent at 1641836777704] ( move 7 1 8 3 )
LOG 1641836777707 [L0]: [Received at 1641836777707] ( PLAY 22.knightThrough.1641836771043 (( move 7 1 8 3 ) noop ) )
LOG 1641836777709 [L0]: [Sent at 1641836777709] noop
LOG 1641836777710 [L0]: [Received at 1641836777710] ( PLAY 22.knightThrough.1641836771043 (noop ( move 1 6 3 5 ) ) )
LOG 1641836777712 [L0]: [Sent at 1641836777712] ( move 8 4 6 5 )
LOG 1641836777713 [L0]: [Received at 1641836777713] ( PLAY 22.knightThrough.1641836771043 (( move 8 4 6 5 ) noop ) )
LOG 1641836777715 [L0]: [Sent at 1641836777715] noop
LOG 1641836777716 [L0]: [Received at 1641836777716] ( PLAY 22.knightThrough.1641836771043 (noop ( move 7 5 6 3 ) ) )
LOG 1641836777717 [L0]: [Sent at 1641836777717] ( move 3 4 1 5 )
LOG 1641836777719 [L0]: [Received at 1641836777719] ( PLAY 22.knightThrough.1641836771043 (( move 3 4 1 5 ) noop ) )
LOG 1641836777720 [L0]: [Sent at 1641836777720] noop
LOG 1641836777722 [L0]: [Received at 1641836777722] ( PLAY 22.knightThrough.1641836771043 (noop ( move 3 7 1 6 ) ) )
LOG 1641836777723 [L0]: [Sent at 1641836777723] ( move 4 4 3 6 )
LOG 1641836777725 [L0]: [Received at 1641836777725] ( PLAY 22.knightThrough.1641836771043 (( move 4 4 3 6 ) noop ) )
LOG 1641836777726 [L0]: [Sent at 1641836777726] noop
LOG 1641836777728 [L0]: [Received at 1641836777728] ( PLAY 22.knightThrough.1641836771043 (noop ( move 8 6 6 5 ) ) )
LOG 1641836777729 [L0]: [Sent at 1641836777729] ( move 4 1 2 2 )
LOG 1641836777731 [L0]: [Received at 1641836777731] ( PLAY 22.knightThrough.1641836771043 (( move 4 1 2 2 ) noop ) )
LOG 1641836777732 [L0]: [Sent at 1641836777732] noop
LOG 1641836777734 [L0]: [Received at 1641836777734] ( PLAY 22.knightThrough.1641836771043 (noop ( move 6 5 7 3 ) ) )
LOG 1641836777735 [L0]: [Sent at 1641836777735] ( move 3 6 5 7 )
LOG 1641836777737 [L0]: [Received at 1641836777737] ( PLAY 22.knightThrough.1641836771043 (( move 3 6 5 7 ) noop ) )
LOG 1641836777738 [L0]: [Sent at 1641836777738] noop
LOG 1641836777740 [L0]: [Received at 1641836777740] ( PLAY 22.knightThrough.1641836771043 (noop ( move 1 8 3 7 ) ) )
LOG 1641836777741 [L0]: [Sent at 1641836777741] ( move 3 2 2 4 )
LOG 1641836777743 [L0]: [Received at 1641836777743] ( PLAY 22.knightThrough.1641836771043 (( move 3 2 2 4 ) noop ) )
LOG 1641836777744 [L0]: [Sent at 1641836777744] noop
LOG 1641836777746 [L0]: [Received at 1641836777746] ( PLAY 22.knightThrough.1641836771043 (noop ( move 7 7 8 5 ) ) )
LOG 1641836777747 [L0]: [Sent at 1641836777747] ( move 5 4 4 6 )
LOG 1641836777749 [L0]: [Received at 1641836777749] ( PLAY 22.knightThrough.1641836771043 (( move 5 4 4 6 ) noop ) )
LOG 1641836777750 [L0]: [Sent at 1641836777750] noop
LOG 1641836777752 [L0]: [Received at 1641836777752] ( PLAY 22.knightThrough.1641836771043 (noop ( move 1 7 3 6 ) ) )
LOG 1641836777753 [L0]: [Sent at 1641836777753] ( move 8 2 7 4 )
LOG 1641836777755 [L0]: [Received at 1641836777755] ( PLAY 22.knightThrough.1641836771043 (( move 8 2 7 4 ) noop ) )
LOG 1641836777756 [L0]: [Sent at 1641836777756] noop
LOG 1641836777758 [L0]: [Received at 1641836777758] ( PLAY 22.knightThrough.1641836771043 (noop ( move 7 3 5 2 ) ) )
LOG 1641836777759 [L0]: [Sent at 1641836777759] ( move 5 7 3 8 )
LOG 1641836777761 [L0]: [Received at 1641836777761] ( STOP 22.knightThrough.1641836771043 (( move 5 7 3 8 ) noop ) )
LOG 1641836777761 [L3]: Stopped logging to files at: Mon Jan 10 18:46:17 CET 2022
LOG 1641836777761 [L3]: LOG SEALED
