LOG 1641836772548 [L3]: Returning initial state machine.
LOG 1641836772549 [L3]: Returning PropNet state machine without cache.
LOG 1641836772549 [L3]: Starting metagame with available thinking time 4991ms.
LOG 1641836772551 [L3]: Starting search during metagame.
LOG 1641836777540 [L3]: Done searching during metagame.
LOG 1641836777543 [L3]: Starting move selection for game step 1 with available time 0ms.
LOG 1641836777543 [L3]: No time to select next move using MCTS. Returning random move ( move 6 2 8 3 ).
LOG 1641836777547 [L3]: Starting move selection for game step 2 with available time 0ms.
LOG 1641836777550 [L3]: No time to select next move using MCTS. Returning random move noop.
LOG 1641836777556 [L3]: Starting move selection for game step 3 with available time 0ms.
LOG 1641836777565 [L3]: No time to select next move using MCTS. Returning random move ( move 8 3 7 5 ).
LOG 1641836777570 [L3]: Starting move selection for game step 4 with available time 0ms.
LOG 1641836777575 [L3]: No time to select next move using MCTS. Returning random move noop.
LOG 1641836777583 [L3]: Starting move selection for game step 5 with available time 0ms.
LOG 1641836777583 [L3]: No time to select next move using MCTS. Returning random move ( move 1 2 2 4 ).
LOG 1641836777586 [L3]: Starting move selection for game step 6 with available time 0ms.
LOG 1641836777587 [L3]: No time to select next move using MCTS. Returning random move noop.
LOG 1641836777590 [L3]: Starting move selection for game step 7 with available time 0ms.
LOG 1641836777591 [L3]: No time to select next move using MCTS. Returning random move ( move 2 2 3 4 ).
LOG 1641836777595 [L3]: Starting move selection for game step 8 with available time 0ms.
LOG 1641836777595 [L3]: No time to select next move using MCTS. Returning random move noop.
LOG 1641836777599 [L3]: Starting move selection for game step 9 with available time 0ms.
LOG 1641836777599 [L3]: No time to select next move using MCTS. Returning random move ( move 3 4 5 5 ).
LOG 1641836777602 [L3]: Starting move selection for game step 10 with available time 0ms.
LOG 1641836777602 [L3]: No time to select next move using MCTS. Returning random move noop.
LOG 1641836777606 [L3]: Starting move selection for game step 11 with available time 0ms.
LOG 1641836777607 [L3]: No time to select next move using MCTS. Returning random move ( move 6 1 5 3 ).
LOG 1641836777610 [L3]: Starting move selection for game step 12 with available time 0ms.
LOG 1641836777610 [L3]: No time to select next move using MCTS. Returning random move noop.
LOG 1641836777613 [L3]: Starting move selection for game step 13 with available time 0ms.
LOG 1641836777614 [L3]: No time to select next move using MCTS. Returning random move ( move 5 3 3 4 ).
LOG 1641836777616 [L3]: Starting move selection for game step 14 with available time 0ms.
LOG 1641836777616 [L3]: No time to select next move using MCTS. Returning random move noop.
LOG 1641836777619 [L3]: Starting move selection for game step 15 with available time 0ms.
LOG 1641836777619 [L3]: No time to select next move using MCTS. Returning random move ( move 3 1 2 3 ).
LOG 1641836777622 [L3]: Starting move selection for game step 16 with available time 0ms.
LOG 1641836777622 [L3]: No time to select next move using MCTS. Returning random move noop.
LOG 1641836777626 [L3]: Starting move selection for game step 17 with available time 0ms.
LOG 1641836777626 [L3]: No time to select next move using MCTS. Returning random move ( move 3 2 1 3 ).
LOG 1641836777630 [L3]: Starting move selection for game step 18 with available time 0ms.
LOG 1641836777631 [L3]: No time to select next move using MCTS. Returning random move noop.
LOG 1641836777633 [L3]: Starting move selection for game step 19 with available time 0ms.
LOG 1641836777634 [L3]: No time to select next move using MCTS. Returning random move ( move 8 1 6 2 ).
LOG 1641836777637 [L3]: Starting move selection for game step 20 with available time 0ms.
LOG 1641836777638 [L3]: No time to select next move using MCTS. Returning random move noop.
LOG 1641836777641 [L3]: Starting move selection for game step 21 with available time 0ms.
LOG 1641836777641 [L3]: No time to select next move using MCTS. Returning random move ( move 4 2 5 4 ).
LOG 1641836777645 [L3]: Starting move selection for game step 22 with available time 0ms.
LOG 1641836777645 [L3]: No time to select next move using MCTS. Returning random move noop.
LOG 1641836777647 [L3]: Starting move selection for game step 23 with available time 0ms.
LOG 1641836777648 [L3]: No time to select next move using MCTS. Returning random move ( move 1 1 3 2 ).
LOG 1641836777651 [L3]: Starting move selection for game step 24 with available time -1ms.
LOG 1641836777651 [L3]: No time to select next move using MCTS. Returning random move noop.
LOG 1641836777653 [L3]: Starting move selection for game step 25 with available time 0ms.
LOG 1641836777654 [L3]: No time to select next move using MCTS. Returning random move ( move 5 1 6 3 ).
LOG 1641836777657 [L3]: Starting move selection for game step 26 with available time 0ms.
LOG 1641836777657 [L3]: No time to select next move using MCTS. Returning random move noop.
LOG 1641836777660 [L3]: Starting move selection for game step 27 with available time 0ms.
LOG 1641836777660 [L3]: No time to select next move using MCTS. Returning random move ( move 5 2 4 4 ).
LOG 1641836777663 [L3]: Starting move selection for game step 28 with available time 0ms.
LOG 1641836777664 [L3]: No time to select next move using MCTS. Returning random move noop.
LOG 1641836777667 [L3]: Starting move selection for game step 29 with available time 0ms.
LOG 1641836777667 [L3]: No time to select next move using MCTS. Returning random move ( move 6 3 8 4 ).
LOG 1641836777670 [L3]: Starting move selection for game step 30 with available time 0ms.
LOG 1641836777670 [L3]: No time to select next move using MCTS. Returning random move noop.
LOG 1641836777697 [L3]: Starting move selection for game step 31 with available time 0ms.
LOG 1641836777697 [L3]: No time to select next move using MCTS. Returning random move ( move 6 2 4 3 ).
LOG 1641836777700 [L3]: Starting move selection for game step 32 with available time 0ms.
LOG 1641836777700 [L3]: No time to select next move using MCTS. Returning random move noop.
LOG 1641836777703 [L3]: Starting move selection for game step 33 with available time 0ms.
LOG 1641836777703 [L3]: No time to select next move using MCTS. Returning random move ( move 7 1 8 3 ).
LOG 1641836777708 [L3]: Starting move selection for game step 34 with available time 0ms.
LOG 1641836777708 [L3]: No time to select next move using MCTS. Returning random move noop.
LOG 1641836777711 [L3]: Starting move selection for game step 35 with available time 0ms.
LOG 1641836777711 [L3]: No time to select next move using MCTS. Returning random move ( move 8 4 6 5 ).
LOG 1641836777714 [L3]: Starting move selection for game step 36 with available time 0ms.
LOG 1641836777714 [L3]: No time to select next move using MCTS. Returning random move noop.
LOG 1641836777716 [L3]: Starting move selection for game step 37 with available time 0ms.
LOG 1641836777717 [L3]: No time to select next move using MCTS. Returning random move ( move 3 4 1 5 ).
LOG 1641836777720 [L3]: Starting move selection for game step 38 with available time 0ms.
LOG 1641836777720 [L3]: No time to select next move using MCTS. Returning random move noop.
LOG 1641836777723 [L3]: Starting move selection for game step 39 with available time 0ms.
LOG 1641836777723 [L3]: No time to select next move using MCTS. Returning random move ( move 4 4 3 6 ).
LOG 1641836777726 [L3]: Starting move selection for game step 40 with available time 0ms.
LOG 1641836777726 [L3]: No time to select next move using MCTS. Returning random move noop.
LOG 1641836777728 [L3]: Starting move selection for game step 41 with available time 0ms.
LOG 1641836777729 [L3]: No time to select next move using MCTS. Returning random move ( move 4 1 2 2 ).
LOG 1641836777731 [L3]: Starting move selection for game step 42 with available time 0ms.
LOG 1641836777731 [L3]: No time to select next move using MCTS. Returning random move noop.
LOG 1641836777734 [L3]: Starting move selection for game step 43 with available time 0ms.
LOG 1641836777735 [L3]: No time to select next move using MCTS. Returning random move ( move 3 6 5 7 ).
LOG 1641836777737 [L3]: Starting move selection for game step 44 with available time 0ms.
LOG 1641836777738 [L3]: No time to select next move using MCTS. Returning random move noop.
LOG 1641836777740 [L3]: Starting move selection for game step 45 with available time 0ms.
LOG 1641836777741 [L3]: No time to select next move using MCTS. Returning random move ( move 3 2 2 4 ).
LOG 1641836777743 [L3]: Starting move selection for game step 46 with available time 0ms.
LOG 1641836777743 [L3]: No time to select next move using MCTS. Returning random move noop.
LOG 1641836777746 [L3]: Starting move selection for game step 47 with available time 0ms.
LOG 1641836777747 [L3]: No time to select next move using MCTS. Returning random move ( move 5 4 4 6 ).
LOG 1641836777749 [L3]: Starting move selection for game step 48 with available time 0ms.
LOG 1641836777749 [L3]: No time to select next move using MCTS. Returning random move noop.
LOG 1641836777752 [L3]: Starting move selection for game step 49 with available time 0ms.
LOG 1641836777752 [L3]: No time to select next move using MCTS. Returning random move ( move 8 2 7 4 ).
LOG 1641836777755 [L3]: Starting move selection for game step 50 with available time 0ms.
LOG 1641836777755 [L3]: No time to select next move using MCTS. Returning random move noop.
LOG 1641836777758 [L3]: Starting move selection for game step 51 with available time 0ms.
LOG 1641836777758 [L3]: No time to select next move using MCTS. Returning random move ( move 5 7 3 8 ).
