LOG 1641854640526 [L3]: Returning initial state machine.
LOG 1641854640526 [L3]: Returning PropNet state machine without cache.
LOG 1641854640527 [L3]: Starting metagame with available thinking time 4990ms.
LOG 1641854640528 [L3]: Starting search during metagame.
LOG 1641854645517 [L3]: Done searching during metagame.
LOG 1641854645520 [L3]: Starting move selection for game step 1 with available time 10000ms.
LOG 1641854645521 [L3]: Selecting move using MCTS.
LOG 1641854655520 [L3]: Returning MCTS move ( drop 4 ).
LOG 1641854655523 [L3]: Starting move selection for game step 2 with available time 10000ms.
LOG 1641854655529 [L3]: Selecting move using MCTS.
LOG 1641854665523 [L3]: Returning MCTS move noop.
LOG 1641854665527 [L3]: Starting move selection for game step 3 with available time 10000ms.
LOG 1641854665548 [L3]: Selecting move using MCTS.
LOG 1641854675527 [L3]: Returning MCTS move ( drop 3 ).
LOG 1641854675537 [L3]: Starting move selection for game step 4 with available time 10000ms.
LOG 1641854675553 [L3]: Selecting move using MCTS.
LOG 1641854685539 [L3]: Returning MCTS move noop.
LOG 1641854685544 [L3]: Starting move selection for game step 5 with available time 10000ms.
LOG 1641854685568 [L3]: Selecting move using MCTS.
LOG 1641854695544 [L3]: Returning MCTS move ( drop 6 ).
LOG 1641854695547 [L3]: Starting move selection for game step 6 with available time 10000ms.
LOG 1641854695563 [L3]: Selecting move using MCTS.
LOG 1641854705547 [L3]: Returning MCTS move noop.
LOG 1641854705551 [L3]: Starting move selection for game step 7 with available time 10000ms.
LOG 1641854705569 [L3]: Selecting move using MCTS.
LOG 1641854715551 [L3]: Returning MCTS move ( drop 5 ).
LOG 1641854715554 [L3]: Starting move selection for game step 8 with available time 10000ms.
LOG 1641854715571 [L3]: Selecting move using MCTS.
LOG 1641854725554 [L3]: Returning MCTS move noop.
LOG 1641854725557 [L3]: Starting move selection for game step 9 with available time 10000ms.
LOG 1641854725577 [L3]: Selecting move using MCTS.
LOG 1641854735557 [L3]: Returning MCTS move ( drop 7 ).
