LOG 1641916645958 [L3]: Returning initial state machine.
LOG 1641916645958 [L3]: Returning PropNet state machine without cache.
LOG 1641916645959 [L3]: Starting metagame with available thinking time 4990ms.
LOG 1641916645962 [L3]: Starting search during metagame.
LOG 1641916650949 [L3]: Done searching during metagame.
LOG 1641916650952 [L3]: Starting move selection for game step 1 with available time 10000ms.
LOG 1641916650952 [L3]: Selecting move using MCTS.
LOG 1641916660955 [L3]: Starting move selection for game step 2 with available time 10000ms.
LOG 1641916660960 [L3]: Selecting move using MCTS.
LOG 1641916670958 [L3]: Starting move selection for game step 3 with available time 10000ms.
LOG 1641916670963 [L3]: Selecting move using MCTS.
LOG 1641916680967 [L3]: Starting move selection for game step 4 with available time 10000ms.
LOG 1641916680975 [L3]: Selecting move using MCTS.
LOG 1641916690970 [L3]: Starting move selection for game step 5 with available time 10000ms.
LOG 1641916690970 [L3]: Selecting move using MCTS.
LOG 1641916700973 [L3]: Starting move selection for game step 6 with available time 10000ms.
LOG 1641916700974 [L3]: Selecting move using MCTS.
LOG 1641916710976 [L3]: Starting move selection for game step 7 with available time 10000ms.
LOG 1641916710976 [L3]: Selecting move using MCTS.
LOG 1641916720979 [L3]: Starting move selection for game step 8 with available time 10000ms.
LOG 1641916720979 [L3]: Selecting move using MCTS.
LOG 1641916730982 [L3]: Starting move selection for game step 9 with available time 10000ms.
LOG 1641916730983 [L3]: Selecting move using MCTS.
LOG 1641916740985 [L3]: Starting move selection for game step 10 with available time 10000ms.
LOG 1641916740986 [L3]: Selecting move using MCTS.
LOG 1641916750988 [L3]: Starting move selection for game step 11 with available time 10000ms.
LOG 1641916750989 [L3]: Selecting move using MCTS.
LOG 1641916760992 [L3]: Starting move selection for game step 12 with available time 10000ms.
LOG 1641916760992 [L3]: Selecting move using MCTS.
LOG 1641916770996 [L3]: Starting move selection for game step 13 with available time 10000ms.
LOG 1641916770996 [L3]: Selecting move using MCTS.
LOG 1641916780999 [L3]: Starting move selection for game step 14 with available time 10000ms.
LOG 1641916781000 [L3]: Selecting move using MCTS.
LOG 1641916791019 [L3]: Starting move selection for game step 15 with available time 10000ms.
LOG 1641916791020 [L3]: Selecting move using MCTS.
LOG 1641916801022 [L3]: Starting move selection for game step 16 with available time 10000ms.
LOG 1641916801023 [L3]: Selecting move using MCTS.
