LOG 1641850729522 [L3]: Returning initial state machine.
LOG 1641850729522 [L3]: Returning PropNet state machine without cache.
LOG 1641850729523 [L3]: Starting metagame with available thinking time 4996ms.
LOG 1641850729525 [L3]: Starting search during metagame.
LOG 1641850734519 [L3]: Done searching during metagame.
LOG 1641850734522 [L3]: Starting move selection for game step 1 with available time 10000ms.
LOG 1641850734522 [L3]: Selecting move using MCTS.
LOG 1641850744522 [L3]: Returning MCTS move noop.
LOG 1641850744525 [L3]: Starting move selection for game step 2 with available time 10000ms.
LOG 1641850744531 [L3]: Selecting move using MCTS.
LOG 1641850754525 [L3]: Returning MCTS move ( drop 4 ).
LOG 1641850754528 [L3]: Starting move selection for game step 3 with available time 10000ms.
LOG 1641850754544 [L3]: Selecting move using MCTS.
LOG 1641850764528 [L3]: Returning MCTS move noop.
LOG 1641850764537 [L3]: Starting move selection for game step 4 with available time 10000ms.
LOG 1641850764553 [L3]: Selecting move using MCTS.
LOG 1641850774537 [L3]: Returning MCTS move ( drop 3 ).
LOG 1641850774541 [L3]: Starting move selection for game step 5 with available time 10000ms.
LOG 1641850774559 [L3]: Selecting move using MCTS.
LOG 1641850784541 [L3]: Returning MCTS move noop.
LOG 1641850784544 [L3]: Starting move selection for game step 6 with available time 10000ms.
LOG 1641850784569 [L3]: Selecting move using MCTS.
LOG 1641850794544 [L3]: Returning MCTS move ( drop 2 ).
LOG 1641850794547 [L3]: Starting move selection for game step 7 with available time 10000ms.
LOG 1641850794561 [L3]: Selecting move using MCTS.
LOG 1641850804547 [L3]: Returning MCTS move noop.
LOG 1641850804551 [L3]: Starting move selection for game step 8 with available time 9999ms.
LOG 1641850804568 [L3]: Selecting move using MCTS.
LOG 1641850814550 [L3]: Returning MCTS move ( drop 5 ).
LOG 1641850814554 [L3]: Starting move selection for game step 9 with available time 10000ms.
LOG 1641850814575 [L3]: Selecting move using MCTS.
LOG 1641850824554 [L3]: Returning MCTS move noop.
LOG 1641850824557 [L3]: Starting move selection for game step 10 with available time 10000ms.
LOG 1641850824580 [L3]: Selecting move using MCTS.
LOG 1641850834557 [L3]: Returning MCTS move ( drop 6 ).
LOG 1641850834560 [L3]: Starting move selection for game step 11 with available time 10000ms.
LOG 1641850834582 [L3]: Selecting move using MCTS.
LOG 1641850844560 [L3]: Returning MCTS move noop.
LOG 1641850844564 [L3]: Starting move selection for game step 12 with available time 10000ms.
LOG 1641850844587 [L3]: Selecting move using MCTS.
LOG 1641850854564 [L3]: Returning MCTS move ( drop 3 ).
LOG 1641850854567 [L3]: Starting move selection for game step 13 with available time 10000ms.
LOG 1641850854584 [L3]: Selecting move using MCTS.
LOG 1641850864567 [L3]: Returning MCTS move noop.
LOG 1641850864571 [L3]: Starting move selection for game step 14 with available time 10000ms.
LOG 1641850864593 [L3]: Selecting move using MCTS.
LOG 1641850874571 [L3]: Returning MCTS move ( drop 2 ).
