LOG 1641914859116 [L3]: Returning initial state machine.
LOG 1641914859117 [L3]: Returning PropNet state machine without cache.
LOG 1641914859117 [L3]: Starting metagame with available thinking time 4990ms.
LOG 1641914859119 [L3]: Starting search during metagame.
LOG 1641914864107 [L3]: Done searching during metagame.
LOG 1641914864110 [L3]: Starting move selection for game step 1 with available time 10000ms.
LOG 1641914864110 [L3]: Selecting move using MCTS.
LOG 1641914874113 [L3]: Starting move selection for game step 2 with available time 10000ms.
LOG 1641914874116 [L3]: Selecting move using MCTS.
LOG 1641914884116 [L3]: Starting move selection for game step 3 with available time 10000ms.
LOG 1641914884119 [L3]: Selecting move using MCTS.
LOG 1641914894126 [L3]: Starting move selection for game step 4 with available time 10000ms.
LOG 1641914894131 [L3]: Selecting move using MCTS.
LOG 1641914904129 [L3]: Starting move selection for game step 5 with available time 10000ms.
LOG 1641914904129 [L3]: Selecting move using MCTS.
LOG 1641914914270 [L3]: Starting move selection for game step 6 with available time 10000ms.
LOG 1641914914270 [L3]: Selecting move using MCTS.
LOG 1641914924273 [L3]: Starting move selection for game step 7 with available time 10000ms.
LOG 1641914924274 [L3]: Selecting move using MCTS.
LOG 1641914934276 [L3]: Starting move selection for game step 8 with available time 10000ms.
LOG 1641914934277 [L3]: Selecting move using MCTS.
LOG 1641914944279 [L3]: Starting move selection for game step 9 with available time 10000ms.
LOG 1641914944279 [L3]: Selecting move using MCTS.
LOG 1641914954282 [L3]: Starting move selection for game step 10 with available time 10000ms.
LOG 1641914954283 [L3]: Selecting move using MCTS.
LOG 1641914964285 [L3]: Starting move selection for game step 11 with available time 10000ms.
LOG 1641914964285 [L3]: Selecting move using MCTS.
LOG 1641914974288 [L3]: Starting move selection for game step 12 with available time 10000ms.
LOG 1641914974289 [L3]: Selecting move using MCTS.
