LOG 1641834805755 [L3]: Returning initial state machine.
LOG 1641834805756 [L3]: Returning PropNet state machine without cache.
LOG 1641834805757 [L3]: Starting metagame with available thinking time 4988ms.
LOG 1641834805759 [L3]: Starting search during metagame.
LOG 1641834810745 [L3]: Done searching during metagame.
LOG 1641834810748 [L3]: Starting move selection for game step 1 with available time 0ms.
LOG 1641834810749 [L3]: No time to select next move using MCTS. Returning random move ( move 7 2 6 3 ).
LOG 1641834810755 [L3]: Starting move selection for game step 2 with available time 0ms.
LOG 1641834810759 [L3]: No time to select next move using MCTS. Returning random move noop.
LOG 1641834810763 [L3]: Starting move selection for game step 3 with available time 0ms.
LOG 1641834810773 [L3]: No time to select next move using MCTS. Returning random move ( move 1 2 2 3 ).
LOG 1641834810777 [L3]: Starting move selection for game step 4 with available time 0ms.
LOG 1641834810783 [L3]: No time to select next move using MCTS. Returning random move noop.
LOG 1641834810787 [L3]: Starting move selection for game step 5 with available time 0ms.
LOG 1641834810787 [L3]: No time to select next move using MCTS. Returning random move ( move 6 2 5 3 ).
LOG 1641834810793 [L3]: Starting move selection for game step 6 with available time -1ms.
LOG 1641834810793 [L3]: No time to select next move using MCTS. Returning random move noop.
LOG 1641834810797 [L3]: Starting move selection for game step 7 with available time 0ms.
LOG 1641834810797 [L3]: No time to select next move using MCTS. Returning random move ( move 6 3 6 4 ).
LOG 1641834810801 [L3]: Starting move selection for game step 8 with available time 0ms.
LOG 1641834810801 [L3]: No time to select next move using MCTS. Returning random move noop.
LOG 1641834810806 [L3]: Starting move selection for game step 9 with available time 0ms.
LOG 1641834810807 [L3]: No time to select next move using MCTS. Returning random move ( move 2 2 1 3 ).
LOG 1641834810810 [L3]: Starting move selection for game step 10 with available time 0ms.
LOG 1641834810811 [L3]: No time to select next move using MCTS. Returning random move noop.
LOG 1641834810816 [L3]: Starting move selection for game step 11 with available time 0ms.
LOG 1641834810817 [L3]: No time to select next move using MCTS. Returning random move ( move 7 1 6 2 ).
LOG 1641834810821 [L3]: Starting move selection for game step 12 with available time 0ms.
LOG 1641834810821 [L3]: No time to select next move using MCTS. Returning random move noop.
LOG 1641834810825 [L3]: Starting move selection for game step 13 with available time 0ms.
LOG 1641834810825 [L3]: No time to select next move using MCTS. Returning random move ( move 5 3 4 4 ).
LOG 1641834810829 [L3]: Starting move selection for game step 14 with available time 0ms.
LOG 1641834810829 [L3]: No time to select next move using MCTS. Returning random move noop.
LOG 1641834810833 [L3]: Starting move selection for game step 15 with available time 0ms.
LOG 1641834810834 [L3]: No time to select next move using MCTS. Returning random move ( move 4 4 3 5 ).
LOG 1641834810838 [L3]: Starting move selection for game step 16 with available time 0ms.
LOG 1641834810838 [L3]: No time to select next move using MCTS. Returning random move noop.
LOG 1641834810842 [L3]: Starting move selection for game step 17 with available time 0ms.
LOG 1641834810842 [L3]: No time to select next move using MCTS. Returning random move ( move 6 4 7 5 ).
LOG 1641834810846 [L3]: Starting move selection for game step 18 with available time 0ms.
LOG 1641834810847 [L3]: No time to select next move using MCTS. Returning random move noop.
LOG 1641834810851 [L3]: Starting move selection for game step 19 with available time 0ms.
LOG 1641834810851 [L3]: No time to select next move using MCTS. Returning random move ( move 3 1 2 2 ).
LOG 1641834810855 [L3]: Starting move selection for game step 20 with available time 0ms.
LOG 1641834810855 [L3]: No time to select next move using MCTS. Returning random move noop.
LOG 1641834810859 [L3]: Starting move selection for game step 21 with available time 0ms.
LOG 1641834810860 [L3]: No time to select next move using MCTS. Returning random move ( move 8 1 7 2 ).
LOG 1641834810864 [L3]: Starting move selection for game step 22 with available time 0ms.
LOG 1641834810864 [L3]: No time to select next move using MCTS. Returning random move noop.
LOG 1641834810868 [L3]: Starting move selection for game step 23 with available time 0ms.
LOG 1641834810868 [L3]: No time to select next move using MCTS. Returning random move ( move 6 2 5 3 ).
LOG 1641834810873 [L3]: Starting move selection for game step 24 with available time 0ms.
LOG 1641834810873 [L3]: No time to select next move using MCTS. Returning random move noop.
LOG 1641834810877 [L3]: Starting move selection for game step 25 with available time 0ms.
LOG 1641834810877 [L3]: No time to select next move using MCTS. Returning random move ( move 3 2 3 3 ).
LOG 1641834810883 [L3]: Starting move selection for game step 26 with available time 0ms.
LOG 1641834810883 [L3]: No time to select next move using MCTS. Returning random move noop.
LOG 1641834810888 [L3]: Starting move selection for game step 27 with available time 0ms.
LOG 1641834810888 [L3]: No time to select next move using MCTS. Returning random move ( move 7 5 6 6 ).
LOG 1641834810892 [L3]: Starting move selection for game step 28 with available time 0ms.
LOG 1641834810893 [L3]: No time to select next move using MCTS. Returning random move noop.
LOG 1641834810898 [L3]: Starting move selection for game step 29 with available time -1ms.
LOG 1641834810898 [L3]: No time to select next move using MCTS. Returning random move ( move 4 1 3 2 ).
LOG 1641834810903 [L3]: Starting move selection for game step 30 with available time -1ms.
LOG 1641834810903 [L3]: No time to select next move using MCTS. Returning random move noop.
LOG 1641834810906 [L3]: Starting move selection for game step 31 with available time 0ms.
LOG 1641834810907 [L3]: No time to select next move using MCTS. Returning random move ( move 5 3 4 4 ).
LOG 1641834810911 [L3]: Starting move selection for game step 32 with available time 0ms.
LOG 1641834810911 [L3]: No time to select next move using MCTS. Returning random move noop.
LOG 1641834810915 [L3]: Starting move selection for game step 33 with available time 0ms.
LOG 1641834810915 [L3]: No time to select next move using MCTS. Returning random move ( move 4 4 5 5 ).
LOG 1641834810932 [L3]: Starting move selection for game step 34 with available time 0ms.
LOG 1641834810933 [L3]: No time to select next move using MCTS. Returning random move noop.
LOG 1641834810936 [L3]: Starting move selection for game step 35 with available time 0ms.
LOG 1641834810937 [L3]: No time to select next move using MCTS. Returning random move ( move 3 3 3 4 ).
LOG 1641834810941 [L3]: Starting move selection for game step 36 with available time 0ms.
LOG 1641834810941 [L3]: No time to select next move using MCTS. Returning random move noop.
LOG 1641834810946 [L3]: Starting move selection for game step 37 with available time 0ms.
LOG 1641834810946 [L3]: No time to select next move using MCTS. Returning random move ( move 2 1 1 2 ).
LOG 1641834810950 [L3]: Starting move selection for game step 38 with available time 0ms.
LOG 1641834810951 [L3]: No time to select next move using MCTS. Returning random move noop.
LOG 1641834810954 [L3]: Starting move selection for game step 39 with available time 0ms.
LOG 1641834810954 [L3]: No time to select next move using MCTS. Returning random move ( move 4 2 5 3 ).
LOG 1641834810958 [L3]: Starting move selection for game step 40 with available time 0ms.
LOG 1641834810958 [L3]: No time to select next move using MCTS. Returning random move noop.
LOG 1641834810962 [L3]: Starting move selection for game step 41 with available time 0ms.
LOG 1641834810962 [L3]: No time to select next move using MCTS. Returning random move ( move 5 3 4 4 ).
LOG 1641834810965 [L3]: Starting move selection for game step 42 with available time 0ms.
LOG 1641834810966 [L3]: No time to select next move using MCTS. Returning random move noop.
LOG 1641834810969 [L3]: Starting move selection for game step 43 with available time 0ms.
LOG 1641834810969 [L3]: No time to select next move using MCTS. Returning random move ( move 1 2 2 3 ).
LOG 1641834810973 [L3]: Starting move selection for game step 44 with available time 0ms.
LOG 1641834810973 [L3]: No time to select next move using MCTS. Returning random move noop.
LOG 1641834810978 [L3]: Starting move selection for game step 45 with available time 0ms.
LOG 1641834810978 [L3]: No time to select next move using MCTS. Returning random move ( move 5 5 6 6 ).
LOG 1641834810981 [L3]: Starting move selection for game step 46 with available time 0ms.
LOG 1641834810982 [L3]: No time to select next move using MCTS. Returning random move noop.
LOG 1641834810986 [L3]: Starting move selection for game step 47 with available time 0ms.
LOG 1641834810986 [L3]: No time to select next move using MCTS. Returning random move ( move 4 4 5 5 ).
LOG 1641834810990 [L3]: Starting move selection for game step 48 with available time 0ms.
LOG 1641834810991 [L3]: No time to select next move using MCTS. Returning random move noop.
LOG 1641834810994 [L3]: Starting move selection for game step 49 with available time 0ms.
LOG 1641834810995 [L3]: No time to select next move using MCTS. Returning random move ( move 1 1 1 2 ).
LOG 1641834810999 [L3]: Starting move selection for game step 50 with available time 0ms.
LOG 1641834810999 [L3]: No time to select next move using MCTS. Returning random move noop.
LOG 1641834811004 [L3]: Starting move selection for game step 51 with available time 0ms.
LOG 1641834811005 [L3]: No time to select next move using MCTS. Returning random move ( move 6 1 6 2 ).
LOG 1641834811008 [L3]: Starting move selection for game step 52 with available time 0ms.
LOG 1641834811009 [L3]: No time to select next move using MCTS. Returning random move noop.
