LOG 1641836273342 [L3]: Returning initial state machine.
LOG 1641836273343 [L3]: Returning PropNet state machine without cache.
LOG 1641836273343 [L3]: Starting metagame with available thinking time 4991ms.
LOG 1641836273345 [L3]: Starting search during metagame.
LOG 1641836278334 [L3]: Done searching during metagame.
LOG 1641836278337 [L3]: Starting move selection for game step 1 with available time 0ms.
LOG 1641836278337 [L3]: No time to select next move using MCTS. Returning random move noop.
LOG 1641836278374 [L3]: Starting move selection for game step 2 with available time 0ms.
LOG 1641836278378 [L3]: No time to select next move using MCTS. Returning random move ( move 1 8 2 6 ).
LOG 1641836278382 [L3]: Starting move selection for game step 3 with available time 0ms.
LOG 1641836278393 [L3]: No time to select next move using MCTS. Returning random move noop.
LOG 1641836278396 [L3]: Starting move selection for game step 4 with available time 0ms.
LOG 1641836278404 [L3]: No time to select next move using MCTS. Returning random move ( move 3 7 5 6 ).
LOG 1641836278408 [L3]: Starting move selection for game step 5 with available time 0ms.
LOG 1641836278408 [L3]: No time to select next move using MCTS. Returning random move noop.
LOG 1641836278411 [L3]: Starting move selection for game step 6 with available time 0ms.
LOG 1641836278411 [L3]: No time to select next move using MCTS. Returning random move ( move 2 8 1 6 ).
LOG 1641836278414 [L3]: Starting move selection for game step 7 with available time 0ms.
LOG 1641836278415 [L3]: No time to select next move using MCTS. Returning random move noop.
LOG 1641836278418 [L3]: Starting move selection for game step 8 with available time 0ms.
LOG 1641836278418 [L3]: No time to select next move using MCTS. Returning random move ( move 6 7 7 5 ).
LOG 1641836278421 [L3]: Starting move selection for game step 9 with available time 0ms.
LOG 1641836278422 [L3]: No time to select next move using MCTS. Returning random move noop.
LOG 1641836278425 [L3]: Starting move selection for game step 10 with available time 0ms.
LOG 1641836278425 [L3]: No time to select next move using MCTS. Returning random move ( move 5 7 6 5 ).
LOG 1641836278428 [L3]: Starting move selection for game step 11 with available time 0ms.
LOG 1641836278428 [L3]: No time to select next move using MCTS. Returning random move noop.
LOG 1641836278431 [L3]: Starting move selection for game step 12 with available time 0ms.
LOG 1641836278431 [L3]: No time to select next move using MCTS. Returning random move ( move 7 7 8 5 ).
LOG 1641836278434 [L3]: Starting move selection for game step 13 with available time 0ms.
LOG 1641836278435 [L3]: No time to select next move using MCTS. Returning random move noop.
LOG 1641836278438 [L3]: Starting move selection for game step 14 with available time 0ms.
LOG 1641836278438 [L3]: No time to select next move using MCTS. Returning random move ( move 5 8 4 6 ).
LOG 1641836278441 [L3]: Starting move selection for game step 15 with available time 0ms.
LOG 1641836278442 [L3]: No time to select next move using MCTS. Returning random move noop.
LOG 1641836278445 [L3]: Starting move selection for game step 16 with available time -1ms.
LOG 1641836278445 [L3]: No time to select next move using MCTS. Returning random move ( move 8 8 6 7 ).
LOG 1641836278448 [L3]: Starting move selection for game step 17 with available time 0ms.
LOG 1641836278448 [L3]: No time to select next move using MCTS. Returning random move noop.
LOG 1641836278451 [L3]: Starting move selection for game step 18 with available time 0ms.
LOG 1641836278452 [L3]: No time to select next move using MCTS. Returning random move ( move 2 6 4 5 ).
LOG 1641836278455 [L3]: Starting move selection for game step 19 with available time 0ms.
LOG 1641836278455 [L3]: No time to select next move using MCTS. Returning random move noop.
LOG 1641836278458 [L3]: Starting move selection for game step 20 with available time 0ms.
LOG 1641836278458 [L3]: No time to select next move using MCTS. Returning random move ( move 4 7 2 6 ).
LOG 1641836278461 [L3]: Starting move selection for game step 21 with available time 0ms.
LOG 1641836278461 [L3]: No time to select next move using MCTS. Returning random move noop.
LOG 1641836278464 [L3]: Starting move selection for game step 22 with available time 0ms.
LOG 1641836278464 [L3]: No time to select next move using MCTS. Returning random move ( move 8 5 6 4 ).
LOG 1641836278467 [L3]: Starting move selection for game step 23 with available time 0ms.
LOG 1641836278467 [L3]: No time to select next move using MCTS. Returning random move noop.
LOG 1641836278470 [L3]: Starting move selection for game step 24 with available time 0ms.
LOG 1641836278470 [L3]: No time to select next move using MCTS. Returning random move ( move 4 5 5 3 ).
LOG 1641836278473 [L3]: Starting move selection for game step 25 with available time 0ms.
LOG 1641836278473 [L3]: No time to select next move using MCTS. Returning random move noop.
LOG 1641836278476 [L3]: Starting move selection for game step 26 with available time 0ms.
LOG 1641836278476 [L3]: No time to select next move using MCTS. Returning random move ( move 7 5 6 3 ).
LOG 1641836278479 [L3]: Starting move selection for game step 27 with available time 0ms.
LOG 1641836278479 [L3]: No time to select next move using MCTS. Returning random move noop.
LOG 1641836278482 [L3]: Starting move selection for game step 28 with available time 0ms.
LOG 1641836278483 [L3]: No time to select next move using MCTS. Returning random move ( move 8 7 7 5 ).
LOG 1641836278486 [L3]: Starting move selection for game step 29 with available time 0ms.
LOG 1641836278486 [L3]: No time to select next move using MCTS. Returning random move noop.
LOG 1641836278488 [L3]: Starting move selection for game step 30 with available time 0ms.
LOG 1641836278489 [L3]: No time to select next move using MCTS. Returning random move ( move 2 6 4 5 ).
LOG 1641836278492 [L3]: Starting move selection for game step 31 with available time 0ms.
LOG 1641836278492 [L3]: No time to select next move using MCTS. Returning random move noop.
LOG 1641836278495 [L3]: Starting move selection for game step 32 with available time 0ms.
LOG 1641836278495 [L3]: No time to select next move using MCTS. Returning random move ( move 5 3 6 1 ).
