LOG 1641836153045 [L3]: Returning initial state machine.
LOG 1641836153046 [L3]: Returning PropNet state machine without cache.
LOG 1641836153046 [L3]: Starting metagame with available thinking time 4991ms.
LOG 1641836153048 [L3]: Starting search during metagame.
LOG 1641836158037 [L3]: Done searching during metagame.
LOG 1641836158040 [L3]: Starting move selection for game step 1 with available time 0ms.
LOG 1641836158041 [L3]: No time to select next move using MCTS. Returning random move noop.
LOG 1641836158045 [L3]: Starting move selection for game step 2 with available time 0ms.
LOG 1641836158051 [L3]: No time to select next move using MCTS. Returning random move ( move 4 8 5 6 ).
LOG 1641836158055 [L3]: Starting move selection for game step 3 with available time 0ms.
LOG 1641836158067 [L3]: No time to select next move using MCTS. Returning random move noop.
LOG 1641836158070 [L3]: Starting move selection for game step 4 with available time 0ms.
LOG 1641836158080 [L3]: No time to select next move using MCTS. Returning random move ( move 7 7 6 5 ).
LOG 1641836158084 [L3]: Starting move selection for game step 5 with available time 0ms.
LOG 1641836158085 [L3]: No time to select next move using MCTS. Returning random move noop.
LOG 1641836158088 [L3]: Starting move selection for game step 6 with available time 0ms.
LOG 1641836158088 [L3]: No time to select next move using MCTS. Returning random move ( move 3 8 4 6 ).
LOG 1641836158092 [L3]: Starting move selection for game step 7 with available time 0ms.
LOG 1641836158092 [L3]: No time to select next move using MCTS. Returning random move noop.
LOG 1641836158097 [L3]: Starting move selection for game step 8 with available time -1ms.
LOG 1641836158097 [L3]: No time to select next move using MCTS. Returning random move ( move 4 6 2 5 ).
LOG 1641836158100 [L3]: Starting move selection for game step 9 with available time 0ms.
LOG 1641836158101 [L3]: No time to select next move using MCTS. Returning random move noop.
LOG 1641836158104 [L3]: Starting move selection for game step 10 with available time 0ms.
LOG 1641836158104 [L3]: No time to select next move using MCTS. Returning random move ( move 6 7 7 5 ).
LOG 1641836158109 [L3]: Starting move selection for game step 11 with available time 0ms.
LOG 1641836158109 [L3]: No time to select next move using MCTS. Returning random move noop.
LOG 1641836158113 [L3]: Starting move selection for game step 12 with available time 0ms.
LOG 1641836158113 [L3]: No time to select next move using MCTS. Returning random move ( move 7 5 8 3 ).
LOG 1641836158116 [L3]: Starting move selection for game step 13 with available time 0ms.
LOG 1641836158117 [L3]: No time to select next move using MCTS. Returning random move noop.
LOG 1641836158121 [L3]: Starting move selection for game step 14 with available time 0ms.
LOG 1641836158121 [L3]: No time to select next move using MCTS. Returning random move ( move 5 7 3 6 ).
LOG 1641836158125 [L3]: Starting move selection for game step 15 with available time 0ms.
LOG 1641836158125 [L3]: No time to select next move using MCTS. Returning random move noop.
LOG 1641836158130 [L3]: Starting move selection for game step 16 with available time 0ms.
LOG 1641836158130 [L3]: No time to select next move using MCTS. Returning random move ( move 7 8 8 6 ).
LOG 1641836158135 [L3]: Starting move selection for game step 17 with available time 0ms.
LOG 1641836158135 [L3]: No time to select next move using MCTS. Returning random move noop.
LOG 1641836158139 [L3]: Starting move selection for game step 18 with available time 0ms.
LOG 1641836158140 [L3]: No time to select next move using MCTS. Returning random move ( move 3 7 1 6 ).
LOG 1641836158144 [L3]: Starting move selection for game step 19 with available time 0ms.
LOG 1641836158144 [L3]: No time to select next move using MCTS. Returning random move noop.
LOG 1641836158148 [L3]: Starting move selection for game step 20 with available time 0ms.
LOG 1641836158148 [L3]: No time to select next move using MCTS. Returning random move ( move 4 7 3 5 ).
LOG 1641836158152 [L3]: Starting move selection for game step 21 with available time 0ms.
LOG 1641836158152 [L3]: No time to select next move using MCTS. Returning random move noop.
LOG 1641836158177 [L3]: Starting move selection for game step 22 with available time 0ms.
LOG 1641836158177 [L3]: No time to select next move using MCTS. Returning random move ( move 1 8 3 7 ).
LOG 1641836158180 [L3]: Starting move selection for game step 23 with available time 0ms.
LOG 1641836158180 [L3]: No time to select next move using MCTS. Returning random move noop.
LOG 1641836158183 [L3]: Starting move selection for game step 24 with available time 0ms.
LOG 1641836158184 [L3]: No time to select next move using MCTS. Returning random move ( move 5 8 4 6 ).
LOG 1641836158187 [L3]: Starting move selection for game step 25 with available time 0ms.
LOG 1641836158187 [L3]: No time to select next move using MCTS. Returning random move noop.
LOG 1641836158190 [L3]: Starting move selection for game step 26 with available time 0ms.
LOG 1641836158191 [L3]: No time to select next move using MCTS. Returning random move ( move 2 5 1 3 ).
LOG 1641836158194 [L3]: Starting move selection for game step 27 with available time 0ms.
LOG 1641836158194 [L3]: No time to select next move using MCTS. Returning random move noop.
LOG 1641836158197 [L3]: Starting move selection for game step 28 with available time 0ms.
LOG 1641836158197 [L3]: No time to select next move using MCTS. Returning random move ( move 3 7 2 5 ).
LOG 1641836158201 [L3]: Starting move selection for game step 29 with available time 0ms.
LOG 1641836158201 [L3]: No time to select next move using MCTS. Returning random move noop.
LOG 1641836158204 [L3]: Starting move selection for game step 30 with available time 0ms.
LOG 1641836158204 [L3]: No time to select next move using MCTS. Returning random move ( move 8 8 6 7 ).
LOG 1641836158207 [L3]: Starting move selection for game step 31 with available time 0ms.
LOG 1641836158207 [L3]: No time to select next move using MCTS. Returning random move noop.
LOG 1641836158210 [L3]: Starting move selection for game step 32 with available time 0ms.
LOG 1641836158211 [L3]: No time to select next move using MCTS. Returning random move ( move 6 7 5 5 ).
LOG 1641836158214 [L3]: Starting move selection for game step 33 with available time 0ms.
LOG 1641836158215 [L3]: No time to select next move using MCTS. Returning random move noop.
LOG 1641836158218 [L3]: Starting move selection for game step 34 with available time 0ms.
LOG 1641836158218 [L3]: No time to select next move using MCTS. Returning random move ( move 6 8 4 7 ).
LOG 1641836158222 [L3]: Starting move selection for game step 35 with available time 0ms.
LOG 1641836158222 [L3]: No time to select next move using MCTS. Returning random move noop.
LOG 1641836158225 [L3]: Starting move selection for game step 36 with available time 0ms.
LOG 1641836158226 [L3]: No time to select next move using MCTS. Returning random move ( move 1 7 2 5 ).
LOG 1641836158229 [L3]: Starting move selection for game step 37 with available time 0ms.
LOG 1641836158230 [L3]: No time to select next move using MCTS. Returning random move noop.
LOG 1641836158232 [L3]: Starting move selection for game step 38 with available time 0ms.
LOG 1641836158233 [L3]: No time to select next move using MCTS. Returning random move ( move 3 6 5 5 ).
LOG 1641836158236 [L3]: Starting move selection for game step 39 with available time 0ms.
LOG 1641836158236 [L3]: No time to select next move using MCTS. Returning random move noop.
LOG 1641836158240 [L3]: Starting move selection for game step 40 with available time 0ms.
LOG 1641836158240 [L3]: No time to select next move using MCTS. Returning random move ( move 2 5 4 4 ).
LOG 1641836158243 [L3]: Starting move selection for game step 41 with available time 0ms.
LOG 1641836158243 [L3]: No time to select next move using MCTS. Returning random move noop.
LOG 1641836158246 [L3]: Starting move selection for game step 42 with available time 0ms.
LOG 1641836158247 [L3]: No time to select next move using MCTS. Returning random move ( move 1 6 2 4 ).
LOG 1641836158249 [L3]: Starting move selection for game step 43 with available time 0ms.
LOG 1641836158250 [L3]: No time to select next move using MCTS. Returning random move noop.
LOG 1641836158253 [L3]: Starting move selection for game step 44 with available time 0ms.
LOG 1641836158253 [L3]: No time to select next move using MCTS. Returning random move ( move 4 6 5 4 ).
LOG 1641836158256 [L3]: Starting move selection for game step 45 with available time 0ms.
LOG 1641836158256 [L3]: No time to select next move using MCTS. Returning random move noop.
LOG 1641836158259 [L3]: Starting move selection for game step 46 with available time 0ms.
LOG 1641836158259 [L3]: No time to select next move using MCTS. Returning random move ( move 2 4 3 2 ).
LOG 1641836158262 [L3]: Starting move selection for game step 47 with available time 0ms.
LOG 1641836158263 [L3]: No time to select next move using MCTS. Returning random move noop.
LOG 1641836158266 [L3]: Starting move selection for game step 48 with available time 0ms.
LOG 1641836158266 [L3]: No time to select next move using MCTS. Returning random move ( move 5 5 3 4 ).
LOG 1641836158269 [L3]: Starting move selection for game step 49 with available time 0ms.
LOG 1641836158269 [L3]: No time to select next move using MCTS. Returning random move noop.
LOG 1641836158272 [L3]: Starting move selection for game step 50 with available time 0ms.
LOG 1641836158272 [L3]: No time to select next move using MCTS. Returning random move ( move 3 4 1 3 ).
LOG 1641836158275 [L3]: Starting move selection for game step 51 with available time 0ms.
LOG 1641836158276 [L3]: No time to select next move using MCTS. Returning random move noop.
LOG 1641836158278 [L3]: Starting move selection for game step 52 with available time 0ms.
LOG 1641836158279 [L3]: No time to select next move using MCTS. Returning random move ( move 8 6 7 4 ).
LOG 1641836158282 [L3]: Starting move selection for game step 53 with available time 0ms.
LOG 1641836158282 [L3]: No time to select next move using MCTS. Returning random move noop.
LOG 1641836158285 [L3]: Starting move selection for game step 54 with available time 0ms.
LOG 1641836158285 [L3]: No time to select next move using MCTS. Returning random move ( move 7 4 8 2 ).
LOG 1641836158288 [L3]: Starting move selection for game step 55 with available time 0ms.
LOG 1641836158288 [L3]: No time to select next move using MCTS. Returning random move noop.
LOG 1641836158291 [L3]: Starting move selection for game step 56 with available time 0ms.
LOG 1641836158291 [L3]: No time to select next move using MCTS. Returning random move ( move 3 2 5 1 ).
