LOG 1641842992893 [L3]: Returning initial state machine.
LOG 1641842992893 [L3]: Returning PropNet state machine without cache.
LOG 1641842992894 [L3]: Starting metagame with available thinking time 4990ms.
LOG 1641842992896 [L3]: Starting search during metagame.
LOG 1641843010223 [L3]: Done searching during metagame.
LOG 1641843010225 [L3]: Starting move selection for game step 1 with available time 0ms.
LOG 1641843010225 [L3]: No time to select next move using MCTS. Returning random move ( mark r5 c3 ).
LOG 1641843010229 [L3]: Starting move selection for game step 2 with available time 0ms.
LOG 1641843010229 [L3]: No time to select next move using MCTS. Returning random move noop.
LOG 1641843010233 [L3]: Starting move selection for game step 3 with available time 0ms.
LOG 1641843010240 [L3]: No time to select next move using MCTS. Returning random move ( block r6 c2 ).
LOG 1641843010243 [L3]: Starting move selection for game step 4 with available time 0ms.
LOG 1641843010243 [L3]: No time to select next move using MCTS. Returning random move ( mark r5 c5 ).
LOG 1641843010249 [L3]: Starting move selection for game step 5 with available time 0ms.
LOG 1641843010249 [L3]: No time to select next move using MCTS. Returning random move noop.
LOG 1641843010255 [L3]: Starting move selection for game step 6 with available time 0ms.
LOG 1641843010255 [L3]: No time to select next move using MCTS. Returning random move ( block r6 c4 ).
LOG 1641843010258 [L3]: Starting move selection for game step 7 with available time 0ms.
LOG 1641843010258 [L3]: No time to select next move using MCTS. Returning random move ( mark r5 c2 ).
LOG 1641843010266 [L3]: Starting move selection for game step 8 with available time 0ms.
LOG 1641843010266 [L3]: No time to select next move using MCTS. Returning random move noop.
LOG 1641843010269 [L3]: Starting move selection for game step 9 with available time 0ms.
LOG 1641843010270 [L3]: No time to select next move using MCTS. Returning random move noop.
LOG 1641843010272 [L3]: Starting move selection for game step 10 with available time 0ms.
LOG 1641843010273 [L3]: No time to select next move using MCTS. Returning random move noop.
LOG 1641843010278 [L3]: Starting move selection for game step 11 with available time 0ms.
LOG 1641843010279 [L3]: No time to select next move using MCTS. Returning random move ( mark r3 c1 ).
LOG 1641843010289 [L3]: Starting move selection for game step 12 with available time 0ms.
LOG 1641843010289 [L3]: No time to select next move using MCTS. Returning random move noop.
LOG 1641843010302 [L3]: Starting move selection for game step 13 with available time 0ms.
LOG 1641843010302 [L3]: No time to select next move using MCTS. Returning random move ( mark r2 c4 ).
LOG 1641843010325 [L3]: Starting move selection for game step 14 with available time 0ms.
LOG 1641843010325 [L3]: No time to select next move using MCTS. Returning random move noop.
LOG 1641843010354 [L3]: Starting move selection for game step 15 with available time 0ms.
LOG 1641843010354 [L3]: No time to select next move using MCTS. Returning random move ( mark r7 c4 ).
LOG 1641843010382 [L3]: Starting move selection for game step 16 with available time 0ms.
LOG 1641843010382 [L3]: No time to select next move using MCTS. Returning random move noop.
LOG 1641843010387 [L3]: Starting move selection for game step 17 with available time 0ms.
LOG 1641843010388 [L3]: No time to select next move using MCTS. Returning random move noop.
LOG 1641843010393 [L3]: Starting move selection for game step 18 with available time 0ms.
LOG 1641843010394 [L3]: No time to select next move using MCTS. Returning random move noop.
LOG 1641843010453 [L3]: Starting move selection for game step 19 with available time 0ms.
LOG 1641843010453 [L3]: No time to select next move using MCTS. Returning random move ( mark r2 c7 ).
LOG 1641843010522 [L3]: Starting move selection for game step 20 with available time 0ms.
LOG 1641843010522 [L3]: No time to select next move using MCTS. Returning random move noop.
LOG 1641843024266 [L3]: Starting move selection for game step 21 with available time 0ms.
LOG 1641843024267 [L3]: No time to select next move using MCTS. Returning random move ( block r6 c1 ).
LOG 1641843024276 [L3]: Starting move selection for game step 22 with available time 0ms.
LOG 1641843024276 [L3]: No time to select next move using MCTS. Returning random move ( block r4 c2 ).
LOG 1641843024285 [L3]: Starting move selection for game step 23 with available time 0ms.
LOG 1641843024285 [L3]: No time to select next move using MCTS. Returning random move ( block r1 c4 ).
LOG 1641843024294 [L3]: Starting move selection for game step 24 with available time 0ms.
LOG 1641843024294 [L3]: No time to select next move using MCTS. Returning random move ( mark r6 c7 ).
LOG 1641843024372 [L3]: Starting move selection for game step 25 with available time 0ms.
LOG 1641843024372 [L3]: No time to select next move using MCTS. Returning random move noop.
LOG 1641843024486 [L3]: Starting move selection for game step 26 with available time 0ms.
LOG 1641843024486 [L3]: No time to select next move using MCTS. Returning random move ( mark r4 c1 ).
LOG 1641843024570 [L3]: Starting move selection for game step 27 with available time 0ms.
LOG 1641843024571 [L3]: No time to select next move using MCTS. Returning random move noop.
LOG 1641843024588 [L3]: Starting move selection for game step 28 with available time 0ms.
LOG 1641843024588 [L3]: No time to select next move using MCTS. Returning random move noop.
LOG 1641843031296 [L3]: Starting move selection for game step 29 with available time 0ms.
LOG 1641843031296 [L3]: No time to select next move using MCTS. Returning random move ( mark r1 c2 ).
LOG 1641843031443 [L3]: Starting move selection for game step 30 with available time 0ms.
LOG 1641843031443 [L3]: No time to select next move using MCTS. Returning random move noop.
LOG 1641843031629 [L3]: Starting move selection for game step 31 with available time 0ms.
LOG 1641843031630 [L3]: No time to select next move using MCTS. Returning random move ( mark r7 c5 ).
LOG 1641843035239 [L3]: Starting move selection for game step 32 with available time 0ms.
LOG 1641843035239 [L3]: No time to select next move using MCTS. Returning random move noop.
