LOG 1641833905432 [L3]: Started match logging at: Mon Jan 10 17:58:25 CET 2022
LOG 1641833905433 [L3]: Game rules: [( role white ), ( role black ), ( <= ( base ( cellHolds ?x ?y ?p ) ) ( index ?x ) ( index ?y ) ( role ?p ) ), ( <= ( base ( control ?p ) ) ( role ?p ) ), ( <= ( input ?p noop ) ( role ?p ) ), ( <= ( input white ( move ?x ?y1 ?x ?y2 ) ) ( index ?x ) ( succ ?y1 ?y2 ) ), ( <= ( input white ( move ?x1 ?y1 ?x2 ?y2 ) ) ( succ ?y1 ?y2 ) ( succ ?x1 ?x2 ) ), ( <= ( input white ( move ?x1 ?y1 ?x2 ?y2 ) ) ( succ ?y1 ?y2 ) ( succ ?x2 ?x1 ) ), ( <= ( input black ( move ?x ?y1 ?x ?y2 ) ) ( index ?x ) ( succ ?y2 ?y1 ) ), ( <= ( input black ( move ?x1 ?y1 ?x2 ?y2 ) ) ( succ ?y2 ?y1 ) ( succ ?x1 ?x2 ) ), ( <= ( input black ( move ?x1 ?y1 ?x2 ?y2 ) ) ( succ ?y2 ?y1 ) ( succ ?x2 ?x1 ) ), ( init ( cellHolds 1 1 white ) ), ( init ( cellHolds 2 1 white ) ), ( init ( cellHolds 3 1 white ) ), ( init ( cellHolds 4 1 white ) ), ( init ( cellHolds 5 1 white ) ), ( init ( cellHolds 6 1 white ) ), ( init ( cellHolds 7 1 white ) ), ( init ( cellHolds 8 1 white ) ), ( init ( cellHolds 1 2 white ) ), ( init ( cellHolds 2 2 white ) ), ( init ( cellHolds 3 2 white ) ), ( init ( cellHolds 4 2 white ) ), ( init ( cellHolds 5 2 white ) ), ( init ( cellHolds 6 2 white ) ), ( init ( cellHolds 7 2 white ) ), ( init ( cellHolds 8 2 white ) ), ( init ( cellHolds 1 7 black ) ), ( init ( cellHolds 2 7 black ) ), ( init ( cellHolds 3 7 black ) ), ( init ( cellHolds 4 7 black ) ), ( init ( cellHolds 5 7 black ) ), ( init ( cellHolds 6 7 black ) ), ( init ( cellHolds 7 7 black ) ), ( init ( cellHolds 8 7 black ) ), ( init ( cellHolds 1 8 black ) ), ( init ( cellHolds 2 8 black ) ), ( init ( cellHolds 3 8 black ) ), ( init ( cellHolds 4 8 black ) ), ( init ( cellHolds 5 8 black ) ), ( init ( cellHolds 6 8 black ) ), ( init ( cellHolds 7 8 black ) ), ( init ( cellHolds 8 8 black ) ), ( init ( control white ) ), ( <= ( legal white ( move ?x ?y1 ?x ?y2 ) ) ( true ( control white ) ) ( true ( cellHolds ?x ?y1 white ) ) ( succ ?y1 ?y2 ) ( cellEmpty ?x ?y2 ) ), ( <= ( legal white ( move ?x1 ?y1 ?x2 ?y2 ) ) ( true ( control white ) ) ( true ( cellHolds ?x1 ?y1 white ) ) ( succ ?y1 ?y2 ) ( succ ?x1 ?x2 ) ( not ( true ( cellHolds ?x2 ?y2 white ) ) ) ), ( <= ( legal white ( move ?x1 ?y1 ?x2 ?y2 ) ) ( true ( control white ) ) ( true ( cellHolds ?x1 ?y1 white ) ) ( succ ?y1 ?y2 ) ( succ ?x2 ?x1 ) ( not ( true ( cellHolds ?x2 ?y2 white ) ) ) ), ( <= ( legal black ( move ?x ?y1 ?x ?y2 ) ) ( true ( control black ) ) ( true ( cellHolds ?x ?y1 black ) ) ( succ ?y2 ?y1 ) ( cellEmpty ?x ?y2 ) ), ( <= ( legal black ( move ?x1 ?y1 ?x2 ?y2 ) ) ( true ( control black ) ) ( true ( cellHolds ?x1 ?y1 black ) ) ( succ ?y2 ?y1 ) ( succ ?x1 ?x2 ) ( not ( true ( cellHolds ?x2 ?y2 black ) ) ) ), ( <= ( legal black ( move ?x1 ?y1 ?x2 ?y2 ) ) ( true ( control black ) ) ( true ( cellHolds ?x1 ?y1 black ) ) ( succ ?y2 ?y1 ) ( succ ?x2 ?x1 ) ( not ( true ( cellHolds ?x2 ?y2 black ) ) ) ), ( <= ( legal white noop ) ( true ( control black ) ) ), ( <= ( legal black noop ) ( true ( control white ) ) ), ( <= ( next ( cellHolds ?x2 ?y2 ?player ) ) ( role ?player ) ( does ?player ( move ?x1 ?y1 ?x2 ?y2 ) ) ), ( <= ( next ( cellHolds ?x3 ?y3 ?state ) ) ( true ( cellHolds ?x3 ?y3 ?state ) ) ( role ?player ) ( does ?player ( move ?x1 ?y1 ?x2 ?y2 ) ) ( distinctCell ?x1 ?y1 ?x3 ?y3 ) ( distinctCell ?x2 ?y2 ?x3 ?y3 ) ), ( <= ( next ( control white ) ) ( true ( control black ) ) ), ( <= ( next ( control black ) ) ( true ( control white ) ) ), ( <= terminal whiteWin ), ( <= terminal blackWin ), ( <= ( goal white 100 ) whiteWin ), ( <= ( goal white 0 ) ( not whiteWin ) ), ( <= ( goal black 100 ) blackWin ), ( <= ( goal black 0 ) ( not blackWin ) ), ( <= ( cell ?x ?y ) ( index ?x ) ( index ?y ) ), ( <= ( cellEmpty ?x ?y ) ( cell ?x ?y ) ( not ( true ( cellHolds ?x ?y white ) ) ) ( not ( true ( cellHolds ?x ?y black ) ) ) ), ( <= ( distinctCell ?x1 ?y1 ?x2 ?y2 ) ( cell ?x1 ?y1 ) ( cell ?x2 ?y2 ) ( distinct ?x1 ?x2 ) ), ( <= ( distinctCell ?x1 ?y1 ?x2 ?y2 ) ( cell ?x1 ?y1 ) ( cell ?x2 ?y2 ) ( distinct ?y1 ?y2 ) ), ( <= whiteWin ( index ?x ) ( true ( cellHolds ?x 8 white ) ) ), ( <= blackWin ( index ?x ) ( true ( cellHolds ?x 1 black ) ) ), ( <= whiteWin ( not blackCell ) ), ( <= blackWin ( not whiteCell ) ), ( <= whiteCell ( cell ?x ?y ) ( true ( cellHolds ?x ?y white ) ) ), ( <= blackCell ( cell ?x ?y ) ( true ( cellHolds ?x ?y black ) ) ), ( index 1 ), ( index 2 ), ( index 3 ), ( index 4 ), ( index 5 ), ( index 6 ), ( index 7 ), ( index 8 ), ( succ 1 2 ), ( succ 2 3 ), ( succ 3 4 ), ( succ 4 5 ), ( succ 5 6 ), ( succ 6 7 ), ( succ 7 8 )]
LOG 1641833905440 [L3]: Start clock: 15
LOG 1641833905441 [L3]: Play clock: 10
LOG 1641833910432 [L0]: [Sent at 1641833910432] ready
LOG 1641833910434 [L0]: [Received at 1641833910434] ( PLAY 5.breakthrough.1641833905194 NIL )
LOG 1641833910435 [L0]: [Sent at 1641833910435] noop
LOG 1641833910438 [L0]: [Received at 1641833910438] ( PLAY 5.breakthrough.1641833905194 (( move 1 2 1 3 ) noop ) )
LOG 1641833910440 [L0]: [Sent at 1641833910440] ( move 2 7 2 6 )
LOG 1641833910445 [L0]: [Received at 1641833910445] ( PLAY 5.breakthrough.1641833905194 (noop ( move 2 7 2 6 ) ) )
LOG 1641833910453 [L0]: [Sent at 1641833910453] noop
LOG 1641833910457 [L0]: [Received at 1641833910457] ( PLAY 5.breakthrough.1641833905194 (( move 5 2 4 3 ) noop ) )
LOG 1641833910460 [L0]: [Sent at 1641833910460] ( move 5 7 6 6 )
LOG 1641833910465 [L0]: [Received at 1641833910465] ( PLAY 5.breakthrough.1641833905194 (noop ( move 5 7 6 6 ) ) )
LOG 1641833910467 [L0]: [Sent at 1641833910467] noop
LOG 1641833910469 [L0]: [Received at 1641833910469] ( PLAY 5.breakthrough.1641833905194 (( move 4 1 5 2 ) noop ) )
LOG 1641833910471 [L0]: [Sent at 1641833910471] ( move 4 8 5 7 )
LOG 1641833910474 [L0]: [Received at 1641833910474] ( PLAY 5.breakthrough.1641833905194 (noop ( move 4 8 5 7 ) ) )
LOG 1641833910475 [L0]: [Sent at 1641833910475] noop
LOG 1641833910478 [L0]: [Received at 1641833910478] ( PLAY 5.breakthrough.1641833905194 (( move 2 2 2 3 ) noop ) )
LOG 1641833910479 [L0]: [Sent at 1641833910479] ( move 8 7 7 6 )
LOG 1641833910483 [L0]: [Received at 1641833910483] ( PLAY 5.breakthrough.1641833905194 (noop ( move 8 7 7 6 ) ) )
LOG 1641833910485 [L0]: [Sent at 1641833910485] noop
LOG 1641833910494 [L0]: [Received at 1641833910494] ( PLAY 5.breakthrough.1641833905194 (( move 4 3 3 4 ) noop ) )
LOG 1641833910495 [L0]: [Sent at 1641833910495] ( move 7 6 7 5 )
LOG 1641833910498 [L0]: [Received at 1641833910498] ( PLAY 5.breakthrough.1641833905194 (noop ( move 7 6 7 5 ) ) )
LOG 1641833910499 [L0]: [Sent at 1641833910499] noop
LOG 1641833910503 [L0]: [Received at 1641833910503] ( PLAY 5.breakthrough.1641833905194 (( move 3 4 2 5 ) noop ) )
LOG 1641833910504 [L0]: [Sent at 1641833910504] ( move 7 8 8 7 )
LOG 1641833910508 [L0]: [Received at 1641833910508] ( PLAY 5.breakthrough.1641833905194 (noop ( move 7 8 8 7 ) ) )
LOG 1641833910509 [L0]: [Sent at 1641833910509] noop
LOG 1641833910512 [L0]: [Received at 1641833910512] ( PLAY 5.breakthrough.1641833905194 (( move 8 2 7 3 ) noop ) )
LOG 1641833910514 [L0]: [Sent at 1641833910514] ( move 3 7 3 6 )
LOG 1641833910517 [L0]: [Received at 1641833910517] ( PLAY 5.breakthrough.1641833905194 (noop ( move 3 7 3 6 ) ) )
LOG 1641833910518 [L0]: [Sent at 1641833910518] noop
LOG 1641833910521 [L0]: [Received at 1641833910521] ( PLAY 5.breakthrough.1641833905194 (( move 7 3 8 4 ) noop ) )
LOG 1641833910522 [L0]: [Sent at 1641833910522] ( move 7 7 7 6 )
LOG 1641833910524 [L0]: [Received at 1641833910524] ( PLAY 5.breakthrough.1641833905194 (noop ( move 7 7 7 6 ) ) )
LOG 1641833910525 [L0]: [Sent at 1641833910525] noop
LOG 1641833910528 [L0]: [Received at 1641833910528] ( PLAY 5.breakthrough.1641833905194 (( move 5 2 5 3 ) noop ) )
LOG 1641833910529 [L0]: [Sent at 1641833910529] ( move 1 8 2 7 )
LOG 1641833910533 [L0]: [Received at 1641833910533] ( PLAY 5.breakthrough.1641833905194 (noop ( move 1 8 2 7 ) ) )
LOG 1641833910534 [L0]: [Sent at 1641833910534] noop
LOG 1641833910537 [L0]: [Received at 1641833910537] ( PLAY 5.breakthrough.1641833905194 (( move 5 3 6 4 ) noop ) )
LOG 1641833910538 [L0]: [Sent at 1641833910538] ( move 7 6 6 5 )
LOG 1641833910541 [L0]: [Received at 1641833910541] ( PLAY 5.breakthrough.1641833905194 (noop ( move 7 6 6 5 ) ) )
LOG 1641833910543 [L0]: [Sent at 1641833910543] noop
LOG 1641833910547 [L0]: [Received at 1641833910547] ( PLAY 5.breakthrough.1641833905194 (( move 1 3 2 4 ) noop ) )
LOG 1641833910548 [L0]: [Sent at 1641833910548] ( move 3 6 2 5 )
LOG 1641833910551 [L0]: [Received at 1641833910551] ( PLAY 5.breakthrough.1641833905194 (noop ( move 3 6 2 5 ) ) )
LOG 1641833910552 [L0]: [Sent at 1641833910552] noop
LOG 1641833910555 [L0]: [Received at 1641833910555] ( PLAY 5.breakthrough.1641833905194 (( move 7 2 8 3 ) noop ) )
LOG 1641833910556 [L0]: [Sent at 1641833910556] ( move 2 5 1 4 )
LOG 1641833910559 [L0]: [Received at 1641833910559] ( PLAY 5.breakthrough.1641833905194 (noop ( move 2 5 1 4 ) ) )
LOG 1641833910560 [L0]: [Sent at 1641833910560] noop
LOG 1641833910564 [L0]: [Received at 1641833910564] ( PLAY 5.breakthrough.1641833905194 (( move 6 2 5 3 ) noop ) )
LOG 1641833910566 [L0]: [Sent at 1641833910566] ( move 6 7 7 6 )
LOG 1641833910569 [L0]: [Received at 1641833910569] ( PLAY 5.breakthrough.1641833905194 (noop ( move 6 7 7 6 ) ) )
LOG 1641833910570 [L0]: [Sent at 1641833910570] noop
LOG 1641833910573 [L0]: [Received at 1641833910573] ( PLAY 5.breakthrough.1641833905194 (( move 6 1 7 2 ) noop ) )
LOG 1641833910574 [L0]: [Sent at 1641833910574] ( move 8 8 7 7 )
LOG 1641833910577 [L0]: [Received at 1641833910577] ( PLAY 5.breakthrough.1641833905194 (noop ( move 8 8 7 7 ) ) )
LOG 1641833910578 [L0]: [Sent at 1641833910578] noop
LOG 1641833910581 [L0]: [Received at 1641833910581] ( PLAY 5.breakthrough.1641833905194 (( move 2 4 3 5 ) noop ) )
LOG 1641833910582 [L0]: [Sent at 1641833910582] ( move 2 7 1 6 )
LOG 1641833910585 [L0]: [Received at 1641833910585] ( PLAY 5.breakthrough.1641833905194 (noop ( move 2 7 1 6 ) ) )
LOG 1641833910587 [L0]: [Sent at 1641833910587] noop
LOG 1641833910589 [L0]: [Received at 1641833910589] ( PLAY 5.breakthrough.1641833905194 (( move 3 5 3 6 ) noop ) )
LOG 1641833910590 [L0]: [Sent at 1641833910590] ( move 7 5 8 4 )
LOG 1641833910593 [L0]: [Received at 1641833910593] ( PLAY 5.breakthrough.1641833905194 (noop ( move 7 5 8 4 ) ) )
LOG 1641833910594 [L0]: [Sent at 1641833910594] noop
LOG 1641833910597 [L0]: [Received at 1641833910597] ( PLAY 5.breakthrough.1641833905194 (( move 2 1 1 2 ) noop ) )
LOG 1641833910599 [L0]: [Sent at 1641833910599] ( move 4 7 5 6 )
LOG 1641833910601 [L0]: [Received at 1641833910601] ( PLAY 5.breakthrough.1641833905194 (noop ( move 4 7 5 6 ) ) )
LOG 1641833910603 [L0]: [Sent at 1641833910603] noop
LOG 1641833910606 [L0]: [Received at 1641833910606] ( PLAY 5.breakthrough.1641833905194 (( move 3 1 2 2 ) noop ) )
LOG 1641833910607 [L0]: [Sent at 1641833910607] ( move 1 4 1 3 )
LOG 1641833910610 [L0]: [Received at 1641833910610] ( PLAY 5.breakthrough.1641833905194 (noop ( move 1 4 1 3 ) ) )
LOG 1641833910612 [L0]: [Sent at 1641833910612] noop
LOG 1641833910615 [L0]: [Received at 1641833910615] ( PLAY 5.breakthrough.1641833905194 (( move 8 1 8 2 ) noop ) )
LOG 1641833910617 [L0]: [Sent at 1641833910617] ( move 5 8 6 7 )
LOG 1641833910619 [L0]: [Received at 1641833910619] ( PLAY 5.breakthrough.1641833905194 (noop ( move 5 8 6 7 ) ) )
LOG 1641833910621 [L0]: [Sent at 1641833910621] noop
LOG 1641833910624 [L0]: [Received at 1641833910624] ( PLAY 5.breakthrough.1641833905194 (( move 6 4 7 5 ) noop ) )
LOG 1641833910625 [L0]: [Sent at 1641833910625] ( move 6 6 7 5 )
LOG 1641833910628 [L0]: [Received at 1641833910628] ( PLAY 5.breakthrough.1641833905194 (noop ( move 6 6 7 5 ) ) )
LOG 1641833910629 [L0]: [Sent at 1641833910629] noop
LOG 1641833910632 [L0]: [Received at 1641833910632] ( PLAY 5.breakthrough.1641833905194 (( move 3 6 3 7 ) noop ) )
LOG 1641833910634 [L0]: [Sent at 1641833910634] ( move 1 3 2 2 )
LOG 1641833910643 [L0]: [Received at 1641833910643] ( PLAY 5.breakthrough.1641833905194 (noop ( move 1 3 2 2 ) ) )
LOG 1641833910644 [L0]: [Sent at 1641833910644] noop
LOG 1641833910647 [L0]: [Received at 1641833910647] ( PLAY 5.breakthrough.1641833905194 (( move 1 1 2 2 ) noop ) )
LOG 1641833910648 [L0]: [Sent at 1641833910648] ( move 5 7 4 6 )
LOG 1641833910651 [L0]: [Received at 1641833910651] ( PLAY 5.breakthrough.1641833905194 (noop ( move 5 7 4 6 ) ) )
LOG 1641833910652 [L0]: [Sent at 1641833910652] noop
LOG 1641833910655 [L0]: [Received at 1641833910655] ( PLAY 5.breakthrough.1641833905194 (( move 1 2 1 3 ) noop ) )
LOG 1641833910656 [L0]: [Sent at 1641833910656] ( move 7 7 6 6 )
LOG 1641833910658 [L0]: [Received at 1641833910658] ( PLAY 5.breakthrough.1641833905194 (noop ( move 7 7 6 6 ) ) )
LOG 1641833910659 [L0]: [Sent at 1641833910659] noop
LOG 1641833910662 [L0]: [Received at 1641833910662] ( PLAY 5.breakthrough.1641833905194 (( move 7 2 6 3 ) noop ) )
LOG 1641833910664 [L0]: [Sent at 1641833910664] ( move 2 8 2 7 )
LOG 1641833910666 [L0]: [Received at 1641833910666] ( PLAY 5.breakthrough.1641833905194 (noop ( move 2 8 2 7 ) ) )
LOG 1641833910667 [L0]: [Sent at 1641833910667] noop
LOG 1641833910670 [L0]: [Received at 1641833910670] ( PLAY 5.breakthrough.1641833905194 (( move 4 2 4 3 ) noop ) )
LOG 1641833910671 [L0]: [Sent at 1641833910671] ( move 6 6 5 5 )
LOG 1641833910674 [L0]: [Received at 1641833910674] ( PLAY 5.breakthrough.1641833905194 (noop ( move 6 6 5 5 ) ) )
LOG 1641833910675 [L0]: [Sent at 1641833910675] noop
LOG 1641833910678 [L0]: [Received at 1641833910678] ( PLAY 5.breakthrough.1641833905194 (( move 7 1 7 2 ) noop ) )
LOG 1641833910679 [L0]: [Sent at 1641833910679] ( move 6 5 7 4 )
LOG 1641833910683 [L0]: [Received at 1641833910683] ( PLAY 5.breakthrough.1641833905194 (noop ( move 6 5 7 4 ) ) )
LOG 1641833910684 [L0]: [Sent at 1641833910684] noop
LOG 1641833910688 [L0]: [Received at 1641833910688] ( PLAY 5.breakthrough.1641833905194 (( move 1 3 1 4 ) noop ) )
LOG 1641833910689 [L0]: [Sent at 1641833910689] ( move 7 6 6 5 )
LOG 1641833910692 [L0]: [Received at 1641833910692] ( PLAY 5.breakthrough.1641833905194 (noop ( move 7 6 6 5 ) ) )
LOG 1641833910693 [L0]: [Sent at 1641833910693] noop
LOG 1641833910700 [L0]: [Received at 1641833910700] ( STOP 5.breakthrough.1641833905194 (( move 3 7 4 8 ) noop ) )
LOG 1641833910701 [L3]: Stopped logging to files at: Mon Jan 10 17:58:30 CET 2022
LOG 1641833910701 [L3]: LOG SEALED
