LOG 1641836253364 [L3]: Returning initial state machine.
LOG 1641836253364 [L3]: Returning PropNet state machine without cache.
LOG 1641836253365 [L3]: Starting metagame with available thinking time 4991ms.
LOG 1641836253366 [L3]: Starting search during metagame.
LOG 1641836258356 [L3]: Done searching during metagame.
LOG 1641836258359 [L3]: Starting move selection for game step 1 with available time -1ms.
LOG 1641836258359 [L3]: No time to select next move using MCTS. Returning random move noop.
LOG 1641836258362 [L3]: Starting move selection for game step 2 with available time 0ms.
LOG 1641836258368 [L3]: No time to select next move using MCTS. Returning random move ( move 4 8 5 6 ).
LOG 1641836258371 [L3]: Starting move selection for game step 3 with available time 0ms.
LOG 1641836258382 [L3]: No time to select next move using MCTS. Returning random move noop.
LOG 1641836258386 [L3]: Starting move selection for game step 4 with available time -1ms.
LOG 1641836258396 [L3]: No time to select next move using MCTS. Returning random move ( move 5 8 6 6 ).
LOG 1641836258399 [L3]: Starting move selection for game step 5 with available time 0ms.
LOG 1641836258399 [L3]: No time to select next move using MCTS. Returning random move noop.
LOG 1641836258402 [L3]: Starting move selection for game step 6 with available time 0ms.
LOG 1641836258403 [L3]: No time to select next move using MCTS. Returning random move ( move 6 6 8 5 ).
LOG 1641836258406 [L3]: Starting move selection for game step 7 with available time 0ms.
LOG 1641836258406 [L3]: No time to select next move using MCTS. Returning random move noop.
LOG 1641836258409 [L3]: Starting move selection for game step 8 with available time 0ms.
LOG 1641836258410 [L3]: No time to select next move using MCTS. Returning random move ( move 8 5 7 3 ).
LOG 1641836258412 [L3]: Starting move selection for game step 9 with available time 0ms.
LOG 1641836258413 [L3]: No time to select next move using MCTS. Returning random move noop.
LOG 1641836258416 [L3]: Starting move selection for game step 10 with available time 0ms.
LOG 1641836258416 [L3]: No time to select next move using MCTS. Returning random move ( move 3 8 2 6 ).
LOG 1641836258419 [L3]: Starting move selection for game step 11 with available time 0ms.
LOG 1641836258419 [L3]: No time to select next move using MCTS. Returning random move noop.
LOG 1641836258422 [L3]: Starting move selection for game step 12 with available time 0ms.
LOG 1641836258423 [L3]: No time to select next move using MCTS. Returning random move ( move 3 7 4 5 ).
LOG 1641836258427 [L3]: Starting move selection for game step 13 with available time 0ms.
LOG 1641836258427 [L3]: No time to select next move using MCTS. Returning random move noop.
LOG 1641836258430 [L3]: Starting move selection for game step 14 with available time 0ms.
LOG 1641836258430 [L3]: No time to select next move using MCTS. Returning random move ( move 4 5 2 4 ).
LOG 1641836258434 [L3]: Starting move selection for game step 15 with available time 0ms.
LOG 1641836258434 [L3]: No time to select next move using MCTS. Returning random move noop.
LOG 1641836258438 [L3]: Starting move selection for game step 16 with available time 0ms.
LOG 1641836258438 [L3]: No time to select next move using MCTS. Returning random move ( move 5 6 6 4 ).
LOG 1641836258442 [L3]: Starting move selection for game step 17 with available time 0ms.
LOG 1641836258442 [L3]: No time to select next move using MCTS. Returning random move noop.
LOG 1641836258446 [L3]: Starting move selection for game step 18 with available time 0ms.
LOG 1641836258446 [L3]: No time to select next move using MCTS. Returning random move ( move 4 7 5 5 ).
LOG 1641836258471 [L3]: Starting move selection for game step 19 with available time 0ms.
LOG 1641836258471 [L3]: No time to select next move using MCTS. Returning random move noop.
LOG 1641836258474 [L3]: Starting move selection for game step 20 with available time 0ms.
LOG 1641836258475 [L3]: No time to select next move using MCTS. Returning random move ( move 1 7 2 5 ).
LOG 1641836258478 [L3]: Starting move selection for game step 21 with available time 0ms.
LOG 1641836258479 [L3]: No time to select next move using MCTS. Returning random move noop.
LOG 1641836258483 [L3]: Starting move selection for game step 22 with available time 0ms.
LOG 1641836258483 [L3]: No time to select next move using MCTS. Returning random move ( move 6 8 4 7 ).
LOG 1641836258487 [L3]: Starting move selection for game step 23 with available time 0ms.
LOG 1641836258487 [L3]: No time to select next move using MCTS. Returning random move noop.
LOG 1641836258490 [L3]: Starting move selection for game step 24 with available time 0ms.
LOG 1641836258490 [L3]: No time to select next move using MCTS. Returning random move ( move 6 4 8 3 ).
LOG 1641836258493 [L3]: Starting move selection for game step 25 with available time 0ms.
LOG 1641836258494 [L3]: No time to select next move using MCTS. Returning random move noop.
LOG 1641836258496 [L3]: Starting move selection for game step 26 with available time 0ms.
LOG 1641836258497 [L3]: No time to select next move using MCTS. Returning random move ( move 2 5 1 3 ).
LOG 1641836258499 [L3]: Starting move selection for game step 27 with available time 0ms.
LOG 1641836258500 [L3]: No time to select next move using MCTS. Returning random move noop.
LOG 1641836258502 [L3]: Starting move selection for game step 28 with available time 0ms.
LOG 1641836258502 [L3]: No time to select next move using MCTS. Returning random move ( move 6 7 4 6 ).
LOG 1641836258505 [L3]: Starting move selection for game step 29 with available time 0ms.
LOG 1641836258506 [L3]: No time to select next move using MCTS. Returning random move noop.
LOG 1641836258508 [L3]: Starting move selection for game step 30 with available time 0ms.
LOG 1641836258508 [L3]: No time to select next move using MCTS. Returning random move ( move 5 7 4 5 ).
LOG 1641836258511 [L3]: Starting move selection for game step 31 with available time 0ms.
LOG 1641836258512 [L3]: No time to select next move using MCTS. Returning random move noop.
LOG 1641836258514 [L3]: Starting move selection for game step 32 with available time 0ms.
LOG 1641836258515 [L3]: No time to select next move using MCTS. Returning random move ( move 4 6 6 5 ).
LOG 1641836258518 [L3]: Starting move selection for game step 33 with available time 0ms.
LOG 1641836258518 [L3]: No time to select next move using MCTS. Returning random move noop.
