LOG 1641833888693 [L3]: Returning initial state machine.
LOG 1641833888694 [L3]: Returning PropNet state machine without cache.
LOG 1641833888695 [L3]: Starting metagame with available thinking time 4988ms.
LOG 1641833888696 [L3]: Starting search during metagame.
LOG 1641833893683 [L3]: Done searching during metagame.
LOG 1641833893686 [L3]: Starting move selection for game step 1 with available time 0ms.
LOG 1641833893687 [L3]: No time to select next move using MCTS. Returning random move noop.
LOG 1641833893691 [L3]: Starting move selection for game step 2 with available time 0ms.
LOG 1641833893692 [L3]: No time to select next move using MCTS. Returning random move ( move 1 7 2 6 ).
LOG 1641833893699 [L3]: Starting move selection for game step 3 with available time 0ms.
LOG 1641833893706 [L3]: No time to select next move using MCTS. Returning random move noop.
LOG 1641833893712 [L3]: Starting move selection for game step 4 with available time 0ms.
LOG 1641833893713 [L3]: No time to select next move using MCTS. Returning random move ( move 4 7 3 6 ).
LOG 1641833893719 [L3]: Starting move selection for game step 5 with available time -1ms.
LOG 1641833893719 [L3]: No time to select next move using MCTS. Returning random move noop.
LOG 1641833893723 [L3]: Starting move selection for game step 6 with available time 0ms.
LOG 1641833893723 [L3]: No time to select next move using MCTS. Returning random move ( move 4 8 4 7 ).
LOG 1641833893727 [L3]: Starting move selection for game step 7 with available time 0ms.
LOG 1641833893727 [L3]: No time to select next move using MCTS. Returning random move noop.
LOG 1641833893732 [L3]: Starting move selection for game step 8 with available time 0ms.
LOG 1641833893733 [L3]: No time to select next move using MCTS. Returning random move ( move 8 7 8 6 ).
LOG 1641833893737 [L3]: Starting move selection for game step 9 with available time 0ms.
LOG 1641833893737 [L3]: No time to select next move using MCTS. Returning random move noop.
LOG 1641833893741 [L3]: Starting move selection for game step 10 with available time 0ms.
LOG 1641833893741 [L3]: No time to select next move using MCTS. Returning random move ( move 7 8 8 7 ).
LOG 1641833893747 [L3]: Starting move selection for game step 11 with available time 0ms.
LOG 1641833893747 [L3]: No time to select next move using MCTS. Returning random move noop.
LOG 1641833893753 [L3]: Starting move selection for game step 12 with available time 0ms.
LOG 1641833893753 [L3]: No time to select next move using MCTS. Returning random move ( move 8 7 7 6 ).
LOG 1641833893757 [L3]: Starting move selection for game step 13 with available time 0ms.
LOG 1641833893758 [L3]: No time to select next move using MCTS. Returning random move noop.
LOG 1641833893762 [L3]: Starting move selection for game step 14 with available time 0ms.
LOG 1641833893762 [L3]: No time to select next move using MCTS. Returning random move ( move 4 7 5 6 ).
LOG 1641833893766 [L3]: Starting move selection for game step 15 with available time 0ms.
LOG 1641833893766 [L3]: No time to select next move using MCTS. Returning random move noop.
LOG 1641833893770 [L3]: Starting move selection for game step 16 with available time 0ms.
LOG 1641833893770 [L3]: No time to select next move using MCTS. Returning random move ( move 3 7 4 6 ).
LOG 1641833893774 [L3]: Starting move selection for game step 17 with available time 0ms.
LOG 1641833893774 [L3]: No time to select next move using MCTS. Returning random move noop.
LOG 1641833893778 [L3]: Starting move selection for game step 18 with available time 0ms.
LOG 1641833893779 [L3]: No time to select next move using MCTS. Returning random move ( move 2 8 3 7 ).
LOG 1641833893782 [L3]: Starting move selection for game step 19 with available time 0ms.
LOG 1641833893783 [L3]: No time to select next move using MCTS. Returning random move noop.
LOG 1641833893787 [L3]: Starting move selection for game step 20 with available time 0ms.
LOG 1641833893787 [L3]: No time to select next move using MCTS. Returning random move ( move 5 6 4 5 ).
LOG 1641833893791 [L3]: Starting move selection for game step 21 with available time 0ms.
LOG 1641833893791 [L3]: No time to select next move using MCTS. Returning random move noop.
LOG 1641833893797 [L3]: Starting move selection for game step 22 with available time 0ms.
LOG 1641833893797 [L3]: No time to select next move using MCTS. Returning random move ( move 1 8 1 7 ).
LOG 1641833893801 [L3]: Starting move selection for game step 23 with available time 0ms.
LOG 1641833893801 [L3]: No time to select next move using MCTS. Returning random move noop.
LOG 1641833893805 [L3]: Starting move selection for game step 24 with available time 0ms.
LOG 1641833893806 [L3]: No time to select next move using MCTS. Returning random move ( move 7 6 8 5 ).
LOG 1641833893810 [L3]: Starting move selection for game step 25 with available time 0ms.
LOG 1641833893810 [L3]: No time to select next move using MCTS. Returning random move noop.
LOG 1641833893814 [L3]: Starting move selection for game step 26 with available time 0ms.
LOG 1641833893814 [L3]: No time to select next move using MCTS. Returning random move ( move 8 6 7 5 ).
LOG 1641833893818 [L3]: Starting move selection for game step 27 with available time 0ms.
LOG 1641833893818 [L3]: No time to select next move using MCTS. Returning random move noop.
LOG 1641833893822 [L3]: Starting move selection for game step 28 with available time 0ms.
LOG 1641833893823 [L3]: No time to select next move using MCTS. Returning random move ( move 2 6 3 5 ).
LOG 1641833893827 [L3]: Starting move selection for game step 29 with available time 0ms.
LOG 1641833893827 [L3]: No time to select next move using MCTS. Returning random move noop.
LOG 1641833893832 [L3]: Starting move selection for game step 30 with available time 0ms.
LOG 1641833893832 [L3]: No time to select next move using MCTS. Returning random move ( move 4 6 5 5 ).
LOG 1641833893836 [L3]: Starting move selection for game step 31 with available time 0ms.
LOG 1641833893837 [L3]: No time to select next move using MCTS. Returning random move noop.
LOG 1641833893841 [L3]: Starting move selection for game step 32 with available time 0ms.
LOG 1641833893841 [L3]: No time to select next move using MCTS. Returning random move ( move 7 5 6 4 ).
LOG 1641833893845 [L3]: Starting move selection for game step 33 with available time 0ms.
LOG 1641833893845 [L3]: No time to select next move using MCTS. Returning random move noop.
LOG 1641833893857 [L3]: Starting move selection for game step 34 with available time 0ms.
LOG 1641833893858 [L3]: No time to select next move using MCTS. Returning random move ( move 6 7 5 6 ).
LOG 1641833893866 [L3]: Starting move selection for game step 35 with available time 0ms.
LOG 1641833893866 [L3]: No time to select next move using MCTS. Returning random move noop.
LOG 1641833893870 [L3]: Starting move selection for game step 36 with available time 0ms.
LOG 1641833893871 [L3]: No time to select next move using MCTS. Returning random move ( move 3 6 2 5 ).
LOG 1641833893875 [L3]: Starting move selection for game step 37 with available time 0ms.
LOG 1641833893875 [L3]: No time to select next move using MCTS. Returning random move noop.
LOG 1641833893881 [L3]: Starting move selection for game step 38 with available time 0ms.
LOG 1641833893882 [L3]: No time to select next move using MCTS. Returning random move ( move 5 8 6 7 ).
LOG 1641833893887 [L3]: Starting move selection for game step 39 with available time 0ms.
LOG 1641833893888 [L3]: No time to select next move using MCTS. Returning random move noop.
LOG 1641833893893 [L3]: Starting move selection for game step 40 with available time 0ms.
LOG 1641833893894 [L3]: No time to select next move using MCTS. Returning random move ( move 4 5 5 4 ).
LOG 1641833893903 [L3]: Starting move selection for game step 41 with available time -1ms.
LOG 1641833893903 [L3]: No time to select next move using MCTS. Returning random move noop.
LOG 1641833893908 [L3]: Starting move selection for game step 42 with available time 0ms.
LOG 1641833893908 [L3]: No time to select next move using MCTS. Returning random move ( move 8 5 7 4 ).
LOG 1641833893912 [L3]: Starting move selection for game step 43 with available time 0ms.
LOG 1641833893913 [L3]: No time to select next move using MCTS. Returning random move noop.
LOG 1641833893918 [L3]: Starting move selection for game step 44 with available time 0ms.
LOG 1641833893918 [L3]: No time to select next move using MCTS. Returning random move ( move 7 7 8 6 ).
LOG 1641833893922 [L3]: Starting move selection for game step 45 with available time 0ms.
LOG 1641833893923 [L3]: No time to select next move using MCTS. Returning random move noop.
LOG 1641833893929 [L3]: Starting move selection for game step 46 with available time 0ms.
LOG 1641833893929 [L3]: No time to select next move using MCTS. Returning random move ( move 3 7 4 6 ).
LOG 1641833893934 [L3]: Starting move selection for game step 47 with available time 0ms.
LOG 1641833893934 [L3]: No time to select next move using MCTS. Returning random move noop.
LOG 1641833893938 [L3]: Starting move selection for game step 48 with available time 0ms.
LOG 1641833893938 [L3]: No time to select next move using MCTS. Returning random move ( move 2 7 1 6 ).
LOG 1641833893942 [L3]: Starting move selection for game step 49 with available time 0ms.
LOG 1641833893943 [L3]: No time to select next move using MCTS. Returning random move noop.
LOG 1641833893946 [L3]: Starting move selection for game step 50 with available time 0ms.
LOG 1641833893947 [L3]: No time to select next move using MCTS. Returning random move ( move 5 5 4 4 ).
LOG 1641833893950 [L3]: Starting move selection for game step 51 with available time 0ms.
LOG 1641833893951 [L3]: No time to select next move using MCTS. Returning random move noop.
LOG 1641833893954 [L3]: Starting move selection for game step 52 with available time 0ms.
LOG 1641833893955 [L3]: No time to select next move using MCTS. Returning random move ( move 4 4 3 3 ).
LOG 1641833893958 [L3]: Starting move selection for game step 53 with available time 0ms.
LOG 1641833893958 [L3]: No time to select next move using MCTS. Returning random move noop.
LOG 1641833893962 [L3]: Starting move selection for game step 54 with available time 0ms.
LOG 1641833893963 [L3]: No time to select next move using MCTS. Returning random move ( move 3 3 2 2 ).
LOG 1641833893966 [L3]: Starting move selection for game step 55 with available time 0ms.
LOG 1641833893967 [L3]: No time to select next move using MCTS. Returning random move noop.
LOG 1641833893970 [L3]: Starting move selection for game step 56 with available time 0ms.
LOG 1641833893970 [L3]: No time to select next move using MCTS. Returning random move ( move 5 6 5 5 ).
LOG 1641833893974 [L3]: Starting move selection for game step 57 with available time 0ms.
LOG 1641833893974 [L3]: No time to select next move using MCTS. Returning random move noop.
LOG 1641833893978 [L3]: Starting move selection for game step 58 with available time 0ms.
LOG 1641833893978 [L3]: No time to select next move using MCTS. Returning random move ( move 2 5 1 4 ).
LOG 1641833893981 [L3]: Starting move selection for game step 59 with available time 0ms.
LOG 1641833893981 [L3]: No time to select next move using MCTS. Returning random move noop.
LOG 1641833893985 [L3]: Starting move selection for game step 60 with available time 0ms.
LOG 1641833893985 [L3]: No time to select next move using MCTS. Returning random move ( move 5 4 5 3 ).
LOG 1641833893989 [L3]: Starting move selection for game step 61 with available time 0ms.
LOG 1641833893989 [L3]: No time to select next move using MCTS. Returning random move noop.
LOG 1641833893994 [L3]: Starting move selection for game step 62 with available time -1ms.
LOG 1641833893994 [L3]: No time to select next move using MCTS. Returning random move ( move 6 4 7 3 ).
LOG 1641833893997 [L3]: Starting move selection for game step 63 with available time 0ms.
LOG 1641833893997 [L3]: No time to select next move using MCTS. Returning random move noop.
LOG 1641833894001 [L3]: Starting move selection for game step 64 with available time 0ms.
LOG 1641833894001 [L3]: No time to select next move using MCTS. Returning random move ( move 1 4 1 3 ).
LOG 1641833894004 [L3]: Starting move selection for game step 65 with available time 0ms.
LOG 1641833894005 [L3]: No time to select next move using MCTS. Returning random move noop.
LOG 1641833894008 [L3]: Starting move selection for game step 66 with available time 0ms.
LOG 1641833894009 [L3]: No time to select next move using MCTS. Returning random move ( move 5 3 6 2 ).
LOG 1641833894012 [L3]: Starting move selection for game step 67 with available time 0ms.
LOG 1641833894012 [L3]: No time to select next move using MCTS. Returning random move noop.
LOG 1641833894016 [L3]: Starting move selection for game step 68 with available time 0ms.
LOG 1641833894016 [L3]: No time to select next move using MCTS. Returning random move ( move 1 7 2 6 ).
LOG 1641833894019 [L3]: Starting move selection for game step 69 with available time 0ms.
LOG 1641833894019 [L3]: No time to select next move using MCTS. Returning random move noop.
LOG 1641833894023 [L3]: Starting move selection for game step 70 with available time 0ms.
LOG 1641833894023 [L3]: No time to select next move using MCTS. Returning random move ( move 6 2 7 1 ).
