LOG 1641833216273 [L3]: Returning initial state machine.
LOG 1641833216274 [L3]: Returning PropNet state machine without cache.
LOG 1641833216275 [L3]: Starting metagame with available thinking time 4989ms.
LOG 1641833216277 [L3]: Starting search during metagame.
LOG 1641833221264 [L3]: Done searching during metagame.
LOG 1641833221266 [L3]: Starting move selection for game step 1 with available time 0ms.
LOG 1641833221267 [L3]: No time to select next move using MCTS. Returning random move ( drop 6 ).
LOG 1641833221270 [L3]: Starting move selection for game step 2 with available time 0ms.
LOG 1641833221275 [L3]: No time to select next move using MCTS. Returning random move noop.
LOG 1641833221278 [L3]: Starting move selection for game step 3 with available time 0ms.
LOG 1641833221289 [L3]: No time to select next move using MCTS. Returning random move ( drop 1 ).
LOG 1641833221293 [L3]: Starting move selection for game step 4 with available time 0ms.
LOG 1641833221301 [L3]: No time to select next move using MCTS. Returning random move noop.
LOG 1641833221304 [L3]: Starting move selection for game step 5 with available time 0ms.
LOG 1641833221304 [L3]: No time to select next move using MCTS. Returning random move ( drop 7 ).
LOG 1641833221307 [L3]: Starting move selection for game step 6 with available time 0ms.
LOG 1641833221308 [L3]: No time to select next move using MCTS. Returning random move noop.
LOG 1641833221312 [L3]: Starting move selection for game step 7 with available time 0ms.
LOG 1641833221312 [L3]: No time to select next move using MCTS. Returning random move ( drop 5 ).
LOG 1641833221316 [L3]: Starting move selection for game step 8 with available time 0ms.
LOG 1641833221317 [L3]: No time to select next move using MCTS. Returning random move noop.
LOG 1641833221320 [L3]: Starting move selection for game step 9 with available time 0ms.
LOG 1641833221320 [L3]: No time to select next move using MCTS. Returning random move ( drop 7 ).
LOG 1641833221324 [L3]: Starting move selection for game step 10 with available time 0ms.
LOG 1641833221324 [L3]: No time to select next move using MCTS. Returning random move noop.
LOG 1641833221328 [L3]: Starting move selection for game step 11 with available time 0ms.
LOG 1641833221328 [L3]: No time to select next move using MCTS. Returning random move ( drop 6 ).
LOG 1641833221332 [L3]: Starting move selection for game step 12 with available time 0ms.
LOG 1641833221332 [L3]: No time to select next move using MCTS. Returning random move noop.
LOG 1641833221335 [L3]: Starting move selection for game step 13 with available time 0ms.
LOG 1641833221336 [L3]: No time to select next move using MCTS. Returning random move ( drop 1 ).
LOG 1641833221339 [L3]: Starting move selection for game step 14 with available time 0ms.
LOG 1641833221340 [L3]: No time to select next move using MCTS. Returning random move noop.
LOG 1641833221343 [L3]: Starting move selection for game step 15 with available time 0ms.
LOG 1641833221343 [L3]: No time to select next move using MCTS. Returning random move ( drop 5 ).
LOG 1641833221348 [L3]: Starting move selection for game step 16 with available time 0ms.
LOG 1641833221348 [L3]: No time to select next move using MCTS. Returning random move noop.
LOG 1641833221353 [L3]: Starting move selection for game step 17 with available time 0ms.
LOG 1641833221353 [L3]: No time to select next move using MCTS. Returning random move ( drop 1 ).
LOG 1641833221373 [L3]: Starting move selection for game step 18 with available time 0ms.
LOG 1641833221373 [L3]: No time to select next move using MCTS. Returning random move noop.
LOG 1641833221377 [L3]: Starting move selection for game step 19 with available time 0ms.
LOG 1641833221377 [L3]: No time to select next move using MCTS. Returning random move ( drop 7 ).
LOG 1641833221381 [L3]: Starting move selection for game step 20 with available time 0ms.
LOG 1641833221381 [L3]: No time to select next move using MCTS. Returning random move noop.
