LOG 1641833954964 [L3]: Returning initial state machine.
LOG 1641833954964 [L3]: Returning PropNet state machine without cache.
LOG 1641833954965 [L3]: Starting metagame with available thinking time 4989ms.
LOG 1641833954966 [L3]: Starting search during metagame.
LOG 1641833959954 [L3]: Done searching during metagame.
LOG 1641833959958 [L3]: Starting move selection for game step 1 with available time 0ms.
LOG 1641833959958 [L3]: No time to select next move using MCTS. Returning random move ( move 4 2 4 3 ).
LOG 1641833959962 [L3]: Starting move selection for game step 2 with available time 0ms.
LOG 1641833959963 [L3]: No time to select next move using MCTS. Returning random move noop.
LOG 1641833959967 [L3]: Starting move selection for game step 3 with available time 0ms.
LOG 1641833959975 [L3]: No time to select next move using MCTS. Returning random move ( move 2 2 2 3 ).
LOG 1641833959978 [L3]: Starting move selection for game step 4 with available time 0ms.
LOG 1641833959980 [L3]: No time to select next move using MCTS. Returning random move noop.
LOG 1641833959984 [L3]: Starting move selection for game step 5 with available time 0ms.
LOG 1641833959984 [L3]: No time to select next move using MCTS. Returning random move ( move 3 1 4 2 ).
LOG 1641833959989 [L3]: Starting move selection for game step 6 with available time 0ms.
LOG 1641833959989 [L3]: No time to select next move using MCTS. Returning random move noop.
LOG 1641833959993 [L3]: Starting move selection for game step 7 with available time 0ms.
LOG 1641833959993 [L3]: No time to select next move using MCTS. Returning random move ( move 6 2 6 3 ).
LOG 1641833959997 [L3]: Starting move selection for game step 8 with available time 0ms.
LOG 1641833959998 [L3]: No time to select next move using MCTS. Returning random move noop.
LOG 1641833960001 [L3]: Starting move selection for game step 9 with available time 0ms.
LOG 1641833960001 [L3]: No time to select next move using MCTS. Returning random move ( move 6 3 6 4 ).
LOG 1641833960006 [L3]: Starting move selection for game step 10 with available time 0ms.
LOG 1641833960006 [L3]: No time to select next move using MCTS. Returning random move noop.
LOG 1641833960011 [L3]: Starting move selection for game step 11 with available time 0ms.
LOG 1641833960011 [L3]: No time to select next move using MCTS. Returning random move ( move 6 4 7 5 ).
LOG 1641833960015 [L3]: Starting move selection for game step 12 with available time 0ms.
LOG 1641833960015 [L3]: No time to select next move using MCTS. Returning random move noop.
LOG 1641833960019 [L3]: Starting move selection for game step 13 with available time 0ms.
LOG 1641833960020 [L3]: No time to select next move using MCTS. Returning random move ( move 5 1 6 2 ).
LOG 1641833960024 [L3]: Starting move selection for game step 14 with available time 0ms.
LOG 1641833960025 [L3]: No time to select next move using MCTS. Returning random move noop.
LOG 1641833960030 [L3]: Starting move selection for game step 15 with available time 0ms.
LOG 1641833960030 [L3]: No time to select next move using MCTS. Returning random move ( move 7 2 8 3 ).
LOG 1641833960042 [L3]: Starting move selection for game step 16 with available time 0ms.
LOG 1641833960042 [L3]: No time to select next move using MCTS. Returning random move noop.
LOG 1641833960045 [L3]: Starting move selection for game step 17 with available time 0ms.
LOG 1641833960045 [L3]: No time to select next move using MCTS. Returning random move ( move 5 2 6 3 ).
LOG 1641833960049 [L3]: Starting move selection for game step 18 with available time 0ms.
LOG 1641833960049 [L3]: No time to select next move using MCTS. Returning random move noop.
LOG 1641833960053 [L3]: Starting move selection for game step 19 with available time 0ms.
LOG 1641833960053 [L3]: No time to select next move using MCTS. Returning random move ( move 8 2 7 3 ).
LOG 1641833960059 [L3]: Starting move selection for game step 20 with available time 0ms.
LOG 1641833960059 [L3]: No time to select next move using MCTS. Returning random move noop.
LOG 1641833960063 [L3]: Starting move selection for game step 21 with available time -1ms.
LOG 1641833960063 [L3]: No time to select next move using MCTS. Returning random move ( move 3 2 3 3 ).
LOG 1641833960067 [L3]: Starting move selection for game step 22 with available time 0ms.
LOG 1641833960067 [L3]: No time to select next move using MCTS. Returning random move noop.
LOG 1641833960071 [L3]: Starting move selection for game step 23 with available time 0ms.
LOG 1641833960071 [L3]: No time to select next move using MCTS. Returning random move ( move 4 1 5 2 ).
LOG 1641833960075 [L3]: Starting move selection for game step 24 with available time 0ms.
LOG 1641833960075 [L3]: No time to select next move using MCTS. Returning random move noop.
LOG 1641833960079 [L3]: Starting move selection for game step 25 with available time 0ms.
LOG 1641833960079 [L3]: No time to select next move using MCTS. Returning random move ( move 7 3 6 4 ).
LOG 1641833960083 [L3]: Starting move selection for game step 26 with available time 0ms.
LOG 1641833960083 [L3]: No time to select next move using MCTS. Returning random move noop.
LOG 1641833960087 [L3]: Starting move selection for game step 27 with available time 0ms.
LOG 1641833960087 [L3]: No time to select next move using MCTS. Returning random move ( move 8 3 7 4 ).
LOG 1641833960091 [L3]: Starting move selection for game step 28 with available time 0ms.
LOG 1641833960091 [L3]: No time to select next move using MCTS. Returning random move noop.
LOG 1641833960095 [L3]: Starting move selection for game step 29 with available time 0ms.
LOG 1641833960096 [L3]: No time to select next move using MCTS. Returning random move ( move 6 4 5 5 ).
LOG 1641833960099 [L3]: Starting move selection for game step 30 with available time 0ms.
LOG 1641833960100 [L3]: No time to select next move using MCTS. Returning random move noop.
LOG 1641833960103 [L3]: Starting move selection for game step 31 with available time 0ms.
LOG 1641833960104 [L3]: No time to select next move using MCTS. Returning random move ( move 6 2 7 3 ).
LOG 1641833960107 [L3]: Starting move selection for game step 32 with available time 0ms.
LOG 1641833960107 [L3]: No time to select next move using MCTS. Returning random move noop.
LOG 1641833960112 [L3]: Starting move selection for game step 33 with available time 0ms.
LOG 1641833960112 [L3]: No time to select next move using MCTS. Returning random move ( move 4 3 3 4 ).
LOG 1641833960116 [L3]: Starting move selection for game step 34 with available time 0ms.
LOG 1641833960116 [L3]: No time to select next move using MCTS. Returning random move noop.
LOG 1641833960120 [L3]: Starting move selection for game step 35 with available time 0ms.
LOG 1641833960120 [L3]: No time to select next move using MCTS. Returning random move ( move 7 3 6 4 ).
LOG 1641833960125 [L3]: Starting move selection for game step 36 with available time 0ms.
LOG 1641833960125 [L3]: No time to select next move using MCTS. Returning random move noop.
LOG 1641833960129 [L3]: Starting move selection for game step 37 with available time 0ms.
LOG 1641833960129 [L3]: No time to select next move using MCTS. Returning random move ( move 3 4 2 5 ).
LOG 1641833960134 [L3]: Starting move selection for game step 38 with available time 0ms.
LOG 1641833960134 [L3]: No time to select next move using MCTS. Returning random move noop.
LOG 1641833960137 [L3]: Starting move selection for game step 39 with available time 0ms.
LOG 1641833960138 [L3]: No time to select next move using MCTS. Returning random move ( move 3 3 3 4 ).
LOG 1641833960141 [L3]: Starting move selection for game step 40 with available time 0ms.
LOG 1641833960141 [L3]: No time to select next move using MCTS. Returning random move noop.
LOG 1641833960146 [L3]: Starting move selection for game step 41 with available time 0ms.
LOG 1641833960147 [L3]: No time to select next move using MCTS. Returning random move ( move 4 2 3 3 ).
LOG 1641833960150 [L3]: Starting move selection for game step 42 with available time 0ms.
LOG 1641833960150 [L3]: No time to select next move using MCTS. Returning random move noop.
LOG 1641833960153 [L3]: Starting move selection for game step 43 with available time 0ms.
LOG 1641833960153 [L3]: No time to select next move using MCTS. Returning random move ( move 6 1 6 2 ).
LOG 1641833960158 [L3]: Starting move selection for game step 44 with available time 0ms.
LOG 1641833960159 [L3]: No time to select next move using MCTS. Returning random move noop.
LOG 1641833960163 [L3]: Starting move selection for game step 45 with available time 0ms.
LOG 1641833960163 [L3]: No time to select next move using MCTS. Returning random move ( move 6 3 5 4 ).
LOG 1641833960167 [L3]: Starting move selection for game step 46 with available time 0ms.
LOG 1641833960167 [L3]: No time to select next move using MCTS. Returning random move noop.
LOG 1641833960171 [L3]: Starting move selection for game step 47 with available time 0ms.
LOG 1641833960171 [L3]: No time to select next move using MCTS. Returning random move ( move 3 4 4 5 ).
LOG 1641833960175 [L3]: Starting move selection for game step 48 with available time 0ms.
LOG 1641833960176 [L3]: No time to select next move using MCTS. Returning random move noop.
LOG 1641833960179 [L3]: Starting move selection for game step 49 with available time 0ms.
LOG 1641833960180 [L3]: No time to select next move using MCTS. Returning random move ( move 7 4 6 5 ).
LOG 1641833960183 [L3]: Starting move selection for game step 50 with available time 0ms.
LOG 1641833960183 [L3]: No time to select next move using MCTS. Returning random move noop.
LOG 1641833960187 [L3]: Starting move selection for game step 51 with available time 0ms.
LOG 1641833960187 [L3]: No time to select next move using MCTS. Returning random move ( move 6 5 7 6 ).
LOG 1641833960190 [L3]: Starting move selection for game step 52 with available time 0ms.
LOG 1641833960191 [L3]: No time to select next move using MCTS. Returning random move noop.
LOG 1641833960194 [L3]: Starting move selection for game step 53 with available time 0ms.
LOG 1641833960194 [L3]: No time to select next move using MCTS. Returning random move ( move 2 5 2 6 ).
LOG 1641833960198 [L3]: Starting move selection for game step 54 with available time 0ms.
LOG 1641833960198 [L3]: No time to select next move using MCTS. Returning random move noop.
LOG 1641833960202 [L3]: Starting move selection for game step 55 with available time 0ms.
LOG 1641833960203 [L3]: No time to select next move using MCTS. Returning random move ( move 5 4 4 5 ).
LOG 1641833960206 [L3]: Starting move selection for game step 56 with available time 0ms.
LOG 1641833960206 [L3]: No time to select next move using MCTS. Returning random move noop.
LOG 1641833960209 [L3]: Starting move selection for game step 57 with available time 0ms.
LOG 1641833960209 [L3]: No time to select next move using MCTS. Returning random move ( move 3 3 2 4 ).
LOG 1641833960214 [L3]: Starting move selection for game step 58 with available time 0ms.
LOG 1641833960214 [L3]: No time to select next move using MCTS. Returning random move noop.
LOG 1641833960217 [L3]: Starting move selection for game step 59 with available time 0ms.
LOG 1641833960217 [L3]: No time to select next move using MCTS. Returning random move ( move 7 1 6 2 ).
LOG 1641833960221 [L3]: Starting move selection for game step 60 with available time 0ms.
LOG 1641833960221 [L3]: No time to select next move using MCTS. Returning random move noop.
LOG 1641833960224 [L3]: Starting move selection for game step 61 with available time 0ms.
LOG 1641833960225 [L3]: No time to select next move using MCTS. Returning random move ( move 1 1 2 2 ).
LOG 1641833960232 [L3]: Starting move selection for game step 62 with available time 0ms.
LOG 1641833960232 [L3]: No time to select next move using MCTS. Returning random move noop.
LOG 1641833960235 [L3]: Starting move selection for game step 63 with available time 0ms.
LOG 1641833960235 [L3]: No time to select next move using MCTS. Returning random move ( move 2 2 1 3 ).
LOG 1641833960238 [L3]: Starting move selection for game step 64 with available time 0ms.
LOG 1641833960239 [L3]: No time to select next move using MCTS. Returning random move noop.
LOG 1641833960243 [L3]: Starting move selection for game step 65 with available time 0ms.
LOG 1641833960243 [L3]: No time to select next move using MCTS. Returning random move ( move 4 5 3 6 ).
LOG 1641833960246 [L3]: Starting move selection for game step 66 with available time 0ms.
LOG 1641833960246 [L3]: No time to select next move using MCTS. Returning random move noop.
LOG 1641833960249 [L3]: Starting move selection for game step 67 with available time 0ms.
LOG 1641833960250 [L3]: No time to select next move using MCTS. Returning random move ( move 6 2 6 3 ).
LOG 1641833960252 [L3]: Starting move selection for game step 68 with available time 0ms.
LOG 1641833960253 [L3]: No time to select next move using MCTS. Returning random move noop.
LOG 1641833960256 [L3]: Starting move selection for game step 69 with available time 0ms.
LOG 1641833960256 [L3]: No time to select next move using MCTS. Returning random move ( move 3 6 4 7 ).
LOG 1641833960259 [L3]: Starting move selection for game step 70 with available time 0ms.
LOG 1641833960259 [L3]: No time to select next move using MCTS. Returning random move noop.
LOG 1641833960262 [L3]: Starting move selection for game step 71 with available time 0ms.
LOG 1641833960263 [L3]: No time to select next move using MCTS. Returning random move ( move 4 7 3 8 ).
