LOG 1641836554324 [L3]: Returning initial state machine.
LOG 1641836554324 [L3]: Returning PropNet state machine without cache.
LOG 1641836554325 [L3]: Starting metagame with available thinking time 4990ms.
LOG 1641836554326 [L3]: Starting search during metagame.
LOG 1641836559315 [L3]: Done searching during metagame.
LOG 1641836559318 [L3]: Starting move selection for game step 1 with available time 0ms.
LOG 1641836559318 [L3]: No time to select next move using MCTS. Returning random move noop.
LOG 1641836559322 [L3]: Starting move selection for game step 2 with available time 0ms.
LOG 1641836559324 [L3]: No time to select next move using MCTS. Returning random move ( move 7 7 6 5 ).
LOG 1641836559330 [L3]: Starting move selection for game step 3 with available time 0ms.
LOG 1641836559340 [L3]: No time to select next move using MCTS. Returning random move noop.
LOG 1641836559346 [L3]: Starting move selection for game step 4 with available time 0ms.
LOG 1641836559351 [L3]: No time to select next move using MCTS. Returning random move ( move 2 8 3 6 ).
LOG 1641836559360 [L3]: Starting move selection for game step 5 with available time 0ms.
LOG 1641836559361 [L3]: No time to select next move using MCTS. Returning random move noop.
LOG 1641836559364 [L3]: Starting move selection for game step 6 with available time 0ms.
LOG 1641836559364 [L3]: No time to select next move using MCTS. Returning random move ( move 2 7 4 6 ).
LOG 1641836559368 [L3]: Starting move selection for game step 7 with available time 0ms.
LOG 1641836559368 [L3]: No time to select next move using MCTS. Returning random move noop.
LOG 1641836559371 [L3]: Starting move selection for game step 8 with available time 0ms.
LOG 1641836559372 [L3]: No time to select next move using MCTS. Returning random move ( move 5 7 7 6 ).
LOG 1641836559375 [L3]: Starting move selection for game step 9 with available time 0ms.
LOG 1641836559375 [L3]: No time to select next move using MCTS. Returning random move noop.
LOG 1641836559378 [L3]: Starting move selection for game step 10 with available time 0ms.
LOG 1641836559378 [L3]: No time to select next move using MCTS. Returning random move ( move 3 6 5 5 ).
LOG 1641836559381 [L3]: Starting move selection for game step 11 with available time 0ms.
LOG 1641836559381 [L3]: No time to select next move using MCTS. Returning random move noop.
LOG 1641836559385 [L3]: Starting move selection for game step 12 with available time 0ms.
LOG 1641836559385 [L3]: No time to select next move using MCTS. Returning random move ( move 4 6 2 5 ).
LOG 1641836559408 [L3]: Starting move selection for game step 13 with available time 0ms.
LOG 1641836559408 [L3]: No time to select next move using MCTS. Returning random move noop.
LOG 1641836559412 [L3]: Starting move selection for game step 14 with available time 0ms.
LOG 1641836559412 [L3]: No time to select next move using MCTS. Returning random move ( move 7 8 5 7 ).
LOG 1641836559415 [L3]: Starting move selection for game step 15 with available time 0ms.
LOG 1641836559416 [L3]: No time to select next move using MCTS. Returning random move noop.
LOG 1641836559419 [L3]: Starting move selection for game step 16 with available time 0ms.
LOG 1641836559419 [L3]: No time to select next move using MCTS. Returning random move ( move 3 7 4 5 ).
LOG 1641836559422 [L3]: Starting move selection for game step 17 with available time 0ms.
LOG 1641836559423 [L3]: No time to select next move using MCTS. Returning random move noop.
LOG 1641836559426 [L3]: Starting move selection for game step 18 with available time 0ms.
LOG 1641836559426 [L3]: No time to select next move using MCTS. Returning random move ( move 3 8 4 6 ).
LOG 1641836559429 [L3]: Starting move selection for game step 19 with available time 0ms.
LOG 1641836559429 [L3]: No time to select next move using MCTS. Returning random move noop.
LOG 1641836559432 [L3]: Starting move selection for game step 20 with available time 0ms.
LOG 1641836559432 [L3]: No time to select next move using MCTS. Returning random move ( move 8 7 6 6 ).
LOG 1641836559435 [L3]: Starting move selection for game step 21 with available time 0ms.
LOG 1641836559436 [L3]: No time to select next move using MCTS. Returning random move noop.
LOG 1641836559438 [L3]: Starting move selection for game step 22 with available time 0ms.
LOG 1641836559439 [L3]: No time to select next move using MCTS. Returning random move ( move 5 8 3 7 ).
LOG 1641836559441 [L3]: Starting move selection for game step 23 with available time 0ms.
LOG 1641836559442 [L3]: No time to select next move using MCTS. Returning random move noop.
LOG 1641836559445 [L3]: Starting move selection for game step 24 with available time 0ms.
LOG 1641836559445 [L3]: No time to select next move using MCTS. Returning random move ( move 6 7 8 6 ).
LOG 1641836559448 [L3]: Starting move selection for game step 25 with available time 0ms.
LOG 1641836559449 [L3]: No time to select next move using MCTS. Returning random move noop.
LOG 1641836559452 [L3]: Starting move selection for game step 26 with available time 0ms.
LOG 1641836559452 [L3]: No time to select next move using MCTS. Returning random move ( move 3 7 1 6 ).
LOG 1641836559456 [L3]: Starting move selection for game step 27 with available time 0ms.
LOG 1641836559456 [L3]: No time to select next move using MCTS. Returning random move noop.
LOG 1641836559459 [L3]: Starting move selection for game step 28 with available time 0ms.
LOG 1641836559459 [L3]: No time to select next move using MCTS. Returning random move ( move 5 7 3 6 ).
LOG 1641836559462 [L3]: Starting move selection for game step 29 with available time 0ms.
LOG 1641836559462 [L3]: No time to select next move using MCTS. Returning random move noop.
LOG 1641836559466 [L3]: Starting move selection for game step 30 with available time 0ms.
LOG 1641836559466 [L3]: No time to select next move using MCTS. Returning random move ( move 5 5 7 4 ).
LOG 1641836559469 [L3]: Starting move selection for game step 31 with available time 0ms.
LOG 1641836559469 [L3]: No time to select next move using MCTS. Returning random move noop.
LOG 1641836559472 [L3]: Starting move selection for game step 32 with available time 0ms.
LOG 1641836559472 [L3]: No time to select next move using MCTS. Returning random move ( move 2 5 4 4 ).
LOG 1641836559475 [L3]: Starting move selection for game step 33 with available time 0ms.
LOG 1641836559475 [L3]: No time to select next move using MCTS. Returning random move noop.
LOG 1641836559478 [L3]: Starting move selection for game step 34 with available time 0ms.
LOG 1641836559479 [L3]: No time to select next move using MCTS. Returning random move ( move 4 7 3 5 ).
LOG 1641836559482 [L3]: Starting move selection for game step 35 with available time 0ms.
LOG 1641836559482 [L3]: No time to select next move using MCTS. Returning random move noop.
LOG 1641836559485 [L3]: Starting move selection for game step 36 with available time 0ms.
LOG 1641836559485 [L3]: No time to select next move using MCTS. Returning random move ( move 1 6 2 4 ).
LOG 1641836559488 [L3]: Starting move selection for game step 37 with available time 0ms.
LOG 1641836559488 [L3]: No time to select next move using MCTS. Returning random move noop.
