LOG 1641925690996 [L3]: Started match logging at: Tue Jan 11 19:28:10 CET 2022
LOG 1641925690997 [L3]: Game rules: [( role white ), ( role black ), ( <= ( base ( cellHolds ?x ?y ?p ) ) ( index ?x ) ( index ?y ) ( role ?p ) ), ( <= ( base ( control ?p ) ) ( role ?p ) ), ( <= ( input ?p noop ) ( role ?p ) ), ( <= ( input white ( move ?x ?y1 ?x ?y2 ) ) ( index ?x ) ( succ ?y1 ?y2 ) ), ( <= ( input white ( move ?x1 ?y1 ?x2 ?y2 ) ) ( succ ?y1 ?y2 ) ( succ ?x1 ?x2 ) ), ( <= ( input white ( move ?x1 ?y1 ?x2 ?y2 ) ) ( succ ?y1 ?y2 ) ( succ ?x2 ?x1 ) ), ( <= ( input black ( move ?x ?y1 ?x ?y2 ) ) ( index ?x ) ( succ ?y2 ?y1 ) ), ( <= ( input black ( move ?x1 ?y1 ?x2 ?y2 ) ) ( succ ?y2 ?y1 ) ( succ ?x1 ?x2 ) ), ( <= ( input black ( move ?x1 ?y1 ?x2 ?y2 ) ) ( succ ?y2 ?y1 ) ( succ ?x2 ?x1 ) ), ( init ( cellHolds 1 1 white ) ), ( init ( cellHolds 2 1 white ) ), ( init ( cellHolds 3 1 white ) ), ( init ( cellHolds 4 1 white ) ), ( init ( cellHolds 5 1 white ) ), ( init ( cellHolds 6 1 white ) ), ( init ( cellHolds 7 1 white ) ), ( init ( cellHolds 8 1 white ) ), ( init ( cellHolds 1 2 white ) ), ( init ( cellHolds 2 2 white ) ), ( init ( cellHolds 3 2 white ) ), ( init ( cellHolds 4 2 white ) ), ( init ( cellHolds 5 2 white ) ), ( init ( cellHolds 6 2 white ) ), ( init ( cellHolds 7 2 white ) ), ( init ( cellHolds 8 2 white ) ), ( init ( cellHolds 1 7 black ) ), ( init ( cellHolds 2 7 black ) ), ( init ( cellHolds 3 7 black ) ), ( init ( cellHolds 4 7 black ) ), ( init ( cellHolds 5 7 black ) ), ( init ( cellHolds 6 7 black ) ), ( init ( cellHolds 7 7 black ) ), ( init ( cellHolds 8 7 black ) ), ( init ( cellHolds 1 8 black ) ), ( init ( cellHolds 2 8 black ) ), ( init ( cellHolds 3 8 black ) ), ( init ( cellHolds 4 8 black ) ), ( init ( cellHolds 5 8 black ) ), ( init ( cellHolds 6 8 black ) ), ( init ( cellHolds 7 8 black ) ), ( init ( cellHolds 8 8 black ) ), ( init ( control white ) ), ( <= ( legal white ( move ?x ?y1 ?x ?y2 ) ) ( true ( control white ) ) ( true ( cellHolds ?x ?y1 white ) ) ( succ ?y1 ?y2 ) ( cellEmpty ?x ?y2 ) ), ( <= ( legal white ( move ?x1 ?y1 ?x2 ?y2 ) ) ( true ( control white ) ) ( true ( cellHolds ?x1 ?y1 white ) ) ( succ ?y1 ?y2 ) ( succ ?x1 ?x2 ) ( not ( true ( cellHolds ?x2 ?y2 white ) ) ) ), ( <= ( legal white ( move ?x1 ?y1 ?x2 ?y2 ) ) ( true ( control white ) ) ( true ( cellHolds ?x1 ?y1 white ) ) ( succ ?y1 ?y2 ) ( succ ?x2 ?x1 ) ( not ( true ( cellHolds ?x2 ?y2 white ) ) ) ), ( <= ( legal black ( move ?x ?y1 ?x ?y2 ) ) ( true ( control black ) ) ( true ( cellHolds ?x ?y1 black ) ) ( succ ?y2 ?y1 ) ( cellEmpty ?x ?y2 ) ), ( <= ( legal black ( move ?x1 ?y1 ?x2 ?y2 ) ) ( true ( control black ) ) ( true ( cellHolds ?x1 ?y1 black ) ) ( succ ?y2 ?y1 ) ( succ ?x1 ?x2 ) ( not ( true ( cellHolds ?x2 ?y2 black ) ) ) ), ( <= ( legal black ( move ?x1 ?y1 ?x2 ?y2 ) ) ( true ( control black ) ) ( true ( cellHolds ?x1 ?y1 black ) ) ( succ ?y2 ?y1 ) ( succ ?x2 ?x1 ) ( not ( true ( cellHolds ?x2 ?y2 black ) ) ) ), ( <= ( legal white noop ) ( true ( control black ) ) ), ( <= ( legal black noop ) ( true ( control white ) ) ), ( <= ( next ( cellHolds ?x2 ?y2 ?player ) ) ( role ?player ) ( does ?player ( move ?x1 ?y1 ?x2 ?y2 ) ) ), ( <= ( next ( cellHolds ?x3 ?y3 ?state ) ) ( true ( cellHolds ?x3 ?y3 ?state ) ) ( role ?player ) ( does ?player ( move ?x1 ?y1 ?x2 ?y2 ) ) ( distinctCell ?x1 ?y1 ?x3 ?y3 ) ( distinctCell ?x2 ?y2 ?x3 ?y3 ) ), ( <= ( next ( control white ) ) ( true ( control black ) ) ), ( <= ( next ( control black ) ) ( true ( control white ) ) ), ( <= terminal whiteWin ), ( <= terminal blackWin ), ( <= ( goal white 100 ) whiteWin ), ( <= ( goal white 0 ) ( not whiteWin ) ), ( <= ( goal black 100 ) blackWin ), ( <= ( goal black 0 ) ( not blackWin ) ), ( <= ( cell ?x ?y ) ( index ?x ) ( index ?y ) ), ( <= ( cellEmpty ?x ?y ) ( cell ?x ?y ) ( not ( true ( cellHolds ?x ?y white ) ) ) ( not ( true ( cellHolds ?x ?y black ) ) ) ), ( <= ( distinctCell ?x1 ?y1 ?x2 ?y2 ) ( cell ?x1 ?y1 ) ( cell ?x2 ?y2 ) ( distinct ?x1 ?x2 ) ), ( <= ( distinctCell ?x1 ?y1 ?x2 ?y2 ) ( cell ?x1 ?y1 ) ( cell ?x2 ?y2 ) ( distinct ?y1 ?y2 ) ), ( <= whiteWin ( index ?x ) ( true ( cellHolds ?x 8 white ) ) ), ( <= blackWin ( index ?x ) ( true ( cellHolds ?x 1 black ) ) ), ( <= whiteWin ( not blackCell ) ), ( <= blackWin ( not whiteCell ) ), ( <= whiteCell ( cell ?x ?y ) ( true ( cellHolds ?x ?y white ) ) ), ( <= blackCell ( cell ?x ?y ) ( true ( cellHolds ?x ?y black ) ) ), ( index 1 ), ( index 2 ), ( index 3 ), ( index 4 ), ( index 5 ), ( index 6 ), ( index 7 ), ( index 8 ), ( succ 1 2 ), ( succ 2 3 ), ( succ 3 4 ), ( succ 4 5 ), ( succ 5 6 ), ( succ 6 7 ), ( succ 7 8 )]
LOG 1641925691004 [L3]: Start clock: 15
LOG 1641925691004 [L3]: Play clock: 20
LOG 1641925695997 [L0]: [Sent at 1641925695997] ready
LOG 1641925696012 [L0]: [Received at 1641925696012] ( PLAY 37.breakthrough.1641925690805 NIL )
LOG 1641925706014 [L0]: [Sent at 1641925706014] noop
LOG 1641925706017 [L0]: [Received at 1641925706017] ( PLAY 37.breakthrough.1641925690805 (( move 1 2 1 3 ) noop ) )
LOG 1641925716018 [L0]: [Sent at 1641925716018] ( move 4 7 4 6 )
LOG 1641925716021 [L0]: [Received at 1641925716021] ( PLAY 37.breakthrough.1641925690805 (noop ( move 4 7 4 6 ) ) )
LOG 1641925726029 [L0]: [Sent at 1641925726029] noop
LOG 1641925726031 [L0]: [Received at 1641925726031] ( PLAY 37.breakthrough.1641925690805 (( move 7 2 7 3 ) noop ) )
LOG 1641925736034 [L0]: [Sent at 1641925736034] ( move 4 6 5 5 )
LOG 1641925736037 [L0]: [Received at 1641925736037] ( PLAY 37.breakthrough.1641925690805 (noop ( move 4 6 5 5 ) ) )
LOG 1641925746039 [L0]: [Sent at 1641925746039] noop
LOG 1641925746042 [L0]: [Received at 1641925746042] ( PLAY 37.breakthrough.1641925690805 (( move 5 2 5 3 ) noop ) )
LOG 1641925756044 [L0]: [Sent at 1641925756044] ( move 5 5 5 4 )
LOG 1641925756047 [L0]: [Received at 1641925756047] ( PLAY 37.breakthrough.1641925690805 (noop ( move 5 5 5 4 ) ) )
LOG 1641925766048 [L0]: [Sent at 1641925766048] noop
LOG 1641925766051 [L0]: [Received at 1641925766051] ( PLAY 37.breakthrough.1641925690805 (( move 6 1 7 2 ) noop ) )
LOG 1641925776052 [L0]: [Sent at 1641925776052] ( move 1 7 2 6 )
LOG 1641925776055 [L0]: [Received at 1641925776055] ( PLAY 37.breakthrough.1641925690805 (noop ( move 1 7 2 6 ) ) )
LOG 1641925786056 [L0]: [Sent at 1641925786056] noop
LOG 1641925786059 [L0]: [Received at 1641925786059] ( PLAY 37.breakthrough.1641925690805 (( move 4 1 5 2 ) noop ) )
LOG 1641925796060 [L0]: [Sent at 1641925796060] ( move 5 4 4 3 )
LOG 1641925796063 [L0]: [Received at 1641925796063] ( PLAY 37.breakthrough.1641925690805 (noop ( move 5 4 4 3 ) ) )
LOG 1641925806064 [L0]: [Sent at 1641925806064] noop
LOG 1641925806068 [L0]: [Received at 1641925806068] ( PLAY 37.breakthrough.1641925690805 (( move 5 3 6 4 ) noop ) )
LOG 1641925816069 [L0]: [Sent at 1641925816069] ( move 4 3 5 2 )
LOG 1641925816072 [L0]: [Received at 1641925816072] ( PLAY 37.breakthrough.1641925690805 (noop ( move 4 3 5 2 ) ) )
LOG 1641925826072 [L0]: [Sent at 1641925826072] noop
LOG 1641925826075 [L0]: [Received at 1641925826075] ( PLAY 37.breakthrough.1641925690805 (( move 3 2 2 3 ) noop ) )
LOG 1641925836077 [L0]: [Sent at 1641925836077] ( move 5 2 6 1 )
LOG 1641925836080 [L0]: [Received at 1641925836080] ( STOP 37.breakthrough.1641925690805 (noop ( move 5 2 6 1 ) ) )
LOG 1641925836081 [L3]: Stopped logging to files at: Tue Jan 11 19:30:36 CET 2022
LOG 1641925836081 [L3]: LOG SEALED
