LOG 1641922185024 [L3]: Returning initial state machine.
LOG 1641922185024 [L3]: Returning PropNet state machine without cache.
LOG 1641922185025 [L3]: Starting metagame with available thinking time 4990ms.
LOG 1641922185026 [L3]: Starting search during metagame.
LOG 1641922190015 [L3]: Done searching during metagame.
LOG 1641922190018 [L3]: Starting move selection for game step 1 with available time 10000ms.
LOG 1641922190018 [L3]: Selecting move using MCTS.
LOG 1641922200018 [L3]: Returning MCTS move ( move 1 2 2 3 ).
LOG 1641922200023 [L3]: Starting move selection for game step 2 with available time 10000ms.
LOG 1641922200028 [L3]: Selecting move using MCTS.
LOG 1641922210027 [L3]: Starting move selection for game step 3 with available time 10000ms.
LOG 1641922210040 [L3]: Selecting move using MCTS.
LOG 1641922220037 [L3]: Starting move selection for game step 4 with available time 10000ms.
LOG 1641922220047 [L3]: Selecting move using MCTS.
LOG 1641922230041 [L3]: Starting move selection for game step 5 with available time 10000ms.
LOG 1641922230045 [L3]: Selecting move using MCTS.
LOG 1641922240045 [L3]: Starting move selection for game step 6 with available time 10000ms.
LOG 1641922240046 [L3]: Selecting move using MCTS.
LOG 1641922250048 [L3]: Starting move selection for game step 7 with available time 10000ms.
LOG 1641922250049 [L3]: Selecting move using MCTS.
LOG 1641922260052 [L3]: Starting move selection for game step 8 with available time 10000ms.
LOG 1641922260053 [L3]: Selecting move using MCTS.
LOG 1641922270056 [L3]: Starting move selection for game step 9 with available time 10000ms.
LOG 1641922270056 [L3]: Selecting move using MCTS.
LOG 1641922280060 [L3]: Starting move selection for game step 10 with available time 10000ms.
LOG 1641922280060 [L3]: Selecting move using MCTS.
LOG 1641922290064 [L3]: Starting move selection for game step 11 with available time 10000ms.
LOG 1641922290064 [L3]: Selecting move using MCTS.
LOG 1641922300068 [L3]: Starting move selection for game step 12 with available time 10000ms.
LOG 1641922300068 [L3]: Selecting move using MCTS.
LOG 1641922310072 [L3]: Starting move selection for game step 13 with available time 10000ms.
LOG 1641922310072 [L3]: Selecting move using MCTS.
LOG 1641922320076 [L3]: Starting move selection for game step 14 with available time 10000ms.
LOG 1641922320076 [L3]: Selecting move using MCTS.
LOG 1641922330080 [L3]: Starting move selection for game step 15 with available time 10000ms.
LOG 1641922330081 [L3]: Selecting move using MCTS.
LOG 1641922340095 [L3]: Starting move selection for game step 16 with available time 10000ms.
LOG 1641922340096 [L3]: Selecting move using MCTS.
LOG 1641922350099 [L3]: Starting move selection for game step 17 with available time 10000ms.
LOG 1641922350099 [L3]: Selecting move using MCTS.
LOG 1641922360103 [L3]: Starting move selection for game step 18 with available time 10000ms.
LOG 1641922360103 [L3]: Selecting move using MCTS.
LOG 1641922370107 [L3]: Starting move selection for game step 19 with available time 10000ms.
LOG 1641922370107 [L3]: Selecting move using MCTS.
LOG 1641922380112 [L3]: Starting move selection for game step 20 with available time 10000ms.
LOG 1641922380112 [L3]: Selecting move using MCTS.
LOG 1641922390116 [L3]: Starting move selection for game step 21 with available time 10000ms.
LOG 1641922390116 [L3]: Selecting move using MCTS.
LOG 1641922400120 [L3]: Starting move selection for game step 22 with available time 10000ms.
LOG 1641922400120 [L3]: Selecting move using MCTS.
LOG 1641922410123 [L3]: Starting move selection for game step 23 with available time 10000ms.
LOG 1641922410124 [L3]: Selecting move using MCTS.
LOG 1641922420128 [L3]: Starting move selection for game step 24 with available time 10000ms.
LOG 1641922420128 [L3]: Selecting move using MCTS.
LOG 1641922430132 [L3]: Starting move selection for game step 25 with available time 10000ms.
LOG 1641922430132 [L3]: Selecting move using MCTS.
LOG 1641922440136 [L3]: Starting move selection for game step 26 with available time 10000ms.
LOG 1641922440137 [L3]: Selecting move using MCTS.
