LOG 1641835520555 [L3]: Returning initial state machine.
LOG 1641835520556 [L3]: Returning PropNet state machine without cache.
LOG 1641835520560 [L3]: Starting metagame with available thinking time 4986ms.
LOG 1641835520563 [L3]: Starting search during metagame.
LOG 1641835525546 [L3]: Done searching during metagame.
LOG 1641835525559 [L3]: Starting move selection for game step 1 with available time 0ms.
LOG 1641835525559 [L3]: No time to select next move using MCTS. Returning random move noop.
LOG 1641835525574 [L3]: Starting move selection for game step 2 with available time 0ms.
LOG 1641835525582 [L3]: No time to select next move using MCTS. Returning random move ( move 7 8 6 6 ).
LOG 1641835525589 [L3]: Starting move selection for game step 3 with available time 0ms.
LOG 1641835525601 [L3]: No time to select next move using MCTS. Returning random move noop.
LOG 1641835525607 [L3]: Starting move selection for game step 4 with available time 0ms.
LOG 1641835525616 [L3]: No time to select next move using MCTS. Returning random move ( move 7 7 8 5 ).
LOG 1641835525621 [L3]: Starting move selection for game step 5 with available time 0ms.
LOG 1641835525622 [L3]: No time to select next move using MCTS. Returning random move noop.
LOG 1641835525629 [L3]: Starting move selection for game step 6 with available time 0ms.
LOG 1641835525629 [L3]: No time to select next move using MCTS. Returning random move ( move 4 7 5 5 ).
LOG 1641835525638 [L3]: Starting move selection for game step 7 with available time 0ms.
LOG 1641835525638 [L3]: No time to select next move using MCTS. Returning random move noop.
LOG 1641835525647 [L3]: Starting move selection for game step 8 with available time 0ms.
LOG 1641835525647 [L3]: No time to select next move using MCTS. Returning random move ( move 5 7 7 6 ).
LOG 1641835525654 [L3]: Starting move selection for game step 9 with available time 0ms.
LOG 1641835525655 [L3]: No time to select next move using MCTS. Returning random move noop.
LOG 1641835525663 [L3]: Starting move selection for game step 10 with available time 0ms.
LOG 1641835525664 [L3]: No time to select next move using MCTS. Returning random move ( move 6 7 7 5 ).
LOG 1641835525672 [L3]: Starting move selection for game step 11 with available time 0ms.
LOG 1641835525673 [L3]: No time to select next move using MCTS. Returning random move noop.
LOG 1641835525681 [L3]: Starting move selection for game step 12 with available time 0ms.
LOG 1641835525682 [L3]: No time to select next move using MCTS. Returning random move ( move 6 6 4 5 ).
LOG 1641835525689 [L3]: Starting move selection for game step 13 with available time 0ms.
LOG 1641835525689 [L3]: No time to select next move using MCTS. Returning random move noop.
LOG 1641835525695 [L3]: Starting move selection for game step 14 with available time 0ms.
LOG 1641835525695 [L3]: No time to select next move using MCTS. Returning random move ( move 4 5 3 3 ).
LOG 1641835525701 [L3]: Starting move selection for game step 15 with available time 0ms.
LOG 1641835525701 [L3]: No time to select next move using MCTS. Returning random move noop.
