LOG 1641844992184 [L3]: Started match logging at: Mon Jan 10 21:03:12 CET 2022
LOG 1641844992186 [L3]: Game rules: [( role x ), ( role o ), ( init ( quad x 12 ) ), ( init ( quad o 12 ) ), ( init ( white x 5 ) ), ( init ( white o 5 ) ), ( init ( cell r1 c2 b ) ), ( init ( cell r1 c3 b ) ), ( init ( cell r1 c4 b ) ), ( init ( cell r1 c5 b ) ), ( init ( cell r1 c6 b ) ), ( init ( cell r2 c1 b ) ), ( init ( cell r2 c2 b ) ), ( init ( cell r2 c3 b ) ), ( init ( cell r2 c4 b ) ), ( init ( cell r2 c5 b ) ), ( init ( cell r2 c6 b ) ), ( init ( cell r2 c7 b ) ), ( init ( cell r3 c1 b ) ), ( init ( cell r3 c2 b ) ), ( init ( cell r3 c3 b ) ), ( init ( cell r3 c4 b ) ), ( init ( cell r3 c5 b ) ), ( init ( cell r3 c6 b ) ), ( init ( cell r3 c7 b ) ), ( init ( cell r4 c1 b ) ), ( init ( cell r4 c2 b ) ), ( init ( cell r4 c3 b ) ), ( init ( cell r4 c4 b ) ), ( init ( cell r4 c5 b ) ), ( init ( cell r4 c6 b ) ), ( init ( cell r4 c7 b ) ), ( init ( cell r5 c1 b ) ), ( init ( cell r5 c2 b ) ), ( init ( cell r5 c3 b ) ), ( init ( cell r5 c4 b ) ), ( init ( cell r5 c5 b ) ), ( init ( cell r5 c6 b ) ), ( init ( cell r5 c7 b ) ), ( init ( cell r6 c1 b ) ), ( init ( cell r6 c2 b ) ), ( init ( cell r6 c3 b ) ), ( init ( cell r6 c4 b ) ), ( init ( cell r6 c5 b ) ), ( init ( cell r6 c6 b ) ), ( init ( cell r6 c7 b ) ), ( init ( cell r7 c2 b ) ), ( init ( cell r7 c3 b ) ), ( init ( cell r7 c4 b ) ), ( init ( cell r7 c5 b ) ), ( init ( cell r7 c6 b ) ), ( init ( control x ) ), ( ncol c1 c2 ), ( ncol c2 c3 ), ( ncol c3 c4 ), ( ncol c4 c5 ), ( ncol c5 c6 ), ( ncol c6 c7 ), ( nrow r1 r2 ), ( nrow r2 r3 ), ( nrow r3 r4 ), ( nrow r4 r5 ), ( nrow r5 r6 ), ( nrow r6 r7 ), ( <= ( prow ?x ?y ) ( nrow ?y ?x ) ), ( <= ( pcol ?x ?y ) ( ncol ?y ?x ) ), ( succ 0 1 ), ( succ 1 2 ), ( succ 2 3 ), ( succ 3 4 ), ( succ 4 5 ), ( succ 5 6 ), ( succ 6 7 ), ( succ 7 8 ), ( succ 8 9 ), ( succ 9 10 ), ( succ 10 11 ), ( succ 11 12 ), ( succ 12 13 ), ( succ 13 14 ), ( succ 14 15 ), ( succ 15 16 ), ( succ 16 17 ), ( succ 17 18 ), ( succ 18 19 ), ( succ 19 20 ), ( <= ( legal ?player ( mark ?x ?y ) ) ( true ( cell ?x ?y b ) ) ( true ( control ?player ) ) ), ( <= ( legal ?player ( block ?x ?y ) ) ( true ( cell ?x ?y b ) ) ( true ( control ?player ) ) ( true ( white ?player ?c ) ) ( distinct ?c 0 ) ), ( <= ( legal x noop ) ( true ( control o ) ) ), ( <= ( legal o noop ) ( true ( control x ) ) ), ( <= ( next ( cell ?m ?n ?p ) ) ( does ?p ( mark ?m ?n ) ) ), ( <= ( next ( cell ?m ?n w ) ) ( does ?p ( block ?m ?n ) ) ), ( <= ( next ( cell ?m ?n ?p ) ) ( true ( cell ?m ?n ?p ) ) ( distinct ?p b ) ), ( <= ( next ( cell ?m ?n b ) ) ( does ?W ( mark ?j ?k ) ) ( true ( cell ?m ?n b ) ) ( distinct ?m ?j ) ), ( <= ( next ( cell ?m ?n b ) ) ( does ?W ( mark ?j ?k ) ) ( true ( cell ?m ?n b ) ) ( distinct ?n ?k ) ), ( <= ( next ( cell ?m ?n b ) ) ( does ?W ( block ?j ?k ) ) ( true ( cell ?m ?n b ) ) ( distinct ?m ?j ) ), ( <= ( next ( cell ?m ?n b ) ) ( does ?W ( block ?j ?k ) ) ( true ( cell ?m ?n b ) ) ( distinct ?n ?k ) ), ( <= ( next ( quad ?p ?c ) ) ( true ( control ?q ) ) ( true ( quad ?p ?c ) ) ( distinct ?p ?q ) ), ( <= ( next ( white ?p ?c ) ) ( true ( control ?q ) ) ( true ( white ?p ?c ) ) ( distinct ?p ?q ) ), ( <= ( next ( quad ?p ?c ) ) ( does ?p ( mark ?j ?k ) ) ( true ( quad ?p ?c1 ) ) ( succ ?c ?c1 ) ), ( <= ( next ( white ?p ?c ) ) ( does ?p ( block ?j ?k ) ) ( true ( white ?p ?c1 ) ) ( succ ?c ?c1 ) ), ( <= ( next ( quad ?p ?c ) ) ( does ?p ( block ?j ?k ) ) ( true ( quad ?p ?c ) ) ), ( <= ( next ( white ?p ?c ) ) ( does ?p ( mark ?j ?k ) ) ( true ( white ?p ?c ) ) ), ( <= ( next ( control x ) ) ( does o ( mark ?j ?k ) ) ( true ( control o ) ) ), ( <= ( next ( control o ) ) ( does x ( mark ?j ?k ) ) ( true ( control x ) ) ), ( <= ( next ( control ?p ) ) ( does ?p ( block ?j ?k ) ) ( true ( control ?p ) ) ), ( <= ( square ?x1 ?y1 ?x1 ?y2 ?x2 ?y1 ?x2 ?y2 ) ( ncol ?y1 ?y2 ) ( nrow ?x1 ?x2 ) ), ( <= ( square ?x1 ?y1 ?x1 ?y2 ?x2 ?y1 ?x2 ?y2 ) ( ncol ?y3 ?y2 ) ( nrow ?x3 ?x2 ) ( square ?x1 ?y1 ?x1 ?y3 ?x3 ?y1 ?x3 ?y3 ) ), ( <= ( square ?x1 ?y1 ?x2 ?y2 ?x3 ?y3 ?x4 ?y4 ) ( prow ?x2p ?x2 ) ( ncol ?y3n ?y3 ) ( prow ?x4p ?x4 ) ( ncol ?y4n ?y4 ) ( square ?x1 ?y1 ?x2p ?y2 ?x3 ?y3n ?x4p ?y4n ) ), ( <= win ( true ( cell ?x1 ?y1 x ) ) ( true ( cell ?x2 ?y2 x ) ) ( true ( cell ?x3 ?y3 x ) ) ( true ( cell ?x4 ?y4 x ) ) ( square ?x1 ?y1 ?x2 ?y2 ?x3 ?y3 ?x4 ?y4 ) ), ( <= lose ( true ( cell ?x1 ?y1 o ) ) ( true ( cell ?x2 ?y2 o ) ) ( true ( cell ?x3 ?y3 o ) ) ( true ( cell ?x4 ?y4 o ) ) ( square ?x1 ?y1 ?x2 ?y2 ?x3 ?y3 ?x4 ?y4 ) ), ( <= winByOpenQuad ( not lose ) ( not open ) ( true ( cell ?x1 ?y1 x ) ) ( true ( cell ?x2 ?y2 x ) ) ( true ( cell ?x3 ?y3 x ) ) ( true ( cell ?x4 ?y4 b ) ) ( square ?x1 ?y1 ?x2 ?y2 ?x3 ?y3 ?x4 ?y4 ) ), ( <= winByOpenQuad ( not lose ) ( not open ) ( true ( cell ?x1 ?y1 x ) ) ( true ( cell ?x2 ?y2 b ) ) ( true ( cell ?x3 ?y3 x ) ) ( true ( cell ?x4 ?y4 x ) ) ( square ?x1 ?y1 ?x2 ?y2 ?x3 ?y3 ?x4 ?y4 ) ), ( <= winByOpenQuad ( not lose ) ( not open ) ( true ( cell ?x1 ?y1 x ) ) ( true ( cell ?x2 ?y2 x ) ) ( true ( cell ?x3 ?y3 b ) ) ( true ( cell ?x4 ?y4 x ) ) ( square ?x1 ?y1 ?x2 ?y2 ?x3 ?y3 ?x4 ?y4 ) ), ( <= winByOpenQuad ( not lose ) ( not open ) ( true ( cell ?x1 ?y1 b ) ) ( true ( cell ?x2 ?y2 x ) ) ( true ( cell ?x3 ?y3 x ) ) ( true ( cell ?x4 ?y4 x ) ) ( square ?x1 ?y1 ?x2 ?y2 ?x3 ?y3 ?x4 ?y4 ) ), ( <= open ( true ( quad ?p ?c ) ) ( distinct ?c 0 ) ), ( <= ( more ?x 0 ) ( succ ?y ?x ) ), ( <= ( more ?x ?y ) ( succ ?x1 ?x ) ( succ ?y1 ?y ) ( more ?x1 ?y1 ) ), ( <= morewhite ( true ( white x ?a ) ) ( true ( white o ?b ) ) ( more ?a ?b ) ), ( <= lesswhite ( true ( white x ?a ) ) ( true ( white o ?b ) ) ( more ?b ?a ) ), ( <= equalwhite ( true ( white x ?a ) ) ( true ( white o ?a ) ) ), ( <= ( goal x 100 ) win ), ( <= ( goal x 95 ) ( not win ) winByOpenQuad ), ( <= ( goal x 90 ) ( not win ) ( not winByOpenQuad ) ( not lose ) ( not open ) morewhite ), ( <= ( goal x 50 ) ( not win ) ( not winByOpenQuad ) ( not lose ) ( not open ) equalwhite ), ( <= ( goal x 10 ) ( not win ) ( not winByOpenQuad ) ( not lose ) ( not open ) lesswhite ), ( <= ( goal x 0 ) lose ), ( <= ( goal o 100 ) lose ), ( <= ( goal o 90 ) ( not win ) ( not winByOpenQuad ) ( not lose ) ( not open ) lesswhite ), ( <= ( goal o 50 ) ( not win ) ( not winByOpenQuad ) ( not lose ) ( not open ) equalwhite ), ( <= ( goal o 10 ) ( not win ) ( not winByOpenQuad ) ( not lose ) ( not open ) morewhite ), ( <= ( goal o 5 ) ( not win ) winByOpenQuad ), ( <= ( goal o 0 ) win ), ( <= terminal win ), ( <= terminal lose ), ( <= terminal ( not open ) )]
LOG 1641844992192 [L3]: Start clock: 15
LOG 1641844992193 [L3]: Play clock: 10
LOG 1641844997185 [L0]: [Sent at 1641844997185] ready
LOG 1641844997186 [L0]: [Received at 1641844997186] ( PLAY 39.quad_7x7.1641844984338 NIL )
LOG 1641844997187 [L0]: [Sent at 1641844997187] noop
LOG 1641844997190 [L0]: [Received at 1641844997190] ( PLAY 39.quad_7x7.1641844984338 (( mark r2 c5 ) noop ) )
LOG 1641844997192 [L0]: [Sent at 1641844997192] ( block r2 c2 )
LOG 1641844997195 [L0]: [Received at 1641844997195] ( PLAY 39.quad_7x7.1641844984338 (noop ( block r2 c2 ) ) )
LOG 1641844997203 [L0]: [Sent at 1641844997203] ( block r3 c5 )
LOG 1641844997206 [L0]: [Received at 1641844997206] ( PLAY 39.quad_7x7.1641844984338 (noop ( block r3 c5 ) ) )
LOG 1641844997209 [L0]: [Sent at 1641844997209] ( mark r5 c3 )
LOG 1641844997213 [L0]: [Received at 1641844997213] ( PLAY 39.quad_7x7.1641844984338 (noop ( mark r5 c3 ) ) )
LOG 1641844997214 [L0]: [Sent at 1641844997214] noop
LOG 1641844997216 [L0]: [Received at 1641844997216] ( PLAY 39.quad_7x7.1641844984338 (( block r6 c5 ) noop ) )
LOG 1641844997217 [L0]: [Sent at 1641844997217] noop
LOG 1641844997219 [L0]: [Received at 1641844997219] ( PLAY 39.quad_7x7.1641844984338 (( block r7 c4 ) noop ) )
LOG 1641844997220 [L0]: [Sent at 1641844997220] noop
LOG 1641844997226 [L0]: [Received at 1641844997226] ( PLAY 39.quad_7x7.1641844984338 (( mark r5 c7 ) noop ) )
LOG 1641844997227 [L0]: [Sent at 1641844997227] ( block r6 c4 )
LOG 1641844997229 [L0]: [Received at 1641844997229] ( PLAY 39.quad_7x7.1641844984338 (noop ( block r6 c4 ) ) )
LOG 1641844997230 [L0]: [Sent at 1641844997230] ( mark r3 c6 )
LOG 1641844997234 [L0]: [Received at 1641844997234] ( PLAY 39.quad_7x7.1641844984338 (noop ( mark r3 c6 ) ) )
LOG 1641844997236 [L0]: [Sent at 1641844997236] noop
LOG 1641844997237 [L0]: [Received at 1641844997237] ( PLAY 39.quad_7x7.1641844984338 (( block r6 c7 ) noop ) )
LOG 1641844997238 [L0]: [Sent at 1641844997238] noop
LOG 1641844997241 [L0]: [Received at 1641844997241] ( PLAY 39.quad_7x7.1641844984338 (( block r4 c6 ) noop ) )
LOG 1641844997242 [L0]: [Sent at 1641844997242] noop
LOG 1641844997248 [L0]: [Received at 1641844997248] ( PLAY 39.quad_7x7.1641844984338 (( mark r4 c1 ) noop ) )
LOG 1641844997250 [L0]: [Sent at 1641844997250] ( mark r1 c2 )
LOG 1641844997258 [L0]: [Received at 1641844997258] ( PLAY 39.quad_7x7.1641844984338 (noop ( mark r1 c2 ) ) )
LOG 1641844997259 [L0]: [Sent at 1641844997259] noop
LOG 1641844997262 [L0]: [Received at 1641844997262] ( PLAY 39.quad_7x7.1641844984338 (( block r3 c4 ) noop ) )
LOG 1641844997263 [L0]: [Sent at 1641844997263] noop
LOG 1641844997287 [L0]: [Received at 1641844997287] ( PLAY 39.quad_7x7.1641844984338 (( mark r1 c6 ) noop ) )
LOG 1641844997288 [L0]: [Sent at 1641844997288] ( mark r1 c5 )
LOG 1641844997312 [L0]: [Received at 1641844997312] ( PLAY 39.quad_7x7.1641844984338 (noop ( mark r1 c5 ) ) )
LOG 1641844997313 [L0]: [Sent at 1641844997313] noop
LOG 1641844997355 [L0]: [Received at 1641844997355] ( PLAY 39.quad_7x7.1641844984338 (( mark r1 c3 ) noop ) )
LOG 1641844997356 [L0]: [Sent at 1641844997356] ( block r5 c5 )
LOG 1641844997359 [L0]: [Received at 1641844997359] ( PLAY 39.quad_7x7.1641844984338 (noop ( block r5 c5 ) ) )
LOG 1641844997360 [L0]: [Sent at 1641844997360] ( mark r4 c2 )
LOG 1641844997397 [L0]: [Received at 1641844997397] ( PLAY 39.quad_7x7.1641844984338 (noop ( mark r4 c2 ) ) )
LOG 1641844997398 [L0]: [Sent at 1641844997398] noop
LOG 1641844997433 [L0]: [Received at 1641844997433] ( PLAY 39.quad_7x7.1641844984338 (( mark r6 c1 ) noop ) )
LOG 1641844997435 [L0]: [Sent at 1641844997435] ( mark r7 c3 )
LOG 1641844997545 [L0]: [Received at 1641844997545] ( PLAY 39.quad_7x7.1641844984338 (noop ( mark r7 c3 ) ) )
LOG 1641844997547 [L0]: [Sent at 1641844997547] noop
LOG 1641844997609 [L0]: [Received at 1641844997609] ( PLAY 39.quad_7x7.1641844984338 (( mark r7 c5 ) noop ) )
LOG 1641844997610 [L0]: [Sent at 1641844997610] ( block r7 c2 )
LOG 1641844997617 [L0]: [Received at 1641844997617] ( PLAY 39.quad_7x7.1641844984338 (noop ( block r7 c2 ) ) )
LOG 1641844997619 [L0]: [Sent at 1641844997619] ( mark r2 c7 )
LOG 1641844997727 [L0]: [Received at 1641844997727] ( PLAY 39.quad_7x7.1641844984338 (noop ( mark r2 c7 ) ) )
LOG 1641844997728 [L0]: [Sent at 1641844997728] noop
LOG 1641844997788 [L0]: [Received at 1641844997787] ( PLAY 39.quad_7x7.1641844984338 (( mark r5 c1 ) noop ) )
LOG 1641844997789 [L0]: [Sent at 1641844997789] ( mark r3 c2 )
LOG 1641844997869 [L0]: [Received at 1641844997869] ( PLAY 39.quad_7x7.1641844984338 (noop ( mark r3 c2 ) ) )
LOG 1641844997870 [L0]: [Sent at 1641844997870] noop
LOG 1641844997959 [L0]: [Received at 1641844997959] ( PLAY 39.quad_7x7.1641844984338 (( mark r6 c3 ) noop ) )
LOG 1641844997960 [L0]: [Sent at 1641844997960] ( mark r4 c4 )
LOG 1641844998107 [L0]: [Received at 1641844998107] ( PLAY 39.quad_7x7.1641844984338 (noop ( mark r4 c4 ) ) )
LOG 1641844998108 [L0]: [Sent at 1641844998108] noop
LOG 1641844998262 [L0]: [Received at 1641844998262] ( PLAY 39.quad_7x7.1641844984338 (( mark r4 c7 ) noop ) )
LOG 1641844998264 [L0]: [Sent at 1641844998264] ( mark r4 c5 )
LOG 1641844998666 [L0]: [Received at 1641844998666] ( STOP 39.quad_7x7.1641844984338 (noop ( mark r4 c5 ) ) )
LOG 1641844998667 [L3]: Stopped logging to files at: Mon Jan 10 21:03:18 CET 2022
LOG 1641844998667 [L3]: LOG SEALED
