LOG 1641833066007 [L3]: Returning initial state machine.
LOG 1641833066010 [L3]: Returning PropNet state machine without cache.
LOG 1641833066012 [L3]: Starting metagame with available thinking time 4991ms.
LOG 1641833066014 [L3]: Starting search during metagame.
LOG 1641833071003 [L3]: Done searching during metagame.
LOG 1641833071006 [L3]: Starting move selection for game step 1 with available time 0ms.
LOG 1641833071006 [L3]: No time to select next move using MCTS. Returning random move ( drop 7 ).
LOG 1641833071010 [L3]: Starting move selection for game step 2 with available time 0ms.
LOG 1641833071014 [L3]: No time to select next move using MCTS. Returning random move noop.
LOG 1641833071018 [L3]: Starting move selection for game step 3 with available time 0ms.
LOG 1641833071028 [L3]: No time to select next move using MCTS. Returning random move ( drop 1 ).
LOG 1641833071031 [L3]: Starting move selection for game step 4 with available time 0ms.
LOG 1641833071038 [L3]: No time to select next move using MCTS. Returning random move noop.
LOG 1641833071042 [L3]: Starting move selection for game step 5 with available time 0ms.
LOG 1641833071042 [L3]: No time to select next move using MCTS. Returning random move ( drop 2 ).
LOG 1641833071046 [L3]: Starting move selection for game step 6 with available time 0ms.
LOG 1641833071046 [L3]: No time to select next move using MCTS. Returning random move noop.
LOG 1641833071049 [L3]: Starting move selection for game step 7 with available time 0ms.
LOG 1641833071049 [L3]: No time to select next move using MCTS. Returning random move ( drop 1 ).
LOG 1641833071053 [L3]: Starting move selection for game step 8 with available time 0ms.
LOG 1641833071053 [L3]: No time to select next move using MCTS. Returning random move noop.
LOG 1641833071057 [L3]: Starting move selection for game step 9 with available time 0ms.
LOG 1641833071057 [L3]: No time to select next move using MCTS. Returning random move ( drop 2 ).
LOG 1641833071061 [L3]: Starting move selection for game step 10 with available time 0ms.
LOG 1641833071061 [L3]: No time to select next move using MCTS. Returning random move noop.
LOG 1641833071065 [L3]: Starting move selection for game step 11 with available time 0ms.
LOG 1641833071066 [L3]: No time to select next move using MCTS. Returning random move ( drop 5 ).
LOG 1641833071069 [L3]: Starting move selection for game step 12 with available time 0ms.
LOG 1641833071069 [L3]: No time to select next move using MCTS. Returning random move noop.
