LOG 1641861382095 [L3]: Returning initial state machine.
LOG 1641861382095 [L3]: Returning PropNet state machine without cache.
LOG 1641861382096 [L3]: Starting metagame with available thinking time 4990ms.
LOG 1641861382098 [L3]: Starting search during metagame.
LOG 1641861387086 [L3]: Done searching during metagame.
LOG 1641861387089 [L3]: Starting move selection for game step 1 with available time 10000ms.
LOG 1641861387089 [L3]: Selecting move using MCTS.
LOG 1641861397089 [L3]: Returning MCTS move noop.
LOG 1641861397116 [L3]: Starting move selection for game step 2 with available time 10000ms.
LOG 1641861397122 [L3]: Selecting move using MCTS.
LOG 1641861407116 [L3]: Returning MCTS move ( drop 4 ).
LOG 1641861407119 [L3]: Starting move selection for game step 3 with available time 10000ms.
LOG 1641861407137 [L3]: Selecting move using MCTS.
LOG 1641861417119 [L3]: Returning MCTS move noop.
LOG 1641861417129 [L3]: Starting move selection for game step 4 with available time 10000ms.
LOG 1641861417146 [L3]: Selecting move using MCTS.
LOG 1641861427129 [L3]: Returning MCTS move ( drop 4 ).
LOG 1641861427132 [L3]: Starting move selection for game step 5 with available time 10000ms.
LOG 1641861427144 [L3]: Selecting move using MCTS.
LOG 1641861437132 [L3]: Returning MCTS move noop.
LOG 1641861437135 [L3]: Starting move selection for game step 6 with available time 10000ms.
LOG 1641861437149 [L3]: Selecting move using MCTS.
LOG 1641861447135 [L3]: Returning MCTS move ( drop 6 ).
LOG 1641861447139 [L3]: Starting move selection for game step 7 with available time 10000ms.
LOG 1641861447154 [L3]: Selecting move using MCTS.
LOG 1641861457139 [L3]: Returning MCTS move noop.
LOG 1641861457142 [L3]: Starting move selection for game step 8 with available time 10000ms.
LOG 1641861457159 [L3]: Selecting move using MCTS.
LOG 1641861467142 [L3]: Returning MCTS move ( drop 3 ).
LOG 1641861467145 [L3]: Starting move selection for game step 9 with available time 10000ms.
LOG 1641861467162 [L3]: Selecting move using MCTS.
LOG 1641861477145 [L3]: Returning MCTS move noop.
LOG 1641861477148 [L3]: Starting move selection for game step 10 with available time 10000ms.
LOG 1641861477169 [L3]: Selecting move using MCTS.
LOG 1641861487148 [L3]: Returning MCTS move ( drop 1 ).
LOG 1641861487151 [L3]: Starting move selection for game step 11 with available time 10000ms.
LOG 1641861487169 [L3]: Selecting move using MCTS.
LOG 1641861497151 [L3]: Returning MCTS move noop.
LOG 1641861497154 [L3]: Starting move selection for game step 12 with available time 10000ms.
LOG 1641861497172 [L3]: Selecting move using MCTS.
LOG 1641861507154 [L3]: Returning MCTS move ( drop 6 ).
LOG 1641861507157 [L3]: Starting move selection for game step 13 with available time 10000ms.
LOG 1641861507174 [L3]: Selecting move using MCTS.
LOG 1641861517157 [L3]: Returning MCTS move noop.
LOG 1641861517160 [L3]: Starting move selection for game step 14 with available time 10000ms.
LOG 1641861517179 [L3]: Selecting move using MCTS.
LOG 1641861527160 [L3]: Returning MCTS move ( drop 3 ).
LOG 1641861527163 [L3]: Starting move selection for game step 15 with available time 10000ms.
LOG 1641861527177 [L3]: Selecting move using MCTS.
LOG 1641861537163 [L3]: Returning MCTS move noop.
LOG 1641861537167 [L3]: Starting move selection for game step 16 with available time 10000ms.
LOG 1641861537187 [L3]: Selecting move using MCTS.
LOG 1641861547167 [L3]: Returning MCTS move ( drop 1 ).
LOG 1641861547170 [L3]: Starting move selection for game step 17 with available time 10000ms.
LOG 1641861547196 [L3]: Selecting move using MCTS.
LOG 1641861557170 [L3]: Returning MCTS move noop.
LOG 1641861557173 [L3]: Starting move selection for game step 18 with available time 10000ms.
LOG 1641861557200 [L3]: Selecting move using MCTS.
LOG 1641861567173 [L3]: Returning MCTS move ( drop 2 ).
LOG 1641861567177 [L3]: Starting move selection for game step 19 with available time 10000ms.
LOG 1641861567200 [L3]: Selecting move using MCTS.
LOG 1641861577177 [L3]: Returning MCTS move noop.
LOG 1641861577180 [L3]: Starting move selection for game step 20 with available time 10000ms.
LOG 1641861577205 [L3]: Selecting move using MCTS.
LOG 1641861587180 [L3]: Returning MCTS move ( drop 5 ).
LOG 1641861587183 [L3]: Starting move selection for game step 21 with available time 10000ms.
LOG 1641861587198 [L3]: Selecting move using MCTS.
LOG 1641861597183 [L3]: Returning MCTS move noop.
LOG 1641861597187 [L3]: Starting move selection for game step 22 with available time 10000ms.
LOG 1641861597201 [L3]: Selecting move using MCTS.
LOG 1641861607187 [L3]: Returning MCTS move ( drop 7 ).
LOG 1641861607190 [L3]: Starting move selection for game step 23 with available time 10000ms.
LOG 1641861607198 [L3]: Selecting move using MCTS.
LOG 1641861617190 [L3]: Returning MCTS move noop.
LOG 1641861617193 [L3]: Starting move selection for game step 24 with available time 10000ms.
LOG 1641861617198 [L3]: Selecting move using MCTS.
LOG 1641861627193 [L3]: Returning MCTS move ( drop 1 ).
LOG 1641861627197 [L3]: Starting move selection for game step 25 with available time 10000ms.
LOG 1641861627200 [L3]: Selecting move using MCTS.
LOG 1641861637197 [L3]: Returning MCTS move noop.
LOG 1641861637200 [L3]: Starting move selection for game step 26 with available time 10000ms.
LOG 1641861637203 [L3]: Selecting move using MCTS.
LOG 1641861647200 [L3]: Returning MCTS move ( drop 1 ).
LOG 1641861647203 [L3]: Starting move selection for game step 27 with available time 10000ms.
LOG 1641861647205 [L3]: Selecting move using MCTS.
LOG 1641861657203 [L3]: Returning MCTS move noop.
LOG 1641861657208 [L3]: Starting move selection for game step 28 with available time 10000ms.
LOG 1641861657209 [L3]: Selecting move using MCTS.
LOG 1641861667208 [L3]: Returning MCTS move ( drop 3 ).
LOG 1641861667212 [L3]: Starting move selection for game step 29 with available time 10000ms.
LOG 1641861667214 [L3]: Selecting move using MCTS.
LOG 1641861677212 [L3]: Returning MCTS move noop.
LOG 1641861677215 [L3]: Starting move selection for game step 30 with available time 10000ms.
LOG 1641861677217 [L3]: Selecting move using MCTS.
LOG 1641861687215 [L3]: Returning MCTS move ( drop 7 ).
LOG 1641861687219 [L3]: Starting move selection for game step 31 with available time 10000ms.
LOG 1641861687220 [L3]: Selecting move using MCTS.
LOG 1641861697219 [L3]: Returning MCTS move noop.
LOG 1641861697222 [L3]: Starting move selection for game step 32 with available time 10000ms.
LOG 1641861697224 [L3]: Selecting move using MCTS.
LOG 1641861707222 [L3]: Returning MCTS move ( drop 7 ).
LOG 1641861707226 [L3]: Starting move selection for game step 33 with available time 10000ms.
LOG 1641861707227 [L3]: Selecting move using MCTS.
LOG 1641861717226 [L3]: Returning MCTS move noop.
LOG 1641861717229 [L3]: Starting move selection for game step 34 with available time 10000ms.
LOG 1641861717230 [L3]: Selecting move using MCTS.
LOG 1641861727229 [L3]: Returning MCTS move ( drop 2 ).
LOG 1641861727233 [L3]: Starting move selection for game step 35 with available time 10000ms.
LOG 1641861727233 [L3]: Selecting move using MCTS.
LOG 1641861737233 [L3]: Returning MCTS move noop.
LOG 1641861737236 [L3]: Starting move selection for game step 36 with available time 10000ms.
LOG 1641861737237 [L3]: Selecting move using MCTS.
LOG 1641861747236 [L3]: Returning MCTS move ( drop 7 ).
LOG 1641861747240 [L3]: Starting move selection for game step 37 with available time 10000ms.
LOG 1641861747240 [L3]: Selecting move using MCTS.
LOG 1641861757240 [L3]: Returning MCTS move noop.
LOG 1641861757243 [L3]: Starting move selection for game step 38 with available time 10000ms.
LOG 1641861757244 [L3]: Selecting move using MCTS.
LOG 1641861767243 [L3]: Returning MCTS move ( drop 7 ).
