LOG 1641836487597 [L3]: Returning initial state machine.
LOG 1641836487597 [L3]: Returning PropNet state machine without cache.
LOG 1641836487598 [L3]: Starting metagame with available thinking time 4990ms.
LOG 1641836487599 [L3]: Starting search during metagame.
LOG 1641836492588 [L3]: Done searching during metagame.
LOG 1641836492591 [L3]: Starting move selection for game step 1 with available time 0ms.
LOG 1641836492591 [L3]: No time to select next move using MCTS. Returning random move ( move 3 2 2 4 ).
LOG 1641836492596 [L3]: Starting move selection for game step 2 with available time 0ms.
LOG 1641836492601 [L3]: No time to select next move using MCTS. Returning random move noop.
LOG 1641836492604 [L3]: Starting move selection for game step 3 with available time 0ms.
LOG 1641836492615 [L3]: No time to select next move using MCTS. Returning random move ( move 3 1 4 3 ).
LOG 1641836492619 [L3]: Starting move selection for game step 4 with available time 0ms.
LOG 1641836492628 [L3]: No time to select next move using MCTS. Returning random move noop.
LOG 1641836492631 [L3]: Starting move selection for game step 5 with available time 0ms.
LOG 1641836492631 [L3]: No time to select next move using MCTS. Returning random move ( move 7 2 5 3 ).
LOG 1641836492634 [L3]: Starting move selection for game step 6 with available time 0ms.
LOG 1641836492634 [L3]: No time to select next move using MCTS. Returning random move noop.
LOG 1641836492637 [L3]: Starting move selection for game step 7 with available time 0ms.
LOG 1641836492638 [L3]: No time to select next move using MCTS. Returning random move ( move 2 1 3 3 ).
LOG 1641836492641 [L3]: Starting move selection for game step 8 with available time 0ms.
LOG 1641836492641 [L3]: No time to select next move using MCTS. Returning random move noop.
LOG 1641836492644 [L3]: Starting move selection for game step 9 with available time 0ms.
LOG 1641836492645 [L3]: No time to select next move using MCTS. Returning random move ( move 7 1 8 3 ).
LOG 1641836492648 [L3]: Starting move selection for game step 10 with available time 0ms.
LOG 1641836492648 [L3]: No time to select next move using MCTS. Returning random move noop.
LOG 1641836492651 [L3]: Starting move selection for game step 11 with available time 0ms.
LOG 1641836492652 [L3]: No time to select next move using MCTS. Returning random move ( move 8 2 6 3 ).
LOG 1641836492654 [L3]: Starting move selection for game step 12 with available time 0ms.
LOG 1641836492655 [L3]: No time to select next move using MCTS. Returning random move noop.
LOG 1641836492658 [L3]: Starting move selection for game step 13 with available time 0ms.
LOG 1641836492658 [L3]: No time to select next move using MCTS. Returning random move ( move 8 3 6 4 ).
LOG 1641836492661 [L3]: Starting move selection for game step 14 with available time 0ms.
LOG 1641836492661 [L3]: No time to select next move using MCTS. Returning random move noop.
LOG 1641836492665 [L3]: Starting move selection for game step 15 with available time 0ms.
LOG 1641836492665 [L3]: No time to select next move using MCTS. Returning random move ( move 4 2 5 4 ).
LOG 1641836492669 [L3]: Starting move selection for game step 16 with available time 0ms.
LOG 1641836492669 [L3]: No time to select next move using MCTS. Returning random move noop.
LOG 1641836492672 [L3]: Starting move selection for game step 17 with available time 0ms.
LOG 1641836492673 [L3]: No time to select next move using MCTS. Returning random move ( move 6 1 4 2 ).
LOG 1641836492675 [L3]: Starting move selection for game step 18 with available time 0ms.
LOG 1641836492676 [L3]: No time to select next move using MCTS. Returning random move noop.
LOG 1641836492680 [L3]: Starting move selection for game step 19 with available time 0ms.
LOG 1641836492680 [L3]: No time to select next move using MCTS. Returning random move ( move 5 1 3 2 ).
LOG 1641836492683 [L3]: Starting move selection for game step 20 with available time 0ms.
LOG 1641836492683 [L3]: No time to select next move using MCTS. Returning random move noop.
LOG 1641836492686 [L3]: Starting move selection for game step 21 with available time 0ms.
LOG 1641836492686 [L3]: No time to select next move using MCTS. Returning random move ( move 5 4 6 6 ).
LOG 1641836492689 [L3]: Starting move selection for game step 22 with available time 0ms.
LOG 1641836492690 [L3]: No time to select next move using MCTS. Returning random move noop.
LOG 1641836492693 [L3]: Starting move selection for game step 23 with available time 0ms.
LOG 1641836492693 [L3]: No time to select next move using MCTS. Returning random move ( move 6 4 5 6 ).
LOG 1641836492696 [L3]: Starting move selection for game step 24 with available time 0ms.
LOG 1641836492696 [L3]: No time to select next move using MCTS. Returning random move noop.
LOG 1641836492699 [L3]: Starting move selection for game step 25 with available time 0ms.
LOG 1641836492699 [L3]: No time to select next move using MCTS. Returning random move ( move 6 2 7 4 ).
LOG 1641836492702 [L3]: Starting move selection for game step 26 with available time 0ms.
LOG 1641836492702 [L3]: No time to select next move using MCTS. Returning random move noop.
LOG 1641836492705 [L3]: Starting move selection for game step 27 with available time 0ms.
LOG 1641836492706 [L3]: No time to select next move using MCTS. Returning random move ( move 3 2 1 3 ).
LOG 1641836492708 [L3]: Starting move selection for game step 28 with available time 0ms.
LOG 1641836492709 [L3]: No time to select next move using MCTS. Returning random move noop.
LOG 1641836492712 [L3]: Starting move selection for game step 29 with available time 0ms.
LOG 1641836492712 [L3]: No time to select next move using MCTS. Returning random move ( move 3 3 1 4 ).
LOG 1641836492716 [L3]: Starting move selection for game step 30 with available time 0ms.
LOG 1641836492716 [L3]: No time to select next move using MCTS. Returning random move noop.
LOG 1641836492719 [L3]: Starting move selection for game step 31 with available time 0ms.
LOG 1641836492719 [L3]: No time to select next move using MCTS. Returning random move ( move 4 3 3 5 ).
LOG 1641836492722 [L3]: Starting move selection for game step 32 with available time 0ms.
LOG 1641836492722 [L3]: No time to select next move using MCTS. Returning random move noop.
LOG 1641836492725 [L3]: Starting move selection for game step 33 with available time 0ms.
LOG 1641836492726 [L3]: No time to select next move using MCTS. Returning random move ( move 3 5 4 7 ).
LOG 1641836492728 [L3]: Starting move selection for game step 34 with available time 0ms.
LOG 1641836492729 [L3]: No time to select next move using MCTS. Returning random move noop.
LOG 1641836492732 [L3]: Starting move selection for game step 35 with available time 0ms.
LOG 1641836492732 [L3]: No time to select next move using MCTS. Returning random move ( move 4 7 6 8 ).
