LOG 1641866000843 [L3]: Returning initial state machine.
LOG 1641866000843 [L3]: Returning PropNet state machine without cache.
LOG 1641866000844 [L3]: Starting metagame with available thinking time 4990ms.
LOG 1641866000845 [L3]: Starting search during metagame.
LOG 1641866005834 [L3]: Done searching during metagame.
LOG 1641866005837 [L3]: Starting move selection for game step 1 with available time 10000ms.
LOG 1641866005837 [L3]: Selecting move using MCTS.
LOG 1641866015837 [L3]: Returning MCTS move ( drop 4 ).
LOG 1641866015840 [L3]: Starting move selection for game step 2 with available time 10000ms.
LOG 1641866015853 [L3]: Selecting move using MCTS.
LOG 1641866025840 [L3]: Returning MCTS move noop.
LOG 1641866025843 [L3]: Starting move selection for game step 3 with available time 10000ms.
LOG 1641866025872 [L3]: Selecting move using MCTS.
LOG 1641866035843 [L3]: Returning MCTS move ( drop 4 ).
LOG 1641866035852 [L3]: Starting move selection for game step 4 with available time 10000ms.
LOG 1641866035892 [L3]: Selecting move using MCTS.
LOG 1641866045852 [L3]: Returning MCTS move noop.
LOG 1641866045856 [L3]: Starting move selection for game step 5 with available time 10000ms.
LOG 1641866045896 [L3]: Selecting move using MCTS.
LOG 1641866055856 [L3]: Returning MCTS move ( drop 4 ).
LOG 1641866055859 [L3]: Starting move selection for game step 6 with available time 10000ms.
LOG 1641866055895 [L3]: Selecting move using MCTS.
LOG 1641866065859 [L3]: Returning MCTS move noop.
LOG 1641866065862 [L3]: Starting move selection for game step 7 with available time 10000ms.
LOG 1641866065893 [L3]: Selecting move using MCTS.
LOG 1641866075862 [L3]: Returning MCTS move ( drop 6 ).
LOG 1641866075865 [L3]: Starting move selection for game step 8 with available time 10000ms.
LOG 1641866075899 [L3]: Selecting move using MCTS.
LOG 1641866085865 [L3]: Returning MCTS move noop.
LOG 1641866085868 [L3]: Starting move selection for game step 9 with available time 10000ms.
LOG 1641866085904 [L3]: Selecting move using MCTS.
LOG 1641866095868 [L3]: Returning MCTS move ( drop 5 ).
LOG 1641866095871 [L3]: Starting move selection for game step 10 with available time 10000ms.
LOG 1641866095900 [L3]: Selecting move using MCTS.
LOG 1641866105871 [L3]: Returning MCTS move noop.
LOG 1641866105874 [L3]: Starting move selection for game step 11 with available time 10000ms.
LOG 1641866105904 [L3]: Selecting move using MCTS.
LOG 1641866115874 [L3]: Returning MCTS move ( drop 4 ).
LOG 1641866115877 [L3]: Starting move selection for game step 12 with available time 10000ms.
LOG 1641866115908 [L3]: Selecting move using MCTS.
LOG 1641866125877 [L3]: Returning MCTS move noop.
LOG 1641866125880 [L3]: Starting move selection for game step 13 with available time 10000ms.
LOG 1641866125916 [L3]: Selecting move using MCTS.
LOG 1641866135880 [L3]: Returning MCTS move ( drop 3 ).
LOG 1641866135883 [L3]: Starting move selection for game step 14 with available time 10000ms.
LOG 1641866135907 [L3]: Selecting move using MCTS.
LOG 1641866145883 [L3]: Returning MCTS move noop.
LOG 1641866145904 [L3]: Starting move selection for game step 15 with available time 10000ms.
LOG 1641866145928 [L3]: Selecting move using MCTS.
LOG 1641866155904 [L3]: Returning MCTS move ( drop 6 ).
LOG 1641866155908 [L3]: Starting move selection for game step 16 with available time 10000ms.
LOG 1641866155934 [L3]: Selecting move using MCTS.
LOG 1641866165908 [L3]: Returning MCTS move noop.
LOG 1641866165911 [L3]: Starting move selection for game step 17 with available time 10000ms.
LOG 1641866165934 [L3]: Selecting move using MCTS.
LOG 1641866175911 [L3]: Returning MCTS move ( drop 6 ).
LOG 1641866175914 [L3]: Starting move selection for game step 18 with available time 10000ms.
LOG 1641866175931 [L3]: Selecting move using MCTS.
LOG 1641866185914 [L3]: Returning MCTS move noop.
LOG 1641866185917 [L3]: Starting move selection for game step 19 with available time 10000ms.
LOG 1641866185931 [L3]: Selecting move using MCTS.
LOG 1641866195917 [L3]: Returning MCTS move ( drop 6 ).
LOG 1641866195920 [L3]: Starting move selection for game step 20 with available time 10000ms.
LOG 1641866195931 [L3]: Selecting move using MCTS.
LOG 1641866205920 [L3]: Returning MCTS move noop.
LOG 1641866205923 [L3]: Starting move selection for game step 21 with available time 10000ms.
LOG 1641866205934 [L3]: Selecting move using MCTS.
LOG 1641866215923 [L3]: Returning MCTS move ( drop 1 ).
LOG 1641866215926 [L3]: Starting move selection for game step 22 with available time 10000ms.
LOG 1641866215930 [L3]: Selecting move using MCTS.
LOG 1641866225926 [L3]: Returning MCTS move noop.
LOG 1641866225931 [L3]: Starting move selection for game step 23 with available time 10000ms.
LOG 1641866225934 [L3]: Selecting move using MCTS.
LOG 1641866235931 [L3]: Returning MCTS move ( drop 2 ).
LOG 1641866235934 [L3]: Starting move selection for game step 24 with available time 10000ms.
LOG 1641866235937 [L3]: Selecting move using MCTS.
LOG 1641866245934 [L3]: Returning MCTS move noop.
LOG 1641866245938 [L3]: Starting move selection for game step 25 with available time 10000ms.
LOG 1641866245941 [L3]: Selecting move using MCTS.
LOG 1641866255938 [L3]: Returning MCTS move ( drop 7 ).
LOG 1641866255942 [L3]: Starting move selection for game step 26 with available time 10000ms.
LOG 1641866255944 [L3]: Selecting move using MCTS.
LOG 1641866265942 [L3]: Returning MCTS move noop.
LOG 1641866265945 [L3]: Starting move selection for game step 27 with available time 10000ms.
LOG 1641866265948 [L3]: Selecting move using MCTS.
LOG 1641866275945 [L3]: Returning MCTS move ( drop 2 ).
LOG 1641866275948 [L3]: Starting move selection for game step 28 with available time 10000ms.
LOG 1641866275950 [L3]: Selecting move using MCTS.
LOG 1641866285948 [L3]: Returning MCTS move noop.
LOG 1641866285952 [L3]: Starting move selection for game step 29 with available time 10000ms.
LOG 1641866285954 [L3]: Selecting move using MCTS.
LOG 1641866295952 [L3]: Returning MCTS move ( drop 1 ).
LOG 1641866295955 [L3]: Starting move selection for game step 30 with available time 10000ms.
LOG 1641866295957 [L3]: Selecting move using MCTS.
LOG 1641866305955 [L3]: Returning MCTS move noop.
LOG 1641866305958 [L3]: Starting move selection for game step 31 with available time 10000ms.
LOG 1641866305960 [L3]: Selecting move using MCTS.
LOG 1641866315958 [L3]: Returning MCTS move ( drop 7 ).
LOG 1641866315962 [L3]: Starting move selection for game step 32 with available time 10000ms.
LOG 1641866315963 [L3]: Selecting move using MCTS.
LOG 1641866325962 [L3]: Returning MCTS move noop.
LOG 1641866325967 [L3]: Starting move selection for game step 33 with available time 10000ms.
LOG 1641866325968 [L3]: Selecting move using MCTS.
LOG 1641866335967 [L3]: Returning MCTS move ( drop 1 ).
LOG 1641866335970 [L3]: Starting move selection for game step 34 with available time 10000ms.
LOG 1641866335971 [L3]: Selecting move using MCTS.
LOG 1641866345970 [L3]: Returning MCTS move noop.
LOG 1641866345974 [L3]: Starting move selection for game step 35 with available time 10000ms.
LOG 1641866345975 [L3]: Selecting move using MCTS.
LOG 1641866355974 [L3]: Returning MCTS move ( drop 7 ).
LOG 1641866355977 [L3]: Starting move selection for game step 36 with available time 10000ms.
LOG 1641866355978 [L3]: Selecting move using MCTS.
LOG 1641866365977 [L3]: Returning MCTS move noop.
LOG 1641866365980 [L3]: Starting move selection for game step 37 with available time 10000ms.
LOG 1641866365981 [L3]: Selecting move using MCTS.
LOG 1641866375980 [L3]: Returning MCTS move ( drop 5 ).
LOG 1641866375985 [L3]: Starting move selection for game step 38 with available time 10000ms.
LOG 1641866375986 [L3]: Selecting move using MCTS.
LOG 1641866385985 [L3]: Returning MCTS move noop.
LOG 1641866385988 [L3]: Starting move selection for game step 39 with available time 10000ms.
LOG 1641866385989 [L3]: Selecting move using MCTS.
LOG 1641866395988 [L3]: Returning MCTS move ( drop 3 ).
