LOG 1641836038003 [L3]: Returning initial state machine.
LOG 1641836038003 [L3]: Returning PropNet state machine without cache.
LOG 1641836038004 [L3]: Starting metagame with available thinking time 4990ms.
LOG 1641836038005 [L3]: Starting search during metagame.
LOG 1641836042994 [L3]: Done searching during metagame.
LOG 1641836042997 [L3]: Starting move selection for game step 1 with available time 0ms.
LOG 1641836042997 [L3]: No time to select next move using MCTS. Returning random move noop.
LOG 1641836043001 [L3]: Starting move selection for game step 2 with available time 0ms.
LOG 1641836043002 [L3]: No time to select next move using MCTS. Returning random move ( move 5 7 6 5 ).
LOG 1641836043009 [L3]: Starting move selection for game step 3 with available time 0ms.
LOG 1641836043016 [L3]: No time to select next move using MCTS. Returning random move noop.
LOG 1641836043024 [L3]: Starting move selection for game step 4 with available time 0ms.
LOG 1641836043026 [L3]: No time to select next move using MCTS. Returning random move ( move 4 7 2 6 ).
LOG 1641836043038 [L3]: Starting move selection for game step 5 with available time 0ms.
LOG 1641836043038 [L3]: No time to select next move using MCTS. Returning random move noop.
LOG 1641836043042 [L3]: Starting move selection for game step 6 with available time 0ms.
LOG 1641836043042 [L3]: No time to select next move using MCTS. Returning random move ( move 6 7 8 6 ).
LOG 1641836043045 [L3]: Starting move selection for game step 7 with available time 0ms.
LOG 1641836043046 [L3]: No time to select next move using MCTS. Returning random move noop.
LOG 1641836043049 [L3]: Starting move selection for game step 8 with available time 0ms.
LOG 1641836043049 [L3]: No time to select next move using MCTS. Returning random move ( move 3 7 1 6 ).
LOG 1641836043054 [L3]: Starting move selection for game step 9 with available time 0ms.
LOG 1641836043054 [L3]: No time to select next move using MCTS. Returning random move noop.
LOG 1641836043057 [L3]: Starting move selection for game step 10 with available time 0ms.
LOG 1641836043057 [L3]: No time to select next move using MCTS. Returning random move ( move 1 8 3 7 ).
LOG 1641836043061 [L3]: Starting move selection for game step 11 with available time -1ms.
LOG 1641836043061 [L3]: No time to select next move using MCTS. Returning random move noop.
LOG 1641836043064 [L3]: Starting move selection for game step 12 with available time 0ms.
LOG 1641836043064 [L3]: No time to select next move using MCTS. Returning random move ( move 2 6 3 4 ).
LOG 1641836043068 [L3]: Starting move selection for game step 13 with available time 0ms.
LOG 1641836043068 [L3]: No time to select next move using MCTS. Returning random move noop.
LOG 1641836043071 [L3]: Starting move selection for game step 14 with available time 0ms.
LOG 1641836043072 [L3]: No time to select next move using MCTS. Returning random move ( move 7 7 8 5 ).
LOG 1641836043075 [L3]: Starting move selection for game step 15 with available time 0ms.
LOG 1641836043075 [L3]: No time to select next move using MCTS. Returning random move noop.
LOG 1641836043078 [L3]: Starting move selection for game step 16 with available time 0ms.
LOG 1641836043079 [L3]: No time to select next move using MCTS. Returning random move ( move 3 7 5 6 ).
LOG 1641836043082 [L3]: Starting move selection for game step 17 with available time 0ms.
LOG 1641836043082 [L3]: No time to select next move using MCTS. Returning random move noop.
LOG 1641836043085 [L3]: Starting move selection for game step 18 with available time 0ms.
LOG 1641836043085 [L3]: No time to select next move using MCTS. Returning random move ( move 3 4 5 3 ).
LOG 1641836043088 [L3]: Starting move selection for game step 19 with available time 0ms.
LOG 1641836043088 [L3]: No time to select next move using MCTS. Returning random move noop.
LOG 1641836043092 [L3]: Starting move selection for game step 20 with available time 0ms.
LOG 1641836043092 [L3]: No time to select next move using MCTS. Returning random move ( move 5 8 7 7 ).
LOG 1641836043096 [L3]: Starting move selection for game step 21 with available time 0ms.
LOG 1641836043096 [L3]: No time to select next move using MCTS. Returning random move noop.
LOG 1641836043099 [L3]: Starting move selection for game step 22 with available time 0ms.
LOG 1641836043099 [L3]: No time to select next move using MCTS. Returning random move ( move 6 5 4 4 ).
LOG 1641836043103 [L3]: Starting move selection for game step 23 with available time 0ms.
LOG 1641836043103 [L3]: No time to select next move using MCTS. Returning random move noop.
LOG 1641836043106 [L3]: Starting move selection for game step 24 with available time 0ms.
LOG 1641836043106 [L3]: No time to select next move using MCTS. Returning random move ( move 4 4 2 3 ).
LOG 1641836043130 [L3]: Starting move selection for game step 25 with available time 0ms.
LOG 1641836043131 [L3]: No time to select next move using MCTS. Returning random move noop.
LOG 1641836043134 [L3]: Starting move selection for game step 26 with available time 0ms.
LOG 1641836043134 [L3]: No time to select next move using MCTS. Returning random move ( move 8 6 6 5 ).
LOG 1641836043137 [L3]: Starting move selection for game step 27 with available time 0ms.
LOG 1641836043138 [L3]: No time to select next move using MCTS. Returning random move noop.
LOG 1641836043141 [L3]: Starting move selection for game step 28 with available time 0ms.
LOG 1641836043141 [L3]: No time to select next move using MCTS. Returning random move ( move 3 8 5 7 ).
LOG 1641836043145 [L3]: Starting move selection for game step 29 with available time 0ms.
LOG 1641836043145 [L3]: No time to select next move using MCTS. Returning random move noop.
LOG 1641836043149 [L3]: Starting move selection for game step 30 with available time 0ms.
LOG 1641836043149 [L3]: No time to select next move using MCTS. Returning random move ( move 5 3 6 1 ).
