LOG 1641836037995 [L3]: Started match logging at: Mon Jan 10 18:33:57 CET 2022
LOG 1641836038002 [L3]: Game rules: [( role white ), ( role black ), ( <= ( base ( cell ?x ?y ?p ) ) ( index ?x ) ( index ?y ) ( role ?p ) ), ( <= ( base ( control ?p ) ) ( role ?p ) ), ( <= ( input ?p noop ) ( role ?p ) ), ( <= ( input ?p ( move ?x1 ?y1 ?x2 ?y2 ) ) ( role ?p ) ( index ?x1 ) ( index ?x2 ) ( index ?y1 ) ( index ?y2 ) ), ( init ( cell 1 1 white ) ), ( init ( cell 2 1 white ) ), ( init ( cell 3 1 white ) ), ( init ( cell 4 1 white ) ), ( init ( cell 5 1 white ) ), ( init ( cell 6 1 white ) ), ( init ( cell 7 1 white ) ), ( init ( cell 8 1 white ) ), ( init ( cell 1 2 white ) ), ( init ( cell 2 2 white ) ), ( init ( cell 3 2 white ) ), ( init ( cell 4 2 white ) ), ( init ( cell 5 2 white ) ), ( init ( cell 6 2 white ) ), ( init ( cell 7 2 white ) ), ( init ( cell 8 2 white ) ), ( init ( cell 1 7 black ) ), ( init ( cell 2 7 black ) ), ( init ( cell 3 7 black ) ), ( init ( cell 4 7 black ) ), ( init ( cell 5 7 black ) ), ( init ( cell 6 7 black ) ), ( init ( cell 7 7 black ) ), ( init ( cell 8 7 black ) ), ( init ( cell 1 8 black ) ), ( init ( cell 2 8 black ) ), ( init ( cell 3 8 black ) ), ( init ( cell 4 8 black ) ), ( init ( cell 5 8 black ) ), ( init ( cell 6 8 black ) ), ( init ( cell 7 8 black ) ), ( init ( cell 8 8 black ) ), ( init ( control white ) ), ( <= ( legal white noop ) ( true ( control black ) ) ), ( <= ( legal black noop ) ( true ( control white ) ) ), ( <= ( legal white ( move ?x1 ?y1 ?x2 ?y2 ) ) ( true ( control white ) ) ( true ( cell ?x1 ?y1 white ) ) ( whiteknightmove ?x1 ?y1 ?x2 ?y2 ) ( not ( true ( cell ?x2 ?y2 white ) ) ) ), ( <= ( legal black ( move ?x1 ?y1 ?x2 ?y2 ) ) ( true ( control black ) ) ( true ( cell ?x1 ?y1 black ) ) ( blackknightmove ?x1 ?y1 ?x2 ?y2 ) ( not ( true ( cell ?x2 ?y2 black ) ) ) ), ( <= ( next ( cell ?x ?y ?state ) ) ( true ( cell ?x ?y ?state ) ) ( does ?player ( move ?x1 ?y1 ?x2 ?y2 ) ) ( distinctcell ?x ?y ?x1 ?y1 ) ( distinctcell ?x ?y ?x2 ?y2 ) ), ( <= ( next ( cell ?x2 ?y2 ?player ) ) ( does ?player ( move ?x1 ?y1 ?x2 ?y2 ) ) ), ( <= ( next ( control black ) ) ( true ( control white ) ) ), ( <= ( next ( control white ) ) ( true ( control black ) ) ), ( <= terminal whitewin ), ( <= terminal blackwin ), ( <= ( goal white 100 ) whitewin ), ( <= ( goal white 0 ) blackwin ), ( <= ( goal black 100 ) blackwin ), ( <= ( goal black 0 ) whitewin ), ( <= whitewin ( index ?x ) ( true ( cell ?x 8 white ) ) ), ( <= blackwin ( index ?x ) ( true ( cell ?x 1 black ) ) ), ( <= whitewin ( not ( hasAnyPiece black ) ) ), ( <= blackwin ( not ( hasAnyPiece white ) ) ), ( <= ( hasAnyPiece ?player ) ( true ( cell ?x ?y ?player ) ) ), ( <= ( whiteknightmove ?x1 ?y1 ?x2 ?y2 ) ( plus 1 ?x1 ?x2 ) ( plus 2 ?y1 ?y2 ) ), ( <= ( whiteknightmove ?x1 ?y1 ?x2 ?y2 ) ( plus 1 ?x2 ?x1 ) ( plus 2 ?y1 ?y2 ) ), ( <= ( whiteknightmove ?x1 ?y1 ?x2 ?y2 ) ( plus 2 ?x1 ?x2 ) ( plus 1 ?y1 ?y2 ) ), ( <= ( whiteknightmove ?x1 ?y1 ?x2 ?y2 ) ( plus 2 ?x2 ?x1 ) ( plus 1 ?y1 ?y2 ) ), ( <= ( blackknightmove ?x1 ?y1 ?x2 ?y2 ) ( plus 1 ?x1 ?x2 ) ( plus 2 ?y2 ?y1 ) ), ( <= ( blackknightmove ?x1 ?y1 ?x2 ?y2 ) ( plus 1 ?x2 ?x1 ) ( plus 2 ?y2 ?y1 ) ), ( <= ( blackknightmove ?x1 ?y1 ?x2 ?y2 ) ( plus 2 ?x1 ?x2 ) ( plus 1 ?y2 ?y1 ) ), ( <= ( blackknightmove ?x1 ?y1 ?x2 ?y2 ) ( plus 2 ?x2 ?x1 ) ( plus 1 ?y2 ?y1 ) ), ( <= ( cell ?x ?y ) ( index ?x ) ( index ?y ) ), ( <= ( distinctcell ?x1 ?y1 ?x2 ?y2 ) ( cell ?x1 ?y1 ) ( cell ?x2 ?y2 ) ( distinct ?x1 ?x2 ) ), ( <= ( distinctcell ?x1 ?y1 ?x2 ?y2 ) ( cell ?x1 ?y1 ) ( cell ?x2 ?y2 ) ( distinct ?y1 ?y2 ) ), ( index 1 ), ( index 2 ), ( index 3 ), ( index 4 ), ( index 5 ), ( index 6 ), ( index 7 ), ( index 8 ), ( plus 1 1 2 ), ( plus 1 2 3 ), ( plus 1 3 4 ), ( plus 1 4 5 ), ( plus 1 5 6 ), ( plus 1 6 7 ), ( plus 1 7 8 ), ( plus 2 1 3 ), ( plus 2 2 4 ), ( plus 2 3 5 ), ( plus 2 4 6 ), ( plus 2 5 7 ), ( plus 2 6 8 )]
LOG 1641836038002 [L3]: Start clock: 15
LOG 1641836038003 [L3]: Play clock: 10
LOG 1641836042994 [L0]: [Sent at 1641836042994] ready
LOG 1641836042997 [L0]: [Received at 1641836042997] ( PLAY 36.knightThrough.1641836036455 NIL )
LOG 1641836042998 [L0]: [Sent at 1641836042998] noop
LOG 1641836043000 [L0]: [Received at 1641836043000] ( PLAY 36.knightThrough.1641836036455 (( move 2 1 1 3 ) noop ) )
LOG 1641836043002 [L0]: [Sent at 1641836043002] ( move 5 7 6 5 )
LOG 1641836043009 [L0]: [Received at 1641836043009] ( PLAY 36.knightThrough.1641836036455 (noop ( move 5 7 6 5 ) ) )
LOG 1641836043017 [L0]: [Sent at 1641836043017] noop
LOG 1641836043024 [L0]: [Received at 1641836043024] ( PLAY 36.knightThrough.1641836036455 (( move 5 1 4 3 ) noop ) )
LOG 1641836043027 [L0]: [Sent at 1641836043027] ( move 4 7 2 6 )
LOG 1641836043038 [L0]: [Received at 1641836043038] ( PLAY 36.knightThrough.1641836036455 (noop ( move 4 7 2 6 ) ) )
LOG 1641836043039 [L0]: [Sent at 1641836043039] noop
LOG 1641836043041 [L0]: [Received at 1641836043041] ( PLAY 36.knightThrough.1641836036455 (( move 7 2 8 4 ) noop ) )
LOG 1641836043043 [L0]: [Sent at 1641836043043] ( move 6 7 8 6 )
LOG 1641836043045 [L0]: [Received at 1641836043045] ( PLAY 36.knightThrough.1641836036455 (noop ( move 6 7 8 6 ) ) )
LOG 1641836043046 [L0]: [Sent at 1641836043046] noop
LOG 1641836043049 [L0]: [Received at 1641836043049] ( PLAY 36.knightThrough.1641836036455 (( move 8 2 6 3 ) noop ) )
LOG 1641836043050 [L0]: [Sent at 1641836043050] ( move 3 7 1 6 )
LOG 1641836043053 [L0]: [Received at 1641836043053] ( PLAY 36.knightThrough.1641836036455 (noop ( move 3 7 1 6 ) ) )
LOG 1641836043055 [L0]: [Sent at 1641836043055] noop
LOG 1641836043057 [L0]: [Received at 1641836043057] ( PLAY 36.knightThrough.1641836036455 (( move 6 1 8 2 ) noop ) )
LOG 1641836043058 [L0]: [Sent at 1641836043058] ( move 1 8 3 7 )
LOG 1641836043060 [L0]: [Received at 1641836043060] ( PLAY 36.knightThrough.1641836036455 (noop ( move 1 8 3 7 ) ) )
LOG 1641836043062 [L0]: [Sent at 1641836043062] noop
LOG 1641836043064 [L0]: [Received at 1641836043064] ( PLAY 36.knightThrough.1641836036455 (( move 3 2 5 3 ) noop ) )
LOG 1641836043065 [L0]: [Sent at 1641836043065] ( move 2 6 3 4 )
LOG 1641836043067 [L0]: [Received at 1641836043067] ( PLAY 36.knightThrough.1641836036455 (noop ( move 2 6 3 4 ) ) )
LOG 1641836043069 [L0]: [Sent at 1641836043069] noop
LOG 1641836043071 [L0]: [Received at 1641836043071] ( PLAY 36.knightThrough.1641836036455 (( move 1 1 2 3 ) noop ) )
LOG 1641836043072 [L0]: [Sent at 1641836043072] ( move 7 7 8 5 )
LOG 1641836043074 [L0]: [Received at 1641836043074] ( PLAY 36.knightThrough.1641836036455 (noop ( move 7 7 8 5 ) ) )
LOG 1641836043076 [L0]: [Sent at 1641836043076] noop
LOG 1641836043078 [L0]: [Received at 1641836043078] ( PLAY 36.knightThrough.1641836036455 (( move 4 2 5 4 ) noop ) )
LOG 1641836043079 [L0]: [Sent at 1641836043079] ( move 3 7 5 6 )
LOG 1641836043081 [L0]: [Received at 1641836043081] ( PLAY 36.knightThrough.1641836036455 (noop ( move 3 7 5 6 ) ) )
LOG 1641836043083 [L0]: [Sent at 1641836043083] noop
LOG 1641836043085 [L0]: [Received at 1641836043085] ( PLAY 36.knightThrough.1641836036455 (( move 4 1 3 3 ) noop ) )
LOG 1641836043086 [L0]: [Sent at 1641836043086] ( move 3 4 5 3 )
LOG 1641836043088 [L0]: [Received at 1641836043088] ( PLAY 36.knightThrough.1641836036455 (noop ( move 3 4 5 3 ) ) )
LOG 1641836043089 [L0]: [Sent at 1641836043089] noop
LOG 1641836043091 [L0]: [Received at 1641836043091] ( PLAY 36.knightThrough.1641836036455 (( move 6 3 7 5 ) noop ) )
LOG 1641836043093 [L0]: [Sent at 1641836043093] ( move 5 8 7 7 )
LOG 1641836043095 [L0]: [Received at 1641836043095] ( PLAY 36.knightThrough.1641836036455 (noop ( move 5 8 7 7 ) ) )
LOG 1641836043097 [L0]: [Sent at 1641836043097] noop
LOG 1641836043098 [L0]: [Received at 1641836043098] ( PLAY 36.knightThrough.1641836036455 (( move 7 5 6 7 ) noop ) )
LOG 1641836043100 [L0]: [Sent at 1641836043100] ( move 6 5 4 4 )
LOG 1641836043103 [L0]: [Received at 1641836043103] ( PLAY 36.knightThrough.1641836036455 (noop ( move 6 5 4 4 ) ) )
LOG 1641836043104 [L0]: [Sent at 1641836043104] noop
LOG 1641836043106 [L0]: [Received at 1641836043106] ( PLAY 36.knightThrough.1641836036455 (( move 4 3 2 4 ) noop ) )
LOG 1641836043107 [L0]: [Sent at 1641836043107] ( move 4 4 2 3 )
LOG 1641836043130 [L0]: [Received at 1641836043130] ( PLAY 36.knightThrough.1641836036455 (noop ( move 4 4 2 3 ) ) )
LOG 1641836043131 [L0]: [Sent at 1641836043131] noop
LOG 1641836043134 [L0]: [Received at 1641836043134] ( PLAY 36.knightThrough.1641836036455 (( move 8 1 7 3 ) noop ) )
LOG 1641836043135 [L0]: [Sent at 1641836043135] ( move 8 6 6 5 )
LOG 1641836043137 [L0]: [Received at 1641836043137] ( PLAY 36.knightThrough.1641836036455 (noop ( move 8 6 6 5 ) ) )
LOG 1641836043138 [L0]: [Sent at 1641836043138] noop
LOG 1641836043141 [L0]: [Received at 1641836043141] ( PLAY 36.knightThrough.1641836036455 (( move 8 2 6 3 ) noop ) )
LOG 1641836043142 [L0]: [Sent at 1641836043142] ( move 3 8 5 7 )
LOG 1641836043145 [L0]: [Received at 1641836043145] ( PLAY 36.knightThrough.1641836036455 (noop ( move 3 8 5 7 ) ) )
LOG 1641836043146 [L0]: [Sent at 1641836043146] noop
LOG 1641836043148 [L0]: [Received at 1641836043148] ( PLAY 36.knightThrough.1641836036455 (( move 2 4 4 5 ) noop ) )
LOG 1641836043150 [L0]: [Sent at 1641836043150] ( move 5 3 6 1 )
LOG 1641836043152 [L0]: [Received at 1641836043152] ( STOP 36.knightThrough.1641836036455 (noop ( move 5 3 6 1 ) ) )
LOG 1641836043153 [L3]: Stopped logging to files at: Mon Jan 10 18:34:03 CET 2022
LOG 1641836043153 [L3]: LOG SEALED
