LOG 1641862843104 [L3]: Returning initial state machine.
LOG 1641862843104 [L3]: Returning PropNet state machine without cache.
LOG 1641862843105 [L3]: Starting metagame with available thinking time 4990ms.
LOG 1641862843107 [L3]: Starting search during metagame.
LOG 1641862848095 [L3]: Done searching during metagame.
LOG 1641862848098 [L3]: Starting move selection for game step 1 with available time 10000ms.
LOG 1641862848098 [L3]: Selecting move using MCTS.
LOG 1641862858098 [L3]: Returning MCTS move ( drop 4 ).
LOG 1641862858101 [L3]: Starting move selection for game step 2 with available time 10000ms.
LOG 1641862858115 [L3]: Selecting move using MCTS.
LOG 1641862868101 [L3]: Returning MCTS move noop.
LOG 1641862868104 [L3]: Starting move selection for game step 3 with available time 10000ms.
LOG 1641862868135 [L3]: Selecting move using MCTS.
LOG 1641862878104 [L3]: Returning MCTS move ( drop 3 ).
LOG 1641862878114 [L3]: Starting move selection for game step 4 with available time 10000ms.
LOG 1641862878158 [L3]: Selecting move using MCTS.
LOG 1641862888114 [L3]: Returning MCTS move noop.
LOG 1641862888117 [L3]: Starting move selection for game step 5 with available time 10000ms.
LOG 1641862888154 [L3]: Selecting move using MCTS.
LOG 1641862898117 [L3]: Returning MCTS move ( drop 2 ).
LOG 1641862898121 [L3]: Starting move selection for game step 6 with available time 10000ms.
LOG 1641862898158 [L3]: Selecting move using MCTS.
LOG 1641862908121 [L3]: Returning MCTS move noop.
LOG 1641862908125 [L3]: Starting move selection for game step 7 with available time 10000ms.
LOG 1641862908155 [L3]: Selecting move using MCTS.
LOG 1641862918125 [L3]: Returning MCTS move ( drop 4 ).
LOG 1641862918128 [L3]: Starting move selection for game step 8 with available time 10000ms.
LOG 1641862918163 [L3]: Selecting move using MCTS.
LOG 1641862928128 [L3]: Returning MCTS move noop.
LOG 1641862928132 [L3]: Starting move selection for game step 9 with available time 10000ms.
LOG 1641862928167 [L3]: Selecting move using MCTS.
LOG 1641862938132 [L3]: Returning MCTS move ( drop 5 ).
LOG 1641862938135 [L3]: Starting move selection for game step 10 with available time 10000ms.
LOG 1641862938167 [L3]: Selecting move using MCTS.
LOG 1641862948135 [L3]: Returning MCTS move noop.
LOG 1641862948138 [L3]: Starting move selection for game step 11 with available time 10000ms.
LOG 1641862948172 [L3]: Selecting move using MCTS.
LOG 1641862958138 [L3]: Returning MCTS move ( drop 6 ).
LOG 1641862958141 [L3]: Starting move selection for game step 12 with available time 10000ms.
LOG 1641862958168 [L3]: Selecting move using MCTS.
LOG 1641862968141 [L3]: Returning MCTS move noop.
LOG 1641862968145 [L3]: Starting move selection for game step 13 with available time 10000ms.
LOG 1641862968167 [L3]: Selecting move using MCTS.
LOG 1641862978145 [L3]: Returning MCTS move ( drop 7 ).
LOG 1641862978148 [L3]: Starting move selection for game step 14 with available time 10000ms.
LOG 1641862978170 [L3]: Selecting move using MCTS.
LOG 1641862988148 [L3]: Returning MCTS move noop.
LOG 1641862988151 [L3]: Starting move selection for game step 15 with available time 10000ms.
LOG 1641862988177 [L3]: Selecting move using MCTS.
LOG 1641862998163 [L3]: Returning MCTS move ( drop 2 ).
LOG 1641862998167 [L3]: Starting move selection for game step 16 with available time 10000ms.
LOG 1641862998196 [L3]: Selecting move using MCTS.
LOG 1641863008167 [L3]: Returning MCTS move noop.
LOG 1641863008171 [L3]: Starting move selection for game step 17 with available time 10000ms.
LOG 1641863008198 [L3]: Selecting move using MCTS.
LOG 1641863018171 [L3]: Returning MCTS move ( drop 1 ).
LOG 1641863018174 [L3]: Starting move selection for game step 18 with available time 10000ms.
LOG 1641863018198 [L3]: Selecting move using MCTS.
LOG 1641863028174 [L3]: Returning MCTS move noop.
LOG 1641863028178 [L3]: Starting move selection for game step 19 with available time 10000ms.
LOG 1641863028204 [L3]: Selecting move using MCTS.
LOG 1641863038178 [L3]: Returning MCTS move ( drop 5 ).
LOG 1641863038181 [L3]: Starting move selection for game step 20 with available time 10000ms.
LOG 1641863038205 [L3]: Selecting move using MCTS.
LOG 1641863048184 [L3]: Returning MCTS move noop.
LOG 1641863048188 [L3]: Starting move selection for game step 21 with available time 10000ms.
LOG 1641863048208 [L3]: Selecting move using MCTS.
LOG 1641863058188 [L3]: Returning MCTS move ( drop 1 ).
LOG 1641863058192 [L3]: Starting move selection for game step 22 with available time 10000ms.
LOG 1641863058202 [L3]: Selecting move using MCTS.
LOG 1641863068192 [L3]: Returning MCTS move noop.
LOG 1641863068195 [L3]: Starting move selection for game step 23 with available time 10000ms.
LOG 1641863068204 [L3]: Selecting move using MCTS.
LOG 1641863078195 [L3]: Returning MCTS move ( drop 4 ).
LOG 1641863078198 [L3]: Starting move selection for game step 24 with available time 10000ms.
LOG 1641863078204 [L3]: Selecting move using MCTS.
LOG 1641863088198 [L3]: Returning MCTS move noop.
LOG 1641863088202 [L3]: Starting move selection for game step 25 with available time 10000ms.
LOG 1641863088205 [L3]: Selecting move using MCTS.
LOG 1641863098202 [L3]: Returning MCTS move ( drop 1 ).
LOG 1641863098205 [L3]: Starting move selection for game step 26 with available time 10000ms.
LOG 1641863098209 [L3]: Selecting move using MCTS.
LOG 1641863108205 [L3]: Returning MCTS move noop.
LOG 1641863108210 [L3]: Starting move selection for game step 27 with available time 9999ms.
LOG 1641863108212 [L3]: Selecting move using MCTS.
LOG 1641863118209 [L3]: Returning MCTS move ( drop 3 ).
LOG 1641863118213 [L3]: Starting move selection for game step 28 with available time 10000ms.
LOG 1641863118215 [L3]: Selecting move using MCTS.
LOG 1641863128213 [L3]: Returning MCTS move noop.
LOG 1641863128218 [L3]: Starting move selection for game step 29 with available time 10000ms.
LOG 1641863128219 [L3]: Selecting move using MCTS.
LOG 1641863138218 [L3]: Returning MCTS move ( drop 6 ).
LOG 1641863138221 [L3]: Starting move selection for game step 30 with available time 10000ms.
LOG 1641863138223 [L3]: Selecting move using MCTS.
LOG 1641863148221 [L3]: Returning MCTS move noop.
LOG 1641863148225 [L3]: Starting move selection for game step 31 with available time 10000ms.
LOG 1641863148226 [L3]: Selecting move using MCTS.
LOG 1641863158225 [L3]: Returning MCTS move ( drop 1 ).
LOG 1641863158228 [L3]: Starting move selection for game step 32 with available time 10000ms.
LOG 1641863158230 [L3]: Selecting move using MCTS.
LOG 1641863168228 [L3]: Returning MCTS move noop.
LOG 1641863168231 [L3]: Starting move selection for game step 33 with available time 10000ms.
LOG 1641863168232 [L3]: Selecting move using MCTS.
LOG 1641863178231 [L3]: Returning MCTS move ( drop 6 ).
LOG 1641863178235 [L3]: Starting move selection for game step 34 with available time 10000ms.
LOG 1641863178236 [L3]: Selecting move using MCTS.
LOG 1641863188235 [L3]: Returning MCTS move noop.
LOG 1641863188239 [L3]: Starting move selection for game step 35 with available time 10000ms.
LOG 1641863188240 [L3]: Selecting move using MCTS.
LOG 1641863198239 [L3]: Returning MCTS move ( drop 3 ).
LOG 1641863198242 [L3]: Starting move selection for game step 36 with available time 10000ms.
LOG 1641863198243 [L3]: Selecting move using MCTS.
LOG 1641863208242 [L3]: Returning MCTS move noop.
