LOG 1641843512633 [L3]: Started match logging at: Mon Jan 10 20:38:32 CET 2022
LOG 1641843512634 [L3]: Game rules: [( role x ), ( role o ), ( init ( quad x 12 ) ), ( init ( quad o 12 ) ), ( init ( white x 5 ) ), ( init ( white o 5 ) ), ( init ( cell r1 c2 b ) ), ( init ( cell r1 c3 b ) ), ( init ( cell r1 c4 b ) ), ( init ( cell r1 c5 b ) ), ( init ( cell r1 c6 b ) ), ( init ( cell r2 c1 b ) ), ( init ( cell r2 c2 b ) ), ( init ( cell r2 c3 b ) ), ( init ( cell r2 c4 b ) ), ( init ( cell r2 c5 b ) ), ( init ( cell r2 c6 b ) ), ( init ( cell r2 c7 b ) ), ( init ( cell r3 c1 b ) ), ( init ( cell r3 c2 b ) ), ( init ( cell r3 c3 b ) ), ( init ( cell r3 c4 b ) ), ( init ( cell r3 c5 b ) ), ( init ( cell r3 c6 b ) ), ( init ( cell r3 c7 b ) ), ( init ( cell r4 c1 b ) ), ( init ( cell r4 c2 b ) ), ( init ( cell r4 c3 b ) ), ( init ( cell r4 c4 b ) ), ( init ( cell r4 c5 b ) ), ( init ( cell r4 c6 b ) ), ( init ( cell r4 c7 b ) ), ( init ( cell r5 c1 b ) ), ( init ( cell r5 c2 b ) ), ( init ( cell r5 c3 b ) ), ( init ( cell r5 c4 b ) ), ( init ( cell r5 c5 b ) ), ( init ( cell r5 c6 b ) ), ( init ( cell r5 c7 b ) ), ( init ( cell r6 c1 b ) ), ( init ( cell r6 c2 b ) ), ( init ( cell r6 c3 b ) ), ( init ( cell r6 c4 b ) ), ( init ( cell r6 c5 b ) ), ( init ( cell r6 c6 b ) ), ( init ( cell r6 c7 b ) ), ( init ( cell r7 c2 b ) ), ( init ( cell r7 c3 b ) ), ( init ( cell r7 c4 b ) ), ( init ( cell r7 c5 b ) ), ( init ( cell r7 c6 b ) ), ( init ( control x ) ), ( ncol c1 c2 ), ( ncol c2 c3 ), ( ncol c3 c4 ), ( ncol c4 c5 ), ( ncol c5 c6 ), ( ncol c6 c7 ), ( nrow r1 r2 ), ( nrow r2 r3 ), ( nrow r3 r4 ), ( nrow r4 r5 ), ( nrow r5 r6 ), ( nrow r6 r7 ), ( <= ( prow ?x ?y ) ( nrow ?y ?x ) ), ( <= ( pcol ?x ?y ) ( ncol ?y ?x ) ), ( succ 0 1 ), ( succ 1 2 ), ( succ 2 3 ), ( succ 3 4 ), ( succ 4 5 ), ( succ 5 6 ), ( succ 6 7 ), ( succ 7 8 ), ( succ 8 9 ), ( succ 9 10 ), ( succ 10 11 ), ( succ 11 12 ), ( succ 12 13 ), ( succ 13 14 ), ( succ 14 15 ), ( succ 15 16 ), ( succ 16 17 ), ( succ 17 18 ), ( succ 18 19 ), ( succ 19 20 ), ( <= ( legal ?player ( mark ?x ?y ) ) ( true ( cell ?x ?y b ) ) ( true ( control ?player ) ) ), ( <= ( legal ?player ( block ?x ?y ) ) ( true ( cell ?x ?y b ) ) ( true ( control ?player ) ) ( true ( white ?player ?c ) ) ( distinct ?c 0 ) ), ( <= ( legal x noop ) ( true ( control o ) ) ), ( <= ( legal o noop ) ( true ( control x ) ) ), ( <= ( next ( cell ?m ?n ?p ) ) ( does ?p ( mark ?m ?n ) ) ), ( <= ( next ( cell ?m ?n w ) ) ( does ?p ( block ?m ?n ) ) ), ( <= ( next ( cell ?m ?n ?p ) ) ( true ( cell ?m ?n ?p ) ) ( distinct ?p b ) ), ( <= ( next ( cell ?m ?n b ) ) ( does ?W ( mark ?j ?k ) ) ( true ( cell ?m ?n b ) ) ( distinct ?m ?j ) ), ( <= ( next ( cell ?m ?n b ) ) ( does ?W ( mark ?j ?k ) ) ( true ( cell ?m ?n b ) ) ( distinct ?n ?k ) ), ( <= ( next ( cell ?m ?n b ) ) ( does ?W ( block ?j ?k ) ) ( true ( cell ?m ?n b ) ) ( distinct ?m ?j ) ), ( <= ( next ( cell ?m ?n b ) ) ( does ?W ( block ?j ?k ) ) ( true ( cell ?m ?n b ) ) ( distinct ?n ?k ) ), ( <= ( next ( quad ?p ?c ) ) ( true ( control ?q ) ) ( true ( quad ?p ?c ) ) ( distinct ?p ?q ) ), ( <= ( next ( white ?p ?c ) ) ( true ( control ?q ) ) ( true ( white ?p ?c ) ) ( distinct ?p ?q ) ), ( <= ( next ( quad ?p ?c ) ) ( does ?p ( mark ?j ?k ) ) ( true ( quad ?p ?c1 ) ) ( succ ?c ?c1 ) ), ( <= ( next ( white ?p ?c ) ) ( does ?p ( block ?j ?k ) ) ( true ( white ?p ?c1 ) ) ( succ ?c ?c1 ) ), ( <= ( next ( quad ?p ?c ) ) ( does ?p ( block ?j ?k ) ) ( true ( quad ?p ?c ) ) ), ( <= ( next ( white ?p ?c ) ) ( does ?p ( mark ?j ?k ) ) ( true ( white ?p ?c ) ) ), ( <= ( next ( control x ) ) ( does o ( mark ?j ?k ) ) ( true ( control o ) ) ), ( <= ( next ( control o ) ) ( does x ( mark ?j ?k ) ) ( true ( control x ) ) ), ( <= ( next ( control ?p ) ) ( does ?p ( block ?j ?k ) ) ( true ( control ?p ) ) ), ( <= ( square ?x1 ?y1 ?x1 ?y2 ?x2 ?y1 ?x2 ?y2 ) ( ncol ?y1 ?y2 ) ( nrow ?x1 ?x2 ) ), ( <= ( square ?x1 ?y1 ?x1 ?y2 ?x2 ?y1 ?x2 ?y2 ) ( ncol ?y3 ?y2 ) ( nrow ?x3 ?x2 ) ( square ?x1 ?y1 ?x1 ?y3 ?x3 ?y1 ?x3 ?y3 ) ), ( <= ( square ?x1 ?y1 ?x2 ?y2 ?x3 ?y3 ?x4 ?y4 ) ( prow ?x2p ?x2 ) ( ncol ?y3n ?y3 ) ( prow ?x4p ?x4 ) ( ncol ?y4n ?y4 ) ( square ?x1 ?y1 ?x2p ?y2 ?x3 ?y3n ?x4p ?y4n ) ), ( <= win ( true ( cell ?x1 ?y1 x ) ) ( true ( cell ?x2 ?y2 x ) ) ( true ( cell ?x3 ?y3 x ) ) ( true ( cell ?x4 ?y4 x ) ) ( square ?x1 ?y1 ?x2 ?y2 ?x3 ?y3 ?x4 ?y4 ) ), ( <= lose ( true ( cell ?x1 ?y1 o ) ) ( true ( cell ?x2 ?y2 o ) ) ( true ( cell ?x3 ?y3 o ) ) ( true ( cell ?x4 ?y4 o ) ) ( square ?x1 ?y1 ?x2 ?y2 ?x3 ?y3 ?x4 ?y4 ) ), ( <= winByOpenQuad ( not lose ) ( not open ) ( true ( cell ?x1 ?y1 x ) ) ( true ( cell ?x2 ?y2 x ) ) ( true ( cell ?x3 ?y3 x ) ) ( true ( cell ?x4 ?y4 b ) ) ( square ?x1 ?y1 ?x2 ?y2 ?x3 ?y3 ?x4 ?y4 ) ), ( <= winByOpenQuad ( not lose ) ( not open ) ( true ( cell ?x1 ?y1 x ) ) ( true ( cell ?x2 ?y2 b ) ) ( true ( cell ?x3 ?y3 x ) ) ( true ( cell ?x4 ?y4 x ) ) ( square ?x1 ?y1 ?x2 ?y2 ?x3 ?y3 ?x4 ?y4 ) ), ( <= winByOpenQuad ( not lose ) ( not open ) ( true ( cell ?x1 ?y1 x ) ) ( true ( cell ?x2 ?y2 x ) ) ( true ( cell ?x3 ?y3 b ) ) ( true ( cell ?x4 ?y4 x ) ) ( square ?x1 ?y1 ?x2 ?y2 ?x3 ?y3 ?x4 ?y4 ) ), ( <= winByOpenQuad ( not lose ) ( not open ) ( true ( cell ?x1 ?y1 b ) ) ( true ( cell ?x2 ?y2 x ) ) ( true ( cell ?x3 ?y3 x ) ) ( true ( cell ?x4 ?y4 x ) ) ( square ?x1 ?y1 ?x2 ?y2 ?x3 ?y3 ?x4 ?y4 ) ), ( <= open ( true ( quad ?p ?c ) ) ( distinct ?c 0 ) ), ( <= ( more ?x 0 ) ( succ ?y ?x ) ), ( <= ( more ?x ?y ) ( succ ?x1 ?x ) ( succ ?y1 ?y ) ( more ?x1 ?y1 ) ), ( <= morewhite ( true ( white x ?a ) ) ( true ( white o ?b ) ) ( more ?a ?b ) ), ( <= lesswhite ( true ( white x ?a ) ) ( true ( white o ?b ) ) ( more ?b ?a ) ), ( <= equalwhite ( true ( white x ?a ) ) ( true ( white o ?a ) ) ), ( <= ( goal x 100 ) win ), ( <= ( goal x 95 ) ( not win ) winByOpenQuad ), ( <= ( goal x 90 ) ( not win ) ( not winByOpenQuad ) ( not lose ) ( not open ) morewhite ), ( <= ( goal x 50 ) ( not win ) ( not winByOpenQuad ) ( not lose ) ( not open ) equalwhite ), ( <= ( goal x 10 ) ( not win ) ( not winByOpenQuad ) ( not lose ) ( not open ) lesswhite ), ( <= ( goal x 0 ) lose ), ( <= ( goal o 100 ) lose ), ( <= ( goal o 90 ) ( not win ) ( not winByOpenQuad ) ( not lose ) ( not open ) lesswhite ), ( <= ( goal o 50 ) ( not win ) ( not winByOpenQuad ) ( not lose ) ( not open ) equalwhite ), ( <= ( goal o 10 ) ( not win ) ( not winByOpenQuad ) ( not lose ) ( not open ) morewhite ), ( <= ( goal o 5 ) ( not win ) winByOpenQuad ), ( <= ( goal o 0 ) win ), ( <= terminal win ), ( <= terminal lose ), ( <= terminal ( not open ) )]
LOG 1641843512640 [L3]: Start clock: 15
LOG 1641843512641 [L3]: Play clock: 10
LOG 1641843522670 [L0]: [Sent at 1641843522670] ready
LOG 1641843522672 [L0]: [Received at 1641843522672] ( PLAY 33.quad_7x7.1641843495516 NIL )
LOG 1641843522673 [L0]: [Sent at 1641843522673] ( mark r3 c7 )
LOG 1641843522675 [L0]: [Received at 1641843522675] ( PLAY 33.quad_7x7.1641843495516 (( mark r3 c7 ) noop ) )
LOG 1641843522676 [L0]: [Sent at 1641843522676] noop
LOG 1641843522678 [L0]: [Received at 1641843522678] ( PLAY 33.quad_7x7.1641843495516 (noop ( block r2 c6 ) ) )
LOG 1641843522686 [L0]: [Sent at 1641843522686] noop
LOG 1641843522688 [L0]: [Received at 1641843522688] ( PLAY 33.quad_7x7.1641843495516 (noop ( mark r1 c2 ) ) )
LOG 1641843522689 [L0]: [Sent at 1641843522689] ( block r5 c7 )
LOG 1641843522691 [L0]: [Received at 1641843522691] ( PLAY 33.quad_7x7.1641843495516 (( block r5 c7 ) noop ) )
LOG 1641843522692 [L0]: [Sent at 1641843522692] ( block r3 c2 )
LOG 1641843522694 [L0]: [Received at 1641843522694] ( PLAY 33.quad_7x7.1641843495516 (( block r3 c2 ) noop ) )
LOG 1641843522695 [L0]: [Sent at 1641843522695] ( mark r4 c4 )
LOG 1641843522698 [L0]: [Received at 1641843522698] ( PLAY 33.quad_7x7.1641843495516 (( mark r4 c4 ) noop ) )
LOG 1641843522700 [L0]: [Sent at 1641843522700] noop
LOG 1641843522702 [L0]: [Received at 1641843522702] ( PLAY 33.quad_7x7.1641843495516 (noop ( block r6 c2 ) ) )
LOG 1641843522703 [L0]: [Sent at 1641843522703] noop
LOG 1641843522705 [L0]: [Received at 1641843522705] ( PLAY 33.quad_7x7.1641843495516 (noop ( block r4 c5 ) ) )
LOG 1641843522706 [L0]: [Sent at 1641843522706] noop
LOG 1641843522710 [L0]: [Received at 1641843522710] ( PLAY 33.quad_7x7.1641843495516 (noop ( mark r6 c3 ) ) )
LOG 1641843522711 [L0]: [Sent at 1641843522711] ( block r1 c4 )
LOG 1641843522713 [L0]: [Received at 1641843522713] ( PLAY 33.quad_7x7.1641843495516 (( block r1 c4 ) noop ) )
LOG 1641843522714 [L0]: [Sent at 1641843522714] ( block r4 c6 )
LOG 1641843522716 [L0]: [Received at 1641843522716] ( PLAY 33.quad_7x7.1641843495516 (( block r4 c6 ) noop ) )
LOG 1641843522717 [L0]: [Sent at 1641843522717] ( block r3 c6 )
LOG 1641843522719 [L0]: [Received at 1641843522719] ( PLAY 33.quad_7x7.1641843495516 (( block r3 c6 ) noop ) )
LOG 1641843522720 [L0]: [Sent at 1641843522720] ( mark r2 c2 )
LOG 1641843522727 [L0]: [Received at 1641843522727] ( PLAY 33.quad_7x7.1641843495516 (( mark r2 c2 ) noop ) )
LOG 1641843522728 [L0]: [Sent at 1641843522728] noop
LOG 1641843522736 [L0]: [Received at 1641843522736] ( PLAY 33.quad_7x7.1641843495516 (noop ( mark r2 c7 ) ) )
LOG 1641843522738 [L0]: [Sent at 1641843522738] ( mark r1 c5 )
LOG 1641843522755 [L0]: [Received at 1641843522755] ( PLAY 33.quad_7x7.1641843495516 (( mark r1 c5 ) noop ) )
LOG 1641843522756 [L0]: [Sent at 1641843522756] noop
LOG 1641843522759 [L0]: [Received at 1641843522759] ( PLAY 33.quad_7x7.1641843495516 (noop ( block r2 c4 ) ) )
LOG 1641843522760 [L0]: [Sent at 1641843522760] noop
LOG 1641843522762 [L0]: [Received at 1641843522762] ( PLAY 33.quad_7x7.1641843495516 (noop ( block r2 c1 ) ) )
LOG 1641843522763 [L0]: [Sent at 1641843522763] noop
LOG 1641843522772 [L0]: [Received at 1641843522772] ( PLAY 33.quad_7x7.1641843495516 (noop ( mark r3 c1 ) ) )
LOG 1641843522773 [L0]: [Sent at 1641843522773] ( mark r1 c3 )
LOG 1641843522803 [L0]: [Received at 1641843522803] ( PLAY 33.quad_7x7.1641843495516 (( mark r1 c3 ) noop ) )
LOG 1641843522804 [L0]: [Sent at 1641843522804] noop
LOG 1641843522831 [L0]: [Received at 1641843522831] ( PLAY 33.quad_7x7.1641843495516 (noop ( mark r2 c5 ) ) )
LOG 1641843522832 [L0]: [Sent at 1641843522832] ( mark r4 c1 )
LOG 1641843539442 [L0]: [Received at 1641843539442] ( PLAY 33.quad_7x7.1641843495516 (( mark r4 c1 ) noop ) )
LOG 1641843539444 [L0]: [Sent at 1641843539444] noop
LOG 1641843539478 [L0]: [Received at 1641843539478] ( PLAY 33.quad_7x7.1641843495516 (noop ( mark r3 c3 ) ) )
LOG 1641843539479 [L0]: [Sent at 1641843539479] ( mark r4 c2 )
LOG 1641843539530 [L0]: [Received at 1641843539530] ( PLAY 33.quad_7x7.1641843495516 (( mark r4 c2 ) noop ) )
LOG 1641843539531 [L0]: [Sent at 1641843539531] noop
LOG 1641843539588 [L0]: [Received at 1641843539588] ( PLAY 33.quad_7x7.1641843495516 (noop ( mark r2 c3 ) ) )
LOG 1641843539589 [L0]: [Sent at 1641843539589] ( mark r3 c4 )
LOG 1641843539691 [L0]: [Received at 1641843539691] ( PLAY 33.quad_7x7.1641843495516 (( mark r3 c4 ) noop ) )
LOG 1641843539692 [L0]: [Sent at 1641843539692] noop
LOG 1641843553726 [L0]: [Received at 1641843553726] ( STOP 33.quad_7x7.1641843495516 (noop ( mark r6 c7 ) ) )
LOG 1641843553727 [L3]: Stopped logging to files at: Mon Jan 10 20:39:13 CET 2022
LOG 1641843553727 [L3]: LOG SEALED
