LOG 1641834348799 [L3]: Returning initial state machine.
LOG 1641834348800 [L3]: Returning PropNet state machine without cache.
LOG 1641834348800 [L3]: Starting metagame with available thinking time 4989ms.
LOG 1641834348803 [L3]: Starting search during metagame.
LOG 1641834353789 [L3]: Done searching during metagame.
LOG 1641834353792 [L3]: Starting move selection for game step 1 with available time 0ms.
LOG 1641834353793 [L3]: No time to select next move using MCTS. Returning random move ( move 5 2 6 3 ).
LOG 1641834353797 [L3]: Starting move selection for game step 2 with available time 0ms.
LOG 1641834353800 [L3]: No time to select next move using MCTS. Returning random move noop.
LOG 1641834353805 [L3]: Starting move selection for game step 3 with available time 0ms.
LOG 1641834353815 [L3]: No time to select next move using MCTS. Returning random move ( move 6 3 5 4 ).
LOG 1641834353819 [L3]: Starting move selection for game step 4 with available time 0ms.
LOG 1641834353826 [L3]: No time to select next move using MCTS. Returning random move noop.
LOG 1641834353852 [L3]: Starting move selection for game step 5 with available time 0ms.
LOG 1641834353852 [L3]: No time to select next move using MCTS. Returning random move ( move 5 4 6 5 ).
LOG 1641834353856 [L3]: Starting move selection for game step 6 with available time 0ms.
LOG 1641834353857 [L3]: No time to select next move using MCTS. Returning random move noop.
LOG 1641834353862 [L3]: Starting move selection for game step 7 with available time 0ms.
LOG 1641834353862 [L3]: No time to select next move using MCTS. Returning random move ( move 6 2 7 3 ).
LOG 1641834353866 [L3]: Starting move selection for game step 8 with available time 0ms.
LOG 1641834353867 [L3]: No time to select next move using MCTS. Returning random move noop.
LOG 1641834353871 [L3]: Starting move selection for game step 9 with available time 0ms.
LOG 1641834353871 [L3]: No time to select next move using MCTS. Returning random move ( move 5 1 6 2 ).
LOG 1641834353875 [L3]: Starting move selection for game step 10 with available time 0ms.
LOG 1641834353875 [L3]: No time to select next move using MCTS. Returning random move noop.
LOG 1641834353882 [L3]: Starting move selection for game step 11 with available time -1ms.
LOG 1641834353882 [L3]: No time to select next move using MCTS. Returning random move ( move 4 1 5 2 ).
LOG 1641834353887 [L3]: Starting move selection for game step 12 with available time 0ms.
LOG 1641834353888 [L3]: No time to select next move using MCTS. Returning random move noop.
LOG 1641834353893 [L3]: Starting move selection for game step 13 with available time 0ms.
LOG 1641834353893 [L3]: No time to select next move using MCTS. Returning random move ( move 5 2 6 3 ).
LOG 1641834353898 [L3]: Starting move selection for game step 14 with available time 0ms.
LOG 1641834353898 [L3]: No time to select next move using MCTS. Returning random move noop.
LOG 1641834353903 [L3]: Starting move selection for game step 15 with available time 0ms.
LOG 1641834353903 [L3]: No time to select next move using MCTS. Returning random move ( move 2 2 2 3 ).
LOG 1641834353908 [L3]: Starting move selection for game step 16 with available time 0ms.
LOG 1641834353908 [L3]: No time to select next move using MCTS. Returning random move noop.
LOG 1641834353913 [L3]: Starting move selection for game step 17 with available time 0ms.
LOG 1641834353913 [L3]: No time to select next move using MCTS. Returning random move ( move 7 3 7 4 ).
LOG 1641834353917 [L3]: Starting move selection for game step 18 with available time 0ms.
LOG 1641834353918 [L3]: No time to select next move using MCTS. Returning random move noop.
LOG 1641834353922 [L3]: Starting move selection for game step 19 with available time 0ms.
LOG 1641834353922 [L3]: No time to select next move using MCTS. Returning random move ( move 6 5 7 6 ).
LOG 1641834353927 [L3]: Starting move selection for game step 20 with available time 0ms.
LOG 1641834353927 [L3]: No time to select next move using MCTS. Returning random move noop.
LOG 1641834353932 [L3]: Starting move selection for game step 21 with available time 0ms.
LOG 1641834353932 [L3]: No time to select next move using MCTS. Returning random move ( move 4 2 4 3 ).
LOG 1641834353936 [L3]: Starting move selection for game step 22 with available time 0ms.
LOG 1641834353936 [L3]: No time to select next move using MCTS. Returning random move noop.
LOG 1641834353940 [L3]: Starting move selection for game step 23 with available time 0ms.
LOG 1641834353940 [L3]: No time to select next move using MCTS. Returning random move ( move 3 2 3 3 ).
LOG 1641834353946 [L3]: Starting move selection for game step 24 with available time 0ms.
LOG 1641834353946 [L3]: No time to select next move using MCTS. Returning random move noop.
LOG 1641834353949 [L3]: Starting move selection for game step 25 with available time 0ms.
LOG 1641834353950 [L3]: No time to select next move using MCTS. Returning random move ( move 8 2 8 3 ).
LOG 1641834353954 [L3]: Starting move selection for game step 26 with available time 0ms.
LOG 1641834353955 [L3]: No time to select next move using MCTS. Returning random move noop.
LOG 1641834353959 [L3]: Starting move selection for game step 27 with available time 0ms.
LOG 1641834353960 [L3]: No time to select next move using MCTS. Returning random move ( move 3 1 2 2 ).
LOG 1641834353964 [L3]: Starting move selection for game step 28 with available time 0ms.
LOG 1641834353964 [L3]: No time to select next move using MCTS. Returning random move noop.
LOG 1641834353968 [L3]: Starting move selection for game step 29 with available time 0ms.
LOG 1641834353968 [L3]: No time to select next move using MCTS. Returning random move ( move 3 3 4 4 ).
LOG 1641834353974 [L3]: Starting move selection for game step 30 with available time 0ms.
LOG 1641834353974 [L3]: No time to select next move using MCTS. Returning random move noop.
LOG 1641834353978 [L3]: Starting move selection for game step 31 with available time 0ms.
LOG 1641834353978 [L3]: No time to select next move using MCTS. Returning random move ( move 7 4 7 5 ).
LOG 1641834353982 [L3]: Starting move selection for game step 32 with available time 0ms.
LOG 1641834353982 [L3]: No time to select next move using MCTS. Returning random move noop.
LOG 1641834353986 [L3]: Starting move selection for game step 33 with available time 0ms.
LOG 1641834353986 [L3]: No time to select next move using MCTS. Returning random move ( move 2 1 3 2 ).
LOG 1641834353990 [L3]: Starting move selection for game step 34 with available time 0ms.
LOG 1641834353990 [L3]: No time to select next move using MCTS. Returning random move noop.
LOG 1641834353994 [L3]: Starting move selection for game step 35 with available time 0ms.
LOG 1641834353994 [L3]: No time to select next move using MCTS. Returning random move ( move 8 1 8 2 ).
LOG 1641834353998 [L3]: Starting move selection for game step 36 with available time 0ms.
LOG 1641834353999 [L3]: No time to select next move using MCTS. Returning random move noop.
LOG 1641834354002 [L3]: Starting move selection for game step 37 with available time 0ms.
LOG 1641834354003 [L3]: No time to select next move using MCTS. Returning random move ( move 2 3 2 4 ).
LOG 1641834354007 [L3]: Starting move selection for game step 38 with available time 0ms.
LOG 1641834354007 [L3]: No time to select next move using MCTS. Returning random move noop.
LOG 1641834354011 [L3]: Starting move selection for game step 39 with available time 0ms.
LOG 1641834354011 [L3]: No time to select next move using MCTS. Returning random move ( move 1 2 1 3 ).
LOG 1641834354015 [L3]: Starting move selection for game step 40 with available time 0ms.
LOG 1641834354015 [L3]: No time to select next move using MCTS. Returning random move noop.
LOG 1641834354019 [L3]: Starting move selection for game step 41 with available time 0ms.
LOG 1641834354019 [L3]: No time to select next move using MCTS. Returning random move ( move 4 3 5 4 ).
LOG 1641834354023 [L3]: Starting move selection for game step 42 with available time 0ms.
LOG 1641834354023 [L3]: No time to select next move using MCTS. Returning random move noop.
LOG 1641834354027 [L3]: Starting move selection for game step 43 with available time 0ms.
LOG 1641834354027 [L3]: No time to select next move using MCTS. Returning random move ( move 7 5 8 6 ).
LOG 1641834354031 [L3]: Starting move selection for game step 44 with available time 0ms.
LOG 1641834354031 [L3]: No time to select next move using MCTS. Returning random move noop.
LOG 1641834354034 [L3]: Starting move selection for game step 45 with available time 0ms.
LOG 1641834354035 [L3]: No time to select next move using MCTS. Returning random move ( move 5 4 6 5 ).
LOG 1641834354038 [L3]: Starting move selection for game step 46 with available time 0ms.
LOG 1641834354038 [L3]: No time to select next move using MCTS. Returning random move noop.
LOG 1641834354043 [L3]: Starting move selection for game step 47 with available time 0ms.
LOG 1641834354043 [L3]: No time to select next move using MCTS. Returning random move ( move 2 4 2 5 ).
LOG 1641834354048 [L3]: Starting move selection for game step 48 with available time 0ms.
LOG 1641834354048 [L3]: No time to select next move using MCTS. Returning random move noop.
LOG 1641834354052 [L3]: Starting move selection for game step 49 with available time 0ms.
LOG 1641834354052 [L3]: No time to select next move using MCTS. Returning random move ( move 6 5 6 6 ).
LOG 1641834354056 [L3]: Starting move selection for game step 50 with available time 0ms.
LOG 1641834354056 [L3]: No time to select next move using MCTS. Returning random move noop.
LOG 1641834354060 [L3]: Starting move selection for game step 51 with available time 0ms.
LOG 1641834354061 [L3]: No time to select next move using MCTS. Returning random move ( move 8 3 8 4 ).
LOG 1641834354065 [L3]: Starting move selection for game step 52 with available time 0ms.
LOG 1641834354065 [L3]: No time to select next move using MCTS. Returning random move noop.
LOG 1641834354069 [L3]: Starting move selection for game step 53 with available time 0ms.
LOG 1641834354069 [L3]: No time to select next move using MCTS. Returning random move ( move 2 2 3 3 ).
LOG 1641834354073 [L3]: Starting move selection for game step 54 with available time 0ms.
LOG 1641834354073 [L3]: No time to select next move using MCTS. Returning random move noop.
LOG 1641834354077 [L3]: Starting move selection for game step 55 with available time 0ms.
LOG 1641834354077 [L3]: No time to select next move using MCTS. Returning random move ( move 2 5 3 6 ).
LOG 1641834354081 [L3]: Starting move selection for game step 56 with available time 0ms.
LOG 1641834354081 [L3]: No time to select next move using MCTS. Returning random move noop.
LOG 1641834354085 [L3]: Starting move selection for game step 57 with available time 0ms.
LOG 1641834354085 [L3]: No time to select next move using MCTS. Returning random move ( move 3 6 2 7 ).
LOG 1641834354088 [L3]: Starting move selection for game step 58 with available time 0ms.
LOG 1641834354089 [L3]: No time to select next move using MCTS. Returning random move noop.
LOG 1641834354092 [L3]: Starting move selection for game step 59 with available time 0ms.
LOG 1641834354093 [L3]: No time to select next move using MCTS. Returning random move ( move 1 1 2 2 ).
LOG 1641834354096 [L3]: Starting move selection for game step 60 with available time 0ms.
LOG 1641834354097 [L3]: No time to select next move using MCTS. Returning random move noop.
LOG 1641834354102 [L3]: Starting move selection for game step 61 with available time -1ms.
LOG 1641834354102 [L3]: No time to select next move using MCTS. Returning random move ( move 6 6 7 7 ).
LOG 1641834354105 [L3]: Starting move selection for game step 62 with available time 0ms.
LOG 1641834354105 [L3]: No time to select next move using MCTS. Returning random move noop.
LOG 1641834354109 [L3]: Starting move selection for game step 63 with available time 0ms.
LOG 1641834354110 [L3]: No time to select next move using MCTS. Returning random move ( move 3 3 3 4 ).
LOG 1641834354114 [L3]: Starting move selection for game step 64 with available time 0ms.
LOG 1641834354114 [L3]: No time to select next move using MCTS. Returning random move noop.
