LOG 1641840093263 [L3]: Returning initial state machine.
LOG 1641840093264 [L3]: Returning PropNet state machine without cache.
LOG 1641840093265 [L3]: Starting metagame with available thinking time 4987ms.
LOG 1641840093268 [L3]: Starting search during metagame.
LOG 1641840098252 [L3]: Done searching during metagame.
LOG 1641840098256 [L3]: Starting move selection for game step 1 with available time 0ms.
LOG 1641840098256 [L3]: No time to select next move using MCTS. Returning random move noop.
LOG 1641840098259 [L3]: Starting move selection for game step 2 with available time 0ms.
LOG 1641840098260 [L3]: No time to select next move using MCTS. Returning random move ( block r5 c5 ).
LOG 1641840098265 [L3]: Starting move selection for game step 3 with available time 0ms.
LOG 1641840098272 [L3]: No time to select next move using MCTS. Returning random move ( block r3 c4 ).
LOG 1641840098277 [L3]: Starting move selection for game step 4 with available time 0ms.
LOG 1641840098279 [L3]: No time to select next move using MCTS. Returning random move ( block r6 c2 ).
LOG 1641840098286 [L3]: Starting move selection for game step 5 with available time 0ms.
LOG 1641840098286 [L3]: No time to select next move using MCTS. Returning random move ( block r6 c7 ).
LOG 1641840098289 [L3]: Starting move selection for game step 6 with available time 0ms.
LOG 1641840098290 [L3]: No time to select next move using MCTS. Returning random move ( block r1 c2 ).
LOG 1641840098349 [L3]: Starting move selection for game step 7 with available time 0ms.
LOG 1641840098349 [L3]: No time to select next move using MCTS. Returning random move ( mark r5 c1 ).
LOG 1641840098358 [L3]: Starting move selection for game step 8 with available time 0ms.
LOG 1641840098359 [L3]: No time to select next move using MCTS. Returning random move noop.
LOG 1641840098362 [L3]: Starting move selection for game step 9 with available time 0ms.
LOG 1641840098362 [L3]: No time to select next move using MCTS. Returning random move noop.
LOG 1641840098365 [L3]: Starting move selection for game step 10 with available time 0ms.
LOG 1641840098366 [L3]: No time to select next move using MCTS. Returning random move noop.
LOG 1641840098369 [L3]: Starting move selection for game step 11 with available time 0ms.
LOG 1641840098370 [L3]: No time to select next move using MCTS. Returning random move ( mark r2 c4 ).
LOG 1641840098373 [L3]: Starting move selection for game step 12 with available time 0ms.
LOG 1641840098374 [L3]: No time to select next move using MCTS. Returning random move noop.
LOG 1641840098380 [L3]: Starting move selection for game step 13 with available time -1ms.
LOG 1641840098380 [L3]: No time to select next move using MCTS. Returning random move ( mark r3 c5 ).
LOG 1641840098387 [L3]: Starting move selection for game step 14 with available time 0ms.
LOG 1641840098388 [L3]: No time to select next move using MCTS. Returning random move noop.
LOG 1641840098397 [L3]: Starting move selection for game step 15 with available time 0ms.
LOG 1641840098397 [L3]: No time to select next move using MCTS. Returning random move ( mark r5 c6 ).
LOG 1641840098414 [L3]: Starting move selection for game step 16 with available time 0ms.
LOG 1641840098414 [L3]: No time to select next move using MCTS. Returning random move noop.
LOG 1641840098418 [L3]: Starting move selection for game step 17 with available time 0ms.
LOG 1641840098418 [L3]: No time to select next move using MCTS. Returning random move noop.
LOG 1641840098422 [L3]: Starting move selection for game step 18 with available time 0ms.
LOG 1641840098422 [L3]: No time to select next move using MCTS. Returning random move noop.
LOG 1641840098426 [L3]: Starting move selection for game step 19 with available time 0ms.
LOG 1641840098426 [L3]: No time to select next move using MCTS. Returning random move noop.
LOG 1641840098442 [L3]: Starting move selection for game step 20 with available time 0ms.
LOG 1641840098442 [L3]: No time to select next move using MCTS. Returning random move ( mark r3 c3 ).
LOG 1641840098467 [L3]: Starting move selection for game step 21 with available time 0ms.
LOG 1641840098467 [L3]: No time to select next move using MCTS. Returning random move noop.
LOG 1641840098490 [L3]: Starting move selection for game step 22 with available time 0ms.
LOG 1641840098491 [L3]: No time to select next move using MCTS. Returning random move ( mark r6 c4 ).
LOG 1641840098531 [L3]: Starting move selection for game step 23 with available time 0ms.
LOG 1641840098531 [L3]: No time to select next move using MCTS. Returning random move noop.
LOG 1641840098577 [L3]: Starting move selection for game step 24 with available time 0ms.
LOG 1641840098577 [L3]: No time to select next move using MCTS. Returning random move ( mark r1 c3 ).
LOG 1641840098642 [L3]: Starting move selection for game step 25 with available time 0ms.
LOG 1641840098643 [L3]: No time to select next move using MCTS. Returning random move noop.
LOG 1641840098690 [L3]: Starting move selection for game step 26 with available time -1ms.
LOG 1641840098690 [L3]: No time to select next move using MCTS. Returning random move ( mark r2 c6 ).
LOG 1641840098809 [L3]: Starting move selection for game step 27 with available time 0ms.
LOG 1641840098809 [L3]: No time to select next move using MCTS. Returning random move noop.
LOG 1641840098912 [L3]: Starting move selection for game step 28 with available time 0ms.
LOG 1641840098912 [L3]: No time to select next move using MCTS. Returning random move ( mark r4 c4 ).
