LOG 1641836608670 [L3]: Returning initial state machine.
LOG 1641836608671 [L3]: Returning PropNet state machine without cache.
LOG 1641836608671 [L3]: Starting metagame with available thinking time 4991ms.
LOG 1641836608673 [L3]: Starting search during metagame.
LOG 1641836613662 [L3]: Done searching during metagame.
LOG 1641836613665 [L3]: Starting move selection for game step 1 with available time 0ms.
LOG 1641836613666 [L3]: No time to select next move using MCTS. Returning random move noop.
LOG 1641836613669 [L3]: Starting move selection for game step 2 with available time 0ms.
LOG 1641836613672 [L3]: No time to select next move using MCTS. Returning random move ( move 6 7 7 5 ).
LOG 1641836613677 [L3]: Starting move selection for game step 3 with available time 0ms.
LOG 1641836613686 [L3]: No time to select next move using MCTS. Returning random move noop.
LOG 1641836613692 [L3]: Starting move selection for game step 4 with available time 0ms.
LOG 1641836613696 [L3]: No time to select next move using MCTS. Returning random move ( move 4 8 3 6 ).
LOG 1641836613704 [L3]: Starting move selection for game step 5 with available time 0ms.
LOG 1641836613705 [L3]: No time to select next move using MCTS. Returning random move noop.
LOG 1641836613709 [L3]: Starting move selection for game step 6 with available time 0ms.
LOG 1641836613709 [L3]: No time to select next move using MCTS. Returning random move ( move 7 5 5 4 ).
LOG 1641836613713 [L3]: Starting move selection for game step 7 with available time 0ms.
LOG 1641836613713 [L3]: No time to select next move using MCTS. Returning random move noop.
LOG 1641836613717 [L3]: Starting move selection for game step 8 with available time 0ms.
LOG 1641836613717 [L3]: No time to select next move using MCTS. Returning random move ( move 2 7 3 5 ).
LOG 1641836613720 [L3]: Starting move selection for game step 9 with available time 0ms.
LOG 1641836613721 [L3]: No time to select next move using MCTS. Returning random move noop.
LOG 1641836613724 [L3]: Starting move selection for game step 10 with available time 0ms.
LOG 1641836613724 [L3]: No time to select next move using MCTS. Returning random move ( move 3 8 4 6 ).
LOG 1641836613727 [L3]: Starting move selection for game step 11 with available time 0ms.
LOG 1641836613728 [L3]: No time to select next move using MCTS. Returning random move noop.
LOG 1641836613730 [L3]: Starting move selection for game step 12 with available time 0ms.
LOG 1641836613731 [L3]: No time to select next move using MCTS. Returning random move ( move 3 7 2 5 ).
LOG 1641836613735 [L3]: Starting move selection for game step 13 with available time 0ms.
LOG 1641836613735 [L3]: No time to select next move using MCTS. Returning random move noop.
LOG 1641836613738 [L3]: Starting move selection for game step 14 with available time 0ms.
LOG 1641836613739 [L3]: No time to select next move using MCTS. Returning random move ( move 2 5 3 3 ).
LOG 1641836613742 [L3]: Starting move selection for game step 15 with available time 0ms.
LOG 1641836613742 [L3]: No time to select next move using MCTS. Returning random move noop.
LOG 1641836613746 [L3]: Starting move selection for game step 16 with available time 0ms.
LOG 1641836613747 [L3]: No time to select next move using MCTS. Returning random move ( move 7 8 6 6 ).
LOG 1641836613750 [L3]: Starting move selection for game step 17 with available time 0ms.
LOG 1641836613750 [L3]: No time to select next move using MCTS. Returning random move noop.
LOG 1641836613754 [L3]: Starting move selection for game step 18 with available time 0ms.
LOG 1641836613755 [L3]: No time to select next move using MCTS. Returning random move ( move 6 6 5 4 ).
LOG 1641836613757 [L3]: Starting move selection for game step 19 with available time 0ms.
LOG 1641836613758 [L3]: No time to select next move using MCTS. Returning random move noop.
LOG 1641836613761 [L3]: Starting move selection for game step 20 with available time -1ms.
LOG 1641836613761 [L3]: No time to select next move using MCTS. Returning random move ( move 3 6 1 5 ).
LOG 1641836613764 [L3]: Starting move selection for game step 21 with available time 0ms.
LOG 1641836613764 [L3]: No time to select next move using MCTS. Returning random move noop.
LOG 1641836613767 [L3]: Starting move selection for game step 22 with available time 0ms.
LOG 1641836613768 [L3]: No time to select next move using MCTS. Returning random move ( move 1 7 2 5 ).
LOG 1641836613770 [L3]: Starting move selection for game step 23 with available time 0ms.
LOG 1641836613771 [L3]: No time to select next move using MCTS. Returning random move noop.
LOG 1641836613773 [L3]: Starting move selection for game step 24 with available time 0ms.
LOG 1641836613774 [L3]: No time to select next move using MCTS. Returning random move ( move 2 5 4 4 ).
LOG 1641836613777 [L3]: Starting move selection for game step 25 with available time 0ms.
LOG 1641836613777 [L3]: No time to select next move using MCTS. Returning random move noop.
LOG 1641836613780 [L3]: Starting move selection for game step 26 with available time 0ms.
LOG 1641836613781 [L3]: No time to select next move using MCTS. Returning random move ( move 6 8 7 6 ).
LOG 1641836613783 [L3]: Starting move selection for game step 27 with available time 0ms.
LOG 1641836613784 [L3]: No time to select next move using MCTS. Returning random move noop.
