LOG 1641835917131 [L3]: Returning initial state machine.
LOG 1641835917131 [L3]: Returning PropNet state machine without cache.
LOG 1641835917132 [L3]: Starting metagame with available thinking time 4996ms.
LOG 1641835917133 [L3]: Starting search during metagame.
LOG 1641835922128 [L3]: Done searching during metagame.
LOG 1641835922131 [L3]: Starting move selection for game step 1 with available time 0ms.
LOG 1641835922131 [L3]: No time to select next move using MCTS. Returning random move noop.
LOG 1641835922135 [L3]: Starting move selection for game step 2 with available time 0ms.
LOG 1641835922136 [L3]: No time to select next move using MCTS. Returning random move ( move 3 7 5 6 ).
LOG 1641835922144 [L3]: Starting move selection for game step 3 with available time 0ms.
LOG 1641835922151 [L3]: No time to select next move using MCTS. Returning random move noop.
LOG 1641835922158 [L3]: Starting move selection for game step 4 with available time 0ms.
LOG 1641835922160 [L3]: No time to select next move using MCTS. Returning random move ( move 6 7 7 5 ).
LOG 1641835922172 [L3]: Starting move selection for game step 5 with available time 0ms.
LOG 1641835922172 [L3]: No time to select next move using MCTS. Returning random move noop.
LOG 1641835922176 [L3]: Starting move selection for game step 6 with available time 0ms.
LOG 1641835922176 [L3]: No time to select next move using MCTS. Returning random move ( move 6 8 7 6 ).
LOG 1641835922180 [L3]: Starting move selection for game step 7 with available time 0ms.
LOG 1641835922180 [L3]: No time to select next move using MCTS. Returning random move noop.
LOG 1641835922183 [L3]: Starting move selection for game step 8 with available time 0ms.
LOG 1641835922183 [L3]: No time to select next move using MCTS. Returning random move ( move 4 8 3 6 ).
LOG 1641835922187 [L3]: Starting move selection for game step 9 with available time 0ms.
LOG 1641835922187 [L3]: No time to select next move using MCTS. Returning random move noop.
LOG 1641835922190 [L3]: Starting move selection for game step 10 with available time 0ms.
LOG 1641835922190 [L3]: No time to select next move using MCTS. Returning random move ( move 7 8 8 6 ).
LOG 1641835922194 [L3]: Starting move selection for game step 11 with available time 0ms.
LOG 1641835922194 [L3]: No time to select next move using MCTS. Returning random move noop.
LOG 1641835922198 [L3]: Starting move selection for game step 12 with available time 0ms.
LOG 1641835922198 [L3]: No time to select next move using MCTS. Returning random move ( move 5 8 3 7 ).
LOG 1641835922201 [L3]: Starting move selection for game step 13 with available time 0ms.
LOG 1641835922201 [L3]: No time to select next move using MCTS. Returning random move noop.
LOG 1641835922205 [L3]: Starting move selection for game step 14 with available time 0ms.
LOG 1641835922205 [L3]: No time to select next move using MCTS. Returning random move ( move 2 7 3 5 ).
LOG 1641835922208 [L3]: Starting move selection for game step 15 with available time 0ms.
LOG 1641835922208 [L3]: No time to select next move using MCTS. Returning random move noop.
LOG 1641835922213 [L3]: Starting move selection for game step 16 with available time 0ms.
LOG 1641835922213 [L3]: No time to select next move using MCTS. Returning random move ( move 3 5 5 4 ).
LOG 1641835922216 [L3]: Starting move selection for game step 17 with available time 0ms.
LOG 1641835922217 [L3]: No time to select next move using MCTS. Returning random move noop.
LOG 1641835922220 [L3]: Starting move selection for game step 18 with available time 0ms.
LOG 1641835922220 [L3]: No time to select next move using MCTS. Returning random move ( move 4 7 5 5 ).
LOG 1641835922223 [L3]: Starting move selection for game step 19 with available time 0ms.
LOG 1641835922224 [L3]: No time to select next move using MCTS. Returning random move noop.
LOG 1641835922228 [L3]: Starting move selection for game step 20 with available time 0ms.
LOG 1641835922228 [L3]: No time to select next move using MCTS. Returning random move ( move 3 8 2 6 ).
LOG 1641835922231 [L3]: Starting move selection for game step 21 with available time 0ms.
LOG 1641835922232 [L3]: No time to select next move using MCTS. Returning random move noop.
LOG 1641835922235 [L3]: Starting move selection for game step 22 with available time 0ms.
LOG 1641835922235 [L3]: No time to select next move using MCTS. Returning random move ( move 3 7 4 5 ).
LOG 1641835922238 [L3]: Starting move selection for game step 23 with available time 0ms.
LOG 1641835922238 [L3]: No time to select next move using MCTS. Returning random move noop.
LOG 1641835922241 [L3]: Starting move selection for game step 24 with available time 0ms.
LOG 1641835922242 [L3]: No time to select next move using MCTS. Returning random move ( move 2 8 4 7 ).
LOG 1641835922245 [L3]: Starting move selection for game step 25 with available time 0ms.
LOG 1641835922245 [L3]: No time to select next move using MCTS. Returning random move noop.
