LOG 1641916560855 [L3]: Returning initial state machine.
LOG 1641916560855 [L3]: Returning PropNet state machine without cache.
LOG 1641916560856 [L3]: Starting metagame with available thinking time 4990ms.
LOG 1641916560858 [L3]: Starting search during metagame.
LOG 1641916565846 [L3]: Done searching during metagame.
LOG 1641916565854 [L3]: Starting move selection for game step 1 with available time 10000ms.
LOG 1641916565854 [L3]: Selecting move using MCTS.
LOG 1641916575854 [L3]: Returning MCTS move noop.
LOG 1641916575857 [L3]: Starting move selection for game step 2 with available time 10000ms.
LOG 1641916575875 [L3]: Selecting move using MCTS.
LOG 1641916585857 [L3]: Returning MCTS move ( drop 4 ).
LOG 1641916585860 [L3]: Starting move selection for game step 3 with available time 10000ms.
LOG 1641916585892 [L3]: Selecting move using MCTS.
LOG 1641916595860 [L3]: Returning MCTS move noop.
LOG 1641916595869 [L3]: Starting move selection for game step 4 with available time 10000ms.
LOG 1641916595914 [L3]: Selecting move using MCTS.
LOG 1641916605869 [L3]: Returning MCTS move ( drop 3 ).
LOG 1641916605872 [L3]: Starting move selection for game step 5 with available time 10000ms.
LOG 1641916605910 [L3]: Selecting move using MCTS.
LOG 1641916615872 [L3]: Returning MCTS move noop.
LOG 1641916615875 [L3]: Starting move selection for game step 6 with available time 10000ms.
LOG 1641916615915 [L3]: Selecting move using MCTS.
LOG 1641916625875 [L3]: Returning MCTS move ( drop 2 ).
LOG 1641916625878 [L3]: Starting move selection for game step 7 with available time 10000ms.
LOG 1641916625905 [L3]: Selecting move using MCTS.
LOG 1641916635878 [L3]: Returning MCTS move noop.
LOG 1641916635882 [L3]: Starting move selection for game step 8 with available time 10000ms.
LOG 1641916635899 [L3]: Selecting move using MCTS.
LOG 1641916645882 [L3]: Returning MCTS move ( drop 1 ).
