LOG 1641832825437 [L3]: Returning initial state machine.
LOG 1641832825438 [L3]: Returning PropNet state machine without cache.
LOG 1641832825439 [L3]: Starting metagame with available thinking time 4988ms.
LOG 1641832825440 [L3]: Starting search during metagame.
LOG 1641832830427 [L3]: Done searching during metagame.
LOG 1641832830430 [L3]: Starting move selection for game step 1 with available time 0ms.
LOG 1641832830431 [L3]: No time to select next move using MCTS. Returning random move noop.
LOG 1641832830435 [L3]: Starting move selection for game step 2 with available time 0ms.
LOG 1641832830437 [L3]: No time to select next move using MCTS. Returning random move ( drop 6 ).
LOG 1641832830442 [L3]: Starting move selection for game step 3 with available time 0ms.
LOG 1641832830451 [L3]: No time to select next move using MCTS. Returning random move noop.
LOG 1641832830454 [L3]: Starting move selection for game step 4 with available time 0ms.
LOG 1641832830458 [L3]: No time to select next move using MCTS. Returning random move ( drop 1 ).
LOG 1641832830461 [L3]: Starting move selection for game step 5 with available time 0ms.
LOG 1641832830461 [L3]: No time to select next move using MCTS. Returning random move noop.
LOG 1641832830466 [L3]: Starting move selection for game step 6 with available time 0ms.
LOG 1641832830466 [L3]: No time to select next move using MCTS. Returning random move ( drop 1 ).
LOG 1641832830471 [L3]: Starting move selection for game step 7 with available time 0ms.
LOG 1641832830471 [L3]: No time to select next move using MCTS. Returning random move noop.
LOG 1641832830476 [L3]: Starting move selection for game step 8 with available time 0ms.
LOG 1641832830476 [L3]: No time to select next move using MCTS. Returning random move ( drop 4 ).
LOG 1641832830479 [L3]: Starting move selection for game step 9 with available time 0ms.
LOG 1641832830480 [L3]: No time to select next move using MCTS. Returning random move noop.
LOG 1641832830483 [L3]: Starting move selection for game step 10 with available time 0ms.
LOG 1641832830484 [L3]: No time to select next move using MCTS. Returning random move ( drop 7 ).
LOG 1641832830487 [L3]: Starting move selection for game step 11 with available time 0ms.
LOG 1641832830488 [L3]: No time to select next move using MCTS. Returning random move noop.
LOG 1641832830492 [L3]: Starting move selection for game step 12 with available time 0ms.
LOG 1641832830492 [L3]: No time to select next move using MCTS. Returning random move ( drop 2 ).
LOG 1641832830497 [L3]: Starting move selection for game step 13 with available time 0ms.
LOG 1641832830498 [L3]: No time to select next move using MCTS. Returning random move noop.
LOG 1641832830501 [L3]: Starting move selection for game step 14 with available time 0ms.
LOG 1641832830502 [L3]: No time to select next move using MCTS. Returning random move ( drop 5 ).
LOG 1641832830507 [L3]: Starting move selection for game step 15 with available time 0ms.
LOG 1641832830507 [L3]: No time to select next move using MCTS. Returning random move noop.
LOG 1641832830511 [L3]: Starting move selection for game step 16 with available time 0ms.
LOG 1641832830511 [L3]: No time to select next move using MCTS. Returning random move ( drop 7 ).
LOG 1641832830516 [L3]: Starting move selection for game step 17 with available time 0ms.
LOG 1641832830516 [L3]: No time to select next move using MCTS. Returning random move noop.
LOG 1641832830524 [L3]: Starting move selection for game step 18 with available time 0ms.
LOG 1641832830524 [L3]: No time to select next move using MCTS. Returning random move ( drop 6 ).
