LOG 1641833588924 [L3]: Returning initial state machine.
LOG 1641833588924 [L3]: Returning PropNet state machine without cache.
LOG 1641833588925 [L3]: Starting metagame with available thinking time 4988ms.
LOG 1641833588927 [L3]: Starting search during metagame.
LOG 1641833593913 [L3]: Done searching during metagame.
LOG 1641833593916 [L3]: Starting move selection for game step 1 with available time 0ms.
LOG 1641833593916 [L3]: No time to select next move using MCTS. Returning random move noop.
LOG 1641833593919 [L3]: Starting move selection for game step 2 with available time 0ms.
LOG 1641833593921 [L3]: No time to select next move using MCTS. Returning random move ( drop 6 ).
LOG 1641833593930 [L3]: Starting move selection for game step 3 with available time 0ms.
LOG 1641833593938 [L3]: No time to select next move using MCTS. Returning random move noop.
LOG 1641833593944 [L3]: Starting move selection for game step 4 with available time 0ms.
LOG 1641833593947 [L3]: No time to select next move using MCTS. Returning random move ( drop 2 ).
LOG 1641833593958 [L3]: Starting move selection for game step 5 with available time 0ms.
LOG 1641833593958 [L3]: No time to select next move using MCTS. Returning random move noop.
LOG 1641833593962 [L3]: Starting move selection for game step 6 with available time 0ms.
LOG 1641833593962 [L3]: No time to select next move using MCTS. Returning random move ( drop 2 ).
LOG 1641833593965 [L3]: Starting move selection for game step 7 with available time 0ms.
LOG 1641833593966 [L3]: No time to select next move using MCTS. Returning random move noop.
LOG 1641833593969 [L3]: Starting move selection for game step 8 with available time 0ms.
LOG 1641833593970 [L3]: No time to select next move using MCTS. Returning random move ( drop 4 ).
LOG 1641833593973 [L3]: Starting move selection for game step 9 with available time 0ms.
LOG 1641833593973 [L3]: No time to select next move using MCTS. Returning random move noop.
LOG 1641833593977 [L3]: Starting move selection for game step 10 with available time 0ms.
LOG 1641833593977 [L3]: No time to select next move using MCTS. Returning random move ( drop 7 ).
LOG 1641833593982 [L3]: Starting move selection for game step 11 with available time 0ms.
LOG 1641833593983 [L3]: No time to select next move using MCTS. Returning random move noop.
LOG 1641833593986 [L3]: Starting move selection for game step 12 with available time 0ms.
LOG 1641833593987 [L3]: No time to select next move using MCTS. Returning random move ( drop 7 ).
LOG 1641833593991 [L3]: Starting move selection for game step 13 with available time 0ms.
LOG 1641833593991 [L3]: No time to select next move using MCTS. Returning random move noop.
LOG 1641833593995 [L3]: Starting move selection for game step 14 with available time 0ms.
LOG 1641833593995 [L3]: No time to select next move using MCTS. Returning random move ( drop 4 ).
LOG 1641833593999 [L3]: Starting move selection for game step 15 with available time 0ms.
LOG 1641833593999 [L3]: No time to select next move using MCTS. Returning random move noop.
LOG 1641833594002 [L3]: Starting move selection for game step 16 with available time 0ms.
LOG 1641833594003 [L3]: No time to select next move using MCTS. Returning random move ( drop 3 ).
LOG 1641833594008 [L3]: Starting move selection for game step 17 with available time 0ms.
LOG 1641833594008 [L3]: No time to select next move using MCTS. Returning random move noop.
LOG 1641833594012 [L3]: Starting move selection for game step 18 with available time 0ms.
LOG 1641833594012 [L3]: No time to select next move using MCTS. Returning random move ( drop 1 ).
