LOG 1641920202336 [L3]: Returning initial state machine.
LOG 1641920202336 [L3]: Returning PropNet state machine without cache.
LOG 1641920202337 [L3]: Starting metagame with available thinking time 4990ms.
LOG 1641920202338 [L3]: Starting search during metagame.
LOG 1641920207327 [L3]: Done searching during metagame.
LOG 1641920207330 [L3]: Starting move selection for game step 1 with available time 10000ms.
LOG 1641920207331 [L3]: Selecting move using MCTS.
LOG 1641920217330 [L3]: Returning MCTS move noop.
LOG 1641920217334 [L3]: Starting move selection for game step 2 with available time 10000ms.
LOG 1641920217336 [L3]: Selecting move using MCTS.
LOG 1641920227334 [L3]: Returning MCTS move ( move 1 7 1 6 ).
LOG 1641920227338 [L3]: Starting move selection for game step 3 with available time 10000ms.
LOG 1641920227346 [L3]: Selecting move using MCTS.
LOG 1641920237338 [L3]: Returning MCTS move noop.
LOG 1641920237348 [L3]: Starting move selection for game step 4 with available time 10000ms.
LOG 1641920237352 [L3]: Selecting move using MCTS.
LOG 1641920247348 [L3]: Returning MCTS move ( move 6 7 6 6 ).
LOG 1641920247352 [L3]: Starting move selection for game step 5 with available time 10000ms.
LOG 1641920247355 [L3]: Selecting move using MCTS.
LOG 1641920257352 [L3]: Returning MCTS move noop.
LOG 1641920257367 [L3]: Starting move selection for game step 6 with available time 10000ms.
LOG 1641920257370 [L3]: Selecting move using MCTS.
LOG 1641920267367 [L3]: Returning MCTS move ( move 1 8 1 7 ).
LOG 1641920267371 [L3]: Starting move selection for game step 7 with available time 10000ms.
LOG 1641920267374 [L3]: Selecting move using MCTS.
LOG 1641920277371 [L3]: Returning MCTS move noop.
LOG 1641920277375 [L3]: Starting move selection for game step 8 with available time 10000ms.
LOG 1641920277379 [L3]: Selecting move using MCTS.
LOG 1641920287375 [L3]: Returning MCTS move ( move 6 6 6 5 ).
LOG 1641920287379 [L3]: Starting move selection for game step 9 with available time 10000ms.
LOG 1641920287382 [L3]: Selecting move using MCTS.
LOG 1641920297379 [L3]: Returning MCTS move noop.
LOG 1641920297383 [L3]: Starting move selection for game step 10 with available time 10000ms.
LOG 1641920297387 [L3]: Selecting move using MCTS.
LOG 1641920307390 [L3]: Returning MCTS move ( move 6 5 5 4 ).
LOG 1641920307394 [L3]: Starting move selection for game step 11 with available time 10000ms.
LOG 1641920307398 [L3]: Selecting move using MCTS.
LOG 1641920317394 [L3]: Returning MCTS move noop.
LOG 1641920317398 [L3]: Starting move selection for game step 12 with available time 10000ms.
LOG 1641920317402 [L3]: Selecting move using MCTS.
LOG 1641920327398 [L3]: Returning MCTS move ( move 5 4 4 3 ).
LOG 1641920327401 [L3]: Starting move selection for game step 13 with available time 10000ms.
LOG 1641920327405 [L3]: Selecting move using MCTS.
LOG 1641920337401 [L3]: Returning MCTS move noop.
LOG 1641920337406 [L3]: Starting move selection for game step 14 with available time 10000ms.
LOG 1641920337411 [L3]: Selecting move using MCTS.
LOG 1641920347406 [L3]: Returning MCTS move ( move 3 7 3 6 ).
LOG 1641920347410 [L3]: Starting move selection for game step 15 with available time 10000ms.
LOG 1641920347414 [L3]: Selecting move using MCTS.
LOG 1641920357410 [L3]: Returning MCTS move noop.
LOG 1641920357413 [L3]: Starting move selection for game step 16 with available time 10000ms.
LOG 1641920357419 [L3]: Selecting move using MCTS.
LOG 1641920367413 [L3]: Returning MCTS move ( move 4 7 4 6 ).
LOG 1641920367417 [L3]: Starting move selection for game step 17 with available time 10000ms.
LOG 1641920367421 [L3]: Selecting move using MCTS.
LOG 1641920377417 [L3]: Returning MCTS move noop.
LOG 1641920377421 [L3]: Starting move selection for game step 18 with available time 10000ms.
LOG 1641920377426 [L3]: Selecting move using MCTS.
LOG 1641920387421 [L3]: Returning MCTS move ( move 4 6 5 5 ).
LOG 1641920387424 [L3]: Starting move selection for game step 19 with available time 10000ms.
LOG 1641920387429 [L3]: Selecting move using MCTS.
LOG 1641920397424 [L3]: Returning MCTS move noop.
LOG 1641920397428 [L3]: Starting move selection for game step 20 with available time 10000ms.
LOG 1641920397433 [L3]: Selecting move using MCTS.
LOG 1641920407428 [L3]: Returning MCTS move ( move 5 5 4 4 ).
LOG 1641920407431 [L3]: Starting move selection for game step 21 with available time 10000ms.
LOG 1641920407436 [L3]: Selecting move using MCTS.
LOG 1641920417432 [L3]: Returning MCTS move noop.
LOG 1641920417436 [L3]: Starting move selection for game step 22 with available time 10000ms.
LOG 1641920417441 [L3]: Selecting move using MCTS.
LOG 1641920427436 [L3]: Returning MCTS move ( move 4 4 5 3 ).
LOG 1641920427440 [L3]: Starting move selection for game step 23 with available time 10000ms.
LOG 1641920427445 [L3]: Selecting move using MCTS.
LOG 1641920437440 [L3]: Returning MCTS move noop.
LOG 1641920437444 [L3]: Starting move selection for game step 24 with available time 10000ms.
LOG 1641920437450 [L3]: Selecting move using MCTS.
LOG 1641920447444 [L3]: Returning MCTS move ( move 4 3 3 2 ).
LOG 1641920447447 [L3]: Starting move selection for game step 25 with available time 10000ms.
LOG 1641920447453 [L3]: Selecting move using MCTS.
LOG 1641920457447 [L3]: Returning MCTS move noop.
LOG 1641920457452 [L3]: Starting move selection for game step 26 with available time 10000ms.
LOG 1641920457458 [L3]: Selecting move using MCTS.
LOG 1641920467452 [L3]: Returning MCTS move ( move 3 2 2 1 ).
