LOG 1641837101944 [L3]: Returning initial state machine.
LOG 1641837101944 [L3]: Returning PropNet state machine without cache.
LOG 1641837101945 [L3]: Starting metagame with available thinking time 4990ms.
LOG 1641837101947 [L3]: Starting search during metagame.
LOG 1641837107537 [L3]: Done searching during metagame.
LOG 1641837107539 [L3]: Starting move selection for game step 1 with available time 0ms.
LOG 1641837107540 [L3]: No time to select next move using MCTS. Returning random move noop.
LOG 1641837107543 [L3]: Starting move selection for game step 2 with available time 0ms.
LOG 1641837107544 [L3]: No time to select next move using MCTS. Returning random move ( block r3 c2 ).
LOG 1641837107547 [L3]: Starting move selection for game step 3 with available time 0ms.
LOG 1641837107554 [L3]: No time to select next move using MCTS. Returning random move ( block r5 c4 ).
LOG 1641837107557 [L3]: Starting move selection for game step 4 with available time 0ms.
LOG 1641837107557 [L3]: No time to select next move using MCTS. Returning random move ( mark r5 c3 ).
LOG 1641837107561 [L3]: Starting move selection for game step 5 with available time 0ms.
LOG 1641837107561 [L3]: No time to select next move using MCTS. Returning random move noop.
LOG 1641837107564 [L3]: Starting move selection for game step 6 with available time 0ms.
LOG 1641837107564 [L3]: No time to select next move using MCTS. Returning random move noop.
LOG 1641837107568 [L3]: Starting move selection for game step 7 with available time 0ms.
LOG 1641837107568 [L3]: No time to select next move using MCTS. Returning random move ( mark r5 c5 ).
LOG 1641837107573 [L3]: Starting move selection for game step 8 with available time 0ms.
LOG 1641837107573 [L3]: No time to select next move using MCTS. Returning random move noop.
LOG 1641837107578 [L3]: Starting move selection for game step 9 with available time 0ms.
LOG 1641837107578 [L3]: No time to select next move using MCTS. Returning random move ( mark r4 c4 ).
LOG 1641837107588 [L3]: Starting move selection for game step 10 with available time 0ms.
LOG 1641837107589 [L3]: No time to select next move using MCTS. Returning random move noop.
LOG 1641837107592 [L3]: Starting move selection for game step 11 with available time 0ms.
LOG 1641837107592 [L3]: No time to select next move using MCTS. Returning random move noop.
LOG 1641837107595 [L3]: Starting move selection for game step 12 with available time 0ms.
LOG 1641837107596 [L3]: No time to select next move using MCTS. Returning random move noop.
LOG 1641837107607 [L3]: Starting move selection for game step 13 with available time 0ms.
LOG 1641837107607 [L3]: No time to select next move using MCTS. Returning random move ( block r6 c6 ).
LOG 1641837107610 [L3]: Starting move selection for game step 14 with available time 0ms.
LOG 1641837107611 [L3]: No time to select next move using MCTS. Returning random move ( mark r3 c1 ).
LOG 1641837107624 [L3]: Starting move selection for game step 15 with available time 0ms.
LOG 1641837107624 [L3]: No time to select next move using MCTS. Returning random move noop.
LOG 1641837107640 [L3]: Starting move selection for game step 16 with available time 0ms.
LOG 1641837107641 [L3]: No time to select next move using MCTS. Returning random move ( block r7 c3 ).
LOG 1641837107645 [L3]: Starting move selection for game step 17 with available time 0ms.
LOG 1641837107645 [L3]: No time to select next move using MCTS. Returning random move ( block r4 c7 ).
LOG 1641837107649 [L3]: Starting move selection for game step 18 with available time 0ms.
LOG 1641837107650 [L3]: No time to select next move using MCTS. Returning random move ( mark r6 c2 ).
LOG 1641837107667 [L3]: Starting move selection for game step 19 with available time 0ms.
LOG 1641837107667 [L3]: No time to select next move using MCTS. Returning random move noop.
LOG 1641837107691 [L3]: Starting move selection for game step 20 with available time 0ms.
LOG 1641837107692 [L3]: No time to select next move using MCTS. Returning random move ( mark r6 c4 ).
