LOG 1641912902100 [L3]: Returning initial state machine.
LOG 1641912902100 [L3]: Returning PropNet state machine without cache.
LOG 1641912902101 [L3]: Starting metagame with available thinking time 4990ms.
LOG 1641912902102 [L3]: Starting search during metagame.
LOG 1641912907091 [L3]: Done searching during metagame.
LOG 1641912907094 [L3]: Starting move selection for game step 1 with available time 10000ms.
LOG 1641912907094 [L3]: Selecting move using MCTS.
LOG 1641912917094 [L3]: Returning MCTS move noop.
LOG 1641912917097 [L3]: Starting move selection for game step 2 with available time 10000ms.
LOG 1641912917111 [L3]: Selecting move using MCTS.
LOG 1641912927097 [L3]: Returning MCTS move ( drop 3 ).
LOG 1641912927100 [L3]: Starting move selection for game step 3 with available time 10000ms.
LOG 1641912927130 [L3]: Selecting move using MCTS.
LOG 1641912937100 [L3]: Returning MCTS move noop.
LOG 1641912937109 [L3]: Starting move selection for game step 4 with available time 10000ms.
LOG 1641912937150 [L3]: Selecting move using MCTS.
LOG 1641912947109 [L3]: Returning MCTS move ( drop 6 ).
LOG 1641912947112 [L3]: Starting move selection for game step 5 with available time 10000ms.
LOG 1641912947147 [L3]: Selecting move using MCTS.
LOG 1641912957112 [L3]: Returning MCTS move noop.
LOG 1641912957115 [L3]: Starting move selection for game step 6 with available time 10000ms.
LOG 1641912957153 [L3]: Selecting move using MCTS.
LOG 1641912967115 [L3]: Returning MCTS move ( drop 7 ).
LOG 1641912967118 [L3]: Starting move selection for game step 7 with available time 10000ms.
LOG 1641912967153 [L3]: Selecting move using MCTS.
LOG 1641912977118 [L3]: Returning MCTS move noop.
LOG 1641912977123 [L3]: Starting move selection for game step 8 with available time 10000ms.
LOG 1641912977160 [L3]: Selecting move using MCTS.
LOG 1641912987123 [L3]: Returning MCTS move ( drop 4 ).
LOG 1641912987127 [L3]: Starting move selection for game step 9 with available time 10000ms.
LOG 1641912987159 [L3]: Selecting move using MCTS.
LOG 1641912997127 [L3]: Returning MCTS move noop.
LOG 1641912997130 [L3]: Starting move selection for game step 10 with available time 10000ms.
LOG 1641912997169 [L3]: Selecting move using MCTS.
LOG 1641913007130 [L3]: Returning MCTS move ( drop 6 ).
LOG 1641913007140 [L3]: Starting move selection for game step 11 with available time 10000ms.
LOG 1641913007177 [L3]: Selecting move using MCTS.
LOG 1641913017140 [L3]: Returning MCTS move noop.
LOG 1641913017144 [L3]: Starting move selection for game step 12 with available time 10000ms.
LOG 1641913017182 [L3]: Selecting move using MCTS.
LOG 1641913027144 [L3]: Returning MCTS move ( drop 6 ).
LOG 1641913027147 [L3]: Starting move selection for game step 13 with available time 10000ms.
LOG 1641913027185 [L3]: Selecting move using MCTS.
LOG 1641913037147 [L3]: Returning MCTS move noop.
LOG 1641913037151 [L3]: Starting move selection for game step 14 with available time 10000ms.
LOG 1641913037186 [L3]: Selecting move using MCTS.
LOG 1641913047151 [L3]: Returning MCTS move ( drop 6 ).
