LOG 1641833793304 [L3]: Started match logging at: Mon Jan 10 17:56:33 CET 2022
LOG 1641833793304 [L3]: Game rules: [( role white ), ( role red ), ( init ( cell 1 0 dirt ) ), ( init ( cell 2 0 dirt ) ), ( init ( cell 3 0 dirt ) ), ( init ( cell 4 0 dirt ) ), ( init ( cell 5 0 dirt ) ), ( init ( cell 6 0 dirt ) ), ( init ( cell 7 0 dirt ) ), ( init ( cell 1 1 b ) ), ( init ( cell 1 2 b ) ), ( init ( cell 1 3 b ) ), ( init ( cell 1 4 b ) ), ( init ( cell 1 5 b ) ), ( init ( cell 1 6 b ) ), ( init ( cell 2 1 b ) ), ( init ( cell 2 2 b ) ), ( init ( cell 2 3 b ) ), ( init ( cell 2 4 b ) ), ( init ( cell 2 5 b ) ), ( init ( cell 2 6 b ) ), ( init ( cell 3 1 b ) ), ( init ( cell 3 2 b ) ), ( init ( cell 3 3 b ) ), ( init ( cell 3 4 b ) ), ( init ( cell 3 5 b ) ), ( init ( cell 3 6 b ) ), ( init ( cell 4 1 b ) ), ( init ( cell 4 2 b ) ), ( init ( cell 4 3 b ) ), ( init ( cell 4 4 b ) ), ( init ( cell 4 5 b ) ), ( init ( cell 4 6 b ) ), ( init ( cell 5 1 b ) ), ( init ( cell 5 2 b ) ), ( init ( cell 5 3 b ) ), ( init ( cell 5 4 b ) ), ( init ( cell 5 5 b ) ), ( init ( cell 5 6 b ) ), ( init ( cell 6 1 b ) ), ( init ( cell 6 2 b ) ), ( init ( cell 6 3 b ) ), ( init ( cell 6 4 b ) ), ( init ( cell 6 5 b ) ), ( init ( cell 6 6 b ) ), ( init ( cell 7 1 b ) ), ( init ( cell 7 2 b ) ), ( init ( cell 7 3 b ) ), ( init ( cell 7 4 b ) ), ( init ( cell 7 5 b ) ), ( init ( cell 7 6 b ) ), ( init ( control white ) ), ( <= ( empty ?c ?h ) ( true ( cell ?c ?h b ) ) ), ( <= ( filled ?c ?h ) ( true ( cell ?c ?h dirt ) ) ), ( <= ( filled ?c ?h ) ( true ( cell ?c ?h w ) ) ), ( <= ( filled ?c ?h ) ( true ( cell ?c ?h r ) ) ), ( <= ( next ( cell ?c ?h2 w ) ) ( does white ( drop ?c ) ) ( true ( cell ?c ?h2 b ) ) ( filled ?c ?h1 ) ( succ ?h1 ?h2 ) ), ( <= ( next ( cell ?c ?h2 r ) ) ( does red ( drop ?c ) ) ( true ( cell ?c ?h2 b ) ) ( filled ?c ?h1 ) ( succ ?h1 ?h2 ) ), ( <= ( next ( cell ?x ?y ?z ) ) ( true ( cell ?x ?y ?z ) ) ( distinct ?z b ) ), ( <= ( next ( cell ?c2 ?y b ) ) ( does ?w ( drop ?c1 ) ) ( true ( cell ?c2 ?y b ) ) ( distinct ?c1 ?c2 ) ), ( <= ( next ( cell ?c ?y2 b ) ) ( true ( cell ?c ?y1 b ) ) ( distinct ?y1 6 ) ( succ ?y1 ?y2 ) ), ( <= ( next ( control white ) ) ( true ( control red ) ) ), ( <= ( next ( control red ) ) ( true ( control white ) ) ), ( <= ( row ?z ) ( true ( cell ?x1 ?y ?z ) ) ( distinct ?z b ) ( distinct ?z dirt ) ( succ ?x1 ?x2 ) ( true ( cell ?x2 ?y ?z ) ) ( succ ?x2 ?x3 ) ( true ( cell ?x3 ?y ?z ) ) ( succ ?x3 ?x4 ) ( true ( cell ?x4 ?y ?z ) ) ), ( <= ( column ?z ) ( true ( cell ?x ?y1 ?z ) ) ( distinct ?z b ) ( succ ?y1 ?y2 ) ( true ( cell ?x ?y2 ?z ) ) ( succ ?y2 ?y3 ) ( true ( cell ?x ?y3 ?z ) ) ( succ ?y3 ?y4 ) ( true ( cell ?x ?y4 ?z ) ) ), ( <= ( diag ?z ) ( true ( cell ?x1 ?y1 ?z ) ) ( distinct ?z b ) ( succ ?x1 ?x2 ) ( succ ?y1 ?y2 ) ( true ( cell ?x2 ?y2 ?z ) ) ( succ ?x2 ?x3 ) ( succ ?y2 ?y3 ) ( true ( cell ?x3 ?y3 ?z ) ) ( succ ?x3 ?x4 ) ( succ ?y3 ?y4 ) ( true ( cell ?x4 ?y4 ?z ) ) ), ( <= ( diag ?z ) ( true ( cell ?x1 ?y1 ?z ) ) ( distinct ?z b ) ( succ ?x1 ?x2 ) ( succ ?y2 ?y1 ) ( true ( cell ?x2 ?y2 ?z ) ) ( succ ?x2 ?x3 ) ( succ ?y3 ?y2 ) ( true ( cell ?x3 ?y3 ?z ) ) ( succ ?x3 ?x4 ) ( succ ?y4 ?y3 ) ( true ( cell ?x4 ?y4 ?z ) ) ), ( <= ( line ?x ) ( row ?x ) ), ( <= ( line ?x ) ( column ?x ) ), ( <= ( line ?x ) ( diag ?x ) ), ( <= open ( empty ?c ?h ) ), ( <= terminal ( line r ) ), ( <= terminal ( line w ) ), ( <= terminal ( not open ) ), ( <= ( legal ?w ( drop ?c ) ) ( true ( cell ?c ?y2 b ) ) ( filled ?c ?y1 ) ( succ ?y1 ?y2 ) ( true ( control ?w ) ) ), ( <= ( legal white noop ) ( true ( control red ) ) ), ( <= ( legal red noop ) ( true ( control white ) ) ), ( <= ( goal white 100 ) ( line w ) ), ( <= ( goal white 50 ) ( not ( line r ) ) ( not ( line w ) ) ( not open ) ), ( <= ( goal white 0 ) ( line r ) ), ( <= ( goal red 100 ) ( line r ) ), ( <= ( goal red 50 ) ( not ( line r ) ) ( not ( line w ) ) ( not open ) ), ( <= ( goal red 0 ) ( line w ) ), ( <= ( goal ?w 70 ) ( role ?w ) ( not ( line r ) ) ( not ( line w ) ) open ), ( <= ( lte 0 ?x ) ( number ?x ) ), ( <= ( lte ?x ?x ) ( number ?x ) ), ( <= ( lte ?x ?z ) ( succ ?y ?z ) ( lte ?x ?y ) ), ( <= ( lte ?x ?y ) ( succ ?x ?y ) ), ( number 0 ), ( number 1 ), ( number 2 ), ( number 3 ), ( number 4 ), ( number 5 ), ( number 6 ), ( number 7 ), ( number 8 ), ( succ 0 1 ), ( succ 1 2 ), ( succ 2 3 ), ( succ 3 4 ), ( succ 4 5 ), ( succ 5 6 ), ( succ 6 7 ), ( succ 7 8 )]
LOG 1641833793311 [L3]: Start clock: 15
LOG 1641833793312 [L3]: Play clock: 10
LOG 1641833798304 [L0]: [Sent at 1641833798304] ready
LOG 1641833798306 [L0]: [Received at 1641833798306] ( PLAY 25.connect4.1641833793240 NIL )
LOG 1641833798307 [L0]: [Sent at 1641833798307] noop
LOG 1641833798309 [L0]: [Received at 1641833798309] ( PLAY 25.connect4.1641833793240 (( drop 1 ) noop ) )
LOG 1641833798316 [L0]: [Sent at 1641833798316] ( drop 2 )
LOG 1641833798318 [L0]: [Received at 1641833798318] ( PLAY 25.connect4.1641833793240 (noop ( drop 2 ) ) )
LOG 1641833798330 [L0]: [Sent at 1641833798330] noop
LOG 1641833798332 [L0]: [Received at 1641833798332] ( PLAY 25.connect4.1641833793240 (( drop 3 ) noop ) )
LOG 1641833798342 [L0]: [Sent at 1641833798342] ( drop 1 )
LOG 1641833798344 [L0]: [Received at 1641833798344] ( PLAY 25.connect4.1641833793240 (noop ( drop 1 ) ) )
LOG 1641833798345 [L0]: [Sent at 1641833798345] noop
LOG 1641833798347 [L0]: [Received at 1641833798347] ( PLAY 25.connect4.1641833793240 (( drop 1 ) noop ) )
LOG 1641833798348 [L0]: [Sent at 1641833798348] ( drop 1 )
LOG 1641833798351 [L0]: [Received at 1641833798351] ( PLAY 25.connect4.1641833793240 (noop ( drop 1 ) ) )
LOG 1641833798353 [L0]: [Sent at 1641833798353] noop
LOG 1641833798355 [L0]: [Received at 1641833798355] ( PLAY 25.connect4.1641833793240 (( drop 3 ) noop ) )
LOG 1641833798356 [L0]: [Sent at 1641833798356] ( drop 2 )
LOG 1641833798358 [L0]: [Received at 1641833798358] ( PLAY 25.connect4.1641833793240 (noop ( drop 2 ) ) )
LOG 1641833798359 [L0]: [Sent at 1641833798359] noop
LOG 1641833798362 [L0]: [Received at 1641833798362] ( PLAY 25.connect4.1641833793240 (( drop 2 ) noop ) )
LOG 1641833798363 [L0]: [Sent at 1641833798363] ( drop 5 )
LOG 1641833798365 [L0]: [Received at 1641833798365] ( PLAY 25.connect4.1641833793240 (noop ( drop 5 ) ) )
LOG 1641833798366 [L0]: [Sent at 1641833798366] noop
LOG 1641833798369 [L0]: [Received at 1641833798369] ( PLAY 25.connect4.1641833793240 (( drop 7 ) noop ) )
LOG 1641833798370 [L0]: [Sent at 1641833798370] ( drop 6 )
LOG 1641833798372 [L0]: [Received at 1641833798372] ( PLAY 25.connect4.1641833793240 (noop ( drop 6 ) ) )
LOG 1641833798374 [L0]: [Sent at 1641833798374] noop
LOG 1641833798377 [L0]: [Received at 1641833798377] ( PLAY 25.connect4.1641833793240 (( drop 7 ) noop ) )
LOG 1641833798378 [L0]: [Sent at 1641833798378] ( drop 6 )
LOG 1641833798380 [L0]: [Received at 1641833798380] ( PLAY 25.connect4.1641833793240 (noop ( drop 6 ) ) )
LOG 1641833798381 [L0]: [Sent at 1641833798381] noop
LOG 1641833798383 [L0]: [Received at 1641833798383] ( PLAY 25.connect4.1641833793240 (( drop 6 ) noop ) )
LOG 1641833798385 [L0]: [Sent at 1641833798385] ( drop 5 )
LOG 1641833798387 [L0]: [Received at 1641833798387] ( PLAY 25.connect4.1641833793240 (noop ( drop 5 ) ) )
LOG 1641833798388 [L0]: [Sent at 1641833798388] noop
LOG 1641833798391 [L0]: [Received at 1641833798391] ( PLAY 25.connect4.1641833793240 (( drop 5 ) noop ) )
LOG 1641833798392 [L0]: [Sent at 1641833798392] ( drop 6 )
LOG 1641833798395 [L0]: [Received at 1641833798395] ( PLAY 25.connect4.1641833793240 (noop ( drop 6 ) ) )
LOG 1641833798396 [L0]: [Sent at 1641833798396] noop
LOG 1641833798399 [L0]: [Received at 1641833798399] ( PLAY 25.connect4.1641833793240 (( drop 2 ) noop ) )
LOG 1641833798400 [L0]: [Sent at 1641833798400] ( drop 4 )
LOG 1641833798402 [L0]: [Received at 1641833798402] ( PLAY 25.connect4.1641833793240 (noop ( drop 4 ) ) )
LOG 1641833798403 [L0]: [Sent at 1641833798403] noop
LOG 1641833798405 [L0]: [Received at 1641833798405] ( PLAY 25.connect4.1641833793240 (( drop 1 ) noop ) )
LOG 1641833798406 [L0]: [Sent at 1641833798406] ( drop 2 )
LOG 1641833798410 [L0]: [Received at 1641833798410] ( PLAY 25.connect4.1641833793240 (noop ( drop 2 ) ) )
LOG 1641833798412 [L0]: [Sent at 1641833798412] noop
LOG 1641833798416 [L0]: [Received at 1641833798416] ( PLAY 25.connect4.1641833793240 (( drop 7 ) noop ) )
LOG 1641833798417 [L0]: [Sent at 1641833798417] ( drop 7 )
LOG 1641833798420 [L0]: [Received at 1641833798420] ( PLAY 25.connect4.1641833793240 (noop ( drop 7 ) ) )
LOG 1641833798421 [L0]: [Sent at 1641833798421] noop
LOG 1641833798424 [L0]: [Received at 1641833798424] ( PLAY 25.connect4.1641833793240 (( drop 6 ) noop ) )
LOG 1641833798425 [L0]: [Sent at 1641833798425] ( drop 7 )
LOG 1641833798428 [L0]: [Received at 1641833798428] ( PLAY 25.connect4.1641833793240 (noop ( drop 7 ) ) )
LOG 1641833798429 [L0]: [Sent at 1641833798429] noop
LOG 1641833798431 [L0]: [Received at 1641833798431] ( PLAY 25.connect4.1641833793240 (( drop 1 ) noop ) )
LOG 1641833798433 [L0]: [Sent at 1641833798433] ( drop 3 )
LOG 1641833798437 [L0]: [Received at 1641833798437] ( PLAY 25.connect4.1641833793240 (noop ( drop 3 ) ) )
LOG 1641833798438 [L0]: [Sent at 1641833798438] noop
LOG 1641833798442 [L0]: [Received at 1641833798442] ( PLAY 25.connect4.1641833793240 (( drop 4 ) noop ) )
LOG 1641833798443 [L0]: [Sent at 1641833798443] ( drop 3 )
LOG 1641833798446 [L0]: [Received at 1641833798446] ( PLAY 25.connect4.1641833793240 (noop ( drop 3 ) ) )
LOG 1641833798447 [L0]: [Sent at 1641833798447] noop
LOG 1641833798449 [L0]: [Received at 1641833798449] ( PLAY 25.connect4.1641833793240 (( drop 5 ) noop ) )
LOG 1641833798451 [L0]: [Sent at 1641833798451] ( drop 5 )
LOG 1641833798454 [L0]: [Received at 1641833798454] ( PLAY 25.connect4.1641833793240 (noop ( drop 5 ) ) )
LOG 1641833798455 [L0]: [Sent at 1641833798455] noop
LOG 1641833798459 [L0]: [Received at 1641833798459] ( PLAY 25.connect4.1641833793240 (( drop 7 ) noop ) )
LOG 1641833798460 [L0]: [Sent at 1641833798460] ( drop 5 )
LOG 1641833798465 [L0]: [Received at 1641833798465] ( PLAY 25.connect4.1641833793240 (noop ( drop 5 ) ) )
LOG 1641833798466 [L0]: [Sent at 1641833798466] noop
LOG 1641833798479 [L0]: [Received at 1641833798479] ( PLAY 25.connect4.1641833793240 (( drop 6 ) noop ) )
LOG 1641833798480 [L0]: [Sent at 1641833798480] ( drop 4 )
LOG 1641833798486 [L0]: [Received at 1641833798486] ( STOP 25.connect4.1641833793240 (noop ( drop 4 ) ) )
LOG 1641833798487 [L3]: Stopped logging to files at: Mon Jan 10 17:56:38 CET 2022
LOG 1641833798487 [L3]: LOG SEALED
