LOG 1641840153611 [L3]: Returning initial state machine.
LOG 1641840153611 [L3]: Returning PropNet state machine without cache.
LOG 1641840153613 [L3]: Starting metagame with available thinking time 4988ms.
LOG 1641840153615 [L3]: Starting search during metagame.
LOG 1641840158601 [L3]: Done searching during metagame.
LOG 1641840158603 [L3]: Starting move selection for game step 1 with available time 0ms.
LOG 1641840158604 [L3]: No time to select next move using MCTS. Returning random move noop.
LOG 1641840158607 [L3]: Starting move selection for game step 2 with available time 0ms.
LOG 1641840158607 [L3]: No time to select next move using MCTS. Returning random move noop.
LOG 1641840158612 [L3]: Starting move selection for game step 3 with available time 0ms.
LOG 1641840158619 [L3]: No time to select next move using MCTS. Returning random move ( mark r6 c7 ).
LOG 1641840158623 [L3]: Starting move selection for game step 4 with available time 0ms.
LOG 1641840158624 [L3]: No time to select next move using MCTS. Returning random move noop.
LOG 1641840158630 [L3]: Starting move selection for game step 5 with available time 0ms.
LOG 1641840158630 [L3]: No time to select next move using MCTS. Returning random move ( mark r3 c1 ).
LOG 1641840158634 [L3]: Starting move selection for game step 6 with available time 0ms.
LOG 1641840158635 [L3]: No time to select next move using MCTS. Returning random move noop.
LOG 1641840158643 [L3]: Starting move selection for game step 7 with available time 0ms.
LOG 1641840158643 [L3]: No time to select next move using MCTS. Returning random move ( block r5 c5 ).
LOG 1641840158646 [L3]: Starting move selection for game step 8 with available time 0ms.
LOG 1641840158647 [L3]: No time to select next move using MCTS. Returning random move ( mark r4 c5 ).
LOG 1641840158653 [L3]: Starting move selection for game step 9 with available time 0ms.
LOG 1641840158653 [L3]: No time to select next move using MCTS. Returning random move noop.
LOG 1641840158672 [L3]: Starting move selection for game step 10 with available time 0ms.
LOG 1641840158672 [L3]: No time to select next move using MCTS. Returning random move ( mark r3 c7 ).
LOG 1641840158689 [L3]: Starting move selection for game step 11 with available time 0ms.
LOG 1641840158690 [L3]: No time to select next move using MCTS. Returning random move noop.
LOG 1641840158693 [L3]: Starting move selection for game step 12 with available time 0ms.
LOG 1641840158694 [L3]: No time to select next move using MCTS. Returning random move noop.
LOG 1641840158697 [L3]: Starting move selection for game step 13 with available time 0ms.
LOG 1641840158698 [L3]: No time to select next move using MCTS. Returning random move noop.
LOG 1641840158701 [L3]: Starting move selection for game step 14 with available time 0ms.
LOG 1641840158701 [L3]: No time to select next move using MCTS. Returning random move noop.
LOG 1641840158719 [L3]: Starting move selection for game step 15 with available time 0ms.
LOG 1641840158720 [L3]: No time to select next move using MCTS. Returning random move ( mark r3 c3 ).
LOG 1641840158744 [L3]: Starting move selection for game step 16 with available time 0ms.
LOG 1641840158744 [L3]: No time to select next move using MCTS. Returning random move noop.
LOG 1641840158780 [L3]: Starting move selection for game step 17 with available time 0ms.
LOG 1641840158781 [L3]: No time to select next move using MCTS. Returning random move ( block r2 c7 ).
LOG 1641840158787 [L3]: Starting move selection for game step 18 with available time 0ms.
LOG 1641840158787 [L3]: No time to select next move using MCTS. Returning random move ( mark r1 c6 ).
LOG 1641840158838 [L3]: Starting move selection for game step 19 with available time 0ms.
LOG 1641840158839 [L3]: No time to select next move using MCTS. Returning random move noop.
LOG 1641840158877 [L3]: Starting move selection for game step 20 with available time 0ms.
LOG 1641840158877 [L3]: No time to select next move using MCTS. Returning random move ( block r5 c6 ).
LOG 1641840158886 [L3]: Starting move selection for game step 21 with available time 0ms.
LOG 1641840158887 [L3]: No time to select next move using MCTS. Returning random move ( mark r1 c2 ).
LOG 1641840158951 [L3]: Starting move selection for game step 22 with available time 0ms.
LOG 1641840158951 [L3]: No time to select next move using MCTS. Returning random move noop.
LOG 1641840159049 [L3]: Starting move selection for game step 23 with available time 0ms.
LOG 1641840159049 [L3]: No time to select next move using MCTS. Returning random move ( block r5 c4 ).
LOG 1641840159061 [L3]: Starting move selection for game step 24 with available time 0ms.
LOG 1641840159061 [L3]: No time to select next move using MCTS. Returning random move ( mark r3 c6 ).
LOG 1641840159189 [L3]: Starting move selection for game step 25 with available time 0ms.
LOG 1641840159189 [L3]: No time to select next move using MCTS. Returning random move noop.
LOG 1641840159203 [L3]: Starting move selection for game step 26 with available time 0ms.
LOG 1641840159203 [L3]: No time to select next move using MCTS. Returning random move noop.
LOG 1641840159291 [L3]: Starting move selection for game step 27 with available time 0ms.
LOG 1641840159292 [L3]: No time to select next move using MCTS. Returning random move ( mark r3 c4 ).
LOG 1641840159493 [L3]: Starting move selection for game step 28 with available time 0ms.
LOG 1641840159494 [L3]: No time to select next move using MCTS. Returning random move noop.
LOG 1641840159672 [L3]: Starting move selection for game step 29 with available time 0ms.
LOG 1641840159672 [L3]: No time to select next move using MCTS. Returning random move ( mark r4 c1 ).
LOG 1641840159840 [L3]: Starting move selection for game step 30 with available time 0ms.
LOG 1641840159840 [L3]: No time to select next move using MCTS. Returning random move noop.
LOG 1641840160108 [L3]: Starting move selection for game step 31 with available time 0ms.
LOG 1641840160108 [L3]: No time to select next move using MCTS. Returning random move ( block r2 c5 ).
LOG 1641840160143 [L3]: Starting move selection for game step 32 with available time 0ms.
LOG 1641840160143 [L3]: No time to select next move using MCTS. Returning random move ( mark r3 c2 ).
LOG 1641840160399 [L3]: Starting move selection for game step 33 with available time 0ms.
LOG 1641840160399 [L3]: No time to select next move using MCTS. Returning random move noop.
LOG 1641840160707 [L3]: Starting move selection for game step 34 with available time 0ms.
LOG 1641840160708 [L3]: No time to select next move using MCTS. Returning random move ( mark r5 c3 ).
