LOG 1641847046231 [L9]: <ERR> (in MoveSelector) AdaptivePlayoutMoveSelector - Error creating probability distribution when selecting a move in the playout!
LOG 1641847046239 [L9]: <ERR> (in GamePlayer) java.lang.RuntimeException: org.apache.commons.math3.exception.NotANumberException: NaN is not allowed
	at org.ggp.base.player.gamer.statemachine.MCTS.manager.hybrid.strategies.playout.moveselector.GibbsAdaptivePlayoutMoveSelector.getMoveFromDistribution(GibbsAdaptivePlayoutMoveSelector.java:93)
	at org.ggp.base.player.gamer.statemachine.MCTS.manager.hybrid.strategies.playout.moveselector.GibbsAdaptivePlayoutMoveSelector.getMoveForRole(GibbsAdaptivePlayoutMoveSelector.java:63)
	at org.ggp.base.player.gamer.statemachine.MCTS.manager.hybrid.strategies.playout.StandardPlayout.getMoveForRole(StandardPlayout.java:179)
	at org.ggp.base.player.gamer.statemachine.MCTS.manager.hybrid.strategies.playout.PlayoutStrategy.getJointMove(PlayoutStrategy.java:95)
	at org.ggp.base.player.gamer.statemachine.MCTS.manager.hybrid.strategies.playout.MovesAndSiblingsMemorizingStandardPlayout.singlePlayout(MovesAndSiblingsMemorizingStandardPlayout.java:79)
	at org.ggp.base.player.gamer.statemachine.MCTS.manager.hybrid.strategies.playout.StandardPlayout.playout(StandardPlayout.java:90)
	at org.ggp.base.player.gamer.statemachine.MCTS.manager.hybrid.HybridMctsManager.searchNext(HybridMctsManager.java:1245)
	at org.ggp.base.player.gamer.statemachine.MCTS.manager.hybrid.HybridMctsManager.searchNext(HybridMctsManager.java:1288)
	at org.ggp.base.player.gamer.statemachine.MCTS.manager.hybrid.HybridMctsManager.searchNext(HybridMctsManager.java:1288)
	at org.ggp.base.player.gamer.statemachine.MCTS.manager.hybrid.HybridMctsManager.searchNext(HybridMctsManager.java:1288)
	at org.ggp.base.player.gamer.statemachine.MCTS.manager.hybrid.HybridMctsManager.searchNext(HybridMctsManager.java:1288)
	at org.ggp.base.player.gamer.statemachine.MCTS.manager.hybrid.HybridMctsManager.searchNext(HybridMctsManager.java:1288)
	at org.ggp.base.player.gamer.statemachine.MCTS.manager.hybrid.HybridMctsManager.performSearch(HybridMctsManager.java:857)
	at org.ggp.base.player.gamer.statemachine.MCTS.manager.hybrid.HybridMctsManager.search(HybridMctsManager.java:774)
	at org.ggp.base.player.gamer.statemachine.MCTS.MctsGamer.stateMachineSelectMove(MctsGamer.java:256)
	at org.ggp.base.player.gamer.statemachine.StateMachineGamer.selectMove(StateMachineGamer.java:280)
	at org.ggp.base.player.request.grammar.PlayRequest.process(PlayRequest.java:49)
	at org.ggp.base.player.GamePlayer.run(GamePlayer.java:162)
Caused by: org.apache.commons.math3.exception.NotANumberException: NaN is not allowed
	at org.apache.commons.math3.distribution.EnumeratedDistribution.<init>(EnumeratedDistribution.java:134)
	at org.apache.commons.math3.distribution.EnumeratedDistribution.<init>(EnumeratedDistribution.java:101)
	at org.ggp.base.player.gamer.statemachine.MCTS.manager.hybrid.strategies.playout.moveselector.GibbsAdaptivePlayoutMoveSelector.getMoveFromDistribution(GibbsAdaptivePlayoutMoveSelector.java:86)
	... 17 more
LOG 1641847046240 [L9]: <ERR> (in GamePlayer) An unhandled exception ocurred during move selection: org.ggp.base.player.gamer.exception.MoveSelectionException: java.lang.RuntimeException: org.apache.commons.math3.exception.NotANumberException: NaN is not allowed
	at org.ggp.base.player.gamer.statemachine.StateMachineGamer.selectMove(StateMachineGamer.java:285)
	at org.ggp.base.player.request.grammar.PlayRequest.process(PlayRequest.java:49)
	at org.ggp.base.player.GamePlayer.run(GamePlayer.java:162)
Caused by: java.lang.RuntimeException: org.apache.commons.math3.exception.NotANumberException: NaN is not allowed
	at org.ggp.base.player.gamer.statemachine.MCTS.manager.hybrid.strategies.playout.moveselector.GibbsAdaptivePlayoutMoveSelector.getMoveFromDistribution(GibbsAdaptivePlayoutMoveSelector.java:93)
	at org.ggp.base.player.gamer.statemachine.MCTS.manager.hybrid.strategies.playout.moveselector.GibbsAdaptivePlayoutMoveSelector.getMoveForRole(GibbsAdaptivePlayoutMoveSelector.java:63)
	at org.ggp.base.player.gamer.statemachine.MCTS.manager.hybrid.strategies.playout.StandardPlayout.getMoveForRole(StandardPlayout.java:179)
	at org.ggp.base.player.gamer.statemachine.MCTS.manager.hybrid.strategies.playout.PlayoutStrategy.getJointMove(PlayoutStrategy.java:95)
	at org.ggp.base.player.gamer.statemachine.MCTS.manager.hybrid.strategies.playout.MovesAndSiblingsMemorizingStandardPlayout.singlePlayout(MovesAndSiblingsMemorizingStandardPlayout.java:79)
	at org.ggp.base.player.gamer.statemachine.MCTS.manager.hybrid.strategies.playout.StandardPlayout.playout(StandardPlayout.java:90)
	at org.ggp.base.player.gamer.statemachine.MCTS.manager.hybrid.HybridMctsManager.searchNext(HybridMctsManager.java:1245)
	at org.ggp.base.player.gamer.statemachine.MCTS.manager.hybrid.HybridMctsManager.searchNext(HybridMctsManager.java:1288)
	at org.ggp.base.player.gamer.statemachine.MCTS.manager.hybrid.HybridMctsManager.searchNext(HybridMctsManager.java:1288)
	at org.ggp.base.player.gamer.statemachine.MCTS.manager.hybrid.HybridMctsManager.searchNext(HybridMctsManager.java:1288)
	at org.ggp.base.player.gamer.statemachine.MCTS.manager.hybrid.HybridMctsManager.searchNext(HybridMctsManager.java:1288)
	at org.ggp.base.player.gamer.statemachine.MCTS.manager.hybrid.HybridMctsManager.searchNext(HybridMctsManager.java:1288)
	at org.ggp.base.player.gamer.statemachine.MCTS.manager.hybrid.HybridMctsManager.performSearch(HybridMctsManager.java:857)
	at org.ggp.base.player.gamer.statemachine.MCTS.manager.hybrid.HybridMctsManager.search(HybridMctsManager.java:774)
	at org.ggp.base.player.gamer.statemachine.MCTS.MctsGamer.stateMachineSelectMove(MctsGamer.java:256)
	at org.ggp.base.player.gamer.statemachine.StateMachineGamer.selectMove(StateMachineGamer.java:280)
	... 2 more
Caused by: org.apache.commons.math3.exception.NotANumberException: NaN is not allowed
	at org.apache.commons.math3.distribution.EnumeratedDistribution.<init>(EnumeratedDistribution.java:134)
	at org.apache.commons.math3.distribution.EnumeratedDistribution.<init>(EnumeratedDistribution.java:101)
	at org.ggp.base.player.gamer.statemachine.MCTS.manager.hybrid.strategies.playout.moveselector.GibbsAdaptivePlayoutMoveSelector.getMoveFromDistribution(GibbsAdaptivePlayoutMoveSelector.java:86)
	... 17 more
LOG 1641847055308 [L9]: <ERR> (in MoveSelector) AdaptivePlayoutMoveSelector - Error creating probability distribution when selecting a move in the playout!
LOG 1641847055308 [L9]: <ERR> (in GamePlayer) java.lang.RuntimeException: org.apache.commons.math3.exception.NotANumberException: NaN is not allowed
	at org.ggp.base.player.gamer.statemachine.MCTS.manager.hybrid.strategies.playout.moveselector.GibbsAdaptivePlayoutMoveSelector.getMoveFromDistribution(GibbsAdaptivePlayoutMoveSelector.java:93)
	at org.ggp.base.player.gamer.statemachine.MCTS.manager.hybrid.strategies.playout.moveselector.GibbsAdaptivePlayoutMoveSelector.getMoveForRole(GibbsAdaptivePlayoutMoveSelector.java:63)
	at org.ggp.base.player.gamer.statemachine.MCTS.manager.hybrid.strategies.playout.StandardPlayout.getMoveForRole(StandardPlayout.java:179)
	at org.ggp.base.player.gamer.statemachine.MCTS.manager.hybrid.strategies.playout.PlayoutStrategy.getJointMove(PlayoutStrategy.java:95)
	at org.ggp.base.player.gamer.statemachine.MCTS.manager.hybrid.strategies.playout.MovesAndSiblingsMemorizingStandardPlayout.singlePlayout(MovesAndSiblingsMemorizingStandardPlayout.java:79)
	at org.ggp.base.player.gamer.statemachine.MCTS.manager.hybrid.strategies.playout.StandardPlayout.playout(StandardPlayout.java:90)
	at org.ggp.base.player.gamer.statemachine.MCTS.manager.hybrid.HybridMctsManager.searchNext(HybridMctsManager.java:1245)
	at org.ggp.base.player.gamer.statemachine.MCTS.manager.hybrid.HybridMctsManager.searchNext(HybridMctsManager.java:1288)
	at org.ggp.base.player.gamer.statemachine.MCTS.manager.hybrid.HybridMctsManager.searchNext(HybridMctsManager.java:1288)
	at org.ggp.base.player.gamer.statemachine.MCTS.manager.hybrid.HybridMctsManager.searchNext(HybridMctsManager.java:1288)
	at org.ggp.base.player.gamer.statemachine.MCTS.manager.hybrid.HybridMctsManager.searchNext(HybridMctsManager.java:1288)
	at org.ggp.base.player.gamer.statemachine.MCTS.manager.hybrid.HybridMctsManager.searchNext(HybridMctsManager.java:1288)
	at org.ggp.base.player.gamer.statemachine.MCTS.manager.hybrid.HybridMctsManager.searchNext(HybridMctsManager.java:1288)
	at org.ggp.base.player.gamer.statemachine.MCTS.manager.hybrid.HybridMctsManager.searchNext(HybridMctsManager.java:1288)
	at org.ggp.base.player.gamer.statemachine.MCTS.manager.hybrid.HybridMctsManager.performSearch(HybridMctsManager.java:857)
	at org.ggp.base.player.gamer.statemachine.MCTS.manager.hybrid.HybridMctsManager.search(HybridMctsManager.java:774)
	at org.ggp.base.player.gamer.statemachine.MCTS.MctsGamer.stateMachineSelectMove(MctsGamer.java:256)
	at org.ggp.base.player.gamer.statemachine.StateMachineGamer.selectMove(StateMachineGamer.java:280)
	at org.ggp.base.player.request.grammar.PlayRequest.process(PlayRequest.java:49)
	at org.ggp.base.player.GamePlayer.run(GamePlayer.java:162)
Caused by: org.apache.commons.math3.exception.NotANumberException: NaN is not allowed
	at org.apache.commons.math3.distribution.EnumeratedDistribution.<init>(EnumeratedDistribution.java:134)
	at org.apache.commons.math3.distribution.EnumeratedDistribution.<init>(EnumeratedDistribution.java:101)
	at org.ggp.base.player.gamer.statemachine.MCTS.manager.hybrid.strategies.playout.moveselector.GibbsAdaptivePlayoutMoveSelector.getMoveFromDistribution(GibbsAdaptivePlayoutMoveSelector.java:86)
	... 19 more
LOG 1641847055309 [L9]: <ERR> (in GamePlayer) An unhandled exception ocurred during move selection: org.ggp.base.player.gamer.exception.MoveSelectionException: java.lang.RuntimeException: org.apache.commons.math3.exception.NotANumberException: NaN is not allowed
	at org.ggp.base.player.gamer.statemachine.StateMachineGamer.selectMove(StateMachineGamer.java:285)
	at org.ggp.base.player.request.grammar.PlayRequest.process(PlayRequest.java:49)
	at org.ggp.base.player.GamePlayer.run(GamePlayer.java:162)
Caused by: java.lang.RuntimeException: org.apache.commons.math3.exception.NotANumberException: NaN is not allowed
	at org.ggp.base.player.gamer.statemachine.MCTS.manager.hybrid.strategies.playout.moveselector.GibbsAdaptivePlayoutMoveSelector.getMoveFromDistribution(GibbsAdaptivePlayoutMoveSelector.java:93)
	at org.ggp.base.player.gamer.statemachine.MCTS.manager.hybrid.strategies.playout.moveselector.GibbsAdaptivePlayoutMoveSelector.getMoveForRole(GibbsAdaptivePlayoutMoveSelector.java:63)
	at org.ggp.base.player.gamer.statemachine.MCTS.manager.hybrid.strategies.playout.StandardPlayout.getMoveForRole(StandardPlayout.java:179)
	at org.ggp.base.player.gamer.statemachine.MCTS.manager.hybrid.strategies.playout.PlayoutStrategy.getJointMove(PlayoutStrategy.java:95)
	at org.ggp.base.player.gamer.statemachine.MCTS.manager.hybrid.strategies.playout.MovesAndSiblingsMemorizingStandardPlayout.singlePlayout(MovesAndSiblingsMemorizingStandardPlayout.java:79)
	at org.ggp.base.player.gamer.statemachine.MCTS.manager.hybrid.strategies.playout.StandardPlayout.playout(StandardPlayout.java:90)
	at org.ggp.base.player.gamer.statemachine.MCTS.manager.hybrid.HybridMctsManager.searchNext(HybridMctsManager.java:1245)
	at org.ggp.base.player.gamer.statemachine.MCTS.manager.hybrid.HybridMctsManager.searchNext(HybridMctsManager.java:1288)
	at org.ggp.base.player.gamer.statemachine.MCTS.manager.hybrid.HybridMctsManager.searchNext(HybridMctsManager.java:1288)
	at org.ggp.base.player.gamer.statemachine.MCTS.manager.hybrid.HybridMctsManager.searchNext(HybridMctsManager.java:1288)
	at org.ggp.base.player.gamer.statemachine.MCTS.manager.hybrid.HybridMctsManager.searchNext(HybridMctsManager.java:1288)
	at org.ggp.base.player.gamer.statemachine.MCTS.manager.hybrid.HybridMctsManager.searchNext(HybridMctsManager.java:1288)
	at org.ggp.base.player.gamer.statemachine.MCTS.manager.hybrid.HybridMctsManager.searchNext(HybridMctsManager.java:1288)
	at org.ggp.base.player.gamer.statemachine.MCTS.manager.hybrid.HybridMctsManager.searchNext(HybridMctsManager.java:1288)
	at org.ggp.base.player.gamer.statemachine.MCTS.manager.hybrid.HybridMctsManager.performSearch(HybridMctsManager.java:857)
	at org.ggp.base.player.gamer.statemachine.MCTS.manager.hybrid.HybridMctsManager.search(HybridMctsManager.java:774)
	at org.ggp.base.player.gamer.statemachine.MCTS.MctsGamer.stateMachineSelectMove(MctsGamer.java:256)
	at org.ggp.base.player.gamer.statemachine.StateMachineGamer.selectMove(StateMachineGamer.java:280)
	... 2 more
Caused by: org.apache.commons.math3.exception.NotANumberException: NaN is not allowed
	at org.apache.commons.math3.distribution.EnumeratedDistribution.<init>(EnumeratedDistribution.java:134)
	at org.apache.commons.math3.distribution.EnumeratedDistribution.<init>(EnumeratedDistribution.java:101)
	at org.ggp.base.player.gamer.statemachine.MCTS.manager.hybrid.strategies.playout.moveselector.GibbsAdaptivePlayoutMoveSelector.getMoveFromDistribution(GibbsAdaptivePlayoutMoveSelector.java:86)
	... 19 more
LOG 1641847065322 [L9]: <ERR> (in MoveSelector) AdaptivePlayoutMoveSelector - Error creating probability distribution when selecting a move in the playout!
LOG 1641847065322 [L9]: <ERR> (in GamePlayer) java.lang.RuntimeException: org.apache.commons.math3.exception.NotANumberException: NaN is not allowed
	at org.ggp.base.player.gamer.statemachine.MCTS.manager.hybrid.strategies.playout.moveselector.GibbsAdaptivePlayoutMoveSelector.getMoveFromDistribution(GibbsAdaptivePlayoutMoveSelector.java:93)
	at org.ggp.base.player.gamer.statemachine.MCTS.manager.hybrid.strategies.playout.moveselector.GibbsAdaptivePlayoutMoveSelector.getMoveForRole(GibbsAdaptivePlayoutMoveSelector.java:63)
	at org.ggp.base.player.gamer.statemachine.MCTS.manager.hybrid.strategies.playout.StandardPlayout.getMoveForRole(StandardPlayout.java:179)
	at org.ggp.base.player.gamer.statemachine.MCTS.manager.hybrid.strategies.playout.PlayoutStrategy.getJointMove(PlayoutStrategy.java:95)
	at org.ggp.base.player.gamer.statemachine.MCTS.manager.hybrid.strategies.playout.MovesAndSiblingsMemorizingStandardPlayout.singlePlayout(MovesAndSiblingsMemorizingStandardPlayout.java:79)
	at org.ggp.base.player.gamer.statemachine.MCTS.manager.hybrid.strategies.playout.StandardPlayout.playout(StandardPlayout.java:90)
	at org.ggp.base.player.gamer.statemachine.MCTS.manager.hybrid.HybridMctsManager.searchNext(HybridMctsManager.java:1245)
	at org.ggp.base.player.gamer.statemachine.MCTS.manager.hybrid.HybridMctsManager.searchNext(HybridMctsManager.java:1288)
	at org.ggp.base.player.gamer.statemachine.MCTS.manager.hybrid.HybridMctsManager.searchNext(HybridMctsManager.java:1288)
	at org.ggp.base.player.gamer.statemachine.MCTS.manager.hybrid.HybridMctsManager.searchNext(HybridMctsManager.java:1288)
	at org.ggp.base.player.gamer.statemachine.MCTS.manager.hybrid.HybridMctsManager.searchNext(HybridMctsManager.java:1288)
	at org.ggp.base.player.gamer.statemachine.MCTS.manager.hybrid.HybridMctsManager.searchNext(HybridMctsManager.java:1288)
	at org.ggp.base.player.gamer.statemachine.MCTS.manager.hybrid.HybridMctsManager.searchNext(HybridMctsManager.java:1288)
	at org.ggp.base.player.gamer.statemachine.MCTS.manager.hybrid.HybridMctsManager.searchNext(HybridMctsManager.java:1288)
	at org.ggp.base.player.gamer.statemachine.MCTS.manager.hybrid.HybridMctsManager.performSearch(HybridMctsManager.java:857)
	at org.ggp.base.player.gamer.statemachine.MCTS.manager.hybrid.HybridMctsManager.search(HybridMctsManager.java:774)
	at org.ggp.base.player.gamer.statemachine.MCTS.MctsGamer.stateMachineSelectMove(MctsGamer.java:256)
	at org.ggp.base.player.gamer.statemachine.StateMachineGamer.selectMove(StateMachineGamer.java:280)
	at org.ggp.base.player.request.grammar.PlayRequest.process(PlayRequest.java:49)
	at org.ggp.base.player.GamePlayer.run(GamePlayer.java:162)
Caused by: org.apache.commons.math3.exception.NotANumberException: NaN is not allowed
	at org.apache.commons.math3.distribution.EnumeratedDistribution.<init>(EnumeratedDistribution.java:134)
	at org.apache.commons.math3.distribution.EnumeratedDistribution.<init>(EnumeratedDistribution.java:101)
	at org.ggp.base.player.gamer.statemachine.MCTS.manager.hybrid.strategies.playout.moveselector.GibbsAdaptivePlayoutMoveSelector.getMoveFromDistribution(GibbsAdaptivePlayoutMoveSelector.java:86)
	... 19 more
LOG 1641847065323 [L9]: <ERR> (in GamePlayer) An unhandled exception ocurred during move selection: org.ggp.base.player.gamer.exception.MoveSelectionException: java.lang.RuntimeException: org.apache.commons.math3.exception.NotANumberException: NaN is not allowed
	at org.ggp.base.player.gamer.statemachine.StateMachineGamer.selectMove(StateMachineGamer.java:285)
	at org.ggp.base.player.request.grammar.PlayRequest.process(PlayRequest.java:49)
	at org.ggp.base.player.GamePlayer.run(GamePlayer.java:162)
Caused by: java.lang.RuntimeException: org.apache.commons.math3.exception.NotANumberException: NaN is not allowed
	at org.ggp.base.player.gamer.statemachine.MCTS.manager.hybrid.strategies.playout.moveselector.GibbsAdaptivePlayoutMoveSelector.getMoveFromDistribution(GibbsAdaptivePlayoutMoveSelector.java:93)
	at org.ggp.base.player.gamer.statemachine.MCTS.manager.hybrid.strategies.playout.moveselector.GibbsAdaptivePlayoutMoveSelector.getMoveForRole(GibbsAdaptivePlayoutMoveSelector.java:63)
	at org.ggp.base.player.gamer.statemachine.MCTS.manager.hybrid.strategies.playout.StandardPlayout.getMoveForRole(StandardPlayout.java:179)
	at org.ggp.base.player.gamer.statemachine.MCTS.manager.hybrid.strategies.playout.PlayoutStrategy.getJointMove(PlayoutStrategy.java:95)
	at org.ggp.base.player.gamer.statemachine.MCTS.manager.hybrid.strategies.playout.MovesAndSiblingsMemorizingStandardPlayout.singlePlayout(MovesAndSiblingsMemorizingStandardPlayout.java:79)
	at org.ggp.base.player.gamer.statemachine.MCTS.manager.hybrid.strategies.playout.StandardPlayout.playout(StandardPlayout.java:90)
	at org.ggp.base.player.gamer.statemachine.MCTS.manager.hybrid.HybridMctsManager.searchNext(HybridMctsManager.java:1245)
	at org.ggp.base.player.gamer.statemachine.MCTS.manager.hybrid.HybridMctsManager.searchNext(HybridMctsManager.java:1288)
	at org.ggp.base.player.gamer.statemachine.MCTS.manager.hybrid.HybridMctsManager.searchNext(HybridMctsManager.java:1288)
	at org.ggp.base.player.gamer.statemachine.MCTS.manager.hybrid.HybridMctsManager.searchNext(HybridMctsManager.java:1288)
	at org.ggp.base.player.gamer.statemachine.MCTS.manager.hybrid.HybridMctsManager.searchNext(HybridMctsManager.java:1288)
	at org.ggp.base.player.gamer.statemachine.MCTS.manager.hybrid.HybridMctsManager.searchNext(HybridMctsManager.java:1288)
	at org.ggp.base.player.gamer.statemachine.MCTS.manager.hybrid.HybridMctsManager.searchNext(HybridMctsManager.java:1288)
	at org.ggp.base.player.gamer.statemachine.MCTS.manager.hybrid.HybridMctsManager.searchNext(HybridMctsManager.java:1288)
	at org.ggp.base.player.gamer.statemachine.MCTS.manager.hybrid.HybridMctsManager.performSearch(HybridMctsManager.java:857)
	at org.ggp.base.player.gamer.statemachine.MCTS.manager.hybrid.HybridMctsManager.search(HybridMctsManager.java:774)
	at org.ggp.base.player.gamer.statemachine.MCTS.MctsGamer.stateMachineSelectMove(MctsGamer.java:256)
	at org.ggp.base.player.gamer.statemachine.StateMachineGamer.selectMove(StateMachineGamer.java:280)
	... 2 more
Caused by: org.apache.commons.math3.exception.NotANumberException: NaN is not allowed
	at org.apache.commons.math3.distribution.EnumeratedDistribution.<init>(EnumeratedDistribution.java:134)
	at org.apache.commons.math3.distribution.EnumeratedDistribution.<init>(EnumeratedDistribution.java:101)
	at org.ggp.base.player.gamer.statemachine.MCTS.manager.hybrid.strategies.playout.moveselector.GibbsAdaptivePlayoutMoveSelector.getMoveFromDistribution(GibbsAdaptivePlayoutMoveSelector.java:86)
	... 19 more
LOG 1641847075324 [L9]: <ERR> (in MoveSelector) AdaptivePlayoutMoveSelector - Error creating probability distribution when selecting a move in the playout!
LOG 1641847075325 [L9]: <ERR> (in GamePlayer) java.lang.RuntimeException: org.apache.commons.math3.exception.NotANumberException: NaN is not allowed
	at org.ggp.base.player.gamer.statemachine.MCTS.manager.hybrid.strategies.playout.moveselector.GibbsAdaptivePlayoutMoveSelector.getMoveFromDistribution(GibbsAdaptivePlayoutMoveSelector.java:93)
	at org.ggp.base.player.gamer.statemachine.MCTS.manager.hybrid.strategies.playout.moveselector.GibbsAdaptivePlayoutMoveSelector.getMoveForRole(GibbsAdaptivePlayoutMoveSelector.java:63)
	at org.ggp.base.player.gamer.statemachine.MCTS.manager.hybrid.strategies.playout.StandardPlayout.getMoveForRole(StandardPlayout.java:179)
	at org.ggp.base.player.gamer.statemachine.MCTS.manager.hybrid.strategies.playout.PlayoutStrategy.getJointMove(PlayoutStrategy.java:95)
	at org.ggp.base.player.gamer.statemachine.MCTS.manager.hybrid.strategies.playout.MovesAndSiblingsMemorizingStandardPlayout.singlePlayout(MovesAndSiblingsMemorizingStandardPlayout.java:79)
	at org.ggp.base.player.gamer.statemachine.MCTS.manager.hybrid.strategies.playout.StandardPlayout.playout(StandardPlayout.java:90)
	at org.ggp.base.player.gamer.statemachine.MCTS.manager.hybrid.HybridMctsManager.searchNext(HybridMctsManager.java:1245)
	at org.ggp.base.player.gamer.statemachine.MCTS.manager.hybrid.HybridMctsManager.performSearch(HybridMctsManager.java:857)
	at org.ggp.base.player.gamer.statemachine.MCTS.manager.hybrid.HybridMctsManager.search(HybridMctsManager.java:774)
	at org.ggp.base.player.gamer.statemachine.MCTS.MctsGamer.stateMachineSelectMove(MctsGamer.java:256)
	at org.ggp.base.player.gamer.statemachine.StateMachineGamer.selectMove(StateMachineGamer.java:280)
	at org.ggp.base.player.request.grammar.PlayRequest.process(PlayRequest.java:49)
	at org.ggp.base.player.GamePlayer.run(GamePlayer.java:162)
Caused by: org.apache.commons.math3.exception.NotANumberException: NaN is not allowed
	at org.apache.commons.math3.distribution.EnumeratedDistribution.<init>(EnumeratedDistribution.java:134)
	at org.apache.commons.math3.distribution.EnumeratedDistribution.<init>(EnumeratedDistribution.java:101)
	at org.ggp.base.player.gamer.statemachine.MCTS.manager.hybrid.strategies.playout.moveselector.GibbsAdaptivePlayoutMoveSelector.getMoveFromDistribution(GibbsAdaptivePlayoutMoveSelector.java:86)
	... 12 more
LOG 1641847075325 [L9]: <ERR> (in GamePlayer) An unhandled exception ocurred during move selection: org.ggp.base.player.gamer.exception.MoveSelectionException: java.lang.RuntimeException: org.apache.commons.math3.exception.NotANumberException: NaN is not allowed
	at org.ggp.base.player.gamer.statemachine.StateMachineGamer.selectMove(StateMachineGamer.java:285)
	at org.ggp.base.player.request.grammar.PlayRequest.process(PlayRequest.java:49)
	at org.ggp.base.player.GamePlayer.run(GamePlayer.java:162)
Caused by: java.lang.RuntimeException: org.apache.commons.math3.exception.NotANumberException: NaN is not allowed
	at org.ggp.base.player.gamer.statemachine.MCTS.manager.hybrid.strategies.playout.moveselector.GibbsAdaptivePlayoutMoveSelector.getMoveFromDistribution(GibbsAdaptivePlayoutMoveSelector.java:93)
	at org.ggp.base.player.gamer.statemachine.MCTS.manager.hybrid.strategies.playout.moveselector.GibbsAdaptivePlayoutMoveSelector.getMoveForRole(GibbsAdaptivePlayoutMoveSelector.java:63)
	at org.ggp.base.player.gamer.statemachine.MCTS.manager.hybrid.strategies.playout.StandardPlayout.getMoveForRole(StandardPlayout.java:179)
	at org.ggp.base.player.gamer.statemachine.MCTS.manager.hybrid.strategies.playout.PlayoutStrategy.getJointMove(PlayoutStrategy.java:95)
	at org.ggp.base.player.gamer.statemachine.MCTS.manager.hybrid.strategies.playout.MovesAndSiblingsMemorizingStandardPlayout.singlePlayout(MovesAndSiblingsMemorizingStandardPlayout.java:79)
	at org.ggp.base.player.gamer.statemachine.MCTS.manager.hybrid.strategies.playout.StandardPlayout.playout(StandardPlayout.java:90)
	at org.ggp.base.player.gamer.statemachine.MCTS.manager.hybrid.HybridMctsManager.searchNext(HybridMctsManager.java:1245)
	at org.ggp.base.player.gamer.statemachine.MCTS.manager.hybrid.HybridMctsManager.performSearch(HybridMctsManager.java:857)
	at org.ggp.base.player.gamer.statemachine.MCTS.manager.hybrid.HybridMctsManager.search(HybridMctsManager.java:774)
	at org.ggp.base.player.gamer.statemachine.MCTS.MctsGamer.stateMachineSelectMove(MctsGamer.java:256)
	at org.ggp.base.player.gamer.statemachine.StateMachineGamer.selectMove(StateMachineGamer.java:280)
	... 2 more
Caused by: org.apache.commons.math3.exception.NotANumberException: NaN is not allowed
	at org.apache.commons.math3.distribution.EnumeratedDistribution.<init>(EnumeratedDistribution.java:134)
	at org.apache.commons.math3.distribution.EnumeratedDistribution.<init>(EnumeratedDistribution.java:101)
	at org.ggp.base.player.gamer.statemachine.MCTS.manager.hybrid.strategies.playout.moveselector.GibbsAdaptivePlayoutMoveSelector.getMoveFromDistribution(GibbsAdaptivePlayoutMoveSelector.java:86)
	... 12 more
LOG 1641847085330 [L9]: <ERR> (in MoveSelector) AdaptivePlayoutMoveSelector - Error creating probability distribution when selecting a move in the playout!
LOG 1641847085331 [L9]: <ERR> (in GamePlayer) java.lang.RuntimeException: org.apache.commons.math3.exception.NotANumberException: NaN is not allowed
	at org.ggp.base.player.gamer.statemachine.MCTS.manager.hybrid.strategies.playout.moveselector.GibbsAdaptivePlayoutMoveSelector.getMoveFromDistribution(GibbsAdaptivePlayoutMoveSelector.java:93)
	at org.ggp.base.player.gamer.statemachine.MCTS.manager.hybrid.strategies.playout.moveselector.GibbsAdaptivePlayoutMoveSelector.getMoveForRole(GibbsAdaptivePlayoutMoveSelector.java:63)
	at org.ggp.base.player.gamer.statemachine.MCTS.manager.hybrid.strategies.playout.StandardPlayout.getMoveForRole(StandardPlayout.java:179)
	at org.ggp.base.player.gamer.statemachine.MCTS.manager.hybrid.strategies.playout.PlayoutStrategy.getJointMove(PlayoutStrategy.java:95)
	at org.ggp.base.player.gamer.statemachine.MCTS.manager.hybrid.strategies.playout.MovesAndSiblingsMemorizingStandardPlayout.singlePlayout(MovesAndSiblingsMemorizingStandardPlayout.java:79)
	at org.ggp.base.player.gamer.statemachine.MCTS.manager.hybrid.strategies.playout.StandardPlayout.playout(StandardPlayout.java:90)
	at org.ggp.base.player.gamer.statemachine.MCTS.manager.hybrid.HybridMctsManager.searchNext(HybridMctsManager.java:1245)
	at org.ggp.base.player.gamer.statemachine.MCTS.manager.hybrid.HybridMctsManager.performSearch(HybridMctsManager.java:857)
	at org.ggp.base.player.gamer.statemachine.MCTS.manager.hybrid.HybridMctsManager.search(HybridMctsManager.java:774)
	at org.ggp.base.player.gamer.statemachine.MCTS.MctsGamer.stateMachineSelectMove(MctsGamer.java:256)
	at org.ggp.base.player.gamer.statemachine.StateMachineGamer.selectMove(StateMachineGamer.java:280)
	at org.ggp.base.player.request.grammar.PlayRequest.process(PlayRequest.java:49)
	at org.ggp.base.player.GamePlayer.run(GamePlayer.java:162)
Caused by: org.apache.commons.math3.exception.NotANumberException: NaN is not allowed
	at org.apache.commons.math3.distribution.EnumeratedDistribution.<init>(EnumeratedDistribution.java:134)
	at org.apache.commons.math3.distribution.EnumeratedDistribution.<init>(EnumeratedDistribution.java:101)
	at org.ggp.base.player.gamer.statemachine.MCTS.manager.hybrid.strategies.playout.moveselector.GibbsAdaptivePlayoutMoveSelector.getMoveFromDistribution(GibbsAdaptivePlayoutMoveSelector.java:86)
	... 12 more
LOG 1641847085331 [L9]: <ERR> (in GamePlayer) An unhandled exception ocurred during move selection: org.ggp.base.player.gamer.exception.MoveSelectionException: java.lang.RuntimeException: org.apache.commons.math3.exception.NotANumberException: NaN is not allowed
	at org.ggp.base.player.gamer.statemachine.StateMachineGamer.selectMove(StateMachineGamer.java:285)
	at org.ggp.base.player.request.grammar.PlayRequest.process(PlayRequest.java:49)
	at org.ggp.base.player.GamePlayer.run(GamePlayer.java:162)
Caused by: java.lang.RuntimeException: org.apache.commons.math3.exception.NotANumberException: NaN is not allowed
	at org.ggp.base.player.gamer.statemachine.MCTS.manager.hybrid.strategies.playout.moveselector.GibbsAdaptivePlayoutMoveSelector.getMoveFromDistribution(GibbsAdaptivePlayoutMoveSelector.java:93)
	at org.ggp.base.player.gamer.statemachine.MCTS.manager.hybrid.strategies.playout.moveselector.GibbsAdaptivePlayoutMoveSelector.getMoveForRole(GibbsAdaptivePlayoutMoveSelector.java:63)
	at org.ggp.base.player.gamer.statemachine.MCTS.manager.hybrid.strategies.playout.StandardPlayout.getMoveForRole(StandardPlayout.java:179)
	at org.ggp.base.player.gamer.statemachine.MCTS.manager.hybrid.strategies.playout.PlayoutStrategy.getJointMove(PlayoutStrategy.java:95)
	at org.ggp.base.player.gamer.statemachine.MCTS.manager.hybrid.strategies.playout.MovesAndSiblingsMemorizingStandardPlayout.singlePlayout(MovesAndSiblingsMemorizingStandardPlayout.java:79)
	at org.ggp.base.player.gamer.statemachine.MCTS.manager.hybrid.strategies.playout.StandardPlayout.playout(StandardPlayout.java:90)
	at org.ggp.base.player.gamer.statemachine.MCTS.manager.hybrid.HybridMctsManager.searchNext(HybridMctsManager.java:1245)
	at org.ggp.base.player.gamer.statemachine.MCTS.manager.hybrid.HybridMctsManager.performSearch(HybridMctsManager.java:857)
	at org.ggp.base.player.gamer.statemachine.MCTS.manager.hybrid.HybridMctsManager.search(HybridMctsManager.java:774)
	at org.ggp.base.player.gamer.statemachine.MCTS.MctsGamer.stateMachineSelectMove(MctsGamer.java:256)
	at org.ggp.base.player.gamer.statemachine.StateMachineGamer.selectMove(StateMachineGamer.java:280)
	... 2 more
Caused by: org.apache.commons.math3.exception.NotANumberException: NaN is not allowed
	at org.apache.commons.math3.distribution.EnumeratedDistribution.<init>(EnumeratedDistribution.java:134)
	at org.apache.commons.math3.distribution.EnumeratedDistribution.<init>(EnumeratedDistribution.java:101)
	at org.ggp.base.player.gamer.statemachine.MCTS.manager.hybrid.strategies.playout.moveselector.GibbsAdaptivePlayoutMoveSelector.getMoveFromDistribution(GibbsAdaptivePlayoutMoveSelector.java:86)
	... 12 more
LOG 1641847095327 [L9]: <ERR> (in MoveSelector) AdaptivePlayoutMoveSelector - Error creating probability distribution when selecting a move in the playout!
LOG 1641847095327 [L9]: <ERR> (in GamePlayer) java.lang.RuntimeException: org.apache.commons.math3.exception.NotANumberException: NaN is not allowed
	at org.ggp.base.player.gamer.statemachine.MCTS.manager.hybrid.strategies.playout.moveselector.GibbsAdaptivePlayoutMoveSelector.getMoveFromDistribution(GibbsAdaptivePlayoutMoveSelector.java:93)
	at org.ggp.base.player.gamer.statemachine.MCTS.manager.hybrid.strategies.playout.moveselector.GibbsAdaptivePlayoutMoveSelector.getMoveForRole(GibbsAdaptivePlayoutMoveSelector.java:63)
	at org.ggp.base.player.gamer.statemachine.MCTS.manager.hybrid.strategies.playout.StandardPlayout.getMoveForRole(StandardPlayout.java:179)
	at org.ggp.base.player.gamer.statemachine.MCTS.manager.hybrid.strategies.playout.PlayoutStrategy.getJointMove(PlayoutStrategy.java:95)
	at org.ggp.base.player.gamer.statemachine.MCTS.manager.hybrid.strategies.playout.MovesAndSiblingsMemorizingStandardPlayout.singlePlayout(MovesAndSiblingsMemorizingStandardPlayout.java:79)
	at org.ggp.base.player.gamer.statemachine.MCTS.manager.hybrid.strategies.playout.StandardPlayout.playout(StandardPlayout.java:90)
	at org.ggp.base.player.gamer.statemachine.MCTS.manager.hybrid.HybridMctsManager.searchNext(HybridMctsManager.java:1245)
	at org.ggp.base.player.gamer.statemachine.MCTS.manager.hybrid.HybridMctsManager.performSearch(HybridMctsManager.java:857)
	at org.ggp.base.player.gamer.statemachine.MCTS.manager.hybrid.HybridMctsManager.search(HybridMctsManager.java:774)
	at org.ggp.base.player.gamer.statemachine.MCTS.MctsGamer.stateMachineSelectMove(MctsGamer.java:256)
	at org.ggp.base.player.gamer.statemachine.StateMachineGamer.selectMove(StateMachineGamer.java:280)
	at org.ggp.base.player.request.grammar.PlayRequest.process(PlayRequest.java:49)
	at org.ggp.base.player.GamePlayer.run(GamePlayer.java:162)
Caused by: org.apache.commons.math3.exception.NotANumberException: NaN is not allowed
	at org.apache.commons.math3.distribution.EnumeratedDistribution.<init>(EnumeratedDistribution.java:134)
	at org.apache.commons.math3.distribution.EnumeratedDistribution.<init>(EnumeratedDistribution.java:101)
	at org.ggp.base.player.gamer.statemachine.MCTS.manager.hybrid.strategies.playout.moveselector.GibbsAdaptivePlayoutMoveSelector.getMoveFromDistribution(GibbsAdaptivePlayoutMoveSelector.java:86)
	... 12 more
LOG 1641847095328 [L9]: <ERR> (in GamePlayer) An unhandled exception ocurred during move selection: org.ggp.base.player.gamer.exception.MoveSelectionException: java.lang.RuntimeException: org.apache.commons.math3.exception.NotANumberException: NaN is not allowed
	at org.ggp.base.player.gamer.statemachine.StateMachineGamer.selectMove(StateMachineGamer.java:285)
	at org.ggp.base.player.request.grammar.PlayRequest.process(PlayRequest.java:49)
	at org.ggp.base.player.GamePlayer.run(GamePlayer.java:162)
Caused by: java.lang.RuntimeException: org.apache.commons.math3.exception.NotANumberException: NaN is not allowed
	at org.ggp.base.player.gamer.statemachine.MCTS.manager.hybrid.strategies.playout.moveselector.GibbsAdaptivePlayoutMoveSelector.getMoveFromDistribution(GibbsAdaptivePlayoutMoveSelector.java:93)
	at org.ggp.base.player.gamer.statemachine.MCTS.manager.hybrid.strategies.playout.moveselector.GibbsAdaptivePlayoutMoveSelector.getMoveForRole(GibbsAdaptivePlayoutMoveSelector.java:63)
	at org.ggp.base.player.gamer.statemachine.MCTS.manager.hybrid.strategies.playout.StandardPlayout.getMoveForRole(StandardPlayout.java:179)
	at org.ggp.base.player.gamer.statemachine.MCTS.manager.hybrid.strategies.playout.PlayoutStrategy.getJointMove(PlayoutStrategy.java:95)
	at org.ggp.base.player.gamer.statemachine.MCTS.manager.hybrid.strategies.playout.MovesAndSiblingsMemorizingStandardPlayout.singlePlayout(MovesAndSiblingsMemorizingStandardPlayout.java:79)
	at org.ggp.base.player.gamer.statemachine.MCTS.manager.hybrid.strategies.playout.StandardPlayout.playout(StandardPlayout.java:90)
	at org.ggp.base.player.gamer.statemachine.MCTS.manager.hybrid.HybridMctsManager.searchNext(HybridMctsManager.java:1245)
	at org.ggp.base.player.gamer.statemachine.MCTS.manager.hybrid.HybridMctsManager.performSearch(HybridMctsManager.java:857)
	at org.ggp.base.player.gamer.statemachine.MCTS.manager.hybrid.HybridMctsManager.search(HybridMctsManager.java:774)
	at org.ggp.base.player.gamer.statemachine.MCTS.MctsGamer.stateMachineSelectMove(MctsGamer.java:256)
	at org.ggp.base.player.gamer.statemachine.StateMachineGamer.selectMove(StateMachineGamer.java:280)
	... 2 more
Caused by: org.apache.commons.math3.exception.NotANumberException: NaN is not allowed
	at org.apache.commons.math3.distribution.EnumeratedDistribution.<init>(EnumeratedDistribution.java:134)
	at org.apache.commons.math3.distribution.EnumeratedDistribution.<init>(EnumeratedDistribution.java:101)
	at org.ggp.base.player.gamer.statemachine.MCTS.manager.hybrid.strategies.playout.moveselector.GibbsAdaptivePlayoutMoveSelector.getMoveFromDistribution(GibbsAdaptivePlayoutMoveSelector.java:86)
	... 12 more
LOG 1641847105331 [L9]: <ERR> (in MoveSelector) AdaptivePlayoutMoveSelector - Error creating probability distribution when selecting a move in the playout!
LOG 1641847105331 [L9]: <ERR> (in GamePlayer) java.lang.RuntimeException: org.apache.commons.math3.exception.NotANumberException: NaN is not allowed
	at org.ggp.base.player.gamer.statemachine.MCTS.manager.hybrid.strategies.playout.moveselector.GibbsAdaptivePlayoutMoveSelector.getMoveFromDistribution(GibbsAdaptivePlayoutMoveSelector.java:93)
	at org.ggp.base.player.gamer.statemachine.MCTS.manager.hybrid.strategies.playout.moveselector.GibbsAdaptivePlayoutMoveSelector.getMoveForRole(GibbsAdaptivePlayoutMoveSelector.java:63)
	at org.ggp.base.player.gamer.statemachine.MCTS.manager.hybrid.strategies.playout.StandardPlayout.getMoveForRole(StandardPlayout.java:179)
	at org.ggp.base.player.gamer.statemachine.MCTS.manager.hybrid.strategies.playout.PlayoutStrategy.getJointMove(PlayoutStrategy.java:95)
	at org.ggp.base.player.gamer.statemachine.MCTS.manager.hybrid.strategies.playout.MovesAndSiblingsMemorizingStandardPlayout.singlePlayout(MovesAndSiblingsMemorizingStandardPlayout.java:79)
	at org.ggp.base.player.gamer.statemachine.MCTS.manager.hybrid.strategies.playout.StandardPlayout.playout(StandardPlayout.java:90)
	at org.ggp.base.player.gamer.statemachine.MCTS.manager.hybrid.HybridMctsManager.searchNext(HybridMctsManager.java:1245)
	at org.ggp.base.player.gamer.statemachine.MCTS.manager.hybrid.HybridMctsManager.performSearch(HybridMctsManager.java:857)
	at org.ggp.base.player.gamer.statemachine.MCTS.manager.hybrid.HybridMctsManager.search(HybridMctsManager.java:774)
	at org.ggp.base.player.gamer.statemachine.MCTS.MctsGamer.stateMachineSelectMove(MctsGamer.java:256)
	at org.ggp.base.player.gamer.statemachine.StateMachineGamer.selectMove(StateMachineGamer.java:280)
	at org.ggp.base.player.request.grammar.PlayRequest.process(PlayRequest.java:49)
	at org.ggp.base.player.GamePlayer.run(GamePlayer.java:162)
Caused by: org.apache.commons.math3.exception.NotANumberException: NaN is not allowed
	at org.apache.commons.math3.distribution.EnumeratedDistribution.<init>(EnumeratedDistribution.java:134)
	at org.apache.commons.math3.distribution.EnumeratedDistribution.<init>(EnumeratedDistribution.java:101)
	at org.ggp.base.player.gamer.statemachine.MCTS.manager.hybrid.strategies.playout.moveselector.GibbsAdaptivePlayoutMoveSelector.getMoveFromDistribution(GibbsAdaptivePlayoutMoveSelector.java:86)
	... 12 more
LOG 1641847105332 [L9]: <ERR> (in GamePlayer) An unhandled exception ocurred during move selection: org.ggp.base.player.gamer.exception.MoveSelectionException: java.lang.RuntimeException: org.apache.commons.math3.exception.NotANumberException: NaN is not allowed
	at org.ggp.base.player.gamer.statemachine.StateMachineGamer.selectMove(StateMachineGamer.java:285)
	at org.ggp.base.player.request.grammar.PlayRequest.process(PlayRequest.java:49)
	at org.ggp.base.player.GamePlayer.run(GamePlayer.java:162)
Caused by: java.lang.RuntimeException: org.apache.commons.math3.exception.NotANumberException: NaN is not allowed
	at org.ggp.base.player.gamer.statemachine.MCTS.manager.hybrid.strategies.playout.moveselector.GibbsAdaptivePlayoutMoveSelector.getMoveFromDistribution(GibbsAdaptivePlayoutMoveSelector.java:93)
	at org.ggp.base.player.gamer.statemachine.MCTS.manager.hybrid.strategies.playout.moveselector.GibbsAdaptivePlayoutMoveSelector.getMoveForRole(GibbsAdaptivePlayoutMoveSelector.java:63)
	at org.ggp.base.player.gamer.statemachine.MCTS.manager.hybrid.strategies.playout.StandardPlayout.getMoveForRole(StandardPlayout.java:179)
	at org.ggp.base.player.gamer.statemachine.MCTS.manager.hybrid.strategies.playout.PlayoutStrategy.getJointMove(PlayoutStrategy.java:95)
	at org.ggp.base.player.gamer.statemachine.MCTS.manager.hybrid.strategies.playout.MovesAndSiblingsMemorizingStandardPlayout.singlePlayout(MovesAndSiblingsMemorizingStandardPlayout.java:79)
	at org.ggp.base.player.gamer.statemachine.MCTS.manager.hybrid.strategies.playout.StandardPlayout.playout(StandardPlayout.java:90)
	at org.ggp.base.player.gamer.statemachine.MCTS.manager.hybrid.HybridMctsManager.searchNext(HybridMctsManager.java:1245)
	at org.ggp.base.player.gamer.statemachine.MCTS.manager.hybrid.HybridMctsManager.performSearch(HybridMctsManager.java:857)
	at org.ggp.base.player.gamer.statemachine.MCTS.manager.hybrid.HybridMctsManager.search(HybridMctsManager.java:774)
	at org.ggp.base.player.gamer.statemachine.MCTS.MctsGamer.stateMachineSelectMove(MctsGamer.java:256)
	at org.ggp.base.player.gamer.statemachine.StateMachineGamer.selectMove(StateMachineGamer.java:280)
	... 2 more
Caused by: org.apache.commons.math3.exception.NotANumberException: NaN is not allowed
	at org.apache.commons.math3.distribution.EnumeratedDistribution.<init>(EnumeratedDistribution.java:134)
	at org.apache.commons.math3.distribution.EnumeratedDistribution.<init>(EnumeratedDistribution.java:101)
	at org.ggp.base.player.gamer.statemachine.MCTS.manager.hybrid.strategies.playout.moveselector.GibbsAdaptivePlayoutMoveSelector.getMoveFromDistribution(GibbsAdaptivePlayoutMoveSelector.java:86)
	... 12 more
LOG 1641847115334 [L9]: <ERR> (in MoveSelector) AdaptivePlayoutMoveSelector - Error creating probability distribution when selecting a move in the playout!
LOG 1641847115335 [L9]: <ERR> (in GamePlayer) java.lang.RuntimeException: org.apache.commons.math3.exception.NotANumberException: NaN is not allowed
	at org.ggp.base.player.gamer.statemachine.MCTS.manager.hybrid.strategies.playout.moveselector.GibbsAdaptivePlayoutMoveSelector.getMoveFromDistribution(GibbsAdaptivePlayoutMoveSelector.java:93)
	at org.ggp.base.player.gamer.statemachine.MCTS.manager.hybrid.strategies.playout.moveselector.GibbsAdaptivePlayoutMoveSelector.getMoveForRole(GibbsAdaptivePlayoutMoveSelector.java:63)
	at org.ggp.base.player.gamer.statemachine.MCTS.manager.hybrid.strategies.playout.StandardPlayout.getMoveForRole(StandardPlayout.java:179)
	at org.ggp.base.player.gamer.statemachine.MCTS.manager.hybrid.strategies.playout.PlayoutStrategy.getJointMove(PlayoutStrategy.java:95)
	at org.ggp.base.player.gamer.statemachine.MCTS.manager.hybrid.strategies.playout.MovesAndSiblingsMemorizingStandardPlayout.singlePlayout(MovesAndSiblingsMemorizingStandardPlayout.java:79)
	at org.ggp.base.player.gamer.statemachine.MCTS.manager.hybrid.strategies.playout.StandardPlayout.playout(StandardPlayout.java:90)
	at org.ggp.base.player.gamer.statemachine.MCTS.manager.hybrid.HybridMctsManager.searchNext(HybridMctsManager.java:1245)
	at org.ggp.base.player.gamer.statemachine.MCTS.manager.hybrid.HybridMctsManager.performSearch(HybridMctsManager.java:857)
	at org.ggp.base.player.gamer.statemachine.MCTS.manager.hybrid.HybridMctsManager.search(HybridMctsManager.java:774)
	at org.ggp.base.player.gamer.statemachine.MCTS.MctsGamer.stateMachineSelectMove(MctsGamer.java:256)
	at org.ggp.base.player.gamer.statemachine.StateMachineGamer.selectMove(StateMachineGamer.java:280)
	at org.ggp.base.player.request.grammar.PlayRequest.process(PlayRequest.java:49)
	at org.ggp.base.player.GamePlayer.run(GamePlayer.java:162)
Caused by: org.apache.commons.math3.exception.NotANumberException: NaN is not allowed
	at org.apache.commons.math3.distribution.EnumeratedDistribution.<init>(EnumeratedDistribution.java:134)
	at org.apache.commons.math3.distribution.EnumeratedDistribution.<init>(EnumeratedDistribution.java:101)
	at org.ggp.base.player.gamer.statemachine.MCTS.manager.hybrid.strategies.playout.moveselector.GibbsAdaptivePlayoutMoveSelector.getMoveFromDistribution(GibbsAdaptivePlayoutMoveSelector.java:86)
	... 12 more
LOG 1641847115335 [L9]: <ERR> (in GamePlayer) An unhandled exception ocurred during move selection: org.ggp.base.player.gamer.exception.MoveSelectionException: java.lang.RuntimeException: org.apache.commons.math3.exception.NotANumberException: NaN is not allowed
	at org.ggp.base.player.gamer.statemachine.StateMachineGamer.selectMove(StateMachineGamer.java:285)
	at org.ggp.base.player.request.grammar.PlayRequest.process(PlayRequest.java:49)
	at org.ggp.base.player.GamePlayer.run(GamePlayer.java:162)
Caused by: java.lang.RuntimeException: org.apache.commons.math3.exception.NotANumberException: NaN is not allowed
	at org.ggp.base.player.gamer.statemachine.MCTS.manager.hybrid.strategies.playout.moveselector.GibbsAdaptivePlayoutMoveSelector.getMoveFromDistribution(GibbsAdaptivePlayoutMoveSelector.java:93)
	at org.ggp.base.player.gamer.statemachine.MCTS.manager.hybrid.strategies.playout.moveselector.GibbsAdaptivePlayoutMoveSelector.getMoveForRole(GibbsAdaptivePlayoutMoveSelector.java:63)
	at org.ggp.base.player.gamer.statemachine.MCTS.manager.hybrid.strategies.playout.StandardPlayout.getMoveForRole(StandardPlayout.java:179)
	at org.ggp.base.player.gamer.statemachine.MCTS.manager.hybrid.strategies.playout.PlayoutStrategy.getJointMove(PlayoutStrategy.java:95)
	at org.ggp.base.player.gamer.statemachine.MCTS.manager.hybrid.strategies.playout.MovesAndSiblingsMemorizingStandardPlayout.singlePlayout(MovesAndSiblingsMemorizingStandardPlayout.java:79)
	at org.ggp.base.player.gamer.statemachine.MCTS.manager.hybrid.strategies.playout.StandardPlayout.playout(StandardPlayout.java:90)
	at org.ggp.base.player.gamer.statemachine.MCTS.manager.hybrid.HybridMctsManager.searchNext(HybridMctsManager.java:1245)
	at org.ggp.base.player.gamer.statemachine.MCTS.manager.hybrid.HybridMctsManager.performSearch(HybridMctsManager.java:857)
	at org.ggp.base.player.gamer.statemachine.MCTS.manager.hybrid.HybridMctsManager.search(HybridMctsManager.java:774)
	at org.ggp.base.player.gamer.statemachine.MCTS.MctsGamer.stateMachineSelectMove(MctsGamer.java:256)
	at org.ggp.base.player.gamer.statemachine.StateMachineGamer.selectMove(StateMachineGamer.java:280)
	... 2 more
Caused by: org.apache.commons.math3.exception.NotANumberException: NaN is not allowed
	at org.apache.commons.math3.distribution.EnumeratedDistribution.<init>(EnumeratedDistribution.java:134)
	at org.apache.commons.math3.distribution.EnumeratedDistribution.<init>(EnumeratedDistribution.java:101)
	at org.ggp.base.player.gamer.statemachine.MCTS.manager.hybrid.strategies.playout.moveselector.GibbsAdaptivePlayoutMoveSelector.getMoveFromDistribution(GibbsAdaptivePlayoutMoveSelector.java:86)
	... 12 more
LOG 1641847125339 [L9]: <ERR> (in MoveSelector) AdaptivePlayoutMoveSelector - Error creating probability distribution when selecting a move in the playout!
LOG 1641847125339 [L9]: <ERR> (in GamePlayer) java.lang.RuntimeException: org.apache.commons.math3.exception.NotANumberException: NaN is not allowed
	at org.ggp.base.player.gamer.statemachine.MCTS.manager.hybrid.strategies.playout.moveselector.GibbsAdaptivePlayoutMoveSelector.getMoveFromDistribution(GibbsAdaptivePlayoutMoveSelector.java:93)
	at org.ggp.base.player.gamer.statemachine.MCTS.manager.hybrid.strategies.playout.moveselector.GibbsAdaptivePlayoutMoveSelector.getMoveForRole(GibbsAdaptivePlayoutMoveSelector.java:63)
	at org.ggp.base.player.gamer.statemachine.MCTS.manager.hybrid.strategies.playout.StandardPlayout.getMoveForRole(StandardPlayout.java:179)
	at org.ggp.base.player.gamer.statemachine.MCTS.manager.hybrid.strategies.playout.PlayoutStrategy.getJointMove(PlayoutStrategy.java:95)
	at org.ggp.base.player.gamer.statemachine.MCTS.manager.hybrid.strategies.playout.MovesAndSiblingsMemorizingStandardPlayout.singlePlayout(MovesAndSiblingsMemorizingStandardPlayout.java:79)
	at org.ggp.base.player.gamer.statemachine.MCTS.manager.hybrid.strategies.playout.StandardPlayout.playout(StandardPlayout.java:90)
	at org.ggp.base.player.gamer.statemachine.MCTS.manager.hybrid.HybridMctsManager.searchNext(HybridMctsManager.java:1245)
	at org.ggp.base.player.gamer.statemachine.MCTS.manager.hybrid.HybridMctsManager.performSearch(HybridMctsManager.java:857)
	at org.ggp.base.player.gamer.statemachine.MCTS.manager.hybrid.HybridMctsManager.search(HybridMctsManager.java:774)
	at org.ggp.base.player.gamer.statemachine.MCTS.MctsGamer.stateMachineSelectMove(MctsGamer.java:256)
	at org.ggp.base.player.gamer.statemachine.StateMachineGamer.selectMove(StateMachineGamer.java:280)
	at org.ggp.base.player.request.grammar.PlayRequest.process(PlayRequest.java:49)
	at org.ggp.base.player.GamePlayer.run(GamePlayer.java:162)
Caused by: org.apache.commons.math3.exception.NotANumberException: NaN is not allowed
	at org.apache.commons.math3.distribution.EnumeratedDistribution.<init>(EnumeratedDistribution.java:134)
	at org.apache.commons.math3.distribution.EnumeratedDistribution.<init>(EnumeratedDistribution.java:101)
	at org.ggp.base.player.gamer.statemachine.MCTS.manager.hybrid.strategies.playout.moveselector.GibbsAdaptivePlayoutMoveSelector.getMoveFromDistribution(GibbsAdaptivePlayoutMoveSelector.java:86)
	... 12 more
LOG 1641847125340 [L9]: <ERR> (in GamePlayer) An unhandled exception ocurred during move selection: org.ggp.base.player.gamer.exception.MoveSelectionException: java.lang.RuntimeException: org.apache.commons.math3.exception.NotANumberException: NaN is not allowed
	at org.ggp.base.player.gamer.statemachine.StateMachineGamer.selectMove(StateMachineGamer.java:285)
	at org.ggp.base.player.request.grammar.PlayRequest.process(PlayRequest.java:49)
	at org.ggp.base.player.GamePlayer.run(GamePlayer.java:162)
Caused by: java.lang.RuntimeException: org.apache.commons.math3.exception.NotANumberException: NaN is not allowed
	at org.ggp.base.player.gamer.statemachine.MCTS.manager.hybrid.strategies.playout.moveselector.GibbsAdaptivePlayoutMoveSelector.getMoveFromDistribution(GibbsAdaptivePlayoutMoveSelector.java:93)
	at org.ggp.base.player.gamer.statemachine.MCTS.manager.hybrid.strategies.playout.moveselector.GibbsAdaptivePlayoutMoveSelector.getMoveForRole(GibbsAdaptivePlayoutMoveSelector.java:63)
	at org.ggp.base.player.gamer.statemachine.MCTS.manager.hybrid.strategies.playout.StandardPlayout.getMoveForRole(StandardPlayout.java:179)
	at org.ggp.base.player.gamer.statemachine.MCTS.manager.hybrid.strategies.playout.PlayoutStrategy.getJointMove(PlayoutStrategy.java:95)
	at org.ggp.base.player.gamer.statemachine.MCTS.manager.hybrid.strategies.playout.MovesAndSiblingsMemorizingStandardPlayout.singlePlayout(MovesAndSiblingsMemorizingStandardPlayout.java:79)
	at org.ggp.base.player.gamer.statemachine.MCTS.manager.hybrid.strategies.playout.StandardPlayout.playout(StandardPlayout.java:90)
	at org.ggp.base.player.gamer.statemachine.MCTS.manager.hybrid.HybridMctsManager.searchNext(HybridMctsManager.java:1245)
	at org.ggp.base.player.gamer.statemachine.MCTS.manager.hybrid.HybridMctsManager.performSearch(HybridMctsManager.java:857)
	at org.ggp.base.player.gamer.statemachine.MCTS.manager.hybrid.HybridMctsManager.search(HybridMctsManager.java:774)
	at org.ggp.base.player.gamer.statemachine.MCTS.MctsGamer.stateMachineSelectMove(MctsGamer.java:256)
	at org.ggp.base.player.gamer.statemachine.StateMachineGamer.selectMove(StateMachineGamer.java:280)
	... 2 more
Caused by: org.apache.commons.math3.exception.NotANumberException: NaN is not allowed
	at org.apache.commons.math3.distribution.EnumeratedDistribution.<init>(EnumeratedDistribution.java:134)
	at org.apache.commons.math3.distribution.EnumeratedDistribution.<init>(EnumeratedDistribution.java:101)
	at org.ggp.base.player.gamer.statemachine.MCTS.manager.hybrid.strategies.playout.moveselector.GibbsAdaptivePlayoutMoveSelector.getMoveFromDistribution(GibbsAdaptivePlayoutMoveSelector.java:86)
	... 12 more
LOG 1641847135343 [L9]: <ERR> (in MoveSelector) AdaptivePlayoutMoveSelector - Error creating probability distribution when selecting a move in the playout!
LOG 1641847135343 [L9]: <ERR> (in GamePlayer) java.lang.RuntimeException: org.apache.commons.math3.exception.NotANumberException: NaN is not allowed
	at org.ggp.base.player.gamer.statemachine.MCTS.manager.hybrid.strategies.playout.moveselector.GibbsAdaptivePlayoutMoveSelector.getMoveFromDistribution(GibbsAdaptivePlayoutMoveSelector.java:93)
	at org.ggp.base.player.gamer.statemachine.MCTS.manager.hybrid.strategies.playout.moveselector.GibbsAdaptivePlayoutMoveSelector.getMoveForRole(GibbsAdaptivePlayoutMoveSelector.java:63)
	at org.ggp.base.player.gamer.statemachine.MCTS.manager.hybrid.strategies.playout.StandardPlayout.getMoveForRole(StandardPlayout.java:179)
	at org.ggp.base.player.gamer.statemachine.MCTS.manager.hybrid.strategies.playout.PlayoutStrategy.getJointMove(PlayoutStrategy.java:95)
	at org.ggp.base.player.gamer.statemachine.MCTS.manager.hybrid.strategies.playout.MovesAndSiblingsMemorizingStandardPlayout.singlePlayout(MovesAndSiblingsMemorizingStandardPlayout.java:79)
	at org.ggp.base.player.gamer.statemachine.MCTS.manager.hybrid.strategies.playout.StandardPlayout.playout(StandardPlayout.java:90)
	at org.ggp.base.player.gamer.statemachine.MCTS.manager.hybrid.HybridMctsManager.searchNext(HybridMctsManager.java:1245)
	at org.ggp.base.player.gamer.statemachine.MCTS.manager.hybrid.HybridMctsManager.performSearch(HybridMctsManager.java:857)
	at org.ggp.base.player.gamer.statemachine.MCTS.manager.hybrid.HybridMctsManager.search(HybridMctsManager.java:774)
	at org.ggp.base.player.gamer.statemachine.MCTS.MctsGamer.stateMachineSelectMove(MctsGamer.java:256)
	at org.ggp.base.player.gamer.statemachine.StateMachineGamer.selectMove(StateMachineGamer.java:280)
	at org.ggp.base.player.request.grammar.PlayRequest.process(PlayRequest.java:49)
	at org.ggp.base.player.GamePlayer.run(GamePlayer.java:162)
Caused by: org.apache.commons.math3.exception.NotANumberException: NaN is not allowed
	at org.apache.commons.math3.distribution.EnumeratedDistribution.<init>(EnumeratedDistribution.java:134)
	at org.apache.commons.math3.distribution.EnumeratedDistribution.<init>(EnumeratedDistribution.java:101)
	at org.ggp.base.player.gamer.statemachine.MCTS.manager.hybrid.strategies.playout.moveselector.GibbsAdaptivePlayoutMoveSelector.getMoveFromDistribution(GibbsAdaptivePlayoutMoveSelector.java:86)
	... 12 more
LOG 1641847135344 [L9]: <ERR> (in GamePlayer) An unhandled exception ocurred during move selection: org.ggp.base.player.gamer.exception.MoveSelectionException: java.lang.RuntimeException: org.apache.commons.math3.exception.NotANumberException: NaN is not allowed
	at org.ggp.base.player.gamer.statemachine.StateMachineGamer.selectMove(StateMachineGamer.java:285)
	at org.ggp.base.player.request.grammar.PlayRequest.process(PlayRequest.java:49)
	at org.ggp.base.player.GamePlayer.run(GamePlayer.java:162)
Caused by: java.lang.RuntimeException: org.apache.commons.math3.exception.NotANumberException: NaN is not allowed
	at org.ggp.base.player.gamer.statemachine.MCTS.manager.hybrid.strategies.playout.moveselector.GibbsAdaptivePlayoutMoveSelector.getMoveFromDistribution(GibbsAdaptivePlayoutMoveSelector.java:93)
	at org.ggp.base.player.gamer.statemachine.MCTS.manager.hybrid.strategies.playout.moveselector.GibbsAdaptivePlayoutMoveSelector.getMoveForRole(GibbsAdaptivePlayoutMoveSelector.java:63)
	at org.ggp.base.player.gamer.statemachine.MCTS.manager.hybrid.strategies.playout.StandardPlayout.getMoveForRole(StandardPlayout.java:179)
	at org.ggp.base.player.gamer.statemachine.MCTS.manager.hybrid.strategies.playout.PlayoutStrategy.getJointMove(PlayoutStrategy.java:95)
	at org.ggp.base.player.gamer.statemachine.MCTS.manager.hybrid.strategies.playout.MovesAndSiblingsMemorizingStandardPlayout.singlePlayout(MovesAndSiblingsMemorizingStandardPlayout.java:79)
	at org.ggp.base.player.gamer.statemachine.MCTS.manager.hybrid.strategies.playout.StandardPlayout.playout(StandardPlayout.java:90)
	at org.ggp.base.player.gamer.statemachine.MCTS.manager.hybrid.HybridMctsManager.searchNext(HybridMctsManager.java:1245)
	at org.ggp.base.player.gamer.statemachine.MCTS.manager.hybrid.HybridMctsManager.performSearch(HybridMctsManager.java:857)
	at org.ggp.base.player.gamer.statemachine.MCTS.manager.hybrid.HybridMctsManager.search(HybridMctsManager.java:774)
	at org.ggp.base.player.gamer.statemachine.MCTS.MctsGamer.stateMachineSelectMove(MctsGamer.java:256)
	at org.ggp.base.player.gamer.statemachine.StateMachineGamer.selectMove(StateMachineGamer.java:280)
	... 2 more
Caused by: org.apache.commons.math3.exception.NotANumberException: NaN is not allowed
	at org.apache.commons.math3.distribution.EnumeratedDistribution.<init>(EnumeratedDistribution.java:134)
	at org.apache.commons.math3.distribution.EnumeratedDistribution.<init>(EnumeratedDistribution.java:101)
	at org.ggp.base.player.gamer.statemachine.MCTS.manager.hybrid.strategies.playout.moveselector.GibbsAdaptivePlayoutMoveSelector.getMoveFromDistribution(GibbsAdaptivePlayoutMoveSelector.java:86)
	... 12 more
LOG 1641847145346 [L9]: <ERR> (in MoveSelector) AdaptivePlayoutMoveSelector - Error creating probability distribution when selecting a move in the playout!
LOG 1641847145347 [L9]: <ERR> (in GamePlayer) java.lang.RuntimeException: org.apache.commons.math3.exception.NotANumberException: NaN is not allowed
	at org.ggp.base.player.gamer.statemachine.MCTS.manager.hybrid.strategies.playout.moveselector.GibbsAdaptivePlayoutMoveSelector.getMoveFromDistribution(GibbsAdaptivePlayoutMoveSelector.java:93)
	at org.ggp.base.player.gamer.statemachine.MCTS.manager.hybrid.strategies.playout.moveselector.GibbsAdaptivePlayoutMoveSelector.getMoveForRole(GibbsAdaptivePlayoutMoveSelector.java:63)
	at org.ggp.base.player.gamer.statemachine.MCTS.manager.hybrid.strategies.playout.StandardPlayout.getMoveForRole(StandardPlayout.java:179)
	at org.ggp.base.player.gamer.statemachine.MCTS.manager.hybrid.strategies.playout.PlayoutStrategy.getJointMove(PlayoutStrategy.java:95)
	at org.ggp.base.player.gamer.statemachine.MCTS.manager.hybrid.strategies.playout.MovesAndSiblingsMemorizingStandardPlayout.singlePlayout(MovesAndSiblingsMemorizingStandardPlayout.java:79)
	at org.ggp.base.player.gamer.statemachine.MCTS.manager.hybrid.strategies.playout.StandardPlayout.playout(StandardPlayout.java:90)
	at org.ggp.base.player.gamer.statemachine.MCTS.manager.hybrid.HybridMctsManager.searchNext(HybridMctsManager.java:1245)
	at org.ggp.base.player.gamer.statemachine.MCTS.manager.hybrid.HybridMctsManager.performSearch(HybridMctsManager.java:857)
	at org.ggp.base.player.gamer.statemachine.MCTS.manager.hybrid.HybridMctsManager.search(HybridMctsManager.java:774)
	at org.ggp.base.player.gamer.statemachine.MCTS.MctsGamer.stateMachineSelectMove(MctsGamer.java:256)
	at org.ggp.base.player.gamer.statemachine.StateMachineGamer.selectMove(StateMachineGamer.java:280)
	at org.ggp.base.player.request.grammar.PlayRequest.process(PlayRequest.java:49)
	at org.ggp.base.player.GamePlayer.run(GamePlayer.java:162)
Caused by: org.apache.commons.math3.exception.NotANumberException: NaN is not allowed
	at org.apache.commons.math3.distribution.EnumeratedDistribution.<init>(EnumeratedDistribution.java:134)
	at org.apache.commons.math3.distribution.EnumeratedDistribution.<init>(EnumeratedDistribution.java:101)
	at org.ggp.base.player.gamer.statemachine.MCTS.manager.hybrid.strategies.playout.moveselector.GibbsAdaptivePlayoutMoveSelector.getMoveFromDistribution(GibbsAdaptivePlayoutMoveSelector.java:86)
	... 12 more
LOG 1641847145348 [L9]: <ERR> (in GamePlayer) An unhandled exception ocurred during move selection: org.ggp.base.player.gamer.exception.MoveSelectionException: java.lang.RuntimeException: org.apache.commons.math3.exception.NotANumberException: NaN is not allowed
	at org.ggp.base.player.gamer.statemachine.StateMachineGamer.selectMove(StateMachineGamer.java:285)
	at org.ggp.base.player.request.grammar.PlayRequest.process(PlayRequest.java:49)
	at org.ggp.base.player.GamePlayer.run(GamePlayer.java:162)
Caused by: java.lang.RuntimeException: org.apache.commons.math3.exception.NotANumberException: NaN is not allowed
	at org.ggp.base.player.gamer.statemachine.MCTS.manager.hybrid.strategies.playout.moveselector.GibbsAdaptivePlayoutMoveSelector.getMoveFromDistribution(GibbsAdaptivePlayoutMoveSelector.java:93)
	at org.ggp.base.player.gamer.statemachine.MCTS.manager.hybrid.strategies.playout.moveselector.GibbsAdaptivePlayoutMoveSelector.getMoveForRole(GibbsAdaptivePlayoutMoveSelector.java:63)
	at org.ggp.base.player.gamer.statemachine.MCTS.manager.hybrid.strategies.playout.StandardPlayout.getMoveForRole(StandardPlayout.java:179)
	at org.ggp.base.player.gamer.statemachine.MCTS.manager.hybrid.strategies.playout.PlayoutStrategy.getJointMove(PlayoutStrategy.java:95)
	at org.ggp.base.player.gamer.statemachine.MCTS.manager.hybrid.strategies.playout.MovesAndSiblingsMemorizingStandardPlayout.singlePlayout(MovesAndSiblingsMemorizingStandardPlayout.java:79)
	at org.ggp.base.player.gamer.statemachine.MCTS.manager.hybrid.strategies.playout.StandardPlayout.playout(StandardPlayout.java:90)
	at org.ggp.base.player.gamer.statemachine.MCTS.manager.hybrid.HybridMctsManager.searchNext(HybridMctsManager.java:1245)
	at org.ggp.base.player.gamer.statemachine.MCTS.manager.hybrid.HybridMctsManager.performSearch(HybridMctsManager.java:857)
	at org.ggp.base.player.gamer.statemachine.MCTS.manager.hybrid.HybridMctsManager.search(HybridMctsManager.java:774)
	at org.ggp.base.player.gamer.statemachine.MCTS.MctsGamer.stateMachineSelectMove(MctsGamer.java:256)
	at org.ggp.base.player.gamer.statemachine.StateMachineGamer.selectMove(StateMachineGamer.java:280)
	... 2 more
Caused by: org.apache.commons.math3.exception.NotANumberException: NaN is not allowed
	at org.apache.commons.math3.distribution.EnumeratedDistribution.<init>(EnumeratedDistribution.java:134)
	at org.apache.commons.math3.distribution.EnumeratedDistribution.<init>(EnumeratedDistribution.java:101)
	at org.ggp.base.player.gamer.statemachine.MCTS.manager.hybrid.strategies.playout.moveselector.GibbsAdaptivePlayoutMoveSelector.getMoveFromDistribution(GibbsAdaptivePlayoutMoveSelector.java:86)
	... 12 more
LOG 1641847155350 [L9]: <ERR> (in MoveSelector) AdaptivePlayoutMoveSelector - Error creating probability distribution when selecting a move in the playout!
LOG 1641847155351 [L9]: <ERR> (in GamePlayer) java.lang.RuntimeException: org.apache.commons.math3.exception.NotANumberException: NaN is not allowed
	at org.ggp.base.player.gamer.statemachine.MCTS.manager.hybrid.strategies.playout.moveselector.GibbsAdaptivePlayoutMoveSelector.getMoveFromDistribution(GibbsAdaptivePlayoutMoveSelector.java:93)
	at org.ggp.base.player.gamer.statemachine.MCTS.manager.hybrid.strategies.playout.moveselector.GibbsAdaptivePlayoutMoveSelector.getMoveForRole(GibbsAdaptivePlayoutMoveSelector.java:63)
	at org.ggp.base.player.gamer.statemachine.MCTS.manager.hybrid.strategies.playout.StandardPlayout.getMoveForRole(StandardPlayout.java:179)
	at org.ggp.base.player.gamer.statemachine.MCTS.manager.hybrid.strategies.playout.PlayoutStrategy.getJointMove(PlayoutStrategy.java:95)
	at org.ggp.base.player.gamer.statemachine.MCTS.manager.hybrid.strategies.playout.MovesAndSiblingsMemorizingStandardPlayout.singlePlayout(MovesAndSiblingsMemorizingStandardPlayout.java:79)
	at org.ggp.base.player.gamer.statemachine.MCTS.manager.hybrid.strategies.playout.StandardPlayout.playout(StandardPlayout.java:90)
	at org.ggp.base.player.gamer.statemachine.MCTS.manager.hybrid.HybridMctsManager.searchNext(HybridMctsManager.java:1245)
	at org.ggp.base.player.gamer.statemachine.MCTS.manager.hybrid.HybridMctsManager.performSearch(HybridMctsManager.java:857)
	at org.ggp.base.player.gamer.statemachine.MCTS.manager.hybrid.HybridMctsManager.search(HybridMctsManager.java:774)
	at org.ggp.base.player.gamer.statemachine.MCTS.MctsGamer.stateMachineSelectMove(MctsGamer.java:256)
	at org.ggp.base.player.gamer.statemachine.StateMachineGamer.selectMove(StateMachineGamer.java:280)
	at org.ggp.base.player.request.grammar.PlayRequest.process(PlayRequest.java:49)
	at org.ggp.base.player.GamePlayer.run(GamePlayer.java:162)
Caused by: org.apache.commons.math3.exception.NotANumberException: NaN is not allowed
	at org.apache.commons.math3.distribution.EnumeratedDistribution.<init>(EnumeratedDistribution.java:134)
	at org.apache.commons.math3.distribution.EnumeratedDistribution.<init>(EnumeratedDistribution.java:101)
	at org.ggp.base.player.gamer.statemachine.MCTS.manager.hybrid.strategies.playout.moveselector.GibbsAdaptivePlayoutMoveSelector.getMoveFromDistribution(GibbsAdaptivePlayoutMoveSelector.java:86)
	... 12 more
LOG 1641847155352 [L9]: <ERR> (in GamePlayer) An unhandled exception ocurred during move selection: org.ggp.base.player.gamer.exception.MoveSelectionException: java.lang.RuntimeException: org.apache.commons.math3.exception.NotANumberException: NaN is not allowed
	at org.ggp.base.player.gamer.statemachine.StateMachineGamer.selectMove(StateMachineGamer.java:285)
	at org.ggp.base.player.request.grammar.PlayRequest.process(PlayRequest.java:49)
	at org.ggp.base.player.GamePlayer.run(GamePlayer.java:162)
Caused by: java.lang.RuntimeException: org.apache.commons.math3.exception.NotANumberException: NaN is not allowed
	at org.ggp.base.player.gamer.statemachine.MCTS.manager.hybrid.strategies.playout.moveselector.GibbsAdaptivePlayoutMoveSelector.getMoveFromDistribution(GibbsAdaptivePlayoutMoveSelector.java:93)
	at org.ggp.base.player.gamer.statemachine.MCTS.manager.hybrid.strategies.playout.moveselector.GibbsAdaptivePlayoutMoveSelector.getMoveForRole(GibbsAdaptivePlayoutMoveSelector.java:63)
	at org.ggp.base.player.gamer.statemachine.MCTS.manager.hybrid.strategies.playout.StandardPlayout.getMoveForRole(StandardPlayout.java:179)
	at org.ggp.base.player.gamer.statemachine.MCTS.manager.hybrid.strategies.playout.PlayoutStrategy.getJointMove(PlayoutStrategy.java:95)
	at org.ggp.base.player.gamer.statemachine.MCTS.manager.hybrid.strategies.playout.MovesAndSiblingsMemorizingStandardPlayout.singlePlayout(MovesAndSiblingsMemorizingStandardPlayout.java:79)
	at org.ggp.base.player.gamer.statemachine.MCTS.manager.hybrid.strategies.playout.StandardPlayout.playout(StandardPlayout.java:90)
	at org.ggp.base.player.gamer.statemachine.MCTS.manager.hybrid.HybridMctsManager.searchNext(HybridMctsManager.java:1245)
	at org.ggp.base.player.gamer.statemachine.MCTS.manager.hybrid.HybridMctsManager.performSearch(HybridMctsManager.java:857)
	at org.ggp.base.player.gamer.statemachine.MCTS.manager.hybrid.HybridMctsManager.search(HybridMctsManager.java:774)
	at org.ggp.base.player.gamer.statemachine.MCTS.MctsGamer.stateMachineSelectMove(MctsGamer.java:256)
	at org.ggp.base.player.gamer.statemachine.StateMachineGamer.selectMove(StateMachineGamer.java:280)
	... 2 more
Caused by: org.apache.commons.math3.exception.NotANumberException: NaN is not allowed
	at org.apache.commons.math3.distribution.EnumeratedDistribution.<init>(EnumeratedDistribution.java:134)
	at org.apache.commons.math3.distribution.EnumeratedDistribution.<init>(EnumeratedDistribution.java:101)
	at org.ggp.base.player.gamer.statemachine.MCTS.manager.hybrid.strategies.playout.moveselector.GibbsAdaptivePlayoutMoveSelector.getMoveFromDistribution(GibbsAdaptivePlayoutMoveSelector.java:86)
	... 12 more
LOG 1641847165353 [L9]: <ERR> (in MoveSelector) AdaptivePlayoutMoveSelector - Error creating probability distribution when selecting a move in the playout!
LOG 1641847165354 [L9]: <ERR> (in GamePlayer) java.lang.RuntimeException: org.apache.commons.math3.exception.NotANumberException: NaN is not allowed
	at org.ggp.base.player.gamer.statemachine.MCTS.manager.hybrid.strategies.playout.moveselector.GibbsAdaptivePlayoutMoveSelector.getMoveFromDistribution(GibbsAdaptivePlayoutMoveSelector.java:93)
	at org.ggp.base.player.gamer.statemachine.MCTS.manager.hybrid.strategies.playout.moveselector.GibbsAdaptivePlayoutMoveSelector.getMoveForRole(GibbsAdaptivePlayoutMoveSelector.java:63)
	at org.ggp.base.player.gamer.statemachine.MCTS.manager.hybrid.strategies.playout.StandardPlayout.getMoveForRole(StandardPlayout.java:179)
	at org.ggp.base.player.gamer.statemachine.MCTS.manager.hybrid.strategies.playout.PlayoutStrategy.getJointMove(PlayoutStrategy.java:95)
	at org.ggp.base.player.gamer.statemachine.MCTS.manager.hybrid.strategies.playout.MovesAndSiblingsMemorizingStandardPlayout.singlePlayout(MovesAndSiblingsMemorizingStandardPlayout.java:79)
	at org.ggp.base.player.gamer.statemachine.MCTS.manager.hybrid.strategies.playout.StandardPlayout.playout(StandardPlayout.java:90)
	at org.ggp.base.player.gamer.statemachine.MCTS.manager.hybrid.HybridMctsManager.searchNext(HybridMctsManager.java:1245)
	at org.ggp.base.player.gamer.statemachine.MCTS.manager.hybrid.HybridMctsManager.performSearch(HybridMctsManager.java:857)
	at org.ggp.base.player.gamer.statemachine.MCTS.manager.hybrid.HybridMctsManager.search(HybridMctsManager.java:774)
	at org.ggp.base.player.gamer.statemachine.MCTS.MctsGamer.stateMachineSelectMove(MctsGamer.java:256)
	at org.ggp.base.player.gamer.statemachine.StateMachineGamer.selectMove(StateMachineGamer.java:280)
	at org.ggp.base.player.request.grammar.PlayRequest.process(PlayRequest.java:49)
	at org.ggp.base.player.GamePlayer.run(GamePlayer.java:162)
Caused by: org.apache.commons.math3.exception.NotANumberException: NaN is not allowed
	at org.apache.commons.math3.distribution.EnumeratedDistribution.<init>(EnumeratedDistribution.java:134)
	at org.apache.commons.math3.distribution.EnumeratedDistribution.<init>(EnumeratedDistribution.java:101)
	at org.ggp.base.player.gamer.statemachine.MCTS.manager.hybrid.strategies.playout.moveselector.GibbsAdaptivePlayoutMoveSelector.getMoveFromDistribution(GibbsAdaptivePlayoutMoveSelector.java:86)
	... 12 more
LOG 1641847165355 [L9]: <ERR> (in GamePlayer) An unhandled exception ocurred during move selection: org.ggp.base.player.gamer.exception.MoveSelectionException: java.lang.RuntimeException: org.apache.commons.math3.exception.NotANumberException: NaN is not allowed
	at org.ggp.base.player.gamer.statemachine.StateMachineGamer.selectMove(StateMachineGamer.java:285)
	at org.ggp.base.player.request.grammar.PlayRequest.process(PlayRequest.java:49)
	at org.ggp.base.player.GamePlayer.run(GamePlayer.java:162)
Caused by: java.lang.RuntimeException: org.apache.commons.math3.exception.NotANumberException: NaN is not allowed
	at org.ggp.base.player.gamer.statemachine.MCTS.manager.hybrid.strategies.playout.moveselector.GibbsAdaptivePlayoutMoveSelector.getMoveFromDistribution(GibbsAdaptivePlayoutMoveSelector.java:93)
	at org.ggp.base.player.gamer.statemachine.MCTS.manager.hybrid.strategies.playout.moveselector.GibbsAdaptivePlayoutMoveSelector.getMoveForRole(GibbsAdaptivePlayoutMoveSelector.java:63)
	at org.ggp.base.player.gamer.statemachine.MCTS.manager.hybrid.strategies.playout.StandardPlayout.getMoveForRole(StandardPlayout.java:179)
	at org.ggp.base.player.gamer.statemachine.MCTS.manager.hybrid.strategies.playout.PlayoutStrategy.getJointMove(PlayoutStrategy.java:95)
	at org.ggp.base.player.gamer.statemachine.MCTS.manager.hybrid.strategies.playout.MovesAndSiblingsMemorizingStandardPlayout.singlePlayout(MovesAndSiblingsMemorizingStandardPlayout.java:79)
	at org.ggp.base.player.gamer.statemachine.MCTS.manager.hybrid.strategies.playout.StandardPlayout.playout(StandardPlayout.java:90)
	at org.ggp.base.player.gamer.statemachine.MCTS.manager.hybrid.HybridMctsManager.searchNext(HybridMctsManager.java:1245)
	at org.ggp.base.player.gamer.statemachine.MCTS.manager.hybrid.HybridMctsManager.performSearch(HybridMctsManager.java:857)
	at org.ggp.base.player.gamer.statemachine.MCTS.manager.hybrid.HybridMctsManager.search(HybridMctsManager.java:774)
	at org.ggp.base.player.gamer.statemachine.MCTS.MctsGamer.stateMachineSelectMove(MctsGamer.java:256)
	at org.ggp.base.player.gamer.statemachine.StateMachineGamer.selectMove(StateMachineGamer.java:280)
	... 2 more
Caused by: org.apache.commons.math3.exception.NotANumberException: NaN is not allowed
	at org.apache.commons.math3.distribution.EnumeratedDistribution.<init>(EnumeratedDistribution.java:134)
	at org.apache.commons.math3.distribution.EnumeratedDistribution.<init>(EnumeratedDistribution.java:101)
	at org.ggp.base.player.gamer.statemachine.MCTS.manager.hybrid.strategies.playout.moveselector.GibbsAdaptivePlayoutMoveSelector.getMoveFromDistribution(GibbsAdaptivePlayoutMoveSelector.java:86)
	... 12 more
LOG 1641847175357 [L9]: <ERR> (in MoveSelector) AdaptivePlayoutMoveSelector - Error creating probability distribution when selecting a move in the playout!
LOG 1641847175358 [L9]: <ERR> (in GamePlayer) java.lang.RuntimeException: org.apache.commons.math3.exception.NotANumberException: NaN is not allowed
	at org.ggp.base.player.gamer.statemachine.MCTS.manager.hybrid.strategies.playout.moveselector.GibbsAdaptivePlayoutMoveSelector.getMoveFromDistribution(GibbsAdaptivePlayoutMoveSelector.java:93)
	at org.ggp.base.player.gamer.statemachine.MCTS.manager.hybrid.strategies.playout.moveselector.GibbsAdaptivePlayoutMoveSelector.getMoveForRole(GibbsAdaptivePlayoutMoveSelector.java:63)
	at org.ggp.base.player.gamer.statemachine.MCTS.manager.hybrid.strategies.playout.StandardPlayout.getMoveForRole(StandardPlayout.java:179)
	at org.ggp.base.player.gamer.statemachine.MCTS.manager.hybrid.strategies.playout.PlayoutStrategy.getJointMove(PlayoutStrategy.java:95)
	at org.ggp.base.player.gamer.statemachine.MCTS.manager.hybrid.strategies.playout.MovesAndSiblingsMemorizingStandardPlayout.singlePlayout(MovesAndSiblingsMemorizingStandardPlayout.java:79)
	at org.ggp.base.player.gamer.statemachine.MCTS.manager.hybrid.strategies.playout.StandardPlayout.playout(StandardPlayout.java:90)
	at org.ggp.base.player.gamer.statemachine.MCTS.manager.hybrid.HybridMctsManager.searchNext(HybridMctsManager.java:1245)
	at org.ggp.base.player.gamer.statemachine.MCTS.manager.hybrid.HybridMctsManager.performSearch(HybridMctsManager.java:857)
	at org.ggp.base.player.gamer.statemachine.MCTS.manager.hybrid.HybridMctsManager.search(HybridMctsManager.java:774)
	at org.ggp.base.player.gamer.statemachine.MCTS.MctsGamer.stateMachineSelectMove(MctsGamer.java:256)
	at org.ggp.base.player.gamer.statemachine.StateMachineGamer.selectMove(StateMachineGamer.java:280)
	at org.ggp.base.player.request.grammar.PlayRequest.process(PlayRequest.java:49)
	at org.ggp.base.player.GamePlayer.run(GamePlayer.java:162)
Caused by: org.apache.commons.math3.exception.NotANumberException: NaN is not allowed
	at org.apache.commons.math3.distribution.EnumeratedDistribution.<init>(EnumeratedDistribution.java:134)
	at org.apache.commons.math3.distribution.EnumeratedDistribution.<init>(EnumeratedDistribution.java:101)
	at org.ggp.base.player.gamer.statemachine.MCTS.manager.hybrid.strategies.playout.moveselector.GibbsAdaptivePlayoutMoveSelector.getMoveFromDistribution(GibbsAdaptivePlayoutMoveSelector.java:86)
	... 12 more
LOG 1641847175358 [L9]: <ERR> (in GamePlayer) An unhandled exception ocurred during move selection: org.ggp.base.player.gamer.exception.MoveSelectionException: java.lang.RuntimeException: org.apache.commons.math3.exception.NotANumberException: NaN is not allowed
	at org.ggp.base.player.gamer.statemachine.StateMachineGamer.selectMove(StateMachineGamer.java:285)
	at org.ggp.base.player.request.grammar.PlayRequest.process(PlayRequest.java:49)
	at org.ggp.base.player.GamePlayer.run(GamePlayer.java:162)
Caused by: java.lang.RuntimeException: org.apache.commons.math3.exception.NotANumberException: NaN is not allowed
	at org.ggp.base.player.gamer.statemachine.MCTS.manager.hybrid.strategies.playout.moveselector.GibbsAdaptivePlayoutMoveSelector.getMoveFromDistribution(GibbsAdaptivePlayoutMoveSelector.java:93)
	at org.ggp.base.player.gamer.statemachine.MCTS.manager.hybrid.strategies.playout.moveselector.GibbsAdaptivePlayoutMoveSelector.getMoveForRole(GibbsAdaptivePlayoutMoveSelector.java:63)
	at org.ggp.base.player.gamer.statemachine.MCTS.manager.hybrid.strategies.playout.StandardPlayout.getMoveForRole(StandardPlayout.java:179)
	at org.ggp.base.player.gamer.statemachine.MCTS.manager.hybrid.strategies.playout.PlayoutStrategy.getJointMove(PlayoutStrategy.java:95)
	at org.ggp.base.player.gamer.statemachine.MCTS.manager.hybrid.strategies.playout.MovesAndSiblingsMemorizingStandardPlayout.singlePlayout(MovesAndSiblingsMemorizingStandardPlayout.java:79)
	at org.ggp.base.player.gamer.statemachine.MCTS.manager.hybrid.strategies.playout.StandardPlayout.playout(StandardPlayout.java:90)
	at org.ggp.base.player.gamer.statemachine.MCTS.manager.hybrid.HybridMctsManager.searchNext(HybridMctsManager.java:1245)
	at org.ggp.base.player.gamer.statemachine.MCTS.manager.hybrid.HybridMctsManager.performSearch(HybridMctsManager.java:857)
	at org.ggp.base.player.gamer.statemachine.MCTS.manager.hybrid.HybridMctsManager.search(HybridMctsManager.java:774)
	at org.ggp.base.player.gamer.statemachine.MCTS.MctsGamer.stateMachineSelectMove(MctsGamer.java:256)
	at org.ggp.base.player.gamer.statemachine.StateMachineGamer.selectMove(StateMachineGamer.java:280)
	... 2 more
Caused by: org.apache.commons.math3.exception.NotANumberException: NaN is not allowed
	at org.apache.commons.math3.distribution.EnumeratedDistribution.<init>(EnumeratedDistribution.java:134)
	at org.apache.commons.math3.distribution.EnumeratedDistribution.<init>(EnumeratedDistribution.java:101)
	at org.ggp.base.player.gamer.statemachine.MCTS.manager.hybrid.strategies.playout.moveselector.GibbsAdaptivePlayoutMoveSelector.getMoveFromDistribution(GibbsAdaptivePlayoutMoveSelector.java:86)
	... 12 more
