LOG 1641833625267 [L3]: Returning initial state machine.
LOG 1641833625268 [L3]: Returning PropNet state machine without cache.
LOG 1641833625269 [L3]: Starting metagame with available thinking time 4989ms.
LOG 1641833625271 [L3]: Starting search during metagame.
LOG 1641833630258 [L3]: Done searching during metagame.
LOG 1641833630262 [L3]: Starting move selection for game step 1 with available time 0ms.
LOG 1641833630262 [L3]: No time to select next move using MCTS. Returning random move ( drop 3 ).
LOG 1641833630266 [L3]: Starting move selection for game step 2 with available time 0ms.
LOG 1641833630271 [L3]: No time to select next move using MCTS. Returning random move noop.
LOG 1641833630274 [L3]: Starting move selection for game step 3 with available time 0ms.
LOG 1641833630285 [L3]: No time to select next move using MCTS. Returning random move ( drop 1 ).
LOG 1641833630288 [L3]: Starting move selection for game step 4 with available time 0ms.
LOG 1641833630301 [L3]: No time to select next move using MCTS. Returning random move noop.
LOG 1641833630305 [L3]: Starting move selection for game step 5 with available time 0ms.
LOG 1641833630305 [L3]: No time to select next move using MCTS. Returning random move ( drop 5 ).
LOG 1641833630309 [L3]: Starting move selection for game step 6 with available time 0ms.
LOG 1641833630310 [L3]: No time to select next move using MCTS. Returning random move noop.
LOG 1641833630314 [L3]: Starting move selection for game step 7 with available time 0ms.
LOG 1641833630314 [L3]: No time to select next move using MCTS. Returning random move ( drop 5 ).
LOG 1641833630318 [L3]: Starting move selection for game step 8 with available time 0ms.
LOG 1641833630319 [L3]: No time to select next move using MCTS. Returning random move noop.
