LOG 1641844169842 [L3]: Started match logging at: Mon Jan 10 20:49:29 CET 2022
LOG 1641844169843 [L3]: Game rules: [( role x ), ( role o ), ( init ( quad x 12 ) ), ( init ( quad o 12 ) ), ( init ( white x 5 ) ), ( init ( white o 5 ) ), ( init ( cell r1 c2 b ) ), ( init ( cell r1 c3 b ) ), ( init ( cell r1 c4 b ) ), ( init ( cell r1 c5 b ) ), ( init ( cell r1 c6 b ) ), ( init ( cell r2 c1 b ) ), ( init ( cell r2 c2 b ) ), ( init ( cell r2 c3 b ) ), ( init ( cell r2 c4 b ) ), ( init ( cell r2 c5 b ) ), ( init ( cell r2 c6 b ) ), ( init ( cell r2 c7 b ) ), ( init ( cell r3 c1 b ) ), ( init ( cell r3 c2 b ) ), ( init ( cell r3 c3 b ) ), ( init ( cell r3 c4 b ) ), ( init ( cell r3 c5 b ) ), ( init ( cell r3 c6 b ) ), ( init ( cell r3 c7 b ) ), ( init ( cell r4 c1 b ) ), ( init ( cell r4 c2 b ) ), ( init ( cell r4 c3 b ) ), ( init ( cell r4 c4 b ) ), ( init ( cell r4 c5 b ) ), ( init ( cell r4 c6 b ) ), ( init ( cell r4 c7 b ) ), ( init ( cell r5 c1 b ) ), ( init ( cell r5 c2 b ) ), ( init ( cell r5 c3 b ) ), ( init ( cell r5 c4 b ) ), ( init ( cell r5 c5 b ) ), ( init ( cell r5 c6 b ) ), ( init ( cell r5 c7 b ) ), ( init ( cell r6 c1 b ) ), ( init ( cell r6 c2 b ) ), ( init ( cell r6 c3 b ) ), ( init ( cell r6 c4 b ) ), ( init ( cell r6 c5 b ) ), ( init ( cell r6 c6 b ) ), ( init ( cell r6 c7 b ) ), ( init ( cell r7 c2 b ) ), ( init ( cell r7 c3 b ) ), ( init ( cell r7 c4 b ) ), ( init ( cell r7 c5 b ) ), ( init ( cell r7 c6 b ) ), ( init ( control x ) ), ( ncol c1 c2 ), ( ncol c2 c3 ), ( ncol c3 c4 ), ( ncol c4 c5 ), ( ncol c5 c6 ), ( ncol c6 c7 ), ( nrow r1 r2 ), ( nrow r2 r3 ), ( nrow r3 r4 ), ( nrow r4 r5 ), ( nrow r5 r6 ), ( nrow r6 r7 ), ( <= ( prow ?x ?y ) ( nrow ?y ?x ) ), ( <= ( pcol ?x ?y ) ( ncol ?y ?x ) ), ( succ 0 1 ), ( succ 1 2 ), ( succ 2 3 ), ( succ 3 4 ), ( succ 4 5 ), ( succ 5 6 ), ( succ 6 7 ), ( succ 7 8 ), ( succ 8 9 ), ( succ 9 10 ), ( succ 10 11 ), ( succ 11 12 ), ( succ 12 13 ), ( succ 13 14 ), ( succ 14 15 ), ( succ 15 16 ), ( succ 16 17 ), ( succ 17 18 ), ( succ 18 19 ), ( succ 19 20 ), ( <= ( legal ?player ( mark ?x ?y ) ) ( true ( cell ?x ?y b ) ) ( true ( control ?player ) ) ), ( <= ( legal ?player ( block ?x ?y ) ) ( true ( cell ?x ?y b ) ) ( true ( control ?player ) ) ( true ( white ?player ?c ) ) ( distinct ?c 0 ) ), ( <= ( legal x noop ) ( true ( control o ) ) ), ( <= ( legal o noop ) ( true ( control x ) ) ), ( <= ( next ( cell ?m ?n ?p ) ) ( does ?p ( mark ?m ?n ) ) ), ( <= ( next ( cell ?m ?n w ) ) ( does ?p ( block ?m ?n ) ) ), ( <= ( next ( cell ?m ?n ?p ) ) ( true ( cell ?m ?n ?p ) ) ( distinct ?p b ) ), ( <= ( next ( cell ?m ?n b ) ) ( does ?W ( mark ?j ?k ) ) ( true ( cell ?m ?n b ) ) ( distinct ?m ?j ) ), ( <= ( next ( cell ?m ?n b ) ) ( does ?W ( mark ?j ?k ) ) ( true ( cell ?m ?n b ) ) ( distinct ?n ?k ) ), ( <= ( next ( cell ?m ?n b ) ) ( does ?W ( block ?j ?k ) ) ( true ( cell ?m ?n b ) ) ( distinct ?m ?j ) ), ( <= ( next ( cell ?m ?n b ) ) ( does ?W ( block ?j ?k ) ) ( true ( cell ?m ?n b ) ) ( distinct ?n ?k ) ), ( <= ( next ( quad ?p ?c ) ) ( true ( control ?q ) ) ( true ( quad ?p ?c ) ) ( distinct ?p ?q ) ), ( <= ( next ( white ?p ?c ) ) ( true ( control ?q ) ) ( true ( white ?p ?c ) ) ( distinct ?p ?q ) ), ( <= ( next ( quad ?p ?c ) ) ( does ?p ( mark ?j ?k ) ) ( true ( quad ?p ?c1 ) ) ( succ ?c ?c1 ) ), ( <= ( next ( white ?p ?c ) ) ( does ?p ( block ?j ?k ) ) ( true ( white ?p ?c1 ) ) ( succ ?c ?c1 ) ), ( <= ( next ( quad ?p ?c ) ) ( does ?p ( block ?j ?k ) ) ( true ( quad ?p ?c ) ) ), ( <= ( next ( white ?p ?c ) ) ( does ?p ( mark ?j ?k ) ) ( true ( white ?p ?c ) ) ), ( <= ( next ( control x ) ) ( does o ( mark ?j ?k ) ) ( true ( control o ) ) ), ( <= ( next ( control o ) ) ( does x ( mark ?j ?k ) ) ( true ( control x ) ) ), ( <= ( next ( control ?p ) ) ( does ?p ( block ?j ?k ) ) ( true ( control ?p ) ) ), ( <= ( square ?x1 ?y1 ?x1 ?y2 ?x2 ?y1 ?x2 ?y2 ) ( ncol ?y1 ?y2 ) ( nrow ?x1 ?x2 ) ), ( <= ( square ?x1 ?y1 ?x1 ?y2 ?x2 ?y1 ?x2 ?y2 ) ( ncol ?y3 ?y2 ) ( nrow ?x3 ?x2 ) ( square ?x1 ?y1 ?x1 ?y3 ?x3 ?y1 ?x3 ?y3 ) ), ( <= ( square ?x1 ?y1 ?x2 ?y2 ?x3 ?y3 ?x4 ?y4 ) ( prow ?x2p ?x2 ) ( ncol ?y3n ?y3 ) ( prow ?x4p ?x4 ) ( ncol ?y4n ?y4 ) ( square ?x1 ?y1 ?x2p ?y2 ?x3 ?y3n ?x4p ?y4n ) ), ( <= win ( true ( cell ?x1 ?y1 x ) ) ( true ( cell ?x2 ?y2 x ) ) ( true ( cell ?x3 ?y3 x ) ) ( true ( cell ?x4 ?y4 x ) ) ( square ?x1 ?y1 ?x2 ?y2 ?x3 ?y3 ?x4 ?y4 ) ), ( <= lose ( true ( cell ?x1 ?y1 o ) ) ( true ( cell ?x2 ?y2 o ) ) ( true ( cell ?x3 ?y3 o ) ) ( true ( cell ?x4 ?y4 o ) ) ( square ?x1 ?y1 ?x2 ?y2 ?x3 ?y3 ?x4 ?y4 ) ), ( <= winByOpenQuad ( not lose ) ( not open ) ( true ( cell ?x1 ?y1 x ) ) ( true ( cell ?x2 ?y2 x ) ) ( true ( cell ?x3 ?y3 x ) ) ( true ( cell ?x4 ?y4 b ) ) ( square ?x1 ?y1 ?x2 ?y2 ?x3 ?y3 ?x4 ?y4 ) ), ( <= winByOpenQuad ( not lose ) ( not open ) ( true ( cell ?x1 ?y1 x ) ) ( true ( cell ?x2 ?y2 b ) ) ( true ( cell ?x3 ?y3 x ) ) ( true ( cell ?x4 ?y4 x ) ) ( square ?x1 ?y1 ?x2 ?y2 ?x3 ?y3 ?x4 ?y4 ) ), ( <= winByOpenQuad ( not lose ) ( not open ) ( true ( cell ?x1 ?y1 x ) ) ( true ( cell ?x2 ?y2 x ) ) ( true ( cell ?x3 ?y3 b ) ) ( true ( cell ?x4 ?y4 x ) ) ( square ?x1 ?y1 ?x2 ?y2 ?x3 ?y3 ?x4 ?y4 ) ), ( <= winByOpenQuad ( not lose ) ( not open ) ( true ( cell ?x1 ?y1 b ) ) ( true ( cell ?x2 ?y2 x ) ) ( true ( cell ?x3 ?y3 x ) ) ( true ( cell ?x4 ?y4 x ) ) ( square ?x1 ?y1 ?x2 ?y2 ?x3 ?y3 ?x4 ?y4 ) ), ( <= open ( true ( quad ?p ?c ) ) ( distinct ?c 0 ) ), ( <= ( more ?x 0 ) ( succ ?y ?x ) ), ( <= ( more ?x ?y ) ( succ ?x1 ?x ) ( succ ?y1 ?y ) ( more ?x1 ?y1 ) ), ( <= morewhite ( true ( white x ?a ) ) ( true ( white o ?b ) ) ( more ?a ?b ) ), ( <= lesswhite ( true ( white x ?a ) ) ( true ( white o ?b ) ) ( more ?b ?a ) ), ( <= equalwhite ( true ( white x ?a ) ) ( true ( white o ?a ) ) ), ( <= ( goal x 100 ) win ), ( <= ( goal x 95 ) ( not win ) winByOpenQuad ), ( <= ( goal x 90 ) ( not win ) ( not winByOpenQuad ) ( not lose ) ( not open ) morewhite ), ( <= ( goal x 50 ) ( not win ) ( not winByOpenQuad ) ( not lose ) ( not open ) equalwhite ), ( <= ( goal x 10 ) ( not win ) ( not winByOpenQuad ) ( not lose ) ( not open ) lesswhite ), ( <= ( goal x 0 ) lose ), ( <= ( goal o 100 ) lose ), ( <= ( goal o 90 ) ( not win ) ( not winByOpenQuad ) ( not lose ) ( not open ) lesswhite ), ( <= ( goal o 50 ) ( not win ) ( not winByOpenQuad ) ( not lose ) ( not open ) equalwhite ), ( <= ( goal o 10 ) ( not win ) ( not winByOpenQuad ) ( not lose ) ( not open ) morewhite ), ( <= ( goal o 5 ) ( not win ) winByOpenQuad ), ( <= ( goal o 0 ) win ), ( <= terminal win ), ( <= terminal lose ), ( <= terminal ( not open ) )]
LOG 1641844169850 [L3]: Start clock: 15
LOG 1641844169850 [L3]: Play clock: 10
LOG 1641844174841 [L0]: [Sent at 1641844174841] ready
LOG 1641844174843 [L0]: [Received at 1641844174843] ( PLAY 1.quad_7x7.1641844169301 NIL )
LOG 1641844174845 [L0]: [Sent at 1641844174845] noop
LOG 1641844174847 [L0]: [Received at 1641844174847] ( PLAY 1.quad_7x7.1641844169301 (( block r2 c4 ) noop ) )
LOG 1641844174851 [L0]: [Sent at 1641844174851] noop
LOG 1641844174855 [L0]: [Received at 1641844174855] ( PLAY 1.quad_7x7.1641844169301 (( block r5 c5 ) noop ) )
LOG 1641844174866 [L0]: [Sent at 1641844174866] noop
LOG 1641844174869 [L0]: [Received at 1641844174869] ( PLAY 1.quad_7x7.1641844169301 (( mark r2 c2 ) noop ) )
LOG 1641844174875 [L0]: [Sent at 1641844174875] ( mark r1 c2 )
LOG 1641844174879 [L0]: [Received at 1641844174879] ( PLAY 1.quad_7x7.1641844169301 (noop ( mark r1 c2 ) ) )
LOG 1641844174880 [L0]: [Sent at 1641844174880] noop
LOG 1641844174883 [L0]: [Received at 1641844174883] ( PLAY 1.quad_7x7.1641844169301 (( block r4 c6 ) noop ) )
LOG 1641844174885 [L0]: [Sent at 1641844174885] noop
LOG 1641844174887 [L0]: [Received at 1641844174887] ( PLAY 1.quad_7x7.1641844169301 (( block r5 c3 ) noop ) )
LOG 1641844174889 [L0]: [Sent at 1641844174889] noop
LOG 1641844174892 [L0]: [Received at 1641844174892] ( PLAY 1.quad_7x7.1641844169301 (( mark r7 c2 ) noop ) )
LOG 1641844174894 [L0]: [Sent at 1641844174894] ( mark r2 c1 )
LOG 1641844174897 [L0]: [Received at 1641844174897] ( PLAY 1.quad_7x7.1641844169301 (noop ( mark r2 c1 ) ) )
LOG 1641844174899 [L0]: [Sent at 1641844174899] noop
LOG 1641844174901 [L0]: [Received at 1641844174901] ( PLAY 1.quad_7x7.1641844169301 (( block r5 c1 ) noop ) )
LOG 1641844174903 [L0]: [Sent at 1641844174903] noop
LOG 1641844174908 [L0]: [Received at 1641844174908] ( PLAY 1.quad_7x7.1641844169301 (( mark r5 c6 ) noop ) )
LOG 1641844174909 [L0]: [Sent at 1641844174909] ( mark r5 c7 )
LOG 1641844174916 [L0]: [Received at 1641844174916] ( PLAY 1.quad_7x7.1641844169301 (noop ( mark r5 c7 ) ) )
LOG 1641844174918 [L0]: [Sent at 1641844174918] noop
LOG 1641844174927 [L0]: [Received at 1641844174927] ( PLAY 1.quad_7x7.1641844169301 (( mark r1 c5 ) noop ) )
LOG 1641844174928 [L0]: [Sent at 1641844174928] ( block r6 c2 )
LOG 1641844174932 [L0]: [Received at 1641844174932] ( PLAY 1.quad_7x7.1641844169301 (noop ( block r6 c2 ) ) )
LOG 1641844174934 [L0]: [Sent at 1641844174934] ( block r4 c7 )
LOG 1641844174936 [L0]: [Received at 1641844174936] ( PLAY 1.quad_7x7.1641844169301 (noop ( block r4 c7 ) ) )
LOG 1641844174938 [L0]: [Sent at 1641844174938] ( mark r3 c5 )
LOG 1641844174949 [L0]: [Received at 1641844174949] ( PLAY 1.quad_7x7.1641844169301 (noop ( mark r3 c5 ) ) )
LOG 1641844174950 [L0]: [Sent at 1641844174950] noop
LOG 1641844174964 [L0]: [Received at 1641844174964] ( PLAY 1.quad_7x7.1641844169301 (( mark r6 c4 ) noop ) )
LOG 1641844174966 [L0]: [Sent at 1641844174966] ( block r3 c4 )
LOG 1641844174969 [L0]: [Received at 1641844174969] ( PLAY 1.quad_7x7.1641844169301 (noop ( block r3 c4 ) ) )
LOG 1641844174971 [L0]: [Sent at 1641844174971] ( block r3 c7 )
LOG 1641844174974 [L0]: [Received at 1641844174974] ( PLAY 1.quad_7x7.1641844169301 (noop ( block r3 c7 ) ) )
LOG 1641844174975 [L0]: [Sent at 1641844174975] ( block r1 c4 )
LOG 1641844174978 [L0]: [Received at 1641844174978] ( PLAY 1.quad_7x7.1641844169301 (noop ( block r1 c4 ) ) )
LOG 1641844174979 [L0]: [Sent at 1641844174979] ( mark r2 c6 )
LOG 1641844175002 [L0]: [Received at 1641844175002] ( PLAY 1.quad_7x7.1641844169301 (noop ( mark r2 c6 ) ) )
LOG 1641844175004 [L0]: [Sent at 1641844175004] noop
LOG 1641844175029 [L0]: [Received at 1641844175029] ( PLAY 1.quad_7x7.1641844169301 (( mark r5 c2 ) noop ) )
LOG 1641844175031 [L0]: [Sent at 1641844175031] ( mark r7 c3 )
LOG 1641844175060 [L0]: [Received at 1641844175060] ( PLAY 1.quad_7x7.1641844169301 (noop ( mark r7 c3 ) ) )
LOG 1641844175061 [L0]: [Sent at 1641844175061] noop
LOG 1641844175110 [L0]: [Received at 1641844175110] ( PLAY 1.quad_7x7.1641844169301 (( mark r2 c3 ) noop ) )
LOG 1641844175111 [L0]: [Sent at 1641844175111] ( mark r7 c5 )
LOG 1641844175151 [L0]: [Received at 1641844175151] ( PLAY 1.quad_7x7.1641844169301 (noop ( mark r7 c5 ) ) )
LOG 1641844175153 [L0]: [Sent at 1641844175153] noop
LOG 1641844175206 [L0]: [Received at 1641844175206] ( PLAY 1.quad_7x7.1641844169301 (( mark r7 c6 ) noop ) )
LOG 1641844175208 [L0]: [Sent at 1641844175208] ( mark r3 c2 )
LOG 1641844175271 [L0]: [Received at 1641844175271] ( PLAY 1.quad_7x7.1641844169301 (noop ( mark r3 c2 ) ) )
LOG 1641844175272 [L0]: [Sent at 1641844175272] noop
LOG 1641844175372 [L0]: [Received at 1641844175372] ( PLAY 1.quad_7x7.1641844169301 (( mark r7 c4 ) noop ) )
LOG 1641844175373 [L0]: [Sent at 1641844175373] ( mark r2 c7 )
LOG 1641844175504 [L0]: [Received at 1641844175504] ( PLAY 1.quad_7x7.1641844169301 (noop ( mark r2 c7 ) ) )
LOG 1641844175506 [L0]: [Sent at 1641844175506] noop
LOG 1641844175737 [L0]: [Received at 1641844175737] ( STOP 1.quad_7x7.1641844169301 (( mark r5 c4 ) noop ) )
LOG 1641844175737 [L3]: Stopped logging to files at: Mon Jan 10 20:49:35 CET 2022
LOG 1641844175737 [L3]: LOG SEALED
