LOG 1641834437814 [L3]: Started match logging at: Mon Jan 10 18:07:17 CET 2022
LOG 1641834437815 [L3]: Game rules: [( role white ), ( role black ), ( <= ( base ( cellHolds ?x ?y ?p ) ) ( index ?x ) ( index ?y ) ( role ?p ) ), ( <= ( base ( control ?p ) ) ( role ?p ) ), ( <= ( input ?p noop ) ( role ?p ) ), ( <= ( input white ( move ?x ?y1 ?x ?y2 ) ) ( index ?x ) ( succ ?y1 ?y2 ) ), ( <= ( input white ( move ?x1 ?y1 ?x2 ?y2 ) ) ( succ ?y1 ?y2 ) ( succ ?x1 ?x2 ) ), ( <= ( input white ( move ?x1 ?y1 ?x2 ?y2 ) ) ( succ ?y1 ?y2 ) ( succ ?x2 ?x1 ) ), ( <= ( input black ( move ?x ?y1 ?x ?y2 ) ) ( index ?x ) ( succ ?y2 ?y1 ) ), ( <= ( input black ( move ?x1 ?y1 ?x2 ?y2 ) ) ( succ ?y2 ?y1 ) ( succ ?x1 ?x2 ) ), ( <= ( input black ( move ?x1 ?y1 ?x2 ?y2 ) ) ( succ ?y2 ?y1 ) ( succ ?x2 ?x1 ) ), ( init ( cellHolds 1 1 white ) ), ( init ( cellHolds 2 1 white ) ), ( init ( cellHolds 3 1 white ) ), ( init ( cellHolds 4 1 white ) ), ( init ( cellHolds 5 1 white ) ), ( init ( cellHolds 6 1 white ) ), ( init ( cellHolds 7 1 white ) ), ( init ( cellHolds 8 1 white ) ), ( init ( cellHolds 1 2 white ) ), ( init ( cellHolds 2 2 white ) ), ( init ( cellHolds 3 2 white ) ), ( init ( cellHolds 4 2 white ) ), ( init ( cellHolds 5 2 white ) ), ( init ( cellHolds 6 2 white ) ), ( init ( cellHolds 7 2 white ) ), ( init ( cellHolds 8 2 white ) ), ( init ( cellHolds 1 7 black ) ), ( init ( cellHolds 2 7 black ) ), ( init ( cellHolds 3 7 black ) ), ( init ( cellHolds 4 7 black ) ), ( init ( cellHolds 5 7 black ) ), ( init ( cellHolds 6 7 black ) ), ( init ( cellHolds 7 7 black ) ), ( init ( cellHolds 8 7 black ) ), ( init ( cellHolds 1 8 black ) ), ( init ( cellHolds 2 8 black ) ), ( init ( cellHolds 3 8 black ) ), ( init ( cellHolds 4 8 black ) ), ( init ( cellHolds 5 8 black ) ), ( init ( cellHolds 6 8 black ) ), ( init ( cellHolds 7 8 black ) ), ( init ( cellHolds 8 8 black ) ), ( init ( control white ) ), ( <= ( legal white ( move ?x ?y1 ?x ?y2 ) ) ( true ( control white ) ) ( true ( cellHolds ?x ?y1 white ) ) ( succ ?y1 ?y2 ) ( cellEmpty ?x ?y2 ) ), ( <= ( legal white ( move ?x1 ?y1 ?x2 ?y2 ) ) ( true ( control white ) ) ( true ( cellHolds ?x1 ?y1 white ) ) ( succ ?y1 ?y2 ) ( succ ?x1 ?x2 ) ( not ( true ( cellHolds ?x2 ?y2 white ) ) ) ), ( <= ( legal white ( move ?x1 ?y1 ?x2 ?y2 ) ) ( true ( control white ) ) ( true ( cellHolds ?x1 ?y1 white ) ) ( succ ?y1 ?y2 ) ( succ ?x2 ?x1 ) ( not ( true ( cellHolds ?x2 ?y2 white ) ) ) ), ( <= ( legal black ( move ?x ?y1 ?x ?y2 ) ) ( true ( control black ) ) ( true ( cellHolds ?x ?y1 black ) ) ( succ ?y2 ?y1 ) ( cellEmpty ?x ?y2 ) ), ( <= ( legal black ( move ?x1 ?y1 ?x2 ?y2 ) ) ( true ( control black ) ) ( true ( cellHolds ?x1 ?y1 black ) ) ( succ ?y2 ?y1 ) ( succ ?x1 ?x2 ) ( not ( true ( cellHolds ?x2 ?y2 black ) ) ) ), ( <= ( legal black ( move ?x1 ?y1 ?x2 ?y2 ) ) ( true ( control black ) ) ( true ( cellHolds ?x1 ?y1 black ) ) ( succ ?y2 ?y1 ) ( succ ?x2 ?x1 ) ( not ( true ( cellHolds ?x2 ?y2 black ) ) ) ), ( <= ( legal white noop ) ( true ( control black ) ) ), ( <= ( legal black noop ) ( true ( control white ) ) ), ( <= ( next ( cellHolds ?x2 ?y2 ?player ) ) ( role ?player ) ( does ?player ( move ?x1 ?y1 ?x2 ?y2 ) ) ), ( <= ( next ( cellHolds ?x3 ?y3 ?state ) ) ( true ( cellHolds ?x3 ?y3 ?state ) ) ( role ?player ) ( does ?player ( move ?x1 ?y1 ?x2 ?y2 ) ) ( distinctCell ?x1 ?y1 ?x3 ?y3 ) ( distinctCell ?x2 ?y2 ?x3 ?y3 ) ), ( <= ( next ( control white ) ) ( true ( control black ) ) ), ( <= ( next ( control black ) ) ( true ( control white ) ) ), ( <= terminal whiteWin ), ( <= terminal blackWin ), ( <= ( goal white 100 ) whiteWin ), ( <= ( goal white 0 ) ( not whiteWin ) ), ( <= ( goal black 100 ) blackWin ), ( <= ( goal black 0 ) ( not blackWin ) ), ( <= ( cell ?x ?y ) ( index ?x ) ( index ?y ) ), ( <= ( cellEmpty ?x ?y ) ( cell ?x ?y ) ( not ( true ( cellHolds ?x ?y white ) ) ) ( not ( true ( cellHolds ?x ?y black ) ) ) ), ( <= ( distinctCell ?x1 ?y1 ?x2 ?y2 ) ( cell ?x1 ?y1 ) ( cell ?x2 ?y2 ) ( distinct ?x1 ?x2 ) ), ( <= ( distinctCell ?x1 ?y1 ?x2 ?y2 ) ( cell ?x1 ?y1 ) ( cell ?x2 ?y2 ) ( distinct ?y1 ?y2 ) ), ( <= whiteWin ( index ?x ) ( true ( cellHolds ?x 8 white ) ) ), ( <= blackWin ( index ?x ) ( true ( cellHolds ?x 1 black ) ) ), ( <= whiteWin ( not blackCell ) ), ( <= blackWin ( not whiteCell ) ), ( <= whiteCell ( cell ?x ?y ) ( true ( cellHolds ?x ?y white ) ) ), ( <= blackCell ( cell ?x ?y ) ( true ( cellHolds ?x ?y black ) ) ), ( index 1 ), ( index 2 ), ( index 3 ), ( index 4 ), ( index 5 ), ( index 6 ), ( index 7 ), ( index 8 ), ( succ 1 2 ), ( succ 2 3 ), ( succ 3 4 ), ( succ 4 5 ), ( succ 5 6 ), ( succ 6 7 ), ( succ 7 8 )]
LOG 1641834437821 [L3]: Start clock: 15
LOG 1641834437822 [L3]: Play clock: 10
LOG 1641834442814 [L0]: [Sent at 1641834442814] ready
LOG 1641834442817 [L0]: [Received at 1641834442817] ( PLAY 19.breakthrough.1641834437595 NIL )
LOG 1641834442819 [L0]: [Sent at 1641834442819] ( move 1 2 2 3 )
LOG 1641834442822 [L0]: [Received at 1641834442822] ( PLAY 19.breakthrough.1641834437595 (( move 1 2 2 3 ) noop ) )
LOG 1641834442826 [L0]: [Sent at 1641834442826] noop
LOG 1641834442829 [L0]: [Received at 1641834442829] ( PLAY 19.breakthrough.1641834437595 (noop ( move 5 7 6 6 ) ) )
LOG 1641834442839 [L0]: [Sent at 1641834442839] ( move 2 3 3 4 )
LOG 1641834442842 [L0]: [Received at 1641834442842] ( PLAY 19.breakthrough.1641834437595 (( move 2 3 3 4 ) noop ) )
LOG 1641834442849 [L0]: [Sent at 1641834442849] noop
LOG 1641834442853 [L0]: [Received at 1641834442853] ( PLAY 19.breakthrough.1641834437595 (noop ( move 7 7 8 6 ) ) )
LOG 1641834442854 [L0]: [Sent at 1641834442854] ( move 3 4 4 5 )
LOG 1641834442858 [L0]: [Received at 1641834442858] ( PLAY 19.breakthrough.1641834437595 (( move 3 4 4 5 ) noop ) )
LOG 1641834442860 [L0]: [Sent at 1641834442860] noop
LOG 1641834442862 [L0]: [Received at 1641834442862] ( PLAY 19.breakthrough.1641834437595 (noop ( move 1 7 2 6 ) ) )
LOG 1641834442864 [L0]: [Sent at 1641834442864] ( move 3 2 2 3 )
LOG 1641834442867 [L0]: [Received at 1641834442867] ( PLAY 19.breakthrough.1641834437595 (( move 3 2 2 3 ) noop ) )
LOG 1641834442868 [L0]: [Sent at 1641834442868] noop
LOG 1641834442870 [L0]: [Received at 1641834442870] ( PLAY 19.breakthrough.1641834437595 (noop ( move 7 8 7 7 ) ) )
LOG 1641834442872 [L0]: [Sent at 1641834442872] ( move 7 2 6 3 )
LOG 1641834442875 [L0]: [Received at 1641834442875] ( PLAY 19.breakthrough.1641834437595 (( move 7 2 6 3 ) noop ) )
LOG 1641834442876 [L0]: [Sent at 1641834442876] noop
LOG 1641834442879 [L0]: [Received at 1641834442879] ( PLAY 19.breakthrough.1641834437595 (noop ( move 5 8 5 7 ) ) )
LOG 1641834442880 [L0]: [Sent at 1641834442880] ( move 8 2 7 3 )
LOG 1641834442884 [L0]: [Received at 1641834442884] ( PLAY 19.breakthrough.1641834437595 (( move 8 2 7 3 ) noop ) )
LOG 1641834442886 [L0]: [Sent at 1641834442886] noop
LOG 1641834442889 [L0]: [Received at 1641834442889] ( PLAY 19.breakthrough.1641834437595 (noop ( move 3 7 3 6 ) ) )
LOG 1641834442890 [L0]: [Sent at 1641834442890] ( move 6 2 5 3 )
LOG 1641834442894 [L0]: [Received at 1641834442894] ( PLAY 19.breakthrough.1641834437595 (( move 6 2 5 3 ) noop ) )
LOG 1641834442895 [L0]: [Sent at 1641834442895] noop
LOG 1641834442898 [L0]: [Received at 1641834442898] ( PLAY 19.breakthrough.1641834437595 (noop ( move 6 6 7 5 ) ) )
LOG 1641834442900 [L0]: [Sent at 1641834442900] ( move 7 3 6 4 )
LOG 1641834442903 [L0]: [Received at 1641834442903] ( PLAY 19.breakthrough.1641834437595 (( move 7 3 6 4 ) noop ) )
LOG 1641834442904 [L0]: [Sent at 1641834442904] noop
LOG 1641834442906 [L0]: [Received at 1641834442906] ( PLAY 19.breakthrough.1641834437595 (noop ( move 3 6 4 5 ) ) )
LOG 1641834442908 [L0]: [Sent at 1641834442908] ( move 3 1 3 2 )
LOG 1641834442911 [L0]: [Received at 1641834442911] ( PLAY 19.breakthrough.1641834437595 (( move 3 1 3 2 ) noop ) )
LOG 1641834442912 [L0]: [Sent at 1641834442912] noop
LOG 1641834442915 [L0]: [Received at 1641834442915] ( PLAY 19.breakthrough.1641834437595 (noop ( move 8 6 8 5 ) ) )
LOG 1641834442916 [L0]: [Sent at 1641834442916] ( move 7 1 6 2 )
LOG 1641834442920 [L0]: [Received at 1641834442920] ( PLAY 19.breakthrough.1641834437595 (( move 7 1 6 2 ) noop ) )
LOG 1641834442922 [L0]: [Sent at 1641834442922] noop
LOG 1641834442926 [L0]: [Received at 1641834442926] ( PLAY 19.breakthrough.1641834437595 (noop ( move 2 8 1 7 ) ) )
LOG 1641834442927 [L0]: [Sent at 1641834442927] ( move 6 2 7 3 )
LOG 1641834442930 [L0]: [Received at 1641834442930] ( PLAY 19.breakthrough.1641834437595 (( move 6 2 7 3 ) noop ) )
LOG 1641834442931 [L0]: [Sent at 1641834442931] noop
LOG 1641834442934 [L0]: [Received at 1641834442934] ( PLAY 19.breakthrough.1641834437595 (noop ( move 4 5 3 4 ) ) )
LOG 1641834442935 [L0]: [Sent at 1641834442935] ( move 6 4 5 5 )
LOG 1641834442938 [L0]: [Received at 1641834442938] ( PLAY 19.breakthrough.1641834437595 (( move 6 4 5 5 ) noop ) )
LOG 1641834442939 [L0]: [Sent at 1641834442939] noop
LOG 1641834442943 [L0]: [Received at 1641834442943] ( PLAY 19.breakthrough.1641834437595 (noop ( move 7 7 6 6 ) ) )
LOG 1641834442944 [L0]: [Sent at 1641834442944] ( move 5 5 4 6 )
LOG 1641834442963 [L0]: [Received at 1641834442963] ( PLAY 19.breakthrough.1641834437595 (( move 5 5 4 6 ) noop ) )
LOG 1641834442964 [L0]: [Sent at 1641834442964] noop
LOG 1641834442966 [L0]: [Received at 1641834442966] ( PLAY 19.breakthrough.1641834437595 (noop ( move 7 5 6 4 ) ) )
LOG 1641834442968 [L0]: [Sent at 1641834442968] ( move 6 3 5 4 )
LOG 1641834442972 [L0]: [Received at 1641834442972] ( PLAY 19.breakthrough.1641834437595 (( move 6 3 5 4 ) noop ) )
LOG 1641834442973 [L0]: [Sent at 1641834442973] noop
LOG 1641834442977 [L0]: [Received at 1641834442977] ( PLAY 19.breakthrough.1641834437595 (noop ( move 6 7 7 6 ) ) )
LOG 1641834442978 [L0]: [Sent at 1641834442978] ( move 8 1 8 2 )
LOG 1641834442981 [L0]: [Received at 1641834442981] ( PLAY 19.breakthrough.1641834437595 (( move 8 1 8 2 ) noop ) )
LOG 1641834442982 [L0]: [Sent at 1641834442982] noop
LOG 1641834442985 [L0]: [Received at 1641834442985] ( PLAY 19.breakthrough.1641834437595 (noop ( move 6 6 5 5 ) ) )
LOG 1641834442986 [L0]: [Sent at 1641834442986] ( move 5 2 4 3 )
LOG 1641834442989 [L0]: [Received at 1641834442989] ( PLAY 19.breakthrough.1641834437595 (( move 5 2 4 3 ) noop ) )
LOG 1641834442990 [L0]: [Sent at 1641834442990] noop
LOG 1641834442994 [L0]: [Received at 1641834442994] ( PLAY 19.breakthrough.1641834437595 (noop ( move 3 4 2 3 ) ) )
LOG 1641834442995 [L0]: [Sent at 1641834442995] ( move 7 3 8 4 )
LOG 1641834442998 [L0]: [Received at 1641834442998] ( PLAY 19.breakthrough.1641834437595 (( move 7 3 8 4 ) noop ) )
LOG 1641834442999 [L0]: [Sent at 1641834442999] noop
LOG 1641834443002 [L0]: [Received at 1641834443002] ( PLAY 19.breakthrough.1641834437595 (noop ( move 6 4 5 3 ) ) )
LOG 1641834443004 [L0]: [Sent at 1641834443004] ( move 4 6 3 7 )
LOG 1641834443007 [L0]: [Received at 1641834443007] ( PLAY 19.breakthrough.1641834437595 (( move 4 6 3 7 ) noop ) )
LOG 1641834443016 [L0]: [Sent at 1641834443016] noop
LOG 1641834443019 [L0]: [Received at 1641834443019] ( PLAY 19.breakthrough.1641834437595 (noop ( move 2 6 1 5 ) ) )
LOG 1641834443020 [L0]: [Sent at 1641834443020] ( move 4 2 5 3 )
LOG 1641834443023 [L0]: [Received at 1641834443023] ( PLAY 19.breakthrough.1641834437595 (( move 4 2 5 3 ) noop ) )
LOG 1641834443024 [L0]: [Sent at 1641834443024] noop
LOG 1641834443027 [L0]: [Received at 1641834443027] ( PLAY 19.breakthrough.1641834437595 (noop ( move 2 7 2 6 ) ) )
LOG 1641834443028 [L0]: [Sent at 1641834443028] ( move 4 3 3 4 )
LOG 1641834443031 [L0]: [Received at 1641834443031] ( PLAY 19.breakthrough.1641834437595 (( move 4 3 3 4 ) noop ) )
LOG 1641834443032 [L0]: [Sent at 1641834443032] noop
LOG 1641834443036 [L0]: [Received at 1641834443036] ( PLAY 19.breakthrough.1641834437595 (noop ( move 8 8 7 7 ) ) )
LOG 1641834443037 [L0]: [Sent at 1641834443037] ( move 6 1 5 2 )
LOG 1641834443041 [L0]: [Received at 1641834443041] ( PLAY 19.breakthrough.1641834437595 (( move 6 1 5 2 ) noop ) )
LOG 1641834443042 [L0]: [Sent at 1641834443042] noop
LOG 1641834443045 [L0]: [Received at 1641834443045] ( PLAY 19.breakthrough.1641834437595 (noop ( move 2 6 2 5 ) ) )
LOG 1641834443046 [L0]: [Sent at 1641834443046] ( move 3 4 4 5 )
LOG 1641834443049 [L0]: [Received at 1641834443049] ( PLAY 19.breakthrough.1641834437595 (( move 3 4 4 5 ) noop ) )
LOG 1641834443050 [L0]: [Sent at 1641834443050] noop
LOG 1641834443054 [L0]: [Received at 1641834443054] ( PLAY 19.breakthrough.1641834437595 (noop ( move 1 5 1 4 ) ) )
LOG 1641834443055 [L0]: [Sent at 1641834443055] ( move 2 2 1 3 )
LOG 1641834443058 [L0]: [Received at 1641834443058] ( PLAY 19.breakthrough.1641834437595 (( move 2 2 1 3 ) noop ) )
LOG 1641834443059 [L0]: [Sent at 1641834443059] noop
LOG 1641834443061 [L0]: [Received at 1641834443061] ( PLAY 19.breakthrough.1641834437595 (noop ( move 5 7 4 6 ) ) )
LOG 1641834443062 [L0]: [Sent at 1641834443062] ( move 8 2 7 3 )
LOG 1641834443066 [L0]: [Received at 1641834443066] ( PLAY 19.breakthrough.1641834437595 (( move 8 2 7 3 ) noop ) )
LOG 1641834443067 [L0]: [Sent at 1641834443067] noop
LOG 1641834443069 [L0]: [Received at 1641834443069] ( PLAY 19.breakthrough.1641834437595 (noop ( move 2 3 3 2 ) ) )
LOG 1641834443071 [L0]: [Sent at 1641834443071] ( move 5 3 6 4 )
LOG 1641834443073 [L0]: [Received at 1641834443073] ( PLAY 19.breakthrough.1641834437595 (( move 5 3 6 4 ) noop ) )
LOG 1641834443074 [L0]: [Sent at 1641834443074] noop
LOG 1641834443077 [L0]: [Received at 1641834443077] ( STOP 19.breakthrough.1641834437595 (noop ( move 3 2 3 1 ) ) )
LOG 1641834443078 [L3]: Stopped logging to files at: Mon Jan 10 18:07:23 CET 2022
LOG 1641834443078 [L3]: LOG SEALED
