LOG 1641921509086 [L3]: Returning initial state machine.
LOG 1641921509086 [L3]: Returning PropNet state machine without cache.
LOG 1641921509087 [L3]: Starting metagame with available thinking time 4991ms.
LOG 1641921509088 [L3]: Starting search during metagame.
LOG 1641921514078 [L3]: Done searching during metagame.
LOG 1641921514081 [L3]: Starting move selection for game step 1 with available time 10000ms.
LOG 1641921514081 [L3]: Selecting move using MCTS.
LOG 1641921524081 [L3]: Returning MCTS move ( move 6 2 7 3 ).
LOG 1641921524086 [L3]: Starting move selection for game step 2 with available time 10000ms.
LOG 1641921524091 [L3]: Selecting move using MCTS.
LOG 1641921534091 [L3]: Starting move selection for game step 3 with available time 10000ms.
LOG 1641921534105 [L3]: Selecting move using MCTS.
LOG 1641921544101 [L3]: Starting move selection for game step 4 with available time 10000ms.
LOG 1641921544112 [L3]: Selecting move using MCTS.
LOG 1641921554104 [L3]: Starting move selection for game step 5 with available time 10000ms.
LOG 1641921554110 [L3]: Selecting move using MCTS.
LOG 1641921564109 [L3]: Starting move selection for game step 6 with available time 9999ms.
LOG 1641921564109 [L3]: Selecting move using MCTS.
LOG 1641921574112 [L3]: Starting move selection for game step 7 with available time 10000ms.
LOG 1641921574112 [L3]: Selecting move using MCTS.
LOG 1641921584116 [L3]: Starting move selection for game step 8 with available time 9999ms.
LOG 1641921584116 [L3]: Selecting move using MCTS.
LOG 1641921594120 [L3]: Starting move selection for game step 9 with available time 10000ms.
LOG 1641921594120 [L3]: Selecting move using MCTS.
LOG 1641921604124 [L3]: Starting move selection for game step 10 with available time 10000ms.
LOG 1641921604124 [L3]: Selecting move using MCTS.
LOG 1641921614128 [L3]: Starting move selection for game step 11 with available time 10000ms.
LOG 1641921614129 [L3]: Selecting move using MCTS.
LOG 1641921624132 [L3]: Starting move selection for game step 12 with available time 10000ms.
LOG 1641921624133 [L3]: Selecting move using MCTS.
LOG 1641921634136 [L3]: Starting move selection for game step 13 with available time 10000ms.
LOG 1641921634136 [L3]: Selecting move using MCTS.
LOG 1641921644139 [L3]: Starting move selection for game step 14 with available time 10000ms.
LOG 1641921644140 [L3]: Selecting move using MCTS.
LOG 1641921654144 [L3]: Starting move selection for game step 15 with available time 10000ms.
LOG 1641921654144 [L3]: Selecting move using MCTS.
LOG 1641921664149 [L3]: Starting move selection for game step 16 with available time 10000ms.
LOG 1641921664149 [L3]: Selecting move using MCTS.
LOG 1641921674152 [L3]: Starting move selection for game step 17 with available time 10000ms.
LOG 1641921674153 [L3]: Selecting move using MCTS.
LOG 1641921684158 [L3]: Starting move selection for game step 18 with available time 10000ms.
LOG 1641921684158 [L3]: Selecting move using MCTS.
LOG 1641921694172 [L3]: Starting move selection for game step 19 with available time 10000ms.
LOG 1641921694172 [L3]: Selecting move using MCTS.
LOG 1641921704176 [L3]: Starting move selection for game step 20 with available time 10000ms.
LOG 1641921704176 [L3]: Selecting move using MCTS.
