LOG 1641833091916 [L3]: Started match logging at: Mon Jan 10 17:44:51 CET 2022
LOG 1641833091918 [L3]: Game rules: [( role white ), ( role red ), ( init ( cell 1 0 dirt ) ), ( init ( cell 2 0 dirt ) ), ( init ( cell 3 0 dirt ) ), ( init ( cell 4 0 dirt ) ), ( init ( cell 5 0 dirt ) ), ( init ( cell 6 0 dirt ) ), ( init ( cell 7 0 dirt ) ), ( init ( cell 1 1 b ) ), ( init ( cell 1 2 b ) ), ( init ( cell 1 3 b ) ), ( init ( cell 1 4 b ) ), ( init ( cell 1 5 b ) ), ( init ( cell 1 6 b ) ), ( init ( cell 2 1 b ) ), ( init ( cell 2 2 b ) ), ( init ( cell 2 3 b ) ), ( init ( cell 2 4 b ) ), ( init ( cell 2 5 b ) ), ( init ( cell 2 6 b ) ), ( init ( cell 3 1 b ) ), ( init ( cell 3 2 b ) ), ( init ( cell 3 3 b ) ), ( init ( cell 3 4 b ) ), ( init ( cell 3 5 b ) ), ( init ( cell 3 6 b ) ), ( init ( cell 4 1 b ) ), ( init ( cell 4 2 b ) ), ( init ( cell 4 3 b ) ), ( init ( cell 4 4 b ) ), ( init ( cell 4 5 b ) ), ( init ( cell 4 6 b ) ), ( init ( cell 5 1 b ) ), ( init ( cell 5 2 b ) ), ( init ( cell 5 3 b ) ), ( init ( cell 5 4 b ) ), ( init ( cell 5 5 b ) ), ( init ( cell 5 6 b ) ), ( init ( cell 6 1 b ) ), ( init ( cell 6 2 b ) ), ( init ( cell 6 3 b ) ), ( init ( cell 6 4 b ) ), ( init ( cell 6 5 b ) ), ( init ( cell 6 6 b ) ), ( init ( cell 7 1 b ) ), ( init ( cell 7 2 b ) ), ( init ( cell 7 3 b ) ), ( init ( cell 7 4 b ) ), ( init ( cell 7 5 b ) ), ( init ( cell 7 6 b ) ), ( init ( control white ) ), ( <= ( empty ?c ?h ) ( true ( cell ?c ?h b ) ) ), ( <= ( filled ?c ?h ) ( true ( cell ?c ?h dirt ) ) ), ( <= ( filled ?c ?h ) ( true ( cell ?c ?h w ) ) ), ( <= ( filled ?c ?h ) ( true ( cell ?c ?h r ) ) ), ( <= ( next ( cell ?c ?h2 w ) ) ( does white ( drop ?c ) ) ( true ( cell ?c ?h2 b ) ) ( filled ?c ?h1 ) ( succ ?h1 ?h2 ) ), ( <= ( next ( cell ?c ?h2 r ) ) ( does red ( drop ?c ) ) ( true ( cell ?c ?h2 b ) ) ( filled ?c ?h1 ) ( succ ?h1 ?h2 ) ), ( <= ( next ( cell ?x ?y ?z ) ) ( true ( cell ?x ?y ?z ) ) ( distinct ?z b ) ), ( <= ( next ( cell ?c2 ?y b ) ) ( does ?w ( drop ?c1 ) ) ( true ( cell ?c2 ?y b ) ) ( distinct ?c1 ?c2 ) ), ( <= ( next ( cell ?c ?y2 b ) ) ( true ( cell ?c ?y1 b ) ) ( distinct ?y1 6 ) ( succ ?y1 ?y2 ) ), ( <= ( next ( control white ) ) ( true ( control red ) ) ), ( <= ( next ( control red ) ) ( true ( control white ) ) ), ( <= ( row ?z ) ( true ( cell ?x1 ?y ?z ) ) ( distinct ?z b ) ( distinct ?z dirt ) ( succ ?x1 ?x2 ) ( true ( cell ?x2 ?y ?z ) ) ( succ ?x2 ?x3 ) ( true ( cell ?x3 ?y ?z ) ) ( succ ?x3 ?x4 ) ( true ( cell ?x4 ?y ?z ) ) ), ( <= ( column ?z ) ( true ( cell ?x ?y1 ?z ) ) ( distinct ?z b ) ( succ ?y1 ?y2 ) ( true ( cell ?x ?y2 ?z ) ) ( succ ?y2 ?y3 ) ( true ( cell ?x ?y3 ?z ) ) ( succ ?y3 ?y4 ) ( true ( cell ?x ?y4 ?z ) ) ), ( <= ( diag ?z ) ( true ( cell ?x1 ?y1 ?z ) ) ( distinct ?z b ) ( succ ?x1 ?x2 ) ( succ ?y1 ?y2 ) ( true ( cell ?x2 ?y2 ?z ) ) ( succ ?x2 ?x3 ) ( succ ?y2 ?y3 ) ( true ( cell ?x3 ?y3 ?z ) ) ( succ ?x3 ?x4 ) ( succ ?y3 ?y4 ) ( true ( cell ?x4 ?y4 ?z ) ) ), ( <= ( diag ?z ) ( true ( cell ?x1 ?y1 ?z ) ) ( distinct ?z b ) ( succ ?x1 ?x2 ) ( succ ?y2 ?y1 ) ( true ( cell ?x2 ?y2 ?z ) ) ( succ ?x2 ?x3 ) ( succ ?y3 ?y2 ) ( true ( cell ?x3 ?y3 ?z ) ) ( succ ?x3 ?x4 ) ( succ ?y4 ?y3 ) ( true ( cell ?x4 ?y4 ?z ) ) ), ( <= ( line ?x ) ( row ?x ) ), ( <= ( line ?x ) ( column ?x ) ), ( <= ( line ?x ) ( diag ?x ) ), ( <= open ( empty ?c ?h ) ), ( <= terminal ( line r ) ), ( <= terminal ( line w ) ), ( <= terminal ( not open ) ), ( <= ( legal ?w ( drop ?c ) ) ( true ( cell ?c ?y2 b ) ) ( filled ?c ?y1 ) ( succ ?y1 ?y2 ) ( true ( control ?w ) ) ), ( <= ( legal white noop ) ( true ( control red ) ) ), ( <= ( legal red noop ) ( true ( control white ) ) ), ( <= ( goal white 100 ) ( line w ) ), ( <= ( goal white 50 ) ( not ( line r ) ) ( not ( line w ) ) ( not open ) ), ( <= ( goal white 0 ) ( line r ) ), ( <= ( goal red 100 ) ( line r ) ), ( <= ( goal red 50 ) ( not ( line r ) ) ( not ( line w ) ) ( not open ) ), ( <= ( goal red 0 ) ( line w ) ), ( <= ( goal ?w 70 ) ( role ?w ) ( not ( line r ) ) ( not ( line w ) ) open ), ( <= ( lte 0 ?x ) ( number ?x ) ), ( <= ( lte ?x ?x ) ( number ?x ) ), ( <= ( lte ?x ?z ) ( succ ?y ?z ) ( lte ?x ?y ) ), ( <= ( lte ?x ?y ) ( succ ?x ?y ) ), ( number 0 ), ( number 1 ), ( number 2 ), ( number 3 ), ( number 4 ), ( number 5 ), ( number 6 ), ( number 7 ), ( number 8 ), ( succ 0 1 ), ( succ 1 2 ), ( succ 2 3 ), ( succ 3 4 ), ( succ 4 5 ), ( succ 5 6 ), ( succ 6 7 ), ( succ 7 8 )]
LOG 1641833091919 [L3]: Start clock: 15
LOG 1641833091919 [L3]: Play clock: 10
LOG 1641833096916 [L0]: [Sent at 1641833096916] ready
LOG 1641833096918 [L0]: [Received at 1641833096918] ( PLAY 14.connect4.1641833091852 NIL )
LOG 1641833096920 [L0]: [Sent at 1641833096920] noop
LOG 1641833096922 [L0]: [Received at 1641833096922] ( PLAY 14.connect4.1641833091852 (( drop 7 ) noop ) )
LOG 1641833096924 [L0]: [Sent at 1641833096924] ( drop 7 )
LOG 1641833096930 [L0]: [Received at 1641833096930] ( PLAY 14.connect4.1641833091852 (noop ( drop 7 ) ) )
LOG 1641833096939 [L0]: [Sent at 1641833096939] noop
LOG 1641833096945 [L0]: [Received at 1641833096945] ( PLAY 14.connect4.1641833091852 (( drop 2 ) noop ) )
LOG 1641833096949 [L0]: [Sent at 1641833096949] ( drop 1 )
LOG 1641833096956 [L0]: [Received at 1641833096956] ( PLAY 14.connect4.1641833091852 (noop ( drop 1 ) ) )
LOG 1641833096958 [L0]: [Sent at 1641833096958] noop
LOG 1641833096960 [L0]: [Received at 1641833096960] ( PLAY 14.connect4.1641833091852 (( drop 1 ) noop ) )
LOG 1641833096961 [L0]: [Sent at 1641833096961] ( drop 1 )
LOG 1641833096964 [L0]: [Received at 1641833096964] ( PLAY 14.connect4.1641833091852 (noop ( drop 1 ) ) )
LOG 1641833096966 [L0]: [Sent at 1641833096966] noop
LOG 1641833096968 [L0]: [Received at 1641833096968] ( PLAY 14.connect4.1641833091852 (( drop 1 ) noop ) )
LOG 1641833096969 [L0]: [Sent at 1641833096969] ( drop 7 )
LOG 1641833096972 [L0]: [Received at 1641833096972] ( PLAY 14.connect4.1641833091852 (noop ( drop 7 ) ) )
LOG 1641833096973 [L0]: [Sent at 1641833096973] noop
LOG 1641833096976 [L0]: [Received at 1641833096976] ( PLAY 14.connect4.1641833091852 (( drop 4 ) noop ) )
LOG 1641833096977 [L0]: [Sent at 1641833096977] ( drop 4 )
LOG 1641833096981 [L0]: [Received at 1641833096981] ( PLAY 14.connect4.1641833091852 (noop ( drop 4 ) ) )
LOG 1641833096982 [L0]: [Sent at 1641833096982] noop
LOG 1641833096995 [L0]: [Received at 1641833096995] ( PLAY 14.connect4.1641833091852 (( drop 6 ) noop ) )
LOG 1641833096997 [L0]: [Sent at 1641833096997] ( drop 6 )
LOG 1641833097000 [L0]: [Received at 1641833097000] ( PLAY 14.connect4.1641833091852 (noop ( drop 6 ) ) )
LOG 1641833097002 [L0]: [Sent at 1641833097002] noop
LOG 1641833097004 [L0]: [Received at 1641833097004] ( PLAY 14.connect4.1641833091852 (( drop 1 ) noop ) )
LOG 1641833097005 [L0]: [Sent at 1641833097005] ( drop 1 )
LOG 1641833097008 [L0]: [Received at 1641833097008] ( PLAY 14.connect4.1641833091852 (noop ( drop 1 ) ) )
LOG 1641833097009 [L0]: [Sent at 1641833097009] noop
LOG 1641833097012 [L0]: [Received at 1641833097012] ( PLAY 14.connect4.1641833091852 (( drop 6 ) noop ) )
LOG 1641833097014 [L0]: [Sent at 1641833097014] ( drop 3 )
LOG 1641833097017 [L0]: [Received at 1641833097017] ( PLAY 14.connect4.1641833091852 (noop ( drop 3 ) ) )
LOG 1641833097019 [L0]: [Sent at 1641833097019] noop
LOG 1641833097022 [L0]: [Received at 1641833097022] ( PLAY 14.connect4.1641833091852 (( drop 3 ) noop ) )
LOG 1641833097023 [L0]: [Sent at 1641833097023] ( drop 4 )
LOG 1641833097026 [L0]: [Received at 1641833097026] ( PLAY 14.connect4.1641833091852 (noop ( drop 4 ) ) )
LOG 1641833097027 [L0]: [Sent at 1641833097027] noop
LOG 1641833097030 [L0]: [Received at 1641833097030] ( PLAY 14.connect4.1641833091852 (( drop 2 ) noop ) )
LOG 1641833097031 [L0]: [Sent at 1641833097031] ( drop 7 )
LOG 1641833097033 [L0]: [Received at 1641833097033] ( PLAY 14.connect4.1641833091852 (noop ( drop 7 ) ) )
LOG 1641833097034 [L0]: [Sent at 1641833097034] noop
LOG 1641833097037 [L0]: [Received at 1641833097037] ( PLAY 14.connect4.1641833091852 (( drop 6 ) noop ) )
LOG 1641833097039 [L0]: [Sent at 1641833097039] ( drop 5 )
LOG 1641833097041 [L0]: [Received at 1641833097041] ( PLAY 14.connect4.1641833091852 (noop ( drop 5 ) ) )
LOG 1641833097043 [L0]: [Sent at 1641833097043] noop
LOG 1641833097045 [L0]: [Received at 1641833097045] ( PLAY 14.connect4.1641833091852 (( drop 7 ) noop ) )
LOG 1641833097046 [L0]: [Sent at 1641833097046] ( drop 5 )
LOG 1641833097055 [L0]: [Received at 1641833097055] ( STOP 14.connect4.1641833091852 (noop ( drop 5 ) ) )
LOG 1641833097056 [L3]: Stopped logging to files at: Mon Jan 10 17:44:57 CET 2022
LOG 1641833097056 [L3]: LOG SEALED
