LOG 1641847270550 [L3]: Returning initial state machine.
LOG 1641847270551 [L3]: Returning PropNet state machine without cache.
LOG 1641847270552 [L3]: Starting metagame with available thinking time 4988ms.
LOG 1641847270554 [L3]: Starting search during metagame.
LOG 1641847275540 [L3]: Done searching during metagame.
LOG 1641847275543 [L3]: Starting move selection for game step 1 with available time 10000ms.
LOG 1641847275544 [L3]: Selecting move using MCTS.
LOG 1641847285552 [L3]: Returning MCTS move noop.
LOG 1641847285556 [L3]: Starting move selection for game step 2 with available time 10000ms.
LOG 1641847285561 [L3]: Selecting move using MCTS.
LOG 1641847295556 [L3]: Returning MCTS move ( drop 4 ).
LOG 1641847295572 [L3]: Starting move selection for game step 3 with available time 10000ms.
LOG 1641847295587 [L3]: Selecting move using MCTS.
LOG 1641847305572 [L3]: Returning MCTS move noop.
LOG 1641847305582 [L3]: Starting move selection for game step 4 with available time 10000ms.
LOG 1641847305599 [L3]: Selecting move using MCTS.
LOG 1641847315582 [L3]: Returning MCTS move ( drop 4 ).
LOG 1641847315586 [L3]: Starting move selection for game step 5 with available time 9999ms.
LOG 1641847315599 [L3]: Selecting move using MCTS.
LOG 1641847325585 [L3]: Returning MCTS move noop.
LOG 1641847325588 [L3]: Starting move selection for game step 6 with available time 10000ms.
LOG 1641847325606 [L3]: Selecting move using MCTS.
LOG 1641847335588 [L3]: Returning MCTS move ( drop 4 ).
LOG 1641847335591 [L3]: Starting move selection for game step 7 with available time 10000ms.
LOG 1641847335606 [L3]: Selecting move using MCTS.
LOG 1641847345591 [L3]: Returning MCTS move noop.
LOG 1641847345595 [L3]: Starting move selection for game step 8 with available time 10000ms.
LOG 1641847345615 [L3]: Selecting move using MCTS.
LOG 1641847355595 [L3]: Returning MCTS move ( drop 4 ).
