LOG 1641834259122 [L3]: Returning initial state machine.
LOG 1641834259122 [L3]: Returning PropNet state machine without cache.
LOG 1641834259123 [L3]: Starting metagame with available thinking time 4989ms.
LOG 1641834259124 [L3]: Starting search during metagame.
LOG 1641834264112 [L3]: Done searching during metagame.
LOG 1641834264116 [L3]: Starting move selection for game step 1 with available time 0ms.
LOG 1641834264117 [L3]: No time to select next move using MCTS. Returning random move ( move 3 2 3 3 ).
LOG 1641834264122 [L3]: Starting move selection for game step 2 with available time 0ms.
LOG 1641834264122 [L3]: No time to select next move using MCTS. Returning random move noop.
LOG 1641834264127 [L3]: Starting move selection for game step 3 with available time 0ms.
LOG 1641834264134 [L3]: No time to select next move using MCTS. Returning random move ( move 7 2 7 3 ).
LOG 1641834264139 [L3]: Starting move selection for game step 4 with available time 0ms.
LOG 1641834264140 [L3]: No time to select next move using MCTS. Returning random move noop.
LOG 1641834264145 [L3]: Starting move selection for game step 5 with available time 0ms.
LOG 1641834264146 [L3]: No time to select next move using MCTS. Returning random move ( move 6 1 7 2 ).
LOG 1641834264149 [L3]: Starting move selection for game step 6 with available time 0ms.
LOG 1641834264150 [L3]: No time to select next move using MCTS. Returning random move noop.
LOG 1641834264154 [L3]: Starting move selection for game step 7 with available time 0ms.
LOG 1641834264154 [L3]: No time to select next move using MCTS. Returning random move ( move 3 3 4 4 ).
LOG 1641834264159 [L3]: Starting move selection for game step 8 with available time 0ms.
LOG 1641834264160 [L3]: No time to select next move using MCTS. Returning random move noop.
LOG 1641834264165 [L3]: Starting move selection for game step 9 with available time 0ms.
LOG 1641834264165 [L3]: No time to select next move using MCTS. Returning random move ( move 4 4 3 5 ).
LOG 1641834264169 [L3]: Starting move selection for game step 10 with available time 0ms.
LOG 1641834264170 [L3]: No time to select next move using MCTS. Returning random move noop.
LOG 1641834264173 [L3]: Starting move selection for game step 11 with available time 0ms.
LOG 1641834264174 [L3]: No time to select next move using MCTS. Returning random move ( move 7 3 7 4 ).
LOG 1641834264178 [L3]: Starting move selection for game step 12 with available time 0ms.
LOG 1641834264178 [L3]: No time to select next move using MCTS. Returning random move noop.
LOG 1641834264182 [L3]: Starting move selection for game step 13 with available time 0ms.
LOG 1641834264182 [L3]: No time to select next move using MCTS. Returning random move ( move 6 2 6 3 ).
LOG 1641834264186 [L3]: Starting move selection for game step 14 with available time 0ms.
LOG 1641834264186 [L3]: No time to select next move using MCTS. Returning random move noop.
LOG 1641834264191 [L3]: Starting move selection for game step 15 with available time 0ms.
LOG 1641834264191 [L3]: No time to select next move using MCTS. Returning random move ( move 8 2 8 3 ).
LOG 1641834264197 [L3]: Starting move selection for game step 16 with available time 0ms.
LOG 1641834264197 [L3]: No time to select next move using MCTS. Returning random move noop.
LOG 1641834264201 [L3]: Starting move selection for game step 17 with available time 0ms.
LOG 1641834264201 [L3]: No time to select next move using MCTS. Returning random move ( move 7 2 7 3 ).
LOG 1641834264205 [L3]: Starting move selection for game step 18 with available time 0ms.
LOG 1641834264205 [L3]: No time to select next move using MCTS. Returning random move noop.
LOG 1641834264210 [L3]: Starting move selection for game step 19 with available time 0ms.
LOG 1641834264211 [L3]: No time to select next move using MCTS. Returning random move ( move 7 3 8 4 ).
LOG 1641834264214 [L3]: Starting move selection for game step 20 with available time 0ms.
LOG 1641834264214 [L3]: No time to select next move using MCTS. Returning random move noop.
LOG 1641834264219 [L3]: Starting move selection for game step 21 with available time 0ms.
LOG 1641834264219 [L3]: No time to select next move using MCTS. Returning random move ( move 6 3 5 4 ).
LOG 1641834264224 [L3]: Starting move selection for game step 22 with available time 0ms.
LOG 1641834264224 [L3]: No time to select next move using MCTS. Returning random move noop.
LOG 1641834264228 [L3]: Starting move selection for game step 23 with available time 0ms.
LOG 1641834264228 [L3]: No time to select next move using MCTS. Returning random move ( move 4 2 4 3 ).
LOG 1641834264232 [L3]: Starting move selection for game step 24 with available time 0ms.
LOG 1641834264233 [L3]: No time to select next move using MCTS. Returning random move noop.
LOG 1641834264236 [L3]: Starting move selection for game step 25 with available time 0ms.
LOG 1641834264237 [L3]: No time to select next move using MCTS. Returning random move ( move 5 2 6 3 ).
LOG 1641834264241 [L3]: Starting move selection for game step 26 with available time 0ms.
LOG 1641834264242 [L3]: No time to select next move using MCTS. Returning random move noop.
LOG 1641834264246 [L3]: Starting move selection for game step 27 with available time 0ms.
LOG 1641834264246 [L3]: No time to select next move using MCTS. Returning random move ( move 5 1 6 2 ).
LOG 1641834264250 [L3]: Starting move selection for game step 28 with available time 0ms.
LOG 1641834264250 [L3]: No time to select next move using MCTS. Returning random move noop.
LOG 1641834264255 [L3]: Starting move selection for game step 29 with available time 0ms.
LOG 1641834264256 [L3]: No time to select next move using MCTS. Returning random move ( move 7 1 7 2 ).
LOG 1641834264259 [L3]: Starting move selection for game step 30 with available time 0ms.
LOG 1641834264260 [L3]: No time to select next move using MCTS. Returning random move noop.
LOG 1641834264263 [L3]: Starting move selection for game step 31 with available time 0ms.
LOG 1641834264264 [L3]: No time to select next move using MCTS. Returning random move ( move 6 2 7 3 ).
LOG 1641834264267 [L3]: Starting move selection for game step 32 with available time 0ms.
LOG 1641834264268 [L3]: No time to select next move using MCTS. Returning random move noop.
LOG 1641834264271 [L3]: Starting move selection for game step 33 with available time 0ms.
LOG 1641834264271 [L3]: No time to select next move using MCTS. Returning random move ( move 3 1 3 2 ).
LOG 1641834264275 [L3]: Starting move selection for game step 34 with available time 0ms.
LOG 1641834264276 [L3]: No time to select next move using MCTS. Returning random move noop.
LOG 1641834264280 [L3]: Starting move selection for game step 35 with available time 0ms.
LOG 1641834264281 [L3]: No time to select next move using MCTS. Returning random move ( move 3 2 2 3 ).
LOG 1641834264286 [L3]: Starting move selection for game step 36 with available time 0ms.
LOG 1641834264286 [L3]: No time to select next move using MCTS. Returning random move noop.
LOG 1641834264290 [L3]: Starting move selection for game step 37 with available time 0ms.
LOG 1641834264290 [L3]: No time to select next move using MCTS. Returning random move ( move 3 5 4 6 ).
LOG 1641834264294 [L3]: Starting move selection for game step 38 with available time 0ms.
LOG 1641834264294 [L3]: No time to select next move using MCTS. Returning random move noop.
LOG 1641834264303 [L3]: Starting move selection for game step 39 with available time 0ms.
LOG 1641834264303 [L3]: No time to select next move using MCTS. Returning random move ( move 5 4 4 5 ).
LOG 1641834264307 [L3]: Starting move selection for game step 40 with available time 0ms.
LOG 1641834264308 [L3]: No time to select next move using MCTS. Returning random move noop.
LOG 1641834264311 [L3]: Starting move selection for game step 41 with available time 0ms.
LOG 1641834264312 [L3]: No time to select next move using MCTS. Returning random move ( move 6 3 5 4 ).
LOG 1641834264315 [L3]: Starting move selection for game step 42 with available time 0ms.
LOG 1641834264316 [L3]: No time to select next move using MCTS. Returning random move noop.
LOG 1641834264319 [L3]: Starting move selection for game step 43 with available time 0ms.
LOG 1641834264320 [L3]: No time to select next move using MCTS. Returning random move ( move 7 2 6 3 ).
LOG 1641834264323 [L3]: Starting move selection for game step 44 with available time 0ms.
LOG 1641834264324 [L3]: No time to select next move using MCTS. Returning random move noop.
LOG 1641834264328 [L3]: Starting move selection for game step 45 with available time 0ms.
LOG 1641834264328 [L3]: No time to select next move using MCTS. Returning random move ( move 7 3 6 4 ).
LOG 1641834264331 [L3]: Starting move selection for game step 46 with available time 0ms.
LOG 1641834264332 [L3]: No time to select next move using MCTS. Returning random move noop.
LOG 1641834264335 [L3]: Starting move selection for game step 47 with available time 0ms.
LOG 1641834264336 [L3]: No time to select next move using MCTS. Returning random move ( move 4 1 5 2 ).
LOG 1641834264341 [L3]: Starting move selection for game step 48 with available time -1ms.
LOG 1641834264341 [L3]: No time to select next move using MCTS. Returning random move noop.
LOG 1641834264346 [L3]: Starting move selection for game step 49 with available time 0ms.
LOG 1641834264346 [L3]: No time to select next move using MCTS. Returning random move ( move 6 4 7 5 ).
LOG 1641834264349 [L3]: Starting move selection for game step 50 with available time 0ms.
LOG 1641834264350 [L3]: No time to select next move using MCTS. Returning random move noop.
LOG 1641834264353 [L3]: Starting move selection for game step 51 with available time 0ms.
LOG 1641834264353 [L3]: No time to select next move using MCTS. Returning random move ( move 1 2 1 3 ).
LOG 1641834264357 [L3]: Starting move selection for game step 52 with available time 0ms.
LOG 1641834264357 [L3]: No time to select next move using MCTS. Returning random move noop.
LOG 1641834264362 [L3]: Starting move selection for game step 53 with available time 0ms.
LOG 1641834264362 [L3]: No time to select next move using MCTS. Returning random move ( move 7 5 6 6 ).
LOG 1641834264366 [L3]: Starting move selection for game step 54 with available time 0ms.
LOG 1641834264366 [L3]: No time to select next move using MCTS. Returning random move noop.
LOG 1641834264369 [L3]: Starting move selection for game step 55 with available time 0ms.
LOG 1641834264370 [L3]: No time to select next move using MCTS. Returning random move ( move 2 3 3 4 ).
LOG 1641834264373 [L3]: Starting move selection for game step 56 with available time 0ms.
LOG 1641834264374 [L3]: No time to select next move using MCTS. Returning random move noop.
LOG 1641834264377 [L3]: Starting move selection for game step 57 with available time 0ms.
LOG 1641834264377 [L3]: No time to select next move using MCTS. Returning random move ( move 3 4 2 5 ).
LOG 1641834264381 [L3]: Starting move selection for game step 58 with available time 0ms.
LOG 1641834264382 [L3]: No time to select next move using MCTS. Returning random move noop.
LOG 1641834264386 [L3]: Starting move selection for game step 59 with available time -1ms.
LOG 1641834264386 [L3]: No time to select next move using MCTS. Returning random move ( move 4 5 5 6 ).
LOG 1641834264391 [L3]: Starting move selection for game step 60 with available time 0ms.
LOG 1641834264391 [L3]: No time to select next move using MCTS. Returning random move noop.
LOG 1641834264396 [L3]: Starting move selection for game step 61 with available time -1ms.
LOG 1641834264396 [L3]: No time to select next move using MCTS. Returning random move ( move 4 6 5 7 ).
LOG 1641834264399 [L3]: Starting move selection for game step 62 with available time 0ms.
LOG 1641834264400 [L3]: No time to select next move using MCTS. Returning random move noop.
LOG 1641834264403 [L3]: Starting move selection for game step 63 with available time 0ms.
LOG 1641834264404 [L3]: No time to select next move using MCTS. Returning random move ( move 6 3 7 4 ).
LOG 1641834264407 [L3]: Starting move selection for game step 64 with available time 0ms.
LOG 1641834264407 [L3]: No time to select next move using MCTS. Returning random move noop.
LOG 1641834264412 [L3]: Starting move selection for game step 65 with available time 0ms.
LOG 1641834264412 [L3]: No time to select next move using MCTS. Returning random move ( move 5 2 6 3 ).
LOG 1641834264416 [L3]: Starting move selection for game step 66 with available time 0ms.
LOG 1641834264416 [L3]: No time to select next move using MCTS. Returning random move noop.
LOG 1641834264420 [L3]: Starting move selection for game step 67 with available time 0ms.
LOG 1641834264421 [L3]: No time to select next move using MCTS. Returning random move ( move 1 1 1 2 ).
LOG 1641834264424 [L3]: Starting move selection for game step 68 with available time 0ms.
LOG 1641834264425 [L3]: No time to select next move using MCTS. Returning random move noop.
