LOG 1641833910944 [L3]: Returning initial state machine.
LOG 1641833910944 [L3]: Returning PropNet state machine without cache.
LOG 1641833910944 [L3]: Starting metagame with available thinking time 4997ms.
LOG 1641833910946 [L3]: Starting search during metagame.
LOG 1641833915941 [L3]: Done searching during metagame.
LOG 1641833915944 [L3]: Starting move selection for game step 1 with available time 0ms.
LOG 1641833915945 [L3]: No time to select next move using MCTS. Returning random move noop.
LOG 1641833915949 [L3]: Starting move selection for game step 2 with available time 0ms.
LOG 1641833915949 [L3]: No time to select next move using MCTS. Returning random move ( move 4 7 5 6 ).
LOG 1641833915954 [L3]: Starting move selection for game step 3 with available time 0ms.
LOG 1641833915961 [L3]: No time to select next move using MCTS. Returning random move noop.
LOG 1641833915966 [L3]: Starting move selection for game step 4 with available time 0ms.
LOG 1641833915967 [L3]: No time to select next move using MCTS. Returning random move ( move 6 7 7 6 ).
LOG 1641833915973 [L3]: Starting move selection for game step 5 with available time 0ms.
LOG 1641833915973 [L3]: No time to select next move using MCTS. Returning random move noop.
LOG 1641833915977 [L3]: Starting move selection for game step 6 with available time 0ms.
LOG 1641833915977 [L3]: No time to select next move using MCTS. Returning random move ( move 7 6 6 5 ).
LOG 1641833915981 [L3]: Starting move selection for game step 7 with available time 0ms.
LOG 1641833915982 [L3]: No time to select next move using MCTS. Returning random move noop.
LOG 1641833915986 [L3]: Starting move selection for game step 8 with available time 0ms.
LOG 1641833915987 [L3]: No time to select next move using MCTS. Returning random move ( move 5 6 5 5 ).
LOG 1641833915991 [L3]: Starting move selection for game step 9 with available time 0ms.
LOG 1641833915991 [L3]: No time to select next move using MCTS. Returning random move noop.
LOG 1641833916003 [L3]: Starting move selection for game step 10 with available time 0ms.
LOG 1641833916003 [L3]: No time to select next move using MCTS. Returning random move ( move 3 7 3 6 ).
LOG 1641833916007 [L3]: Starting move selection for game step 11 with available time 0ms.
LOG 1641833916008 [L3]: No time to select next move using MCTS. Returning random move noop.
LOG 1641833916012 [L3]: Starting move selection for game step 12 with available time 0ms.
LOG 1641833916012 [L3]: No time to select next move using MCTS. Returning random move ( move 6 5 5 4 ).
LOG 1641833916016 [L3]: Starting move selection for game step 13 with available time 0ms.
LOG 1641833916016 [L3]: No time to select next move using MCTS. Returning random move noop.
LOG 1641833916022 [L3]: Starting move selection for game step 14 with available time 0ms.
LOG 1641833916022 [L3]: No time to select next move using MCTS. Returning random move ( move 2 7 1 6 ).
LOG 1641833916026 [L3]: Starting move selection for game step 15 with available time 0ms.
LOG 1641833916027 [L3]: No time to select next move using MCTS. Returning random move noop.
LOG 1641833916031 [L3]: Starting move selection for game step 16 with available time 0ms.
LOG 1641833916031 [L3]: No time to select next move using MCTS. Returning random move ( move 2 8 3 7 ).
LOG 1641833916035 [L3]: Starting move selection for game step 17 with available time 0ms.
LOG 1641833916035 [L3]: No time to select next move using MCTS. Returning random move noop.
LOG 1641833916039 [L3]: Starting move selection for game step 18 with available time 0ms.
LOG 1641833916039 [L3]: No time to select next move using MCTS. Returning random move ( move 3 6 4 5 ).
LOG 1641833916043 [L3]: Starting move selection for game step 19 with available time 0ms.
LOG 1641833916043 [L3]: No time to select next move using MCTS. Returning random move noop.
LOG 1641833916047 [L3]: Starting move selection for game step 20 with available time 0ms.
LOG 1641833916047 [L3]: No time to select next move using MCTS. Returning random move ( move 3 7 3 6 ).
LOG 1641833916052 [L3]: Starting move selection for game step 21 with available time 0ms.
LOG 1641833916052 [L3]: No time to select next move using MCTS. Returning random move noop.
LOG 1641833916057 [L3]: Starting move selection for game step 22 with available time 0ms.
LOG 1641833916058 [L3]: No time to select next move using MCTS. Returning random move ( move 3 8 4 7 ).
LOG 1641833916061 [L3]: Starting move selection for game step 23 with available time 0ms.
LOG 1641833916062 [L3]: No time to select next move using MCTS. Returning random move noop.
LOG 1641833916065 [L3]: Starting move selection for game step 24 with available time 0ms.
LOG 1641833916066 [L3]: No time to select next move using MCTS. Returning random move ( move 7 7 6 6 ).
LOG 1641833916070 [L3]: Starting move selection for game step 25 with available time 0ms.
LOG 1641833916070 [L3]: No time to select next move using MCTS. Returning random move noop.
LOG 1641833916075 [L3]: Starting move selection for game step 26 with available time 0ms.
LOG 1641833916075 [L3]: No time to select next move using MCTS. Returning random move ( move 8 8 7 7 ).
LOG 1641833916079 [L3]: Starting move selection for game step 27 with available time 0ms.
LOG 1641833916079 [L3]: No time to select next move using MCTS. Returning random move noop.
LOG 1641833916085 [L3]: Starting move selection for game step 28 with available time 0ms.
LOG 1641833916085 [L3]: No time to select next move using MCTS. Returning random move ( move 1 7 2 6 ).
LOG 1641833916090 [L3]: Starting move selection for game step 29 with available time 0ms.
LOG 1641833916090 [L3]: No time to select next move using MCTS. Returning random move noop.
LOG 1641833916095 [L3]: Starting move selection for game step 30 with available time 0ms.
LOG 1641833916096 [L3]: No time to select next move using MCTS. Returning random move ( move 2 6 1 5 ).
LOG 1641833916099 [L3]: Starting move selection for game step 31 with available time 0ms.
LOG 1641833916099 [L3]: No time to select next move using MCTS. Returning random move noop.
LOG 1641833916104 [L3]: Starting move selection for game step 32 with available time 0ms.
LOG 1641833916104 [L3]: No time to select next move using MCTS. Returning random move ( move 4 5 5 4 ).
LOG 1641833916108 [L3]: Starting move selection for game step 33 with available time 0ms.
LOG 1641833916108 [L3]: No time to select next move using MCTS. Returning random move noop.
LOG 1641833916112 [L3]: Starting move selection for game step 34 with available time 0ms.
LOG 1641833916113 [L3]: No time to select next move using MCTS. Returning random move ( move 4 7 4 6 ).
LOG 1641833916116 [L3]: Starting move selection for game step 35 with available time 0ms.
LOG 1641833916117 [L3]: No time to select next move using MCTS. Returning random move noop.
LOG 1641833916121 [L3]: Starting move selection for game step 36 with available time 0ms.
LOG 1641833916121 [L3]: No time to select next move using MCTS. Returning random move ( move 1 5 2 4 ).
LOG 1641833916125 [L3]: Starting move selection for game step 37 with available time 0ms.
LOG 1641833916125 [L3]: No time to select next move using MCTS. Returning random move noop.
LOG 1641833916128 [L3]: Starting move selection for game step 38 with available time 0ms.
LOG 1641833916129 [L3]: No time to select next move using MCTS. Returning random move ( move 6 6 7 5 ).
LOG 1641833916132 [L3]: Starting move selection for game step 39 with available time 0ms.
LOG 1641833916133 [L3]: No time to select next move using MCTS. Returning random move noop.
LOG 1641833916136 [L3]: Starting move selection for game step 40 with available time 0ms.
LOG 1641833916136 [L3]: No time to select next move using MCTS. Returning random move ( move 7 7 8 6 ).
LOG 1641833916140 [L3]: Starting move selection for game step 41 with available time 0ms.
LOG 1641833916141 [L3]: No time to select next move using MCTS. Returning random move noop.
LOG 1641833916144 [L3]: Starting move selection for game step 42 with available time 0ms.
LOG 1641833916144 [L3]: No time to select next move using MCTS. Returning random move ( move 2 4 1 3 ).
LOG 1641833916148 [L3]: Starting move selection for game step 43 with available time 0ms.
LOG 1641833916148 [L3]: No time to select next move using MCTS. Returning random move noop.
LOG 1641833916151 [L3]: Starting move selection for game step 44 with available time 0ms.
LOG 1641833916152 [L3]: No time to select next move using MCTS. Returning random move ( move 7 5 8 4 ).
LOG 1641833916156 [L3]: Starting move selection for game step 45 with available time 0ms.
LOG 1641833916156 [L3]: No time to select next move using MCTS. Returning random move noop.
LOG 1641833916160 [L3]: Starting move selection for game step 46 with available time 0ms.
LOG 1641833916160 [L3]: No time to select next move using MCTS. Returning random move ( move 1 6 1 5 ).
LOG 1641833916164 [L3]: Starting move selection for game step 47 with available time 0ms.
LOG 1641833916164 [L3]: No time to select next move using MCTS. Returning random move noop.
