LOG 1641836146408 [L3]: Returning initial state machine.
LOG 1641836146408 [L3]: Returning PropNet state machine without cache.
LOG 1641836146409 [L3]: Starting metagame with available thinking time 4990ms.
LOG 1641836146411 [L3]: Starting search during metagame.
LOG 1641836151399 [L3]: Done searching during metagame.
LOG 1641836151402 [L3]: Starting move selection for game step 1 with available time 0ms.
LOG 1641836151402 [L3]: No time to select next move using MCTS. Returning random move ( move 4 2 5 4 ).
LOG 1641836151406 [L3]: Starting move selection for game step 2 with available time -1ms.
LOG 1641836151406 [L3]: No time to select next move using MCTS. Returning random move noop.
LOG 1641836151414 [L3]: Starting move selection for game step 3 with available time 0ms.
LOG 1641836151421 [L3]: No time to select next move using MCTS. Returning random move ( move 6 1 7 3 ).
LOG 1641836151430 [L3]: Starting move selection for game step 4 with available time 0ms.
LOG 1641836151431 [L3]: No time to select next move using MCTS. Returning random move noop.
LOG 1641836151444 [L3]: Starting move selection for game step 5 with available time 0ms.
LOG 1641836151445 [L3]: No time to select next move using MCTS. Returning random move ( move 8 2 6 3 ).
LOG 1641836151449 [L3]: Starting move selection for game step 6 with available time 0ms.
LOG 1641836151449 [L3]: No time to select next move using MCTS. Returning random move noop.
LOG 1641836151453 [L3]: Starting move selection for game step 7 with available time 0ms.
LOG 1641836151453 [L3]: No time to select next move using MCTS. Returning random move ( move 6 3 4 4 ).
LOG 1641836151456 [L3]: Starting move selection for game step 8 with available time 0ms.
LOG 1641836151457 [L3]: No time to select next move using MCTS. Returning random move noop.
LOG 1641836151460 [L3]: Starting move selection for game step 9 with available time 0ms.
LOG 1641836151460 [L3]: No time to select next move using MCTS. Returning random move ( move 7 2 8 4 ).
LOG 1641836151488 [L3]: Starting move selection for game step 10 with available time 0ms.
LOG 1641836151489 [L3]: No time to select next move using MCTS. Returning random move noop.
LOG 1641836151492 [L3]: Starting move selection for game step 11 with available time 0ms.
LOG 1641836151492 [L3]: No time to select next move using MCTS. Returning random move ( move 7 1 6 3 ).
LOG 1641836151496 [L3]: Starting move selection for game step 12 with available time 0ms.
LOG 1641836151496 [L3]: No time to select next move using MCTS. Returning random move noop.
LOG 1641836151499 [L3]: Starting move selection for game step 13 with available time 0ms.
LOG 1641836151500 [L3]: No time to select next move using MCTS. Returning random move ( move 6 3 5 5 ).
LOG 1641836151503 [L3]: Starting move selection for game step 14 with available time 0ms.
LOG 1641836151503 [L3]: No time to select next move using MCTS. Returning random move noop.
LOG 1641836151506 [L3]: Starting move selection for game step 15 with available time 0ms.
LOG 1641836151506 [L3]: No time to select next move using MCTS. Returning random move ( move 5 4 6 6 ).
LOG 1641836151509 [L3]: Starting move selection for game step 16 with available time 0ms.
LOG 1641836151510 [L3]: No time to select next move using MCTS. Returning random move noop.
LOG 1641836151513 [L3]: Starting move selection for game step 17 with available time 0ms.
LOG 1641836151513 [L3]: No time to select next move using MCTS. Returning random move ( move 5 5 3 6 ).
LOG 1641836151516 [L3]: Starting move selection for game step 18 with available time 0ms.
LOG 1641836151516 [L3]: No time to select next move using MCTS. Returning random move noop.
LOG 1641836151519 [L3]: Starting move selection for game step 19 with available time 0ms.
LOG 1641836151520 [L3]: No time to select next move using MCTS. Returning random move ( move 6 2 7 4 ).
LOG 1641836151523 [L3]: Starting move selection for game step 20 with available time 0ms.
LOG 1641836151523 [L3]: No time to select next move using MCTS. Returning random move noop.
LOG 1641836151527 [L3]: Starting move selection for game step 21 with available time 0ms.
LOG 1641836151527 [L3]: No time to select next move using MCTS. Returning random move ( move 4 4 5 6 ).
LOG 1641836151531 [L3]: Starting move selection for game step 22 with available time 0ms.
LOG 1641836151531 [L3]: No time to select next move using MCTS. Returning random move noop.
LOG 1641836151534 [L3]: Starting move selection for game step 23 with available time 0ms.
LOG 1641836151535 [L3]: No time to select next move using MCTS. Returning random move ( move 3 1 2 3 ).
LOG 1641836151538 [L3]: Starting move selection for game step 24 with available time 0ms.
LOG 1641836151538 [L3]: No time to select next move using MCTS. Returning random move noop.
LOG 1641836151542 [L3]: Starting move selection for game step 25 with available time -1ms.
LOG 1641836151542 [L3]: No time to select next move using MCTS. Returning random move ( move 2 1 4 2 ).
LOG 1641836151545 [L3]: Starting move selection for game step 26 with available time 0ms.
LOG 1641836151545 [L3]: No time to select next move using MCTS. Returning random move noop.
LOG 1641836151549 [L3]: Starting move selection for game step 27 with available time 0ms.
LOG 1641836151549 [L3]: No time to select next move using MCTS. Returning random move ( move 7 3 6 5 ).
LOG 1641836151552 [L3]: Starting move selection for game step 28 with available time 0ms.
LOG 1641836151552 [L3]: No time to select next move using MCTS. Returning random move noop.
LOG 1641836151556 [L3]: Starting move selection for game step 29 with available time 0ms.
LOG 1641836151556 [L3]: No time to select next move using MCTS. Returning random move ( move 7 4 5 5 ).
LOG 1641836151559 [L3]: Starting move selection for game step 30 with available time 0ms.
LOG 1641836151559 [L3]: No time to select next move using MCTS. Returning random move noop.
LOG 1641836151562 [L3]: Starting move selection for game step 31 with available time 0ms.
LOG 1641836151562 [L3]: No time to select next move using MCTS. Returning random move ( move 3 6 4 8 ).
