LOG 1641835177560 [L3]: Returning initial state machine.
LOG 1641835177560 [L3]: Returning PropNet state machine without cache.
LOG 1641835177561 [L3]: Starting metagame with available thinking time 4990ms.
LOG 1641835177562 [L3]: Starting search during metagame.
LOG 1641835182551 [L3]: Done searching during metagame.
LOG 1641835182554 [L3]: Starting move selection for game step 1 with available time 0ms.
LOG 1641835182554 [L3]: No time to select next move using MCTS. Returning random move ( move 6 2 5 3 ).
LOG 1641835182558 [L3]: Starting move selection for game step 2 with available time 0ms.
LOG 1641835182560 [L3]: No time to select next move using MCTS. Returning random move noop.
LOG 1641835182566 [L3]: Starting move selection for game step 3 with available time 0ms.
LOG 1641835182574 [L3]: No time to select next move using MCTS. Returning random move ( move 5 3 6 4 ).
LOG 1641835182579 [L3]: Starting move selection for game step 4 with available time 0ms.
LOG 1641835182582 [L3]: No time to select next move using MCTS. Returning random move noop.
LOG 1641835182590 [L3]: Starting move selection for game step 5 with available time 0ms.
LOG 1641835182590 [L3]: No time to select next move using MCTS. Returning random move ( move 2 2 3 3 ).
LOG 1641835182595 [L3]: Starting move selection for game step 6 with available time 0ms.
LOG 1641835182596 [L3]: No time to select next move using MCTS. Returning random move noop.
LOG 1641835182600 [L3]: Starting move selection for game step 7 with available time 0ms.
LOG 1641835182600 [L3]: No time to select next move using MCTS. Returning random move ( move 3 3 3 4 ).
LOG 1641835182604 [L3]: Starting move selection for game step 8 with available time 0ms.
LOG 1641835182604 [L3]: No time to select next move using MCTS. Returning random move noop.
LOG 1641835182608 [L3]: Starting move selection for game step 9 with available time 0ms.
LOG 1641835182608 [L3]: No time to select next move using MCTS. Returning random move ( move 3 4 4 5 ).
LOG 1641835182612 [L3]: Starting move selection for game step 10 with available time 0ms.
LOG 1641835182612 [L3]: No time to select next move using MCTS. Returning random move noop.
LOG 1641835182616 [L3]: Starting move selection for game step 11 with available time 0ms.
LOG 1641835182616 [L3]: No time to select next move using MCTS. Returning random move ( move 5 2 6 3 ).
LOG 1641835182620 [L3]: Starting move selection for game step 12 with available time 0ms.
LOG 1641835182620 [L3]: No time to select next move using MCTS. Returning random move noop.
LOG 1641835182625 [L3]: Starting move selection for game step 13 with available time 0ms.
LOG 1641835182625 [L3]: No time to select next move using MCTS. Returning random move ( move 4 5 4 6 ).
LOG 1641835182628 [L3]: Starting move selection for game step 14 with available time 0ms.
LOG 1641835182629 [L3]: No time to select next move using MCTS. Returning random move noop.
LOG 1641835182634 [L3]: Starting move selection for game step 15 with available time 0ms.
LOG 1641835182634 [L3]: No time to select next move using MCTS. Returning random move ( move 4 2 4 3 ).
LOG 1641835182638 [L3]: Starting move selection for game step 16 with available time 0ms.
LOG 1641835182639 [L3]: No time to select next move using MCTS. Returning random move noop.
LOG 1641835182642 [L3]: Starting move selection for game step 17 with available time 0ms.
LOG 1641835182642 [L3]: No time to select next move using MCTS. Returning random move ( move 8 2 8 3 ).
LOG 1641835182646 [L3]: Starting move selection for game step 18 with available time 0ms.
LOG 1641835182647 [L3]: No time to select next move using MCTS. Returning random move noop.
LOG 1641835182651 [L3]: Starting move selection for game step 19 with available time 0ms.
LOG 1641835182651 [L3]: No time to select next move using MCTS. Returning random move ( move 7 2 7 3 ).
LOG 1641835182655 [L3]: Starting move selection for game step 20 with available time 0ms.
LOG 1641835182655 [L3]: No time to select next move using MCTS. Returning random move noop.
LOG 1641835182659 [L3]: Starting move selection for game step 21 with available time 0ms.
LOG 1641835182659 [L3]: No time to select next move using MCTS. Returning random move ( move 1 1 2 2 ).
LOG 1641835182663 [L3]: Starting move selection for game step 22 with available time 0ms.
LOG 1641835182663 [L3]: No time to select next move using MCTS. Returning random move noop.
LOG 1641835182667 [L3]: Starting move selection for game step 23 with available time 0ms.
LOG 1641835182667 [L3]: No time to select next move using MCTS. Returning random move ( move 6 3 5 4 ).
LOG 1641835182671 [L3]: Starting move selection for game step 24 with available time 0ms.
LOG 1641835182671 [L3]: No time to select next move using MCTS. Returning random move noop.
LOG 1641835182675 [L3]: Starting move selection for game step 25 with available time 0ms.
LOG 1641835182676 [L3]: No time to select next move using MCTS. Returning random move ( move 6 4 7 5 ).
LOG 1641835182679 [L3]: Starting move selection for game step 26 with available time 0ms.
LOG 1641835182680 [L3]: No time to select next move using MCTS. Returning random move noop.
LOG 1641835182683 [L3]: Starting move selection for game step 27 with available time 0ms.
LOG 1641835182683 [L3]: No time to select next move using MCTS. Returning random move ( move 7 1 7 2 ).
LOG 1641835182687 [L3]: Starting move selection for game step 28 with available time 0ms.
LOG 1641835182687 [L3]: No time to select next move using MCTS. Returning random move noop.
LOG 1641835182692 [L3]: Starting move selection for game step 29 with available time 0ms.
LOG 1641835182692 [L3]: No time to select next move using MCTS. Returning random move ( move 3 2 2 3 ).
LOG 1641835182696 [L3]: Starting move selection for game step 30 with available time 0ms.
LOG 1641835182696 [L3]: No time to select next move using MCTS. Returning random move noop.
LOG 1641835182700 [L3]: Starting move selection for game step 31 with available time 0ms.
LOG 1641835182700 [L3]: No time to select next move using MCTS. Returning random move ( move 4 1 4 2 ).
LOG 1641835182704 [L3]: Starting move selection for game step 32 with available time 0ms.
LOG 1641835182704 [L3]: No time to select next move using MCTS. Returning random move noop.
LOG 1641835182727 [L3]: Starting move selection for game step 33 with available time 0ms.
LOG 1641835182728 [L3]: No time to select next move using MCTS. Returning random move ( move 8 3 7 4 ).
LOG 1641835182731 [L3]: Starting move selection for game step 34 with available time 0ms.
LOG 1641835182732 [L3]: No time to select next move using MCTS. Returning random move noop.
LOG 1641835182735 [L3]: Starting move selection for game step 35 with available time 0ms.
LOG 1641835182735 [L3]: No time to select next move using MCTS. Returning random move ( move 2 3 2 4 ).
LOG 1641835182739 [L3]: Starting move selection for game step 36 with available time 0ms.
LOG 1641835182739 [L3]: No time to select next move using MCTS. Returning random move noop.
LOG 1641835182744 [L3]: Starting move selection for game step 37 with available time 0ms.
LOG 1641835182744 [L3]: No time to select next move using MCTS. Returning random move ( move 7 3 8 4 ).
LOG 1641835182748 [L3]: Starting move selection for game step 38 with available time 0ms.
LOG 1641835182749 [L3]: No time to select next move using MCTS. Returning random move noop.
LOG 1641835182752 [L3]: Starting move selection for game step 39 with available time 0ms.
LOG 1641835182753 [L3]: No time to select next move using MCTS. Returning random move ( move 7 5 6 6 ).
LOG 1641835182756 [L3]: Starting move selection for game step 40 with available time 0ms.
LOG 1641835182757 [L3]: No time to select next move using MCTS. Returning random move noop.
LOG 1641835182760 [L3]: Starting move selection for game step 41 with available time 0ms.
LOG 1641835182760 [L3]: No time to select next move using MCTS. Returning random move ( move 2 2 1 3 ).
LOG 1641835182764 [L3]: Starting move selection for game step 42 with available time 0ms.
LOG 1641835182764 [L3]: No time to select next move using MCTS. Returning random move noop.
LOG 1641835182767 [L3]: Starting move selection for game step 43 with available time 0ms.
LOG 1641835182768 [L3]: No time to select next move using MCTS. Returning random move ( move 4 6 5 7 ).
LOG 1641835182772 [L3]: Starting move selection for game step 44 with available time 0ms.
LOG 1641835182772 [L3]: No time to select next move using MCTS. Returning random move noop.
LOG 1641835182776 [L3]: Starting move selection for game step 45 with available time 0ms.
LOG 1641835182776 [L3]: No time to select next move using MCTS. Returning random move ( move 4 3 4 4 ).
LOG 1641835182779 [L3]: Starting move selection for game step 46 with available time 0ms.
LOG 1641835182780 [L3]: No time to select next move using MCTS. Returning random move noop.
LOG 1641835182784 [L3]: Starting move selection for game step 47 with available time 0ms.
LOG 1641835182784 [L3]: No time to select next move using MCTS. Returning random move ( move 2 4 3 5 ).
LOG 1641835182788 [L3]: Starting move selection for game step 48 with available time 0ms.
LOG 1641835182788 [L3]: No time to select next move using MCTS. Returning random move noop.
LOG 1641835182792 [L3]: Starting move selection for game step 49 with available time 0ms.
LOG 1641835182792 [L3]: No time to select next move using MCTS. Returning random move ( move 5 7 6 8 ).
