LOG 1641837108066 [L3]: Returning initial state machine.
LOG 1641837108067 [L3]: Returning PropNet state machine without cache.
LOG 1641837108067 [L3]: Starting metagame with available thinking time 4989ms.
LOG 1641837108069 [L3]: Starting search during metagame.
LOG 1641837113086 [L3]: Done searching during metagame.
LOG 1641837113088 [L3]: Starting move selection for game step 1 with available time 0ms.
LOG 1641837113089 [L3]: No time to select next move using MCTS. Returning random move ( mark r5 c4 ).
LOG 1641837113092 [L3]: Starting move selection for game step 2 with available time 0ms.
LOG 1641837113092 [L3]: No time to select next move using MCTS. Returning random move noop.
LOG 1641837113096 [L3]: Starting move selection for game step 3 with available time 0ms.
LOG 1641837113102 [L3]: No time to select next move using MCTS. Returning random move ( mark r5 c5 ).
LOG 1641837113107 [L3]: Starting move selection for game step 4 with available time 0ms.
LOG 1641837113107 [L3]: No time to select next move using MCTS. Returning random move noop.
LOG 1641837113111 [L3]: Starting move selection for game step 5 with available time 0ms.
LOG 1641837113111 [L3]: No time to select next move using MCTS. Returning random move noop.
LOG 1641837113114 [L3]: Starting move selection for game step 6 with available time 0ms.
LOG 1641837113115 [L3]: No time to select next move using MCTS. Returning random move ( block r6 c6 ).
LOG 1641837113117 [L3]: Starting move selection for game step 7 with available time 0ms.
LOG 1641837113118 [L3]: No time to select next move using MCTS. Returning random move ( block r3 c2 ).
LOG 1641837113120 [L3]: Starting move selection for game step 8 with available time 0ms.
LOG 1641837113121 [L3]: No time to select next move using MCTS. Returning random move ( block r6 c7 ).
LOG 1641837113123 [L3]: Starting move selection for game step 9 with available time 0ms.
LOG 1641837113124 [L3]: No time to select next move using MCTS. Returning random move ( block r6 c1 ).
LOG 1641837113127 [L3]: Starting move selection for game step 10 with available time 0ms.
LOG 1641837113127 [L3]: No time to select next move using MCTS. Returning random move ( mark r4 c4 ).
LOG 1641837113136 [L3]: Starting move selection for game step 11 with available time 0ms.
LOG 1641837113136 [L3]: No time to select next move using MCTS. Returning random move noop.
LOG 1641837113142 [L3]: Starting move selection for game step 12 with available time 0ms.
LOG 1641837113142 [L3]: No time to select next move using MCTS. Returning random move ( block r6 c4 ).
LOG 1641837113146 [L3]: Starting move selection for game step 13 with available time 0ms.
LOG 1641837113146 [L3]: No time to select next move using MCTS. Returning random move ( mark r2 c3 ).
LOG 1641837113161 [L3]: Starting move selection for game step 14 with available time 0ms.
LOG 1641837113161 [L3]: No time to select next move using MCTS. Returning random move noop.
LOG 1641837113164 [L3]: Starting move selection for game step 15 with available time 0ms.
LOG 1641837113165 [L3]: No time to select next move using MCTS. Returning random move noop.
LOG 1641837113168 [L3]: Starting move selection for game step 16 with available time 0ms.
LOG 1641837113168 [L3]: No time to select next move using MCTS. Returning random move noop.
LOG 1641837113178 [L3]: Starting move selection for game step 17 with available time 0ms.
LOG 1641837113178 [L3]: No time to select next move using MCTS. Returning random move ( mark r5 c3 ).
LOG 1641837113206 [L3]: Starting move selection for game step 18 with available time 0ms.
LOG 1641837113206 [L3]: No time to select next move using MCTS. Returning random move noop.
LOG 1641837113211 [L3]: Starting move selection for game step 19 with available time 0ms.
LOG 1641837113212 [L3]: No time to select next move using MCTS. Returning random move noop.
LOG 1641837113228 [L3]: Starting move selection for game step 20 with available time 0ms.
LOG 1641837113228 [L3]: No time to select next move using MCTS. Returning random move ( mark r1 c3 ).
LOG 1641837113276 [L3]: Starting move selection for game step 21 with available time 0ms.
LOG 1641837113277 [L3]: No time to select next move using MCTS. Returning random move noop.
LOG 1641837113282 [L3]: Starting move selection for game step 22 with available time 0ms.
LOG 1641837113282 [L3]: No time to select next move using MCTS. Returning random move noop.
LOG 1641837113302 [L3]: Starting move selection for game step 23 with available time 0ms.
LOG 1641837113303 [L3]: No time to select next move using MCTS. Returning random move ( mark r7 c2 ).
LOG 1641837113346 [L3]: Starting move selection for game step 24 with available time 0ms.
LOG 1641837113347 [L3]: No time to select next move using MCTS. Returning random move noop.
LOG 1641837113386 [L3]: Starting move selection for game step 25 with available time 0ms.
LOG 1641837113387 [L3]: No time to select next move using MCTS. Returning random move ( mark r3 c7 ).
LOG 1641837113502 [L3]: Starting move selection for game step 26 with available time 0ms.
LOG 1641837113503 [L3]: No time to select next move using MCTS. Returning random move noop.
LOG 1641837113577 [L3]: Starting move selection for game step 27 with available time 0ms.
LOG 1641837113578 [L3]: No time to select next move using MCTS. Returning random move ( mark r3 c4 ).
LOG 1641837113742 [L3]: Starting move selection for game step 28 with available time 0ms.
LOG 1641837113742 [L3]: No time to select next move using MCTS. Returning random move noop.
LOG 1641837113860 [L3]: Starting move selection for game step 29 with available time 0ms.
LOG 1641837113860 [L3]: No time to select next move using MCTS. Returning random move ( mark r2 c1 ).
LOG 1641837114017 [L3]: Starting move selection for game step 30 with available time 0ms.
LOG 1641837114017 [L3]: No time to select next move using MCTS. Returning random move noop.
LOG 1641837119210 [L3]: Starting move selection for game step 31 with available time 0ms.
LOG 1641837119210 [L3]: No time to select next move using MCTS. Returning random move ( mark r3 c6 ).
LOG 1641837119519 [L3]: Starting move selection for game step 32 with available time 0ms.
LOG 1641837119520 [L3]: No time to select next move using MCTS. Returning random move noop.
LOG 1641837119746 [L3]: Starting move selection for game step 33 with available time 0ms.
LOG 1641837119746 [L3]: No time to select next move using MCTS. Returning random move ( mark r3 c5 ).
LOG 1641837120148 [L3]: Starting move selection for game step 34 with available time 0ms.
LOG 1641837120148 [L3]: No time to select next move using MCTS. Returning random move noop.
