LOG 1641908289315 [L3]: Returning initial state machine.
LOG 1641908289316 [L3]: Returning PropNet state machine without cache.
LOG 1641908289316 [L3]: Starting metagame with available thinking time 4989ms.
LOG 1641908289319 [L3]: Starting search during metagame.
LOG 1641908294305 [L3]: Done searching during metagame.
LOG 1641908294308 [L3]: Starting move selection for game step 1 with available time 10000ms.
LOG 1641908294308 [L3]: Selecting move using MCTS.
LOG 1641908304308 [L3]: Returning MCTS move ( drop 5 ).
LOG 1641908304321 [L3]: Starting move selection for game step 2 with available time 10000ms.
LOG 1641908304337 [L3]: Selecting move using MCTS.
LOG 1641908314321 [L3]: Returning MCTS move noop.
LOG 1641908314324 [L3]: Starting move selection for game step 3 with available time 10000ms.
LOG 1641908314354 [L3]: Selecting move using MCTS.
LOG 1641908324324 [L3]: Returning MCTS move ( drop 4 ).
LOG 1641908324328 [L3]: Starting move selection for game step 4 with available time 10000ms.
LOG 1641908324371 [L3]: Selecting move using MCTS.
LOG 1641908334328 [L3]: Returning MCTS move noop.
LOG 1641908334331 [L3]: Starting move selection for game step 5 with available time 10000ms.
LOG 1641908334370 [L3]: Selecting move using MCTS.
LOG 1641908344331 [L3]: Returning MCTS move ( drop 7 ).
LOG 1641908344334 [L3]: Starting move selection for game step 6 with available time 10000ms.
LOG 1641908344364 [L3]: Selecting move using MCTS.
LOG 1641908354334 [L3]: Returning MCTS move noop.
LOG 1641908354337 [L3]: Starting move selection for game step 7 with available time 10000ms.
LOG 1641908354369 [L3]: Selecting move using MCTS.
LOG 1641908364337 [L3]: Returning MCTS move ( drop 6 ).
