LOG 1641845136315 [L3]: Returning initial state machine.
LOG 1641845136315 [L3]: Returning PropNet state machine without cache.
LOG 1641845136316 [L3]: Starting metagame with available thinking time 4990ms.
LOG 1641845136318 [L3]: Starting search during metagame.
LOG 1641845141306 [L3]: Done searching during metagame.
LOG 1641845141309 [L3]: Starting move selection for game step 1 with available time 0ms.
LOG 1641845141309 [L3]: No time to select next move using MCTS. Returning random move noop.
LOG 1641845141312 [L3]: Starting move selection for game step 2 with available time 0ms.
LOG 1641845141314 [L3]: No time to select next move using MCTS. Returning random move ( mark r5 c5 ).
LOG 1641845141317 [L3]: Starting move selection for game step 3 with available time 0ms.
LOG 1641845141326 [L3]: No time to select next move using MCTS. Returning random move noop.
LOG 1641845141328 [L3]: Starting move selection for game step 4 with available time 0ms.
LOG 1641845141332 [L3]: No time to select next move using MCTS. Returning random move noop.
LOG 1641845141336 [L3]: Starting move selection for game step 5 with available time 0ms.
LOG 1641845141337 [L3]: No time to select next move using MCTS. Returning random move ( block r4 c1 ).
LOG 1641845141339 [L3]: Starting move selection for game step 6 with available time 0ms.
LOG 1641845141340 [L3]: No time to select next move using MCTS. Returning random move ( block r5 c1 ).
LOG 1641845141342 [L3]: Starting move selection for game step 7 with available time 0ms.
LOG 1641845141343 [L3]: No time to select next move using MCTS. Returning random move ( mark r3 c2 ).
LOG 1641845141346 [L3]: Starting move selection for game step 8 with available time 0ms.
LOG 1641845141347 [L3]: No time to select next move using MCTS. Returning random move noop.
LOG 1641845141352 [L3]: Starting move selection for game step 9 with available time 0ms.
LOG 1641845141352 [L3]: No time to select next move using MCTS. Returning random move ( block r4 c3 ).
LOG 1641845141355 [L3]: Starting move selection for game step 10 with available time 0ms.
LOG 1641845141355 [L3]: No time to select next move using MCTS. Returning random move ( mark r5 c7 ).
LOG 1641845141363 [L3]: Starting move selection for game step 11 with available time 0ms.
LOG 1641845141363 [L3]: No time to select next move using MCTS. Returning random move noop.
LOG 1641845141377 [L3]: Starting move selection for game step 12 with available time 0ms.
LOG 1641845141378 [L3]: No time to select next move using MCTS. Returning random move ( mark r3 c3 ).
LOG 1641845141391 [L3]: Starting move selection for game step 13 with available time 0ms.
LOG 1641845141392 [L3]: No time to select next move using MCTS. Returning random move noop.
LOG 1641845141449 [L3]: Starting move selection for game step 14 with available time 0ms.
LOG 1641845141449 [L3]: No time to select next move using MCTS. Returning random move ( mark r1 c2 ).
LOG 1641845141472 [L3]: Starting move selection for game step 15 with available time 0ms.
LOG 1641845141473 [L3]: No time to select next move using MCTS. Returning random move noop.
LOG 1641845141477 [L3]: Starting move selection for game step 16 with available time 0ms.
LOG 1641845141478 [L3]: No time to select next move using MCTS. Returning random move noop.
LOG 1641845141482 [L3]: Starting move selection for game step 17 with available time 0ms.
LOG 1641845141482 [L3]: No time to select next move using MCTS. Returning random move noop.
LOG 1641845141508 [L3]: Starting move selection for game step 18 with available time 0ms.
LOG 1641845141508 [L3]: No time to select next move using MCTS. Returning random move ( block r3 c7 ).
LOG 1641845141513 [L3]: Starting move selection for game step 19 with available time 0ms.
LOG 1641845141514 [L3]: No time to select next move using MCTS. Returning random move ( mark r3 c4 ).
LOG 1641845141557 [L3]: Starting move selection for game step 20 with available time 0ms.
LOG 1641845141558 [L3]: No time to select next move using MCTS. Returning random move noop.
LOG 1641845141606 [L3]: Starting move selection for game step 21 with available time 0ms.
LOG 1641845141607 [L3]: No time to select next move using MCTS. Returning random move ( block r4 c2 ).
LOG 1641845141615 [L3]: Starting move selection for game step 22 with available time 0ms.
LOG 1641845141615 [L3]: No time to select next move using MCTS. Returning random move ( mark r5 c4 ).
LOG 1641845141686 [L3]: Starting move selection for game step 23 with available time 0ms.
LOG 1641845141687 [L3]: No time to select next move using MCTS. Returning random move noop.
LOG 1641845141696 [L3]: Starting move selection for game step 24 with available time 0ms.
LOG 1641845141696 [L3]: No time to select next move using MCTS. Returning random move noop.
LOG 1641845141708 [L3]: Starting move selection for game step 25 with available time 0ms.
LOG 1641845141708 [L3]: No time to select next move using MCTS. Returning random move noop.
LOG 1641845141805 [L3]: Starting move selection for game step 26 with available time 0ms.
LOG 1641845141805 [L3]: No time to select next move using MCTS. Returning random move ( mark r1 c6 ).
LOG 1641845141927 [L3]: Starting move selection for game step 27 with available time 0ms.
LOG 1641845141927 [L3]: No time to select next move using MCTS. Returning random move noop.
LOG 1641845142050 [L3]: Starting move selection for game step 28 with available time 0ms.
LOG 1641845142050 [L3]: No time to select next move using MCTS. Returning random move ( mark r6 c2 ).
LOG 1641845142225 [L3]: Starting move selection for game step 29 with available time 0ms.
LOG 1641845142225 [L3]: No time to select next move using MCTS. Returning random move noop.
LOG 1641845142377 [L3]: Starting move selection for game step 30 with available time 0ms.
LOG 1641845142377 [L3]: No time to select next move using MCTS. Returning random move ( mark r5 c3 ).
LOG 1641845142592 [L3]: Starting move selection for game step 31 with available time 0ms.
LOG 1641845142593 [L3]: No time to select next move using MCTS. Returning random move noop.
LOG 1641845142796 [L3]: Starting move selection for game step 32 with available time 0ms.
LOG 1641845142796 [L3]: No time to select next move using MCTS. Returning random move ( mark r6 c4 ).
LOG 1641845143062 [L3]: Starting move selection for game step 33 with available time 0ms.
LOG 1641845143062 [L3]: No time to select next move using MCTS. Returning random move noop.
LOG 1641845143384 [L3]: Starting move selection for game step 34 with available time 0ms.
LOG 1641845143384 [L3]: No time to select next move using MCTS. Returning random move ( mark r2 c7 ).
