LOG 1641845136307 [L3]: Started match logging at: Mon Jan 10 21:05:36 CET 2022
LOG 1641845136314 [L3]: Game rules: [( role x ), ( role o ), ( init ( quad x 12 ) ), ( init ( quad o 12 ) ), ( init ( white x 5 ) ), ( init ( white o 5 ) ), ( init ( cell r1 c2 b ) ), ( init ( cell r1 c3 b ) ), ( init ( cell r1 c4 b ) ), ( init ( cell r1 c5 b ) ), ( init ( cell r1 c6 b ) ), ( init ( cell r2 c1 b ) ), ( init ( cell r2 c2 b ) ), ( init ( cell r2 c3 b ) ), ( init ( cell r2 c4 b ) ), ( init ( cell r2 c5 b ) ), ( init ( cell r2 c6 b ) ), ( init ( cell r2 c7 b ) ), ( init ( cell r3 c1 b ) ), ( init ( cell r3 c2 b ) ), ( init ( cell r3 c3 b ) ), ( init ( cell r3 c4 b ) ), ( init ( cell r3 c5 b ) ), ( init ( cell r3 c6 b ) ), ( init ( cell r3 c7 b ) ), ( init ( cell r4 c1 b ) ), ( init ( cell r4 c2 b ) ), ( init ( cell r4 c3 b ) ), ( init ( cell r4 c4 b ) ), ( init ( cell r4 c5 b ) ), ( init ( cell r4 c6 b ) ), ( init ( cell r4 c7 b ) ), ( init ( cell r5 c1 b ) ), ( init ( cell r5 c2 b ) ), ( init ( cell r5 c3 b ) ), ( init ( cell r5 c4 b ) ), ( init ( cell r5 c5 b ) ), ( init ( cell r5 c6 b ) ), ( init ( cell r5 c7 b ) ), ( init ( cell r6 c1 b ) ), ( init ( cell r6 c2 b ) ), ( init ( cell r6 c3 b ) ), ( init ( cell r6 c4 b ) ), ( init ( cell r6 c5 b ) ), ( init ( cell r6 c6 b ) ), ( init ( cell r6 c7 b ) ), ( init ( cell r7 c2 b ) ), ( init ( cell r7 c3 b ) ), ( init ( cell r7 c4 b ) ), ( init ( cell r7 c5 b ) ), ( init ( cell r7 c6 b ) ), ( init ( control x ) ), ( ncol c1 c2 ), ( ncol c2 c3 ), ( ncol c3 c4 ), ( ncol c4 c5 ), ( ncol c5 c6 ), ( ncol c6 c7 ), ( nrow r1 r2 ), ( nrow r2 r3 ), ( nrow r3 r4 ), ( nrow r4 r5 ), ( nrow r5 r6 ), ( nrow r6 r7 ), ( <= ( prow ?x ?y ) ( nrow ?y ?x ) ), ( <= ( pcol ?x ?y ) ( ncol ?y ?x ) ), ( succ 0 1 ), ( succ 1 2 ), ( succ 2 3 ), ( succ 3 4 ), ( succ 4 5 ), ( succ 5 6 ), ( succ 6 7 ), ( succ 7 8 ), ( succ 8 9 ), ( succ 9 10 ), ( succ 10 11 ), ( succ 11 12 ), ( succ 12 13 ), ( succ 13 14 ), ( succ 14 15 ), ( succ 15 16 ), ( succ 16 17 ), ( succ 17 18 ), ( succ 18 19 ), ( succ 19 20 ), ( <= ( legal ?player ( mark ?x ?y ) ) ( true ( cell ?x ?y b ) ) ( true ( control ?player ) ) ), ( <= ( legal ?player ( block ?x ?y ) ) ( true ( cell ?x ?y b ) ) ( true ( control ?player ) ) ( true ( white ?player ?c ) ) ( distinct ?c 0 ) ), ( <= ( legal x noop ) ( true ( control o ) ) ), ( <= ( legal o noop ) ( true ( control x ) ) ), ( <= ( next ( cell ?m ?n ?p ) ) ( does ?p ( mark ?m ?n ) ) ), ( <= ( next ( cell ?m ?n w ) ) ( does ?p ( block ?m ?n ) ) ), ( <= ( next ( cell ?m ?n ?p ) ) ( true ( cell ?m ?n ?p ) ) ( distinct ?p b ) ), ( <= ( next ( cell ?m ?n b ) ) ( does ?W ( mark ?j ?k ) ) ( true ( cell ?m ?n b ) ) ( distinct ?m ?j ) ), ( <= ( next ( cell ?m ?n b ) ) ( does ?W ( mark ?j ?k ) ) ( true ( cell ?m ?n b ) ) ( distinct ?n ?k ) ), ( <= ( next ( cell ?m ?n b ) ) ( does ?W ( block ?j ?k ) ) ( true ( cell ?m ?n b ) ) ( distinct ?m ?j ) ), ( <= ( next ( cell ?m ?n b ) ) ( does ?W ( block ?j ?k ) ) ( true ( cell ?m ?n b ) ) ( distinct ?n ?k ) ), ( <= ( next ( quad ?p ?c ) ) ( true ( control ?q ) ) ( true ( quad ?p ?c ) ) ( distinct ?p ?q ) ), ( <= ( next ( white ?p ?c ) ) ( true ( control ?q ) ) ( true ( white ?p ?c ) ) ( distinct ?p ?q ) ), ( <= ( next ( quad ?p ?c ) ) ( does ?p ( mark ?j ?k ) ) ( true ( quad ?p ?c1 ) ) ( succ ?c ?c1 ) ), ( <= ( next ( white ?p ?c ) ) ( does ?p ( block ?j ?k ) ) ( true ( white ?p ?c1 ) ) ( succ ?c ?c1 ) ), ( <= ( next ( quad ?p ?c ) ) ( does ?p ( block ?j ?k ) ) ( true ( quad ?p ?c ) ) ), ( <= ( next ( white ?p ?c ) ) ( does ?p ( mark ?j ?k ) ) ( true ( white ?p ?c ) ) ), ( <= ( next ( control x ) ) ( does o ( mark ?j ?k ) ) ( true ( control o ) ) ), ( <= ( next ( control o ) ) ( does x ( mark ?j ?k ) ) ( true ( control x ) ) ), ( <= ( next ( control ?p ) ) ( does ?p ( block ?j ?k ) ) ( true ( control ?p ) ) ), ( <= ( square ?x1 ?y1 ?x1 ?y2 ?x2 ?y1 ?x2 ?y2 ) ( ncol ?y1 ?y2 ) ( nrow ?x1 ?x2 ) ), ( <= ( square ?x1 ?y1 ?x1 ?y2 ?x2 ?y1 ?x2 ?y2 ) ( ncol ?y3 ?y2 ) ( nrow ?x3 ?x2 ) ( square ?x1 ?y1 ?x1 ?y3 ?x3 ?y1 ?x3 ?y3 ) ), ( <= ( square ?x1 ?y1 ?x2 ?y2 ?x3 ?y3 ?x4 ?y4 ) ( prow ?x2p ?x2 ) ( ncol ?y3n ?y3 ) ( prow ?x4p ?x4 ) ( ncol ?y4n ?y4 ) ( square ?x1 ?y1 ?x2p ?y2 ?x3 ?y3n ?x4p ?y4n ) ), ( <= win ( true ( cell ?x1 ?y1 x ) ) ( true ( cell ?x2 ?y2 x ) ) ( true ( cell ?x3 ?y3 x ) ) ( true ( cell ?x4 ?y4 x ) ) ( square ?x1 ?y1 ?x2 ?y2 ?x3 ?y3 ?x4 ?y4 ) ), ( <= lose ( true ( cell ?x1 ?y1 o ) ) ( true ( cell ?x2 ?y2 o ) ) ( true ( cell ?x3 ?y3 o ) ) ( true ( cell ?x4 ?y4 o ) ) ( square ?x1 ?y1 ?x2 ?y2 ?x3 ?y3 ?x4 ?y4 ) ), ( <= winByOpenQuad ( not lose ) ( not open ) ( true ( cell ?x1 ?y1 x ) ) ( true ( cell ?x2 ?y2 x ) ) ( true ( cell ?x3 ?y3 x ) ) ( true ( cell ?x4 ?y4 b ) ) ( square ?x1 ?y1 ?x2 ?y2 ?x3 ?y3 ?x4 ?y4 ) ), ( <= winByOpenQuad ( not lose ) ( not open ) ( true ( cell ?x1 ?y1 x ) ) ( true ( cell ?x2 ?y2 b ) ) ( true ( cell ?x3 ?y3 x ) ) ( true ( cell ?x4 ?y4 x ) ) ( square ?x1 ?y1 ?x2 ?y2 ?x3 ?y3 ?x4 ?y4 ) ), ( <= winByOpenQuad ( not lose ) ( not open ) ( true ( cell ?x1 ?y1 x ) ) ( true ( cell ?x2 ?y2 x ) ) ( true ( cell ?x3 ?y3 b ) ) ( true ( cell ?x4 ?y4 x ) ) ( square ?x1 ?y1 ?x2 ?y2 ?x3 ?y3 ?x4 ?y4 ) ), ( <= winByOpenQuad ( not lose ) ( not open ) ( true ( cell ?x1 ?y1 b ) ) ( true ( cell ?x2 ?y2 x ) ) ( true ( cell ?x3 ?y3 x ) ) ( true ( cell ?x4 ?y4 x ) ) ( square ?x1 ?y1 ?x2 ?y2 ?x3 ?y3 ?x4 ?y4 ) ), ( <= open ( true ( quad ?p ?c ) ) ( distinct ?c 0 ) ), ( <= ( more ?x 0 ) ( succ ?y ?x ) ), ( <= ( more ?x ?y ) ( succ ?x1 ?x ) ( succ ?y1 ?y ) ( more ?x1 ?y1 ) ), ( <= morewhite ( true ( white x ?a ) ) ( true ( white o ?b ) ) ( more ?a ?b ) ), ( <= lesswhite ( true ( white x ?a ) ) ( true ( white o ?b ) ) ( more ?b ?a ) ), ( <= equalwhite ( true ( white x ?a ) ) ( true ( white o ?a ) ) ), ( <= ( goal x 100 ) win ), ( <= ( goal x 95 ) ( not win ) winByOpenQuad ), ( <= ( goal x 90 ) ( not win ) ( not winByOpenQuad ) ( not lose ) ( not open ) morewhite ), ( <= ( goal x 50 ) ( not win ) ( not winByOpenQuad ) ( not lose ) ( not open ) equalwhite ), ( <= ( goal x 10 ) ( not win ) ( not winByOpenQuad ) ( not lose ) ( not open ) lesswhite ), ( <= ( goal x 0 ) lose ), ( <= ( goal o 100 ) lose ), ( <= ( goal o 90 ) ( not win ) ( not winByOpenQuad ) ( not lose ) ( not open ) lesswhite ), ( <= ( goal o 50 ) ( not win ) ( not winByOpenQuad ) ( not lose ) ( not open ) equalwhite ), ( <= ( goal o 10 ) ( not win ) ( not winByOpenQuad ) ( not lose ) ( not open ) morewhite ), ( <= ( goal o 5 ) ( not win ) winByOpenQuad ), ( <= ( goal o 0 ) win ), ( <= terminal win ), ( <= terminal lose ), ( <= terminal ( not open ) )]
LOG 1641845136314 [L3]: Start clock: 15
LOG 1641845136315 [L3]: Play clock: 10
LOG 1641845141306 [L0]: [Sent at 1641845141306] ready
LOG 1641845141308 [L0]: [Received at 1641845141308] ( PLAY 14.quad_7x7.1641845135947 NIL )
LOG 1641845141310 [L0]: [Sent at 1641845141310] noop
LOG 1641845141312 [L0]: [Received at 1641845141312] ( PLAY 14.quad_7x7.1641845135947 (( mark r3 c6 ) noop ) )
LOG 1641845141315 [L0]: [Sent at 1641845141315] ( mark r5 c5 )
LOG 1641845141317 [L0]: [Received at 1641845141317] ( PLAY 14.quad_7x7.1641845135947 (noop ( mark r5 c5 ) ) )
LOG 1641845141326 [L0]: [Sent at 1641845141326] noop
LOG 1641845141328 [L0]: [Received at 1641845141328] ( PLAY 14.quad_7x7.1641845135947 (( block r1 c5 ) noop ) )
LOG 1641845141332 [L0]: [Sent at 1641845141332] noop
LOG 1641845141336 [L0]: [Received at 1641845141336] ( PLAY 14.quad_7x7.1641845135947 (( mark r2 c4 ) noop ) )
LOG 1641845141337 [L0]: [Sent at 1641845141337] ( block r4 c1 )
LOG 1641845141339 [L0]: [Received at 1641845141339] ( PLAY 14.quad_7x7.1641845135947 (noop ( block r4 c1 ) ) )
LOG 1641845141340 [L0]: [Sent at 1641845141340] ( block r5 c1 )
LOG 1641845141342 [L0]: [Received at 1641845141342] ( PLAY 14.quad_7x7.1641845135947 (noop ( block r5 c1 ) ) )
LOG 1641845141343 [L0]: [Sent at 1641845141343] ( mark r3 c2 )
LOG 1641845141346 [L0]: [Received at 1641845141346] ( PLAY 14.quad_7x7.1641845135947 (noop ( mark r3 c2 ) ) )
LOG 1641845141347 [L0]: [Sent at 1641845141347] noop
LOG 1641845141352 [L0]: [Received at 1641845141352] ( PLAY 14.quad_7x7.1641845135947 (( mark r7 c2 ) noop ) )
LOG 1641845141353 [L0]: [Sent at 1641845141353] ( block r4 c3 )
LOG 1641845141355 [L0]: [Received at 1641845141355] ( PLAY 14.quad_7x7.1641845135947 (noop ( block r4 c3 ) ) )
LOG 1641845141356 [L0]: [Sent at 1641845141356] ( mark r5 c7 )
LOG 1641845141362 [L0]: [Received at 1641845141362] ( PLAY 14.quad_7x7.1641845135947 (noop ( mark r5 c7 ) ) )
LOG 1641845141364 [L0]: [Sent at 1641845141364] noop
LOG 1641845141377 [L0]: [Received at 1641845141377] ( PLAY 14.quad_7x7.1641845135947 (( mark r2 c5 ) noop ) )
LOG 1641845141378 [L0]: [Sent at 1641845141378] ( mark r3 c3 )
LOG 1641845141391 [L0]: [Received at 1641845141391] ( PLAY 14.quad_7x7.1641845135947 (noop ( mark r3 c3 ) ) )
LOG 1641845141392 [L0]: [Sent at 1641845141392] noop
LOG 1641845141448 [L0]: [Received at 1641845141448] ( PLAY 14.quad_7x7.1641845135947 (( mark r2 c1 ) noop ) )
LOG 1641845141450 [L0]: [Sent at 1641845141450] ( mark r1 c2 )
LOG 1641845141472 [L0]: [Received at 1641845141472] ( PLAY 14.quad_7x7.1641845135947 (noop ( mark r1 c2 ) ) )
LOG 1641845141473 [L0]: [Sent at 1641845141473] noop
LOG 1641845141477 [L0]: [Received at 1641845141477] ( PLAY 14.quad_7x7.1641845135947 (( block r4 c4 ) noop ) )
LOG 1641845141478 [L0]: [Sent at 1641845141478] noop
LOG 1641845141482 [L0]: [Received at 1641845141482] ( PLAY 14.quad_7x7.1641845135947 (( block r2 c2 ) noop ) )
LOG 1641845141483 [L0]: [Sent at 1641845141483] noop
LOG 1641845141507 [L0]: [Received at 1641845141507] ( PLAY 14.quad_7x7.1641845135947 (( mark r7 c4 ) noop ) )
LOG 1641845141508 [L0]: [Sent at 1641845141508] ( block r3 c7 )
LOG 1641845141513 [L0]: [Received at 1641845141513] ( PLAY 14.quad_7x7.1641845135947 (noop ( block r3 c7 ) ) )
LOG 1641845141514 [L0]: [Sent at 1641845141514] ( mark r3 c4 )
LOG 1641845141557 [L0]: [Received at 1641845141557] ( PLAY 14.quad_7x7.1641845135947 (noop ( mark r3 c4 ) ) )
LOG 1641845141558 [L0]: [Sent at 1641845141558] noop
LOG 1641845141606 [L0]: [Received at 1641845141606] ( PLAY 14.quad_7x7.1641845135947 (( mark r6 c6 ) noop ) )
LOG 1641845141607 [L0]: [Sent at 1641845141607] ( block r4 c2 )
LOG 1641845141614 [L0]: [Received at 1641845141614] ( PLAY 14.quad_7x7.1641845135947 (noop ( block r4 c2 ) ) )
LOG 1641845141615 [L0]: [Sent at 1641845141615] ( mark r5 c4 )
LOG 1641845141686 [L0]: [Received at 1641845141686] ( PLAY 14.quad_7x7.1641845135947 (noop ( mark r5 c4 ) ) )
LOG 1641845141687 [L0]: [Sent at 1641845141687] noop
LOG 1641845141696 [L0]: [Received at 1641845141696] ( PLAY 14.quad_7x7.1641845135947 (( block r6 c1 ) noop ) )
LOG 1641845141697 [L0]: [Sent at 1641845141697] noop
LOG 1641845141707 [L0]: [Received at 1641845141707] ( PLAY 14.quad_7x7.1641845135947 (( block r7 c5 ) noop ) )
LOG 1641845141709 [L0]: [Sent at 1641845141709] noop
LOG 1641845141805 [L0]: [Received at 1641845141805] ( PLAY 14.quad_7x7.1641845135947 (( mark r1 c4 ) noop ) )
LOG 1641845141806 [L0]: [Sent at 1641845141806] ( mark r1 c6 )
LOG 1641845141927 [L0]: [Received at 1641845141927] ( PLAY 14.quad_7x7.1641845135947 (noop ( mark r1 c6 ) ) )
LOG 1641845141928 [L0]: [Sent at 1641845141928] noop
LOG 1641845142049 [L0]: [Received at 1641845142049] ( PLAY 14.quad_7x7.1641845135947 (( mark r5 c6 ) noop ) )
LOG 1641845142051 [L0]: [Sent at 1641845142051] ( mark r6 c2 )
LOG 1641845142224 [L0]: [Received at 1641845142224] ( PLAY 14.quad_7x7.1641845135947 (noop ( mark r6 c2 ) ) )
LOG 1641845142226 [L0]: [Sent at 1641845142226] noop
LOG 1641845142376 [L0]: [Received at 1641845142376] ( PLAY 14.quad_7x7.1641845135947 (( mark r5 c2 ) noop ) )
LOG 1641845142378 [L0]: [Sent at 1641845142378] ( mark r5 c3 )
LOG 1641845142592 [L0]: [Received at 1641845142592] ( PLAY 14.quad_7x7.1641845135947 (noop ( mark r5 c3 ) ) )
LOG 1641845142593 [L0]: [Sent at 1641845142593] noop
LOG 1641845142795 [L0]: [Received at 1641845142795] ( PLAY 14.quad_7x7.1641845135947 (( mark r6 c3 ) noop ) )
LOG 1641845142797 [L0]: [Sent at 1641845142797] ( mark r6 c4 )
LOG 1641845143062 [L0]: [Received at 1641845143062] ( PLAY 14.quad_7x7.1641845135947 (noop ( mark r6 c4 ) ) )
LOG 1641845143063 [L0]: [Sent at 1641845143063] noop
LOG 1641845143383 [L0]: [Received at 1641845143383] ( PLAY 14.quad_7x7.1641845135947 (( mark r6 c5 ) noop ) )
LOG 1641845143385 [L0]: [Sent at 1641845143385] ( mark r2 c7 )
LOG 1641845147959 [L0]: [Received at 1641845147959] ( STOP 14.quad_7x7.1641845135947 (noop ( mark r2 c7 ) ) )
LOG 1641845147960 [L3]: Stopped logging to files at: Mon Jan 10 21:05:47 CET 2022
LOG 1641845147961 [L3]: LOG SEALED
