LOG 1641844939413 [L3]: Started match logging at: Mon Jan 10 21:02:19 CET 2022
LOG 1641844939421 [L3]: Game rules: [( role x ), ( role o ), ( init ( quad x 12 ) ), ( init ( quad o 12 ) ), ( init ( white x 5 ) ), ( init ( white o 5 ) ), ( init ( cell r1 c2 b ) ), ( init ( cell r1 c3 b ) ), ( init ( cell r1 c4 b ) ), ( init ( cell r1 c5 b ) ), ( init ( cell r1 c6 b ) ), ( init ( cell r2 c1 b ) ), ( init ( cell r2 c2 b ) ), ( init ( cell r2 c3 b ) ), ( init ( cell r2 c4 b ) ), ( init ( cell r2 c5 b ) ), ( init ( cell r2 c6 b ) ), ( init ( cell r2 c7 b ) ), ( init ( cell r3 c1 b ) ), ( init ( cell r3 c2 b ) ), ( init ( cell r3 c3 b ) ), ( init ( cell r3 c4 b ) ), ( init ( cell r3 c5 b ) ), ( init ( cell r3 c6 b ) ), ( init ( cell r3 c7 b ) ), ( init ( cell r4 c1 b ) ), ( init ( cell r4 c2 b ) ), ( init ( cell r4 c3 b ) ), ( init ( cell r4 c4 b ) ), ( init ( cell r4 c5 b ) ), ( init ( cell r4 c6 b ) ), ( init ( cell r4 c7 b ) ), ( init ( cell r5 c1 b ) ), ( init ( cell r5 c2 b ) ), ( init ( cell r5 c3 b ) ), ( init ( cell r5 c4 b ) ), ( init ( cell r5 c5 b ) ), ( init ( cell r5 c6 b ) ), ( init ( cell r5 c7 b ) ), ( init ( cell r6 c1 b ) ), ( init ( cell r6 c2 b ) ), ( init ( cell r6 c3 b ) ), ( init ( cell r6 c4 b ) ), ( init ( cell r6 c5 b ) ), ( init ( cell r6 c6 b ) ), ( init ( cell r6 c7 b ) ), ( init ( cell r7 c2 b ) ), ( init ( cell r7 c3 b ) ), ( init ( cell r7 c4 b ) ), ( init ( cell r7 c5 b ) ), ( init ( cell r7 c6 b ) ), ( init ( control x ) ), ( ncol c1 c2 ), ( ncol c2 c3 ), ( ncol c3 c4 ), ( ncol c4 c5 ), ( ncol c5 c6 ), ( ncol c6 c7 ), ( nrow r1 r2 ), ( nrow r2 r3 ), ( nrow r3 r4 ), ( nrow r4 r5 ), ( nrow r5 r6 ), ( nrow r6 r7 ), ( <= ( prow ?x ?y ) ( nrow ?y ?x ) ), ( <= ( pcol ?x ?y ) ( ncol ?y ?x ) ), ( succ 0 1 ), ( succ 1 2 ), ( succ 2 3 ), ( succ 3 4 ), ( succ 4 5 ), ( succ 5 6 ), ( succ 6 7 ), ( succ 7 8 ), ( succ 8 9 ), ( succ 9 10 ), ( succ 10 11 ), ( succ 11 12 ), ( succ 12 13 ), ( succ 13 14 ), ( succ 14 15 ), ( succ 15 16 ), ( succ 16 17 ), ( succ 17 18 ), ( succ 18 19 ), ( succ 19 20 ), ( <= ( legal ?player ( mark ?x ?y ) ) ( true ( cell ?x ?y b ) ) ( true ( control ?player ) ) ), ( <= ( legal ?player ( block ?x ?y ) ) ( true ( cell ?x ?y b ) ) ( true ( control ?player ) ) ( true ( white ?player ?c ) ) ( distinct ?c 0 ) ), ( <= ( legal x noop ) ( true ( control o ) ) ), ( <= ( legal o noop ) ( true ( control x ) ) ), ( <= ( next ( cell ?m ?n ?p ) ) ( does ?p ( mark ?m ?n ) ) ), ( <= ( next ( cell ?m ?n w ) ) ( does ?p ( block ?m ?n ) ) ), ( <= ( next ( cell ?m ?n ?p ) ) ( true ( cell ?m ?n ?p ) ) ( distinct ?p b ) ), ( <= ( next ( cell ?m ?n b ) ) ( does ?W ( mark ?j ?k ) ) ( true ( cell ?m ?n b ) ) ( distinct ?m ?j ) ), ( <= ( next ( cell ?m ?n b ) ) ( does ?W ( mark ?j ?k ) ) ( true ( cell ?m ?n b ) ) ( distinct ?n ?k ) ), ( <= ( next ( cell ?m ?n b ) ) ( does ?W ( block ?j ?k ) ) ( true ( cell ?m ?n b ) ) ( distinct ?m ?j ) ), ( <= ( next ( cell ?m ?n b ) ) ( does ?W ( block ?j ?k ) ) ( true ( cell ?m ?n b ) ) ( distinct ?n ?k ) ), ( <= ( next ( quad ?p ?c ) ) ( true ( control ?q ) ) ( true ( quad ?p ?c ) ) ( distinct ?p ?q ) ), ( <= ( next ( white ?p ?c ) ) ( true ( control ?q ) ) ( true ( white ?p ?c ) ) ( distinct ?p ?q ) ), ( <= ( next ( quad ?p ?c ) ) ( does ?p ( mark ?j ?k ) ) ( true ( quad ?p ?c1 ) ) ( succ ?c ?c1 ) ), ( <= ( next ( white ?p ?c ) ) ( does ?p ( block ?j ?k ) ) ( true ( white ?p ?c1 ) ) ( succ ?c ?c1 ) ), ( <= ( next ( quad ?p ?c ) ) ( does ?p ( block ?j ?k ) ) ( true ( quad ?p ?c ) ) ), ( <= ( next ( white ?p ?c ) ) ( does ?p ( mark ?j ?k ) ) ( true ( white ?p ?c ) ) ), ( <= ( next ( control x ) ) ( does o ( mark ?j ?k ) ) ( true ( control o ) ) ), ( <= ( next ( control o ) ) ( does x ( mark ?j ?k ) ) ( true ( control x ) ) ), ( <= ( next ( control ?p ) ) ( does ?p ( block ?j ?k ) ) ( true ( control ?p ) ) ), ( <= ( square ?x1 ?y1 ?x1 ?y2 ?x2 ?y1 ?x2 ?y2 ) ( ncol ?y1 ?y2 ) ( nrow ?x1 ?x2 ) ), ( <= ( square ?x1 ?y1 ?x1 ?y2 ?x2 ?y1 ?x2 ?y2 ) ( ncol ?y3 ?y2 ) ( nrow ?x3 ?x2 ) ( square ?x1 ?y1 ?x1 ?y3 ?x3 ?y1 ?x3 ?y3 ) ), ( <= ( square ?x1 ?y1 ?x2 ?y2 ?x3 ?y3 ?x4 ?y4 ) ( prow ?x2p ?x2 ) ( ncol ?y3n ?y3 ) ( prow ?x4p ?x4 ) ( ncol ?y4n ?y4 ) ( square ?x1 ?y1 ?x2p ?y2 ?x3 ?y3n ?x4p ?y4n ) ), ( <= win ( true ( cell ?x1 ?y1 x ) ) ( true ( cell ?x2 ?y2 x ) ) ( true ( cell ?x3 ?y3 x ) ) ( true ( cell ?x4 ?y4 x ) ) ( square ?x1 ?y1 ?x2 ?y2 ?x3 ?y3 ?x4 ?y4 ) ), ( <= lose ( true ( cell ?x1 ?y1 o ) ) ( true ( cell ?x2 ?y2 o ) ) ( true ( cell ?x3 ?y3 o ) ) ( true ( cell ?x4 ?y4 o ) ) ( square ?x1 ?y1 ?x2 ?y2 ?x3 ?y3 ?x4 ?y4 ) ), ( <= winByOpenQuad ( not lose ) ( not open ) ( true ( cell ?x1 ?y1 x ) ) ( true ( cell ?x2 ?y2 x ) ) ( true ( cell ?x3 ?y3 x ) ) ( true ( cell ?x4 ?y4 b ) ) ( square ?x1 ?y1 ?x2 ?y2 ?x3 ?y3 ?x4 ?y4 ) ), ( <= winByOpenQuad ( not lose ) ( not open ) ( true ( cell ?x1 ?y1 x ) ) ( true ( cell ?x2 ?y2 b ) ) ( true ( cell ?x3 ?y3 x ) ) ( true ( cell ?x4 ?y4 x ) ) ( square ?x1 ?y1 ?x2 ?y2 ?x3 ?y3 ?x4 ?y4 ) ), ( <= winByOpenQuad ( not lose ) ( not open ) ( true ( cell ?x1 ?y1 x ) ) ( true ( cell ?x2 ?y2 x ) ) ( true ( cell ?x3 ?y3 b ) ) ( true ( cell ?x4 ?y4 x ) ) ( square ?x1 ?y1 ?x2 ?y2 ?x3 ?y3 ?x4 ?y4 ) ), ( <= winByOpenQuad ( not lose ) ( not open ) ( true ( cell ?x1 ?y1 b ) ) ( true ( cell ?x2 ?y2 x ) ) ( true ( cell ?x3 ?y3 x ) ) ( true ( cell ?x4 ?y4 x ) ) ( square ?x1 ?y1 ?x2 ?y2 ?x3 ?y3 ?x4 ?y4 ) ), ( <= open ( true ( quad ?p ?c ) ) ( distinct ?c 0 ) ), ( <= ( more ?x 0 ) ( succ ?y ?x ) ), ( <= ( more ?x ?y ) ( succ ?x1 ?x ) ( succ ?y1 ?y ) ( more ?x1 ?y1 ) ), ( <= morewhite ( true ( white x ?a ) ) ( true ( white o ?b ) ) ( more ?a ?b ) ), ( <= lesswhite ( true ( white x ?a ) ) ( true ( white o ?b ) ) ( more ?b ?a ) ), ( <= equalwhite ( true ( white x ?a ) ) ( true ( white o ?a ) ) ), ( <= ( goal x 100 ) win ), ( <= ( goal x 95 ) ( not win ) winByOpenQuad ), ( <= ( goal x 90 ) ( not win ) ( not winByOpenQuad ) ( not lose ) ( not open ) morewhite ), ( <= ( goal x 50 ) ( not win ) ( not winByOpenQuad ) ( not lose ) ( not open ) equalwhite ), ( <= ( goal x 10 ) ( not win ) ( not winByOpenQuad ) ( not lose ) ( not open ) lesswhite ), ( <= ( goal x 0 ) lose ), ( <= ( goal o 100 ) lose ), ( <= ( goal o 90 ) ( not win ) ( not winByOpenQuad ) ( not lose ) ( not open ) lesswhite ), ( <= ( goal o 50 ) ( not win ) ( not winByOpenQuad ) ( not lose ) ( not open ) equalwhite ), ( <= ( goal o 10 ) ( not win ) ( not winByOpenQuad ) ( not lose ) ( not open ) morewhite ), ( <= ( goal o 5 ) ( not win ) winByOpenQuad ), ( <= ( goal o 0 ) win ), ( <= terminal win ), ( <= terminal lose ), ( <= terminal ( not open ) )]
LOG 1641844939421 [L3]: Start clock: 15
LOG 1641844939421 [L3]: Play clock: 10
LOG 1641844944444 [L0]: [Sent at 1641844944444] ready
LOG 1641844944446 [L0]: [Received at 1641844944446] ( PLAY 35.quad_7x7.1641844939124 NIL )
LOG 1641844944447 [L0]: [Sent at 1641844944447] ( mark r4 c6 )
LOG 1641844944449 [L0]: [Received at 1641844944449] ( PLAY 35.quad_7x7.1641844939124 (( mark r4 c6 ) noop ) )
LOG 1641844944452 [L0]: [Sent at 1641844944452] noop
LOG 1641844944454 [L0]: [Received at 1641844944454] ( PLAY 35.quad_7x7.1641844939124 (noop ( mark r6 c3 ) ) )
LOG 1641844944457 [L0]: [Sent at 1641844944457] ( mark r2 c6 )
LOG 1641844944460 [L0]: [Received at 1641844944460] ( PLAY 35.quad_7x7.1641844939124 (( mark r2 c6 ) noop ) )
LOG 1641844944464 [L0]: [Sent at 1641844944464] noop
LOG 1641844944467 [L0]: [Received at 1641844944467] ( PLAY 35.quad_7x7.1641844939124 (noop ( mark r5 c6 ) ) )
LOG 1641844944468 [L0]: [Sent at 1641844944468] ( block r7 c4 )
LOG 1641844944471 [L0]: [Received at 1641844944471] ( PLAY 35.quad_7x7.1641844939124 (( block r7 c4 ) noop ) )
LOG 1641844944472 [L0]: [Sent at 1641844944472] ( mark r4 c3 )
LOG 1641844944479 [L0]: [Received at 1641844944479] ( PLAY 35.quad_7x7.1641844939124 (( mark r4 c3 ) noop ) )
LOG 1641844944480 [L0]: [Sent at 1641844944480] noop
LOG 1641844944482 [L0]: [Received at 1641844944482] ( PLAY 35.quad_7x7.1641844939124 (noop ( block r2 c7 ) ) )
LOG 1641844944484 [L0]: [Sent at 1641844944484] noop
LOG 1641844944490 [L0]: [Received at 1641844944490] ( PLAY 35.quad_7x7.1641844939124 (noop ( mark r1 c3 ) ) )
LOG 1641844944491 [L0]: [Sent at 1641844944491] ( block r3 c4 )
LOG 1641844944493 [L0]: [Received at 1641844944493] ( PLAY 35.quad_7x7.1641844939124 (( block r3 c4 ) noop ) )
LOG 1641844944494 [L0]: [Sent at 1641844944494] ( mark r5 c3 )
LOG 1641844944508 [L0]: [Received at 1641844944508] ( PLAY 35.quad_7x7.1641844939124 (( mark r5 c3 ) noop ) )
LOG 1641844944509 [L0]: [Sent at 1641844944509] noop
LOG 1641844944511 [L0]: [Received at 1641844944511] ( PLAY 35.quad_7x7.1641844939124 (noop ( block r2 c4 ) ) )
LOG 1641844944512 [L0]: [Sent at 1641844944512] noop
LOG 1641844944515 [L0]: [Received at 1641844944515] ( PLAY 35.quad_7x7.1641844939124 (noop ( block r4 c7 ) ) )
LOG 1641844944516 [L0]: [Sent at 1641844944516] noop
LOG 1641844944519 [L0]: [Received at 1641844944519] ( PLAY 35.quad_7x7.1641844939124 (noop ( block r5 c7 ) ) )
LOG 1641844944520 [L0]: [Sent at 1641844944520] noop
LOG 1641844944522 [L0]: [Received at 1641844944522] ( PLAY 35.quad_7x7.1641844939124 (noop ( block r3 c2 ) ) )
LOG 1641844944523 [L0]: [Sent at 1641844944523] noop
LOG 1641844944534 [L0]: [Received at 1641844944534] ( PLAY 35.quad_7x7.1641844939124 (noop ( mark r2 c2 ) ) )
LOG 1641844944535 [L0]: [Sent at 1641844944535] ( block r5 c2 )
LOG 1641844944537 [L0]: [Received at 1641844944537] ( PLAY 35.quad_7x7.1641844939124 (( block r5 c2 ) noop ) )
LOG 1641844944539 [L0]: [Sent at 1641844944539] ( mark r6 c2 )
LOG 1641844944557 [L0]: [Received at 1641844944557] ( PLAY 35.quad_7x7.1641844939124 (( mark r6 c2 ) noop ) )
LOG 1641844944558 [L0]: [Sent at 1641844944558] noop
LOG 1641844944572 [L0]: [Received at 1641844944572] ( PLAY 35.quad_7x7.1641844939124 (noop ( mark r7 c3 ) ) )
LOG 1641844944573 [L0]: [Sent at 1641844944573] ( mark r4 c2 )
LOG 1641844944608 [L0]: [Received at 1641844944608] ( PLAY 35.quad_7x7.1641844939124 (( mark r4 c2 ) noop ) )
LOG 1641844944609 [L0]: [Sent at 1641844944609] noop
LOG 1641844944630 [L0]: [Received at 1641844944630] ( PLAY 35.quad_7x7.1641844939124 (noop ( mark r6 c1 ) ) )
LOG 1641844944631 [L0]: [Sent at 1641844944631] ( mark r4 c4 )
LOG 1641844944694 [L0]: [Received at 1641844944694] ( PLAY 35.quad_7x7.1641844939124 (( mark r4 c4 ) noop ) )
LOG 1641844944695 [L0]: [Sent at 1641844944695] noop
LOG 1641844944744 [L0]: [Received at 1641844944744] ( PLAY 35.quad_7x7.1641844939124 (noop ( mark r1 c6 ) ) )
LOG 1641844944746 [L0]: [Sent at 1641844944746] ( mark r6 c5 )
LOG 1641844944831 [L0]: [Received at 1641844944831] ( PLAY 35.quad_7x7.1641844939124 (( mark r6 c5 ) noop ) )
LOG 1641844944833 [L0]: [Sent at 1641844944833] noop
LOG 1641844944920 [L0]: [Received at 1641844944920] ( PLAY 35.quad_7x7.1641844939124 (noop ( mark r3 c7 ) ) )
LOG 1641844944922 [L0]: [Sent at 1641844944922] ( mark r7 c2 )
LOG 1641844945077 [L0]: [Received at 1641844945077] ( PLAY 35.quad_7x7.1641844939124 (( mark r7 c2 ) noop ) )
LOG 1641844945078 [L0]: [Sent at 1641844945078] noop
LOG 1641844945198 [L0]: [Received at 1641844945198] ( PLAY 35.quad_7x7.1641844939124 (noop ( mark r5 c5 ) ) )
LOG 1641844945199 [L0]: [Sent at 1641844945199] ( block r1 c4 )
LOG 1641844945218 [L0]: [Received at 1641844945218] ( PLAY 35.quad_7x7.1641844939124 (( block r1 c4 ) noop ) )
LOG 1641844945220 [L0]: [Sent at 1641844945220] ( mark r6 c7 )
LOG 1641844945375 [L0]: [Received at 1641844945375] ( PLAY 35.quad_7x7.1641844939124 (( mark r6 c7 ) noop ) )
LOG 1641844945377 [L0]: [Sent at 1641844945377] noop
LOG 1641844945568 [L0]: [Received at 1641844945568] ( PLAY 35.quad_7x7.1641844939124 (noop ( mark r3 c5 ) ) )
LOG 1641844945570 [L0]: [Sent at 1641844945570] ( mark r5 c4 )
LOG 1641844946015 [L0]: [Received at 1641844946014] ( STOP 35.quad_7x7.1641844939124 (( mark r5 c4 ) noop ) )
LOG 1641844946015 [L3]: Stopped logging to files at: Mon Jan 10 21:02:26 CET 2022
LOG 1641844946016 [L3]: LOG SEALED
