LOG 1641922980989 [L3]: Returning initial state machine.
LOG 1641922980989 [L3]: Returning PropNet state machine without cache.
LOG 1641922980990 [L3]: Starting metagame with available thinking time 4989ms.
LOG 1641922980992 [L3]: Starting search during metagame.
LOG 1641922985979 [L3]: Done searching during metagame.
LOG 1641922985983 [L3]: Starting move selection for game step 1 with available time 10000ms.
LOG 1641922985983 [L3]: Selecting move using MCTS.
LOG 1641922995983 [L3]: Returning MCTS move noop.
LOG 1641922995989 [L3]: Starting move selection for game step 2 with available time 10000ms.
LOG 1641922995991 [L3]: Selecting move using MCTS.
LOG 1641923005989 [L3]: Returning MCTS move ( move 4 7 3 6 ).
LOG 1641923005993 [L3]: Starting move selection for game step 3 with available time 10000ms.
LOG 1641923006002 [L3]: Selecting move using MCTS.
LOG 1641923015993 [L3]: Returning MCTS move noop.
LOG 1641923016004 [L3]: Starting move selection for game step 4 with available time 10000ms.
LOG 1641923016008 [L3]: Selecting move using MCTS.
LOG 1641923026004 [L3]: Returning MCTS move ( move 5 7 6 6 ).
LOG 1641923026008 [L3]: Starting move selection for game step 5 with available time 10000ms.
LOG 1641923026012 [L3]: Selecting move using MCTS.
LOG 1641923036008 [L3]: Returning MCTS move noop.
LOG 1641923036013 [L3]: Starting move selection for game step 6 with available time 10000ms.
LOG 1641923036018 [L3]: Selecting move using MCTS.
LOG 1641923046013 [L3]: Returning MCTS move ( move 6 6 5 5 ).
LOG 1641923046017 [L3]: Starting move selection for game step 7 with available time 10000ms.
LOG 1641923046021 [L3]: Selecting move using MCTS.
LOG 1641923056017 [L3]: Returning MCTS move noop.
LOG 1641923056022 [L3]: Starting move selection for game step 8 with available time 10000ms.
LOG 1641923056026 [L3]: Selecting move using MCTS.
LOG 1641923066022 [L3]: Returning MCTS move ( move 3 7 2 6 ).
LOG 1641923066026 [L3]: Starting move selection for game step 9 with available time 10000ms.
LOG 1641923066030 [L3]: Selecting move using MCTS.
LOG 1641923076026 [L3]: Returning MCTS move noop.
LOG 1641923076030 [L3]: Starting move selection for game step 10 with available time 10000ms.
LOG 1641923076034 [L3]: Selecting move using MCTS.
LOG 1641923086030 [L3]: Returning MCTS move ( move 2 6 3 5 ).
LOG 1641923086033 [L3]: Starting move selection for game step 11 with available time 10000ms.
LOG 1641923086037 [L3]: Selecting move using MCTS.
LOG 1641923096034 [L3]: Returning MCTS move noop.
LOG 1641923096038 [L3]: Starting move selection for game step 12 with available time 10000ms.
LOG 1641923096042 [L3]: Selecting move using MCTS.
LOG 1641923106038 [L3]: Returning MCTS move ( move 3 5 3 4 ).
LOG 1641923106042 [L3]: Starting move selection for game step 13 with available time 10000ms.
LOG 1641923106046 [L3]: Selecting move using MCTS.
LOG 1641923116042 [L3]: Returning MCTS move noop.
LOG 1641923116056 [L3]: Starting move selection for game step 14 with available time 10000ms.
LOG 1641923116060 [L3]: Selecting move using MCTS.
LOG 1641923126056 [L3]: Returning MCTS move ( move 3 4 4 3 ).
LOG 1641923126060 [L3]: Starting move selection for game step 15 with available time 10000ms.
LOG 1641923126064 [L3]: Selecting move using MCTS.
LOG 1641923136060 [L3]: Returning MCTS move noop.
LOG 1641923136063 [L3]: Starting move selection for game step 16 with available time 10000ms.
LOG 1641923136068 [L3]: Selecting move using MCTS.
LOG 1641923146063 [L3]: Returning MCTS move ( move 5 5 5 4 ).
LOG 1641923146066 [L3]: Starting move selection for game step 17 with available time 10000ms.
LOG 1641923146071 [L3]: Selecting move using MCTS.
LOG 1641923156066 [L3]: Returning MCTS move noop.
LOG 1641923156070 [L3]: Starting move selection for game step 18 with available time 10000ms.
LOG 1641923156076 [L3]: Selecting move using MCTS.
LOG 1641923166070 [L3]: Returning MCTS move ( move 5 4 6 3 ).
LOG 1641923166074 [L3]: Starting move selection for game step 19 with available time 10000ms.
LOG 1641923166079 [L3]: Selecting move using MCTS.
LOG 1641923176074 [L3]: Returning MCTS move noop.
LOG 1641923176078 [L3]: Starting move selection for game step 20 with available time 10000ms.
LOG 1641923176084 [L3]: Selecting move using MCTS.
LOG 1641923186078 [L3]: Returning MCTS move ( move 4 3 3 2 ).
LOG 1641923186082 [L3]: Starting move selection for game step 21 with available time 10000ms.
LOG 1641923186088 [L3]: Selecting move using MCTS.
LOG 1641923196082 [L3]: Returning MCTS move noop.
LOG 1641923196086 [L3]: Starting move selection for game step 22 with available time 10000ms.
LOG 1641923196093 [L3]: Selecting move using MCTS.
LOG 1641923206086 [L3]: Returning MCTS move ( move 3 2 2 1 ).
