LOG 1641910560880 [L9]: <ERR> (in MoveSelector) AdaptivePlayoutMoveSelector - Error creating probability distribution when selecting a move in the playout!
LOG 1641910560881 [L9]: <ERR> (in GamePlayer) java.lang.RuntimeException: org.apache.commons.math3.exception.NotANumberException: NaN is not allowed
	at org.ggp.base.player.gamer.statemachine.MCTS.manager.hybrid.strategies.playout.moveselector.GibbsAdaptivePlayoutMoveSelector.getMoveFromDistribution(GibbsAdaptivePlayoutMoveSelector.java:93)
	at org.ggp.base.player.gamer.statemachine.MCTS.manager.hybrid.strategies.playout.moveselector.GibbsAdaptivePlayoutMoveSelector.getMoveForRole(GibbsAdaptivePlayoutMoveSelector.java:63)
	at org.ggp.base.player.gamer.statemachine.MCTS.manager.hybrid.strategies.playout.StandardPlayout.getMoveForRole(StandardPlayout.java:179)
	at org.ggp.base.player.gamer.statemachine.MCTS.manager.hybrid.strategies.playout.PlayoutStrategy.getJointMove(PlayoutStrategy.java:95)
	at org.ggp.base.player.gamer.statemachine.MCTS.manager.hybrid.strategies.playout.MovesAndSiblingsMemorizingStandardPlayout.singlePlayout(MovesAndSiblingsMemorizingStandardPlayout.java:79)
	at org.ggp.base.player.gamer.statemachine.MCTS.manager.hybrid.strategies.playout.StandardPlayout.playout(StandardPlayout.java:90)
	at org.ggp.base.player.gamer.statemachine.MCTS.manager.hybrid.HybridMctsManager.searchNext(HybridMctsManager.java:1245)
	at org.ggp.base.player.gamer.statemachine.MCTS.manager.hybrid.HybridMctsManager.searchNext(HybridMctsManager.java:1288)
	at org.ggp.base.player.gamer.statemachine.MCTS.manager.hybrid.HybridMctsManager.searchNext(HybridMctsManager.java:1288)
	at org.ggp.base.player.gamer.statemachine.MCTS.manager.hybrid.HybridMctsManager.searchNext(HybridMctsManager.java:1288)
	at org.ggp.base.player.gamer.statemachine.MCTS.manager.hybrid.HybridMctsManager.searchNext(HybridMctsManager.java:1288)
	at org.ggp.base.player.gamer.statemachine.MCTS.manager.hybrid.HybridMctsManager.searchNext(HybridMctsManager.java:1288)
	at org.ggp.base.player.gamer.statemachine.MCTS.manager.hybrid.HybridMctsManager.searchNext(HybridMctsManager.java:1288)
	at org.ggp.base.player.gamer.statemachine.MCTS.manager.hybrid.HybridMctsManager.searchNext(HybridMctsManager.java:1288)
	at org.ggp.base.player.gamer.statemachine.MCTS.manager.hybrid.HybridMctsManager.searchNext(HybridMctsManager.java:1288)
	at org.ggp.base.player.gamer.statemachine.MCTS.manager.hybrid.HybridMctsManager.searchNext(HybridMctsManager.java:1288)
	at org.ggp.base.player.gamer.statemachine.MCTS.manager.hybrid.HybridMctsManager.performSearch(HybridMctsManager.java:857)
	at org.ggp.base.player.gamer.statemachine.MCTS.manager.hybrid.HybridMctsManager.search(HybridMctsManager.java:774)
	at org.ggp.base.player.gamer.statemachine.MCTS.MctsGamer.stateMachineSelectMove(MctsGamer.java:256)
	at org.ggp.base.player.gamer.statemachine.StateMachineGamer.selectMove(StateMachineGamer.java:280)
	at org.ggp.base.player.request.grammar.PlayRequest.process(PlayRequest.java:49)
	at org.ggp.base.player.GamePlayer.run(GamePlayer.java:162)
Caused by: org.apache.commons.math3.exception.NotANumberException: NaN is not allowed
	at org.apache.commons.math3.distribution.EnumeratedDistribution.<init>(EnumeratedDistribution.java:134)
	at org.apache.commons.math3.distribution.EnumeratedDistribution.<init>(EnumeratedDistribution.java:101)
	at org.ggp.base.player.gamer.statemachine.MCTS.manager.hybrid.strategies.playout.moveselector.GibbsAdaptivePlayoutMoveSelector.getMoveFromDistribution(GibbsAdaptivePlayoutMoveSelector.java:86)
	... 21 more
LOG 1641910560908 [L9]: <ERR> (in GamePlayer) An unhandled exception ocurred during move selection: org.ggp.base.player.gamer.exception.MoveSelectionException: java.lang.RuntimeException: org.apache.commons.math3.exception.NotANumberException: NaN is not allowed
	at org.ggp.base.player.gamer.statemachine.StateMachineGamer.selectMove(StateMachineGamer.java:285)
	at org.ggp.base.player.request.grammar.PlayRequest.process(PlayRequest.java:49)
	at org.ggp.base.player.GamePlayer.run(GamePlayer.java:162)
Caused by: java.lang.RuntimeException: org.apache.commons.math3.exception.NotANumberException: NaN is not allowed
	at org.ggp.base.player.gamer.statemachine.MCTS.manager.hybrid.strategies.playout.moveselector.GibbsAdaptivePlayoutMoveSelector.getMoveFromDistribution(GibbsAdaptivePlayoutMoveSelector.java:93)
	at org.ggp.base.player.gamer.statemachine.MCTS.manager.hybrid.strategies.playout.moveselector.GibbsAdaptivePlayoutMoveSelector.getMoveForRole(GibbsAdaptivePlayoutMoveSelector.java:63)
	at org.ggp.base.player.gamer.statemachine.MCTS.manager.hybrid.strategies.playout.StandardPlayout.getMoveForRole(StandardPlayout.java:179)
	at org.ggp.base.player.gamer.statemachine.MCTS.manager.hybrid.strategies.playout.PlayoutStrategy.getJointMove(PlayoutStrategy.java:95)
	at org.ggp.base.player.gamer.statemachine.MCTS.manager.hybrid.strategies.playout.MovesAndSiblingsMemorizingStandardPlayout.singlePlayout(MovesAndSiblingsMemorizingStandardPlayout.java:79)
	at org.ggp.base.player.gamer.statemachine.MCTS.manager.hybrid.strategies.playout.StandardPlayout.playout(StandardPlayout.java:90)
	at org.ggp.base.player.gamer.statemachine.MCTS.manager.hybrid.HybridMctsManager.searchNext(HybridMctsManager.java:1245)
	at org.ggp.base.player.gamer.statemachine.MCTS.manager.hybrid.HybridMctsManager.searchNext(HybridMctsManager.java:1288)
	at org.ggp.base.player.gamer.statemachine.MCTS.manager.hybrid.HybridMctsManager.searchNext(HybridMctsManager.java:1288)
	at org.ggp.base.player.gamer.statemachine.MCTS.manager.hybrid.HybridMctsManager.searchNext(HybridMctsManager.java:1288)
	at org.ggp.base.player.gamer.statemachine.MCTS.manager.hybrid.HybridMctsManager.searchNext(HybridMctsManager.java:1288)
	at org.ggp.base.player.gamer.statemachine.MCTS.manager.hybrid.HybridMctsManager.searchNext(HybridMctsManager.java:1288)
	at org.ggp.base.player.gamer.statemachine.MCTS.manager.hybrid.HybridMctsManager.searchNext(HybridMctsManager.java:1288)
	at org.ggp.base.player.gamer.statemachine.MCTS.manager.hybrid.HybridMctsManager.searchNext(HybridMctsManager.java:1288)
	at org.ggp.base.player.gamer.statemachine.MCTS.manager.hybrid.HybridMctsManager.searchNext(HybridMctsManager.java:1288)
	at org.ggp.base.player.gamer.statemachine.MCTS.manager.hybrid.HybridMctsManager.searchNext(HybridMctsManager.java:1288)
	at org.ggp.base.player.gamer.statemachine.MCTS.manager.hybrid.HybridMctsManager.performSearch(HybridMctsManager.java:857)
	at org.ggp.base.player.gamer.statemachine.MCTS.manager.hybrid.HybridMctsManager.search(HybridMctsManager.java:774)
	at org.ggp.base.player.gamer.statemachine.MCTS.MctsGamer.stateMachineSelectMove(MctsGamer.java:256)
	at org.ggp.base.player.gamer.statemachine.StateMachineGamer.selectMove(StateMachineGamer.java:280)
	... 2 more
Caused by: org.apache.commons.math3.exception.NotANumberException: NaN is not allowed
	at org.apache.commons.math3.distribution.EnumeratedDistribution.<init>(EnumeratedDistribution.java:134)
	at org.apache.commons.math3.distribution.EnumeratedDistribution.<init>(EnumeratedDistribution.java:101)
	at org.ggp.base.player.gamer.statemachine.MCTS.manager.hybrid.strategies.playout.moveselector.GibbsAdaptivePlayoutMoveSelector.getMoveFromDistribution(GibbsAdaptivePlayoutMoveSelector.java:86)
	... 21 more
LOG 1641910568561 [L9]: <ERR> (in MoveSelector) AdaptivePlayoutMoveSelector - Error creating probability distribution when selecting a move in the playout!
LOG 1641910568562 [L9]: <ERR> (in GamePlayer) java.lang.RuntimeException: org.apache.commons.math3.exception.NotANumberException: NaN is not allowed
	at org.ggp.base.player.gamer.statemachine.MCTS.manager.hybrid.strategies.playout.moveselector.GibbsAdaptivePlayoutMoveSelector.getMoveFromDistribution(GibbsAdaptivePlayoutMoveSelector.java:93)
	at org.ggp.base.player.gamer.statemachine.MCTS.manager.hybrid.strategies.playout.moveselector.GibbsAdaptivePlayoutMoveSelector.getMoveForRole(GibbsAdaptivePlayoutMoveSelector.java:63)
	at org.ggp.base.player.gamer.statemachine.MCTS.manager.hybrid.strategies.playout.StandardPlayout.getMoveForRole(StandardPlayout.java:179)
	at org.ggp.base.player.gamer.statemachine.MCTS.manager.hybrid.strategies.playout.PlayoutStrategy.getJointMove(PlayoutStrategy.java:95)
	at org.ggp.base.player.gamer.statemachine.MCTS.manager.hybrid.strategies.playout.MovesAndSiblingsMemorizingStandardPlayout.singlePlayout(MovesAndSiblingsMemorizingStandardPlayout.java:79)
	at org.ggp.base.player.gamer.statemachine.MCTS.manager.hybrid.strategies.playout.StandardPlayout.playout(StandardPlayout.java:90)
	at org.ggp.base.player.gamer.statemachine.MCTS.manager.hybrid.HybridMctsManager.searchNext(HybridMctsManager.java:1245)
	at org.ggp.base.player.gamer.statemachine.MCTS.manager.hybrid.HybridMctsManager.searchNext(HybridMctsManager.java:1288)
	at org.ggp.base.player.gamer.statemachine.MCTS.manager.hybrid.HybridMctsManager.searchNext(HybridMctsManager.java:1288)
	at org.ggp.base.player.gamer.statemachine.MCTS.manager.hybrid.HybridMctsManager.searchNext(HybridMctsManager.java:1288)
	at org.ggp.base.player.gamer.statemachine.MCTS.manager.hybrid.HybridMctsManager.searchNext(HybridMctsManager.java:1288)
	at org.ggp.base.player.gamer.statemachine.MCTS.manager.hybrid.HybridMctsManager.searchNext(HybridMctsManager.java:1288)
	at org.ggp.base.player.gamer.statemachine.MCTS.manager.hybrid.HybridMctsManager.searchNext(HybridMctsManager.java:1288)
	at org.ggp.base.player.gamer.statemachine.MCTS.manager.hybrid.HybridMctsManager.searchNext(HybridMctsManager.java:1288)
	at org.ggp.base.player.gamer.statemachine.MCTS.manager.hybrid.HybridMctsManager.searchNext(HybridMctsManager.java:1288)
	at org.ggp.base.player.gamer.statemachine.MCTS.manager.hybrid.HybridMctsManager.performSearch(HybridMctsManager.java:857)
	at org.ggp.base.player.gamer.statemachine.MCTS.manager.hybrid.HybridMctsManager.search(HybridMctsManager.java:774)
	at org.ggp.base.player.gamer.statemachine.MCTS.MctsGamer.stateMachineSelectMove(MctsGamer.java:256)
	at org.ggp.base.player.gamer.statemachine.StateMachineGamer.selectMove(StateMachineGamer.java:280)
	at org.ggp.base.player.request.grammar.PlayRequest.process(PlayRequest.java:49)
	at org.ggp.base.player.GamePlayer.run(GamePlayer.java:162)
Caused by: org.apache.commons.math3.exception.NotANumberException: NaN is not allowed
	at org.apache.commons.math3.distribution.EnumeratedDistribution.<init>(EnumeratedDistribution.java:134)
	at org.apache.commons.math3.distribution.EnumeratedDistribution.<init>(EnumeratedDistribution.java:101)
	at org.ggp.base.player.gamer.statemachine.MCTS.manager.hybrid.strategies.playout.moveselector.GibbsAdaptivePlayoutMoveSelector.getMoveFromDistribution(GibbsAdaptivePlayoutMoveSelector.java:86)
	... 20 more
LOG 1641910568562 [L9]: <ERR> (in GamePlayer) An unhandled exception ocurred during move selection: org.ggp.base.player.gamer.exception.MoveSelectionException: java.lang.RuntimeException: org.apache.commons.math3.exception.NotANumberException: NaN is not allowed
	at org.ggp.base.player.gamer.statemachine.StateMachineGamer.selectMove(StateMachineGamer.java:285)
	at org.ggp.base.player.request.grammar.PlayRequest.process(PlayRequest.java:49)
	at org.ggp.base.player.GamePlayer.run(GamePlayer.java:162)
Caused by: java.lang.RuntimeException: org.apache.commons.math3.exception.NotANumberException: NaN is not allowed
	at org.ggp.base.player.gamer.statemachine.MCTS.manager.hybrid.strategies.playout.moveselector.GibbsAdaptivePlayoutMoveSelector.getMoveFromDistribution(GibbsAdaptivePlayoutMoveSelector.java:93)
	at org.ggp.base.player.gamer.statemachine.MCTS.manager.hybrid.strategies.playout.moveselector.GibbsAdaptivePlayoutMoveSelector.getMoveForRole(GibbsAdaptivePlayoutMoveSelector.java:63)
	at org.ggp.base.player.gamer.statemachine.MCTS.manager.hybrid.strategies.playout.StandardPlayout.getMoveForRole(StandardPlayout.java:179)
	at org.ggp.base.player.gamer.statemachine.MCTS.manager.hybrid.strategies.playout.PlayoutStrategy.getJointMove(PlayoutStrategy.java:95)
	at org.ggp.base.player.gamer.statemachine.MCTS.manager.hybrid.strategies.playout.MovesAndSiblingsMemorizingStandardPlayout.singlePlayout(MovesAndSiblingsMemorizingStandardPlayout.java:79)
	at org.ggp.base.player.gamer.statemachine.MCTS.manager.hybrid.strategies.playout.StandardPlayout.playout(StandardPlayout.java:90)
	at org.ggp.base.player.gamer.statemachine.MCTS.manager.hybrid.HybridMctsManager.searchNext(HybridMctsManager.java:1245)
	at org.ggp.base.player.gamer.statemachine.MCTS.manager.hybrid.HybridMctsManager.searchNext(HybridMctsManager.java:1288)
	at org.ggp.base.player.gamer.statemachine.MCTS.manager.hybrid.HybridMctsManager.searchNext(HybridMctsManager.java:1288)
	at org.ggp.base.player.gamer.statemachine.MCTS.manager.hybrid.HybridMctsManager.searchNext(HybridMctsManager.java:1288)
	at org.ggp.base.player.gamer.statemachine.MCTS.manager.hybrid.HybridMctsManager.searchNext(HybridMctsManager.java:1288)
	at org.ggp.base.player.gamer.statemachine.MCTS.manager.hybrid.HybridMctsManager.searchNext(HybridMctsManager.java:1288)
	at org.ggp.base.player.gamer.statemachine.MCTS.manager.hybrid.HybridMctsManager.searchNext(HybridMctsManager.java:1288)
	at org.ggp.base.player.gamer.statemachine.MCTS.manager.hybrid.HybridMctsManager.searchNext(HybridMctsManager.java:1288)
	at org.ggp.base.player.gamer.statemachine.MCTS.manager.hybrid.HybridMctsManager.searchNext(HybridMctsManager.java:1288)
	at org.ggp.base.player.gamer.statemachine.MCTS.manager.hybrid.HybridMctsManager.performSearch(HybridMctsManager.java:857)
	at org.ggp.base.player.gamer.statemachine.MCTS.manager.hybrid.HybridMctsManager.search(HybridMctsManager.java:774)
	at org.ggp.base.player.gamer.statemachine.MCTS.MctsGamer.stateMachineSelectMove(MctsGamer.java:256)
	at org.ggp.base.player.gamer.statemachine.StateMachineGamer.selectMove(StateMachineGamer.java:280)
	... 2 more
Caused by: org.apache.commons.math3.exception.NotANumberException: NaN is not allowed
	at org.apache.commons.math3.distribution.EnumeratedDistribution.<init>(EnumeratedDistribution.java:134)
	at org.apache.commons.math3.distribution.EnumeratedDistribution.<init>(EnumeratedDistribution.java:101)
	at org.ggp.base.player.gamer.statemachine.MCTS.manager.hybrid.strategies.playout.moveselector.GibbsAdaptivePlayoutMoveSelector.getMoveFromDistribution(GibbsAdaptivePlayoutMoveSelector.java:86)
	... 20 more
LOG 1641910578564 [L9]: <ERR> (in MoveSelector) AdaptivePlayoutMoveSelector - Error creating probability distribution when selecting a move in the playout!
LOG 1641910578565 [L9]: <ERR> (in GamePlayer) java.lang.RuntimeException: org.apache.commons.math3.exception.NotANumberException: NaN is not allowed
	at org.ggp.base.player.gamer.statemachine.MCTS.manager.hybrid.strategies.playout.moveselector.GibbsAdaptivePlayoutMoveSelector.getMoveFromDistribution(GibbsAdaptivePlayoutMoveSelector.java:93)
	at org.ggp.base.player.gamer.statemachine.MCTS.manager.hybrid.strategies.playout.moveselector.GibbsAdaptivePlayoutMoveSelector.getMoveForRole(GibbsAdaptivePlayoutMoveSelector.java:63)
	at org.ggp.base.player.gamer.statemachine.MCTS.manager.hybrid.strategies.playout.StandardPlayout.getMoveForRole(StandardPlayout.java:179)
	at org.ggp.base.player.gamer.statemachine.MCTS.manager.hybrid.strategies.playout.PlayoutStrategy.getJointMove(PlayoutStrategy.java:95)
	at org.ggp.base.player.gamer.statemachine.MCTS.manager.hybrid.strategies.playout.MovesAndSiblingsMemorizingStandardPlayout.singlePlayout(MovesAndSiblingsMemorizingStandardPlayout.java:79)
	at org.ggp.base.player.gamer.statemachine.MCTS.manager.hybrid.strategies.playout.StandardPlayout.playout(StandardPlayout.java:90)
	at org.ggp.base.player.gamer.statemachine.MCTS.manager.hybrid.HybridMctsManager.searchNext(HybridMctsManager.java:1245)
	at org.ggp.base.player.gamer.statemachine.MCTS.manager.hybrid.HybridMctsManager.searchNext(HybridMctsManager.java:1288)
	at org.ggp.base.player.gamer.statemachine.MCTS.manager.hybrid.HybridMctsManager.searchNext(HybridMctsManager.java:1288)
	at org.ggp.base.player.gamer.statemachine.MCTS.manager.hybrid.HybridMctsManager.searchNext(HybridMctsManager.java:1288)
	at org.ggp.base.player.gamer.statemachine.MCTS.manager.hybrid.HybridMctsManager.searchNext(HybridMctsManager.java:1288)
	at org.ggp.base.player.gamer.statemachine.MCTS.manager.hybrid.HybridMctsManager.searchNext(HybridMctsManager.java:1288)
	at org.ggp.base.player.gamer.statemachine.MCTS.manager.hybrid.HybridMctsManager.performSearch(HybridMctsManager.java:857)
	at org.ggp.base.player.gamer.statemachine.MCTS.manager.hybrid.HybridMctsManager.search(HybridMctsManager.java:774)
	at org.ggp.base.player.gamer.statemachine.MCTS.MctsGamer.stateMachineSelectMove(MctsGamer.java:256)
	at org.ggp.base.player.gamer.statemachine.StateMachineGamer.selectMove(StateMachineGamer.java:280)
	at org.ggp.base.player.request.grammar.PlayRequest.process(PlayRequest.java:49)
	at org.ggp.base.player.GamePlayer.run(GamePlayer.java:162)
Caused by: org.apache.commons.math3.exception.NotANumberException: NaN is not allowed
	at org.apache.commons.math3.distribution.EnumeratedDistribution.<init>(EnumeratedDistribution.java:134)
	at org.apache.commons.math3.distribution.EnumeratedDistribution.<init>(EnumeratedDistribution.java:101)
	at org.ggp.base.player.gamer.statemachine.MCTS.manager.hybrid.strategies.playout.moveselector.GibbsAdaptivePlayoutMoveSelector.getMoveFromDistribution(GibbsAdaptivePlayoutMoveSelector.java:86)
	... 17 more
LOG 1641910578565 [L9]: <ERR> (in GamePlayer) An unhandled exception ocurred during move selection: org.ggp.base.player.gamer.exception.MoveSelectionException: java.lang.RuntimeException: org.apache.commons.math3.exception.NotANumberException: NaN is not allowed
	at org.ggp.base.player.gamer.statemachine.StateMachineGamer.selectMove(StateMachineGamer.java:285)
	at org.ggp.base.player.request.grammar.PlayRequest.process(PlayRequest.java:49)
	at org.ggp.base.player.GamePlayer.run(GamePlayer.java:162)
Caused by: java.lang.RuntimeException: org.apache.commons.math3.exception.NotANumberException: NaN is not allowed
	at org.ggp.base.player.gamer.statemachine.MCTS.manager.hybrid.strategies.playout.moveselector.GibbsAdaptivePlayoutMoveSelector.getMoveFromDistribution(GibbsAdaptivePlayoutMoveSelector.java:93)
	at org.ggp.base.player.gamer.statemachine.MCTS.manager.hybrid.strategies.playout.moveselector.GibbsAdaptivePlayoutMoveSelector.getMoveForRole(GibbsAdaptivePlayoutMoveSelector.java:63)
	at org.ggp.base.player.gamer.statemachine.MCTS.manager.hybrid.strategies.playout.StandardPlayout.getMoveForRole(StandardPlayout.java:179)
	at org.ggp.base.player.gamer.statemachine.MCTS.manager.hybrid.strategies.playout.PlayoutStrategy.getJointMove(PlayoutStrategy.java:95)
	at org.ggp.base.player.gamer.statemachine.MCTS.manager.hybrid.strategies.playout.MovesAndSiblingsMemorizingStandardPlayout.singlePlayout(MovesAndSiblingsMemorizingStandardPlayout.java:79)
	at org.ggp.base.player.gamer.statemachine.MCTS.manager.hybrid.strategies.playout.StandardPlayout.playout(StandardPlayout.java:90)
	at org.ggp.base.player.gamer.statemachine.MCTS.manager.hybrid.HybridMctsManager.searchNext(HybridMctsManager.java:1245)
	at org.ggp.base.player.gamer.statemachine.MCTS.manager.hybrid.HybridMctsManager.searchNext(HybridMctsManager.java:1288)
	at org.ggp.base.player.gamer.statemachine.MCTS.manager.hybrid.HybridMctsManager.searchNext(HybridMctsManager.java:1288)
	at org.ggp.base.player.gamer.statemachine.MCTS.manager.hybrid.HybridMctsManager.searchNext(HybridMctsManager.java:1288)
	at org.ggp.base.player.gamer.statemachine.MCTS.manager.hybrid.HybridMctsManager.searchNext(HybridMctsManager.java:1288)
	at org.ggp.base.player.gamer.statemachine.MCTS.manager.hybrid.HybridMctsManager.searchNext(HybridMctsManager.java:1288)
	at org.ggp.base.player.gamer.statemachine.MCTS.manager.hybrid.HybridMctsManager.performSearch(HybridMctsManager.java:857)
	at org.ggp.base.player.gamer.statemachine.MCTS.manager.hybrid.HybridMctsManager.search(HybridMctsManager.java:774)
	at org.ggp.base.player.gamer.statemachine.MCTS.MctsGamer.stateMachineSelectMove(MctsGamer.java:256)
	at org.ggp.base.player.gamer.statemachine.StateMachineGamer.selectMove(StateMachineGamer.java:280)
	... 2 more
Caused by: org.apache.commons.math3.exception.NotANumberException: NaN is not allowed
	at org.apache.commons.math3.distribution.EnumeratedDistribution.<init>(EnumeratedDistribution.java:134)
	at org.apache.commons.math3.distribution.EnumeratedDistribution.<init>(EnumeratedDistribution.java:101)
	at org.ggp.base.player.gamer.statemachine.MCTS.manager.hybrid.strategies.playout.moveselector.GibbsAdaptivePlayoutMoveSelector.getMoveFromDistribution(GibbsAdaptivePlayoutMoveSelector.java:86)
	... 17 more
LOG 1641910588576 [L9]: <ERR> (in MoveSelector) AdaptivePlayoutMoveSelector - Error creating probability distribution when selecting a move in the playout!
LOG 1641910588576 [L9]: <ERR> (in GamePlayer) java.lang.RuntimeException: org.apache.commons.math3.exception.NotANumberException: NaN is not allowed
	at org.ggp.base.player.gamer.statemachine.MCTS.manager.hybrid.strategies.playout.moveselector.GibbsAdaptivePlayoutMoveSelector.getMoveFromDistribution(GibbsAdaptivePlayoutMoveSelector.java:93)
	at org.ggp.base.player.gamer.statemachine.MCTS.manager.hybrid.strategies.playout.moveselector.GibbsAdaptivePlayoutMoveSelector.getMoveForRole(GibbsAdaptivePlayoutMoveSelector.java:63)
	at org.ggp.base.player.gamer.statemachine.MCTS.manager.hybrid.strategies.playout.StandardPlayout.getMoveForRole(StandardPlayout.java:179)
	at org.ggp.base.player.gamer.statemachine.MCTS.manager.hybrid.strategies.playout.PlayoutStrategy.getJointMove(PlayoutStrategy.java:95)
	at org.ggp.base.player.gamer.statemachine.MCTS.manager.hybrid.strategies.playout.MovesAndSiblingsMemorizingStandardPlayout.singlePlayout(MovesAndSiblingsMemorizingStandardPlayout.java:79)
	at org.ggp.base.player.gamer.statemachine.MCTS.manager.hybrid.strategies.playout.StandardPlayout.playout(StandardPlayout.java:90)
	at org.ggp.base.player.gamer.statemachine.MCTS.manager.hybrid.HybridMctsManager.searchNext(HybridMctsManager.java:1245)
	at org.ggp.base.player.gamer.statemachine.MCTS.manager.hybrid.HybridMctsManager.performSearch(HybridMctsManager.java:857)
	at org.ggp.base.player.gamer.statemachine.MCTS.manager.hybrid.HybridMctsManager.search(HybridMctsManager.java:774)
	at org.ggp.base.player.gamer.statemachine.MCTS.MctsGamer.stateMachineSelectMove(MctsGamer.java:256)
	at org.ggp.base.player.gamer.statemachine.StateMachineGamer.selectMove(StateMachineGamer.java:280)
	at org.ggp.base.player.request.grammar.PlayRequest.process(PlayRequest.java:49)
	at org.ggp.base.player.GamePlayer.run(GamePlayer.java:162)
Caused by: org.apache.commons.math3.exception.NotANumberException: NaN is not allowed
	at org.apache.commons.math3.distribution.EnumeratedDistribution.<init>(EnumeratedDistribution.java:134)
	at org.apache.commons.math3.distribution.EnumeratedDistribution.<init>(EnumeratedDistribution.java:101)
	at org.ggp.base.player.gamer.statemachine.MCTS.manager.hybrid.strategies.playout.moveselector.GibbsAdaptivePlayoutMoveSelector.getMoveFromDistribution(GibbsAdaptivePlayoutMoveSelector.java:86)
	... 12 more
LOG 1641910588577 [L9]: <ERR> (in GamePlayer) An unhandled exception ocurred during move selection: org.ggp.base.player.gamer.exception.MoveSelectionException: java.lang.RuntimeException: org.apache.commons.math3.exception.NotANumberException: NaN is not allowed
	at org.ggp.base.player.gamer.statemachine.StateMachineGamer.selectMove(StateMachineGamer.java:285)
	at org.ggp.base.player.request.grammar.PlayRequest.process(PlayRequest.java:49)
	at org.ggp.base.player.GamePlayer.run(GamePlayer.java:162)
Caused by: java.lang.RuntimeException: org.apache.commons.math3.exception.NotANumberException: NaN is not allowed
	at org.ggp.base.player.gamer.statemachine.MCTS.manager.hybrid.strategies.playout.moveselector.GibbsAdaptivePlayoutMoveSelector.getMoveFromDistribution(GibbsAdaptivePlayoutMoveSelector.java:93)
	at org.ggp.base.player.gamer.statemachine.MCTS.manager.hybrid.strategies.playout.moveselector.GibbsAdaptivePlayoutMoveSelector.getMoveForRole(GibbsAdaptivePlayoutMoveSelector.java:63)
	at org.ggp.base.player.gamer.statemachine.MCTS.manager.hybrid.strategies.playout.StandardPlayout.getMoveForRole(StandardPlayout.java:179)
	at org.ggp.base.player.gamer.statemachine.MCTS.manager.hybrid.strategies.playout.PlayoutStrategy.getJointMove(PlayoutStrategy.java:95)
	at org.ggp.base.player.gamer.statemachine.MCTS.manager.hybrid.strategies.playout.MovesAndSiblingsMemorizingStandardPlayout.singlePlayout(MovesAndSiblingsMemorizingStandardPlayout.java:79)
	at org.ggp.base.player.gamer.statemachine.MCTS.manager.hybrid.strategies.playout.StandardPlayout.playout(StandardPlayout.java:90)
	at org.ggp.base.player.gamer.statemachine.MCTS.manager.hybrid.HybridMctsManager.searchNext(HybridMctsManager.java:1245)
	at org.ggp.base.player.gamer.statemachine.MCTS.manager.hybrid.HybridMctsManager.performSearch(HybridMctsManager.java:857)
	at org.ggp.base.player.gamer.statemachine.MCTS.manager.hybrid.HybridMctsManager.search(HybridMctsManager.java:774)
	at org.ggp.base.player.gamer.statemachine.MCTS.MctsGamer.stateMachineSelectMove(MctsGamer.java:256)
	at org.ggp.base.player.gamer.statemachine.StateMachineGamer.selectMove(StateMachineGamer.java:280)
	... 2 more
Caused by: org.apache.commons.math3.exception.NotANumberException: NaN is not allowed
	at org.apache.commons.math3.distribution.EnumeratedDistribution.<init>(EnumeratedDistribution.java:134)
	at org.apache.commons.math3.distribution.EnumeratedDistribution.<init>(EnumeratedDistribution.java:101)
	at org.ggp.base.player.gamer.statemachine.MCTS.manager.hybrid.strategies.playout.moveselector.GibbsAdaptivePlayoutMoveSelector.getMoveFromDistribution(GibbsAdaptivePlayoutMoveSelector.java:86)
	... 12 more
LOG 1641910598574 [L9]: <ERR> (in MoveSelector) AdaptivePlayoutMoveSelector - Error creating probability distribution when selecting a move in the playout!
LOG 1641910598575 [L9]: <ERR> (in GamePlayer) java.lang.RuntimeException: org.apache.commons.math3.exception.NotANumberException: NaN is not allowed
	at org.ggp.base.player.gamer.statemachine.MCTS.manager.hybrid.strategies.playout.moveselector.GibbsAdaptivePlayoutMoveSelector.getMoveFromDistribution(GibbsAdaptivePlayoutMoveSelector.java:93)
	at org.ggp.base.player.gamer.statemachine.MCTS.manager.hybrid.strategies.playout.moveselector.GibbsAdaptivePlayoutMoveSelector.getMoveForRole(GibbsAdaptivePlayoutMoveSelector.java:63)
	at org.ggp.base.player.gamer.statemachine.MCTS.manager.hybrid.strategies.playout.StandardPlayout.getMoveForRole(StandardPlayout.java:179)
	at org.ggp.base.player.gamer.statemachine.MCTS.manager.hybrid.strategies.playout.PlayoutStrategy.getJointMove(PlayoutStrategy.java:95)
	at org.ggp.base.player.gamer.statemachine.MCTS.manager.hybrid.strategies.playout.MovesAndSiblingsMemorizingStandardPlayout.singlePlayout(MovesAndSiblingsMemorizingStandardPlayout.java:79)
	at org.ggp.base.player.gamer.statemachine.MCTS.manager.hybrid.strategies.playout.StandardPlayout.playout(StandardPlayout.java:90)
	at org.ggp.base.player.gamer.statemachine.MCTS.manager.hybrid.HybridMctsManager.searchNext(HybridMctsManager.java:1245)
	at org.ggp.base.player.gamer.statemachine.MCTS.manager.hybrid.HybridMctsManager.performSearch(HybridMctsManager.java:857)
	at org.ggp.base.player.gamer.statemachine.MCTS.manager.hybrid.HybridMctsManager.search(HybridMctsManager.java:774)
	at org.ggp.base.player.gamer.statemachine.MCTS.MctsGamer.stateMachineSelectMove(MctsGamer.java:256)
	at org.ggp.base.player.gamer.statemachine.StateMachineGamer.selectMove(StateMachineGamer.java:280)
	at org.ggp.base.player.request.grammar.PlayRequest.process(PlayRequest.java:49)
	at org.ggp.base.player.GamePlayer.run(GamePlayer.java:162)
Caused by: org.apache.commons.math3.exception.NotANumberException: NaN is not allowed
	at org.apache.commons.math3.distribution.EnumeratedDistribution.<init>(EnumeratedDistribution.java:134)
	at org.apache.commons.math3.distribution.EnumeratedDistribution.<init>(EnumeratedDistribution.java:101)
	at org.ggp.base.player.gamer.statemachine.MCTS.manager.hybrid.strategies.playout.moveselector.GibbsAdaptivePlayoutMoveSelector.getMoveFromDistribution(GibbsAdaptivePlayoutMoveSelector.java:86)
	... 12 more
LOG 1641910598575 [L9]: <ERR> (in GamePlayer) An unhandled exception ocurred during move selection: org.ggp.base.player.gamer.exception.MoveSelectionException: java.lang.RuntimeException: org.apache.commons.math3.exception.NotANumberException: NaN is not allowed
	at org.ggp.base.player.gamer.statemachine.StateMachineGamer.selectMove(StateMachineGamer.java:285)
	at org.ggp.base.player.request.grammar.PlayRequest.process(PlayRequest.java:49)
	at org.ggp.base.player.GamePlayer.run(GamePlayer.java:162)
Caused by: java.lang.RuntimeException: org.apache.commons.math3.exception.NotANumberException: NaN is not allowed
	at org.ggp.base.player.gamer.statemachine.MCTS.manager.hybrid.strategies.playout.moveselector.GibbsAdaptivePlayoutMoveSelector.getMoveFromDistribution(GibbsAdaptivePlayoutMoveSelector.java:93)
	at org.ggp.base.player.gamer.statemachine.MCTS.manager.hybrid.strategies.playout.moveselector.GibbsAdaptivePlayoutMoveSelector.getMoveForRole(GibbsAdaptivePlayoutMoveSelector.java:63)
	at org.ggp.base.player.gamer.statemachine.MCTS.manager.hybrid.strategies.playout.StandardPlayout.getMoveForRole(StandardPlayout.java:179)
	at org.ggp.base.player.gamer.statemachine.MCTS.manager.hybrid.strategies.playout.PlayoutStrategy.getJointMove(PlayoutStrategy.java:95)
	at org.ggp.base.player.gamer.statemachine.MCTS.manager.hybrid.strategies.playout.MovesAndSiblingsMemorizingStandardPlayout.singlePlayout(MovesAndSiblingsMemorizingStandardPlayout.java:79)
	at org.ggp.base.player.gamer.statemachine.MCTS.manager.hybrid.strategies.playout.StandardPlayout.playout(StandardPlayout.java:90)
	at org.ggp.base.player.gamer.statemachine.MCTS.manager.hybrid.HybridMctsManager.searchNext(HybridMctsManager.java:1245)
	at org.ggp.base.player.gamer.statemachine.MCTS.manager.hybrid.HybridMctsManager.performSearch(HybridMctsManager.java:857)
	at org.ggp.base.player.gamer.statemachine.MCTS.manager.hybrid.HybridMctsManager.search(HybridMctsManager.java:774)
	at org.ggp.base.player.gamer.statemachine.MCTS.MctsGamer.stateMachineSelectMove(MctsGamer.java:256)
	at org.ggp.base.player.gamer.statemachine.StateMachineGamer.selectMove(StateMachineGamer.java:280)
	... 2 more
Caused by: org.apache.commons.math3.exception.NotANumberException: NaN is not allowed
	at org.apache.commons.math3.distribution.EnumeratedDistribution.<init>(EnumeratedDistribution.java:134)
	at org.apache.commons.math3.distribution.EnumeratedDistribution.<init>(EnumeratedDistribution.java:101)
	at org.ggp.base.player.gamer.statemachine.MCTS.manager.hybrid.strategies.playout.moveselector.GibbsAdaptivePlayoutMoveSelector.getMoveFromDistribution(GibbsAdaptivePlayoutMoveSelector.java:86)
	... 12 more
LOG 1641910608577 [L9]: <ERR> (in MoveSelector) AdaptivePlayoutMoveSelector - Error creating probability distribution when selecting a move in the playout!
LOG 1641910608578 [L9]: <ERR> (in GamePlayer) java.lang.RuntimeException: org.apache.commons.math3.exception.NotANumberException: NaN is not allowed
	at org.ggp.base.player.gamer.statemachine.MCTS.manager.hybrid.strategies.playout.moveselector.GibbsAdaptivePlayoutMoveSelector.getMoveFromDistribution(GibbsAdaptivePlayoutMoveSelector.java:93)
	at org.ggp.base.player.gamer.statemachine.MCTS.manager.hybrid.strategies.playout.moveselector.GibbsAdaptivePlayoutMoveSelector.getMoveForRole(GibbsAdaptivePlayoutMoveSelector.java:63)
	at org.ggp.base.player.gamer.statemachine.MCTS.manager.hybrid.strategies.playout.StandardPlayout.getMoveForRole(StandardPlayout.java:179)
	at org.ggp.base.player.gamer.statemachine.MCTS.manager.hybrid.strategies.playout.PlayoutStrategy.getJointMove(PlayoutStrategy.java:95)
	at org.ggp.base.player.gamer.statemachine.MCTS.manager.hybrid.strategies.playout.MovesAndSiblingsMemorizingStandardPlayout.singlePlayout(MovesAndSiblingsMemorizingStandardPlayout.java:79)
	at org.ggp.base.player.gamer.statemachine.MCTS.manager.hybrid.strategies.playout.StandardPlayout.playout(StandardPlayout.java:90)
	at org.ggp.base.player.gamer.statemachine.MCTS.manager.hybrid.HybridMctsManager.searchNext(HybridMctsManager.java:1245)
	at org.ggp.base.player.gamer.statemachine.MCTS.manager.hybrid.HybridMctsManager.performSearch(HybridMctsManager.java:857)
	at org.ggp.base.player.gamer.statemachine.MCTS.manager.hybrid.HybridMctsManager.search(HybridMctsManager.java:774)
	at org.ggp.base.player.gamer.statemachine.MCTS.MctsGamer.stateMachineSelectMove(MctsGamer.java:256)
	at org.ggp.base.player.gamer.statemachine.StateMachineGamer.selectMove(StateMachineGamer.java:280)
	at org.ggp.base.player.request.grammar.PlayRequest.process(PlayRequest.java:49)
	at org.ggp.base.player.GamePlayer.run(GamePlayer.java:162)
Caused by: org.apache.commons.math3.exception.NotANumberException: NaN is not allowed
	at org.apache.commons.math3.distribution.EnumeratedDistribution.<init>(EnumeratedDistribution.java:134)
	at org.apache.commons.math3.distribution.EnumeratedDistribution.<init>(EnumeratedDistribution.java:101)
	at org.ggp.base.player.gamer.statemachine.MCTS.manager.hybrid.strategies.playout.moveselector.GibbsAdaptivePlayoutMoveSelector.getMoveFromDistribution(GibbsAdaptivePlayoutMoveSelector.java:86)
	... 12 more
LOG 1641910608578 [L9]: <ERR> (in GamePlayer) An unhandled exception ocurred during move selection: org.ggp.base.player.gamer.exception.MoveSelectionException: java.lang.RuntimeException: org.apache.commons.math3.exception.NotANumberException: NaN is not allowed
	at org.ggp.base.player.gamer.statemachine.StateMachineGamer.selectMove(StateMachineGamer.java:285)
	at org.ggp.base.player.request.grammar.PlayRequest.process(PlayRequest.java:49)
	at org.ggp.base.player.GamePlayer.run(GamePlayer.java:162)
Caused by: java.lang.RuntimeException: org.apache.commons.math3.exception.NotANumberException: NaN is not allowed
	at org.ggp.base.player.gamer.statemachine.MCTS.manager.hybrid.strategies.playout.moveselector.GibbsAdaptivePlayoutMoveSelector.getMoveFromDistribution(GibbsAdaptivePlayoutMoveSelector.java:93)
	at org.ggp.base.player.gamer.statemachine.MCTS.manager.hybrid.strategies.playout.moveselector.GibbsAdaptivePlayoutMoveSelector.getMoveForRole(GibbsAdaptivePlayoutMoveSelector.java:63)
	at org.ggp.base.player.gamer.statemachine.MCTS.manager.hybrid.strategies.playout.StandardPlayout.getMoveForRole(StandardPlayout.java:179)
	at org.ggp.base.player.gamer.statemachine.MCTS.manager.hybrid.strategies.playout.PlayoutStrategy.getJointMove(PlayoutStrategy.java:95)
	at org.ggp.base.player.gamer.statemachine.MCTS.manager.hybrid.strategies.playout.MovesAndSiblingsMemorizingStandardPlayout.singlePlayout(MovesAndSiblingsMemorizingStandardPlayout.java:79)
	at org.ggp.base.player.gamer.statemachine.MCTS.manager.hybrid.strategies.playout.StandardPlayout.playout(StandardPlayout.java:90)
	at org.ggp.base.player.gamer.statemachine.MCTS.manager.hybrid.HybridMctsManager.searchNext(HybridMctsManager.java:1245)
	at org.ggp.base.player.gamer.statemachine.MCTS.manager.hybrid.HybridMctsManager.performSearch(HybridMctsManager.java:857)
	at org.ggp.base.player.gamer.statemachine.MCTS.manager.hybrid.HybridMctsManager.search(HybridMctsManager.java:774)
	at org.ggp.base.player.gamer.statemachine.MCTS.MctsGamer.stateMachineSelectMove(MctsGamer.java:256)
	at org.ggp.base.player.gamer.statemachine.StateMachineGamer.selectMove(StateMachineGamer.java:280)
	... 2 more
Caused by: org.apache.commons.math3.exception.NotANumberException: NaN is not allowed
	at org.apache.commons.math3.distribution.EnumeratedDistribution.<init>(EnumeratedDistribution.java:134)
	at org.apache.commons.math3.distribution.EnumeratedDistribution.<init>(EnumeratedDistribution.java:101)
	at org.ggp.base.player.gamer.statemachine.MCTS.manager.hybrid.strategies.playout.moveselector.GibbsAdaptivePlayoutMoveSelector.getMoveFromDistribution(GibbsAdaptivePlayoutMoveSelector.java:86)
	... 12 more
LOG 1641910618580 [L9]: <ERR> (in MoveSelector) AdaptivePlayoutMoveSelector - Error creating probability distribution when selecting a move in the playout!
LOG 1641910618581 [L9]: <ERR> (in GamePlayer) java.lang.RuntimeException: org.apache.commons.math3.exception.NotANumberException: NaN is not allowed
	at org.ggp.base.player.gamer.statemachine.MCTS.manager.hybrid.strategies.playout.moveselector.GibbsAdaptivePlayoutMoveSelector.getMoveFromDistribution(GibbsAdaptivePlayoutMoveSelector.java:93)
	at org.ggp.base.player.gamer.statemachine.MCTS.manager.hybrid.strategies.playout.moveselector.GibbsAdaptivePlayoutMoveSelector.getMoveForRole(GibbsAdaptivePlayoutMoveSelector.java:63)
	at org.ggp.base.player.gamer.statemachine.MCTS.manager.hybrid.strategies.playout.StandardPlayout.getMoveForRole(StandardPlayout.java:179)
	at org.ggp.base.player.gamer.statemachine.MCTS.manager.hybrid.strategies.playout.PlayoutStrategy.getJointMove(PlayoutStrategy.java:95)
	at org.ggp.base.player.gamer.statemachine.MCTS.manager.hybrid.strategies.playout.MovesAndSiblingsMemorizingStandardPlayout.singlePlayout(MovesAndSiblingsMemorizingStandardPlayout.java:79)
	at org.ggp.base.player.gamer.statemachine.MCTS.manager.hybrid.strategies.playout.StandardPlayout.playout(StandardPlayout.java:90)
	at org.ggp.base.player.gamer.statemachine.MCTS.manager.hybrid.HybridMctsManager.searchNext(HybridMctsManager.java:1245)
	at org.ggp.base.player.gamer.statemachine.MCTS.manager.hybrid.HybridMctsManager.performSearch(HybridMctsManager.java:857)
	at org.ggp.base.player.gamer.statemachine.MCTS.manager.hybrid.HybridMctsManager.search(HybridMctsManager.java:774)
	at org.ggp.base.player.gamer.statemachine.MCTS.MctsGamer.stateMachineSelectMove(MctsGamer.java:256)
	at org.ggp.base.player.gamer.statemachine.StateMachineGamer.selectMove(StateMachineGamer.java:280)
	at org.ggp.base.player.request.grammar.PlayRequest.process(PlayRequest.java:49)
	at org.ggp.base.player.GamePlayer.run(GamePlayer.java:162)
Caused by: org.apache.commons.math3.exception.NotANumberException: NaN is not allowed
	at org.apache.commons.math3.distribution.EnumeratedDistribution.<init>(EnumeratedDistribution.java:134)
	at org.apache.commons.math3.distribution.EnumeratedDistribution.<init>(EnumeratedDistribution.java:101)
	at org.ggp.base.player.gamer.statemachine.MCTS.manager.hybrid.strategies.playout.moveselector.GibbsAdaptivePlayoutMoveSelector.getMoveFromDistribution(GibbsAdaptivePlayoutMoveSelector.java:86)
	... 12 more
LOG 1641910618582 [L9]: <ERR> (in GamePlayer) An unhandled exception ocurred during move selection: org.ggp.base.player.gamer.exception.MoveSelectionException: java.lang.RuntimeException: org.apache.commons.math3.exception.NotANumberException: NaN is not allowed
	at org.ggp.base.player.gamer.statemachine.StateMachineGamer.selectMove(StateMachineGamer.java:285)
	at org.ggp.base.player.request.grammar.PlayRequest.process(PlayRequest.java:49)
	at org.ggp.base.player.GamePlayer.run(GamePlayer.java:162)
Caused by: java.lang.RuntimeException: org.apache.commons.math3.exception.NotANumberException: NaN is not allowed
	at org.ggp.base.player.gamer.statemachine.MCTS.manager.hybrid.strategies.playout.moveselector.GibbsAdaptivePlayoutMoveSelector.getMoveFromDistribution(GibbsAdaptivePlayoutMoveSelector.java:93)
	at org.ggp.base.player.gamer.statemachine.MCTS.manager.hybrid.strategies.playout.moveselector.GibbsAdaptivePlayoutMoveSelector.getMoveForRole(GibbsAdaptivePlayoutMoveSelector.java:63)
	at org.ggp.base.player.gamer.statemachine.MCTS.manager.hybrid.strategies.playout.StandardPlayout.getMoveForRole(StandardPlayout.java:179)
	at org.ggp.base.player.gamer.statemachine.MCTS.manager.hybrid.strategies.playout.PlayoutStrategy.getJointMove(PlayoutStrategy.java:95)
	at org.ggp.base.player.gamer.statemachine.MCTS.manager.hybrid.strategies.playout.MovesAndSiblingsMemorizingStandardPlayout.singlePlayout(MovesAndSiblingsMemorizingStandardPlayout.java:79)
	at org.ggp.base.player.gamer.statemachine.MCTS.manager.hybrid.strategies.playout.StandardPlayout.playout(StandardPlayout.java:90)
	at org.ggp.base.player.gamer.statemachine.MCTS.manager.hybrid.HybridMctsManager.searchNext(HybridMctsManager.java:1245)
	at org.ggp.base.player.gamer.statemachine.MCTS.manager.hybrid.HybridMctsManager.performSearch(HybridMctsManager.java:857)
	at org.ggp.base.player.gamer.statemachine.MCTS.manager.hybrid.HybridMctsManager.search(HybridMctsManager.java:774)
	at org.ggp.base.player.gamer.statemachine.MCTS.MctsGamer.stateMachineSelectMove(MctsGamer.java:256)
	at org.ggp.base.player.gamer.statemachine.StateMachineGamer.selectMove(StateMachineGamer.java:280)
	... 2 more
Caused by: org.apache.commons.math3.exception.NotANumberException: NaN is not allowed
	at org.apache.commons.math3.distribution.EnumeratedDistribution.<init>(EnumeratedDistribution.java:134)
	at org.apache.commons.math3.distribution.EnumeratedDistribution.<init>(EnumeratedDistribution.java:101)
	at org.ggp.base.player.gamer.statemachine.MCTS.manager.hybrid.strategies.playout.moveselector.GibbsAdaptivePlayoutMoveSelector.getMoveFromDistribution(GibbsAdaptivePlayoutMoveSelector.java:86)
	... 12 more
LOG 1641910628583 [L9]: <ERR> (in MoveSelector) AdaptivePlayoutMoveSelector - Error creating probability distribution when selecting a move in the playout!
LOG 1641910628584 [L9]: <ERR> (in GamePlayer) java.lang.RuntimeException: org.apache.commons.math3.exception.NotANumberException: NaN is not allowed
	at org.ggp.base.player.gamer.statemachine.MCTS.manager.hybrid.strategies.playout.moveselector.GibbsAdaptivePlayoutMoveSelector.getMoveFromDistribution(GibbsAdaptivePlayoutMoveSelector.java:93)
	at org.ggp.base.player.gamer.statemachine.MCTS.manager.hybrid.strategies.playout.moveselector.GibbsAdaptivePlayoutMoveSelector.getMoveForRole(GibbsAdaptivePlayoutMoveSelector.java:63)
	at org.ggp.base.player.gamer.statemachine.MCTS.manager.hybrid.strategies.playout.StandardPlayout.getMoveForRole(StandardPlayout.java:179)
	at org.ggp.base.player.gamer.statemachine.MCTS.manager.hybrid.strategies.playout.PlayoutStrategy.getJointMove(PlayoutStrategy.java:95)
	at org.ggp.base.player.gamer.statemachine.MCTS.manager.hybrid.strategies.playout.MovesAndSiblingsMemorizingStandardPlayout.singlePlayout(MovesAndSiblingsMemorizingStandardPlayout.java:79)
	at org.ggp.base.player.gamer.statemachine.MCTS.manager.hybrid.strategies.playout.StandardPlayout.playout(StandardPlayout.java:90)
	at org.ggp.base.player.gamer.statemachine.MCTS.manager.hybrid.HybridMctsManager.searchNext(HybridMctsManager.java:1245)
	at org.ggp.base.player.gamer.statemachine.MCTS.manager.hybrid.HybridMctsManager.performSearch(HybridMctsManager.java:857)
	at org.ggp.base.player.gamer.statemachine.MCTS.manager.hybrid.HybridMctsManager.search(HybridMctsManager.java:774)
	at org.ggp.base.player.gamer.statemachine.MCTS.MctsGamer.stateMachineSelectMove(MctsGamer.java:256)
	at org.ggp.base.player.gamer.statemachine.StateMachineGamer.selectMove(StateMachineGamer.java:280)
	at org.ggp.base.player.request.grammar.PlayRequest.process(PlayRequest.java:49)
	at org.ggp.base.player.GamePlayer.run(GamePlayer.java:162)
Caused by: org.apache.commons.math3.exception.NotANumberException: NaN is not allowed
	at org.apache.commons.math3.distribution.EnumeratedDistribution.<init>(EnumeratedDistribution.java:134)
	at org.apache.commons.math3.distribution.EnumeratedDistribution.<init>(EnumeratedDistribution.java:101)
	at org.ggp.base.player.gamer.statemachine.MCTS.manager.hybrid.strategies.playout.moveselector.GibbsAdaptivePlayoutMoveSelector.getMoveFromDistribution(GibbsAdaptivePlayoutMoveSelector.java:86)
	... 12 more
LOG 1641910628584 [L9]: <ERR> (in GamePlayer) An unhandled exception ocurred during move selection: org.ggp.base.player.gamer.exception.MoveSelectionException: java.lang.RuntimeException: org.apache.commons.math3.exception.NotANumberException: NaN is not allowed
	at org.ggp.base.player.gamer.statemachine.StateMachineGamer.selectMove(StateMachineGamer.java:285)
	at org.ggp.base.player.request.grammar.PlayRequest.process(PlayRequest.java:49)
	at org.ggp.base.player.GamePlayer.run(GamePlayer.java:162)
Caused by: java.lang.RuntimeException: org.apache.commons.math3.exception.NotANumberException: NaN is not allowed
	at org.ggp.base.player.gamer.statemachine.MCTS.manager.hybrid.strategies.playout.moveselector.GibbsAdaptivePlayoutMoveSelector.getMoveFromDistribution(GibbsAdaptivePlayoutMoveSelector.java:93)
	at org.ggp.base.player.gamer.statemachine.MCTS.manager.hybrid.strategies.playout.moveselector.GibbsAdaptivePlayoutMoveSelector.getMoveForRole(GibbsAdaptivePlayoutMoveSelector.java:63)
	at org.ggp.base.player.gamer.statemachine.MCTS.manager.hybrid.strategies.playout.StandardPlayout.getMoveForRole(StandardPlayout.java:179)
	at org.ggp.base.player.gamer.statemachine.MCTS.manager.hybrid.strategies.playout.PlayoutStrategy.getJointMove(PlayoutStrategy.java:95)
	at org.ggp.base.player.gamer.statemachine.MCTS.manager.hybrid.strategies.playout.MovesAndSiblingsMemorizingStandardPlayout.singlePlayout(MovesAndSiblingsMemorizingStandardPlayout.java:79)
	at org.ggp.base.player.gamer.statemachine.MCTS.manager.hybrid.strategies.playout.StandardPlayout.playout(StandardPlayout.java:90)
	at org.ggp.base.player.gamer.statemachine.MCTS.manager.hybrid.HybridMctsManager.searchNext(HybridMctsManager.java:1245)
	at org.ggp.base.player.gamer.statemachine.MCTS.manager.hybrid.HybridMctsManager.performSearch(HybridMctsManager.java:857)
	at org.ggp.base.player.gamer.statemachine.MCTS.manager.hybrid.HybridMctsManager.search(HybridMctsManager.java:774)
	at org.ggp.base.player.gamer.statemachine.MCTS.MctsGamer.stateMachineSelectMove(MctsGamer.java:256)
	at org.ggp.base.player.gamer.statemachine.StateMachineGamer.selectMove(StateMachineGamer.java:280)
	... 2 more
Caused by: org.apache.commons.math3.exception.NotANumberException: NaN is not allowed
	at org.apache.commons.math3.distribution.EnumeratedDistribution.<init>(EnumeratedDistribution.java:134)
	at org.apache.commons.math3.distribution.EnumeratedDistribution.<init>(EnumeratedDistribution.java:101)
	at org.ggp.base.player.gamer.statemachine.MCTS.manager.hybrid.strategies.playout.moveselector.GibbsAdaptivePlayoutMoveSelector.getMoveFromDistribution(GibbsAdaptivePlayoutMoveSelector.java:86)
	... 12 more
LOG 1641910638586 [L9]: <ERR> (in MoveSelector) AdaptivePlayoutMoveSelector - Error creating probability distribution when selecting a move in the playout!
LOG 1641910638587 [L9]: <ERR> (in GamePlayer) java.lang.RuntimeException: org.apache.commons.math3.exception.NotANumberException: NaN is not allowed
	at org.ggp.base.player.gamer.statemachine.MCTS.manager.hybrid.strategies.playout.moveselector.GibbsAdaptivePlayoutMoveSelector.getMoveFromDistribution(GibbsAdaptivePlayoutMoveSelector.java:93)
	at org.ggp.base.player.gamer.statemachine.MCTS.manager.hybrid.strategies.playout.moveselector.GibbsAdaptivePlayoutMoveSelector.getMoveForRole(GibbsAdaptivePlayoutMoveSelector.java:63)
	at org.ggp.base.player.gamer.statemachine.MCTS.manager.hybrid.strategies.playout.StandardPlayout.getMoveForRole(StandardPlayout.java:179)
	at org.ggp.base.player.gamer.statemachine.MCTS.manager.hybrid.strategies.playout.PlayoutStrategy.getJointMove(PlayoutStrategy.java:95)
	at org.ggp.base.player.gamer.statemachine.MCTS.manager.hybrid.strategies.playout.MovesAndSiblingsMemorizingStandardPlayout.singlePlayout(MovesAndSiblingsMemorizingStandardPlayout.java:79)
	at org.ggp.base.player.gamer.statemachine.MCTS.manager.hybrid.strategies.playout.StandardPlayout.playout(StandardPlayout.java:90)
	at org.ggp.base.player.gamer.statemachine.MCTS.manager.hybrid.HybridMctsManager.searchNext(HybridMctsManager.java:1245)
	at org.ggp.base.player.gamer.statemachine.MCTS.manager.hybrid.HybridMctsManager.performSearch(HybridMctsManager.java:857)
	at org.ggp.base.player.gamer.statemachine.MCTS.manager.hybrid.HybridMctsManager.search(HybridMctsManager.java:774)
	at org.ggp.base.player.gamer.statemachine.MCTS.MctsGamer.stateMachineSelectMove(MctsGamer.java:256)
	at org.ggp.base.player.gamer.statemachine.StateMachineGamer.selectMove(StateMachineGamer.java:280)
	at org.ggp.base.player.request.grammar.PlayRequest.process(PlayRequest.java:49)
	at org.ggp.base.player.GamePlayer.run(GamePlayer.java:162)
Caused by: org.apache.commons.math3.exception.NotANumberException: NaN is not allowed
	at org.apache.commons.math3.distribution.EnumeratedDistribution.<init>(EnumeratedDistribution.java:134)
	at org.apache.commons.math3.distribution.EnumeratedDistribution.<init>(EnumeratedDistribution.java:101)
	at org.ggp.base.player.gamer.statemachine.MCTS.manager.hybrid.strategies.playout.moveselector.GibbsAdaptivePlayoutMoveSelector.getMoveFromDistribution(GibbsAdaptivePlayoutMoveSelector.java:86)
	... 12 more
LOG 1641910638588 [L9]: <ERR> (in GamePlayer) An unhandled exception ocurred during move selection: org.ggp.base.player.gamer.exception.MoveSelectionException: java.lang.RuntimeException: org.apache.commons.math3.exception.NotANumberException: NaN is not allowed
	at org.ggp.base.player.gamer.statemachine.StateMachineGamer.selectMove(StateMachineGamer.java:285)
	at org.ggp.base.player.request.grammar.PlayRequest.process(PlayRequest.java:49)
	at org.ggp.base.player.GamePlayer.run(GamePlayer.java:162)
Caused by: java.lang.RuntimeException: org.apache.commons.math3.exception.NotANumberException: NaN is not allowed
	at org.ggp.base.player.gamer.statemachine.MCTS.manager.hybrid.strategies.playout.moveselector.GibbsAdaptivePlayoutMoveSelector.getMoveFromDistribution(GibbsAdaptivePlayoutMoveSelector.java:93)
	at org.ggp.base.player.gamer.statemachine.MCTS.manager.hybrid.strategies.playout.moveselector.GibbsAdaptivePlayoutMoveSelector.getMoveForRole(GibbsAdaptivePlayoutMoveSelector.java:63)
	at org.ggp.base.player.gamer.statemachine.MCTS.manager.hybrid.strategies.playout.StandardPlayout.getMoveForRole(StandardPlayout.java:179)
	at org.ggp.base.player.gamer.statemachine.MCTS.manager.hybrid.strategies.playout.PlayoutStrategy.getJointMove(PlayoutStrategy.java:95)
	at org.ggp.base.player.gamer.statemachine.MCTS.manager.hybrid.strategies.playout.MovesAndSiblingsMemorizingStandardPlayout.singlePlayout(MovesAndSiblingsMemorizingStandardPlayout.java:79)
	at org.ggp.base.player.gamer.statemachine.MCTS.manager.hybrid.strategies.playout.StandardPlayout.playout(StandardPlayout.java:90)
	at org.ggp.base.player.gamer.statemachine.MCTS.manager.hybrid.HybridMctsManager.searchNext(HybridMctsManager.java:1245)
	at org.ggp.base.player.gamer.statemachine.MCTS.manager.hybrid.HybridMctsManager.performSearch(HybridMctsManager.java:857)
	at org.ggp.base.player.gamer.statemachine.MCTS.manager.hybrid.HybridMctsManager.search(HybridMctsManager.java:774)
	at org.ggp.base.player.gamer.statemachine.MCTS.MctsGamer.stateMachineSelectMove(MctsGamer.java:256)
	at org.ggp.base.player.gamer.statemachine.StateMachineGamer.selectMove(StateMachineGamer.java:280)
	... 2 more
Caused by: org.apache.commons.math3.exception.NotANumberException: NaN is not allowed
	at org.apache.commons.math3.distribution.EnumeratedDistribution.<init>(EnumeratedDistribution.java:134)
	at org.apache.commons.math3.distribution.EnumeratedDistribution.<init>(EnumeratedDistribution.java:101)
	at org.ggp.base.player.gamer.statemachine.MCTS.manager.hybrid.strategies.playout.moveselector.GibbsAdaptivePlayoutMoveSelector.getMoveFromDistribution(GibbsAdaptivePlayoutMoveSelector.java:86)
	... 12 more
LOG 1641910648589 [L9]: <ERR> (in MoveSelector) AdaptivePlayoutMoveSelector - Error creating probability distribution when selecting a move in the playout!
LOG 1641910648590 [L9]: <ERR> (in GamePlayer) java.lang.RuntimeException: org.apache.commons.math3.exception.NotANumberException: NaN is not allowed
	at org.ggp.base.player.gamer.statemachine.MCTS.manager.hybrid.strategies.playout.moveselector.GibbsAdaptivePlayoutMoveSelector.getMoveFromDistribution(GibbsAdaptivePlayoutMoveSelector.java:93)
	at org.ggp.base.player.gamer.statemachine.MCTS.manager.hybrid.strategies.playout.moveselector.GibbsAdaptivePlayoutMoveSelector.getMoveForRole(GibbsAdaptivePlayoutMoveSelector.java:63)
	at org.ggp.base.player.gamer.statemachine.MCTS.manager.hybrid.strategies.playout.StandardPlayout.getMoveForRole(StandardPlayout.java:179)
	at org.ggp.base.player.gamer.statemachine.MCTS.manager.hybrid.strategies.playout.PlayoutStrategy.getJointMove(PlayoutStrategy.java:95)
	at org.ggp.base.player.gamer.statemachine.MCTS.manager.hybrid.strategies.playout.MovesAndSiblingsMemorizingStandardPlayout.singlePlayout(MovesAndSiblingsMemorizingStandardPlayout.java:79)
	at org.ggp.base.player.gamer.statemachine.MCTS.manager.hybrid.strategies.playout.StandardPlayout.playout(StandardPlayout.java:90)
	at org.ggp.base.player.gamer.statemachine.MCTS.manager.hybrid.HybridMctsManager.searchNext(HybridMctsManager.java:1245)
	at org.ggp.base.player.gamer.statemachine.MCTS.manager.hybrid.HybridMctsManager.performSearch(HybridMctsManager.java:857)
	at org.ggp.base.player.gamer.statemachine.MCTS.manager.hybrid.HybridMctsManager.search(HybridMctsManager.java:774)
	at org.ggp.base.player.gamer.statemachine.MCTS.MctsGamer.stateMachineSelectMove(MctsGamer.java:256)
	at org.ggp.base.player.gamer.statemachine.StateMachineGamer.selectMove(StateMachineGamer.java:280)
	at org.ggp.base.player.request.grammar.PlayRequest.process(PlayRequest.java:49)
	at org.ggp.base.player.GamePlayer.run(GamePlayer.java:162)
Caused by: org.apache.commons.math3.exception.NotANumberException: NaN is not allowed
	at org.apache.commons.math3.distribution.EnumeratedDistribution.<init>(EnumeratedDistribution.java:134)
	at org.apache.commons.math3.distribution.EnumeratedDistribution.<init>(EnumeratedDistribution.java:101)
	at org.ggp.base.player.gamer.statemachine.MCTS.manager.hybrid.strategies.playout.moveselector.GibbsAdaptivePlayoutMoveSelector.getMoveFromDistribution(GibbsAdaptivePlayoutMoveSelector.java:86)
	... 12 more
LOG 1641910648591 [L9]: <ERR> (in GamePlayer) An unhandled exception ocurred during move selection: org.ggp.base.player.gamer.exception.MoveSelectionException: java.lang.RuntimeException: org.apache.commons.math3.exception.NotANumberException: NaN is not allowed
	at org.ggp.base.player.gamer.statemachine.StateMachineGamer.selectMove(StateMachineGamer.java:285)
	at org.ggp.base.player.request.grammar.PlayRequest.process(PlayRequest.java:49)
	at org.ggp.base.player.GamePlayer.run(GamePlayer.java:162)
Caused by: java.lang.RuntimeException: org.apache.commons.math3.exception.NotANumberException: NaN is not allowed
	at org.ggp.base.player.gamer.statemachine.MCTS.manager.hybrid.strategies.playout.moveselector.GibbsAdaptivePlayoutMoveSelector.getMoveFromDistribution(GibbsAdaptivePlayoutMoveSelector.java:93)
	at org.ggp.base.player.gamer.statemachine.MCTS.manager.hybrid.strategies.playout.moveselector.GibbsAdaptivePlayoutMoveSelector.getMoveForRole(GibbsAdaptivePlayoutMoveSelector.java:63)
	at org.ggp.base.player.gamer.statemachine.MCTS.manager.hybrid.strategies.playout.StandardPlayout.getMoveForRole(StandardPlayout.java:179)
	at org.ggp.base.player.gamer.statemachine.MCTS.manager.hybrid.strategies.playout.PlayoutStrategy.getJointMove(PlayoutStrategy.java:95)
	at org.ggp.base.player.gamer.statemachine.MCTS.manager.hybrid.strategies.playout.MovesAndSiblingsMemorizingStandardPlayout.singlePlayout(MovesAndSiblingsMemorizingStandardPlayout.java:79)
	at org.ggp.base.player.gamer.statemachine.MCTS.manager.hybrid.strategies.playout.StandardPlayout.playout(StandardPlayout.java:90)
	at org.ggp.base.player.gamer.statemachine.MCTS.manager.hybrid.HybridMctsManager.searchNext(HybridMctsManager.java:1245)
	at org.ggp.base.player.gamer.statemachine.MCTS.manager.hybrid.HybridMctsManager.performSearch(HybridMctsManager.java:857)
	at org.ggp.base.player.gamer.statemachine.MCTS.manager.hybrid.HybridMctsManager.search(HybridMctsManager.java:774)
	at org.ggp.base.player.gamer.statemachine.MCTS.MctsGamer.stateMachineSelectMove(MctsGamer.java:256)
	at org.ggp.base.player.gamer.statemachine.StateMachineGamer.selectMove(StateMachineGamer.java:280)
	... 2 more
Caused by: org.apache.commons.math3.exception.NotANumberException: NaN is not allowed
	at org.apache.commons.math3.distribution.EnumeratedDistribution.<init>(EnumeratedDistribution.java:134)
	at org.apache.commons.math3.distribution.EnumeratedDistribution.<init>(EnumeratedDistribution.java:101)
	at org.ggp.base.player.gamer.statemachine.MCTS.manager.hybrid.strategies.playout.moveselector.GibbsAdaptivePlayoutMoveSelector.getMoveFromDistribution(GibbsAdaptivePlayoutMoveSelector.java:86)
	... 12 more
LOG 1641910658592 [L9]: <ERR> (in MoveSelector) AdaptivePlayoutMoveSelector - Error creating probability distribution when selecting a move in the playout!
LOG 1641910658593 [L9]: <ERR> (in GamePlayer) java.lang.RuntimeException: org.apache.commons.math3.exception.NotANumberException: NaN is not allowed
	at org.ggp.base.player.gamer.statemachine.MCTS.manager.hybrid.strategies.playout.moveselector.GibbsAdaptivePlayoutMoveSelector.getMoveFromDistribution(GibbsAdaptivePlayoutMoveSelector.java:93)
	at org.ggp.base.player.gamer.statemachine.MCTS.manager.hybrid.strategies.playout.moveselector.GibbsAdaptivePlayoutMoveSelector.getMoveForRole(GibbsAdaptivePlayoutMoveSelector.java:63)
	at org.ggp.base.player.gamer.statemachine.MCTS.manager.hybrid.strategies.playout.StandardPlayout.getMoveForRole(StandardPlayout.java:179)
	at org.ggp.base.player.gamer.statemachine.MCTS.manager.hybrid.strategies.playout.PlayoutStrategy.getJointMove(PlayoutStrategy.java:95)
	at org.ggp.base.player.gamer.statemachine.MCTS.manager.hybrid.strategies.playout.MovesAndSiblingsMemorizingStandardPlayout.singlePlayout(MovesAndSiblingsMemorizingStandardPlayout.java:79)
	at org.ggp.base.player.gamer.statemachine.MCTS.manager.hybrid.strategies.playout.StandardPlayout.playout(StandardPlayout.java:90)
	at org.ggp.base.player.gamer.statemachine.MCTS.manager.hybrid.HybridMctsManager.searchNext(HybridMctsManager.java:1245)
	at org.ggp.base.player.gamer.statemachine.MCTS.manager.hybrid.HybridMctsManager.performSearch(HybridMctsManager.java:857)
	at org.ggp.base.player.gamer.statemachine.MCTS.manager.hybrid.HybridMctsManager.search(HybridMctsManager.java:774)
	at org.ggp.base.player.gamer.statemachine.MCTS.MctsGamer.stateMachineSelectMove(MctsGamer.java:256)
	at org.ggp.base.player.gamer.statemachine.StateMachineGamer.selectMove(StateMachineGamer.java:280)
	at org.ggp.base.player.request.grammar.PlayRequest.process(PlayRequest.java:49)
	at org.ggp.base.player.GamePlayer.run(GamePlayer.java:162)
Caused by: org.apache.commons.math3.exception.NotANumberException: NaN is not allowed
	at org.apache.commons.math3.distribution.EnumeratedDistribution.<init>(EnumeratedDistribution.java:134)
	at org.apache.commons.math3.distribution.EnumeratedDistribution.<init>(EnumeratedDistribution.java:101)
	at org.ggp.base.player.gamer.statemachine.MCTS.manager.hybrid.strategies.playout.moveselector.GibbsAdaptivePlayoutMoveSelector.getMoveFromDistribution(GibbsAdaptivePlayoutMoveSelector.java:86)
	... 12 more
LOG 1641910658594 [L9]: <ERR> (in GamePlayer) An unhandled exception ocurred during move selection: org.ggp.base.player.gamer.exception.MoveSelectionException: java.lang.RuntimeException: org.apache.commons.math3.exception.NotANumberException: NaN is not allowed
	at org.ggp.base.player.gamer.statemachine.StateMachineGamer.selectMove(StateMachineGamer.java:285)
	at org.ggp.base.player.request.grammar.PlayRequest.process(PlayRequest.java:49)
	at org.ggp.base.player.GamePlayer.run(GamePlayer.java:162)
Caused by: java.lang.RuntimeException: org.apache.commons.math3.exception.NotANumberException: NaN is not allowed
	at org.ggp.base.player.gamer.statemachine.MCTS.manager.hybrid.strategies.playout.moveselector.GibbsAdaptivePlayoutMoveSelector.getMoveFromDistribution(GibbsAdaptivePlayoutMoveSelector.java:93)
	at org.ggp.base.player.gamer.statemachine.MCTS.manager.hybrid.strategies.playout.moveselector.GibbsAdaptivePlayoutMoveSelector.getMoveForRole(GibbsAdaptivePlayoutMoveSelector.java:63)
	at org.ggp.base.player.gamer.statemachine.MCTS.manager.hybrid.strategies.playout.StandardPlayout.getMoveForRole(StandardPlayout.java:179)
	at org.ggp.base.player.gamer.statemachine.MCTS.manager.hybrid.strategies.playout.PlayoutStrategy.getJointMove(PlayoutStrategy.java:95)
	at org.ggp.base.player.gamer.statemachine.MCTS.manager.hybrid.strategies.playout.MovesAndSiblingsMemorizingStandardPlayout.singlePlayout(MovesAndSiblingsMemorizingStandardPlayout.java:79)
	at org.ggp.base.player.gamer.statemachine.MCTS.manager.hybrid.strategies.playout.StandardPlayout.playout(StandardPlayout.java:90)
	at org.ggp.base.player.gamer.statemachine.MCTS.manager.hybrid.HybridMctsManager.searchNext(HybridMctsManager.java:1245)
	at org.ggp.base.player.gamer.statemachine.MCTS.manager.hybrid.HybridMctsManager.performSearch(HybridMctsManager.java:857)
	at org.ggp.base.player.gamer.statemachine.MCTS.manager.hybrid.HybridMctsManager.search(HybridMctsManager.java:774)
	at org.ggp.base.player.gamer.statemachine.MCTS.MctsGamer.stateMachineSelectMove(MctsGamer.java:256)
	at org.ggp.base.player.gamer.statemachine.StateMachineGamer.selectMove(StateMachineGamer.java:280)
	... 2 more
Caused by: org.apache.commons.math3.exception.NotANumberException: NaN is not allowed
	at org.apache.commons.math3.distribution.EnumeratedDistribution.<init>(EnumeratedDistribution.java:134)
	at org.apache.commons.math3.distribution.EnumeratedDistribution.<init>(EnumeratedDistribution.java:101)
	at org.ggp.base.player.gamer.statemachine.MCTS.manager.hybrid.strategies.playout.moveselector.GibbsAdaptivePlayoutMoveSelector.getMoveFromDistribution(GibbsAdaptivePlayoutMoveSelector.java:86)
	... 12 more
