LOG 1641910553551 [L3]: Started match logging at: Tue Jan 11 15:15:53 CET 2022
LOG 1641910553559 [L3]: Game rules: [( role white ), ( role red ), ( init ( cell 1 0 dirt ) ), ( init ( cell 2 0 dirt ) ), ( init ( cell 3 0 dirt ) ), ( init ( cell 4 0 dirt ) ), ( init ( cell 5 0 dirt ) ), ( init ( cell 6 0 dirt ) ), ( init ( cell 7 0 dirt ) ), ( init ( cell 1 1 b ) ), ( init ( cell 1 2 b ) ), ( init ( cell 1 3 b ) ), ( init ( cell 1 4 b ) ), ( init ( cell 1 5 b ) ), ( init ( cell 1 6 b ) ), ( init ( cell 2 1 b ) ), ( init ( cell 2 2 b ) ), ( init ( cell 2 3 b ) ), ( init ( cell 2 4 b ) ), ( init ( cell 2 5 b ) ), ( init ( cell 2 6 b ) ), ( init ( cell 3 1 b ) ), ( init ( cell 3 2 b ) ), ( init ( cell 3 3 b ) ), ( init ( cell 3 4 b ) ), ( init ( cell 3 5 b ) ), ( init ( cell 3 6 b ) ), ( init ( cell 4 1 b ) ), ( init ( cell 4 2 b ) ), ( init ( cell 4 3 b ) ), ( init ( cell 4 4 b ) ), ( init ( cell 4 5 b ) ), ( init ( cell 4 6 b ) ), ( init ( cell 5 1 b ) ), ( init ( cell 5 2 b ) ), ( init ( cell 5 3 b ) ), ( init ( cell 5 4 b ) ), ( init ( cell 5 5 b ) ), ( init ( cell 5 6 b ) ), ( init ( cell 6 1 b ) ), ( init ( cell 6 2 b ) ), ( init ( cell 6 3 b ) ), ( init ( cell 6 4 b ) ), ( init ( cell 6 5 b ) ), ( init ( cell 6 6 b ) ), ( init ( cell 7 1 b ) ), ( init ( cell 7 2 b ) ), ( init ( cell 7 3 b ) ), ( init ( cell 7 4 b ) ), ( init ( cell 7 5 b ) ), ( init ( cell 7 6 b ) ), ( init ( control white ) ), ( <= ( empty ?c ?h ) ( true ( cell ?c ?h b ) ) ), ( <= ( filled ?c ?h ) ( true ( cell ?c ?h dirt ) ) ), ( <= ( filled ?c ?h ) ( true ( cell ?c ?h w ) ) ), ( <= ( filled ?c ?h ) ( true ( cell ?c ?h r ) ) ), ( <= ( next ( cell ?c ?h2 w ) ) ( does white ( drop ?c ) ) ( true ( cell ?c ?h2 b ) ) ( filled ?c ?h1 ) ( succ ?h1 ?h2 ) ), ( <= ( next ( cell ?c ?h2 r ) ) ( does red ( drop ?c ) ) ( true ( cell ?c ?h2 b ) ) ( filled ?c ?h1 ) ( succ ?h1 ?h2 ) ), ( <= ( next ( cell ?x ?y ?z ) ) ( true ( cell ?x ?y ?z ) ) ( distinct ?z b ) ), ( <= ( next ( cell ?c2 ?y b ) ) ( does ?w ( drop ?c1 ) ) ( true ( cell ?c2 ?y b ) ) ( distinct ?c1 ?c2 ) ), ( <= ( next ( cell ?c ?y2 b ) ) ( true ( cell ?c ?y1 b ) ) ( distinct ?y1 6 ) ( succ ?y1 ?y2 ) ), ( <= ( next ( control white ) ) ( true ( control red ) ) ), ( <= ( next ( control red ) ) ( true ( control white ) ) ), ( <= ( row ?z ) ( true ( cell ?x1 ?y ?z ) ) ( distinct ?z b ) ( distinct ?z dirt ) ( succ ?x1 ?x2 ) ( true ( cell ?x2 ?y ?z ) ) ( succ ?x2 ?x3 ) ( true ( cell ?x3 ?y ?z ) ) ( succ ?x3 ?x4 ) ( true ( cell ?x4 ?y ?z ) ) ), ( <= ( column ?z ) ( true ( cell ?x ?y1 ?z ) ) ( distinct ?z b ) ( succ ?y1 ?y2 ) ( true ( cell ?x ?y2 ?z ) ) ( succ ?y2 ?y3 ) ( true ( cell ?x ?y3 ?z ) ) ( succ ?y3 ?y4 ) ( true ( cell ?x ?y4 ?z ) ) ), ( <= ( diag ?z ) ( true ( cell ?x1 ?y1 ?z ) ) ( distinct ?z b ) ( succ ?x1 ?x2 ) ( succ ?y1 ?y2 ) ( true ( cell ?x2 ?y2 ?z ) ) ( succ ?x2 ?x3 ) ( succ ?y2 ?y3 ) ( true ( cell ?x3 ?y3 ?z ) ) ( succ ?x3 ?x4 ) ( succ ?y3 ?y4 ) ( true ( cell ?x4 ?y4 ?z ) ) ), ( <= ( diag ?z ) ( true ( cell ?x1 ?y1 ?z ) ) ( distinct ?z b ) ( succ ?x1 ?x2 ) ( succ ?y2 ?y1 ) ( true ( cell ?x2 ?y2 ?z ) ) ( succ ?x2 ?x3 ) ( succ ?y3 ?y2 ) ( true ( cell ?x3 ?y3 ?z ) ) ( succ ?x3 ?x4 ) ( succ ?y4 ?y3 ) ( true ( cell ?x4 ?y4 ?z ) ) ), ( <= ( line ?x ) ( row ?x ) ), ( <= ( line ?x ) ( column ?x ) ), ( <= ( line ?x ) ( diag ?x ) ), ( <= open ( empty ?c ?h ) ), ( <= terminal ( line r ) ), ( <= terminal ( line w ) ), ( <= terminal ( not open ) ), ( <= ( legal ?w ( drop ?c ) ) ( true ( cell ?c ?y2 b ) ) ( filled ?c ?y1 ) ( succ ?y1 ?y2 ) ( true ( control ?w ) ) ), ( <= ( legal white noop ) ( true ( control red ) ) ), ( <= ( legal red noop ) ( true ( control white ) ) ), ( <= ( goal white 100 ) ( line w ) ), ( <= ( goal white 50 ) ( not ( line r ) ) ( not ( line w ) ) ( not open ) ), ( <= ( goal white 0 ) ( line r ) ), ( <= ( goal red 100 ) ( line r ) ), ( <= ( goal red 50 ) ( not ( line r ) ) ( not ( line w ) ) ( not open ) ), ( <= ( goal red 0 ) ( line w ) ), ( <= ( goal ?w 70 ) ( role ?w ) ( not ( line r ) ) ( not ( line w ) ) open ), ( <= ( lte 0 ?x ) ( number ?x ) ), ( <= ( lte ?x ?x ) ( number ?x ) ), ( <= ( lte ?x ?z ) ( succ ?y ?z ) ( lte ?x ?y ) ), ( <= ( lte ?x ?y ) ( succ ?x ?y ) ), ( number 0 ), ( number 1 ), ( number 2 ), ( number 3 ), ( number 4 ), ( number 5 ), ( number 6 ), ( number 7 ), ( number 8 ), ( succ 0 1 ), ( succ 1 2 ), ( succ 2 3 ), ( succ 3 4 ), ( succ 4 5 ), ( succ 5 6 ), ( succ 6 7 ), ( succ 7 8 )]
LOG 1641910553559 [L3]: Start clock: 15
LOG 1641910553560 [L3]: Play clock: 20
LOG 1641910558550 [L0]: [Sent at 1641910558550] ready
LOG 1641910558552 [L0]: [Received at 1641910558552] ( PLAY 28.connect4.1641910553481 NIL )
LOG 1641910560881 [L9]: <ERR> java.lang.RuntimeException: org.apache.commons.math3.exception.NotANumberException: NaN is not allowed
	at org.ggp.base.player.gamer.statemachine.MCTS.manager.hybrid.strategies.playout.moveselector.GibbsAdaptivePlayoutMoveSelector.getMoveFromDistribution(GibbsAdaptivePlayoutMoveSelector.java:93)
	at org.ggp.base.player.gamer.statemachine.MCTS.manager.hybrid.strategies.playout.moveselector.GibbsAdaptivePlayoutMoveSelector.getMoveForRole(GibbsAdaptivePlayoutMoveSelector.java:63)
	at org.ggp.base.player.gamer.statemachine.MCTS.manager.hybrid.strategies.playout.StandardPlayout.getMoveForRole(StandardPlayout.java:179)
	at org.ggp.base.player.gamer.statemachine.MCTS.manager.hybrid.strategies.playout.PlayoutStrategy.getJointMove(PlayoutStrategy.java:95)
	at org.ggp.base.player.gamer.statemachine.MCTS.manager.hybrid.strategies.playout.MovesAndSiblingsMemorizingStandardPlayout.singlePlayout(MovesAndSiblingsMemorizingStandardPlayout.java:79)
	at org.ggp.base.player.gamer.statemachine.MCTS.manager.hybrid.strategies.playout.StandardPlayout.playout(StandardPlayout.java:90)
	at org.ggp.base.player.gamer.statemachine.MCTS.manager.hybrid.HybridMctsManager.searchNext(HybridMctsManager.java:1245)
	at org.ggp.base.player.gamer.statemachine.MCTS.manager.hybrid.HybridMctsManager.searchNext(HybridMctsManager.java:1288)
	at org.ggp.base.player.gamer.statemachine.MCTS.manager.hybrid.HybridMctsManager.searchNext(HybridMctsManager.java:1288)
	at org.ggp.base.player.gamer.statemachine.MCTS.manager.hybrid.HybridMctsManager.searchNext(HybridMctsManager.java:1288)
	at org.ggp.base.player.gamer.statemachine.MCTS.manager.hybrid.HybridMctsManager.searchNext(HybridMctsManager.java:1288)
	at org.ggp.base.player.gamer.statemachine.MCTS.manager.hybrid.HybridMctsManager.searchNext(HybridMctsManager.java:1288)
	at org.ggp.base.player.gamer.statemachine.MCTS.manager.hybrid.HybridMctsManager.searchNext(HybridMctsManager.java:1288)
	at org.ggp.base.player.gamer.statemachine.MCTS.manager.hybrid.HybridMctsManager.searchNext(HybridMctsManager.java:1288)
	at org.ggp.base.player.gamer.statemachine.MCTS.manager.hybrid.HybridMctsManager.searchNext(HybridMctsManager.java:1288)
	at org.ggp.base.player.gamer.statemachine.MCTS.manager.hybrid.HybridMctsManager.searchNext(HybridMctsManager.java:1288)
	at org.ggp.base.player.gamer.statemachine.MCTS.manager.hybrid.HybridMctsManager.performSearch(HybridMctsManager.java:857)
	at org.ggp.base.player.gamer.statemachine.MCTS.manager.hybrid.HybridMctsManager.search(HybridMctsManager.java:774)
	at org.ggp.base.player.gamer.statemachine.MCTS.MctsGamer.stateMachineSelectMove(MctsGamer.java:256)
	at org.ggp.base.player.gamer.statemachine.StateMachineGamer.selectMove(StateMachineGamer.java:280)
	at org.ggp.base.player.request.grammar.PlayRequest.process(PlayRequest.java:49)
	at org.ggp.base.player.GamePlayer.run(GamePlayer.java:162)
Caused by: org.apache.commons.math3.exception.NotANumberException: NaN is not allowed
	at org.apache.commons.math3.distribution.EnumeratedDistribution.<init>(EnumeratedDistribution.java:134)
	at org.apache.commons.math3.distribution.EnumeratedDistribution.<init>(EnumeratedDistribution.java:101)
	at org.ggp.base.player.gamer.statemachine.MCTS.manager.hybrid.strategies.playout.moveselector.GibbsAdaptivePlayoutMoveSelector.getMoveFromDistribution(GibbsAdaptivePlayoutMoveSelector.java:86)
	... 21 more
LOG 1641910560907 [L9]: <ERR> An unhandled exception ocurred during move selection: org.ggp.base.player.gamer.exception.MoveSelectionException: java.lang.RuntimeException: org.apache.commons.math3.exception.NotANumberException: NaN is not allowed
	at org.ggp.base.player.gamer.statemachine.StateMachineGamer.selectMove(StateMachineGamer.java:285)
	at org.ggp.base.player.request.grammar.PlayRequest.process(PlayRequest.java:49)
	at org.ggp.base.player.GamePlayer.run(GamePlayer.java:162)
Caused by: java.lang.RuntimeException: org.apache.commons.math3.exception.NotANumberException: NaN is not allowed
	at org.ggp.base.player.gamer.statemachine.MCTS.manager.hybrid.strategies.playout.moveselector.GibbsAdaptivePlayoutMoveSelector.getMoveFromDistribution(GibbsAdaptivePlayoutMoveSelector.java:93)
	at org.ggp.base.player.gamer.statemachine.MCTS.manager.hybrid.strategies.playout.moveselector.GibbsAdaptivePlayoutMoveSelector.getMoveForRole(GibbsAdaptivePlayoutMoveSelector.java:63)
	at org.ggp.base.player.gamer.statemachine.MCTS.manager.hybrid.strategies.playout.StandardPlayout.getMoveForRole(StandardPlayout.java:179)
	at org.ggp.base.player.gamer.statemachine.MCTS.manager.hybrid.strategies.playout.PlayoutStrategy.getJointMove(PlayoutStrategy.java:95)
	at org.ggp.base.player.gamer.statemachine.MCTS.manager.hybrid.strategies.playout.MovesAndSiblingsMemorizingStandardPlayout.singlePlayout(MovesAndSiblingsMemorizingStandardPlayout.java:79)
	at org.ggp.base.player.gamer.statemachine.MCTS.manager.hybrid.strategies.playout.StandardPlayout.playout(StandardPlayout.java:90)
	at org.ggp.base.player.gamer.statemachine.MCTS.manager.hybrid.HybridMctsManager.searchNext(HybridMctsManager.java:1245)
	at org.ggp.base.player.gamer.statemachine.MCTS.manager.hybrid.HybridMctsManager.searchNext(HybridMctsManager.java:1288)
	at org.ggp.base.player.gamer.statemachine.MCTS.manager.hybrid.HybridMctsManager.searchNext(HybridMctsManager.java:1288)
	at org.ggp.base.player.gamer.statemachine.MCTS.manager.hybrid.HybridMctsManager.searchNext(HybridMctsManager.java:1288)
	at org.ggp.base.player.gamer.statemachine.MCTS.manager.hybrid.HybridMctsManager.searchNext(HybridMctsManager.java:1288)
	at org.ggp.base.player.gamer.statemachine.MCTS.manager.hybrid.HybridMctsManager.searchNext(HybridMctsManager.java:1288)
	at org.ggp.base.player.gamer.statemachine.MCTS.manager.hybrid.HybridMctsManager.searchNext(HybridMctsManager.java:1288)
	at org.ggp.base.player.gamer.statemachine.MCTS.manager.hybrid.HybridMctsManager.searchNext(HybridMctsManager.java:1288)
	at org.ggp.base.player.gamer.statemachine.MCTS.manager.hybrid.HybridMctsManager.searchNext(HybridMctsManager.java:1288)
	at org.ggp.base.player.gamer.statemachine.MCTS.manager.hybrid.HybridMctsManager.searchNext(HybridMctsManager.java:1288)
	at org.ggp.base.player.gamer.statemachine.MCTS.manager.hybrid.HybridMctsManager.performSearch(HybridMctsManager.java:857)
	at org.ggp.base.player.gamer.statemachine.MCTS.manager.hybrid.HybridMctsManager.search(HybridMctsManager.java:774)
	at org.ggp.base.player.gamer.statemachine.MCTS.MctsGamer.stateMachineSelectMove(MctsGamer.java:256)
	at org.ggp.base.player.gamer.statemachine.StateMachineGamer.selectMove(StateMachineGamer.java:280)
	... 2 more
Caused by: org.apache.commons.math3.exception.NotANumberException: NaN is not allowed
	at org.apache.commons.math3.distribution.EnumeratedDistribution.<init>(EnumeratedDistribution.java:134)
	at org.apache.commons.math3.distribution.EnumeratedDistribution.<init>(EnumeratedDistribution.java:101)
	at org.ggp.base.player.gamer.statemachine.MCTS.manager.hybrid.strategies.playout.moveselector.GibbsAdaptivePlayoutMoveSelector.getMoveFromDistribution(GibbsAdaptivePlayoutMoveSelector.java:86)
	... 21 more
LOG 1641910560908 [L0]: [Sent at 1641910560908] nil
LOG 1641910568556 [L0]: [Received at 1641910568556] ( PLAY 28.connect4.1641910553481 (( drop 4 ) noop ) )
LOG 1641910568561 [L9]: <ERR> java.lang.RuntimeException: org.apache.commons.math3.exception.NotANumberException: NaN is not allowed
	at org.ggp.base.player.gamer.statemachine.MCTS.manager.hybrid.strategies.playout.moveselector.GibbsAdaptivePlayoutMoveSelector.getMoveFromDistribution(GibbsAdaptivePlayoutMoveSelector.java:93)
	at org.ggp.base.player.gamer.statemachine.MCTS.manager.hybrid.strategies.playout.moveselector.GibbsAdaptivePlayoutMoveSelector.getMoveForRole(GibbsAdaptivePlayoutMoveSelector.java:63)
	at org.ggp.base.player.gamer.statemachine.MCTS.manager.hybrid.strategies.playout.StandardPlayout.getMoveForRole(StandardPlayout.java:179)
	at org.ggp.base.player.gamer.statemachine.MCTS.manager.hybrid.strategies.playout.PlayoutStrategy.getJointMove(PlayoutStrategy.java:95)
	at org.ggp.base.player.gamer.statemachine.MCTS.manager.hybrid.strategies.playout.MovesAndSiblingsMemorizingStandardPlayout.singlePlayout(MovesAndSiblingsMemorizingStandardPlayout.java:79)
	at org.ggp.base.player.gamer.statemachine.MCTS.manager.hybrid.strategies.playout.StandardPlayout.playout(StandardPlayout.java:90)
	at org.ggp.base.player.gamer.statemachine.MCTS.manager.hybrid.HybridMctsManager.searchNext(HybridMctsManager.java:1245)
	at org.ggp.base.player.gamer.statemachine.MCTS.manager.hybrid.HybridMctsManager.searchNext(HybridMctsManager.java:1288)
	at org.ggp.base.player.gamer.statemachine.MCTS.manager.hybrid.HybridMctsManager.searchNext(HybridMctsManager.java:1288)
	at org.ggp.base.player.gamer.statemachine.MCTS.manager.hybrid.HybridMctsManager.searchNext(HybridMctsManager.java:1288)
	at org.ggp.base.player.gamer.statemachine.MCTS.manager.hybrid.HybridMctsManager.searchNext(HybridMctsManager.java:1288)
	at org.ggp.base.player.gamer.statemachine.MCTS.manager.hybrid.HybridMctsManager.searchNext(HybridMctsManager.java:1288)
	at org.ggp.base.player.gamer.statemachine.MCTS.manager.hybrid.HybridMctsManager.searchNext(HybridMctsManager.java:1288)
	at org.ggp.base.player.gamer.statemachine.MCTS.manager.hybrid.HybridMctsManager.searchNext(HybridMctsManager.java:1288)
	at org.ggp.base.player.gamer.statemachine.MCTS.manager.hybrid.HybridMctsManager.searchNext(HybridMctsManager.java:1288)
	at org.ggp.base.player.gamer.statemachine.MCTS.manager.hybrid.HybridMctsManager.performSearch(HybridMctsManager.java:857)
	at org.ggp.base.player.gamer.statemachine.MCTS.manager.hybrid.HybridMctsManager.search(HybridMctsManager.java:774)
	at org.ggp.base.player.gamer.statemachine.MCTS.MctsGamer.stateMachineSelectMove(MctsGamer.java:256)
	at org.ggp.base.player.gamer.statemachine.StateMachineGamer.selectMove(StateMachineGamer.java:280)
	at org.ggp.base.player.request.grammar.PlayRequest.process(PlayRequest.java:49)
	at org.ggp.base.player.GamePlayer.run(GamePlayer.java:162)
Caused by: org.apache.commons.math3.exception.NotANumberException: NaN is not allowed
	at org.apache.commons.math3.distribution.EnumeratedDistribution.<init>(EnumeratedDistribution.java:134)
	at org.apache.commons.math3.distribution.EnumeratedDistribution.<init>(EnumeratedDistribution.java:101)
	at org.ggp.base.player.gamer.statemachine.MCTS.manager.hybrid.strategies.playout.moveselector.GibbsAdaptivePlayoutMoveSelector.getMoveFromDistribution(GibbsAdaptivePlayoutMoveSelector.java:86)
	... 20 more
LOG 1641910568562 [L9]: <ERR> An unhandled exception ocurred during move selection: org.ggp.base.player.gamer.exception.MoveSelectionException: java.lang.RuntimeException: org.apache.commons.math3.exception.NotANumberException: NaN is not allowed
	at org.ggp.base.player.gamer.statemachine.StateMachineGamer.selectMove(StateMachineGamer.java:285)
	at org.ggp.base.player.request.grammar.PlayRequest.process(PlayRequest.java:49)
	at org.ggp.base.player.GamePlayer.run(GamePlayer.java:162)
Caused by: java.lang.RuntimeException: org.apache.commons.math3.exception.NotANumberException: NaN is not allowed
	at org.ggp.base.player.gamer.statemachine.MCTS.manager.hybrid.strategies.playout.moveselector.GibbsAdaptivePlayoutMoveSelector.getMoveFromDistribution(GibbsAdaptivePlayoutMoveSelector.java:93)
	at org.ggp.base.player.gamer.statemachine.MCTS.manager.hybrid.strategies.playout.moveselector.GibbsAdaptivePlayoutMoveSelector.getMoveForRole(GibbsAdaptivePlayoutMoveSelector.java:63)
	at org.ggp.base.player.gamer.statemachine.MCTS.manager.hybrid.strategies.playout.StandardPlayout.getMoveForRole(StandardPlayout.java:179)
	at org.ggp.base.player.gamer.statemachine.MCTS.manager.hybrid.strategies.playout.PlayoutStrategy.getJointMove(PlayoutStrategy.java:95)
	at org.ggp.base.player.gamer.statemachine.MCTS.manager.hybrid.strategies.playout.MovesAndSiblingsMemorizingStandardPlayout.singlePlayout(MovesAndSiblingsMemorizingStandardPlayout.java:79)
	at org.ggp.base.player.gamer.statemachine.MCTS.manager.hybrid.strategies.playout.StandardPlayout.playout(StandardPlayout.java:90)
	at org.ggp.base.player.gamer.statemachine.MCTS.manager.hybrid.HybridMctsManager.searchNext(HybridMctsManager.java:1245)
	at org.ggp.base.player.gamer.statemachine.MCTS.manager.hybrid.HybridMctsManager.searchNext(HybridMctsManager.java:1288)
	at org.ggp.base.player.gamer.statemachine.MCTS.manager.hybrid.HybridMctsManager.searchNext(HybridMctsManager.java:1288)
	at org.ggp.base.player.gamer.statemachine.MCTS.manager.hybrid.HybridMctsManager.searchNext(HybridMctsManager.java:1288)
	at org.ggp.base.player.gamer.statemachine.MCTS.manager.hybrid.HybridMctsManager.searchNext(HybridMctsManager.java:1288)
	at org.ggp.base.player.gamer.statemachine.MCTS.manager.hybrid.HybridMctsManager.searchNext(HybridMctsManager.java:1288)
	at org.ggp.base.player.gamer.statemachine.MCTS.manager.hybrid.HybridMctsManager.searchNext(HybridMctsManager.java:1288)
	at org.ggp.base.player.gamer.statemachine.MCTS.manager.hybrid.HybridMctsManager.searchNext(HybridMctsManager.java:1288)
	at org.ggp.base.player.gamer.statemachine.MCTS.manager.hybrid.HybridMctsManager.searchNext(HybridMctsManager.java:1288)
	at org.ggp.base.player.gamer.statemachine.MCTS.manager.hybrid.HybridMctsManager.performSearch(HybridMctsManager.java:857)
	at org.ggp.base.player.gamer.statemachine.MCTS.manager.hybrid.HybridMctsManager.search(HybridMctsManager.java:774)
	at org.ggp.base.player.gamer.statemachine.MCTS.MctsGamer.stateMachineSelectMove(MctsGamer.java:256)
	at org.ggp.base.player.gamer.statemachine.StateMachineGamer.selectMove(StateMachineGamer.java:280)
	... 2 more
Caused by: org.apache.commons.math3.exception.NotANumberException: NaN is not allowed
	at org.apache.commons.math3.distribution.EnumeratedDistribution.<init>(EnumeratedDistribution.java:134)
	at org.apache.commons.math3.distribution.EnumeratedDistribution.<init>(EnumeratedDistribution.java:101)
	at org.ggp.base.player.gamer.statemachine.MCTS.manager.hybrid.strategies.playout.moveselector.GibbsAdaptivePlayoutMoveSelector.getMoveFromDistribution(GibbsAdaptivePlayoutMoveSelector.java:86)
	... 20 more
LOG 1641910568562 [L0]: [Sent at 1641910568562] nil
LOG 1641910578560 [L0]: [Received at 1641910578560] ( PLAY 28.connect4.1641910553481 (noop ( drop 5 ) ) )
LOG 1641910578564 [L9]: <ERR> java.lang.RuntimeException: org.apache.commons.math3.exception.NotANumberException: NaN is not allowed
	at org.ggp.base.player.gamer.statemachine.MCTS.manager.hybrid.strategies.playout.moveselector.GibbsAdaptivePlayoutMoveSelector.getMoveFromDistribution(GibbsAdaptivePlayoutMoveSelector.java:93)
	at org.ggp.base.player.gamer.statemachine.MCTS.manager.hybrid.strategies.playout.moveselector.GibbsAdaptivePlayoutMoveSelector.getMoveForRole(GibbsAdaptivePlayoutMoveSelector.java:63)
	at org.ggp.base.player.gamer.statemachine.MCTS.manager.hybrid.strategies.playout.StandardPlayout.getMoveForRole(StandardPlayout.java:179)
	at org.ggp.base.player.gamer.statemachine.MCTS.manager.hybrid.strategies.playout.PlayoutStrategy.getJointMove(PlayoutStrategy.java:95)
	at org.ggp.base.player.gamer.statemachine.MCTS.manager.hybrid.strategies.playout.MovesAndSiblingsMemorizingStandardPlayout.singlePlayout(MovesAndSiblingsMemorizingStandardPlayout.java:79)
	at org.ggp.base.player.gamer.statemachine.MCTS.manager.hybrid.strategies.playout.StandardPlayout.playout(StandardPlayout.java:90)
	at org.ggp.base.player.gamer.statemachine.MCTS.manager.hybrid.HybridMctsManager.searchNext(HybridMctsManager.java:1245)
	at org.ggp.base.player.gamer.statemachine.MCTS.manager.hybrid.HybridMctsManager.searchNext(HybridMctsManager.java:1288)
	at org.ggp.base.player.gamer.statemachine.MCTS.manager.hybrid.HybridMctsManager.searchNext(HybridMctsManager.java:1288)
	at org.ggp.base.player.gamer.statemachine.MCTS.manager.hybrid.HybridMctsManager.searchNext(HybridMctsManager.java:1288)
	at org.ggp.base.player.gamer.statemachine.MCTS.manager.hybrid.HybridMctsManager.searchNext(HybridMctsManager.java:1288)
	at org.ggp.base.player.gamer.statemachine.MCTS.manager.hybrid.HybridMctsManager.searchNext(HybridMctsManager.java:1288)
	at org.ggp.base.player.gamer.statemachine.MCTS.manager.hybrid.HybridMctsManager.performSearch(HybridMctsManager.java:857)
	at org.ggp.base.player.gamer.statemachine.MCTS.manager.hybrid.HybridMctsManager.search(HybridMctsManager.java:774)
	at org.ggp.base.player.gamer.statemachine.MCTS.MctsGamer.stateMachineSelectMove(MctsGamer.java:256)
	at org.ggp.base.player.gamer.statemachine.StateMachineGamer.selectMove(StateMachineGamer.java:280)
	at org.ggp.base.player.request.grammar.PlayRequest.process(PlayRequest.java:49)
	at org.ggp.base.player.GamePlayer.run(GamePlayer.java:162)
Caused by: org.apache.commons.math3.exception.NotANumberException: NaN is not allowed
	at org.apache.commons.math3.distribution.EnumeratedDistribution.<init>(EnumeratedDistribution.java:134)
	at org.apache.commons.math3.distribution.EnumeratedDistribution.<init>(EnumeratedDistribution.java:101)
	at org.ggp.base.player.gamer.statemachine.MCTS.manager.hybrid.strategies.playout.moveselector.GibbsAdaptivePlayoutMoveSelector.getMoveFromDistribution(GibbsAdaptivePlayoutMoveSelector.java:86)
	... 17 more
LOG 1641910578565 [L9]: <ERR> An unhandled exception ocurred during move selection: org.ggp.base.player.gamer.exception.MoveSelectionException: java.lang.RuntimeException: org.apache.commons.math3.exception.NotANumberException: NaN is not allowed
	at org.ggp.base.player.gamer.statemachine.StateMachineGamer.selectMove(StateMachineGamer.java:285)
	at org.ggp.base.player.request.grammar.PlayRequest.process(PlayRequest.java:49)
	at org.ggp.base.player.GamePlayer.run(GamePlayer.java:162)
Caused by: java.lang.RuntimeException: org.apache.commons.math3.exception.NotANumberException: NaN is not allowed
	at org.ggp.base.player.gamer.statemachine.MCTS.manager.hybrid.strategies.playout.moveselector.GibbsAdaptivePlayoutMoveSelector.getMoveFromDistribution(GibbsAdaptivePlayoutMoveSelector.java:93)
	at org.ggp.base.player.gamer.statemachine.MCTS.manager.hybrid.strategies.playout.moveselector.GibbsAdaptivePlayoutMoveSelector.getMoveForRole(GibbsAdaptivePlayoutMoveSelector.java:63)
	at org.ggp.base.player.gamer.statemachine.MCTS.manager.hybrid.strategies.playout.StandardPlayout.getMoveForRole(StandardPlayout.java:179)
	at org.ggp.base.player.gamer.statemachine.MCTS.manager.hybrid.strategies.playout.PlayoutStrategy.getJointMove(PlayoutStrategy.java:95)
	at org.ggp.base.player.gamer.statemachine.MCTS.manager.hybrid.strategies.playout.MovesAndSiblingsMemorizingStandardPlayout.singlePlayout(MovesAndSiblingsMemorizingStandardPlayout.java:79)
	at org.ggp.base.player.gamer.statemachine.MCTS.manager.hybrid.strategies.playout.StandardPlayout.playout(StandardPlayout.java:90)
	at org.ggp.base.player.gamer.statemachine.MCTS.manager.hybrid.HybridMctsManager.searchNext(HybridMctsManager.java:1245)
	at org.ggp.base.player.gamer.statemachine.MCTS.manager.hybrid.HybridMctsManager.searchNext(HybridMctsManager.java:1288)
	at org.ggp.base.player.gamer.statemachine.MCTS.manager.hybrid.HybridMctsManager.searchNext(HybridMctsManager.java:1288)
	at org.ggp.base.player.gamer.statemachine.MCTS.manager.hybrid.HybridMctsManager.searchNext(HybridMctsManager.java:1288)
	at org.ggp.base.player.gamer.statemachine.MCTS.manager.hybrid.HybridMctsManager.searchNext(HybridMctsManager.java:1288)
	at org.ggp.base.player.gamer.statemachine.MCTS.manager.hybrid.HybridMctsManager.searchNext(HybridMctsManager.java:1288)
	at org.ggp.base.player.gamer.statemachine.MCTS.manager.hybrid.HybridMctsManager.performSearch(HybridMctsManager.java:857)
	at org.ggp.base.player.gamer.statemachine.MCTS.manager.hybrid.HybridMctsManager.search(HybridMctsManager.java:774)
	at org.ggp.base.player.gamer.statemachine.MCTS.MctsGamer.stateMachineSelectMove(MctsGamer.java:256)
	at org.ggp.base.player.gamer.statemachine.StateMachineGamer.selectMove(StateMachineGamer.java:280)
	... 2 more
Caused by: org.apache.commons.math3.exception.NotANumberException: NaN is not allowed
	at org.apache.commons.math3.distribution.EnumeratedDistribution.<init>(EnumeratedDistribution.java:134)
	at org.apache.commons.math3.distribution.EnumeratedDistribution.<init>(EnumeratedDistribution.java:101)
	at org.ggp.base.player.gamer.statemachine.MCTS.manager.hybrid.strategies.playout.moveselector.GibbsAdaptivePlayoutMoveSelector.getMoveFromDistribution(GibbsAdaptivePlayoutMoveSelector.java:86)
	... 17 more
LOG 1641910578566 [L0]: [Sent at 1641910578566] nil
LOG 1641910588569 [L0]: [Received at 1641910588569] ( PLAY 28.connect4.1641910553481 (( drop 4 ) noop ) )
LOG 1641910588576 [L9]: <ERR> java.lang.RuntimeException: org.apache.commons.math3.exception.NotANumberException: NaN is not allowed
	at org.ggp.base.player.gamer.statemachine.MCTS.manager.hybrid.strategies.playout.moveselector.GibbsAdaptivePlayoutMoveSelector.getMoveFromDistribution(GibbsAdaptivePlayoutMoveSelector.java:93)
	at org.ggp.base.player.gamer.statemachine.MCTS.manager.hybrid.strategies.playout.moveselector.GibbsAdaptivePlayoutMoveSelector.getMoveForRole(GibbsAdaptivePlayoutMoveSelector.java:63)
	at org.ggp.base.player.gamer.statemachine.MCTS.manager.hybrid.strategies.playout.StandardPlayout.getMoveForRole(StandardPlayout.java:179)
	at org.ggp.base.player.gamer.statemachine.MCTS.manager.hybrid.strategies.playout.PlayoutStrategy.getJointMove(PlayoutStrategy.java:95)
	at org.ggp.base.player.gamer.statemachine.MCTS.manager.hybrid.strategies.playout.MovesAndSiblingsMemorizingStandardPlayout.singlePlayout(MovesAndSiblingsMemorizingStandardPlayout.java:79)
	at org.ggp.base.player.gamer.statemachine.MCTS.manager.hybrid.strategies.playout.StandardPlayout.playout(StandardPlayout.java:90)
	at org.ggp.base.player.gamer.statemachine.MCTS.manager.hybrid.HybridMctsManager.searchNext(HybridMctsManager.java:1245)
	at org.ggp.base.player.gamer.statemachine.MCTS.manager.hybrid.HybridMctsManager.performSearch(HybridMctsManager.java:857)
	at org.ggp.base.player.gamer.statemachine.MCTS.manager.hybrid.HybridMctsManager.search(HybridMctsManager.java:774)
	at org.ggp.base.player.gamer.statemachine.MCTS.MctsGamer.stateMachineSelectMove(MctsGamer.java:256)
	at org.ggp.base.player.gamer.statemachine.StateMachineGamer.selectMove(StateMachineGamer.java:280)
	at org.ggp.base.player.request.grammar.PlayRequest.process(PlayRequest.java:49)
	at org.ggp.base.player.GamePlayer.run(GamePlayer.java:162)
Caused by: org.apache.commons.math3.exception.NotANumberException: NaN is not allowed
	at org.apache.commons.math3.distribution.EnumeratedDistribution.<init>(EnumeratedDistribution.java:134)
	at org.apache.commons.math3.distribution.EnumeratedDistribution.<init>(EnumeratedDistribution.java:101)
	at org.ggp.base.player.gamer.statemachine.MCTS.manager.hybrid.strategies.playout.moveselector.GibbsAdaptivePlayoutMoveSelector.getMoveFromDistribution(GibbsAdaptivePlayoutMoveSelector.java:86)
	... 12 more
LOG 1641910588577 [L9]: <ERR> An unhandled exception ocurred during move selection: org.ggp.base.player.gamer.exception.MoveSelectionException: java.lang.RuntimeException: org.apache.commons.math3.exception.NotANumberException: NaN is not allowed
	at org.ggp.base.player.gamer.statemachine.StateMachineGamer.selectMove(StateMachineGamer.java:285)
	at org.ggp.base.player.request.grammar.PlayRequest.process(PlayRequest.java:49)
	at org.ggp.base.player.GamePlayer.run(GamePlayer.java:162)
Caused by: java.lang.RuntimeException: org.apache.commons.math3.exception.NotANumberException: NaN is not allowed
	at org.ggp.base.player.gamer.statemachine.MCTS.manager.hybrid.strategies.playout.moveselector.GibbsAdaptivePlayoutMoveSelector.getMoveFromDistribution(GibbsAdaptivePlayoutMoveSelector.java:93)
	at org.ggp.base.player.gamer.statemachine.MCTS.manager.hybrid.strategies.playout.moveselector.GibbsAdaptivePlayoutMoveSelector.getMoveForRole(GibbsAdaptivePlayoutMoveSelector.java:63)
	at org.ggp.base.player.gamer.statemachine.MCTS.manager.hybrid.strategies.playout.StandardPlayout.getMoveForRole(StandardPlayout.java:179)
	at org.ggp.base.player.gamer.statemachine.MCTS.manager.hybrid.strategies.playout.PlayoutStrategy.getJointMove(PlayoutStrategy.java:95)
	at org.ggp.base.player.gamer.statemachine.MCTS.manager.hybrid.strategies.playout.MovesAndSiblingsMemorizingStandardPlayout.singlePlayout(MovesAndSiblingsMemorizingStandardPlayout.java:79)
	at org.ggp.base.player.gamer.statemachine.MCTS.manager.hybrid.strategies.playout.StandardPlayout.playout(StandardPlayout.java:90)
	at org.ggp.base.player.gamer.statemachine.MCTS.manager.hybrid.HybridMctsManager.searchNext(HybridMctsManager.java:1245)
	at org.ggp.base.player.gamer.statemachine.MCTS.manager.hybrid.HybridMctsManager.performSearch(HybridMctsManager.java:857)
	at org.ggp.base.player.gamer.statemachine.MCTS.manager.hybrid.HybridMctsManager.search(HybridMctsManager.java:774)
	at org.ggp.base.player.gamer.statemachine.MCTS.MctsGamer.stateMachineSelectMove(MctsGamer.java:256)
	at org.ggp.base.player.gamer.statemachine.StateMachineGamer.selectMove(StateMachineGamer.java:280)
	... 2 more
Caused by: org.apache.commons.math3.exception.NotANumberException: NaN is not allowed
	at org.apache.commons.math3.distribution.EnumeratedDistribution.<init>(EnumeratedDistribution.java:134)
	at org.apache.commons.math3.distribution.EnumeratedDistribution.<init>(EnumeratedDistribution.java:101)
	at org.ggp.base.player.gamer.statemachine.MCTS.manager.hybrid.strategies.playout.moveselector.GibbsAdaptivePlayoutMoveSelector.getMoveFromDistribution(GibbsAdaptivePlayoutMoveSelector.java:86)
	... 12 more
LOG 1641910588578 [L0]: [Sent at 1641910588578] nil
LOG 1641910598573 [L0]: [Received at 1641910598573] ( PLAY 28.connect4.1641910553481 (noop ( drop 6 ) ) )
LOG 1641910598575 [L9]: <ERR> java.lang.RuntimeException: org.apache.commons.math3.exception.NotANumberException: NaN is not allowed
	at org.ggp.base.player.gamer.statemachine.MCTS.manager.hybrid.strategies.playout.moveselector.GibbsAdaptivePlayoutMoveSelector.getMoveFromDistribution(GibbsAdaptivePlayoutMoveSelector.java:93)
	at org.ggp.base.player.gamer.statemachine.MCTS.manager.hybrid.strategies.playout.moveselector.GibbsAdaptivePlayoutMoveSelector.getMoveForRole(GibbsAdaptivePlayoutMoveSelector.java:63)
	at org.ggp.base.player.gamer.statemachine.MCTS.manager.hybrid.strategies.playout.StandardPlayout.getMoveForRole(StandardPlayout.java:179)
	at org.ggp.base.player.gamer.statemachine.MCTS.manager.hybrid.strategies.playout.PlayoutStrategy.getJointMove(PlayoutStrategy.java:95)
	at org.ggp.base.player.gamer.statemachine.MCTS.manager.hybrid.strategies.playout.MovesAndSiblingsMemorizingStandardPlayout.singlePlayout(MovesAndSiblingsMemorizingStandardPlayout.java:79)
	at org.ggp.base.player.gamer.statemachine.MCTS.manager.hybrid.strategies.playout.StandardPlayout.playout(StandardPlayout.java:90)
	at org.ggp.base.player.gamer.statemachine.MCTS.manager.hybrid.HybridMctsManager.searchNext(HybridMctsManager.java:1245)
	at org.ggp.base.player.gamer.statemachine.MCTS.manager.hybrid.HybridMctsManager.performSearch(HybridMctsManager.java:857)
	at org.ggp.base.player.gamer.statemachine.MCTS.manager.hybrid.HybridMctsManager.search(HybridMctsManager.java:774)
	at org.ggp.base.player.gamer.statemachine.MCTS.MctsGamer.stateMachineSelectMove(MctsGamer.java:256)
	at org.ggp.base.player.gamer.statemachine.StateMachineGamer.selectMove(StateMachineGamer.java:280)
	at org.ggp.base.player.request.grammar.PlayRequest.process(PlayRequest.java:49)
	at org.ggp.base.player.GamePlayer.run(GamePlayer.java:162)
Caused by: org.apache.commons.math3.exception.NotANumberException: NaN is not allowed
	at org.apache.commons.math3.distribution.EnumeratedDistribution.<init>(EnumeratedDistribution.java:134)
	at org.apache.commons.math3.distribution.EnumeratedDistribution.<init>(EnumeratedDistribution.java:101)
	at org.ggp.base.player.gamer.statemachine.MCTS.manager.hybrid.strategies.playout.moveselector.GibbsAdaptivePlayoutMoveSelector.getMoveFromDistribution(GibbsAdaptivePlayoutMoveSelector.java:86)
	... 12 more
LOG 1641910598575 [L9]: <ERR> An unhandled exception ocurred during move selection: org.ggp.base.player.gamer.exception.MoveSelectionException: java.lang.RuntimeException: org.apache.commons.math3.exception.NotANumberException: NaN is not allowed
	at org.ggp.base.player.gamer.statemachine.StateMachineGamer.selectMove(StateMachineGamer.java:285)
	at org.ggp.base.player.request.grammar.PlayRequest.process(PlayRequest.java:49)
	at org.ggp.base.player.GamePlayer.run(GamePlayer.java:162)
Caused by: java.lang.RuntimeException: org.apache.commons.math3.exception.NotANumberException: NaN is not allowed
	at org.ggp.base.player.gamer.statemachine.MCTS.manager.hybrid.strategies.playout.moveselector.GibbsAdaptivePlayoutMoveSelector.getMoveFromDistribution(GibbsAdaptivePlayoutMoveSelector.java:93)
	at org.ggp.base.player.gamer.statemachine.MCTS.manager.hybrid.strategies.playout.moveselector.GibbsAdaptivePlayoutMoveSelector.getMoveForRole(GibbsAdaptivePlayoutMoveSelector.java:63)
	at org.ggp.base.player.gamer.statemachine.MCTS.manager.hybrid.strategies.playout.StandardPlayout.getMoveForRole(StandardPlayout.java:179)
	at org.ggp.base.player.gamer.statemachine.MCTS.manager.hybrid.strategies.playout.PlayoutStrategy.getJointMove(PlayoutStrategy.java:95)
	at org.ggp.base.player.gamer.statemachine.MCTS.manager.hybrid.strategies.playout.MovesAndSiblingsMemorizingStandardPlayout.singlePlayout(MovesAndSiblingsMemorizingStandardPlayout.java:79)
	at org.ggp.base.player.gamer.statemachine.MCTS.manager.hybrid.strategies.playout.StandardPlayout.playout(StandardPlayout.java:90)
	at org.ggp.base.player.gamer.statemachine.MCTS.manager.hybrid.HybridMctsManager.searchNext(HybridMctsManager.java:1245)
	at org.ggp.base.player.gamer.statemachine.MCTS.manager.hybrid.HybridMctsManager.performSearch(HybridMctsManager.java:857)
	at org.ggp.base.player.gamer.statemachine.MCTS.manager.hybrid.HybridMctsManager.search(HybridMctsManager.java:774)
	at org.ggp.base.player.gamer.statemachine.MCTS.MctsGamer.stateMachineSelectMove(MctsGamer.java:256)
	at org.ggp.base.player.gamer.statemachine.StateMachineGamer.selectMove(StateMachineGamer.java:280)
	... 2 more
Caused by: org.apache.commons.math3.exception.NotANumberException: NaN is not allowed
	at org.apache.commons.math3.distribution.EnumeratedDistribution.<init>(EnumeratedDistribution.java:134)
	at org.apache.commons.math3.distribution.EnumeratedDistribution.<init>(EnumeratedDistribution.java:101)
	at org.ggp.base.player.gamer.statemachine.MCTS.manager.hybrid.strategies.playout.moveselector.GibbsAdaptivePlayoutMoveSelector.getMoveFromDistribution(GibbsAdaptivePlayoutMoveSelector.java:86)
	... 12 more
LOG 1641910598576 [L0]: [Sent at 1641910598576] nil
LOG 1641910608576 [L0]: [Received at 1641910608576] ( PLAY 28.connect4.1641910553481 (( drop 6 ) noop ) )
LOG 1641910608578 [L9]: <ERR> java.lang.RuntimeException: org.apache.commons.math3.exception.NotANumberException: NaN is not allowed
	at org.ggp.base.player.gamer.statemachine.MCTS.manager.hybrid.strategies.playout.moveselector.GibbsAdaptivePlayoutMoveSelector.getMoveFromDistribution(GibbsAdaptivePlayoutMoveSelector.java:93)
	at org.ggp.base.player.gamer.statemachine.MCTS.manager.hybrid.strategies.playout.moveselector.GibbsAdaptivePlayoutMoveSelector.getMoveForRole(GibbsAdaptivePlayoutMoveSelector.java:63)
	at org.ggp.base.player.gamer.statemachine.MCTS.manager.hybrid.strategies.playout.StandardPlayout.getMoveForRole(StandardPlayout.java:179)
	at org.ggp.base.player.gamer.statemachine.MCTS.manager.hybrid.strategies.playout.PlayoutStrategy.getJointMove(PlayoutStrategy.java:95)
	at org.ggp.base.player.gamer.statemachine.MCTS.manager.hybrid.strategies.playout.MovesAndSiblingsMemorizingStandardPlayout.singlePlayout(MovesAndSiblingsMemorizingStandardPlayout.java:79)
	at org.ggp.base.player.gamer.statemachine.MCTS.manager.hybrid.strategies.playout.StandardPlayout.playout(StandardPlayout.java:90)
	at org.ggp.base.player.gamer.statemachine.MCTS.manager.hybrid.HybridMctsManager.searchNext(HybridMctsManager.java:1245)
	at org.ggp.base.player.gamer.statemachine.MCTS.manager.hybrid.HybridMctsManager.performSearch(HybridMctsManager.java:857)
	at org.ggp.base.player.gamer.statemachine.MCTS.manager.hybrid.HybridMctsManager.search(HybridMctsManager.java:774)
	at org.ggp.base.player.gamer.statemachine.MCTS.MctsGamer.stateMachineSelectMove(MctsGamer.java:256)
	at org.ggp.base.player.gamer.statemachine.StateMachineGamer.selectMove(StateMachineGamer.java:280)
	at org.ggp.base.player.request.grammar.PlayRequest.process(PlayRequest.java:49)
	at org.ggp.base.player.GamePlayer.run(GamePlayer.java:162)
Caused by: org.apache.commons.math3.exception.NotANumberException: NaN is not allowed
	at org.apache.commons.math3.distribution.EnumeratedDistribution.<init>(EnumeratedDistribution.java:134)
	at org.apache.commons.math3.distribution.EnumeratedDistribution.<init>(EnumeratedDistribution.java:101)
	at org.ggp.base.player.gamer.statemachine.MCTS.manager.hybrid.strategies.playout.moveselector.GibbsAdaptivePlayoutMoveSelector.getMoveFromDistribution(GibbsAdaptivePlayoutMoveSelector.java:86)
	... 12 more
LOG 1641910608578 [L9]: <ERR> An unhandled exception ocurred during move selection: org.ggp.base.player.gamer.exception.MoveSelectionException: java.lang.RuntimeException: org.apache.commons.math3.exception.NotANumberException: NaN is not allowed
	at org.ggp.base.player.gamer.statemachine.StateMachineGamer.selectMove(StateMachineGamer.java:285)
	at org.ggp.base.player.request.grammar.PlayRequest.process(PlayRequest.java:49)
	at org.ggp.base.player.GamePlayer.run(GamePlayer.java:162)
Caused by: java.lang.RuntimeException: org.apache.commons.math3.exception.NotANumberException: NaN is not allowed
	at org.ggp.base.player.gamer.statemachine.MCTS.manager.hybrid.strategies.playout.moveselector.GibbsAdaptivePlayoutMoveSelector.getMoveFromDistribution(GibbsAdaptivePlayoutMoveSelector.java:93)
	at org.ggp.base.player.gamer.statemachine.MCTS.manager.hybrid.strategies.playout.moveselector.GibbsAdaptivePlayoutMoveSelector.getMoveForRole(GibbsAdaptivePlayoutMoveSelector.java:63)
	at org.ggp.base.player.gamer.statemachine.MCTS.manager.hybrid.strategies.playout.StandardPlayout.getMoveForRole(StandardPlayout.java:179)
	at org.ggp.base.player.gamer.statemachine.MCTS.manager.hybrid.strategies.playout.PlayoutStrategy.getJointMove(PlayoutStrategy.java:95)
	at org.ggp.base.player.gamer.statemachine.MCTS.manager.hybrid.strategies.playout.MovesAndSiblingsMemorizingStandardPlayout.singlePlayout(MovesAndSiblingsMemorizingStandardPlayout.java:79)
	at org.ggp.base.player.gamer.statemachine.MCTS.manager.hybrid.strategies.playout.StandardPlayout.playout(StandardPlayout.java:90)
	at org.ggp.base.player.gamer.statemachine.MCTS.manager.hybrid.HybridMctsManager.searchNext(HybridMctsManager.java:1245)
	at org.ggp.base.player.gamer.statemachine.MCTS.manager.hybrid.HybridMctsManager.performSearch(HybridMctsManager.java:857)
	at org.ggp.base.player.gamer.statemachine.MCTS.manager.hybrid.HybridMctsManager.search(HybridMctsManager.java:774)
	at org.ggp.base.player.gamer.statemachine.MCTS.MctsGamer.stateMachineSelectMove(MctsGamer.java:256)
	at org.ggp.base.player.gamer.statemachine.StateMachineGamer.selectMove(StateMachineGamer.java:280)
	... 2 more
Caused by: org.apache.commons.math3.exception.NotANumberException: NaN is not allowed
	at org.apache.commons.math3.distribution.EnumeratedDistribution.<init>(EnumeratedDistribution.java:134)
	at org.apache.commons.math3.distribution.EnumeratedDistribution.<init>(EnumeratedDistribution.java:101)
	at org.ggp.base.player.gamer.statemachine.MCTS.manager.hybrid.strategies.playout.moveselector.GibbsAdaptivePlayoutMoveSelector.getMoveFromDistribution(GibbsAdaptivePlayoutMoveSelector.java:86)
	... 12 more
LOG 1641910608579 [L0]: [Sent at 1641910608579] nil
LOG 1641910618579 [L0]: [Received at 1641910618579] ( PLAY 28.connect4.1641910553481 (noop ( drop 5 ) ) )
LOG 1641910618581 [L9]: <ERR> java.lang.RuntimeException: org.apache.commons.math3.exception.NotANumberException: NaN is not allowed
	at org.ggp.base.player.gamer.statemachine.MCTS.manager.hybrid.strategies.playout.moveselector.GibbsAdaptivePlayoutMoveSelector.getMoveFromDistribution(GibbsAdaptivePlayoutMoveSelector.java:93)
	at org.ggp.base.player.gamer.statemachine.MCTS.manager.hybrid.strategies.playout.moveselector.GibbsAdaptivePlayoutMoveSelector.getMoveForRole(GibbsAdaptivePlayoutMoveSelector.java:63)
	at org.ggp.base.player.gamer.statemachine.MCTS.manager.hybrid.strategies.playout.StandardPlayout.getMoveForRole(StandardPlayout.java:179)
	at org.ggp.base.player.gamer.statemachine.MCTS.manager.hybrid.strategies.playout.PlayoutStrategy.getJointMove(PlayoutStrategy.java:95)
	at org.ggp.base.player.gamer.statemachine.MCTS.manager.hybrid.strategies.playout.MovesAndSiblingsMemorizingStandardPlayout.singlePlayout(MovesAndSiblingsMemorizingStandardPlayout.java:79)
	at org.ggp.base.player.gamer.statemachine.MCTS.manager.hybrid.strategies.playout.StandardPlayout.playout(StandardPlayout.java:90)
	at org.ggp.base.player.gamer.statemachine.MCTS.manager.hybrid.HybridMctsManager.searchNext(HybridMctsManager.java:1245)
	at org.ggp.base.player.gamer.statemachine.MCTS.manager.hybrid.HybridMctsManager.performSearch(HybridMctsManager.java:857)
	at org.ggp.base.player.gamer.statemachine.MCTS.manager.hybrid.HybridMctsManager.search(HybridMctsManager.java:774)
	at org.ggp.base.player.gamer.statemachine.MCTS.MctsGamer.stateMachineSelectMove(MctsGamer.java:256)
	at org.ggp.base.player.gamer.statemachine.StateMachineGamer.selectMove(StateMachineGamer.java:280)
	at org.ggp.base.player.request.grammar.PlayRequest.process(PlayRequest.java:49)
	at org.ggp.base.player.GamePlayer.run(GamePlayer.java:162)
Caused by: org.apache.commons.math3.exception.NotANumberException: NaN is not allowed
	at org.apache.commons.math3.distribution.EnumeratedDistribution.<init>(EnumeratedDistribution.java:134)
	at org.apache.commons.math3.distribution.EnumeratedDistribution.<init>(EnumeratedDistribution.java:101)
	at org.ggp.base.player.gamer.statemachine.MCTS.manager.hybrid.strategies.playout.moveselector.GibbsAdaptivePlayoutMoveSelector.getMoveFromDistribution(GibbsAdaptivePlayoutMoveSelector.java:86)
	... 12 more
LOG 1641910618581 [L9]: <ERR> An unhandled exception ocurred during move selection: org.ggp.base.player.gamer.exception.MoveSelectionException: java.lang.RuntimeException: org.apache.commons.math3.exception.NotANumberException: NaN is not allowed
	at org.ggp.base.player.gamer.statemachine.StateMachineGamer.selectMove(StateMachineGamer.java:285)
	at org.ggp.base.player.request.grammar.PlayRequest.process(PlayRequest.java:49)
	at org.ggp.base.player.GamePlayer.run(GamePlayer.java:162)
Caused by: java.lang.RuntimeException: org.apache.commons.math3.exception.NotANumberException: NaN is not allowed
	at org.ggp.base.player.gamer.statemachine.MCTS.manager.hybrid.strategies.playout.moveselector.GibbsAdaptivePlayoutMoveSelector.getMoveFromDistribution(GibbsAdaptivePlayoutMoveSelector.java:93)
	at org.ggp.base.player.gamer.statemachine.MCTS.manager.hybrid.strategies.playout.moveselector.GibbsAdaptivePlayoutMoveSelector.getMoveForRole(GibbsAdaptivePlayoutMoveSelector.java:63)
	at org.ggp.base.player.gamer.statemachine.MCTS.manager.hybrid.strategies.playout.StandardPlayout.getMoveForRole(StandardPlayout.java:179)
	at org.ggp.base.player.gamer.statemachine.MCTS.manager.hybrid.strategies.playout.PlayoutStrategy.getJointMove(PlayoutStrategy.java:95)
	at org.ggp.base.player.gamer.statemachine.MCTS.manager.hybrid.strategies.playout.MovesAndSiblingsMemorizingStandardPlayout.singlePlayout(MovesAndSiblingsMemorizingStandardPlayout.java:79)
	at org.ggp.base.player.gamer.statemachine.MCTS.manager.hybrid.strategies.playout.StandardPlayout.playout(StandardPlayout.java:90)
	at org.ggp.base.player.gamer.statemachine.MCTS.manager.hybrid.HybridMctsManager.searchNext(HybridMctsManager.java:1245)
	at org.ggp.base.player.gamer.statemachine.MCTS.manager.hybrid.HybridMctsManager.performSearch(HybridMctsManager.java:857)
	at org.ggp.base.player.gamer.statemachine.MCTS.manager.hybrid.HybridMctsManager.search(HybridMctsManager.java:774)
	at org.ggp.base.player.gamer.statemachine.MCTS.MctsGamer.stateMachineSelectMove(MctsGamer.java:256)
	at org.ggp.base.player.gamer.statemachine.StateMachineGamer.selectMove(StateMachineGamer.java:280)
	... 2 more
Caused by: org.apache.commons.math3.exception.NotANumberException: NaN is not allowed
	at org.apache.commons.math3.distribution.EnumeratedDistribution.<init>(EnumeratedDistribution.java:134)
	at org.apache.commons.math3.distribution.EnumeratedDistribution.<init>(EnumeratedDistribution.java:101)
	at org.ggp.base.player.gamer.statemachine.MCTS.manager.hybrid.strategies.playout.moveselector.GibbsAdaptivePlayoutMoveSelector.getMoveFromDistribution(GibbsAdaptivePlayoutMoveSelector.java:86)
	... 12 more
LOG 1641910618582 [L0]: [Sent at 1641910618582] nil
LOG 1641910628582 [L0]: [Received at 1641910628582] ( PLAY 28.connect4.1641910553481 (( drop 6 ) noop ) )
LOG 1641910628583 [L9]: <ERR> java.lang.RuntimeException: org.apache.commons.math3.exception.NotANumberException: NaN is not allowed
	at org.ggp.base.player.gamer.statemachine.MCTS.manager.hybrid.strategies.playout.moveselector.GibbsAdaptivePlayoutMoveSelector.getMoveFromDistribution(GibbsAdaptivePlayoutMoveSelector.java:93)
	at org.ggp.base.player.gamer.statemachine.MCTS.manager.hybrid.strategies.playout.moveselector.GibbsAdaptivePlayoutMoveSelector.getMoveForRole(GibbsAdaptivePlayoutMoveSelector.java:63)
	at org.ggp.base.player.gamer.statemachine.MCTS.manager.hybrid.strategies.playout.StandardPlayout.getMoveForRole(StandardPlayout.java:179)
	at org.ggp.base.player.gamer.statemachine.MCTS.manager.hybrid.strategies.playout.PlayoutStrategy.getJointMove(PlayoutStrategy.java:95)
	at org.ggp.base.player.gamer.statemachine.MCTS.manager.hybrid.strategies.playout.MovesAndSiblingsMemorizingStandardPlayout.singlePlayout(MovesAndSiblingsMemorizingStandardPlayout.java:79)
	at org.ggp.base.player.gamer.statemachine.MCTS.manager.hybrid.strategies.playout.StandardPlayout.playout(StandardPlayout.java:90)
	at org.ggp.base.player.gamer.statemachine.MCTS.manager.hybrid.HybridMctsManager.searchNext(HybridMctsManager.java:1245)
	at org.ggp.base.player.gamer.statemachine.MCTS.manager.hybrid.HybridMctsManager.performSearch(HybridMctsManager.java:857)
	at org.ggp.base.player.gamer.statemachine.MCTS.manager.hybrid.HybridMctsManager.search(HybridMctsManager.java:774)
	at org.ggp.base.player.gamer.statemachine.MCTS.MctsGamer.stateMachineSelectMove(MctsGamer.java:256)
	at org.ggp.base.player.gamer.statemachine.StateMachineGamer.selectMove(StateMachineGamer.java:280)
	at org.ggp.base.player.request.grammar.PlayRequest.process(PlayRequest.java:49)
	at org.ggp.base.player.GamePlayer.run(GamePlayer.java:162)
Caused by: org.apache.commons.math3.exception.NotANumberException: NaN is not allowed
	at org.apache.commons.math3.distribution.EnumeratedDistribution.<init>(EnumeratedDistribution.java:134)
	at org.apache.commons.math3.distribution.EnumeratedDistribution.<init>(EnumeratedDistribution.java:101)
	at org.ggp.base.player.gamer.statemachine.MCTS.manager.hybrid.strategies.playout.moveselector.GibbsAdaptivePlayoutMoveSelector.getMoveFromDistribution(GibbsAdaptivePlayoutMoveSelector.java:86)
	... 12 more
LOG 1641910628584 [L9]: <ERR> An unhandled exception ocurred during move selection: org.ggp.base.player.gamer.exception.MoveSelectionException: java.lang.RuntimeException: org.apache.commons.math3.exception.NotANumberException: NaN is not allowed
	at org.ggp.base.player.gamer.statemachine.StateMachineGamer.selectMove(StateMachineGamer.java:285)
	at org.ggp.base.player.request.grammar.PlayRequest.process(PlayRequest.java:49)
	at org.ggp.base.player.GamePlayer.run(GamePlayer.java:162)
Caused by: java.lang.RuntimeException: org.apache.commons.math3.exception.NotANumberException: NaN is not allowed
	at org.ggp.base.player.gamer.statemachine.MCTS.manager.hybrid.strategies.playout.moveselector.GibbsAdaptivePlayoutMoveSelector.getMoveFromDistribution(GibbsAdaptivePlayoutMoveSelector.java:93)
	at org.ggp.base.player.gamer.statemachine.MCTS.manager.hybrid.strategies.playout.moveselector.GibbsAdaptivePlayoutMoveSelector.getMoveForRole(GibbsAdaptivePlayoutMoveSelector.java:63)
	at org.ggp.base.player.gamer.statemachine.MCTS.manager.hybrid.strategies.playout.StandardPlayout.getMoveForRole(StandardPlayout.java:179)
	at org.ggp.base.player.gamer.statemachine.MCTS.manager.hybrid.strategies.playout.PlayoutStrategy.getJointMove(PlayoutStrategy.java:95)
	at org.ggp.base.player.gamer.statemachine.MCTS.manager.hybrid.strategies.playout.MovesAndSiblingsMemorizingStandardPlayout.singlePlayout(MovesAndSiblingsMemorizingStandardPlayout.java:79)
	at org.ggp.base.player.gamer.statemachine.MCTS.manager.hybrid.strategies.playout.StandardPlayout.playout(StandardPlayout.java:90)
	at org.ggp.base.player.gamer.statemachine.MCTS.manager.hybrid.HybridMctsManager.searchNext(HybridMctsManager.java:1245)
	at org.ggp.base.player.gamer.statemachine.MCTS.manager.hybrid.HybridMctsManager.performSearch(HybridMctsManager.java:857)
	at org.ggp.base.player.gamer.statemachine.MCTS.manager.hybrid.HybridMctsManager.search(HybridMctsManager.java:774)
	at org.ggp.base.player.gamer.statemachine.MCTS.MctsGamer.stateMachineSelectMove(MctsGamer.java:256)
	at org.ggp.base.player.gamer.statemachine.StateMachineGamer.selectMove(StateMachineGamer.java:280)
	... 2 more
Caused by: org.apache.commons.math3.exception.NotANumberException: NaN is not allowed
	at org.apache.commons.math3.distribution.EnumeratedDistribution.<init>(EnumeratedDistribution.java:134)
	at org.apache.commons.math3.distribution.EnumeratedDistribution.<init>(EnumeratedDistribution.java:101)
	at org.ggp.base.player.gamer.statemachine.MCTS.manager.hybrid.strategies.playout.moveselector.GibbsAdaptivePlayoutMoveSelector.getMoveFromDistribution(GibbsAdaptivePlayoutMoveSelector.java:86)
	... 12 more
LOG 1641910628585 [L0]: [Sent at 1641910628585] nil
LOG 1641910638585 [L0]: [Received at 1641910638585] ( PLAY 28.connect4.1641910553481 (noop ( drop 2 ) ) )
LOG 1641910638587 [L9]: <ERR> java.lang.RuntimeException: org.apache.commons.math3.exception.NotANumberException: NaN is not allowed
	at org.ggp.base.player.gamer.statemachine.MCTS.manager.hybrid.strategies.playout.moveselector.GibbsAdaptivePlayoutMoveSelector.getMoveFromDistribution(GibbsAdaptivePlayoutMoveSelector.java:93)
	at org.ggp.base.player.gamer.statemachine.MCTS.manager.hybrid.strategies.playout.moveselector.GibbsAdaptivePlayoutMoveSelector.getMoveForRole(GibbsAdaptivePlayoutMoveSelector.java:63)
	at org.ggp.base.player.gamer.statemachine.MCTS.manager.hybrid.strategies.playout.StandardPlayout.getMoveForRole(StandardPlayout.java:179)
	at org.ggp.base.player.gamer.statemachine.MCTS.manager.hybrid.strategies.playout.PlayoutStrategy.getJointMove(PlayoutStrategy.java:95)
	at org.ggp.base.player.gamer.statemachine.MCTS.manager.hybrid.strategies.playout.MovesAndSiblingsMemorizingStandardPlayout.singlePlayout(MovesAndSiblingsMemorizingStandardPlayout.java:79)
	at org.ggp.base.player.gamer.statemachine.MCTS.manager.hybrid.strategies.playout.StandardPlayout.playout(StandardPlayout.java:90)
	at org.ggp.base.player.gamer.statemachine.MCTS.manager.hybrid.HybridMctsManager.searchNext(HybridMctsManager.java:1245)
	at org.ggp.base.player.gamer.statemachine.MCTS.manager.hybrid.HybridMctsManager.performSearch(HybridMctsManager.java:857)
	at org.ggp.base.player.gamer.statemachine.MCTS.manager.hybrid.HybridMctsManager.search(HybridMctsManager.java:774)
	at org.ggp.base.player.gamer.statemachine.MCTS.MctsGamer.stateMachineSelectMove(MctsGamer.java:256)
	at org.ggp.base.player.gamer.statemachine.StateMachineGamer.selectMove(StateMachineGamer.java:280)
	at org.ggp.base.player.request.grammar.PlayRequest.process(PlayRequest.java:49)
	at org.ggp.base.player.GamePlayer.run(GamePlayer.java:162)
Caused by: org.apache.commons.math3.exception.NotANumberException: NaN is not allowed
	at org.apache.commons.math3.distribution.EnumeratedDistribution.<init>(EnumeratedDistribution.java:134)
	at org.apache.commons.math3.distribution.EnumeratedDistribution.<init>(EnumeratedDistribution.java:101)
	at org.ggp.base.player.gamer.statemachine.MCTS.manager.hybrid.strategies.playout.moveselector.GibbsAdaptivePlayoutMoveSelector.getMoveFromDistribution(GibbsAdaptivePlayoutMoveSelector.java:86)
	... 12 more
LOG 1641910638587 [L9]: <ERR> An unhandled exception ocurred during move selection: org.ggp.base.player.gamer.exception.MoveSelectionException: java.lang.RuntimeException: org.apache.commons.math3.exception.NotANumberException: NaN is not allowed
	at org.ggp.base.player.gamer.statemachine.StateMachineGamer.selectMove(StateMachineGamer.java:285)
	at org.ggp.base.player.request.grammar.PlayRequest.process(PlayRequest.java:49)
	at org.ggp.base.player.GamePlayer.run(GamePlayer.java:162)
Caused by: java.lang.RuntimeException: org.apache.commons.math3.exception.NotANumberException: NaN is not allowed
	at org.ggp.base.player.gamer.statemachine.MCTS.manager.hybrid.strategies.playout.moveselector.GibbsAdaptivePlayoutMoveSelector.getMoveFromDistribution(GibbsAdaptivePlayoutMoveSelector.java:93)
	at org.ggp.base.player.gamer.statemachine.MCTS.manager.hybrid.strategies.playout.moveselector.GibbsAdaptivePlayoutMoveSelector.getMoveForRole(GibbsAdaptivePlayoutMoveSelector.java:63)
	at org.ggp.base.player.gamer.statemachine.MCTS.manager.hybrid.strategies.playout.StandardPlayout.getMoveForRole(StandardPlayout.java:179)
	at org.ggp.base.player.gamer.statemachine.MCTS.manager.hybrid.strategies.playout.PlayoutStrategy.getJointMove(PlayoutStrategy.java:95)
	at org.ggp.base.player.gamer.statemachine.MCTS.manager.hybrid.strategies.playout.MovesAndSiblingsMemorizingStandardPlayout.singlePlayout(MovesAndSiblingsMemorizingStandardPlayout.java:79)
	at org.ggp.base.player.gamer.statemachine.MCTS.manager.hybrid.strategies.playout.StandardPlayout.playout(StandardPlayout.java:90)
	at org.ggp.base.player.gamer.statemachine.MCTS.manager.hybrid.HybridMctsManager.searchNext(HybridMctsManager.java:1245)
	at org.ggp.base.player.gamer.statemachine.MCTS.manager.hybrid.HybridMctsManager.performSearch(HybridMctsManager.java:857)
	at org.ggp.base.player.gamer.statemachine.MCTS.manager.hybrid.HybridMctsManager.search(HybridMctsManager.java:774)
	at org.ggp.base.player.gamer.statemachine.MCTS.MctsGamer.stateMachineSelectMove(MctsGamer.java:256)
	at org.ggp.base.player.gamer.statemachine.StateMachineGamer.selectMove(StateMachineGamer.java:280)
	... 2 more
Caused by: org.apache.commons.math3.exception.NotANumberException: NaN is not allowed
	at org.apache.commons.math3.distribution.EnumeratedDistribution.<init>(EnumeratedDistribution.java:134)
	at org.apache.commons.math3.distribution.EnumeratedDistribution.<init>(EnumeratedDistribution.java:101)
	at org.ggp.base.player.gamer.statemachine.MCTS.manager.hybrid.strategies.playout.moveselector.GibbsAdaptivePlayoutMoveSelector.getMoveFromDistribution(GibbsAdaptivePlayoutMoveSelector.java:86)
	... 12 more
LOG 1641910638588 [L0]: [Sent at 1641910638588] nil
LOG 1641910648588 [L0]: [Received at 1641910648588] ( PLAY 28.connect4.1641910553481 (( drop 6 ) noop ) )
LOG 1641910648590 [L9]: <ERR> java.lang.RuntimeException: org.apache.commons.math3.exception.NotANumberException: NaN is not allowed
	at org.ggp.base.player.gamer.statemachine.MCTS.manager.hybrid.strategies.playout.moveselector.GibbsAdaptivePlayoutMoveSelector.getMoveFromDistribution(GibbsAdaptivePlayoutMoveSelector.java:93)
	at org.ggp.base.player.gamer.statemachine.MCTS.manager.hybrid.strategies.playout.moveselector.GibbsAdaptivePlayoutMoveSelector.getMoveForRole(GibbsAdaptivePlayoutMoveSelector.java:63)
	at org.ggp.base.player.gamer.statemachine.MCTS.manager.hybrid.strategies.playout.StandardPlayout.getMoveForRole(StandardPlayout.java:179)
	at org.ggp.base.player.gamer.statemachine.MCTS.manager.hybrid.strategies.playout.PlayoutStrategy.getJointMove(PlayoutStrategy.java:95)
	at org.ggp.base.player.gamer.statemachine.MCTS.manager.hybrid.strategies.playout.MovesAndSiblingsMemorizingStandardPlayout.singlePlayout(MovesAndSiblingsMemorizingStandardPlayout.java:79)
	at org.ggp.base.player.gamer.statemachine.MCTS.manager.hybrid.strategies.playout.StandardPlayout.playout(StandardPlayout.java:90)
	at org.ggp.base.player.gamer.statemachine.MCTS.manager.hybrid.HybridMctsManager.searchNext(HybridMctsManager.java:1245)
	at org.ggp.base.player.gamer.statemachine.MCTS.manager.hybrid.HybridMctsManager.performSearch(HybridMctsManager.java:857)
	at org.ggp.base.player.gamer.statemachine.MCTS.manager.hybrid.HybridMctsManager.search(HybridMctsManager.java:774)
	at org.ggp.base.player.gamer.statemachine.MCTS.MctsGamer.stateMachineSelectMove(MctsGamer.java:256)
	at org.ggp.base.player.gamer.statemachine.StateMachineGamer.selectMove(StateMachineGamer.java:280)
	at org.ggp.base.player.request.grammar.PlayRequest.process(PlayRequest.java:49)
	at org.ggp.base.player.GamePlayer.run(GamePlayer.java:162)
Caused by: org.apache.commons.math3.exception.NotANumberException: NaN is not allowed
	at org.apache.commons.math3.distribution.EnumeratedDistribution.<init>(EnumeratedDistribution.java:134)
	at org.apache.commons.math3.distribution.EnumeratedDistribution.<init>(EnumeratedDistribution.java:101)
	at org.ggp.base.player.gamer.statemachine.MCTS.manager.hybrid.strategies.playout.moveselector.GibbsAdaptivePlayoutMoveSelector.getMoveFromDistribution(GibbsAdaptivePlayoutMoveSelector.java:86)
	... 12 more
LOG 1641910648590 [L9]: <ERR> An unhandled exception ocurred during move selection: org.ggp.base.player.gamer.exception.MoveSelectionException: java.lang.RuntimeException: org.apache.commons.math3.exception.NotANumberException: NaN is not allowed
	at org.ggp.base.player.gamer.statemachine.StateMachineGamer.selectMove(StateMachineGamer.java:285)
	at org.ggp.base.player.request.grammar.PlayRequest.process(PlayRequest.java:49)
	at org.ggp.base.player.GamePlayer.run(GamePlayer.java:162)
Caused by: java.lang.RuntimeException: org.apache.commons.math3.exception.NotANumberException: NaN is not allowed
	at org.ggp.base.player.gamer.statemachine.MCTS.manager.hybrid.strategies.playout.moveselector.GibbsAdaptivePlayoutMoveSelector.getMoveFromDistribution(GibbsAdaptivePlayoutMoveSelector.java:93)
	at org.ggp.base.player.gamer.statemachine.MCTS.manager.hybrid.strategies.playout.moveselector.GibbsAdaptivePlayoutMoveSelector.getMoveForRole(GibbsAdaptivePlayoutMoveSelector.java:63)
	at org.ggp.base.player.gamer.statemachine.MCTS.manager.hybrid.strategies.playout.StandardPlayout.getMoveForRole(StandardPlayout.java:179)
	at org.ggp.base.player.gamer.statemachine.MCTS.manager.hybrid.strategies.playout.PlayoutStrategy.getJointMove(PlayoutStrategy.java:95)
	at org.ggp.base.player.gamer.statemachine.MCTS.manager.hybrid.strategies.playout.MovesAndSiblingsMemorizingStandardPlayout.singlePlayout(MovesAndSiblingsMemorizingStandardPlayout.java:79)
	at org.ggp.base.player.gamer.statemachine.MCTS.manager.hybrid.strategies.playout.StandardPlayout.playout(StandardPlayout.java:90)
	at org.ggp.base.player.gamer.statemachine.MCTS.manager.hybrid.HybridMctsManager.searchNext(HybridMctsManager.java:1245)
	at org.ggp.base.player.gamer.statemachine.MCTS.manager.hybrid.HybridMctsManager.performSearch(HybridMctsManager.java:857)
	at org.ggp.base.player.gamer.statemachine.MCTS.manager.hybrid.HybridMctsManager.search(HybridMctsManager.java:774)
	at org.ggp.base.player.gamer.statemachine.MCTS.MctsGamer.stateMachineSelectMove(MctsGamer.java:256)
	at org.ggp.base.player.gamer.statemachine.StateMachineGamer.selectMove(StateMachineGamer.java:280)
	... 2 more
Caused by: org.apache.commons.math3.exception.NotANumberException: NaN is not allowed
	at org.apache.commons.math3.distribution.EnumeratedDistribution.<init>(EnumeratedDistribution.java:134)
	at org.apache.commons.math3.distribution.EnumeratedDistribution.<init>(EnumeratedDistribution.java:101)
	at org.ggp.base.player.gamer.statemachine.MCTS.manager.hybrid.strategies.playout.moveselector.GibbsAdaptivePlayoutMoveSelector.getMoveFromDistribution(GibbsAdaptivePlayoutMoveSelector.java:86)
	... 12 more
LOG 1641910648591 [L0]: [Sent at 1641910648591] nil
LOG 1641910658591 [L0]: [Received at 1641910658591] ( PLAY 28.connect4.1641910553481 (noop ( drop 5 ) ) )
LOG 1641910658593 [L9]: <ERR> java.lang.RuntimeException: org.apache.commons.math3.exception.NotANumberException: NaN is not allowed
	at org.ggp.base.player.gamer.statemachine.MCTS.manager.hybrid.strategies.playout.moveselector.GibbsAdaptivePlayoutMoveSelector.getMoveFromDistribution(GibbsAdaptivePlayoutMoveSelector.java:93)
	at org.ggp.base.player.gamer.statemachine.MCTS.manager.hybrid.strategies.playout.moveselector.GibbsAdaptivePlayoutMoveSelector.getMoveForRole(GibbsAdaptivePlayoutMoveSelector.java:63)
	at org.ggp.base.player.gamer.statemachine.MCTS.manager.hybrid.strategies.playout.StandardPlayout.getMoveForRole(StandardPlayout.java:179)
	at org.ggp.base.player.gamer.statemachine.MCTS.manager.hybrid.strategies.playout.PlayoutStrategy.getJointMove(PlayoutStrategy.java:95)
	at org.ggp.base.player.gamer.statemachine.MCTS.manager.hybrid.strategies.playout.MovesAndSiblingsMemorizingStandardPlayout.singlePlayout(MovesAndSiblingsMemorizingStandardPlayout.java:79)
	at org.ggp.base.player.gamer.statemachine.MCTS.manager.hybrid.strategies.playout.StandardPlayout.playout(StandardPlayout.java:90)
	at org.ggp.base.player.gamer.statemachine.MCTS.manager.hybrid.HybridMctsManager.searchNext(HybridMctsManager.java:1245)
	at org.ggp.base.player.gamer.statemachine.MCTS.manager.hybrid.HybridMctsManager.performSearch(HybridMctsManager.java:857)
	at org.ggp.base.player.gamer.statemachine.MCTS.manager.hybrid.HybridMctsManager.search(HybridMctsManager.java:774)
	at org.ggp.base.player.gamer.statemachine.MCTS.MctsGamer.stateMachineSelectMove(MctsGamer.java:256)
	at org.ggp.base.player.gamer.statemachine.StateMachineGamer.selectMove(StateMachineGamer.java:280)
	at org.ggp.base.player.request.grammar.PlayRequest.process(PlayRequest.java:49)
	at org.ggp.base.player.GamePlayer.run(GamePlayer.java:162)
Caused by: org.apache.commons.math3.exception.NotANumberException: NaN is not allowed
	at org.apache.commons.math3.distribution.EnumeratedDistribution.<init>(EnumeratedDistribution.java:134)
	at org.apache.commons.math3.distribution.EnumeratedDistribution.<init>(EnumeratedDistribution.java:101)
	at org.ggp.base.player.gamer.statemachine.MCTS.manager.hybrid.strategies.playout.moveselector.GibbsAdaptivePlayoutMoveSelector.getMoveFromDistribution(GibbsAdaptivePlayoutMoveSelector.java:86)
	... 12 more
LOG 1641910658593 [L9]: <ERR> An unhandled exception ocurred during move selection: org.ggp.base.player.gamer.exception.MoveSelectionException: java.lang.RuntimeException: org.apache.commons.math3.exception.NotANumberException: NaN is not allowed
	at org.ggp.base.player.gamer.statemachine.StateMachineGamer.selectMove(StateMachineGamer.java:285)
	at org.ggp.base.player.request.grammar.PlayRequest.process(PlayRequest.java:49)
	at org.ggp.base.player.GamePlayer.run(GamePlayer.java:162)
Caused by: java.lang.RuntimeException: org.apache.commons.math3.exception.NotANumberException: NaN is not allowed
	at org.ggp.base.player.gamer.statemachine.MCTS.manager.hybrid.strategies.playout.moveselector.GibbsAdaptivePlayoutMoveSelector.getMoveFromDistribution(GibbsAdaptivePlayoutMoveSelector.java:93)
	at org.ggp.base.player.gamer.statemachine.MCTS.manager.hybrid.strategies.playout.moveselector.GibbsAdaptivePlayoutMoveSelector.getMoveForRole(GibbsAdaptivePlayoutMoveSelector.java:63)
	at org.ggp.base.player.gamer.statemachine.MCTS.manager.hybrid.strategies.playout.StandardPlayout.getMoveForRole(StandardPlayout.java:179)
	at org.ggp.base.player.gamer.statemachine.MCTS.manager.hybrid.strategies.playout.PlayoutStrategy.getJointMove(PlayoutStrategy.java:95)
	at org.ggp.base.player.gamer.statemachine.MCTS.manager.hybrid.strategies.playout.MovesAndSiblingsMemorizingStandardPlayout.singlePlayout(MovesAndSiblingsMemorizingStandardPlayout.java:79)
	at org.ggp.base.player.gamer.statemachine.MCTS.manager.hybrid.strategies.playout.StandardPlayout.playout(StandardPlayout.java:90)
	at org.ggp.base.player.gamer.statemachine.MCTS.manager.hybrid.HybridMctsManager.searchNext(HybridMctsManager.java:1245)
	at org.ggp.base.player.gamer.statemachine.MCTS.manager.hybrid.HybridMctsManager.performSearch(HybridMctsManager.java:857)
	at org.ggp.base.player.gamer.statemachine.MCTS.manager.hybrid.HybridMctsManager.search(HybridMctsManager.java:774)
	at org.ggp.base.player.gamer.statemachine.MCTS.MctsGamer.stateMachineSelectMove(MctsGamer.java:256)
	at org.ggp.base.player.gamer.statemachine.StateMachineGamer.selectMove(StateMachineGamer.java:280)
	... 2 more
Caused by: org.apache.commons.math3.exception.NotANumberException: NaN is not allowed
	at org.apache.commons.math3.distribution.EnumeratedDistribution.<init>(EnumeratedDistribution.java:134)
	at org.apache.commons.math3.distribution.EnumeratedDistribution.<init>(EnumeratedDistribution.java:101)
	at org.ggp.base.player.gamer.statemachine.MCTS.manager.hybrid.strategies.playout.moveselector.GibbsAdaptivePlayoutMoveSelector.getMoveFromDistribution(GibbsAdaptivePlayoutMoveSelector.java:86)
	... 12 more
LOG 1641910658594 [L0]: [Sent at 1641910658594] nil
LOG 1641910668595 [L0]: [Received at 1641910668595] ( STOP 28.connect4.1641910553481 (( drop 6 ) noop ) )
LOG 1641910668595 [L3]: Stopped logging to files at: Tue Jan 11 15:17:48 CET 2022
LOG 1641910668596 [L3]: LOG SEALED
