LOG 1641834938305 [L3]: Returning initial state machine.
LOG 1641834938305 [L3]: Returning PropNet state machine without cache.
LOG 1641834938306 [L3]: Starting metagame with available thinking time 4990ms.
LOG 1641834938308 [L3]: Starting search during metagame.
LOG 1641834943296 [L3]: Done searching during metagame.
LOG 1641834943299 [L3]: Starting move selection for game step 1 with available time 0ms.
LOG 1641834943299 [L3]: No time to select next move using MCTS. Returning random move ( move 1 2 2 3 ).
LOG 1641834943303 [L3]: Starting move selection for game step 2 with available time 0ms.
LOG 1641834943307 [L3]: No time to select next move using MCTS. Returning random move noop.
LOG 1641834943311 [L3]: Starting move selection for game step 3 with available time 0ms.
LOG 1641834943322 [L3]: No time to select next move using MCTS. Returning random move ( move 2 2 3 3 ).
LOG 1641834943327 [L3]: Starting move selection for game step 4 with available time 0ms.
LOG 1641834943333 [L3]: No time to select next move using MCTS. Returning random move noop.
LOG 1641834943337 [L3]: Starting move selection for game step 5 with available time 0ms.
LOG 1641834943337 [L3]: No time to select next move using MCTS. Returning random move ( move 4 2 5 3 ).
LOG 1641834943342 [L3]: Starting move selection for game step 6 with available time 0ms.
LOG 1641834943342 [L3]: No time to select next move using MCTS. Returning random move noop.
LOG 1641834943346 [L3]: Starting move selection for game step 7 with available time 0ms.
LOG 1641834943346 [L3]: No time to select next move using MCTS. Returning random move ( move 5 3 4 4 ).
LOG 1641834943350 [L3]: Starting move selection for game step 8 with available time 0ms.
LOG 1641834943350 [L3]: No time to select next move using MCTS. Returning random move noop.
LOG 1641834943354 [L3]: Starting move selection for game step 9 with available time 0ms.
LOG 1641834943354 [L3]: No time to select next move using MCTS. Returning random move ( move 5 2 4 3 ).
LOG 1641834943360 [L3]: Starting move selection for game step 10 with available time 0ms.
LOG 1641834943360 [L3]: No time to select next move using MCTS. Returning random move noop.
LOG 1641834943365 [L3]: Starting move selection for game step 11 with available time 0ms.
LOG 1641834943365 [L3]: No time to select next move using MCTS. Returning random move ( move 6 2 7 3 ).
LOG 1641834943369 [L3]: Starting move selection for game step 12 with available time 0ms.
LOG 1641834943370 [L3]: No time to select next move using MCTS. Returning random move noop.
LOG 1641834943373 [L3]: Starting move selection for game step 13 with available time 0ms.
LOG 1641834943374 [L3]: No time to select next move using MCTS. Returning random move ( move 2 1 1 2 ).
LOG 1641834943378 [L3]: Starting move selection for game step 14 with available time 0ms.
LOG 1641834943378 [L3]: No time to select next move using MCTS. Returning random move noop.
LOG 1641834943382 [L3]: Starting move selection for game step 15 with available time 0ms.
LOG 1641834943383 [L3]: No time to select next move using MCTS. Returning random move ( move 2 3 3 4 ).
LOG 1641834943386 [L3]: Starting move selection for game step 16 with available time 0ms.
LOG 1641834943387 [L3]: No time to select next move using MCTS. Returning random move noop.
LOG 1641834943390 [L3]: Starting move selection for game step 17 with available time 0ms.
LOG 1641834943391 [L3]: No time to select next move using MCTS. Returning random move ( move 4 4 3 5 ).
LOG 1641834943395 [L3]: Starting move selection for game step 18 with available time -1ms.
LOG 1641834943395 [L3]: No time to select next move using MCTS. Returning random move noop.
LOG 1641834943400 [L3]: Starting move selection for game step 19 with available time 0ms.
LOG 1641834943400 [L3]: No time to select next move using MCTS. Returning random move ( move 4 3 5 4 ).
LOG 1641834943421 [L3]: Starting move selection for game step 20 with available time 0ms.
LOG 1641834943422 [L3]: No time to select next move using MCTS. Returning random move noop.
LOG 1641834943425 [L3]: Starting move selection for game step 21 with available time 0ms.
LOG 1641834943426 [L3]: No time to select next move using MCTS. Returning random move ( move 8 2 8 3 ).
LOG 1641834943430 [L3]: Starting move selection for game step 22 with available time 0ms.
LOG 1641834943430 [L3]: No time to select next move using MCTS. Returning random move noop.
LOG 1641834943433 [L3]: Starting move selection for game step 23 with available time 0ms.
LOG 1641834943434 [L3]: No time to select next move using MCTS. Returning random move ( move 7 2 6 3 ).
LOG 1641834943437 [L3]: Starting move selection for game step 24 with available time 0ms.
LOG 1641834943438 [L3]: No time to select next move using MCTS. Returning random move noop.
LOG 1641834943442 [L3]: Starting move selection for game step 25 with available time 0ms.
LOG 1641834943442 [L3]: No time to select next move using MCTS. Returning random move ( move 6 3 7 4 ).
LOG 1641834943445 [L3]: Starting move selection for game step 26 with available time 0ms.
LOG 1641834943446 [L3]: No time to select next move using MCTS. Returning random move noop.
LOG 1641834943451 [L3]: Starting move selection for game step 27 with available time 0ms.
LOG 1641834943451 [L3]: No time to select next move using MCTS. Returning random move ( move 7 1 6 2 ).
LOG 1641834943454 [L3]: Starting move selection for game step 28 with available time 0ms.
LOG 1641834943455 [L3]: No time to select next move using MCTS. Returning random move noop.
LOG 1641834943459 [L3]: Starting move selection for game step 29 with available time 0ms.
LOG 1641834943459 [L3]: No time to select next move using MCTS. Returning random move ( move 3 4 4 5 ).
LOG 1641834943463 [L3]: Starting move selection for game step 30 with available time 0ms.
LOG 1641834943463 [L3]: No time to select next move using MCTS. Returning random move noop.
LOG 1641834943467 [L3]: Starting move selection for game step 31 with available time 0ms.
LOG 1641834943467 [L3]: No time to select next move using MCTS. Returning random move ( move 3 5 4 6 ).
LOG 1641834943471 [L3]: Starting move selection for game step 32 with available time 0ms.
LOG 1641834943471 [L3]: No time to select next move using MCTS. Returning random move noop.
LOG 1641834943475 [L3]: Starting move selection for game step 33 with available time 0ms.
LOG 1641834943475 [L3]: No time to select next move using MCTS. Returning random move ( move 7 3 8 4 ).
LOG 1641834943480 [L3]: Starting move selection for game step 34 with available time 0ms.
LOG 1641834943481 [L3]: No time to select next move using MCTS. Returning random move noop.
LOG 1641834943484 [L3]: Starting move selection for game step 35 with available time 0ms.
LOG 1641834943485 [L3]: No time to select next move using MCTS. Returning random move ( move 8 4 7 5 ).
LOG 1641834943488 [L3]: Starting move selection for game step 36 with available time 0ms.
LOG 1641834943488 [L3]: No time to select next move using MCTS. Returning random move noop.
LOG 1641834943492 [L3]: Starting move selection for game step 37 with available time 0ms.
LOG 1641834943492 [L3]: No time to select next move using MCTS. Returning random move ( move 4 6 3 7 ).
LOG 1641834943495 [L3]: Starting move selection for game step 38 with available time 0ms.
LOG 1641834943496 [L3]: No time to select next move using MCTS. Returning random move noop.
LOG 1641834943499 [L3]: Starting move selection for game step 39 with available time 0ms.
LOG 1641834943500 [L3]: No time to select next move using MCTS. Returning random move ( move 3 2 4 3 ).
LOG 1641834943503 [L3]: Starting move selection for game step 40 with available time 0ms.
LOG 1641834943504 [L3]: No time to select next move using MCTS. Returning random move noop.
LOG 1641834943508 [L3]: Starting move selection for game step 41 with available time 0ms.
LOG 1641834943508 [L3]: No time to select next move using MCTS. Returning random move ( move 3 3 2 4 ).
LOG 1641834943513 [L3]: Starting move selection for game step 42 with available time 0ms.
LOG 1641834943514 [L3]: No time to select next move using MCTS. Returning random move noop.
LOG 1641834943517 [L3]: Starting move selection for game step 43 with available time 0ms.
LOG 1641834943518 [L3]: No time to select next move using MCTS. Returning random move ( move 4 1 3 2 ).
LOG 1641834943521 [L3]: Starting move selection for game step 44 with available time 0ms.
LOG 1641834943521 [L3]: No time to select next move using MCTS. Returning random move noop.
LOG 1641834943525 [L3]: Starting move selection for game step 45 with available time 0ms.
LOG 1641834943525 [L3]: No time to select next move using MCTS. Returning random move ( move 5 4 6 5 ).
LOG 1641834943529 [L3]: Starting move selection for game step 46 with available time 0ms.
LOG 1641834943529 [L3]: No time to select next move using MCTS. Returning random move noop.
LOG 1641834943533 [L3]: Starting move selection for game step 47 with available time 0ms.
LOG 1641834943533 [L3]: No time to select next move using MCTS. Returning random move ( move 1 2 2 3 ).
LOG 1641834943537 [L3]: Starting move selection for game step 48 with available time 0ms.
LOG 1641834943537 [L3]: No time to select next move using MCTS. Returning random move noop.
LOG 1641834943542 [L3]: Starting move selection for game step 49 with available time 0ms.
LOG 1641834943542 [L3]: No time to select next move using MCTS. Returning random move ( move 5 1 5 2 ).
LOG 1641834943545 [L3]: Starting move selection for game step 50 with available time 0ms.
LOG 1641834943546 [L3]: No time to select next move using MCTS. Returning random move noop.
LOG 1641834943550 [L3]: Starting move selection for game step 51 with available time 0ms.
LOG 1641834943550 [L3]: No time to select next move using MCTS. Returning random move ( move 4 3 3 4 ).
LOG 1641834943554 [L3]: Starting move selection for game step 52 with available time 0ms.
LOG 1641834943554 [L3]: No time to select next move using MCTS. Returning random move noop.
LOG 1641834943558 [L3]: Starting move selection for game step 53 with available time 0ms.
LOG 1641834943558 [L3]: No time to select next move using MCTS. Returning random move ( move 2 3 1 4 ).
LOG 1641834943561 [L3]: Starting move selection for game step 54 with available time 0ms.
LOG 1641834943562 [L3]: No time to select next move using MCTS. Returning random move noop.
LOG 1641834943565 [L3]: Starting move selection for game step 55 with available time 0ms.
LOG 1641834943565 [L3]: No time to select next move using MCTS. Returning random move ( move 5 2 4 3 ).
LOG 1641834943569 [L3]: Starting move selection for game step 56 with available time 0ms.
LOG 1641834943569 [L3]: No time to select next move using MCTS. Returning random move noop.
LOG 1641834943573 [L3]: Starting move selection for game step 57 with available time 0ms.
LOG 1641834943573 [L3]: No time to select next move using MCTS. Returning random move ( move 3 2 3 3 ).
LOG 1641834943576 [L3]: Starting move selection for game step 58 with available time 0ms.
LOG 1641834943577 [L3]: No time to select next move using MCTS. Returning random move noop.
LOG 1641834943581 [L3]: Starting move selection for game step 59 with available time -1ms.
LOG 1641834943581 [L3]: No time to select next move using MCTS. Returning random move ( move 6 1 7 2 ).
LOG 1641834943585 [L3]: Starting move selection for game step 60 with available time 0ms.
LOG 1641834943585 [L3]: No time to select next move using MCTS. Returning random move noop.
LOG 1641834943588 [L3]: Starting move selection for game step 61 with available time 0ms.
LOG 1641834943589 [L3]: No time to select next move using MCTS. Returning random move ( move 3 7 2 8 ).
