LOG 1641833128259 [L3]: Started match logging at: Mon Jan 10 17:45:28 CET 2022
LOG 1641833128267 [L3]: Game rules: [( role white ), ( role red ), ( init ( cell 1 0 dirt ) ), ( init ( cell 2 0 dirt ) ), ( init ( cell 3 0 dirt ) ), ( init ( cell 4 0 dirt ) ), ( init ( cell 5 0 dirt ) ), ( init ( cell 6 0 dirt ) ), ( init ( cell 7 0 dirt ) ), ( init ( cell 1 1 b ) ), ( init ( cell 1 2 b ) ), ( init ( cell 1 3 b ) ), ( init ( cell 1 4 b ) ), ( init ( cell 1 5 b ) ), ( init ( cell 1 6 b ) ), ( init ( cell 2 1 b ) ), ( init ( cell 2 2 b ) ), ( init ( cell 2 3 b ) ), ( init ( cell 2 4 b ) ), ( init ( cell 2 5 b ) ), ( init ( cell 2 6 b ) ), ( init ( cell 3 1 b ) ), ( init ( cell 3 2 b ) ), ( init ( cell 3 3 b ) ), ( init ( cell 3 4 b ) ), ( init ( cell 3 5 b ) ), ( init ( cell 3 6 b ) ), ( init ( cell 4 1 b ) ), ( init ( cell 4 2 b ) ), ( init ( cell 4 3 b ) ), ( init ( cell 4 4 b ) ), ( init ( cell 4 5 b ) ), ( init ( cell 4 6 b ) ), ( init ( cell 5 1 b ) ), ( init ( cell 5 2 b ) ), ( init ( cell 5 3 b ) ), ( init ( cell 5 4 b ) ), ( init ( cell 5 5 b ) ), ( init ( cell 5 6 b ) ), ( init ( cell 6 1 b ) ), ( init ( cell 6 2 b ) ), ( init ( cell 6 3 b ) ), ( init ( cell 6 4 b ) ), ( init ( cell 6 5 b ) ), ( init ( cell 6 6 b ) ), ( init ( cell 7 1 b ) ), ( init ( cell 7 2 b ) ), ( init ( cell 7 3 b ) ), ( init ( cell 7 4 b ) ), ( init ( cell 7 5 b ) ), ( init ( cell 7 6 b ) ), ( init ( control white ) ), ( <= ( empty ?c ?h ) ( true ( cell ?c ?h b ) ) ), ( <= ( filled ?c ?h ) ( true ( cell ?c ?h dirt ) ) ), ( <= ( filled ?c ?h ) ( true ( cell ?c ?h w ) ) ), ( <= ( filled ?c ?h ) ( true ( cell ?c ?h r ) ) ), ( <= ( next ( cell ?c ?h2 w ) ) ( does white ( drop ?c ) ) ( true ( cell ?c ?h2 b ) ) ( filled ?c ?h1 ) ( succ ?h1 ?h2 ) ), ( <= ( next ( cell ?c ?h2 r ) ) ( does red ( drop ?c ) ) ( true ( cell ?c ?h2 b ) ) ( filled ?c ?h1 ) ( succ ?h1 ?h2 ) ), ( <= ( next ( cell ?x ?y ?z ) ) ( true ( cell ?x ?y ?z ) ) ( distinct ?z b ) ), ( <= ( next ( cell ?c2 ?y b ) ) ( does ?w ( drop ?c1 ) ) ( true ( cell ?c2 ?y b ) ) ( distinct ?c1 ?c2 ) ), ( <= ( next ( cell ?c ?y2 b ) ) ( true ( cell ?c ?y1 b ) ) ( distinct ?y1 6 ) ( succ ?y1 ?y2 ) ), ( <= ( next ( control white ) ) ( true ( control red ) ) ), ( <= ( next ( control red ) ) ( true ( control white ) ) ), ( <= ( row ?z ) ( true ( cell ?x1 ?y ?z ) ) ( distinct ?z b ) ( distinct ?z dirt ) ( succ ?x1 ?x2 ) ( true ( cell ?x2 ?y ?z ) ) ( succ ?x2 ?x3 ) ( true ( cell ?x3 ?y ?z ) ) ( succ ?x3 ?x4 ) ( true ( cell ?x4 ?y ?z ) ) ), ( <= ( column ?z ) ( true ( cell ?x ?y1 ?z ) ) ( distinct ?z b ) ( succ ?y1 ?y2 ) ( true ( cell ?x ?y2 ?z ) ) ( succ ?y2 ?y3 ) ( true ( cell ?x ?y3 ?z ) ) ( succ ?y3 ?y4 ) ( true ( cell ?x ?y4 ?z ) ) ), ( <= ( diag ?z ) ( true ( cell ?x1 ?y1 ?z ) ) ( distinct ?z b ) ( succ ?x1 ?x2 ) ( succ ?y1 ?y2 ) ( true ( cell ?x2 ?y2 ?z ) ) ( succ ?x2 ?x3 ) ( succ ?y2 ?y3 ) ( true ( cell ?x3 ?y3 ?z ) ) ( succ ?x3 ?x4 ) ( succ ?y3 ?y4 ) ( true ( cell ?x4 ?y4 ?z ) ) ), ( <= ( diag ?z ) ( true ( cell ?x1 ?y1 ?z ) ) ( distinct ?z b ) ( succ ?x1 ?x2 ) ( succ ?y2 ?y1 ) ( true ( cell ?x2 ?y2 ?z ) ) ( succ ?x2 ?x3 ) ( succ ?y3 ?y2 ) ( true ( cell ?x3 ?y3 ?z ) ) ( succ ?x3 ?x4 ) ( succ ?y4 ?y3 ) ( true ( cell ?x4 ?y4 ?z ) ) ), ( <= ( line ?x ) ( row ?x ) ), ( <= ( line ?x ) ( column ?x ) ), ( <= ( line ?x ) ( diag ?x ) ), ( <= open ( empty ?c ?h ) ), ( <= terminal ( line r ) ), ( <= terminal ( line w ) ), ( <= terminal ( not open ) ), ( <= ( legal ?w ( drop ?c ) ) ( true ( cell ?c ?y2 b ) ) ( filled ?c ?y1 ) ( succ ?y1 ?y2 ) ( true ( control ?w ) ) ), ( <= ( legal white noop ) ( true ( control red ) ) ), ( <= ( legal red noop ) ( true ( control white ) ) ), ( <= ( goal white 100 ) ( line w ) ), ( <= ( goal white 50 ) ( not ( line r ) ) ( not ( line w ) ) ( not open ) ), ( <= ( goal white 0 ) ( line r ) ), ( <= ( goal red 100 ) ( line r ) ), ( <= ( goal red 50 ) ( not ( line r ) ) ( not ( line w ) ) ( not open ) ), ( <= ( goal red 0 ) ( line w ) ), ( <= ( goal ?w 70 ) ( role ?w ) ( not ( line r ) ) ( not ( line w ) ) open ), ( <= ( lte 0 ?x ) ( number ?x ) ), ( <= ( lte ?x ?x ) ( number ?x ) ), ( <= ( lte ?x ?z ) ( succ ?y ?z ) ( lte ?x ?y ) ), ( <= ( lte ?x ?y ) ( succ ?x ?y ) ), ( number 0 ), ( number 1 ), ( number 2 ), ( number 3 ), ( number 4 ), ( number 5 ), ( number 6 ), ( number 7 ), ( number 8 ), ( succ 0 1 ), ( succ 1 2 ), ( succ 2 3 ), ( succ 3 4 ), ( succ 4 5 ), ( succ 5 6 ), ( succ 6 7 ), ( succ 7 8 )]
LOG 1641833128267 [L3]: Start clock: 15
LOG 1641833128267 [L3]: Play clock: 10
LOG 1641833133259 [L0]: [Sent at 1641833133259] ready
LOG 1641833133261 [L0]: [Received at 1641833133261] ( PLAY 21.connect4.1641833128197 NIL )
LOG 1641833133263 [L0]: [Sent at 1641833133263] ( drop 2 )
LOG 1641833133265 [L0]: [Received at 1641833133265] ( PLAY 21.connect4.1641833128197 (( drop 2 ) noop ) )
LOG 1641833133271 [L0]: [Sent at 1641833133271] noop
LOG 1641833133273 [L0]: [Received at 1641833133273] ( PLAY 21.connect4.1641833128197 (noop ( drop 1 ) ) )
LOG 1641833133286 [L0]: [Sent at 1641833133286] ( drop 1 )
LOG 1641833133288 [L0]: [Received at 1641833133288] ( PLAY 21.connect4.1641833128197 (( drop 1 ) noop ) )
LOG 1641833133296 [L0]: [Sent at 1641833133296] noop
LOG 1641833133299 [L0]: [Received at 1641833133299] ( PLAY 21.connect4.1641833128197 (noop ( drop 3 ) ) )
LOG 1641833133300 [L0]: [Sent at 1641833133300] ( drop 7 )
LOG 1641833133303 [L0]: [Received at 1641833133303] ( PLAY 21.connect4.1641833128197 (( drop 7 ) noop ) )
LOG 1641833133305 [L0]: [Sent at 1641833133305] noop
LOG 1641833133308 [L0]: [Received at 1641833133308] ( PLAY 21.connect4.1641833128197 (noop ( drop 4 ) ) )
LOG 1641833133310 [L0]: [Sent at 1641833133310] ( drop 5 )
LOG 1641833133313 [L0]: [Received at 1641833133313] ( PLAY 21.connect4.1641833128197 (( drop 5 ) noop ) )
LOG 1641833133314 [L0]: [Sent at 1641833133314] noop
LOG 1641833133317 [L0]: [Received at 1641833133317] ( PLAY 21.connect4.1641833128197 (noop ( drop 4 ) ) )
LOG 1641833133319 [L0]: [Sent at 1641833133319] ( drop 4 )
LOG 1641833133322 [L0]: [Received at 1641833133322] ( PLAY 21.connect4.1641833128197 (( drop 4 ) noop ) )
LOG 1641833133324 [L0]: [Sent at 1641833133324] noop
LOG 1641833133327 [L0]: [Received at 1641833133327] ( PLAY 21.connect4.1641833128197 (noop ( drop 4 ) ) )
LOG 1641833133329 [L0]: [Sent at 1641833133329] ( drop 4 )
LOG 1641833133331 [L0]: [Received at 1641833133331] ( PLAY 21.connect4.1641833128197 (( drop 4 ) noop ) )
LOG 1641833133333 [L0]: [Sent at 1641833133333] noop
LOG 1641833133335 [L0]: [Received at 1641833133335] ( PLAY 21.connect4.1641833128197 (noop ( drop 4 ) ) )
LOG 1641833133337 [L0]: [Sent at 1641833133337] ( drop 2 )
LOG 1641833133339 [L0]: [Received at 1641833133339] ( PLAY 21.connect4.1641833128197 (( drop 2 ) noop ) )
LOG 1641833133340 [L0]: [Sent at 1641833133340] noop
LOG 1641833133343 [L0]: [Received at 1641833133343] ( PLAY 21.connect4.1641833128197 (noop ( drop 2 ) ) )
LOG 1641833133344 [L0]: [Sent at 1641833133344] ( drop 2 )
LOG 1641833133347 [L0]: [Received at 1641833133347] ( PLAY 21.connect4.1641833128197 (( drop 2 ) noop ) )
LOG 1641833133348 [L0]: [Sent at 1641833133348] noop
LOG 1641833133350 [L0]: [Received at 1641833133350] ( PLAY 21.connect4.1641833128197 (noop ( drop 7 ) ) )
LOG 1641833133351 [L0]: [Sent at 1641833133351] ( drop 1 )
LOG 1641833133355 [L0]: [Received at 1641833133355] ( PLAY 21.connect4.1641833128197 (( drop 1 ) noop ) )
LOG 1641833133356 [L0]: [Sent at 1641833133356] noop
LOG 1641833133360 [L0]: [Received at 1641833133360] ( PLAY 21.connect4.1641833128197 (noop ( drop 1 ) ) )
LOG 1641833133361 [L0]: [Sent at 1641833133361] ( drop 6 )
LOG 1641833133365 [L0]: [Received at 1641833133365] ( PLAY 21.connect4.1641833128197 (( drop 6 ) noop ) )
LOG 1641833133366 [L0]: [Sent at 1641833133366] noop
LOG 1641833133370 [L0]: [Received at 1641833133370] ( PLAY 21.connect4.1641833128197 (noop ( drop 1 ) ) )
LOG 1641833133372 [L0]: [Sent at 1641833133372] ( drop 3 )
LOG 1641833133374 [L0]: [Received at 1641833133374] ( PLAY 21.connect4.1641833128197 (( drop 3 ) noop ) )
LOG 1641833133375 [L0]: [Sent at 1641833133375] noop
LOG 1641833133378 [L0]: [Received at 1641833133378] ( PLAY 21.connect4.1641833128197 (noop ( drop 5 ) ) )
LOG 1641833133380 [L0]: [Sent at 1641833133380] ( drop 3 )
LOG 1641833133382 [L0]: [Received at 1641833133382] ( PLAY 21.connect4.1641833128197 (( drop 3 ) noop ) )
LOG 1641833133384 [L0]: [Sent at 1641833133384] noop
LOG 1641833133386 [L0]: [Received at 1641833133386] ( PLAY 21.connect4.1641833128197 (noop ( drop 5 ) ) )
LOG 1641833133388 [L0]: [Sent at 1641833133388] ( drop 6 )
LOG 1641833133390 [L0]: [Received at 1641833133390] ( PLAY 21.connect4.1641833128197 (( drop 6 ) noop ) )
LOG 1641833133391 [L0]: [Sent at 1641833133391] noop
LOG 1641833133394 [L0]: [Received at 1641833133394] ( PLAY 21.connect4.1641833128197 (noop ( drop 3 ) ) )
LOG 1641833133395 [L0]: [Sent at 1641833133395] ( drop 1 )
LOG 1641833133399 [L0]: [Received at 1641833133399] ( PLAY 21.connect4.1641833128197 (( drop 1 ) noop ) )
LOG 1641833133400 [L0]: [Sent at 1641833133400] noop
LOG 1641833133402 [L0]: [Received at 1641833133402] ( PLAY 21.connect4.1641833128197 (noop ( drop 2 ) ) )
LOG 1641833133404 [L0]: [Sent at 1641833133404] ( drop 2 )
LOG 1641833133406 [L0]: [Received at 1641833133406] ( PLAY 21.connect4.1641833128197 (( drop 2 ) noop ) )
LOG 1641833133407 [L0]: [Sent at 1641833133407] noop
LOG 1641833133410 [L0]: [Received at 1641833133410] ( PLAY 21.connect4.1641833128197 (noop ( drop 6 ) ) )
LOG 1641833133411 [L0]: [Sent at 1641833133411] ( drop 3 )
LOG 1641833133414 [L0]: [Received at 1641833133414] ( PLAY 21.connect4.1641833128197 (( drop 3 ) noop ) )
LOG 1641833133415 [L0]: [Sent at 1641833133415] noop
LOG 1641833133418 [L0]: [Received at 1641833133418] ( PLAY 21.connect4.1641833128197 (noop ( drop 7 ) ) )
LOG 1641833133419 [L0]: [Sent at 1641833133419] ( drop 3 )
LOG 1641833133436 [L0]: [Received at 1641833133436] ( PLAY 21.connect4.1641833128197 (( drop 3 ) noop ) )
LOG 1641833133437 [L0]: [Sent at 1641833133437] noop
LOG 1641833133443 [L0]: [Received at 1641833133443] ( STOP 21.connect4.1641833128197 (noop ( drop 6 ) ) )
LOG 1641833133445 [L3]: Stopped logging to files at: Mon Jan 10 17:45:33 CET 2022
LOG 1641833133445 [L3]: LOG SEALED
