LOG 1641836534235 [L3]: Started match logging at: Mon Jan 10 18:42:14 CET 2022
LOG 1641836534243 [L3]: Game rules: [( role white ), ( role black ), ( <= ( base ( cell ?x ?y ?p ) ) ( index ?x ) ( index ?y ) ( role ?p ) ), ( <= ( base ( control ?p ) ) ( role ?p ) ), ( <= ( input ?p noop ) ( role ?p ) ), ( <= ( input ?p ( move ?x1 ?y1 ?x2 ?y2 ) ) ( role ?p ) ( index ?x1 ) ( index ?x2 ) ( index ?y1 ) ( index ?y2 ) ), ( init ( cell 1 1 white ) ), ( init ( cell 2 1 white ) ), ( init ( cell 3 1 white ) ), ( init ( cell 4 1 white ) ), ( init ( cell 5 1 white ) ), ( init ( cell 6 1 white ) ), ( init ( cell 7 1 white ) ), ( init ( cell 8 1 white ) ), ( init ( cell 1 2 white ) ), ( init ( cell 2 2 white ) ), ( init ( cell 3 2 white ) ), ( init ( cell 4 2 white ) ), ( init ( cell 5 2 white ) ), ( init ( cell 6 2 white ) ), ( init ( cell 7 2 white ) ), ( init ( cell 8 2 white ) ), ( init ( cell 1 7 black ) ), ( init ( cell 2 7 black ) ), ( init ( cell 3 7 black ) ), ( init ( cell 4 7 black ) ), ( init ( cell 5 7 black ) ), ( init ( cell 6 7 black ) ), ( init ( cell 7 7 black ) ), ( init ( cell 8 7 black ) ), ( init ( cell 1 8 black ) ), ( init ( cell 2 8 black ) ), ( init ( cell 3 8 black ) ), ( init ( cell 4 8 black ) ), ( init ( cell 5 8 black ) ), ( init ( cell 6 8 black ) ), ( init ( cell 7 8 black ) ), ( init ( cell 8 8 black ) ), ( init ( control white ) ), ( <= ( legal white noop ) ( true ( control black ) ) ), ( <= ( legal black noop ) ( true ( control white ) ) ), ( <= ( legal white ( move ?x1 ?y1 ?x2 ?y2 ) ) ( true ( control white ) ) ( true ( cell ?x1 ?y1 white ) ) ( whiteknightmove ?x1 ?y1 ?x2 ?y2 ) ( not ( true ( cell ?x2 ?y2 white ) ) ) ), ( <= ( legal black ( move ?x1 ?y1 ?x2 ?y2 ) ) ( true ( control black ) ) ( true ( cell ?x1 ?y1 black ) ) ( blackknightmove ?x1 ?y1 ?x2 ?y2 ) ( not ( true ( cell ?x2 ?y2 black ) ) ) ), ( <= ( next ( cell ?x ?y ?state ) ) ( true ( cell ?x ?y ?state ) ) ( does ?player ( move ?x1 ?y1 ?x2 ?y2 ) ) ( distinctcell ?x ?y ?x1 ?y1 ) ( distinctcell ?x ?y ?x2 ?y2 ) ), ( <= ( next ( cell ?x2 ?y2 ?player ) ) ( does ?player ( move ?x1 ?y1 ?x2 ?y2 ) ) ), ( <= ( next ( control black ) ) ( true ( control white ) ) ), ( <= ( next ( control white ) ) ( true ( control black ) ) ), ( <= terminal whitewin ), ( <= terminal blackwin ), ( <= ( goal white 100 ) whitewin ), ( <= ( goal white 0 ) blackwin ), ( <= ( goal black 100 ) blackwin ), ( <= ( goal black 0 ) whitewin ), ( <= whitewin ( index ?x ) ( true ( cell ?x 8 white ) ) ), ( <= blackwin ( index ?x ) ( true ( cell ?x 1 black ) ) ), ( <= whitewin ( not ( hasAnyPiece black ) ) ), ( <= blackwin ( not ( hasAnyPiece white ) ) ), ( <= ( hasAnyPiece ?player ) ( true ( cell ?x ?y ?player ) ) ), ( <= ( whiteknightmove ?x1 ?y1 ?x2 ?y2 ) ( plus 1 ?x1 ?x2 ) ( plus 2 ?y1 ?y2 ) ), ( <= ( whiteknightmove ?x1 ?y1 ?x2 ?y2 ) ( plus 1 ?x2 ?x1 ) ( plus 2 ?y1 ?y2 ) ), ( <= ( whiteknightmove ?x1 ?y1 ?x2 ?y2 ) ( plus 2 ?x1 ?x2 ) ( plus 1 ?y1 ?y2 ) ), ( <= ( whiteknightmove ?x1 ?y1 ?x2 ?y2 ) ( plus 2 ?x2 ?x1 ) ( plus 1 ?y1 ?y2 ) ), ( <= ( blackknightmove ?x1 ?y1 ?x2 ?y2 ) ( plus 1 ?x1 ?x2 ) ( plus 2 ?y2 ?y1 ) ), ( <= ( blackknightmove ?x1 ?y1 ?x2 ?y2 ) ( plus 1 ?x2 ?x1 ) ( plus 2 ?y2 ?y1 ) ), ( <= ( blackknightmove ?x1 ?y1 ?x2 ?y2 ) ( plus 2 ?x1 ?x2 ) ( plus 1 ?y2 ?y1 ) ), ( <= ( blackknightmove ?x1 ?y1 ?x2 ?y2 ) ( plus 2 ?x2 ?x1 ) ( plus 1 ?y2 ?y1 ) ), ( <= ( cell ?x ?y ) ( index ?x ) ( index ?y ) ), ( <= ( distinctcell ?x1 ?y1 ?x2 ?y2 ) ( cell ?x1 ?y1 ) ( cell ?x2 ?y2 ) ( distinct ?x1 ?x2 ) ), ( <= ( distinctcell ?x1 ?y1 ?x2 ?y2 ) ( cell ?x1 ?y1 ) ( cell ?x2 ?y2 ) ( distinct ?y1 ?y2 ) ), ( index 1 ), ( index 2 ), ( index 3 ), ( index 4 ), ( index 5 ), ( index 6 ), ( index 7 ), ( index 8 ), ( plus 1 1 2 ), ( plus 1 2 3 ), ( plus 1 3 4 ), ( plus 1 4 5 ), ( plus 1 5 6 ), ( plus 1 6 7 ), ( plus 1 7 8 ), ( plus 2 1 3 ), ( plus 2 2 4 ), ( plus 2 3 5 ), ( plus 2 4 6 ), ( plus 2 5 7 ), ( plus 2 6 8 )]
LOG 1641836534243 [L3]: Start clock: 15
LOG 1641836534243 [L3]: Play clock: 10
LOG 1641836539235 [L0]: [Sent at 1641836539235] ready
LOG 1641836539238 [L0]: [Received at 1641836539238] ( PLAY 28.knightThrough.1641836532721 NIL )
LOG 1641836539239 [L0]: [Sent at 1641836539239] ( move 4 2 3 4 )
LOG 1641836539241 [L0]: [Received at 1641836539241] ( PLAY 28.knightThrough.1641836532721 (( move 4 2 3 4 ) noop ) )
LOG 1641836539248 [L0]: [Sent at 1641836539248] noop
LOG 1641836539250 [L0]: [Received at 1641836539250] ( PLAY 28.knightThrough.1641836532721 (noop ( move 1 8 2 6 ) ) )
LOG 1641836539263 [L0]: [Sent at 1641836539263] ( move 3 2 1 3 )
LOG 1641836539266 [L0]: [Received at 1641836539266] ( PLAY 28.knightThrough.1641836532721 (( move 3 2 1 3 ) noop ) )
LOG 1641836539276 [L0]: [Sent at 1641836539276] noop
LOG 1641836539305 [L0]: [Received at 1641836539305] ( PLAY 28.knightThrough.1641836532721 (noop ( move 4 8 5 6 ) ) )
LOG 1641836539306 [L0]: [Sent at 1641836539306] ( move 5 2 6 4 )
LOG 1641836539308 [L0]: [Received at 1641836539308] ( PLAY 28.knightThrough.1641836532721 (( move 5 2 6 4 ) noop ) )
LOG 1641836539310 [L0]: [Sent at 1641836539310] noop
LOG 1641836539312 [L0]: [Received at 1641836539312] ( PLAY 28.knightThrough.1641836532721 (noop ( move 7 8 6 6 ) ) )
LOG 1641836539313 [L0]: [Sent at 1641836539313] ( move 4 1 3 3 )
LOG 1641836539315 [L0]: [Received at 1641836539315] ( PLAY 28.knightThrough.1641836532721 (( move 4 1 3 3 ) noop ) )
LOG 1641836539317 [L0]: [Sent at 1641836539317] noop
LOG 1641836539319 [L0]: [Received at 1641836539319] ( PLAY 28.knightThrough.1641836532721 (noop ( move 7 7 6 5 ) ) )
LOG 1641836539321 [L0]: [Sent at 1641836539321] ( move 3 4 4 6 )
LOG 1641836539323 [L0]: [Received at 1641836539323] ( PLAY 28.knightThrough.1641836532721 (( move 3 4 4 6 ) noop ) )
LOG 1641836539324 [L0]: [Sent at 1641836539324] noop
LOG 1641836539326 [L0]: [Received at 1641836539326] ( PLAY 28.knightThrough.1641836532721 (noop ( move 5 7 4 5 ) ) )
LOG 1641836539327 [L0]: [Sent at 1641836539327] ( move 7 2 8 4 )
LOG 1641836539330 [L0]: [Received at 1641836539330] ( PLAY 28.knightThrough.1641836532721 (( move 7 2 8 4 ) noop ) )
LOG 1641836539331 [L0]: [Sent at 1641836539331] noop
LOG 1641836539333 [L0]: [Received at 1641836539333] ( PLAY 28.knightThrough.1641836532721 (noop ( move 2 7 1 5 ) ) )
LOG 1641836539334 [L0]: [Sent at 1641836539334] ( move 8 1 7 3 )
LOG 1641836539337 [L0]: [Received at 1641836539337] ( PLAY 28.knightThrough.1641836532721 (( move 8 1 7 3 ) noop ) )
LOG 1641836539338 [L0]: [Sent at 1641836539338] noop
LOG 1641836539340 [L0]: [Received at 1641836539340] ( PLAY 28.knightThrough.1641836532721 (noop ( move 6 7 4 6 ) ) )
LOG 1641836539341 [L0]: [Sent at 1641836539341] ( move 6 4 4 5 )
LOG 1641836539342 [L0]: [Received at 1641836539342] ( PLAY 28.knightThrough.1641836532721 (( move 6 4 4 5 ) noop ) )
LOG 1641836539344 [L0]: [Sent at 1641836539344] noop
LOG 1641836539346 [L0]: [Received at 1641836539346] ( PLAY 28.knightThrough.1641836532721 (noop ( move 4 7 3 5 ) ) )
LOG 1641836539347 [L0]: [Sent at 1641836539347] ( move 7 1 6 3 )
LOG 1641836539350 [L0]: [Received at 1641836539350] ( PLAY 28.knightThrough.1641836532721 (( move 7 1 6 3 ) noop ) )
LOG 1641836539351 [L0]: [Sent at 1641836539351] noop
LOG 1641836539353 [L0]: [Received at 1641836539353] ( PLAY 28.knightThrough.1641836532721 (noop ( move 6 6 8 5 ) ) )
LOG 1641836539354 [L0]: [Sent at 1641836539354] ( move 1 3 3 4 )
LOG 1641836539356 [L0]: [Received at 1641836539356] ( PLAY 28.knightThrough.1641836532721 (( move 1 3 3 4 ) noop ) )
LOG 1641836539358 [L0]: [Sent at 1641836539358] noop
LOG 1641836539359 [L0]: [Received at 1641836539359] ( PLAY 28.knightThrough.1641836532721 (noop ( move 6 5 4 4 ) ) )
LOG 1641836539360 [L0]: [Sent at 1641836539360] ( move 6 1 4 2 )
LOG 1641836539362 [L0]: [Received at 1641836539362] ( PLAY 28.knightThrough.1641836532721 (( move 6 1 4 2 ) noop ) )
LOG 1641836539364 [L0]: [Sent at 1641836539364] noop
LOG 1641836539366 [L0]: [Received at 1641836539366] ( PLAY 28.knightThrough.1641836532721 (noop ( move 6 8 7 6 ) ) )
LOG 1641836539367 [L0]: [Sent at 1641836539367] ( move 6 2 5 4 )
LOG 1641836539369 [L0]: [Received at 1641836539369] ( PLAY 28.knightThrough.1641836532721 (( move 6 2 5 4 ) noop ) )
LOG 1641836539371 [L0]: [Sent at 1641836539371] noop
LOG 1641836539373 [L0]: [Received at 1641836539373] ( PLAY 28.knightThrough.1641836532721 (noop ( move 2 8 4 7 ) ) )
LOG 1641836539374 [L0]: [Sent at 1641836539374] ( move 3 3 1 4 )
LOG 1641836539376 [L0]: [Received at 1641836539376] ( PLAY 28.knightThrough.1641836532721 (( move 3 3 1 4 ) noop ) )
LOG 1641836539377 [L0]: [Sent at 1641836539377] noop
LOG 1641836539379 [L0]: [Received at 1641836539379] ( PLAY 28.knightThrough.1641836532721 (noop ( move 7 6 5 5 ) ) )
LOG 1641836539380 [L0]: [Sent at 1641836539380] ( move 4 5 2 6 )
LOG 1641836539382 [L0]: [Received at 1641836539382] ( PLAY 28.knightThrough.1641836532721 (( move 4 5 2 6 ) noop ) )
LOG 1641836539383 [L0]: [Sent at 1641836539383] noop
LOG 1641836539385 [L0]: [Received at 1641836539385] ( PLAY 28.knightThrough.1641836532721 (noop ( move 8 7 6 6 ) ) )
LOG 1641836539386 [L0]: [Sent at 1641836539386] ( move 5 4 6 6 )
LOG 1641836539388 [L0]: [Received at 1641836539388] ( PLAY 28.knightThrough.1641836532721 (( move 5 4 6 6 ) noop ) )
LOG 1641836539389 [L0]: [Sent at 1641836539389] noop
LOG 1641836539391 [L0]: [Received at 1641836539391] ( PLAY 28.knightThrough.1641836532721 (noop ( move 3 5 2 3 ) ) )
LOG 1641836539392 [L0]: [Sent at 1641836539392] ( move 2 6 4 7 )
LOG 1641836539394 [L0]: [Received at 1641836539394] ( PLAY 28.knightThrough.1641836532721 (( move 2 6 4 7 ) noop ) )
LOG 1641836539395 [L0]: [Sent at 1641836539395] noop
LOG 1641836539397 [L0]: [Received at 1641836539397] ( PLAY 28.knightThrough.1641836532721 (noop ( move 4 4 5 2 ) ) )
LOG 1641836539398 [L0]: [Sent at 1641836539398] ( move 1 2 3 3 )
LOG 1641836539400 [L0]: [Received at 1641836539400] ( PLAY 28.knightThrough.1641836532721 (( move 1 2 3 3 ) noop ) )
LOG 1641836539401 [L0]: [Sent at 1641836539401] noop
LOG 1641836539403 [L0]: [Received at 1641836539403] ( PLAY 28.knightThrough.1641836532721 (noop ( move 3 7 1 6 ) ) )
LOG 1641836539404 [L0]: [Sent at 1641836539404] ( move 4 7 2 8 )
LOG 1641836539407 [L0]: [Received at 1641836539407] ( STOP 28.knightThrough.1641836532721 (( move 4 7 2 8 ) noop ) )
LOG 1641836539408 [L3]: Stopped logging to files at: Mon Jan 10 18:42:19 CET 2022
LOG 1641836539408 [L3]: LOG SEALED
