LOG 1641833353040 [L3]: Returning initial state machine.
LOG 1641833353041 [L3]: Returning PropNet state machine without cache.
LOG 1641833353042 [L3]: Starting metagame with available thinking time 4996ms.
LOG 1641833353044 [L3]: Starting search during metagame.
LOG 1641833358038 [L3]: Done searching during metagame.
LOG 1641833358041 [L3]: Starting move selection for game step 1 with available time 0ms.
LOG 1641833358042 [L3]: No time to select next move using MCTS. Returning random move ( drop 4 ).
LOG 1641833358045 [L3]: Starting move selection for game step 2 with available time 0ms.
LOG 1641833358048 [L3]: No time to select next move using MCTS. Returning random move noop.
LOG 1641833358053 [L3]: Starting move selection for game step 3 with available time 0ms.
LOG 1641833358061 [L3]: No time to select next move using MCTS. Returning random move ( drop 6 ).
LOG 1641833358068 [L3]: Starting move selection for game step 4 with available time 0ms.
LOG 1641833358071 [L3]: No time to select next move using MCTS. Returning random move noop.
LOG 1641833358080 [L3]: Starting move selection for game step 5 with available time 0ms.
LOG 1641833358081 [L3]: No time to select next move using MCTS. Returning random move ( drop 2 ).
LOG 1641833358083 [L3]: Starting move selection for game step 6 with available time 0ms.
LOG 1641833358084 [L3]: No time to select next move using MCTS. Returning random move noop.
LOG 1641833358088 [L3]: Starting move selection for game step 7 with available time 0ms.
LOG 1641833358088 [L3]: No time to select next move using MCTS. Returning random move ( drop 1 ).
LOG 1641833358092 [L3]: Starting move selection for game step 8 with available time 0ms.
LOG 1641833358093 [L3]: No time to select next move using MCTS. Returning random move noop.
LOG 1641833358096 [L3]: Starting move selection for game step 9 with available time 0ms.
LOG 1641833358096 [L3]: No time to select next move using MCTS. Returning random move ( drop 3 ).
LOG 1641833358101 [L3]: Starting move selection for game step 10 with available time 0ms.
LOG 1641833358102 [L3]: No time to select next move using MCTS. Returning random move noop.
LOG 1641833358105 [L3]: Starting move selection for game step 11 with available time 0ms.
LOG 1641833358106 [L3]: No time to select next move using MCTS. Returning random move ( drop 4 ).
LOG 1641833358110 [L3]: Starting move selection for game step 12 with available time 0ms.
LOG 1641833358111 [L3]: No time to select next move using MCTS. Returning random move noop.
LOG 1641833358114 [L3]: Starting move selection for game step 13 with available time 0ms.
LOG 1641833358114 [L3]: No time to select next move using MCTS. Returning random move ( drop 6 ).
LOG 1641833358118 [L3]: Starting move selection for game step 14 with available time 0ms.
LOG 1641833358118 [L3]: No time to select next move using MCTS. Returning random move noop.
LOG 1641833358122 [L3]: Starting move selection for game step 15 with available time 0ms.
LOG 1641833358123 [L3]: No time to select next move using MCTS. Returning random move ( drop 3 ).
LOG 1641833358126 [L3]: Starting move selection for game step 16 with available time 0ms.
LOG 1641833358126 [L3]: No time to select next move using MCTS. Returning random move noop.
LOG 1641833358141 [L3]: Starting move selection for game step 17 with available time -1ms.
LOG 1641833358141 [L3]: No time to select next move using MCTS. Returning random move ( drop 6 ).
LOG 1641833358144 [L3]: Starting move selection for game step 18 with available time 0ms.
LOG 1641833358145 [L3]: No time to select next move using MCTS. Returning random move noop.
LOG 1641833358149 [L3]: Starting move selection for game step 19 with available time 0ms.
LOG 1641833358150 [L3]: No time to select next move using MCTS. Returning random move ( drop 2 ).
LOG 1641833358155 [L3]: Starting move selection for game step 20 with available time 0ms.
LOG 1641833358155 [L3]: No time to select next move using MCTS. Returning random move noop.
LOG 1641833358159 [L3]: Starting move selection for game step 21 with available time 0ms.
LOG 1641833358159 [L3]: No time to select next move using MCTS. Returning random move ( drop 1 ).
