LOG 1641833877192 [L3]: Returning initial state machine.
LOG 1641833877193 [L3]: Returning PropNet state machine without cache.
LOG 1641833877197 [L3]: Starting metagame with available thinking time 4979ms.
LOG 1641833877206 [L3]: Starting search during metagame.
LOG 1641833882176 [L3]: Done searching during metagame.
LOG 1641833882189 [L3]: Starting move selection for game step 1 with available time 0ms.
LOG 1641833882190 [L3]: No time to select next move using MCTS. Returning random move noop.
LOG 1641833882207 [L3]: Starting move selection for game step 2 with available time 0ms.
LOG 1641833882209 [L3]: No time to select next move using MCTS. Returning random move ( move 4 7 4 6 ).
LOG 1641833882221 [L3]: Starting move selection for game step 3 with available time 0ms.
LOG 1641833882229 [L3]: No time to select next move using MCTS. Returning random move noop.
LOG 1641833882241 [L3]: Starting move selection for game step 4 with available time 0ms.
LOG 1641833882244 [L3]: No time to select next move using MCTS. Returning random move ( move 8 7 7 6 ).
LOG 1641833882256 [L3]: Starting move selection for game step 5 with available time -1ms.
LOG 1641833882256 [L3]: No time to select next move using MCTS. Returning random move noop.
LOG 1641833882265 [L3]: Starting move selection for game step 6 with available time 0ms.
LOG 1641833882265 [L3]: No time to select next move using MCTS. Returning random move ( move 5 7 6 6 ).
LOG 1641833882275 [L3]: Starting move selection for game step 7 with available time 0ms.
LOG 1641833882276 [L3]: No time to select next move using MCTS. Returning random move noop.
LOG 1641833882293 [L3]: Starting move selection for game step 8 with available time 0ms.
LOG 1641833882293 [L3]: No time to select next move using MCTS. Returning random move ( move 4 6 3 5 ).
LOG 1641833882302 [L3]: Starting move selection for game step 9 with available time 0ms.
LOG 1641833882303 [L3]: No time to select next move using MCTS. Returning random move noop.
LOG 1641833882312 [L3]: Starting move selection for game step 10 with available time 0ms.
LOG 1641833882313 [L3]: No time to select next move using MCTS. Returning random move ( move 3 7 3 6 ).
LOG 1641833882322 [L3]: Starting move selection for game step 11 with available time 0ms.
LOG 1641833882323 [L3]: No time to select next move using MCTS. Returning random move noop.
LOG 1641833882330 [L3]: Starting move selection for game step 12 with available time -1ms.
LOG 1641833882330 [L3]: No time to select next move using MCTS. Returning random move ( move 4 8 4 7 ).
LOG 1641833882341 [L3]: Starting move selection for game step 13 with available time 0ms.
LOG 1641833882341 [L3]: No time to select next move using MCTS. Returning random move noop.
LOG 1641833882350 [L3]: Starting move selection for game step 14 with available time -1ms.
LOG 1641833882350 [L3]: No time to select next move using MCTS. Returning random move ( move 2 7 2 6 ).
LOG 1641833882359 [L3]: Starting move selection for game step 15 with available time 0ms.
LOG 1641833882360 [L3]: No time to select next move using MCTS. Returning random move noop.
LOG 1641833882368 [L3]: Starting move selection for game step 16 with available time -1ms.
LOG 1641833882368 [L3]: No time to select next move using MCTS. Returning random move ( move 7 6 8 5 ).
LOG 1641833882376 [L3]: Starting move selection for game step 17 with available time 0ms.
LOG 1641833882376 [L3]: No time to select next move using MCTS. Returning random move noop.
LOG 1641833882384 [L3]: Starting move selection for game step 18 with available time 0ms.
LOG 1641833882385 [L3]: No time to select next move using MCTS. Returning random move ( move 3 6 2 5 ).
LOG 1641833882394 [L3]: Starting move selection for game step 19 with available time 0ms.
LOG 1641833882394 [L3]: No time to select next move using MCTS. Returning random move noop.
LOG 1641833882402 [L3]: Starting move selection for game step 20 with available time -1ms.
LOG 1641833882402 [L3]: No time to select next move using MCTS. Returning random move ( move 6 6 5 5 ).
LOG 1641833882408 [L3]: Starting move selection for game step 21 with available time 0ms.
LOG 1641833882408 [L3]: No time to select next move using MCTS. Returning random move noop.
LOG 1641833882415 [L3]: Starting move selection for game step 22 with available time 0ms.
LOG 1641833882416 [L3]: No time to select next move using MCTS. Returning random move ( move 7 7 8 6 ).
LOG 1641833882423 [L3]: Starting move selection for game step 23 with available time 0ms.
LOG 1641833882424 [L3]: No time to select next move using MCTS. Returning random move noop.
LOG 1641833882430 [L3]: Starting move selection for game step 24 with available time 0ms.
LOG 1641833882430 [L3]: No time to select next move using MCTS. Returning random move ( move 2 6 1 5 ).
LOG 1641833882436 [L3]: Starting move selection for game step 25 with available time 0ms.
LOG 1641833882436 [L3]: No time to select next move using MCTS. Returning random move noop.
LOG 1641833882445 [L3]: Starting move selection for game step 26 with available time 0ms.
LOG 1641833882446 [L3]: No time to select next move using MCTS. Returning random move ( move 5 5 4 4 ).
LOG 1641833882452 [L3]: Starting move selection for game step 27 with available time 0ms.
LOG 1641833882452 [L3]: No time to select next move using MCTS. Returning random move noop.
LOG 1641833882461 [L3]: Starting move selection for game step 28 with available time 0ms.
LOG 1641833882461 [L3]: No time to select next move using MCTS. Returning random move ( move 2 5 3 4 ).
LOG 1641833882469 [L3]: Starting move selection for game step 29 with available time 0ms.
LOG 1641833882469 [L3]: No time to select next move using MCTS. Returning random move noop.
