LOG 1641852342964 [L3]: Returning initial state machine.
LOG 1641852342964 [L3]: Returning PropNet state machine without cache.
LOG 1641852342965 [L3]: Starting metagame with available thinking time 4991ms.
LOG 1641852342967 [L3]: Starting search during metagame.
LOG 1641852347956 [L3]: Done searching during metagame.
LOG 1641852347959 [L3]: Starting move selection for game step 1 with available time 10000ms.
LOG 1641852347959 [L3]: Selecting move using MCTS.
LOG 1641852357959 [L3]: Returning MCTS move ( drop 4 ).
LOG 1641852357962 [L3]: Starting move selection for game step 2 with available time 10000ms.
LOG 1641852357968 [L3]: Selecting move using MCTS.
LOG 1641852367962 [L3]: Returning MCTS move noop.
LOG 1641852367965 [L3]: Starting move selection for game step 3 with available time 10000ms.
LOG 1641852367981 [L3]: Selecting move using MCTS.
LOG 1641852377965 [L3]: Returning MCTS move ( drop 4 ).
LOG 1641852377975 [L3]: Starting move selection for game step 4 with available time 10000ms.
LOG 1641852377991 [L3]: Selecting move using MCTS.
LOG 1641852387975 [L3]: Returning MCTS move noop.
LOG 1641852387978 [L3]: Starting move selection for game step 5 with available time 10000ms.
LOG 1641852388000 [L3]: Selecting move using MCTS.
LOG 1641852397978 [L3]: Returning MCTS move ( drop 4 ).
LOG 1641852397982 [L3]: Starting move selection for game step 6 with available time 9999ms.
LOG 1641852397998 [L3]: Selecting move using MCTS.
LOG 1641852407981 [L3]: Returning MCTS move noop.
LOG 1641852407984 [L3]: Starting move selection for game step 7 with available time 10000ms.
LOG 1641852408006 [L3]: Selecting move using MCTS.
LOG 1641852417984 [L3]: Returning MCTS move ( drop 4 ).
