LOG 1641836799696 [L3]: Returning initial state machine.
LOG 1641836799696 [L3]: Returning PropNet state machine without cache.
LOG 1641836799697 [L3]: Starting metagame with available thinking time 4996ms.
LOG 1641836799698 [L3]: Starting search during metagame.
LOG 1641836804693 [L3]: Done searching during metagame.
LOG 1641836804696 [L3]: Starting move selection for game step 1 with available time 0ms.
LOG 1641836804696 [L3]: No time to select next move using MCTS. Returning random move noop.
LOG 1641836804699 [L3]: Starting move selection for game step 2 with available time 0ms.
LOG 1641836804705 [L3]: No time to select next move using MCTS. Returning random move ( move 3 7 5 6 ).
LOG 1641836804708 [L3]: Starting move selection for game step 3 with available time 0ms.
LOG 1641836804720 [L3]: No time to select next move using MCTS. Returning random move noop.
LOG 1641836804724 [L3]: Starting move selection for game step 4 with available time 0ms.
LOG 1641836804732 [L3]: No time to select next move using MCTS. Returning random move ( move 4 7 5 5 ).
LOG 1641836804736 [L3]: Starting move selection for game step 5 with available time 0ms.
LOG 1641836804736 [L3]: No time to select next move using MCTS. Returning random move noop.
LOG 1641836804739 [L3]: Starting move selection for game step 6 with available time 0ms.
LOG 1641836804740 [L3]: No time to select next move using MCTS. Returning random move ( move 2 8 3 6 ).
LOG 1641836804743 [L3]: Starting move selection for game step 7 with available time 0ms.
LOG 1641836804743 [L3]: No time to select next move using MCTS. Returning random move noop.
LOG 1641836804746 [L3]: Starting move selection for game step 8 with available time 0ms.
LOG 1641836804747 [L3]: No time to select next move using MCTS. Returning random move ( move 7 7 8 5 ).
LOG 1641836804750 [L3]: Starting move selection for game step 9 with available time 0ms.
LOG 1641836804750 [L3]: No time to select next move using MCTS. Returning random move noop.
LOG 1641836804753 [L3]: Starting move selection for game step 10 with available time 0ms.
LOG 1641836804753 [L3]: No time to select next move using MCTS. Returning random move ( move 3 8 2 6 ).
LOG 1641836804756 [L3]: Starting move selection for game step 11 with available time 0ms.
LOG 1641836804757 [L3]: No time to select next move using MCTS. Returning random move noop.
LOG 1641836804760 [L3]: Starting move selection for game step 12 with available time 0ms.
LOG 1641836804760 [L3]: No time to select next move using MCTS. Returning random move ( move 1 7 2 5 ).
LOG 1641836804763 [L3]: Starting move selection for game step 13 with available time 0ms.
LOG 1641836804764 [L3]: No time to select next move using MCTS. Returning random move noop.
LOG 1641836804766 [L3]: Starting move selection for game step 14 with available time 0ms.
LOG 1641836804767 [L3]: No time to select next move using MCTS. Returning random move ( move 5 5 7 4 ).
LOG 1641836804770 [L3]: Starting move selection for game step 15 with available time 0ms.
LOG 1641836804770 [L3]: No time to select next move using MCTS. Returning random move noop.
LOG 1641836804773 [L3]: Starting move selection for game step 16 with available time 0ms.
LOG 1641836804774 [L3]: No time to select next move using MCTS. Returning random move ( move 7 8 6 6 ).
LOG 1641836804777 [L3]: Starting move selection for game step 17 with available time 0ms.
LOG 1641836804777 [L3]: No time to select next move using MCTS. Returning random move noop.
LOG 1641836804780 [L3]: Starting move selection for game step 18 with available time 0ms.
LOG 1641836804780 [L3]: No time to select next move using MCTS. Returning random move ( move 7 4 5 3 ).
LOG 1641836804783 [L3]: Starting move selection for game step 19 with available time 0ms.
LOG 1641836804784 [L3]: No time to select next move using MCTS. Returning random move noop.
LOG 1641836804787 [L3]: Starting move selection for game step 20 with available time 0ms.
LOG 1641836804787 [L3]: No time to select next move using MCTS. Returning random move ( move 8 7 7 5 ).
LOG 1641836804790 [L3]: Starting move selection for game step 21 with available time 0ms.
LOG 1641836804790 [L3]: No time to select next move using MCTS. Returning random move noop.
