LOG 1641832777308 [L3]: Returning initial state machine.
LOG 1641832777308 [L3]: Returning PropNet state machine without cache.
LOG 1641832777309 [L3]: Starting metagame with available thinking time 4991ms.
LOG 1641832777310 [L3]: Starting search during metagame.
LOG 1641832782300 [L3]: Done searching during metagame.
LOG 1641832782303 [L3]: Starting move selection for game step 1 with available time 0ms.
LOG 1641832782303 [L3]: No time to select next move using MCTS. Returning random move noop.
LOG 1641832782306 [L3]: Starting move selection for game step 2 with available time 0ms.
LOG 1641832782309 [L3]: No time to select next move using MCTS. Returning random move ( drop 2 ).
LOG 1641832782315 [L3]: Starting move selection for game step 3 with available time -1ms.
LOG 1641832782323 [L3]: No time to select next move using MCTS. Returning random move noop.
LOG 1641832782328 [L3]: Starting move selection for game step 4 with available time 0ms.
LOG 1641832782331 [L3]: No time to select next move using MCTS. Returning random move ( drop 1 ).
LOG 1641832782338 [L3]: Starting move selection for game step 5 with available time 0ms.
LOG 1641832782338 [L3]: No time to select next move using MCTS. Returning random move noop.
LOG 1641832782342 [L3]: Starting move selection for game step 6 with available time 0ms.
LOG 1641832782342 [L3]: No time to select next move using MCTS. Returning random move ( drop 2 ).
LOG 1641832782346 [L3]: Starting move selection for game step 7 with available time 0ms.
LOG 1641832782346 [L3]: No time to select next move using MCTS. Returning random move noop.
LOG 1641832782350 [L3]: Starting move selection for game step 8 with available time 0ms.
LOG 1641832782350 [L3]: No time to select next move using MCTS. Returning random move ( drop 7 ).
LOG 1641832782354 [L3]: Starting move selection for game step 9 with available time 0ms.
LOG 1641832782354 [L3]: No time to select next move using MCTS. Returning random move noop.
LOG 1641832782358 [L3]: Starting move selection for game step 10 with available time 0ms.
LOG 1641832782358 [L3]: No time to select next move using MCTS. Returning random move ( drop 6 ).
LOG 1641832782362 [L3]: Starting move selection for game step 11 with available time 0ms.
LOG 1641832782362 [L3]: No time to select next move using MCTS. Returning random move noop.
LOG 1641832782365 [L3]: Starting move selection for game step 12 with available time 0ms.
LOG 1641832782366 [L3]: No time to select next move using MCTS. Returning random move ( drop 5 ).
LOG 1641832782369 [L3]: Starting move selection for game step 13 with available time 0ms.
LOG 1641832782369 [L3]: No time to select next move using MCTS. Returning random move noop.
LOG 1641832782373 [L3]: Starting move selection for game step 14 with available time 0ms.
LOG 1641832782373 [L3]: No time to select next move using MCTS. Returning random move ( drop 7 ).
LOG 1641832782377 [L3]: Starting move selection for game step 15 with available time 0ms.
LOG 1641832782377 [L3]: No time to select next move using MCTS. Returning random move noop.
LOG 1641832782381 [L3]: Starting move selection for game step 16 with available time 0ms.
LOG 1641832782381 [L3]: No time to select next move using MCTS. Returning random move ( drop 1 ).
LOG 1641832782385 [L3]: Starting move selection for game step 17 with available time 0ms.
LOG 1641832782385 [L3]: No time to select next move using MCTS. Returning random move noop.
LOG 1641832782389 [L3]: Starting move selection for game step 18 with available time 0ms.
LOG 1641832782390 [L3]: No time to select next move using MCTS. Returning random move ( drop 1 ).
LOG 1641832782393 [L3]: Starting move selection for game step 19 with available time 0ms.
LOG 1641832782393 [L3]: No time to select next move using MCTS. Returning random move noop.
LOG 1641832782397 [L3]: Starting move selection for game step 20 with available time 0ms.
LOG 1641832782397 [L3]: No time to select next move using MCTS. Returning random move ( drop 1 ).
