LOG 1641833321734 [L3]: Returning initial state machine.
LOG 1641833321734 [L3]: Returning PropNet state machine without cache.
LOG 1641833321736 [L3]: Starting metagame with available thinking time 4994ms.
LOG 1641833321738 [L3]: Starting search during metagame.
LOG 1641833326730 [L3]: Done searching during metagame.
LOG 1641833326734 [L3]: Starting move selection for game step 1 with available time 0ms.
LOG 1641833326734 [L3]: No time to select next move using MCTS. Returning random move ( drop 1 ).
LOG 1641833326739 [L3]: Starting move selection for game step 2 with available time 0ms.
LOG 1641833326742 [L3]: No time to select next move using MCTS. Returning random move noop.
LOG 1641833326750 [L3]: Starting move selection for game step 3 with available time 0ms.
LOG 1641833326755 [L3]: No time to select next move using MCTS. Returning random move ( drop 4 ).
LOG 1641833326793 [L3]: Starting move selection for game step 4 with available time 0ms.
LOG 1641833326796 [L3]: No time to select next move using MCTS. Returning random move noop.
LOG 1641833326806 [L3]: Starting move selection for game step 5 with available time 0ms.
LOG 1641833326807 [L3]: No time to select next move using MCTS. Returning random move ( drop 5 ).
LOG 1641833326811 [L3]: Starting move selection for game step 6 with available time 0ms.
LOG 1641833326811 [L3]: No time to select next move using MCTS. Returning random move noop.
LOG 1641833326816 [L3]: Starting move selection for game step 7 with available time 0ms.
LOG 1641833326816 [L3]: No time to select next move using MCTS. Returning random move ( drop 2 ).
LOG 1641833326822 [L3]: Starting move selection for game step 8 with available time 0ms.
LOG 1641833326823 [L3]: No time to select next move using MCTS. Returning random move noop.
LOG 1641833326827 [L3]: Starting move selection for game step 9 with available time 0ms.
LOG 1641833326828 [L3]: No time to select next move using MCTS. Returning random move ( drop 7 ).
LOG 1641833326832 [L3]: Starting move selection for game step 10 with available time 0ms.
LOG 1641833326832 [L3]: No time to select next move using MCTS. Returning random move noop.
LOG 1641833326836 [L3]: Starting move selection for game step 11 with available time 0ms.
LOG 1641833326836 [L3]: No time to select next move using MCTS. Returning random move ( drop 6 ).
LOG 1641833326842 [L3]: Starting move selection for game step 12 with available time 0ms.
LOG 1641833326842 [L3]: No time to select next move using MCTS. Returning random move noop.
LOG 1641833326847 [L3]: Starting move selection for game step 13 with available time 0ms.
LOG 1641833326847 [L3]: No time to select next move using MCTS. Returning random move ( drop 3 ).
LOG 1641833326853 [L3]: Starting move selection for game step 14 with available time 0ms.
LOG 1641833326853 [L3]: No time to select next move using MCTS. Returning random move noop.
LOG 1641833326858 [L3]: Starting move selection for game step 15 with available time 0ms.
LOG 1641833326859 [L3]: No time to select next move using MCTS. Returning random move ( drop 1 ).
LOG 1641833326863 [L3]: Starting move selection for game step 16 with available time 0ms.
LOG 1641833326863 [L3]: No time to select next move using MCTS. Returning random move noop.
LOG 1641833326867 [L3]: Starting move selection for game step 17 with available time 0ms.
LOG 1641833326868 [L3]: No time to select next move using MCTS. Returning random move ( drop 3 ).
LOG 1641833326872 [L3]: Starting move selection for game step 18 with available time 0ms.
LOG 1641833326872 [L3]: No time to select next move using MCTS. Returning random move noop.
LOG 1641833326877 [L3]: Starting move selection for game step 19 with available time 0ms.
LOG 1641833326877 [L3]: No time to select next move using MCTS. Returning random move ( drop 1 ).
LOG 1641833326881 [L3]: Starting move selection for game step 20 with available time 0ms.
LOG 1641833326882 [L3]: No time to select next move using MCTS. Returning random move noop.
LOG 1641833326887 [L3]: Starting move selection for game step 21 with available time 0ms.
LOG 1641833326888 [L3]: No time to select next move using MCTS. Returning random move ( drop 3 ).
LOG 1641833326893 [L3]: Starting move selection for game step 22 with available time 0ms.
LOG 1641833326893 [L3]: No time to select next move using MCTS. Returning random move noop.
LOG 1641833326898 [L3]: Starting move selection for game step 23 with available time 0ms.
LOG 1641833326899 [L3]: No time to select next move using MCTS. Returning random move ( drop 3 ).
