LOG 1641834498881 [L3]: Started match logging at: Mon Jan 10 18:08:18 CET 2022
LOG 1641834498889 [L3]: Game rules: [( role white ), ( role black ), ( <= ( base ( cellHolds ?x ?y ?p ) ) ( index ?x ) ( index ?y ) ( role ?p ) ), ( <= ( base ( control ?p ) ) ( role ?p ) ), ( <= ( input ?p noop ) ( role ?p ) ), ( <= ( input white ( move ?x ?y1 ?x ?y2 ) ) ( index ?x ) ( succ ?y1 ?y2 ) ), ( <= ( input white ( move ?x1 ?y1 ?x2 ?y2 ) ) ( succ ?y1 ?y2 ) ( succ ?x1 ?x2 ) ), ( <= ( input white ( move ?x1 ?y1 ?x2 ?y2 ) ) ( succ ?y1 ?y2 ) ( succ ?x2 ?x1 ) ), ( <= ( input black ( move ?x ?y1 ?x ?y2 ) ) ( index ?x ) ( succ ?y2 ?y1 ) ), ( <= ( input black ( move ?x1 ?y1 ?x2 ?y2 ) ) ( succ ?y2 ?y1 ) ( succ ?x1 ?x2 ) ), ( <= ( input black ( move ?x1 ?y1 ?x2 ?y2 ) ) ( succ ?y2 ?y1 ) ( succ ?x2 ?x1 ) ), ( init ( cellHolds 1 1 white ) ), ( init ( cellHolds 2 1 white ) ), ( init ( cellHolds 3 1 white ) ), ( init ( cellHolds 4 1 white ) ), ( init ( cellHolds 5 1 white ) ), ( init ( cellHolds 6 1 white ) ), ( init ( cellHolds 7 1 white ) ), ( init ( cellHolds 8 1 white ) ), ( init ( cellHolds 1 2 white ) ), ( init ( cellHolds 2 2 white ) ), ( init ( cellHolds 3 2 white ) ), ( init ( cellHolds 4 2 white ) ), ( init ( cellHolds 5 2 white ) ), ( init ( cellHolds 6 2 white ) ), ( init ( cellHolds 7 2 white ) ), ( init ( cellHolds 8 2 white ) ), ( init ( cellHolds 1 7 black ) ), ( init ( cellHolds 2 7 black ) ), ( init ( cellHolds 3 7 black ) ), ( init ( cellHolds 4 7 black ) ), ( init ( cellHolds 5 7 black ) ), ( init ( cellHolds 6 7 black ) ), ( init ( cellHolds 7 7 black ) ), ( init ( cellHolds 8 7 black ) ), ( init ( cellHolds 1 8 black ) ), ( init ( cellHolds 2 8 black ) ), ( init ( cellHolds 3 8 black ) ), ( init ( cellHolds 4 8 black ) ), ( init ( cellHolds 5 8 black ) ), ( init ( cellHolds 6 8 black ) ), ( init ( cellHolds 7 8 black ) ), ( init ( cellHolds 8 8 black ) ), ( init ( control white ) ), ( <= ( legal white ( move ?x ?y1 ?x ?y2 ) ) ( true ( control white ) ) ( true ( cellHolds ?x ?y1 white ) ) ( succ ?y1 ?y2 ) ( cellEmpty ?x ?y2 ) ), ( <= ( legal white ( move ?x1 ?y1 ?x2 ?y2 ) ) ( true ( control white ) ) ( true ( cellHolds ?x1 ?y1 white ) ) ( succ ?y1 ?y2 ) ( succ ?x1 ?x2 ) ( not ( true ( cellHolds ?x2 ?y2 white ) ) ) ), ( <= ( legal white ( move ?x1 ?y1 ?x2 ?y2 ) ) ( true ( control white ) ) ( true ( cellHolds ?x1 ?y1 white ) ) ( succ ?y1 ?y2 ) ( succ ?x2 ?x1 ) ( not ( true ( cellHolds ?x2 ?y2 white ) ) ) ), ( <= ( legal black ( move ?x ?y1 ?x ?y2 ) ) ( true ( control black ) ) ( true ( cellHolds ?x ?y1 black ) ) ( succ ?y2 ?y1 ) ( cellEmpty ?x ?y2 ) ), ( <= ( legal black ( move ?x1 ?y1 ?x2 ?y2 ) ) ( true ( control black ) ) ( true ( cellHolds ?x1 ?y1 black ) ) ( succ ?y2 ?y1 ) ( succ ?x1 ?x2 ) ( not ( true ( cellHolds ?x2 ?y2 black ) ) ) ), ( <= ( legal black ( move ?x1 ?y1 ?x2 ?y2 ) ) ( true ( control black ) ) ( true ( cellHolds ?x1 ?y1 black ) ) ( succ ?y2 ?y1 ) ( succ ?x2 ?x1 ) ( not ( true ( cellHolds ?x2 ?y2 black ) ) ) ), ( <= ( legal white noop ) ( true ( control black ) ) ), ( <= ( legal black noop ) ( true ( control white ) ) ), ( <= ( next ( cellHolds ?x2 ?y2 ?player ) ) ( role ?player ) ( does ?player ( move ?x1 ?y1 ?x2 ?y2 ) ) ), ( <= ( next ( cellHolds ?x3 ?y3 ?state ) ) ( true ( cellHolds ?x3 ?y3 ?state ) ) ( role ?player ) ( does ?player ( move ?x1 ?y1 ?x2 ?y2 ) ) ( distinctCell ?x1 ?y1 ?x3 ?y3 ) ( distinctCell ?x2 ?y2 ?x3 ?y3 ) ), ( <= ( next ( control white ) ) ( true ( control black ) ) ), ( <= ( next ( control black ) ) ( true ( control white ) ) ), ( <= terminal whiteWin ), ( <= terminal blackWin ), ( <= ( goal white 100 ) whiteWin ), ( <= ( goal white 0 ) ( not whiteWin ) ), ( <= ( goal black 100 ) blackWin ), ( <= ( goal black 0 ) ( not blackWin ) ), ( <= ( cell ?x ?y ) ( index ?x ) ( index ?y ) ), ( <= ( cellEmpty ?x ?y ) ( cell ?x ?y ) ( not ( true ( cellHolds ?x ?y white ) ) ) ( not ( true ( cellHolds ?x ?y black ) ) ) ), ( <= ( distinctCell ?x1 ?y1 ?x2 ?y2 ) ( cell ?x1 ?y1 ) ( cell ?x2 ?y2 ) ( distinct ?x1 ?x2 ) ), ( <= ( distinctCell ?x1 ?y1 ?x2 ?y2 ) ( cell ?x1 ?y1 ) ( cell ?x2 ?y2 ) ( distinct ?y1 ?y2 ) ), ( <= whiteWin ( index ?x ) ( true ( cellHolds ?x 8 white ) ) ), ( <= blackWin ( index ?x ) ( true ( cellHolds ?x 1 black ) ) ), ( <= whiteWin ( not blackCell ) ), ( <= blackWin ( not whiteCell ) ), ( <= whiteCell ( cell ?x ?y ) ( true ( cellHolds ?x ?y white ) ) ), ( <= blackCell ( cell ?x ?y ) ( true ( cellHolds ?x ?y black ) ) ), ( index 1 ), ( index 2 ), ( index 3 ), ( index 4 ), ( index 5 ), ( index 6 ), ( index 7 ), ( index 8 ), ( succ 1 2 ), ( succ 2 3 ), ( succ 3 4 ), ( succ 4 5 ), ( succ 5 6 ), ( succ 6 7 ), ( succ 7 8 )]
LOG 1641834498890 [L3]: Start clock: 15
LOG 1641834498890 [L3]: Play clock: 10
LOG 1641834503882 [L0]: [Sent at 1641834503882] ready
LOG 1641834503885 [L0]: [Received at 1641834503885] ( PLAY 30.breakthrough.1641834498691 NIL )
LOG 1641834503886 [L0]: [Sent at 1641834503886] ( move 4 2 3 3 )
LOG 1641834503890 [L0]: [Received at 1641834503890] ( PLAY 30.breakthrough.1641834498691 (( move 4 2 3 3 ) noop ) )
LOG 1641834503894 [L0]: [Sent at 1641834503894] noop
LOG 1641834503897 [L0]: [Received at 1641834503897] ( PLAY 30.breakthrough.1641834498691 (noop ( move 4 7 4 6 ) ) )
LOG 1641834503908 [L0]: [Sent at 1641834503908] ( move 4 1 4 2 )
LOG 1641834503911 [L0]: [Received at 1641834503911] ( PLAY 30.breakthrough.1641834498691 (( move 4 1 4 2 ) noop ) )
LOG 1641834503918 [L0]: [Sent at 1641834503918] noop
LOG 1641834503921 [L0]: [Received at 1641834503921] ( PLAY 30.breakthrough.1641834498691 (noop ( move 4 8 4 7 ) ) )
LOG 1641834503922 [L0]: [Sent at 1641834503922] ( move 3 3 4 4 )
LOG 1641834503925 [L0]: [Received at 1641834503925] ( PLAY 30.breakthrough.1641834498691 (( move 3 3 4 4 ) noop ) )
LOG 1641834503926 [L0]: [Sent at 1641834503926] noop
LOG 1641834503929 [L0]: [Received at 1641834503929] ( PLAY 30.breakthrough.1641834498691 (noop ( move 3 7 2 6 ) ) )
LOG 1641834503930 [L0]: [Sent at 1641834503930] ( move 3 2 2 3 )
LOG 1641834503933 [L0]: [Received at 1641834503933] ( PLAY 30.breakthrough.1641834498691 (( move 3 2 2 3 ) noop ) )
LOG 1641834503934 [L0]: [Sent at 1641834503934] noop
LOG 1641834503937 [L0]: [Received at 1641834503937] ( PLAY 30.breakthrough.1641834498691 (noop ( move 6 7 7 6 ) ) )
LOG 1641834503939 [L0]: [Sent at 1641834503939] ( move 4 4 4 5 )
LOG 1641834503941 [L0]: [Received at 1641834503941] ( PLAY 30.breakthrough.1641834498691 (( move 4 4 4 5 ) noop ) )
LOG 1641834503943 [L0]: [Sent at 1641834503943] noop
LOG 1641834503946 [L0]: [Received at 1641834503946] ( PLAY 30.breakthrough.1641834498691 (noop ( move 2 6 2 5 ) ) )
LOG 1641834503947 [L0]: [Sent at 1641834503947] ( move 2 3 1 4 )
LOG 1641834503950 [L0]: [Received at 1641834503950] ( PLAY 30.breakthrough.1641834498691 (( move 2 3 1 4 ) noop ) )
LOG 1641834503951 [L0]: [Sent at 1641834503951] noop
LOG 1641834503954 [L0]: [Received at 1641834503954] ( PLAY 30.breakthrough.1641834498691 (noop ( move 7 7 8 6 ) ) )
LOG 1641834503955 [L0]: [Sent at 1641834503955] ( move 4 5 3 6 )
LOG 1641834503957 [L0]: [Received at 1641834503957] ( PLAY 30.breakthrough.1641834498691 (( move 4 5 3 6 ) noop ) )
LOG 1641834503959 [L0]: [Sent at 1641834503959] noop
LOG 1641834503961 [L0]: [Received at 1641834503961] ( PLAY 30.breakthrough.1641834498691 (noop ( move 4 7 3 6 ) ) )
LOG 1641834503962 [L0]: [Sent at 1641834503962] ( move 1 2 1 3 )
LOG 1641834503966 [L0]: [Received at 1641834503966] ( PLAY 30.breakthrough.1641834498691 (( move 1 2 1 3 ) noop ) )
LOG 1641834503967 [L0]: [Sent at 1641834503967] noop
LOG 1641834503970 [L0]: [Received at 1641834503970] ( PLAY 30.breakthrough.1641834498691 (noop ( move 7 6 6 5 ) ) )
LOG 1641834503971 [L0]: [Sent at 1641834503971] ( move 1 1 1 2 )
LOG 1641834503974 [L0]: [Received at 1641834503974] ( PLAY 30.breakthrough.1641834498691 (( move 1 1 1 2 ) noop ) )
LOG 1641834503976 [L0]: [Sent at 1641834503976] noop
LOG 1641834503978 [L0]: [Received at 1641834503978] ( PLAY 30.breakthrough.1641834498691 (noop ( move 4 6 3 5 ) ) )
LOG 1641834503980 [L0]: [Sent at 1641834503980] ( move 1 3 2 4 )
LOG 1641834503982 [L0]: [Received at 1641834503982] ( PLAY 30.breakthrough.1641834498691 (( move 1 3 2 4 ) noop ) )
LOG 1641834503984 [L0]: [Sent at 1641834503984] noop
LOG 1641834503986 [L0]: [Received at 1641834503986] ( PLAY 30.breakthrough.1641834498691 (noop ( move 5 7 6 6 ) ) )
LOG 1641834503988 [L0]: [Sent at 1641834503988] ( move 4 2 4 3 )
LOG 1641834503991 [L0]: [Received at 1641834503991] ( PLAY 30.breakthrough.1641834498691 (( move 4 2 4 3 ) noop ) )
LOG 1641834503992 [L0]: [Sent at 1641834503992] noop
LOG 1641834503995 [L0]: [Received at 1641834503995] ( PLAY 30.breakthrough.1641834498691 (noop ( move 6 5 5 4 ) ) )
LOG 1641834503997 [L0]: [Sent at 1641834503997] ( move 3 1 3 2 )
LOG 1641834504015 [L0]: [Received at 1641834504015] ( PLAY 30.breakthrough.1641834498691 (( move 3 1 3 2 ) noop ) )
LOG 1641834504016 [L0]: [Sent at 1641834504016] noop
LOG 1641834504019 [L0]: [Received at 1641834504019] ( PLAY 30.breakthrough.1641834498691 (noop ( move 6 8 5 7 ) ) )
LOG 1641834504020 [L0]: [Sent at 1641834504020] ( move 4 3 4 4 )
LOG 1641834504023 [L0]: [Received at 1641834504023] ( PLAY 30.breakthrough.1641834498691 (( move 4 3 4 4 ) noop ) )
LOG 1641834504024 [L0]: [Sent at 1641834504024] noop
LOG 1641834504027 [L0]: [Received at 1641834504027] ( PLAY 30.breakthrough.1641834498691 (noop ( move 3 8 3 7 ) ) )
LOG 1641834504028 [L0]: [Sent at 1641834504028] ( move 7 2 8 3 )
LOG 1641834504032 [L0]: [Received at 1641834504032] ( PLAY 30.breakthrough.1641834498691 (( move 7 2 8 3 ) noop ) )
LOG 1641834504034 [L0]: [Sent at 1641834504034] noop
LOG 1641834504036 [L0]: [Received at 1641834504036] ( PLAY 30.breakthrough.1641834498691 (noop ( move 5 7 4 6 ) ) )
LOG 1641834504037 [L0]: [Sent at 1641834504037] ( move 3 2 3 3 )
LOG 1641834504041 [L0]: [Received at 1641834504041] ( PLAY 30.breakthrough.1641834498691 (( move 3 2 3 3 ) noop ) )
LOG 1641834504043 [L0]: [Sent at 1641834504043] noop
LOG 1641834504045 [L0]: [Received at 1641834504045] ( PLAY 30.breakthrough.1641834498691 (noop ( move 2 7 1 6 ) ) )
LOG 1641834504047 [L0]: [Sent at 1641834504047] ( move 8 3 7 4 )
LOG 1641834504049 [L0]: [Received at 1641834504049] ( PLAY 30.breakthrough.1641834498691 (( move 8 3 7 4 ) noop ) )
LOG 1641834504051 [L0]: [Sent at 1641834504051] noop
LOG 1641834504053 [L0]: [Received at 1641834504053] ( PLAY 30.breakthrough.1641834498691 (noop ( move 3 5 2 4 ) ) )
LOG 1641834504055 [L0]: [Sent at 1641834504055] ( move 2 2 2 3 )
LOG 1641834504059 [L0]: [Received at 1641834504059] ( PLAY 30.breakthrough.1641834498691 (( move 2 2 2 3 ) noop ) )
LOG 1641834504061 [L0]: [Sent at 1641834504061] noop
LOG 1641834504065 [L0]: [Received at 1641834504065] ( PLAY 30.breakthrough.1641834498691 (noop ( move 2 5 3 4 ) ) )
LOG 1641834504066 [L0]: [Sent at 1641834504066] ( move 7 4 8 5 )
LOG 1641834504070 [L0]: [Received at 1641834504070] ( PLAY 30.breakthrough.1641834498691 (( move 7 4 8 5 ) noop ) )
LOG 1641834504071 [L0]: [Sent at 1641834504071] noop
LOG 1641834504074 [L0]: [Received at 1641834504074] ( PLAY 30.breakthrough.1641834498691 (noop ( move 3 6 2 5 ) ) )
LOG 1641834504075 [L0]: [Sent at 1641834504075] ( move 2 1 2 2 )
LOG 1641834504078 [L0]: [Received at 1641834504078] ( PLAY 30.breakthrough.1641834498691 (( move 2 1 2 2 ) noop ) )
LOG 1641834504080 [L0]: [Sent at 1641834504080] noop
LOG 1641834504083 [L0]: [Received at 1641834504083] ( PLAY 30.breakthrough.1641834498691 (noop ( move 6 6 5 5 ) ) )
LOG 1641834504084 [L0]: [Sent at 1641834504084] ( move 4 4 3 5 )
LOG 1641834504087 [L0]: [Received at 1641834504087] ( PLAY 30.breakthrough.1641834498691 (( move 4 4 3 5 ) noop ) )
LOG 1641834504088 [L0]: [Sent at 1641834504088] noop
LOG 1641834504091 [L0]: [Received at 1641834504091] ( PLAY 30.breakthrough.1641834498691 (noop ( move 3 7 3 6 ) ) )
LOG 1641834504092 [L0]: [Sent at 1641834504092] ( move 6 2 7 3 )
LOG 1641834504095 [L0]: [Received at 1641834504095] ( PLAY 30.breakthrough.1641834498691 (( move 6 2 7 3 ) noop ) )
LOG 1641834504096 [L0]: [Sent at 1641834504096] noop
LOG 1641834504099 [L0]: [Received at 1641834504099] ( PLAY 30.breakthrough.1641834498691 (noop ( move 8 8 7 7 ) ) )
LOG 1641834504101 [L0]: [Sent at 1641834504101] ( move 2 3 3 4 )
LOG 1641834504103 [L0]: [Received at 1641834504103] ( PLAY 30.breakthrough.1641834498691 (( move 2 3 3 4 ) noop ) )
LOG 1641834504105 [L0]: [Sent at 1641834504105] noop
LOG 1641834504107 [L0]: [Received at 1641834504107] ( PLAY 30.breakthrough.1641834498691 (noop ( move 5 4 4 3 ) ) )
LOG 1641834504109 [L0]: [Sent at 1641834504109] ( move 3 3 4 4 )
LOG 1641834504111 [L0]: [Received at 1641834504111] ( PLAY 30.breakthrough.1641834498691 (( move 3 3 4 4 ) noop ) )
LOG 1641834504112 [L0]: [Sent at 1641834504112] noop
LOG 1641834504115 [L0]: [Received at 1641834504115] ( PLAY 30.breakthrough.1641834498691 (noop ( move 1 6 1 5 ) ) )
LOG 1641834504117 [L0]: [Sent at 1641834504117] ( move 7 1 6 2 )
LOG 1641834504120 [L0]: [Received at 1641834504120] ( PLAY 30.breakthrough.1641834498691 (( move 7 1 6 2 ) noop ) )
LOG 1641834504121 [L0]: [Sent at 1641834504121] noop
LOG 1641834504124 [L0]: [Received at 1641834504124] ( PLAY 30.breakthrough.1641834498691 (noop ( move 2 4 2 3 ) ) )
LOG 1641834504125 [L0]: [Sent at 1641834504125] ( move 5 2 4 3 )
LOG 1641834504128 [L0]: [Received at 1641834504128] ( PLAY 30.breakthrough.1641834498691 (( move 5 2 4 3 ) noop ) )
LOG 1641834504130 [L0]: [Sent at 1641834504130] noop
LOG 1641834504132 [L0]: [Received at 1641834504132] ( PLAY 30.breakthrough.1641834498691 (noop ( move 2 8 2 7 ) ) )
LOG 1641834504134 [L0]: [Sent at 1641834504134] ( move 4 3 5 4 )
LOG 1641834504136 [L0]: [Received at 1641834504136] ( PLAY 30.breakthrough.1641834498691 (( move 4 3 5 4 ) noop ) )
LOG 1641834504138 [L0]: [Sent at 1641834504138] noop
LOG 1641834504141 [L0]: [Received at 1641834504141] ( PLAY 30.breakthrough.1641834498691 (noop ( move 1 7 2 6 ) ) )
LOG 1641834504143 [L0]: [Sent at 1641834504143] ( move 5 1 4 2 )
LOG 1641834504145 [L0]: [Received at 1641834504145] ( PLAY 30.breakthrough.1641834498691 (( move 5 1 4 2 ) noop ) )
LOG 1641834504147 [L0]: [Sent at 1641834504147] noop
LOG 1641834504149 [L0]: [Received at 1641834504149] ( PLAY 30.breakthrough.1641834498691 (noop ( move 1 8 1 7 ) ) )
LOG 1641834504151 [L0]: [Sent at 1641834504151] ( move 6 1 7 2 )
LOG 1641834504154 [L0]: [Received at 1641834504154] ( PLAY 30.breakthrough.1641834498691 (( move 6 1 7 2 ) noop ) )
LOG 1641834504156 [L0]: [Sent at 1641834504156] noop
LOG 1641834504160 [L0]: [Received at 1641834504160] ( PLAY 30.breakthrough.1641834498691 (noop ( move 5 8 4 7 ) ) )
LOG 1641834504161 [L0]: [Sent at 1641834504161] ( move 8 2 8 3 )
LOG 1641834504164 [L0]: [Received at 1641834504164] ( PLAY 30.breakthrough.1641834498691 (( move 8 2 8 3 ) noop ) )
LOG 1641834504165 [L0]: [Sent at 1641834504165] noop
LOG 1641834504168 [L0]: [Received at 1641834504168] ( PLAY 30.breakthrough.1641834498691 (noop ( move 4 7 5 6 ) ) )
LOG 1641834504169 [L0]: [Sent at 1641834504169] ( move 8 3 7 4 )
LOG 1641834504173 [L0]: [Received at 1641834504173] ( PLAY 30.breakthrough.1641834498691 (( move 8 3 7 4 ) noop ) )
LOG 1641834504174 [L0]: [Sent at 1641834504174] noop
LOG 1641834504176 [L0]: [Received at 1641834504176] ( PLAY 30.breakthrough.1641834498691 (noop ( move 1 7 1 6 ) ) )
LOG 1641834504178 [L0]: [Sent at 1641834504178] ( move 7 2 6 3 )
LOG 1641834504180 [L0]: [Received at 1641834504180] ( PLAY 30.breakthrough.1641834498691 (( move 7 2 6 3 ) noop ) )
LOG 1641834504182 [L0]: [Sent at 1641834504182] noop
LOG 1641834504184 [L0]: [Received at 1641834504184] ( PLAY 30.breakthrough.1641834498691 (noop ( move 3 6 4 5 ) ) )
LOG 1641834504186 [L0]: [Sent at 1641834504186] ( move 4 2 3 3 )
LOG 1641834504189 [L0]: [Received at 1641834504189] ( PLAY 30.breakthrough.1641834498691 (( move 4 2 3 3 ) noop ) )
LOG 1641834504190 [L0]: [Sent at 1641834504190] noop
LOG 1641834504193 [L0]: [Received at 1641834504193] ( PLAY 30.breakthrough.1641834498691 (noop ( move 4 6 3 5 ) ) )
LOG 1641834504194 [L0]: [Sent at 1641834504194] ( move 6 2 5 3 )
LOG 1641834504197 [L0]: [Received at 1641834504197] ( PLAY 30.breakthrough.1641834498691 (( move 6 2 5 3 ) noop ) )
LOG 1641834504199 [L0]: [Sent at 1641834504199] noop
LOG 1641834504201 [L0]: [Received at 1641834504201] ( PLAY 30.breakthrough.1641834498691 (noop ( move 4 5 5 4 ) ) )
LOG 1641834504203 [L0]: [Sent at 1641834504203] ( move 1 2 2 3 )
LOG 1641834504206 [L0]: [Received at 1641834504206] ( PLAY 30.breakthrough.1641834498691 (( move 1 2 2 3 ) noop ) )
LOG 1641834504207 [L0]: [Sent at 1641834504207] noop
LOG 1641834504209 [L0]: [Received at 1641834504209] ( PLAY 30.breakthrough.1641834498691 (noop ( move 7 7 7 6 ) ) )
LOG 1641834504211 [L0]: [Sent at 1641834504211] ( move 8 1 8 2 )
LOG 1641834504213 [L0]: [Received at 1641834504213] ( PLAY 30.breakthrough.1641834498691 (( move 8 1 8 2 ) noop ) )
LOG 1641834504214 [L0]: [Sent at 1641834504214] noop
LOG 1641834504217 [L0]: [Received at 1641834504217] ( PLAY 30.breakthrough.1641834498691 (noop ( move 3 5 2 4 ) ) )
LOG 1641834504218 [L0]: [Sent at 1641834504218] ( move 3 4 2 5 )
LOG 1641834504221 [L0]: [Received at 1641834504221] ( PLAY 30.breakthrough.1641834498691 (( move 3 4 2 5 ) noop ) )
LOG 1641834504222 [L0]: [Sent at 1641834504222] noop
LOG 1641834504224 [L0]: [Received at 1641834504224] ( PLAY 30.breakthrough.1641834498691 (noop ( move 2 7 3 6 ) ) )
LOG 1641834504226 [L0]: [Sent at 1641834504226] ( move 3 3 2 4 )
LOG 1641834504229 [L0]: [Received at 1641834504229] ( PLAY 30.breakthrough.1641834498691 (( move 3 3 2 4 ) noop ) )
LOG 1641834504230 [L0]: [Sent at 1641834504230] noop
LOG 1641834504232 [L0]: [Received at 1641834504232] ( PLAY 30.breakthrough.1641834498691 (noop ( move 3 6 2 5 ) ) )
LOG 1641834504233 [L0]: [Sent at 1641834504233] ( move 2 2 3 3 )
LOG 1641834504235 [L0]: [Received at 1641834504235] ( PLAY 30.breakthrough.1641834498691 (( move 2 2 3 3 ) noop ) )
LOG 1641834504237 [L0]: [Sent at 1641834504237] noop
LOG 1641834504239 [L0]: [Received at 1641834504239] ( PLAY 30.breakthrough.1641834498691 (noop ( move 7 8 6 7 ) ) )
LOG 1641834504240 [L0]: [Sent at 1641834504240] ( move 7 3 8 4 )
LOG 1641834504242 [L0]: [Received at 1641834504242] ( PLAY 30.breakthrough.1641834498691 (( move 7 3 8 4 ) noop ) )
LOG 1641834504244 [L0]: [Sent at 1641834504244] noop
LOG 1641834504246 [L0]: [Received at 1641834504246] ( PLAY 30.breakthrough.1641834498691 (noop ( move 5 5 6 4 ) ) )
LOG 1641834504247 [L0]: [Sent at 1641834504247] ( move 4 4 3 5 )
LOG 1641834504250 [L0]: [Received at 1641834504250] ( PLAY 30.breakthrough.1641834498691 (( move 4 4 3 5 ) noop ) )
LOG 1641834504251 [L0]: [Sent at 1641834504251] noop
LOG 1641834504254 [L0]: [Received at 1641834504254] ( PLAY 30.breakthrough.1641834498691 (noop ( move 8 6 7 5 ) ) )
LOG 1641834504255 [L0]: [Sent at 1641834504255] ( move 3 3 3 4 )
LOG 1641834504257 [L0]: [Received at 1641834504257] ( PLAY 30.breakthrough.1641834498691 (( move 3 3 3 4 ) noop ) )
LOG 1641834504258 [L0]: [Sent at 1641834504258] noop
LOG 1641834504261 [L0]: [Received at 1641834504261] ( PLAY 30.breakthrough.1641834498691 (noop ( move 8 7 8 6 ) ) )
LOG 1641834504263 [L0]: [Sent at 1641834504263] ( move 3 5 2 6 )
LOG 1641834504265 [L0]: [Received at 1641834504265] ( PLAY 30.breakthrough.1641834498691 (( move 3 5 2 6 ) noop ) )
LOG 1641834504266 [L0]: [Sent at 1641834504266] noop
LOG 1641834504269 [L0]: [Received at 1641834504269] ( PLAY 30.breakthrough.1641834498691 (noop ( move 5 4 6 3 ) ) )
LOG 1641834504271 [L0]: [Sent at 1641834504271] ( move 5 3 4 4 )
LOG 1641834504273 [L0]: [Received at 1641834504273] ( PLAY 30.breakthrough.1641834498691 (( move 5 3 4 4 ) noop ) )
LOG 1641834504274 [L0]: [Sent at 1641834504274] noop
LOG 1641834504276 [L0]: [Received at 1641834504276] ( PLAY 30.breakthrough.1641834498691 (noop ( move 2 5 3 4 ) ) )
LOG 1641834504277 [L0]: [Sent at 1641834504277] ( move 2 6 1 7 )
LOG 1641834504279 [L0]: [Received at 1641834504279] ( PLAY 30.breakthrough.1641834498691 (( move 2 6 1 7 ) noop ) )
LOG 1641834504280 [L0]: [Sent at 1641834504280] noop
LOG 1641834504282 [L0]: [Received at 1641834504282] ( PLAY 30.breakthrough.1641834498691 (noop ( move 7 5 8 4 ) ) )
LOG 1641834504283 [L0]: [Sent at 1641834504283] ( move 7 4 6 5 )
LOG 1641834504295 [L0]: [Received at 1641834504295] ( PLAY 30.breakthrough.1641834498691 (( move 7 4 6 5 ) noop ) )
LOG 1641834504296 [L0]: [Sent at 1641834504296] noop
LOG 1641834504299 [L0]: [Received at 1641834504299] ( PLAY 30.breakthrough.1641834498691 (noop ( move 3 4 4 3 ) ) )
LOG 1641834504300 [L0]: [Sent at 1641834504300] ( move 1 4 2 5 )
LOG 1641834504302 [L0]: [Received at 1641834504302] ( PLAY 30.breakthrough.1641834498691 (( move 1 4 2 5 ) noop ) )
LOG 1641834504303 [L0]: [Sent at 1641834504303] noop
LOG 1641834504305 [L0]: [Received at 1641834504305] ( PLAY 30.breakthrough.1641834498691 (noop ( move 6 4 5 3 ) ) )
LOG 1641834504306 [L0]: [Sent at 1641834504306] ( move 2 4 3 5 )
LOG 1641834504308 [L0]: [Received at 1641834504308] ( PLAY 30.breakthrough.1641834498691 (( move 2 4 3 5 ) noop ) )
LOG 1641834504309 [L0]: [Sent at 1641834504309] noop
LOG 1641834504311 [L0]: [Received at 1641834504311] ( PLAY 30.breakthrough.1641834498691 (noop ( move 5 3 4 2 ) ) )
LOG 1641834504313 [L0]: [Sent at 1641834504313] ( move 3 5 3 6 )
LOG 1641834504315 [L0]: [Received at 1641834504315] ( PLAY 30.breakthrough.1641834498691 (( move 3 5 3 6 ) noop ) )
LOG 1641834504316 [L0]: [Sent at 1641834504316] noop
LOG 1641834504318 [L0]: [Received at 1641834504318] ( STOP 30.breakthrough.1641834498691 (noop ( move 4 2 4 1 ) ) )
LOG 1641834504319 [L3]: Stopped logging to files at: Mon Jan 10 18:08:24 CET 2022
LOG 1641834504320 [L3]: LOG SEALED
