LOG 1641908099069 [L3]: Returning initial state machine.
LOG 1641908099070 [L3]: Returning PropNet state machine without cache.
LOG 1641908099071 [L3]: Starting metagame with available thinking time 4989ms.
LOG 1641908099072 [L3]: Starting search during metagame.
LOG 1641908104060 [L3]: Done searching during metagame.
LOG 1641908104101 [L3]: Starting move selection for game step 1 with available time 10000ms.
LOG 1641908104102 [L3]: Selecting move using MCTS.
LOG 1641908114104 [L3]: Starting move selection for game step 2 with available time 10000ms.
LOG 1641908114108 [L3]: Selecting move using MCTS.
LOG 1641908124107 [L3]: Starting move selection for game step 3 with available time 10000ms.
LOG 1641908124111 [L3]: Selecting move using MCTS.
LOG 1641908134117 [L3]: Starting move selection for game step 4 with available time 10000ms.
LOG 1641908134123 [L3]: Selecting move using MCTS.
LOG 1641908144120 [L3]: Starting move selection for game step 5 with available time 10000ms.
LOG 1641908144121 [L3]: Selecting move using MCTS.
LOG 1641908154123 [L3]: Starting move selection for game step 6 with available time 10000ms.
LOG 1641908154124 [L3]: Selecting move using MCTS.
LOG 1641908164126 [L3]: Starting move selection for game step 7 with available time 10000ms.
LOG 1641908164127 [L3]: Selecting move using MCTS.
LOG 1641908174129 [L3]: Starting move selection for game step 8 with available time 10000ms.
LOG 1641908174130 [L3]: Selecting move using MCTS.
LOG 1641908184132 [L3]: Starting move selection for game step 9 with available time 10000ms.
LOG 1641908184133 [L3]: Selecting move using MCTS.
LOG 1641908194136 [L3]: Starting move selection for game step 10 with available time 10000ms.
LOG 1641908194136 [L3]: Selecting move using MCTS.
LOG 1641908204139 [L3]: Starting move selection for game step 11 with available time 10000ms.
LOG 1641908204140 [L3]: Selecting move using MCTS.
