LOG 1641842578369 [L3]: Returning initial state machine.
LOG 1641842578369 [L3]: Returning PropNet state machine without cache.
LOG 1641842578370 [L3]: Starting metagame with available thinking time 4996ms.
LOG 1641842578372 [L3]: Starting search during metagame.
LOG 1641842584555 [L3]: Done searching during metagame.
LOG 1641842584558 [L3]: Starting move selection for game step 1 with available time 0ms.
LOG 1641842584558 [L3]: No time to select next move using MCTS. Returning random move ( block r5 c7 ).
LOG 1641842584561 [L3]: Starting move selection for game step 2 with available time 0ms.
LOG 1641842584561 [L3]: No time to select next move using MCTS. Returning random move ( block r6 c1 ).
LOG 1641842584564 [L3]: Starting move selection for game step 3 with available time 0ms.
LOG 1641842584570 [L3]: No time to select next move using MCTS. Returning random move ( block r4 c7 ).
LOG 1641842584574 [L3]: Starting move selection for game step 4 with available time 0ms.
LOG 1641842584574 [L3]: No time to select next move using MCTS. Returning random move ( block r4 c3 ).
LOG 1641842584577 [L3]: Starting move selection for game step 5 with available time 0ms.
LOG 1641842584577 [L3]: No time to select next move using MCTS. Returning random move ( mark r4 c6 ).
LOG 1641842584580 [L3]: Starting move selection for game step 6 with available time 0ms.
LOG 1641842584581 [L3]: No time to select next move using MCTS. Returning random move noop.
LOG 1641842584584 [L3]: Starting move selection for game step 7 with available time 0ms.
LOG 1641842584584 [L3]: No time to select next move using MCTS. Returning random move ( mark r2 c5 ).
LOG 1641842584590 [L3]: Starting move selection for game step 8 with available time 0ms.
LOG 1641842584590 [L3]: No time to select next move using MCTS. Returning random move noop.
LOG 1641842584594 [L3]: Starting move selection for game step 9 with available time 0ms.
LOG 1641842584595 [L3]: No time to select next move using MCTS. Returning random move ( block r3 c7 ).
LOG 1641842584598 [L3]: Starting move selection for game step 10 with available time 0ms.
LOG 1641842584598 [L3]: No time to select next move using MCTS. Returning random move ( mark r4 c2 ).
LOG 1641842584606 [L3]: Starting move selection for game step 11 with available time 0ms.
LOG 1641842584606 [L3]: No time to select next move using MCTS. Returning random move noop.
LOG 1641842584612 [L3]: Starting move selection for game step 12 with available time 0ms.
LOG 1641842584612 [L3]: No time to select next move using MCTS. Returning random move ( mark r2 c7 ).
LOG 1641842584631 [L3]: Starting move selection for game step 13 with available time 0ms.
LOG 1641842584632 [L3]: No time to select next move using MCTS. Returning random move noop.
LOG 1641842584635 [L3]: Starting move selection for game step 14 with available time 0ms.
LOG 1641842584635 [L3]: No time to select next move using MCTS. Returning random move noop.
LOG 1641842584645 [L3]: Starting move selection for game step 15 with available time 0ms.
LOG 1641842584646 [L3]: No time to select next move using MCTS. Returning random move ( mark r7 c6 ).
LOG 1641842584669 [L3]: Starting move selection for game step 16 with available time 0ms.
LOG 1641842584669 [L3]: No time to select next move using MCTS. Returning random move noop.
LOG 1641842584673 [L3]: Starting move selection for game step 17 with available time 0ms.
LOG 1641842584673 [L3]: No time to select next move using MCTS. Returning random move noop.
LOG 1641842584678 [L3]: Starting move selection for game step 18 with available time 0ms.
LOG 1641842584678 [L3]: No time to select next move using MCTS. Returning random move noop.
LOG 1641842584699 [L3]: Starting move selection for game step 19 with available time 0ms.
LOG 1641842584699 [L3]: No time to select next move using MCTS. Returning random move ( mark r7 c2 ).
LOG 1641842584731 [L3]: Starting move selection for game step 20 with available time 0ms.
LOG 1641842584731 [L3]: No time to select next move using MCTS. Returning random move noop.
LOG 1641842602740 [L3]: Starting move selection for game step 21 with available time 0ms.
LOG 1641842602740 [L3]: No time to select next move using MCTS. Returning random move noop.
LOG 1641842602747 [L3]: Starting move selection for game step 22 with available time 0ms.
LOG 1641842602747 [L3]: No time to select next move using MCTS. Returning random move noop.
LOG 1641842602781 [L3]: Starting move selection for game step 23 with available time 0ms.
LOG 1641842602781 [L3]: No time to select next move using MCTS. Returning random move ( mark r5 c6 ).
LOG 1641842602850 [L3]: Starting move selection for game step 24 with available time 0ms.
LOG 1641842602850 [L3]: No time to select next move using MCTS. Returning random move noop.
LOG 1641842602905 [L3]: Starting move selection for game step 25 with available time 0ms.
LOG 1641842602905 [L3]: No time to select next move using MCTS. Returning random move ( mark r7 c4 ).
LOG 1641842602975 [L3]: Starting move selection for game step 26 with available time 0ms.
LOG 1641842602975 [L3]: No time to select next move using MCTS. Returning random move noop.
LOG 1641842603038 [L3]: Starting move selection for game step 27 with available time 0ms.
LOG 1641842603038 [L3]: No time to select next move using MCTS. Returning random move ( mark r1 c4 ).
LOG 1641842620057 [L3]: Starting move selection for game step 28 with available time 0ms.
LOG 1641842620058 [L3]: No time to select next move using MCTS. Returning random move noop.
LOG 1641842620135 [L3]: Starting move selection for game step 29 with available time 0ms.
LOG 1641842620135 [L3]: No time to select next move using MCTS. Returning random move ( mark r1 c3 ).
LOG 1641842620323 [L3]: Starting move selection for game step 30 with available time 0ms.
LOG 1641842620323 [L3]: No time to select next move using MCTS. Returning random move noop.
LOG 1641842635746 [L3]: Starting move selection for game step 31 with available time 0ms.
LOG 1641842635746 [L3]: No time to select next move using MCTS. Returning random move ( mark r3 c4 ).
LOG 1641842636017 [L3]: Starting move selection for game step 32 with available time 0ms.
LOG 1641842636018 [L3]: No time to select next move using MCTS. Returning random move noop.
LOG 1641842642052 [L3]: Starting move selection for game step 33 with available time 0ms.
LOG 1641842642053 [L3]: No time to select next move using MCTS. Returning random move ( mark r7 c3 ).
LOG 1641842642258 [L3]: Starting move selection for game step 34 with available time 0ms.
LOG 1641842642259 [L3]: No time to select next move using MCTS. Returning random move noop.
