LOG 1641833808918 [L3]: Returning initial state machine.
LOG 1641833808918 [L3]: Returning PropNet state machine without cache.
LOG 1641833808919 [L3]: Starting metagame with available thinking time 4995ms.
LOG 1641833808921 [L3]: Starting search during metagame.
LOG 1641833813914 [L3]: Done searching during metagame.
LOG 1641833813917 [L3]: Starting move selection for game step 1 with available time 0ms.
LOG 1641833813918 [L3]: No time to select next move using MCTS. Returning random move noop.
LOG 1641833813921 [L3]: Starting move selection for game step 2 with available time 0ms.
LOG 1641833813926 [L3]: No time to select next move using MCTS. Returning random move ( drop 6 ).
LOG 1641833813929 [L3]: Starting move selection for game step 3 with available time 0ms.
LOG 1641833813941 [L3]: No time to select next move using MCTS. Returning random move noop.
LOG 1641833813943 [L3]: Starting move selection for game step 4 with available time 0ms.
LOG 1641833813953 [L3]: No time to select next move using MCTS. Returning random move ( drop 2 ).
LOG 1641833813957 [L3]: Starting move selection for game step 5 with available time 0ms.
LOG 1641833813957 [L3]: No time to select next move using MCTS. Returning random move noop.
LOG 1641833813960 [L3]: Starting move selection for game step 6 with available time 0ms.
LOG 1641833813961 [L3]: No time to select next move using MCTS. Returning random move ( drop 2 ).
LOG 1641833813964 [L3]: Starting move selection for game step 7 with available time 0ms.
LOG 1641833813965 [L3]: No time to select next move using MCTS. Returning random move noop.
LOG 1641833813968 [L3]: Starting move selection for game step 8 with available time 0ms.
LOG 1641833813968 [L3]: No time to select next move using MCTS. Returning random move ( drop 6 ).
LOG 1641833813971 [L3]: Starting move selection for game step 9 with available time 0ms.
LOG 1641833813972 [L3]: No time to select next move using MCTS. Returning random move noop.
LOG 1641833813975 [L3]: Starting move selection for game step 10 with available time 0ms.
LOG 1641833813975 [L3]: No time to select next move using MCTS. Returning random move ( drop 5 ).
LOG 1641833813979 [L3]: Starting move selection for game step 11 with available time 0ms.
LOG 1641833813979 [L3]: No time to select next move using MCTS. Returning random move noop.
LOG 1641833813983 [L3]: Starting move selection for game step 12 with available time 0ms.
LOG 1641833813983 [L3]: No time to select next move using MCTS. Returning random move ( drop 5 ).
LOG 1641833813987 [L3]: Starting move selection for game step 13 with available time 0ms.
LOG 1641833813987 [L3]: No time to select next move using MCTS. Returning random move noop.
LOG 1641833813991 [L3]: Starting move selection for game step 14 with available time 0ms.
LOG 1641833813991 [L3]: No time to select next move using MCTS. Returning random move ( drop 2 ).
LOG 1641833813994 [L3]: Starting move selection for game step 15 with available time 0ms.
LOG 1641833813995 [L3]: No time to select next move using MCTS. Returning random move noop.
LOG 1641833813998 [L3]: Starting move selection for game step 16 with available time 0ms.
LOG 1641833813998 [L3]: No time to select next move using MCTS. Returning random move ( drop 3 ).
LOG 1641833814002 [L3]: Starting move selection for game step 17 with available time 0ms.
LOG 1641833814002 [L3]: No time to select next move using MCTS. Returning random move noop.
LOG 1641833814005 [L3]: Starting move selection for game step 18 with available time 0ms.
LOG 1641833814006 [L3]: No time to select next move using MCTS. Returning random move ( drop 2 ).
