LOG 1641835568227 [L3]: Returning initial state machine.
LOG 1641835568227 [L3]: Returning PropNet state machine without cache.
LOG 1641835568228 [L3]: Starting metagame with available thinking time 4990ms.
LOG 1641835568230 [L3]: Starting search during metagame.
LOG 1641835573218 [L3]: Done searching during metagame.
LOG 1641835573222 [L3]: Starting move selection for game step 1 with available time 0ms.
LOG 1641835573222 [L3]: No time to select next move using MCTS. Returning random move ( move 2 1 1 3 ).
LOG 1641835573225 [L3]: Starting move selection for game step 2 with available time 0ms.
LOG 1641835573227 [L3]: No time to select next move using MCTS. Returning random move noop.
LOG 1641835573232 [L3]: Starting move selection for game step 3 with available time 0ms.
LOG 1641835573239 [L3]: No time to select next move using MCTS. Returning random move ( move 8 2 7 4 ).
LOG 1641835573244 [L3]: Starting move selection for game step 4 with available time 0ms.
LOG 1641835573246 [L3]: No time to select next move using MCTS. Returning random move noop.
LOG 1641835573253 [L3]: Starting move selection for game step 5 with available time 0ms.
LOG 1641835573254 [L3]: No time to select next move using MCTS. Returning random move ( move 1 2 2 4 ).
LOG 1641835573258 [L3]: Starting move selection for game step 6 with available time 0ms.
LOG 1641835573258 [L3]: No time to select next move using MCTS. Returning random move noop.
LOG 1641835573261 [L3]: Starting move selection for game step 7 with available time 0ms.
LOG 1641835573261 [L3]: No time to select next move using MCTS. Returning random move ( move 2 4 1 6 ).
LOG 1641835573265 [L3]: Starting move selection for game step 8 with available time 0ms.
LOG 1641835573265 [L3]: No time to select next move using MCTS. Returning random move noop.
LOG 1641835573269 [L3]: Starting move selection for game step 9 with available time 0ms.
LOG 1641835573269 [L3]: No time to select next move using MCTS. Returning random move ( move 1 3 2 5 ).
LOG 1641835573272 [L3]: Starting move selection for game step 10 with available time 0ms.
LOG 1641835573272 [L3]: No time to select next move using MCTS. Returning random move noop.
LOG 1641835573275 [L3]: Starting move selection for game step 11 with available time 0ms.
LOG 1641835573276 [L3]: No time to select next move using MCTS. Returning random move ( move 8 1 7 3 ).
LOG 1641835573279 [L3]: Starting move selection for game step 12 with available time 0ms.
LOG 1641835573279 [L3]: No time to select next move using MCTS. Returning random move noop.
LOG 1641835573283 [L3]: Starting move selection for game step 13 with available time 0ms.
LOG 1641835573284 [L3]: No time to select next move using MCTS. Returning random move ( move 6 1 8 2 ).
LOG 1641835573288 [L3]: Starting move selection for game step 14 with available time 0ms.
LOG 1641835573288 [L3]: No time to select next move using MCTS. Returning random move noop.
LOG 1641835573292 [L3]: Starting move selection for game step 15 with available time 0ms.
LOG 1641835573292 [L3]: No time to select next move using MCTS. Returning random move ( move 5 1 4 3 ).
LOG 1641835573295 [L3]: Starting move selection for game step 16 with available time 0ms.
LOG 1641835573295 [L3]: No time to select next move using MCTS. Returning random move noop.
LOG 1641835573299 [L3]: Starting move selection for game step 17 with available time 0ms.
LOG 1641835573299 [L3]: No time to select next move using MCTS. Returning random move ( move 4 3 6 4 ).
LOG 1641835573302 [L3]: Starting move selection for game step 18 with available time 0ms.
LOG 1641835573302 [L3]: No time to select next move using MCTS. Returning random move noop.
LOG 1641835573305 [L3]: Starting move selection for game step 19 with available time 0ms.
LOG 1641835573306 [L3]: No time to select next move using MCTS. Returning random move ( move 7 3 6 5 ).
LOG 1641835573309 [L3]: Starting move selection for game step 20 with available time 0ms.
LOG 1641835573309 [L3]: No time to select next move using MCTS. Returning random move noop.
LOG 1641835573323 [L3]: Starting move selection for game step 21 with available time 0ms.
LOG 1641835573323 [L3]: No time to select next move using MCTS. Returning random move ( move 3 2 1 3 ).
LOG 1641835573326 [L3]: Starting move selection for game step 22 with available time 0ms.
LOG 1641835573327 [L3]: No time to select next move using MCTS. Returning random move noop.
LOG 1641835573330 [L3]: Starting move selection for game step 23 with available time 0ms.
LOG 1641835573330 [L3]: No time to select next move using MCTS. Returning random move ( move 3 1 4 3 ).
LOG 1641835573334 [L3]: Starting move selection for game step 24 with available time 0ms.
LOG 1641835573334 [L3]: No time to select next move using MCTS. Returning random move noop.
