LOG 1641836213320 [L3]: Returning initial state machine.
LOG 1641836213320 [L3]: Returning PropNet state machine without cache.
LOG 1641836213320 [L3]: Starting metagame with available thinking time 4990ms.
LOG 1641836213322 [L3]: Starting search during metagame.
LOG 1641836218310 [L3]: Done searching during metagame.
LOG 1641836218313 [L3]: Starting move selection for game step 1 with available time 0ms.
LOG 1641836218313 [L3]: No time to select next move using MCTS. Returning random move noop.
LOG 1641836218318 [L3]: Starting move selection for game step 2 with available time 0ms.
LOG 1641836218323 [L3]: No time to select next move using MCTS. Returning random move ( move 5 8 6 6 ).
LOG 1641836218326 [L3]: Starting move selection for game step 3 with available time 0ms.
LOG 1641836218337 [L3]: No time to select next move using MCTS. Returning random move noop.
LOG 1641836218340 [L3]: Starting move selection for game step 4 with available time 0ms.
LOG 1641836218349 [L3]: No time to select next move using MCTS. Returning random move ( move 3 7 5 6 ).
LOG 1641836218352 [L3]: Starting move selection for game step 5 with available time 0ms.
LOG 1641836218353 [L3]: No time to select next move using MCTS. Returning random move noop.
LOG 1641836218356 [L3]: Starting move selection for game step 6 with available time 0ms.
LOG 1641836218356 [L3]: No time to select next move using MCTS. Returning random move ( move 5 7 6 5 ).
LOG 1641836218359 [L3]: Starting move selection for game step 7 with available time 0ms.
LOG 1641836218359 [L3]: No time to select next move using MCTS. Returning random move noop.
LOG 1641836218363 [L3]: Starting move selection for game step 8 with available time 0ms.
LOG 1641836218363 [L3]: No time to select next move using MCTS. Returning random move ( move 6 6 5 4 ).
LOG 1641836218366 [L3]: Starting move selection for game step 9 with available time 0ms.
LOG 1641836218366 [L3]: No time to select next move using MCTS. Returning random move noop.
LOG 1641836218369 [L3]: Starting move selection for game step 10 with available time 0ms.
LOG 1641836218369 [L3]: No time to select next move using MCTS. Returning random move ( move 1 7 2 5 ).
LOG 1641836218373 [L3]: Starting move selection for game step 11 with available time 0ms.
LOG 1641836218373 [L3]: No time to select next move using MCTS. Returning random move noop.
LOG 1641836218376 [L3]: Starting move selection for game step 12 with available time 0ms.
LOG 1641836218376 [L3]: No time to select next move using MCTS. Returning random move ( move 5 6 7 5 ).
LOG 1641836218379 [L3]: Starting move selection for game step 13 with available time 0ms.
LOG 1641836218380 [L3]: No time to select next move using MCTS. Returning random move noop.
LOG 1641836218383 [L3]: Starting move selection for game step 14 with available time 0ms.
LOG 1641836218383 [L3]: No time to select next move using MCTS. Returning random move ( move 1 8 2 6 ).
LOG 1641836218386 [L3]: Starting move selection for game step 15 with available time 0ms.
LOG 1641836218386 [L3]: No time to select next move using MCTS. Returning random move noop.
LOG 1641836218389 [L3]: Starting move selection for game step 16 with available time 0ms.
LOG 1641836218390 [L3]: No time to select next move using MCTS. Returning random move ( move 2 7 1 5 ).
LOG 1641836218393 [L3]: Starting move selection for game step 17 with available time 0ms.
LOG 1641836218393 [L3]: No time to select next move using MCTS. Returning random move noop.
LOG 1641836218396 [L3]: Starting move selection for game step 18 with available time 0ms.
LOG 1641836218397 [L3]: No time to select next move using MCTS. Returning random move ( move 4 7 3 5 ).
LOG 1641836218400 [L3]: Starting move selection for game step 19 with available time 0ms.
LOG 1641836218400 [L3]: No time to select next move using MCTS. Returning random move noop.
LOG 1641836218403 [L3]: Starting move selection for game step 20 with available time 0ms.
LOG 1641836218403 [L3]: No time to select next move using MCTS. Returning random move ( move 6 7 8 6 ).
LOG 1641836218406 [L3]: Starting move selection for game step 21 with available time 0ms.
LOG 1641836218407 [L3]: No time to select next move using MCTS. Returning random move noop.
LOG 1641836218410 [L3]: Starting move selection for game step 22 with available time 0ms.
LOG 1641836218410 [L3]: No time to select next move using MCTS. Returning random move ( move 2 8 4 7 ).
LOG 1641836218413 [L3]: Starting move selection for game step 23 with available time 0ms.
LOG 1641836218414 [L3]: No time to select next move using MCTS. Returning random move noop.
LOG 1641836218417 [L3]: Starting move selection for game step 24 with available time 0ms.
LOG 1641836218417 [L3]: No time to select next move using MCTS. Returning random move ( move 4 8 2 7 ).
LOG 1641836218420 [L3]: Starting move selection for game step 25 with available time 0ms.
LOG 1641836218420 [L3]: No time to select next move using MCTS. Returning random move noop.
LOG 1641836218423 [L3]: Starting move selection for game step 26 with available time 0ms.
LOG 1641836218423 [L3]: No time to select next move using MCTS. Returning random move ( move 4 7 5 5 ).
LOG 1641836218426 [L3]: Starting move selection for game step 27 with available time 0ms.
LOG 1641836218426 [L3]: No time to select next move using MCTS. Returning random move noop.
LOG 1641836218429 [L3]: Starting move selection for game step 28 with available time 0ms.
LOG 1641836218429 [L3]: No time to select next move using MCTS. Returning random move ( move 3 5 4 3 ).
LOG 1641836218432 [L3]: Starting move selection for game step 29 with available time 0ms.
LOG 1641836218432 [L3]: No time to select next move using MCTS. Returning random move noop.
LOG 1641836218436 [L3]: Starting move selection for game step 30 with available time 0ms.
LOG 1641836218436 [L3]: No time to select next move using MCTS. Returning random move ( move 7 8 6 6 ).
LOG 1641836218453 [L3]: Starting move selection for game step 31 with available time 0ms.
LOG 1641836218453 [L3]: No time to select next move using MCTS. Returning random move noop.
LOG 1641836218456 [L3]: Starting move selection for game step 32 with available time 0ms.
LOG 1641836218457 [L3]: No time to select next move using MCTS. Returning random move ( move 6 8 4 7 ).
LOG 1641836218459 [L3]: Starting move selection for game step 33 with available time 0ms.
LOG 1641836218460 [L3]: No time to select next move using MCTS. Returning random move noop.
LOG 1641836218463 [L3]: Starting move selection for game step 34 with available time -1ms.
LOG 1641836218463 [L3]: No time to select next move using MCTS. Returning random move ( move 6 5 5 3 ).
LOG 1641836218465 [L3]: Starting move selection for game step 35 with available time 0ms.
LOG 1641836218466 [L3]: No time to select next move using MCTS. Returning random move noop.
LOG 1641836218469 [L3]: Starting move selection for game step 36 with available time 0ms.
LOG 1641836218469 [L3]: No time to select next move using MCTS. Returning random move ( move 5 3 6 1 ).
