LOG 1641849998742 [L3]: Returning initial state machine.
LOG 1641849998743 [L3]: Returning PropNet state machine without cache.
LOG 1641849998743 [L3]: Starting metagame with available thinking time 4990ms.
LOG 1641849998745 [L3]: Starting search during metagame.
LOG 1641850003733 [L3]: Done searching during metagame.
LOG 1641850003736 [L3]: Starting move selection for game step 1 with available time 10000ms.
LOG 1641850003736 [L3]: Selecting move using MCTS.
LOG 1641850013740 [L3]: Starting move selection for game step 2 with available time 10000ms.
LOG 1641850013745 [L3]: Selecting move using MCTS.
LOG 1641850023744 [L3]: Starting move selection for game step 3 with available time 10000ms.
LOG 1641850023746 [L3]: Selecting move using MCTS.
LOG 1641850033754 [L3]: Starting move selection for game step 4 with available time 10000ms.
LOG 1641850033758 [L3]: Selecting move using MCTS.
LOG 1641850043756 [L3]: Starting move selection for game step 5 with available time 10000ms.
LOG 1641850043757 [L3]: Selecting move using MCTS.
LOG 1641850053759 [L3]: Starting move selection for game step 6 with available time 10000ms.
LOG 1641850053760 [L3]: Selecting move using MCTS.
LOG 1641850063762 [L3]: Starting move selection for game step 7 with available time 10000ms.
LOG 1641850063762 [L3]: Selecting move using MCTS.
LOG 1641850073765 [L3]: Starting move selection for game step 8 with available time 10000ms.
LOG 1641850073766 [L3]: Selecting move using MCTS.
LOG 1641850083769 [L3]: Starting move selection for game step 9 with available time 10000ms.
LOG 1641850083770 [L3]: Selecting move using MCTS.
LOG 1641850093772 [L3]: Starting move selection for game step 10 with available time 10000ms.
LOG 1641850093772 [L3]: Selecting move using MCTS.
LOG 1641850103776 [L3]: Starting move selection for game step 11 with available time 10000ms.
LOG 1641850103777 [L3]: Selecting move using MCTS.
LOG 1641850113779 [L3]: Starting move selection for game step 12 with available time 10000ms.
LOG 1641850113780 [L3]: Selecting move using MCTS.
