LOG 1641908695123 [L9]: <ERR> (in MoveSelector) AdaptivePlayoutMoveSelector - Error creating probability distribution when selecting a move in the playout!
LOG 1641908695124 [L9]: <ERR> (in GamePlayer) java.lang.RuntimeException: org.apache.commons.math3.exception.NotANumberException: NaN is not allowed
	at org.ggp.base.player.gamer.statemachine.MCTS.manager.hybrid.strategies.playout.moveselector.GibbsAdaptivePlayoutMoveSelector.getMoveFromDistribution(GibbsAdaptivePlayoutMoveSelector.java:93)
	at org.ggp.base.player.gamer.statemachine.MCTS.manager.hybrid.strategies.playout.moveselector.GibbsAdaptivePlayoutMoveSelector.getMoveForRole(GibbsAdaptivePlayoutMoveSelector.java:63)
	at org.ggp.base.player.gamer.statemachine.MCTS.manager.hybrid.strategies.playout.StandardPlayout.getMoveForRole(StandardPlayout.java:179)
	at org.ggp.base.player.gamer.statemachine.MCTS.manager.hybrid.strategies.playout.PlayoutStrategy.getJointMove(PlayoutStrategy.java:95)
	at org.ggp.base.player.gamer.statemachine.MCTS.manager.hybrid.strategies.playout.MovesAndSiblingsMemorizingStandardPlayout.singlePlayout(MovesAndSiblingsMemorizingStandardPlayout.java:79)
	at org.ggp.base.player.gamer.statemachine.MCTS.manager.hybrid.strategies.playout.StandardPlayout.playout(StandardPlayout.java:90)
	at org.ggp.base.player.gamer.statemachine.MCTS.manager.hybrid.HybridMctsManager.searchNext(HybridMctsManager.java:1245)
	at org.ggp.base.player.gamer.statemachine.MCTS.manager.hybrid.HybridMctsManager.searchNext(HybridMctsManager.java:1288)
	at org.ggp.base.player.gamer.statemachine.MCTS.manager.hybrid.HybridMctsManager.searchNext(HybridMctsManager.java:1288)
	at org.ggp.base.player.gamer.statemachine.MCTS.manager.hybrid.HybridMctsManager.searchNext(HybridMctsManager.java:1288)
	at org.ggp.base.player.gamer.statemachine.MCTS.manager.hybrid.HybridMctsManager.searchNext(HybridMctsManager.java:1288)
	at org.ggp.base.player.gamer.statemachine.MCTS.manager.hybrid.HybridMctsManager.searchNext(HybridMctsManager.java:1288)
	at org.ggp.base.player.gamer.statemachine.MCTS.manager.hybrid.HybridMctsManager.searchNext(HybridMctsManager.java:1288)
	at org.ggp.base.player.gamer.statemachine.MCTS.manager.hybrid.HybridMctsManager.performSearch(HybridMctsManager.java:857)
	at org.ggp.base.player.gamer.statemachine.MCTS.manager.hybrid.HybridMctsManager.search(HybridMctsManager.java:774)
	at org.ggp.base.player.gamer.statemachine.MCTS.MctsGamer.stateMachineSelectMove(MctsGamer.java:256)
	at org.ggp.base.player.gamer.statemachine.StateMachineGamer.selectMove(StateMachineGamer.java:280)
	at org.ggp.base.player.request.grammar.PlayRequest.process(PlayRequest.java:49)
	at org.ggp.base.player.GamePlayer.run(GamePlayer.java:162)
Caused by: org.apache.commons.math3.exception.NotANumberException: NaN is not allowed
	at org.apache.commons.math3.distribution.EnumeratedDistribution.<init>(EnumeratedDistribution.java:134)
	at org.apache.commons.math3.distribution.EnumeratedDistribution.<init>(EnumeratedDistribution.java:101)
	at org.ggp.base.player.gamer.statemachine.MCTS.manager.hybrid.strategies.playout.moveselector.GibbsAdaptivePlayoutMoveSelector.getMoveFromDistribution(GibbsAdaptivePlayoutMoveSelector.java:86)
	... 18 more
LOG 1641908695131 [L9]: <ERR> (in GamePlayer) An unhandled exception ocurred during move selection: org.ggp.base.player.gamer.exception.MoveSelectionException: java.lang.RuntimeException: org.apache.commons.math3.exception.NotANumberException: NaN is not allowed
	at org.ggp.base.player.gamer.statemachine.StateMachineGamer.selectMove(StateMachineGamer.java:285)
	at org.ggp.base.player.request.grammar.PlayRequest.process(PlayRequest.java:49)
	at org.ggp.base.player.GamePlayer.run(GamePlayer.java:162)
Caused by: java.lang.RuntimeException: org.apache.commons.math3.exception.NotANumberException: NaN is not allowed
	at org.ggp.base.player.gamer.statemachine.MCTS.manager.hybrid.strategies.playout.moveselector.GibbsAdaptivePlayoutMoveSelector.getMoveFromDistribution(GibbsAdaptivePlayoutMoveSelector.java:93)
	at org.ggp.base.player.gamer.statemachine.MCTS.manager.hybrid.strategies.playout.moveselector.GibbsAdaptivePlayoutMoveSelector.getMoveForRole(GibbsAdaptivePlayoutMoveSelector.java:63)
	at org.ggp.base.player.gamer.statemachine.MCTS.manager.hybrid.strategies.playout.StandardPlayout.getMoveForRole(StandardPlayout.java:179)
	at org.ggp.base.player.gamer.statemachine.MCTS.manager.hybrid.strategies.playout.PlayoutStrategy.getJointMove(PlayoutStrategy.java:95)
	at org.ggp.base.player.gamer.statemachine.MCTS.manager.hybrid.strategies.playout.MovesAndSiblingsMemorizingStandardPlayout.singlePlayout(MovesAndSiblingsMemorizingStandardPlayout.java:79)
	at org.ggp.base.player.gamer.statemachine.MCTS.manager.hybrid.strategies.playout.StandardPlayout.playout(StandardPlayout.java:90)
	at org.ggp.base.player.gamer.statemachine.MCTS.manager.hybrid.HybridMctsManager.searchNext(HybridMctsManager.java:1245)
	at org.ggp.base.player.gamer.statemachine.MCTS.manager.hybrid.HybridMctsManager.searchNext(HybridMctsManager.java:1288)
	at org.ggp.base.player.gamer.statemachine.MCTS.manager.hybrid.HybridMctsManager.searchNext(HybridMctsManager.java:1288)
	at org.ggp.base.player.gamer.statemachine.MCTS.manager.hybrid.HybridMctsManager.searchNext(HybridMctsManager.java:1288)
	at org.ggp.base.player.gamer.statemachine.MCTS.manager.hybrid.HybridMctsManager.searchNext(HybridMctsManager.java:1288)
	at org.ggp.base.player.gamer.statemachine.MCTS.manager.hybrid.HybridMctsManager.searchNext(HybridMctsManager.java:1288)
	at org.ggp.base.player.gamer.statemachine.MCTS.manager.hybrid.HybridMctsManager.searchNext(HybridMctsManager.java:1288)
	at org.ggp.base.player.gamer.statemachine.MCTS.manager.hybrid.HybridMctsManager.performSearch(HybridMctsManager.java:857)
	at org.ggp.base.player.gamer.statemachine.MCTS.manager.hybrid.HybridMctsManager.search(HybridMctsManager.java:774)
	at org.ggp.base.player.gamer.statemachine.MCTS.MctsGamer.stateMachineSelectMove(MctsGamer.java:256)
	at org.ggp.base.player.gamer.statemachine.StateMachineGamer.selectMove(StateMachineGamer.java:280)
	... 2 more
Caused by: org.apache.commons.math3.exception.NotANumberException: NaN is not allowed
	at org.apache.commons.math3.distribution.EnumeratedDistribution.<init>(EnumeratedDistribution.java:134)
	at org.apache.commons.math3.distribution.EnumeratedDistribution.<init>(EnumeratedDistribution.java:101)
	at org.ggp.base.player.gamer.statemachine.MCTS.manager.hybrid.strategies.playout.moveselector.GibbsAdaptivePlayoutMoveSelector.getMoveFromDistribution(GibbsAdaptivePlayoutMoveSelector.java:86)
	... 18 more
LOG 1641908704865 [L9]: <ERR> (in MoveSelector) AdaptivePlayoutMoveSelector - Error creating probability distribution when selecting a move in the playout!
LOG 1641908704865 [L9]: <ERR> (in GamePlayer) java.lang.RuntimeException: org.apache.commons.math3.exception.NotANumberException: NaN is not allowed
	at org.ggp.base.player.gamer.statemachine.MCTS.manager.hybrid.strategies.playout.moveselector.GibbsAdaptivePlayoutMoveSelector.getMoveFromDistribution(GibbsAdaptivePlayoutMoveSelector.java:93)
	at org.ggp.base.player.gamer.statemachine.MCTS.manager.hybrid.strategies.playout.moveselector.GibbsAdaptivePlayoutMoveSelector.getMoveForRole(GibbsAdaptivePlayoutMoveSelector.java:63)
	at org.ggp.base.player.gamer.statemachine.MCTS.manager.hybrid.strategies.playout.StandardPlayout.getMoveForRole(StandardPlayout.java:179)
	at org.ggp.base.player.gamer.statemachine.MCTS.manager.hybrid.strategies.playout.PlayoutStrategy.getJointMove(PlayoutStrategy.java:95)
	at org.ggp.base.player.gamer.statemachine.MCTS.manager.hybrid.strategies.playout.MovesAndSiblingsMemorizingStandardPlayout.singlePlayout(MovesAndSiblingsMemorizingStandardPlayout.java:79)
	at org.ggp.base.player.gamer.statemachine.MCTS.manager.hybrid.strategies.playout.StandardPlayout.playout(StandardPlayout.java:90)
	at org.ggp.base.player.gamer.statemachine.MCTS.manager.hybrid.HybridMctsManager.searchNext(HybridMctsManager.java:1245)
	at org.ggp.base.player.gamer.statemachine.MCTS.manager.hybrid.HybridMctsManager.searchNext(HybridMctsManager.java:1288)
	at org.ggp.base.player.gamer.statemachine.MCTS.manager.hybrid.HybridMctsManager.searchNext(HybridMctsManager.java:1288)
	at org.ggp.base.player.gamer.statemachine.MCTS.manager.hybrid.HybridMctsManager.searchNext(HybridMctsManager.java:1288)
	at org.ggp.base.player.gamer.statemachine.MCTS.manager.hybrid.HybridMctsManager.searchNext(HybridMctsManager.java:1288)
	at org.ggp.base.player.gamer.statemachine.MCTS.manager.hybrid.HybridMctsManager.searchNext(HybridMctsManager.java:1288)
	at org.ggp.base.player.gamer.statemachine.MCTS.manager.hybrid.HybridMctsManager.searchNext(HybridMctsManager.java:1288)
	at org.ggp.base.player.gamer.statemachine.MCTS.manager.hybrid.HybridMctsManager.performSearch(HybridMctsManager.java:857)
	at org.ggp.base.player.gamer.statemachine.MCTS.manager.hybrid.HybridMctsManager.search(HybridMctsManager.java:774)
	at org.ggp.base.player.gamer.statemachine.MCTS.MctsGamer.stateMachineSelectMove(MctsGamer.java:256)
	at org.ggp.base.player.gamer.statemachine.StateMachineGamer.selectMove(StateMachineGamer.java:280)
	at org.ggp.base.player.request.grammar.PlayRequest.process(PlayRequest.java:49)
	at org.ggp.base.player.GamePlayer.run(GamePlayer.java:162)
Caused by: org.apache.commons.math3.exception.NotANumberException: NaN is not allowed
	at org.apache.commons.math3.distribution.EnumeratedDistribution.<init>(EnumeratedDistribution.java:134)
	at org.apache.commons.math3.distribution.EnumeratedDistribution.<init>(EnumeratedDistribution.java:101)
	at org.ggp.base.player.gamer.statemachine.MCTS.manager.hybrid.strategies.playout.moveselector.GibbsAdaptivePlayoutMoveSelector.getMoveFromDistribution(GibbsAdaptivePlayoutMoveSelector.java:86)
	... 18 more
LOG 1641908704866 [L9]: <ERR> (in GamePlayer) An unhandled exception ocurred during move selection: org.ggp.base.player.gamer.exception.MoveSelectionException: java.lang.RuntimeException: org.apache.commons.math3.exception.NotANumberException: NaN is not allowed
	at org.ggp.base.player.gamer.statemachine.StateMachineGamer.selectMove(StateMachineGamer.java:285)
	at org.ggp.base.player.request.grammar.PlayRequest.process(PlayRequest.java:49)
	at org.ggp.base.player.GamePlayer.run(GamePlayer.java:162)
Caused by: java.lang.RuntimeException: org.apache.commons.math3.exception.NotANumberException: NaN is not allowed
	at org.ggp.base.player.gamer.statemachine.MCTS.manager.hybrid.strategies.playout.moveselector.GibbsAdaptivePlayoutMoveSelector.getMoveFromDistribution(GibbsAdaptivePlayoutMoveSelector.java:93)
	at org.ggp.base.player.gamer.statemachine.MCTS.manager.hybrid.strategies.playout.moveselector.GibbsAdaptivePlayoutMoveSelector.getMoveForRole(GibbsAdaptivePlayoutMoveSelector.java:63)
	at org.ggp.base.player.gamer.statemachine.MCTS.manager.hybrid.strategies.playout.StandardPlayout.getMoveForRole(StandardPlayout.java:179)
	at org.ggp.base.player.gamer.statemachine.MCTS.manager.hybrid.strategies.playout.PlayoutStrategy.getJointMove(PlayoutStrategy.java:95)
	at org.ggp.base.player.gamer.statemachine.MCTS.manager.hybrid.strategies.playout.MovesAndSiblingsMemorizingStandardPlayout.singlePlayout(MovesAndSiblingsMemorizingStandardPlayout.java:79)
	at org.ggp.base.player.gamer.statemachine.MCTS.manager.hybrid.strategies.playout.StandardPlayout.playout(StandardPlayout.java:90)
	at org.ggp.base.player.gamer.statemachine.MCTS.manager.hybrid.HybridMctsManager.searchNext(HybridMctsManager.java:1245)
	at org.ggp.base.player.gamer.statemachine.MCTS.manager.hybrid.HybridMctsManager.searchNext(HybridMctsManager.java:1288)
	at org.ggp.base.player.gamer.statemachine.MCTS.manager.hybrid.HybridMctsManager.searchNext(HybridMctsManager.java:1288)
	at org.ggp.base.player.gamer.statemachine.MCTS.manager.hybrid.HybridMctsManager.searchNext(HybridMctsManager.java:1288)
	at org.ggp.base.player.gamer.statemachine.MCTS.manager.hybrid.HybridMctsManager.searchNext(HybridMctsManager.java:1288)
	at org.ggp.base.player.gamer.statemachine.MCTS.manager.hybrid.HybridMctsManager.searchNext(HybridMctsManager.java:1288)
	at org.ggp.base.player.gamer.statemachine.MCTS.manager.hybrid.HybridMctsManager.searchNext(HybridMctsManager.java:1288)
	at org.ggp.base.player.gamer.statemachine.MCTS.manager.hybrid.HybridMctsManager.performSearch(HybridMctsManager.java:857)
	at org.ggp.base.player.gamer.statemachine.MCTS.manager.hybrid.HybridMctsManager.search(HybridMctsManager.java:774)
	at org.ggp.base.player.gamer.statemachine.MCTS.MctsGamer.stateMachineSelectMove(MctsGamer.java:256)
	at org.ggp.base.player.gamer.statemachine.StateMachineGamer.selectMove(StateMachineGamer.java:280)
	... 2 more
Caused by: org.apache.commons.math3.exception.NotANumberException: NaN is not allowed
	at org.apache.commons.math3.distribution.EnumeratedDistribution.<init>(EnumeratedDistribution.java:134)
	at org.apache.commons.math3.distribution.EnumeratedDistribution.<init>(EnumeratedDistribution.java:101)
	at org.ggp.base.player.gamer.statemachine.MCTS.manager.hybrid.strategies.playout.moveselector.GibbsAdaptivePlayoutMoveSelector.getMoveFromDistribution(GibbsAdaptivePlayoutMoveSelector.java:86)
	... 18 more
LOG 1641908714871 [L9]: <ERR> (in MoveSelector) AdaptivePlayoutMoveSelector - Error creating probability distribution when selecting a move in the playout!
LOG 1641908714872 [L9]: <ERR> (in GamePlayer) java.lang.RuntimeException: org.apache.commons.math3.exception.NotANumberException: NaN is not allowed
	at org.ggp.base.player.gamer.statemachine.MCTS.manager.hybrid.strategies.playout.moveselector.GibbsAdaptivePlayoutMoveSelector.getMoveFromDistribution(GibbsAdaptivePlayoutMoveSelector.java:93)
	at org.ggp.base.player.gamer.statemachine.MCTS.manager.hybrid.strategies.playout.moveselector.GibbsAdaptivePlayoutMoveSelector.getMoveForRole(GibbsAdaptivePlayoutMoveSelector.java:63)
	at org.ggp.base.player.gamer.statemachine.MCTS.manager.hybrid.strategies.playout.StandardPlayout.getMoveForRole(StandardPlayout.java:179)
	at org.ggp.base.player.gamer.statemachine.MCTS.manager.hybrid.strategies.playout.PlayoutStrategy.getJointMove(PlayoutStrategy.java:95)
	at org.ggp.base.player.gamer.statemachine.MCTS.manager.hybrid.strategies.playout.MovesAndSiblingsMemorizingStandardPlayout.singlePlayout(MovesAndSiblingsMemorizingStandardPlayout.java:79)
	at org.ggp.base.player.gamer.statemachine.MCTS.manager.hybrid.strategies.playout.StandardPlayout.playout(StandardPlayout.java:90)
	at org.ggp.base.player.gamer.statemachine.MCTS.manager.hybrid.HybridMctsManager.searchNext(HybridMctsManager.java:1245)
	at org.ggp.base.player.gamer.statemachine.MCTS.manager.hybrid.HybridMctsManager.searchNext(HybridMctsManager.java:1288)
	at org.ggp.base.player.gamer.statemachine.MCTS.manager.hybrid.HybridMctsManager.searchNext(HybridMctsManager.java:1288)
	at org.ggp.base.player.gamer.statemachine.MCTS.manager.hybrid.HybridMctsManager.searchNext(HybridMctsManager.java:1288)
	at org.ggp.base.player.gamer.statemachine.MCTS.manager.hybrid.HybridMctsManager.searchNext(HybridMctsManager.java:1288)
	at org.ggp.base.player.gamer.statemachine.MCTS.manager.hybrid.HybridMctsManager.searchNext(HybridMctsManager.java:1288)
	at org.ggp.base.player.gamer.statemachine.MCTS.manager.hybrid.HybridMctsManager.searchNext(HybridMctsManager.java:1288)
	at org.ggp.base.player.gamer.statemachine.MCTS.manager.hybrid.HybridMctsManager.performSearch(HybridMctsManager.java:857)
	at org.ggp.base.player.gamer.statemachine.MCTS.manager.hybrid.HybridMctsManager.search(HybridMctsManager.java:774)
	at org.ggp.base.player.gamer.statemachine.MCTS.MctsGamer.stateMachineSelectMove(MctsGamer.java:256)
	at org.ggp.base.player.gamer.statemachine.StateMachineGamer.selectMove(StateMachineGamer.java:280)
	at org.ggp.base.player.request.grammar.PlayRequest.process(PlayRequest.java:49)
	at org.ggp.base.player.GamePlayer.run(GamePlayer.java:162)
Caused by: org.apache.commons.math3.exception.NotANumberException: NaN is not allowed
	at org.apache.commons.math3.distribution.EnumeratedDistribution.<init>(EnumeratedDistribution.java:134)
	at org.apache.commons.math3.distribution.EnumeratedDistribution.<init>(EnumeratedDistribution.java:101)
	at org.ggp.base.player.gamer.statemachine.MCTS.manager.hybrid.strategies.playout.moveselector.GibbsAdaptivePlayoutMoveSelector.getMoveFromDistribution(GibbsAdaptivePlayoutMoveSelector.java:86)
	... 18 more
LOG 1641908714873 [L9]: <ERR> (in GamePlayer) An unhandled exception ocurred during move selection: org.ggp.base.player.gamer.exception.MoveSelectionException: java.lang.RuntimeException: org.apache.commons.math3.exception.NotANumberException: NaN is not allowed
	at org.ggp.base.player.gamer.statemachine.StateMachineGamer.selectMove(StateMachineGamer.java:285)
	at org.ggp.base.player.request.grammar.PlayRequest.process(PlayRequest.java:49)
	at org.ggp.base.player.GamePlayer.run(GamePlayer.java:162)
Caused by: java.lang.RuntimeException: org.apache.commons.math3.exception.NotANumberException: NaN is not allowed
	at org.ggp.base.player.gamer.statemachine.MCTS.manager.hybrid.strategies.playout.moveselector.GibbsAdaptivePlayoutMoveSelector.getMoveFromDistribution(GibbsAdaptivePlayoutMoveSelector.java:93)
	at org.ggp.base.player.gamer.statemachine.MCTS.manager.hybrid.strategies.playout.moveselector.GibbsAdaptivePlayoutMoveSelector.getMoveForRole(GibbsAdaptivePlayoutMoveSelector.java:63)
	at org.ggp.base.player.gamer.statemachine.MCTS.manager.hybrid.strategies.playout.StandardPlayout.getMoveForRole(StandardPlayout.java:179)
	at org.ggp.base.player.gamer.statemachine.MCTS.manager.hybrid.strategies.playout.PlayoutStrategy.getJointMove(PlayoutStrategy.java:95)
	at org.ggp.base.player.gamer.statemachine.MCTS.manager.hybrid.strategies.playout.MovesAndSiblingsMemorizingStandardPlayout.singlePlayout(MovesAndSiblingsMemorizingStandardPlayout.java:79)
	at org.ggp.base.player.gamer.statemachine.MCTS.manager.hybrid.strategies.playout.StandardPlayout.playout(StandardPlayout.java:90)
	at org.ggp.base.player.gamer.statemachine.MCTS.manager.hybrid.HybridMctsManager.searchNext(HybridMctsManager.java:1245)
	at org.ggp.base.player.gamer.statemachine.MCTS.manager.hybrid.HybridMctsManager.searchNext(HybridMctsManager.java:1288)
	at org.ggp.base.player.gamer.statemachine.MCTS.manager.hybrid.HybridMctsManager.searchNext(HybridMctsManager.java:1288)
	at org.ggp.base.player.gamer.statemachine.MCTS.manager.hybrid.HybridMctsManager.searchNext(HybridMctsManager.java:1288)
	at org.ggp.base.player.gamer.statemachine.MCTS.manager.hybrid.HybridMctsManager.searchNext(HybridMctsManager.java:1288)
	at org.ggp.base.player.gamer.statemachine.MCTS.manager.hybrid.HybridMctsManager.searchNext(HybridMctsManager.java:1288)
	at org.ggp.base.player.gamer.statemachine.MCTS.manager.hybrid.HybridMctsManager.searchNext(HybridMctsManager.java:1288)
	at org.ggp.base.player.gamer.statemachine.MCTS.manager.hybrid.HybridMctsManager.performSearch(HybridMctsManager.java:857)
	at org.ggp.base.player.gamer.statemachine.MCTS.manager.hybrid.HybridMctsManager.search(HybridMctsManager.java:774)
	at org.ggp.base.player.gamer.statemachine.MCTS.MctsGamer.stateMachineSelectMove(MctsGamer.java:256)
	at org.ggp.base.player.gamer.statemachine.StateMachineGamer.selectMove(StateMachineGamer.java:280)
	... 2 more
Caused by: org.apache.commons.math3.exception.NotANumberException: NaN is not allowed
	at org.apache.commons.math3.distribution.EnumeratedDistribution.<init>(EnumeratedDistribution.java:134)
	at org.apache.commons.math3.distribution.EnumeratedDistribution.<init>(EnumeratedDistribution.java:101)
	at org.ggp.base.player.gamer.statemachine.MCTS.manager.hybrid.strategies.playout.moveselector.GibbsAdaptivePlayoutMoveSelector.getMoveFromDistribution(GibbsAdaptivePlayoutMoveSelector.java:86)
	... 18 more
LOG 1641908724878 [L9]: <ERR> (in MoveSelector) AdaptivePlayoutMoveSelector - Error creating probability distribution when selecting a move in the playout!
LOG 1641908724879 [L9]: <ERR> (in GamePlayer) java.lang.RuntimeException: org.apache.commons.math3.exception.NotANumberException: NaN is not allowed
	at org.ggp.base.player.gamer.statemachine.MCTS.manager.hybrid.strategies.playout.moveselector.GibbsAdaptivePlayoutMoveSelector.getMoveFromDistribution(GibbsAdaptivePlayoutMoveSelector.java:93)
	at org.ggp.base.player.gamer.statemachine.MCTS.manager.hybrid.strategies.playout.moveselector.GibbsAdaptivePlayoutMoveSelector.getMoveForRole(GibbsAdaptivePlayoutMoveSelector.java:63)
	at org.ggp.base.player.gamer.statemachine.MCTS.manager.hybrid.strategies.playout.StandardPlayout.getMoveForRole(StandardPlayout.java:179)
	at org.ggp.base.player.gamer.statemachine.MCTS.manager.hybrid.strategies.playout.PlayoutStrategy.getJointMove(PlayoutStrategy.java:95)
	at org.ggp.base.player.gamer.statemachine.MCTS.manager.hybrid.strategies.playout.MovesAndSiblingsMemorizingStandardPlayout.singlePlayout(MovesAndSiblingsMemorizingStandardPlayout.java:79)
	at org.ggp.base.player.gamer.statemachine.MCTS.manager.hybrid.strategies.playout.StandardPlayout.playout(StandardPlayout.java:90)
	at org.ggp.base.player.gamer.statemachine.MCTS.manager.hybrid.HybridMctsManager.searchNext(HybridMctsManager.java:1245)
	at org.ggp.base.player.gamer.statemachine.MCTS.manager.hybrid.HybridMctsManager.performSearch(HybridMctsManager.java:857)
	at org.ggp.base.player.gamer.statemachine.MCTS.manager.hybrid.HybridMctsManager.search(HybridMctsManager.java:774)
	at org.ggp.base.player.gamer.statemachine.MCTS.MctsGamer.stateMachineSelectMove(MctsGamer.java:256)
	at org.ggp.base.player.gamer.statemachine.StateMachineGamer.selectMove(StateMachineGamer.java:280)
	at org.ggp.base.player.request.grammar.PlayRequest.process(PlayRequest.java:49)
	at org.ggp.base.player.GamePlayer.run(GamePlayer.java:162)
Caused by: org.apache.commons.math3.exception.NotANumberException: NaN is not allowed
	at org.apache.commons.math3.distribution.EnumeratedDistribution.<init>(EnumeratedDistribution.java:134)
	at org.apache.commons.math3.distribution.EnumeratedDistribution.<init>(EnumeratedDistribution.java:101)
	at org.ggp.base.player.gamer.statemachine.MCTS.manager.hybrid.strategies.playout.moveselector.GibbsAdaptivePlayoutMoveSelector.getMoveFromDistribution(GibbsAdaptivePlayoutMoveSelector.java:86)
	... 12 more
LOG 1641908724879 [L9]: <ERR> (in GamePlayer) An unhandled exception ocurred during move selection: org.ggp.base.player.gamer.exception.MoveSelectionException: java.lang.RuntimeException: org.apache.commons.math3.exception.NotANumberException: NaN is not allowed
	at org.ggp.base.player.gamer.statemachine.StateMachineGamer.selectMove(StateMachineGamer.java:285)
	at org.ggp.base.player.request.grammar.PlayRequest.process(PlayRequest.java:49)
	at org.ggp.base.player.GamePlayer.run(GamePlayer.java:162)
Caused by: java.lang.RuntimeException: org.apache.commons.math3.exception.NotANumberException: NaN is not allowed
	at org.ggp.base.player.gamer.statemachine.MCTS.manager.hybrid.strategies.playout.moveselector.GibbsAdaptivePlayoutMoveSelector.getMoveFromDistribution(GibbsAdaptivePlayoutMoveSelector.java:93)
	at org.ggp.base.player.gamer.statemachine.MCTS.manager.hybrid.strategies.playout.moveselector.GibbsAdaptivePlayoutMoveSelector.getMoveForRole(GibbsAdaptivePlayoutMoveSelector.java:63)
	at org.ggp.base.player.gamer.statemachine.MCTS.manager.hybrid.strategies.playout.StandardPlayout.getMoveForRole(StandardPlayout.java:179)
	at org.ggp.base.player.gamer.statemachine.MCTS.manager.hybrid.strategies.playout.PlayoutStrategy.getJointMove(PlayoutStrategy.java:95)
	at org.ggp.base.player.gamer.statemachine.MCTS.manager.hybrid.strategies.playout.MovesAndSiblingsMemorizingStandardPlayout.singlePlayout(MovesAndSiblingsMemorizingStandardPlayout.java:79)
	at org.ggp.base.player.gamer.statemachine.MCTS.manager.hybrid.strategies.playout.StandardPlayout.playout(StandardPlayout.java:90)
	at org.ggp.base.player.gamer.statemachine.MCTS.manager.hybrid.HybridMctsManager.searchNext(HybridMctsManager.java:1245)
	at org.ggp.base.player.gamer.statemachine.MCTS.manager.hybrid.HybridMctsManager.performSearch(HybridMctsManager.java:857)
	at org.ggp.base.player.gamer.statemachine.MCTS.manager.hybrid.HybridMctsManager.search(HybridMctsManager.java:774)
	at org.ggp.base.player.gamer.statemachine.MCTS.MctsGamer.stateMachineSelectMove(MctsGamer.java:256)
	at org.ggp.base.player.gamer.statemachine.StateMachineGamer.selectMove(StateMachineGamer.java:280)
	... 2 more
Caused by: org.apache.commons.math3.exception.NotANumberException: NaN is not allowed
	at org.apache.commons.math3.distribution.EnumeratedDistribution.<init>(EnumeratedDistribution.java:134)
	at org.apache.commons.math3.distribution.EnumeratedDistribution.<init>(EnumeratedDistribution.java:101)
	at org.ggp.base.player.gamer.statemachine.MCTS.manager.hybrid.strategies.playout.moveselector.GibbsAdaptivePlayoutMoveSelector.getMoveFromDistribution(GibbsAdaptivePlayoutMoveSelector.java:86)
	... 12 more
LOG 1641908734878 [L9]: <ERR> (in MoveSelector) AdaptivePlayoutMoveSelector - Error creating probability distribution when selecting a move in the playout!
LOG 1641908734878 [L9]: <ERR> (in GamePlayer) java.lang.RuntimeException: org.apache.commons.math3.exception.NotANumberException: NaN is not allowed
	at org.ggp.base.player.gamer.statemachine.MCTS.manager.hybrid.strategies.playout.moveselector.GibbsAdaptivePlayoutMoveSelector.getMoveFromDistribution(GibbsAdaptivePlayoutMoveSelector.java:93)
	at org.ggp.base.player.gamer.statemachine.MCTS.manager.hybrid.strategies.playout.moveselector.GibbsAdaptivePlayoutMoveSelector.getMoveForRole(GibbsAdaptivePlayoutMoveSelector.java:63)
	at org.ggp.base.player.gamer.statemachine.MCTS.manager.hybrid.strategies.playout.StandardPlayout.getMoveForRole(StandardPlayout.java:179)
	at org.ggp.base.player.gamer.statemachine.MCTS.manager.hybrid.strategies.playout.PlayoutStrategy.getJointMove(PlayoutStrategy.java:95)
	at org.ggp.base.player.gamer.statemachine.MCTS.manager.hybrid.strategies.playout.MovesAndSiblingsMemorizingStandardPlayout.singlePlayout(MovesAndSiblingsMemorizingStandardPlayout.java:79)
	at org.ggp.base.player.gamer.statemachine.MCTS.manager.hybrid.strategies.playout.StandardPlayout.playout(StandardPlayout.java:90)
	at org.ggp.base.player.gamer.statemachine.MCTS.manager.hybrid.HybridMctsManager.searchNext(HybridMctsManager.java:1245)
	at org.ggp.base.player.gamer.statemachine.MCTS.manager.hybrid.HybridMctsManager.performSearch(HybridMctsManager.java:857)
	at org.ggp.base.player.gamer.statemachine.MCTS.manager.hybrid.HybridMctsManager.search(HybridMctsManager.java:774)
	at org.ggp.base.player.gamer.statemachine.MCTS.MctsGamer.stateMachineSelectMove(MctsGamer.java:256)
	at org.ggp.base.player.gamer.statemachine.StateMachineGamer.selectMove(StateMachineGamer.java:280)
	at org.ggp.base.player.request.grammar.PlayRequest.process(PlayRequest.java:49)
	at org.ggp.base.player.GamePlayer.run(GamePlayer.java:162)
Caused by: org.apache.commons.math3.exception.NotANumberException: NaN is not allowed
	at org.apache.commons.math3.distribution.EnumeratedDistribution.<init>(EnumeratedDistribution.java:134)
	at org.apache.commons.math3.distribution.EnumeratedDistribution.<init>(EnumeratedDistribution.java:101)
	at org.ggp.base.player.gamer.statemachine.MCTS.manager.hybrid.strategies.playout.moveselector.GibbsAdaptivePlayoutMoveSelector.getMoveFromDistribution(GibbsAdaptivePlayoutMoveSelector.java:86)
	... 12 more
LOG 1641908734879 [L9]: <ERR> (in GamePlayer) An unhandled exception ocurred during move selection: org.ggp.base.player.gamer.exception.MoveSelectionException: java.lang.RuntimeException: org.apache.commons.math3.exception.NotANumberException: NaN is not allowed
	at org.ggp.base.player.gamer.statemachine.StateMachineGamer.selectMove(StateMachineGamer.java:285)
	at org.ggp.base.player.request.grammar.PlayRequest.process(PlayRequest.java:49)
	at org.ggp.base.player.GamePlayer.run(GamePlayer.java:162)
Caused by: java.lang.RuntimeException: org.apache.commons.math3.exception.NotANumberException: NaN is not allowed
	at org.ggp.base.player.gamer.statemachine.MCTS.manager.hybrid.strategies.playout.moveselector.GibbsAdaptivePlayoutMoveSelector.getMoveFromDistribution(GibbsAdaptivePlayoutMoveSelector.java:93)
	at org.ggp.base.player.gamer.statemachine.MCTS.manager.hybrid.strategies.playout.moveselector.GibbsAdaptivePlayoutMoveSelector.getMoveForRole(GibbsAdaptivePlayoutMoveSelector.java:63)
	at org.ggp.base.player.gamer.statemachine.MCTS.manager.hybrid.strategies.playout.StandardPlayout.getMoveForRole(StandardPlayout.java:179)
	at org.ggp.base.player.gamer.statemachine.MCTS.manager.hybrid.strategies.playout.PlayoutStrategy.getJointMove(PlayoutStrategy.java:95)
	at org.ggp.base.player.gamer.statemachine.MCTS.manager.hybrid.strategies.playout.MovesAndSiblingsMemorizingStandardPlayout.singlePlayout(MovesAndSiblingsMemorizingStandardPlayout.java:79)
	at org.ggp.base.player.gamer.statemachine.MCTS.manager.hybrid.strategies.playout.StandardPlayout.playout(StandardPlayout.java:90)
	at org.ggp.base.player.gamer.statemachine.MCTS.manager.hybrid.HybridMctsManager.searchNext(HybridMctsManager.java:1245)
	at org.ggp.base.player.gamer.statemachine.MCTS.manager.hybrid.HybridMctsManager.performSearch(HybridMctsManager.java:857)
	at org.ggp.base.player.gamer.statemachine.MCTS.manager.hybrid.HybridMctsManager.search(HybridMctsManager.java:774)
	at org.ggp.base.player.gamer.statemachine.MCTS.MctsGamer.stateMachineSelectMove(MctsGamer.java:256)
	at org.ggp.base.player.gamer.statemachine.StateMachineGamer.selectMove(StateMachineGamer.java:280)
	... 2 more
Caused by: org.apache.commons.math3.exception.NotANumberException: NaN is not allowed
	at org.apache.commons.math3.distribution.EnumeratedDistribution.<init>(EnumeratedDistribution.java:134)
	at org.apache.commons.math3.distribution.EnumeratedDistribution.<init>(EnumeratedDistribution.java:101)
	at org.ggp.base.player.gamer.statemachine.MCTS.manager.hybrid.strategies.playout.moveselector.GibbsAdaptivePlayoutMoveSelector.getMoveFromDistribution(GibbsAdaptivePlayoutMoveSelector.java:86)
	... 12 more
LOG 1641908744880 [L9]: <ERR> (in MoveSelector) AdaptivePlayoutMoveSelector - Error creating probability distribution when selecting a move in the playout!
LOG 1641908744881 [L9]: <ERR> (in GamePlayer) java.lang.RuntimeException: org.apache.commons.math3.exception.NotANumberException: NaN is not allowed
	at org.ggp.base.player.gamer.statemachine.MCTS.manager.hybrid.strategies.playout.moveselector.GibbsAdaptivePlayoutMoveSelector.getMoveFromDistribution(GibbsAdaptivePlayoutMoveSelector.java:93)
	at org.ggp.base.player.gamer.statemachine.MCTS.manager.hybrid.strategies.playout.moveselector.GibbsAdaptivePlayoutMoveSelector.getMoveForRole(GibbsAdaptivePlayoutMoveSelector.java:63)
	at org.ggp.base.player.gamer.statemachine.MCTS.manager.hybrid.strategies.playout.StandardPlayout.getMoveForRole(StandardPlayout.java:179)
	at org.ggp.base.player.gamer.statemachine.MCTS.manager.hybrid.strategies.playout.PlayoutStrategy.getJointMove(PlayoutStrategy.java:95)
	at org.ggp.base.player.gamer.statemachine.MCTS.manager.hybrid.strategies.playout.MovesAndSiblingsMemorizingStandardPlayout.singlePlayout(MovesAndSiblingsMemorizingStandardPlayout.java:79)
	at org.ggp.base.player.gamer.statemachine.MCTS.manager.hybrid.strategies.playout.StandardPlayout.playout(StandardPlayout.java:90)
	at org.ggp.base.player.gamer.statemachine.MCTS.manager.hybrid.HybridMctsManager.searchNext(HybridMctsManager.java:1245)
	at org.ggp.base.player.gamer.statemachine.MCTS.manager.hybrid.HybridMctsManager.performSearch(HybridMctsManager.java:857)
	at org.ggp.base.player.gamer.statemachine.MCTS.manager.hybrid.HybridMctsManager.search(HybridMctsManager.java:774)
	at org.ggp.base.player.gamer.statemachine.MCTS.MctsGamer.stateMachineSelectMove(MctsGamer.java:256)
	at org.ggp.base.player.gamer.statemachine.StateMachineGamer.selectMove(StateMachineGamer.java:280)
	at org.ggp.base.player.request.grammar.PlayRequest.process(PlayRequest.java:49)
	at org.ggp.base.player.GamePlayer.run(GamePlayer.java:162)
Caused by: org.apache.commons.math3.exception.NotANumberException: NaN is not allowed
	at org.apache.commons.math3.distribution.EnumeratedDistribution.<init>(EnumeratedDistribution.java:134)
	at org.apache.commons.math3.distribution.EnumeratedDistribution.<init>(EnumeratedDistribution.java:101)
	at org.ggp.base.player.gamer.statemachine.MCTS.manager.hybrid.strategies.playout.moveselector.GibbsAdaptivePlayoutMoveSelector.getMoveFromDistribution(GibbsAdaptivePlayoutMoveSelector.java:86)
	... 12 more
LOG 1641908744881 [L9]: <ERR> (in GamePlayer) An unhandled exception ocurred during move selection: org.ggp.base.player.gamer.exception.MoveSelectionException: java.lang.RuntimeException: org.apache.commons.math3.exception.NotANumberException: NaN is not allowed
	at org.ggp.base.player.gamer.statemachine.StateMachineGamer.selectMove(StateMachineGamer.java:285)
	at org.ggp.base.player.request.grammar.PlayRequest.process(PlayRequest.java:49)
	at org.ggp.base.player.GamePlayer.run(GamePlayer.java:162)
Caused by: java.lang.RuntimeException: org.apache.commons.math3.exception.NotANumberException: NaN is not allowed
	at org.ggp.base.player.gamer.statemachine.MCTS.manager.hybrid.strategies.playout.moveselector.GibbsAdaptivePlayoutMoveSelector.getMoveFromDistribution(GibbsAdaptivePlayoutMoveSelector.java:93)
	at org.ggp.base.player.gamer.statemachine.MCTS.manager.hybrid.strategies.playout.moveselector.GibbsAdaptivePlayoutMoveSelector.getMoveForRole(GibbsAdaptivePlayoutMoveSelector.java:63)
	at org.ggp.base.player.gamer.statemachine.MCTS.manager.hybrid.strategies.playout.StandardPlayout.getMoveForRole(StandardPlayout.java:179)
	at org.ggp.base.player.gamer.statemachine.MCTS.manager.hybrid.strategies.playout.PlayoutStrategy.getJointMove(PlayoutStrategy.java:95)
	at org.ggp.base.player.gamer.statemachine.MCTS.manager.hybrid.strategies.playout.MovesAndSiblingsMemorizingStandardPlayout.singlePlayout(MovesAndSiblingsMemorizingStandardPlayout.java:79)
	at org.ggp.base.player.gamer.statemachine.MCTS.manager.hybrid.strategies.playout.StandardPlayout.playout(StandardPlayout.java:90)
	at org.ggp.base.player.gamer.statemachine.MCTS.manager.hybrid.HybridMctsManager.searchNext(HybridMctsManager.java:1245)
	at org.ggp.base.player.gamer.statemachine.MCTS.manager.hybrid.HybridMctsManager.performSearch(HybridMctsManager.java:857)
	at org.ggp.base.player.gamer.statemachine.MCTS.manager.hybrid.HybridMctsManager.search(HybridMctsManager.java:774)
	at org.ggp.base.player.gamer.statemachine.MCTS.MctsGamer.stateMachineSelectMove(MctsGamer.java:256)
	at org.ggp.base.player.gamer.statemachine.StateMachineGamer.selectMove(StateMachineGamer.java:280)
	... 2 more
Caused by: org.apache.commons.math3.exception.NotANumberException: NaN is not allowed
	at org.apache.commons.math3.distribution.EnumeratedDistribution.<init>(EnumeratedDistribution.java:134)
	at org.apache.commons.math3.distribution.EnumeratedDistribution.<init>(EnumeratedDistribution.java:101)
	at org.ggp.base.player.gamer.statemachine.MCTS.manager.hybrid.strategies.playout.moveselector.GibbsAdaptivePlayoutMoveSelector.getMoveFromDistribution(GibbsAdaptivePlayoutMoveSelector.java:86)
	... 12 more
LOG 1641908754914 [L9]: <ERR> (in MoveSelector) AdaptivePlayoutMoveSelector - Error creating probability distribution when selecting a move in the playout!
LOG 1641908754915 [L9]: <ERR> (in GamePlayer) java.lang.RuntimeException: org.apache.commons.math3.exception.NotANumberException: NaN is not allowed
	at org.ggp.base.player.gamer.statemachine.MCTS.manager.hybrid.strategies.playout.moveselector.GibbsAdaptivePlayoutMoveSelector.getMoveFromDistribution(GibbsAdaptivePlayoutMoveSelector.java:93)
	at org.ggp.base.player.gamer.statemachine.MCTS.manager.hybrid.strategies.playout.moveselector.GibbsAdaptivePlayoutMoveSelector.getMoveForRole(GibbsAdaptivePlayoutMoveSelector.java:63)
	at org.ggp.base.player.gamer.statemachine.MCTS.manager.hybrid.strategies.playout.StandardPlayout.getMoveForRole(StandardPlayout.java:179)
	at org.ggp.base.player.gamer.statemachine.MCTS.manager.hybrid.strategies.playout.PlayoutStrategy.getJointMove(PlayoutStrategy.java:95)
	at org.ggp.base.player.gamer.statemachine.MCTS.manager.hybrid.strategies.playout.MovesAndSiblingsMemorizingStandardPlayout.singlePlayout(MovesAndSiblingsMemorizingStandardPlayout.java:79)
	at org.ggp.base.player.gamer.statemachine.MCTS.manager.hybrid.strategies.playout.StandardPlayout.playout(StandardPlayout.java:90)
	at org.ggp.base.player.gamer.statemachine.MCTS.manager.hybrid.HybridMctsManager.searchNext(HybridMctsManager.java:1245)
	at org.ggp.base.player.gamer.statemachine.MCTS.manager.hybrid.HybridMctsManager.performSearch(HybridMctsManager.java:857)
	at org.ggp.base.player.gamer.statemachine.MCTS.manager.hybrid.HybridMctsManager.search(HybridMctsManager.java:774)
	at org.ggp.base.player.gamer.statemachine.MCTS.MctsGamer.stateMachineSelectMove(MctsGamer.java:256)
	at org.ggp.base.player.gamer.statemachine.StateMachineGamer.selectMove(StateMachineGamer.java:280)
	at org.ggp.base.player.request.grammar.PlayRequest.process(PlayRequest.java:49)
	at org.ggp.base.player.GamePlayer.run(GamePlayer.java:162)
Caused by: org.apache.commons.math3.exception.NotANumberException: NaN is not allowed
	at org.apache.commons.math3.distribution.EnumeratedDistribution.<init>(EnumeratedDistribution.java:134)
	at org.apache.commons.math3.distribution.EnumeratedDistribution.<init>(EnumeratedDistribution.java:101)
	at org.ggp.base.player.gamer.statemachine.MCTS.manager.hybrid.strategies.playout.moveselector.GibbsAdaptivePlayoutMoveSelector.getMoveFromDistribution(GibbsAdaptivePlayoutMoveSelector.java:86)
	... 12 more
LOG 1641908754916 [L9]: <ERR> (in GamePlayer) An unhandled exception ocurred during move selection: org.ggp.base.player.gamer.exception.MoveSelectionException: java.lang.RuntimeException: org.apache.commons.math3.exception.NotANumberException: NaN is not allowed
	at org.ggp.base.player.gamer.statemachine.StateMachineGamer.selectMove(StateMachineGamer.java:285)
	at org.ggp.base.player.request.grammar.PlayRequest.process(PlayRequest.java:49)
	at org.ggp.base.player.GamePlayer.run(GamePlayer.java:162)
Caused by: java.lang.RuntimeException: org.apache.commons.math3.exception.NotANumberException: NaN is not allowed
	at org.ggp.base.player.gamer.statemachine.MCTS.manager.hybrid.strategies.playout.moveselector.GibbsAdaptivePlayoutMoveSelector.getMoveFromDistribution(GibbsAdaptivePlayoutMoveSelector.java:93)
	at org.ggp.base.player.gamer.statemachine.MCTS.manager.hybrid.strategies.playout.moveselector.GibbsAdaptivePlayoutMoveSelector.getMoveForRole(GibbsAdaptivePlayoutMoveSelector.java:63)
	at org.ggp.base.player.gamer.statemachine.MCTS.manager.hybrid.strategies.playout.StandardPlayout.getMoveForRole(StandardPlayout.java:179)
	at org.ggp.base.player.gamer.statemachine.MCTS.manager.hybrid.strategies.playout.PlayoutStrategy.getJointMove(PlayoutStrategy.java:95)
	at org.ggp.base.player.gamer.statemachine.MCTS.manager.hybrid.strategies.playout.MovesAndSiblingsMemorizingStandardPlayout.singlePlayout(MovesAndSiblingsMemorizingStandardPlayout.java:79)
	at org.ggp.base.player.gamer.statemachine.MCTS.manager.hybrid.strategies.playout.StandardPlayout.playout(StandardPlayout.java:90)
	at org.ggp.base.player.gamer.statemachine.MCTS.manager.hybrid.HybridMctsManager.searchNext(HybridMctsManager.java:1245)
	at org.ggp.base.player.gamer.statemachine.MCTS.manager.hybrid.HybridMctsManager.performSearch(HybridMctsManager.java:857)
	at org.ggp.base.player.gamer.statemachine.MCTS.manager.hybrid.HybridMctsManager.search(HybridMctsManager.java:774)
	at org.ggp.base.player.gamer.statemachine.MCTS.MctsGamer.stateMachineSelectMove(MctsGamer.java:256)
	at org.ggp.base.player.gamer.statemachine.StateMachineGamer.selectMove(StateMachineGamer.java:280)
	... 2 more
Caused by: org.apache.commons.math3.exception.NotANumberException: NaN is not allowed
	at org.apache.commons.math3.distribution.EnumeratedDistribution.<init>(EnumeratedDistribution.java:134)
	at org.apache.commons.math3.distribution.EnumeratedDistribution.<init>(EnumeratedDistribution.java:101)
	at org.ggp.base.player.gamer.statemachine.MCTS.manager.hybrid.strategies.playout.moveselector.GibbsAdaptivePlayoutMoveSelector.getMoveFromDistribution(GibbsAdaptivePlayoutMoveSelector.java:86)
	... 12 more
LOG 1641908764917 [L9]: <ERR> (in MoveSelector) AdaptivePlayoutMoveSelector - Error creating probability distribution when selecting a move in the playout!
LOG 1641908764918 [L9]: <ERR> (in GamePlayer) java.lang.RuntimeException: org.apache.commons.math3.exception.NotANumberException: NaN is not allowed
	at org.ggp.base.player.gamer.statemachine.MCTS.manager.hybrid.strategies.playout.moveselector.GibbsAdaptivePlayoutMoveSelector.getMoveFromDistribution(GibbsAdaptivePlayoutMoveSelector.java:93)
	at org.ggp.base.player.gamer.statemachine.MCTS.manager.hybrid.strategies.playout.moveselector.GibbsAdaptivePlayoutMoveSelector.getMoveForRole(GibbsAdaptivePlayoutMoveSelector.java:63)
	at org.ggp.base.player.gamer.statemachine.MCTS.manager.hybrid.strategies.playout.StandardPlayout.getMoveForRole(StandardPlayout.java:179)
	at org.ggp.base.player.gamer.statemachine.MCTS.manager.hybrid.strategies.playout.PlayoutStrategy.getJointMove(PlayoutStrategy.java:95)
	at org.ggp.base.player.gamer.statemachine.MCTS.manager.hybrid.strategies.playout.MovesAndSiblingsMemorizingStandardPlayout.singlePlayout(MovesAndSiblingsMemorizingStandardPlayout.java:79)
	at org.ggp.base.player.gamer.statemachine.MCTS.manager.hybrid.strategies.playout.StandardPlayout.playout(StandardPlayout.java:90)
	at org.ggp.base.player.gamer.statemachine.MCTS.manager.hybrid.HybridMctsManager.searchNext(HybridMctsManager.java:1245)
	at org.ggp.base.player.gamer.statemachine.MCTS.manager.hybrid.HybridMctsManager.performSearch(HybridMctsManager.java:857)
	at org.ggp.base.player.gamer.statemachine.MCTS.manager.hybrid.HybridMctsManager.search(HybridMctsManager.java:774)
	at org.ggp.base.player.gamer.statemachine.MCTS.MctsGamer.stateMachineSelectMove(MctsGamer.java:256)
	at org.ggp.base.player.gamer.statemachine.StateMachineGamer.selectMove(StateMachineGamer.java:280)
	at org.ggp.base.player.request.grammar.PlayRequest.process(PlayRequest.java:49)
	at org.ggp.base.player.GamePlayer.run(GamePlayer.java:162)
Caused by: org.apache.commons.math3.exception.NotANumberException: NaN is not allowed
	at org.apache.commons.math3.distribution.EnumeratedDistribution.<init>(EnumeratedDistribution.java:134)
	at org.apache.commons.math3.distribution.EnumeratedDistribution.<init>(EnumeratedDistribution.java:101)
	at org.ggp.base.player.gamer.statemachine.MCTS.manager.hybrid.strategies.playout.moveselector.GibbsAdaptivePlayoutMoveSelector.getMoveFromDistribution(GibbsAdaptivePlayoutMoveSelector.java:86)
	... 12 more
LOG 1641908764919 [L9]: <ERR> (in GamePlayer) An unhandled exception ocurred during move selection: org.ggp.base.player.gamer.exception.MoveSelectionException: java.lang.RuntimeException: org.apache.commons.math3.exception.NotANumberException: NaN is not allowed
	at org.ggp.base.player.gamer.statemachine.StateMachineGamer.selectMove(StateMachineGamer.java:285)
	at org.ggp.base.player.request.grammar.PlayRequest.process(PlayRequest.java:49)
	at org.ggp.base.player.GamePlayer.run(GamePlayer.java:162)
Caused by: java.lang.RuntimeException: org.apache.commons.math3.exception.NotANumberException: NaN is not allowed
	at org.ggp.base.player.gamer.statemachine.MCTS.manager.hybrid.strategies.playout.moveselector.GibbsAdaptivePlayoutMoveSelector.getMoveFromDistribution(GibbsAdaptivePlayoutMoveSelector.java:93)
	at org.ggp.base.player.gamer.statemachine.MCTS.manager.hybrid.strategies.playout.moveselector.GibbsAdaptivePlayoutMoveSelector.getMoveForRole(GibbsAdaptivePlayoutMoveSelector.java:63)
	at org.ggp.base.player.gamer.statemachine.MCTS.manager.hybrid.strategies.playout.StandardPlayout.getMoveForRole(StandardPlayout.java:179)
	at org.ggp.base.player.gamer.statemachine.MCTS.manager.hybrid.strategies.playout.PlayoutStrategy.getJointMove(PlayoutStrategy.java:95)
	at org.ggp.base.player.gamer.statemachine.MCTS.manager.hybrid.strategies.playout.MovesAndSiblingsMemorizingStandardPlayout.singlePlayout(MovesAndSiblingsMemorizingStandardPlayout.java:79)
	at org.ggp.base.player.gamer.statemachine.MCTS.manager.hybrid.strategies.playout.StandardPlayout.playout(StandardPlayout.java:90)
	at org.ggp.base.player.gamer.statemachine.MCTS.manager.hybrid.HybridMctsManager.searchNext(HybridMctsManager.java:1245)
	at org.ggp.base.player.gamer.statemachine.MCTS.manager.hybrid.HybridMctsManager.performSearch(HybridMctsManager.java:857)
	at org.ggp.base.player.gamer.statemachine.MCTS.manager.hybrid.HybridMctsManager.search(HybridMctsManager.java:774)
	at org.ggp.base.player.gamer.statemachine.MCTS.MctsGamer.stateMachineSelectMove(MctsGamer.java:256)
	at org.ggp.base.player.gamer.statemachine.StateMachineGamer.selectMove(StateMachineGamer.java:280)
	... 2 more
Caused by: org.apache.commons.math3.exception.NotANumberException: NaN is not allowed
	at org.apache.commons.math3.distribution.EnumeratedDistribution.<init>(EnumeratedDistribution.java:134)
	at org.apache.commons.math3.distribution.EnumeratedDistribution.<init>(EnumeratedDistribution.java:101)
	at org.ggp.base.player.gamer.statemachine.MCTS.manager.hybrid.strategies.playout.moveselector.GibbsAdaptivePlayoutMoveSelector.getMoveFromDistribution(GibbsAdaptivePlayoutMoveSelector.java:86)
	... 12 more
LOG 1641908774920 [L9]: <ERR> (in MoveSelector) AdaptivePlayoutMoveSelector - Error creating probability distribution when selecting a move in the playout!
LOG 1641908774921 [L9]: <ERR> (in GamePlayer) java.lang.RuntimeException: org.apache.commons.math3.exception.NotANumberException: NaN is not allowed
	at org.ggp.base.player.gamer.statemachine.MCTS.manager.hybrid.strategies.playout.moveselector.GibbsAdaptivePlayoutMoveSelector.getMoveFromDistribution(GibbsAdaptivePlayoutMoveSelector.java:93)
	at org.ggp.base.player.gamer.statemachine.MCTS.manager.hybrid.strategies.playout.moveselector.GibbsAdaptivePlayoutMoveSelector.getMoveForRole(GibbsAdaptivePlayoutMoveSelector.java:63)
	at org.ggp.base.player.gamer.statemachine.MCTS.manager.hybrid.strategies.playout.StandardPlayout.getMoveForRole(StandardPlayout.java:179)
	at org.ggp.base.player.gamer.statemachine.MCTS.manager.hybrid.strategies.playout.PlayoutStrategy.getJointMove(PlayoutStrategy.java:95)
	at org.ggp.base.player.gamer.statemachine.MCTS.manager.hybrid.strategies.playout.MovesAndSiblingsMemorizingStandardPlayout.singlePlayout(MovesAndSiblingsMemorizingStandardPlayout.java:79)
	at org.ggp.base.player.gamer.statemachine.MCTS.manager.hybrid.strategies.playout.StandardPlayout.playout(StandardPlayout.java:90)
	at org.ggp.base.player.gamer.statemachine.MCTS.manager.hybrid.HybridMctsManager.searchNext(HybridMctsManager.java:1245)
	at org.ggp.base.player.gamer.statemachine.MCTS.manager.hybrid.HybridMctsManager.performSearch(HybridMctsManager.java:857)
	at org.ggp.base.player.gamer.statemachine.MCTS.manager.hybrid.HybridMctsManager.search(HybridMctsManager.java:774)
	at org.ggp.base.player.gamer.statemachine.MCTS.MctsGamer.stateMachineSelectMove(MctsGamer.java:256)
	at org.ggp.base.player.gamer.statemachine.StateMachineGamer.selectMove(StateMachineGamer.java:280)
	at org.ggp.base.player.request.grammar.PlayRequest.process(PlayRequest.java:49)
	at org.ggp.base.player.GamePlayer.run(GamePlayer.java:162)
Caused by: org.apache.commons.math3.exception.NotANumberException: NaN is not allowed
	at org.apache.commons.math3.distribution.EnumeratedDistribution.<init>(EnumeratedDistribution.java:134)
	at org.apache.commons.math3.distribution.EnumeratedDistribution.<init>(EnumeratedDistribution.java:101)
	at org.ggp.base.player.gamer.statemachine.MCTS.manager.hybrid.strategies.playout.moveselector.GibbsAdaptivePlayoutMoveSelector.getMoveFromDistribution(GibbsAdaptivePlayoutMoveSelector.java:86)
	... 12 more
LOG 1641908774922 [L9]: <ERR> (in GamePlayer) An unhandled exception ocurred during move selection: org.ggp.base.player.gamer.exception.MoveSelectionException: java.lang.RuntimeException: org.apache.commons.math3.exception.NotANumberException: NaN is not allowed
	at org.ggp.base.player.gamer.statemachine.StateMachineGamer.selectMove(StateMachineGamer.java:285)
	at org.ggp.base.player.request.grammar.PlayRequest.process(PlayRequest.java:49)
	at org.ggp.base.player.GamePlayer.run(GamePlayer.java:162)
Caused by: java.lang.RuntimeException: org.apache.commons.math3.exception.NotANumberException: NaN is not allowed
	at org.ggp.base.player.gamer.statemachine.MCTS.manager.hybrid.strategies.playout.moveselector.GibbsAdaptivePlayoutMoveSelector.getMoveFromDistribution(GibbsAdaptivePlayoutMoveSelector.java:93)
	at org.ggp.base.player.gamer.statemachine.MCTS.manager.hybrid.strategies.playout.moveselector.GibbsAdaptivePlayoutMoveSelector.getMoveForRole(GibbsAdaptivePlayoutMoveSelector.java:63)
	at org.ggp.base.player.gamer.statemachine.MCTS.manager.hybrid.strategies.playout.StandardPlayout.getMoveForRole(StandardPlayout.java:179)
	at org.ggp.base.player.gamer.statemachine.MCTS.manager.hybrid.strategies.playout.PlayoutStrategy.getJointMove(PlayoutStrategy.java:95)
	at org.ggp.base.player.gamer.statemachine.MCTS.manager.hybrid.strategies.playout.MovesAndSiblingsMemorizingStandardPlayout.singlePlayout(MovesAndSiblingsMemorizingStandardPlayout.java:79)
	at org.ggp.base.player.gamer.statemachine.MCTS.manager.hybrid.strategies.playout.StandardPlayout.playout(StandardPlayout.java:90)
	at org.ggp.base.player.gamer.statemachine.MCTS.manager.hybrid.HybridMctsManager.searchNext(HybridMctsManager.java:1245)
	at org.ggp.base.player.gamer.statemachine.MCTS.manager.hybrid.HybridMctsManager.performSearch(HybridMctsManager.java:857)
	at org.ggp.base.player.gamer.statemachine.MCTS.manager.hybrid.HybridMctsManager.search(HybridMctsManager.java:774)
	at org.ggp.base.player.gamer.statemachine.MCTS.MctsGamer.stateMachineSelectMove(MctsGamer.java:256)
	at org.ggp.base.player.gamer.statemachine.StateMachineGamer.selectMove(StateMachineGamer.java:280)
	... 2 more
Caused by: org.apache.commons.math3.exception.NotANumberException: NaN is not allowed
	at org.apache.commons.math3.distribution.EnumeratedDistribution.<init>(EnumeratedDistribution.java:134)
	at org.apache.commons.math3.distribution.EnumeratedDistribution.<init>(EnumeratedDistribution.java:101)
	at org.ggp.base.player.gamer.statemachine.MCTS.manager.hybrid.strategies.playout.moveselector.GibbsAdaptivePlayoutMoveSelector.getMoveFromDistribution(GibbsAdaptivePlayoutMoveSelector.java:86)
	... 12 more
LOG 1641908784923 [L9]: <ERR> (in MoveSelector) AdaptivePlayoutMoveSelector - Error creating probability distribution when selecting a move in the playout!
LOG 1641908784924 [L9]: <ERR> (in GamePlayer) java.lang.RuntimeException: org.apache.commons.math3.exception.NotANumberException: NaN is not allowed
	at org.ggp.base.player.gamer.statemachine.MCTS.manager.hybrid.strategies.playout.moveselector.GibbsAdaptivePlayoutMoveSelector.getMoveFromDistribution(GibbsAdaptivePlayoutMoveSelector.java:93)
	at org.ggp.base.player.gamer.statemachine.MCTS.manager.hybrid.strategies.playout.moveselector.GibbsAdaptivePlayoutMoveSelector.getMoveForRole(GibbsAdaptivePlayoutMoveSelector.java:63)
	at org.ggp.base.player.gamer.statemachine.MCTS.manager.hybrid.strategies.playout.StandardPlayout.getMoveForRole(StandardPlayout.java:179)
	at org.ggp.base.player.gamer.statemachine.MCTS.manager.hybrid.strategies.playout.PlayoutStrategy.getJointMove(PlayoutStrategy.java:95)
	at org.ggp.base.player.gamer.statemachine.MCTS.manager.hybrid.strategies.playout.MovesAndSiblingsMemorizingStandardPlayout.singlePlayout(MovesAndSiblingsMemorizingStandardPlayout.java:79)
	at org.ggp.base.player.gamer.statemachine.MCTS.manager.hybrid.strategies.playout.StandardPlayout.playout(StandardPlayout.java:90)
	at org.ggp.base.player.gamer.statemachine.MCTS.manager.hybrid.HybridMctsManager.searchNext(HybridMctsManager.java:1245)
	at org.ggp.base.player.gamer.statemachine.MCTS.manager.hybrid.HybridMctsManager.performSearch(HybridMctsManager.java:857)
	at org.ggp.base.player.gamer.statemachine.MCTS.manager.hybrid.HybridMctsManager.search(HybridMctsManager.java:774)
	at org.ggp.base.player.gamer.statemachine.MCTS.MctsGamer.stateMachineSelectMove(MctsGamer.java:256)
	at org.ggp.base.player.gamer.statemachine.StateMachineGamer.selectMove(StateMachineGamer.java:280)
	at org.ggp.base.player.request.grammar.PlayRequest.process(PlayRequest.java:49)
	at org.ggp.base.player.GamePlayer.run(GamePlayer.java:162)
Caused by: org.apache.commons.math3.exception.NotANumberException: NaN is not allowed
	at org.apache.commons.math3.distribution.EnumeratedDistribution.<init>(EnumeratedDistribution.java:134)
	at org.apache.commons.math3.distribution.EnumeratedDistribution.<init>(EnumeratedDistribution.java:101)
	at org.ggp.base.player.gamer.statemachine.MCTS.manager.hybrid.strategies.playout.moveselector.GibbsAdaptivePlayoutMoveSelector.getMoveFromDistribution(GibbsAdaptivePlayoutMoveSelector.java:86)
	... 12 more
LOG 1641908784925 [L9]: <ERR> (in GamePlayer) An unhandled exception ocurred during move selection: org.ggp.base.player.gamer.exception.MoveSelectionException: java.lang.RuntimeException: org.apache.commons.math3.exception.NotANumberException: NaN is not allowed
	at org.ggp.base.player.gamer.statemachine.StateMachineGamer.selectMove(StateMachineGamer.java:285)
	at org.ggp.base.player.request.grammar.PlayRequest.process(PlayRequest.java:49)
	at org.ggp.base.player.GamePlayer.run(GamePlayer.java:162)
Caused by: java.lang.RuntimeException: org.apache.commons.math3.exception.NotANumberException: NaN is not allowed
	at org.ggp.base.player.gamer.statemachine.MCTS.manager.hybrid.strategies.playout.moveselector.GibbsAdaptivePlayoutMoveSelector.getMoveFromDistribution(GibbsAdaptivePlayoutMoveSelector.java:93)
	at org.ggp.base.player.gamer.statemachine.MCTS.manager.hybrid.strategies.playout.moveselector.GibbsAdaptivePlayoutMoveSelector.getMoveForRole(GibbsAdaptivePlayoutMoveSelector.java:63)
	at org.ggp.base.player.gamer.statemachine.MCTS.manager.hybrid.strategies.playout.StandardPlayout.getMoveForRole(StandardPlayout.java:179)
	at org.ggp.base.player.gamer.statemachine.MCTS.manager.hybrid.strategies.playout.PlayoutStrategy.getJointMove(PlayoutStrategy.java:95)
	at org.ggp.base.player.gamer.statemachine.MCTS.manager.hybrid.strategies.playout.MovesAndSiblingsMemorizingStandardPlayout.singlePlayout(MovesAndSiblingsMemorizingStandardPlayout.java:79)
	at org.ggp.base.player.gamer.statemachine.MCTS.manager.hybrid.strategies.playout.StandardPlayout.playout(StandardPlayout.java:90)
	at org.ggp.base.player.gamer.statemachine.MCTS.manager.hybrid.HybridMctsManager.searchNext(HybridMctsManager.java:1245)
	at org.ggp.base.player.gamer.statemachine.MCTS.manager.hybrid.HybridMctsManager.performSearch(HybridMctsManager.java:857)
	at org.ggp.base.player.gamer.statemachine.MCTS.manager.hybrid.HybridMctsManager.search(HybridMctsManager.java:774)
	at org.ggp.base.player.gamer.statemachine.MCTS.MctsGamer.stateMachineSelectMove(MctsGamer.java:256)
	at org.ggp.base.player.gamer.statemachine.StateMachineGamer.selectMove(StateMachineGamer.java:280)
	... 2 more
Caused by: org.apache.commons.math3.exception.NotANumberException: NaN is not allowed
	at org.apache.commons.math3.distribution.EnumeratedDistribution.<init>(EnumeratedDistribution.java:134)
	at org.apache.commons.math3.distribution.EnumeratedDistribution.<init>(EnumeratedDistribution.java:101)
	at org.ggp.base.player.gamer.statemachine.MCTS.manager.hybrid.strategies.playout.moveselector.GibbsAdaptivePlayoutMoveSelector.getMoveFromDistribution(GibbsAdaptivePlayoutMoveSelector.java:86)
	... 12 more
LOG 1641908794927 [L9]: <ERR> (in MoveSelector) AdaptivePlayoutMoveSelector - Error creating probability distribution when selecting a move in the playout!
LOG 1641908794927 [L9]: <ERR> (in GamePlayer) java.lang.RuntimeException: org.apache.commons.math3.exception.NotANumberException: NaN is not allowed
	at org.ggp.base.player.gamer.statemachine.MCTS.manager.hybrid.strategies.playout.moveselector.GibbsAdaptivePlayoutMoveSelector.getMoveFromDistribution(GibbsAdaptivePlayoutMoveSelector.java:93)
	at org.ggp.base.player.gamer.statemachine.MCTS.manager.hybrid.strategies.playout.moveselector.GibbsAdaptivePlayoutMoveSelector.getMoveForRole(GibbsAdaptivePlayoutMoveSelector.java:63)
	at org.ggp.base.player.gamer.statemachine.MCTS.manager.hybrid.strategies.playout.StandardPlayout.getMoveForRole(StandardPlayout.java:179)
	at org.ggp.base.player.gamer.statemachine.MCTS.manager.hybrid.strategies.playout.PlayoutStrategy.getJointMove(PlayoutStrategy.java:95)
	at org.ggp.base.player.gamer.statemachine.MCTS.manager.hybrid.strategies.playout.MovesAndSiblingsMemorizingStandardPlayout.singlePlayout(MovesAndSiblingsMemorizingStandardPlayout.java:79)
	at org.ggp.base.player.gamer.statemachine.MCTS.manager.hybrid.strategies.playout.StandardPlayout.playout(StandardPlayout.java:90)
	at org.ggp.base.player.gamer.statemachine.MCTS.manager.hybrid.HybridMctsManager.searchNext(HybridMctsManager.java:1245)
	at org.ggp.base.player.gamer.statemachine.MCTS.manager.hybrid.HybridMctsManager.performSearch(HybridMctsManager.java:857)
	at org.ggp.base.player.gamer.statemachine.MCTS.manager.hybrid.HybridMctsManager.search(HybridMctsManager.java:774)
	at org.ggp.base.player.gamer.statemachine.MCTS.MctsGamer.stateMachineSelectMove(MctsGamer.java:256)
	at org.ggp.base.player.gamer.statemachine.StateMachineGamer.selectMove(StateMachineGamer.java:280)
	at org.ggp.base.player.request.grammar.PlayRequest.process(PlayRequest.java:49)
	at org.ggp.base.player.GamePlayer.run(GamePlayer.java:162)
Caused by: org.apache.commons.math3.exception.NotANumberException: NaN is not allowed
	at org.apache.commons.math3.distribution.EnumeratedDistribution.<init>(EnumeratedDistribution.java:134)
	at org.apache.commons.math3.distribution.EnumeratedDistribution.<init>(EnumeratedDistribution.java:101)
	at org.ggp.base.player.gamer.statemachine.MCTS.manager.hybrid.strategies.playout.moveselector.GibbsAdaptivePlayoutMoveSelector.getMoveFromDistribution(GibbsAdaptivePlayoutMoveSelector.java:86)
	... 12 more
LOG 1641908794928 [L9]: <ERR> (in GamePlayer) An unhandled exception ocurred during move selection: org.ggp.base.player.gamer.exception.MoveSelectionException: java.lang.RuntimeException: org.apache.commons.math3.exception.NotANumberException: NaN is not allowed
	at org.ggp.base.player.gamer.statemachine.StateMachineGamer.selectMove(StateMachineGamer.java:285)
	at org.ggp.base.player.request.grammar.PlayRequest.process(PlayRequest.java:49)
	at org.ggp.base.player.GamePlayer.run(GamePlayer.java:162)
Caused by: java.lang.RuntimeException: org.apache.commons.math3.exception.NotANumberException: NaN is not allowed
	at org.ggp.base.player.gamer.statemachine.MCTS.manager.hybrid.strategies.playout.moveselector.GibbsAdaptivePlayoutMoveSelector.getMoveFromDistribution(GibbsAdaptivePlayoutMoveSelector.java:93)
	at org.ggp.base.player.gamer.statemachine.MCTS.manager.hybrid.strategies.playout.moveselector.GibbsAdaptivePlayoutMoveSelector.getMoveForRole(GibbsAdaptivePlayoutMoveSelector.java:63)
	at org.ggp.base.player.gamer.statemachine.MCTS.manager.hybrid.strategies.playout.StandardPlayout.getMoveForRole(StandardPlayout.java:179)
	at org.ggp.base.player.gamer.statemachine.MCTS.manager.hybrid.strategies.playout.PlayoutStrategy.getJointMove(PlayoutStrategy.java:95)
	at org.ggp.base.player.gamer.statemachine.MCTS.manager.hybrid.strategies.playout.MovesAndSiblingsMemorizingStandardPlayout.singlePlayout(MovesAndSiblingsMemorizingStandardPlayout.java:79)
	at org.ggp.base.player.gamer.statemachine.MCTS.manager.hybrid.strategies.playout.StandardPlayout.playout(StandardPlayout.java:90)
	at org.ggp.base.player.gamer.statemachine.MCTS.manager.hybrid.HybridMctsManager.searchNext(HybridMctsManager.java:1245)
	at org.ggp.base.player.gamer.statemachine.MCTS.manager.hybrid.HybridMctsManager.performSearch(HybridMctsManager.java:857)
	at org.ggp.base.player.gamer.statemachine.MCTS.manager.hybrid.HybridMctsManager.search(HybridMctsManager.java:774)
	at org.ggp.base.player.gamer.statemachine.MCTS.MctsGamer.stateMachineSelectMove(MctsGamer.java:256)
	at org.ggp.base.player.gamer.statemachine.StateMachineGamer.selectMove(StateMachineGamer.java:280)
	... 2 more
Caused by: org.apache.commons.math3.exception.NotANumberException: NaN is not allowed
	at org.apache.commons.math3.distribution.EnumeratedDistribution.<init>(EnumeratedDistribution.java:134)
	at org.apache.commons.math3.distribution.EnumeratedDistribution.<init>(EnumeratedDistribution.java:101)
	at org.ggp.base.player.gamer.statemachine.MCTS.manager.hybrid.strategies.playout.moveselector.GibbsAdaptivePlayoutMoveSelector.getMoveFromDistribution(GibbsAdaptivePlayoutMoveSelector.java:86)
	... 12 more
