LOG 1641922185024 [L3]: Returning initial state machine.
LOG 1641922185024 [L3]: Returning PropNet state machine without cache.
LOG 1641922185025 [L3]: Starting metagame with available thinking time 4990ms.
LOG 1641922185026 [L3]: Starting search during metagame.
LOG 1641922190015 [L3]: Done searching during metagame.
LOG 1641922190018 [L3]: Starting move selection for game step 1 with available time 10000ms.
LOG 1641922190018 [L3]: Selecting move using MCTS.
LOG 1641922200019 [L3]: Returning MCTS move noop.
LOG 1641922200023 [L3]: Starting move selection for game step 2 with available time 10000ms.
LOG 1641922200024 [L3]: Selecting move using MCTS.
LOG 1641922210023 [L3]: Returning MCTS move ( move 5 7 5 6 ).
LOG 1641922210027 [L3]: Starting move selection for game step 3 with available time 10000ms.
LOG 1641922210036 [L3]: Selecting move using MCTS.
LOG 1641922220027 [L3]: Returning MCTS move noop.
LOG 1641922220037 [L3]: Starting move selection for game step 4 with available time 10000ms.
LOG 1641922220041 [L3]: Selecting move using MCTS.
LOG 1641922230037 [L3]: Returning MCTS move ( move 3 7 4 6 ).
LOG 1641922230041 [L3]: Starting move selection for game step 5 with available time 10000ms.
LOG 1641922230044 [L3]: Selecting move using MCTS.
LOG 1641922240041 [L3]: Returning MCTS move noop.
LOG 1641922240045 [L3]: Starting move selection for game step 6 with available time 10000ms.
LOG 1641922240049 [L3]: Selecting move using MCTS.
LOG 1641922250045 [L3]: Returning MCTS move ( move 4 6 3 5 ).
LOG 1641922250048 [L3]: Starting move selection for game step 7 with available time 10000ms.
LOG 1641922250052 [L3]: Selecting move using MCTS.
LOG 1641922260048 [L3]: Returning MCTS move noop.
LOG 1641922260052 [L3]: Starting move selection for game step 8 with available time 10000ms.
LOG 1641922260056 [L3]: Selecting move using MCTS.
LOG 1641922270052 [L3]: Returning MCTS move ( move 3 5 4 4 ).
LOG 1641922270056 [L3]: Starting move selection for game step 9 with available time 10000ms.
LOG 1641922270059 [L3]: Selecting move using MCTS.
LOG 1641922280056 [L3]: Returning MCTS move noop.
LOG 1641922280060 [L3]: Starting move selection for game step 10 with available time 10000ms.
LOG 1641922280064 [L3]: Selecting move using MCTS.
LOG 1641922290060 [L3]: Returning MCTS move ( move 4 8 5 7 ).
LOG 1641922290064 [L3]: Starting move selection for game step 11 with available time 10000ms.
LOG 1641922290067 [L3]: Selecting move using MCTS.
LOG 1641922300064 [L3]: Returning MCTS move noop.
LOG 1641922300068 [L3]: Starting move selection for game step 12 with available time 10000ms.
LOG 1641922300073 [L3]: Selecting move using MCTS.
LOG 1641922310068 [L3]: Returning MCTS move ( move 4 4 3 3 ).
LOG 1641922310072 [L3]: Starting move selection for game step 13 with available time 10000ms.
LOG 1641922310076 [L3]: Selecting move using MCTS.
LOG 1641922320072 [L3]: Returning MCTS move noop.
LOG 1641922320076 [L3]: Starting move selection for game step 14 with available time 10000ms.
LOG 1641922320080 [L3]: Selecting move using MCTS.
LOG 1641922330076 [L3]: Returning MCTS move ( move 7 7 8 6 ).
LOG 1641922330080 [L3]: Starting move selection for game step 15 with available time 10000ms.
LOG 1641922330084 [L3]: Selecting move using MCTS.
LOG 1641922340080 [L3]: Returning MCTS move noop.
LOG 1641922340095 [L3]: Starting move selection for game step 16 with available time 10000ms.
LOG 1641922340099 [L3]: Selecting move using MCTS.
LOG 1641922350095 [L3]: Returning MCTS move ( move 8 8 7 7 ).
LOG 1641922350099 [L3]: Starting move selection for game step 17 with available time 10000ms.
LOG 1641922350103 [L3]: Selecting move using MCTS.
LOG 1641922360099 [L3]: Returning MCTS move noop.
LOG 1641922360103 [L3]: Starting move selection for game step 18 with available time 10000ms.
LOG 1641922360107 [L3]: Selecting move using MCTS.
LOG 1641922370103 [L3]: Returning MCTS move ( move 5 6 6 5 ).
LOG 1641922370107 [L3]: Starting move selection for game step 19 with available time 10000ms.
LOG 1641922370111 [L3]: Selecting move using MCTS.
LOG 1641922380107 [L3]: Returning MCTS move noop.
LOG 1641922380112 [L3]: Starting move selection for game step 20 with available time 10000ms.
LOG 1641922380116 [L3]: Selecting move using MCTS.
LOG 1641922390112 [L3]: Returning MCTS move ( move 6 5 7 4 ).
LOG 1641922390116 [L3]: Starting move selection for game step 21 with available time 10000ms.
LOG 1641922390120 [L3]: Selecting move using MCTS.
LOG 1641922400116 [L3]: Returning MCTS move noop.
LOG 1641922400120 [L3]: Starting move selection for game step 22 with available time 10000ms.
LOG 1641922400125 [L3]: Selecting move using MCTS.
LOG 1641922410120 [L3]: Returning MCTS move ( move 7 4 7 3 ).
LOG 1641922410123 [L3]: Starting move selection for game step 23 with available time 10000ms.
LOG 1641922410128 [L3]: Selecting move using MCTS.
LOG 1641922420123 [L3]: Returning MCTS move noop.
LOG 1641922420128 [L3]: Starting move selection for game step 24 with available time 10000ms.
LOG 1641922420132 [L3]: Selecting move using MCTS.
LOG 1641922430128 [L3]: Returning MCTS move ( move 3 3 4 2 ).
LOG 1641922430132 [L3]: Starting move selection for game step 25 with available time 10000ms.
LOG 1641922430137 [L3]: Selecting move using MCTS.
LOG 1641922440132 [L3]: Returning MCTS move noop.
LOG 1641922440136 [L3]: Starting move selection for game step 26 with available time 10000ms.
LOG 1641922440142 [L3]: Selecting move using MCTS.
LOG 1641922450136 [L3]: Returning MCTS move ( move 4 2 3 1 ).
