LOG 1641908214216 [L3]: Returning initial state machine.
LOG 1641908214217 [L3]: Returning PropNet state machine without cache.
LOG 1641908214217 [L3]: Starting metagame with available thinking time 4991ms.
LOG 1641908214220 [L3]: Starting search during metagame.
LOG 1641908219208 [L3]: Done searching during metagame.
LOG 1641908219211 [L3]: Starting move selection for game step 1 with available time 10000ms.
LOG 1641908219211 [L3]: Selecting move using MCTS.
LOG 1641908229211 [L3]: Returning MCTS move ( drop 5 ).
LOG 1641908229214 [L3]: Starting move selection for game step 2 with available time 10000ms.
LOG 1641908229229 [L3]: Selecting move using MCTS.
LOG 1641908239214 [L3]: Returning MCTS move noop.
LOG 1641908239217 [L3]: Starting move selection for game step 3 with available time 10000ms.
LOG 1641908239246 [L3]: Selecting move using MCTS.
LOG 1641908249217 [L3]: Returning MCTS move ( drop 5 ).
LOG 1641908249226 [L3]: Starting move selection for game step 4 with available time 10000ms.
LOG 1641908249264 [L3]: Selecting move using MCTS.
LOG 1641908259226 [L3]: Returning MCTS move noop.
LOG 1641908259229 [L3]: Starting move selection for game step 5 with available time 10000ms.
LOG 1641908259265 [L3]: Selecting move using MCTS.
LOG 1641908269229 [L3]: Returning MCTS move ( drop 5 ).
LOG 1641908269232 [L3]: Starting move selection for game step 6 with available time 10000ms.
LOG 1641908269261 [L3]: Selecting move using MCTS.
LOG 1641908279232 [L3]: Returning MCTS move noop.
LOG 1641908279235 [L3]: Starting move selection for game step 7 with available time 10000ms.
LOG 1641908279265 [L3]: Selecting move using MCTS.
LOG 1641908289235 [L3]: Returning MCTS move ( drop 5 ).
