LOG 1641870542419 [L3]: Started match logging at: Tue Jan 11 04:09:02 CET 2022
LOG 1641870542427 [L3]: Game rules: [( role white ), ( role red ), ( init ( cell 1 0 dirt ) ), ( init ( cell 2 0 dirt ) ), ( init ( cell 3 0 dirt ) ), ( init ( cell 4 0 dirt ) ), ( init ( cell 5 0 dirt ) ), ( init ( cell 6 0 dirt ) ), ( init ( cell 7 0 dirt ) ), ( init ( cell 1 1 b ) ), ( init ( cell 1 2 b ) ), ( init ( cell 1 3 b ) ), ( init ( cell 1 4 b ) ), ( init ( cell 1 5 b ) ), ( init ( cell 1 6 b ) ), ( init ( cell 2 1 b ) ), ( init ( cell 2 2 b ) ), ( init ( cell 2 3 b ) ), ( init ( cell 2 4 b ) ), ( init ( cell 2 5 b ) ), ( init ( cell 2 6 b ) ), ( init ( cell 3 1 b ) ), ( init ( cell 3 2 b ) ), ( init ( cell 3 3 b ) ), ( init ( cell 3 4 b ) ), ( init ( cell 3 5 b ) ), ( init ( cell 3 6 b ) ), ( init ( cell 4 1 b ) ), ( init ( cell 4 2 b ) ), ( init ( cell 4 3 b ) ), ( init ( cell 4 4 b ) ), ( init ( cell 4 5 b ) ), ( init ( cell 4 6 b ) ), ( init ( cell 5 1 b ) ), ( init ( cell 5 2 b ) ), ( init ( cell 5 3 b ) ), ( init ( cell 5 4 b ) ), ( init ( cell 5 5 b ) ), ( init ( cell 5 6 b ) ), ( init ( cell 6 1 b ) ), ( init ( cell 6 2 b ) ), ( init ( cell 6 3 b ) ), ( init ( cell 6 4 b ) ), ( init ( cell 6 5 b ) ), ( init ( cell 6 6 b ) ), ( init ( cell 7 1 b ) ), ( init ( cell 7 2 b ) ), ( init ( cell 7 3 b ) ), ( init ( cell 7 4 b ) ), ( init ( cell 7 5 b ) ), ( init ( cell 7 6 b ) ), ( init ( control white ) ), ( <= ( empty ?c ?h ) ( true ( cell ?c ?h b ) ) ), ( <= ( filled ?c ?h ) ( true ( cell ?c ?h dirt ) ) ), ( <= ( filled ?c ?h ) ( true ( cell ?c ?h w ) ) ), ( <= ( filled ?c ?h ) ( true ( cell ?c ?h r ) ) ), ( <= ( next ( cell ?c ?h2 w ) ) ( does white ( drop ?c ) ) ( true ( cell ?c ?h2 b ) ) ( filled ?c ?h1 ) ( succ ?h1 ?h2 ) ), ( <= ( next ( cell ?c ?h2 r ) ) ( does red ( drop ?c ) ) ( true ( cell ?c ?h2 b ) ) ( filled ?c ?h1 ) ( succ ?h1 ?h2 ) ), ( <= ( next ( cell ?x ?y ?z ) ) ( true ( cell ?x ?y ?z ) ) ( distinct ?z b ) ), ( <= ( next ( cell ?c2 ?y b ) ) ( does ?w ( drop ?c1 ) ) ( true ( cell ?c2 ?y b ) ) ( distinct ?c1 ?c2 ) ), ( <= ( next ( cell ?c ?y2 b ) ) ( true ( cell ?c ?y1 b ) ) ( distinct ?y1 6 ) ( succ ?y1 ?y2 ) ), ( <= ( next ( control white ) ) ( true ( control red ) ) ), ( <= ( next ( control red ) ) ( true ( control white ) ) ), ( <= ( row ?z ) ( true ( cell ?x1 ?y ?z ) ) ( distinct ?z b ) ( distinct ?z dirt ) ( succ ?x1 ?x2 ) ( true ( cell ?x2 ?y ?z ) ) ( succ ?x2 ?x3 ) ( true ( cell ?x3 ?y ?z ) ) ( succ ?x3 ?x4 ) ( true ( cell ?x4 ?y ?z ) ) ), ( <= ( column ?z ) ( true ( cell ?x ?y1 ?z ) ) ( distinct ?z b ) ( succ ?y1 ?y2 ) ( true ( cell ?x ?y2 ?z ) ) ( succ ?y2 ?y3 ) ( true ( cell ?x ?y3 ?z ) ) ( succ ?y3 ?y4 ) ( true ( cell ?x ?y4 ?z ) ) ), ( <= ( diag ?z ) ( true ( cell ?x1 ?y1 ?z ) ) ( distinct ?z b ) ( succ ?x1 ?x2 ) ( succ ?y1 ?y2 ) ( true ( cell ?x2 ?y2 ?z ) ) ( succ ?x2 ?x3 ) ( succ ?y2 ?y3 ) ( true ( cell ?x3 ?y3 ?z ) ) ( succ ?x3 ?x4 ) ( succ ?y3 ?y4 ) ( true ( cell ?x4 ?y4 ?z ) ) ), ( <= ( diag ?z ) ( true ( cell ?x1 ?y1 ?z ) ) ( distinct ?z b ) ( succ ?x1 ?x2 ) ( succ ?y2 ?y1 ) ( true ( cell ?x2 ?y2 ?z ) ) ( succ ?x2 ?x3 ) ( succ ?y3 ?y2 ) ( true ( cell ?x3 ?y3 ?z ) ) ( succ ?x3 ?x4 ) ( succ ?y4 ?y3 ) ( true ( cell ?x4 ?y4 ?z ) ) ), ( <= ( line ?x ) ( row ?x ) ), ( <= ( line ?x ) ( column ?x ) ), ( <= ( line ?x ) ( diag ?x ) ), ( <= open ( empty ?c ?h ) ), ( <= terminal ( line r ) ), ( <= terminal ( line w ) ), ( <= terminal ( not open ) ), ( <= ( legal ?w ( drop ?c ) ) ( true ( cell ?c ?y2 b ) ) ( filled ?c ?y1 ) ( succ ?y1 ?y2 ) ( true ( control ?w ) ) ), ( <= ( legal white noop ) ( true ( control red ) ) ), ( <= ( legal red noop ) ( true ( control white ) ) ), ( <= ( goal white 100 ) ( line w ) ), ( <= ( goal white 50 ) ( not ( line r ) ) ( not ( line w ) ) ( not open ) ), ( <= ( goal white 0 ) ( line r ) ), ( <= ( goal red 100 ) ( line r ) ), ( <= ( goal red 50 ) ( not ( line r ) ) ( not ( line w ) ) ( not open ) ), ( <= ( goal red 0 ) ( line w ) ), ( <= ( goal ?w 70 ) ( role ?w ) ( not ( line r ) ) ( not ( line w ) ) open ), ( <= ( lte 0 ?x ) ( number ?x ) ), ( <= ( lte ?x ?x ) ( number ?x ) ), ( <= ( lte ?x ?z ) ( succ ?y ?z ) ( lte ?x ?y ) ), ( <= ( lte ?x ?y ) ( succ ?x ?y ) ), ( number 0 ), ( number 1 ), ( number 2 ), ( number 3 ), ( number 4 ), ( number 5 ), ( number 6 ), ( number 7 ), ( number 8 ), ( succ 0 1 ), ( succ 1 2 ), ( succ 2 3 ), ( succ 3 4 ), ( succ 4 5 ), ( succ 5 6 ), ( succ 6 7 ), ( succ 7 8 )]
LOG 1641870542428 [L3]: Start clock: 15
LOG 1641870542428 [L3]: Play clock: 20
LOG 1641893615334 [L0]: [Sent at 1641893615334] ready
LOG 1641893615348 [L0]: [Received at 1641893615348] ( PLAY 2.connect4.1641870542302 NIL )
LOG 1641893625353 [L0]: [Sent at 1641893625353] ( drop 4 )
LOG 1641893625366 [L0]: [Received at 1641893625366] ( PLAY 2.connect4.1641870542302 (( drop 4 ) noop ) )
LOG 1641893635366 [L0]: [Sent at 1641893635366] noop
LOG 1641893635369 [L0]: [Received at 1641893635369] ( PLAY 2.connect4.1641870542302 (noop ( drop 3 ) ) )
LOG 1641893645376 [L0]: [Sent at 1641893645376] ( drop 3 )
LOG 1641893645379 [L0]: [Received at 1641893645379] ( PLAY 2.connect4.1641870542302 (( drop 3 ) noop ) )
LOG 1641893655380 [L0]: [Sent at 1641893655380] noop
LOG 1641893655382 [L0]: [Received at 1641893655382] ( PLAY 2.connect4.1641870542302 (noop ( drop 4 ) ) )
LOG 1641893665382 [L0]: [Sent at 1641893665382] ( drop 3 )
LOG 1641893665385 [L0]: [Received at 1641893665385] ( PLAY 2.connect4.1641870542302 (( drop 3 ) noop ) )
LOG 1641893675386 [L0]: [Sent at 1641893675386] noop
LOG 1641893675388 [L0]: [Received at 1641893675388] ( PLAY 2.connect4.1641870542302 (noop ( drop 4 ) ) )
LOG 1641893685389 [L0]: [Sent at 1641893685389] ( drop 3 )
LOG 1641893685420 [L0]: [Received at 1641893685420] ( PLAY 2.connect4.1641870542302 (( drop 3 ) noop ) )
LOG 1641893695420 [L0]: [Sent at 1641893695420] noop
LOG 1641893695428 [L0]: [Received at 1641893695428] ( PLAY 2.connect4.1641870542302 (noop ( drop 3 ) ) )
LOG 1641893705429 [L0]: [Sent at 1641893705429] ( drop 4 )
LOG 1641893705432 [L0]: [Received at 1641893705432] ( PLAY 2.connect4.1641870542302 (( drop 4 ) noop ) )
LOG 1641893715434 [L0]: [Sent at 1641893715434] noop
LOG 1641893715436 [L0]: [Received at 1641893715436] ( PLAY 2.connect4.1641870542302 (noop ( drop 7 ) ) )
LOG 1641893725436 [L0]: [Sent at 1641893725436] ( drop 1 )
LOG 1641893725439 [L0]: [Received at 1641893725439] ( PLAY 2.connect4.1641870542302 (( drop 1 ) noop ) )
LOG 1641893735439 [L0]: [Sent at 1641893735439] noop
LOG 1641893735442 [L0]: [Received at 1641893735442] ( PLAY 2.connect4.1641870542302 (noop ( drop 4 ) ) )
LOG 1641893745443 [L0]: [Sent at 1641893745443] ( drop 7 )
LOG 1641893745446 [L0]: [Received at 1641893745446] ( PLAY 2.connect4.1641870542302 (( drop 7 ) noop ) )
LOG 1641893755446 [L0]: [Sent at 1641893755446] noop
LOG 1641893755449 [L0]: [Received at 1641893755449] ( PLAY 2.connect4.1641870542302 (noop ( drop 1 ) ) )
LOG 1641893765451 [L0]: [Sent at 1641893765451] ( drop 7 )
LOG 1641893765453 [L0]: [Received at 1641893765453] ( PLAY 2.connect4.1641870542302 (( drop 7 ) noop ) )
LOG 1641893775454 [L0]: [Sent at 1641893775454] noop
LOG 1641893775457 [L0]: [Received at 1641893775457] ( PLAY 2.connect4.1641870542302 (noop ( drop 7 ) ) )
LOG 1641893785458 [L0]: [Sent at 1641893785458] ( drop 3 )
LOG 1641893785464 [L0]: [Received at 1641893785464] ( PLAY 2.connect4.1641870542302 (( drop 3 ) noop ) )
LOG 1641893795469 [L0]: [Sent at 1641893795469] noop
LOG 1641893795476 [L0]: [Received at 1641893795476] ( PLAY 2.connect4.1641870542302 (noop ( drop 4 ) ) )
LOG 1641893805477 [L0]: [Sent at 1641893805477] ( drop 6 )
LOG 1641893805480 [L0]: [Received at 1641893805480] ( PLAY 2.connect4.1641870542302 (( drop 6 ) noop ) )
LOG 1641893815481 [L0]: [Sent at 1641893815481] noop
LOG 1641893815484 [L0]: [Received at 1641893815484] ( PLAY 2.connect4.1641870542302 (noop ( drop 6 ) ) )
LOG 1641893825485 [L0]: [Sent at 1641893825485] ( drop 1 )
LOG 1641893825488 [L0]: [Received at 1641893825488] ( PLAY 2.connect4.1641870542302 (( drop 1 ) noop ) )
LOG 1641893835489 [L0]: [Sent at 1641893835489] noop
LOG 1641893835492 [L0]: [Received at 1641893835492] ( PLAY 2.connect4.1641870542302 (noop ( drop 1 ) ) )
LOG 1641893845493 [L0]: [Sent at 1641893845493] ( drop 1 )
LOG 1641893845496 [L0]: [Received at 1641893845496] ( PLAY 2.connect4.1641870542302 (( drop 1 ) noop ) )
LOG 1641893855496 [L0]: [Sent at 1641893855496] noop
LOG 1641893855500 [L0]: [Received at 1641893855500] ( PLAY 2.connect4.1641870542302 (noop ( drop 1 ) ) )
LOG 1641893865500 [L0]: [Sent at 1641893865500] ( drop 5 )
LOG 1641893865504 [L0]: [Received at 1641893865504] ( PLAY 2.connect4.1641870542302 (( drop 5 ) noop ) )
LOG 1641893875505 [L0]: [Sent at 1641893875505] noop
LOG 1641893875507 [L0]: [Received at 1641893875507] ( PLAY 2.connect4.1641870542302 (noop ( drop 5 ) ) )
LOG 1641893885509 [L0]: [Sent at 1641893885509] ( drop 6 )
LOG 1641893885512 [L0]: [Received at 1641893885512] ( PLAY 2.connect4.1641870542302 (( drop 6 ) noop ) )
LOG 1641893895512 [L0]: [Sent at 1641893895512] noop
LOG 1641893895515 [L0]: [Received at 1641893895515] ( PLAY 2.connect4.1641870542302 (noop ( drop 6 ) ) )
LOG 1641893905517 [L0]: [Sent at 1641893905517] ( drop 5 )
LOG 1641893905519 [L0]: [Received at 1641893905519] ( PLAY 2.connect4.1641870542302 (( drop 5 ) noop ) )
LOG 1641893915520 [L0]: [Sent at 1641893915520] noop
LOG 1641893915524 [L0]: [Received at 1641893915524] ( PLAY 2.connect4.1641870542302 (noop ( drop 5 ) ) )
LOG 1641893925524 [L0]: [Sent at 1641893925524] ( drop 5 )
LOG 1641893925527 [L0]: [Received at 1641893925527] ( PLAY 2.connect4.1641870542302 (( drop 5 ) noop ) )
LOG 1641893935528 [L0]: [Sent at 1641893935528] noop
LOG 1641893935531 [L0]: [Received at 1641893935531] ( PLAY 2.connect4.1641870542302 (noop ( drop 5 ) ) )
LOG 1641893945532 [L0]: [Sent at 1641893945532] ( drop 2 )
LOG 1641893945536 [L0]: [Received at 1641893945536] ( PLAY 2.connect4.1641870542302 (( drop 2 ) noop ) )
LOG 1641893955536 [L0]: [Sent at 1641893955536] noop
LOG 1641893955539 [L0]: [Received at 1641893955539] ( PLAY 2.connect4.1641870542302 (noop ( drop 2 ) ) )
LOG 1641893965540 [L0]: [Sent at 1641893965540] ( drop 2 )
LOG 1641893965543 [L0]: [Received at 1641893965543] ( PLAY 2.connect4.1641870542302 (( drop 2 ) noop ) )
LOG 1641893975544 [L0]: [Sent at 1641893975544] noop
LOG 1641893975548 [L0]: [Received at 1641893975548] ( PLAY 2.connect4.1641870542302 (noop ( drop 2 ) ) )
LOG 1641893985548 [L0]: [Sent at 1641893985548] ( drop 2 )
LOG 1641893985551 [L0]: [Received at 1641893985551] ( PLAY 2.connect4.1641870542302 (( drop 2 ) noop ) )
LOG 1641893995552 [L0]: [Sent at 1641893995552] noop
LOG 1641893995555 [L0]: [Received at 1641893995555] ( PLAY 2.connect4.1641870542302 (noop ( drop 2 ) ) )
LOG 1641894005555 [L0]: [Sent at 1641894005555] ( drop 7 )
LOG 1641894005559 [L0]: [Received at 1641894005559] ( PLAY 2.connect4.1641870542302 (( drop 7 ) noop ) )
LOG 1641894015560 [L0]: [Sent at 1641894015560] noop
LOG 1641894015563 [L0]: [Received at 1641894015563] ( PLAY 2.connect4.1641870542302 (noop ( drop 7 ) ) )
LOG 1641894025563 [L0]: [Sent at 1641894025563] ( drop 6 )
LOG 1641894025566 [L0]: [Received at 1641894025566] ( PLAY 2.connect4.1641870542302 (( drop 6 ) noop ) )
LOG 1641894035567 [L0]: [Sent at 1641894035567] noop
LOG 1641894035575 [L0]: [Received at 1641894035575] ( STOP 2.connect4.1641870542302 (noop ( drop 6 ) ) )
LOG 1641894035576 [L3]: Stopped logging to files at: Tue Jan 11 10:40:35 CET 2022
LOG 1641894035577 [L3]: LOG SEALED
