LOG 1641837976524 [L3]: Started match logging at: Mon Jan 10 19:06:16 CET 2022
LOG 1641837976525 [L3]: Game rules: [( role x ), ( role o ), ( init ( quad x 12 ) ), ( init ( quad o 12 ) ), ( init ( white x 5 ) ), ( init ( white o 5 ) ), ( init ( cell r1 c2 b ) ), ( init ( cell r1 c3 b ) ), ( init ( cell r1 c4 b ) ), ( init ( cell r1 c5 b ) ), ( init ( cell r1 c6 b ) ), ( init ( cell r2 c1 b ) ), ( init ( cell r2 c2 b ) ), ( init ( cell r2 c3 b ) ), ( init ( cell r2 c4 b ) ), ( init ( cell r2 c5 b ) ), ( init ( cell r2 c6 b ) ), ( init ( cell r2 c7 b ) ), ( init ( cell r3 c1 b ) ), ( init ( cell r3 c2 b ) ), ( init ( cell r3 c3 b ) ), ( init ( cell r3 c4 b ) ), ( init ( cell r3 c5 b ) ), ( init ( cell r3 c6 b ) ), ( init ( cell r3 c7 b ) ), ( init ( cell r4 c1 b ) ), ( init ( cell r4 c2 b ) ), ( init ( cell r4 c3 b ) ), ( init ( cell r4 c4 b ) ), ( init ( cell r4 c5 b ) ), ( init ( cell r4 c6 b ) ), ( init ( cell r4 c7 b ) ), ( init ( cell r5 c1 b ) ), ( init ( cell r5 c2 b ) ), ( init ( cell r5 c3 b ) ), ( init ( cell r5 c4 b ) ), ( init ( cell r5 c5 b ) ), ( init ( cell r5 c6 b ) ), ( init ( cell r5 c7 b ) ), ( init ( cell r6 c1 b ) ), ( init ( cell r6 c2 b ) ), ( init ( cell r6 c3 b ) ), ( init ( cell r6 c4 b ) ), ( init ( cell r6 c5 b ) ), ( init ( cell r6 c6 b ) ), ( init ( cell r6 c7 b ) ), ( init ( cell r7 c2 b ) ), ( init ( cell r7 c3 b ) ), ( init ( cell r7 c4 b ) ), ( init ( cell r7 c5 b ) ), ( init ( cell r7 c6 b ) ), ( init ( control x ) ), ( ncol c1 c2 ), ( ncol c2 c3 ), ( ncol c3 c4 ), ( ncol c4 c5 ), ( ncol c5 c6 ), ( ncol c6 c7 ), ( nrow r1 r2 ), ( nrow r2 r3 ), ( nrow r3 r4 ), ( nrow r4 r5 ), ( nrow r5 r6 ), ( nrow r6 r7 ), ( <= ( prow ?x ?y ) ( nrow ?y ?x ) ), ( <= ( pcol ?x ?y ) ( ncol ?y ?x ) ), ( succ 0 1 ), ( succ 1 2 ), ( succ 2 3 ), ( succ 3 4 ), ( succ 4 5 ), ( succ 5 6 ), ( succ 6 7 ), ( succ 7 8 ), ( succ 8 9 ), ( succ 9 10 ), ( succ 10 11 ), ( succ 11 12 ), ( succ 12 13 ), ( succ 13 14 ), ( succ 14 15 ), ( succ 15 16 ), ( succ 16 17 ), ( succ 17 18 ), ( succ 18 19 ), ( succ 19 20 ), ( <= ( legal ?player ( mark ?x ?y ) ) ( true ( cell ?x ?y b ) ) ( true ( control ?player ) ) ), ( <= ( legal ?player ( block ?x ?y ) ) ( true ( cell ?x ?y b ) ) ( true ( control ?player ) ) ( true ( white ?player ?c ) ) ( distinct ?c 0 ) ), ( <= ( legal x noop ) ( true ( control o ) ) ), ( <= ( legal o noop ) ( true ( control x ) ) ), ( <= ( next ( cell ?m ?n ?p ) ) ( does ?p ( mark ?m ?n ) ) ), ( <= ( next ( cell ?m ?n w ) ) ( does ?p ( block ?m ?n ) ) ), ( <= ( next ( cell ?m ?n ?p ) ) ( true ( cell ?m ?n ?p ) ) ( distinct ?p b ) ), ( <= ( next ( cell ?m ?n b ) ) ( does ?W ( mark ?j ?k ) ) ( true ( cell ?m ?n b ) ) ( distinct ?m ?j ) ), ( <= ( next ( cell ?m ?n b ) ) ( does ?W ( mark ?j ?k ) ) ( true ( cell ?m ?n b ) ) ( distinct ?n ?k ) ), ( <= ( next ( cell ?m ?n b ) ) ( does ?W ( block ?j ?k ) ) ( true ( cell ?m ?n b ) ) ( distinct ?m ?j ) ), ( <= ( next ( cell ?m ?n b ) ) ( does ?W ( block ?j ?k ) ) ( true ( cell ?m ?n b ) ) ( distinct ?n ?k ) ), ( <= ( next ( quad ?p ?c ) ) ( true ( control ?q ) ) ( true ( quad ?p ?c ) ) ( distinct ?p ?q ) ), ( <= ( next ( white ?p ?c ) ) ( true ( control ?q ) ) ( true ( white ?p ?c ) ) ( distinct ?p ?q ) ), ( <= ( next ( quad ?p ?c ) ) ( does ?p ( mark ?j ?k ) ) ( true ( quad ?p ?c1 ) ) ( succ ?c ?c1 ) ), ( <= ( next ( white ?p ?c ) ) ( does ?p ( block ?j ?k ) ) ( true ( white ?p ?c1 ) ) ( succ ?c ?c1 ) ), ( <= ( next ( quad ?p ?c ) ) ( does ?p ( block ?j ?k ) ) ( true ( quad ?p ?c ) ) ), ( <= ( next ( white ?p ?c ) ) ( does ?p ( mark ?j ?k ) ) ( true ( white ?p ?c ) ) ), ( <= ( next ( control x ) ) ( does o ( mark ?j ?k ) ) ( true ( control o ) ) ), ( <= ( next ( control o ) ) ( does x ( mark ?j ?k ) ) ( true ( control x ) ) ), ( <= ( next ( control ?p ) ) ( does ?p ( block ?j ?k ) ) ( true ( control ?p ) ) ), ( <= ( square ?x1 ?y1 ?x1 ?y2 ?x2 ?y1 ?x2 ?y2 ) ( ncol ?y1 ?y2 ) ( nrow ?x1 ?x2 ) ), ( <= ( square ?x1 ?y1 ?x1 ?y2 ?x2 ?y1 ?x2 ?y2 ) ( ncol ?y3 ?y2 ) ( nrow ?x3 ?x2 ) ( square ?x1 ?y1 ?x1 ?y3 ?x3 ?y1 ?x3 ?y3 ) ), ( <= ( square ?x1 ?y1 ?x2 ?y2 ?x3 ?y3 ?x4 ?y4 ) ( prow ?x2p ?x2 ) ( ncol ?y3n ?y3 ) ( prow ?x4p ?x4 ) ( ncol ?y4n ?y4 ) ( square ?x1 ?y1 ?x2p ?y2 ?x3 ?y3n ?x4p ?y4n ) ), ( <= win ( true ( cell ?x1 ?y1 x ) ) ( true ( cell ?x2 ?y2 x ) ) ( true ( cell ?x3 ?y3 x ) ) ( true ( cell ?x4 ?y4 x ) ) ( square ?x1 ?y1 ?x2 ?y2 ?x3 ?y3 ?x4 ?y4 ) ), ( <= lose ( true ( cell ?x1 ?y1 o ) ) ( true ( cell ?x2 ?y2 o ) ) ( true ( cell ?x3 ?y3 o ) ) ( true ( cell ?x4 ?y4 o ) ) ( square ?x1 ?y1 ?x2 ?y2 ?x3 ?y3 ?x4 ?y4 ) ), ( <= winByOpenQuad ( not lose ) ( not open ) ( true ( cell ?x1 ?y1 x ) ) ( true ( cell ?x2 ?y2 x ) ) ( true ( cell ?x3 ?y3 x ) ) ( true ( cell ?x4 ?y4 b ) ) ( square ?x1 ?y1 ?x2 ?y2 ?x3 ?y3 ?x4 ?y4 ) ), ( <= winByOpenQuad ( not lose ) ( not open ) ( true ( cell ?x1 ?y1 x ) ) ( true ( cell ?x2 ?y2 b ) ) ( true ( cell ?x3 ?y3 x ) ) ( true ( cell ?x4 ?y4 x ) ) ( square ?x1 ?y1 ?x2 ?y2 ?x3 ?y3 ?x4 ?y4 ) ), ( <= winByOpenQuad ( not lose ) ( not open ) ( true ( cell ?x1 ?y1 x ) ) ( true ( cell ?x2 ?y2 x ) ) ( true ( cell ?x3 ?y3 b ) ) ( true ( cell ?x4 ?y4 x ) ) ( square ?x1 ?y1 ?x2 ?y2 ?x3 ?y3 ?x4 ?y4 ) ), ( <= winByOpenQuad ( not lose ) ( not open ) ( true ( cell ?x1 ?y1 b ) ) ( true ( cell ?x2 ?y2 x ) ) ( true ( cell ?x3 ?y3 x ) ) ( true ( cell ?x4 ?y4 x ) ) ( square ?x1 ?y1 ?x2 ?y2 ?x3 ?y3 ?x4 ?y4 ) ), ( <= open ( true ( quad ?p ?c ) ) ( distinct ?c 0 ) ), ( <= ( more ?x 0 ) ( succ ?y ?x ) ), ( <= ( more ?x ?y ) ( succ ?x1 ?x ) ( succ ?y1 ?y ) ( more ?x1 ?y1 ) ), ( <= morewhite ( true ( white x ?a ) ) ( true ( white o ?b ) ) ( more ?a ?b ) ), ( <= lesswhite ( true ( white x ?a ) ) ( true ( white o ?b ) ) ( more ?b ?a ) ), ( <= equalwhite ( true ( white x ?a ) ) ( true ( white o ?a ) ) ), ( <= ( goal x 100 ) win ), ( <= ( goal x 95 ) ( not win ) winByOpenQuad ), ( <= ( goal x 90 ) ( not win ) ( not winByOpenQuad ) ( not lose ) ( not open ) morewhite ), ( <= ( goal x 50 ) ( not win ) ( not winByOpenQuad ) ( not lose ) ( not open ) equalwhite ), ( <= ( goal x 10 ) ( not win ) ( not winByOpenQuad ) ( not lose ) ( not open ) lesswhite ), ( <= ( goal x 0 ) lose ), ( <= ( goal o 100 ) lose ), ( <= ( goal o 90 ) ( not win ) ( not winByOpenQuad ) ( not lose ) ( not open ) lesswhite ), ( <= ( goal o 50 ) ( not win ) ( not winByOpenQuad ) ( not lose ) ( not open ) equalwhite ), ( <= ( goal o 10 ) ( not win ) ( not winByOpenQuad ) ( not lose ) ( not open ) morewhite ), ( <= ( goal o 5 ) ( not win ) winByOpenQuad ), ( <= ( goal o 0 ) win ), ( <= terminal win ), ( <= terminal lose ), ( <= terminal ( not open ) )]
LOG 1641837976532 [L3]: Start clock: 15
LOG 1641837976532 [L3]: Play clock: 10
LOG 1641837984117 [L0]: [Sent at 1641837984117] ready
LOG 1641837984119 [L0]: [Received at 1641837984119] ( PLAY 29.quad_7x7.1641837964599 NIL )
LOG 1641837984120 [L0]: [Sent at 1641837984120] ( mark r7 c5 )
LOG 1641837984122 [L0]: [Received at 1641837984122] ( PLAY 29.quad_7x7.1641837964599 (( mark r7 c5 ) noop ) )
LOG 1641837984124 [L0]: [Sent at 1641837984124] noop
LOG 1641837984126 [L0]: [Received at 1641837984126] ( PLAY 29.quad_7x7.1641837964599 (noop ( mark r6 c7 ) ) )
LOG 1641837984133 [L0]: [Sent at 1641837984133] ( block r7 c4 )
LOG 1641837984136 [L0]: [Received at 1641837984136] ( PLAY 29.quad_7x7.1641837964599 (( block r7 c4 ) noop ) )
LOG 1641837984137 [L0]: [Sent at 1641837984137] ( block r3 c5 )
LOG 1641837984139 [L0]: [Received at 1641837984139] ( PLAY 29.quad_7x7.1641837964599 (( block r3 c5 ) noop ) )
LOG 1641837984140 [L0]: [Sent at 1641837984140] ( mark r7 c2 )
LOG 1641837984142 [L0]: [Received at 1641837984142] ( PLAY 29.quad_7x7.1641837964599 (( mark r7 c2 ) noop ) )
LOG 1641837984144 [L0]: [Sent at 1641837984144] noop
LOG 1641837984146 [L0]: [Received at 1641837984146] ( PLAY 29.quad_7x7.1641837964599 (noop ( mark r7 c3 ) ) )
LOG 1641837984147 [L0]: [Sent at 1641837984147] ( block r6 c5 )
LOG 1641837984149 [L0]: [Received at 1641837984149] ( PLAY 29.quad_7x7.1641837964599 (( block r6 c5 ) noop ) )
LOG 1641837984151 [L0]: [Sent at 1641837984151] ( mark r6 c1 )
LOG 1641837984155 [L0]: [Received at 1641837984155] ( PLAY 29.quad_7x7.1641837964599 (( mark r6 c1 ) noop ) )
LOG 1641837984156 [L0]: [Sent at 1641837984156] noop
LOG 1641837984158 [L0]: [Received at 1641837984158] ( PLAY 29.quad_7x7.1641837964599 (noop ( block r3 c7 ) ) )
LOG 1641837984160 [L0]: [Sent at 1641837984160] noop
LOG 1641837984162 [L0]: [Received at 1641837984162] ( PLAY 29.quad_7x7.1641837964599 (noop ( block r2 c2 ) ) )
LOG 1641837984163 [L0]: [Sent at 1641837984163] noop
LOG 1641837984164 [L0]: [Received at 1641837984164] ( PLAY 29.quad_7x7.1641837964599 (noop ( block r1 c2 ) ) )
LOG 1641837984166 [L0]: [Sent at 1641837984166] noop
LOG 1641837984168 [L0]: [Received at 1641837984168] ( PLAY 29.quad_7x7.1641837964599 (noop ( block r4 c3 ) ) )
LOG 1641837984169 [L0]: [Sent at 1641837984169] noop
LOG 1641837984174 [L0]: [Received at 1641837984174] ( PLAY 29.quad_7x7.1641837964599 (noop ( mark r6 c2 ) ) )
LOG 1641837984176 [L0]: [Sent at 1641837984176] ( mark r4 c6 )
LOG 1641837984183 [L0]: [Received at 1641837984183] ( PLAY 29.quad_7x7.1641837964599 (( mark r4 c6 ) noop ) )
LOG 1641837984184 [L0]: [Sent at 1641837984184] noop
LOG 1641837984187 [L0]: [Received at 1641837984187] ( PLAY 29.quad_7x7.1641837964599 (noop ( block r5 c5 ) ) )
LOG 1641837984188 [L0]: [Sent at 1641837984188] noop
LOG 1641837984195 [L0]: [Received at 1641837984195] ( PLAY 29.quad_7x7.1641837964599 (noop ( mark r5 c1 ) ) )
LOG 1641837984197 [L0]: [Sent at 1641837984197] ( block r5 c7 )
LOG 1641837984199 [L0]: [Received at 1641837984199] ( PLAY 29.quad_7x7.1641837964599 (( block r5 c7 ) noop ) )
LOG 1641837984201 [L0]: [Sent at 1641837984201] ( block r6 c3 )
LOG 1641837984204 [L0]: [Received at 1641837984204] ( PLAY 29.quad_7x7.1641837964599 (( block r6 c3 ) noop ) )
LOG 1641837984206 [L0]: [Sent at 1641837984206] ( mark r2 c7 )
LOG 1641837984223 [L0]: [Received at 1641837984223] ( PLAY 29.quad_7x7.1641837964599 (( mark r2 c7 ) noop ) )
LOG 1641837984224 [L0]: [Sent at 1641837984224] noop
LOG 1641837984236 [L0]: [Received at 1641837984236] ( PLAY 29.quad_7x7.1641837964599 (noop ( mark r3 c1 ) ) )
LOG 1641837984237 [L0]: [Sent at 1641837984237] ( mark r1 c5 )
LOG 1641837984269 [L0]: [Received at 1641837984269] ( PLAY 29.quad_7x7.1641837964599 (( mark r1 c5 ) noop ) )
LOG 1641837984270 [L0]: [Sent at 1641837984270] noop
LOG 1641837984296 [L0]: [Received at 1641837984296] ( PLAY 29.quad_7x7.1641837964599 (noop ( mark r2 c5 ) ) )
LOG 1641837984297 [L0]: [Sent at 1641837984297] ( mark r2 c4 )
LOG 1641837984354 [L0]: [Received at 1641837984354] ( PLAY 29.quad_7x7.1641837964599 (( mark r2 c4 ) noop ) )
LOG 1641837984356 [L0]: [Sent at 1641837984356] noop
LOG 1641837984388 [L0]: [Received at 1641837984388] ( PLAY 29.quad_7x7.1641837964599 (noop ( mark r4 c1 ) ) )
LOG 1641837984389 [L0]: [Sent at 1641837984389] ( mark r1 c3 )
LOG 1641838003789 [L0]: [Received at 1641838003789] ( PLAY 29.quad_7x7.1641837964599 (( mark r1 c3 ) noop ) )
LOG 1641838003791 [L0]: [Sent at 1641838003791] noop
LOG 1641838003865 [L0]: [Received at 1641838003865] ( PLAY 29.quad_7x7.1641837964599 (noop ( mark r4 c4 ) ) )
LOG 1641838003866 [L0]: [Sent at 1641838003866] ( mark r2 c3 )
LOG 1641838004000 [L0]: [Received at 1641838004000] ( PLAY 29.quad_7x7.1641837964599 (( mark r2 c3 ) noop ) )
LOG 1641838004001 [L0]: [Sent at 1641838004001] noop
LOG 1641838004113 [L0]: [Received at 1641838004113] ( PLAY 29.quad_7x7.1641837964599 (noop ( mark r3 c4 ) ) )
LOG 1641838004114 [L0]: [Sent at 1641838004114] ( mark r7 c6 )
LOG 1641838004259 [L0]: [Received at 1641838004259] ( PLAY 29.quad_7x7.1641837964599 (( mark r7 c6 ) noop ) )
LOG 1641838004260 [L0]: [Sent at 1641838004260] noop
LOG 1641838019376 [L0]: [Received at 1641838019376] ( PLAY 29.quad_7x7.1641837964599 (noop ( mark r4 c5 ) ) )
LOG 1641838019378 [L0]: [Sent at 1641838019378] ( mark r6 c6 )
LOG 1641838019580 [L0]: [Received at 1641838019580] ( PLAY 29.quad_7x7.1641837964599 (( mark r6 c6 ) noop ) )
LOG 1641838019581 [L0]: [Sent at 1641838019581] noop
LOG 1641838019843 [L0]: [Received at 1641838019843] ( PLAY 29.quad_7x7.1641837964599 (noop ( mark r5 c4 ) ) )
LOG 1641838019844 [L0]: [Sent at 1641838019844] ( mark r4 c2 )
LOG 1641838036897 [L0]: [Received at 1641838036897] ( PLAY 29.quad_7x7.1641837964599 (( mark r4 c2 ) noop ) )
LOG 1641838036899 [L0]: [Sent at 1641838036899] noop
LOG 1641838150251 [L0]: [Received at 1641838150250] ( STOP 29.quad_7x7.1641837964599 (noop ( mark r5 c3 ) ) )
LOG 1641838150251 [L3]: Stopped logging to files at: Mon Jan 10 19:09:10 CET 2022
LOG 1641838150251 [L3]: LOG SEALED
