LOG 1641834632916 [L3]: Returning initial state machine.
LOG 1641834632916 [L3]: Returning PropNet state machine without cache.
LOG 1641834632917 [L3]: Starting metagame with available thinking time 4990ms.
LOG 1641834632919 [L3]: Starting search during metagame.
LOG 1641834637907 [L3]: Done searching during metagame.
LOG 1641834637911 [L3]: Starting move selection for game step 1 with available time 0ms.
LOG 1641834637911 [L3]: No time to select next move using MCTS. Returning random move noop.
LOG 1641834637915 [L3]: Starting move selection for game step 2 with available time 0ms.
LOG 1641834637919 [L3]: No time to select next move using MCTS. Returning random move ( move 3 7 3 6 ).
LOG 1641834637923 [L3]: Starting move selection for game step 3 with available time 0ms.
LOG 1641834637932 [L3]: No time to select next move using MCTS. Returning random move noop.
LOG 1641834637937 [L3]: Starting move selection for game step 4 with available time 0ms.
LOG 1641834637943 [L3]: No time to select next move using MCTS. Returning random move ( move 2 7 1 6 ).
LOG 1641834637947 [L3]: Starting move selection for game step 5 with available time 0ms.
LOG 1641834637947 [L3]: No time to select next move using MCTS. Returning random move noop.
LOG 1641834637953 [L3]: Starting move selection for game step 6 with available time 0ms.
LOG 1641834637953 [L3]: No time to select next move using MCTS. Returning random move ( move 2 8 3 7 ).
LOG 1641834637957 [L3]: Starting move selection for game step 7 with available time 0ms.
LOG 1641834637957 [L3]: No time to select next move using MCTS. Returning random move noop.
LOG 1641834637963 [L3]: Starting move selection for game step 8 with available time 0ms.
LOG 1641834637963 [L3]: No time to select next move using MCTS. Returning random move ( move 1 6 2 5 ).
LOG 1641834637968 [L3]: Starting move selection for game step 9 with available time 0ms.
LOG 1641834637968 [L3]: No time to select next move using MCTS. Returning random move noop.
LOG 1641834637972 [L3]: Starting move selection for game step 10 with available time 0ms.
LOG 1641834637972 [L3]: No time to select next move using MCTS. Returning random move ( move 6 7 5 6 ).
LOG 1641834637977 [L3]: Starting move selection for game step 11 with available time -1ms.
LOG 1641834637977 [L3]: No time to select next move using MCTS. Returning random move noop.
LOG 1641834637981 [L3]: Starting move selection for game step 12 with available time 0ms.
LOG 1641834637981 [L3]: No time to select next move using MCTS. Returning random move ( move 4 7 4 6 ).
LOG 1641834637986 [L3]: Starting move selection for game step 13 with available time 0ms.
LOG 1641834637987 [L3]: No time to select next move using MCTS. Returning random move noop.
LOG 1641834637991 [L3]: Starting move selection for game step 14 with available time 0ms.
LOG 1641834637991 [L3]: No time to select next move using MCTS. Returning random move ( move 6 8 6 7 ).
LOG 1641834637995 [L3]: Starting move selection for game step 15 with available time 0ms.
LOG 1641834637995 [L3]: No time to select next move using MCTS. Returning random move noop.
LOG 1641834637999 [L3]: Starting move selection for game step 16 with available time 0ms.
LOG 1641834637999 [L3]: No time to select next move using MCTS. Returning random move ( move 3 6 4 5 ).
LOG 1641834638006 [L3]: Starting move selection for game step 17 with available time 0ms.
LOG 1641834638006 [L3]: No time to select next move using MCTS. Returning random move noop.
LOG 1641834638011 [L3]: Starting move selection for game step 18 with available time 0ms.
LOG 1641834638011 [L3]: No time to select next move using MCTS. Returning random move ( move 4 5 5 4 ).
LOG 1641834638014 [L3]: Starting move selection for game step 19 with available time 0ms.
LOG 1641834638015 [L3]: No time to select next move using MCTS. Returning random move noop.
LOG 1641834638019 [L3]: Starting move selection for game step 20 with available time 0ms.
LOG 1641834638019 [L3]: No time to select next move using MCTS. Returning random move ( move 7 7 7 6 ).
LOG 1641834638023 [L3]: Starting move selection for game step 21 with available time 0ms.
LOG 1641834638024 [L3]: No time to select next move using MCTS. Returning random move noop.
LOG 1641834638028 [L3]: Starting move selection for game step 22 with available time 0ms.
LOG 1641834638028 [L3]: No time to select next move using MCTS. Returning random move ( move 2 5 3 4 ).
LOG 1641834638031 [L3]: Starting move selection for game step 23 with available time 0ms.
LOG 1641834638032 [L3]: No time to select next move using MCTS. Returning random move noop.
LOG 1641834638036 [L3]: Starting move selection for game step 24 with available time 0ms.
LOG 1641834638036 [L3]: No time to select next move using MCTS. Returning random move ( move 5 7 6 6 ).
LOG 1641834638040 [L3]: Starting move selection for game step 25 with available time 0ms.
LOG 1641834638040 [L3]: No time to select next move using MCTS. Returning random move noop.
LOG 1641834638044 [L3]: Starting move selection for game step 26 with available time 0ms.
LOG 1641834638045 [L3]: No time to select next move using MCTS. Returning random move ( move 3 4 4 3 ).
LOG 1641834638049 [L3]: Starting move selection for game step 27 with available time 0ms.
LOG 1641834638049 [L3]: No time to select next move using MCTS. Returning random move noop.
LOG 1641834638053 [L3]: Starting move selection for game step 28 with available time 0ms.
LOG 1641834638054 [L3]: No time to select next move using MCTS. Returning random move ( move 4 8 4 7 ).
LOG 1641834638058 [L3]: Starting move selection for game step 29 with available time 0ms.
LOG 1641834638059 [L3]: No time to select next move using MCTS. Returning random move noop.
LOG 1641834638063 [L3]: Starting move selection for game step 30 with available time 0ms.
LOG 1641834638063 [L3]: No time to select next move using MCTS. Returning random move ( move 4 6 3 5 ).
LOG 1641834638067 [L3]: Starting move selection for game step 31 with available time 0ms.
LOG 1641834638067 [L3]: No time to select next move using MCTS. Returning random move noop.
LOG 1641834638071 [L3]: Starting move selection for game step 32 with available time 0ms.
LOG 1641834638071 [L3]: No time to select next move using MCTS. Returning random move ( move 7 6 8 5 ).
LOG 1641834638075 [L3]: Starting move selection for game step 33 with available time 0ms.
LOG 1641834638075 [L3]: No time to select next move using MCTS. Returning random move noop.
LOG 1641834638079 [L3]: Starting move selection for game step 34 with available time 0ms.
LOG 1641834638079 [L3]: No time to select next move using MCTS. Returning random move ( move 1 7 1 6 ).
LOG 1641834638083 [L3]: Starting move selection for game step 35 with available time 0ms.
LOG 1641834638083 [L3]: No time to select next move using MCTS. Returning random move noop.
LOG 1641834638086 [L3]: Starting move selection for game step 36 with available time 0ms.
LOG 1641834638086 [L3]: No time to select next move using MCTS. Returning random move ( move 4 7 3 6 ).
LOG 1641834638090 [L3]: Starting move selection for game step 37 with available time 0ms.
LOG 1641834638090 [L3]: No time to select next move using MCTS. Returning random move noop.
LOG 1641834638095 [L3]: Starting move selection for game step 38 with available time 0ms.
LOG 1641834638095 [L3]: No time to select next move using MCTS. Returning random move ( move 1 8 1 7 ).
LOG 1641834638105 [L3]: Starting move selection for game step 39 with available time 0ms.
LOG 1641834638105 [L3]: No time to select next move using MCTS. Returning random move noop.
LOG 1641834638109 [L3]: Starting move selection for game step 40 with available time 0ms.
LOG 1641834638109 [L3]: No time to select next move using MCTS. Returning random move ( move 5 4 6 3 ).
LOG 1641834638112 [L3]: Starting move selection for game step 41 with available time 0ms.
LOG 1641834638113 [L3]: No time to select next move using MCTS. Returning random move noop.
LOG 1641834638117 [L3]: Starting move selection for game step 42 with available time 0ms.
LOG 1641834638117 [L3]: No time to select next move using MCTS. Returning random move ( move 7 8 7 7 ).
LOG 1641834638122 [L3]: Starting move selection for game step 43 with available time 0ms.
LOG 1641834638122 [L3]: No time to select next move using MCTS. Returning random move noop.
LOG 1641834638126 [L3]: Starting move selection for game step 44 with available time 0ms.
LOG 1641834638126 [L3]: No time to select next move using MCTS. Returning random move ( move 3 5 2 4 ).
LOG 1641834638145 [L3]: Starting move selection for game step 45 with available time 0ms.
LOG 1641834638145 [L3]: No time to select next move using MCTS. Returning random move noop.
LOG 1641834638149 [L3]: Starting move selection for game step 46 with available time 0ms.
LOG 1641834638149 [L3]: No time to select next move using MCTS. Returning random move ( move 6 3 7 2 ).
LOG 1641834638152 [L3]: Starting move selection for game step 47 with available time 0ms.
LOG 1641834638153 [L3]: No time to select next move using MCTS. Returning random move noop.
LOG 1641834638156 [L3]: Starting move selection for game step 48 with available time 0ms.
LOG 1641834638156 [L3]: No time to select next move using MCTS. Returning random move ( move 5 8 4 7 ).
LOG 1641834638161 [L3]: Starting move selection for game step 49 with available time 0ms.
LOG 1641834638161 [L3]: No time to select next move using MCTS. Returning random move noop.
LOG 1641834638165 [L3]: Starting move selection for game step 50 with available time 0ms.
LOG 1641834638166 [L3]: No time to select next move using MCTS. Returning random move ( move 2 4 1 3 ).
LOG 1641834638170 [L3]: Starting move selection for game step 51 with available time 0ms.
LOG 1641834638170 [L3]: No time to select next move using MCTS. Returning random move noop.
LOG 1641834638173 [L3]: Starting move selection for game step 52 with available time 0ms.
LOG 1641834638174 [L3]: No time to select next move using MCTS. Returning random move ( move 1 7 2 6 ).
LOG 1641834638178 [L3]: Starting move selection for game step 53 with available time 0ms.
LOG 1641834638178 [L3]: No time to select next move using MCTS. Returning random move noop.
LOG 1641834638182 [L3]: Starting move selection for game step 54 with available time 0ms.
LOG 1641834638182 [L3]: No time to select next move using MCTS. Returning random move ( move 3 6 2 5 ).
LOG 1641834638185 [L3]: Starting move selection for game step 55 with available time 0ms.
LOG 1641834638186 [L3]: No time to select next move using MCTS. Returning random move noop.
