LOG 1641836092454 [L3]: Returning initial state machine.
LOG 1641836092455 [L3]: Returning PropNet state machine without cache.
LOG 1641836092456 [L3]: Starting metagame with available thinking time 4989ms.
LOG 1641836092458 [L3]: Starting search during metagame.
LOG 1641836097445 [L3]: Done searching during metagame.
LOG 1641836097448 [L3]: Starting move selection for game step 1 with available time 0ms.
LOG 1641836097448 [L3]: No time to select next move using MCTS. Returning random move noop.
LOG 1641836097453 [L3]: Starting move selection for game step 2 with available time 0ms.
LOG 1641836097458 [L3]: No time to select next move using MCTS. Returning random move ( move 4 7 2 6 ).
LOG 1641836097462 [L3]: Starting move selection for game step 3 with available time 0ms.
LOG 1641836097468 [L3]: No time to select next move using MCTS. Returning random move noop.
LOG 1641836097472 [L3]: Starting move selection for game step 4 with available time 0ms.
LOG 1641836097482 [L3]: No time to select next move using MCTS. Returning random move ( move 2 8 4 7 ).
LOG 1641836097486 [L3]: Starting move selection for game step 5 with available time 0ms.
LOG 1641836097486 [L3]: No time to select next move using MCTS. Returning random move noop.
LOG 1641836097490 [L3]: Starting move selection for game step 6 with available time 0ms.
LOG 1641836097490 [L3]: No time to select next move using MCTS. Returning random move ( move 2 6 3 4 ).
LOG 1641836097493 [L3]: Starting move selection for game step 7 with available time 0ms.
LOG 1641836097493 [L3]: No time to select next move using MCTS. Returning random move noop.
LOG 1641836097497 [L3]: Starting move selection for game step 8 with available time 0ms.
LOG 1641836097497 [L3]: No time to select next move using MCTS. Returning random move ( move 5 7 6 5 ).
LOG 1641836097501 [L3]: Starting move selection for game step 9 with available time 0ms.
LOG 1641836097501 [L3]: No time to select next move using MCTS. Returning random move noop.
LOG 1641836097505 [L3]: Starting move selection for game step 10 with available time -1ms.
LOG 1641836097505 [L3]: No time to select next move using MCTS. Returning random move ( move 7 8 6 6 ).
LOG 1641836097508 [L3]: Starting move selection for game step 11 with available time 0ms.
LOG 1641836097508 [L3]: No time to select next move using MCTS. Returning random move noop.
LOG 1641836097512 [L3]: Starting move selection for game step 12 with available time 0ms.
LOG 1641836097512 [L3]: No time to select next move using MCTS. Returning random move ( move 6 5 4 4 ).
LOG 1641836097516 [L3]: Starting move selection for game step 13 with available time 0ms.
LOG 1641836097516 [L3]: No time to select next move using MCTS. Returning random move noop.
LOG 1641836097519 [L3]: Starting move selection for game step 14 with available time 0ms.
LOG 1641836097520 [L3]: No time to select next move using MCTS. Returning random move ( move 6 6 5 4 ).
LOG 1641836097523 [L3]: Starting move selection for game step 15 with available time 0ms.
LOG 1641836097523 [L3]: No time to select next move using MCTS. Returning random move noop.
LOG 1641836097527 [L3]: Starting move selection for game step 16 with available time 0ms.
LOG 1641836097527 [L3]: No time to select next move using MCTS. Returning random move ( move 7 7 8 5 ).
LOG 1641836097530 [L3]: Starting move selection for game step 17 with available time 0ms.
LOG 1641836097531 [L3]: No time to select next move using MCTS. Returning random move noop.
LOG 1641836097535 [L3]: Starting move selection for game step 18 with available time 0ms.
LOG 1641836097535 [L3]: No time to select next move using MCTS. Returning random move ( move 6 8 7 6 ).
LOG 1641836097539 [L3]: Starting move selection for game step 19 with available time -1ms.
LOG 1641836097539 [L3]: No time to select next move using MCTS. Returning random move noop.
LOG 1641836097563 [L3]: Starting move selection for game step 20 with available time 0ms.
LOG 1641836097563 [L3]: No time to select next move using MCTS. Returning random move ( move 3 7 2 5 ).
LOG 1641836097567 [L3]: Starting move selection for game step 21 with available time 0ms.
LOG 1641836097568 [L3]: No time to select next move using MCTS. Returning random move noop.
LOG 1641836097578 [L3]: Starting move selection for game step 22 with available time 0ms.
LOG 1641836097578 [L3]: No time to select next move using MCTS. Returning random move ( move 5 8 7 7 ).
LOG 1641836097592 [L3]: Starting move selection for game step 23 with available time 0ms.
LOG 1641836097593 [L3]: No time to select next move using MCTS. Returning random move noop.
LOG 1641836097600 [L3]: Starting move selection for game step 24 with available time 0ms.
LOG 1641836097600 [L3]: No time to select next move using MCTS. Returning random move ( move 1 8 2 6 ).
LOG 1641836097604 [L3]: Starting move selection for game step 25 with available time 0ms.
LOG 1641836097604 [L3]: No time to select next move using MCTS. Returning random move noop.
LOG 1641836097608 [L3]: Starting move selection for game step 26 with available time -1ms.
LOG 1641836097608 [L3]: No time to select next move using MCTS. Returning random move ( move 5 4 6 2 ).
LOG 1641836097611 [L3]: Starting move selection for game step 27 with available time 0ms.
LOG 1641836097612 [L3]: No time to select next move using MCTS. Returning random move noop.
LOG 1641836097615 [L3]: Starting move selection for game step 28 with available time 0ms.
LOG 1641836097615 [L3]: No time to select next move using MCTS. Returning random move ( move 8 5 7 3 ).
LOG 1641836097619 [L3]: Starting move selection for game step 29 with available time 0ms.
LOG 1641836097620 [L3]: No time to select next move using MCTS. Returning random move noop.
LOG 1641836097624 [L3]: Starting move selection for game step 30 with available time 0ms.
LOG 1641836097624 [L3]: No time to select next move using MCTS. Returning random move ( move 4 7 3 5 ).
LOG 1641836097628 [L3]: Starting move selection for game step 31 with available time 0ms.
LOG 1641836097628 [L3]: No time to select next move using MCTS. Returning random move noop.
LOG 1641836097631 [L3]: Starting move selection for game step 32 with available time 0ms.
LOG 1641836097632 [L3]: No time to select next move using MCTS. Returning random move ( move 4 8 3 6 ).
LOG 1641836097636 [L3]: Starting move selection for game step 33 with available time 0ms.
LOG 1641836097636 [L3]: No time to select next move using MCTS. Returning random move noop.
LOG 1641836097640 [L3]: Starting move selection for game step 34 with available time 0ms.
LOG 1641836097640 [L3]: No time to select next move using MCTS. Returning random move ( move 3 6 2 4 ).
LOG 1641836097644 [L3]: Starting move selection for game step 35 with available time 0ms.
LOG 1641836097644 [L3]: No time to select next move using MCTS. Returning random move noop.
LOG 1641836097647 [L3]: Starting move selection for game step 36 with available time 0ms.
LOG 1641836097647 [L3]: No time to select next move using MCTS. Returning random move ( move 7 3 5 2 ).
LOG 1641836097650 [L3]: Starting move selection for game step 37 with available time 0ms.
LOG 1641836097651 [L3]: No time to select next move using MCTS. Returning random move noop.
