LOG 1641840147086 [L3]: Returning initial state machine.
LOG 1641840147087 [L3]: Returning PropNet state machine without cache.
LOG 1641840147088 [L3]: Starting metagame with available thinking time 4989ms.
LOG 1641840147090 [L3]: Starting search during metagame.
LOG 1641840152077 [L3]: Done searching during metagame.
LOG 1641840152079 [L3]: Starting move selection for game step 1 with available time 0ms.
LOG 1641840152080 [L3]: No time to select next move using MCTS. Returning random move noop.
LOG 1641840152083 [L3]: Starting move selection for game step 2 with available time 0ms.
LOG 1641840152084 [L3]: No time to select next move using MCTS. Returning random move ( block r5 c2 ).
LOG 1641840152088 [L3]: Starting move selection for game step 3 with available time 0ms.
LOG 1641840152095 [L3]: No time to select next move using MCTS. Returning random move ( mark r4 c4 ).
LOG 1641840152099 [L3]: Starting move selection for game step 4 with available time 0ms.
LOG 1641840152101 [L3]: No time to select next move using MCTS. Returning random move noop.
LOG 1641840152108 [L3]: Starting move selection for game step 5 with available time 0ms.
LOG 1641840152108 [L3]: No time to select next move using MCTS. Returning random move ( mark r4 c6 ).
LOG 1641840152165 [L3]: Starting move selection for game step 6 with available time 0ms.
LOG 1641840152165 [L3]: No time to select next move using MCTS. Returning random move noop.
LOG 1641840152169 [L3]: Starting move selection for game step 7 with available time -1ms.
LOG 1641840152169 [L3]: No time to select next move using MCTS. Returning random move noop.
LOG 1641840152184 [L3]: Starting move selection for game step 8 with available time 0ms.
LOG 1641840152184 [L3]: No time to select next move using MCTS. Returning random move ( mark r3 c2 ).
LOG 1641840152193 [L3]: Starting move selection for game step 9 with available time 0ms.
LOG 1641840152194 [L3]: No time to select next move using MCTS. Returning random move noop.
LOG 1641840152207 [L3]: Starting move selection for game step 10 with available time 0ms.
LOG 1641840152208 [L3]: No time to select next move using MCTS. Returning random move ( mark r2 c6 ).
LOG 1641840152225 [L3]: Starting move selection for game step 11 with available time 0ms.
LOG 1641840152225 [L3]: No time to select next move using MCTS. Returning random move noop.
LOG 1641840152243 [L3]: Starting move selection for game step 12 with available time 0ms.
LOG 1641840152243 [L3]: No time to select next move using MCTS. Returning random move ( block r4 c1 ).
LOG 1641840152247 [L3]: Starting move selection for game step 13 with available time 0ms.
LOG 1641840152248 [L3]: No time to select next move using MCTS. Returning random move ( mark r3 c1 ).
LOG 1641840152267 [L3]: Starting move selection for game step 14 with available time 0ms.
LOG 1641840152267 [L3]: No time to select next move using MCTS. Returning random move noop.
LOG 1641840152312 [L3]: Starting move selection for game step 15 with available time 0ms.
LOG 1641840152313 [L3]: No time to select next move using MCTS. Returning random move ( block r2 c5 ).
LOG 1641840152318 [L3]: Starting move selection for game step 16 with available time 0ms.
LOG 1641840152319 [L3]: No time to select next move using MCTS. Returning random move ( mark r3 c4 ).
LOG 1641840152367 [L3]: Starting move selection for game step 17 with available time 0ms.
LOG 1641840152368 [L3]: No time to select next move using MCTS. Returning random move noop.
LOG 1641840152443 [L3]: Starting move selection for game step 18 with available time 0ms.
LOG 1641840152444 [L3]: No time to select next move using MCTS. Returning random move ( mark r4 c3 ).
LOG 1641840152517 [L3]: Starting move selection for game step 19 with available time 0ms.
LOG 1641840152517 [L3]: No time to select next move using MCTS. Returning random move noop.
LOG 1641840152586 [L3]: Starting move selection for game step 20 with available time 0ms.
LOG 1641840152586 [L3]: No time to select next move using MCTS. Returning random move ( mark r1 c3 ).
LOG 1641840152701 [L3]: Starting move selection for game step 21 with available time 0ms.
LOG 1641840152701 [L3]: No time to select next move using MCTS. Returning random move noop.
LOG 1641840152716 [L3]: Starting move selection for game step 22 with available time 0ms.
LOG 1641840152716 [L3]: No time to select next move using MCTS. Returning random move noop.
LOG 1641840152902 [L3]: Starting move selection for game step 23 with available time 0ms.
LOG 1641840152903 [L3]: No time to select next move using MCTS. Returning random move ( mark r2 c4 ).
