LOG 1641864589719 [L3]: Returning initial state machine.
LOG 1641864589719 [L3]: Returning PropNet state machine without cache.
LOG 1641864589720 [L3]: Starting metagame with available thinking time 4990ms.
LOG 1641864589722 [L3]: Starting search during metagame.
LOG 1641864594710 [L3]: Done searching during metagame.
LOG 1641864594713 [L3]: Starting move selection for game step 1 with available time 10000ms.
LOG 1641864594713 [L3]: Selecting move using MCTS.
LOG 1641864604713 [L3]: Returning MCTS move noop.
LOG 1641864604716 [L3]: Starting move selection for game step 2 with available time 10000ms.
LOG 1641864604721 [L3]: Selecting move using MCTS.
LOG 1641864614716 [L3]: Returning MCTS move ( drop 4 ).
LOG 1641864614719 [L3]: Starting move selection for game step 3 with available time 10000ms.
LOG 1641864614735 [L3]: Selecting move using MCTS.
LOG 1641864624719 [L3]: Returning MCTS move noop.
LOG 1641864624728 [L3]: Starting move selection for game step 4 with available time 10000ms.
LOG 1641864624744 [L3]: Selecting move using MCTS.
LOG 1641864634728 [L3]: Returning MCTS move ( drop 4 ).
LOG 1641864634731 [L3]: Starting move selection for game step 5 with available time 10000ms.
LOG 1641864634745 [L3]: Selecting move using MCTS.
LOG 1641864644731 [L3]: Returning MCTS move noop.
LOG 1641864644735 [L3]: Starting move selection for game step 6 with available time 10000ms.
LOG 1641864644754 [L3]: Selecting move using MCTS.
LOG 1641864654735 [L3]: Returning MCTS move ( drop 4 ).
LOG 1641864654738 [L3]: Starting move selection for game step 7 with available time 10000ms.
LOG 1641864654756 [L3]: Selecting move using MCTS.
LOG 1641864664738 [L3]: Returning MCTS move noop.
LOG 1641864664741 [L3]: Starting move selection for game step 8 with available time 10000ms.
LOG 1641864664760 [L3]: Selecting move using MCTS.
LOG 1641864674741 [L3]: Returning MCTS move ( drop 3 ).
LOG 1641864674744 [L3]: Starting move selection for game step 9 with available time 10000ms.
LOG 1641864674761 [L3]: Selecting move using MCTS.
LOG 1641864684744 [L3]: Returning MCTS move noop.
LOG 1641864684747 [L3]: Starting move selection for game step 10 with available time 10000ms.
LOG 1641864684766 [L3]: Selecting move using MCTS.
LOG 1641864694747 [L3]: Returning MCTS move ( drop 6 ).
LOG 1641864694776 [L3]: Starting move selection for game step 11 with available time 10000ms.
LOG 1641864694797 [L3]: Selecting move using MCTS.
LOG 1641864704776 [L3]: Returning MCTS move noop.
LOG 1641864704779 [L3]: Starting move selection for game step 12 with available time 10000ms.
LOG 1641864704804 [L3]: Selecting move using MCTS.
LOG 1641864714779 [L3]: Returning MCTS move ( drop 3 ).
LOG 1641864714782 [L3]: Starting move selection for game step 13 with available time 10000ms.
LOG 1641864714799 [L3]: Selecting move using MCTS.
LOG 1641864724782 [L3]: Returning MCTS move noop.
LOG 1641864724785 [L3]: Starting move selection for game step 14 with available time 10000ms.
LOG 1641864724808 [L3]: Selecting move using MCTS.
LOG 1641864734785 [L3]: Returning MCTS move ( drop 3 ).
LOG 1641864734788 [L3]: Starting move selection for game step 15 with available time 10000ms.
LOG 1641864734811 [L3]: Selecting move using MCTS.
LOG 1641864744788 [L3]: Returning MCTS move noop.
LOG 1641864744791 [L3]: Starting move selection for game step 16 with available time 10000ms.
LOG 1641864744811 [L3]: Selecting move using MCTS.
LOG 1641864754791 [L3]: Returning MCTS move ( drop 1 ).
LOG 1641864754794 [L3]: Starting move selection for game step 17 with available time 10000ms.
LOG 1641864754810 [L3]: Selecting move using MCTS.
LOG 1641864764794 [L3]: Returning MCTS move noop.
LOG 1641864764812 [L3]: Starting move selection for game step 18 with available time 10000ms.
LOG 1641864764823 [L3]: Selecting move using MCTS.
LOG 1641864774812 [L3]: Returning MCTS move ( drop 4 ).
LOG 1641864774815 [L3]: Starting move selection for game step 19 with available time 10000ms.
LOG 1641864774825 [L3]: Selecting move using MCTS.
LOG 1641864784815 [L3]: Returning MCTS move noop.
LOG 1641864784818 [L3]: Starting move selection for game step 20 with available time 10000ms.
LOG 1641864784828 [L3]: Selecting move using MCTS.
LOG 1641864794818 [L3]: Returning MCTS move ( drop 7 ).
LOG 1641864794822 [L3]: Starting move selection for game step 21 with available time 10000ms.
LOG 1641864794827 [L3]: Selecting move using MCTS.
LOG 1641864804822 [L3]: Returning MCTS move noop.
LOG 1641864804825 [L3]: Starting move selection for game step 22 with available time 10000ms.
LOG 1641864804831 [L3]: Selecting move using MCTS.
LOG 1641864814825 [L3]: Returning MCTS move ( drop 2 ).
LOG 1641864814828 [L3]: Starting move selection for game step 23 with available time 10000ms.
LOG 1641864814833 [L3]: Selecting move using MCTS.
LOG 1641864824828 [L3]: Returning MCTS move noop.
LOG 1641864824831 [L3]: Starting move selection for game step 24 with available time 10000ms.
LOG 1641864824838 [L3]: Selecting move using MCTS.
LOG 1641864834831 [L3]: Returning MCTS move ( drop 2 ).
LOG 1641864834834 [L3]: Starting move selection for game step 25 with available time 10000ms.
LOG 1641864834837 [L3]: Selecting move using MCTS.
LOG 1641864844834 [L3]: Returning MCTS move noop.
LOG 1641864844837 [L3]: Starting move selection for game step 26 with available time 10000ms.
LOG 1641864844840 [L3]: Selecting move using MCTS.
LOG 1641864854837 [L3]: Returning MCTS move ( drop 2 ).
LOG 1641864854841 [L3]: Starting move selection for game step 27 with available time 9999ms.
LOG 1641864854842 [L3]: Selecting move using MCTS.
LOG 1641864864840 [L3]: Returning MCTS move noop.
LOG 1641864864843 [L3]: Starting move selection for game step 28 with available time 10000ms.
LOG 1641864864845 [L3]: Selecting move using MCTS.
LOG 1641864874843 [L3]: Returning MCTS move ( drop 2 ).
LOG 1641864874846 [L3]: Starting move selection for game step 29 with available time 10000ms.
LOG 1641864874847 [L3]: Selecting move using MCTS.
LOG 1641864884846 [L3]: Returning MCTS move noop.
LOG 1641864884850 [L3]: Starting move selection for game step 30 with available time 10000ms.
LOG 1641864884851 [L3]: Selecting move using MCTS.
LOG 1641864894850 [L3]: Returning MCTS move ( drop 5 ).
