LOG 1641845447639 [L3]: Returning initial state machine.
LOG 1641845447640 [L3]: Returning PropNet state machine without cache.
LOG 1641845447641 [L3]: Starting metagame with available thinking time 4989ms.
LOG 1641845447642 [L3]: Starting search during metagame.
LOG 1641845452724 [L3]: Done searching during metagame.
LOG 1641845452726 [L3]: Starting move selection for game step 1 with available time 0ms.
LOG 1641845452727 [L3]: No time to select next move using MCTS. Returning random move ( block r5 c2 ).
LOG 1641845452730 [L3]: Starting move selection for game step 2 with available time 0ms.
LOG 1641845452730 [L3]: No time to select next move using MCTS. Returning random move ( mark r7 c6 ).
LOG 1641845452733 [L3]: Starting move selection for game step 3 with available time 0ms.
LOG 1641845452740 [L3]: No time to select next move using MCTS. Returning random move noop.
LOG 1641845452742 [L3]: Starting move selection for game step 4 with available time 0ms.
LOG 1641845452743 [L3]: No time to select next move using MCTS. Returning random move ( mark r1 c6 ).
LOG 1641845452748 [L3]: Starting move selection for game step 5 with available time 0ms.
LOG 1641845452748 [L3]: No time to select next move using MCTS. Returning random move noop.
LOG 1641845452751 [L3]: Starting move selection for game step 6 with available time 0ms.
LOG 1641845452751 [L3]: No time to select next move using MCTS. Returning random move noop.
LOG 1641845452754 [L3]: Starting move selection for game step 7 with available time 0ms.
LOG 1641845452754 [L3]: No time to select next move using MCTS. Returning random move noop.
LOG 1641845455321 [L3]: Starting move selection for game step 8 with available time 0ms.
LOG 1641845455321 [L3]: No time to select next move using MCTS. Returning random move ( block r5 c4 ).
LOG 1641845455324 [L3]: Starting move selection for game step 9 with available time 0ms.
LOG 1641845455324 [L3]: No time to select next move using MCTS. Returning random move ( block r6 c3 ).
LOG 1641845455327 [L3]: Starting move selection for game step 10 with available time 0ms.
LOG 1641845455327 [L3]: No time to select next move using MCTS. Returning random move ( mark r2 c7 ).
LOG 1641845455337 [L3]: Starting move selection for game step 11 with available time 0ms.
LOG 1641845455337 [L3]: No time to select next move using MCTS. Returning random move noop.
LOG 1641845455340 [L3]: Starting move selection for game step 12 with available time 0ms.
LOG 1641845455340 [L3]: No time to select next move using MCTS. Returning random move noop.
LOG 1641845455346 [L3]: Starting move selection for game step 13 with available time 0ms.
LOG 1641845455346 [L3]: No time to select next move using MCTS. Returning random move ( block r6 c2 ).
LOG 1641845455349 [L3]: Starting move selection for game step 14 with available time 0ms.
LOG 1641845455349 [L3]: No time to select next move using MCTS. Returning random move ( mark r4 c7 ).
LOG 1641845455366 [L3]: Starting move selection for game step 15 with available time 0ms.
LOG 1641845455366 [L3]: No time to select next move using MCTS. Returning random move noop.
LOG 1641845455369 [L3]: Starting move selection for game step 16 with available time 0ms.
LOG 1641845455369 [L3]: No time to select next move using MCTS. Returning random move noop.
LOG 1641845457861 [L3]: Starting move selection for game step 17 with available time 0ms.
LOG 1641845457861 [L3]: No time to select next move using MCTS. Returning random move noop.
LOG 1641845457871 [L3]: Starting move selection for game step 18 with available time 0ms.
LOG 1641845457871 [L3]: No time to select next move using MCTS. Returning random move ( mark r2 c3 ).
LOG 1641845457905 [L3]: Starting move selection for game step 19 with available time -1ms.
LOG 1641845457905 [L3]: No time to select next move using MCTS. Returning random move noop.
LOG 1641845457925 [L3]: Starting move selection for game step 20 with available time 0ms.
LOG 1641845457925 [L3]: No time to select next move using MCTS. Returning random move ( mark r7 c3 ).
LOG 1641845460477 [L3]: Starting move selection for game step 21 with available time 0ms.
LOG 1641845460477 [L3]: No time to select next move using MCTS. Returning random move noop.
LOG 1641845460498 [L3]: Starting move selection for game step 22 with available time 0ms.
LOG 1641845460498 [L3]: No time to select next move using MCTS. Returning random move ( block r2 c2 ).
LOG 1641845460505 [L3]: Starting move selection for game step 23 with available time 0ms.
LOG 1641845460505 [L3]: No time to select next move using MCTS. Returning random move ( mark r4 c1 ).
LOG 1641845463063 [L3]: Starting move selection for game step 24 with available time 0ms.
LOG 1641845463064 [L3]: No time to select next move using MCTS. Returning random move noop.
LOG 1641845463113 [L3]: Starting move selection for game step 25 with available time 0ms.
LOG 1641845463113 [L3]: No time to select next move using MCTS. Returning random move ( mark r6 c1 ).
LOG 1641845465656 [L3]: Starting move selection for game step 26 with available time 0ms.
LOG 1641845465657 [L3]: No time to select next move using MCTS. Returning random move noop.
LOG 1641845468266 [L3]: Starting move selection for game step 27 with available time 0ms.
LOG 1641845468266 [L3]: No time to select next move using MCTS. Returning random move ( mark r2 c6 ).
LOG 1641845473426 [L3]: Starting move selection for game step 28 with available time 0ms.
LOG 1641845473426 [L3]: No time to select next move using MCTS. Returning random move noop.
LOG 1641845478614 [L3]: Starting move selection for game step 29 with available time 0ms.
LOG 1641845478615 [L3]: No time to select next move using MCTS. Returning random move ( mark r4 c5 ).
LOG 1641845483813 [L3]: Starting move selection for game step 30 with available time 0ms.
LOG 1641845483814 [L3]: No time to select next move using MCTS. Returning random move noop.
LOG 1641845491466 [L3]: Starting move selection for game step 31 with available time 0ms.
LOG 1641845491467 [L3]: No time to select next move using MCTS. Returning random move ( mark r7 c5 ).
LOG 1641845496700 [L3]: Starting move selection for game step 32 with available time 0ms.
LOG 1641845496700 [L3]: No time to select next move using MCTS. Returning random move noop.
LOG 1641845507015 [L3]: Starting move selection for game step 33 with available time 0ms.
LOG 1641845507015 [L3]: No time to select next move using MCTS. Returning random move ( mark r3 c2 ).
LOG 1641845519886 [L3]: Starting move selection for game step 34 with available time 0ms.
LOG 1641845519886 [L3]: No time to select next move using MCTS. Returning random move noop.
