LOG 1641834065213 [L3]: Returning initial state machine.
LOG 1641834065213 [L3]: Returning PropNet state machine without cache.
LOG 1641834065214 [L3]: Starting metagame with available thinking time 4990ms.
LOG 1641834065216 [L3]: Starting search during metagame.
LOG 1641834070204 [L3]: Done searching during metagame.
LOG 1641834070207 [L3]: Starting move selection for game step 1 with available time 0ms.
LOG 1641834070208 [L3]: No time to select next move using MCTS. Returning random move ( move 3 2 3 3 ).
LOG 1641834070212 [L3]: Starting move selection for game step 2 with available time 0ms.
LOG 1641834070213 [L3]: No time to select next move using MCTS. Returning random move noop.
LOG 1641834070217 [L3]: Starting move selection for game step 3 with available time 0ms.
LOG 1641834070225 [L3]: No time to select next move using MCTS. Returning random move ( move 2 2 1 3 ).
LOG 1641834070229 [L3]: Starting move selection for game step 4 with available time 0ms.
LOG 1641834070231 [L3]: No time to select next move using MCTS. Returning random move noop.
LOG 1641834070235 [L3]: Starting move selection for game step 5 with available time 0ms.
LOG 1641834070235 [L3]: No time to select next move using MCTS. Returning random move ( move 7 2 8 3 ).
LOG 1641834070239 [L3]: Starting move selection for game step 6 with available time 0ms.
LOG 1641834070239 [L3]: No time to select next move using MCTS. Returning random move noop.
LOG 1641834070244 [L3]: Starting move selection for game step 7 with available time 0ms.
LOG 1641834070244 [L3]: No time to select next move using MCTS. Returning random move ( move 5 2 4 3 ).
LOG 1641834070248 [L3]: Starting move selection for game step 8 with available time 0ms.
LOG 1641834070249 [L3]: No time to select next move using MCTS. Returning random move noop.
LOG 1641834070253 [L3]: Starting move selection for game step 9 with available time 0ms.
LOG 1641834070253 [L3]: No time to select next move using MCTS. Returning random move ( move 4 2 5 3 ).
LOG 1641834070257 [L3]: Starting move selection for game step 10 with available time 0ms.
LOG 1641834070257 [L3]: No time to select next move using MCTS. Returning random move noop.
LOG 1641834070261 [L3]: Starting move selection for game step 11 with available time 0ms.
LOG 1641834070261 [L3]: No time to select next move using MCTS. Returning random move ( move 1 3 1 4 ).
LOG 1641834070265 [L3]: Starting move selection for game step 12 with available time 0ms.
LOG 1641834070265 [L3]: No time to select next move using MCTS. Returning random move noop.
LOG 1641834070270 [L3]: Starting move selection for game step 13 with available time 0ms.
LOG 1641834070270 [L3]: No time to select next move using MCTS. Returning random move ( move 8 3 8 4 ).
LOG 1641834070274 [L3]: Starting move selection for game step 14 with available time 0ms.
LOG 1641834070275 [L3]: No time to select next move using MCTS. Returning random move noop.
LOG 1641834070279 [L3]: Starting move selection for game step 15 with available time 0ms.
LOG 1641834070280 [L3]: No time to select next move using MCTS. Returning random move ( move 3 3 2 4 ).
LOG 1641834070284 [L3]: Starting move selection for game step 16 with available time 0ms.
LOG 1641834070284 [L3]: No time to select next move using MCTS. Returning random move noop.
LOG 1641834070288 [L3]: Starting move selection for game step 17 with available time 0ms.
LOG 1641834070288 [L3]: No time to select next move using MCTS. Returning random move ( move 5 1 4 2 ).
LOG 1641834070292 [L3]: Starting move selection for game step 18 with available time 0ms.
LOG 1641834070292 [L3]: No time to select next move using MCTS. Returning random move noop.
LOG 1641834070296 [L3]: Starting move selection for game step 19 with available time 0ms.
LOG 1641834070296 [L3]: No time to select next move using MCTS. Returning random move ( move 2 4 1 5 ).
LOG 1641834070302 [L3]: Starting move selection for game step 20 with available time 0ms.
LOG 1641834070302 [L3]: No time to select next move using MCTS. Returning random move noop.
LOG 1641834070307 [L3]: Starting move selection for game step 21 with available time 0ms.
LOG 1641834070308 [L3]: No time to select next move using MCTS. Returning random move ( move 4 1 3 2 ).
LOG 1641834070313 [L3]: Starting move selection for game step 22 with available time 0ms.
LOG 1641834070313 [L3]: No time to select next move using MCTS. Returning random move noop.
LOG 1641834070318 [L3]: Starting move selection for game step 23 with available time 0ms.
LOG 1641834070319 [L3]: No time to select next move using MCTS. Returning random move ( move 6 1 5 2 ).
LOG 1641834070324 [L3]: Starting move selection for game step 24 with available time 0ms.
LOG 1641834070324 [L3]: No time to select next move using MCTS. Returning random move noop.
LOG 1641834070329 [L3]: Starting move selection for game step 25 with available time 0ms.
LOG 1641834070329 [L3]: No time to select next move using MCTS. Returning random move ( move 3 2 3 3 ).
LOG 1641834070333 [L3]: Starting move selection for game step 26 with available time 0ms.
LOG 1641834070333 [L3]: No time to select next move using MCTS. Returning random move noop.
LOG 1641834070337 [L3]: Starting move selection for game step 27 with available time 0ms.
LOG 1641834070338 [L3]: No time to select next move using MCTS. Returning random move ( move 3 1 3 2 ).
LOG 1641834070342 [L3]: Starting move selection for game step 28 with available time 0ms.
LOG 1641834070342 [L3]: No time to select next move using MCTS. Returning random move noop.
LOG 1641834070346 [L3]: Starting move selection for game step 29 with available time 0ms.
LOG 1641834070346 [L3]: No time to select next move using MCTS. Returning random move ( move 6 2 6 3 ).
LOG 1641834070351 [L3]: Starting move selection for game step 30 with available time 0ms.
LOG 1641834070351 [L3]: No time to select next move using MCTS. Returning random move noop.
LOG 1641834070356 [L3]: Starting move selection for game step 31 with available time 0ms.
LOG 1641834070356 [L3]: No time to select next move using MCTS. Returning random move ( move 8 4 7 5 ).
LOG 1641834070361 [L3]: Starting move selection for game step 32 with available time 0ms.
LOG 1641834070361 [L3]: No time to select next move using MCTS. Returning random move noop.
LOG 1641834070366 [L3]: Starting move selection for game step 33 with available time 0ms.
LOG 1641834070366 [L3]: No time to select next move using MCTS. Returning random move ( move 3 3 2 4 ).
LOG 1641834070370 [L3]: Starting move selection for game step 34 with available time 0ms.
LOG 1641834070370 [L3]: No time to select next move using MCTS. Returning random move noop.
LOG 1641834070383 [L3]: Starting move selection for game step 35 with available time 0ms.
LOG 1641834070384 [L3]: No time to select next move using MCTS. Returning random move ( move 7 5 8 6 ).
LOG 1641834070389 [L3]: Starting move selection for game step 36 with available time 0ms.
LOG 1641834070389 [L3]: No time to select next move using MCTS. Returning random move noop.
LOG 1641834070393 [L3]: Starting move selection for game step 37 with available time 0ms.
LOG 1641834070394 [L3]: No time to select next move using MCTS. Returning random move ( move 8 1 7 2 ).
LOG 1641834070398 [L3]: Starting move selection for game step 38 with available time 0ms.
LOG 1641834070398 [L3]: No time to select next move using MCTS. Returning random move noop.
LOG 1641834070403 [L3]: Starting move selection for game step 39 with available time -1ms.
LOG 1641834070403 [L3]: No time to select next move using MCTS. Returning random move ( move 3 2 3 3 ).
LOG 1641834070407 [L3]: Starting move selection for game step 40 with available time 0ms.
LOG 1641834070408 [L3]: No time to select next move using MCTS. Returning random move noop.
LOG 1641834070412 [L3]: Starting move selection for game step 41 with available time 0ms.
LOG 1641834070412 [L3]: No time to select next move using MCTS. Returning random move ( move 7 1 6 2 ).
LOG 1641834070416 [L3]: Starting move selection for game step 42 with available time 0ms.
LOG 1641834070416 [L3]: No time to select next move using MCTS. Returning random move noop.
LOG 1641834070421 [L3]: Starting move selection for game step 43 with available time 0ms.
LOG 1641834070421 [L3]: No time to select next move using MCTS. Returning random move ( move 1 2 2 3 ).
LOG 1641834070426 [L3]: Starting move selection for game step 44 with available time 0ms.
LOG 1641834070426 [L3]: No time to select next move using MCTS. Returning random move noop.
LOG 1641834070430 [L3]: Starting move selection for game step 45 with available time 0ms.
LOG 1641834070430 [L3]: No time to select next move using MCTS. Returning random move ( move 1 1 1 2 ).
LOG 1641834070434 [L3]: Starting move selection for game step 46 with available time 0ms.
LOG 1641834070434 [L3]: No time to select next move using MCTS. Returning random move noop.
LOG 1641834070439 [L3]: Starting move selection for game step 47 with available time 0ms.
LOG 1641834070439 [L3]: No time to select next move using MCTS. Returning random move ( move 2 4 3 5 ).
LOG 1641834070442 [L3]: Starting move selection for game step 48 with available time 0ms.
LOG 1641834070443 [L3]: No time to select next move using MCTS. Returning random move noop.
LOG 1641834070447 [L3]: Starting move selection for game step 49 with available time 0ms.
LOG 1641834070448 [L3]: No time to select next move using MCTS. Returning random move ( move 3 5 4 6 ).
LOG 1641834070451 [L3]: Starting move selection for game step 50 with available time 0ms.
LOG 1641834070452 [L3]: No time to select next move using MCTS. Returning random move noop.
LOG 1641834070456 [L3]: Starting move selection for game step 51 with available time 0ms.
LOG 1641834070456 [L3]: No time to select next move using MCTS. Returning random move ( move 8 2 8 3 ).
LOG 1641834070460 [L3]: Starting move selection for game step 52 with available time 0ms.
LOG 1641834070461 [L3]: No time to select next move using MCTS. Returning random move noop.
LOG 1641834070465 [L3]: Starting move selection for game step 53 with available time 0ms.
LOG 1641834070465 [L3]: No time to select next move using MCTS. Returning random move ( move 3 3 4 4 ).
LOG 1641834070469 [L3]: Starting move selection for game step 54 with available time 0ms.
LOG 1641834070469 [L3]: No time to select next move using MCTS. Returning random move noop.
LOG 1641834070473 [L3]: Starting move selection for game step 55 with available time 0ms.
LOG 1641834070473 [L3]: No time to select next move using MCTS. Returning random move ( move 4 6 5 7 ).
LOG 1641834070477 [L3]: Starting move selection for game step 56 with available time 0ms.
LOG 1641834070478 [L3]: No time to select next move using MCTS. Returning random move noop.
LOG 1641834070481 [L3]: Starting move selection for game step 57 with available time 0ms.
LOG 1641834070482 [L3]: No time to select next move using MCTS. Returning random move ( move 8 3 8 4 ).
LOG 1641834070486 [L3]: Starting move selection for game step 58 with available time 0ms.
LOG 1641834070486 [L3]: No time to select next move using MCTS. Returning random move noop.
LOG 1641834070491 [L3]: Starting move selection for game step 59 with available time 0ms.
LOG 1641834070491 [L3]: No time to select next move using MCTS. Returning random move ( move 7 2 8 3 ).
LOG 1641834070496 [L3]: Starting move selection for game step 60 with available time 0ms.
LOG 1641834070496 [L3]: No time to select next move using MCTS. Returning random move noop.
LOG 1641834070500 [L3]: Starting move selection for game step 61 with available time 0ms.
LOG 1641834070500 [L3]: No time to select next move using MCTS. Returning random move ( move 2 1 2 2 ).
LOG 1641834070504 [L3]: Starting move selection for game step 62 with available time 0ms.
LOG 1641834070504 [L3]: No time to select next move using MCTS. Returning random move noop.
LOG 1641834070508 [L3]: Starting move selection for game step 63 with available time 0ms.
LOG 1641834070509 [L3]: No time to select next move using MCTS. Returning random move ( move 1 4 2 5 ).
LOG 1641834070514 [L3]: Starting move selection for game step 64 with available time 0ms.
LOG 1641834070514 [L3]: No time to select next move using MCTS. Returning random move noop.
LOG 1641834070518 [L3]: Starting move selection for game step 65 with available time 0ms.
LOG 1641834070518 [L3]: No time to select next move using MCTS. Returning random move ( move 2 3 1 4 ).
LOG 1641834070522 [L3]: Starting move selection for game step 66 with available time 0ms.
LOG 1641834070522 [L3]: No time to select next move using MCTS. Returning random move noop.
LOG 1641834070526 [L3]: Starting move selection for game step 67 with available time 0ms.
LOG 1641834070527 [L3]: No time to select next move using MCTS. Returning random move ( move 4 2 3 3 ).
LOG 1641834070531 [L3]: Starting move selection for game step 68 with available time 0ms.
LOG 1641834070531 [L3]: No time to select next move using MCTS. Returning random move noop.
LOG 1641834070536 [L3]: Starting move selection for game step 69 with available time 0ms.
LOG 1641834070536 [L3]: No time to select next move using MCTS. Returning random move ( move 5 7 5 8 ).
