LOG 1641854931735 [L3]: Returning initial state machine.
LOG 1641854931736 [L3]: Returning PropNet state machine without cache.
LOG 1641854931741 [L3]: Starting metagame with available thinking time 4978ms.
LOG 1641854931748 [L3]: Starting search during metagame.
LOG 1641854936755 [L3]: Done searching during metagame.
LOG 1641854936767 [L3]: Starting move selection for game step 1 with available time 10000ms.
LOG 1641854936768 [L3]: Selecting move using MCTS.
LOG 1641854946767 [L3]: Returning MCTS move noop.
LOG 1641854946776 [L3]: Starting move selection for game step 2 with available time 10000ms.
LOG 1641854946793 [L3]: Selecting move using MCTS.
LOG 1641854956776 [L3]: Returning MCTS move ( drop 5 ).
LOG 1641854956786 [L3]: Starting move selection for game step 3 with available time 10000ms.
LOG 1641854956811 [L3]: Selecting move using MCTS.
LOG 1641854966786 [L3]: Returning MCTS move noop.
LOG 1641854966801 [L3]: Starting move selection for game step 4 with available time 10000ms.
LOG 1641854966829 [L3]: Selecting move using MCTS.
LOG 1641854976801 [L3]: Returning MCTS move ( drop 4 ).
LOG 1641854976806 [L3]: Starting move selection for game step 5 with available time 10000ms.
LOG 1641854976825 [L3]: Selecting move using MCTS.
LOG 1641854986806 [L3]: Returning MCTS move noop.
LOG 1641854986812 [L3]: Starting move selection for game step 6 with available time 10000ms.
LOG 1641854986835 [L3]: Selecting move using MCTS.
LOG 1641854996812 [L3]: Returning MCTS move ( drop 5 ).
LOG 1641854996845 [L3]: Starting move selection for game step 7 with available time 10000ms.
LOG 1641854996866 [L3]: Selecting move using MCTS.
LOG 1641855006845 [L3]: Returning MCTS move noop.
LOG 1641855006849 [L3]: Starting move selection for game step 8 with available time 10000ms.
LOG 1641855006871 [L3]: Selecting move using MCTS.
LOG 1641855016849 [L3]: Returning MCTS move ( drop 5 ).
LOG 1641855016854 [L3]: Starting move selection for game step 9 with available time 10000ms.
LOG 1641855016872 [L3]: Selecting move using MCTS.
LOG 1641855026853 [L3]: Returning MCTS move noop.
LOG 1641855026860 [L3]: Starting move selection for game step 10 with available time 10000ms.
LOG 1641855026881 [L3]: Selecting move using MCTS.
LOG 1641855036860 [L3]: Returning MCTS move ( drop 2 ).
LOG 1641855036865 [L3]: Starting move selection for game step 11 with available time 10000ms.
LOG 1641855036882 [L3]: Selecting move using MCTS.
LOG 1641855046865 [L3]: Returning MCTS move noop.
LOG 1641855046869 [L3]: Starting move selection for game step 12 with available time 10000ms.
LOG 1641855046888 [L3]: Selecting move using MCTS.
LOG 1641855056869 [L3]: Returning MCTS move ( drop 2 ).
LOG 1641855056874 [L3]: Starting move selection for game step 13 with available time 10000ms.
LOG 1641855056889 [L3]: Selecting move using MCTS.
LOG 1641855066874 [L3]: Returning MCTS move noop.
LOG 1641855066878 [L3]: Starting move selection for game step 14 with available time 10000ms.
LOG 1641855066897 [L3]: Selecting move using MCTS.
LOG 1641855076878 [L3]: Returning MCTS move ( drop 4 ).
LOG 1641855076882 [L3]: Starting move selection for game step 15 with available time 10000ms.
LOG 1641855076902 [L3]: Selecting move using MCTS.
LOG 1641855086882 [L3]: Returning MCTS move noop.
LOG 1641855086888 [L3]: Starting move selection for game step 16 with available time 10000ms.
LOG 1641855086907 [L3]: Selecting move using MCTS.
LOG 1641855096888 [L3]: Returning MCTS move ( drop 5 ).
LOG 1641855096892 [L3]: Starting move selection for game step 17 with available time 10000ms.
LOG 1641855096907 [L3]: Selecting move using MCTS.
LOG 1641855106892 [L3]: Returning MCTS move noop.
LOG 1641855106896 [L3]: Starting move selection for game step 18 with available time 10000ms.
LOG 1641855106913 [L3]: Selecting move using MCTS.
LOG 1641855116896 [L3]: Returning MCTS move ( drop 1 ).
LOG 1641855116901 [L3]: Starting move selection for game step 19 with available time 10000ms.
LOG 1641855116911 [L3]: Selecting move using MCTS.
LOG 1641855126901 [L3]: Returning MCTS move noop.
LOG 1641855126905 [L3]: Starting move selection for game step 20 with available time 10000ms.
LOG 1641855126910 [L3]: Selecting move using MCTS.
LOG 1641855136905 [L3]: Returning MCTS move ( drop 2 ).
LOG 1641855136909 [L3]: Starting move selection for game step 21 with available time 10000ms.
LOG 1641855136915 [L3]: Selecting move using MCTS.
LOG 1641855146909 [L3]: Returning MCTS move noop.
LOG 1641855146914 [L3]: Starting move selection for game step 22 with available time 10000ms.
LOG 1641855146919 [L3]: Selecting move using MCTS.
LOG 1641855156914 [L3]: Returning MCTS move ( drop 7 ).
LOG 1641855156919 [L3]: Starting move selection for game step 23 with available time 10000ms.
LOG 1641855156925 [L3]: Selecting move using MCTS.
LOG 1641855166919 [L3]: Returning MCTS move noop.
LOG 1641855166923 [L3]: Starting move selection for game step 24 with available time 10000ms.
LOG 1641855166929 [L3]: Selecting move using MCTS.
LOG 1641855176923 [L3]: Returning MCTS move ( drop 6 ).
LOG 1641855176928 [L3]: Starting move selection for game step 25 with available time 10000ms.
LOG 1641855176933 [L3]: Selecting move using MCTS.
LOG 1641855186928 [L3]: Returning MCTS move noop.
LOG 1641855186933 [L3]: Starting move selection for game step 26 with available time 10000ms.
LOG 1641855186935 [L3]: Selecting move using MCTS.
LOG 1641855196933 [L3]: Returning MCTS move ( drop 1 ).
LOG 1641855196937 [L3]: Starting move selection for game step 27 with available time 10000ms.
LOG 1641855196940 [L3]: Selecting move using MCTS.
LOG 1641855206937 [L3]: Returning MCTS move noop.
LOG 1641855206942 [L3]: Starting move selection for game step 28 with available time 10000ms.
LOG 1641855206947 [L3]: Selecting move using MCTS.
LOG 1641855216942 [L3]: Returning MCTS move ( drop 1 ).
LOG 1641855216948 [L3]: Starting move selection for game step 29 with available time 10000ms.
LOG 1641855216950 [L3]: Selecting move using MCTS.
LOG 1641855226948 [L3]: Returning MCTS move noop.
LOG 1641855226952 [L3]: Starting move selection for game step 30 with available time 10000ms.
LOG 1641855226954 [L3]: Selecting move using MCTS.
LOG 1641855236952 [L3]: Returning MCTS move ( drop 2 ).
LOG 1641855236956 [L3]: Starting move selection for game step 31 with available time 10000ms.
LOG 1641855236957 [L3]: Selecting move using MCTS.
LOG 1641855246956 [L3]: Returning MCTS move noop.
LOG 1641855246960 [L3]: Starting move selection for game step 32 with available time 10000ms.
LOG 1641855246961 [L3]: Selecting move using MCTS.
LOG 1641855256960 [L3]: Returning MCTS move ( drop 3 ).
LOG 1641855256964 [L3]: Starting move selection for game step 33 with available time 10000ms.
LOG 1641855256965 [L3]: Selecting move using MCTS.
LOG 1641855266964 [L3]: Returning MCTS move noop.
LOG 1641855266968 [L3]: Starting move selection for game step 34 with available time 10000ms.
LOG 1641855266969 [L3]: Selecting move using MCTS.
LOG 1641855276968 [L3]: Returning MCTS move ( drop 3 ).
LOG 1641855276973 [L3]: Starting move selection for game step 35 with available time 10000ms.
LOG 1641855276973 [L3]: Selecting move using MCTS.
LOG 1641855286973 [L3]: Returning MCTS move noop.
LOG 1641855286977 [L3]: Starting move selection for game step 36 with available time 10000ms.
LOG 1641855286978 [L3]: Selecting move using MCTS.
LOG 1641855296977 [L3]: Returning MCTS move ( drop 6 ).
LOG 1641855296981 [L3]: Starting move selection for game step 37 with available time 10000ms.
LOG 1641855296982 [L3]: Selecting move using MCTS.
LOG 1641855306981 [L3]: Returning MCTS move noop.
LOG 1641855306985 [L3]: Starting move selection for game step 38 with available time 10000ms.
LOG 1641855306986 [L3]: Selecting move using MCTS.
LOG 1641855316985 [L3]: Returning MCTS move ( drop 7 ).
LOG 1641855316989 [L3]: Starting move selection for game step 39 with available time 10000ms.
LOG 1641855316990 [L3]: Selecting move using MCTS.
LOG 1641855326989 [L3]: Returning MCTS move noop.
LOG 1641855326993 [L3]: Starting move selection for game step 40 with available time 10000ms.
LOG 1641855326994 [L3]: Selecting move using MCTS.
LOG 1641855336993 [L3]: Returning MCTS move ( drop 3 ).
LOG 1641855336997 [L3]: Starting move selection for game step 41 with available time 10000ms.
LOG 1641855336997 [L3]: Selecting move using MCTS.
LOG 1641855346997 [L3]: Returning MCTS move noop.
LOG 1641855347002 [L3]: Starting move selection for game step 42 with available time 10000ms.
LOG 1641855347003 [L3]: Selecting move using MCTS.
LOG 1641855357002 [L3]: Returning MCTS move ( drop 6 ).
