LOG 1641846068695 [L3]: Creating search manager for gamer 0032A1DGPSWLPPADuct.
LOG 1641846068708 [L3]: Creation of search manager for gamer 0032A1DGPSWLPPADuct ended successfully.
LOG 1641846068714 [L3]: Creating search manager for gamer SAPPA.
LOG 1641846068720 [L3]: Creation of search manager for gamer SAPPA ended successfully.
LOG 1641850880038 [L3]: Creating search manager for gamer SAPPA.
LOG 1641850880050 [L3]: Creation of search manager for gamer SAPPA ended successfully.
LOG 1641850880055 [L3]: Creating search manager for gamer 0032A1DGPSWLPPADuct.
LOG 1641850880057 [L3]: Creation of search manager for gamer 0032A1DGPSWLPPADuct ended successfully.
LOG 1641854931300 [L3]: Creating search manager for gamer 4PNTBEATunerCGMD.
LOG 1641854931313 [L3]: Creation of search manager for gamer 4PNTBEATunerCGMD ended successfully.
LOG 1641854931317 [L3]: Creating search manager for gamer SAPPA.
LOG 1641854931320 [L3]: Creation of search manager for gamer SAPPA ended successfully.
LOG 1641869781344 [L3]: Creating search manager for gamer SAPPA.
LOG 1641869781356 [L3]: Creation of search manager for gamer SAPPA ended successfully.
LOG 1641869781360 [L3]: Creating search manager for gamer 4PNTBEATunerCGMD.
LOG 1641869781363 [L3]: Creation of search manager for gamer 4PNTBEATunerCGMD ended successfully.
LOG 1641907467335 [L3]: Creating search manager for gamer 4PNTBEATunerCGMD.
LOG 1641907467348 [L3]: Creation of search manager for gamer 4PNTBEATunerCGMD ended successfully.
LOG 1641907467351 [L3]: Creating search manager for gamer 0032A1DGPSWLPPADuct.
LOG 1641907467353 [L3]: Creation of search manager for gamer 0032A1DGPSWLPPADuct ended successfully.
LOG 1641911860197 [L3]: Creating search manager for gamer 0032A1DGPSWLPPADuct.
LOG 1641911860203 [L3]: Creation of search manager for gamer 0032A1DGPSWLPPADuct ended successfully.
LOG 1641911860206 [L3]: Creating search manager for gamer 4PNTBEATunerCGMD.
LOG 1641911860214 [L3]: Creation of search manager for gamer 4PNTBEATunerCGMD ended successfully.
LOG 1641917171764 [L3]: Creating search manager for gamer 0032A1DGPSWLPPADuct.
LOG 1641917171770 [L3]: Creation of search manager for gamer 0032A1DGPSWLPPADuct ended successfully.
LOG 1641917171773 [L3]: Creating search manager for gamer SAPPA.
LOG 1641917171780 [L3]: Creation of search manager for gamer SAPPA ended successfully.
