LOG 1641839500869 [L3]: Started match logging at: Mon Jan 10 19:31:40 CET 2022
LOG 1641839500870 [L3]: Game rules: [( role x ), ( role o ), ( init ( quad x 12 ) ), ( init ( quad o 12 ) ), ( init ( white x 5 ) ), ( init ( white o 5 ) ), ( init ( cell r1 c2 b ) ), ( init ( cell r1 c3 b ) ), ( init ( cell r1 c4 b ) ), ( init ( cell r1 c5 b ) ), ( init ( cell r1 c6 b ) ), ( init ( cell r2 c1 b ) ), ( init ( cell r2 c2 b ) ), ( init ( cell r2 c3 b ) ), ( init ( cell r2 c4 b ) ), ( init ( cell r2 c5 b ) ), ( init ( cell r2 c6 b ) ), ( init ( cell r2 c7 b ) ), ( init ( cell r3 c1 b ) ), ( init ( cell r3 c2 b ) ), ( init ( cell r3 c3 b ) ), ( init ( cell r3 c4 b ) ), ( init ( cell r3 c5 b ) ), ( init ( cell r3 c6 b ) ), ( init ( cell r3 c7 b ) ), ( init ( cell r4 c1 b ) ), ( init ( cell r4 c2 b ) ), ( init ( cell r4 c3 b ) ), ( init ( cell r4 c4 b ) ), ( init ( cell r4 c5 b ) ), ( init ( cell r4 c6 b ) ), ( init ( cell r4 c7 b ) ), ( init ( cell r5 c1 b ) ), ( init ( cell r5 c2 b ) ), ( init ( cell r5 c3 b ) ), ( init ( cell r5 c4 b ) ), ( init ( cell r5 c5 b ) ), ( init ( cell r5 c6 b ) ), ( init ( cell r5 c7 b ) ), ( init ( cell r6 c1 b ) ), ( init ( cell r6 c2 b ) ), ( init ( cell r6 c3 b ) ), ( init ( cell r6 c4 b ) ), ( init ( cell r6 c5 b ) ), ( init ( cell r6 c6 b ) ), ( init ( cell r6 c7 b ) ), ( init ( cell r7 c2 b ) ), ( init ( cell r7 c3 b ) ), ( init ( cell r7 c4 b ) ), ( init ( cell r7 c5 b ) ), ( init ( cell r7 c6 b ) ), ( init ( control x ) ), ( ncol c1 c2 ), ( ncol c2 c3 ), ( ncol c3 c4 ), ( ncol c4 c5 ), ( ncol c5 c6 ), ( ncol c6 c7 ), ( nrow r1 r2 ), ( nrow r2 r3 ), ( nrow r3 r4 ), ( nrow r4 r5 ), ( nrow r5 r6 ), ( nrow r6 r7 ), ( <= ( prow ?x ?y ) ( nrow ?y ?x ) ), ( <= ( pcol ?x ?y ) ( ncol ?y ?x ) ), ( succ 0 1 ), ( succ 1 2 ), ( succ 2 3 ), ( succ 3 4 ), ( succ 4 5 ), ( succ 5 6 ), ( succ 6 7 ), ( succ 7 8 ), ( succ 8 9 ), ( succ 9 10 ), ( succ 10 11 ), ( succ 11 12 ), ( succ 12 13 ), ( succ 13 14 ), ( succ 14 15 ), ( succ 15 16 ), ( succ 16 17 ), ( succ 17 18 ), ( succ 18 19 ), ( succ 19 20 ), ( <= ( legal ?player ( mark ?x ?y ) ) ( true ( cell ?x ?y b ) ) ( true ( control ?player ) ) ), ( <= ( legal ?player ( block ?x ?y ) ) ( true ( cell ?x ?y b ) ) ( true ( control ?player ) ) ( true ( white ?player ?c ) ) ( distinct ?c 0 ) ), ( <= ( legal x noop ) ( true ( control o ) ) ), ( <= ( legal o noop ) ( true ( control x ) ) ), ( <= ( next ( cell ?m ?n ?p ) ) ( does ?p ( mark ?m ?n ) ) ), ( <= ( next ( cell ?m ?n w ) ) ( does ?p ( block ?m ?n ) ) ), ( <= ( next ( cell ?m ?n ?p ) ) ( true ( cell ?m ?n ?p ) ) ( distinct ?p b ) ), ( <= ( next ( cell ?m ?n b ) ) ( does ?W ( mark ?j ?k ) ) ( true ( cell ?m ?n b ) ) ( distinct ?m ?j ) ), ( <= ( next ( cell ?m ?n b ) ) ( does ?W ( mark ?j ?k ) ) ( true ( cell ?m ?n b ) ) ( distinct ?n ?k ) ), ( <= ( next ( cell ?m ?n b ) ) ( does ?W ( block ?j ?k ) ) ( true ( cell ?m ?n b ) ) ( distinct ?m ?j ) ), ( <= ( next ( cell ?m ?n b ) ) ( does ?W ( block ?j ?k ) ) ( true ( cell ?m ?n b ) ) ( distinct ?n ?k ) ), ( <= ( next ( quad ?p ?c ) ) ( true ( control ?q ) ) ( true ( quad ?p ?c ) ) ( distinct ?p ?q ) ), ( <= ( next ( white ?p ?c ) ) ( true ( control ?q ) ) ( true ( white ?p ?c ) ) ( distinct ?p ?q ) ), ( <= ( next ( quad ?p ?c ) ) ( does ?p ( mark ?j ?k ) ) ( true ( quad ?p ?c1 ) ) ( succ ?c ?c1 ) ), ( <= ( next ( white ?p ?c ) ) ( does ?p ( block ?j ?k ) ) ( true ( white ?p ?c1 ) ) ( succ ?c ?c1 ) ), ( <= ( next ( quad ?p ?c ) ) ( does ?p ( block ?j ?k ) ) ( true ( quad ?p ?c ) ) ), ( <= ( next ( white ?p ?c ) ) ( does ?p ( mark ?j ?k ) ) ( true ( white ?p ?c ) ) ), ( <= ( next ( control x ) ) ( does o ( mark ?j ?k ) ) ( true ( control o ) ) ), ( <= ( next ( control o ) ) ( does x ( mark ?j ?k ) ) ( true ( control x ) ) ), ( <= ( next ( control ?p ) ) ( does ?p ( block ?j ?k ) ) ( true ( control ?p ) ) ), ( <= ( square ?x1 ?y1 ?x1 ?y2 ?x2 ?y1 ?x2 ?y2 ) ( ncol ?y1 ?y2 ) ( nrow ?x1 ?x2 ) ), ( <= ( square ?x1 ?y1 ?x1 ?y2 ?x2 ?y1 ?x2 ?y2 ) ( ncol ?y3 ?y2 ) ( nrow ?x3 ?x2 ) ( square ?x1 ?y1 ?x1 ?y3 ?x3 ?y1 ?x3 ?y3 ) ), ( <= ( square ?x1 ?y1 ?x2 ?y2 ?x3 ?y3 ?x4 ?y4 ) ( prow ?x2p ?x2 ) ( ncol ?y3n ?y3 ) ( prow ?x4p ?x4 ) ( ncol ?y4n ?y4 ) ( square ?x1 ?y1 ?x2p ?y2 ?x3 ?y3n ?x4p ?y4n ) ), ( <= win ( true ( cell ?x1 ?y1 x ) ) ( true ( cell ?x2 ?y2 x ) ) ( true ( cell ?x3 ?y3 x ) ) ( true ( cell ?x4 ?y4 x ) ) ( square ?x1 ?y1 ?x2 ?y2 ?x3 ?y3 ?x4 ?y4 ) ), ( <= lose ( true ( cell ?x1 ?y1 o ) ) ( true ( cell ?x2 ?y2 o ) ) ( true ( cell ?x3 ?y3 o ) ) ( true ( cell ?x4 ?y4 o ) ) ( square ?x1 ?y1 ?x2 ?y2 ?x3 ?y3 ?x4 ?y4 ) ), ( <= winByOpenQuad ( not lose ) ( not open ) ( true ( cell ?x1 ?y1 x ) ) ( true ( cell ?x2 ?y2 x ) ) ( true ( cell ?x3 ?y3 x ) ) ( true ( cell ?x4 ?y4 b ) ) ( square ?x1 ?y1 ?x2 ?y2 ?x3 ?y3 ?x4 ?y4 ) ), ( <= winByOpenQuad ( not lose ) ( not open ) ( true ( cell ?x1 ?y1 x ) ) ( true ( cell ?x2 ?y2 b ) ) ( true ( cell ?x3 ?y3 x ) ) ( true ( cell ?x4 ?y4 x ) ) ( square ?x1 ?y1 ?x2 ?y2 ?x3 ?y3 ?x4 ?y4 ) ), ( <= winByOpenQuad ( not lose ) ( not open ) ( true ( cell ?x1 ?y1 x ) ) ( true ( cell ?x2 ?y2 x ) ) ( true ( cell ?x3 ?y3 b ) ) ( true ( cell ?x4 ?y4 x ) ) ( square ?x1 ?y1 ?x2 ?y2 ?x3 ?y3 ?x4 ?y4 ) ), ( <= winByOpenQuad ( not lose ) ( not open ) ( true ( cell ?x1 ?y1 b ) ) ( true ( cell ?x2 ?y2 x ) ) ( true ( cell ?x3 ?y3 x ) ) ( true ( cell ?x4 ?y4 x ) ) ( square ?x1 ?y1 ?x2 ?y2 ?x3 ?y3 ?x4 ?y4 ) ), ( <= open ( true ( quad ?p ?c ) ) ( distinct ?c 0 ) ), ( <= ( more ?x 0 ) ( succ ?y ?x ) ), ( <= ( more ?x ?y ) ( succ ?x1 ?x ) ( succ ?y1 ?y ) ( more ?x1 ?y1 ) ), ( <= morewhite ( true ( white x ?a ) ) ( true ( white o ?b ) ) ( more ?a ?b ) ), ( <= lesswhite ( true ( white x ?a ) ) ( true ( white o ?b ) ) ( more ?b ?a ) ), ( <= equalwhite ( true ( white x ?a ) ) ( true ( white o ?a ) ) ), ( <= ( goal x 100 ) win ), ( <= ( goal x 95 ) ( not win ) winByOpenQuad ), ( <= ( goal x 90 ) ( not win ) ( not winByOpenQuad ) ( not lose ) ( not open ) morewhite ), ( <= ( goal x 50 ) ( not win ) ( not winByOpenQuad ) ( not lose ) ( not open ) equalwhite ), ( <= ( goal x 10 ) ( not win ) ( not winByOpenQuad ) ( not lose ) ( not open ) lesswhite ), ( <= ( goal x 0 ) lose ), ( <= ( goal o 100 ) lose ), ( <= ( goal o 90 ) ( not win ) ( not winByOpenQuad ) ( not lose ) ( not open ) lesswhite ), ( <= ( goal o 50 ) ( not win ) ( not winByOpenQuad ) ( not lose ) ( not open ) equalwhite ), ( <= ( goal o 10 ) ( not win ) ( not winByOpenQuad ) ( not lose ) ( not open ) morewhite ), ( <= ( goal o 5 ) ( not win ) winByOpenQuad ), ( <= ( goal o 0 ) win ), ( <= terminal win ), ( <= terminal lose ), ( <= terminal ( not open ) )]
LOG 1641839500877 [L3]: Start clock: 15
LOG 1641839500877 [L3]: Play clock: 10
LOG 1641839510808 [L0]: [Sent at 1641839510808] ready
LOG 1641839510809 [L0]: [Received at 1641839510809] ( PLAY 17.quad_7x7.1641839475964 NIL )
LOG 1641839510810 [L0]: [Sent at 1641839510810] noop
LOG 1641839510814 [L0]: [Received at 1641839510814] ( PLAY 17.quad_7x7.1641839475964 (( mark r4 c7 ) noop ) )
LOG 1641839510816 [L0]: [Sent at 1641839510816] ( block r2 c4 )
LOG 1641839510817 [L0]: [Received at 1641839510817] ( PLAY 17.quad_7x7.1641839475964 (noop ( block r2 c4 ) ) )
LOG 1641839510825 [L0]: [Sent at 1641839510825] ( mark r1 c3 )
LOG 1641839510828 [L0]: [Received at 1641839510828] ( PLAY 17.quad_7x7.1641839475964 (noop ( mark r1 c3 ) ) )
LOG 1641839510829 [L0]: [Sent at 1641839510829] noop
LOG 1641839510837 [L0]: [Received at 1641839510837] ( PLAY 17.quad_7x7.1641839475964 (( mark r3 c6 ) noop ) )
LOG 1641839510838 [L0]: [Sent at 1641839510838] ( mark r6 c6 )
LOG 1641839510844 [L0]: [Received at 1641839510844] ( PLAY 17.quad_7x7.1641839475964 (noop ( mark r6 c6 ) ) )
LOG 1641839510845 [L0]: [Sent at 1641839510845] noop
LOG 1641839510856 [L0]: [Received at 1641839510856] ( PLAY 17.quad_7x7.1641839475964 (( mark r7 c5 ) noop ) )
LOG 1641839510857 [L0]: [Sent at 1641839510857] ( mark r5 c4 )
LOG 1641839510870 [L0]: [Received at 1641839510870] ( PLAY 17.quad_7x7.1641839475964 (noop ( mark r5 c4 ) ) )
LOG 1641839510871 [L0]: [Sent at 1641839510871] noop
LOG 1641839510908 [L0]: [Received at 1641839510908] ( PLAY 17.quad_7x7.1641839475964 (( mark r4 c3 ) noop ) )
LOG 1641839510909 [L0]: [Sent at 1641839510909] ( block r1 c5 )
LOG 1641839510913 [L0]: [Received at 1641839510913] ( PLAY 17.quad_7x7.1641839475964 (noop ( block r1 c5 ) ) )
LOG 1641839510914 [L0]: [Sent at 1641839510914] ( mark r6 c7 )
LOG 1641839510943 [L0]: [Received at 1641839510943] ( PLAY 17.quad_7x7.1641839475964 (noop ( mark r6 c7 ) ) )
LOG 1641839510945 [L0]: [Sent at 1641839510945] noop
LOG 1641839510948 [L0]: [Received at 1641839510948] ( PLAY 17.quad_7x7.1641839475964 (( block r2 c1 ) noop ) )
LOG 1641839510949 [L0]: [Sent at 1641839510949] noop
LOG 1641839510988 [L0]: [Received at 1641839510988] ( PLAY 17.quad_7x7.1641839475964 (( mark r5 c1 ) noop ) )
LOG 1641839510989 [L0]: [Sent at 1641839510989] ( block r1 c4 )
LOG 1641839510994 [L0]: [Received at 1641839510994] ( PLAY 17.quad_7x7.1641839475964 (noop ( block r1 c4 ) ) )
LOG 1641839510995 [L0]: [Sent at 1641839510995] ( block r4 c1 )
LOG 1641839510998 [L0]: [Received at 1641839510998] ( PLAY 17.quad_7x7.1641839475964 (noop ( block r4 c1 ) ) )
LOG 1641839511000 [L0]: [Sent at 1641839511000] ( block r1 c6 )
LOG 1641839511003 [L0]: [Received at 1641839511003] ( PLAY 17.quad_7x7.1641839475964 (noop ( block r1 c6 ) ) )
LOG 1641839511005 [L0]: [Sent at 1641839511005] ( mark r6 c4 )
LOG 1641839511053 [L0]: [Received at 1641839511053] ( PLAY 17.quad_7x7.1641839475964 (noop ( mark r6 c4 ) ) )
LOG 1641839511055 [L0]: [Sent at 1641839511055] noop
LOG 1641839511128 [L0]: [Received at 1641839511128] ( PLAY 17.quad_7x7.1641839475964 (( mark r6 c5 ) noop ) )
LOG 1641839511130 [L0]: [Sent at 1641839511130] ( mark r3 c7 )
LOG 1641839511232 [L0]: [Received at 1641839511232] ( PLAY 17.quad_7x7.1641839475964 (noop ( mark r3 c7 ) ) )
LOG 1641839511234 [L0]: [Sent at 1641839511234] noop
LOG 1641839522378 [L0]: [Received at 1641839522378] ( PLAY 17.quad_7x7.1641839475964 (( block r2 c3 ) noop ) )
LOG 1641839522379 [L0]: [Sent at 1641839522379] noop
LOG 1641839522499 [L0]: [Received at 1641839522499] ( PLAY 17.quad_7x7.1641839475964 (( mark r6 c3 ) noop ) )
LOG 1641839522501 [L0]: [Sent at 1641839522501] ( mark r7 c6 )
LOG 1641839522597 [L0]: [Received at 1641839522597] ( PLAY 17.quad_7x7.1641839475964 (noop ( mark r7 c6 ) ) )
LOG 1641839522598 [L0]: [Sent at 1641839522598] noop
LOG 1641839522720 [L0]: [Received at 1641839522720] ( PLAY 17.quad_7x7.1641839475964 (( mark r7 c3 ) noop ) )
LOG 1641839522721 [L0]: [Sent at 1641839522721] ( mark r3 c3 )
LOG 1641839522952 [L0]: [Received at 1641839522952] ( PLAY 17.quad_7x7.1641839475964 (noop ( mark r3 c3 ) ) )
LOG 1641839522953 [L0]: [Sent at 1641839522953] noop
LOG 1641839523105 [L0]: [Received at 1641839523105] ( PLAY 17.quad_7x7.1641839475964 (( mark r7 c4 ) noop ) )
LOG 1641839523106 [L0]: [Sent at 1641839523106] ( mark r3 c4 )
LOG 1641839533305 [L0]: [Received at 1641839533305] ( STOP 17.quad_7x7.1641839475964 (noop ( mark r3 c4 ) ) )
LOG 1641839533306 [L3]: Stopped logging to files at: Mon Jan 10 19:32:13 CET 2022
LOG 1641839533306 [L3]: LOG SEALED
