LOG 1641836833105 [L3]: Started match logging at: Mon Jan 10 18:47:13 CET 2022
LOG 1641836833106 [L3]: Game rules: [( role white ), ( role black ), ( <= ( base ( cell ?x ?y ?p ) ) ( index ?x ) ( index ?y ) ( role ?p ) ), ( <= ( base ( control ?p ) ) ( role ?p ) ), ( <= ( input ?p noop ) ( role ?p ) ), ( <= ( input ?p ( move ?x1 ?y1 ?x2 ?y2 ) ) ( role ?p ) ( index ?x1 ) ( index ?x2 ) ( index ?y1 ) ( index ?y2 ) ), ( init ( cell 1 1 white ) ), ( init ( cell 2 1 white ) ), ( init ( cell 3 1 white ) ), ( init ( cell 4 1 white ) ), ( init ( cell 5 1 white ) ), ( init ( cell 6 1 white ) ), ( init ( cell 7 1 white ) ), ( init ( cell 8 1 white ) ), ( init ( cell 1 2 white ) ), ( init ( cell 2 2 white ) ), ( init ( cell 3 2 white ) ), ( init ( cell 4 2 white ) ), ( init ( cell 5 2 white ) ), ( init ( cell 6 2 white ) ), ( init ( cell 7 2 white ) ), ( init ( cell 8 2 white ) ), ( init ( cell 1 7 black ) ), ( init ( cell 2 7 black ) ), ( init ( cell 3 7 black ) ), ( init ( cell 4 7 black ) ), ( init ( cell 5 7 black ) ), ( init ( cell 6 7 black ) ), ( init ( cell 7 7 black ) ), ( init ( cell 8 7 black ) ), ( init ( cell 1 8 black ) ), ( init ( cell 2 8 black ) ), ( init ( cell 3 8 black ) ), ( init ( cell 4 8 black ) ), ( init ( cell 5 8 black ) ), ( init ( cell 6 8 black ) ), ( init ( cell 7 8 black ) ), ( init ( cell 8 8 black ) ), ( init ( control white ) ), ( <= ( legal white noop ) ( true ( control black ) ) ), ( <= ( legal black noop ) ( true ( control white ) ) ), ( <= ( legal white ( move ?x1 ?y1 ?x2 ?y2 ) ) ( true ( control white ) ) ( true ( cell ?x1 ?y1 white ) ) ( whiteknightmove ?x1 ?y1 ?x2 ?y2 ) ( not ( true ( cell ?x2 ?y2 white ) ) ) ), ( <= ( legal black ( move ?x1 ?y1 ?x2 ?y2 ) ) ( true ( control black ) ) ( true ( cell ?x1 ?y1 black ) ) ( blackknightmove ?x1 ?y1 ?x2 ?y2 ) ( not ( true ( cell ?x2 ?y2 black ) ) ) ), ( <= ( next ( cell ?x ?y ?state ) ) ( true ( cell ?x ?y ?state ) ) ( does ?player ( move ?x1 ?y1 ?x2 ?y2 ) ) ( distinctcell ?x ?y ?x1 ?y1 ) ( distinctcell ?x ?y ?x2 ?y2 ) ), ( <= ( next ( cell ?x2 ?y2 ?player ) ) ( does ?player ( move ?x1 ?y1 ?x2 ?y2 ) ) ), ( <= ( next ( control black ) ) ( true ( control white ) ) ), ( <= ( next ( control white ) ) ( true ( control black ) ) ), ( <= terminal whitewin ), ( <= terminal blackwin ), ( <= ( goal white 100 ) whitewin ), ( <= ( goal white 0 ) blackwin ), ( <= ( goal black 100 ) blackwin ), ( <= ( goal black 0 ) whitewin ), ( <= whitewin ( index ?x ) ( true ( cell ?x 8 white ) ) ), ( <= blackwin ( index ?x ) ( true ( cell ?x 1 black ) ) ), ( <= whitewin ( not ( hasAnyPiece black ) ) ), ( <= blackwin ( not ( hasAnyPiece white ) ) ), ( <= ( hasAnyPiece ?player ) ( true ( cell ?x ?y ?player ) ) ), ( <= ( whiteknightmove ?x1 ?y1 ?x2 ?y2 ) ( plus 1 ?x1 ?x2 ) ( plus 2 ?y1 ?y2 ) ), ( <= ( whiteknightmove ?x1 ?y1 ?x2 ?y2 ) ( plus 1 ?x2 ?x1 ) ( plus 2 ?y1 ?y2 ) ), ( <= ( whiteknightmove ?x1 ?y1 ?x2 ?y2 ) ( plus 2 ?x1 ?x2 ) ( plus 1 ?y1 ?y2 ) ), ( <= ( whiteknightmove ?x1 ?y1 ?x2 ?y2 ) ( plus 2 ?x2 ?x1 ) ( plus 1 ?y1 ?y2 ) ), ( <= ( blackknightmove ?x1 ?y1 ?x2 ?y2 ) ( plus 1 ?x1 ?x2 ) ( plus 2 ?y2 ?y1 ) ), ( <= ( blackknightmove ?x1 ?y1 ?x2 ?y2 ) ( plus 1 ?x2 ?x1 ) ( plus 2 ?y2 ?y1 ) ), ( <= ( blackknightmove ?x1 ?y1 ?x2 ?y2 ) ( plus 2 ?x1 ?x2 ) ( plus 1 ?y2 ?y1 ) ), ( <= ( blackknightmove ?x1 ?y1 ?x2 ?y2 ) ( plus 2 ?x2 ?x1 ) ( plus 1 ?y2 ?y1 ) ), ( <= ( cell ?x ?y ) ( index ?x ) ( index ?y ) ), ( <= ( distinctcell ?x1 ?y1 ?x2 ?y2 ) ( cell ?x1 ?y1 ) ( cell ?x2 ?y2 ) ( distinct ?x1 ?x2 ) ), ( <= ( distinctcell ?x1 ?y1 ?x2 ?y2 ) ( cell ?x1 ?y1 ) ( cell ?x2 ?y2 ) ( distinct ?y1 ?y2 ) ), ( index 1 ), ( index 2 ), ( index 3 ), ( index 4 ), ( index 5 ), ( index 6 ), ( index 7 ), ( index 8 ), ( plus 1 1 2 ), ( plus 1 2 3 ), ( plus 1 3 4 ), ( plus 1 4 5 ), ( plus 1 5 6 ), ( plus 1 6 7 ), ( plus 1 7 8 ), ( plus 2 1 3 ), ( plus 2 2 4 ), ( plus 2 3 5 ), ( plus 2 4 6 ), ( plus 2 5 7 ), ( plus 2 6 8 )]
LOG 1641836833106 [L3]: Start clock: 15
LOG 1641836833106 [L3]: Play clock: 10
LOG 1641836838104 [L0]: [Sent at 1641836838104] ready
LOG 1641836838106 [L0]: [Received at 1641836838106] ( PLAY 31.knightThrough.1641836831558 NIL )
LOG 1641836838108 [L0]: [Sent at 1641836838108] noop
LOG 1641836838110 [L0]: [Received at 1641836838110] ( PLAY 31.knightThrough.1641836831558 (( move 4 2 6 3 ) noop ) )
LOG 1641836838117 [L0]: [Sent at 1641836838117] ( move 5 8 4 6 )
LOG 1641836838119 [L0]: [Received at 1641836838119] ( PLAY 31.knightThrough.1641836831558 (noop ( move 5 8 4 6 ) ) )
LOG 1641836838132 [L0]: [Sent at 1641836838132] noop
LOG 1641836838135 [L0]: [Received at 1641836838135] ( PLAY 31.knightThrough.1641836831558 (( move 2 2 1 4 ) noop ) )
LOG 1641836838151 [L0]: [Sent at 1641836838151] ( move 6 7 8 6 )
LOG 1641836838153 [L0]: [Received at 1641836838153] ( PLAY 31.knightThrough.1641836831558 (noop ( move 6 7 8 6 ) ) )
LOG 1641836838154 [L0]: [Sent at 1641836838154] noop
LOG 1641836838186 [L0]: [Received at 1641836838186] ( PLAY 31.knightThrough.1641836831558 (( move 3 1 2 3 ) noop ) )
LOG 1641836838187 [L0]: [Sent at 1641836838187] ( move 8 8 7 6 )
LOG 1641836838189 [L0]: [Received at 1641836838189] ( PLAY 31.knightThrough.1641836831558 (noop ( move 8 8 7 6 ) ) )
LOG 1641836838191 [L0]: [Sent at 1641836838191] noop
LOG 1641836838193 [L0]: [Received at 1641836838193] ( PLAY 31.knightThrough.1641836831558 (( move 8 1 7 3 ) noop ) )
LOG 1641836838194 [L0]: [Sent at 1641836838194] ( move 3 7 2 5 )
LOG 1641836838196 [L0]: [Received at 1641836838196] ( PLAY 31.knightThrough.1641836831558 (noop ( move 3 7 2 5 ) ) )
LOG 1641836838197 [L0]: [Sent at 1641836838197] noop
LOG 1641836838201 [L0]: [Received at 1641836838201] ( PLAY 31.knightThrough.1641836831558 (( move 1 2 3 3 ) noop ) )
LOG 1641836838202 [L0]: [Sent at 1641836838202] ( move 7 6 6 4 )
LOG 1641836838204 [L0]: [Received at 1641836838204] ( PLAY 31.knightThrough.1641836831558 (noop ( move 7 6 6 4 ) ) )
LOG 1641836838205 [L0]: [Sent at 1641836838205] noop
LOG 1641836838207 [L0]: [Received at 1641836838207] ( PLAY 31.knightThrough.1641836831558 (( move 6 3 8 4 ) noop ) )
LOG 1641836838208 [L0]: [Sent at 1641836838208] ( move 4 7 6 6 )
LOG 1641836838211 [L0]: [Received at 1641836838211] ( PLAY 31.knightThrough.1641836831558 (noop ( move 4 7 6 6 ) ) )
LOG 1641836838213 [L0]: [Sent at 1641836838213] noop
LOG 1641836838215 [L0]: [Received at 1641836838215] ( PLAY 31.knightThrough.1641836831558 (( move 7 1 6 3 ) noop ) )
LOG 1641836838216 [L0]: [Sent at 1641836838216] ( move 5 7 3 6 )
LOG 1641836838218 [L0]: [Received at 1641836838218] ( PLAY 31.knightThrough.1641836831558 (noop ( move 5 7 3 6 ) ) )
LOG 1641836838219 [L0]: [Sent at 1641836838219] noop
LOG 1641836838221 [L0]: [Received at 1641836838221] ( PLAY 31.knightThrough.1641836831558 (( move 6 2 8 3 ) noop ) )
LOG 1641836838223 [L0]: [Sent at 1641836838223] ( move 3 6 2 4 )
LOG 1641836838224 [L0]: [Received at 1641836838224] ( PLAY 31.knightThrough.1641836831558 (noop ( move 3 6 2 4 ) ) )
LOG 1641836838226 [L0]: [Sent at 1641836838226] noop
LOG 1641836838228 [L0]: [Received at 1641836838228] ( PLAY 31.knightThrough.1641836831558 (( move 3 2 5 3 ) noop ) )
LOG 1641836838229 [L0]: [Sent at 1641836838229] ( move 2 5 1 3 )
LOG 1641836838231 [L0]: [Received at 1641836838231] ( PLAY 31.knightThrough.1641836831558 (noop ( move 2 5 1 3 ) ) )
LOG 1641836838233 [L0]: [Sent at 1641836838233] noop
LOG 1641836838234 [L0]: [Received at 1641836838234] ( PLAY 31.knightThrough.1641836831558 (( move 2 3 3 5 ) noop ) )
LOG 1641836838236 [L0]: [Sent at 1641836838236] ( move 6 8 4 7 )
LOG 1641836838238 [L0]: [Received at 1641836838238] ( PLAY 31.knightThrough.1641836831558 (noop ( move 6 8 4 7 ) ) )
LOG 1641836838239 [L0]: [Sent at 1641836838239] noop
LOG 1641836838241 [L0]: [Received at 1641836838241] ( PLAY 31.knightThrough.1641836831558 (( move 6 3 5 5 ) noop ) )
LOG 1641836838242 [L0]: [Sent at 1641836838242] ( move 4 6 6 5 )
LOG 1641836838244 [L0]: [Received at 1641836838244] ( PLAY 31.knightThrough.1641836831558 (noop ( move 4 6 6 5 ) ) )
LOG 1641836838246 [L0]: [Sent at 1641836838246] noop
LOG 1641836838248 [L0]: [Received at 1641836838248] ( PLAY 31.knightThrough.1641836831558 (( move 4 1 2 2 ) noop ) )
LOG 1641836838249 [L0]: [Sent at 1641836838249] ( move 6 6 8 5 )
LOG 1641836838252 [L0]: [Received at 1641836838252] ( PLAY 31.knightThrough.1641836831558 (noop ( move 6 6 8 5 ) ) )
LOG 1641836838253 [L0]: [Sent at 1641836838253] noop
LOG 1641836838255 [L0]: [Received at 1641836838255] ( PLAY 31.knightThrough.1641836831558 (( move 8 4 6 5 ) noop ) )
LOG 1641836838257 [L0]: [Sent at 1641836838257] ( move 4 7 5 5 )
LOG 1641836838258 [L0]: [Received at 1641836838258] ( PLAY 31.knightThrough.1641836831558 (noop ( move 4 7 5 5 ) ) )
LOG 1641836838260 [L0]: [Sent at 1641836838260] noop
LOG 1641836838261 [L0]: [Received at 1641836838261] ( PLAY 31.knightThrough.1641836831558 (( move 6 5 8 6 ) noop ) )
LOG 1641836838262 [L0]: [Sent at 1641836838262] ( move 1 8 2 6 )
LOG 1641836838265 [L0]: [Received at 1641836838265] ( PLAY 31.knightThrough.1641836831558 (noop ( move 1 8 2 6 ) ) )
LOG 1641836838266 [L0]: [Sent at 1641836838266] noop
LOG 1641836838268 [L0]: [Received at 1641836838268] ( PLAY 31.knightThrough.1641836831558 (( move 3 5 4 7 ) noop ) )
LOG 1641836838269 [L0]: [Sent at 1641836838269] ( move 4 8 3 6 )
LOG 1641836838271 [L0]: [Received at 1641836838271] ( PLAY 31.knightThrough.1641836831558 (noop ( move 4 8 3 6 ) ) )
LOG 1641836838272 [L0]: [Sent at 1641836838272] noop
LOG 1641836838274 [L0]: [Received at 1641836838274] ( PLAY 31.knightThrough.1641836831558 (( move 6 1 4 2 ) noop ) )
LOG 1641836838275 [L0]: [Sent at 1641836838275] ( move 2 7 3 5 )
LOG 1641836838277 [L0]: [Received at 1641836838277] ( PLAY 31.knightThrough.1641836831558 (noop ( move 2 7 3 5 ) ) )
LOG 1641836838278 [L0]: [Sent at 1641836838278] noop
LOG 1641836838280 [L0]: [Received at 1641836838280] ( PLAY 31.knightThrough.1641836831558 (( move 8 2 6 3 ) noop ) )
LOG 1641836838281 [L0]: [Sent at 1641836838281] ( move 2 6 3 4 )
LOG 1641836838283 [L0]: [Received at 1641836838283] ( PLAY 31.knightThrough.1641836831558 (noop ( move 2 6 3 4 ) ) )
LOG 1641836838285 [L0]: [Sent at 1641836838285] noop
LOG 1641836838287 [L0]: [Received at 1641836838287] ( PLAY 31.knightThrough.1641836831558 (( move 3 3 4 5 ) noop ) )
LOG 1641836838288 [L0]: [Sent at 1641836838288] ( move 3 8 2 6 )
LOG 1641836838290 [L0]: [Received at 1641836838290] ( PLAY 31.knightThrough.1641836831558 (noop ( move 3 8 2 6 ) ) )
LOG 1641836838292 [L0]: [Sent at 1641836838292] noop
LOG 1641836838293 [L0]: [Received at 1641836838293] ( PLAY 31.knightThrough.1641836831558 (( move 1 1 3 2 ) noop ) )
LOG 1641836838295 [L0]: [Sent at 1641836838295] ( move 2 6 4 5 )
LOG 1641836838296 [L0]: [Received at 1641836838296] ( PLAY 31.knightThrough.1641836831558 (noop ( move 2 6 4 5 ) ) )
LOG 1641836838298 [L0]: [Sent at 1641836838298] noop
LOG 1641836838299 [L0]: [Received at 1641836838299] ( PLAY 31.knightThrough.1641836831558 (( move 2 1 1 3 ) noop ) )
LOG 1641836838301 [L0]: [Sent at 1641836838301] ( move 3 4 5 3 )
LOG 1641836838302 [L0]: [Received at 1641836838302] ( PLAY 31.knightThrough.1641836831558 (noop ( move 3 4 5 3 ) ) )
LOG 1641836838303 [L0]: [Sent at 1641836838303] noop
LOG 1641836838305 [L0]: [Received at 1641836838305] ( PLAY 31.knightThrough.1641836831558 (( move 3 2 5 3 ) noop ) )
LOG 1641836838306 [L0]: [Sent at 1641836838306] ( move 6 4 7 2 )
LOG 1641836838308 [L0]: [Received at 1641836838308] ( PLAY 31.knightThrough.1641836831558 (noop ( move 6 4 7 2 ) ) )
LOG 1641836838310 [L0]: [Sent at 1641836838310] noop
LOG 1641836838311 [L0]: [Received at 1641836838311] ( PLAY 31.knightThrough.1641836831558 (( move 5 2 6 4 ) noop ) )
LOG 1641836838313 [L0]: [Sent at 1641836838313] ( move 2 4 1 2 )
LOG 1641836838314 [L0]: [Received at 1641836838314] ( PLAY 31.knightThrough.1641836831558 (noop ( move 2 4 1 2 ) ) )
LOG 1641836838316 [L0]: [Sent at 1641836838316] noop
LOG 1641836838317 [L0]: [Received at 1641836838317] ( PLAY 31.knightThrough.1641836831558 (( move 6 4 8 5 ) noop ) )
LOG 1641836838318 [L0]: [Sent at 1641836838318] ( move 7 7 8 5 )
LOG 1641836838320 [L0]: [Received at 1641836838320] ( PLAY 31.knightThrough.1641836831558 (noop ( move 7 7 8 5 ) ) )
LOG 1641836838321 [L0]: [Sent at 1641836838321] noop
LOG 1641836838323 [L0]: [Received at 1641836838323] ( PLAY 31.knightThrough.1641836831558 (( move 1 4 2 6 ) noop ) )
LOG 1641836838324 [L0]: [Sent at 1641836838324] ( move 8 5 6 4 )
LOG 1641836838325 [L0]: [Received at 1641836838325] ( PLAY 31.knightThrough.1641836831558 (noop ( move 8 5 6 4 ) ) )
LOG 1641836838327 [L0]: [Sent at 1641836838327] noop
LOG 1641836838328 [L0]: [Received at 1641836838328] ( STOP 31.knightThrough.1641836831558 (( move 4 7 6 8 ) noop ) )
LOG 1641836838329 [L3]: Stopped logging to files at: Mon Jan 10 18:47:18 CET 2022
LOG 1641836838330 [L3]: LOG SEALED
