LOG 1641834154709 [L3]: Started match logging at: Mon Jan 10 18:02:34 CET 2022
LOG 1641834154710 [L3]: Game rules: [( role white ), ( role black ), ( <= ( base ( cellHolds ?x ?y ?p ) ) ( index ?x ) ( index ?y ) ( role ?p ) ), ( <= ( base ( control ?p ) ) ( role ?p ) ), ( <= ( input ?p noop ) ( role ?p ) ), ( <= ( input white ( move ?x ?y1 ?x ?y2 ) ) ( index ?x ) ( succ ?y1 ?y2 ) ), ( <= ( input white ( move ?x1 ?y1 ?x2 ?y2 ) ) ( succ ?y1 ?y2 ) ( succ ?x1 ?x2 ) ), ( <= ( input white ( move ?x1 ?y1 ?x2 ?y2 ) ) ( succ ?y1 ?y2 ) ( succ ?x2 ?x1 ) ), ( <= ( input black ( move ?x ?y1 ?x ?y2 ) ) ( index ?x ) ( succ ?y2 ?y1 ) ), ( <= ( input black ( move ?x1 ?y1 ?x2 ?y2 ) ) ( succ ?y2 ?y1 ) ( succ ?x1 ?x2 ) ), ( <= ( input black ( move ?x1 ?y1 ?x2 ?y2 ) ) ( succ ?y2 ?y1 ) ( succ ?x2 ?x1 ) ), ( init ( cellHolds 1 1 white ) ), ( init ( cellHolds 2 1 white ) ), ( init ( cellHolds 3 1 white ) ), ( init ( cellHolds 4 1 white ) ), ( init ( cellHolds 5 1 white ) ), ( init ( cellHolds 6 1 white ) ), ( init ( cellHolds 7 1 white ) ), ( init ( cellHolds 8 1 white ) ), ( init ( cellHolds 1 2 white ) ), ( init ( cellHolds 2 2 white ) ), ( init ( cellHolds 3 2 white ) ), ( init ( cellHolds 4 2 white ) ), ( init ( cellHolds 5 2 white ) ), ( init ( cellHolds 6 2 white ) ), ( init ( cellHolds 7 2 white ) ), ( init ( cellHolds 8 2 white ) ), ( init ( cellHolds 1 7 black ) ), ( init ( cellHolds 2 7 black ) ), ( init ( cellHolds 3 7 black ) ), ( init ( cellHolds 4 7 black ) ), ( init ( cellHolds 5 7 black ) ), ( init ( cellHolds 6 7 black ) ), ( init ( cellHolds 7 7 black ) ), ( init ( cellHolds 8 7 black ) ), ( init ( cellHolds 1 8 black ) ), ( init ( cellHolds 2 8 black ) ), ( init ( cellHolds 3 8 black ) ), ( init ( cellHolds 4 8 black ) ), ( init ( cellHolds 5 8 black ) ), ( init ( cellHolds 6 8 black ) ), ( init ( cellHolds 7 8 black ) ), ( init ( cellHolds 8 8 black ) ), ( init ( control white ) ), ( <= ( legal white ( move ?x ?y1 ?x ?y2 ) ) ( true ( control white ) ) ( true ( cellHolds ?x ?y1 white ) ) ( succ ?y1 ?y2 ) ( cellEmpty ?x ?y2 ) ), ( <= ( legal white ( move ?x1 ?y1 ?x2 ?y2 ) ) ( true ( control white ) ) ( true ( cellHolds ?x1 ?y1 white ) ) ( succ ?y1 ?y2 ) ( succ ?x1 ?x2 ) ( not ( true ( cellHolds ?x2 ?y2 white ) ) ) ), ( <= ( legal white ( move ?x1 ?y1 ?x2 ?y2 ) ) ( true ( control white ) ) ( true ( cellHolds ?x1 ?y1 white ) ) ( succ ?y1 ?y2 ) ( succ ?x2 ?x1 ) ( not ( true ( cellHolds ?x2 ?y2 white ) ) ) ), ( <= ( legal black ( move ?x ?y1 ?x ?y2 ) ) ( true ( control black ) ) ( true ( cellHolds ?x ?y1 black ) ) ( succ ?y2 ?y1 ) ( cellEmpty ?x ?y2 ) ), ( <= ( legal black ( move ?x1 ?y1 ?x2 ?y2 ) ) ( true ( control black ) ) ( true ( cellHolds ?x1 ?y1 black ) ) ( succ ?y2 ?y1 ) ( succ ?x1 ?x2 ) ( not ( true ( cellHolds ?x2 ?y2 black ) ) ) ), ( <= ( legal black ( move ?x1 ?y1 ?x2 ?y2 ) ) ( true ( control black ) ) ( true ( cellHolds ?x1 ?y1 black ) ) ( succ ?y2 ?y1 ) ( succ ?x2 ?x1 ) ( not ( true ( cellHolds ?x2 ?y2 black ) ) ) ), ( <= ( legal white noop ) ( true ( control black ) ) ), ( <= ( legal black noop ) ( true ( control white ) ) ), ( <= ( next ( cellHolds ?x2 ?y2 ?player ) ) ( role ?player ) ( does ?player ( move ?x1 ?y1 ?x2 ?y2 ) ) ), ( <= ( next ( cellHolds ?x3 ?y3 ?state ) ) ( true ( cellHolds ?x3 ?y3 ?state ) ) ( role ?player ) ( does ?player ( move ?x1 ?y1 ?x2 ?y2 ) ) ( distinctCell ?x1 ?y1 ?x3 ?y3 ) ( distinctCell ?x2 ?y2 ?x3 ?y3 ) ), ( <= ( next ( control white ) ) ( true ( control black ) ) ), ( <= ( next ( control black ) ) ( true ( control white ) ) ), ( <= terminal whiteWin ), ( <= terminal blackWin ), ( <= ( goal white 100 ) whiteWin ), ( <= ( goal white 0 ) ( not whiteWin ) ), ( <= ( goal black 100 ) blackWin ), ( <= ( goal black 0 ) ( not blackWin ) ), ( <= ( cell ?x ?y ) ( index ?x ) ( index ?y ) ), ( <= ( cellEmpty ?x ?y ) ( cell ?x ?y ) ( not ( true ( cellHolds ?x ?y white ) ) ) ( not ( true ( cellHolds ?x ?y black ) ) ) ), ( <= ( distinctCell ?x1 ?y1 ?x2 ?y2 ) ( cell ?x1 ?y1 ) ( cell ?x2 ?y2 ) ( distinct ?x1 ?x2 ) ), ( <= ( distinctCell ?x1 ?y1 ?x2 ?y2 ) ( cell ?x1 ?y1 ) ( cell ?x2 ?y2 ) ( distinct ?y1 ?y2 ) ), ( <= whiteWin ( index ?x ) ( true ( cellHolds ?x 8 white ) ) ), ( <= blackWin ( index ?x ) ( true ( cellHolds ?x 1 black ) ) ), ( <= whiteWin ( not blackCell ) ), ( <= blackWin ( not whiteCell ) ), ( <= whiteCell ( cell ?x ?y ) ( true ( cellHolds ?x ?y white ) ) ), ( <= blackCell ( cell ?x ?y ) ( true ( cellHolds ?x ?y black ) ) ), ( index 1 ), ( index 2 ), ( index 3 ), ( index 4 ), ( index 5 ), ( index 6 ), ( index 7 ), ( index 8 ), ( succ 1 2 ), ( succ 2 3 ), ( succ 3 4 ), ( succ 4 5 ), ( succ 5 6 ), ( succ 6 7 ), ( succ 7 8 )]
LOG 1641834154717 [L3]: Start clock: 15
LOG 1641834154718 [L3]: Play clock: 10
LOG 1641834159709 [L0]: [Sent at 1641834159709] ready
LOG 1641834159711 [L0]: [Received at 1641834159711] ( PLAY 9.breakthrough.1641834154511 NIL )
LOG 1641834159712 [L0]: [Sent at 1641834159712] ( move 6 2 5 3 )
LOG 1641834159715 [L0]: [Received at 1641834159715] ( PLAY 9.breakthrough.1641834154511 (( move 6 2 5 3 ) noop ) )
LOG 1641834159717 [L0]: [Sent at 1641834159717] noop
LOG 1641834159720 [L0]: [Received at 1641834159720] ( PLAY 9.breakthrough.1641834154511 (noop ( move 4 7 4 6 ) ) )
LOG 1641834159728 [L0]: [Sent at 1641834159728] ( move 5 3 5 4 )
LOG 1641834159732 [L0]: [Received at 1641834159732] ( PLAY 9.breakthrough.1641834154511 (( move 5 3 5 4 ) noop ) )
LOG 1641834159734 [L0]: [Sent at 1641834159734] noop
LOG 1641834159738 [L0]: [Received at 1641834159738] ( PLAY 9.breakthrough.1641834154511 (noop ( move 1 7 1 6 ) ) )
LOG 1641834159739 [L0]: [Sent at 1641834159739] ( move 1 2 1 3 )
LOG 1641834159742 [L0]: [Received at 1641834159742] ( PLAY 9.breakthrough.1641834154511 (( move 1 2 1 3 ) noop ) )
LOG 1641834159743 [L0]: [Sent at 1641834159743] noop
LOG 1641834159746 [L0]: [Received at 1641834159746] ( PLAY 9.breakthrough.1641834154511 (noop ( move 5 7 5 6 ) ) )
LOG 1641834159748 [L0]: [Sent at 1641834159748] ( move 1 1 1 2 )
LOG 1641834159752 [L0]: [Received at 1641834159752] ( PLAY 9.breakthrough.1641834154511 (( move 1 1 1 2 ) noop ) )
LOG 1641834159753 [L0]: [Sent at 1641834159753] noop
LOG 1641834159757 [L0]: [Received at 1641834159757] ( PLAY 9.breakthrough.1641834154511 (noop ( move 2 7 3 6 ) ) )
LOG 1641834159758 [L0]: [Sent at 1641834159758] ( move 4 2 5 3 )
LOG 1641834159761 [L0]: [Received at 1641834159761] ( PLAY 9.breakthrough.1641834154511 (( move 4 2 5 3 ) noop ) )
LOG 1641834159763 [L0]: [Sent at 1641834159763] noop
LOG 1641834159766 [L0]: [Received at 1641834159766] ( PLAY 9.breakthrough.1641834154511 (noop ( move 6 7 6 6 ) ) )
LOG 1641834159767 [L0]: [Sent at 1641834159767] ( move 6 1 6 2 )
LOG 1641834159770 [L0]: [Received at 1641834159770] ( PLAY 9.breakthrough.1641834154511 (( move 6 1 6 2 ) noop ) )
LOG 1641834159771 [L0]: [Sent at 1641834159771] noop
LOG 1641834159774 [L0]: [Received at 1641834159774] ( PLAY 9.breakthrough.1641834154511 (noop ( move 1 6 2 5 ) ) )
LOG 1641834159776 [L0]: [Sent at 1641834159776] ( move 7 2 6 3 )
LOG 1641834159778 [L0]: [Received at 1641834159778] ( PLAY 9.breakthrough.1641834154511 (( move 7 2 6 3 ) noop ) )
LOG 1641834159780 [L0]: [Sent at 1641834159780] noop
LOG 1641834159783 [L0]: [Received at 1641834159783] ( PLAY 9.breakthrough.1641834154511 (noop ( move 4 6 5 5 ) ) )
LOG 1641834159785 [L0]: [Sent at 1641834159785] ( move 4 1 4 2 )
LOG 1641834159789 [L0]: [Received at 1641834159789] ( PLAY 9.breakthrough.1641834154511 (( move 4 1 4 2 ) noop ) )
LOG 1641834159790 [L0]: [Sent at 1641834159790] noop
LOG 1641834159800 [L0]: [Received at 1641834159800] ( PLAY 9.breakthrough.1641834154511 (noop ( move 7 7 7 6 ) ) )
LOG 1641834159802 [L0]: [Sent at 1641834159802] ( move 2 2 2 3 )
LOG 1641834159805 [L0]: [Received at 1641834159805] ( PLAY 9.breakthrough.1641834154511 (( move 2 2 2 3 ) noop ) )
LOG 1641834159806 [L0]: [Sent at 1641834159806] noop
LOG 1641834159809 [L0]: [Received at 1641834159809] ( PLAY 9.breakthrough.1641834154511 (noop ( move 5 5 6 4 ) ) )
LOG 1641834159810 [L0]: [Sent at 1641834159810] ( move 5 3 6 4 )
LOG 1641834159813 [L0]: [Received at 1641834159813] ( PLAY 9.breakthrough.1641834154511 (( move 5 3 6 4 ) noop ) )
LOG 1641834159815 [L0]: [Sent at 1641834159815] noop
LOG 1641834159817 [L0]: [Received at 1641834159817] ( PLAY 9.breakthrough.1641834154511 (noop ( move 4 8 5 7 ) ) )
LOG 1641834159818 [L0]: [Sent at 1641834159818] ( move 5 4 6 5 )
LOG 1641834159822 [L0]: [Received at 1641834159822] ( PLAY 9.breakthrough.1641834154511 (( move 5 4 6 5 ) noop ) )
LOG 1641834159823 [L0]: [Sent at 1641834159823] noop
LOG 1641834159825 [L0]: [Received at 1641834159825] ( PLAY 9.breakthrough.1641834154511 (noop ( move 7 8 6 7 ) ) )
LOG 1641834159827 [L0]: [Sent at 1641834159827] ( move 3 2 4 3 )
LOG 1641834159830 [L0]: [Received at 1641834159830] ( PLAY 9.breakthrough.1641834154511 (( move 3 2 4 3 ) noop ) )
LOG 1641834159831 [L0]: [Sent at 1641834159831] noop
LOG 1641834159833 [L0]: [Received at 1641834159833] ( PLAY 9.breakthrough.1641834154511 (noop ( move 7 6 8 5 ) ) )
LOG 1641834159835 [L0]: [Sent at 1641834159835] ( move 6 2 5 3 )
LOG 1641834159838 [L0]: [Received at 1641834159838] ( PLAY 9.breakthrough.1641834154511 (( move 6 2 5 3 ) noop ) )
LOG 1641834159839 [L0]: [Sent at 1641834159839] noop
LOG 1641834159843 [L0]: [Received at 1641834159843] ( PLAY 9.breakthrough.1641834154511 (noop ( move 3 7 2 6 ) ) )
LOG 1641834159845 [L0]: [Sent at 1641834159845] ( move 3 1 2 2 )
LOG 1641834159847 [L0]: [Received at 1641834159847] ( PLAY 9.breakthrough.1641834154511 (( move 3 1 2 2 ) noop ) )
LOG 1641834159849 [L0]: [Sent at 1641834159849] noop
LOG 1641834159851 [L0]: [Received at 1641834159851] ( PLAY 9.breakthrough.1641834154511 (noop ( move 1 8 2 7 ) ) )
LOG 1641834159853 [L0]: [Sent at 1641834159853] ( move 6 3 7 4 )
LOG 1641834159856 [L0]: [Received at 1641834159856] ( PLAY 9.breakthrough.1641834154511 (( move 6 3 7 4 ) noop ) )
LOG 1641834159857 [L0]: [Sent at 1641834159857] noop
LOG 1641834159861 [L0]: [Received at 1641834159861] ( PLAY 9.breakthrough.1641834154511 (noop ( move 3 8 3 7 ) ) )
LOG 1641834159863 [L0]: [Sent at 1641834159863] ( move 6 5 7 6 )
LOG 1641834159865 [L0]: [Received at 1641834159865] ( PLAY 9.breakthrough.1641834154511 (( move 6 5 7 6 ) noop ) )
LOG 1641834159867 [L0]: [Sent at 1641834159867] noop
LOG 1641834159869 [L0]: [Received at 1641834159869] ( PLAY 9.breakthrough.1641834154511 (noop ( move 5 8 4 7 ) ) )
LOG 1641834159871 [L0]: [Sent at 1641834159871] ( move 8 1 7 2 )
LOG 1641834159873 [L0]: [Received at 1641834159873] ( PLAY 9.breakthrough.1641834154511 (( move 8 1 7 2 ) noop ) )
LOG 1641834159875 [L0]: [Sent at 1641834159875] noop
LOG 1641834159877 [L0]: [Received at 1641834159877] ( PLAY 9.breakthrough.1641834154511 (noop ( move 2 7 1 6 ) ) )
LOG 1641834159879 [L0]: [Sent at 1641834159879] ( move 5 1 6 2 )
LOG 1641834159882 [L0]: [Received at 1641834159882] ( PLAY 9.breakthrough.1641834154511 (( move 5 1 6 2 ) noop ) )
LOG 1641834159883 [L0]: [Sent at 1641834159883] noop
LOG 1641834159887 [L0]: [Received at 1641834159887] ( PLAY 9.breakthrough.1641834154511 (noop ( move 3 7 4 6 ) ) )
LOG 1641834159888 [L0]: [Sent at 1641834159888] ( move 7 6 6 7 )
LOG 1641834159891 [L0]: [Received at 1641834159891] ( PLAY 9.breakthrough.1641834154511 (( move 7 6 6 7 ) noop ) )
LOG 1641834159893 [L0]: [Sent at 1641834159893] noop
LOG 1641834159895 [L0]: [Received at 1641834159895] ( PLAY 9.breakthrough.1641834154511 (noop ( move 2 5 1 4 ) ) )
LOG 1641834159897 [L0]: [Sent at 1641834159897] ( move 5 3 4 4 )
LOG 1641834159900 [L0]: [Received at 1641834159900] ( PLAY 9.breakthrough.1641834154511 (( move 5 3 4 4 ) noop ) )
LOG 1641834159902 [L0]: [Sent at 1641834159902] noop
LOG 1641834159905 [L0]: [Received at 1641834159905] ( PLAY 9.breakthrough.1641834154511 (noop ( move 2 6 1 5 ) ) )
LOG 1641834159906 [L0]: [Sent at 1641834159906] ( move 2 3 3 4 )
LOG 1641834159909 [L0]: [Received at 1641834159909] ( PLAY 9.breakthrough.1641834154511 (( move 2 3 3 4 ) noop ) )
LOG 1641834159910 [L0]: [Sent at 1641834159910] noop
LOG 1641834159913 [L0]: [Received at 1641834159913] ( PLAY 9.breakthrough.1641834154511 (noop ( move 2 8 1 7 ) ) )
LOG 1641834159914 [L0]: [Sent at 1641834159914] ( move 2 1 3 2 )
LOG 1641834159917 [L0]: [Received at 1641834159917] ( PLAY 9.breakthrough.1641834154511 (( move 2 1 3 2 ) noop ) )
LOG 1641834159919 [L0]: [Sent at 1641834159919] noop
LOG 1641834159921 [L0]: [Received at 1641834159921] ( PLAY 9.breakthrough.1641834154511 (noop ( move 6 8 7 7 ) ) )
LOG 1641834159923 [L0]: [Sent at 1641834159923] ( move 7 2 6 3 )
LOG 1641834159925 [L0]: [Received at 1641834159925] ( PLAY 9.breakthrough.1641834154511 (( move 7 2 6 3 ) noop ) )
LOG 1641834159927 [L0]: [Sent at 1641834159927] noop
LOG 1641834159929 [L0]: [Received at 1641834159929] ( PLAY 9.breakthrough.1641834154511 (noop ( move 5 6 4 5 ) ) )
LOG 1641834159931 [L0]: [Sent at 1641834159931] ( move 6 4 5 5 )
LOG 1641834159934 [L0]: [Received at 1641834159934] ( PLAY 9.breakthrough.1641834154511 (( move 6 4 5 5 ) noop ) )
LOG 1641834159935 [L0]: [Sent at 1641834159935] noop
LOG 1641834159938 [L0]: [Received at 1641834159938] ( PLAY 9.breakthrough.1641834154511 (noop ( move 4 6 3 5 ) ) )
LOG 1641834159939 [L0]: [Sent at 1641834159939] ( move 8 2 7 3 )
LOG 1641834159942 [L0]: [Received at 1641834159942] ( PLAY 9.breakthrough.1641834154511 (( move 8 2 7 3 ) noop ) )
LOG 1641834159943 [L0]: [Sent at 1641834159943] noop
LOG 1641834159946 [L0]: [Received at 1641834159946] ( PLAY 9.breakthrough.1641834154511 (noop ( move 3 6 2 5 ) ) )
LOG 1641834159947 [L0]: [Sent at 1641834159947] ( move 6 7 6 8 )
LOG 1641834159950 [L0]: [Received at 1641834159950] ( STOP 9.breakthrough.1641834154511 (( move 6 7 6 8 ) noop ) )
LOG 1641834159951 [L3]: Stopped logging to files at: Mon Jan 10 18:02:39 CET 2022
LOG 1641834159951 [L3]: LOG SEALED
