LOG 1641867432823 [L3]: Returning initial state machine.
LOG 1641867432823 [L3]: Returning PropNet state machine without cache.
LOG 1641867432824 [L3]: Starting metagame with available thinking time 4996ms.
LOG 1641867432825 [L3]: Starting search during metagame.
LOG 1641867437820 [L3]: Done searching during metagame.
LOG 1641867437823 [L3]: Starting move selection for game step 1 with available time 10000ms.
LOG 1641867437823 [L3]: Selecting move using MCTS.
LOG 1641867447823 [L3]: Returning MCTS move noop.
LOG 1641867447826 [L3]: Starting move selection for game step 2 with available time 10000ms.
LOG 1641867447831 [L3]: Selecting move using MCTS.
LOG 1641867457826 [L3]: Returning MCTS move ( drop 3 ).
LOG 1641867457829 [L3]: Starting move selection for game step 3 with available time 10000ms.
LOG 1641867457844 [L3]: Selecting move using MCTS.
LOG 1641867467829 [L3]: Returning MCTS move noop.
LOG 1641867467838 [L3]: Starting move selection for game step 4 with available time 10000ms.
LOG 1641867467855 [L3]: Selecting move using MCTS.
LOG 1641867477854 [L3]: Returning MCTS move ( drop 4 ).
LOG 1641867477858 [L3]: Starting move selection for game step 5 with available time 10000ms.
LOG 1641867477874 [L3]: Selecting move using MCTS.
LOG 1641867487858 [L3]: Returning MCTS move noop.
LOG 1641867487861 [L3]: Starting move selection for game step 6 with available time 10000ms.
LOG 1641867487878 [L3]: Selecting move using MCTS.
LOG 1641867497861 [L3]: Returning MCTS move ( drop 5 ).
LOG 1641867497865 [L3]: Starting move selection for game step 7 with available time 10000ms.
LOG 1641867497884 [L3]: Selecting move using MCTS.
LOG 1641867507865 [L3]: Returning MCTS move noop.
LOG 1641867507868 [L3]: Starting move selection for game step 8 with available time 10000ms.
LOG 1641867507887 [L3]: Selecting move using MCTS.
LOG 1641867517868 [L3]: Returning MCTS move ( drop 5 ).
LOG 1641867517871 [L3]: Starting move selection for game step 9 with available time 10000ms.
LOG 1641867517889 [L3]: Selecting move using MCTS.
LOG 1641867527871 [L3]: Returning MCTS move noop.
LOG 1641867527897 [L3]: Starting move selection for game step 10 with available time 10000ms.
LOG 1641867527917 [L3]: Selecting move using MCTS.
LOG 1641867537897 [L3]: Returning MCTS move ( drop 6 ).
LOG 1641867537900 [L3]: Starting move selection for game step 11 with available time 10000ms.
LOG 1641867537919 [L3]: Selecting move using MCTS.
LOG 1641867547900 [L3]: Returning MCTS move noop.
LOG 1641867547904 [L3]: Starting move selection for game step 12 with available time 10000ms.
LOG 1641867547924 [L3]: Selecting move using MCTS.
LOG 1641867557904 [L3]: Returning MCTS move ( drop 7 ).
LOG 1641867557908 [L3]: Starting move selection for game step 13 with available time 10000ms.
LOG 1641867557929 [L3]: Selecting move using MCTS.
LOG 1641867567908 [L3]: Returning MCTS move noop.
LOG 1641867567912 [L3]: Starting move selection for game step 14 with available time 10000ms.
LOG 1641867567938 [L3]: Selecting move using MCTS.
LOG 1641867577912 [L3]: Returning MCTS move ( drop 6 ).
LOG 1641867577915 [L3]: Starting move selection for game step 15 with available time 10000ms.
LOG 1641867577936 [L3]: Selecting move using MCTS.
LOG 1641867587915 [L3]: Returning MCTS move noop.
LOG 1641867587918 [L3]: Starting move selection for game step 16 with available time 10000ms.
LOG 1641867587948 [L3]: Selecting move using MCTS.
LOG 1641867597918 [L3]: Returning MCTS move ( drop 2 ).
LOG 1641867597921 [L3]: Starting move selection for game step 17 with available time 10000ms.
LOG 1641867597944 [L3]: Selecting move using MCTS.
LOG 1641867607921 [L3]: Returning MCTS move noop.
LOG 1641867607924 [L3]: Starting move selection for game step 18 with available time 10000ms.
LOG 1641867607948 [L3]: Selecting move using MCTS.
LOG 1641867617924 [L3]: Returning MCTS move ( drop 4 ).
LOG 1641867617927 [L3]: Starting move selection for game step 19 with available time 10000ms.
LOG 1641867617944 [L3]: Selecting move using MCTS.
LOG 1641867627927 [L3]: Returning MCTS move noop.
LOG 1641867627931 [L3]: Starting move selection for game step 20 with available time 10000ms.
LOG 1641867627947 [L3]: Selecting move using MCTS.
LOG 1641867637931 [L3]: Returning MCTS move ( drop 5 ).
LOG 1641867637934 [L3]: Starting move selection for game step 21 with available time 10000ms.
LOG 1641867637942 [L3]: Selecting move using MCTS.
LOG 1641867647934 [L3]: Returning MCTS move noop.
LOG 1641867647939 [L3]: Starting move selection for game step 22 with available time 10000ms.
LOG 1641867647946 [L3]: Selecting move using MCTS.
LOG 1641867657939 [L3]: Returning MCTS move ( drop 7 ).
LOG 1641867657943 [L3]: Starting move selection for game step 23 with available time 10000ms.
LOG 1641867657947 [L3]: Selecting move using MCTS.
LOG 1641867667943 [L3]: Returning MCTS move noop.
LOG 1641867667956 [L3]: Starting move selection for game step 24 with available time 10000ms.
LOG 1641867667960 [L3]: Selecting move using MCTS.
LOG 1641867677956 [L3]: Returning MCTS move ( drop 2 ).
LOG 1641867677960 [L3]: Starting move selection for game step 25 with available time 10000ms.
LOG 1641867677964 [L3]: Selecting move using MCTS.
LOG 1641867687960 [L3]: Returning MCTS move noop.
LOG 1641867687964 [L3]: Starting move selection for game step 26 with available time 10000ms.
LOG 1641867687967 [L3]: Selecting move using MCTS.
LOG 1641867697964 [L3]: Returning MCTS move ( drop 5 ).
LOG 1641867697968 [L3]: Starting move selection for game step 27 with available time 10000ms.
LOG 1641867697971 [L3]: Selecting move using MCTS.
LOG 1641867707968 [L3]: Returning MCTS move noop.
LOG 1641867707971 [L3]: Starting move selection for game step 28 with available time 10000ms.
LOG 1641867707974 [L3]: Selecting move using MCTS.
LOG 1641867717971 [L3]: Returning MCTS move ( drop 7 ).
LOG 1641867717975 [L3]: Starting move selection for game step 29 with available time 9999ms.
LOG 1641867717977 [L3]: Selecting move using MCTS.
LOG 1641867727974 [L3]: Returning MCTS move noop.
LOG 1641867727978 [L3]: Starting move selection for game step 30 with available time 10000ms.
LOG 1641867727979 [L3]: Selecting move using MCTS.
LOG 1641867737978 [L3]: Returning MCTS move ( drop 6 ).
LOG 1641867737981 [L3]: Starting move selection for game step 31 with available time 10000ms.
LOG 1641867737982 [L3]: Selecting move using MCTS.
LOG 1641867747981 [L3]: Returning MCTS move noop.
LOG 1641867747985 [L3]: Starting move selection for game step 32 with available time 10000ms.
LOG 1641867747985 [L3]: Selecting move using MCTS.
LOG 1641867757985 [L3]: Returning MCTS move ( drop 7 ).
LOG 1641867757990 [L3]: Starting move selection for game step 33 with available time 10000ms.
LOG 1641867757990 [L3]: Selecting move using MCTS.
LOG 1641867767990 [L3]: Returning MCTS move noop.
LOG 1641867767993 [L3]: Starting move selection for game step 34 with available time 10000ms.
LOG 1641867767994 [L3]: Selecting move using MCTS.
LOG 1641867777993 [L3]: Returning MCTS move ( drop 7 ).
LOG 1641867777997 [L3]: Starting move selection for game step 35 with available time 10000ms.
LOG 1641867777997 [L3]: Selecting move using MCTS.
LOG 1641867787997 [L3]: Returning MCTS move noop.
LOG 1641867788004 [L3]: Starting move selection for game step 36 with available time 10000ms.
LOG 1641867788004 [L3]: Selecting move using MCTS.
LOG 1641867798004 [L3]: Returning MCTS move ( drop 1 ).
LOG 1641867798007 [L3]: Starting move selection for game step 37 with available time 10000ms.
LOG 1641867798008 [L3]: Selecting move using MCTS.
LOG 1641867808007 [L3]: Returning MCTS move noop.
LOG 1641867808011 [L3]: Starting move selection for game step 38 with available time 10000ms.
LOG 1641867808011 [L3]: Selecting move using MCTS.
LOG 1641867818011 [L3]: Returning MCTS move ( drop 3 ).
LOG 1641867818014 [L3]: Starting move selection for game step 39 with available time 10000ms.
LOG 1641867818015 [L3]: Selecting move using MCTS.
LOG 1641867828014 [L3]: Returning MCTS move noop.
LOG 1641867828017 [L3]: Starting move selection for game step 40 with available time 10000ms.
LOG 1641867828018 [L3]: Selecting move using MCTS.
LOG 1641867838017 [L3]: Returning MCTS move ( drop 3 ).
LOG 1641867838021 [L3]: Starting move selection for game step 41 with available time 10000ms.
LOG 1641867838021 [L3]: Selecting move using MCTS.
LOG 1641867848021 [L3]: Returning MCTS move noop.
LOG 1641867848024 [L3]: Starting move selection for game step 42 with available time 10000ms.
LOG 1641867848025 [L3]: Selecting move using MCTS.
LOG 1641867858024 [L3]: Returning MCTS move ( drop 3 ).
