LOG 1641858805064 [L3]: Returning initial state machine.
LOG 1641858805065 [L3]: Returning PropNet state machine without cache.
LOG 1641858805065 [L3]: Starting metagame with available thinking time 4990ms.
LOG 1641858805067 [L3]: Starting search during metagame.
LOG 1641858810068 [L3]: Done searching during metagame.
LOG 1641858810071 [L3]: Starting move selection for game step 1 with available time 10000ms.
LOG 1641858810071 [L3]: Selecting move using MCTS.
LOG 1641858820071 [L3]: Returning MCTS move noop.
LOG 1641858820074 [L3]: Starting move selection for game step 2 with available time 10000ms.
LOG 1641858820079 [L3]: Selecting move using MCTS.
LOG 1641858830074 [L3]: Returning MCTS move ( drop 4 ).
LOG 1641858830077 [L3]: Starting move selection for game step 3 with available time 10000ms.
LOG 1641858830093 [L3]: Selecting move using MCTS.
LOG 1641858840077 [L3]: Returning MCTS move noop.
LOG 1641858840087 [L3]: Starting move selection for game step 4 with available time 10000ms.
LOG 1641858840104 [L3]: Selecting move using MCTS.
LOG 1641858850087 [L3]: Returning MCTS move ( drop 3 ).
LOG 1641858850090 [L3]: Starting move selection for game step 5 with available time 10000ms.
LOG 1641858850104 [L3]: Selecting move using MCTS.
LOG 1641858860097 [L3]: Returning MCTS move noop.
LOG 1641858860101 [L3]: Starting move selection for game step 6 with available time 10000ms.
LOG 1641858860118 [L3]: Selecting move using MCTS.
LOG 1641858870101 [L3]: Returning MCTS move ( drop 4 ).
LOG 1641858870104 [L3]: Starting move selection for game step 7 with available time 10000ms.
LOG 1641858870118 [L3]: Selecting move using MCTS.
LOG 1641858880104 [L3]: Returning MCTS move noop.
LOG 1641858880107 [L3]: Starting move selection for game step 8 with available time 10000ms.
LOG 1641858880124 [L3]: Selecting move using MCTS.
LOG 1641858890107 [L3]: Returning MCTS move ( drop 3 ).
LOG 1641858890110 [L3]: Starting move selection for game step 9 with available time 10000ms.
LOG 1641858890124 [L3]: Selecting move using MCTS.
LOG 1641858900110 [L3]: Returning MCTS move noop.
LOG 1641858900113 [L3]: Starting move selection for game step 10 with available time 10000ms.
LOG 1641858900129 [L3]: Selecting move using MCTS.
LOG 1641858910113 [L3]: Returning MCTS move ( drop 4 ).
LOG 1641858910117 [L3]: Starting move selection for game step 11 with available time 10000ms.
LOG 1641858910132 [L3]: Selecting move using MCTS.
LOG 1641858920117 [L3]: Returning MCTS move noop.
LOG 1641858920121 [L3]: Starting move selection for game step 12 with available time 10000ms.
LOG 1641858920134 [L3]: Selecting move using MCTS.
LOG 1641858930121 [L3]: Returning MCTS move ( drop 3 ).
LOG 1641858930124 [L3]: Starting move selection for game step 13 with available time 10000ms.
LOG 1641858930134 [L3]: Selecting move using MCTS.
LOG 1641858940124 [L3]: Returning MCTS move noop.
LOG 1641858940127 [L3]: Starting move selection for game step 14 with available time 10000ms.
LOG 1641858940136 [L3]: Selecting move using MCTS.
LOG 1641858950127 [L3]: Returning MCTS move ( drop 7 ).
LOG 1641858950130 [L3]: Starting move selection for game step 15 with available time 10000ms.
LOG 1641858950138 [L3]: Selecting move using MCTS.
LOG 1641858960130 [L3]: Returning MCTS move noop.
LOG 1641858960134 [L3]: Starting move selection for game step 16 with available time 10000ms.
LOG 1641858960145 [L3]: Selecting move using MCTS.
LOG 1641858970134 [L3]: Returning MCTS move ( drop 6 ).
LOG 1641858970137 [L3]: Starting move selection for game step 17 with available time 10000ms.
LOG 1641858970143 [L3]: Selecting move using MCTS.
LOG 1641858980137 [L3]: Returning MCTS move noop.
LOG 1641858980140 [L3]: Starting move selection for game step 18 with available time 10000ms.
LOG 1641858980145 [L3]: Selecting move using MCTS.
LOG 1641858990140 [L3]: Returning MCTS move ( drop 6 ).
LOG 1641858990143 [L3]: Starting move selection for game step 19 with available time 10000ms.
LOG 1641858990148 [L3]: Selecting move using MCTS.
LOG 1641859000143 [L3]: Returning MCTS move noop.
LOG 1641859000146 [L3]: Starting move selection for game step 20 with available time 10000ms.
LOG 1641859000152 [L3]: Selecting move using MCTS.
LOG 1641859010146 [L3]: Returning MCTS move ( drop 4 ).
LOG 1641859010150 [L3]: Starting move selection for game step 21 with available time 10000ms.
LOG 1641859010154 [L3]: Selecting move using MCTS.
LOG 1641859020150 [L3]: Returning MCTS move noop.
LOG 1641859020153 [L3]: Starting move selection for game step 22 with available time 10000ms.
LOG 1641859020158 [L3]: Selecting move using MCTS.
LOG 1641859030153 [L3]: Returning MCTS move ( drop 1 ).
LOG 1641859030157 [L3]: Starting move selection for game step 23 with available time 10000ms.
LOG 1641859030161 [L3]: Selecting move using MCTS.
LOG 1641859040157 [L3]: Returning MCTS move noop.
LOG 1641859040161 [L3]: Starting move selection for game step 24 with available time 10000ms.
LOG 1641859040164 [L3]: Selecting move using MCTS.
LOG 1641859050161 [L3]: Returning MCTS move ( drop 6 ).
LOG 1641859050164 [L3]: Starting move selection for game step 25 with available time 10000ms.
LOG 1641859050167 [L3]: Selecting move using MCTS.
LOG 1641859060164 [L3]: Returning MCTS move noop.
LOG 1641859060167 [L3]: Starting move selection for game step 26 with available time 10000ms.
LOG 1641859060170 [L3]: Selecting move using MCTS.
LOG 1641859070167 [L3]: Returning MCTS move ( drop 2 ).
LOG 1641859070170 [L3]: Starting move selection for game step 27 with available time 10000ms.
LOG 1641859070172 [L3]: Selecting move using MCTS.
LOG 1641859080170 [L3]: Returning MCTS move noop.
LOG 1641859080175 [L3]: Starting move selection for game step 28 with available time 10000ms.
LOG 1641859080176 [L3]: Selecting move using MCTS.
LOG 1641859090175 [L3]: Returning MCTS move ( drop 2 ).
LOG 1641859090178 [L3]: Starting move selection for game step 29 with available time 10000ms.
LOG 1641859090179 [L3]: Selecting move using MCTS.
LOG 1641859100178 [L3]: Returning MCTS move noop.
LOG 1641859100183 [L3]: Starting move selection for game step 30 with available time 10000ms.
LOG 1641859100184 [L3]: Selecting move using MCTS.
LOG 1641859110183 [L3]: Returning MCTS move ( drop 5 ).
LOG 1641859110186 [L3]: Starting move selection for game step 31 with available time 10000ms.
LOG 1641859110187 [L3]: Selecting move using MCTS.
LOG 1641859120186 [L3]: Returning MCTS move noop.
LOG 1641859120189 [L3]: Starting move selection for game step 32 with available time 10000ms.
LOG 1641859120190 [L3]: Selecting move using MCTS.
LOG 1641859130189 [L3]: Returning MCTS move ( drop 5 ).
LOG 1641859130194 [L3]: Starting move selection for game step 33 with available time 10000ms.
LOG 1641859130195 [L3]: Selecting move using MCTS.
LOG 1641859140194 [L3]: Returning MCTS move noop.
LOG 1641859140198 [L3]: Starting move selection for game step 34 with available time 10000ms.
LOG 1641859140199 [L3]: Selecting move using MCTS.
LOG 1641859150198 [L3]: Returning MCTS move ( drop 2 ).
LOG 1641859150201 [L3]: Starting move selection for game step 35 with available time 10000ms.
LOG 1641859150202 [L3]: Selecting move using MCTS.
LOG 1641859160201 [L3]: Returning MCTS move noop.
LOG 1641859160205 [L3]: Starting move selection for game step 36 with available time 9999ms.
LOG 1641859160205 [L3]: Selecting move using MCTS.
LOG 1641859170204 [L3]: Returning MCTS move ( drop 7 ).
LOG 1641859170207 [L3]: Starting move selection for game step 37 with available time 10000ms.
LOG 1641859170208 [L3]: Selecting move using MCTS.
LOG 1641859180207 [L3]: Returning MCTS move noop.
LOG 1641859180210 [L3]: Starting move selection for game step 38 with available time 10000ms.
LOG 1641859180211 [L3]: Selecting move using MCTS.
LOG 1641859190210 [L3]: Returning MCTS move ( drop 1 ).
