LOG 1641858805056 [L3]: Started match logging at: Tue Jan 11 00:53:25 CET 2022
LOG 1641858805063 [L3]: Game rules: [( role white ), ( role red ), ( init ( cell 1 0 dirt ) ), ( init ( cell 2 0 dirt ) ), ( init ( cell 3 0 dirt ) ), ( init ( cell 4 0 dirt ) ), ( init ( cell 5 0 dirt ) ), ( init ( cell 6 0 dirt ) ), ( init ( cell 7 0 dirt ) ), ( init ( cell 1 1 b ) ), ( init ( cell 1 2 b ) ), ( init ( cell 1 3 b ) ), ( init ( cell 1 4 b ) ), ( init ( cell 1 5 b ) ), ( init ( cell 1 6 b ) ), ( init ( cell 2 1 b ) ), ( init ( cell 2 2 b ) ), ( init ( cell 2 3 b ) ), ( init ( cell 2 4 b ) ), ( init ( cell 2 5 b ) ), ( init ( cell 2 6 b ) ), ( init ( cell 3 1 b ) ), ( init ( cell 3 2 b ) ), ( init ( cell 3 3 b ) ), ( init ( cell 3 4 b ) ), ( init ( cell 3 5 b ) ), ( init ( cell 3 6 b ) ), ( init ( cell 4 1 b ) ), ( init ( cell 4 2 b ) ), ( init ( cell 4 3 b ) ), ( init ( cell 4 4 b ) ), ( init ( cell 4 5 b ) ), ( init ( cell 4 6 b ) ), ( init ( cell 5 1 b ) ), ( init ( cell 5 2 b ) ), ( init ( cell 5 3 b ) ), ( init ( cell 5 4 b ) ), ( init ( cell 5 5 b ) ), ( init ( cell 5 6 b ) ), ( init ( cell 6 1 b ) ), ( init ( cell 6 2 b ) ), ( init ( cell 6 3 b ) ), ( init ( cell 6 4 b ) ), ( init ( cell 6 5 b ) ), ( init ( cell 6 6 b ) ), ( init ( cell 7 1 b ) ), ( init ( cell 7 2 b ) ), ( init ( cell 7 3 b ) ), ( init ( cell 7 4 b ) ), ( init ( cell 7 5 b ) ), ( init ( cell 7 6 b ) ), ( init ( control white ) ), ( <= ( empty ?c ?h ) ( true ( cell ?c ?h b ) ) ), ( <= ( filled ?c ?h ) ( true ( cell ?c ?h dirt ) ) ), ( <= ( filled ?c ?h ) ( true ( cell ?c ?h w ) ) ), ( <= ( filled ?c ?h ) ( true ( cell ?c ?h r ) ) ), ( <= ( next ( cell ?c ?h2 w ) ) ( does white ( drop ?c ) ) ( true ( cell ?c ?h2 b ) ) ( filled ?c ?h1 ) ( succ ?h1 ?h2 ) ), ( <= ( next ( cell ?c ?h2 r ) ) ( does red ( drop ?c ) ) ( true ( cell ?c ?h2 b ) ) ( filled ?c ?h1 ) ( succ ?h1 ?h2 ) ), ( <= ( next ( cell ?x ?y ?z ) ) ( true ( cell ?x ?y ?z ) ) ( distinct ?z b ) ), ( <= ( next ( cell ?c2 ?y b ) ) ( does ?w ( drop ?c1 ) ) ( true ( cell ?c2 ?y b ) ) ( distinct ?c1 ?c2 ) ), ( <= ( next ( cell ?c ?y2 b ) ) ( true ( cell ?c ?y1 b ) ) ( distinct ?y1 6 ) ( succ ?y1 ?y2 ) ), ( <= ( next ( control white ) ) ( true ( control red ) ) ), ( <= ( next ( control red ) ) ( true ( control white ) ) ), ( <= ( row ?z ) ( true ( cell ?x1 ?y ?z ) ) ( distinct ?z b ) ( distinct ?z dirt ) ( succ ?x1 ?x2 ) ( true ( cell ?x2 ?y ?z ) ) ( succ ?x2 ?x3 ) ( true ( cell ?x3 ?y ?z ) ) ( succ ?x3 ?x4 ) ( true ( cell ?x4 ?y ?z ) ) ), ( <= ( column ?z ) ( true ( cell ?x ?y1 ?z ) ) ( distinct ?z b ) ( succ ?y1 ?y2 ) ( true ( cell ?x ?y2 ?z ) ) ( succ ?y2 ?y3 ) ( true ( cell ?x ?y3 ?z ) ) ( succ ?y3 ?y4 ) ( true ( cell ?x ?y4 ?z ) ) ), ( <= ( diag ?z ) ( true ( cell ?x1 ?y1 ?z ) ) ( distinct ?z b ) ( succ ?x1 ?x2 ) ( succ ?y1 ?y2 ) ( true ( cell ?x2 ?y2 ?z ) ) ( succ ?x2 ?x3 ) ( succ ?y2 ?y3 ) ( true ( cell ?x3 ?y3 ?z ) ) ( succ ?x3 ?x4 ) ( succ ?y3 ?y4 ) ( true ( cell ?x4 ?y4 ?z ) ) ), ( <= ( diag ?z ) ( true ( cell ?x1 ?y1 ?z ) ) ( distinct ?z b ) ( succ ?x1 ?x2 ) ( succ ?y2 ?y1 ) ( true ( cell ?x2 ?y2 ?z ) ) ( succ ?x2 ?x3 ) ( succ ?y3 ?y2 ) ( true ( cell ?x3 ?y3 ?z ) ) ( succ ?x3 ?x4 ) ( succ ?y4 ?y3 ) ( true ( cell ?x4 ?y4 ?z ) ) ), ( <= ( line ?x ) ( row ?x ) ), ( <= ( line ?x ) ( column ?x ) ), ( <= ( line ?x ) ( diag ?x ) ), ( <= open ( empty ?c ?h ) ), ( <= terminal ( line r ) ), ( <= terminal ( line w ) ), ( <= terminal ( not open ) ), ( <= ( legal ?w ( drop ?c ) ) ( true ( cell ?c ?y2 b ) ) ( filled ?c ?y1 ) ( succ ?y1 ?y2 ) ( true ( control ?w ) ) ), ( <= ( legal white noop ) ( true ( control red ) ) ), ( <= ( legal red noop ) ( true ( control white ) ) ), ( <= ( goal white 100 ) ( line w ) ), ( <= ( goal white 50 ) ( not ( line r ) ) ( not ( line w ) ) ( not open ) ), ( <= ( goal white 0 ) ( line r ) ), ( <= ( goal red 100 ) ( line r ) ), ( <= ( goal red 50 ) ( not ( line r ) ) ( not ( line w ) ) ( not open ) ), ( <= ( goal red 0 ) ( line w ) ), ( <= ( goal ?w 70 ) ( role ?w ) ( not ( line r ) ) ( not ( line w ) ) open ), ( <= ( lte 0 ?x ) ( number ?x ) ), ( <= ( lte ?x ?x ) ( number ?x ) ), ( <= ( lte ?x ?z ) ( succ ?y ?z ) ( lte ?x ?y ) ), ( <= ( lte ?x ?y ) ( succ ?x ?y ) ), ( number 0 ), ( number 1 ), ( number 2 ), ( number 3 ), ( number 4 ), ( number 5 ), ( number 6 ), ( number 7 ), ( number 8 ), ( succ 0 1 ), ( succ 1 2 ), ( succ 2 3 ), ( succ 3 4 ), ( succ 4 5 ), ( succ 5 6 ), ( succ 6 7 ), ( succ 7 8 )]
LOG 1641858805064 [L3]: Start clock: 15
LOG 1641858805064 [L3]: Play clock: 20
LOG 1641858810068 [L0]: [Sent at 1641858810068] ready
LOG 1641858810070 [L0]: [Received at 1641858810070] ( PLAY 10.connect4.1641858804992 NIL )
LOG 1641858820072 [L0]: [Sent at 1641858820072] noop
LOG 1641858820074 [L0]: [Received at 1641858820074] ( PLAY 10.connect4.1641858804992 (( drop 3 ) noop ) )
LOG 1641858830074 [L0]: [Sent at 1641858830074] ( drop 4 )
LOG 1641858830077 [L0]: [Received at 1641858830077] ( PLAY 10.connect4.1641858804992 (noop ( drop 4 ) ) )
LOG 1641858840084 [L0]: [Sent at 1641858840084] noop
LOG 1641858840087 [L0]: [Received at 1641858840087] ( PLAY 10.connect4.1641858804992 (( drop 3 ) noop ) )
LOG 1641858850088 [L0]: [Sent at 1641858850088] ( drop 3 )
LOG 1641858850090 [L0]: [Received at 1641858850090] ( PLAY 10.connect4.1641858804992 (noop ( drop 3 ) ) )
LOG 1641858860098 [L0]: [Sent at 1641858860098] noop
LOG 1641858860100 [L0]: [Received at 1641858860100] ( PLAY 10.connect4.1641858804992 (( drop 6 ) noop ) )
LOG 1641858870101 [L0]: [Sent at 1641858870101] ( drop 4 )
LOG 1641858870104 [L0]: [Received at 1641858870104] ( PLAY 10.connect4.1641858804992 (noop ( drop 4 ) ) )
LOG 1641858880104 [L0]: [Sent at 1641858880104] noop
LOG 1641858880107 [L0]: [Received at 1641858880107] ( PLAY 10.connect4.1641858804992 (( drop 4 ) noop ) )
LOG 1641858890107 [L0]: [Sent at 1641858890107] ( drop 3 )
LOG 1641858890110 [L0]: [Received at 1641858890110] ( PLAY 10.connect4.1641858804992 (noop ( drop 3 ) ) )
LOG 1641858900110 [L0]: [Sent at 1641858900110] noop
LOG 1641858900113 [L0]: [Received at 1641858900113] ( PLAY 10.connect4.1641858804992 (( drop 4 ) noop ) )
LOG 1641858910113 [L0]: [Sent at 1641858910113] ( drop 4 )
LOG 1641858910117 [L0]: [Received at 1641858910117] ( PLAY 10.connect4.1641858804992 (noop ( drop 4 ) ) )
LOG 1641858920117 [L0]: [Sent at 1641858920117] noop
LOG 1641858920121 [L0]: [Received at 1641858920121] ( PLAY 10.connect4.1641858804992 (( drop 6 ) noop ) )
LOG 1641858930121 [L0]: [Sent at 1641858930121] ( drop 3 )
LOG 1641858930124 [L0]: [Received at 1641858930124] ( PLAY 10.connect4.1641858804992 (noop ( drop 3 ) ) )
LOG 1641858940125 [L0]: [Sent at 1641858940125] noop
LOG 1641858940127 [L0]: [Received at 1641858940127] ( PLAY 10.connect4.1641858804992 (( drop 3 ) noop ) )
LOG 1641858950127 [L0]: [Sent at 1641858950127] ( drop 7 )
LOG 1641858950130 [L0]: [Received at 1641858950130] ( PLAY 10.connect4.1641858804992 (noop ( drop 7 ) ) )
LOG 1641858960130 [L0]: [Sent at 1641858960130] noop
LOG 1641858960134 [L0]: [Received at 1641858960134] ( PLAY 10.connect4.1641858804992 (( drop 6 ) noop ) )
LOG 1641858970134 [L0]: [Sent at 1641858970134] ( drop 6 )
LOG 1641858970137 [L0]: [Received at 1641858970137] ( PLAY 10.connect4.1641858804992 (noop ( drop 6 ) ) )
LOG 1641858980137 [L0]: [Sent at 1641858980137] noop
LOG 1641858980140 [L0]: [Received at 1641858980140] ( PLAY 10.connect4.1641858804992 (( drop 5 ) noop ) )
LOG 1641858990140 [L0]: [Sent at 1641858990140] ( drop 6 )
LOG 1641858990143 [L0]: [Received at 1641858990143] ( PLAY 10.connect4.1641858804992 (noop ( drop 6 ) ) )
LOG 1641859000143 [L0]: [Sent at 1641859000143] noop
LOG 1641859000146 [L0]: [Received at 1641859000146] ( PLAY 10.connect4.1641858804992 (( drop 2 ) noop ) )
LOG 1641859010146 [L0]: [Sent at 1641859010146] ( drop 4 )
LOG 1641859010149 [L0]: [Received at 1641859010149] ( PLAY 10.connect4.1641858804992 (noop ( drop 4 ) ) )
LOG 1641859020150 [L0]: [Sent at 1641859020150] noop
LOG 1641859020153 [L0]: [Received at 1641859020153] ( PLAY 10.connect4.1641858804992 (( drop 1 ) noop ) )
LOG 1641859030153 [L0]: [Sent at 1641859030153] ( drop 1 )
LOG 1641859030157 [L0]: [Received at 1641859030157] ( PLAY 10.connect4.1641858804992 (noop ( drop 1 ) ) )
LOG 1641859040157 [L0]: [Sent at 1641859040157] noop
LOG 1641859040160 [L0]: [Received at 1641859040160] ( PLAY 10.connect4.1641858804992 (( drop 1 ) noop ) )
LOG 1641859050161 [L0]: [Sent at 1641859050161] ( drop 6 )
LOG 1641859050164 [L0]: [Received at 1641859050164] ( PLAY 10.connect4.1641858804992 (noop ( drop 6 ) ) )
LOG 1641859060164 [L0]: [Sent at 1641859060164] noop
LOG 1641859060167 [L0]: [Received at 1641859060167] ( PLAY 10.connect4.1641858804992 (( drop 5 ) noop ) )
LOG 1641859070167 [L0]: [Sent at 1641859070167] ( drop 2 )
LOG 1641859070170 [L0]: [Received at 1641859070170] ( PLAY 10.connect4.1641858804992 (noop ( drop 2 ) ) )
LOG 1641859080170 [L0]: [Sent at 1641859080170] noop
LOG 1641859080174 [L0]: [Received at 1641859080174] ( PLAY 10.connect4.1641858804992 (( drop 2 ) noop ) )
LOG 1641859090175 [L0]: [Sent at 1641859090175] ( drop 2 )
LOG 1641859090178 [L0]: [Received at 1641859090178] ( PLAY 10.connect4.1641858804992 (noop ( drop 2 ) ) )
LOG 1641859100178 [L0]: [Sent at 1641859100178] noop
LOG 1641859100182 [L0]: [Received at 1641859100182] ( PLAY 10.connect4.1641858804992 (( drop 5 ) noop ) )
LOG 1641859110184 [L0]: [Sent at 1641859110184] ( drop 5 )
LOG 1641859110186 [L0]: [Received at 1641859110186] ( PLAY 10.connect4.1641858804992 (noop ( drop 5 ) ) )
LOG 1641859120186 [L0]: [Sent at 1641859120186] noop
LOG 1641859120189 [L0]: [Received at 1641859120189] ( PLAY 10.connect4.1641858804992 (( drop 5 ) noop ) )
LOG 1641859130189 [L0]: [Sent at 1641859130189] ( drop 5 )
LOG 1641859130193 [L0]: [Received at 1641859130193] ( PLAY 10.connect4.1641858804992 (noop ( drop 5 ) ) )
LOG 1641859140194 [L0]: [Sent at 1641859140194] noop
LOG 1641859140198 [L0]: [Received at 1641859140198] ( PLAY 10.connect4.1641858804992 (( drop 2 ) noop ) )
LOG 1641859150198 [L0]: [Sent at 1641859150198] ( drop 2 )
LOG 1641859150201 [L0]: [Received at 1641859150201] ( PLAY 10.connect4.1641858804992 (noop ( drop 2 ) ) )
LOG 1641859160201 [L0]: [Sent at 1641859160201] noop
LOG 1641859160204 [L0]: [Received at 1641859160204] ( PLAY 10.connect4.1641858804992 (( drop 7 ) noop ) )
LOG 1641859170204 [L0]: [Sent at 1641859170204] ( drop 7 )
LOG 1641859170207 [L0]: [Received at 1641859170207] ( PLAY 10.connect4.1641858804992 (noop ( drop 7 ) ) )
LOG 1641859180207 [L0]: [Sent at 1641859180207] noop
LOG 1641859180210 [L0]: [Received at 1641859180210] ( PLAY 10.connect4.1641858804992 (( drop 1 ) noop ) )
LOG 1641859190210 [L0]: [Sent at 1641859190210] ( drop 1 )
LOG 1641859190217 [L0]: [Received at 1641859190217] ( STOP 10.connect4.1641858804992 (noop ( drop 1 ) ) )
LOG 1641859190218 [L3]: Stopped logging to files at: Tue Jan 11 00:59:50 CET 2022
LOG 1641859190219 [L3]: LOG SEALED
