LOG 1641849308069 [L3]: Returning initial state machine.
LOG 1641849308069 [L3]: Returning PropNet state machine without cache.
LOG 1641849308070 [L3]: Starting metagame with available thinking time 4995ms.
LOG 1641849308072 [L3]: Starting search during metagame.
LOG 1641849313065 [L3]: Done searching during metagame.
LOG 1641849313068 [L3]: Starting move selection for game step 1 with available time 10000ms.
LOG 1641849313068 [L3]: Selecting move using MCTS.
LOG 1641849323068 [L3]: Returning MCTS move noop.
LOG 1641849323071 [L3]: Starting move selection for game step 2 with available time 10000ms.
LOG 1641849323077 [L3]: Selecting move using MCTS.
LOG 1641849333072 [L3]: Returning MCTS move ( drop 4 ).
LOG 1641849333076 [L3]: Starting move selection for game step 3 with available time 10000ms.
LOG 1641849333094 [L3]: Selecting move using MCTS.
LOG 1641849343076 [L3]: Returning MCTS move noop.
LOG 1641849343087 [L3]: Starting move selection for game step 4 with available time 10000ms.
LOG 1641849343103 [L3]: Selecting move using MCTS.
LOG 1641849353087 [L3]: Returning MCTS move ( drop 4 ).
LOG 1641849353091 [L3]: Starting move selection for game step 5 with available time 10000ms.
LOG 1641849353106 [L3]: Selecting move using MCTS.
LOG 1641849363091 [L3]: Returning MCTS move noop.
LOG 1641849363094 [L3]: Starting move selection for game step 6 with available time 10000ms.
LOG 1641849363114 [L3]: Selecting move using MCTS.
LOG 1641849373094 [L3]: Returning MCTS move ( drop 2 ).
LOG 1641849373097 [L3]: Starting move selection for game step 7 with available time 10000ms.
LOG 1641849373114 [L3]: Selecting move using MCTS.
LOG 1641849383097 [L3]: Returning MCTS move noop.
LOG 1641849383099 [L3]: Starting move selection for game step 8 with available time 10000ms.
LOG 1641849383120 [L3]: Selecting move using MCTS.
LOG 1641849393099 [L3]: Returning MCTS move ( drop 4 ).
LOG 1641849393102 [L3]: Starting move selection for game step 9 with available time 10000ms.
LOG 1641849393124 [L3]: Selecting move using MCTS.
LOG 1641849403102 [L3]: Returning MCTS move noop.
LOG 1641849403105 [L3]: Starting move selection for game step 10 with available time 10000ms.
LOG 1641849403131 [L3]: Selecting move using MCTS.
LOG 1641849413105 [L3]: Returning MCTS move ( drop 1 ).
LOG 1641849413108 [L3]: Starting move selection for game step 11 with available time 10000ms.
LOG 1641849413132 [L3]: Selecting move using MCTS.
LOG 1641849423108 [L3]: Returning MCTS move noop.
LOG 1641849423112 [L3]: Starting move selection for game step 12 with available time 10000ms.
LOG 1641849423136 [L3]: Selecting move using MCTS.
LOG 1641849433112 [L3]: Returning MCTS move ( drop 1 ).
LOG 1641849433115 [L3]: Starting move selection for game step 13 with available time 10000ms.
LOG 1641849433127 [L3]: Selecting move using MCTS.
LOG 1641849443115 [L3]: Returning MCTS move noop.
LOG 1641849443118 [L3]: Starting move selection for game step 14 with available time 10000ms.
LOG 1641849443130 [L3]: Selecting move using MCTS.
LOG 1641849453118 [L3]: Returning MCTS move ( drop 3 ).
