LOG 1641924087516 [L3]: Returning initial state machine.
LOG 1641924087516 [L3]: Returning PropNet state machine without cache.
LOG 1641924087517 [L3]: Starting metagame with available thinking time 4990ms.
LOG 1641924087519 [L3]: Starting search during metagame.
LOG 1641924092507 [L3]: Done searching during metagame.
LOG 1641924092512 [L3]: Starting move selection for game step 1 with available time 10000ms.
LOG 1641924092513 [L3]: Selecting move using MCTS.
LOG 1641924102512 [L3]: Returning MCTS move ( move 4 2 4 3 ).
LOG 1641924102517 [L3]: Starting move selection for game step 2 with available time 10000ms.
LOG 1641924102521 [L3]: Selecting move using MCTS.
LOG 1641924112955 [L3]: Returning MCTS move noop.
LOG 1641924112960 [L3]: Starting move selection for game step 3 with available time 10000ms.
LOG 1641924112973 [L3]: Selecting move using MCTS.
LOG 1641924122960 [L3]: Returning MCTS move ( move 3 2 3 3 ).
LOG 1641924122970 [L3]: Starting move selection for game step 4 with available time 10000ms.
LOG 1641924122986 [L3]: Selecting move using MCTS.
LOG 1641924132970 [L3]: Returning MCTS move noop.
LOG 1641924132974 [L3]: Starting move selection for game step 5 with available time 10000ms.
LOG 1641924132988 [L3]: Selecting move using MCTS.
LOG 1641924142978 [L3]: Starting move selection for game step 6 with available time 10000ms.
LOG 1641924142988 [L3]: Selecting move using MCTS.
LOG 1641924152982 [L3]: Starting move selection for game step 7 with available time 10000ms.
LOG 1641924152991 [L3]: Selecting move using MCTS.
LOG 1641924162986 [L3]: Starting move selection for game step 8 with available time 10000ms.
LOG 1641924162987 [L3]: Selecting move using MCTS.
LOG 1641924172991 [L3]: Starting move selection for game step 9 with available time 10000ms.
LOG 1641924172991 [L3]: Selecting move using MCTS.
LOG 1641924182995 [L3]: Starting move selection for game step 10 with available time 10000ms.
LOG 1641924182995 [L3]: Selecting move using MCTS.
LOG 1641924192999 [L3]: Starting move selection for game step 11 with available time 10000ms.
LOG 1641924193000 [L3]: Selecting move using MCTS.
LOG 1641924203003 [L3]: Starting move selection for game step 12 with available time 10000ms.
LOG 1641924203004 [L3]: Selecting move using MCTS.
LOG 1641924213007 [L3]: Starting move selection for game step 13 with available time 10000ms.
LOG 1641924213007 [L3]: Selecting move using MCTS.
LOG 1641924223010 [L3]: Starting move selection for game step 14 with available time 10000ms.
LOG 1641924223011 [L3]: Selecting move using MCTS.
LOG 1641924233014 [L3]: Starting move selection for game step 15 with available time 10000ms.
LOG 1641924233014 [L3]: Selecting move using MCTS.
LOG 1641924243018 [L3]: Starting move selection for game step 16 with available time 10000ms.
LOG 1641924243018 [L3]: Selecting move using MCTS.
LOG 1641924253022 [L3]: Starting move selection for game step 17 with available time 10000ms.
LOG 1641924253023 [L3]: Selecting move using MCTS.
LOG 1641924263027 [L3]: Starting move selection for game step 18 with available time 10000ms.
LOG 1641924263027 [L3]: Selecting move using MCTS.
LOG 1641924273030 [L3]: Starting move selection for game step 19 with available time 10000ms.
LOG 1641924273031 [L3]: Selecting move using MCTS.
LOG 1641924283033 [L3]: Starting move selection for game step 20 with available time 10000ms.
LOG 1641924283034 [L3]: Selecting move using MCTS.
