LOG 1641832996831 [L3]: Started match logging at: Mon Jan 10 17:43:16 CET 2022
LOG 1641832996840 [L3]: Game rules: [( role white ), ( role red ), ( init ( cell 1 0 dirt ) ), ( init ( cell 2 0 dirt ) ), ( init ( cell 3 0 dirt ) ), ( init ( cell 4 0 dirt ) ), ( init ( cell 5 0 dirt ) ), ( init ( cell 6 0 dirt ) ), ( init ( cell 7 0 dirt ) ), ( init ( cell 1 1 b ) ), ( init ( cell 1 2 b ) ), ( init ( cell 1 3 b ) ), ( init ( cell 1 4 b ) ), ( init ( cell 1 5 b ) ), ( init ( cell 1 6 b ) ), ( init ( cell 2 1 b ) ), ( init ( cell 2 2 b ) ), ( init ( cell 2 3 b ) ), ( init ( cell 2 4 b ) ), ( init ( cell 2 5 b ) ), ( init ( cell 2 6 b ) ), ( init ( cell 3 1 b ) ), ( init ( cell 3 2 b ) ), ( init ( cell 3 3 b ) ), ( init ( cell 3 4 b ) ), ( init ( cell 3 5 b ) ), ( init ( cell 3 6 b ) ), ( init ( cell 4 1 b ) ), ( init ( cell 4 2 b ) ), ( init ( cell 4 3 b ) ), ( init ( cell 4 4 b ) ), ( init ( cell 4 5 b ) ), ( init ( cell 4 6 b ) ), ( init ( cell 5 1 b ) ), ( init ( cell 5 2 b ) ), ( init ( cell 5 3 b ) ), ( init ( cell 5 4 b ) ), ( init ( cell 5 5 b ) ), ( init ( cell 5 6 b ) ), ( init ( cell 6 1 b ) ), ( init ( cell 6 2 b ) ), ( init ( cell 6 3 b ) ), ( init ( cell 6 4 b ) ), ( init ( cell 6 5 b ) ), ( init ( cell 6 6 b ) ), ( init ( cell 7 1 b ) ), ( init ( cell 7 2 b ) ), ( init ( cell 7 3 b ) ), ( init ( cell 7 4 b ) ), ( init ( cell 7 5 b ) ), ( init ( cell 7 6 b ) ), ( init ( control white ) ), ( <= ( empty ?c ?h ) ( true ( cell ?c ?h b ) ) ), ( <= ( filled ?c ?h ) ( true ( cell ?c ?h dirt ) ) ), ( <= ( filled ?c ?h ) ( true ( cell ?c ?h w ) ) ), ( <= ( filled ?c ?h ) ( true ( cell ?c ?h r ) ) ), ( <= ( next ( cell ?c ?h2 w ) ) ( does white ( drop ?c ) ) ( true ( cell ?c ?h2 b ) ) ( filled ?c ?h1 ) ( succ ?h1 ?h2 ) ), ( <= ( next ( cell ?c ?h2 r ) ) ( does red ( drop ?c ) ) ( true ( cell ?c ?h2 b ) ) ( filled ?c ?h1 ) ( succ ?h1 ?h2 ) ), ( <= ( next ( cell ?x ?y ?z ) ) ( true ( cell ?x ?y ?z ) ) ( distinct ?z b ) ), ( <= ( next ( cell ?c2 ?y b ) ) ( does ?w ( drop ?c1 ) ) ( true ( cell ?c2 ?y b ) ) ( distinct ?c1 ?c2 ) ), ( <= ( next ( cell ?c ?y2 b ) ) ( true ( cell ?c ?y1 b ) ) ( distinct ?y1 6 ) ( succ ?y1 ?y2 ) ), ( <= ( next ( control white ) ) ( true ( control red ) ) ), ( <= ( next ( control red ) ) ( true ( control white ) ) ), ( <= ( row ?z ) ( true ( cell ?x1 ?y ?z ) ) ( distinct ?z b ) ( distinct ?z dirt ) ( succ ?x1 ?x2 ) ( true ( cell ?x2 ?y ?z ) ) ( succ ?x2 ?x3 ) ( true ( cell ?x3 ?y ?z ) ) ( succ ?x3 ?x4 ) ( true ( cell ?x4 ?y ?z ) ) ), ( <= ( column ?z ) ( true ( cell ?x ?y1 ?z ) ) ( distinct ?z b ) ( succ ?y1 ?y2 ) ( true ( cell ?x ?y2 ?z ) ) ( succ ?y2 ?y3 ) ( true ( cell ?x ?y3 ?z ) ) ( succ ?y3 ?y4 ) ( true ( cell ?x ?y4 ?z ) ) ), ( <= ( diag ?z ) ( true ( cell ?x1 ?y1 ?z ) ) ( distinct ?z b ) ( succ ?x1 ?x2 ) ( succ ?y1 ?y2 ) ( true ( cell ?x2 ?y2 ?z ) ) ( succ ?x2 ?x3 ) ( succ ?y2 ?y3 ) ( true ( cell ?x3 ?y3 ?z ) ) ( succ ?x3 ?x4 ) ( succ ?y3 ?y4 ) ( true ( cell ?x4 ?y4 ?z ) ) ), ( <= ( diag ?z ) ( true ( cell ?x1 ?y1 ?z ) ) ( distinct ?z b ) ( succ ?x1 ?x2 ) ( succ ?y2 ?y1 ) ( true ( cell ?x2 ?y2 ?z ) ) ( succ ?x2 ?x3 ) ( succ ?y3 ?y2 ) ( true ( cell ?x3 ?y3 ?z ) ) ( succ ?x3 ?x4 ) ( succ ?y4 ?y3 ) ( true ( cell ?x4 ?y4 ?z ) ) ), ( <= ( line ?x ) ( row ?x ) ), ( <= ( line ?x ) ( column ?x ) ), ( <= ( line ?x ) ( diag ?x ) ), ( <= open ( empty ?c ?h ) ), ( <= terminal ( line r ) ), ( <= terminal ( line w ) ), ( <= terminal ( not open ) ), ( <= ( legal ?w ( drop ?c ) ) ( true ( cell ?c ?y2 b ) ) ( filled ?c ?y1 ) ( succ ?y1 ?y2 ) ( true ( control ?w ) ) ), ( <= ( legal white noop ) ( true ( control red ) ) ), ( <= ( legal red noop ) ( true ( control white ) ) ), ( <= ( goal white 100 ) ( line w ) ), ( <= ( goal white 50 ) ( not ( line r ) ) ( not ( line w ) ) ( not open ) ), ( <= ( goal white 0 ) ( line r ) ), ( <= ( goal red 100 ) ( line r ) ), ( <= ( goal red 50 ) ( not ( line r ) ) ( not ( line w ) ) ( not open ) ), ( <= ( goal red 0 ) ( line w ) ), ( <= ( goal ?w 70 ) ( role ?w ) ( not ( line r ) ) ( not ( line w ) ) open ), ( <= ( lte 0 ?x ) ( number ?x ) ), ( <= ( lte ?x ?x ) ( number ?x ) ), ( <= ( lte ?x ?z ) ( succ ?y ?z ) ( lte ?x ?y ) ), ( <= ( lte ?x ?y ) ( succ ?x ?y ) ), ( number 0 ), ( number 1 ), ( number 2 ), ( number 3 ), ( number 4 ), ( number 5 ), ( number 6 ), ( number 7 ), ( number 8 ), ( succ 0 1 ), ( succ 1 2 ), ( succ 2 3 ), ( succ 3 4 ), ( succ 4 5 ), ( succ 5 6 ), ( succ 6 7 ), ( succ 7 8 )]
LOG 1641832996840 [L3]: Start clock: 15
LOG 1641832996840 [L3]: Play clock: 10
LOG 1641833001831 [L0]: [Sent at 1641833001831] ready
LOG 1641833001834 [L0]: [Received at 1641833001834] ( PLAY 37.connect4.1641832996772 NIL )
LOG 1641833001835 [L0]: [Sent at 1641833001835] ( drop 6 )
LOG 1641833001837 [L0]: [Received at 1641833001837] ( PLAY 37.connect4.1641832996772 (( drop 6 ) noop ) )
LOG 1641833001840 [L0]: [Sent at 1641833001840] noop
LOG 1641833001847 [L0]: [Received at 1641833001847] ( PLAY 37.connect4.1641832996772 (noop ( drop 3 ) ) )
LOG 1641833001856 [L0]: [Sent at 1641833001856] ( drop 1 )
LOG 1641833001860 [L0]: [Received at 1641833001860] ( PLAY 37.connect4.1641832996772 (( drop 1 ) noop ) )
LOG 1641833001863 [L0]: [Sent at 1641833001863] noop
LOG 1641833001871 [L0]: [Received at 1641833001871] ( PLAY 37.connect4.1641832996772 (noop ( drop 3 ) ) )
LOG 1641833001872 [L0]: [Sent at 1641833001872] ( drop 3 )
LOG 1641833001875 [L0]: [Received at 1641833001875] ( PLAY 37.connect4.1641832996772 (( drop 3 ) noop ) )
LOG 1641833001876 [L0]: [Sent at 1641833001876] noop
LOG 1641833001879 [L0]: [Received at 1641833001879] ( PLAY 37.connect4.1641832996772 (noop ( drop 1 ) ) )
LOG 1641833001881 [L0]: [Sent at 1641833001881] ( drop 4 )
LOG 1641833001884 [L0]: [Received at 1641833001884] ( PLAY 37.connect4.1641832996772 (( drop 4 ) noop ) )
LOG 1641833001885 [L0]: [Sent at 1641833001885] noop
LOG 1641833001889 [L0]: [Received at 1641833001889] ( PLAY 37.connect4.1641832996772 (noop ( drop 6 ) ) )
LOG 1641833001890 [L0]: [Sent at 1641833001890] ( drop 6 )
LOG 1641833001892 [L0]: [Received at 1641833001892] ( PLAY 37.connect4.1641832996772 (( drop 6 ) noop ) )
LOG 1641833001894 [L0]: [Sent at 1641833001894] noop
LOG 1641833001896 [L0]: [Received at 1641833001896] ( PLAY 37.connect4.1641832996772 (noop ( drop 4 ) ) )
LOG 1641833001897 [L0]: [Sent at 1641833001897] ( drop 7 )
LOG 1641833001900 [L0]: [Received at 1641833001900] ( PLAY 37.connect4.1641832996772 (( drop 7 ) noop ) )
LOG 1641833001901 [L0]: [Sent at 1641833001901] noop
LOG 1641833001903 [L0]: [Received at 1641833001903] ( PLAY 37.connect4.1641832996772 (noop ( drop 4 ) ) )
LOG 1641833001905 [L0]: [Sent at 1641833001905] ( drop 1 )
LOG 1641833001907 [L0]: [Received at 1641833001907] ( PLAY 37.connect4.1641832996772 (( drop 1 ) noop ) )
LOG 1641833001908 [L0]: [Sent at 1641833001908] noop
LOG 1641833001911 [L0]: [Received at 1641833001911] ( PLAY 37.connect4.1641832996772 (noop ( drop 3 ) ) )
LOG 1641833001912 [L0]: [Sent at 1641833001912] ( drop 5 )
LOG 1641833001924 [L0]: [Received at 1641833001924] ( STOP 37.connect4.1641832996772 (( drop 5 ) noop ) )
LOG 1641833001926 [L3]: Stopped logging to files at: Mon Jan 10 17:43:21 CET 2022
LOG 1641833001926 [L3]: LOG SEALED
