LOG 1641845083697 [L3]: Returning initial state machine.
LOG 1641845083697 [L3]: Returning PropNet state machine without cache.
LOG 1641845083698 [L3]: Starting metagame with available thinking time 4991ms.
LOG 1641845083700 [L3]: Starting search during metagame.
LOG 1641845088689 [L3]: Done searching during metagame.
LOG 1641845088691 [L3]: Starting move selection for game step 1 with available time 0ms.
LOG 1641845088692 [L3]: No time to select next move using MCTS. Returning random move ( block r3 c2 ).
LOG 1641845088695 [L3]: Starting move selection for game step 2 with available time -1ms.
LOG 1641845088696 [L3]: No time to select next move using MCTS. Returning random move ( block r2 c2 ).
LOG 1641845088699 [L3]: Starting move selection for game step 3 with available time 0ms.
LOG 1641845088700 [L3]: No time to select next move using MCTS. Returning random move ( mark r5 c1 ).
LOG 1641845088704 [L3]: Starting move selection for game step 4 with available time 0ms.
LOG 1641845088706 [L3]: No time to select next move using MCTS. Returning random move noop.
LOG 1641845088711 [L3]: Starting move selection for game step 5 with available time 0ms.
LOG 1641845088712 [L3]: No time to select next move using MCTS. Returning random move ( block r5 c4 ).
LOG 1641845088714 [L3]: Starting move selection for game step 6 with available time 0ms.
LOG 1641845088715 [L3]: No time to select next move using MCTS. Returning random move ( block r6 c1 ).
LOG 1641845088718 [L3]: Starting move selection for game step 7 with available time 0ms.
LOG 1641845088718 [L3]: No time to select next move using MCTS. Returning random move ( block r4 c1 ).
LOG 1641845088721 [L3]: Starting move selection for game step 8 with available time 0ms.
LOG 1641845088722 [L3]: No time to select next move using MCTS. Returning random move ( mark r5 c6 ).
LOG 1641845088726 [L3]: Starting move selection for game step 9 with available time 0ms.
LOG 1641845088726 [L3]: No time to select next move using MCTS. Returning random move noop.
LOG 1641845088729 [L3]: Starting move selection for game step 10 with available time 0ms.
LOG 1641845088729 [L3]: No time to select next move using MCTS. Returning random move noop.
LOG 1641845088734 [L3]: Starting move selection for game step 11 with available time 0ms.
LOG 1641845088734 [L3]: No time to select next move using MCTS. Returning random move ( mark r3 c1 ).
LOG 1641845088739 [L3]: Starting move selection for game step 12 with available time 0ms.
LOG 1641845088739 [L3]: No time to select next move using MCTS. Returning random move noop.
LOG 1641845088745 [L3]: Starting move selection for game step 13 with available time 0ms.
LOG 1641845088746 [L3]: No time to select next move using MCTS. Returning random move ( mark r4 c7 ).
LOG 1641845088755 [L3]: Starting move selection for game step 14 with available time 0ms.
LOG 1641845088756 [L3]: No time to select next move using MCTS. Returning random move noop.
LOG 1641845088766 [L3]: Starting move selection for game step 15 with available time 0ms.
LOG 1641845088766 [L3]: No time to select next move using MCTS. Returning random move ( mark r4 c5 ).
LOG 1641845088787 [L3]: Starting move selection for game step 16 with available time 0ms.
LOG 1641845088787 [L3]: No time to select next move using MCTS. Returning random move noop.
LOG 1641845088811 [L3]: Starting move selection for game step 17 with available time 0ms.
LOG 1641845088811 [L3]: No time to select next move using MCTS. Returning random move ( mark r5 c7 ).
LOG 1641845088847 [L3]: Starting move selection for game step 18 with available time 0ms.
LOG 1641845088847 [L3]: No time to select next move using MCTS. Returning random move noop.
LOG 1641845088853 [L3]: Starting move selection for game step 19 with available time 0ms.
LOG 1641845088853 [L3]: No time to select next move using MCTS. Returning random move noop.
LOG 1641845088885 [L3]: Starting move selection for game step 20 with available time 0ms.
LOG 1641845088885 [L3]: No time to select next move using MCTS. Returning random move ( mark r2 c3 ).
LOG 1641845088949 [L3]: Starting move selection for game step 21 with available time 0ms.
LOG 1641845088949 [L3]: No time to select next move using MCTS. Returning random move noop.
LOG 1641845088993 [L3]: Starting move selection for game step 22 with available time 0ms.
LOG 1641845088993 [L3]: No time to select next move using MCTS. Returning random move ( mark r2 c4 ).
LOG 1641845089095 [L3]: Starting move selection for game step 23 with available time 0ms.
LOG 1641845089095 [L3]: No time to select next move using MCTS. Returning random move noop.
LOG 1641845089107 [L3]: Starting move selection for game step 24 with available time 0ms.
LOG 1641845089107 [L3]: No time to select next move using MCTS. Returning random move noop.
LOG 1641845089120 [L3]: Starting move selection for game step 25 with available time 0ms.
LOG 1641845089120 [L3]: No time to select next move using MCTS. Returning random move noop.
LOG 1641845089180 [L3]: Starting move selection for game step 26 with available time 0ms.
LOG 1641845089180 [L3]: No time to select next move using MCTS. Returning random move noop.
LOG 1641845089262 [L3]: Starting move selection for game step 27 with available time 0ms.
LOG 1641845089262 [L3]: No time to select next move using MCTS. Returning random move ( mark r7 c2 ).
LOG 1641845089346 [L3]: Starting move selection for game step 28 with available time 0ms.
LOG 1641845089346 [L3]: No time to select next move using MCTS. Returning random move noop.
LOG 1641845089477 [L3]: Starting move selection for game step 29 with available time 0ms.
LOG 1641845089478 [L3]: No time to select next move using MCTS. Returning random move ( mark r2 c7 ).
LOG 1641845089672 [L3]: Starting move selection for game step 30 with available time 0ms.
LOG 1641845089672 [L3]: No time to select next move using MCTS. Returning random move noop.
LOG 1641845089863 [L3]: Starting move selection for game step 31 with available time 0ms.
LOG 1641845089863 [L3]: No time to select next move using MCTS. Returning random move ( mark r1 c2 ).
LOG 1641845090104 [L3]: Starting move selection for game step 32 with available time 0ms.
LOG 1641845090104 [L3]: No time to select next move using MCTS. Returning random move noop.
LOG 1641845092748 [L3]: Starting move selection for game step 33 with available time 0ms.
LOG 1641845092749 [L3]: No time to select next move using MCTS. Returning random move ( mark r2 c5 ).
