LOG 1641847736446 [L3]: Returning initial state machine.
LOG 1641847736446 [L3]: Returning PropNet state machine without cache.
LOG 1641847736447 [L3]: Starting metagame with available thinking time 4990ms.
LOG 1641847736454 [L3]: Starting search during metagame.
LOG 1641847741437 [L3]: Done searching during metagame.
LOG 1641847741440 [L3]: Starting move selection for game step 1 with available time 10000ms.
LOG 1641847741440 [L3]: Selecting move using MCTS.
LOG 1641847751457 [L3]: Starting move selection for game step 2 with available time 10000ms.
LOG 1641847751465 [L3]: Selecting move using MCTS.
LOG 1641847761461 [L3]: Starting move selection for game step 3 with available time 10000ms.
LOG 1641847761471 [L3]: Selecting move using MCTS.
LOG 1641847771470 [L3]: Starting move selection for game step 4 with available time 10000ms.
LOG 1641847771484 [L3]: Selecting move using MCTS.
LOG 1641847781477 [L3]: Starting move selection for game step 5 with available time 10000ms.
LOG 1641847781477 [L3]: Selecting move using MCTS.
LOG 1641847791476 [L3]: Starting move selection for game step 6 with available time 10000ms.
LOG 1641847791477 [L3]: Selecting move using MCTS.
LOG 1641847801479 [L3]: Starting move selection for game step 7 with available time 10000ms.
LOG 1641847801480 [L3]: Selecting move using MCTS.
LOG 1641847811483 [L3]: Starting move selection for game step 8 with available time 10000ms.
LOG 1641847811484 [L3]: Selecting move using MCTS.
