LOG 1641919401057 [L3]: Returning initial state machine.
LOG 1641919401058 [L3]: Returning PropNet state machine without cache.
LOG 1641919401058 [L3]: Starting metagame with available thinking time 4991ms.
LOG 1641919401060 [L3]: Starting search during metagame.
LOG 1641919406049 [L3]: Done searching during metagame.
LOG 1641919406053 [L3]: Starting move selection for game step 1 with available time 10000ms.
LOG 1641919406053 [L3]: Selecting move using MCTS.
LOG 1641919416053 [L3]: Returning MCTS move ( move 6 2 7 3 ).
LOG 1641919416059 [L3]: Starting move selection for game step 2 with available time 10000ms.
LOG 1641919416064 [L3]: Selecting move using MCTS.
LOG 1641919426059 [L3]: Returning MCTS move noop.
LOG 1641919426074 [L3]: Starting move selection for game step 3 with available time 10000ms.
LOG 1641919426089 [L3]: Selecting move using MCTS.
LOG 1641919436085 [L3]: Starting move selection for game step 4 with available time 10000ms.
LOG 1641919436102 [L3]: Selecting move using MCTS.
LOG 1641919446089 [L3]: Starting move selection for game step 5 with available time 10000ms.
LOG 1641919446099 [L3]: Selecting move using MCTS.
LOG 1641919456093 [L3]: Starting move selection for game step 6 with available time 10000ms.
LOG 1641919456095 [L3]: Selecting move using MCTS.
LOG 1641919466097 [L3]: Starting move selection for game step 7 with available time 10000ms.
LOG 1641919466098 [L3]: Selecting move using MCTS.
LOG 1641919476103 [L3]: Starting move selection for game step 8 with available time 10000ms.
LOG 1641919476103 [L3]: Selecting move using MCTS.
LOG 1641919486107 [L3]: Starting move selection for game step 9 with available time 10000ms.
LOG 1641919486107 [L3]: Selecting move using MCTS.
LOG 1641919496112 [L3]: Starting move selection for game step 10 with available time 10000ms.
LOG 1641919496112 [L3]: Selecting move using MCTS.
LOG 1641919506115 [L3]: Starting move selection for game step 11 with available time 10000ms.
LOG 1641919506116 [L3]: Selecting move using MCTS.
LOG 1641919516120 [L3]: Starting move selection for game step 12 with available time 10000ms.
LOG 1641919516120 [L3]: Selecting move using MCTS.
