LOG 1641832621707 [L3]: Started match logging at: Mon Jan 10 17:37:01 CET 2022
LOG 1641832621715 [L3]: Game rules: [( role white ), ( role red ), ( init ( cell 1 0 dirt ) ), ( init ( cell 2 0 dirt ) ), ( init ( cell 3 0 dirt ) ), ( init ( cell 4 0 dirt ) ), ( init ( cell 5 0 dirt ) ), ( init ( cell 6 0 dirt ) ), ( init ( cell 7 0 dirt ) ), ( init ( cell 1 1 b ) ), ( init ( cell 1 2 b ) ), ( init ( cell 1 3 b ) ), ( init ( cell 1 4 b ) ), ( init ( cell 1 5 b ) ), ( init ( cell 1 6 b ) ), ( init ( cell 2 1 b ) ), ( init ( cell 2 2 b ) ), ( init ( cell 2 3 b ) ), ( init ( cell 2 4 b ) ), ( init ( cell 2 5 b ) ), ( init ( cell 2 6 b ) ), ( init ( cell 3 1 b ) ), ( init ( cell 3 2 b ) ), ( init ( cell 3 3 b ) ), ( init ( cell 3 4 b ) ), ( init ( cell 3 5 b ) ), ( init ( cell 3 6 b ) ), ( init ( cell 4 1 b ) ), ( init ( cell 4 2 b ) ), ( init ( cell 4 3 b ) ), ( init ( cell 4 4 b ) ), ( init ( cell 4 5 b ) ), ( init ( cell 4 6 b ) ), ( init ( cell 5 1 b ) ), ( init ( cell 5 2 b ) ), ( init ( cell 5 3 b ) ), ( init ( cell 5 4 b ) ), ( init ( cell 5 5 b ) ), ( init ( cell 5 6 b ) ), ( init ( cell 6 1 b ) ), ( init ( cell 6 2 b ) ), ( init ( cell 6 3 b ) ), ( init ( cell 6 4 b ) ), ( init ( cell 6 5 b ) ), ( init ( cell 6 6 b ) ), ( init ( cell 7 1 b ) ), ( init ( cell 7 2 b ) ), ( init ( cell 7 3 b ) ), ( init ( cell 7 4 b ) ), ( init ( cell 7 5 b ) ), ( init ( cell 7 6 b ) ), ( init ( control white ) ), ( <= ( empty ?c ?h ) ( true ( cell ?c ?h b ) ) ), ( <= ( filled ?c ?h ) ( true ( cell ?c ?h dirt ) ) ), ( <= ( filled ?c ?h ) ( true ( cell ?c ?h w ) ) ), ( <= ( filled ?c ?h ) ( true ( cell ?c ?h r ) ) ), ( <= ( next ( cell ?c ?h2 w ) ) ( does white ( drop ?c ) ) ( true ( cell ?c ?h2 b ) ) ( filled ?c ?h1 ) ( succ ?h1 ?h2 ) ), ( <= ( next ( cell ?c ?h2 r ) ) ( does red ( drop ?c ) ) ( true ( cell ?c ?h2 b ) ) ( filled ?c ?h1 ) ( succ ?h1 ?h2 ) ), ( <= ( next ( cell ?x ?y ?z ) ) ( true ( cell ?x ?y ?z ) ) ( distinct ?z b ) ), ( <= ( next ( cell ?c2 ?y b ) ) ( does ?w ( drop ?c1 ) ) ( true ( cell ?c2 ?y b ) ) ( distinct ?c1 ?c2 ) ), ( <= ( next ( cell ?c ?y2 b ) ) ( true ( cell ?c ?y1 b ) ) ( distinct ?y1 6 ) ( succ ?y1 ?y2 ) ), ( <= ( next ( control white ) ) ( true ( control red ) ) ), ( <= ( next ( control red ) ) ( true ( control white ) ) ), ( <= ( row ?z ) ( true ( cell ?x1 ?y ?z ) ) ( distinct ?z b ) ( distinct ?z dirt ) ( succ ?x1 ?x2 ) ( true ( cell ?x2 ?y ?z ) ) ( succ ?x2 ?x3 ) ( true ( cell ?x3 ?y ?z ) ) ( succ ?x3 ?x4 ) ( true ( cell ?x4 ?y ?z ) ) ), ( <= ( column ?z ) ( true ( cell ?x ?y1 ?z ) ) ( distinct ?z b ) ( succ ?y1 ?y2 ) ( true ( cell ?x ?y2 ?z ) ) ( succ ?y2 ?y3 ) ( true ( cell ?x ?y3 ?z ) ) ( succ ?y3 ?y4 ) ( true ( cell ?x ?y4 ?z ) ) ), ( <= ( diag ?z ) ( true ( cell ?x1 ?y1 ?z ) ) ( distinct ?z b ) ( succ ?x1 ?x2 ) ( succ ?y1 ?y2 ) ( true ( cell ?x2 ?y2 ?z ) ) ( succ ?x2 ?x3 ) ( succ ?y2 ?y3 ) ( true ( cell ?x3 ?y3 ?z ) ) ( succ ?x3 ?x4 ) ( succ ?y3 ?y4 ) ( true ( cell ?x4 ?y4 ?z ) ) ), ( <= ( diag ?z ) ( true ( cell ?x1 ?y1 ?z ) ) ( distinct ?z b ) ( succ ?x1 ?x2 ) ( succ ?y2 ?y1 ) ( true ( cell ?x2 ?y2 ?z ) ) ( succ ?x2 ?x3 ) ( succ ?y3 ?y2 ) ( true ( cell ?x3 ?y3 ?z ) ) ( succ ?x3 ?x4 ) ( succ ?y4 ?y3 ) ( true ( cell ?x4 ?y4 ?z ) ) ), ( <= ( line ?x ) ( row ?x ) ), ( <= ( line ?x ) ( column ?x ) ), ( <= ( line ?x ) ( diag ?x ) ), ( <= open ( empty ?c ?h ) ), ( <= terminal ( line r ) ), ( <= terminal ( line w ) ), ( <= terminal ( not open ) ), ( <= ( legal ?w ( drop ?c ) ) ( true ( cell ?c ?y2 b ) ) ( filled ?c ?y1 ) ( succ ?y1 ?y2 ) ( true ( control ?w ) ) ), ( <= ( legal white noop ) ( true ( control red ) ) ), ( <= ( legal red noop ) ( true ( control white ) ) ), ( <= ( goal white 100 ) ( line w ) ), ( <= ( goal white 50 ) ( not ( line r ) ) ( not ( line w ) ) ( not open ) ), ( <= ( goal white 0 ) ( line r ) ), ( <= ( goal red 100 ) ( line r ) ), ( <= ( goal red 50 ) ( not ( line r ) ) ( not ( line w ) ) ( not open ) ), ( <= ( goal red 0 ) ( line w ) ), ( <= ( goal ?w 70 ) ( role ?w ) ( not ( line r ) ) ( not ( line w ) ) open ), ( <= ( lte 0 ?x ) ( number ?x ) ), ( <= ( lte ?x ?x ) ( number ?x ) ), ( <= ( lte ?x ?z ) ( succ ?y ?z ) ( lte ?x ?y ) ), ( <= ( lte ?x ?y ) ( succ ?x ?y ) ), ( number 0 ), ( number 1 ), ( number 2 ), ( number 3 ), ( number 4 ), ( number 5 ), ( number 6 ), ( number 7 ), ( number 8 ), ( succ 0 1 ), ( succ 1 2 ), ( succ 2 3 ), ( succ 3 4 ), ( succ 4 5 ), ( succ 5 6 ), ( succ 6 7 ), ( succ 7 8 )]
LOG 1641832621716 [L3]: Start clock: 15
LOG 1641832621717 [L3]: Play clock: 10
LOG 1641832626707 [L0]: [Sent at 1641832626707] ready
LOG 1641832626709 [L0]: [Received at 1641832626709] ( PLAY 6.connect4.1641832621604 NIL )
LOG 1641832626710 [L0]: [Sent at 1641832626710] noop
LOG 1641832626713 [L0]: [Received at 1641832626713] ( PLAY 6.connect4.1641832621604 (( drop 4 ) noop ) )
LOG 1641832626717 [L0]: [Sent at 1641832626717] ( drop 6 )
LOG 1641832626719 [L0]: [Received at 1641832626719] ( PLAY 6.connect4.1641832621604 (noop ( drop 6 ) ) )
LOG 1641832626729 [L0]: [Sent at 1641832626729] noop
LOG 1641832626732 [L0]: [Received at 1641832626732] ( PLAY 6.connect4.1641832621604 (( drop 4 ) noop ) )
LOG 1641832626736 [L0]: [Sent at 1641832626736] ( drop 3 )
LOG 1641832626740 [L0]: [Received at 1641832626740] ( PLAY 6.connect4.1641832621604 (noop ( drop 3 ) ) )
LOG 1641832626741 [L0]: [Sent at 1641832626741] noop
LOG 1641832626744 [L0]: [Received at 1641832626744] ( PLAY 6.connect4.1641832621604 (( drop 2 ) noop ) )
LOG 1641832626745 [L0]: [Sent at 1641832626745] ( drop 4 )
LOG 1641832626748 [L0]: [Received at 1641832626748] ( PLAY 6.connect4.1641832621604 (noop ( drop 4 ) ) )
LOG 1641832626750 [L0]: [Sent at 1641832626750] noop
LOG 1641832626752 [L0]: [Received at 1641832626752] ( PLAY 6.connect4.1641832621604 (( drop 7 ) noop ) )
LOG 1641832626754 [L0]: [Sent at 1641832626754] ( drop 3 )
LOG 1641832626756 [L0]: [Received at 1641832626756] ( PLAY 6.connect4.1641832621604 (noop ( drop 3 ) ) )
LOG 1641832626758 [L0]: [Sent at 1641832626758] noop
LOG 1641832626760 [L0]: [Received at 1641832626760] ( PLAY 6.connect4.1641832621604 (( drop 6 ) noop ) )
LOG 1641832626762 [L0]: [Sent at 1641832626762] ( drop 7 )
LOG 1641832626765 [L0]: [Received at 1641832626765] ( PLAY 6.connect4.1641832621604 (noop ( drop 7 ) ) )
LOG 1641832626767 [L0]: [Sent at 1641832626767] noop
LOG 1641832626769 [L0]: [Received at 1641832626769] ( PLAY 6.connect4.1641832621604 (( drop 3 ) noop ) )
LOG 1641832626771 [L0]: [Sent at 1641832626771] ( drop 1 )
LOG 1641832626774 [L0]: [Received at 1641832626774] ( PLAY 6.connect4.1641832621604 (noop ( drop 1 ) ) )
LOG 1641832626775 [L0]: [Sent at 1641832626775] noop
LOG 1641832626778 [L0]: [Received at 1641832626778] ( PLAY 6.connect4.1641832621604 (( drop 4 ) noop ) )
LOG 1641832626780 [L0]: [Sent at 1641832626780] ( drop 3 )
LOG 1641832626783 [L0]: [Received at 1641832626783] ( PLAY 6.connect4.1641832621604 (noop ( drop 3 ) ) )
LOG 1641832626785 [L0]: [Sent at 1641832626785] noop
LOG 1641832626787 [L0]: [Received at 1641832626787] ( PLAY 6.connect4.1641832621604 (( drop 5 ) noop ) )
LOG 1641832626789 [L0]: [Sent at 1641832626789] ( drop 2 )
LOG 1641832626793 [L0]: [Received at 1641832626793] ( PLAY 6.connect4.1641832621604 (noop ( drop 2 ) ) )
LOG 1641832626794 [L0]: [Sent at 1641832626794] noop
LOG 1641832626797 [L0]: [Received at 1641832626797] ( PLAY 6.connect4.1641832621604 (( drop 5 ) noop ) )
LOG 1641832626798 [L0]: [Sent at 1641832626798] ( drop 6 )
LOG 1641832626801 [L0]: [Received at 1641832626801] ( PLAY 6.connect4.1641832621604 (noop ( drop 6 ) ) )
LOG 1641832626803 [L0]: [Sent at 1641832626803] noop
LOG 1641832626806 [L0]: [Received at 1641832626806] ( PLAY 6.connect4.1641832621604 (( drop 7 ) noop ) )
LOG 1641832626808 [L0]: [Sent at 1641832626808] ( drop 6 )
LOG 1641832626810 [L0]: [Received at 1641832626810] ( PLAY 6.connect4.1641832621604 (noop ( drop 6 ) ) )
LOG 1641832626812 [L0]: [Sent at 1641832626812] noop
LOG 1641832626815 [L0]: [Received at 1641832626815] ( PLAY 6.connect4.1641832621604 (( drop 6 ) noop ) )
LOG 1641832626817 [L0]: [Sent at 1641832626817] ( drop 1 )
LOG 1641832626821 [L0]: [Received at 1641832626821] ( PLAY 6.connect4.1641832621604 (noop ( drop 1 ) ) )
LOG 1641832626822 [L0]: [Sent at 1641832626822] noop
LOG 1641832626825 [L0]: [Received at 1641832626825] ( PLAY 6.connect4.1641832621604 (( drop 4 ) noop ) )
LOG 1641832626827 [L0]: [Sent at 1641832626827] ( drop 2 )
LOG 1641832626829 [L0]: [Received at 1641832626829] ( PLAY 6.connect4.1641832621604 (noop ( drop 2 ) ) )
LOG 1641832626831 [L0]: [Sent at 1641832626831] noop
LOG 1641832626835 [L0]: [Received at 1641832626835] ( PLAY 6.connect4.1641832621604 (( drop 4 ) noop ) )
LOG 1641832626836 [L0]: [Sent at 1641832626836] ( drop 3 )
LOG 1641832626843 [L0]: [Received at 1641832626843] ( PLAY 6.connect4.1641832621604 (noop ( drop 3 ) ) )
LOG 1641832626844 [L0]: [Sent at 1641832626844] noop
LOG 1641832626850 [L0]: [Received at 1641832626850] ( STOP 6.connect4.1641832621604 (( drop 5 ) noop ) )
LOG 1641832626851 [L3]: Stopped logging to files at: Mon Jan 10 17:37:06 CET 2022
LOG 1641832626851 [L3]: LOG SEALED
