LOG 1641836173209 [L3]: Returning initial state machine.
LOG 1641836173209 [L3]: Returning PropNet state machine without cache.
LOG 1641836173210 [L3]: Starting metagame with available thinking time 4990ms.
LOG 1641836173211 [L3]: Starting search during metagame.
LOG 1641836178200 [L3]: Done searching during metagame.
LOG 1641836178203 [L3]: Starting move selection for game step 1 with available time 0ms.
LOG 1641836178203 [L3]: No time to select next move using MCTS. Returning random move noop.
LOG 1641836178207 [L3]: Starting move selection for game step 2 with available time 0ms.
LOG 1641836178212 [L3]: No time to select next move using MCTS. Returning random move ( move 5 7 7 6 ).
LOG 1641836178215 [L3]: Starting move selection for game step 3 with available time 0ms.
LOG 1641836178227 [L3]: No time to select next move using MCTS. Returning random move noop.
LOG 1641836178231 [L3]: Starting move selection for game step 4 with available time 0ms.
LOG 1641836178241 [L3]: No time to select next move using MCTS. Returning random move ( move 7 8 8 6 ).
LOG 1641836178244 [L3]: Starting move selection for game step 5 with available time 0ms.
LOG 1641836178244 [L3]: No time to select next move using MCTS. Returning random move noop.
LOG 1641836178248 [L3]: Starting move selection for game step 6 with available time 0ms.
LOG 1641836178248 [L3]: No time to select next move using MCTS. Returning random move ( move 2 7 3 5 ).
LOG 1641836178252 [L3]: Starting move selection for game step 7 with available time 0ms.
LOG 1641836178252 [L3]: No time to select next move using MCTS. Returning random move noop.
LOG 1641836178256 [L3]: Starting move selection for game step 8 with available time 0ms.
LOG 1641836178257 [L3]: No time to select next move using MCTS. Returning random move ( move 3 7 1 6 ).
LOG 1641836178260 [L3]: Starting move selection for game step 9 with available time 0ms.
LOG 1641836178260 [L3]: No time to select next move using MCTS. Returning random move noop.
LOG 1641836178263 [L3]: Starting move selection for game step 10 with available time 0ms.
LOG 1641836178263 [L3]: No time to select next move using MCTS. Returning random move ( move 8 6 6 5 ).
LOG 1641836178266 [L3]: Starting move selection for game step 11 with available time 0ms.
LOG 1641836178267 [L3]: No time to select next move using MCTS. Returning random move noop.
LOG 1641836178270 [L3]: Starting move selection for game step 12 with available time 0ms.
LOG 1641836178270 [L3]: No time to select next move using MCTS. Returning random move ( move 4 7 2 6 ).
LOG 1641836178273 [L3]: Starting move selection for game step 13 with available time 0ms.
LOG 1641836178274 [L3]: No time to select next move using MCTS. Returning random move noop.
LOG 1641836178277 [L3]: Starting move selection for game step 14 with available time 0ms.
LOG 1641836178277 [L3]: No time to select next move using MCTS. Returning random move ( move 4 8 3 6 ).
LOG 1641836178280 [L3]: Starting move selection for game step 15 with available time 0ms.
LOG 1641836178280 [L3]: No time to select next move using MCTS. Returning random move noop.
LOG 1641836178283 [L3]: Starting move selection for game step 16 with available time 0ms.
LOG 1641836178284 [L3]: No time to select next move using MCTS. Returning random move ( move 6 5 8 4 ).
LOG 1641836178287 [L3]: Starting move selection for game step 17 with available time 0ms.
LOG 1641836178287 [L3]: No time to select next move using MCTS. Returning random move noop.
LOG 1641836178290 [L3]: Starting move selection for game step 18 with available time 0ms.
LOG 1641836178290 [L3]: No time to select next move using MCTS. Returning random move ( move 3 5 1 4 ).
LOG 1641836178314 [L3]: Starting move selection for game step 19 with available time 0ms.
LOG 1641836178314 [L3]: No time to select next move using MCTS. Returning random move noop.
LOG 1641836178317 [L3]: Starting move selection for game step 20 with available time 0ms.
LOG 1641836178318 [L3]: No time to select next move using MCTS. Returning random move ( move 1 4 2 2 ).
LOG 1641836178321 [L3]: Starting move selection for game step 21 with available time 0ms.
LOG 1641836178321 [L3]: No time to select next move using MCTS. Returning random move noop.
LOG 1641836178324 [L3]: Starting move selection for game step 22 with available time 0ms.
LOG 1641836178324 [L3]: No time to select next move using MCTS. Returning random move ( move 8 4 7 2 ).
LOG 1641836178327 [L3]: Starting move selection for game step 23 with available time 0ms.
LOG 1641836178327 [L3]: No time to select next move using MCTS. Returning random move noop.
LOG 1641836178330 [L3]: Starting move selection for game step 24 with available time 0ms.
LOG 1641836178330 [L3]: No time to select next move using MCTS. Returning random move ( move 6 8 5 6 ).
LOG 1641836178333 [L3]: Starting move selection for game step 25 with available time 0ms.
LOG 1641836178334 [L3]: No time to select next move using MCTS. Returning random move noop.
LOG 1641836178337 [L3]: Starting move selection for game step 26 with available time 0ms.
LOG 1641836178337 [L3]: No time to select next move using MCTS. Returning random move ( move 3 6 4 4 ).
LOG 1641836178340 [L3]: Starting move selection for game step 27 with available time 0ms.
LOG 1641836178341 [L3]: No time to select next move using MCTS. Returning random move noop.
LOG 1641836178344 [L3]: Starting move selection for game step 28 with available time 0ms.
LOG 1641836178344 [L3]: No time to select next move using MCTS. Returning random move ( move 3 8 5 7 ).
LOG 1641836178347 [L3]: Starting move selection for game step 29 with available time 0ms.
LOG 1641836178347 [L3]: No time to select next move using MCTS. Returning random move noop.
LOG 1641836178350 [L3]: Starting move selection for game step 30 with available time 0ms.
LOG 1641836178350 [L3]: No time to select next move using MCTS. Returning random move ( move 5 8 6 6 ).
LOG 1641836178354 [L3]: Starting move selection for game step 31 with available time 0ms.
LOG 1641836178355 [L3]: No time to select next move using MCTS. Returning random move noop.
LOG 1641836178357 [L3]: Starting move selection for game step 32 with available time 0ms.
LOG 1641836178358 [L3]: No time to select next move using MCTS. Returning random move ( move 7 6 6 4 ).
LOG 1641836178361 [L3]: Starting move selection for game step 33 with available time 0ms.
LOG 1641836178361 [L3]: No time to select next move using MCTS. Returning random move noop.
LOG 1641836178364 [L3]: Starting move selection for game step 34 with available time 0ms.
LOG 1641836178365 [L3]: No time to select next move using MCTS. Returning random move ( move 7 2 5 1 ).
