LOG 1641836622198 [L3]: Started match logging at: Mon Jan 10 18:43:42 CET 2022
LOG 1641836622206 [L3]: Game rules: [( role white ), ( role black ), ( <= ( base ( cell ?x ?y ?p ) ) ( index ?x ) ( index ?y ) ( role ?p ) ), ( <= ( base ( control ?p ) ) ( role ?p ) ), ( <= ( input ?p noop ) ( role ?p ) ), ( <= ( input ?p ( move ?x1 ?y1 ?x2 ?y2 ) ) ( role ?p ) ( index ?x1 ) ( index ?x2 ) ( index ?y1 ) ( index ?y2 ) ), ( init ( cell 1 1 white ) ), ( init ( cell 2 1 white ) ), ( init ( cell 3 1 white ) ), ( init ( cell 4 1 white ) ), ( init ( cell 5 1 white ) ), ( init ( cell 6 1 white ) ), ( init ( cell 7 1 white ) ), ( init ( cell 8 1 white ) ), ( init ( cell 1 2 white ) ), ( init ( cell 2 2 white ) ), ( init ( cell 3 2 white ) ), ( init ( cell 4 2 white ) ), ( init ( cell 5 2 white ) ), ( init ( cell 6 2 white ) ), ( init ( cell 7 2 white ) ), ( init ( cell 8 2 white ) ), ( init ( cell 1 7 black ) ), ( init ( cell 2 7 black ) ), ( init ( cell 3 7 black ) ), ( init ( cell 4 7 black ) ), ( init ( cell 5 7 black ) ), ( init ( cell 6 7 black ) ), ( init ( cell 7 7 black ) ), ( init ( cell 8 7 black ) ), ( init ( cell 1 8 black ) ), ( init ( cell 2 8 black ) ), ( init ( cell 3 8 black ) ), ( init ( cell 4 8 black ) ), ( init ( cell 5 8 black ) ), ( init ( cell 6 8 black ) ), ( init ( cell 7 8 black ) ), ( init ( cell 8 8 black ) ), ( init ( control white ) ), ( <= ( legal white noop ) ( true ( control black ) ) ), ( <= ( legal black noop ) ( true ( control white ) ) ), ( <= ( legal white ( move ?x1 ?y1 ?x2 ?y2 ) ) ( true ( control white ) ) ( true ( cell ?x1 ?y1 white ) ) ( whiteknightmove ?x1 ?y1 ?x2 ?y2 ) ( not ( true ( cell ?x2 ?y2 white ) ) ) ), ( <= ( legal black ( move ?x1 ?y1 ?x2 ?y2 ) ) ( true ( control black ) ) ( true ( cell ?x1 ?y1 black ) ) ( blackknightmove ?x1 ?y1 ?x2 ?y2 ) ( not ( true ( cell ?x2 ?y2 black ) ) ) ), ( <= ( next ( cell ?x ?y ?state ) ) ( true ( cell ?x ?y ?state ) ) ( does ?player ( move ?x1 ?y1 ?x2 ?y2 ) ) ( distinctcell ?x ?y ?x1 ?y1 ) ( distinctcell ?x ?y ?x2 ?y2 ) ), ( <= ( next ( cell ?x2 ?y2 ?player ) ) ( does ?player ( move ?x1 ?y1 ?x2 ?y2 ) ) ), ( <= ( next ( control black ) ) ( true ( control white ) ) ), ( <= ( next ( control white ) ) ( true ( control black ) ) ), ( <= terminal whitewin ), ( <= terminal blackwin ), ( <= ( goal white 100 ) whitewin ), ( <= ( goal white 0 ) blackwin ), ( <= ( goal black 100 ) blackwin ), ( <= ( goal black 0 ) whitewin ), ( <= whitewin ( index ?x ) ( true ( cell ?x 8 white ) ) ), ( <= blackwin ( index ?x ) ( true ( cell ?x 1 black ) ) ), ( <= whitewin ( not ( hasAnyPiece black ) ) ), ( <= blackwin ( not ( hasAnyPiece white ) ) ), ( <= ( hasAnyPiece ?player ) ( true ( cell ?x ?y ?player ) ) ), ( <= ( whiteknightmove ?x1 ?y1 ?x2 ?y2 ) ( plus 1 ?x1 ?x2 ) ( plus 2 ?y1 ?y2 ) ), ( <= ( whiteknightmove ?x1 ?y1 ?x2 ?y2 ) ( plus 1 ?x2 ?x1 ) ( plus 2 ?y1 ?y2 ) ), ( <= ( whiteknightmove ?x1 ?y1 ?x2 ?y2 ) ( plus 2 ?x1 ?x2 ) ( plus 1 ?y1 ?y2 ) ), ( <= ( whiteknightmove ?x1 ?y1 ?x2 ?y2 ) ( plus 2 ?x2 ?x1 ) ( plus 1 ?y1 ?y2 ) ), ( <= ( blackknightmove ?x1 ?y1 ?x2 ?y2 ) ( plus 1 ?x1 ?x2 ) ( plus 2 ?y2 ?y1 ) ), ( <= ( blackknightmove ?x1 ?y1 ?x2 ?y2 ) ( plus 1 ?x2 ?x1 ) ( plus 2 ?y2 ?y1 ) ), ( <= ( blackknightmove ?x1 ?y1 ?x2 ?y2 ) ( plus 2 ?x1 ?x2 ) ( plus 1 ?y2 ?y1 ) ), ( <= ( blackknightmove ?x1 ?y1 ?x2 ?y2 ) ( plus 2 ?x2 ?x1 ) ( plus 1 ?y2 ?y1 ) ), ( <= ( cell ?x ?y ) ( index ?x ) ( index ?y ) ), ( <= ( distinctcell ?x1 ?y1 ?x2 ?y2 ) ( cell ?x1 ?y1 ) ( cell ?x2 ?y2 ) ( distinct ?x1 ?x2 ) ), ( <= ( distinctcell ?x1 ?y1 ?x2 ?y2 ) ( cell ?x1 ?y1 ) ( cell ?x2 ?y2 ) ( distinct ?y1 ?y2 ) ), ( index 1 ), ( index 2 ), ( index 3 ), ( index 4 ), ( index 5 ), ( index 6 ), ( index 7 ), ( index 8 ), ( plus 1 1 2 ), ( plus 1 2 3 ), ( plus 1 3 4 ), ( plus 1 4 5 ), ( plus 1 5 6 ), ( plus 1 6 7 ), ( plus 1 7 8 ), ( plus 2 1 3 ), ( plus 2 2 4 ), ( plus 2 3 5 ), ( plus 2 4 6 ), ( plus 2 5 7 ), ( plus 2 6 8 )]
LOG 1641836622207 [L3]: Start clock: 15
LOG 1641836622208 [L3]: Play clock: 10
LOG 1641836627195 [L0]: [Sent at 1641836627195] ready
LOG 1641836627204 [L0]: [Received at 1641836627204] ( PLAY 0.knightThrough.1641836619561 NIL )
LOG 1641836627206 [L0]: [Sent at 1641836627206] ( move 5 2 3 3 )
LOG 1641836627217 [L0]: [Received at 1641836627217] ( PLAY 0.knightThrough.1641836619561 (( move 5 2 3 3 ) noop ) )
LOG 1641836627229 [L0]: [Sent at 1641836627229] noop
LOG 1641836627236 [L0]: [Received at 1641836627236] ( PLAY 0.knightThrough.1641836619561 (noop ( move 5 7 7 6 ) ) )
LOG 1641836627251 [L0]: [Sent at 1641836627251] ( move 5 1 4 3 )
LOG 1641836627258 [L0]: [Received at 1641836627258] ( PLAY 0.knightThrough.1641836619561 (( move 5 1 4 3 ) noop ) )
LOG 1641836627276 [L0]: [Sent at 1641836627276] noop
LOG 1641836627288 [L0]: [Received at 1641836627288] ( PLAY 0.knightThrough.1641836619561 (noop ( move 3 7 4 5 ) ) )
LOG 1641836627291 [L0]: [Sent at 1641836627291] ( move 2 2 3 4 )
LOG 1641836627299 [L0]: [Received at 1641836627299] ( PLAY 0.knightThrough.1641836619561 (( move 2 2 3 4 ) noop ) )
LOG 1641836627301 [L0]: [Sent at 1641836627301] noop
LOG 1641836627308 [L0]: [Received at 1641836627308] ( PLAY 0.knightThrough.1641836619561 (noop ( move 4 7 6 6 ) ) )
LOG 1641836627317 [L0]: [Sent at 1641836627317] ( move 7 2 6 4 )
LOG 1641836627323 [L0]: [Received at 1641836627323] ( PLAY 0.knightThrough.1641836619561 (( move 7 2 6 4 ) noop ) )
LOG 1641836627325 [L0]: [Sent at 1641836627325] noop
LOG 1641836627330 [L0]: [Received at 1641836627330] ( PLAY 0.knightThrough.1641836619561 (noop ( move 6 6 7 4 ) ) )
LOG 1641836627332 [L0]: [Sent at 1641836627332] ( move 6 4 8 5 )
LOG 1641836627339 [L0]: [Received at 1641836627339] ( PLAY 0.knightThrough.1641836619561 (( move 6 4 8 5 ) noop ) )
LOG 1641836627341 [L0]: [Sent at 1641836627341] noop
LOG 1641836627345 [L0]: [Received at 1641836627345] ( PLAY 0.knightThrough.1641836619561 (noop ( move 1 8 2 6 ) ) )
LOG 1641836627347 [L0]: [Sent at 1641836627347] ( move 7 1 6 3 )
LOG 1641836627352 [L0]: [Received at 1641836627352] ( PLAY 0.knightThrough.1641836619561 (( move 7 1 6 3 ) noop ) )
LOG 1641836627354 [L0]: [Sent at 1641836627354] noop
LOG 1641836627360 [L0]: [Received at 1641836627360] ( PLAY 0.knightThrough.1641836619561 (noop ( move 7 4 6 2 ) ) )
LOG 1641836627362 [L0]: [Sent at 1641836627362] ( move 3 1 5 2 )
LOG 1641836627367 [L0]: [Received at 1641836627366] ( PLAY 0.knightThrough.1641836619561 (( move 3 1 5 2 ) noop ) )
LOG 1641836627369 [L0]: [Sent at 1641836627369] noop
LOG 1641836627372 [L0]: [Received at 1641836627372] ( PLAY 0.knightThrough.1641836619561 (noop ( move 7 7 8 5 ) ) )
LOG 1641836627373 [L0]: [Sent at 1641836627373] ( move 3 2 2 4 )
LOG 1641836627378 [L0]: [Received at 1641836627378] ( PLAY 0.knightThrough.1641836619561 (( move 3 2 2 4 ) noop ) )
LOG 1641836627380 [L0]: [Sent at 1641836627380] noop
LOG 1641836627385 [L0]: [Received at 1641836627385] ( PLAY 0.knightThrough.1641836619561 (noop ( move 7 8 8 6 ) ) )
LOG 1641836627387 [L0]: [Sent at 1641836627387] ( move 4 1 2 2 )
LOG 1641836627392 [L0]: [Received at 1641836627392] ( PLAY 0.knightThrough.1641836619561 (( move 4 1 2 2 ) noop ) )
LOG 1641836627394 [L0]: [Sent at 1641836627394] noop
LOG 1641836627398 [L0]: [Received at 1641836627398] ( PLAY 0.knightThrough.1641836619561 (noop ( move 5 8 3 7 ) ) )
LOG 1641836627400 [L0]: [Sent at 1641836627399] ( move 8 1 7 3 )
LOG 1641836627403 [L0]: [Received at 1641836627403] ( PLAY 0.knightThrough.1641836619561 (( move 8 1 7 3 ) noop ) )
LOG 1641836627405 [L0]: [Sent at 1641836627405] noop
LOG 1641836627409 [L0]: [Received at 1641836627409] ( PLAY 0.knightThrough.1641836619561 (noop ( move 4 8 3 6 ) ) )
LOG 1641836627411 [L0]: [Sent at 1641836627411] ( move 6 3 5 5 )
LOG 1641836627415 [L0]: [Received at 1641836627415] ( PLAY 0.knightThrough.1641836619561 (( move 6 3 5 5 ) noop ) )
LOG 1641836627417 [L0]: [Sent at 1641836627417] noop
LOG 1641836627420 [L0]: [Received at 1641836627420] ( PLAY 0.knightThrough.1641836619561 (noop ( move 6 8 5 6 ) ) )
LOG 1641836627422 [L0]: [Sent at 1641836627422] ( move 5 5 6 7 )
LOG 1641836627426 [L0]: [Received at 1641836627426] ( PLAY 0.knightThrough.1641836619561 (( move 5 5 6 7 ) noop ) )
LOG 1641836627428 [L0]: [Sent at 1641836627428] noop
LOG 1641836627431 [L0]: [Received at 1641836627431] ( PLAY 0.knightThrough.1641836619561 (noop ( move 5 6 6 4 ) ) )
LOG 1641836627433 [L0]: [Sent at 1641836627433] ( move 5 2 6 4 )
LOG 1641836627436 [L0]: [Received at 1641836627436] ( PLAY 0.knightThrough.1641836619561 (( move 5 2 6 4 ) noop ) )
LOG 1641836627438 [L0]: [Sent at 1641836627438] noop
LOG 1641836627441 [L0]: [Received at 1641836627441] ( PLAY 0.knightThrough.1641836619561 (noop ( move 2 7 4 6 ) ) )
LOG 1641836627443 [L0]: [Sent at 1641836627443] ( move 4 2 5 4 )
LOG 1641836627448 [L0]: [Received at 1641836627448] ( PLAY 0.knightThrough.1641836619561 (( move 4 2 5 4 ) noop ) )
LOG 1641836627450 [L0]: [Sent at 1641836627450] noop
LOG 1641836627454 [L0]: [Received at 1641836627454] ( PLAY 0.knightThrough.1641836619561 (noop ( move 8 5 6 4 ) ) )
LOG 1641836627456 [L0]: [Sent at 1641836627456] ( move 4 3 3 5 )
LOG 1641836627460 [L0]: [Received at 1641836627460] ( PLAY 0.knightThrough.1641836619561 (( move 4 3 3 5 ) noop ) )
LOG 1641836627463 [L0]: [Sent at 1641836627463] noop
LOG 1641836627467 [L0]: [Received at 1641836627467] ( PLAY 0.knightThrough.1641836619561 (noop ( move 3 8 5 7 ) ) )
LOG 1641836627469 [L0]: [Sent at 1641836627469] ( move 3 3 1 4 )
LOG 1641836627472 [L0]: [Received at 1641836627472] ( PLAY 0.knightThrough.1641836619561 (( move 3 3 1 4 ) noop ) )
LOG 1641836627474 [L0]: [Sent at 1641836627474] noop
LOG 1641836627476 [L0]: [Received at 1641836627476] ( PLAY 0.knightThrough.1641836619561 (noop ( move 4 5 3 3 ) ) )
LOG 1641836627479 [L0]: [Sent at 1641836627479] ( move 1 2 3 3 )
LOG 1641836627481 [L0]: [Received at 1641836627481] ( PLAY 0.knightThrough.1641836619561 (( move 1 2 3 3 ) noop ) )
LOG 1641836627483 [L0]: [Sent at 1641836627483] noop
LOG 1641836627486 [L0]: [Received at 1641836627486] ( PLAY 0.knightThrough.1641836619561 (noop ( move 5 7 6 5 ) ) )
LOG 1641836627488 [L0]: [Sent at 1641836627488] ( move 7 3 6 5 )
LOG 1641836627490 [L0]: [Received at 1641836627490] ( PLAY 0.knightThrough.1641836619561 (( move 7 3 6 5 ) noop ) )
LOG 1641836627492 [L0]: [Sent at 1641836627492] noop
LOG 1641836627495 [L0]: [Received at 1641836627495] ( PLAY 0.knightThrough.1641836619561 (noop ( move 3 6 1 5 ) ) )
LOG 1641836627497 [L0]: [Sent at 1641836627497] ( move 6 7 8 8 )
LOG 1641836627502 [L0]: [Received at 1641836627502] ( STOP 0.knightThrough.1641836619561 (( move 6 7 8 8 ) noop ) )
LOG 1641836627503 [L3]: Stopped logging to files at: Mon Jan 10 18:43:47 CET 2022
LOG 1641836627504 [L3]: LOG SEALED
