LOG 1641834537425 [L3]: Started match logging at: Mon Jan 10 18:08:57 CET 2022
LOG 1641834537426 [L3]: Game rules: [( role white ), ( role black ), ( <= ( base ( cellHolds ?x ?y ?p ) ) ( index ?x ) ( index ?y ) ( role ?p ) ), ( <= ( base ( control ?p ) ) ( role ?p ) ), ( <= ( input ?p noop ) ( role ?p ) ), ( <= ( input white ( move ?x ?y1 ?x ?y2 ) ) ( index ?x ) ( succ ?y1 ?y2 ) ), ( <= ( input white ( move ?x1 ?y1 ?x2 ?y2 ) ) ( succ ?y1 ?y2 ) ( succ ?x1 ?x2 ) ), ( <= ( input white ( move ?x1 ?y1 ?x2 ?y2 ) ) ( succ ?y1 ?y2 ) ( succ ?x2 ?x1 ) ), ( <= ( input black ( move ?x ?y1 ?x ?y2 ) ) ( index ?x ) ( succ ?y2 ?y1 ) ), ( <= ( input black ( move ?x1 ?y1 ?x2 ?y2 ) ) ( succ ?y2 ?y1 ) ( succ ?x1 ?x2 ) ), ( <= ( input black ( move ?x1 ?y1 ?x2 ?y2 ) ) ( succ ?y2 ?y1 ) ( succ ?x2 ?x1 ) ), ( init ( cellHolds 1 1 white ) ), ( init ( cellHolds 2 1 white ) ), ( init ( cellHolds 3 1 white ) ), ( init ( cellHolds 4 1 white ) ), ( init ( cellHolds 5 1 white ) ), ( init ( cellHolds 6 1 white ) ), ( init ( cellHolds 7 1 white ) ), ( init ( cellHolds 8 1 white ) ), ( init ( cellHolds 1 2 white ) ), ( init ( cellHolds 2 2 white ) ), ( init ( cellHolds 3 2 white ) ), ( init ( cellHolds 4 2 white ) ), ( init ( cellHolds 5 2 white ) ), ( init ( cellHolds 6 2 white ) ), ( init ( cellHolds 7 2 white ) ), ( init ( cellHolds 8 2 white ) ), ( init ( cellHolds 1 7 black ) ), ( init ( cellHolds 2 7 black ) ), ( init ( cellHolds 3 7 black ) ), ( init ( cellHolds 4 7 black ) ), ( init ( cellHolds 5 7 black ) ), ( init ( cellHolds 6 7 black ) ), ( init ( cellHolds 7 7 black ) ), ( init ( cellHolds 8 7 black ) ), ( init ( cellHolds 1 8 black ) ), ( init ( cellHolds 2 8 black ) ), ( init ( cellHolds 3 8 black ) ), ( init ( cellHolds 4 8 black ) ), ( init ( cellHolds 5 8 black ) ), ( init ( cellHolds 6 8 black ) ), ( init ( cellHolds 7 8 black ) ), ( init ( cellHolds 8 8 black ) ), ( init ( control white ) ), ( <= ( legal white ( move ?x ?y1 ?x ?y2 ) ) ( true ( control white ) ) ( true ( cellHolds ?x ?y1 white ) ) ( succ ?y1 ?y2 ) ( cellEmpty ?x ?y2 ) ), ( <= ( legal white ( move ?x1 ?y1 ?x2 ?y2 ) ) ( true ( control white ) ) ( true ( cellHolds ?x1 ?y1 white ) ) ( succ ?y1 ?y2 ) ( succ ?x1 ?x2 ) ( not ( true ( cellHolds ?x2 ?y2 white ) ) ) ), ( <= ( legal white ( move ?x1 ?y1 ?x2 ?y2 ) ) ( true ( control white ) ) ( true ( cellHolds ?x1 ?y1 white ) ) ( succ ?y1 ?y2 ) ( succ ?x2 ?x1 ) ( not ( true ( cellHolds ?x2 ?y2 white ) ) ) ), ( <= ( legal black ( move ?x ?y1 ?x ?y2 ) ) ( true ( control black ) ) ( true ( cellHolds ?x ?y1 black ) ) ( succ ?y2 ?y1 ) ( cellEmpty ?x ?y2 ) ), ( <= ( legal black ( move ?x1 ?y1 ?x2 ?y2 ) ) ( true ( control black ) ) ( true ( cellHolds ?x1 ?y1 black ) ) ( succ ?y2 ?y1 ) ( succ ?x1 ?x2 ) ( not ( true ( cellHolds ?x2 ?y2 black ) ) ) ), ( <= ( legal black ( move ?x1 ?y1 ?x2 ?y2 ) ) ( true ( control black ) ) ( true ( cellHolds ?x1 ?y1 black ) ) ( succ ?y2 ?y1 ) ( succ ?x2 ?x1 ) ( not ( true ( cellHolds ?x2 ?y2 black ) ) ) ), ( <= ( legal white noop ) ( true ( control black ) ) ), ( <= ( legal black noop ) ( true ( control white ) ) ), ( <= ( next ( cellHolds ?x2 ?y2 ?player ) ) ( role ?player ) ( does ?player ( move ?x1 ?y1 ?x2 ?y2 ) ) ), ( <= ( next ( cellHolds ?x3 ?y3 ?state ) ) ( true ( cellHolds ?x3 ?y3 ?state ) ) ( role ?player ) ( does ?player ( move ?x1 ?y1 ?x2 ?y2 ) ) ( distinctCell ?x1 ?y1 ?x3 ?y3 ) ( distinctCell ?x2 ?y2 ?x3 ?y3 ) ), ( <= ( next ( control white ) ) ( true ( control black ) ) ), ( <= ( next ( control black ) ) ( true ( control white ) ) ), ( <= terminal whiteWin ), ( <= terminal blackWin ), ( <= ( goal white 100 ) whiteWin ), ( <= ( goal white 0 ) ( not whiteWin ) ), ( <= ( goal black 100 ) blackWin ), ( <= ( goal black 0 ) ( not blackWin ) ), ( <= ( cell ?x ?y ) ( index ?x ) ( index ?y ) ), ( <= ( cellEmpty ?x ?y ) ( cell ?x ?y ) ( not ( true ( cellHolds ?x ?y white ) ) ) ( not ( true ( cellHolds ?x ?y black ) ) ) ), ( <= ( distinctCell ?x1 ?y1 ?x2 ?y2 ) ( cell ?x1 ?y1 ) ( cell ?x2 ?y2 ) ( distinct ?x1 ?x2 ) ), ( <= ( distinctCell ?x1 ?y1 ?x2 ?y2 ) ( cell ?x1 ?y1 ) ( cell ?x2 ?y2 ) ( distinct ?y1 ?y2 ) ), ( <= whiteWin ( index ?x ) ( true ( cellHolds ?x 8 white ) ) ), ( <= blackWin ( index ?x ) ( true ( cellHolds ?x 1 black ) ) ), ( <= whiteWin ( not blackCell ) ), ( <= blackWin ( not whiteCell ) ), ( <= whiteCell ( cell ?x ?y ) ( true ( cellHolds ?x ?y white ) ) ), ( <= blackCell ( cell ?x ?y ) ( true ( cellHolds ?x ?y black ) ) ), ( index 1 ), ( index 2 ), ( index 3 ), ( index 4 ), ( index 5 ), ( index 6 ), ( index 7 ), ( index 8 ), ( succ 1 2 ), ( succ 2 3 ), ( succ 3 4 ), ( succ 4 5 ), ( succ 5 6 ), ( succ 6 7 ), ( succ 7 8 )]
LOG 1641834537432 [L3]: Start clock: 15
LOG 1641834537432 [L3]: Play clock: 10
LOG 1641834542426 [L0]: [Sent at 1641834542426] ready
LOG 1641834542428 [L0]: [Received at 1641834542428] ( PLAY 37.breakthrough.1641834537230 NIL )
LOG 1641834542430 [L0]: [Sent at 1641834542430] noop
LOG 1641834542433 [L0]: [Received at 1641834542433] ( PLAY 37.breakthrough.1641834537230 (( move 3 2 2 3 ) noop ) )
LOG 1641834542434 [L0]: [Sent at 1641834542434] ( move 5 7 6 6 )
LOG 1641834542440 [L0]: [Received at 1641834542440] ( PLAY 37.breakthrough.1641834537230 (noop ( move 5 7 6 6 ) ) )
LOG 1641834542448 [L0]: [Sent at 1641834542448] noop
LOG 1641834542453 [L0]: [Received at 1641834542453] ( PLAY 37.breakthrough.1641834537230 (( move 4 2 4 3 ) noop ) )
LOG 1641834542455 [L0]: [Sent at 1641834542455] ( move 4 7 5 6 )
LOG 1641834542463 [L0]: [Received at 1641834542463] ( PLAY 37.breakthrough.1641834537230 (noop ( move 4 7 5 6 ) ) )
LOG 1641834542465 [L0]: [Sent at 1641834542465] noop
LOG 1641834542467 [L0]: [Received at 1641834542467] ( PLAY 37.breakthrough.1641834537230 (( move 2 2 3 3 ) noop ) )
LOG 1641834542469 [L0]: [Sent at 1641834542469] ( move 5 6 6 5 )
LOG 1641834542471 [L0]: [Received at 1641834542471] ( PLAY 37.breakthrough.1641834537230 (noop ( move 5 6 6 5 ) ) )
LOG 1641834542473 [L0]: [Sent at 1641834542473] noop
LOG 1641834542475 [L0]: [Received at 1641834542475] ( PLAY 37.breakthrough.1641834537230 (( move 5 1 4 2 ) noop ) )
LOG 1641834542476 [L0]: [Sent at 1641834542476] ( move 2 7 2 6 )
LOG 1641834542479 [L0]: [Received at 1641834542479] ( PLAY 37.breakthrough.1641834537230 (noop ( move 2 7 2 6 ) ) )
LOG 1641834542481 [L0]: [Sent at 1641834542481] noop
LOG 1641834542483 [L0]: [Received at 1641834542483] ( PLAY 37.breakthrough.1641834537230 (( move 3 1 3 2 ) noop ) )
LOG 1641834542485 [L0]: [Sent at 1641834542485] ( move 8 7 7 6 )
LOG 1641834542487 [L0]: [Received at 1641834542487] ( PLAY 37.breakthrough.1641834537230 (noop ( move 8 7 7 6 ) ) )
LOG 1641834542489 [L0]: [Sent at 1641834542489] noop
LOG 1641834542492 [L0]: [Received at 1641834542492] ( PLAY 37.breakthrough.1641834537230 (( move 3 3 4 4 ) noop ) )
LOG 1641834542493 [L0]: [Sent at 1641834542493] ( move 6 6 7 5 )
LOG 1641834542496 [L0]: [Received at 1641834542496] ( PLAY 37.breakthrough.1641834537230 (noop ( move 6 6 7 5 ) ) )
LOG 1641834542497 [L0]: [Sent at 1641834542497] noop
LOG 1641834542500 [L0]: [Received at 1641834542500] ( PLAY 37.breakthrough.1641834537230 (( move 4 3 3 4 ) noop ) )
LOG 1641834542501 [L0]: [Sent at 1641834542501] ( move 4 8 5 7 )
LOG 1641834542520 [L0]: [Received at 1641834542520] ( PLAY 37.breakthrough.1641834537230 (noop ( move 4 8 5 7 ) ) )
LOG 1641834542521 [L0]: [Sent at 1641834542521] noop
LOG 1641834542524 [L0]: [Received at 1641834542524] ( PLAY 37.breakthrough.1641834537230 (( move 3 2 3 3 ) noop ) )
LOG 1641834542525 [L0]: [Sent at 1641834542525] ( move 6 7 6 6 )
LOG 1641834542528 [L0]: [Received at 1641834542528] ( PLAY 37.breakthrough.1641834537230 (noop ( move 6 7 6 6 ) ) )
LOG 1641834542529 [L0]: [Sent at 1641834542529] noop
LOG 1641834542533 [L0]: [Received at 1641834542533] ( PLAY 37.breakthrough.1641834537230 (( move 5 2 4 3 ) noop ) )
LOG 1641834542534 [L0]: [Sent at 1641834542534] ( move 1 7 1 6 )
LOG 1641834542537 [L0]: [Received at 1641834542537] ( PLAY 37.breakthrough.1641834537230 (noop ( move 1 7 1 6 ) ) )
LOG 1641834542539 [L0]: [Sent at 1641834542539] noop
LOG 1641834542542 [L0]: [Received at 1641834542542] ( PLAY 37.breakthrough.1641834537230 (( move 2 3 2 4 ) noop ) )
LOG 1641834542543 [L0]: [Sent at 1641834542543] ( move 5 8 6 7 )
LOG 1641834542546 [L0]: [Received at 1641834542546] ( PLAY 37.breakthrough.1641834537230 (noop ( move 5 8 6 7 ) ) )
LOG 1641834542548 [L0]: [Sent at 1641834542548] noop
LOG 1641834542550 [L0]: [Received at 1641834542550] ( PLAY 37.breakthrough.1641834537230 (( move 8 2 8 3 ) noop ) )
LOG 1641834542551 [L0]: [Sent at 1641834542551] ( move 2 6 1 5 )
LOG 1641834542554 [L0]: [Received at 1641834542554] ( PLAY 37.breakthrough.1641834537230 (noop ( move 2 6 1 5 ) ) )
LOG 1641834542556 [L0]: [Sent at 1641834542556] noop
LOG 1641834542558 [L0]: [Received at 1641834542558] ( PLAY 37.breakthrough.1641834537230 (( move 4 4 3 5 ) noop ) )
LOG 1641834542560 [L0]: [Sent at 1641834542560] ( move 5 7 4 6 )
LOG 1641834542562 [L0]: [Received at 1641834542562] ( PLAY 37.breakthrough.1641834537230 (noop ( move 5 7 4 6 ) ) )
LOG 1641834542564 [L0]: [Sent at 1641834542564] noop
LOG 1641834542568 [L0]: [Received at 1641834542568] ( PLAY 37.breakthrough.1641834537230 (( move 2 1 3 2 ) noop ) )
LOG 1641834542569 [L0]: [Sent at 1641834542569] ( move 4 6 4 5 )
LOG 1641834542571 [L0]: [Received at 1641834542571] ( PLAY 37.breakthrough.1641834537230 (noop ( move 4 6 4 5 ) ) )
LOG 1641834542573 [L0]: [Sent at 1641834542573] noop
LOG 1641834542576 [L0]: [Received at 1641834542576] ( PLAY 37.breakthrough.1641834537230 (( move 3 5 4 6 ) noop ) )
LOG 1641834542577 [L0]: [Sent at 1641834542577] ( move 1 5 1 4 )
LOG 1641834542580 [L0]: [Received at 1641834542580] ( PLAY 37.breakthrough.1641834537230 (noop ( move 1 5 1 4 ) ) )
LOG 1641834542581 [L0]: [Sent at 1641834542581] noop
LOG 1641834542584 [L0]: [Received at 1641834542584] ( PLAY 37.breakthrough.1641834537230 (( move 1 2 1 3 ) noop ) )
LOG 1641834542585 [L0]: [Sent at 1641834542585] ( move 7 8 8 7 )
LOG 1641834542588 [L0]: [Received at 1641834542588] ( PLAY 37.breakthrough.1641834537230 (noop ( move 7 8 8 7 ) ) )
LOG 1641834542589 [L0]: [Sent at 1641834542589] noop
LOG 1641834542592 [L0]: [Received at 1641834542592] ( PLAY 37.breakthrough.1641834537230 (( move 2 4 3 5 ) noop ) )
LOG 1641834542593 [L0]: [Sent at 1641834542593] ( move 6 5 6 4 )
LOG 1641834542596 [L0]: [Received at 1641834542596] ( PLAY 37.breakthrough.1641834537230 (noop ( move 6 5 6 4 ) ) )
LOG 1641834542597 [L0]: [Sent at 1641834542597] noop
LOG 1641834542600 [L0]: [Received at 1641834542600] ( PLAY 37.breakthrough.1641834537230 (( move 7 1 8 2 ) noop ) )
LOG 1641834542601 [L0]: [Sent at 1641834542601] ( move 4 5 5 4 )
LOG 1641834542605 [L0]: [Received at 1641834542605] ( PLAY 37.breakthrough.1641834537230 (noop ( move 4 5 5 4 ) ) )
LOG 1641834542606 [L0]: [Sent at 1641834542606] noop
LOG 1641834542610 [L0]: [Received at 1641834542610] ( PLAY 37.breakthrough.1641834537230 (( move 3 3 4 4 ) noop ) )
LOG 1641834542611 [L0]: [Sent at 1641834542611] ( move 6 8 5 7 )
LOG 1641834542615 [L0]: [Received at 1641834542615] ( PLAY 37.breakthrough.1641834537230 (noop ( move 6 8 5 7 ) ) )
LOG 1641834542616 [L0]: [Sent at 1641834542616] noop
LOG 1641834542619 [L0]: [Received at 1641834542619] ( PLAY 37.breakthrough.1641834537230 (( move 4 6 4 7 ) noop ) )
LOG 1641834542620 [L0]: [Sent at 1641834542620] ( move 3 8 4 7 )
LOG 1641834542623 [L0]: [Received at 1641834542623] ( PLAY 37.breakthrough.1641834537230 (noop ( move 3 8 4 7 ) ) )
LOG 1641834542624 [L0]: [Sent at 1641834542624] noop
LOG 1641834542627 [L0]: [Received at 1641834542627] ( PLAY 37.breakthrough.1641834537230 (( move 6 2 7 3 ) noop ) )
LOG 1641834542628 [L0]: [Sent at 1641834542628] ( move 6 6 6 5 )
LOG 1641834542630 [L0]: [Received at 1641834542630] ( PLAY 37.breakthrough.1641834537230 (noop ( move 6 6 6 5 ) ) )
LOG 1641834542632 [L0]: [Sent at 1641834542632] noop
LOG 1641834542634 [L0]: [Received at 1641834542634] ( PLAY 37.breakthrough.1641834537230 (( move 3 5 2 6 ) noop ) )
LOG 1641834542635 [L0]: [Sent at 1641834542635] ( move 2 8 2 7 )
LOG 1641834542638 [L0]: [Received at 1641834542638] ( PLAY 37.breakthrough.1641834537230 (noop ( move 2 8 2 7 ) ) )
LOG 1641834542639 [L0]: [Sent at 1641834542639] noop
LOG 1641834542642 [L0]: [Received at 1641834542642] ( PLAY 37.breakthrough.1641834537230 (( move 7 2 6 3 ) noop ) )
LOG 1641834542643 [L0]: [Sent at 1641834542643] ( move 2 7 3 6 )
LOG 1641834542647 [L0]: [Received at 1641834542647] ( PLAY 37.breakthrough.1641834537230 (noop ( move 2 7 3 6 ) ) )
LOG 1641834542648 [L0]: [Sent at 1641834542648] noop
LOG 1641834542652 [L0]: [Received at 1641834542652] ( PLAY 37.breakthrough.1641834537230 (( move 8 1 7 2 ) noop ) )
LOG 1641834542653 [L0]: [Sent at 1641834542653] ( move 3 7 4 6 )
LOG 1641834542656 [L0]: [Received at 1641834542656] ( PLAY 37.breakthrough.1641834537230 (noop ( move 3 7 4 6 ) ) )
LOG 1641834542657 [L0]: [Sent at 1641834542657] noop
LOG 1641834542660 [L0]: [Received at 1641834542660] ( PLAY 37.breakthrough.1641834537230 (( move 3 4 4 5 ) noop ) )
LOG 1641834542661 [L0]: [Sent at 1641834542661] ( move 1 6 1 5 )
LOG 1641834542664 [L0]: [Received at 1641834542664] ( PLAY 37.breakthrough.1641834537230 (noop ( move 1 6 1 5 ) ) )
LOG 1641834542665 [L0]: [Sent at 1641834542665] noop
LOG 1641834542668 [L0]: [Received at 1641834542668] ( PLAY 37.breakthrough.1641834537230 (( move 7 3 7 4 ) noop ) )
LOG 1641834542670 [L0]: [Sent at 1641834542670] ( move 3 6 2 5 )
LOG 1641834542672 [L0]: [Received at 1641834542672] ( PLAY 37.breakthrough.1641834537230 (noop ( move 3 6 2 5 ) ) )
LOG 1641834542674 [L0]: [Sent at 1641834542674] noop
LOG 1641834542677 [L0]: [Received at 1641834542677] ( PLAY 37.breakthrough.1641834537230 (( move 8 3 8 4 ) noop ) )
LOG 1641834542678 [L0]: [Sent at 1641834542678] ( move 4 7 3 6 )
LOG 1641834542680 [L0]: [Received at 1641834542680] ( PLAY 37.breakthrough.1641834537230 (noop ( move 4 7 3 6 ) ) )
LOG 1641834542681 [L0]: [Sent at 1641834542681] noop
LOG 1641834542684 [L0]: [Received at 1641834542684] ( PLAY 37.breakthrough.1641834537230 (( move 8 2 8 3 ) noop ) )
LOG 1641834542685 [L0]: [Sent at 1641834542685] ( move 7 7 6 6 )
LOG 1641834542688 [L0]: [Received at 1641834542688] ( PLAY 37.breakthrough.1641834537230 (noop ( move 7 7 6 6 ) ) )
LOG 1641834542689 [L0]: [Sent at 1641834542689] noop
LOG 1641834542691 [L0]: [Received at 1641834542691] ( PLAY 37.breakthrough.1641834537230 (( move 7 4 8 5 ) noop ) )
LOG 1641834542693 [L0]: [Sent at 1641834542693] ( move 5 7 5 6 )
LOG 1641834542696 [L0]: [Received at 1641834542696] ( PLAY 37.breakthrough.1641834537230 (noop ( move 5 7 5 6 ) ) )
LOG 1641834542697 [L0]: [Sent at 1641834542697] noop
LOG 1641834542701 [L0]: [Received at 1641834542701] ( PLAY 37.breakthrough.1641834537230 (( move 6 3 7 4 ) noop ) )
LOG 1641834542702 [L0]: [Sent at 1641834542702] ( move 7 5 8 4 )
LOG 1641834542706 [L0]: [Received at 1641834542706] ( PLAY 37.breakthrough.1641834537230 (noop ( move 7 5 8 4 ) ) )
LOG 1641834542707 [L0]: [Sent at 1641834542707] noop
LOG 1641834542709 [L0]: [Received at 1641834542709] ( PLAY 37.breakthrough.1641834537230 (( move 4 3 5 4 ) noop ) )
LOG 1641834542710 [L0]: [Sent at 1641834542710] ( move 1 8 2 7 )
LOG 1641834542713 [L0]: [Received at 1641834542713] ( PLAY 37.breakthrough.1641834537230 (noop ( move 1 8 2 7 ) ) )
LOG 1641834542714 [L0]: [Sent at 1641834542714] noop
LOG 1641834542717 [L0]: [Received at 1641834542717] ( PLAY 37.breakthrough.1641834537230 (( move 7 4 6 5 ) noop ) )
LOG 1641834542718 [L0]: [Sent at 1641834542718] ( move 2 7 1 6 )
LOG 1641834542720 [L0]: [Received at 1641834542720] ( PLAY 37.breakthrough.1641834537230 (noop ( move 2 7 1 6 ) ) )
LOG 1641834542721 [L0]: [Sent at 1641834542721] noop
LOG 1641834542724 [L0]: [Received at 1641834542724] ( PLAY 37.breakthrough.1641834537230 (( move 6 1 6 2 ) noop ) )
LOG 1641834542725 [L0]: [Sent at 1641834542725] ( move 7 6 7 5 )
LOG 1641834542728 [L0]: [Received at 1641834542728] ( PLAY 37.breakthrough.1641834537230 (noop ( move 7 6 7 5 ) ) )
LOG 1641834542729 [L0]: [Sent at 1641834542729] noop
LOG 1641834542732 [L0]: [Received at 1641834542732] ( PLAY 37.breakthrough.1641834537230 (( move 7 2 6 3 ) noop ) )
LOG 1641834542733 [L0]: [Sent at 1641834542733] ( move 5 6 5 5 )
LOG 1641834542735 [L0]: [Received at 1641834542735] ( PLAY 37.breakthrough.1641834537230 (noop ( move 5 6 5 5 ) ) )
LOG 1641834542737 [L0]: [Sent at 1641834542737] noop
LOG 1641834542739 [L0]: [Received at 1641834542739] ( PLAY 37.breakthrough.1641834537230 (( move 2 6 1 7 ) noop ) )
LOG 1641834542740 [L0]: [Sent at 1641834542740] ( move 6 4 5 3 )
LOG 1641834542743 [L0]: [Received at 1641834542743] ( PLAY 37.breakthrough.1641834537230 (noop ( move 6 4 5 3 ) ) )
LOG 1641834542744 [L0]: [Sent at 1641834542744] noop
LOG 1641834542747 [L0]: [Received at 1641834542747] ( PLAY 37.breakthrough.1641834537230 (( move 8 3 7 4 ) noop ) )
LOG 1641834542748 [L0]: [Sent at 1641834542748] ( move 5 3 4 2 )
LOG 1641834542750 [L0]: [Received at 1641834542750] ( PLAY 37.breakthrough.1641834537230 (noop ( move 5 3 4 2 ) ) )
LOG 1641834542751 [L0]: [Sent at 1641834542751] noop
LOG 1641834542754 [L0]: [Received at 1641834542754] ( PLAY 37.breakthrough.1641834537230 (( move 6 2 7 3 ) noop ) )
LOG 1641834542755 [L0]: [Sent at 1641834542755] ( move 3 6 3 5 )
LOG 1641834542758 [L0]: [Received at 1641834542758] ( PLAY 37.breakthrough.1641834537230 (noop ( move 3 6 3 5 ) ) )
LOG 1641834542759 [L0]: [Sent at 1641834542759] noop
LOG 1641834542762 [L0]: [Received at 1641834542762] ( STOP 37.breakthrough.1641834537230 (( move 1 7 2 8 ) noop ) )
LOG 1641834542763 [L3]: Stopped logging to files at: Mon Jan 10 18:09:02 CET 2022
LOG 1641834542764 [L3]: LOG SEALED
