LOG 1641834949383 [L3]: Returning initial state machine.
LOG 1641834949384 [L3]: Returning PropNet state machine without cache.
LOG 1641834949384 [L3]: Starting metagame with available thinking time 4991ms.
LOG 1641834949386 [L3]: Starting search during metagame.
LOG 1641834954375 [L3]: Done searching during metagame.
LOG 1641834954379 [L3]: Starting move selection for game step 1 with available time 0ms.
LOG 1641834954379 [L3]: No time to select next move using MCTS. Returning random move ( move 2 2 3 3 ).
LOG 1641834954383 [L3]: Starting move selection for game step 2 with available time 0ms.
LOG 1641834954387 [L3]: No time to select next move using MCTS. Returning random move noop.
LOG 1641834954391 [L3]: Starting move selection for game step 3 with available time 0ms.
LOG 1641834954401 [L3]: No time to select next move using MCTS. Returning random move ( move 3 3 2 4 ).
LOG 1641834954406 [L3]: Starting move selection for game step 4 with available time 0ms.
LOG 1641834954411 [L3]: No time to select next move using MCTS. Returning random move noop.
LOG 1641834954415 [L3]: Starting move selection for game step 5 with available time 0ms.
LOG 1641834954416 [L3]: No time to select next move using MCTS. Returning random move ( move 4 2 4 3 ).
LOG 1641834954420 [L3]: Starting move selection for game step 6 with available time 0ms.
LOG 1641834954420 [L3]: No time to select next move using MCTS. Returning random move noop.
LOG 1641834954424 [L3]: Starting move selection for game step 7 with available time 0ms.
LOG 1641834954424 [L3]: No time to select next move using MCTS. Returning random move ( move 8 2 7 3 ).
LOG 1641834954428 [L3]: Starting move selection for game step 8 with available time 0ms.
LOG 1641834954429 [L3]: No time to select next move using MCTS. Returning random move noop.
LOG 1641834954433 [L3]: Starting move selection for game step 9 with available time -1ms.
LOG 1641834954433 [L3]: No time to select next move using MCTS. Returning random move ( move 5 2 6 3 ).
LOG 1641834954437 [L3]: Starting move selection for game step 10 with available time 0ms.
LOG 1641834954437 [L3]: No time to select next move using MCTS. Returning random move noop.
LOG 1641834954442 [L3]: Starting move selection for game step 11 with available time 0ms.
LOG 1641834954442 [L3]: No time to select next move using MCTS. Returning random move ( move 3 1 4 2 ).
LOG 1641834954446 [L3]: Starting move selection for game step 12 with available time 0ms.
LOG 1641834954446 [L3]: No time to select next move using MCTS. Returning random move noop.
LOG 1641834954450 [L3]: Starting move selection for game step 13 with available time 0ms.
LOG 1641834954450 [L3]: No time to select next move using MCTS. Returning random move ( move 2 4 3 5 ).
LOG 1641834954454 [L3]: Starting move selection for game step 14 with available time 0ms.
LOG 1641834954454 [L3]: No time to select next move using MCTS. Returning random move noop.
LOG 1641834954458 [L3]: Starting move selection for game step 15 with available time 0ms.
LOG 1641834954458 [L3]: No time to select next move using MCTS. Returning random move ( move 4 3 5 4 ).
LOG 1641834954462 [L3]: Starting move selection for game step 16 with available time 0ms.
LOG 1641834954462 [L3]: No time to select next move using MCTS. Returning random move noop.
LOG 1641834954467 [L3]: Starting move selection for game step 17 with available time 0ms.
LOG 1641834954467 [L3]: No time to select next move using MCTS. Returning random move ( move 3 2 4 3 ).
LOG 1641834954471 [L3]: Starting move selection for game step 18 with available time 0ms.
LOG 1641834954471 [L3]: No time to select next move using MCTS. Returning random move noop.
LOG 1641834954475 [L3]: Starting move selection for game step 19 with available time 0ms.
LOG 1641834954475 [L3]: No time to select next move using MCTS. Returning random move ( move 4 2 3 3 ).
LOG 1641834954479 [L3]: Starting move selection for game step 20 with available time 0ms.
LOG 1641834954479 [L3]: No time to select next move using MCTS. Returning random move noop.
LOG 1641834954483 [L3]: Starting move selection for game step 21 with available time 0ms.
LOG 1641834954483 [L3]: No time to select next move using MCTS. Returning random move ( move 2 1 3 2 ).
LOG 1641834954502 [L3]: Starting move selection for game step 22 with available time 0ms.
LOG 1641834954502 [L3]: No time to select next move using MCTS. Returning random move noop.
LOG 1641834954506 [L3]: Starting move selection for game step 23 with available time 0ms.
LOG 1641834954506 [L3]: No time to select next move using MCTS. Returning random move ( move 5 4 6 5 ).
LOG 1641834954511 [L3]: Starting move selection for game step 24 with available time 0ms.
LOG 1641834954512 [L3]: No time to select next move using MCTS. Returning random move noop.
LOG 1641834954515 [L3]: Starting move selection for game step 25 with available time 0ms.
LOG 1641834954515 [L3]: No time to select next move using MCTS. Returning random move ( move 3 5 3 6 ).
LOG 1641834954519 [L3]: Starting move selection for game step 26 with available time 0ms.
LOG 1641834954519 [L3]: No time to select next move using MCTS. Returning random move noop.
LOG 1641834954523 [L3]: Starting move selection for game step 27 with available time 0ms.
LOG 1641834954523 [L3]: No time to select next move using MCTS. Returning random move ( move 6 5 6 6 ).
LOG 1641834954526 [L3]: Starting move selection for game step 28 with available time 0ms.
LOG 1641834954527 [L3]: No time to select next move using MCTS. Returning random move noop.
LOG 1641834954531 [L3]: Starting move selection for game step 29 with available time 0ms.
LOG 1641834954531 [L3]: No time to select next move using MCTS. Returning random move ( move 6 6 7 7 ).
LOG 1641834954534 [L3]: Starting move selection for game step 30 with available time 0ms.
LOG 1641834954534 [L3]: No time to select next move using MCTS. Returning random move noop.
LOG 1641834954538 [L3]: Starting move selection for game step 31 with available time 0ms.
LOG 1641834954539 [L3]: No time to select next move using MCTS. Returning random move ( move 4 3 4 4 ).
LOG 1641834954543 [L3]: Starting move selection for game step 32 with available time 0ms.
LOG 1641834954544 [L3]: No time to select next move using MCTS. Returning random move noop.
LOG 1641834954547 [L3]: Starting move selection for game step 33 with available time 0ms.
LOG 1641834954548 [L3]: No time to select next move using MCTS. Returning random move ( move 4 4 3 5 ).
LOG 1641834954551 [L3]: Starting move selection for game step 34 with available time 0ms.
LOG 1641834954551 [L3]: No time to select next move using MCTS. Returning random move noop.
LOG 1641834954555 [L3]: Starting move selection for game step 35 with available time 0ms.
LOG 1641834954555 [L3]: No time to select next move using MCTS. Returning random move ( move 7 2 7 3 ).
LOG 1641834954559 [L3]: Starting move selection for game step 36 with available time 0ms.
LOG 1641834954559 [L3]: No time to select next move using MCTS. Returning random move noop.
LOG 1641834954563 [L3]: Starting move selection for game step 37 with available time 0ms.
LOG 1641834954563 [L3]: No time to select next move using MCTS. Returning random move ( move 3 5 2 6 ).
LOG 1641834954566 [L3]: Starting move selection for game step 38 with available time 0ms.
LOG 1641834954567 [L3]: No time to select next move using MCTS. Returning random move noop.
LOG 1641834954570 [L3]: Starting move selection for game step 39 with available time 0ms.
LOG 1641834954570 [L3]: No time to select next move using MCTS. Returning random move ( move 6 1 5 2 ).
LOG 1641834954574 [L3]: Starting move selection for game step 40 with available time 0ms.
LOG 1641834954574 [L3]: No time to select next move using MCTS. Returning random move noop.
LOG 1641834954577 [L3]: Starting move selection for game step 41 with available time 0ms.
LOG 1641834954578 [L3]: No time to select next move using MCTS. Returning random move ( move 6 3 6 4 ).
LOG 1641834954582 [L3]: Starting move selection for game step 42 with available time 0ms.
LOG 1641834954583 [L3]: No time to select next move using MCTS. Returning random move noop.
LOG 1641834954586 [L3]: Starting move selection for game step 43 with available time 0ms.
LOG 1641834954586 [L3]: No time to select next move using MCTS. Returning random move ( move 5 1 4 2 ).
LOG 1641834954590 [L3]: Starting move selection for game step 44 with available time 0ms.
LOG 1641834954590 [L3]: No time to select next move using MCTS. Returning random move noop.
LOG 1641834954594 [L3]: Starting move selection for game step 45 with available time -1ms.
LOG 1641834954594 [L3]: No time to select next move using MCTS. Returning random move ( move 6 4 6 5 ).
LOG 1641834954597 [L3]: Starting move selection for game step 46 with available time 0ms.
LOG 1641834954597 [L3]: No time to select next move using MCTS. Returning random move noop.
LOG 1641834954601 [L3]: Starting move selection for game step 47 with available time 0ms.
LOG 1641834954601 [L3]: No time to select next move using MCTS. Returning random move ( move 1 2 2 3 ).
LOG 1641834954605 [L3]: Starting move selection for game step 48 with available time 0ms.
LOG 1641834954605 [L3]: No time to select next move using MCTS. Returning random move noop.
LOG 1641834954609 [L3]: Starting move selection for game step 49 with available time 0ms.
LOG 1641834954609 [L3]: No time to select next move using MCTS. Returning random move ( move 6 5 5 6 ).
LOG 1641834954613 [L3]: Starting move selection for game step 50 with available time 0ms.
LOG 1641834954613 [L3]: No time to select next move using MCTS. Returning random move noop.
LOG 1641834954616 [L3]: Starting move selection for game step 51 with available time 0ms.
LOG 1641834954617 [L3]: No time to select next move using MCTS. Returning random move ( move 2 3 1 4 ).
LOG 1641834954620 [L3]: Starting move selection for game step 52 with available time 0ms.
LOG 1641834954620 [L3]: No time to select next move using MCTS. Returning random move noop.
LOG 1641834954624 [L3]: Starting move selection for game step 53 with available time 0ms.
LOG 1641834954625 [L3]: No time to select next move using MCTS. Returning random move ( move 8 1 7 2 ).
LOG 1641834954628 [L3]: Starting move selection for game step 54 with available time 0ms.
LOG 1641834954629 [L3]: No time to select next move using MCTS. Returning random move noop.
LOG 1641834954632 [L3]: Starting move selection for game step 55 with available time 0ms.
LOG 1641834954632 [L3]: No time to select next move using MCTS. Returning random move ( move 7 3 8 4 ).
LOG 1641834954635 [L3]: Starting move selection for game step 56 with available time 0ms.
LOG 1641834954636 [L3]: No time to select next move using MCTS. Returning random move noop.
