LOG 1641833305859 [L3]: Returning initial state machine.
LOG 1641833305859 [L3]: Returning PropNet state machine without cache.
LOG 1641833305861 [L3]: Starting metagame with available thinking time 4994ms.
LOG 1641833305863 [L3]: Starting search during metagame.
LOG 1641833310855 [L3]: Done searching during metagame.
LOG 1641833310858 [L3]: Starting move selection for game step 1 with available time 0ms.
LOG 1641833310858 [L3]: No time to select next move using MCTS. Returning random move ( drop 5 ).
LOG 1641833310862 [L3]: Starting move selection for game step 2 with available time 0ms.
LOG 1641833310864 [L3]: No time to select next move using MCTS. Returning random move noop.
LOG 1641833310871 [L3]: Starting move selection for game step 3 with available time 0ms.
LOG 1641833310879 [L3]: No time to select next move using MCTS. Returning random move ( drop 1 ).
LOG 1641833310888 [L3]: Starting move selection for game step 4 with available time 0ms.
LOG 1641833310892 [L3]: No time to select next move using MCTS. Returning random move noop.
LOG 1641833310917 [L3]: Starting move selection for game step 5 with available time 0ms.
LOG 1641833310918 [L3]: No time to select next move using MCTS. Returning random move ( drop 2 ).
LOG 1641833310922 [L3]: Starting move selection for game step 6 with available time 0ms.
LOG 1641833310923 [L3]: No time to select next move using MCTS. Returning random move noop.
LOG 1641833310926 [L3]: Starting move selection for game step 7 with available time 0ms.
LOG 1641833310927 [L3]: No time to select next move using MCTS. Returning random move ( drop 7 ).
LOG 1641833310931 [L3]: Starting move selection for game step 8 with available time 0ms.
LOG 1641833310932 [L3]: No time to select next move using MCTS. Returning random move noop.
LOG 1641833310935 [L3]: Starting move selection for game step 9 with available time 0ms.
LOG 1641833310936 [L3]: No time to select next move using MCTS. Returning random move ( drop 1 ).
LOG 1641833310941 [L3]: Starting move selection for game step 10 with available time 0ms.
LOG 1641833310941 [L3]: No time to select next move using MCTS. Returning random move noop.
LOG 1641833310947 [L3]: Starting move selection for game step 11 with available time 0ms.
LOG 1641833310947 [L3]: No time to select next move using MCTS. Returning random move ( drop 4 ).
LOG 1641833310952 [L3]: Starting move selection for game step 12 with available time 0ms.
LOG 1641833310952 [L3]: No time to select next move using MCTS. Returning random move noop.
LOG 1641833310958 [L3]: Starting move selection for game step 13 with available time 0ms.
LOG 1641833310958 [L3]: No time to select next move using MCTS. Returning random move ( drop 6 ).
LOG 1641833310962 [L3]: Starting move selection for game step 14 with available time 0ms.
LOG 1641833310963 [L3]: No time to select next move using MCTS. Returning random move noop.
LOG 1641833310966 [L3]: Starting move selection for game step 15 with available time 0ms.
LOG 1641833310967 [L3]: No time to select next move using MCTS. Returning random move ( drop 3 ).
LOG 1641833310971 [L3]: Starting move selection for game step 16 with available time 0ms.
LOG 1641833310971 [L3]: No time to select next move using MCTS. Returning random move noop.
LOG 1641833310975 [L3]: Starting move selection for game step 17 with available time 0ms.
LOG 1641833310976 [L3]: No time to select next move using MCTS. Returning random move ( drop 3 ).
LOG 1641833310980 [L3]: Starting move selection for game step 18 with available time 0ms.
LOG 1641833310980 [L3]: No time to select next move using MCTS. Returning random move noop.
LOG 1641833310985 [L3]: Starting move selection for game step 19 with available time 0ms.
LOG 1641833310985 [L3]: No time to select next move using MCTS. Returning random move ( drop 2 ).
LOG 1641833310989 [L3]: Starting move selection for game step 20 with available time 0ms.
LOG 1641833310989 [L3]: No time to select next move using MCTS. Returning random move noop.
