LOG 1641833285005 [L3]: Started match logging at: Mon Jan 10 17:48:05 CET 2022
LOG 1641833285006 [L3]: Game rules: [( role white ), ( role red ), ( init ( cell 1 0 dirt ) ), ( init ( cell 2 0 dirt ) ), ( init ( cell 3 0 dirt ) ), ( init ( cell 4 0 dirt ) ), ( init ( cell 5 0 dirt ) ), ( init ( cell 6 0 dirt ) ), ( init ( cell 7 0 dirt ) ), ( init ( cell 1 1 b ) ), ( init ( cell 1 2 b ) ), ( init ( cell 1 3 b ) ), ( init ( cell 1 4 b ) ), ( init ( cell 1 5 b ) ), ( init ( cell 1 6 b ) ), ( init ( cell 2 1 b ) ), ( init ( cell 2 2 b ) ), ( init ( cell 2 3 b ) ), ( init ( cell 2 4 b ) ), ( init ( cell 2 5 b ) ), ( init ( cell 2 6 b ) ), ( init ( cell 3 1 b ) ), ( init ( cell 3 2 b ) ), ( init ( cell 3 3 b ) ), ( init ( cell 3 4 b ) ), ( init ( cell 3 5 b ) ), ( init ( cell 3 6 b ) ), ( init ( cell 4 1 b ) ), ( init ( cell 4 2 b ) ), ( init ( cell 4 3 b ) ), ( init ( cell 4 4 b ) ), ( init ( cell 4 5 b ) ), ( init ( cell 4 6 b ) ), ( init ( cell 5 1 b ) ), ( init ( cell 5 2 b ) ), ( init ( cell 5 3 b ) ), ( init ( cell 5 4 b ) ), ( init ( cell 5 5 b ) ), ( init ( cell 5 6 b ) ), ( init ( cell 6 1 b ) ), ( init ( cell 6 2 b ) ), ( init ( cell 6 3 b ) ), ( init ( cell 6 4 b ) ), ( init ( cell 6 5 b ) ), ( init ( cell 6 6 b ) ), ( init ( cell 7 1 b ) ), ( init ( cell 7 2 b ) ), ( init ( cell 7 3 b ) ), ( init ( cell 7 4 b ) ), ( init ( cell 7 5 b ) ), ( init ( cell 7 6 b ) ), ( init ( control white ) ), ( <= ( empty ?c ?h ) ( true ( cell ?c ?h b ) ) ), ( <= ( filled ?c ?h ) ( true ( cell ?c ?h dirt ) ) ), ( <= ( filled ?c ?h ) ( true ( cell ?c ?h w ) ) ), ( <= ( filled ?c ?h ) ( true ( cell ?c ?h r ) ) ), ( <= ( next ( cell ?c ?h2 w ) ) ( does white ( drop ?c ) ) ( true ( cell ?c ?h2 b ) ) ( filled ?c ?h1 ) ( succ ?h1 ?h2 ) ), ( <= ( next ( cell ?c ?h2 r ) ) ( does red ( drop ?c ) ) ( true ( cell ?c ?h2 b ) ) ( filled ?c ?h1 ) ( succ ?h1 ?h2 ) ), ( <= ( next ( cell ?x ?y ?z ) ) ( true ( cell ?x ?y ?z ) ) ( distinct ?z b ) ), ( <= ( next ( cell ?c2 ?y b ) ) ( does ?w ( drop ?c1 ) ) ( true ( cell ?c2 ?y b ) ) ( distinct ?c1 ?c2 ) ), ( <= ( next ( cell ?c ?y2 b ) ) ( true ( cell ?c ?y1 b ) ) ( distinct ?y1 6 ) ( succ ?y1 ?y2 ) ), ( <= ( next ( control white ) ) ( true ( control red ) ) ), ( <= ( next ( control red ) ) ( true ( control white ) ) ), ( <= ( row ?z ) ( true ( cell ?x1 ?y ?z ) ) ( distinct ?z b ) ( distinct ?z dirt ) ( succ ?x1 ?x2 ) ( true ( cell ?x2 ?y ?z ) ) ( succ ?x2 ?x3 ) ( true ( cell ?x3 ?y ?z ) ) ( succ ?x3 ?x4 ) ( true ( cell ?x4 ?y ?z ) ) ), ( <= ( column ?z ) ( true ( cell ?x ?y1 ?z ) ) ( distinct ?z b ) ( succ ?y1 ?y2 ) ( true ( cell ?x ?y2 ?z ) ) ( succ ?y2 ?y3 ) ( true ( cell ?x ?y3 ?z ) ) ( succ ?y3 ?y4 ) ( true ( cell ?x ?y4 ?z ) ) ), ( <= ( diag ?z ) ( true ( cell ?x1 ?y1 ?z ) ) ( distinct ?z b ) ( succ ?x1 ?x2 ) ( succ ?y1 ?y2 ) ( true ( cell ?x2 ?y2 ?z ) ) ( succ ?x2 ?x3 ) ( succ ?y2 ?y3 ) ( true ( cell ?x3 ?y3 ?z ) ) ( succ ?x3 ?x4 ) ( succ ?y3 ?y4 ) ( true ( cell ?x4 ?y4 ?z ) ) ), ( <= ( diag ?z ) ( true ( cell ?x1 ?y1 ?z ) ) ( distinct ?z b ) ( succ ?x1 ?x2 ) ( succ ?y2 ?y1 ) ( true ( cell ?x2 ?y2 ?z ) ) ( succ ?x2 ?x3 ) ( succ ?y3 ?y2 ) ( true ( cell ?x3 ?y3 ?z ) ) ( succ ?x3 ?x4 ) ( succ ?y4 ?y3 ) ( true ( cell ?x4 ?y4 ?z ) ) ), ( <= ( line ?x ) ( row ?x ) ), ( <= ( line ?x ) ( column ?x ) ), ( <= ( line ?x ) ( diag ?x ) ), ( <= open ( empty ?c ?h ) ), ( <= terminal ( line r ) ), ( <= terminal ( line w ) ), ( <= terminal ( not open ) ), ( <= ( legal ?w ( drop ?c ) ) ( true ( cell ?c ?y2 b ) ) ( filled ?c ?y1 ) ( succ ?y1 ?y2 ) ( true ( control ?w ) ) ), ( <= ( legal white noop ) ( true ( control red ) ) ), ( <= ( legal red noop ) ( true ( control white ) ) ), ( <= ( goal white 100 ) ( line w ) ), ( <= ( goal white 50 ) ( not ( line r ) ) ( not ( line w ) ) ( not open ) ), ( <= ( goal white 0 ) ( line r ) ), ( <= ( goal red 100 ) ( line r ) ), ( <= ( goal red 50 ) ( not ( line r ) ) ( not ( line w ) ) ( not open ) ), ( <= ( goal red 0 ) ( line w ) ), ( <= ( goal ?w 70 ) ( role ?w ) ( not ( line r ) ) ( not ( line w ) ) open ), ( <= ( lte 0 ?x ) ( number ?x ) ), ( <= ( lte ?x ?x ) ( number ?x ) ), ( <= ( lte ?x ?z ) ( succ ?y ?z ) ( lte ?x ?y ) ), ( <= ( lte ?x ?y ) ( succ ?x ?y ) ), ( number 0 ), ( number 1 ), ( number 2 ), ( number 3 ), ( number 4 ), ( number 5 ), ( number 6 ), ( number 7 ), ( number 8 ), ( succ 0 1 ), ( succ 1 2 ), ( succ 2 3 ), ( succ 3 4 ), ( succ 4 5 ), ( succ 5 6 ), ( succ 6 7 ), ( succ 7 8 )]
LOG 1641833285013 [L3]: Start clock: 15
LOG 1641833285013 [L3]: Play clock: 10
LOG 1641833290004 [L0]: [Sent at 1641833290004] ready
LOG 1641833290007 [L0]: [Received at 1641833290007] ( PLAY 10.connect4.1641833284941 NIL )
LOG 1641833290008 [L0]: [Sent at 1641833290008] noop
LOG 1641833290011 [L0]: [Received at 1641833290011] ( PLAY 10.connect4.1641833284941 (( drop 7 ) noop ) )
LOG 1641833290016 [L0]: [Sent at 1641833290016] ( drop 3 )
LOG 1641833290018 [L0]: [Received at 1641833290018] ( PLAY 10.connect4.1641833284941 (noop ( drop 3 ) ) )
LOG 1641833290031 [L0]: [Sent at 1641833290031] noop
LOG 1641833290033 [L0]: [Received at 1641833290033] ( PLAY 10.connect4.1641833284941 (( drop 7 ) noop ) )
LOG 1641833290043 [L0]: [Sent at 1641833290043] ( drop 3 )
LOG 1641833290045 [L0]: [Received at 1641833290045] ( PLAY 10.connect4.1641833284941 (noop ( drop 3 ) ) )
LOG 1641833290046 [L0]: [Sent at 1641833290046] noop
LOG 1641833290048 [L0]: [Received at 1641833290048] ( PLAY 10.connect4.1641833284941 (( drop 7 ) noop ) )
LOG 1641833290050 [L0]: [Sent at 1641833290050] ( drop 1 )
LOG 1641833290052 [L0]: [Received at 1641833290052] ( PLAY 10.connect4.1641833284941 (noop ( drop 1 ) ) )
LOG 1641833290054 [L0]: [Sent at 1641833290054] noop
LOG 1641833290056 [L0]: [Received at 1641833290056] ( PLAY 10.connect4.1641833284941 (( drop 1 ) noop ) )
LOG 1641833290058 [L0]: [Sent at 1641833290058] ( drop 3 )
LOG 1641833290060 [L0]: [Received at 1641833290060] ( PLAY 10.connect4.1641833284941 (noop ( drop 3 ) ) )
LOG 1641833290061 [L0]: [Sent at 1641833290061] noop
LOG 1641833290063 [L0]: [Received at 1641833290063] ( PLAY 10.connect4.1641833284941 (( drop 3 ) noop ) )
LOG 1641833290065 [L0]: [Sent at 1641833290065] ( drop 3 )
LOG 1641833290067 [L0]: [Received at 1641833290067] ( PLAY 10.connect4.1641833284941 (noop ( drop 3 ) ) )
LOG 1641833290068 [L0]: [Sent at 1641833290068] noop
LOG 1641833290085 [L0]: [Received at 1641833290085] ( PLAY 10.connect4.1641833284941 (( drop 1 ) noop ) )
LOG 1641833290086 [L0]: [Sent at 1641833290086] ( drop 6 )
LOG 1641833290090 [L0]: [Received at 1641833290090] ( PLAY 10.connect4.1641833284941 (noop ( drop 6 ) ) )
LOG 1641833290091 [L0]: [Sent at 1641833290091] noop
LOG 1641833290095 [L0]: [Received at 1641833290095] ( PLAY 10.connect4.1641833284941 (( drop 1 ) noop ) )
LOG 1641833290096 [L0]: [Sent at 1641833290096] ( drop 2 )
LOG 1641833290099 [L0]: [Received at 1641833290099] ( PLAY 10.connect4.1641833284941 (noop ( drop 2 ) ) )
LOG 1641833290100 [L0]: [Sent at 1641833290100] noop
LOG 1641833290103 [L0]: [Received at 1641833290103] ( PLAY 10.connect4.1641833284941 (( drop 4 ) noop ) )
LOG 1641833290104 [L0]: [Sent at 1641833290104] ( drop 2 )
LOG 1641833290108 [L0]: [Received at 1641833290108] ( PLAY 10.connect4.1641833284941 (noop ( drop 2 ) ) )
LOG 1641833290109 [L0]: [Sent at 1641833290109] noop
LOG 1641833290111 [L0]: [Received at 1641833290111] ( PLAY 10.connect4.1641833284941 (( drop 6 ) noop ) )
LOG 1641833290112 [L0]: [Sent at 1641833290112] ( drop 2 )
LOG 1641833290115 [L0]: [Received at 1641833290115] ( PLAY 10.connect4.1641833284941 (noop ( drop 2 ) ) )
LOG 1641833290117 [L0]: [Sent at 1641833290117] noop
LOG 1641833290121 [L0]: [Received at 1641833290121] ( PLAY 10.connect4.1641833284941 (( drop 5 ) noop ) )
LOG 1641833290122 [L0]: [Sent at 1641833290122] ( drop 7 )
LOG 1641833290126 [L0]: [Received at 1641833290126] ( PLAY 10.connect4.1641833284941 (noop ( drop 7 ) ) )
LOG 1641833290128 [L0]: [Sent at 1641833290128] noop
LOG 1641833290132 [L0]: [Received at 1641833290132] ( PLAY 10.connect4.1641833284941 (( drop 2 ) noop ) )
LOG 1641833290133 [L0]: [Sent at 1641833290133] ( drop 2 )
LOG 1641833290137 [L0]: [Received at 1641833290137] ( PLAY 10.connect4.1641833284941 (noop ( drop 2 ) ) )
LOG 1641833290139 [L0]: [Sent at 1641833290139] noop
LOG 1641833290142 [L0]: [Received at 1641833290142] ( PLAY 10.connect4.1641833284941 (( drop 3 ) noop ) )
LOG 1641833290143 [L0]: [Sent at 1641833290143] ( drop 2 )
LOG 1641833290151 [L0]: [Received at 1641833290151] ( PLAY 10.connect4.1641833284941 (noop ( drop 2 ) ) )
LOG 1641833290153 [L0]: [Sent at 1641833290153] noop
LOG 1641833290155 [L0]: [Received at 1641833290155] ( PLAY 10.connect4.1641833284941 (( drop 6 ) noop ) )
LOG 1641833290157 [L0]: [Sent at 1641833290157] ( drop 7 )
LOG 1641833290159 [L0]: [Received at 1641833290159] ( PLAY 10.connect4.1641833284941 (noop ( drop 7 ) ) )
LOG 1641833290161 [L0]: [Sent at 1641833290161] noop
LOG 1641833290163 [L0]: [Received at 1641833290163] ( PLAY 10.connect4.1641833284941 (( drop 5 ) noop ) )
LOG 1641833290165 [L0]: [Sent at 1641833290165] ( drop 1 )
LOG 1641833290167 [L0]: [Received at 1641833290167] ( PLAY 10.connect4.1641833284941 (noop ( drop 1 ) ) )
LOG 1641833290168 [L0]: [Sent at 1641833290168] noop
LOG 1641833290172 [L0]: [Received at 1641833290172] ( PLAY 10.connect4.1641833284941 (( drop 6 ) noop ) )
LOG 1641833290173 [L0]: [Sent at 1641833290173] ( drop 7 )
LOG 1641833290177 [L0]: [Received at 1641833290177] ( PLAY 10.connect4.1641833284941 (noop ( drop 7 ) ) )
LOG 1641833290178 [L0]: [Sent at 1641833290178] noop
LOG 1641833290181 [L0]: [Received at 1641833290181] ( PLAY 10.connect4.1641833284941 (( drop 5 ) noop ) )
LOG 1641833290182 [L0]: [Sent at 1641833290182] ( drop 4 )
LOG 1641833290185 [L0]: [Received at 1641833290185] ( PLAY 10.connect4.1641833284941 (noop ( drop 4 ) ) )
LOG 1641833290186 [L0]: [Sent at 1641833290186] noop
LOG 1641833290190 [L0]: [Received at 1641833290190] ( PLAY 10.connect4.1641833284941 (( drop 1 ) noop ) )
LOG 1641833290192 [L0]: [Sent at 1641833290192] ( drop 6 )
LOG 1641833290194 [L0]: [Received at 1641833290194] ( PLAY 10.connect4.1641833284941 (noop ( drop 6 ) ) )
LOG 1641833290195 [L0]: [Sent at 1641833290195] noop
LOG 1641833290198 [L0]: [Received at 1641833290198] ( PLAY 10.connect4.1641833284941 (( drop 6 ) noop ) )
LOG 1641833290199 [L0]: [Sent at 1641833290199] ( drop 4 )
LOG 1641833290203 [L0]: [Received at 1641833290203] ( PLAY 10.connect4.1641833284941 (noop ( drop 4 ) ) )
LOG 1641833290204 [L0]: [Sent at 1641833290204] noop
LOG 1641833290210 [L0]: [Received at 1641833290210] ( STOP 10.connect4.1641833284941 (( drop 4 ) noop ) )
LOG 1641833290212 [L3]: Stopped logging to files at: Mon Jan 10 17:48:10 CET 2022
LOG 1641833290212 [L3]: LOG SEALED
