LOG 1641832642846 [L3]: Returning initial state machine.
LOG 1641832642846 [L3]: Returning PropNet state machine without cache.
LOG 1641832642847 [L3]: Starting metagame with available thinking time 4989ms.
LOG 1641832642849 [L3]: Starting search during metagame.
LOG 1641832647836 [L3]: Done searching during metagame.
LOG 1641832647839 [L3]: Starting move selection for game step 1 with available time 0ms.
LOG 1641832647839 [L3]: No time to select next move using MCTS. Returning random move ( drop 2 ).
LOG 1641832647842 [L3]: Starting move selection for game step 2 with available time 0ms.
LOG 1641832647844 [L3]: No time to select next move using MCTS. Returning random move noop.
LOG 1641832647847 [L3]: Starting move selection for game step 3 with available time 0ms.
LOG 1641832647856 [L3]: No time to select next move using MCTS. Returning random move ( drop 2 ).
LOG 1641832647859 [L3]: Starting move selection for game step 4 with available time 0ms.
LOG 1641832647863 [L3]: No time to select next move using MCTS. Returning random move noop.
LOG 1641832647867 [L3]: Starting move selection for game step 5 with available time 0ms.
LOG 1641832647867 [L3]: No time to select next move using MCTS. Returning random move ( drop 5 ).
LOG 1641832647871 [L3]: Starting move selection for game step 6 with available time 0ms.
LOG 1641832647872 [L3]: No time to select next move using MCTS. Returning random move noop.
LOG 1641832647875 [L3]: Starting move selection for game step 7 with available time 0ms.
LOG 1641832647876 [L3]: No time to select next move using MCTS. Returning random move ( drop 6 ).
LOG 1641832647880 [L3]: Starting move selection for game step 8 with available time 0ms.
LOG 1641832647881 [L3]: No time to select next move using MCTS. Returning random move noop.
LOG 1641832647885 [L3]: Starting move selection for game step 9 with available time 0ms.
LOG 1641832647886 [L3]: No time to select next move using MCTS. Returning random move ( drop 2 ).
LOG 1641832647889 [L3]: Starting move selection for game step 10 with available time 0ms.
LOG 1641832647890 [L3]: No time to select next move using MCTS. Returning random move noop.
LOG 1641832647893 [L3]: Starting move selection for game step 11 with available time 0ms.
LOG 1641832647893 [L3]: No time to select next move using MCTS. Returning random move ( drop 6 ).
LOG 1641832647896 [L3]: Starting move selection for game step 12 with available time 0ms.
LOG 1641832647897 [L3]: No time to select next move using MCTS. Returning random move noop.
LOG 1641832647900 [L3]: Starting move selection for game step 13 with available time 0ms.
LOG 1641832647900 [L3]: No time to select next move using MCTS. Returning random move ( drop 2 ).
LOG 1641832647904 [L3]: Starting move selection for game step 14 with available time 0ms.
LOG 1641832647905 [L3]: No time to select next move using MCTS. Returning random move noop.
LOG 1641832647908 [L3]: Starting move selection for game step 15 with available time 0ms.
LOG 1641832647908 [L3]: No time to select next move using MCTS. Returning random move ( drop 5 ).
LOG 1641832647912 [L3]: Starting move selection for game step 16 with available time 0ms.
LOG 1641832647912 [L3]: No time to select next move using MCTS. Returning random move noop.
LOG 1641832647916 [L3]: Starting move selection for game step 17 with available time 0ms.
LOG 1641832647916 [L3]: No time to select next move using MCTS. Returning random move ( drop 7 ).
LOG 1641832647920 [L3]: Starting move selection for game step 18 with available time 0ms.
LOG 1641832647920 [L3]: No time to select next move using MCTS. Returning random move noop.
LOG 1641832647924 [L3]: Starting move selection for game step 19 with available time 0ms.
LOG 1641832647924 [L3]: No time to select next move using MCTS. Returning random move ( drop 7 ).
LOG 1641832647927 [L3]: Starting move selection for game step 20 with available time 0ms.
LOG 1641832647927 [L3]: No time to select next move using MCTS. Returning random move noop.
LOG 1641832647931 [L3]: Starting move selection for game step 21 with available time 0ms.
LOG 1641832647931 [L3]: No time to select next move using MCTS. Returning random move ( drop 3 ).
LOG 1641832647935 [L3]: Starting move selection for game step 22 with available time 0ms.
LOG 1641832647935 [L3]: No time to select next move using MCTS. Returning random move noop.
LOG 1641832647939 [L3]: Starting move selection for game step 23 with available time 0ms.
LOG 1641832647939 [L3]: No time to select next move using MCTS. Returning random move ( drop 4 ).
LOG 1641832647944 [L3]: Starting move selection for game step 24 with available time 0ms.
LOG 1641832647944 [L3]: No time to select next move using MCTS. Returning random move noop.
LOG 1641832647948 [L3]: Starting move selection for game step 25 with available time 0ms.
LOG 1641832647948 [L3]: No time to select next move using MCTS. Returning random move ( drop 4 ).
LOG 1641832647952 [L3]: Starting move selection for game step 26 with available time 0ms.
LOG 1641832647952 [L3]: No time to select next move using MCTS. Returning random move noop.
