LOG 1641915604953 [L3]: Returning initial state machine.
LOG 1641915604953 [L3]: Returning PropNet state machine without cache.
LOG 1641915604954 [L3]: Starting metagame with available thinking time 4990ms.
LOG 1641915604955 [L3]: Starting search during metagame.
LOG 1641915609944 [L3]: Done searching during metagame.
LOG 1641915609946 [L3]: Starting move selection for game step 1 with available time 10000ms.
LOG 1641915609947 [L3]: Selecting move using MCTS.
LOG 1641915619951 [L3]: Starting move selection for game step 2 with available time 10000ms.
LOG 1641915619954 [L3]: Selecting move using MCTS.
LOG 1641915629954 [L3]: Starting move selection for game step 3 with available time 10000ms.
LOG 1641915629957 [L3]: Selecting move using MCTS.
LOG 1641915639964 [L3]: Starting move selection for game step 4 with available time 10000ms.
LOG 1641915639968 [L3]: Selecting move using MCTS.
LOG 1641915649968 [L3]: Starting move selection for game step 5 with available time 10000ms.
LOG 1641915649968 [L3]: Selecting move using MCTS.
LOG 1641915659971 [L3]: Starting move selection for game step 6 with available time 10000ms.
LOG 1641915659971 [L3]: Selecting move using MCTS.
LOG 1641915669974 [L3]: Starting move selection for game step 7 with available time 10000ms.
LOG 1641915669975 [L3]: Selecting move using MCTS.
LOG 1641915679977 [L3]: Starting move selection for game step 8 with available time 10000ms.
LOG 1641915679977 [L3]: Selecting move using MCTS.
