LOG 1641835641611 [L3]: Started match logging at: Mon Jan 10 18:27:21 CET 2022
LOG 1641835641612 [L3]: Game rules: [( role white ), ( role black ), ( <= ( base ( cell ?x ?y ?p ) ) ( index ?x ) ( index ?y ) ( role ?p ) ), ( <= ( base ( control ?p ) ) ( role ?p ) ), ( <= ( input ?p noop ) ( role ?p ) ), ( <= ( input ?p ( move ?x1 ?y1 ?x2 ?y2 ) ) ( role ?p ) ( index ?x1 ) ( index ?x2 ) ( index ?y1 ) ( index ?y2 ) ), ( init ( cell 1 1 white ) ), ( init ( cell 2 1 white ) ), ( init ( cell 3 1 white ) ), ( init ( cell 4 1 white ) ), ( init ( cell 5 1 white ) ), ( init ( cell 6 1 white ) ), ( init ( cell 7 1 white ) ), ( init ( cell 8 1 white ) ), ( init ( cell 1 2 white ) ), ( init ( cell 2 2 white ) ), ( init ( cell 3 2 white ) ), ( init ( cell 4 2 white ) ), ( init ( cell 5 2 white ) ), ( init ( cell 6 2 white ) ), ( init ( cell 7 2 white ) ), ( init ( cell 8 2 white ) ), ( init ( cell 1 7 black ) ), ( init ( cell 2 7 black ) ), ( init ( cell 3 7 black ) ), ( init ( cell 4 7 black ) ), ( init ( cell 5 7 black ) ), ( init ( cell 6 7 black ) ), ( init ( cell 7 7 black ) ), ( init ( cell 8 7 black ) ), ( init ( cell 1 8 black ) ), ( init ( cell 2 8 black ) ), ( init ( cell 3 8 black ) ), ( init ( cell 4 8 black ) ), ( init ( cell 5 8 black ) ), ( init ( cell 6 8 black ) ), ( init ( cell 7 8 black ) ), ( init ( cell 8 8 black ) ), ( init ( control white ) ), ( <= ( legal white noop ) ( true ( control black ) ) ), ( <= ( legal black noop ) ( true ( control white ) ) ), ( <= ( legal white ( move ?x1 ?y1 ?x2 ?y2 ) ) ( true ( control white ) ) ( true ( cell ?x1 ?y1 white ) ) ( whiteknightmove ?x1 ?y1 ?x2 ?y2 ) ( not ( true ( cell ?x2 ?y2 white ) ) ) ), ( <= ( legal black ( move ?x1 ?y1 ?x2 ?y2 ) ) ( true ( control black ) ) ( true ( cell ?x1 ?y1 black ) ) ( blackknightmove ?x1 ?y1 ?x2 ?y2 ) ( not ( true ( cell ?x2 ?y2 black ) ) ) ), ( <= ( next ( cell ?x ?y ?state ) ) ( true ( cell ?x ?y ?state ) ) ( does ?player ( move ?x1 ?y1 ?x2 ?y2 ) ) ( distinctcell ?x ?y ?x1 ?y1 ) ( distinctcell ?x ?y ?x2 ?y2 ) ), ( <= ( next ( cell ?x2 ?y2 ?player ) ) ( does ?player ( move ?x1 ?y1 ?x2 ?y2 ) ) ), ( <= ( next ( control black ) ) ( true ( control white ) ) ), ( <= ( next ( control white ) ) ( true ( control black ) ) ), ( <= terminal whitewin ), ( <= terminal blackwin ), ( <= ( goal white 100 ) whitewin ), ( <= ( goal white 0 ) blackwin ), ( <= ( goal black 100 ) blackwin ), ( <= ( goal black 0 ) whitewin ), ( <= whitewin ( index ?x ) ( true ( cell ?x 8 white ) ) ), ( <= blackwin ( index ?x ) ( true ( cell ?x 1 black ) ) ), ( <= whitewin ( not ( hasAnyPiece black ) ) ), ( <= blackwin ( not ( hasAnyPiece white ) ) ), ( <= ( hasAnyPiece ?player ) ( true ( cell ?x ?y ?player ) ) ), ( <= ( whiteknightmove ?x1 ?y1 ?x2 ?y2 ) ( plus 1 ?x1 ?x2 ) ( plus 2 ?y1 ?y2 ) ), ( <= ( whiteknightmove ?x1 ?y1 ?x2 ?y2 ) ( plus 1 ?x2 ?x1 ) ( plus 2 ?y1 ?y2 ) ), ( <= ( whiteknightmove ?x1 ?y1 ?x2 ?y2 ) ( plus 2 ?x1 ?x2 ) ( plus 1 ?y1 ?y2 ) ), ( <= ( whiteknightmove ?x1 ?y1 ?x2 ?y2 ) ( plus 2 ?x2 ?x1 ) ( plus 1 ?y1 ?y2 ) ), ( <= ( blackknightmove ?x1 ?y1 ?x2 ?y2 ) ( plus 1 ?x1 ?x2 ) ( plus 2 ?y2 ?y1 ) ), ( <= ( blackknightmove ?x1 ?y1 ?x2 ?y2 ) ( plus 1 ?x2 ?x1 ) ( plus 2 ?y2 ?y1 ) ), ( <= ( blackknightmove ?x1 ?y1 ?x2 ?y2 ) ( plus 2 ?x1 ?x2 ) ( plus 1 ?y2 ?y1 ) ), ( <= ( blackknightmove ?x1 ?y1 ?x2 ?y2 ) ( plus 2 ?x2 ?x1 ) ( plus 1 ?y2 ?y1 ) ), ( <= ( cell ?x ?y ) ( index ?x ) ( index ?y ) ), ( <= ( distinctcell ?x1 ?y1 ?x2 ?y2 ) ( cell ?x1 ?y1 ) ( cell ?x2 ?y2 ) ( distinct ?x1 ?x2 ) ), ( <= ( distinctcell ?x1 ?y1 ?x2 ?y2 ) ( cell ?x1 ?y1 ) ( cell ?x2 ?y2 ) ( distinct ?y1 ?y2 ) ), ( index 1 ), ( index 2 ), ( index 3 ), ( index 4 ), ( index 5 ), ( index 6 ), ( index 7 ), ( index 8 ), ( plus 1 1 2 ), ( plus 1 2 3 ), ( plus 1 3 4 ), ( plus 1 4 5 ), ( plus 1 5 6 ), ( plus 1 6 7 ), ( plus 1 7 8 ), ( plus 2 1 3 ), ( plus 2 2 4 ), ( plus 2 3 5 ), ( plus 2 4 6 ), ( plus 2 5 7 ), ( plus 2 6 8 )]
LOG 1641835641618 [L3]: Start clock: 15
LOG 1641835641619 [L3]: Play clock: 10
LOG 1641835646611 [L0]: [Sent at 1641835646611] ready
LOG 1641835646613 [L0]: [Received at 1641835646613] ( PLAY 18.knightThrough.1641835640062 NIL )
LOG 1641835646614 [L0]: [Sent at 1641835646614] ( move 4 1 3 3 )
LOG 1641835646617 [L0]: [Received at 1641835646617] ( PLAY 18.knightThrough.1641835640062 (( move 4 1 3 3 ) noop ) )
LOG 1641835646619 [L0]: [Sent at 1641835646619] noop
LOG 1641835646623 [L0]: [Received at 1641835646623] ( PLAY 18.knightThrough.1641835640062 (noop ( move 6 7 8 6 ) ) )
LOG 1641835646632 [L0]: [Sent at 1641835646632] ( move 5 2 7 3 )
LOG 1641835646636 [L0]: [Received at 1641835646636] ( PLAY 18.knightThrough.1641835640062 (( move 5 2 7 3 ) noop ) )
LOG 1641835646638 [L0]: [Sent at 1641835646638] noop
LOG 1641835646644 [L0]: [Received at 1641835646644] ( PLAY 18.knightThrough.1641835640062 (noop ( move 5 7 7 6 ) ) )
LOG 1641835646645 [L0]: [Sent at 1641835646645] ( move 2 1 1 3 )
LOG 1641835646648 [L0]: [Received at 1641835646648] ( PLAY 18.knightThrough.1641835640062 (( move 2 1 1 3 ) noop ) )
LOG 1641835646650 [L0]: [Sent at 1641835646650] noop
LOG 1641835646652 [L0]: [Received at 1641835646652] ( PLAY 18.knightThrough.1641835640062 (noop ( move 4 8 6 7 ) ) )
LOG 1641835646653 [L0]: [Sent at 1641835646653] ( move 7 2 8 4 )
LOG 1641835646655 [L0]: [Received at 1641835646655] ( PLAY 18.knightThrough.1641835640062 (( move 7 2 8 4 ) noop ) )
LOG 1641835646656 [L0]: [Sent at 1641835646656] noop
LOG 1641835646659 [L0]: [Received at 1641835646659] ( PLAY 18.knightThrough.1641835640062 (noop ( move 5 8 6 6 ) ) )
LOG 1641835646660 [L0]: [Sent at 1641835646660] ( move 4 2 5 4 )
LOG 1641835646662 [L0]: [Received at 1641835646662] ( PLAY 18.knightThrough.1641835640062 (( move 4 2 5 4 ) noop ) )
LOG 1641835646663 [L0]: [Sent at 1641835646663] noop
LOG 1641835646666 [L0]: [Received at 1641835646666] ( PLAY 18.knightThrough.1641835640062 (noop ( move 2 7 3 5 ) ) )
LOG 1641835646667 [L0]: [Sent at 1641835646667] ( move 3 3 4 5 )
LOG 1641835646669 [L0]: [Received at 1641835646669] ( PLAY 18.knightThrough.1641835640062 (( move 3 3 4 5 ) noop ) )
LOG 1641835646671 [L0]: [Sent at 1641835646671] noop
LOG 1641835646682 [L0]: [Received at 1641835646682] ( PLAY 18.knightThrough.1641835640062 (noop ( move 7 6 6 4 ) ) )
LOG 1641835646683 [L0]: [Sent at 1641835646683] ( move 2 2 1 4 )
LOG 1641835646685 [L0]: [Received at 1641835646685] ( PLAY 18.knightThrough.1641835640062 (( move 2 2 1 4 ) noop ) )
LOG 1641835646687 [L0]: [Sent at 1641835646687] noop
LOG 1641835646689 [L0]: [Received at 1641835646689] ( PLAY 18.knightThrough.1641835640062 (noop ( move 8 7 7 5 ) ) )
LOG 1641835646690 [L0]: [Sent at 1641835646690] ( move 3 1 4 3 )
LOG 1641835646693 [L0]: [Received at 1641835646693] ( PLAY 18.knightThrough.1641835640062 (( move 3 1 4 3 ) noop ) )
LOG 1641835646695 [L0]: [Sent at 1641835646695] noop
LOG 1641835646697 [L0]: [Received at 1641835646697] ( PLAY 18.knightThrough.1641835640062 (noop ( move 1 8 2 6 ) ) )
LOG 1641835646698 [L0]: [Sent at 1641835646698] ( move 7 1 8 3 )
LOG 1641835646701 [L0]: [Received at 1641835646701] ( PLAY 18.knightThrough.1641835640062 (( move 7 1 8 3 ) noop ) )
LOG 1641835646702 [L0]: [Sent at 1641835646702] noop
LOG 1641835646704 [L0]: [Received at 1641835646704] ( PLAY 18.knightThrough.1641835640062 (noop ( move 3 8 5 7 ) ) )
LOG 1641835646706 [L0]: [Sent at 1641835646706] ( move 5 4 7 5 )
LOG 1641835646708 [L0]: [Received at 1641835646708] ( PLAY 18.knightThrough.1641835640062 (( move 5 4 7 5 ) noop ) )
LOG 1641835646709 [L0]: [Sent at 1641835646709] noop
LOG 1641835646711 [L0]: [Received at 1641835646711] ( PLAY 18.knightThrough.1641835640062 (noop ( move 2 6 4 5 ) ) )
LOG 1641835646712 [L0]: [Sent at 1641835646712] ( move 3 2 2 4 )
LOG 1641835646715 [L0]: [Received at 1641835646715] ( PLAY 18.knightThrough.1641835640062 (( move 3 2 2 4 ) noop ) )
LOG 1641835646716 [L0]: [Sent at 1641835646716] noop
LOG 1641835646717 [L0]: [Received at 1641835646717] ( PLAY 18.knightThrough.1641835640062 (noop ( move 4 5 3 3 ) ) )
LOG 1641835646719 [L0]: [Sent at 1641835646719] ( move 6 2 5 4 )
LOG 1641835646721 [L0]: [Received at 1641835646721] ( PLAY 18.knightThrough.1641835640062 (( move 6 2 5 4 ) noop ) )
LOG 1641835646722 [L0]: [Sent at 1641835646722] noop
LOG 1641835646724 [L0]: [Received at 1641835646724] ( PLAY 18.knightThrough.1641835640062 (noop ( move 3 3 1 2 ) ) )
LOG 1641835646725 [L0]: [Sent at 1641835646725] ( move 1 1 3 2 )
LOG 1641835646727 [L0]: [Received at 1641835646727] ( PLAY 18.knightThrough.1641835640062 (( move 1 1 3 2 ) noop ) )
LOG 1641835646729 [L0]: [Sent at 1641835646729] noop
LOG 1641835646731 [L0]: [Received at 1641835646731] ( PLAY 18.knightThrough.1641835640062 (noop ( move 7 7 8 5 ) ) )
LOG 1641835646732 [L0]: [Sent at 1641835646732] ( move 2 4 4 5 )
LOG 1641835646734 [L0]: [Received at 1641835646734] ( PLAY 18.knightThrough.1641835640062 (( move 2 4 4 5 ) noop ) )
LOG 1641835646736 [L0]: [Sent at 1641835646736] noop
LOG 1641835646737 [L0]: [Received at 1641835646737] ( PLAY 18.knightThrough.1641835640062 (noop ( move 5 7 4 5 ) ) )
LOG 1641835646738 [L0]: [Sent at 1641835646738] ( move 8 1 6 2 )
LOG 1641835646740 [L0]: [Received at 1641835646740] ( PLAY 18.knightThrough.1641835640062 (( move 8 1 6 2 ) noop ) )
LOG 1641835646741 [L0]: [Sent at 1641835646741] noop
LOG 1641835646744 [L0]: [Received at 1641835646744] ( PLAY 18.knightThrough.1641835640062 (noop ( move 6 8 5 6 ) ) )
LOG 1641835646745 [L0]: [Sent at 1641835646745] ( move 8 4 7 6 )
LOG 1641835646747 [L0]: [Received at 1641835646747] ( PLAY 18.knightThrough.1641835640062 (( move 8 4 7 6 ) noop ) )
LOG 1641835646749 [L0]: [Sent at 1641835646749] noop
LOG 1641835646750 [L0]: [Received at 1641835646750] ( PLAY 18.knightThrough.1641835640062 (noop ( move 3 5 2 3 ) ) )
LOG 1641835646752 [L0]: [Sent at 1641835646752] ( move 5 4 4 6 )
LOG 1641835646754 [L0]: [Received at 1641835646754] ( PLAY 18.knightThrough.1641835640062 (( move 5 4 4 6 ) noop ) )
LOG 1641835646755 [L0]: [Sent at 1641835646755] noop
LOG 1641835646757 [L0]: [Received at 1641835646757] ( PLAY 18.knightThrough.1641835640062 (noop ( move 8 8 7 6 ) ) )
LOG 1641835646758 [L0]: [Sent at 1641835646758] ( move 7 5 6 7 )
LOG 1641835646760 [L0]: [Received at 1641835646760] ( PLAY 18.knightThrough.1641835640062 (( move 7 5 6 7 ) noop ) )
LOG 1641835646761 [L0]: [Sent at 1641835646761] noop
LOG 1641835646763 [L0]: [Received at 1641835646763] ( PLAY 18.knightThrough.1641835640062 (noop ( move 5 6 4 4 ) ) )
LOG 1641835646764 [L0]: [Sent at 1641835646764] ( move 4 6 5 8 )
LOG 1641835646767 [L0]: [Received at 1641835646767] ( STOP 18.knightThrough.1641835640062 (( move 4 6 5 8 ) noop ) )
LOG 1641835646768 [L3]: Stopped logging to files at: Mon Jan 10 18:27:26 CET 2022
LOG 1641835646768 [L3]: LOG SEALED
