LOG 1641920202336 [L3]: Returning initial state machine.
LOG 1641920202336 [L3]: Returning PropNet state machine without cache.
LOG 1641920202337 [L3]: Starting metagame with available thinking time 4990ms.
LOG 1641920202338 [L3]: Starting search during metagame.
LOG 1641920207327 [L3]: Done searching during metagame.
LOG 1641920207330 [L3]: Starting move selection for game step 1 with available time 10000ms.
LOG 1641920207331 [L3]: Selecting move using MCTS.
LOG 1641920217334 [L3]: Starting move selection for game step 2 with available time 10000ms.
LOG 1641920217337 [L3]: Selecting move using MCTS.
LOG 1641920227338 [L3]: Starting move selection for game step 3 with available time 10000ms.
LOG 1641920227340 [L3]: Selecting move using MCTS.
LOG 1641920237348 [L3]: Starting move selection for game step 4 with available time 10000ms.
LOG 1641920237352 [L3]: Selecting move using MCTS.
LOG 1641920247352 [L3]: Starting move selection for game step 5 with available time 10000ms.
LOG 1641920247352 [L3]: Selecting move using MCTS.
LOG 1641920257367 [L3]: Starting move selection for game step 6 with available time 9999ms.
LOG 1641920257367 [L3]: Selecting move using MCTS.
LOG 1641920267371 [L3]: Starting move selection for game step 7 with available time 10000ms.
LOG 1641920267372 [L3]: Selecting move using MCTS.
LOG 1641920277375 [L3]: Starting move selection for game step 8 with available time 10000ms.
LOG 1641920277376 [L3]: Selecting move using MCTS.
LOG 1641920287379 [L3]: Starting move selection for game step 9 with available time 10000ms.
LOG 1641920287379 [L3]: Selecting move using MCTS.
LOG 1641920297383 [L3]: Starting move selection for game step 10 with available time 10000ms.
LOG 1641920297383 [L3]: Selecting move using MCTS.
LOG 1641920307394 [L3]: Starting move selection for game step 11 with available time 10000ms.
LOG 1641920307394 [L3]: Selecting move using MCTS.
LOG 1641920317398 [L3]: Starting move selection for game step 12 with available time 10000ms.
LOG 1641920317398 [L3]: Selecting move using MCTS.
LOG 1641920327401 [L3]: Starting move selection for game step 13 with available time 10000ms.
LOG 1641920327402 [L3]: Selecting move using MCTS.
LOG 1641920337406 [L3]: Starting move selection for game step 14 with available time 10000ms.
LOG 1641920337406 [L3]: Selecting move using MCTS.
LOG 1641920347410 [L3]: Starting move selection for game step 15 with available time 10000ms.
LOG 1641920347411 [L3]: Selecting move using MCTS.
LOG 1641920357413 [L3]: Starting move selection for game step 16 with available time 10000ms.
LOG 1641920357414 [L3]: Selecting move using MCTS.
LOG 1641920367417 [L3]: Starting move selection for game step 17 with available time 10000ms.
LOG 1641920367418 [L3]: Selecting move using MCTS.
LOG 1641920377421 [L3]: Starting move selection for game step 18 with available time 10000ms.
LOG 1641920377421 [L3]: Selecting move using MCTS.
LOG 1641920387424 [L3]: Starting move selection for game step 19 with available time 10000ms.
LOG 1641920387425 [L3]: Selecting move using MCTS.
LOG 1641920397428 [L3]: Starting move selection for game step 20 with available time 10000ms.
LOG 1641920397428 [L3]: Selecting move using MCTS.
LOG 1641920407431 [L3]: Starting move selection for game step 21 with available time 10000ms.
LOG 1641920407432 [L3]: Selecting move using MCTS.
LOG 1641920417436 [L3]: Starting move selection for game step 22 with available time 10000ms.
LOG 1641920417436 [L3]: Selecting move using MCTS.
LOG 1641920427440 [L3]: Starting move selection for game step 23 with available time 10000ms.
LOG 1641920427440 [L3]: Selecting move using MCTS.
LOG 1641920437444 [L3]: Starting move selection for game step 24 with available time 10000ms.
LOG 1641920437444 [L3]: Selecting move using MCTS.
LOG 1641920447447 [L3]: Starting move selection for game step 25 with available time 10000ms.
LOG 1641920447448 [L3]: Selecting move using MCTS.
LOG 1641920457452 [L3]: Starting move selection for game step 26 with available time 10000ms.
LOG 1641920457452 [L3]: Selecting move using MCTS.
