LOG 1641832590058 [L3]: Returning initial state machine.
LOG 1641832590058 [L3]: Returning PropNet state machine without cache.
LOG 1641832590061 [L3]: Starting metagame with available thinking time 4988ms.
LOG 1641832590069 [L3]: Starting search during metagame.
LOG 1641832595049 [L3]: Done searching during metagame.
LOG 1641832595069 [L3]: Starting move selection for game step 1 with available time 0ms.
LOG 1641832595070 [L3]: No time to select next move using MCTS. Returning random move noop.
LOG 1641832595083 [L3]: Starting move selection for game step 2 with available time 0ms.
LOG 1641832595094 [L3]: No time to select next move using MCTS. Returning random move ( drop 7 ).
LOG 1641832595106 [L3]: Starting move selection for game step 3 with available time 0ms.
LOG 1641832595118 [L3]: No time to select next move using MCTS. Returning random move noop.
LOG 1641832595134 [L3]: Starting move selection for game step 4 with available time 0ms.
LOG 1641832595143 [L3]: No time to select next move using MCTS. Returning random move ( drop 3 ).
LOG 1641832595155 [L3]: Starting move selection for game step 5 with available time 0ms.
LOG 1641832595155 [L3]: No time to select next move using MCTS. Returning random move noop.
LOG 1641832595163 [L3]: Starting move selection for game step 6 with available time 0ms.
LOG 1641832595163 [L3]: No time to select next move using MCTS. Returning random move ( drop 5 ).
LOG 1641832595171 [L3]: Starting move selection for game step 7 with available time 0ms.
LOG 1641832595171 [L3]: No time to select next move using MCTS. Returning random move noop.
LOG 1641832595179 [L3]: Starting move selection for game step 8 with available time -1ms.
LOG 1641832595179 [L3]: No time to select next move using MCTS. Returning random move ( drop 2 ).
LOG 1641832595186 [L3]: Starting move selection for game step 9 with available time 0ms.
LOG 1641832595187 [L3]: No time to select next move using MCTS. Returning random move noop.
LOG 1641832595193 [L3]: Starting move selection for game step 10 with available time 0ms.
LOG 1641832595194 [L3]: No time to select next move using MCTS. Returning random move ( drop 7 ).
LOG 1641832595201 [L3]: Starting move selection for game step 11 with available time 0ms.
LOG 1641832595202 [L3]: No time to select next move using MCTS. Returning random move noop.
LOG 1641832595209 [L3]: Starting move selection for game step 12 with available time 0ms.
LOG 1641832595210 [L3]: No time to select next move using MCTS. Returning random move ( drop 4 ).
