LOG 1641906001052 [L3]: Returning initial state machine.
LOG 1641906001052 [L3]: Returning PropNet state machine without cache.
LOG 1641906001053 [L3]: Starting metagame with available thinking time 4997ms.
LOG 1641906001055 [L3]: Starting search during metagame.
LOG 1641906006050 [L3]: Done searching during metagame.
LOG 1641906006052 [L3]: Starting move selection for game step 1 with available time 10000ms.
LOG 1641906006052 [L3]: Selecting move using MCTS.
LOG 1641906016052 [L3]: Returning MCTS move ( drop 4 ).
LOG 1641906016055 [L3]: Starting move selection for game step 2 with available time 10000ms.
LOG 1641906016060 [L3]: Selecting move using MCTS.
LOG 1641906026055 [L3]: Returning MCTS move noop.
LOG 1641906026058 [L3]: Starting move selection for game step 3 with available time 10000ms.
LOG 1641906026073 [L3]: Selecting move using MCTS.
LOG 1641906036058 [L3]: Returning MCTS move ( drop 4 ).
LOG 1641906036068 [L3]: Starting move selection for game step 4 with available time 10000ms.
LOG 1641906036083 [L3]: Selecting move using MCTS.
LOG 1641906046068 [L3]: Returning MCTS move noop.
LOG 1641906046071 [L3]: Starting move selection for game step 5 with available time 10000ms.
LOG 1641906046087 [L3]: Selecting move using MCTS.
LOG 1641906056071 [L3]: Returning MCTS move ( drop 4 ).
LOG 1641906056074 [L3]: Starting move selection for game step 6 with available time 10000ms.
LOG 1641906056094 [L3]: Selecting move using MCTS.
LOG 1641906066074 [L3]: Returning MCTS move noop.
LOG 1641906066077 [L3]: Starting move selection for game step 7 with available time 10000ms.
LOG 1641906066100 [L3]: Selecting move using MCTS.
LOG 1641906076077 [L3]: Returning MCTS move ( drop 3 ).
LOG 1641906076080 [L3]: Starting move selection for game step 8 with available time 10000ms.
LOG 1641906076098 [L3]: Selecting move using MCTS.
LOG 1641906086080 [L3]: Returning MCTS move noop.
LOG 1641906086083 [L3]: Starting move selection for game step 9 with available time 10000ms.
LOG 1641906086103 [L3]: Selecting move using MCTS.
LOG 1641906096083 [L3]: Returning MCTS move ( drop 5 ).
LOG 1641906096086 [L3]: Starting move selection for game step 10 with available time 10000ms.
LOG 1641906096106 [L3]: Selecting move using MCTS.
LOG 1641906106086 [L3]: Returning MCTS move noop.
LOG 1641906106089 [L3]: Starting move selection for game step 11 with available time 10000ms.
LOG 1641906106108 [L3]: Selecting move using MCTS.
LOG 1641906116089 [L3]: Returning MCTS move ( drop 5 ).
LOG 1641906116092 [L3]: Starting move selection for game step 12 with available time 10000ms.
LOG 1641906116113 [L3]: Selecting move using MCTS.
LOG 1641906126092 [L3]: Returning MCTS move noop.
LOG 1641906126095 [L3]: Starting move selection for game step 13 with available time 10000ms.
LOG 1641906126118 [L3]: Selecting move using MCTS.
LOG 1641906136095 [L3]: Returning MCTS move ( drop 3 ).
LOG 1641906136098 [L3]: Starting move selection for game step 14 with available time 10000ms.
LOG 1641906136114 [L3]: Selecting move using MCTS.
LOG 1641906146098 [L3]: Returning MCTS move noop.
LOG 1641906146101 [L3]: Starting move selection for game step 15 with available time 10000ms.
LOG 1641906146118 [L3]: Selecting move using MCTS.
LOG 1641906156101 [L3]: Returning MCTS move ( drop 7 ).
LOG 1641906156105 [L3]: Starting move selection for game step 16 with available time 10000ms.
LOG 1641906156120 [L3]: Selecting move using MCTS.
LOG 1641906166105 [L3]: Returning MCTS move noop.
LOG 1641906166108 [L3]: Starting move selection for game step 17 with available time 10000ms.
LOG 1641906166122 [L3]: Selecting move using MCTS.
LOG 1641906176108 [L3]: Returning MCTS move ( drop 7 ).
LOG 1641906176111 [L3]: Starting move selection for game step 18 with available time 10000ms.
LOG 1641906176124 [L3]: Selecting move using MCTS.
LOG 1641906186111 [L3]: Returning MCTS move noop.
LOG 1641906186115 [L3]: Starting move selection for game step 19 with available time 10000ms.
LOG 1641906186126 [L3]: Selecting move using MCTS.
LOG 1641906196115 [L3]: Returning MCTS move ( drop 2 ).
LOG 1641906196118 [L3]: Starting move selection for game step 20 with available time 10000ms.
LOG 1641906196124 [L3]: Selecting move using MCTS.
LOG 1641906206118 [L3]: Returning MCTS move noop.
LOG 1641906206121 [L3]: Starting move selection for game step 21 with available time 10000ms.
LOG 1641906206127 [L3]: Selecting move using MCTS.
LOG 1641906216121 [L3]: Returning MCTS move ( drop 5 ).
LOG 1641906216125 [L3]: Starting move selection for game step 22 with available time 10000ms.
LOG 1641906216128 [L3]: Selecting move using MCTS.
LOG 1641906226125 [L3]: Returning MCTS move noop.
LOG 1641906226128 [L3]: Starting move selection for game step 23 with available time 10000ms.
LOG 1641906226133 [L3]: Selecting move using MCTS.
LOG 1641906236128 [L3]: Returning MCTS move ( drop 5 ).
LOG 1641906236131 [L3]: Starting move selection for game step 24 with available time 10000ms.
LOG 1641906236134 [L3]: Selecting move using MCTS.
LOG 1641906246131 [L3]: Returning MCTS move noop.
LOG 1641906246134 [L3]: Starting move selection for game step 25 with available time 10000ms.
LOG 1641906246137 [L3]: Selecting move using MCTS.
LOG 1641906256134 [L3]: Returning MCTS move ( drop 2 ).
LOG 1641906256137 [L3]: Starting move selection for game step 26 with available time 10000ms.
LOG 1641906256139 [L3]: Selecting move using MCTS.
LOG 1641906266137 [L3]: Returning MCTS move noop.
LOG 1641906266140 [L3]: Starting move selection for game step 27 with available time 10000ms.
LOG 1641906266143 [L3]: Selecting move using MCTS.
LOG 1641906276140 [L3]: Returning MCTS move ( drop 1 ).
LOG 1641906276144 [L3]: Starting move selection for game step 28 with available time 10000ms.
LOG 1641906276145 [L3]: Selecting move using MCTS.
LOG 1641906286144 [L3]: Returning MCTS move noop.
LOG 1641906286147 [L3]: Starting move selection for game step 29 with available time 10000ms.
LOG 1641906286148 [L3]: Selecting move using MCTS.
LOG 1641906296147 [L3]: Returning MCTS move ( drop 5 ).
LOG 1641906296150 [L3]: Starting move selection for game step 30 with available time 10000ms.
LOG 1641906296151 [L3]: Selecting move using MCTS.
LOG 1641906306150 [L3]: Returning MCTS move noop.
LOG 1641906306158 [L3]: Starting move selection for game step 31 with available time 10000ms.
LOG 1641906306159 [L3]: Selecting move using MCTS.
LOG 1641906316158 [L3]: Returning MCTS move ( drop 1 ).
LOG 1641906316161 [L3]: Starting move selection for game step 32 with available time 10000ms.
LOG 1641906316162 [L3]: Selecting move using MCTS.
LOG 1641906326161 [L3]: Returning MCTS move noop.
LOG 1641906326164 [L3]: Starting move selection for game step 33 with available time 10000ms.
LOG 1641906326165 [L3]: Selecting move using MCTS.
LOG 1641906336164 [L3]: Returning MCTS move ( drop 7 ).
LOG 1641906336167 [L3]: Starting move selection for game step 34 with available time 10000ms.
LOG 1641906336168 [L3]: Selecting move using MCTS.
LOG 1641906346167 [L3]: Returning MCTS move noop.
LOG 1641906346170 [L3]: Starting move selection for game step 35 with available time 10000ms.
LOG 1641906346171 [L3]: Selecting move using MCTS.
LOG 1641906356170 [L3]: Returning MCTS move ( drop 1 ).
