LOG 1641836233335 [L3]: Returning initial state machine.
LOG 1641836233336 [L3]: Returning PropNet state machine without cache.
LOG 1641836233337 [L3]: Starting metagame with available thinking time 4990ms.
LOG 1641836233338 [L3]: Starting search during metagame.
LOG 1641836238327 [L3]: Done searching during metagame.
LOG 1641836238330 [L3]: Starting move selection for game step 1 with available time 0ms.
LOG 1641836238330 [L3]: No time to select next move using MCTS. Returning random move noop.
LOG 1641836238333 [L3]: Starting move selection for game step 2 with available time 0ms.
LOG 1641836238339 [L3]: No time to select next move using MCTS. Returning random move ( move 6 7 8 6 ).
LOG 1641836238343 [L3]: Starting move selection for game step 3 with available time 0ms.
LOG 1641836238354 [L3]: No time to select next move using MCTS. Returning random move noop.
LOG 1641836238359 [L3]: Starting move selection for game step 4 with available time 0ms.
LOG 1641836238368 [L3]: No time to select next move using MCTS. Returning random move ( move 3 7 1 6 ).
LOG 1641836238371 [L3]: Starting move selection for game step 5 with available time 0ms.
LOG 1641836238372 [L3]: No time to select next move using MCTS. Returning random move noop.
LOG 1641836238375 [L3]: Starting move selection for game step 6 with available time 0ms.
LOG 1641836238375 [L3]: No time to select next move using MCTS. Returning random move ( move 8 8 7 6 ).
LOG 1641836238378 [L3]: Starting move selection for game step 7 with available time 0ms.
LOG 1641836238378 [L3]: No time to select next move using MCTS. Returning random move noop.
LOG 1641836238382 [L3]: Starting move selection for game step 8 with available time 0ms.
LOG 1641836238382 [L3]: No time to select next move using MCTS. Returning random move ( move 4 7 2 6 ).
LOG 1641836238385 [L3]: Starting move selection for game step 9 with available time 0ms.
LOG 1641836238386 [L3]: No time to select next move using MCTS. Returning random move noop.
LOG 1641836238389 [L3]: Starting move selection for game step 10 with available time 0ms.
LOG 1641836238389 [L3]: No time to select next move using MCTS. Returning random move ( move 7 6 6 4 ).
LOG 1641836238392 [L3]: Starting move selection for game step 11 with available time 0ms.
LOG 1641836238392 [L3]: No time to select next move using MCTS. Returning random move noop.
LOG 1641836238395 [L3]: Starting move selection for game step 12 with available time 0ms.
LOG 1641836238396 [L3]: No time to select next move using MCTS. Returning random move ( move 5 8 3 7 ).
LOG 1641836238399 [L3]: Starting move selection for game step 13 with available time 0ms.
LOG 1641836238399 [L3]: No time to select next move using MCTS. Returning random move noop.
LOG 1641836238403 [L3]: Starting move selection for game step 14 with available time 0ms.
LOG 1641836238403 [L3]: No time to select next move using MCTS. Returning random move ( move 3 7 4 5 ).
LOG 1641836238406 [L3]: Starting move selection for game step 15 with available time 0ms.
LOG 1641836238407 [L3]: No time to select next move using MCTS. Returning random move noop.
LOG 1641836238410 [L3]: Starting move selection for game step 16 with available time 0ms.
LOG 1641836238410 [L3]: No time to select next move using MCTS. Returning random move ( move 4 5 3 3 ).
LOG 1641836238413 [L3]: Starting move selection for game step 17 with available time 0ms.
LOG 1641836238414 [L3]: No time to select next move using MCTS. Returning random move noop.
LOG 1641836238416 [L3]: Starting move selection for game step 18 with available time 0ms.
LOG 1641836238417 [L3]: No time to select next move using MCTS. Returning random move ( move 2 6 4 5 ).
LOG 1641836238420 [L3]: Starting move selection for game step 19 with available time 0ms.
LOG 1641836238420 [L3]: No time to select next move using MCTS. Returning random move noop.
LOG 1641836238424 [L3]: Starting move selection for game step 20 with available time 0ms.
LOG 1641836238424 [L3]: No time to select next move using MCTS. Returning random move ( move 1 6 3 5 ).
LOG 1641836238427 [L3]: Starting move selection for game step 21 with available time 0ms.
LOG 1641836238427 [L3]: No time to select next move using MCTS. Returning random move noop.
LOG 1641836238430 [L3]: Starting move selection for game step 22 with available time 0ms.
LOG 1641836238430 [L3]: No time to select next move using MCTS. Returning random move ( move 3 8 4 6 ).
LOG 1641836238433 [L3]: Starting move selection for game step 23 with available time 0ms.
LOG 1641836238434 [L3]: No time to select next move using MCTS. Returning random move noop.
LOG 1641836238436 [L3]: Starting move selection for game step 24 with available time 0ms.
LOG 1641836238437 [L3]: No time to select next move using MCTS. Returning random move ( move 1 7 3 6 ).
LOG 1641836238440 [L3]: Starting move selection for game step 25 with available time 0ms.
LOG 1641836238440 [L3]: No time to select next move using MCTS. Returning random move noop.
