LOG 1641833699591 [L3]: Returning initial state machine.
LOG 1641833699591 [L3]: Returning PropNet state machine without cache.
LOG 1641833699593 [L3]: Starting metagame with available thinking time 4988ms.
LOG 1641833699595 [L3]: Starting search during metagame.
LOG 1641833704581 [L3]: Done searching during metagame.
LOG 1641833704584 [L3]: Starting move selection for game step 1 with available time 0ms.
LOG 1641833704584 [L3]: No time to select next move using MCTS. Returning random move noop.
LOG 1641833704588 [L3]: Starting move selection for game step 2 with available time 0ms.
LOG 1641833704595 [L3]: No time to select next move using MCTS. Returning random move ( drop 2 ).
LOG 1641833704599 [L3]: Starting move selection for game step 3 with available time 0ms.
LOG 1641833704609 [L3]: No time to select next move using MCTS. Returning random move noop.
LOG 1641833704613 [L3]: Starting move selection for game step 4 with available time 0ms.
LOG 1641833704622 [L3]: No time to select next move using MCTS. Returning random move ( drop 2 ).
LOG 1641833704626 [L3]: Starting move selection for game step 5 with available time 0ms.
LOG 1641833704627 [L3]: No time to select next move using MCTS. Returning random move noop.
LOG 1641833704642 [L3]: Starting move selection for game step 6 with available time 0ms.
LOG 1641833704643 [L3]: No time to select next move using MCTS. Returning random move ( drop 5 ).
LOG 1641833704646 [L3]: Starting move selection for game step 7 with available time 0ms.
LOG 1641833704646 [L3]: No time to select next move using MCTS. Returning random move noop.
LOG 1641833704651 [L3]: Starting move selection for game step 8 with available time 0ms.
LOG 1641833704652 [L3]: No time to select next move using MCTS. Returning random move ( drop 5 ).
LOG 1641833704656 [L3]: Starting move selection for game step 9 with available time 0ms.
LOG 1641833704657 [L3]: No time to select next move using MCTS. Returning random move noop.
LOG 1641833704661 [L3]: Starting move selection for game step 10 with available time 0ms.
LOG 1641833704661 [L3]: No time to select next move using MCTS. Returning random move ( drop 3 ).
LOG 1641833704665 [L3]: Starting move selection for game step 11 with available time 0ms.
LOG 1641833704665 [L3]: No time to select next move using MCTS. Returning random move noop.
LOG 1641833704668 [L3]: Starting move selection for game step 12 with available time 0ms.
LOG 1641833704669 [L3]: No time to select next move using MCTS. Returning random move ( drop 4 ).
LOG 1641833704672 [L3]: Starting move selection for game step 13 with available time 0ms.
LOG 1641833704673 [L3]: No time to select next move using MCTS. Returning random move noop.
LOG 1641833704677 [L3]: Starting move selection for game step 14 with available time 0ms.
LOG 1641833704677 [L3]: No time to select next move using MCTS. Returning random move ( drop 6 ).
LOG 1641833704681 [L3]: Starting move selection for game step 15 with available time 0ms.
LOG 1641833704681 [L3]: No time to select next move using MCTS. Returning random move noop.
LOG 1641833704685 [L3]: Starting move selection for game step 16 with available time 0ms.
LOG 1641833704685 [L3]: No time to select next move using MCTS. Returning random move ( drop 4 ).
LOG 1641833704689 [L3]: Starting move selection for game step 17 with available time 0ms.
LOG 1641833704689 [L3]: No time to select next move using MCTS. Returning random move noop.
LOG 1641833704693 [L3]: Starting move selection for game step 18 with available time 0ms.
LOG 1641833704694 [L3]: No time to select next move using MCTS. Returning random move ( drop 3 ).
LOG 1641833704699 [L3]: Starting move selection for game step 19 with available time 0ms.
LOG 1641833704699 [L3]: No time to select next move using MCTS. Returning random move noop.
LOG 1641833704705 [L3]: Starting move selection for game step 20 with available time 0ms.
LOG 1641833704705 [L3]: No time to select next move using MCTS. Returning random move ( drop 7 ).
