LOG 1641913192357 [L3]: Returning initial state machine.
LOG 1641913192357 [L3]: Returning PropNet state machine without cache.
LOG 1641913192358 [L3]: Starting metagame with available thinking time 4989ms.
LOG 1641913192361 [L3]: Starting search during metagame.
LOG 1641913197376 [L3]: Done searching during metagame.
LOG 1641913197379 [L3]: Starting move selection for game step 1 with available time 10000ms.
LOG 1641913197380 [L3]: Selecting move using MCTS.
LOG 1641913207379 [L3]: Returning MCTS move noop.
LOG 1641913207383 [L3]: Starting move selection for game step 2 with available time 10000ms.
LOG 1641913207398 [L3]: Selecting move using MCTS.
LOG 1641913217383 [L3]: Returning MCTS move ( drop 5 ).
LOG 1641913217387 [L3]: Starting move selection for game step 3 with available time 10000ms.
LOG 1641913217419 [L3]: Selecting move using MCTS.
LOG 1641913227387 [L3]: Returning MCTS move noop.
LOG 1641913227396 [L3]: Starting move selection for game step 4 with available time 10000ms.
LOG 1641913227438 [L3]: Selecting move using MCTS.
LOG 1641913237396 [L3]: Returning MCTS move ( drop 4 ).
LOG 1641913237399 [L3]: Starting move selection for game step 5 with available time 10000ms.
LOG 1641913237439 [L3]: Selecting move using MCTS.
LOG 1641913247399 [L3]: Returning MCTS move noop.
LOG 1641913247402 [L3]: Starting move selection for game step 6 with available time 10000ms.
LOG 1641913247439 [L3]: Selecting move using MCTS.
LOG 1641913257402 [L3]: Returning MCTS move ( drop 6 ).
LOG 1641913257405 [L3]: Starting move selection for game step 7 with available time 10000ms.
LOG 1641913257433 [L3]: Selecting move using MCTS.
LOG 1641913267405 [L3]: Returning MCTS move noop.
LOG 1641913267409 [L3]: Starting move selection for game step 8 with available time 10000ms.
LOG 1641913267425 [L3]: Selecting move using MCTS.
LOG 1641913277409 [L3]: Returning MCTS move ( drop 7 ).
