LOG 1641833133505 [L3]: Started match logging at: Mon Jan 10 17:45:33 CET 2022
LOG 1641833133507 [L3]: Game rules: [( role white ), ( role red ), ( init ( cell 1 0 dirt ) ), ( init ( cell 2 0 dirt ) ), ( init ( cell 3 0 dirt ) ), ( init ( cell 4 0 dirt ) ), ( init ( cell 5 0 dirt ) ), ( init ( cell 6 0 dirt ) ), ( init ( cell 7 0 dirt ) ), ( init ( cell 1 1 b ) ), ( init ( cell 1 2 b ) ), ( init ( cell 1 3 b ) ), ( init ( cell 1 4 b ) ), ( init ( cell 1 5 b ) ), ( init ( cell 1 6 b ) ), ( init ( cell 2 1 b ) ), ( init ( cell 2 2 b ) ), ( init ( cell 2 3 b ) ), ( init ( cell 2 4 b ) ), ( init ( cell 2 5 b ) ), ( init ( cell 2 6 b ) ), ( init ( cell 3 1 b ) ), ( init ( cell 3 2 b ) ), ( init ( cell 3 3 b ) ), ( init ( cell 3 4 b ) ), ( init ( cell 3 5 b ) ), ( init ( cell 3 6 b ) ), ( init ( cell 4 1 b ) ), ( init ( cell 4 2 b ) ), ( init ( cell 4 3 b ) ), ( init ( cell 4 4 b ) ), ( init ( cell 4 5 b ) ), ( init ( cell 4 6 b ) ), ( init ( cell 5 1 b ) ), ( init ( cell 5 2 b ) ), ( init ( cell 5 3 b ) ), ( init ( cell 5 4 b ) ), ( init ( cell 5 5 b ) ), ( init ( cell 5 6 b ) ), ( init ( cell 6 1 b ) ), ( init ( cell 6 2 b ) ), ( init ( cell 6 3 b ) ), ( init ( cell 6 4 b ) ), ( init ( cell 6 5 b ) ), ( init ( cell 6 6 b ) ), ( init ( cell 7 1 b ) ), ( init ( cell 7 2 b ) ), ( init ( cell 7 3 b ) ), ( init ( cell 7 4 b ) ), ( init ( cell 7 5 b ) ), ( init ( cell 7 6 b ) ), ( init ( control white ) ), ( <= ( empty ?c ?h ) ( true ( cell ?c ?h b ) ) ), ( <= ( filled ?c ?h ) ( true ( cell ?c ?h dirt ) ) ), ( <= ( filled ?c ?h ) ( true ( cell ?c ?h w ) ) ), ( <= ( filled ?c ?h ) ( true ( cell ?c ?h r ) ) ), ( <= ( next ( cell ?c ?h2 w ) ) ( does white ( drop ?c ) ) ( true ( cell ?c ?h2 b ) ) ( filled ?c ?h1 ) ( succ ?h1 ?h2 ) ), ( <= ( next ( cell ?c ?h2 r ) ) ( does red ( drop ?c ) ) ( true ( cell ?c ?h2 b ) ) ( filled ?c ?h1 ) ( succ ?h1 ?h2 ) ), ( <= ( next ( cell ?x ?y ?z ) ) ( true ( cell ?x ?y ?z ) ) ( distinct ?z b ) ), ( <= ( next ( cell ?c2 ?y b ) ) ( does ?w ( drop ?c1 ) ) ( true ( cell ?c2 ?y b ) ) ( distinct ?c1 ?c2 ) ), ( <= ( next ( cell ?c ?y2 b ) ) ( true ( cell ?c ?y1 b ) ) ( distinct ?y1 6 ) ( succ ?y1 ?y2 ) ), ( <= ( next ( control white ) ) ( true ( control red ) ) ), ( <= ( next ( control red ) ) ( true ( control white ) ) ), ( <= ( row ?z ) ( true ( cell ?x1 ?y ?z ) ) ( distinct ?z b ) ( distinct ?z dirt ) ( succ ?x1 ?x2 ) ( true ( cell ?x2 ?y ?z ) ) ( succ ?x2 ?x3 ) ( true ( cell ?x3 ?y ?z ) ) ( succ ?x3 ?x4 ) ( true ( cell ?x4 ?y ?z ) ) ), ( <= ( column ?z ) ( true ( cell ?x ?y1 ?z ) ) ( distinct ?z b ) ( succ ?y1 ?y2 ) ( true ( cell ?x ?y2 ?z ) ) ( succ ?y2 ?y3 ) ( true ( cell ?x ?y3 ?z ) ) ( succ ?y3 ?y4 ) ( true ( cell ?x ?y4 ?z ) ) ), ( <= ( diag ?z ) ( true ( cell ?x1 ?y1 ?z ) ) ( distinct ?z b ) ( succ ?x1 ?x2 ) ( succ ?y1 ?y2 ) ( true ( cell ?x2 ?y2 ?z ) ) ( succ ?x2 ?x3 ) ( succ ?y2 ?y3 ) ( true ( cell ?x3 ?y3 ?z ) ) ( succ ?x3 ?x4 ) ( succ ?y3 ?y4 ) ( true ( cell ?x4 ?y4 ?z ) ) ), ( <= ( diag ?z ) ( true ( cell ?x1 ?y1 ?z ) ) ( distinct ?z b ) ( succ ?x1 ?x2 ) ( succ ?y2 ?y1 ) ( true ( cell ?x2 ?y2 ?z ) ) ( succ ?x2 ?x3 ) ( succ ?y3 ?y2 ) ( true ( cell ?x3 ?y3 ?z ) ) ( succ ?x3 ?x4 ) ( succ ?y4 ?y3 ) ( true ( cell ?x4 ?y4 ?z ) ) ), ( <= ( line ?x ) ( row ?x ) ), ( <= ( line ?x ) ( column ?x ) ), ( <= ( line ?x ) ( diag ?x ) ), ( <= open ( empty ?c ?h ) ), ( <= terminal ( line r ) ), ( <= terminal ( line w ) ), ( <= terminal ( not open ) ), ( <= ( legal ?w ( drop ?c ) ) ( true ( cell ?c ?y2 b ) ) ( filled ?c ?y1 ) ( succ ?y1 ?y2 ) ( true ( control ?w ) ) ), ( <= ( legal white noop ) ( true ( control red ) ) ), ( <= ( legal red noop ) ( true ( control white ) ) ), ( <= ( goal white 100 ) ( line w ) ), ( <= ( goal white 50 ) ( not ( line r ) ) ( not ( line w ) ) ( not open ) ), ( <= ( goal white 0 ) ( line r ) ), ( <= ( goal red 100 ) ( line r ) ), ( <= ( goal red 50 ) ( not ( line r ) ) ( not ( line w ) ) ( not open ) ), ( <= ( goal red 0 ) ( line w ) ), ( <= ( goal ?w 70 ) ( role ?w ) ( not ( line r ) ) ( not ( line w ) ) open ), ( <= ( lte 0 ?x ) ( number ?x ) ), ( <= ( lte ?x ?x ) ( number ?x ) ), ( <= ( lte ?x ?z ) ( succ ?y ?z ) ( lte ?x ?y ) ), ( <= ( lte ?x ?y ) ( succ ?x ?y ) ), ( number 0 ), ( number 1 ), ( number 2 ), ( number 3 ), ( number 4 ), ( number 5 ), ( number 6 ), ( number 7 ), ( number 8 ), ( succ 0 1 ), ( succ 1 2 ), ( succ 2 3 ), ( succ 3 4 ), ( succ 4 5 ), ( succ 5 6 ), ( succ 6 7 ), ( succ 7 8 )]
LOG 1641833133507 [L3]: Start clock: 15
LOG 1641833133507 [L3]: Play clock: 10
LOG 1641833138505 [L0]: [Sent at 1641833138505] ready
LOG 1641833138508 [L0]: [Received at 1641833138508] ( PLAY 22.connect4.1641833133452 NIL )
LOG 1641833138509 [L0]: [Sent at 1641833138509] noop
LOG 1641833138511 [L0]: [Received at 1641833138511] ( PLAY 22.connect4.1641833133452 (( drop 5 ) noop ) )
LOG 1641833138514 [L0]: [Sent at 1641833138514] ( drop 1 )
LOG 1641833138519 [L0]: [Received at 1641833138519] ( PLAY 22.connect4.1641833133452 (noop ( drop 1 ) ) )
LOG 1641833138528 [L0]: [Sent at 1641833138528] noop
LOG 1641833138536 [L0]: [Received at 1641833138536] ( PLAY 22.connect4.1641833133452 (( drop 3 ) noop ) )
LOG 1641833138541 [L0]: [Sent at 1641833138541] ( drop 4 )
LOG 1641833138547 [L0]: [Received at 1641833138547] ( PLAY 22.connect4.1641833133452 (noop ( drop 4 ) ) )
LOG 1641833138548 [L0]: [Sent at 1641833138548] noop
LOG 1641833138550 [L0]: [Received at 1641833138550] ( PLAY 22.connect4.1641833133452 (( drop 1 ) noop ) )
LOG 1641833138552 [L0]: [Sent at 1641833138552] ( drop 4 )
LOG 1641833138554 [L0]: [Received at 1641833138554] ( PLAY 22.connect4.1641833133452 (noop ( drop 4 ) ) )
LOG 1641833138556 [L0]: [Sent at 1641833138556] noop
LOG 1641833138558 [L0]: [Received at 1641833138558] ( PLAY 22.connect4.1641833133452 (( drop 6 ) noop ) )
LOG 1641833138559 [L0]: [Sent at 1641833138559] ( drop 4 )
LOG 1641833138562 [L0]: [Received at 1641833138562] ( PLAY 22.connect4.1641833133452 (noop ( drop 4 ) ) )
LOG 1641833138564 [L0]: [Sent at 1641833138564] noop
LOG 1641833138567 [L0]: [Received at 1641833138567] ( PLAY 22.connect4.1641833133452 (( drop 3 ) noop ) )
LOG 1641833138568 [L0]: [Sent at 1641833138568] ( drop 3 )
LOG 1641833138571 [L0]: [Received at 1641833138571] ( PLAY 22.connect4.1641833133452 (noop ( drop 3 ) ) )
LOG 1641833138573 [L0]: [Sent at 1641833138573] noop
LOG 1641833138576 [L0]: [Received at 1641833138576] ( PLAY 22.connect4.1641833133452 (( drop 4 ) noop ) )
LOG 1641833138577 [L0]: [Sent at 1641833138577] ( drop 2 )
LOG 1641833138587 [L0]: [Received at 1641833138587] ( PLAY 22.connect4.1641833133452 (noop ( drop 2 ) ) )
LOG 1641833138588 [L0]: [Sent at 1641833138588] noop
LOG 1641833138591 [L0]: [Received at 1641833138591] ( PLAY 22.connect4.1641833133452 (( drop 4 ) noop ) )
LOG 1641833138592 [L0]: [Sent at 1641833138592] ( drop 3 )
LOG 1641833138595 [L0]: [Received at 1641833138595] ( PLAY 22.connect4.1641833133452 (noop ( drop 3 ) ) )
LOG 1641833138596 [L0]: [Sent at 1641833138596] noop
LOG 1641833138599 [L0]: [Received at 1641833138599] ( PLAY 22.connect4.1641833133452 (( drop 2 ) noop ) )
LOG 1641833138600 [L0]: [Sent at 1641833138600] ( drop 1 )
LOG 1641833138603 [L0]: [Received at 1641833138603] ( PLAY 22.connect4.1641833133452 (noop ( drop 1 ) ) )
LOG 1641833138604 [L0]: [Sent at 1641833138604] noop
LOG 1641833138606 [L0]: [Received at 1641833138606] ( PLAY 22.connect4.1641833133452 (( drop 2 ) noop ) )
LOG 1641833138608 [L0]: [Sent at 1641833138608] ( drop 5 )
LOG 1641833138611 [L0]: [Received at 1641833138611] ( PLAY 22.connect4.1641833133452 (noop ( drop 5 ) ) )
LOG 1641833138612 [L0]: [Sent at 1641833138612] noop
LOG 1641833138615 [L0]: [Received at 1641833138615] ( PLAY 22.connect4.1641833133452 (( drop 2 ) noop ) )
LOG 1641833138616 [L0]: [Sent at 1641833138616] ( drop 7 )
LOG 1641833138619 [L0]: [Received at 1641833138619] ( PLAY 22.connect4.1641833133452 (noop ( drop 7 ) ) )
LOG 1641833138620 [L0]: [Sent at 1641833138620] noop
LOG 1641833138623 [L0]: [Received at 1641833138623] ( PLAY 22.connect4.1641833133452 (( drop 4 ) noop ) )
LOG 1641833138624 [L0]: [Sent at 1641833138624] ( drop 5 )
LOG 1641833138626 [L0]: [Received at 1641833138626] ( PLAY 22.connect4.1641833133452 (noop ( drop 5 ) ) )
LOG 1641833138627 [L0]: [Sent at 1641833138627] noop
LOG 1641833138630 [L0]: [Received at 1641833138630] ( PLAY 22.connect4.1641833133452 (( drop 5 ) noop ) )
LOG 1641833138632 [L0]: [Sent at 1641833138632] ( drop 1 )
LOG 1641833138634 [L0]: [Received at 1641833138634] ( PLAY 22.connect4.1641833133452 (noop ( drop 1 ) ) )
LOG 1641833138636 [L0]: [Sent at 1641833138636] noop
LOG 1641833138640 [L0]: [Received at 1641833138640] ( PLAY 22.connect4.1641833133452 (( drop 1 ) noop ) )
LOG 1641833138641 [L0]: [Sent at 1641833138641] ( drop 7 )
LOG 1641833138643 [L0]: [Received at 1641833138643] ( PLAY 22.connect4.1641833133452 (noop ( drop 7 ) ) )
LOG 1641833138645 [L0]: [Sent at 1641833138645] noop
LOG 1641833138647 [L0]: [Received at 1641833138647] ( PLAY 22.connect4.1641833133452 (( drop 7 ) noop ) )
LOG 1641833138649 [L0]: [Sent at 1641833138649] ( drop 2 )
LOG 1641833138654 [L0]: [Received at 1641833138654] ( STOP 22.connect4.1641833133452 (noop ( drop 2 ) ) )
LOG 1641833138655 [L3]: Stopped logging to files at: Mon Jan 10 17:45:38 CET 2022
LOG 1641833138656 [L3]: LOG SEALED
