LOG 1641853764478 [L3]: Returning initial state machine.
LOG 1641853764478 [L3]: Returning PropNet state machine without cache.
LOG 1641853764479 [L3]: Starting metagame with available thinking time 4991ms.
LOG 1641853764481 [L3]: Starting search during metagame.
LOG 1641853769479 [L3]: Done searching during metagame.
LOG 1641853769483 [L3]: Starting move selection for game step 1 with available time 10000ms.
LOG 1641853769483 [L3]: Selecting move using MCTS.
LOG 1641853779483 [L3]: Returning MCTS move ( drop 4 ).
LOG 1641853779486 [L3]: Starting move selection for game step 2 with available time 10000ms.
LOG 1641853779492 [L3]: Selecting move using MCTS.
LOG 1641853789486 [L3]: Returning MCTS move noop.
LOG 1641853789490 [L3]: Starting move selection for game step 3 with available time 10000ms.
LOG 1641853789505 [L3]: Selecting move using MCTS.
LOG 1641853799490 [L3]: Returning MCTS move ( drop 4 ).
LOG 1641853799509 [L3]: Starting move selection for game step 4 with available time 10000ms.
LOG 1641853799523 [L3]: Selecting move using MCTS.
LOG 1641853809509 [L3]: Returning MCTS move noop.
LOG 1641853809512 [L3]: Starting move selection for game step 5 with available time 10000ms.
LOG 1641853809530 [L3]: Selecting move using MCTS.
LOG 1641853819512 [L3]: Returning MCTS move ( drop 4 ).
LOG 1641853819515 [L3]: Starting move selection for game step 6 with available time 10000ms.
LOG 1641853819531 [L3]: Selecting move using MCTS.
LOG 1641853829515 [L3]: Returning MCTS move noop.
LOG 1641853829518 [L3]: Starting move selection for game step 7 with available time 10000ms.
LOG 1641853829540 [L3]: Selecting move using MCTS.
LOG 1641853839518 [L3]: Returning MCTS move ( drop 4 ).
