LOG 1641834860831 [L3]: Started match logging at: Mon Jan 10 18:14:20 CET 2022
LOG 1641834860832 [L3]: Game rules: [( role white ), ( role black ), ( <= ( base ( cellHolds ?x ?y ?p ) ) ( index ?x ) ( index ?y ) ( role ?p ) ), ( <= ( base ( control ?p ) ) ( role ?p ) ), ( <= ( input ?p noop ) ( role ?p ) ), ( <= ( input white ( move ?x ?y1 ?x ?y2 ) ) ( index ?x ) ( succ ?y1 ?y2 ) ), ( <= ( input white ( move ?x1 ?y1 ?x2 ?y2 ) ) ( succ ?y1 ?y2 ) ( succ ?x1 ?x2 ) ), ( <= ( input white ( move ?x1 ?y1 ?x2 ?y2 ) ) ( succ ?y1 ?y2 ) ( succ ?x2 ?x1 ) ), ( <= ( input black ( move ?x ?y1 ?x ?y2 ) ) ( index ?x ) ( succ ?y2 ?y1 ) ), ( <= ( input black ( move ?x1 ?y1 ?x2 ?y2 ) ) ( succ ?y2 ?y1 ) ( succ ?x1 ?x2 ) ), ( <= ( input black ( move ?x1 ?y1 ?x2 ?y2 ) ) ( succ ?y2 ?y1 ) ( succ ?x2 ?x1 ) ), ( init ( cellHolds 1 1 white ) ), ( init ( cellHolds 2 1 white ) ), ( init ( cellHolds 3 1 white ) ), ( init ( cellHolds 4 1 white ) ), ( init ( cellHolds 5 1 white ) ), ( init ( cellHolds 6 1 white ) ), ( init ( cellHolds 7 1 white ) ), ( init ( cellHolds 8 1 white ) ), ( init ( cellHolds 1 2 white ) ), ( init ( cellHolds 2 2 white ) ), ( init ( cellHolds 3 2 white ) ), ( init ( cellHolds 4 2 white ) ), ( init ( cellHolds 5 2 white ) ), ( init ( cellHolds 6 2 white ) ), ( init ( cellHolds 7 2 white ) ), ( init ( cellHolds 8 2 white ) ), ( init ( cellHolds 1 7 black ) ), ( init ( cellHolds 2 7 black ) ), ( init ( cellHolds 3 7 black ) ), ( init ( cellHolds 4 7 black ) ), ( init ( cellHolds 5 7 black ) ), ( init ( cellHolds 6 7 black ) ), ( init ( cellHolds 7 7 black ) ), ( init ( cellHolds 8 7 black ) ), ( init ( cellHolds 1 8 black ) ), ( init ( cellHolds 2 8 black ) ), ( init ( cellHolds 3 8 black ) ), ( init ( cellHolds 4 8 black ) ), ( init ( cellHolds 5 8 black ) ), ( init ( cellHolds 6 8 black ) ), ( init ( cellHolds 7 8 black ) ), ( init ( cellHolds 8 8 black ) ), ( init ( control white ) ), ( <= ( legal white ( move ?x ?y1 ?x ?y2 ) ) ( true ( control white ) ) ( true ( cellHolds ?x ?y1 white ) ) ( succ ?y1 ?y2 ) ( cellEmpty ?x ?y2 ) ), ( <= ( legal white ( move ?x1 ?y1 ?x2 ?y2 ) ) ( true ( control white ) ) ( true ( cellHolds ?x1 ?y1 white ) ) ( succ ?y1 ?y2 ) ( succ ?x1 ?x2 ) ( not ( true ( cellHolds ?x2 ?y2 white ) ) ) ), ( <= ( legal white ( move ?x1 ?y1 ?x2 ?y2 ) ) ( true ( control white ) ) ( true ( cellHolds ?x1 ?y1 white ) ) ( succ ?y1 ?y2 ) ( succ ?x2 ?x1 ) ( not ( true ( cellHolds ?x2 ?y2 white ) ) ) ), ( <= ( legal black ( move ?x ?y1 ?x ?y2 ) ) ( true ( control black ) ) ( true ( cellHolds ?x ?y1 black ) ) ( succ ?y2 ?y1 ) ( cellEmpty ?x ?y2 ) ), ( <= ( legal black ( move ?x1 ?y1 ?x2 ?y2 ) ) ( true ( control black ) ) ( true ( cellHolds ?x1 ?y1 black ) ) ( succ ?y2 ?y1 ) ( succ ?x1 ?x2 ) ( not ( true ( cellHolds ?x2 ?y2 black ) ) ) ), ( <= ( legal black ( move ?x1 ?y1 ?x2 ?y2 ) ) ( true ( control black ) ) ( true ( cellHolds ?x1 ?y1 black ) ) ( succ ?y2 ?y1 ) ( succ ?x2 ?x1 ) ( not ( true ( cellHolds ?x2 ?y2 black ) ) ) ), ( <= ( legal white noop ) ( true ( control black ) ) ), ( <= ( legal black noop ) ( true ( control white ) ) ), ( <= ( next ( cellHolds ?x2 ?y2 ?player ) ) ( role ?player ) ( does ?player ( move ?x1 ?y1 ?x2 ?y2 ) ) ), ( <= ( next ( cellHolds ?x3 ?y3 ?state ) ) ( true ( cellHolds ?x3 ?y3 ?state ) ) ( role ?player ) ( does ?player ( move ?x1 ?y1 ?x2 ?y2 ) ) ( distinctCell ?x1 ?y1 ?x3 ?y3 ) ( distinctCell ?x2 ?y2 ?x3 ?y3 ) ), ( <= ( next ( control white ) ) ( true ( control black ) ) ), ( <= ( next ( control black ) ) ( true ( control white ) ) ), ( <= terminal whiteWin ), ( <= terminal blackWin ), ( <= ( goal white 100 ) whiteWin ), ( <= ( goal white 0 ) ( not whiteWin ) ), ( <= ( goal black 100 ) blackWin ), ( <= ( goal black 0 ) ( not blackWin ) ), ( <= ( cell ?x ?y ) ( index ?x ) ( index ?y ) ), ( <= ( cellEmpty ?x ?y ) ( cell ?x ?y ) ( not ( true ( cellHolds ?x ?y white ) ) ) ( not ( true ( cellHolds ?x ?y black ) ) ) ), ( <= ( distinctCell ?x1 ?y1 ?x2 ?y2 ) ( cell ?x1 ?y1 ) ( cell ?x2 ?y2 ) ( distinct ?x1 ?x2 ) ), ( <= ( distinctCell ?x1 ?y1 ?x2 ?y2 ) ( cell ?x1 ?y1 ) ( cell ?x2 ?y2 ) ( distinct ?y1 ?y2 ) ), ( <= whiteWin ( index ?x ) ( true ( cellHolds ?x 8 white ) ) ), ( <= blackWin ( index ?x ) ( true ( cellHolds ?x 1 black ) ) ), ( <= whiteWin ( not blackCell ) ), ( <= blackWin ( not whiteCell ) ), ( <= whiteCell ( cell ?x ?y ) ( true ( cellHolds ?x ?y white ) ) ), ( <= blackCell ( cell ?x ?y ) ( true ( cellHolds ?x ?y black ) ) ), ( index 1 ), ( index 2 ), ( index 3 ), ( index 4 ), ( index 5 ), ( index 6 ), ( index 7 ), ( index 8 ), ( succ 1 2 ), ( succ 2 3 ), ( succ 3 4 ), ( succ 4 5 ), ( succ 5 6 ), ( succ 6 7 ), ( succ 7 8 )]
LOG 1641834860832 [L3]: Start clock: 15
LOG 1641834860832 [L3]: Play clock: 10
LOG 1641834865830 [L0]: [Sent at 1641834865830] ready
LOG 1641834865833 [L0]: [Received at 1641834865833] ( PLAY 13.breakthrough.1641834860646 NIL )
LOG 1641834865834 [L0]: [Sent at 1641834865834] ( move 6 2 7 3 )
LOG 1641834865839 [L0]: [Received at 1641834865839] ( PLAY 13.breakthrough.1641834860646 (( move 6 2 7 3 ) noop ) )
LOG 1641834865843 [L0]: [Sent at 1641834865843] noop
LOG 1641834865848 [L0]: [Received at 1641834865848] ( PLAY 13.breakthrough.1641834860646 (noop ( move 1 7 1 6 ) ) )
LOG 1641834865859 [L0]: [Sent at 1641834865859] ( move 5 2 6 3 )
LOG 1641834865862 [L0]: [Received at 1641834865862] ( PLAY 13.breakthrough.1641834860646 (( move 5 2 6 3 ) noop ) )
LOG 1641834865869 [L0]: [Sent at 1641834865869] noop
LOG 1641834865872 [L0]: [Received at 1641834865872] ( PLAY 13.breakthrough.1641834860646 (noop ( move 3 7 4 6 ) ) )
LOG 1641834865873 [L0]: [Sent at 1641834865873] ( move 4 1 5 2 )
LOG 1641834865876 [L0]: [Received at 1641834865876] ( PLAY 13.breakthrough.1641834860646 (( move 4 1 5 2 ) noop ) )
LOG 1641834865877 [L0]: [Sent at 1641834865877] noop
LOG 1641834865881 [L0]: [Received at 1641834865881] ( PLAY 13.breakthrough.1641834860646 (noop ( move 4 8 3 7 ) ) )
LOG 1641834865883 [L0]: [Sent at 1641834865883] ( move 1 2 2 3 )
LOG 1641834865885 [L0]: [Received at 1641834865885] ( PLAY 13.breakthrough.1641834860646 (( move 1 2 2 3 ) noop ) )
LOG 1641834865887 [L0]: [Sent at 1641834865887] noop
LOG 1641834865891 [L0]: [Received at 1641834865891] ( PLAY 13.breakthrough.1641834860646 (noop ( move 3 7 2 6 ) ) )
LOG 1641834865892 [L0]: [Sent at 1641834865892] ( move 6 1 6 2 )
LOG 1641834865896 [L0]: [Received at 1641834865896] ( PLAY 13.breakthrough.1641834860646 (( move 6 1 6 2 ) noop ) )
LOG 1641834865897 [L0]: [Sent at 1641834865897] noop
LOG 1641834865918 [L0]: [Received at 1641834865918] ( PLAY 13.breakthrough.1641834860646 (noop ( move 5 7 6 6 ) ) )
LOG 1641834865919 [L0]: [Sent at 1641834865919] ( move 2 2 1 3 )
LOG 1641834865922 [L0]: [Received at 1641834865922] ( PLAY 13.breakthrough.1641834860646 (( move 2 2 1 3 ) noop ) )
LOG 1641834865923 [L0]: [Sent at 1641834865923] noop
LOG 1641834865926 [L0]: [Received at 1641834865926] ( PLAY 13.breakthrough.1641834860646 (noop ( move 6 6 5 5 ) ) )
LOG 1641834865927 [L0]: [Sent at 1641834865927] ( move 6 2 5 3 )
LOG 1641834865930 [L0]: [Received at 1641834865930] ( PLAY 13.breakthrough.1641834860646 (( move 6 2 5 3 ) noop ) )
LOG 1641834865931 [L0]: [Sent at 1641834865931] noop
LOG 1641834865934 [L0]: [Received at 1641834865934] ( PLAY 13.breakthrough.1641834860646 (noop ( move 4 6 3 5 ) ) )
LOG 1641834865936 [L0]: [Sent at 1641834865936] ( move 4 2 4 3 )
LOG 1641834865939 [L0]: [Received at 1641834865939] ( PLAY 13.breakthrough.1641834860646 (( move 4 2 4 3 ) noop ) )
LOG 1641834865940 [L0]: [Sent at 1641834865940] noop
LOG 1641834865943 [L0]: [Received at 1641834865943] ( PLAY 13.breakthrough.1641834860646 (noop ( move 5 8 5 7 ) ) )
LOG 1641834865945 [L0]: [Sent at 1641834865945] ( move 1 3 2 4 )
LOG 1641834865947 [L0]: [Received at 1641834865947] ( PLAY 13.breakthrough.1641834860646 (( move 1 3 2 4 ) noop ) )
LOG 1641834865948 [L0]: [Sent at 1641834865948] noop
LOG 1641834865950 [L0]: [Received at 1641834865950] ( PLAY 13.breakthrough.1641834860646 (noop ( move 3 5 2 4 ) ) )
LOG 1641834865952 [L0]: [Sent at 1641834865952] ( move 3 2 3 3 )
LOG 1641834865955 [L0]: [Received at 1641834865955] ( PLAY 13.breakthrough.1641834860646 (( move 3 2 3 3 ) noop ) )
LOG 1641834865956 [L0]: [Sent at 1641834865956] noop
LOG 1641834865958 [L0]: [Received at 1641834865958] ( PLAY 13.breakthrough.1641834860646 (noop ( move 1 8 1 7 ) ) )
LOG 1641834865960 [L0]: [Sent at 1641834865960] ( move 2 1 1 2 )
LOG 1641834865962 [L0]: [Received at 1641834865962] ( PLAY 13.breakthrough.1641834860646 (( move 2 1 1 2 ) noop ) )
LOG 1641834865963 [L0]: [Sent at 1641834865963] noop
LOG 1641834865966 [L0]: [Received at 1641834865966] ( PLAY 13.breakthrough.1641834860646 (noop ( move 5 7 5 6 ) ) )
LOG 1641834865967 [L0]: [Sent at 1641834865967] ( move 7 3 6 4 )
LOG 1641834865970 [L0]: [Received at 1641834865970] ( PLAY 13.breakthrough.1641834860646 (( move 7 3 6 4 ) noop ) )
LOG 1641834865971 [L0]: [Sent at 1641834865971] noop
LOG 1641834865973 [L0]: [Received at 1641834865973] ( PLAY 13.breakthrough.1641834860646 (noop ( move 2 4 3 3 ) ) )
LOG 1641834865975 [L0]: [Sent at 1641834865975] ( move 5 1 4 2 )
LOG 1641834865978 [L0]: [Received at 1641834865978] ( PLAY 13.breakthrough.1641834860646 (( move 5 1 4 2 ) noop ) )
LOG 1641834865979 [L0]: [Sent at 1641834865979] noop
LOG 1641834865981 [L0]: [Received at 1641834865981] ( PLAY 13.breakthrough.1641834860646 (noop ( move 2 6 1 5 ) ) )
LOG 1641834865983 [L0]: [Sent at 1641834865983] ( move 1 2 1 3 )
LOG 1641834865986 [L0]: [Received at 1641834865986] ( PLAY 13.breakthrough.1641834860646 (( move 1 2 1 3 ) noop ) )
LOG 1641834865987 [L0]: [Sent at 1641834865987] noop
LOG 1641834865990 [L0]: [Received at 1641834865990] ( PLAY 13.breakthrough.1641834860646 (noop ( move 1 6 2 5 ) ) )
LOG 1641834865991 [L0]: [Sent at 1641834865991] ( move 3 1 3 2 )
LOG 1641834865994 [L0]: [Received at 1641834865994] ( PLAY 13.breakthrough.1641834860646 (( move 3 1 3 2 ) noop ) )
LOG 1641834865995 [L0]: [Sent at 1641834865995] noop
LOG 1641834865998 [L0]: [Received at 1641834865998] ( PLAY 13.breakthrough.1641834860646 (noop ( move 3 3 2 2 ) ) )
LOG 1641834865999 [L0]: [Sent at 1641834865999] ( move 6 3 7 4 )
LOG 1641834866002 [L0]: [Received at 1641834866002] ( PLAY 13.breakthrough.1641834860646 (( move 6 3 7 4 ) noop ) )
LOG 1641834866003 [L0]: [Sent at 1641834866003] noop
LOG 1641834866006 [L0]: [Received at 1641834866006] ( PLAY 13.breakthrough.1641834860646 (noop ( move 4 7 4 6 ) ) )
LOG 1641834866007 [L0]: [Sent at 1641834866007] ( move 6 4 7 5 )
LOG 1641834866010 [L0]: [Received at 1641834866010] ( PLAY 13.breakthrough.1641834860646 (( move 6 4 7 5 ) noop ) )
LOG 1641834866011 [L0]: [Sent at 1641834866011] noop
LOG 1641834866013 [L0]: [Received at 1641834866013] ( PLAY 13.breakthrough.1641834860646 (noop ( move 5 6 4 5 ) ) )
LOG 1641834866015 [L0]: [Sent at 1641834866015] ( move 1 3 2 4 )
LOG 1641834866017 [L0]: [Received at 1641834866017] ( PLAY 13.breakthrough.1641834860646 (( move 1 3 2 4 ) noop ) )
LOG 1641834866018 [L0]: [Sent at 1641834866018] noop
LOG 1641834866022 [L0]: [Received at 1641834866022] ( PLAY 13.breakthrough.1641834860646 (noop ( move 7 7 7 6 ) ) )
LOG 1641834866024 [L0]: [Sent at 1641834866024] ( move 1 1 1 2 )
LOG 1641834866028 [L0]: [Received at 1641834866028] ( PLAY 13.breakthrough.1641834860646 (( move 1 1 1 2 ) noop ) )
LOG 1641834866029 [L0]: [Sent at 1641834866029] noop
LOG 1641834866033 [L0]: [Received at 1641834866033] ( PLAY 13.breakthrough.1641834860646 (noop ( move 7 6 8 5 ) ) )
LOG 1641834866034 [L0]: [Sent at 1641834866034] ( move 5 2 6 3 )
LOG 1641834866036 [L0]: [Received at 1641834866036] ( PLAY 13.breakthrough.1641834860646 (( move 5 2 6 3 ) noop ) )
LOG 1641834866038 [L0]: [Sent at 1641834866038] noop
LOG 1641834866041 [L0]: [Received at 1641834866041] ( PLAY 13.breakthrough.1641834860646 (noop ( move 5 5 6 4 ) ) )
LOG 1641834866042 [L0]: [Sent at 1641834866042] ( move 3 2 3 3 )
LOG 1641834866045 [L0]: [Received at 1641834866045] ( PLAY 13.breakthrough.1641834860646 (( move 3 2 3 3 ) noop ) )
LOG 1641834866046 [L0]: [Sent at 1641834866046] noop
LOG 1641834866048 [L0]: [Received at 1641834866048] ( PLAY 13.breakthrough.1641834860646 (noop ( move 8 7 7 6 ) ) )
LOG 1641834866050 [L0]: [Sent at 1641834866050] ( move 7 5 6 6 )
LOG 1641834866052 [L0]: [Received at 1641834866052] ( PLAY 13.breakthrough.1641834860646 (( move 7 5 6 6 ) noop ) )
LOG 1641834866060 [L0]: [Sent at 1641834866060] noop
LOG 1641834866063 [L0]: [Received at 1641834866063] ( PLAY 13.breakthrough.1641834860646 (noop ( move 4 6 3 5 ) ) )
LOG 1641834866065 [L0]: [Sent at 1641834866065] ( move 3 3 4 4 )
LOG 1641834866068 [L0]: [Received at 1641834866068] ( PLAY 13.breakthrough.1641834860646 (( move 3 3 4 4 ) noop ) )
LOG 1641834866070 [L0]: [Sent at 1641834866070] noop
LOG 1641834866072 [L0]: [Received at 1641834866072] ( PLAY 13.breakthrough.1641834860646 (noop ( move 8 8 7 7 ) ) )
LOG 1641834866073 [L0]: [Sent at 1641834866073] ( move 6 6 5 7 )
LOG 1641834866076 [L0]: [Received at 1641834866076] ( PLAY 13.breakthrough.1641834860646 (( move 6 6 5 7 ) noop ) )
LOG 1641834866077 [L0]: [Sent at 1641834866077] noop
LOG 1641834866079 [L0]: [Received at 1641834866079] ( PLAY 13.breakthrough.1641834860646 (noop ( move 7 7 6 6 ) ) )
LOG 1641834866080 [L0]: [Sent at 1641834866080] ( move 7 1 6 2 )
LOG 1641834866084 [L0]: [Received at 1641834866084] ( PLAY 13.breakthrough.1641834860646 (( move 7 1 6 2 ) noop ) )
LOG 1641834866086 [L0]: [Sent at 1641834866086] noop
LOG 1641834866088 [L0]: [Received at 1641834866088] ( PLAY 13.breakthrough.1641834860646 (noop ( move 6 4 5 3 ) ) )
LOG 1641834866089 [L0]: [Sent at 1641834866089] ( move 4 2 3 3 )
LOG 1641834866093 [L0]: [Received at 1641834866093] ( PLAY 13.breakthrough.1641834860646 (( move 4 2 3 3 ) noop ) )
LOG 1641834866094 [L0]: [Sent at 1641834866094] noop
LOG 1641834866097 [L0]: [Received at 1641834866097] ( PLAY 13.breakthrough.1641834860646 (noop ( move 1 5 2 4 ) ) )
LOG 1641834866099 [L0]: [Sent at 1641834866099] ( move 6 3 5 4 )
LOG 1641834866101 [L0]: [Received at 1641834866101] ( PLAY 13.breakthrough.1641834860646 (( move 6 3 5 4 ) noop ) )
LOG 1641834866103 [L0]: [Sent at 1641834866103] noop
LOG 1641834866106 [L0]: [Received at 1641834866106] ( PLAY 13.breakthrough.1641834860646 (noop ( move 7 8 8 7 ) ) )
LOG 1641834866107 [L0]: [Sent at 1641834866107] ( move 7 4 8 5 )
LOG 1641834866110 [L0]: [Received at 1641834866110] ( PLAY 13.breakthrough.1641834860646 (( move 7 4 8 5 ) noop ) )
LOG 1641834866111 [L0]: [Sent at 1641834866111] noop
LOG 1641834866113 [L0]: [Received at 1641834866113] ( PLAY 13.breakthrough.1641834860646 (noop ( move 6 6 7 5 ) ) )
LOG 1641834866114 [L0]: [Sent at 1641834866114] ( move 2 3 1 4 )
LOG 1641834866117 [L0]: [Received at 1641834866117] ( PLAY 13.breakthrough.1641834860646 (( move 2 3 1 4 ) noop ) )
LOG 1641834866119 [L0]: [Sent at 1641834866119] noop
LOG 1641834866121 [L0]: [Received at 1641834866121] ( PLAY 13.breakthrough.1641834860646 (noop ( move 3 5 4 4 ) ) )
LOG 1641834866122 [L0]: [Sent at 1641834866122] ( move 8 5 8 6 )
LOG 1641834866124 [L0]: [Received at 1641834866124] ( PLAY 13.breakthrough.1641834860646 (( move 8 5 8 6 ) noop ) )
LOG 1641834866126 [L0]: [Sent at 1641834866126] noop
LOG 1641834866128 [L0]: [Received at 1641834866128] ( PLAY 13.breakthrough.1641834860646 (noop ( move 2 8 3 7 ) ) )
LOG 1641834866129 [L0]: [Sent at 1641834866129] ( move 6 2 6 3 )
LOG 1641834866132 [L0]: [Received at 1641834866132] ( PLAY 13.breakthrough.1641834860646 (( move 6 2 6 3 ) noop ) )
LOG 1641834866133 [L0]: [Sent at 1641834866133] noop
LOG 1641834866135 [L0]: [Received at 1641834866135] ( PLAY 13.breakthrough.1641834860646 (noop ( move 2 7 3 6 ) ) )
LOG 1641834866137 [L0]: [Sent at 1641834866137] ( move 5 4 4 5 )
LOG 1641834866139 [L0]: [Received at 1641834866139] ( PLAY 13.breakthrough.1641834860646 (( move 5 4 4 5 ) noop ) )
LOG 1641834866140 [L0]: [Sent at 1641834866140] noop
LOG 1641834866142 [L0]: [Received at 1641834866142] ( PLAY 13.breakthrough.1641834860646 (noop ( move 7 6 8 5 ) ) )
LOG 1641834866143 [L0]: [Sent at 1641834866143] ( move 4 5 3 6 )
LOG 1641834866145 [L0]: [Received at 1641834866145] ( PLAY 13.breakthrough.1641834860646 (( move 4 5 3 6 ) noop ) )
LOG 1641834866147 [L0]: [Sent at 1641834866147] noop
LOG 1641834866149 [L0]: [Received at 1641834866149] ( PLAY 13.breakthrough.1641834860646 (noop ( move 6 7 7 6 ) ) )
LOG 1641834866150 [L0]: [Sent at 1641834866150] ( move 3 3 2 4 )
LOG 1641834866153 [L0]: [Received at 1641834866153] ( PLAY 13.breakthrough.1641834860646 (( move 3 3 2 4 ) noop ) )
LOG 1641834866154 [L0]: [Sent at 1641834866154] noop
LOG 1641834866156 [L0]: [Received at 1641834866156] ( PLAY 13.breakthrough.1641834860646 (noop ( move 7 5 7 4 ) ) )
LOG 1641834866157 [L0]: [Sent at 1641834866157] ( move 4 3 5 4 )
LOG 1641834866160 [L0]: [Received at 1641834866160] ( PLAY 13.breakthrough.1641834860646 (( move 4 3 5 4 ) noop ) )
LOG 1641834866161 [L0]: [Sent at 1641834866161] noop
LOG 1641834866164 [L0]: [Received at 1641834866164] ( STOP 13.breakthrough.1641834860646 (noop ( move 2 2 3 1 ) ) )
LOG 1641834866166 [L3]: Stopped logging to files at: Mon Jan 10 18:14:26 CET 2022
LOG 1641834866166 [L3]: LOG SEALED
