LOG 1641912256315 [L3]: Returning initial state machine.
LOG 1641912256315 [L3]: Returning PropNet state machine without cache.
LOG 1641912256316 [L3]: Starting metagame with available thinking time 4989ms.
LOG 1641912256319 [L3]: Starting search during metagame.
LOG 1641912261305 [L3]: Done searching during metagame.
LOG 1641912261308 [L3]: Starting move selection for game step 1 with available time 10000ms.
LOG 1641912261308 [L3]: Selecting move using MCTS.
LOG 1641912271308 [L3]: Returning MCTS move noop.
LOG 1641912271371 [L3]: Starting move selection for game step 2 with available time 10000ms.
LOG 1641912271388 [L3]: Selecting move using MCTS.
LOG 1641912281371 [L3]: Returning MCTS move ( drop 4 ).
LOG 1641912281374 [L3]: Starting move selection for game step 3 with available time 10000ms.
LOG 1641912281405 [L3]: Selecting move using MCTS.
LOG 1641912291374 [L3]: Returning MCTS move noop.
LOG 1641912291384 [L3]: Starting move selection for game step 4 with available time 10000ms.
LOG 1641912291427 [L3]: Selecting move using MCTS.
LOG 1641912301384 [L3]: Returning MCTS move ( drop 3 ).
LOG 1641912301388 [L3]: Starting move selection for game step 5 with available time 10000ms.
LOG 1641912301420 [L3]: Selecting move using MCTS.
LOG 1641912311388 [L3]: Returning MCTS move noop.
LOG 1641912311391 [L3]: Starting move selection for game step 6 with available time 10000ms.
LOG 1641912311429 [L3]: Selecting move using MCTS.
LOG 1641912321391 [L3]: Returning MCTS move ( drop 3 ).
LOG 1641912321395 [L3]: Starting move selection for game step 7 with available time 10000ms.
LOG 1641912321429 [L3]: Selecting move using MCTS.
LOG 1641912331395 [L3]: Returning MCTS move noop.
LOG 1641912331399 [L3]: Starting move selection for game step 8 with available time 10000ms.
LOG 1641912331435 [L3]: Selecting move using MCTS.
LOG 1641912341399 [L3]: Returning MCTS move ( drop 3 ).
LOG 1641912341402 [L3]: Starting move selection for game step 9 with available time 10000ms.
LOG 1641912341432 [L3]: Selecting move using MCTS.
LOG 1641912351402 [L3]: Returning MCTS move noop.
LOG 1641912351405 [L3]: Starting move selection for game step 10 with available time 10000ms.
LOG 1641912351437 [L3]: Selecting move using MCTS.
LOG 1641912361405 [L3]: Returning MCTS move ( drop 3 ).
