LOG 1641832960653 [L3]: Returning initial state machine.
LOG 1641832960653 [L3]: Returning PropNet state machine without cache.
LOG 1641832960654 [L3]: Starting metagame with available thinking time 4991ms.
LOG 1641832960655 [L3]: Starting search during metagame.
LOG 1641832965645 [L3]: Done searching during metagame.
LOG 1641832965647 [L3]: Starting move selection for game step 1 with available time 0ms.
LOG 1641832965648 [L3]: No time to select next move using MCTS. Returning random move ( drop 6 ).
LOG 1641832965651 [L3]: Starting move selection for game step 2 with available time 0ms.
LOG 1641832965653 [L3]: No time to select next move using MCTS. Returning random move noop.
LOG 1641832965656 [L3]: Starting move selection for game step 3 with available time 0ms.
LOG 1641832965664 [L3]: No time to select next move using MCTS. Returning random move ( drop 4 ).
LOG 1641832965667 [L3]: Starting move selection for game step 4 with available time 0ms.
LOG 1641832965670 [L3]: No time to select next move using MCTS. Returning random move noop.
LOG 1641832965675 [L3]: Starting move selection for game step 5 with available time 0ms.
LOG 1641832965675 [L3]: No time to select next move using MCTS. Returning random move ( drop 3 ).
LOG 1641832965679 [L3]: Starting move selection for game step 6 with available time 0ms.
LOG 1641832965680 [L3]: No time to select next move using MCTS. Returning random move noop.
LOG 1641832965683 [L3]: Starting move selection for game step 7 with available time 0ms.
LOG 1641832965683 [L3]: No time to select next move using MCTS. Returning random move ( drop 1 ).
LOG 1641832965688 [L3]: Starting move selection for game step 8 with available time 0ms.
LOG 1641832965688 [L3]: No time to select next move using MCTS. Returning random move noop.
LOG 1641832965691 [L3]: Starting move selection for game step 9 with available time 0ms.
LOG 1641832965692 [L3]: No time to select next move using MCTS. Returning random move ( drop 4 ).
LOG 1641832965695 [L3]: Starting move selection for game step 10 with available time 0ms.
LOG 1641832965695 [L3]: No time to select next move using MCTS. Returning random move noop.
LOG 1641832965698 [L3]: Starting move selection for game step 11 with available time 0ms.
LOG 1641832965699 [L3]: No time to select next move using MCTS. Returning random move ( drop 5 ).
