LOG 1641910073021 [L3]: Returning initial state machine.
LOG 1641910073021 [L3]: Returning PropNet state machine without cache.
LOG 1641910073022 [L3]: Starting metagame with available thinking time 4990ms.
LOG 1641910073024 [L3]: Starting search during metagame.
LOG 1641910078012 [L3]: Done searching during metagame.
LOG 1641910078015 [L3]: Starting move selection for game step 1 with available time 10000ms.
LOG 1641910078015 [L3]: Selecting move using MCTS.
LOG 1641910088015 [L3]: Returning MCTS move ( drop 4 ).
LOG 1641910088018 [L3]: Starting move selection for game step 2 with available time 10000ms.
LOG 1641910088033 [L3]: Selecting move using MCTS.
LOG 1641910098018 [L3]: Returning MCTS move noop.
LOG 1641910098021 [L3]: Starting move selection for game step 3 with available time 10000ms.
LOG 1641910098051 [L3]: Selecting move using MCTS.
LOG 1641910108021 [L3]: Returning MCTS move ( drop 2 ).
LOG 1641910108030 [L3]: Starting move selection for game step 4 with available time 10000ms.
LOG 1641910108072 [L3]: Selecting move using MCTS.
LOG 1641910118030 [L3]: Returning MCTS move noop.
LOG 1641910118033 [L3]: Starting move selection for game step 5 with available time 10000ms.
LOG 1641910118073 [L3]: Selecting move using MCTS.
LOG 1641910128033 [L3]: Returning MCTS move ( drop 5 ).
LOG 1641910128036 [L3]: Starting move selection for game step 6 with available time 10000ms.
LOG 1641910128075 [L3]: Selecting move using MCTS.
LOG 1641910138036 [L3]: Returning MCTS move noop.
LOG 1641910138039 [L3]: Starting move selection for game step 7 with available time 10000ms.
LOG 1641910138081 [L3]: Selecting move using MCTS.
LOG 1641910148039 [L3]: Returning MCTS move ( drop 3 ).
LOG 1641910148042 [L3]: Starting move selection for game step 8 with available time 10000ms.
LOG 1641910148082 [L3]: Selecting move using MCTS.
LOG 1641910158042 [L3]: Returning MCTS move noop.
LOG 1641910158046 [L3]: Starting move selection for game step 9 with available time 10000ms.
LOG 1641910158083 [L3]: Selecting move using MCTS.
LOG 1641910168046 [L3]: Returning MCTS move ( drop 6 ).
