LOG 1641839198199 [L3]: Returning initial state machine.
LOG 1641839198200 [L3]: Returning PropNet state machine without cache.
LOG 1641839198200 [L3]: Starting metagame with available thinking time 4990ms.
LOG 1641839198202 [L3]: Starting search during metagame.
LOG 1641839203190 [L3]: Done searching during metagame.
LOG 1641839203193 [L3]: Starting move selection for game step 1 with available time 0ms.
LOG 1641839203193 [L3]: No time to select next move using MCTS. Returning random move noop.
LOG 1641839203196 [L3]: Starting move selection for game step 2 with available time 0ms.
LOG 1641839203196 [L3]: No time to select next move using MCTS. Returning random move noop.
LOG 1641839203200 [L3]: Starting move selection for game step 3 with available time 0ms.
LOG 1641839203207 [L3]: No time to select next move using MCTS. Returning random move ( mark r1 c3 ).
LOG 1641839203210 [L3]: Starting move selection for game step 4 with available time 0ms.
LOG 1641839203210 [L3]: No time to select next move using MCTS. Returning random move noop.
LOG 1641839203213 [L3]: Starting move selection for game step 5 with available time 0ms.
LOG 1641839203213 [L3]: No time to select next move using MCTS. Returning random move noop.
LOG 1641839203218 [L3]: Starting move selection for game step 6 with available time 0ms.
LOG 1641839203218 [L3]: No time to select next move using MCTS. Returning random move ( block r4 c6 ).
LOG 1641839203221 [L3]: Starting move selection for game step 7 with available time 0ms.
LOG 1641839203221 [L3]: No time to select next move using MCTS. Returning random move ( mark r6 c5 ).
LOG 1641839203225 [L3]: Starting move selection for game step 8 with available time 0ms.
LOG 1641839203225 [L3]: No time to select next move using MCTS. Returning random move noop.
LOG 1641839203228 [L3]: Starting move selection for game step 9 with available time 0ms.
LOG 1641839203229 [L3]: No time to select next move using MCTS. Returning random move noop.
LOG 1641839203231 [L3]: Starting move selection for game step 10 with available time 0ms.
LOG 1641839203232 [L3]: No time to select next move using MCTS. Returning random move noop.
LOG 1641839203234 [L3]: Starting move selection for game step 11 with available time 0ms.
LOG 1641839203234 [L3]: No time to select next move using MCTS. Returning random move noop.
LOG 1641839203243 [L3]: Starting move selection for game step 12 with available time 0ms.
LOG 1641839203243 [L3]: No time to select next move using MCTS. Returning random move ( mark r6 c7 ).
LOG 1641839203250 [L3]: Starting move selection for game step 13 with available time 0ms.
LOG 1641839203250 [L3]: No time to select next move using MCTS. Returning random move noop.
LOG 1641839203268 [L3]: Starting move selection for game step 14 with available time 0ms.
LOG 1641839203268 [L3]: No time to select next move using MCTS. Returning random move ( block r5 c5 ).
LOG 1641839203271 [L3]: Starting move selection for game step 15 with available time 0ms.
LOG 1641839203271 [L3]: No time to select next move using MCTS. Returning random move ( mark r1 c5 ).
LOG 1641839203285 [L3]: Starting move selection for game step 16 with available time 0ms.
LOG 1641839203286 [L3]: No time to select next move using MCTS. Returning random move noop.
LOG 1641839203318 [L3]: Starting move selection for game step 17 with available time 0ms.
LOG 1641839203318 [L3]: No time to select next move using MCTS. Returning random move ( mark r4 c7 ).
LOG 1641839203345 [L3]: Starting move selection for game step 18 with available time 0ms.
LOG 1641839203346 [L3]: No time to select next move using MCTS. Returning random move noop.
LOG 1641839203387 [L3]: Starting move selection for game step 19 with available time 0ms.
LOG 1641839203388 [L3]: No time to select next move using MCTS. Returning random move ( mark r6 c3 ).
LOG 1641839203425 [L3]: Starting move selection for game step 20 with available time 0ms.
LOG 1641839203425 [L3]: No time to select next move using MCTS. Returning random move noop.
LOG 1641839203474 [L3]: Starting move selection for game step 21 with available time 0ms.
LOG 1641839203475 [L3]: No time to select next move using MCTS. Returning random move ( mark r1 c2 ).
LOG 1641839205889 [L3]: Starting move selection for game step 22 with available time 0ms.
LOG 1641839205889 [L3]: No time to select next move using MCTS. Returning random move noop.
LOG 1641839205961 [L3]: Starting move selection for game step 23 with available time 0ms.
LOG 1641839205962 [L3]: No time to select next move using MCTS. Returning random move ( block r2 c4 ).
LOG 1641839205976 [L3]: Starting move selection for game step 24 with available time 0ms.
LOG 1641839205976 [L3]: No time to select next move using MCTS. Returning random move ( mark r5 c2 ).
LOG 1641839206064 [L3]: Starting move selection for game step 25 with available time 0ms.
LOG 1641839206064 [L3]: No time to select next move using MCTS. Returning random move noop.
LOG 1641839206168 [L3]: Starting move selection for game step 26 with available time 0ms.
LOG 1641839206169 [L3]: No time to select next move using MCTS. Returning random move ( block r5 c3 ).
LOG 1641839206186 [L3]: Starting move selection for game step 27 with available time 0ms.
LOG 1641839206186 [L3]: No time to select next move using MCTS. Returning random move ( block r6 c1 ).
LOG 1641839206206 [L3]: Starting move selection for game step 28 with available time 0ms.
LOG 1641839206206 [L3]: No time to select next move using MCTS. Returning random move ( mark r3 c3 ).
LOG 1641839206348 [L3]: Starting move selection for game step 29 with available time 0ms.
LOG 1641839206349 [L3]: No time to select next move using MCTS. Returning random move noop.
LOG 1641839212263 [L3]: Starting move selection for game step 30 with available time 0ms.
LOG 1641839212263 [L3]: No time to select next move using MCTS. Returning random move ( mark r3 c7 ).
LOG 1641839212499 [L3]: Starting move selection for game step 31 with available time 0ms.
LOG 1641839212499 [L3]: No time to select next move using MCTS. Returning random move noop.
LOG 1641839212666 [L3]: Starting move selection for game step 32 with available time 0ms.
LOG 1641839212666 [L3]: No time to select next move using MCTS. Returning random move ( mark r1 c4 ).
LOG 1641839215265 [L3]: Starting move selection for game step 33 with available time 0ms.
LOG 1641839215265 [L3]: No time to select next move using MCTS. Returning random move noop.
LOG 1641839217910 [L3]: Starting move selection for game step 34 with available time 0ms.
LOG 1641839217911 [L3]: No time to select next move using MCTS. Returning random move ( mark r4 c5 ).
