LOG 1641834314149 [L3]: Returning initial state machine.
LOG 1641834314149 [L3]: Returning PropNet state machine without cache.
LOG 1641834314150 [L3]: Starting metagame with available thinking time 4996ms.
LOG 1641834314152 [L3]: Starting search during metagame.
LOG 1641834319146 [L3]: Done searching during metagame.
LOG 1641834319161 [L3]: Starting move selection for game step 1 with available time 0ms.
LOG 1641834319161 [L3]: No time to select next move using MCTS. Returning random move ( move 3 2 4 3 ).
LOG 1641834319165 [L3]: Starting move selection for game step 2 with available time 0ms.
LOG 1641834319165 [L3]: No time to select next move using MCTS. Returning random move noop.
LOG 1641834319170 [L3]: Starting move selection for game step 3 with available time 0ms.
LOG 1641834319171 [L3]: No time to select next move using MCTS. Returning random move ( move 4 3 5 4 ).
LOG 1641834319175 [L3]: Starting move selection for game step 4 with available time 0ms.
LOG 1641834319175 [L3]: No time to select next move using MCTS. Returning random move noop.
LOG 1641834319180 [L3]: Starting move selection for game step 5 with available time 0ms.
LOG 1641834319180 [L3]: No time to select next move using MCTS. Returning random move ( move 8 2 8 3 ).
LOG 1641834319184 [L3]: Starting move selection for game step 6 with available time 0ms.
LOG 1641834319184 [L3]: No time to select next move using MCTS. Returning random move noop.
LOG 1641834319190 [L3]: Starting move selection for game step 7 with available time 0ms.
LOG 1641834319190 [L3]: No time to select next move using MCTS. Returning random move ( move 7 1 8 2 ).
LOG 1641834319195 [L3]: Starting move selection for game step 8 with available time 0ms.
LOG 1641834319195 [L3]: No time to select next move using MCTS. Returning random move noop.
LOG 1641834319199 [L3]: Starting move selection for game step 9 with available time 0ms.
LOG 1641834319199 [L3]: No time to select next move using MCTS. Returning random move ( move 4 2 4 3 ).
LOG 1641834319203 [L3]: Starting move selection for game step 10 with available time 0ms.
LOG 1641834319203 [L3]: No time to select next move using MCTS. Returning random move noop.
LOG 1641834319208 [L3]: Starting move selection for game step 11 with available time 0ms.
LOG 1641834319208 [L3]: No time to select next move using MCTS. Returning random move ( move 4 3 3 4 ).
LOG 1641834319212 [L3]: Starting move selection for game step 12 with available time -1ms.
LOG 1641834319212 [L3]: No time to select next move using MCTS. Returning random move noop.
LOG 1641834319215 [L3]: Starting move selection for game step 13 with available time 0ms.
LOG 1641834319216 [L3]: No time to select next move using MCTS. Returning random move ( move 1 2 2 3 ).
LOG 1641834319219 [L3]: Starting move selection for game step 14 with available time 0ms.
LOG 1641834319220 [L3]: No time to select next move using MCTS. Returning random move noop.
LOG 1641834319223 [L3]: Starting move selection for game step 15 with available time 0ms.
LOG 1641834319223 [L3]: No time to select next move using MCTS. Returning random move ( move 3 4 4 5 ).
LOG 1641834319227 [L3]: Starting move selection for game step 16 with available time 0ms.
LOG 1641834319227 [L3]: No time to select next move using MCTS. Returning random move noop.
LOG 1641834319231 [L3]: Starting move selection for game step 17 with available time 0ms.
LOG 1641834319231 [L3]: No time to select next move using MCTS. Returning random move ( move 5 1 4 2 ).
LOG 1641834319234 [L3]: Starting move selection for game step 18 with available time 0ms.
LOG 1641834319235 [L3]: No time to select next move using MCTS. Returning random move noop.
LOG 1641834319238 [L3]: Starting move selection for game step 19 with available time 0ms.
LOG 1641834319238 [L3]: No time to select next move using MCTS. Returning random move ( move 2 2 1 3 ).
LOG 1641834319242 [L3]: Starting move selection for game step 20 with available time 0ms.
LOG 1641834319242 [L3]: No time to select next move using MCTS. Returning random move noop.
LOG 1641834319246 [L3]: Starting move selection for game step 21 with available time 0ms.
LOG 1641834319246 [L3]: No time to select next move using MCTS. Returning random move ( move 5 2 6 3 ).
LOG 1641834319249 [L3]: Starting move selection for game step 22 with available time 0ms.
LOG 1641834319250 [L3]: No time to select next move using MCTS. Returning random move noop.
LOG 1641834319253 [L3]: Starting move selection for game step 23 with available time 0ms.
LOG 1641834319254 [L3]: No time to select next move using MCTS. Returning random move ( move 6 2 7 3 ).
LOG 1641834319257 [L3]: Starting move selection for game step 24 with available time 0ms.
LOG 1641834319258 [L3]: No time to select next move using MCTS. Returning random move noop.
LOG 1641834319263 [L3]: Starting move selection for game step 25 with available time -1ms.
LOG 1641834319263 [L3]: No time to select next move using MCTS. Returning random move ( move 4 2 5 3 ).
LOG 1641834319268 [L3]: Starting move selection for game step 26 with available time 0ms.
LOG 1641834319268 [L3]: No time to select next move using MCTS. Returning random move noop.
LOG 1641834319273 [L3]: Starting move selection for game step 27 with available time 0ms.
LOG 1641834319273 [L3]: No time to select next move using MCTS. Returning random move ( move 2 3 2 4 ).
LOG 1641834319277 [L3]: Starting move selection for game step 28 with available time 0ms.
LOG 1641834319277 [L3]: No time to select next move using MCTS. Returning random move noop.
LOG 1641834319281 [L3]: Starting move selection for game step 29 with available time 0ms.
LOG 1641834319281 [L3]: No time to select next move using MCTS. Returning random move ( move 2 1 3 2 ).
LOG 1641834319285 [L3]: Starting move selection for game step 30 with available time 0ms.
LOG 1641834319286 [L3]: No time to select next move using MCTS. Returning random move noop.
LOG 1641834319289 [L3]: Starting move selection for game step 31 with available time 0ms.
LOG 1641834319289 [L3]: No time to select next move using MCTS. Returning random move ( move 3 1 2 2 ).
LOG 1641834319294 [L3]: Starting move selection for game step 32 with available time 0ms.
LOG 1641834319294 [L3]: No time to select next move using MCTS. Returning random move noop.
LOG 1641834319299 [L3]: Starting move selection for game step 33 with available time 0ms.
LOG 1641834319299 [L3]: No time to select next move using MCTS. Returning random move ( move 7 3 6 4 ).
LOG 1641834319303 [L3]: Starting move selection for game step 34 with available time 0ms.
LOG 1641834319303 [L3]: No time to select next move using MCTS. Returning random move noop.
LOG 1641834319307 [L3]: Starting move selection for game step 35 with available time 0ms.
LOG 1641834319307 [L3]: No time to select next move using MCTS. Returning random move ( move 4 1 5 2 ).
LOG 1641834319311 [L3]: Starting move selection for game step 36 with available time 0ms.
LOG 1641834319311 [L3]: No time to select next move using MCTS. Returning random move noop.
LOG 1641834319315 [L3]: Starting move selection for game step 37 with available time 0ms.
LOG 1641834319315 [L3]: No time to select next move using MCTS. Returning random move ( move 5 2 4 3 ).
LOG 1641834319318 [L3]: Starting move selection for game step 38 with available time 0ms.
LOG 1641834319319 [L3]: No time to select next move using MCTS. Returning random move noop.
LOG 1641834319322 [L3]: Starting move selection for game step 39 with available time 0ms.
LOG 1641834319322 [L3]: No time to select next move using MCTS. Returning random move ( move 4 3 3 4 ).
LOG 1641834319326 [L3]: Starting move selection for game step 40 with available time 0ms.
LOG 1641834319326 [L3]: No time to select next move using MCTS. Returning random move noop.
LOG 1641834319331 [L3]: Starting move selection for game step 41 with available time 0ms.
LOG 1641834319331 [L3]: No time to select next move using MCTS. Returning random move ( move 2 2 3 3 ).
LOG 1641834319335 [L3]: Starting move selection for game step 42 with available time 0ms.
LOG 1641834319335 [L3]: No time to select next move using MCTS. Returning random move noop.
LOG 1641834319339 [L3]: Starting move selection for game step 43 with available time 0ms.
LOG 1641834319339 [L3]: No time to select next move using MCTS. Returning random move ( move 5 4 6 5 ).
LOG 1641834319343 [L3]: Starting move selection for game step 44 with available time 0ms.
LOG 1641834319343 [L3]: No time to select next move using MCTS. Returning random move noop.
LOG 1641834319346 [L3]: Starting move selection for game step 45 with available time 0ms.
LOG 1641834319346 [L3]: No time to select next move using MCTS. Returning random move ( move 1 1 2 2 ).
LOG 1641834319350 [L3]: Starting move selection for game step 46 with available time 0ms.
LOG 1641834319350 [L3]: No time to select next move using MCTS. Returning random move noop.
LOG 1641834319353 [L3]: Starting move selection for game step 47 with available time 0ms.
LOG 1641834319354 [L3]: No time to select next move using MCTS. Returning random move ( move 5 3 4 4 ).
LOG 1641834319358 [L3]: Starting move selection for game step 48 with available time 0ms.
LOG 1641834319358 [L3]: No time to select next move using MCTS. Returning random move noop.
LOG 1641834319361 [L3]: Starting move selection for game step 49 with available time 0ms.
LOG 1641834319362 [L3]: No time to select next move using MCTS. Returning random move ( move 6 1 6 2 ).
LOG 1641834319365 [L3]: Starting move selection for game step 50 with available time 0ms.
LOG 1641834319365 [L3]: No time to select next move using MCTS. Returning random move noop.
LOG 1641834319370 [L3]: Starting move selection for game step 51 with available time 0ms.
LOG 1641834319370 [L3]: No time to select next move using MCTS. Returning random move ( move 6 4 7 5 ).
LOG 1641834319373 [L3]: Starting move selection for game step 52 with available time 0ms.
LOG 1641834319373 [L3]: No time to select next move using MCTS. Returning random move noop.
LOG 1641834319377 [L3]: Starting move selection for game step 53 with available time 0ms.
LOG 1641834319377 [L3]: No time to select next move using MCTS. Returning random move ( move 7 5 8 6 ).
LOG 1641834319380 [L3]: Starting move selection for game step 54 with available time 0ms.
LOG 1641834319380 [L3]: No time to select next move using MCTS. Returning random move noop.
LOG 1641834319384 [L3]: Starting move selection for game step 55 with available time 0ms.
LOG 1641834319384 [L3]: No time to select next move using MCTS. Returning random move ( move 8 3 7 4 ).
LOG 1641834319389 [L3]: Starting move selection for game step 56 with available time 0ms.
LOG 1641834319389 [L3]: No time to select next move using MCTS. Returning random move noop.
LOG 1641834319394 [L3]: Starting move selection for game step 57 with available time 0ms.
LOG 1641834319394 [L3]: No time to select next move using MCTS. Returning random move ( move 7 2 8 3 ).
LOG 1641834319399 [L3]: Starting move selection for game step 58 with available time 0ms.
LOG 1641834319399 [L3]: No time to select next move using MCTS. Returning random move noop.
LOG 1641834319403 [L3]: Starting move selection for game step 59 with available time 0ms.
LOG 1641834319403 [L3]: No time to select next move using MCTS. Returning random move ( move 3 2 4 3 ).
LOG 1641834319406 [L3]: Starting move selection for game step 60 with available time 0ms.
LOG 1641834319407 [L3]: No time to select next move using MCTS. Returning random move noop.
LOG 1641834319410 [L3]: Starting move selection for game step 61 with available time 0ms.
LOG 1641834319410 [L3]: No time to select next move using MCTS. Returning random move ( move 4 4 5 5 ).
LOG 1641834319413 [L3]: Starting move selection for game step 62 with available time 0ms.
LOG 1641834319413 [L3]: No time to select next move using MCTS. Returning random move noop.
LOG 1641834319417 [L3]: Starting move selection for game step 63 with available time 0ms.
LOG 1641834319417 [L3]: No time to select next move using MCTS. Returning random move ( move 5 5 5 6 ).
LOG 1641834319420 [L3]: Starting move selection for game step 64 with available time 0ms.
LOG 1641834319421 [L3]: No time to select next move using MCTS. Returning random move noop.
LOG 1641834319424 [L3]: Starting move selection for game step 65 with available time 0ms.
LOG 1641834319424 [L3]: No time to select next move using MCTS. Returning random move ( move 3 3 4 4 ).
LOG 1641834319435 [L3]: Starting move selection for game step 66 with available time 0ms.
LOG 1641834319435 [L3]: No time to select next move using MCTS. Returning random move noop.
LOG 1641834319439 [L3]: Starting move selection for game step 67 with available time 0ms.
LOG 1641834319439 [L3]: No time to select next move using MCTS. Returning random move ( move 6 3 5 4 ).
LOG 1641834319443 [L3]: Starting move selection for game step 68 with available time 0ms.
LOG 1641834319443 [L3]: No time to select next move using MCTS. Returning random move noop.
LOG 1641834319446 [L3]: Starting move selection for game step 69 with available time 0ms.
LOG 1641834319446 [L3]: No time to select next move using MCTS. Returning random move ( move 3 4 4 5 ).
LOG 1641834319449 [L3]: Starting move selection for game step 70 with available time 0ms.
LOG 1641834319449 [L3]: No time to select next move using MCTS. Returning random move noop.
LOG 1641834319452 [L3]: Starting move selection for game step 71 with available time 0ms.
LOG 1641834319453 [L3]: No time to select next move using MCTS. Returning random move ( move 2 2 2 3 ).
LOG 1641834319456 [L3]: Starting move selection for game step 72 with available time 0ms.
LOG 1641834319456 [L3]: No time to select next move using MCTS. Returning random move noop.
LOG 1641834319459 [L3]: Starting move selection for game step 73 with available time 0ms.
LOG 1641834319459 [L3]: No time to select next move using MCTS. Returning random move ( move 2 3 3 4 ).
LOG 1641834319462 [L3]: Starting move selection for game step 74 with available time 0ms.
LOG 1641834319462 [L3]: No time to select next move using MCTS. Returning random move noop.
LOG 1641834319465 [L3]: Starting move selection for game step 75 with available time 0ms.
LOG 1641834319465 [L3]: No time to select next move using MCTS. Returning random move ( move 6 2 6 3 ).
LOG 1641834319468 [L3]: Starting move selection for game step 76 with available time 0ms.
LOG 1641834319468 [L3]: No time to select next move using MCTS. Returning random move noop.
LOG 1641834319471 [L3]: Starting move selection for game step 77 with available time 0ms.
LOG 1641834319471 [L3]: No time to select next move using MCTS. Returning random move ( move 6 3 6 4 ).
LOG 1641834319474 [L3]: Starting move selection for game step 78 with available time 0ms.
LOG 1641834319474 [L3]: No time to select next move using MCTS. Returning random move noop.
LOG 1641834319477 [L3]: Starting move selection for game step 79 with available time 0ms.
LOG 1641834319478 [L3]: No time to select next move using MCTS. Returning random move ( move 8 6 8 7 ).
LOG 1641834319481 [L3]: Starting move selection for game step 80 with available time 0ms.
LOG 1641834319481 [L3]: No time to select next move using MCTS. Returning random move noop.
LOG 1641834319484 [L3]: Starting move selection for game step 81 with available time 0ms.
LOG 1641834319484 [L3]: No time to select next move using MCTS. Returning random move ( move 8 7 8 8 ).
