LOG 1641836873434 [L3]: Started match logging at: Mon Jan 10 18:47:53 CET 2022
LOG 1641836873435 [L3]: Game rules: [( role white ), ( role black ), ( <= ( base ( cell ?x ?y ?p ) ) ( index ?x ) ( index ?y ) ( role ?p ) ), ( <= ( base ( control ?p ) ) ( role ?p ) ), ( <= ( input ?p noop ) ( role ?p ) ), ( <= ( input ?p ( move ?x1 ?y1 ?x2 ?y2 ) ) ( role ?p ) ( index ?x1 ) ( index ?x2 ) ( index ?y1 ) ( index ?y2 ) ), ( init ( cell 1 1 white ) ), ( init ( cell 2 1 white ) ), ( init ( cell 3 1 white ) ), ( init ( cell 4 1 white ) ), ( init ( cell 5 1 white ) ), ( init ( cell 6 1 white ) ), ( init ( cell 7 1 white ) ), ( init ( cell 8 1 white ) ), ( init ( cell 1 2 white ) ), ( init ( cell 2 2 white ) ), ( init ( cell 3 2 white ) ), ( init ( cell 4 2 white ) ), ( init ( cell 5 2 white ) ), ( init ( cell 6 2 white ) ), ( init ( cell 7 2 white ) ), ( init ( cell 8 2 white ) ), ( init ( cell 1 7 black ) ), ( init ( cell 2 7 black ) ), ( init ( cell 3 7 black ) ), ( init ( cell 4 7 black ) ), ( init ( cell 5 7 black ) ), ( init ( cell 6 7 black ) ), ( init ( cell 7 7 black ) ), ( init ( cell 8 7 black ) ), ( init ( cell 1 8 black ) ), ( init ( cell 2 8 black ) ), ( init ( cell 3 8 black ) ), ( init ( cell 4 8 black ) ), ( init ( cell 5 8 black ) ), ( init ( cell 6 8 black ) ), ( init ( cell 7 8 black ) ), ( init ( cell 8 8 black ) ), ( init ( control white ) ), ( <= ( legal white noop ) ( true ( control black ) ) ), ( <= ( legal black noop ) ( true ( control white ) ) ), ( <= ( legal white ( move ?x1 ?y1 ?x2 ?y2 ) ) ( true ( control white ) ) ( true ( cell ?x1 ?y1 white ) ) ( whiteknightmove ?x1 ?y1 ?x2 ?y2 ) ( not ( true ( cell ?x2 ?y2 white ) ) ) ), ( <= ( legal black ( move ?x1 ?y1 ?x2 ?y2 ) ) ( true ( control black ) ) ( true ( cell ?x1 ?y1 black ) ) ( blackknightmove ?x1 ?y1 ?x2 ?y2 ) ( not ( true ( cell ?x2 ?y2 black ) ) ) ), ( <= ( next ( cell ?x ?y ?state ) ) ( true ( cell ?x ?y ?state ) ) ( does ?player ( move ?x1 ?y1 ?x2 ?y2 ) ) ( distinctcell ?x ?y ?x1 ?y1 ) ( distinctcell ?x ?y ?x2 ?y2 ) ), ( <= ( next ( cell ?x2 ?y2 ?player ) ) ( does ?player ( move ?x1 ?y1 ?x2 ?y2 ) ) ), ( <= ( next ( control black ) ) ( true ( control white ) ) ), ( <= ( next ( control white ) ) ( true ( control black ) ) ), ( <= terminal whitewin ), ( <= terminal blackwin ), ( <= ( goal white 100 ) whitewin ), ( <= ( goal white 0 ) blackwin ), ( <= ( goal black 100 ) blackwin ), ( <= ( goal black 0 ) whitewin ), ( <= whitewin ( index ?x ) ( true ( cell ?x 8 white ) ) ), ( <= blackwin ( index ?x ) ( true ( cell ?x 1 black ) ) ), ( <= whitewin ( not ( hasAnyPiece black ) ) ), ( <= blackwin ( not ( hasAnyPiece white ) ) ), ( <= ( hasAnyPiece ?player ) ( true ( cell ?x ?y ?player ) ) ), ( <= ( whiteknightmove ?x1 ?y1 ?x2 ?y2 ) ( plus 1 ?x1 ?x2 ) ( plus 2 ?y1 ?y2 ) ), ( <= ( whiteknightmove ?x1 ?y1 ?x2 ?y2 ) ( plus 1 ?x2 ?x1 ) ( plus 2 ?y1 ?y2 ) ), ( <= ( whiteknightmove ?x1 ?y1 ?x2 ?y2 ) ( plus 2 ?x1 ?x2 ) ( plus 1 ?y1 ?y2 ) ), ( <= ( whiteknightmove ?x1 ?y1 ?x2 ?y2 ) ( plus 2 ?x2 ?x1 ) ( plus 1 ?y1 ?y2 ) ), ( <= ( blackknightmove ?x1 ?y1 ?x2 ?y2 ) ( plus 1 ?x1 ?x2 ) ( plus 2 ?y2 ?y1 ) ), ( <= ( blackknightmove ?x1 ?y1 ?x2 ?y2 ) ( plus 1 ?x2 ?x1 ) ( plus 2 ?y2 ?y1 ) ), ( <= ( blackknightmove ?x1 ?y1 ?x2 ?y2 ) ( plus 2 ?x1 ?x2 ) ( plus 1 ?y2 ?y1 ) ), ( <= ( blackknightmove ?x1 ?y1 ?x2 ?y2 ) ( plus 2 ?x2 ?x1 ) ( plus 1 ?y2 ?y1 ) ), ( <= ( cell ?x ?y ) ( index ?x ) ( index ?y ) ), ( <= ( distinctcell ?x1 ?y1 ?x2 ?y2 ) ( cell ?x1 ?y1 ) ( cell ?x2 ?y2 ) ( distinct ?x1 ?x2 ) ), ( <= ( distinctcell ?x1 ?y1 ?x2 ?y2 ) ( cell ?x1 ?y1 ) ( cell ?x2 ?y2 ) ( distinct ?y1 ?y2 ) ), ( index 1 ), ( index 2 ), ( index 3 ), ( index 4 ), ( index 5 ), ( index 6 ), ( index 7 ), ( index 8 ), ( plus 1 1 2 ), ( plus 1 2 3 ), ( plus 1 3 4 ), ( plus 1 4 5 ), ( plus 1 5 6 ), ( plus 1 6 7 ), ( plus 1 7 8 ), ( plus 2 1 3 ), ( plus 2 2 4 ), ( plus 2 3 5 ), ( plus 2 4 6 ), ( plus 2 5 7 ), ( plus 2 6 8 )]
LOG 1641836873440 [L3]: Start clock: 15
LOG 1641836873441 [L3]: Play clock: 10
LOG 1641836878433 [L0]: [Sent at 1641836878433] ready
LOG 1641836878435 [L0]: [Received at 1641836878435] ( PLAY 37.knightThrough.1641836871905 NIL )
LOG 1641836878437 [L0]: [Sent at 1641836878437] noop
LOG 1641836878439 [L0]: [Received at 1641836878439] ( PLAY 37.knightThrough.1641836871905 (( move 7 2 6 4 ) noop ) )
LOG 1641836878446 [L0]: [Sent at 1641836878446] ( move 4 7 2 6 )
LOG 1641836878448 [L0]: [Received at 1641836878448] ( PLAY 37.knightThrough.1641836871905 (noop ( move 4 7 2 6 ) ) )
LOG 1641836878460 [L0]: [Sent at 1641836878460] noop
LOG 1641836878463 [L0]: [Received at 1641836878463] ( PLAY 37.knightThrough.1641836871905 (( move 6 2 4 3 ) noop ) )
LOG 1641836878473 [L0]: [Sent at 1641836878473] ( move 8 8 7 6 )
LOG 1641836878475 [L0]: [Received at 1641836878475] ( PLAY 37.knightThrough.1641836871905 (noop ( move 8 8 7 6 ) ) )
LOG 1641836878477 [L0]: [Sent at 1641836878477] noop
LOG 1641836878479 [L0]: [Received at 1641836878479] ( PLAY 37.knightThrough.1641836871905 (( move 4 2 3 4 ) noop ) )
LOG 1641836878480 [L0]: [Sent at 1641836878480] ( move 7 7 6 5 )
LOG 1641836878483 [L0]: [Received at 1641836878483] ( PLAY 37.knightThrough.1641836871905 (noop ( move 7 7 6 5 ) ) )
LOG 1641836878484 [L0]: [Sent at 1641836878484] noop
LOG 1641836878486 [L0]: [Received at 1641836878486] ( PLAY 37.knightThrough.1641836871905 (( move 6 4 4 5 ) noop ) )
LOG 1641836878487 [L0]: [Sent at 1641836878487] ( move 7 6 6 4 )
LOG 1641836878489 [L0]: [Received at 1641836878489] ( PLAY 37.knightThrough.1641836871905 (noop ( move 7 6 6 4 ) ) )
LOG 1641836878490 [L0]: [Sent at 1641836878490] noop
LOG 1641836878492 [L0]: [Received at 1641836878492] ( PLAY 37.knightThrough.1641836871905 (( move 4 3 3 5 ) noop ) )
LOG 1641836878494 [L0]: [Sent at 1641836878494] ( move 6 8 5 6 )
LOG 1641836878495 [L0]: [Received at 1641836878495] ( PLAY 37.knightThrough.1641836871905 (noop ( move 6 8 5 6 ) ) )
LOG 1641836878497 [L0]: [Sent at 1641836878497] noop
LOG 1641836878498 [L0]: [Received at 1641836878498] ( PLAY 37.knightThrough.1641836871905 (( move 3 5 5 6 ) noop ) )
LOG 1641836878500 [L0]: [Sent at 1641836878500] ( move 5 8 4 6 )
LOG 1641836878502 [L0]: [Received at 1641836878502] ( PLAY 37.knightThrough.1641836871905 (noop ( move 5 8 4 6 ) ) )
LOG 1641836878503 [L0]: [Sent at 1641836878503] noop
LOG 1641836878505 [L0]: [Received at 1641836878505] ( STOP 37.knightThrough.1641836871905 (( move 5 6 4 8 ) noop ) )
LOG 1641836878506 [L3]: Stopped logging to files at: Mon Jan 10 18:47:58 CET 2022
LOG 1641836878506 [L3]: LOG SEALED
