LOG 1641899296826 [L3]: Returning initial state machine.
LOG 1641899296827 [L3]: Returning PropNet state machine without cache.
LOG 1641899296827 [L3]: Starting metagame with available thinking time 4991ms.
LOG 1641899296829 [L3]: Starting search during metagame.
LOG 1641899301818 [L3]: Done searching during metagame.
LOG 1641899301821 [L3]: Starting move selection for game step 1 with available time 10000ms.
LOG 1641899301821 [L3]: Selecting move using MCTS.
LOG 1641899311821 [L3]: Returning MCTS move noop.
LOG 1641899311824 [L3]: Starting move selection for game step 2 with available time 10000ms.
LOG 1641899311838 [L3]: Selecting move using MCTS.
LOG 1641899321824 [L3]: Returning MCTS move ( drop 1 ).
LOG 1641899321827 [L3]: Starting move selection for game step 3 with available time 10000ms.
LOG 1641899321856 [L3]: Selecting move using MCTS.
LOG 1641899331827 [L3]: Returning MCTS move noop.
LOG 1641899331836 [L3]: Starting move selection for game step 4 with available time 10000ms.
LOG 1641899331878 [L3]: Selecting move using MCTS.
LOG 1641899341836 [L3]: Returning MCTS move ( drop 6 ).
LOG 1641899341839 [L3]: Starting move selection for game step 5 with available time 10000ms.
LOG 1641899341872 [L3]: Selecting move using MCTS.
LOG 1641899351839 [L3]: Returning MCTS move noop.
LOG 1641899351842 [L3]: Starting move selection for game step 6 with available time 10000ms.
LOG 1641899351876 [L3]: Selecting move using MCTS.
LOG 1641899361842 [L3]: Returning MCTS move ( drop 4 ).
LOG 1641899361845 [L3]: Starting move selection for game step 7 with available time 10000ms.
LOG 1641899361875 [L3]: Selecting move using MCTS.
LOG 1641899371845 [L3]: Returning MCTS move noop.
LOG 1641899371848 [L3]: Starting move selection for game step 8 with available time 10000ms.
LOG 1641899371875 [L3]: Selecting move using MCTS.
LOG 1641899381848 [L3]: Returning MCTS move ( drop 2 ).
LOG 1641899381851 [L3]: Starting move selection for game step 9 with available time 10000ms.
LOG 1641899381880 [L3]: Selecting move using MCTS.
LOG 1641899391851 [L3]: Returning MCTS move noop.
LOG 1641899391854 [L3]: Starting move selection for game step 10 with available time 10000ms.
LOG 1641899391884 [L3]: Selecting move using MCTS.
LOG 1641899401854 [L3]: Returning MCTS move ( drop 4 ).
LOG 1641899401857 [L3]: Starting move selection for game step 11 with available time 10000ms.
LOG 1641899401886 [L3]: Selecting move using MCTS.
LOG 1641899411857 [L3]: Returning MCTS move noop.
LOG 1641899411860 [L3]: Starting move selection for game step 12 with available time 10000ms.
LOG 1641899411891 [L3]: Selecting move using MCTS.
LOG 1641899421860 [L3]: Returning MCTS move ( drop 2 ).
LOG 1641899421863 [L3]: Starting move selection for game step 13 with available time 10000ms.
LOG 1641899421892 [L3]: Selecting move using MCTS.
LOG 1641899431863 [L3]: Returning MCTS move noop.
LOG 1641899431867 [L3]: Starting move selection for game step 14 with available time 10000ms.
LOG 1641899431898 [L3]: Selecting move using MCTS.
LOG 1641899441867 [L3]: Returning MCTS move ( drop 2 ).
LOG 1641899441870 [L3]: Starting move selection for game step 15 with available time 10000ms.
LOG 1641899441900 [L3]: Selecting move using MCTS.
LOG 1641899451870 [L3]: Returning MCTS move noop.
LOG 1641899451873 [L3]: Starting move selection for game step 16 with available time 10000ms.
LOG 1641899451905 [L3]: Selecting move using MCTS.
LOG 1641899461873 [L3]: Returning MCTS move ( drop 4 ).
LOG 1641899461876 [L3]: Starting move selection for game step 17 with available time 10000ms.
LOG 1641899461903 [L3]: Selecting move using MCTS.
LOG 1641899471876 [L3]: Returning MCTS move noop.
LOG 1641899471880 [L3]: Starting move selection for game step 18 with available time 9999ms.
LOG 1641899471903 [L3]: Selecting move using MCTS.
LOG 1641899481879 [L3]: Returning MCTS move ( drop 1 ).
LOG 1641899481882 [L3]: Starting move selection for game step 19 with available time 10000ms.
LOG 1641899481899 [L3]: Selecting move using MCTS.
LOG 1641899491882 [L3]: Returning MCTS move noop.
LOG 1641899491886 [L3]: Starting move selection for game step 20 with available time 10000ms.
LOG 1641899491894 [L3]: Selecting move using MCTS.
LOG 1641899501886 [L3]: Returning MCTS move ( drop 5 ).
LOG 1641899501889 [L3]: Starting move selection for game step 21 with available time 10000ms.
LOG 1641899501899 [L3]: Selecting move using MCTS.
LOG 1641899511889 [L3]: Returning MCTS move noop.
LOG 1641899511892 [L3]: Starting move selection for game step 22 with available time 10000ms.
LOG 1641899511900 [L3]: Selecting move using MCTS.
LOG 1641899521892 [L3]: Returning MCTS move ( drop 5 ).
LOG 1641899521896 [L3]: Starting move selection for game step 23 with available time 10000ms.
LOG 1641899521899 [L3]: Selecting move using MCTS.
LOG 1641899531896 [L3]: Returning MCTS move noop.
LOG 1641899531899 [L3]: Starting move selection for game step 24 with available time 10000ms.
LOG 1641899531903 [L3]: Selecting move using MCTS.
LOG 1641899541899 [L3]: Returning MCTS move ( drop 6 ).
LOG 1641899541902 [L3]: Starting move selection for game step 25 with available time 10000ms.
LOG 1641899541905 [L3]: Selecting move using MCTS.
LOG 1641899551902 [L3]: Returning MCTS move noop.
LOG 1641899551906 [L3]: Starting move selection for game step 26 with available time 10000ms.
LOG 1641899551908 [L3]: Selecting move using MCTS.
LOG 1641899561906 [L3]: Returning MCTS move ( drop 5 ).
LOG 1641899561909 [L3]: Starting move selection for game step 27 with available time 10000ms.
LOG 1641899561911 [L3]: Selecting move using MCTS.
LOG 1641899571909 [L3]: Returning MCTS move noop.
LOG 1641899571912 [L3]: Starting move selection for game step 28 with available time 10000ms.
LOG 1641899571914 [L3]: Selecting move using MCTS.
LOG 1641899581912 [L3]: Returning MCTS move ( drop 6 ).
LOG 1641899581915 [L3]: Starting move selection for game step 29 with available time 10000ms.
LOG 1641899581917 [L3]: Selecting move using MCTS.
LOG 1641899591915 [L3]: Returning MCTS move noop.
LOG 1641899591918 [L3]: Starting move selection for game step 30 with available time 10000ms.
LOG 1641899591919 [L3]: Selecting move using MCTS.
LOG 1641899601918 [L3]: Returning MCTS move ( drop 6 ).
LOG 1641899601921 [L3]: Starting move selection for game step 31 with available time 10000ms.
LOG 1641899601922 [L3]: Selecting move using MCTS.
LOG 1641899611921 [L3]: Returning MCTS move noop.
LOG 1641899611924 [L3]: Starting move selection for game step 32 with available time 10000ms.
LOG 1641899611925 [L3]: Selecting move using MCTS.
LOG 1641899621924 [L3]: Returning MCTS move ( drop 7 ).
LOG 1641899621927 [L3]: Starting move selection for game step 33 with available time 10000ms.
LOG 1641899621928 [L3]: Selecting move using MCTS.
LOG 1641899631927 [L3]: Returning MCTS move noop.
LOG 1641899631930 [L3]: Starting move selection for game step 34 with available time 10000ms.
LOG 1641899631931 [L3]: Selecting move using MCTS.
LOG 1641899641930 [L3]: Returning MCTS move ( drop 7 ).
LOG 1641899641933 [L3]: Starting move selection for game step 35 with available time 10000ms.
LOG 1641899641934 [L3]: Selecting move using MCTS.
LOG 1641899651933 [L3]: Returning MCTS move noop.
LOG 1641899651936 [L3]: Starting move selection for game step 36 with available time 10000ms.
LOG 1641899651937 [L3]: Selecting move using MCTS.
LOG 1641899661936 [L3]: Returning MCTS move ( drop 3 ).
LOG 1641899661939 [L3]: Starting move selection for game step 37 with available time 10000ms.
LOG 1641899661940 [L3]: Selecting move using MCTS.
LOG 1641899671939 [L3]: Returning MCTS move noop.
LOG 1641899671943 [L3]: Starting move selection for game step 38 with available time 10000ms.
LOG 1641899671944 [L3]: Selecting move using MCTS.
LOG 1641899681943 [L3]: Returning MCTS move ( drop 3 ).
