LOG 1641897855078 [L3]: Returning initial state machine.
LOG 1641897855078 [L3]: Returning PropNet state machine without cache.
LOG 1641897855079 [L3]: Starting metagame with available thinking time 4989ms.
LOG 1641897855081 [L3]: Starting search during metagame.
LOG 1641897860068 [L3]: Done searching during metagame.
LOG 1641897860105 [L3]: Starting move selection for game step 1 with available time 10000ms.
LOG 1641897860105 [L3]: Selecting move using MCTS.
LOG 1641897870105 [L3]: Returning MCTS move noop.
LOG 1641897870108 [L3]: Starting move selection for game step 2 with available time 10000ms.
LOG 1641897870123 [L3]: Selecting move using MCTS.
LOG 1641897880108 [L3]: Returning MCTS move ( drop 1 ).
LOG 1641897880111 [L3]: Starting move selection for game step 3 with available time 10000ms.
LOG 1641897880141 [L3]: Selecting move using MCTS.
LOG 1641897890111 [L3]: Returning MCTS move noop.
LOG 1641897890120 [L3]: Starting move selection for game step 4 with available time 10000ms.
LOG 1641897890160 [L3]: Selecting move using MCTS.
LOG 1641897900120 [L3]: Returning MCTS move ( drop 6 ).
LOG 1641897900123 [L3]: Starting move selection for game step 5 with available time 10000ms.
LOG 1641897900156 [L3]: Selecting move using MCTS.
LOG 1641897910123 [L3]: Returning MCTS move noop.
LOG 1641897910126 [L3]: Starting move selection for game step 6 with available time 10000ms.
LOG 1641897910157 [L3]: Selecting move using MCTS.
LOG 1641897920126 [L3]: Returning MCTS move ( drop 4 ).
LOG 1641897920129 [L3]: Starting move selection for game step 7 with available time 10000ms.
LOG 1641897920158 [L3]: Selecting move using MCTS.
LOG 1641897930129 [L3]: Returning MCTS move noop.
LOG 1641897930132 [L3]: Starting move selection for game step 8 with available time 10000ms.
LOG 1641897930164 [L3]: Selecting move using MCTS.
LOG 1641897940132 [L3]: Returning MCTS move ( drop 2 ).
LOG 1641897940135 [L3]: Starting move selection for game step 9 with available time 10000ms.
LOG 1641897940165 [L3]: Selecting move using MCTS.
LOG 1641897950135 [L3]: Returning MCTS move noop.
LOG 1641897950138 [L3]: Starting move selection for game step 10 with available time 10000ms.
LOG 1641897950170 [L3]: Selecting move using MCTS.
LOG 1641897960138 [L3]: Returning MCTS move ( drop 5 ).
LOG 1641897960141 [L3]: Starting move selection for game step 11 with available time 10000ms.
LOG 1641897960170 [L3]: Selecting move using MCTS.
LOG 1641897970141 [L3]: Returning MCTS move noop.
LOG 1641897970145 [L3]: Starting move selection for game step 12 with available time 10000ms.
LOG 1641897970168 [L3]: Selecting move using MCTS.
LOG 1641897980145 [L3]: Returning MCTS move ( drop 6 ).
LOG 1641897980148 [L3]: Starting move selection for game step 13 with available time 10000ms.
LOG 1641897980167 [L3]: Selecting move using MCTS.
LOG 1641897990148 [L3]: Returning MCTS move noop.
LOG 1641897990151 [L3]: Starting move selection for game step 14 with available time 10000ms.
LOG 1641897990166 [L3]: Selecting move using MCTS.
LOG 1641898000151 [L3]: Returning MCTS move ( drop 5 ).
LOG 1641898000154 [L3]: Starting move selection for game step 15 with available time 10000ms.
LOG 1641898000172 [L3]: Selecting move using MCTS.
LOG 1641898010154 [L3]: Returning MCTS move noop.
LOG 1641898010157 [L3]: Starting move selection for game step 16 with available time 10000ms.
LOG 1641898010182 [L3]: Selecting move using MCTS.
LOG 1641898020157 [L3]: Returning MCTS move ( drop 4 ).
LOG 1641898020160 [L3]: Starting move selection for game step 17 with available time 10000ms.
LOG 1641898020190 [L3]: Selecting move using MCTS.
LOG 1641898030160 [L3]: Returning MCTS move noop.
LOG 1641898030163 [L3]: Starting move selection for game step 18 with available time 10000ms.
LOG 1641898030186 [L3]: Selecting move using MCTS.
LOG 1641898040163 [L3]: Returning MCTS move ( drop 2 ).
LOG 1641898040166 [L3]: Starting move selection for game step 19 with available time 10000ms.
LOG 1641898040177 [L3]: Selecting move using MCTS.
LOG 1641898050166 [L3]: Returning MCTS move noop.
LOG 1641898050169 [L3]: Starting move selection for game step 20 with available time 10000ms.
LOG 1641898050177 [L3]: Selecting move using MCTS.
LOG 1641898060169 [L3]: Returning MCTS move ( drop 6 ).
LOG 1641898060173 [L3]: Starting move selection for game step 21 with available time 10000ms.
LOG 1641898060177 [L3]: Selecting move using MCTS.
LOG 1641898070173 [L3]: Returning MCTS move noop.
LOG 1641898070176 [L3]: Starting move selection for game step 22 with available time 10000ms.
LOG 1641898070181 [L3]: Selecting move using MCTS.
LOG 1641898080176 [L3]: Returning MCTS move ( drop 6 ).
LOG 1641898080179 [L3]: Starting move selection for game step 23 with available time 10000ms.
LOG 1641898080181 [L3]: Selecting move using MCTS.
LOG 1641898090179 [L3]: Returning MCTS move noop.
LOG 1641898090190 [L3]: Starting move selection for game step 24 with available time 10000ms.
LOG 1641898090192 [L3]: Selecting move using MCTS.
LOG 1641898100190 [L3]: Returning MCTS move ( drop 2 ).
LOG 1641898100193 [L3]: Starting move selection for game step 25 with available time 10000ms.
LOG 1641898100195 [L3]: Selecting move using MCTS.
LOG 1641898110193 [L3]: Returning MCTS move noop.
LOG 1641898110196 [L3]: Starting move selection for game step 26 with available time 10000ms.
LOG 1641898110198 [L3]: Selecting move using MCTS.
LOG 1641898120196 [L3]: Returning MCTS move ( drop 7 ).
LOG 1641898120200 [L3]: Starting move selection for game step 27 with available time 10000ms.
LOG 1641898120201 [L3]: Selecting move using MCTS.
LOG 1641898130200 [L3]: Returning MCTS move noop.
LOG 1641898130203 [L3]: Starting move selection for game step 28 with available time 10000ms.
LOG 1641898130205 [L3]: Selecting move using MCTS.
LOG 1641898140203 [L3]: Returning MCTS move ( drop 7 ).
LOG 1641898140206 [L3]: Starting move selection for game step 29 with available time 10000ms.
LOG 1641898140208 [L3]: Selecting move using MCTS.
LOG 1641898150206 [L3]: Returning MCTS move noop.
LOG 1641898150210 [L3]: Starting move selection for game step 30 with available time 10000ms.
LOG 1641898150211 [L3]: Selecting move using MCTS.
LOG 1641898160210 [L3]: Returning MCTS move ( drop 2 ).
LOG 1641898160213 [L3]: Starting move selection for game step 31 with available time 10000ms.
LOG 1641898160215 [L3]: Selecting move using MCTS.
LOG 1641898170213 [L3]: Returning MCTS move noop.
LOG 1641898170216 [L3]: Starting move selection for game step 32 with available time 10000ms.
LOG 1641898170218 [L3]: Selecting move using MCTS.
LOG 1641898180216 [L3]: Returning MCTS move ( drop 1 ).
LOG 1641898180220 [L3]: Starting move selection for game step 33 with available time 10000ms.
LOG 1641898180221 [L3]: Selecting move using MCTS.
LOG 1641898190220 [L3]: Returning MCTS move noop.
LOG 1641898190223 [L3]: Starting move selection for game step 34 with available time 10000ms.
LOG 1641898190225 [L3]: Selecting move using MCTS.
LOG 1641898200223 [L3]: Returning MCTS move ( drop 2 ).
LOG 1641898200226 [L3]: Starting move selection for game step 35 with available time 10000ms.
LOG 1641898200227 [L3]: Selecting move using MCTS.
LOG 1641898210226 [L3]: Returning MCTS move noop.
LOG 1641898210230 [L3]: Starting move selection for game step 36 with available time 10000ms.
LOG 1641898210231 [L3]: Selecting move using MCTS.
LOG 1641898220230 [L3]: Returning MCTS move ( drop 3 ).
LOG 1641898220233 [L3]: Starting move selection for game step 37 with available time 10000ms.
LOG 1641898220234 [L3]: Selecting move using MCTS.
LOG 1641898230233 [L3]: Returning MCTS move noop.
LOG 1641898230236 [L3]: Starting move selection for game step 38 with available time 10000ms.
LOG 1641898230237 [L3]: Selecting move using MCTS.
LOG 1641898240236 [L3]: Returning MCTS move ( drop 3 ).
LOG 1641898240240 [L3]: Starting move selection for game step 39 with available time 10000ms.
LOG 1641898240241 [L3]: Selecting move using MCTS.
LOG 1641898250240 [L3]: Returning MCTS move noop.
LOG 1641898250243 [L3]: Starting move selection for game step 40 with available time 10000ms.
LOG 1641898250244 [L3]: Selecting move using MCTS.
LOG 1641898260243 [L3]: Returning MCTS move ( drop 5 ).
LOG 1641898260246 [L3]: Starting move selection for game step 41 with available time 10000ms.
LOG 1641898260247 [L3]: Selecting move using MCTS.
LOG 1641898270246 [L3]: Returning MCTS move noop.
LOG 1641898270250 [L3]: Starting move selection for game step 42 with available time 10000ms.
LOG 1641898270251 [L3]: Selecting move using MCTS.
LOG 1641898280250 [L3]: Returning MCTS move ( drop 7 ).
