LOG 1641851091129 [L3]: Returning initial state machine.
LOG 1641851091130 [L3]: Returning PropNet state machine without cache.
LOG 1641851091131 [L3]: Starting metagame with available thinking time 4987ms.
LOG 1641851091133 [L3]: Starting search during metagame.
LOG 1641851096118 [L3]: Done searching during metagame.
LOG 1641851096122 [L3]: Starting move selection for game step 1 with available time 10000ms.
LOG 1641851096122 [L3]: Selecting move using MCTS.
LOG 1641851106122 [L3]: Returning MCTS move ( drop 4 ).
LOG 1641851106141 [L3]: Starting move selection for game step 2 with available time 10000ms.
LOG 1641851106147 [L3]: Selecting move using MCTS.
LOG 1641851116141 [L3]: Returning MCTS move noop.
LOG 1641851116160 [L3]: Starting move selection for game step 3 with available time 10000ms.
LOG 1641851116170 [L3]: Selecting move using MCTS.
LOG 1641851126160 [L3]: Returning MCTS move ( drop 4 ).
LOG 1641851126171 [L3]: Starting move selection for game step 4 with available time 10000ms.
LOG 1641851126191 [L3]: Selecting move using MCTS.
LOG 1641851136171 [L3]: Returning MCTS move noop.
LOG 1641851136176 [L3]: Starting move selection for game step 5 with available time 10000ms.
LOG 1641851136196 [L3]: Selecting move using MCTS.
LOG 1641851146176 [L3]: Returning MCTS move ( drop 4 ).
LOG 1641851146179 [L3]: Starting move selection for game step 6 with available time 10000ms.
LOG 1641851146197 [L3]: Selecting move using MCTS.
LOG 1641851156179 [L3]: Returning MCTS move noop.
LOG 1641851156183 [L3]: Starting move selection for game step 7 with available time 10000ms.
LOG 1641851156204 [L3]: Selecting move using MCTS.
LOG 1641851166183 [L3]: Returning MCTS move ( drop 4 ).
