LOG 1641841044109 [L3]: Returning initial state machine.
LOG 1641841044109 [L3]: Returning PropNet state machine without cache.
LOG 1641841044110 [L3]: Starting metagame with available thinking time 4990ms.
LOG 1641841044112 [L3]: Starting search during metagame.
LOG 1641841049100 [L3]: Done searching during metagame.
LOG 1641841049102 [L3]: Starting move selection for game step 1 with available time 0ms.
LOG 1641841049103 [L3]: No time to select next move using MCTS. Returning random move ( block r3 c5 ).
LOG 1641841049106 [L3]: Starting move selection for game step 2 with available time -1ms.
LOG 1641841049106 [L3]: No time to select next move using MCTS. Returning random move ( block r6 c3 ).
LOG 1641841049110 [L3]: Starting move selection for game step 3 with available time 0ms.
LOG 1641841049117 [L3]: No time to select next move using MCTS. Returning random move ( block r5 c2 ).
LOG 1641841049121 [L3]: Starting move selection for game step 4 with available time 0ms.
LOG 1641841049123 [L3]: No time to select next move using MCTS. Returning random move ( mark r6 c2 ).
LOG 1641841049128 [L3]: Starting move selection for game step 5 with available time 0ms.
LOG 1641841049128 [L3]: No time to select next move using MCTS. Returning random move noop.
LOG 1641841049131 [L3]: Starting move selection for game step 6 with available time 0ms.
LOG 1641841049132 [L3]: No time to select next move using MCTS. Returning random move ( mark r1 c2 ).
LOG 1641841049178 [L3]: Starting move selection for game step 7 with available time 0ms.
LOG 1641841049178 [L3]: No time to select next move using MCTS. Returning random move noop.
LOG 1641841049181 [L3]: Starting move selection for game step 8 with available time 0ms.
LOG 1641841049181 [L3]: No time to select next move using MCTS. Returning random move noop.
LOG 1641841049185 [L3]: Starting move selection for game step 9 with available time 0ms.
LOG 1641841049185 [L3]: No time to select next move using MCTS. Returning random move noop.
LOG 1641841049189 [L3]: Starting move selection for game step 10 with available time 0ms.
LOG 1641841049189 [L3]: No time to select next move using MCTS. Returning random move ( mark r5 c4 ).
LOG 1641841049195 [L3]: Starting move selection for game step 11 with available time 0ms.
LOG 1641841049195 [L3]: No time to select next move using MCTS. Returning random move noop.
LOG 1641841049200 [L3]: Starting move selection for game step 12 with available time 0ms.
LOG 1641841049200 [L3]: No time to select next move using MCTS. Returning random move ( mark r4 c7 ).
LOG 1641841049215 [L3]: Starting move selection for game step 13 with available time 0ms.
LOG 1641841049215 [L3]: No time to select next move using MCTS. Returning random move noop.
LOG 1641841049219 [L3]: Starting move selection for game step 14 with available time 0ms.
LOG 1641841049220 [L3]: No time to select next move using MCTS. Returning random move noop.
LOG 1641841049223 [L3]: Starting move selection for game step 15 with available time 0ms.
LOG 1641841049223 [L3]: No time to select next move using MCTS. Returning random move noop.
LOG 1641841049233 [L3]: Starting move selection for game step 16 with available time 0ms.
LOG 1641841049233 [L3]: No time to select next move using MCTS. Returning random move ( block r2 c6 ).
LOG 1641841049237 [L3]: Starting move selection for game step 17 with available time 0ms.
LOG 1641841049237 [L3]: No time to select next move using MCTS. Returning random move ( mark r2 c5 ).
LOG 1641841049261 [L3]: Starting move selection for game step 18 with available time 0ms.
LOG 1641841049261 [L3]: No time to select next move using MCTS. Returning random move noop.
LOG 1641841049278 [L3]: Starting move selection for game step 19 with available time 0ms.
LOG 1641841049279 [L3]: No time to select next move using MCTS. Returning random move ( mark r3 c7 ).
LOG 1641841049328 [L3]: Starting move selection for game step 20 with available time 0ms.
LOG 1641841049328 [L3]: No time to select next move using MCTS. Returning random move noop.
LOG 1641841049352 [L3]: Starting move selection for game step 21 with available time 0ms.
LOG 1641841049353 [L3]: No time to select next move using MCTS. Returning random move ( mark r5 c7 ).
LOG 1641841049421 [L3]: Starting move selection for game step 22 with available time -1ms.
LOG 1641841049421 [L3]: No time to select next move using MCTS. Returning random move noop.
LOG 1641841049471 [L3]: Starting move selection for game step 23 with available time 0ms.
LOG 1641841049471 [L3]: No time to select next move using MCTS. Returning random move ( block r4 c1 ).
LOG 1641841049481 [L3]: Starting move selection for game step 24 with available time 0ms.
LOG 1641841049481 [L3]: No time to select next move using MCTS. Returning random move ( mark r1 c6 ).
LOG 1641841049602 [L3]: Starting move selection for game step 25 with available time 0ms.
LOG 1641841049602 [L3]: No time to select next move using MCTS. Returning random move noop.
LOG 1641841049686 [L3]: Starting move selection for game step 26 with available time 0ms.
LOG 1641841049687 [L3]: No time to select next move using MCTS. Returning random move ( mark r2 c4 ).
LOG 1641841049917 [L3]: Starting move selection for game step 27 with available time 0ms.
LOG 1641841049918 [L3]: No time to select next move using MCTS. Returning random move noop.
LOG 1641841050004 [L3]: Starting move selection for game step 28 with available time 0ms.
LOG 1641841050004 [L3]: No time to select next move using MCTS. Returning random move ( mark r1 c3 ).
LOG 1641841050248 [L3]: Starting move selection for game step 29 with available time 0ms.
LOG 1641841050248 [L3]: No time to select next move using MCTS. Returning random move noop.
LOG 1641841050274 [L3]: Starting move selection for game step 30 with available time 0ms.
LOG 1641841050274 [L3]: No time to select next move using MCTS. Returning random move noop.
LOG 1641841050440 [L3]: Starting move selection for game step 31 with available time 0ms.
LOG 1641841050440 [L3]: No time to select next move using MCTS. Returning random move ( mark r6 c5 ).
LOG 1641841050769 [L3]: Starting move selection for game step 32 with available time 0ms.
LOG 1641841050769 [L3]: No time to select next move using MCTS. Returning random move noop.
LOG 1641841051002 [L3]: Starting move selection for game step 33 with available time 0ms.
LOG 1641841051002 [L3]: No time to select next move using MCTS. Returning random move ( mark r3 c2 ).
LOG 1641841051337 [L3]: Starting move selection for game step 34 with available time 0ms.
LOG 1641841051337 [L3]: No time to select next move using MCTS. Returning random move noop.
