LOG 1641840756887 [L3]: Returning initial state machine.
LOG 1641840756888 [L3]: Returning PropNet state machine without cache.
LOG 1641840756889 [L3]: Starting metagame with available thinking time 4988ms.
LOG 1641840756891 [L3]: Starting search during metagame.
LOG 1641840770037 [L3]: Done searching during metagame.
LOG 1641840770040 [L3]: Starting move selection for game step 1 with available time 0ms.
LOG 1641840770041 [L3]: No time to select next move using MCTS. Returning random move noop.
LOG 1641840770043 [L3]: Starting move selection for game step 2 with available time 0ms.
LOG 1641840770044 [L3]: No time to select next move using MCTS. Returning random move noop.
LOG 1641840770047 [L3]: Starting move selection for game step 3 with available time 0ms.
LOG 1641840770054 [L3]: No time to select next move using MCTS. Returning random move noop.
LOG 1641840770058 [L3]: Starting move selection for game step 4 with available time 0ms.
LOG 1641840770059 [L3]: No time to select next move using MCTS. Returning random move noop.
LOG 1641840770062 [L3]: Starting move selection for game step 5 with available time 0ms.
LOG 1641840770063 [L3]: No time to select next move using MCTS. Returning random move noop.
LOG 1641840770066 [L3]: Starting move selection for game step 6 with available time 0ms.
LOG 1641840770066 [L3]: No time to select next move using MCTS. Returning random move noop.
LOG 1641840770070 [L3]: Starting move selection for game step 7 with available time 0ms.
LOG 1641840770070 [L3]: No time to select next move using MCTS. Returning random move ( mark r3 c6 ).
LOG 1641840770074 [L3]: Starting move selection for game step 8 with available time 0ms.
LOG 1641840770075 [L3]: No time to select next move using MCTS. Returning random move noop.
LOG 1641840770081 [L3]: Starting move selection for game step 9 with available time 0ms.
LOG 1641840770082 [L3]: No time to select next move using MCTS. Returning random move ( block r6 c6 ).
LOG 1641840770085 [L3]: Starting move selection for game step 10 with available time 0ms.
LOG 1641840770085 [L3]: No time to select next move using MCTS. Returning random move ( mark r3 c2 ).
LOG 1641840770091 [L3]: Starting move selection for game step 11 with available time 0ms.
LOG 1641840770091 [L3]: No time to select next move using MCTS. Returning random move noop.
LOG 1641840770114 [L3]: Starting move selection for game step 12 with available time 0ms.
LOG 1641840770115 [L3]: No time to select next move using MCTS. Returning random move ( block r4 c4 ).
LOG 1641840770118 [L3]: Starting move selection for game step 13 with available time 0ms.
LOG 1641840770118 [L3]: No time to select next move using MCTS. Returning random move ( mark r7 c6 ).
LOG 1641840770127 [L3]: Starting move selection for game step 14 with available time 0ms.
LOG 1641840770127 [L3]: No time to select next move using MCTS. Returning random move noop.
LOG 1641840770155 [L3]: Starting move selection for game step 15 with available time 0ms.
LOG 1641840770155 [L3]: No time to select next move using MCTS. Returning random move ( mark r2 c6 ).
LOG 1641840770186 [L3]: Starting move selection for game step 16 with available time 0ms.
LOG 1641840770186 [L3]: No time to select next move using MCTS. Returning random move noop.
LOG 1641840770282 [L3]: Starting move selection for game step 17 with available time 0ms.
LOG 1641840770283 [L3]: No time to select next move using MCTS. Returning random move ( mark r2 c1 ).
LOG 1641840770314 [L3]: Starting move selection for game step 18 with available time 0ms.
LOG 1641840770314 [L3]: No time to select next move using MCTS. Returning random move noop.
LOG 1641840770418 [L3]: Starting move selection for game step 19 with available time 0ms.
LOG 1641840770418 [L3]: No time to select next move using MCTS. Returning random move ( block r7 c4 ).
LOG 1641840770425 [L3]: Starting move selection for game step 20 with available time 0ms.
LOG 1641840770426 [L3]: No time to select next move using MCTS. Returning random move ( block r2 c4 ).
LOG 1641840770433 [L3]: Starting move selection for game step 21 with available time 0ms.
LOG 1641840770434 [L3]: No time to select next move using MCTS. Returning random move ( block r6 c5 ).
LOG 1641840770441 [L3]: Starting move selection for game step 22 with available time 0ms.
LOG 1641840770441 [L3]: No time to select next move using MCTS. Returning random move ( mark r4 c5 ).
LOG 1641840770507 [L3]: Starting move selection for game step 23 with available time 0ms.
LOG 1641840770507 [L3]: No time to select next move using MCTS. Returning random move noop.
LOG 1641840770742 [L3]: Starting move selection for game step 24 with available time 0ms.
LOG 1641840770743 [L3]: No time to select next move using MCTS. Returning random move ( mark r1 c2 ).
LOG 1641840770822 [L3]: Starting move selection for game step 25 with available time 0ms.
LOG 1641840770822 [L3]: No time to select next move using MCTS. Returning random move noop.
LOG 1641840770908 [L3]: Starting move selection for game step 26 with available time 0ms.
LOG 1641840770908 [L3]: No time to select next move using MCTS. Returning random move ( mark r4 c2 ).
LOG 1641840770983 [L3]: Starting move selection for game step 27 with available time 0ms.
LOG 1641840770984 [L3]: No time to select next move using MCTS. Returning random move noop.
LOG 1641840771115 [L3]: Starting move selection for game step 28 with available time 0ms.
LOG 1641840771116 [L3]: No time to select next move using MCTS. Returning random move ( mark r6 c7 ).
LOG 1641840771236 [L3]: Starting move selection for game step 29 with available time 0ms.
LOG 1641840771236 [L3]: No time to select next move using MCTS. Returning random move noop.
LOG 1641840771505 [L3]: Starting move selection for game step 30 with available time 0ms.
LOG 1641840771505 [L3]: No time to select next move using MCTS. Returning random move ( mark r5 c5 ).
LOG 1641840771682 [L3]: Starting move selection for game step 31 with available time 0ms.
LOG 1641840771682 [L3]: No time to select next move using MCTS. Returning random move noop.
LOG 1641840772047 [L3]: Starting move selection for game step 32 with available time 0ms.
LOG 1641840772047 [L3]: No time to select next move using MCTS. Returning random move ( mark r7 c3 ).
