LOG 1641840843492 [L3]: Returning initial state machine.
LOG 1641840843492 [L3]: Returning PropNet state machine without cache.
LOG 1641840843493 [L3]: Starting metagame with available thinking time 4989ms.
LOG 1641840843495 [L3]: Starting search during metagame.
LOG 1641840848482 [L3]: Done searching during metagame.
LOG 1641840848485 [L3]: Starting move selection for game step 1 with available time 0ms.
LOG 1641840848485 [L3]: No time to select next move using MCTS. Returning random move noop.
LOG 1641840848488 [L3]: Starting move selection for game step 2 with available time 0ms.
LOG 1641840848488 [L3]: No time to select next move using MCTS. Returning random move noop.
LOG 1641840848492 [L3]: Starting move selection for game step 3 with available time 0ms.
LOG 1641840848499 [L3]: No time to select next move using MCTS. Returning random move ( block r5 c7 ).
LOG 1641840848503 [L3]: Starting move selection for game step 4 with available time 0ms.
LOG 1641840848504 [L3]: No time to select next move using MCTS. Returning random move ( block r4 c7 ).
LOG 1641840848509 [L3]: Starting move selection for game step 5 with available time 0ms.
LOG 1641840848509 [L3]: No time to select next move using MCTS. Returning random move ( mark r2 c1 ).
LOG 1641840848512 [L3]: Starting move selection for game step 6 with available time 0ms.
LOG 1641840848513 [L3]: No time to select next move using MCTS. Returning random move noop.
LOG 1641840848515 [L3]: Starting move selection for game step 7 with available time 0ms.
LOG 1641840848515 [L3]: No time to select next move using MCTS. Returning random move noop.
LOG 1641840848519 [L3]: Starting move selection for game step 8 with available time 0ms.
LOG 1641840848519 [L3]: No time to select next move using MCTS. Returning random move noop.
LOG 1641840848525 [L3]: Starting move selection for game step 9 with available time 0ms.
LOG 1641840848525 [L3]: No time to select next move using MCTS. Returning random move ( mark r5 c6 ).
LOG 1641840848528 [L3]: Starting move selection for game step 10 with available time 0ms.
LOG 1641840848529 [L3]: No time to select next move using MCTS. Returning random move noop.
LOG 1641840848532 [L3]: Starting move selection for game step 11 with available time 0ms.
LOG 1641840848532 [L3]: No time to select next move using MCTS. Returning random move noop.
LOG 1641840848538 [L3]: Starting move selection for game step 12 with available time 0ms.
LOG 1641840848538 [L3]: No time to select next move using MCTS. Returning random move ( block r3 c5 ).
LOG 1641840848541 [L3]: Starting move selection for game step 13 with available time 0ms.
LOG 1641840848541 [L3]: No time to select next move using MCTS. Returning random move ( block r2 c3 ).
LOG 1641840848544 [L3]: Starting move selection for game step 14 with available time 0ms.
LOG 1641840848545 [L3]: No time to select next move using MCTS. Returning random move ( mark r6 c4 ).
LOG 1641840848550 [L3]: Starting move selection for game step 15 with available time 0ms.
LOG 1641840848551 [L3]: No time to select next move using MCTS. Returning random move noop.
LOG 1641840848553 [L3]: Starting move selection for game step 16 with available time 0ms.
LOG 1641840848554 [L3]: No time to select next move using MCTS. Returning random move noop.
LOG 1641840848568 [L3]: Starting move selection for game step 17 with available time 0ms.
LOG 1641840848568 [L3]: No time to select next move using MCTS. Returning random move ( mark r7 c6 ).
LOG 1641840848576 [L3]: Starting move selection for game step 18 with available time 0ms.
LOG 1641840848576 [L3]: No time to select next move using MCTS. Returning random move noop.
LOG 1641840848607 [L3]: Starting move selection for game step 19 with available time 0ms.
LOG 1641840848607 [L3]: No time to select next move using MCTS. Returning random move ( block r3 c3 ).
LOG 1641840848611 [L3]: Starting move selection for game step 20 with available time 0ms.
LOG 1641840848612 [L3]: No time to select next move using MCTS. Returning random move ( mark r2 c4 ).
LOG 1641840848630 [L3]: Starting move selection for game step 21 with available time 0ms.
LOG 1641840848630 [L3]: No time to select next move using MCTS. Returning random move noop.
LOG 1641840848671 [L3]: Starting move selection for game step 22 with available time 0ms.
LOG 1641840848671 [L3]: No time to select next move using MCTS. Returning random move ( mark r5 c1 ).
LOG 1641840848693 [L3]: Starting move selection for game step 23 with available time 0ms.
LOG 1641840848694 [L3]: No time to select next move using MCTS. Returning random move noop.
LOG 1641840848776 [L3]: Starting move selection for game step 24 with available time 0ms.
LOG 1641840848777 [L3]: No time to select next move using MCTS. Returning random move ( mark r4 c5 ).
LOG 1641840848828 [L3]: Starting move selection for game step 25 with available time 0ms.
LOG 1641840848828 [L3]: No time to select next move using MCTS. Returning random move noop.
