LOG 1641833327003 [L3]: Started match logging at: Mon Jan 10 17:48:47 CET 2022
LOG 1641833327004 [L3]: Game rules: [( role white ), ( role red ), ( init ( cell 1 0 dirt ) ), ( init ( cell 2 0 dirt ) ), ( init ( cell 3 0 dirt ) ), ( init ( cell 4 0 dirt ) ), ( init ( cell 5 0 dirt ) ), ( init ( cell 6 0 dirt ) ), ( init ( cell 7 0 dirt ) ), ( init ( cell 1 1 b ) ), ( init ( cell 1 2 b ) ), ( init ( cell 1 3 b ) ), ( init ( cell 1 4 b ) ), ( init ( cell 1 5 b ) ), ( init ( cell 1 6 b ) ), ( init ( cell 2 1 b ) ), ( init ( cell 2 2 b ) ), ( init ( cell 2 3 b ) ), ( init ( cell 2 4 b ) ), ( init ( cell 2 5 b ) ), ( init ( cell 2 6 b ) ), ( init ( cell 3 1 b ) ), ( init ( cell 3 2 b ) ), ( init ( cell 3 3 b ) ), ( init ( cell 3 4 b ) ), ( init ( cell 3 5 b ) ), ( init ( cell 3 6 b ) ), ( init ( cell 4 1 b ) ), ( init ( cell 4 2 b ) ), ( init ( cell 4 3 b ) ), ( init ( cell 4 4 b ) ), ( init ( cell 4 5 b ) ), ( init ( cell 4 6 b ) ), ( init ( cell 5 1 b ) ), ( init ( cell 5 2 b ) ), ( init ( cell 5 3 b ) ), ( init ( cell 5 4 b ) ), ( init ( cell 5 5 b ) ), ( init ( cell 5 6 b ) ), ( init ( cell 6 1 b ) ), ( init ( cell 6 2 b ) ), ( init ( cell 6 3 b ) ), ( init ( cell 6 4 b ) ), ( init ( cell 6 5 b ) ), ( init ( cell 6 6 b ) ), ( init ( cell 7 1 b ) ), ( init ( cell 7 2 b ) ), ( init ( cell 7 3 b ) ), ( init ( cell 7 4 b ) ), ( init ( cell 7 5 b ) ), ( init ( cell 7 6 b ) ), ( init ( control white ) ), ( <= ( empty ?c ?h ) ( true ( cell ?c ?h b ) ) ), ( <= ( filled ?c ?h ) ( true ( cell ?c ?h dirt ) ) ), ( <= ( filled ?c ?h ) ( true ( cell ?c ?h w ) ) ), ( <= ( filled ?c ?h ) ( true ( cell ?c ?h r ) ) ), ( <= ( next ( cell ?c ?h2 w ) ) ( does white ( drop ?c ) ) ( true ( cell ?c ?h2 b ) ) ( filled ?c ?h1 ) ( succ ?h1 ?h2 ) ), ( <= ( next ( cell ?c ?h2 r ) ) ( does red ( drop ?c ) ) ( true ( cell ?c ?h2 b ) ) ( filled ?c ?h1 ) ( succ ?h1 ?h2 ) ), ( <= ( next ( cell ?x ?y ?z ) ) ( true ( cell ?x ?y ?z ) ) ( distinct ?z b ) ), ( <= ( next ( cell ?c2 ?y b ) ) ( does ?w ( drop ?c1 ) ) ( true ( cell ?c2 ?y b ) ) ( distinct ?c1 ?c2 ) ), ( <= ( next ( cell ?c ?y2 b ) ) ( true ( cell ?c ?y1 b ) ) ( distinct ?y1 6 ) ( succ ?y1 ?y2 ) ), ( <= ( next ( control white ) ) ( true ( control red ) ) ), ( <= ( next ( control red ) ) ( true ( control white ) ) ), ( <= ( row ?z ) ( true ( cell ?x1 ?y ?z ) ) ( distinct ?z b ) ( distinct ?z dirt ) ( succ ?x1 ?x2 ) ( true ( cell ?x2 ?y ?z ) ) ( succ ?x2 ?x3 ) ( true ( cell ?x3 ?y ?z ) ) ( succ ?x3 ?x4 ) ( true ( cell ?x4 ?y ?z ) ) ), ( <= ( column ?z ) ( true ( cell ?x ?y1 ?z ) ) ( distinct ?z b ) ( succ ?y1 ?y2 ) ( true ( cell ?x ?y2 ?z ) ) ( succ ?y2 ?y3 ) ( true ( cell ?x ?y3 ?z ) ) ( succ ?y3 ?y4 ) ( true ( cell ?x ?y4 ?z ) ) ), ( <= ( diag ?z ) ( true ( cell ?x1 ?y1 ?z ) ) ( distinct ?z b ) ( succ ?x1 ?x2 ) ( succ ?y1 ?y2 ) ( true ( cell ?x2 ?y2 ?z ) ) ( succ ?x2 ?x3 ) ( succ ?y2 ?y3 ) ( true ( cell ?x3 ?y3 ?z ) ) ( succ ?x3 ?x4 ) ( succ ?y3 ?y4 ) ( true ( cell ?x4 ?y4 ?z ) ) ), ( <= ( diag ?z ) ( true ( cell ?x1 ?y1 ?z ) ) ( distinct ?z b ) ( succ ?x1 ?x2 ) ( succ ?y2 ?y1 ) ( true ( cell ?x2 ?y2 ?z ) ) ( succ ?x2 ?x3 ) ( succ ?y3 ?y2 ) ( true ( cell ?x3 ?y3 ?z ) ) ( succ ?x3 ?x4 ) ( succ ?y4 ?y3 ) ( true ( cell ?x4 ?y4 ?z ) ) ), ( <= ( line ?x ) ( row ?x ) ), ( <= ( line ?x ) ( column ?x ) ), ( <= ( line ?x ) ( diag ?x ) ), ( <= open ( empty ?c ?h ) ), ( <= terminal ( line r ) ), ( <= terminal ( line w ) ), ( <= terminal ( not open ) ), ( <= ( legal ?w ( drop ?c ) ) ( true ( cell ?c ?y2 b ) ) ( filled ?c ?y1 ) ( succ ?y1 ?y2 ) ( true ( control ?w ) ) ), ( <= ( legal white noop ) ( true ( control red ) ) ), ( <= ( legal red noop ) ( true ( control white ) ) ), ( <= ( goal white 100 ) ( line w ) ), ( <= ( goal white 50 ) ( not ( line r ) ) ( not ( line w ) ) ( not open ) ), ( <= ( goal white 0 ) ( line r ) ), ( <= ( goal red 100 ) ( line r ) ), ( <= ( goal red 50 ) ( not ( line r ) ) ( not ( line w ) ) ( not open ) ), ( <= ( goal red 0 ) ( line w ) ), ( <= ( goal ?w 70 ) ( role ?w ) ( not ( line r ) ) ( not ( line w ) ) open ), ( <= ( lte 0 ?x ) ( number ?x ) ), ( <= ( lte ?x ?x ) ( number ?x ) ), ( <= ( lte ?x ?z ) ( succ ?y ?z ) ( lte ?x ?y ) ), ( <= ( lte ?x ?y ) ( succ ?x ?y ) ), ( number 0 ), ( number 1 ), ( number 2 ), ( number 3 ), ( number 4 ), ( number 5 ), ( number 6 ), ( number 7 ), ( number 8 ), ( succ 0 1 ), ( succ 1 2 ), ( succ 2 3 ), ( succ 3 4 ), ( succ 4 5 ), ( succ 5 6 ), ( succ 6 7 ), ( succ 7 8 )]
LOG 1641833327005 [L3]: Start clock: 15
LOG 1641833327005 [L3]: Play clock: 10
LOG 1641833332002 [L0]: [Sent at 1641833332002] ready
LOG 1641833332004 [L0]: [Received at 1641833332004] ( PLAY 18.connect4.1641833326915 NIL )
LOG 1641833332006 [L0]: [Sent at 1641833332006] noop
LOG 1641833332008 [L0]: [Received at 1641833332008] ( PLAY 18.connect4.1641833326915 (( drop 5 ) noop ) )
LOG 1641833332013 [L0]: [Sent at 1641833332013] ( drop 6 )
LOG 1641833332016 [L0]: [Received at 1641833332016] ( PLAY 18.connect4.1641833326915 (noop ( drop 6 ) ) )
LOG 1641833332028 [L0]: [Sent at 1641833332028] noop
LOG 1641833332030 [L0]: [Received at 1641833332030] ( PLAY 18.connect4.1641833326915 (( drop 2 ) noop ) )
LOG 1641833332038 [L0]: [Sent at 1641833332038] ( drop 5 )
LOG 1641833332040 [L0]: [Received at 1641833332040] ( PLAY 18.connect4.1641833326915 (noop ( drop 5 ) ) )
LOG 1641833332041 [L0]: [Sent at 1641833332041] noop
LOG 1641833332044 [L0]: [Received at 1641833332044] ( PLAY 18.connect4.1641833326915 (( drop 5 ) noop ) )
LOG 1641833332045 [L0]: [Sent at 1641833332045] ( drop 5 )
LOG 1641833332047 [L0]: [Received at 1641833332047] ( PLAY 18.connect4.1641833326915 (noop ( drop 5 ) ) )
LOG 1641833332049 [L0]: [Sent at 1641833332049] noop
LOG 1641833332051 [L0]: [Received at 1641833332051] ( PLAY 18.connect4.1641833326915 (( drop 1 ) noop ) )
LOG 1641833332053 [L0]: [Sent at 1641833332053] ( drop 4 )
LOG 1641833332055 [L0]: [Received at 1641833332055] ( PLAY 18.connect4.1641833326915 (noop ( drop 4 ) ) )
LOG 1641833332056 [L0]: [Sent at 1641833332056] noop
LOG 1641833332058 [L0]: [Received at 1641833332058] ( PLAY 18.connect4.1641833326915 (( drop 6 ) noop ) )
LOG 1641833332059 [L0]: [Sent at 1641833332059] ( drop 6 )
LOG 1641833332062 [L0]: [Received at 1641833332062] ( PLAY 18.connect4.1641833326915 (noop ( drop 6 ) ) )
LOG 1641833332063 [L0]: [Sent at 1641833332063] noop
LOG 1641833332066 [L0]: [Received at 1641833332066] ( PLAY 18.connect4.1641833326915 (( drop 6 ) noop ) )
LOG 1641833332067 [L0]: [Sent at 1641833332067] ( drop 3 )
LOG 1641833332071 [L0]: [Received at 1641833332071] ( PLAY 18.connect4.1641833326915 (noop ( drop 3 ) ) )
LOG 1641833332072 [L0]: [Sent at 1641833332072] noop
LOG 1641833332075 [L0]: [Received at 1641833332075] ( PLAY 18.connect4.1641833326915 (( drop 1 ) noop ) )
LOG 1641833332076 [L0]: [Sent at 1641833332076] ( drop 2 )
LOG 1641833332079 [L0]: [Received at 1641833332079] ( PLAY 18.connect4.1641833326915 (noop ( drop 2 ) ) )
LOG 1641833332080 [L0]: [Sent at 1641833332080] noop
LOG 1641833332083 [L0]: [Received at 1641833332083] ( PLAY 18.connect4.1641833326915 (( drop 2 ) noop ) )
LOG 1641833332084 [L0]: [Sent at 1641833332084] ( drop 6 )
LOG 1641833332087 [L0]: [Received at 1641833332087] ( PLAY 18.connect4.1641833326915 (noop ( drop 6 ) ) )
LOG 1641833332088 [L0]: [Sent at 1641833332088] noop
LOG 1641833332094 [L0]: [Received at 1641833332094] ( PLAY 18.connect4.1641833326915 (( drop 5 ) noop ) )
LOG 1641833332095 [L0]: [Sent at 1641833332095] ( drop 7 )
LOG 1641833332099 [L0]: [Received at 1641833332099] ( PLAY 18.connect4.1641833326915 (noop ( drop 7 ) ) )
LOG 1641833332101 [L0]: [Sent at 1641833332101] noop
LOG 1641833332103 [L0]: [Received at 1641833332103] ( PLAY 18.connect4.1641833326915 (( drop 3 ) noop ) )
LOG 1641833332104 [L0]: [Sent at 1641833332104] ( drop 6 )
LOG 1641833332108 [L0]: [Received at 1641833332108] ( PLAY 18.connect4.1641833326915 (noop ( drop 6 ) ) )
LOG 1641833332110 [L0]: [Sent at 1641833332110] noop
LOG 1641833332112 [L0]: [Received at 1641833332112] ( PLAY 18.connect4.1641833326915 (( drop 1 ) noop ) )
LOG 1641833332114 [L0]: [Sent at 1641833332114] ( drop 1 )
LOG 1641833332117 [L0]: [Received at 1641833332117] ( PLAY 18.connect4.1641833326915 (noop ( drop 1 ) ) )
LOG 1641833332118 [L0]: [Sent at 1641833332118] noop
LOG 1641833332121 [L0]: [Received at 1641833332121] ( PLAY 18.connect4.1641833326915 (( drop 3 ) noop ) )
LOG 1641833332123 [L0]: [Sent at 1641833332123] ( drop 3 )
LOG 1641833332126 [L0]: [Received at 1641833332126] ( PLAY 18.connect4.1641833326915 (noop ( drop 3 ) ) )
LOG 1641833332127 [L0]: [Sent at 1641833332127] noop
LOG 1641833332130 [L0]: [Received at 1641833332130] ( PLAY 18.connect4.1641833326915 (( drop 7 ) noop ) )
LOG 1641833332131 [L0]: [Sent at 1641833332131] ( drop 7 )
LOG 1641833332147 [L0]: [Received at 1641833332147] ( PLAY 18.connect4.1641833326915 (noop ( drop 7 ) ) )
LOG 1641833332149 [L0]: [Sent at 1641833332149] noop
LOG 1641833332152 [L0]: [Received at 1641833332152] ( PLAY 18.connect4.1641833326915 (( drop 4 ) noop ) )
LOG 1641833332153 [L0]: [Sent at 1641833332153] ( drop 3 )
LOG 1641833332156 [L0]: [Received at 1641833332156] ( PLAY 18.connect4.1641833326915 (noop ( drop 3 ) ) )
LOG 1641833332157 [L0]: [Sent at 1641833332157] noop
LOG 1641833332161 [L0]: [Received at 1641833332161] ( PLAY 18.connect4.1641833326915 (( drop 5 ) noop ) )
LOG 1641833332162 [L0]: [Sent at 1641833332162] ( drop 2 )
LOG 1641833332166 [L0]: [Received at 1641833332166] ( PLAY 18.connect4.1641833326915 (noop ( drop 2 ) ) )
LOG 1641833332167 [L0]: [Sent at 1641833332167] noop
LOG 1641833332173 [L0]: [Received at 1641833332173] ( STOP 18.connect4.1641833326915 (( drop 4 ) noop ) )
LOG 1641833332174 [L3]: Stopped logging to files at: Mon Jan 10 17:48:52 CET 2022
LOG 1641833332174 [L3]: LOG SEALED
