LOG 1641844408084 [L3]: Returning initial state machine.
LOG 1641844408085 [L3]: Returning PropNet state machine without cache.
LOG 1641844408086 [L3]: Starting metagame with available thinking time 4990ms.
LOG 1641844408087 [L3]: Starting search during metagame.
LOG 1641844413585 [L3]: Done searching during metagame.
LOG 1641844413588 [L3]: Starting move selection for game step 1 with available time 0ms.
LOG 1641844413588 [L3]: No time to select next move using MCTS. Returning random move noop.
LOG 1641844413591 [L3]: Starting move selection for game step 2 with available time 0ms.
LOG 1641844413592 [L3]: No time to select next move using MCTS. Returning random move ( block r5 c1 ).
LOG 1641844413598 [L3]: Starting move selection for game step 3 with available time 0ms.
LOG 1641844413605 [L3]: No time to select next move using MCTS. Returning random move ( mark r1 c2 ).
LOG 1641844413608 [L3]: Starting move selection for game step 4 with available time 0ms.
LOG 1641844413609 [L3]: No time to select next move using MCTS. Returning random move noop.
LOG 1641844413613 [L3]: Starting move selection for game step 5 with available time 0ms.
LOG 1641844413613 [L3]: No time to select next move using MCTS. Returning random move ( block r5 c4 ).
LOG 1641844413616 [L3]: Starting move selection for game step 6 with available time 0ms.
LOG 1641844413616 [L3]: No time to select next move using MCTS. Returning random move ( mark r7 c3 ).
LOG 1641844413619 [L3]: Starting move selection for game step 7 with available time 0ms.
LOG 1641844413620 [L3]: No time to select next move using MCTS. Returning random move noop.
LOG 1641844413625 [L3]: Starting move selection for game step 8 with available time 0ms.
LOG 1641844413625 [L3]: No time to select next move using MCTS. Returning random move ( mark r5 c5 ).
LOG 1641844413631 [L3]: Starting move selection for game step 9 with available time 0ms.
LOG 1641844413631 [L3]: No time to select next move using MCTS. Returning random move noop.
LOG 1641844413634 [L3]: Starting move selection for game step 10 with available time 0ms.
LOG 1641844413634 [L3]: No time to select next move using MCTS. Returning random move noop.
LOG 1641844413646 [L3]: Starting move selection for game step 11 with available time 0ms.
LOG 1641844413646 [L3]: No time to select next move using MCTS. Returning random move ( mark r5 c3 ).
LOG 1641844413657 [L3]: Starting move selection for game step 12 with available time 0ms.
LOG 1641844413657 [L3]: No time to select next move using MCTS. Returning random move noop.
LOG 1641844413682 [L3]: Starting move selection for game step 13 with available time 0ms.
LOG 1641844413682 [L3]: No time to select next move using MCTS. Returning random move ( block r6 c3 ).
LOG 1641844413687 [L3]: Starting move selection for game step 14 with available time 0ms.
LOG 1641844413688 [L3]: No time to select next move using MCTS. Returning random move ( mark r7 c6 ).
LOG 1641844413701 [L3]: Starting move selection for game step 15 with available time 0ms.
LOG 1641844413702 [L3]: No time to select next move using MCTS. Returning random move noop.
LOG 1641844413706 [L3]: Starting move selection for game step 16 with available time 0ms.
LOG 1641844413707 [L3]: No time to select next move using MCTS. Returning random move noop.
LOG 1641844413757 [L3]: Starting move selection for game step 17 with available time 0ms.
LOG 1641844413757 [L3]: No time to select next move using MCTS. Returning random move ( mark r5 c2 ).
LOG 1641844413787 [L3]: Starting move selection for game step 18 with available time 0ms.
LOG 1641844413787 [L3]: No time to select next move using MCTS. Returning random move noop.
LOG 1641844413838 [L3]: Starting move selection for game step 19 with available time 0ms.
LOG 1641844413838 [L3]: No time to select next move using MCTS. Returning random move ( block r3 c2 ).
LOG 1641844413846 [L3]: Starting move selection for game step 20 with available time 0ms.
LOG 1641844413847 [L3]: No time to select next move using MCTS. Returning random move ( mark r4 c6 ).
LOG 1641844413900 [L3]: Starting move selection for game step 21 with available time 0ms.
LOG 1641844413900 [L3]: No time to select next move using MCTS. Returning random move noop.
LOG 1641844413999 [L3]: Starting move selection for game step 22 with available time 0ms.
LOG 1641844413999 [L3]: No time to select next move using MCTS. Returning random move ( block r3 c3 ).
LOG 1641844414012 [L3]: Starting move selection for game step 23 with available time 0ms.
LOG 1641844414012 [L3]: No time to select next move using MCTS. Returning random move ( mark r7 c5 ).
