LOG 1641834710607 [L3]: Started match logging at: Mon Jan 10 18:11:50 CET 2022
LOG 1641834710609 [L3]: Game rules: [( role white ), ( role black ), ( <= ( base ( cellHolds ?x ?y ?p ) ) ( index ?x ) ( index ?y ) ( role ?p ) ), ( <= ( base ( control ?p ) ) ( role ?p ) ), ( <= ( input ?p noop ) ( role ?p ) ), ( <= ( input white ( move ?x ?y1 ?x ?y2 ) ) ( index ?x ) ( succ ?y1 ?y2 ) ), ( <= ( input white ( move ?x1 ?y1 ?x2 ?y2 ) ) ( succ ?y1 ?y2 ) ( succ ?x1 ?x2 ) ), ( <= ( input white ( move ?x1 ?y1 ?x2 ?y2 ) ) ( succ ?y1 ?y2 ) ( succ ?x2 ?x1 ) ), ( <= ( input black ( move ?x ?y1 ?x ?y2 ) ) ( index ?x ) ( succ ?y2 ?y1 ) ), ( <= ( input black ( move ?x1 ?y1 ?x2 ?y2 ) ) ( succ ?y2 ?y1 ) ( succ ?x1 ?x2 ) ), ( <= ( input black ( move ?x1 ?y1 ?x2 ?y2 ) ) ( succ ?y2 ?y1 ) ( succ ?x2 ?x1 ) ), ( init ( cellHolds 1 1 white ) ), ( init ( cellHolds 2 1 white ) ), ( init ( cellHolds 3 1 white ) ), ( init ( cellHolds 4 1 white ) ), ( init ( cellHolds 5 1 white ) ), ( init ( cellHolds 6 1 white ) ), ( init ( cellHolds 7 1 white ) ), ( init ( cellHolds 8 1 white ) ), ( init ( cellHolds 1 2 white ) ), ( init ( cellHolds 2 2 white ) ), ( init ( cellHolds 3 2 white ) ), ( init ( cellHolds 4 2 white ) ), ( init ( cellHolds 5 2 white ) ), ( init ( cellHolds 6 2 white ) ), ( init ( cellHolds 7 2 white ) ), ( init ( cellHolds 8 2 white ) ), ( init ( cellHolds 1 7 black ) ), ( init ( cellHolds 2 7 black ) ), ( init ( cellHolds 3 7 black ) ), ( init ( cellHolds 4 7 black ) ), ( init ( cellHolds 5 7 black ) ), ( init ( cellHolds 6 7 black ) ), ( init ( cellHolds 7 7 black ) ), ( init ( cellHolds 8 7 black ) ), ( init ( cellHolds 1 8 black ) ), ( init ( cellHolds 2 8 black ) ), ( init ( cellHolds 3 8 black ) ), ( init ( cellHolds 4 8 black ) ), ( init ( cellHolds 5 8 black ) ), ( init ( cellHolds 6 8 black ) ), ( init ( cellHolds 7 8 black ) ), ( init ( cellHolds 8 8 black ) ), ( init ( control white ) ), ( <= ( legal white ( move ?x ?y1 ?x ?y2 ) ) ( true ( control white ) ) ( true ( cellHolds ?x ?y1 white ) ) ( succ ?y1 ?y2 ) ( cellEmpty ?x ?y2 ) ), ( <= ( legal white ( move ?x1 ?y1 ?x2 ?y2 ) ) ( true ( control white ) ) ( true ( cellHolds ?x1 ?y1 white ) ) ( succ ?y1 ?y2 ) ( succ ?x1 ?x2 ) ( not ( true ( cellHolds ?x2 ?y2 white ) ) ) ), ( <= ( legal white ( move ?x1 ?y1 ?x2 ?y2 ) ) ( true ( control white ) ) ( true ( cellHolds ?x1 ?y1 white ) ) ( succ ?y1 ?y2 ) ( succ ?x2 ?x1 ) ( not ( true ( cellHolds ?x2 ?y2 white ) ) ) ), ( <= ( legal black ( move ?x ?y1 ?x ?y2 ) ) ( true ( control black ) ) ( true ( cellHolds ?x ?y1 black ) ) ( succ ?y2 ?y1 ) ( cellEmpty ?x ?y2 ) ), ( <= ( legal black ( move ?x1 ?y1 ?x2 ?y2 ) ) ( true ( control black ) ) ( true ( cellHolds ?x1 ?y1 black ) ) ( succ ?y2 ?y1 ) ( succ ?x1 ?x2 ) ( not ( true ( cellHolds ?x2 ?y2 black ) ) ) ), ( <= ( legal black ( move ?x1 ?y1 ?x2 ?y2 ) ) ( true ( control black ) ) ( true ( cellHolds ?x1 ?y1 black ) ) ( succ ?y2 ?y1 ) ( succ ?x2 ?x1 ) ( not ( true ( cellHolds ?x2 ?y2 black ) ) ) ), ( <= ( legal white noop ) ( true ( control black ) ) ), ( <= ( legal black noop ) ( true ( control white ) ) ), ( <= ( next ( cellHolds ?x2 ?y2 ?player ) ) ( role ?player ) ( does ?player ( move ?x1 ?y1 ?x2 ?y2 ) ) ), ( <= ( next ( cellHolds ?x3 ?y3 ?state ) ) ( true ( cellHolds ?x3 ?y3 ?state ) ) ( role ?player ) ( does ?player ( move ?x1 ?y1 ?x2 ?y2 ) ) ( distinctCell ?x1 ?y1 ?x3 ?y3 ) ( distinctCell ?x2 ?y2 ?x3 ?y3 ) ), ( <= ( next ( control white ) ) ( true ( control black ) ) ), ( <= ( next ( control black ) ) ( true ( control white ) ) ), ( <= terminal whiteWin ), ( <= terminal blackWin ), ( <= ( goal white 100 ) whiteWin ), ( <= ( goal white 0 ) ( not whiteWin ) ), ( <= ( goal black 100 ) blackWin ), ( <= ( goal black 0 ) ( not blackWin ) ), ( <= ( cell ?x ?y ) ( index ?x ) ( index ?y ) ), ( <= ( cellEmpty ?x ?y ) ( cell ?x ?y ) ( not ( true ( cellHolds ?x ?y white ) ) ) ( not ( true ( cellHolds ?x ?y black ) ) ) ), ( <= ( distinctCell ?x1 ?y1 ?x2 ?y2 ) ( cell ?x1 ?y1 ) ( cell ?x2 ?y2 ) ( distinct ?x1 ?x2 ) ), ( <= ( distinctCell ?x1 ?y1 ?x2 ?y2 ) ( cell ?x1 ?y1 ) ( cell ?x2 ?y2 ) ( distinct ?y1 ?y2 ) ), ( <= whiteWin ( index ?x ) ( true ( cellHolds ?x 8 white ) ) ), ( <= blackWin ( index ?x ) ( true ( cellHolds ?x 1 black ) ) ), ( <= whiteWin ( not blackCell ) ), ( <= blackWin ( not whiteCell ) ), ( <= whiteCell ( cell ?x ?y ) ( true ( cellHolds ?x ?y white ) ) ), ( <= blackCell ( cell ?x ?y ) ( true ( cellHolds ?x ?y black ) ) ), ( index 1 ), ( index 2 ), ( index 3 ), ( index 4 ), ( index 5 ), ( index 6 ), ( index 7 ), ( index 8 ), ( succ 1 2 ), ( succ 2 3 ), ( succ 3 4 ), ( succ 4 5 ), ( succ 5 6 ), ( succ 6 7 ), ( succ 7 8 )]
LOG 1641834710615 [L3]: Start clock: 15
LOG 1641834710615 [L3]: Play clock: 10
LOG 1641834715607 [L0]: [Sent at 1641834715607] ready
LOG 1641834715610 [L0]: [Received at 1641834715610] ( PLAY 27.breakthrough.1641834710419 NIL )
LOG 1641834715611 [L0]: [Sent at 1641834715611] noop
LOG 1641834715614 [L0]: [Received at 1641834715614] ( PLAY 27.breakthrough.1641834710419 (( move 1 2 1 3 ) noop ) )
LOG 1641834715618 [L0]: [Sent at 1641834715618] ( move 1 7 1 6 )
LOG 1641834715621 [L0]: [Received at 1641834715621] ( PLAY 27.breakthrough.1641834710419 (noop ( move 1 7 1 6 ) ) )
LOG 1641834715632 [L0]: [Sent at 1641834715632] noop
LOG 1641834715635 [L0]: [Received at 1641834715635] ( PLAY 27.breakthrough.1641834710419 (( move 3 2 4 3 ) noop ) )
LOG 1641834715642 [L0]: [Sent at 1641834715642] ( move 7 7 7 6 )
LOG 1641834715645 [L0]: [Received at 1641834715645] ( PLAY 27.breakthrough.1641834710419 (noop ( move 7 7 7 6 ) ) )
LOG 1641834715646 [L0]: [Sent at 1641834715646] noop
LOG 1641834715649 [L0]: [Received at 1641834715649] ( PLAY 27.breakthrough.1641834710419 (( move 6 2 7 3 ) noop ) )
LOG 1641834715651 [L0]: [Sent at 1641834715651] ( move 1 6 2 5 )
LOG 1641834715653 [L0]: [Received at 1641834715653] ( PLAY 27.breakthrough.1641834710419 (noop ( move 1 6 2 5 ) ) )
LOG 1641834715655 [L0]: [Sent at 1641834715655] noop
LOG 1641834715658 [L0]: [Received at 1641834715658] ( PLAY 27.breakthrough.1641834710419 (( move 2 1 1 2 ) noop ) )
LOG 1641834715660 [L0]: [Sent at 1641834715660] ( move 1 8 1 7 )
LOG 1641834715662 [L0]: [Received at 1641834715662] ( PLAY 27.breakthrough.1641834710419 (noop ( move 1 8 1 7 ) ) )
LOG 1641834715664 [L0]: [Sent at 1641834715664] noop
LOG 1641834715666 [L0]: [Received at 1641834715666] ( PLAY 27.breakthrough.1641834710419 (( move 4 3 5 4 ) noop ) )
LOG 1641834715668 [L0]: [Sent at 1641834715668] ( move 3 7 4 6 )
LOG 1641834715670 [L0]: [Received at 1641834715670] ( PLAY 27.breakthrough.1641834710419 (noop ( move 3 7 4 6 ) ) )
LOG 1641834715672 [L0]: [Sent at 1641834715672] noop
LOG 1641834715675 [L0]: [Received at 1641834715675] ( PLAY 27.breakthrough.1641834710419 (( move 4 2 3 3 ) noop ) )
LOG 1641834715676 [L0]: [Sent at 1641834715676] ( move 2 7 3 6 )
LOG 1641834715679 [L0]: [Received at 1641834715679] ( PLAY 27.breakthrough.1641834710419 (noop ( move 2 7 3 6 ) ) )
LOG 1641834715680 [L0]: [Sent at 1641834715680] noop
LOG 1641834715683 [L0]: [Received at 1641834715683] ( PLAY 27.breakthrough.1641834710419 (( move 7 3 6 4 ) noop ) )
LOG 1641834715684 [L0]: [Sent at 1641834715684] ( move 2 5 3 4 )
LOG 1641834715688 [L0]: [Received at 1641834715688] ( PLAY 27.breakthrough.1641834710419 (noop ( move 2 5 3 4 ) ) )
LOG 1641834715689 [L0]: [Sent at 1641834715689] noop
LOG 1641834715692 [L0]: [Received at 1641834715692] ( PLAY 27.breakthrough.1641834710419 (( move 3 3 2 4 ) noop ) )
LOG 1641834715693 [L0]: [Sent at 1641834715693] ( move 4 8 3 7 )
LOG 1641834715696 [L0]: [Received at 1641834715696] ( PLAY 27.breakthrough.1641834710419 (noop ( move 4 8 3 7 ) ) )
LOG 1641834715697 [L0]: [Sent at 1641834715697] noop
LOG 1641834715700 [L0]: [Received at 1641834715700] ( PLAY 27.breakthrough.1641834710419 (( move 3 1 3 2 ) noop ) )
LOG 1641834715702 [L0]: [Sent at 1641834715702] ( move 3 6 3 5 )
LOG 1641834715706 [L0]: [Received at 1641834715706] ( PLAY 27.breakthrough.1641834710419 (noop ( move 3 6 3 5 ) ) )
LOG 1641834715707 [L0]: [Sent at 1641834715707] noop
LOG 1641834715710 [L0]: [Received at 1641834715710] ( PLAY 27.breakthrough.1641834710419 (( move 7 2 6 3 ) noop ) )
LOG 1641834715711 [L0]: [Sent at 1641834715711] ( move 5 7 5 6 )
LOG 1641834715714 [L0]: [Received at 1641834715714] ( PLAY 27.breakthrough.1641834710419 (noop ( move 5 7 5 6 ) ) )
LOG 1641834715715 [L0]: [Sent at 1641834715715] noop
LOG 1641834715719 [L0]: [Received at 1641834715719] ( PLAY 27.breakthrough.1641834710419 (( move 8 2 7 3 ) noop ) )
LOG 1641834715720 [L0]: [Sent at 1641834715720] ( move 5 6 6 5 )
LOG 1641834715724 [L0]: [Received at 1641834715724] ( PLAY 27.breakthrough.1641834710419 (noop ( move 5 6 6 5 ) ) )
LOG 1641834715725 [L0]: [Sent at 1641834715725] noop
LOG 1641834715728 [L0]: [Received at 1641834715728] ( PLAY 27.breakthrough.1641834710419 (( move 7 1 8 2 ) noop ) )
LOG 1641834715729 [L0]: [Sent at 1641834715729] ( move 6 7 5 6 )
LOG 1641834715732 [L0]: [Received at 1641834715732] ( PLAY 27.breakthrough.1641834710419 (noop ( move 6 7 5 6 ) ) )
LOG 1641834715733 [L0]: [Sent at 1641834715733] noop
LOG 1641834715737 [L0]: [Received at 1641834715737] ( PLAY 27.breakthrough.1641834710419 (( move 5 1 6 2 ) noop ) )
LOG 1641834715739 [L0]: [Sent at 1641834715739] ( move 5 8 6 7 )
LOG 1641834715741 [L0]: [Received at 1641834715741] ( PLAY 27.breakthrough.1641834710419 (noop ( move 5 8 6 7 ) ) )
LOG 1641834715743 [L0]: [Sent at 1641834715743] noop
LOG 1641834715746 [L0]: [Received at 1641834715746] ( PLAY 27.breakthrough.1641834710419 (( move 3 2 2 3 ) noop ) )
LOG 1641834715747 [L0]: [Sent at 1641834715747] ( move 3 4 4 3 )
LOG 1641834715750 [L0]: [Received at 1641834715750] ( PLAY 27.breakthrough.1641834710419 (noop ( move 3 4 4 3 ) ) )
LOG 1641834715751 [L0]: [Sent at 1641834715751] noop
LOG 1641834715754 [L0]: [Received at 1641834715754] ( PLAY 27.breakthrough.1641834710419 (( move 6 4 5 5 ) noop ) )
LOG 1641834715755 [L0]: [Sent at 1641834715755] ( move 3 5 3 4 )
LOG 1641834715759 [L0]: [Received at 1641834715759] ( PLAY 27.breakthrough.1641834710419 (noop ( move 3 5 3 4 ) ) )
LOG 1641834715760 [L0]: [Sent at 1641834715760] noop
LOG 1641834715764 [L0]: [Received at 1641834715764] ( PLAY 27.breakthrough.1641834710419 (( move 7 3 8 4 ) noop ) )
LOG 1641834715765 [L0]: [Sent at 1641834715765] ( move 4 6 5 5 )
LOG 1641834715768 [L0]: [Received at 1641834715768] ( PLAY 27.breakthrough.1641834710419 (noop ( move 4 6 5 5 ) ) )
LOG 1641834715769 [L0]: [Sent at 1641834715769] noop
LOG 1641834715771 [L0]: [Received at 1641834715771] ( PLAY 27.breakthrough.1641834710419 (( move 2 2 3 3 ) noop ) )
LOG 1641834715773 [L0]: [Sent at 1641834715773] ( move 5 5 6 4 )
LOG 1641834715775 [L0]: [Received at 1641834715775] ( PLAY 27.breakthrough.1641834710419 (noop ( move 5 5 6 4 ) ) )
LOG 1641834715776 [L0]: [Sent at 1641834715776] noop
LOG 1641834715781 [L0]: [Received at 1641834715781] ( PLAY 27.breakthrough.1641834710419 (( move 4 1 4 2 ) noop ) )
LOG 1641834715782 [L0]: [Sent at 1641834715782] ( move 1 7 1 6 )
LOG 1641834715786 [L0]: [Received at 1641834715786] ( PLAY 27.breakthrough.1641834710419 (noop ( move 1 7 1 6 ) ) )
LOG 1641834715787 [L0]: [Sent at 1641834715787] noop
LOG 1641834715790 [L0]: [Received at 1641834715790] ( PLAY 27.breakthrough.1641834710419 (( move 6 2 7 3 ) noop ) )
LOG 1641834715791 [L0]: [Sent at 1641834715791] ( move 5 6 5 5 )
LOG 1641834715794 [L0]: [Received at 1641834715794] ( PLAY 27.breakthrough.1641834710419 (noop ( move 5 6 5 5 ) ) )
LOG 1641834715795 [L0]: [Sent at 1641834715795] noop
LOG 1641834715811 [L0]: [Received at 1641834715811] ( PLAY 27.breakthrough.1641834710419 (( move 7 3 7 4 ) noop ) )
LOG 1641834715812 [L0]: [Sent at 1641834715812] ( move 4 3 5 2 )
LOG 1641834715815 [L0]: [Received at 1641834715815] ( PLAY 27.breakthrough.1641834710419 (noop ( move 4 3 5 2 ) ) )
LOG 1641834715816 [L0]: [Sent at 1641834715816] noop
LOG 1641834715819 [L0]: [Received at 1641834715819] ( PLAY 27.breakthrough.1641834710419 (( move 8 4 8 5 ) noop ) )
LOG 1641834715821 [L0]: [Sent at 1641834715821] ( move 3 4 2 3 )
LOG 1641834715823 [L0]: [Received at 1641834715823] ( PLAY 27.breakthrough.1641834710419 (noop ( move 3 4 2 3 ) ) )
LOG 1641834715824 [L0]: [Sent at 1641834715824] noop
LOG 1641834715827 [L0]: [Received at 1641834715827] ( PLAY 27.breakthrough.1641834710419 (( move 8 2 7 3 ) noop ) )
LOG 1641834715828 [L0]: [Sent at 1641834715828] ( move 7 6 8 5 )
LOG 1641834715831 [L0]: [Received at 1641834715831] ( PLAY 27.breakthrough.1641834710419 (noop ( move 7 6 8 5 ) ) )
LOG 1641834715832 [L0]: [Sent at 1641834715832] noop
LOG 1641834715836 [L0]: [Received at 1641834715836] ( PLAY 27.breakthrough.1641834710419 (( move 8 1 8 2 ) noop ) )
LOG 1641834715837 [L0]: [Sent at 1641834715837] ( move 7 8 7 7 )
LOG 1641834715840 [L0]: [Received at 1641834715840] ( PLAY 27.breakthrough.1641834710419 (noop ( move 7 8 7 7 ) ) )
LOG 1641834715841 [L0]: [Sent at 1641834715841] noop
LOG 1641834715843 [L0]: [Received at 1641834715843] ( PLAY 27.breakthrough.1641834710419 (( move 7 3 8 4 ) noop ) )
LOG 1641834715845 [L0]: [Sent at 1641834715845] ( move 3 7 4 6 )
LOG 1641834715847 [L0]: [Received at 1641834715847] ( PLAY 27.breakthrough.1641834710419 (noop ( move 3 7 4 6 ) ) )
LOG 1641834715849 [L0]: [Sent at 1641834715849] noop
LOG 1641834715852 [L0]: [Received at 1641834715852] ( PLAY 27.breakthrough.1641834710419 (( move 6 1 5 2 ) noop ) )
LOG 1641834715853 [L0]: [Sent at 1641834715853] ( move 2 8 3 7 )
LOG 1641834715856 [L0]: [Received at 1641834715856] ( PLAY 27.breakthrough.1641834710419 (noop ( move 2 8 3 7 ) ) )
LOG 1641834715857 [L0]: [Sent at 1641834715857] noop
LOG 1641834715860 [L0]: [Received at 1641834715860] ( PLAY 27.breakthrough.1641834710419 (( move 7 4 6 5 ) noop ) )
LOG 1641834715862 [L0]: [Sent at 1641834715862] ( move 4 6 3 5 )
LOG 1641834715864 [L0]: [Received at 1641834715864] ( PLAY 27.breakthrough.1641834710419 (noop ( move 4 6 3 5 ) ) )
LOG 1641834715865 [L0]: [Sent at 1641834715865] noop
LOG 1641834715868 [L0]: [Received at 1641834715868] ( PLAY 27.breakthrough.1641834710419 (( move 8 2 7 3 ) noop ) )
LOG 1641834715870 [L0]: [Sent at 1641834715870] ( move 4 7 4 6 )
LOG 1641834715872 [L0]: [Received at 1641834715872] ( PLAY 27.breakthrough.1641834710419 (noop ( move 4 7 4 6 ) ) )
LOG 1641834715873 [L0]: [Sent at 1641834715873] noop
LOG 1641834715876 [L0]: [Received at 1641834715876] ( PLAY 27.breakthrough.1641834710419 (( move 4 2 4 3 ) noop ) )
LOG 1641834715877 [L0]: [Sent at 1641834715877] ( move 8 7 8 6 )
LOG 1641834715880 [L0]: [Received at 1641834715880] ( PLAY 27.breakthrough.1641834710419 (noop ( move 8 7 8 6 ) ) )
LOG 1641834715882 [L0]: [Sent at 1641834715882] noop
LOG 1641834715885 [L0]: [Received at 1641834715885] ( PLAY 27.breakthrough.1641834710419 (( move 6 5 7 6 ) noop ) )
LOG 1641834715886 [L0]: [Sent at 1641834715886] ( move 3 7 2 6 )
LOG 1641834715889 [L0]: [Received at 1641834715889] ( PLAY 27.breakthrough.1641834710419 (noop ( move 3 7 2 6 ) ) )
LOG 1641834715890 [L0]: [Sent at 1641834715890] noop
LOG 1641834715893 [L0]: [Received at 1641834715893] ( PLAY 27.breakthrough.1641834710419 (( move 4 3 3 4 ) noop ) )
LOG 1641834715894 [L0]: [Sent at 1641834715894] ( move 2 3 3 2 )
LOG 1641834715896 [L0]: [Received at 1641834715896] ( PLAY 27.breakthrough.1641834710419 (noop ( move 2 3 3 2 ) ) )
LOG 1641834715898 [L0]: [Sent at 1641834715898] noop
LOG 1641834715900 [L0]: [Received at 1641834715900] ( PLAY 27.breakthrough.1641834710419 (( move 2 4 2 5 ) noop ) )
LOG 1641834715902 [L0]: [Sent at 1641834715902] ( move 2 6 1 5 )
LOG 1641834715905 [L0]: [Received at 1641834715905] ( PLAY 27.breakthrough.1641834710419 (noop ( move 2 6 1 5 ) ) )
LOG 1641834715906 [L0]: [Sent at 1641834715906] noop
LOG 1641834715909 [L0]: [Received at 1641834715909] ( PLAY 27.breakthrough.1641834710419 (( move 1 3 1 4 ) noop ) )
LOG 1641834715910 [L0]: [Sent at 1641834715910] ( move 3 2 2 1 )
LOG 1641834715915 [L0]: [Received at 1641834715915] ( STOP 27.breakthrough.1641834710419 (noop ( move 3 2 2 1 ) ) )
LOG 1641834715916 [L3]: Stopped logging to files at: Mon Jan 10 18:11:55 CET 2022
LOG 1641834715916 [L3]: LOG SEALED
