LOG 1641834749221 [L3]: Returning initial state machine.
LOG 1641834749222 [L3]: Returning PropNet state machine without cache.
LOG 1641834749222 [L3]: Starting metagame with available thinking time 4991ms.
LOG 1641834749224 [L3]: Starting search during metagame.
LOG 1641834754213 [L3]: Done searching during metagame.
LOG 1641834754217 [L3]: Starting move selection for game step 1 with available time 0ms.
LOG 1641834754217 [L3]: No time to select next move using MCTS. Returning random move noop.
LOG 1641834754222 [L3]: Starting move selection for game step 2 with available time 0ms.
LOG 1641834754226 [L3]: No time to select next move using MCTS. Returning random move ( move 2 7 2 6 ).
LOG 1641834754230 [L3]: Starting move selection for game step 3 with available time 0ms.
LOG 1641834754240 [L3]: No time to select next move using MCTS. Returning random move noop.
LOG 1641834754244 [L3]: Starting move selection for game step 4 with available time 0ms.
LOG 1641834754250 [L3]: No time to select next move using MCTS. Returning random move ( move 2 6 1 5 ).
LOG 1641834754254 [L3]: Starting move selection for game step 5 with available time 0ms.
LOG 1641834754254 [L3]: No time to select next move using MCTS. Returning random move noop.
LOG 1641834754258 [L3]: Starting move selection for game step 6 with available time 0ms.
LOG 1641834754259 [L3]: No time to select next move using MCTS. Returning random move ( move 6 7 6 6 ).
LOG 1641834754262 [L3]: Starting move selection for game step 7 with available time 0ms.
LOG 1641834754263 [L3]: No time to select next move using MCTS. Returning random move noop.
LOG 1641834754267 [L3]: Starting move selection for game step 8 with available time 0ms.
LOG 1641834754267 [L3]: No time to select next move using MCTS. Returning random move ( move 5 7 5 6 ).
LOG 1641834754271 [L3]: Starting move selection for game step 9 with available time 0ms.
LOG 1641834754271 [L3]: No time to select next move using MCTS. Returning random move noop.
LOG 1641834754275 [L3]: Starting move selection for game step 10 with available time 0ms.
LOG 1641834754276 [L3]: No time to select next move using MCTS. Returning random move ( move 4 8 5 7 ).
LOG 1641834754279 [L3]: Starting move selection for game step 11 with available time 0ms.
LOG 1641834754279 [L3]: No time to select next move using MCTS. Returning random move noop.
LOG 1641834754300 [L3]: Starting move selection for game step 12 with available time 0ms.
LOG 1641834754300 [L3]: No time to select next move using MCTS. Returning random move ( move 1 5 1 4 ).
LOG 1641834754304 [L3]: Starting move selection for game step 13 with available time 0ms.
LOG 1641834754305 [L3]: No time to select next move using MCTS. Returning random move noop.
LOG 1641834754308 [L3]: Starting move selection for game step 14 with available time 0ms.
LOG 1641834754308 [L3]: No time to select next move using MCTS. Returning random move ( move 6 6 6 5 ).
LOG 1641834754312 [L3]: Starting move selection for game step 15 with available time 0ms.
LOG 1641834754312 [L3]: No time to select next move using MCTS. Returning random move noop.
LOG 1641834754316 [L3]: Starting move selection for game step 16 with available time 0ms.
LOG 1641834754316 [L3]: No time to select next move using MCTS. Returning random move ( move 5 7 4 6 ).
LOG 1641834754321 [L3]: Starting move selection for game step 17 with available time 0ms.
LOG 1641834754321 [L3]: No time to select next move using MCTS. Returning random move noop.
LOG 1641834754325 [L3]: Starting move selection for game step 18 with available time 0ms.
LOG 1641834754325 [L3]: No time to select next move using MCTS. Returning random move ( move 7 7 8 6 ).
LOG 1641834754329 [L3]: Starting move selection for game step 19 with available time 0ms.
LOG 1641834754329 [L3]: No time to select next move using MCTS. Returning random move noop.
LOG 1641834754333 [L3]: Starting move selection for game step 20 with available time 0ms.
LOG 1641834754333 [L3]: No time to select next move using MCTS. Returning random move ( move 4 7 5 6 ).
LOG 1641834754338 [L3]: Starting move selection for game step 21 with available time 0ms.
LOG 1641834754338 [L3]: No time to select next move using MCTS. Returning random move noop.
LOG 1641834754344 [L3]: Starting move selection for game step 22 with available time 0ms.
LOG 1641834754345 [L3]: No time to select next move using MCTS. Returning random move ( move 6 5 6 4 ).
LOG 1641834754348 [L3]: Starting move selection for game step 23 with available time 0ms.
LOG 1641834754349 [L3]: No time to select next move using MCTS. Returning random move noop.
LOG 1641834754352 [L3]: Starting move selection for game step 24 with available time 0ms.
LOG 1641834754353 [L3]: No time to select next move using MCTS. Returning random move ( move 5 6 6 5 ).
LOG 1641834754356 [L3]: Starting move selection for game step 25 with available time 0ms.
LOG 1641834754356 [L3]: No time to select next move using MCTS. Returning random move noop.
LOG 1641834754360 [L3]: Starting move selection for game step 26 with available time 0ms.
LOG 1641834754360 [L3]: No time to select next move using MCTS. Returning random move ( move 4 6 4 5 ).
LOG 1641834754364 [L3]: Starting move selection for game step 27 with available time 0ms.
LOG 1641834754364 [L3]: No time to select next move using MCTS. Returning random move noop.
LOG 1641834754368 [L3]: Starting move selection for game step 28 with available time 0ms.
LOG 1641834754368 [L3]: No time to select next move using MCTS. Returning random move ( move 3 7 4 6 ).
LOG 1641834754373 [L3]: Starting move selection for game step 29 with available time 0ms.
LOG 1641834754373 [L3]: No time to select next move using MCTS. Returning random move noop.
LOG 1641834754377 [L3]: Starting move selection for game step 30 with available time 0ms.
LOG 1641834754377 [L3]: No time to select next move using MCTS. Returning random move ( move 4 6 3 5 ).
LOG 1641834754381 [L3]: Starting move selection for game step 31 with available time 0ms.
LOG 1641834754382 [L3]: No time to select next move using MCTS. Returning random move noop.
LOG 1641834754386 [L3]: Starting move selection for game step 32 with available time 0ms.
LOG 1641834754386 [L3]: No time to select next move using MCTS. Returning random move ( move 3 5 3 4 ).
LOG 1641834754390 [L3]: Starting move selection for game step 33 with available time 0ms.
LOG 1641834754390 [L3]: No time to select next move using MCTS. Returning random move noop.
LOG 1641834754394 [L3]: Starting move selection for game step 34 with available time 0ms.
LOG 1641834754394 [L3]: No time to select next move using MCTS. Returning random move ( move 2 8 2 7 ).
LOG 1641834754398 [L3]: Starting move selection for game step 35 with available time 0ms.
LOG 1641834754399 [L3]: No time to select next move using MCTS. Returning random move noop.
LOG 1641834754402 [L3]: Starting move selection for game step 36 with available time 0ms.
LOG 1641834754402 [L3]: No time to select next move using MCTS. Returning random move ( move 3 4 4 3 ).
LOG 1641834754406 [L3]: Starting move selection for game step 37 with available time 0ms.
LOG 1641834754406 [L3]: No time to select next move using MCTS. Returning random move noop.
LOG 1641834754410 [L3]: Starting move selection for game step 38 with available time -1ms.
LOG 1641834754410 [L3]: No time to select next move using MCTS. Returning random move ( move 3 8 4 7 ).
LOG 1641834754414 [L3]: Starting move selection for game step 39 with available time 0ms.
LOG 1641834754414 [L3]: No time to select next move using MCTS. Returning random move noop.
LOG 1641834754417 [L3]: Starting move selection for game step 40 with available time 0ms.
LOG 1641834754418 [L3]: No time to select next move using MCTS. Returning random move ( move 1 4 2 3 ).
LOG 1641834754421 [L3]: Starting move selection for game step 41 with available time 0ms.
LOG 1641834754421 [L3]: No time to select next move using MCTS. Returning random move noop.
LOG 1641834754426 [L3]: Starting move selection for game step 42 with available time 0ms.
LOG 1641834754426 [L3]: No time to select next move using MCTS. Returning random move ( move 4 5 3 4 ).
LOG 1641834754430 [L3]: Starting move selection for game step 43 with available time 0ms.
LOG 1641834754431 [L3]: No time to select next move using MCTS. Returning random move noop.
LOG 1641834754434 [L3]: Starting move selection for game step 44 with available time 0ms.
LOG 1641834754434 [L3]: No time to select next move using MCTS. Returning random move ( move 8 6 7 5 ).
LOG 1641834754438 [L3]: Starting move selection for game step 45 with available time 0ms.
LOG 1641834754438 [L3]: No time to select next move using MCTS. Returning random move noop.
LOG 1641834754442 [L3]: Starting move selection for game step 46 with available time 0ms.
LOG 1641834754442 [L3]: No time to select next move using MCTS. Returning random move ( move 7 5 7 4 ).
LOG 1641834754445 [L3]: Starting move selection for game step 47 with available time 0ms.
LOG 1641834754446 [L3]: No time to select next move using MCTS. Returning random move noop.
LOG 1641834754449 [L3]: Starting move selection for game step 48 with available time 0ms.
LOG 1641834754449 [L3]: No time to select next move using MCTS. Returning random move ( move 7 8 7 7 ).
LOG 1641834754453 [L3]: Starting move selection for game step 49 with available time 0ms.
LOG 1641834754453 [L3]: No time to select next move using MCTS. Returning random move noop.
LOG 1641834754457 [L3]: Starting move selection for game step 50 with available time 0ms.
LOG 1641834754457 [L3]: No time to select next move using MCTS. Returning random move ( move 7 4 8 3 ).
LOG 1641834754461 [L3]: Starting move selection for game step 51 with available time 0ms.
LOG 1641834754461 [L3]: No time to select next move using MCTS. Returning random move noop.
LOG 1641834754464 [L3]: Starting move selection for game step 52 with available time 0ms.
LOG 1641834754464 [L3]: No time to select next move using MCTS. Returning random move ( move 3 4 4 3 ).
LOG 1641834754468 [L3]: Starting move selection for game step 53 with available time 0ms.
LOG 1641834754468 [L3]: No time to select next move using MCTS. Returning random move noop.
LOG 1641834754472 [L3]: Starting move selection for game step 54 with available time 0ms.
LOG 1641834754473 [L3]: No time to select next move using MCTS. Returning random move ( move 5 8 6 7 ).
LOG 1641834754477 [L3]: Starting move selection for game step 55 with available time 0ms.
LOG 1641834754478 [L3]: No time to select next move using MCTS. Returning random move noop.
LOG 1641834754481 [L3]: Starting move selection for game step 56 with available time 0ms.
LOG 1641834754482 [L3]: No time to select next move using MCTS. Returning random move ( move 6 7 5 6 ).
LOG 1641834754485 [L3]: Starting move selection for game step 57 with available time 0ms.
LOG 1641834754485 [L3]: No time to select next move using MCTS. Returning random move noop.
LOG 1641834754488 [L3]: Starting move selection for game step 58 with available time 0ms.
LOG 1641834754489 [L3]: No time to select next move using MCTS. Returning random move ( move 8 3 7 2 ).
LOG 1641834754493 [L3]: Starting move selection for game step 59 with available time 0ms.
LOG 1641834754493 [L3]: No time to select next move using MCTS. Returning random move noop.
LOG 1641834754496 [L3]: Starting move selection for game step 60 with available time 0ms.
LOG 1641834754497 [L3]: No time to select next move using MCTS. Returning random move ( move 4 3 5 2 ).
LOG 1641834754501 [L3]: Starting move selection for game step 61 with available time 0ms.
LOG 1641834754501 [L3]: No time to select next move using MCTS. Returning random move noop.
LOG 1641834754505 [L3]: Starting move selection for game step 62 with available time -1ms.
LOG 1641834754505 [L3]: No time to select next move using MCTS. Returning random move ( move 2 7 3 6 ).
LOG 1641834754508 [L3]: Starting move selection for game step 63 with available time 0ms.
LOG 1641834754509 [L3]: No time to select next move using MCTS. Returning random move noop.
LOG 1641834754512 [L3]: Starting move selection for game step 64 with available time 0ms.
LOG 1641834754512 [L3]: No time to select next move using MCTS. Returning random move ( move 5 2 6 1 ).
