LOG 1641836846595 [L3]: Returning initial state machine.
LOG 1641836846595 [L3]: Returning PropNet state machine without cache.
LOG 1641836846596 [L3]: Starting metagame with available thinking time 4990ms.
LOG 1641836846597 [L3]: Starting search during metagame.
LOG 1641836851586 [L3]: Done searching during metagame.
LOG 1641836851589 [L3]: Starting move selection for game step 1 with available time 0ms.
LOG 1641836851590 [L3]: No time to select next move using MCTS. Returning random move noop.
LOG 1641836851594 [L3]: Starting move selection for game step 2 with available time 0ms.
LOG 1641836851599 [L3]: No time to select next move using MCTS. Returning random move ( move 2 7 4 6 ).
LOG 1641836851602 [L3]: Starting move selection for game step 3 with available time 0ms.
LOG 1641836851613 [L3]: No time to select next move using MCTS. Returning random move noop.
LOG 1641836851616 [L3]: Starting move selection for game step 4 with available time 0ms.
LOG 1641836851624 [L3]: No time to select next move using MCTS. Returning random move ( move 8 7 6 6 ).
LOG 1641836851628 [L3]: Starting move selection for game step 5 with available time -1ms.
LOG 1641836851628 [L3]: No time to select next move using MCTS. Returning random move noop.
LOG 1641836851631 [L3]: Starting move selection for game step 6 with available time 0ms.
LOG 1641836851632 [L3]: No time to select next move using MCTS. Returning random move ( move 4 6 5 4 ).
LOG 1641836851634 [L3]: Starting move selection for game step 7 with available time 0ms.
LOG 1641836851635 [L3]: No time to select next move using MCTS. Returning random move noop.
LOG 1641836851638 [L3]: Starting move selection for game step 8 with available time 0ms.
LOG 1641836851638 [L3]: No time to select next move using MCTS. Returning random move ( move 1 7 3 6 ).
LOG 1641836851642 [L3]: Starting move selection for game step 9 with available time 0ms.
LOG 1641836851642 [L3]: No time to select next move using MCTS. Returning random move noop.
LOG 1641836851646 [L3]: Starting move selection for game step 10 with available time 0ms.
LOG 1641836851646 [L3]: No time to select next move using MCTS. Returning random move ( move 3 7 4 5 ).
LOG 1641836851650 [L3]: Starting move selection for game step 11 with available time 0ms.
LOG 1641836851650 [L3]: No time to select next move using MCTS. Returning random move noop.
LOG 1641836851653 [L3]: Starting move selection for game step 12 with available time 0ms.
LOG 1641836851653 [L3]: No time to select next move using MCTS. Returning random move ( move 3 8 1 7 ).
LOG 1641836851656 [L3]: Starting move selection for game step 13 with available time 0ms.
LOG 1641836851656 [L3]: No time to select next move using MCTS. Returning random move noop.
LOG 1641836851659 [L3]: Starting move selection for game step 14 with available time 0ms.
LOG 1641836851659 [L3]: No time to select next move using MCTS. Returning random move ( move 4 5 5 3 ).
LOG 1641836851662 [L3]: Starting move selection for game step 15 with available time 0ms.
LOG 1641836851662 [L3]: No time to select next move using MCTS. Returning random move noop.
LOG 1641836851666 [L3]: Starting move selection for game step 16 with available time 0ms.
LOG 1641836851666 [L3]: No time to select next move using MCTS. Returning random move ( move 4 8 2 7 ).
LOG 1641836851669 [L3]: Starting move selection for game step 17 with available time 0ms.
LOG 1641836851669 [L3]: No time to select next move using MCTS. Returning random move noop.
LOG 1641836851672 [L3]: Starting move selection for game step 18 with available time 0ms.
LOG 1641836851672 [L3]: No time to select next move using MCTS. Returning random move ( move 5 8 4 6 ).
LOG 1641836851675 [L3]: Starting move selection for game step 19 with available time 0ms.
LOG 1641836851675 [L3]: No time to select next move using MCTS. Returning random move noop.
LOG 1641836851678 [L3]: Starting move selection for game step 20 with available time 0ms.
LOG 1641836851678 [L3]: No time to select next move using MCTS. Returning random move ( move 7 7 6 5 ).
LOG 1641836851682 [L3]: Starting move selection for game step 21 with available time -1ms.
LOG 1641836851682 [L3]: No time to select next move using MCTS. Returning random move noop.
LOG 1641836851685 [L3]: Starting move selection for game step 22 with available time 0ms.
LOG 1641836851685 [L3]: No time to select next move using MCTS. Returning random move ( move 1 8 2 6 ).
LOG 1641836851689 [L3]: Starting move selection for game step 23 with available time 0ms.
LOG 1641836851689 [L3]: No time to select next move using MCTS. Returning random move noop.
LOG 1641836851692 [L3]: Starting move selection for game step 24 with available time 0ms.
LOG 1641836851693 [L3]: No time to select next move using MCTS. Returning random move ( move 6 5 7 3 ).
LOG 1641836851696 [L3]: Starting move selection for game step 25 with available time 0ms.
LOG 1641836851696 [L3]: No time to select next move using MCTS. Returning random move noop.
