LOG 1641837063395 [L3]: Started match logging at: Mon Jan 10 18:51:03 CET 2022
LOG 1641837063396 [L3]: Game rules: [( role x ), ( role o ), ( init ( quad x 12 ) ), ( init ( quad o 12 ) ), ( init ( white x 5 ) ), ( init ( white o 5 ) ), ( init ( cell r1 c2 b ) ), ( init ( cell r1 c3 b ) ), ( init ( cell r1 c4 b ) ), ( init ( cell r1 c5 b ) ), ( init ( cell r1 c6 b ) ), ( init ( cell r2 c1 b ) ), ( init ( cell r2 c2 b ) ), ( init ( cell r2 c3 b ) ), ( init ( cell r2 c4 b ) ), ( init ( cell r2 c5 b ) ), ( init ( cell r2 c6 b ) ), ( init ( cell r2 c7 b ) ), ( init ( cell r3 c1 b ) ), ( init ( cell r3 c2 b ) ), ( init ( cell r3 c3 b ) ), ( init ( cell r3 c4 b ) ), ( init ( cell r3 c5 b ) ), ( init ( cell r3 c6 b ) ), ( init ( cell r3 c7 b ) ), ( init ( cell r4 c1 b ) ), ( init ( cell r4 c2 b ) ), ( init ( cell r4 c3 b ) ), ( init ( cell r4 c4 b ) ), ( init ( cell r4 c5 b ) ), ( init ( cell r4 c6 b ) ), ( init ( cell r4 c7 b ) ), ( init ( cell r5 c1 b ) ), ( init ( cell r5 c2 b ) ), ( init ( cell r5 c3 b ) ), ( init ( cell r5 c4 b ) ), ( init ( cell r5 c5 b ) ), ( init ( cell r5 c6 b ) ), ( init ( cell r5 c7 b ) ), ( init ( cell r6 c1 b ) ), ( init ( cell r6 c2 b ) ), ( init ( cell r6 c3 b ) ), ( init ( cell r6 c4 b ) ), ( init ( cell r6 c5 b ) ), ( init ( cell r6 c6 b ) ), ( init ( cell r6 c7 b ) ), ( init ( cell r7 c2 b ) ), ( init ( cell r7 c3 b ) ), ( init ( cell r7 c4 b ) ), ( init ( cell r7 c5 b ) ), ( init ( cell r7 c6 b ) ), ( init ( control x ) ), ( ncol c1 c2 ), ( ncol c2 c3 ), ( ncol c3 c4 ), ( ncol c4 c5 ), ( ncol c5 c6 ), ( ncol c6 c7 ), ( nrow r1 r2 ), ( nrow r2 r3 ), ( nrow r3 r4 ), ( nrow r4 r5 ), ( nrow r5 r6 ), ( nrow r6 r7 ), ( <= ( prow ?x ?y ) ( nrow ?y ?x ) ), ( <= ( pcol ?x ?y ) ( ncol ?y ?x ) ), ( succ 0 1 ), ( succ 1 2 ), ( succ 2 3 ), ( succ 3 4 ), ( succ 4 5 ), ( succ 5 6 ), ( succ 6 7 ), ( succ 7 8 ), ( succ 8 9 ), ( succ 9 10 ), ( succ 10 11 ), ( succ 11 12 ), ( succ 12 13 ), ( succ 13 14 ), ( succ 14 15 ), ( succ 15 16 ), ( succ 16 17 ), ( succ 17 18 ), ( succ 18 19 ), ( succ 19 20 ), ( <= ( legal ?player ( mark ?x ?y ) ) ( true ( cell ?x ?y b ) ) ( true ( control ?player ) ) ), ( <= ( legal ?player ( block ?x ?y ) ) ( true ( cell ?x ?y b ) ) ( true ( control ?player ) ) ( true ( white ?player ?c ) ) ( distinct ?c 0 ) ), ( <= ( legal x noop ) ( true ( control o ) ) ), ( <= ( legal o noop ) ( true ( control x ) ) ), ( <= ( next ( cell ?m ?n ?p ) ) ( does ?p ( mark ?m ?n ) ) ), ( <= ( next ( cell ?m ?n w ) ) ( does ?p ( block ?m ?n ) ) ), ( <= ( next ( cell ?m ?n ?p ) ) ( true ( cell ?m ?n ?p ) ) ( distinct ?p b ) ), ( <= ( next ( cell ?m ?n b ) ) ( does ?W ( mark ?j ?k ) ) ( true ( cell ?m ?n b ) ) ( distinct ?m ?j ) ), ( <= ( next ( cell ?m ?n b ) ) ( does ?W ( mark ?j ?k ) ) ( true ( cell ?m ?n b ) ) ( distinct ?n ?k ) ), ( <= ( next ( cell ?m ?n b ) ) ( does ?W ( block ?j ?k ) ) ( true ( cell ?m ?n b ) ) ( distinct ?m ?j ) ), ( <= ( next ( cell ?m ?n b ) ) ( does ?W ( block ?j ?k ) ) ( true ( cell ?m ?n b ) ) ( distinct ?n ?k ) ), ( <= ( next ( quad ?p ?c ) ) ( true ( control ?q ) ) ( true ( quad ?p ?c ) ) ( distinct ?p ?q ) ), ( <= ( next ( white ?p ?c ) ) ( true ( control ?q ) ) ( true ( white ?p ?c ) ) ( distinct ?p ?q ) ), ( <= ( next ( quad ?p ?c ) ) ( does ?p ( mark ?j ?k ) ) ( true ( quad ?p ?c1 ) ) ( succ ?c ?c1 ) ), ( <= ( next ( white ?p ?c ) ) ( does ?p ( block ?j ?k ) ) ( true ( white ?p ?c1 ) ) ( succ ?c ?c1 ) ), ( <= ( next ( quad ?p ?c ) ) ( does ?p ( block ?j ?k ) ) ( true ( quad ?p ?c ) ) ), ( <= ( next ( white ?p ?c ) ) ( does ?p ( mark ?j ?k ) ) ( true ( white ?p ?c ) ) ), ( <= ( next ( control x ) ) ( does o ( mark ?j ?k ) ) ( true ( control o ) ) ), ( <= ( next ( control o ) ) ( does x ( mark ?j ?k ) ) ( true ( control x ) ) ), ( <= ( next ( control ?p ) ) ( does ?p ( block ?j ?k ) ) ( true ( control ?p ) ) ), ( <= ( square ?x1 ?y1 ?x1 ?y2 ?x2 ?y1 ?x2 ?y2 ) ( ncol ?y1 ?y2 ) ( nrow ?x1 ?x2 ) ), ( <= ( square ?x1 ?y1 ?x1 ?y2 ?x2 ?y1 ?x2 ?y2 ) ( ncol ?y3 ?y2 ) ( nrow ?x3 ?x2 ) ( square ?x1 ?y1 ?x1 ?y3 ?x3 ?y1 ?x3 ?y3 ) ), ( <= ( square ?x1 ?y1 ?x2 ?y2 ?x3 ?y3 ?x4 ?y4 ) ( prow ?x2p ?x2 ) ( ncol ?y3n ?y3 ) ( prow ?x4p ?x4 ) ( ncol ?y4n ?y4 ) ( square ?x1 ?y1 ?x2p ?y2 ?x3 ?y3n ?x4p ?y4n ) ), ( <= win ( true ( cell ?x1 ?y1 x ) ) ( true ( cell ?x2 ?y2 x ) ) ( true ( cell ?x3 ?y3 x ) ) ( true ( cell ?x4 ?y4 x ) ) ( square ?x1 ?y1 ?x2 ?y2 ?x3 ?y3 ?x4 ?y4 ) ), ( <= lose ( true ( cell ?x1 ?y1 o ) ) ( true ( cell ?x2 ?y2 o ) ) ( true ( cell ?x3 ?y3 o ) ) ( true ( cell ?x4 ?y4 o ) ) ( square ?x1 ?y1 ?x2 ?y2 ?x3 ?y3 ?x4 ?y4 ) ), ( <= winByOpenQuad ( not lose ) ( not open ) ( true ( cell ?x1 ?y1 x ) ) ( true ( cell ?x2 ?y2 x ) ) ( true ( cell ?x3 ?y3 x ) ) ( true ( cell ?x4 ?y4 b ) ) ( square ?x1 ?y1 ?x2 ?y2 ?x3 ?y3 ?x4 ?y4 ) ), ( <= winByOpenQuad ( not lose ) ( not open ) ( true ( cell ?x1 ?y1 x ) ) ( true ( cell ?x2 ?y2 b ) ) ( true ( cell ?x3 ?y3 x ) ) ( true ( cell ?x4 ?y4 x ) ) ( square ?x1 ?y1 ?x2 ?y2 ?x3 ?y3 ?x4 ?y4 ) ), ( <= winByOpenQuad ( not lose ) ( not open ) ( true ( cell ?x1 ?y1 x ) ) ( true ( cell ?x2 ?y2 x ) ) ( true ( cell ?x3 ?y3 b ) ) ( true ( cell ?x4 ?y4 x ) ) ( square ?x1 ?y1 ?x2 ?y2 ?x3 ?y3 ?x4 ?y4 ) ), ( <= winByOpenQuad ( not lose ) ( not open ) ( true ( cell ?x1 ?y1 b ) ) ( true ( cell ?x2 ?y2 x ) ) ( true ( cell ?x3 ?y3 x ) ) ( true ( cell ?x4 ?y4 x ) ) ( square ?x1 ?y1 ?x2 ?y2 ?x3 ?y3 ?x4 ?y4 ) ), ( <= open ( true ( quad ?p ?c ) ) ( distinct ?c 0 ) ), ( <= ( more ?x 0 ) ( succ ?y ?x ) ), ( <= ( more ?x ?y ) ( succ ?x1 ?x ) ( succ ?y1 ?y ) ( more ?x1 ?y1 ) ), ( <= morewhite ( true ( white x ?a ) ) ( true ( white o ?b ) ) ( more ?a ?b ) ), ( <= lesswhite ( true ( white x ?a ) ) ( true ( white o ?b ) ) ( more ?b ?a ) ), ( <= equalwhite ( true ( white x ?a ) ) ( true ( white o ?a ) ) ), ( <= ( goal x 100 ) win ), ( <= ( goal x 95 ) ( not win ) winByOpenQuad ), ( <= ( goal x 90 ) ( not win ) ( not winByOpenQuad ) ( not lose ) ( not open ) morewhite ), ( <= ( goal x 50 ) ( not win ) ( not winByOpenQuad ) ( not lose ) ( not open ) equalwhite ), ( <= ( goal x 10 ) ( not win ) ( not winByOpenQuad ) ( not lose ) ( not open ) lesswhite ), ( <= ( goal x 0 ) lose ), ( <= ( goal o 100 ) lose ), ( <= ( goal o 90 ) ( not win ) ( not winByOpenQuad ) ( not lose ) ( not open ) lesswhite ), ( <= ( goal o 50 ) ( not win ) ( not winByOpenQuad ) ( not lose ) ( not open ) equalwhite ), ( <= ( goal o 10 ) ( not win ) ( not winByOpenQuad ) ( not lose ) ( not open ) morewhite ), ( <= ( goal o 5 ) ( not win ) winByOpenQuad ), ( <= ( goal o 0 ) win ), ( <= terminal win ), ( <= terminal lose ), ( <= terminal ( not open ) )]
LOG 1641837063403 [L3]: Start clock: 15
LOG 1641837063403 [L3]: Play clock: 10
LOG 1641837068699 [L0]: [Sent at 1641837068699] ready
LOG 1641837068701 [L0]: [Received at 1641837068701] ( PLAY 15.quad_7x7.1641837063087 NIL )
LOG 1641837068702 [L0]: [Sent at 1641837068702] noop
LOG 1641837068704 [L0]: [Received at 1641837068704] ( PLAY 15.quad_7x7.1641837063087 (( mark r2 c7 ) noop ) )
LOG 1641837068706 [L0]: [Sent at 1641837068706] ( mark r4 c4 )
LOG 1641837068708 [L0]: [Received at 1641837068708] ( PLAY 15.quad_7x7.1641837063087 (noop ( mark r4 c4 ) ) )
LOG 1641837068716 [L0]: [Sent at 1641837068716] noop
LOG 1641837068718 [L0]: [Received at 1641837068718] ( PLAY 15.quad_7x7.1641837063087 (( block r3 c3 ) noop ) )
LOG 1641837068720 [L0]: [Sent at 1641837068720] noop
LOG 1641837068723 [L0]: [Received at 1641837068723] ( PLAY 15.quad_7x7.1641837063087 (( mark r2 c2 ) noop ) )
LOG 1641837068724 [L0]: [Sent at 1641837068724] ( block r7 c2 )
LOG 1641837068726 [L0]: [Received at 1641837068726] ( PLAY 15.quad_7x7.1641837063087 (noop ( block r7 c2 ) ) )
LOG 1641837068727 [L0]: [Sent at 1641837068727] ( mark r5 c5 )
LOG 1641837068731 [L0]: [Received at 1641837068731] ( PLAY 15.quad_7x7.1641837063087 (noop ( mark r5 c5 ) ) )
LOG 1641837068732 [L0]: [Sent at 1641837068732] noop
LOG 1641837068741 [L0]: [Received at 1641837068741] ( PLAY 15.quad_7x7.1641837063087 (( mark r1 c4 ) noop ) )
LOG 1641837068743 [L0]: [Sent at 1641837068743] ( mark r6 c2 )
LOG 1641837068748 [L0]: [Received at 1641837068748] ( PLAY 15.quad_7x7.1641837063087 (noop ( mark r6 c2 ) ) )
LOG 1641837068749 [L0]: [Sent at 1641837068749] noop
LOG 1641837068761 [L0]: [Received at 1641837068761] ( PLAY 15.quad_7x7.1641837063087 (( mark r4 c2 ) noop ) )
LOG 1641837068762 [L0]: [Sent at 1641837068762] ( block r5 c7 )
LOG 1641837068765 [L0]: [Received at 1641837068765] ( PLAY 15.quad_7x7.1641837063087 (noop ( block r5 c7 ) ) )
LOG 1641837068767 [L0]: [Sent at 1641837068767] ( block r2 c5 )
LOG 1641837068769 [L0]: [Received at 1641837068769] ( PLAY 15.quad_7x7.1641837063087 (noop ( block r2 c5 ) ) )
LOG 1641837068770 [L0]: [Sent at 1641837068770] ( block r5 c2 )
LOG 1641837068773 [L0]: [Received at 1641837068773] ( PLAY 15.quad_7x7.1641837063087 (noop ( block r5 c2 ) ) )
LOG 1641837068774 [L0]: [Sent at 1641837068774] ( mark r7 c6 )
LOG 1641837068782 [L0]: [Received at 1641837068782] ( PLAY 15.quad_7x7.1641837063087 (noop ( mark r7 c6 ) ) )
LOG 1641837068784 [L0]: [Sent at 1641837068784] noop
LOG 1641837068799 [L0]: [Received at 1641837068799] ( PLAY 15.quad_7x7.1641837063087 (( mark r7 c3 ) noop ) )
LOG 1641837068801 [L0]: [Sent at 1641837068801] ( block r4 c3 )
LOG 1641837068804 [L0]: [Received at 1641837068804] ( PLAY 15.quad_7x7.1641837063087 (noop ( block r4 c3 ) ) )
LOG 1641837068805 [L0]: [Sent at 1641837068805] ( mark r3 c1 )
LOG 1641837068821 [L0]: [Received at 1641837068821] ( PLAY 15.quad_7x7.1641837063087 (noop ( mark r3 c1 ) ) )
LOG 1641837068822 [L0]: [Sent at 1641837068822] noop
LOG 1641837068827 [L0]: [Received at 1641837068827] ( PLAY 15.quad_7x7.1641837063087 (( block r5 c1 ) noop ) )
LOG 1641837068829 [L0]: [Sent at 1641837068829] noop
LOG 1641837068834 [L0]: [Received at 1641837068834] ( PLAY 15.quad_7x7.1641837063087 (( block r7 c5 ) noop ) )
LOG 1641837068835 [L0]: [Sent at 1641837068835] noop
LOG 1641837068839 [L0]: [Received at 1641837068839] ( PLAY 15.quad_7x7.1641837063087 (( block r3 c4 ) noop ) )
LOG 1641837068841 [L0]: [Sent at 1641837068841] noop
LOG 1641837068844 [L0]: [Received at 1641837068844] ( PLAY 15.quad_7x7.1641837063087 (( block r4 c6 ) noop ) )
LOG 1641837068846 [L0]: [Sent at 1641837068846] noop
LOG 1641837068890 [L0]: [Received at 1641837068890] ( PLAY 15.quad_7x7.1641837063087 (( mark r3 c6 ) noop ) )
LOG 1641837068892 [L0]: [Sent at 1641837068892] ( mark r3 c7 )
LOG 1641837068935 [L0]: [Received at 1641837068935] ( PLAY 15.quad_7x7.1641837063087 (noop ( mark r3 c7 ) ) )
LOG 1641837068936 [L0]: [Sent at 1641837068936] noop
LOG 1641837069018 [L0]: [Received at 1641837069018] ( PLAY 15.quad_7x7.1641837063087 (( mark r1 c5 ) noop ) )
LOG 1641837069019 [L0]: [Sent at 1641837069019] ( mark r2 c4 )
LOG 1641837069117 [L0]: [Received at 1641837069117] ( STOP 15.quad_7x7.1641837063087 (noop ( mark r2 c4 ) ) )
LOG 1641837069118 [L3]: Stopped logging to files at: Mon Jan 10 18:51:09 CET 2022
LOG 1641837069119 [L3]: LOG SEALED
