LOG 1641833447318 [L3]: Returning initial state machine.
LOG 1641833447319 [L3]: Returning PropNet state machine without cache.
LOG 1641833447323 [L3]: Starting metagame with available thinking time 4977ms.
LOG 1641833447327 [L3]: Starting search during metagame.
LOG 1641833452300 [L3]: Done searching during metagame.
LOG 1641833452317 [L3]: Starting move selection for game step 1 with available time 0ms.
LOG 1641833452317 [L3]: No time to select next move using MCTS. Returning random move noop.
LOG 1641833452332 [L3]: Starting move selection for game step 2 with available time 0ms.
LOG 1641833452339 [L3]: No time to select next move using MCTS. Returning random move ( drop 5 ).
LOG 1641833452357 [L3]: Starting move selection for game step 3 with available time 0ms.
LOG 1641833452368 [L3]: No time to select next move using MCTS. Returning random move noop.
LOG 1641833452388 [L3]: Starting move selection for game step 4 with available time 0ms.
LOG 1641833452399 [L3]: No time to select next move using MCTS. Returning random move ( drop 6 ).
LOG 1641833452416 [L3]: Starting move selection for game step 5 with available time 0ms.
LOG 1641833452416 [L3]: No time to select next move using MCTS. Returning random move noop.
LOG 1641833452429 [L3]: Starting move selection for game step 6 with available time 0ms.
LOG 1641833452430 [L3]: No time to select next move using MCTS. Returning random move ( drop 7 ).
LOG 1641833452439 [L3]: Starting move selection for game step 7 with available time 0ms.
LOG 1641833452440 [L3]: No time to select next move using MCTS. Returning random move noop.
LOG 1641833452447 [L3]: Starting move selection for game step 8 with available time 0ms.
LOG 1641833452447 [L3]: No time to select next move using MCTS. Returning random move ( drop 2 ).
LOG 1641833452456 [L3]: Starting move selection for game step 9 with available time 0ms.
LOG 1641833452456 [L3]: No time to select next move using MCTS. Returning random move noop.
LOG 1641833452465 [L3]: Starting move selection for game step 10 with available time 0ms.
LOG 1641833452465 [L3]: No time to select next move using MCTS. Returning random move ( drop 1 ).
LOG 1641833452474 [L3]: Starting move selection for game step 11 with available time 0ms.
LOG 1641833452475 [L3]: No time to select next move using MCTS. Returning random move noop.
LOG 1641833452484 [L3]: Starting move selection for game step 12 with available time 0ms.
LOG 1641833452484 [L3]: No time to select next move using MCTS. Returning random move ( drop 6 ).
LOG 1641833452493 [L3]: Starting move selection for game step 13 with available time 0ms.
LOG 1641833452493 [L3]: No time to select next move using MCTS. Returning random move noop.
