LOG 1641834537433 [L3]: Returning initial state machine.
LOG 1641834537434 [L3]: Returning PropNet state machine without cache.
LOG 1641834537434 [L3]: Starting metagame with available thinking time 4991ms.
LOG 1641834537436 [L3]: Starting search during metagame.
LOG 1641834542425 [L3]: Done searching during metagame.
LOG 1641834542429 [L3]: Starting move selection for game step 1 with available time 0ms.
LOG 1641834542429 [L3]: No time to select next move using MCTS. Returning random move ( move 3 2 2 3 ).
LOG 1641834542433 [L3]: Starting move selection for game step 2 with available time 0ms.
LOG 1641834542436 [L3]: No time to select next move using MCTS. Returning random move noop.
LOG 1641834542440 [L3]: Starting move selection for game step 3 with available time 0ms.
LOG 1641834542450 [L3]: No time to select next move using MCTS. Returning random move ( move 4 2 4 3 ).
LOG 1641834542454 [L3]: Starting move selection for game step 4 with available time 0ms.
LOG 1641834542460 [L3]: No time to select next move using MCTS. Returning random move noop.
LOG 1641834542464 [L3]: Starting move selection for game step 5 with available time 0ms.
LOG 1641834542464 [L3]: No time to select next move using MCTS. Returning random move ( move 2 2 3 3 ).
LOG 1641834542468 [L3]: Starting move selection for game step 6 with available time 0ms.
LOG 1641834542468 [L3]: No time to select next move using MCTS. Returning random move noop.
LOG 1641834542472 [L3]: Starting move selection for game step 7 with available time 0ms.
LOG 1641834542472 [L3]: No time to select next move using MCTS. Returning random move ( move 5 1 4 2 ).
LOG 1641834542476 [L3]: Starting move selection for game step 8 with available time 0ms.
LOG 1641834542476 [L3]: No time to select next move using MCTS. Returning random move noop.
LOG 1641834542480 [L3]: Starting move selection for game step 9 with available time 0ms.
LOG 1641834542480 [L3]: No time to select next move using MCTS. Returning random move ( move 3 1 3 2 ).
LOG 1641834542484 [L3]: Starting move selection for game step 10 with available time 0ms.
LOG 1641834542484 [L3]: No time to select next move using MCTS. Returning random move noop.
LOG 1641834542488 [L3]: Starting move selection for game step 11 with available time 0ms.
LOG 1641834542488 [L3]: No time to select next move using MCTS. Returning random move ( move 3 3 4 4 ).
LOG 1641834542492 [L3]: Starting move selection for game step 12 with available time 0ms.
LOG 1641834542492 [L3]: No time to select next move using MCTS. Returning random move noop.
LOG 1641834542496 [L3]: Starting move selection for game step 13 with available time 0ms.
LOG 1641834542496 [L3]: No time to select next move using MCTS. Returning random move ( move 4 3 3 4 ).
LOG 1641834542500 [L3]: Starting move selection for game step 14 with available time 0ms.
LOG 1641834542500 [L3]: No time to select next move using MCTS. Returning random move noop.
LOG 1641834542520 [L3]: Starting move selection for game step 15 with available time 0ms.
LOG 1641834542521 [L3]: No time to select next move using MCTS. Returning random move ( move 3 2 3 3 ).
LOG 1641834542524 [L3]: Starting move selection for game step 16 with available time 0ms.
LOG 1641834542524 [L3]: No time to select next move using MCTS. Returning random move noop.
LOG 1641834542528 [L3]: Starting move selection for game step 17 with available time 0ms.
LOG 1641834542528 [L3]: No time to select next move using MCTS. Returning random move ( move 5 2 4 3 ).
LOG 1641834542533 [L3]: Starting move selection for game step 18 with available time 0ms.
LOG 1641834542533 [L3]: No time to select next move using MCTS. Returning random move noop.
LOG 1641834542538 [L3]: Starting move selection for game step 19 with available time 0ms.
LOG 1641834542538 [L3]: No time to select next move using MCTS. Returning random move ( move 2 3 2 4 ).
LOG 1641834542542 [L3]: Starting move selection for game step 20 with available time 0ms.
LOG 1641834542543 [L3]: No time to select next move using MCTS. Returning random move noop.
LOG 1641834542547 [L3]: Starting move selection for game step 21 with available time 0ms.
LOG 1641834542547 [L3]: No time to select next move using MCTS. Returning random move ( move 8 2 8 3 ).
LOG 1641834542551 [L3]: Starting move selection for game step 22 with available time 0ms.
LOG 1641834542551 [L3]: No time to select next move using MCTS. Returning random move noop.
LOG 1641834542555 [L3]: Starting move selection for game step 23 with available time 0ms.
LOG 1641834542555 [L3]: No time to select next move using MCTS. Returning random move ( move 4 4 3 5 ).
LOG 1641834542559 [L3]: Starting move selection for game step 24 with available time 0ms.
LOG 1641834542559 [L3]: No time to select next move using MCTS. Returning random move noop.
LOG 1641834542563 [L3]: Starting move selection for game step 25 with available time 0ms.
LOG 1641834542563 [L3]: No time to select next move using MCTS. Returning random move ( move 2 1 3 2 ).
LOG 1641834542568 [L3]: Starting move selection for game step 26 with available time 0ms.
LOG 1641834542568 [L3]: No time to select next move using MCTS. Returning random move noop.
LOG 1641834542572 [L3]: Starting move selection for game step 27 with available time 0ms.
LOG 1641834542572 [L3]: No time to select next move using MCTS. Returning random move ( move 3 5 4 6 ).
LOG 1641834542576 [L3]: Starting move selection for game step 28 with available time 0ms.
LOG 1641834542577 [L3]: No time to select next move using MCTS. Returning random move noop.
LOG 1641834542580 [L3]: Starting move selection for game step 29 with available time 0ms.
LOG 1641834542580 [L3]: No time to select next move using MCTS. Returning random move ( move 1 2 1 3 ).
LOG 1641834542584 [L3]: Starting move selection for game step 30 with available time 0ms.
LOG 1641834542585 [L3]: No time to select next move using MCTS. Returning random move noop.
LOG 1641834542588 [L3]: Starting move selection for game step 31 with available time 0ms.
LOG 1641834542589 [L3]: No time to select next move using MCTS. Returning random move ( move 2 4 3 5 ).
LOG 1641834542592 [L3]: Starting move selection for game step 32 with available time 0ms.
LOG 1641834542593 [L3]: No time to select next move using MCTS. Returning random move noop.
LOG 1641834542597 [L3]: Starting move selection for game step 33 with available time 0ms.
LOG 1641834542597 [L3]: No time to select next move using MCTS. Returning random move ( move 7 1 8 2 ).
LOG 1641834542600 [L3]: Starting move selection for game step 34 with available time 0ms.
LOG 1641834542601 [L3]: No time to select next move using MCTS. Returning random move noop.
LOG 1641834542606 [L3]: Starting move selection for game step 35 with available time 0ms.
LOG 1641834542606 [L3]: No time to select next move using MCTS. Returning random move ( move 3 3 4 4 ).
LOG 1641834542610 [L3]: Starting move selection for game step 36 with available time 0ms.
LOG 1641834542611 [L3]: No time to select next move using MCTS. Returning random move noop.
LOG 1641834542615 [L3]: Starting move selection for game step 37 with available time 0ms.
LOG 1641834542616 [L3]: No time to select next move using MCTS. Returning random move ( move 4 6 4 7 ).
LOG 1641834542619 [L3]: Starting move selection for game step 38 with available time 0ms.
LOG 1641834542620 [L3]: No time to select next move using MCTS. Returning random move noop.
LOG 1641834542623 [L3]: Starting move selection for game step 39 with available time 0ms.
LOG 1641834542624 [L3]: No time to select next move using MCTS. Returning random move ( move 6 2 7 3 ).
LOG 1641834542627 [L3]: Starting move selection for game step 40 with available time 0ms.
LOG 1641834542628 [L3]: No time to select next move using MCTS. Returning random move noop.
LOG 1641834542631 [L3]: Starting move selection for game step 41 with available time 0ms.
LOG 1641834542631 [L3]: No time to select next move using MCTS. Returning random move ( move 3 5 2 6 ).
LOG 1641834542634 [L3]: Starting move selection for game step 42 with available time 0ms.
LOG 1641834542635 [L3]: No time to select next move using MCTS. Returning random move noop.
LOG 1641834542638 [L3]: Starting move selection for game step 43 with available time 0ms.
LOG 1641834542639 [L3]: No time to select next move using MCTS. Returning random move ( move 7 2 6 3 ).
LOG 1641834542642 [L3]: Starting move selection for game step 44 with available time 0ms.
LOG 1641834542643 [L3]: No time to select next move using MCTS. Returning random move noop.
LOG 1641834542647 [L3]: Starting move selection for game step 45 with available time 0ms.
LOG 1641834542647 [L3]: No time to select next move using MCTS. Returning random move ( move 8 1 7 2 ).
LOG 1641834542652 [L3]: Starting move selection for game step 46 with available time 0ms.
LOG 1641834542652 [L3]: No time to select next move using MCTS. Returning random move noop.
LOG 1641834542656 [L3]: Starting move selection for game step 47 with available time 0ms.
LOG 1641834542656 [L3]: No time to select next move using MCTS. Returning random move ( move 3 4 4 5 ).
LOG 1641834542660 [L3]: Starting move selection for game step 48 with available time 0ms.
LOG 1641834542661 [L3]: No time to select next move using MCTS. Returning random move noop.
LOG 1641834542664 [L3]: Starting move selection for game step 49 with available time 0ms.
LOG 1641834542665 [L3]: No time to select next move using MCTS. Returning random move ( move 7 3 7 4 ).
LOG 1641834542668 [L3]: Starting move selection for game step 50 with available time 0ms.
LOG 1641834542669 [L3]: No time to select next move using MCTS. Returning random move noop.
LOG 1641834542673 [L3]: Starting move selection for game step 51 with available time 0ms.
LOG 1641834542673 [L3]: No time to select next move using MCTS. Returning random move ( move 8 3 8 4 ).
LOG 1641834542677 [L3]: Starting move selection for game step 52 with available time 0ms.
LOG 1641834542677 [L3]: No time to select next move using MCTS. Returning random move noop.
LOG 1641834542681 [L3]: Starting move selection for game step 53 with available time 0ms.
LOG 1641834542681 [L3]: No time to select next move using MCTS. Returning random move ( move 8 2 8 3 ).
LOG 1641834542684 [L3]: Starting move selection for game step 54 with available time 0ms.
LOG 1641834542684 [L3]: No time to select next move using MCTS. Returning random move noop.
LOG 1641834542688 [L3]: Starting move selection for game step 55 with available time 0ms.
LOG 1641834542688 [L3]: No time to select next move using MCTS. Returning random move ( move 7 4 8 5 ).
LOG 1641834542692 [L3]: Starting move selection for game step 56 with available time 0ms.
LOG 1641834542692 [L3]: No time to select next move using MCTS. Returning random move noop.
LOG 1641834542696 [L3]: Starting move selection for game step 57 with available time 0ms.
LOG 1641834542697 [L3]: No time to select next move using MCTS. Returning random move ( move 6 3 7 4 ).
LOG 1641834542701 [L3]: Starting move selection for game step 58 with available time 0ms.
LOG 1641834542701 [L3]: No time to select next move using MCTS. Returning random move noop.
LOG 1641834542706 [L3]: Starting move selection for game step 59 with available time 0ms.
LOG 1641834542706 [L3]: No time to select next move using MCTS. Returning random move ( move 4 3 5 4 ).
LOG 1641834542710 [L3]: Starting move selection for game step 60 with available time 0ms.
LOG 1641834542710 [L3]: No time to select next move using MCTS. Returning random move noop.
LOG 1641834542714 [L3]: Starting move selection for game step 61 with available time 0ms.
LOG 1641834542714 [L3]: No time to select next move using MCTS. Returning random move ( move 7 4 6 5 ).
LOG 1641834542717 [L3]: Starting move selection for game step 62 with available time 0ms.
LOG 1641834542717 [L3]: No time to select next move using MCTS. Returning random move noop.
LOG 1641834542721 [L3]: Starting move selection for game step 63 with available time 0ms.
LOG 1641834542721 [L3]: No time to select next move using MCTS. Returning random move ( move 6 1 6 2 ).
LOG 1641834542725 [L3]: Starting move selection for game step 64 with available time 0ms.
LOG 1641834542725 [L3]: No time to select next move using MCTS. Returning random move noop.
LOG 1641834542728 [L3]: Starting move selection for game step 65 with available time 0ms.
LOG 1641834542729 [L3]: No time to select next move using MCTS. Returning random move ( move 7 2 6 3 ).
LOG 1641834542732 [L3]: Starting move selection for game step 66 with available time 0ms.
LOG 1641834542732 [L3]: No time to select next move using MCTS. Returning random move noop.
LOG 1641834542736 [L3]: Starting move selection for game step 67 with available time 0ms.
LOG 1641834542736 [L3]: No time to select next move using MCTS. Returning random move ( move 2 6 1 7 ).
LOG 1641834542739 [L3]: Starting move selection for game step 68 with available time 0ms.
LOG 1641834542740 [L3]: No time to select next move using MCTS. Returning random move noop.
LOG 1641834542744 [L3]: Starting move selection for game step 69 with available time 0ms.
LOG 1641834542744 [L3]: No time to select next move using MCTS. Returning random move ( move 8 3 7 4 ).
LOG 1641834542747 [L3]: Starting move selection for game step 70 with available time 0ms.
LOG 1641834542747 [L3]: No time to select next move using MCTS. Returning random move noop.
LOG 1641834542751 [L3]: Starting move selection for game step 71 with available time 0ms.
LOG 1641834542751 [L3]: No time to select next move using MCTS. Returning random move ( move 6 2 7 3 ).
LOG 1641834542754 [L3]: Starting move selection for game step 72 with available time 0ms.
LOG 1641834542754 [L3]: No time to select next move using MCTS. Returning random move noop.
LOG 1641834542759 [L3]: Starting move selection for game step 73 with available time 0ms.
LOG 1641834542759 [L3]: No time to select next move using MCTS. Returning random move ( move 1 7 2 8 ).
