LOG 1641835166516 [L3]: Started match logging at: Mon Jan 10 18:19:26 CET 2022
LOG 1641835166517 [L3]: Game rules: [( role white ), ( role black ), ( <= ( base ( cellHolds ?x ?y ?p ) ) ( index ?x ) ( index ?y ) ( role ?p ) ), ( <= ( base ( control ?p ) ) ( role ?p ) ), ( <= ( input ?p noop ) ( role ?p ) ), ( <= ( input white ( move ?x ?y1 ?x ?y2 ) ) ( index ?x ) ( succ ?y1 ?y2 ) ), ( <= ( input white ( move ?x1 ?y1 ?x2 ?y2 ) ) ( succ ?y1 ?y2 ) ( succ ?x1 ?x2 ) ), ( <= ( input white ( move ?x1 ?y1 ?x2 ?y2 ) ) ( succ ?y1 ?y2 ) ( succ ?x2 ?x1 ) ), ( <= ( input black ( move ?x ?y1 ?x ?y2 ) ) ( index ?x ) ( succ ?y2 ?y1 ) ), ( <= ( input black ( move ?x1 ?y1 ?x2 ?y2 ) ) ( succ ?y2 ?y1 ) ( succ ?x1 ?x2 ) ), ( <= ( input black ( move ?x1 ?y1 ?x2 ?y2 ) ) ( succ ?y2 ?y1 ) ( succ ?x2 ?x1 ) ), ( init ( cellHolds 1 1 white ) ), ( init ( cellHolds 2 1 white ) ), ( init ( cellHolds 3 1 white ) ), ( init ( cellHolds 4 1 white ) ), ( init ( cellHolds 5 1 white ) ), ( init ( cellHolds 6 1 white ) ), ( init ( cellHolds 7 1 white ) ), ( init ( cellHolds 8 1 white ) ), ( init ( cellHolds 1 2 white ) ), ( init ( cellHolds 2 2 white ) ), ( init ( cellHolds 3 2 white ) ), ( init ( cellHolds 4 2 white ) ), ( init ( cellHolds 5 2 white ) ), ( init ( cellHolds 6 2 white ) ), ( init ( cellHolds 7 2 white ) ), ( init ( cellHolds 8 2 white ) ), ( init ( cellHolds 1 7 black ) ), ( init ( cellHolds 2 7 black ) ), ( init ( cellHolds 3 7 black ) ), ( init ( cellHolds 4 7 black ) ), ( init ( cellHolds 5 7 black ) ), ( init ( cellHolds 6 7 black ) ), ( init ( cellHolds 7 7 black ) ), ( init ( cellHolds 8 7 black ) ), ( init ( cellHolds 1 8 black ) ), ( init ( cellHolds 2 8 black ) ), ( init ( cellHolds 3 8 black ) ), ( init ( cellHolds 4 8 black ) ), ( init ( cellHolds 5 8 black ) ), ( init ( cellHolds 6 8 black ) ), ( init ( cellHolds 7 8 black ) ), ( init ( cellHolds 8 8 black ) ), ( init ( control white ) ), ( <= ( legal white ( move ?x ?y1 ?x ?y2 ) ) ( true ( control white ) ) ( true ( cellHolds ?x ?y1 white ) ) ( succ ?y1 ?y2 ) ( cellEmpty ?x ?y2 ) ), ( <= ( legal white ( move ?x1 ?y1 ?x2 ?y2 ) ) ( true ( control white ) ) ( true ( cellHolds ?x1 ?y1 white ) ) ( succ ?y1 ?y2 ) ( succ ?x1 ?x2 ) ( not ( true ( cellHolds ?x2 ?y2 white ) ) ) ), ( <= ( legal white ( move ?x1 ?y1 ?x2 ?y2 ) ) ( true ( control white ) ) ( true ( cellHolds ?x1 ?y1 white ) ) ( succ ?y1 ?y2 ) ( succ ?x2 ?x1 ) ( not ( true ( cellHolds ?x2 ?y2 white ) ) ) ), ( <= ( legal black ( move ?x ?y1 ?x ?y2 ) ) ( true ( control black ) ) ( true ( cellHolds ?x ?y1 black ) ) ( succ ?y2 ?y1 ) ( cellEmpty ?x ?y2 ) ), ( <= ( legal black ( move ?x1 ?y1 ?x2 ?y2 ) ) ( true ( control black ) ) ( true ( cellHolds ?x1 ?y1 black ) ) ( succ ?y2 ?y1 ) ( succ ?x1 ?x2 ) ( not ( true ( cellHolds ?x2 ?y2 black ) ) ) ), ( <= ( legal black ( move ?x1 ?y1 ?x2 ?y2 ) ) ( true ( control black ) ) ( true ( cellHolds ?x1 ?y1 black ) ) ( succ ?y2 ?y1 ) ( succ ?x2 ?x1 ) ( not ( true ( cellHolds ?x2 ?y2 black ) ) ) ), ( <= ( legal white noop ) ( true ( control black ) ) ), ( <= ( legal black noop ) ( true ( control white ) ) ), ( <= ( next ( cellHolds ?x2 ?y2 ?player ) ) ( role ?player ) ( does ?player ( move ?x1 ?y1 ?x2 ?y2 ) ) ), ( <= ( next ( cellHolds ?x3 ?y3 ?state ) ) ( true ( cellHolds ?x3 ?y3 ?state ) ) ( role ?player ) ( does ?player ( move ?x1 ?y1 ?x2 ?y2 ) ) ( distinctCell ?x1 ?y1 ?x3 ?y3 ) ( distinctCell ?x2 ?y2 ?x3 ?y3 ) ), ( <= ( next ( control white ) ) ( true ( control black ) ) ), ( <= ( next ( control black ) ) ( true ( control white ) ) ), ( <= terminal whiteWin ), ( <= terminal blackWin ), ( <= ( goal white 100 ) whiteWin ), ( <= ( goal white 0 ) ( not whiteWin ) ), ( <= ( goal black 100 ) blackWin ), ( <= ( goal black 0 ) ( not blackWin ) ), ( <= ( cell ?x ?y ) ( index ?x ) ( index ?y ) ), ( <= ( cellEmpty ?x ?y ) ( cell ?x ?y ) ( not ( true ( cellHolds ?x ?y white ) ) ) ( not ( true ( cellHolds ?x ?y black ) ) ) ), ( <= ( distinctCell ?x1 ?y1 ?x2 ?y2 ) ( cell ?x1 ?y1 ) ( cell ?x2 ?y2 ) ( distinct ?x1 ?x2 ) ), ( <= ( distinctCell ?x1 ?y1 ?x2 ?y2 ) ( cell ?x1 ?y1 ) ( cell ?x2 ?y2 ) ( distinct ?y1 ?y2 ) ), ( <= whiteWin ( index ?x ) ( true ( cellHolds ?x 8 white ) ) ), ( <= blackWin ( index ?x ) ( true ( cellHolds ?x 1 black ) ) ), ( <= whiteWin ( not blackCell ) ), ( <= blackWin ( not whiteCell ) ), ( <= whiteCell ( cell ?x ?y ) ( true ( cellHolds ?x ?y white ) ) ), ( <= blackCell ( cell ?x ?y ) ( true ( cellHolds ?x ?y black ) ) ), ( index 1 ), ( index 2 ), ( index 3 ), ( index 4 ), ( index 5 ), ( index 6 ), ( index 7 ), ( index 8 ), ( succ 1 2 ), ( succ 2 3 ), ( succ 3 4 ), ( succ 4 5 ), ( succ 5 6 ), ( succ 6 7 ), ( succ 7 8 )]
LOG 1641835166523 [L3]: Start clock: 15
LOG 1641835166524 [L3]: Play clock: 10
LOG 1641835171515 [L0]: [Sent at 1641835171515] ready
LOG 1641835171518 [L0]: [Received at 1641835171518] ( PLAY 27.breakthrough.1641835166322 NIL )
LOG 1641835171519 [L0]: [Sent at 1641835171519] ( move 8 2 8 3 )
LOG 1641835171522 [L0]: [Received at 1641835171522] ( PLAY 27.breakthrough.1641835166322 (( move 8 2 8 3 ) noop ) )
LOG 1641835171524 [L0]: [Sent at 1641835171524] noop
LOG 1641835171529 [L0]: [Received at 1641835171529] ( PLAY 27.breakthrough.1641835166322 (noop ( move 7 7 7 6 ) ) )
LOG 1641835171538 [L0]: [Sent at 1641835171538] ( move 1 2 2 3 )
LOG 1641835171543 [L0]: [Received at 1641835171543] ( PLAY 27.breakthrough.1641835166322 (( move 1 2 2 3 ) noop ) )
LOG 1641835171546 [L0]: [Sent at 1641835171546] noop
LOG 1641835171554 [L0]: [Received at 1641835171554] ( PLAY 27.breakthrough.1641835166322 (noop ( move 4 7 5 6 ) ) )
LOG 1641835171555 [L0]: [Sent at 1641835171555] ( move 8 3 7 4 )
LOG 1641835171558 [L0]: [Received at 1641835171558] ( PLAY 27.breakthrough.1641835166322 (( move 8 3 7 4 ) noop ) )
LOG 1641835171559 [L0]: [Sent at 1641835171559] noop
LOG 1641835171563 [L0]: [Received at 1641835171563] ( PLAY 27.breakthrough.1641835166322 (noop ( move 8 7 8 6 ) ) )
LOG 1641835171565 [L0]: [Sent at 1641835171565] ( move 5 2 6 3 )
LOG 1641835171568 [L0]: [Received at 1641835171568] ( PLAY 27.breakthrough.1641835166322 (( move 5 2 6 3 ) noop ) )
LOG 1641835171569 [L0]: [Sent at 1641835171569] noop
LOG 1641835171573 [L0]: [Received at 1641835171573] ( PLAY 27.breakthrough.1641835166322 (noop ( move 1 7 2 6 ) ) )
LOG 1641835171575 [L0]: [Sent at 1641835171575] ( move 4 1 5 2 )
LOG 1641835171578 [L0]: [Received at 1641835171578] ( PLAY 27.breakthrough.1641835166322 (( move 4 1 5 2 ) noop ) )
LOG 1641835171579 [L0]: [Sent at 1641835171579] noop
LOG 1641835171582 [L0]: [Received at 1641835171582] ( PLAY 27.breakthrough.1641835166322 (noop ( move 3 7 4 6 ) ) )
LOG 1641835171583 [L0]: [Sent at 1641835171583] ( move 2 1 1 2 )
LOG 1641835171587 [L0]: [Received at 1641835171587] ( PLAY 27.breakthrough.1641835166322 (( move 2 1 1 2 ) noop ) )
LOG 1641835171588 [L0]: [Sent at 1641835171588] noop
LOG 1641835171592 [L0]: [Received at 1641835171592] ( PLAY 27.breakthrough.1641835166322 (noop ( move 2 6 2 5 ) ) )
LOG 1641835171593 [L0]: [Sent at 1641835171593] ( move 5 2 4 3 )
LOG 1641835171596 [L0]: [Received at 1641835171596] ( PLAY 27.breakthrough.1641835166322 (( move 5 2 4 3 ) noop ) )
LOG 1641835171597 [L0]: [Sent at 1641835171597] noop
LOG 1641835171600 [L0]: [Received at 1641835171600] ( PLAY 27.breakthrough.1641835166322 (noop ( move 2 8 3 7 ) ) )
LOG 1641835171601 [L0]: [Sent at 1641835171601] ( move 7 4 7 5 )
LOG 1641835171604 [L0]: [Received at 1641835171604] ( PLAY 27.breakthrough.1641835166322 (( move 7 4 7 5 ) noop ) )
LOG 1641835171605 [L0]: [Sent at 1641835171605] noop
LOG 1641835171607 [L0]: [Received at 1641835171607] ( PLAY 27.breakthrough.1641835166322 (noop ( move 8 6 7 5 ) ) )
LOG 1641835171609 [L0]: [Sent at 1641835171609] ( move 2 3 1 4 )
LOG 1641835171613 [L0]: [Received at 1641835171613] ( PLAY 27.breakthrough.1641835166322 (( move 2 3 1 4 ) noop ) )
LOG 1641835171614 [L0]: [Sent at 1641835171614] noop
LOG 1641835171618 [L0]: [Received at 1641835171618] ( PLAY 27.breakthrough.1641835166322 (noop ( move 7 8 7 7 ) ) )
LOG 1641835171619 [L0]: [Sent at 1641835171619] ( move 3 2 3 3 )
LOG 1641835171622 [L0]: [Received at 1641835171622] ( PLAY 27.breakthrough.1641835166322 (( move 3 2 3 3 ) noop ) )
LOG 1641835171624 [L0]: [Sent at 1641835171624] noop
LOG 1641835171626 [L0]: [Received at 1641835171626] ( PLAY 27.breakthrough.1641835166322 (noop ( move 5 6 6 5 ) ) )
LOG 1641835171628 [L0]: [Sent at 1641835171628] ( move 1 4 2 5 )
LOG 1641835171630 [L0]: [Received at 1641835171630] ( PLAY 27.breakthrough.1641835166322 (( move 1 4 2 5 ) noop ) )
LOG 1641835171632 [L0]: [Sent at 1641835171632] noop
LOG 1641835171634 [L0]: [Received at 1641835171634] ( PLAY 27.breakthrough.1641835166322 (noop ( move 7 5 7 4 ) ) )
LOG 1641835171635 [L0]: [Sent at 1641835171635] ( move 1 2 2 3 )
LOG 1641835171638 [L0]: [Received at 1641835171638] ( PLAY 27.breakthrough.1641835166322 (( move 1 2 2 3 ) noop ) )
LOG 1641835171639 [L0]: [Sent at 1641835171639] noop
LOG 1641835171642 [L0]: [Received at 1641835171642] ( PLAY 27.breakthrough.1641835166322 (noop ( move 7 4 8 3 ) ) )
LOG 1641835171643 [L0]: [Sent at 1641835171643] ( move 6 1 5 2 )
LOG 1641835171646 [L0]: [Received at 1641835171646] ( PLAY 27.breakthrough.1641835166322 (( move 6 1 5 2 ) noop ) )
LOG 1641835171647 [L0]: [Sent at 1641835171647] noop
LOG 1641835171649 [L0]: [Received at 1641835171649] ( PLAY 27.breakthrough.1641835166322 (noop ( move 6 5 7 4 ) ) )
LOG 1641835171650 [L0]: [Sent at 1641835171650] ( move 2 5 2 6 )
LOG 1641835171667 [L0]: [Received at 1641835171667] ( PLAY 27.breakthrough.1641835166322 (( move 2 5 2 6 ) noop ) )
LOG 1641835171668 [L0]: [Sent at 1641835171668] noop
LOG 1641835171672 [L0]: [Received at 1641835171672] ( PLAY 27.breakthrough.1641835166322 (noop ( move 7 6 8 5 ) ) )
LOG 1641835171673 [L0]: [Sent at 1641835171673] ( move 8 1 8 2 )
LOG 1641835171676 [L0]: [Received at 1641835171676] ( PLAY 27.breakthrough.1641835166322 (( move 8 1 8 2 ) noop ) )
LOG 1641835171677 [L0]: [Sent at 1641835171677] noop
LOG 1641835171680 [L0]: [Received at 1641835171680] ( PLAY 27.breakthrough.1641835166322 (noop ( move 8 3 7 2 ) ) )
LOG 1641835171681 [L0]: [Sent at 1641835171681] ( move 4 3 5 4 )
LOG 1641835171683 [L0]: [Received at 1641835171683] ( PLAY 27.breakthrough.1641835166322 (( move 4 3 5 4 ) noop ) )
LOG 1641835171685 [L0]: [Sent at 1641835171685] noop
LOG 1641835171687 [L0]: [Received at 1641835171687] ( PLAY 27.breakthrough.1641835166322 (noop ( move 3 7 2 6 ) ) )
LOG 1641835171688 [L0]: [Sent at 1641835171688] ( move 6 3 6 4 )
LOG 1641835171691 [L0]: [Received at 1641835171691] ( PLAY 27.breakthrough.1641835166322 (( move 6 3 6 4 ) noop ) )
LOG 1641835171692 [L0]: [Sent at 1641835171692] noop
LOG 1641835171695 [L0]: [Received at 1641835171695] ( PLAY 27.breakthrough.1641835166322 (noop ( move 1 8 1 7 ) ) )
LOG 1641835171696 [L0]: [Sent at 1641835171696] ( move 5 2 6 3 )
LOG 1641835171698 [L0]: [Received at 1641835171698] ( PLAY 27.breakthrough.1641835166322 (( move 5 2 6 3 ) noop ) )
LOG 1641835171700 [L0]: [Sent at 1641835171700] noop
LOG 1641835171703 [L0]: [Received at 1641835171703] ( PLAY 27.breakthrough.1641835166322 (noop ( move 2 6 3 5 ) ) )
LOG 1641835171705 [L0]: [Sent at 1641835171705] ( move 5 4 5 5 )
LOG 1641835171708 [L0]: [Received at 1641835171708] ( PLAY 27.breakthrough.1641835166322 (( move 5 4 5 5 ) noop ) )
LOG 1641835171710 [L0]: [Sent at 1641835171710] noop
LOG 1641835171714 [L0]: [Received at 1641835171714] ( PLAY 27.breakthrough.1641835166322 (noop ( move 6 7 6 6 ) ) )
LOG 1641835171715 [L0]: [Sent at 1641835171715] ( move 2 2 1 3 )
LOG 1641835171718 [L0]: [Received at 1641835171718] ( PLAY 27.breakthrough.1641835166322 (( move 2 2 1 3 ) noop ) )
LOG 1641835171719 [L0]: [Sent at 1641835171719] noop
LOG 1641835171722 [L0]: [Received at 1641835171722] ( PLAY 27.breakthrough.1641835166322 (noop ( move 6 8 6 7 ) ) )
LOG 1641835171724 [L0]: [Sent at 1641835171724] ( move 6 3 7 4 )
LOG 1641835171727 [L0]: [Received at 1641835171727] ( PLAY 27.breakthrough.1641835166322 (( move 6 3 7 4 ) noop ) )
LOG 1641835171728 [L0]: [Sent at 1641835171728] noop
LOG 1641835171732 [L0]: [Received at 1641835171732] ( PLAY 27.breakthrough.1641835166322 (noop ( move 3 5 3 4 ) ) )
LOG 1641835171733 [L0]: [Sent at 1641835171733] ( move 3 1 2 2 )
LOG 1641835171735 [L0]: [Received at 1641835171735] ( PLAY 27.breakthrough.1641835166322 (( move 3 1 2 2 ) noop ) )
LOG 1641835171737 [L0]: [Sent at 1641835171737] noop
LOG 1641835171739 [L0]: [Received at 1641835171739] ( PLAY 27.breakthrough.1641835166322 (noop ( move 8 5 8 4 ) ) )
LOG 1641835171741 [L0]: [Sent at 1641835171741] ( move 6 4 6 5 )
LOG 1641835171743 [L0]: [Received at 1641835171743] ( PLAY 27.breakthrough.1641835166322 (( move 6 4 6 5 ) noop ) )
LOG 1641835171744 [L0]: [Sent at 1641835171744] noop
LOG 1641835171746 [L0]: [Received at 1641835171746] ( PLAY 27.breakthrough.1641835166322 (noop ( move 3 8 4 7 ) ) )
LOG 1641835171748 [L0]: [Sent at 1641835171748] ( move 2 3 1 4 )
LOG 1641835171751 [L0]: [Received at 1641835171751] ( PLAY 27.breakthrough.1641835166322 (( move 2 3 1 4 ) noop ) )
LOG 1641835171752 [L0]: [Sent at 1641835171752] noop
LOG 1641835171754 [L0]: [Received at 1641835171754] ( PLAY 27.breakthrough.1641835166322 (noop ( move 1 7 2 6 ) ) )
LOG 1641835171755 [L0]: [Sent at 1641835171755] ( move 3 3 4 4 )
LOG 1641835171758 [L0]: [Received at 1641835171758] ( PLAY 27.breakthrough.1641835166322 (( move 3 3 4 4 ) noop ) )
LOG 1641835171759 [L0]: [Sent at 1641835171759] noop
LOG 1641835171761 [L0]: [Received at 1641835171761] ( PLAY 27.breakthrough.1641835166322 (noop ( move 7 7 7 6 ) ) )
LOG 1641835171762 [L0]: [Sent at 1641835171762] ( move 6 5 5 6 )
LOG 1641835171765 [L0]: [Received at 1641835171765] ( PLAY 27.breakthrough.1641835166322 (( move 6 5 5 6 ) noop ) )
LOG 1641835171766 [L0]: [Sent at 1641835171766] noop
LOG 1641835171768 [L0]: [Received at 1641835171768] ( PLAY 27.breakthrough.1641835166322 (noop ( move 6 6 5 5 ) ) )
LOG 1641835171769 [L0]: [Sent at 1641835171769] ( move 8 2 7 3 )
LOG 1641835171772 [L0]: [Received at 1641835171772] ( PLAY 27.breakthrough.1641835166322 (( move 8 2 7 3 ) noop ) )
LOG 1641835171773 [L0]: [Sent at 1641835171773] noop
LOG 1641835171775 [L0]: [Received at 1641835171775] ( PLAY 27.breakthrough.1641835166322 (noop ( move 7 6 7 5 ) ) )
LOG 1641835171777 [L0]: [Sent at 1641835171777] ( move 5 6 4 7 )
LOG 1641835171780 [L0]: [Received at 1641835171780] ( PLAY 27.breakthrough.1641835166322 (( move 5 6 4 7 ) noop ) )
LOG 1641835171782 [L0]: [Sent at 1641835171782] noop
LOG 1641835171784 [L0]: [Received at 1641835171784] ( PLAY 27.breakthrough.1641835166322 (noop ( move 5 5 6 4 ) ) )
LOG 1641835171785 [L0]: [Sent at 1641835171785] ( move 2 2 3 3 )
LOG 1641835171787 [L0]: [Received at 1641835171787] ( PLAY 27.breakthrough.1641835166322 (( move 2 2 3 3 ) noop ) )
LOG 1641835171788 [L0]: [Sent at 1641835171788] noop
LOG 1641835171791 [L0]: [Received at 1641835171791] ( PLAY 27.breakthrough.1641835166322 (noop ( move 2 6 3 5 ) ) )
LOG 1641835171792 [L0]: [Sent at 1641835171792] ( move 1 3 2 4 )
LOG 1641835171794 [L0]: [Received at 1641835171794] ( PLAY 27.breakthrough.1641835166322 (( move 1 3 2 4 ) noop ) )
LOG 1641835171796 [L0]: [Sent at 1641835171796] noop
LOG 1641835171798 [L0]: [Received at 1641835171798] ( PLAY 27.breakthrough.1641835166322 (noop ( move 5 7 6 6 ) ) )
LOG 1641835171800 [L0]: [Sent at 1641835171800] ( move 7 4 8 5 )
LOG 1641835171802 [L0]: [Received at 1641835171802] ( PLAY 27.breakthrough.1641835166322 (( move 7 4 8 5 ) noop ) )
LOG 1641835171803 [L0]: [Sent at 1641835171803] noop
LOG 1641835171806 [L0]: [Received at 1641835171806] ( PLAY 27.breakthrough.1641835166322 (noop ( move 2 7 1 6 ) ) )
LOG 1641835171807 [L0]: [Sent at 1641835171807] ( move 4 4 4 5 )
LOG 1641835171810 [L0]: [Received at 1641835171810] ( PLAY 27.breakthrough.1641835166322 (( move 4 4 4 5 ) noop ) )
LOG 1641835171811 [L0]: [Sent at 1641835171811] noop
LOG 1641835171814 [L0]: [Received at 1641835171814] ( PLAY 27.breakthrough.1641835166322 (noop ( move 6 7 5 6 ) ) )
LOG 1641835171815 [L0]: [Sent at 1641835171815] ( move 7 3 6 4 )
LOG 1641835171817 [L0]: [Received at 1641835171817] ( PLAY 27.breakthrough.1641835166322 (( move 7 3 6 4 ) noop ) )
LOG 1641835171818 [L0]: [Sent at 1641835171818] noop
LOG 1641835171821 [L0]: [Received at 1641835171821] ( PLAY 27.breakthrough.1641835166322 (noop ( move 8 4 8 3 ) ) )
LOG 1641835171822 [L0]: [Sent at 1641835171822] ( move 2 4 3 5 )
LOG 1641835171824 [L0]: [Received at 1641835171824] ( PLAY 27.breakthrough.1641835166322 (( move 2 4 3 5 ) noop ) )
LOG 1641835171825 [L0]: [Sent at 1641835171825] noop
LOG 1641835171827 [L0]: [Received at 1641835171827] ( PLAY 27.breakthrough.1641835166322 (noop ( move 7 5 7 4 ) ) )
LOG 1641835171829 [L0]: [Sent at 1641835171829] ( move 4 7 3 8 )
LOG 1641835171831 [L0]: [Received at 1641835171831] ( STOP 27.breakthrough.1641835166322 (( move 4 7 3 8 ) noop ) )
LOG 1641835171832 [L3]: Stopped logging to files at: Mon Jan 10 18:19:31 CET 2022
LOG 1641835171832 [L3]: LOG SEALED
