LOG 1641835802428 [L3]: Started match logging at: Mon Jan 10 18:30:02 CET 2022
LOG 1641835802436 [L3]: Game rules: [( role white ), ( role black ), ( <= ( base ( cell ?x ?y ?p ) ) ( index ?x ) ( index ?y ) ( role ?p ) ), ( <= ( base ( control ?p ) ) ( role ?p ) ), ( <= ( input ?p noop ) ( role ?p ) ), ( <= ( input ?p ( move ?x1 ?y1 ?x2 ?y2 ) ) ( role ?p ) ( index ?x1 ) ( index ?x2 ) ( index ?y1 ) ( index ?y2 ) ), ( init ( cell 1 1 white ) ), ( init ( cell 2 1 white ) ), ( init ( cell 3 1 white ) ), ( init ( cell 4 1 white ) ), ( init ( cell 5 1 white ) ), ( init ( cell 6 1 white ) ), ( init ( cell 7 1 white ) ), ( init ( cell 8 1 white ) ), ( init ( cell 1 2 white ) ), ( init ( cell 2 2 white ) ), ( init ( cell 3 2 white ) ), ( init ( cell 4 2 white ) ), ( init ( cell 5 2 white ) ), ( init ( cell 6 2 white ) ), ( init ( cell 7 2 white ) ), ( init ( cell 8 2 white ) ), ( init ( cell 1 7 black ) ), ( init ( cell 2 7 black ) ), ( init ( cell 3 7 black ) ), ( init ( cell 4 7 black ) ), ( init ( cell 5 7 black ) ), ( init ( cell 6 7 black ) ), ( init ( cell 7 7 black ) ), ( init ( cell 8 7 black ) ), ( init ( cell 1 8 black ) ), ( init ( cell 2 8 black ) ), ( init ( cell 3 8 black ) ), ( init ( cell 4 8 black ) ), ( init ( cell 5 8 black ) ), ( init ( cell 6 8 black ) ), ( init ( cell 7 8 black ) ), ( init ( cell 8 8 black ) ), ( init ( control white ) ), ( <= ( legal white noop ) ( true ( control black ) ) ), ( <= ( legal black noop ) ( true ( control white ) ) ), ( <= ( legal white ( move ?x1 ?y1 ?x2 ?y2 ) ) ( true ( control white ) ) ( true ( cell ?x1 ?y1 white ) ) ( whiteknightmove ?x1 ?y1 ?x2 ?y2 ) ( not ( true ( cell ?x2 ?y2 white ) ) ) ), ( <= ( legal black ( move ?x1 ?y1 ?x2 ?y2 ) ) ( true ( control black ) ) ( true ( cell ?x1 ?y1 black ) ) ( blackknightmove ?x1 ?y1 ?x2 ?y2 ) ( not ( true ( cell ?x2 ?y2 black ) ) ) ), ( <= ( next ( cell ?x ?y ?state ) ) ( true ( cell ?x ?y ?state ) ) ( does ?player ( move ?x1 ?y1 ?x2 ?y2 ) ) ( distinctcell ?x ?y ?x1 ?y1 ) ( distinctcell ?x ?y ?x2 ?y2 ) ), ( <= ( next ( cell ?x2 ?y2 ?player ) ) ( does ?player ( move ?x1 ?y1 ?x2 ?y2 ) ) ), ( <= ( next ( control black ) ) ( true ( control white ) ) ), ( <= ( next ( control white ) ) ( true ( control black ) ) ), ( <= terminal whitewin ), ( <= terminal blackwin ), ( <= ( goal white 100 ) whitewin ), ( <= ( goal white 0 ) blackwin ), ( <= ( goal black 100 ) blackwin ), ( <= ( goal black 0 ) whitewin ), ( <= whitewin ( index ?x ) ( true ( cell ?x 8 white ) ) ), ( <= blackwin ( index ?x ) ( true ( cell ?x 1 black ) ) ), ( <= whitewin ( not ( hasAnyPiece black ) ) ), ( <= blackwin ( not ( hasAnyPiece white ) ) ), ( <= ( hasAnyPiece ?player ) ( true ( cell ?x ?y ?player ) ) ), ( <= ( whiteknightmove ?x1 ?y1 ?x2 ?y2 ) ( plus 1 ?x1 ?x2 ) ( plus 2 ?y1 ?y2 ) ), ( <= ( whiteknightmove ?x1 ?y1 ?x2 ?y2 ) ( plus 1 ?x2 ?x1 ) ( plus 2 ?y1 ?y2 ) ), ( <= ( whiteknightmove ?x1 ?y1 ?x2 ?y2 ) ( plus 2 ?x1 ?x2 ) ( plus 1 ?y1 ?y2 ) ), ( <= ( whiteknightmove ?x1 ?y1 ?x2 ?y2 ) ( plus 2 ?x2 ?x1 ) ( plus 1 ?y1 ?y2 ) ), ( <= ( blackknightmove ?x1 ?y1 ?x2 ?y2 ) ( plus 1 ?x1 ?x2 ) ( plus 2 ?y2 ?y1 ) ), ( <= ( blackknightmove ?x1 ?y1 ?x2 ?y2 ) ( plus 1 ?x2 ?x1 ) ( plus 2 ?y2 ?y1 ) ), ( <= ( blackknightmove ?x1 ?y1 ?x2 ?y2 ) ( plus 2 ?x1 ?x2 ) ( plus 1 ?y2 ?y1 ) ), ( <= ( blackknightmove ?x1 ?y1 ?x2 ?y2 ) ( plus 2 ?x2 ?x1 ) ( plus 1 ?y2 ?y1 ) ), ( <= ( cell ?x ?y ) ( index ?x ) ( index ?y ) ), ( <= ( distinctcell ?x1 ?y1 ?x2 ?y2 ) ( cell ?x1 ?y1 ) ( cell ?x2 ?y2 ) ( distinct ?x1 ?x2 ) ), ( <= ( distinctcell ?x1 ?y1 ?x2 ?y2 ) ( cell ?x1 ?y1 ) ( cell ?x2 ?y2 ) ( distinct ?y1 ?y2 ) ), ( index 1 ), ( index 2 ), ( index 3 ), ( index 4 ), ( index 5 ), ( index 6 ), ( index 7 ), ( index 8 ), ( plus 1 1 2 ), ( plus 1 2 3 ), ( plus 1 3 4 ), ( plus 1 4 5 ), ( plus 1 5 6 ), ( plus 1 6 7 ), ( plus 1 7 8 ), ( plus 2 1 3 ), ( plus 2 2 4 ), ( plus 2 3 5 ), ( plus 2 4 6 ), ( plus 2 5 7 ), ( plus 2 6 8 )]
LOG 1641835802437 [L3]: Start clock: 15
LOG 1641835802437 [L3]: Play clock: 10
LOG 1641835807427 [L0]: [Sent at 1641835807427] ready
LOG 1641835807463 [L0]: [Received at 1641835807463] ( PLAY 1.knightThrough.1641835800526 NIL )
LOG 1641835807465 [L0]: [Sent at 1641835807465] noop
LOG 1641835807471 [L0]: [Received at 1641835807471] ( PLAY 1.knightThrough.1641835800526 (( move 4 2 3 4 ) noop ) )
LOG 1641835807475 [L0]: [Sent at 1641835807475] ( move 6 8 7 6 )
LOG 1641835807486 [L0]: [Received at 1641835807486] ( PLAY 1.knightThrough.1641835800526 (noop ( move 6 8 7 6 ) ) )
LOG 1641835807495 [L0]: [Sent at 1641835807495] noop
LOG 1641835807503 [L0]: [Received at 1641835807503] ( PLAY 1.knightThrough.1641835800526 (( move 2 1 3 3 ) noop ) )
LOG 1641835807507 [L0]: [Sent at 1641835807507] ( move 3 8 2 6 )
LOG 1641835807518 [L0]: [Received at 1641835807518] ( PLAY 1.knightThrough.1641835800526 (noop ( move 3 8 2 6 ) ) )
LOG 1641835807520 [L0]: [Sent at 1641835807520] noop
LOG 1641835807524 [L0]: [Received at 1641835807524] ( PLAY 1.knightThrough.1641835800526 (( move 5 2 6 4 ) noop ) )
LOG 1641835807526 [L0]: [Sent at 1641835807526] ( move 7 7 6 5 )
LOG 1641835807531 [L0]: [Received at 1641835807531] ( PLAY 1.knightThrough.1641835800526 (noop ( move 7 7 6 5 ) ) )
LOG 1641835807533 [L0]: [Sent at 1641835807532] noop
LOG 1641835807536 [L0]: [Received at 1641835807536] ( PLAY 1.knightThrough.1641835800526 (( move 3 4 4 6 ) noop ) )
LOG 1641835807538 [L0]: [Sent at 1641835807538] ( move 4 8 3 6 )
LOG 1641835807542 [L0]: [Received at 1641835807542] ( PLAY 1.knightThrough.1641835800526 (noop ( move 4 8 3 6 ) ) )
LOG 1641835807543 [L0]: [Sent at 1641835807543] noop
LOG 1641835807546 [L0]: [Received at 1641835807546] ( PLAY 1.knightThrough.1641835800526 (( move 7 1 5 2 ) noop ) )
LOG 1641835807548 [L0]: [Sent at 1641835807548] ( move 4 7 5 5 )
LOG 1641835807553 [L0]: [Received at 1641835807553] ( PLAY 1.knightThrough.1641835800526 (noop ( move 4 7 5 5 ) ) )
LOG 1641835807554 [L0]: [Sent at 1641835807554] noop
LOG 1641835807557 [L0]: [Received at 1641835807557] ( PLAY 1.knightThrough.1641835800526 (( move 6 2 4 3 ) noop ) )
LOG 1641835807559 [L0]: [Sent at 1641835807559] ( move 6 7 4 6 )
LOG 1641835807562 [L0]: [Received at 1641835807562] ( PLAY 1.knightThrough.1641835800526 (noop ( move 6 7 4 6 ) ) )
LOG 1641835807564 [L0]: [Sent at 1641835807564] noop
LOG 1641835807567 [L0]: [Received at 1641835807567] ( PLAY 1.knightThrough.1641835800526 (( move 3 1 2 3 ) noop ) )
LOG 1641835807568 [L0]: [Sent at 1641835807568] ( move 5 7 4 5 )
LOG 1641835807572 [L0]: [Received at 1641835807572] ( PLAY 1.knightThrough.1641835800526 (noop ( move 5 7 4 5 ) ) )
LOG 1641835807574 [L0]: [Sent at 1641835807574] noop
LOG 1641835807577 [L0]: [Received at 1641835807577] ( PLAY 1.knightThrough.1641835800526 (( move 1 2 2 4 ) noop ) )
LOG 1641835807578 [L0]: [Sent at 1641835807578] ( move 6 5 4 4 )
LOG 1641835807581 [L0]: [Received at 1641835807581] ( PLAY 1.knightThrough.1641835800526 (noop ( move 6 5 4 4 ) ) )
LOG 1641835807583 [L0]: [Sent at 1641835807583] noop
LOG 1641835807586 [L0]: [Received at 1641835807586] ( PLAY 1.knightThrough.1641835800526 (( move 2 4 1 6 ) noop ) )
LOG 1641835807588 [L0]: [Sent at 1641835807588] ( move 8 7 7 5 )
LOG 1641835807591 [L0]: [Received at 1641835807591] ( PLAY 1.knightThrough.1641835800526 (noop ( move 8 7 7 5 ) ) )
LOG 1641835807593 [L0]: [Sent at 1641835807593] noop
LOG 1641835807596 [L0]: [Received at 1641835807596] ( PLAY 1.knightThrough.1641835800526 (( move 8 1 6 2 ) noop ) )
LOG 1641835807597 [L0]: [Sent at 1641835807597] ( move 7 5 8 3 )
LOG 1641835807601 [L0]: [Received at 1641835807601] ( PLAY 1.knightThrough.1641835800526 (noop ( move 7 5 8 3 ) ) )
LOG 1641835807602 [L0]: [Sent at 1641835807602] noop
LOG 1641835807605 [L0]: [Received at 1641835807605] ( PLAY 1.knightThrough.1641835800526 (( move 7 2 5 3 ) noop ) )
LOG 1641835807607 [L0]: [Sent at 1641835807607] ( move 7 8 5 7 )
LOG 1641835807610 [L0]: [Received at 1641835807610] ( PLAY 1.knightThrough.1641835800526 (noop ( move 7 8 5 7 ) ) )
LOG 1641835807611 [L0]: [Sent at 1641835807611] noop
LOG 1641835807613 [L0]: [Received at 1641835807613] ( PLAY 1.knightThrough.1641835800526 (( move 6 4 5 6 ) noop ) )
LOG 1641835807615 [L0]: [Sent at 1641835807615] ( move 3 7 2 5 )
LOG 1641835807618 [L0]: [Received at 1641835807618] ( PLAY 1.knightThrough.1641835800526 (noop ( move 3 7 2 5 ) ) )
LOG 1641835807619 [L0]: [Sent at 1641835807619] noop
LOG 1641835807621 [L0]: [Received at 1641835807621] ( PLAY 1.knightThrough.1641835800526 (( move 5 3 6 5 ) noop ) )
LOG 1641835807623 [L0]: [Sent at 1641835807623] ( move 2 5 1 3 )
LOG 1641835807625 [L0]: [Received at 1641835807625] ( PLAY 1.knightThrough.1641835800526 (noop ( move 2 5 1 3 ) ) )
LOG 1641835807626 [L0]: [Sent at 1641835807626] noop
LOG 1641835807629 [L0]: [Received at 1641835807629] ( PLAY 1.knightThrough.1641835800526 (( move 4 3 5 5 ) noop ) )
LOG 1641835807631 [L0]: [Sent at 1641835807631] ( move 1 3 2 1 )
LOG 1641835807633 [L0]: [Received at 1641835807633] ( STOP 1.knightThrough.1641835800526 (noop ( move 1 3 2 1 ) ) )
LOG 1641835807634 [L3]: Stopped logging to files at: Mon Jan 10 18:30:07 CET 2022
LOG 1641835807634 [L3]: LOG SEALED
