LOG 1641833993490 [L3]: Started match logging at: Mon Jan 10 17:59:53 CET 2022
LOG 1641833993498 [L3]: Game rules: [( role white ), ( role black ), ( <= ( base ( cellHolds ?x ?y ?p ) ) ( index ?x ) ( index ?y ) ( role ?p ) ), ( <= ( base ( control ?p ) ) ( role ?p ) ), ( <= ( input ?p noop ) ( role ?p ) ), ( <= ( input white ( move ?x ?y1 ?x ?y2 ) ) ( index ?x ) ( succ ?y1 ?y2 ) ), ( <= ( input white ( move ?x1 ?y1 ?x2 ?y2 ) ) ( succ ?y1 ?y2 ) ( succ ?x1 ?x2 ) ), ( <= ( input white ( move ?x1 ?y1 ?x2 ?y2 ) ) ( succ ?y1 ?y2 ) ( succ ?x2 ?x1 ) ), ( <= ( input black ( move ?x ?y1 ?x ?y2 ) ) ( index ?x ) ( succ ?y2 ?y1 ) ), ( <= ( input black ( move ?x1 ?y1 ?x2 ?y2 ) ) ( succ ?y2 ?y1 ) ( succ ?x1 ?x2 ) ), ( <= ( input black ( move ?x1 ?y1 ?x2 ?y2 ) ) ( succ ?y2 ?y1 ) ( succ ?x2 ?x1 ) ), ( init ( cellHolds 1 1 white ) ), ( init ( cellHolds 2 1 white ) ), ( init ( cellHolds 3 1 white ) ), ( init ( cellHolds 4 1 white ) ), ( init ( cellHolds 5 1 white ) ), ( init ( cellHolds 6 1 white ) ), ( init ( cellHolds 7 1 white ) ), ( init ( cellHolds 8 1 white ) ), ( init ( cellHolds 1 2 white ) ), ( init ( cellHolds 2 2 white ) ), ( init ( cellHolds 3 2 white ) ), ( init ( cellHolds 4 2 white ) ), ( init ( cellHolds 5 2 white ) ), ( init ( cellHolds 6 2 white ) ), ( init ( cellHolds 7 2 white ) ), ( init ( cellHolds 8 2 white ) ), ( init ( cellHolds 1 7 black ) ), ( init ( cellHolds 2 7 black ) ), ( init ( cellHolds 3 7 black ) ), ( init ( cellHolds 4 7 black ) ), ( init ( cellHolds 5 7 black ) ), ( init ( cellHolds 6 7 black ) ), ( init ( cellHolds 7 7 black ) ), ( init ( cellHolds 8 7 black ) ), ( init ( cellHolds 1 8 black ) ), ( init ( cellHolds 2 8 black ) ), ( init ( cellHolds 3 8 black ) ), ( init ( cellHolds 4 8 black ) ), ( init ( cellHolds 5 8 black ) ), ( init ( cellHolds 6 8 black ) ), ( init ( cellHolds 7 8 black ) ), ( init ( cellHolds 8 8 black ) ), ( init ( control white ) ), ( <= ( legal white ( move ?x ?y1 ?x ?y2 ) ) ( true ( control white ) ) ( true ( cellHolds ?x ?y1 white ) ) ( succ ?y1 ?y2 ) ( cellEmpty ?x ?y2 ) ), ( <= ( legal white ( move ?x1 ?y1 ?x2 ?y2 ) ) ( true ( control white ) ) ( true ( cellHolds ?x1 ?y1 white ) ) ( succ ?y1 ?y2 ) ( succ ?x1 ?x2 ) ( not ( true ( cellHolds ?x2 ?y2 white ) ) ) ), ( <= ( legal white ( move ?x1 ?y1 ?x2 ?y2 ) ) ( true ( control white ) ) ( true ( cellHolds ?x1 ?y1 white ) ) ( succ ?y1 ?y2 ) ( succ ?x2 ?x1 ) ( not ( true ( cellHolds ?x2 ?y2 white ) ) ) ), ( <= ( legal black ( move ?x ?y1 ?x ?y2 ) ) ( true ( control black ) ) ( true ( cellHolds ?x ?y1 black ) ) ( succ ?y2 ?y1 ) ( cellEmpty ?x ?y2 ) ), ( <= ( legal black ( move ?x1 ?y1 ?x2 ?y2 ) ) ( true ( control black ) ) ( true ( cellHolds ?x1 ?y1 black ) ) ( succ ?y2 ?y1 ) ( succ ?x1 ?x2 ) ( not ( true ( cellHolds ?x2 ?y2 black ) ) ) ), ( <= ( legal black ( move ?x1 ?y1 ?x2 ?y2 ) ) ( true ( control black ) ) ( true ( cellHolds ?x1 ?y1 black ) ) ( succ ?y2 ?y1 ) ( succ ?x2 ?x1 ) ( not ( true ( cellHolds ?x2 ?y2 black ) ) ) ), ( <= ( legal white noop ) ( true ( control black ) ) ), ( <= ( legal black noop ) ( true ( control white ) ) ), ( <= ( next ( cellHolds ?x2 ?y2 ?player ) ) ( role ?player ) ( does ?player ( move ?x1 ?y1 ?x2 ?y2 ) ) ), ( <= ( next ( cellHolds ?x3 ?y3 ?state ) ) ( true ( cellHolds ?x3 ?y3 ?state ) ) ( role ?player ) ( does ?player ( move ?x1 ?y1 ?x2 ?y2 ) ) ( distinctCell ?x1 ?y1 ?x3 ?y3 ) ( distinctCell ?x2 ?y2 ?x3 ?y3 ) ), ( <= ( next ( control white ) ) ( true ( control black ) ) ), ( <= ( next ( control black ) ) ( true ( control white ) ) ), ( <= terminal whiteWin ), ( <= terminal blackWin ), ( <= ( goal white 100 ) whiteWin ), ( <= ( goal white 0 ) ( not whiteWin ) ), ( <= ( goal black 100 ) blackWin ), ( <= ( goal black 0 ) ( not blackWin ) ), ( <= ( cell ?x ?y ) ( index ?x ) ( index ?y ) ), ( <= ( cellEmpty ?x ?y ) ( cell ?x ?y ) ( not ( true ( cellHolds ?x ?y white ) ) ) ( not ( true ( cellHolds ?x ?y black ) ) ) ), ( <= ( distinctCell ?x1 ?y1 ?x2 ?y2 ) ( cell ?x1 ?y1 ) ( cell ?x2 ?y2 ) ( distinct ?x1 ?x2 ) ), ( <= ( distinctCell ?x1 ?y1 ?x2 ?y2 ) ( cell ?x1 ?y1 ) ( cell ?x2 ?y2 ) ( distinct ?y1 ?y2 ) ), ( <= whiteWin ( index ?x ) ( true ( cellHolds ?x 8 white ) ) ), ( <= blackWin ( index ?x ) ( true ( cellHolds ?x 1 black ) ) ), ( <= whiteWin ( not blackCell ) ), ( <= blackWin ( not whiteCell ) ), ( <= whiteCell ( cell ?x ?y ) ( true ( cellHolds ?x ?y white ) ) ), ( <= blackCell ( cell ?x ?y ) ( true ( cellHolds ?x ?y black ) ) ), ( index 1 ), ( index 2 ), ( index 3 ), ( index 4 ), ( index 5 ), ( index 6 ), ( index 7 ), ( index 8 ), ( succ 1 2 ), ( succ 2 3 ), ( succ 3 4 ), ( succ 4 5 ), ( succ 5 6 ), ( succ 6 7 ), ( succ 7 8 )]
LOG 1641833993498 [L3]: Start clock: 15
LOG 1641833993498 [L3]: Play clock: 10
LOG 1641833998502 [L0]: [Sent at 1641833998502] ready
LOG 1641833998504 [L0]: [Received at 1641833998504] ( PLAY 21.breakthrough.1641833993289 NIL )
LOG 1641833998506 [L0]: [Sent at 1641833998506] noop
LOG 1641833998509 [L0]: [Received at 1641833998509] ( PLAY 21.breakthrough.1641833993289 (( move 4 2 5 3 ) noop ) )
LOG 1641833998510 [L0]: [Sent at 1641833998510] ( move 3 7 3 6 )
LOG 1641833998514 [L0]: [Received at 1641833998514] ( PLAY 21.breakthrough.1641833993289 (noop ( move 3 7 3 6 ) ) )
LOG 1641833998522 [L0]: [Sent at 1641833998522] noop
LOG 1641833998525 [L0]: [Received at 1641833998525] ( PLAY 21.breakthrough.1641833993289 (( move 6 2 7 3 ) noop ) )
LOG 1641833998527 [L0]: [Sent at 1641833998527] ( move 4 8 3 7 )
LOG 1641833998532 [L0]: [Received at 1641833998532] ( PLAY 21.breakthrough.1641833993289 (noop ( move 4 8 3 7 ) ) )
LOG 1641833998534 [L0]: [Sent at 1641833998534] noop
LOG 1641833998537 [L0]: [Received at 1641833998537] ( PLAY 21.breakthrough.1641833993289 (( move 7 1 6 2 ) noop ) )
LOG 1641833998538 [L0]: [Sent at 1641833998538] ( move 7 7 6 6 )
LOG 1641833998543 [L0]: [Received at 1641833998543] ( PLAY 21.breakthrough.1641833993289 (noop ( move 7 7 6 6 ) ) )
LOG 1641833998544 [L0]: [Sent at 1641833998544] noop
LOG 1641833998548 [L0]: [Received at 1641833998548] ( PLAY 21.breakthrough.1641833993289 (( move 7 3 8 4 ) noop ) )
LOG 1641833998550 [L0]: [Sent at 1641833998550] ( move 4 7 4 6 )
LOG 1641833998552 [L0]: [Received at 1641833998552] ( PLAY 21.breakthrough.1641833993289 (noop ( move 4 7 4 6 ) ) )
LOG 1641833998554 [L0]: [Sent at 1641833998554] noop
LOG 1641833998556 [L0]: [Received at 1641833998556] ( PLAY 21.breakthrough.1641833993289 (( move 6 2 7 3 ) noop ) )
LOG 1641833998557 [L0]: [Sent at 1641833998557] ( move 3 6 4 5 )
LOG 1641833998560 [L0]: [Received at 1641833998560] ( PLAY 21.breakthrough.1641833993289 (noop ( move 3 6 4 5 ) ) )
LOG 1641833998561 [L0]: [Sent at 1641833998561] noop
LOG 1641833998565 [L0]: [Received at 1641833998565] ( PLAY 21.breakthrough.1641833993289 (( move 5 3 6 4 ) noop ) )
LOG 1641833998566 [L0]: [Sent at 1641833998566] ( move 1 7 1 6 )
LOG 1641833998570 [L0]: [Received at 1641833998570] ( PLAY 21.breakthrough.1641833993289 (noop ( move 1 7 1 6 ) ) )
LOG 1641833998571 [L0]: [Sent at 1641833998571] noop
LOG 1641833998575 [L0]: [Received at 1641833998575] ( PLAY 21.breakthrough.1641833993289 (( move 6 4 5 5 ) noop ) )
LOG 1641833998577 [L0]: [Sent at 1641833998577] ( move 2 7 2 6 )
LOG 1641833998579 [L0]: [Received at 1641833998579] ( PLAY 21.breakthrough.1641833993289 (noop ( move 2 7 2 6 ) ) )
LOG 1641833998581 [L0]: [Sent at 1641833998581] noop
LOG 1641833998584 [L0]: [Received at 1641833998584] ( PLAY 21.breakthrough.1641833993289 (( move 2 2 3 3 ) noop ) )
LOG 1641833998585 [L0]: [Sent at 1641833998585] ( move 3 8 2 7 )
LOG 1641833998587 [L0]: [Received at 1641833998587] ( PLAY 21.breakthrough.1641833993289 (noop ( move 3 8 2 7 ) ) )
LOG 1641833998589 [L0]: [Sent at 1641833998589] noop
LOG 1641833998593 [L0]: [Received at 1641833998593] ( PLAY 21.breakthrough.1641833993289 (( move 1 2 1 3 ) noop ) )
LOG 1641833998595 [L0]: [Sent at 1641833998595] ( move 6 7 5 6 )
LOG 1641833998597 [L0]: [Received at 1641833998597] ( PLAY 21.breakthrough.1641833993289 (noop ( move 6 7 5 6 ) ) )
LOG 1641833998599 [L0]: [Sent at 1641833998599] noop
LOG 1641833998602 [L0]: [Received at 1641833998602] ( PLAY 21.breakthrough.1641833993289 (( move 8 2 8 3 ) noop ) )
LOG 1641833998603 [L0]: [Sent at 1641833998603] ( move 2 6 2 5 )
LOG 1641833998606 [L0]: [Received at 1641833998606] ( PLAY 21.breakthrough.1641833993289 (noop ( move 2 6 2 5 ) ) )
LOG 1641833998607 [L0]: [Sent at 1641833998607] noop
LOG 1641833998610 [L0]: [Received at 1641833998610] ( PLAY 21.breakthrough.1641833993289 (( move 3 1 4 2 ) noop ) )
LOG 1641833998611 [L0]: [Sent at 1641833998611] ( move 2 5 3 4 )
LOG 1641833998614 [L0]: [Received at 1641833998614] ( PLAY 21.breakthrough.1641833993289 (noop ( move 2 5 3 4 ) ) )
LOG 1641833998616 [L0]: [Sent at 1641833998616] noop
LOG 1641833998618 [L0]: [Received at 1641833998618] ( PLAY 21.breakthrough.1641833993289 (( move 5 5 6 6 ) noop ) )
LOG 1641833998619 [L0]: [Sent at 1641833998619] ( move 5 6 5 5 )
LOG 1641833998622 [L0]: [Received at 1641833998622] ( PLAY 21.breakthrough.1641833993289 (noop ( move 5 6 5 5 ) ) )
LOG 1641833998624 [L0]: [Sent at 1641833998624] noop
LOG 1641833998626 [L0]: [Received at 1641833998626] ( PLAY 21.breakthrough.1641833993289 (( move 7 2 6 3 ) noop ) )
LOG 1641833998628 [L0]: [Sent at 1641833998628] ( move 3 4 2 3 )
LOG 1641833998630 [L0]: [Received at 1641833998630] ( PLAY 21.breakthrough.1641833993289 (noop ( move 3 4 2 3 ) ) )
LOG 1641833998631 [L0]: [Sent at 1641833998631] noop
LOG 1641833998634 [L0]: [Received at 1641833998634] ( PLAY 21.breakthrough.1641833993289 (( move 4 2 4 3 ) noop ) )
LOG 1641833998635 [L0]: [Sent at 1641833998635] ( move 2 3 3 2 )
LOG 1641833998638 [L0]: [Received at 1641833998638] ( PLAY 21.breakthrough.1641833993289 (noop ( move 2 3 3 2 ) ) )
LOG 1641833998639 [L0]: [Sent at 1641833998639] noop
LOG 1641833998641 [L0]: [Received at 1641833998641] ( PLAY 21.breakthrough.1641833993289 (( move 3 3 3 4 ) noop ) )
LOG 1641833998643 [L0]: [Sent at 1641833998643] ( move 4 5 5 4 )
LOG 1641833998645 [L0]: [Received at 1641833998645] ( PLAY 21.breakthrough.1641833993289 (noop ( move 4 5 5 4 ) ) )
LOG 1641833998647 [L0]: [Sent at 1641833998647] noop
LOG 1641833998649 [L0]: [Received at 1641833998649] ( PLAY 21.breakthrough.1641833993289 (( move 5 1 4 2 ) noop ) )
LOG 1641833998650 [L0]: [Sent at 1641833998650] ( move 3 7 3 6 )
LOG 1641833998653 [L0]: [Received at 1641833998653] ( PLAY 21.breakthrough.1641833993289 (noop ( move 3 7 3 6 ) ) )
LOG 1641833998655 [L0]: [Sent at 1641833998655] noop
LOG 1641833998657 [L0]: [Received at 1641833998657] ( PLAY 21.breakthrough.1641833993289 (( move 8 3 7 4 ) noop ) )
LOG 1641833998659 [L0]: [Sent at 1641833998659] ( move 3 6 2 5 )
LOG 1641833998661 [L0]: [Received at 1641833998661] ( PLAY 21.breakthrough.1641833993289 (noop ( move 3 6 2 5 ) ) )
LOG 1641833998663 [L0]: [Sent at 1641833998663] noop
LOG 1641833998665 [L0]: [Received at 1641833998665] ( PLAY 21.breakthrough.1641833993289 (( move 4 3 5 4 ) noop ) )
LOG 1641833998666 [L0]: [Sent at 1641833998666] ( move 5 7 5 6 )
LOG 1641833998670 [L0]: [Received at 1641833998670] ( PLAY 21.breakthrough.1641833993289 (noop ( move 5 7 5 6 ) ) )
LOG 1641833998671 [L0]: [Sent at 1641833998671] noop
LOG 1641833998675 [L0]: [Received at 1641833998675] ( PLAY 21.breakthrough.1641833993289 (( move 6 1 6 2 ) noop ) )
LOG 1641833998677 [L0]: [Sent at 1641833998677] ( move 6 8 7 7 )
LOG 1641833998679 [L0]: [Received at 1641833998679] ( PLAY 21.breakthrough.1641833993289 (noop ( move 6 8 7 7 ) ) )
LOG 1641833998681 [L0]: [Sent at 1641833998681] noop
LOG 1641833998685 [L0]: [Received at 1641833998685] ( PLAY 21.breakthrough.1641833993289 (( move 1 3 1 4 ) noop ) )
LOG 1641833998686 [L0]: [Sent at 1641833998686] ( move 2 5 3 4 )
LOG 1641833998688 [L0]: [Received at 1641833998688] ( PLAY 21.breakthrough.1641833993289 (noop ( move 2 5 3 4 ) ) )
LOG 1641833998689 [L0]: [Sent at 1641833998689] noop
LOG 1641833998692 [L0]: [Received at 1641833998692] ( PLAY 21.breakthrough.1641833993289 (( move 6 6 6 7 ) noop ) )
LOG 1641833998693 [L0]: [Sent at 1641833998693] ( move 3 2 2 1 )
LOG 1641833998696 [L0]: [Received at 1641833998696] ( STOP 21.breakthrough.1641833993289 (noop ( move 3 2 2 1 ) ) )
LOG 1641833998697 [L3]: Stopped logging to files at: Mon Jan 10 17:59:58 CET 2022
LOG 1641833998697 [L3]: LOG SEALED
