LOG 1641832673800 [L3]: Started match logging at: Mon Jan 10 17:37:53 CET 2022
LOG 1641832673802 [L3]: Game rules: [( role white ), ( role red ), ( init ( cell 1 0 dirt ) ), ( init ( cell 2 0 dirt ) ), ( init ( cell 3 0 dirt ) ), ( init ( cell 4 0 dirt ) ), ( init ( cell 5 0 dirt ) ), ( init ( cell 6 0 dirt ) ), ( init ( cell 7 0 dirt ) ), ( init ( cell 1 1 b ) ), ( init ( cell 1 2 b ) ), ( init ( cell 1 3 b ) ), ( init ( cell 1 4 b ) ), ( init ( cell 1 5 b ) ), ( init ( cell 1 6 b ) ), ( init ( cell 2 1 b ) ), ( init ( cell 2 2 b ) ), ( init ( cell 2 3 b ) ), ( init ( cell 2 4 b ) ), ( init ( cell 2 5 b ) ), ( init ( cell 2 6 b ) ), ( init ( cell 3 1 b ) ), ( init ( cell 3 2 b ) ), ( init ( cell 3 3 b ) ), ( init ( cell 3 4 b ) ), ( init ( cell 3 5 b ) ), ( init ( cell 3 6 b ) ), ( init ( cell 4 1 b ) ), ( init ( cell 4 2 b ) ), ( init ( cell 4 3 b ) ), ( init ( cell 4 4 b ) ), ( init ( cell 4 5 b ) ), ( init ( cell 4 6 b ) ), ( init ( cell 5 1 b ) ), ( init ( cell 5 2 b ) ), ( init ( cell 5 3 b ) ), ( init ( cell 5 4 b ) ), ( init ( cell 5 5 b ) ), ( init ( cell 5 6 b ) ), ( init ( cell 6 1 b ) ), ( init ( cell 6 2 b ) ), ( init ( cell 6 3 b ) ), ( init ( cell 6 4 b ) ), ( init ( cell 6 5 b ) ), ( init ( cell 6 6 b ) ), ( init ( cell 7 1 b ) ), ( init ( cell 7 2 b ) ), ( init ( cell 7 3 b ) ), ( init ( cell 7 4 b ) ), ( init ( cell 7 5 b ) ), ( init ( cell 7 6 b ) ), ( init ( control white ) ), ( <= ( empty ?c ?h ) ( true ( cell ?c ?h b ) ) ), ( <= ( filled ?c ?h ) ( true ( cell ?c ?h dirt ) ) ), ( <= ( filled ?c ?h ) ( true ( cell ?c ?h w ) ) ), ( <= ( filled ?c ?h ) ( true ( cell ?c ?h r ) ) ), ( <= ( next ( cell ?c ?h2 w ) ) ( does white ( drop ?c ) ) ( true ( cell ?c ?h2 b ) ) ( filled ?c ?h1 ) ( succ ?h1 ?h2 ) ), ( <= ( next ( cell ?c ?h2 r ) ) ( does red ( drop ?c ) ) ( true ( cell ?c ?h2 b ) ) ( filled ?c ?h1 ) ( succ ?h1 ?h2 ) ), ( <= ( next ( cell ?x ?y ?z ) ) ( true ( cell ?x ?y ?z ) ) ( distinct ?z b ) ), ( <= ( next ( cell ?c2 ?y b ) ) ( does ?w ( drop ?c1 ) ) ( true ( cell ?c2 ?y b ) ) ( distinct ?c1 ?c2 ) ), ( <= ( next ( cell ?c ?y2 b ) ) ( true ( cell ?c ?y1 b ) ) ( distinct ?y1 6 ) ( succ ?y1 ?y2 ) ), ( <= ( next ( control white ) ) ( true ( control red ) ) ), ( <= ( next ( control red ) ) ( true ( control white ) ) ), ( <= ( row ?z ) ( true ( cell ?x1 ?y ?z ) ) ( distinct ?z b ) ( distinct ?z dirt ) ( succ ?x1 ?x2 ) ( true ( cell ?x2 ?y ?z ) ) ( succ ?x2 ?x3 ) ( true ( cell ?x3 ?y ?z ) ) ( succ ?x3 ?x4 ) ( true ( cell ?x4 ?y ?z ) ) ), ( <= ( column ?z ) ( true ( cell ?x ?y1 ?z ) ) ( distinct ?z b ) ( succ ?y1 ?y2 ) ( true ( cell ?x ?y2 ?z ) ) ( succ ?y2 ?y3 ) ( true ( cell ?x ?y3 ?z ) ) ( succ ?y3 ?y4 ) ( true ( cell ?x ?y4 ?z ) ) ), ( <= ( diag ?z ) ( true ( cell ?x1 ?y1 ?z ) ) ( distinct ?z b ) ( succ ?x1 ?x2 ) ( succ ?y1 ?y2 ) ( true ( cell ?x2 ?y2 ?z ) ) ( succ ?x2 ?x3 ) ( succ ?y2 ?y3 ) ( true ( cell ?x3 ?y3 ?z ) ) ( succ ?x3 ?x4 ) ( succ ?y3 ?y4 ) ( true ( cell ?x4 ?y4 ?z ) ) ), ( <= ( diag ?z ) ( true ( cell ?x1 ?y1 ?z ) ) ( distinct ?z b ) ( succ ?x1 ?x2 ) ( succ ?y2 ?y1 ) ( true ( cell ?x2 ?y2 ?z ) ) ( succ ?x2 ?x3 ) ( succ ?y3 ?y2 ) ( true ( cell ?x3 ?y3 ?z ) ) ( succ ?x3 ?x4 ) ( succ ?y4 ?y3 ) ( true ( cell ?x4 ?y4 ?z ) ) ), ( <= ( line ?x ) ( row ?x ) ), ( <= ( line ?x ) ( column ?x ) ), ( <= ( line ?x ) ( diag ?x ) ), ( <= open ( empty ?c ?h ) ), ( <= terminal ( line r ) ), ( <= terminal ( line w ) ), ( <= terminal ( not open ) ), ( <= ( legal ?w ( drop ?c ) ) ( true ( cell ?c ?y2 b ) ) ( filled ?c ?y1 ) ( succ ?y1 ?y2 ) ( true ( control ?w ) ) ), ( <= ( legal white noop ) ( true ( control red ) ) ), ( <= ( legal red noop ) ( true ( control white ) ) ), ( <= ( goal white 100 ) ( line w ) ), ( <= ( goal white 50 ) ( not ( line r ) ) ( not ( line w ) ) ( not open ) ), ( <= ( goal white 0 ) ( line r ) ), ( <= ( goal red 100 ) ( line r ) ), ( <= ( goal red 50 ) ( not ( line r ) ) ( not ( line w ) ) ( not open ) ), ( <= ( goal red 0 ) ( line w ) ), ( <= ( goal ?w 70 ) ( role ?w ) ( not ( line r ) ) ( not ( line w ) ) open ), ( <= ( lte 0 ?x ) ( number ?x ) ), ( <= ( lte ?x ?x ) ( number ?x ) ), ( <= ( lte ?x ?z ) ( succ ?y ?z ) ( lte ?x ?y ) ), ( <= ( lte ?x ?y ) ( succ ?x ?y ) ), ( number 0 ), ( number 1 ), ( number 2 ), ( number 3 ), ( number 4 ), ( number 5 ), ( number 6 ), ( number 7 ), ( number 8 ), ( succ 0 1 ), ( succ 1 2 ), ( succ 2 3 ), ( succ 3 4 ), ( succ 4 5 ), ( succ 5 6 ), ( succ 6 7 ), ( succ 7 8 )]
LOG 1641832673802 [L3]: Start clock: 15
LOG 1641832673802 [L3]: Play clock: 10
LOG 1641832678801 [L0]: [Sent at 1641832678800] ready
LOG 1641832678802 [L0]: [Received at 1641832678802] ( PLAY 16.connect4.1641832673749 NIL )
LOG 1641832678804 [L0]: [Sent at 1641832678804] ( drop 4 )
LOG 1641832678806 [L0]: [Received at 1641832678806] ( PLAY 16.connect4.1641832673749 (( drop 4 ) noop ) )
LOG 1641832678809 [L0]: [Sent at 1641832678809] noop
LOG 1641832678811 [L0]: [Received at 1641832678811] ( PLAY 16.connect4.1641832673749 (noop ( drop 5 ) ) )
LOG 1641832678821 [L0]: [Sent at 1641832678821] ( drop 3 )
LOG 1641832678823 [L0]: [Received at 1641832678823] ( PLAY 16.connect4.1641832673749 (( drop 3 ) noop ) )
LOG 1641832678828 [L0]: [Sent at 1641832678828] noop
LOG 1641832678830 [L0]: [Received at 1641832678830] ( PLAY 16.connect4.1641832673749 (noop ( drop 2 ) ) )
LOG 1641832678831 [L0]: [Sent at 1641832678831] ( drop 6 )
LOG 1641832678833 [L0]: [Received at 1641832678833] ( PLAY 16.connect4.1641832673749 (( drop 6 ) noop ) )
LOG 1641832678835 [L0]: [Sent at 1641832678835] noop
LOG 1641832678837 [L0]: [Received at 1641832678837] ( PLAY 16.connect4.1641832673749 (noop ( drop 4 ) ) )
LOG 1641832678838 [L0]: [Sent at 1641832678838] ( drop 4 )
LOG 1641832678840 [L0]: [Received at 1641832678840] ( PLAY 16.connect4.1641832673749 (( drop 4 ) noop ) )
LOG 1641832678842 [L0]: [Sent at 1641832678842] noop
LOG 1641832678844 [L0]: [Received at 1641832678844] ( PLAY 16.connect4.1641832673749 (noop ( drop 5 ) ) )
LOG 1641832678845 [L0]: [Sent at 1641832678845] ( drop 3 )
LOG 1641832678847 [L0]: [Received at 1641832678847] ( PLAY 16.connect4.1641832673749 (( drop 3 ) noop ) )
LOG 1641832678849 [L0]: [Sent at 1641832678849] noop
LOG 1641832678851 [L0]: [Received at 1641832678851] ( PLAY 16.connect4.1641832673749 (noop ( drop 4 ) ) )
LOG 1641832678852 [L0]: [Sent at 1641832678852] ( drop 6 )
LOG 1641832678854 [L0]: [Received at 1641832678854] ( PLAY 16.connect4.1641832673749 (( drop 6 ) noop ) )
LOG 1641832678856 [L0]: [Sent at 1641832678856] noop
LOG 1641832678858 [L0]: [Received at 1641832678858] ( PLAY 16.connect4.1641832673749 (noop ( drop 1 ) ) )
LOG 1641832678859 [L0]: [Sent at 1641832678859] ( drop 1 )
LOG 1641832678862 [L0]: [Received at 1641832678862] ( PLAY 16.connect4.1641832673749 (( drop 1 ) noop ) )
LOG 1641832678863 [L0]: [Sent at 1641832678863] noop
LOG 1641832678865 [L0]: [Received at 1641832678865] ( PLAY 16.connect4.1641832673749 (noop ( drop 6 ) ) )
LOG 1641832678866 [L0]: [Sent at 1641832678866] ( drop 1 )
LOG 1641832678870 [L0]: [Received at 1641832678870] ( PLAY 16.connect4.1641832673749 (( drop 1 ) noop ) )
LOG 1641832678871 [L0]: [Sent at 1641832678871] noop
LOG 1641832678873 [L0]: [Received at 1641832678873] ( PLAY 16.connect4.1641832673749 (noop ( drop 3 ) ) )
LOG 1641832678875 [L0]: [Sent at 1641832678875] ( drop 6 )
LOG 1641832678877 [L0]: [Received at 1641832678877] ( PLAY 16.connect4.1641832673749 (( drop 6 ) noop ) )
LOG 1641832678878 [L0]: [Sent at 1641832678878] noop
LOG 1641832678882 [L0]: [Received at 1641832678882] ( PLAY 16.connect4.1641832673749 (noop ( drop 1 ) ) )
LOG 1641832678883 [L0]: [Sent at 1641832678883] ( drop 1 )
LOG 1641832678886 [L0]: [Received at 1641832678886] ( PLAY 16.connect4.1641832673749 (( drop 1 ) noop ) )
LOG 1641832678888 [L0]: [Sent at 1641832678888] noop
LOG 1641832678890 [L0]: [Received at 1641832678890] ( PLAY 16.connect4.1641832673749 (noop ( drop 7 ) ) )
LOG 1641832678892 [L0]: [Sent at 1641832678892] ( drop 2 )
LOG 1641832678894 [L0]: [Received at 1641832678894] ( PLAY 16.connect4.1641832673749 (( drop 2 ) noop ) )
LOG 1641832678896 [L0]: [Sent at 1641832678896] noop
LOG 1641832678898 [L0]: [Received at 1641832678898] ( PLAY 16.connect4.1641832673749 (noop ( drop 2 ) ) )
LOG 1641832678899 [L0]: [Sent at 1641832678899] ( drop 4 )
LOG 1641832678902 [L0]: [Received at 1641832678902] ( PLAY 16.connect4.1641832673749 (( drop 4 ) noop ) )
LOG 1641832678903 [L0]: [Sent at 1641832678903] noop
LOG 1641832678905 [L0]: [Received at 1641832678905] ( PLAY 16.connect4.1641832673749 (noop ( drop 6 ) ) )
LOG 1641832678907 [L0]: [Sent at 1641832678907] ( drop 6 )
LOG 1641832678909 [L0]: [Received at 1641832678909] ( PLAY 16.connect4.1641832673749 (( drop 6 ) noop ) )
LOG 1641832678910 [L0]: [Sent at 1641832678910] noop
LOG 1641832678913 [L0]: [Received at 1641832678913] ( PLAY 16.connect4.1641832673749 (noop ( drop 7 ) ) )
LOG 1641832678914 [L0]: [Sent at 1641832678914] ( drop 4 )
LOG 1641832678916 [L0]: [Received at 1641832678916] ( PLAY 16.connect4.1641832673749 (( drop 4 ) noop ) )
LOG 1641832678918 [L0]: [Sent at 1641832678918] noop
LOG 1641832678921 [L0]: [Received at 1641832678921] ( PLAY 16.connect4.1641832673749 (noop ( drop 1 ) ) )
LOG 1641832678922 [L0]: [Sent at 1641832678922] ( drop 3 )
LOG 1641832678924 [L0]: [Received at 1641832678924] ( PLAY 16.connect4.1641832673749 (( drop 3 ) noop ) )
LOG 1641832678926 [L0]: [Sent at 1641832678926] noop
LOG 1641832678928 [L0]: [Received at 1641832678928] ( PLAY 16.connect4.1641832673749 (noop ( drop 7 ) ) )
LOG 1641832678929 [L0]: [Sent at 1641832678929] ( drop 5 )
LOG 1641832678932 [L0]: [Received at 1641832678932] ( PLAY 16.connect4.1641832673749 (( drop 5 ) noop ) )
LOG 1641832678933 [L0]: [Sent at 1641832678933] noop
LOG 1641832678936 [L0]: [Received at 1641832678936] ( PLAY 16.connect4.1641832673749 (noop ( drop 5 ) ) )
LOG 1641832678938 [L0]: [Sent at 1641832678938] ( drop 5 )
LOG 1641832678940 [L0]: [Received at 1641832678940] ( PLAY 16.connect4.1641832673749 (( drop 5 ) noop ) )
LOG 1641832678941 [L0]: [Sent at 1641832678941] noop
LOG 1641832678944 [L0]: [Received at 1641832678944] ( PLAY 16.connect4.1641832673749 (noop ( drop 5 ) ) )
LOG 1641832678945 [L0]: [Sent at 1641832678945] ( drop 7 )
LOG 1641832678948 [L0]: [Received at 1641832678948] ( PLAY 16.connect4.1641832673749 (( drop 7 ) noop ) )
LOG 1641832678949 [L0]: [Sent at 1641832678949] noop
LOG 1641832678955 [L0]: [Received at 1641832678955] ( STOP 16.connect4.1641832673749 (noop ( drop 2 ) ) )
LOG 1641832678955 [L3]: Stopped logging to files at: Mon Jan 10 17:37:58 CET 2022
LOG 1641832678956 [L3]: LOG SEALED
