LOG 1641834004446 [L3]: Returning initial state machine.
LOG 1641834004446 [L3]: Returning PropNet state machine without cache.
LOG 1641834004447 [L3]: Starting metagame with available thinking time 4991ms.
LOG 1641834004449 [L3]: Starting search during metagame.
LOG 1641834009439 [L3]: Done searching during metagame.
LOG 1641834009442 [L3]: Starting move selection for game step 1 with available time 0ms.
LOG 1641834009442 [L3]: No time to select next move using MCTS. Returning random move noop.
LOG 1641834009447 [L3]: Starting move selection for game step 2 with available time 0ms.
LOG 1641834009447 [L3]: No time to select next move using MCTS. Returning random move ( move 7 7 8 6 ).
LOG 1641834009452 [L3]: Starting move selection for game step 3 with available time 0ms.
LOG 1641834009459 [L3]: No time to select next move using MCTS. Returning random move noop.
LOG 1641834009464 [L3]: Starting move selection for game step 4 with available time 0ms.
LOG 1641834009465 [L3]: No time to select next move using MCTS. Returning random move ( move 5 7 5 6 ).
LOG 1641834009470 [L3]: Starting move selection for game step 5 with available time 0ms.
LOG 1641834009470 [L3]: No time to select next move using MCTS. Returning random move noop.
LOG 1641834009474 [L3]: Starting move selection for game step 6 with available time 0ms.
LOG 1641834009474 [L3]: No time to select next move using MCTS. Returning random move ( move 4 7 4 6 ).
LOG 1641834009478 [L3]: Starting move selection for game step 7 with available time 0ms.
LOG 1641834009479 [L3]: No time to select next move using MCTS. Returning random move noop.
LOG 1641834009483 [L3]: Starting move selection for game step 8 with available time 0ms.
LOG 1641834009483 [L3]: No time to select next move using MCTS. Returning random move ( move 4 6 3 5 ).
LOG 1641834009487 [L3]: Starting move selection for game step 9 with available time 0ms.
LOG 1641834009487 [L3]: No time to select next move using MCTS. Returning random move noop.
LOG 1641834009490 [L3]: Starting move selection for game step 10 with available time 0ms.
LOG 1641834009491 [L3]: No time to select next move using MCTS. Returning random move ( move 5 6 4 5 ).
LOG 1641834009496 [L3]: Starting move selection for game step 11 with available time 0ms.
LOG 1641834009496 [L3]: No time to select next move using MCTS. Returning random move noop.
LOG 1641834009500 [L3]: Starting move selection for game step 12 with available time 0ms.
LOG 1641834009500 [L3]: No time to select next move using MCTS. Returning random move ( move 3 5 4 4 ).
LOG 1641834009504 [L3]: Starting move selection for game step 13 with available time 0ms.
LOG 1641834009504 [L3]: No time to select next move using MCTS. Returning random move noop.
LOG 1641834009508 [L3]: Starting move selection for game step 14 with available time 0ms.
LOG 1641834009509 [L3]: No time to select next move using MCTS. Returning random move ( move 8 8 7 7 ).
LOG 1641834009513 [L3]: Starting move selection for game step 15 with available time 0ms.
LOG 1641834009513 [L3]: No time to select next move using MCTS. Returning random move noop.
LOG 1641834009517 [L3]: Starting move selection for game step 16 with available time 0ms.
LOG 1641834009517 [L3]: No time to select next move using MCTS. Returning random move ( move 3 8 4 7 ).
LOG 1641834009521 [L3]: Starting move selection for game step 17 with available time 0ms.
LOG 1641834009521 [L3]: No time to select next move using MCTS. Returning random move noop.
LOG 1641834009525 [L3]: Starting move selection for game step 18 with available time 0ms.
LOG 1641834009525 [L3]: No time to select next move using MCTS. Returning random move ( move 8 6 8 5 ).
LOG 1641834009529 [L3]: Starting move selection for game step 19 with available time 0ms.
LOG 1641834009530 [L3]: No time to select next move using MCTS. Returning random move noop.
LOG 1641834009535 [L3]: Starting move selection for game step 20 with available time 0ms.
LOG 1641834009535 [L3]: No time to select next move using MCTS. Returning random move ( move 2 7 3 6 ).
LOG 1641834009539 [L3]: Starting move selection for game step 21 with available time 0ms.
LOG 1641834009539 [L3]: No time to select next move using MCTS. Returning random move noop.
LOG 1641834009543 [L3]: Starting move selection for game step 22 with available time 0ms.
LOG 1641834009543 [L3]: No time to select next move using MCTS. Returning random move ( move 7 7 8 6 ).
LOG 1641834009548 [L3]: Starting move selection for game step 23 with available time 0ms.
LOG 1641834009548 [L3]: No time to select next move using MCTS. Returning random move noop.
LOG 1641834009552 [L3]: Starting move selection for game step 24 with available time 0ms.
LOG 1641834009552 [L3]: No time to select next move using MCTS. Returning random move ( move 4 5 3 4 ).
LOG 1641834009557 [L3]: Starting move selection for game step 25 with available time 0ms.
LOG 1641834009557 [L3]: No time to select next move using MCTS. Returning random move noop.
LOG 1641834009567 [L3]: Starting move selection for game step 26 with available time 0ms.
LOG 1641834009567 [L3]: No time to select next move using MCTS. Returning random move ( move 8 5 7 4 ).
LOG 1641834009571 [L3]: Starting move selection for game step 27 with available time 0ms.
LOG 1641834009571 [L3]: No time to select next move using MCTS. Returning random move noop.
LOG 1641834009575 [L3]: Starting move selection for game step 28 with available time 0ms.
LOG 1641834009575 [L3]: No time to select next move using MCTS. Returning random move ( move 8 6 7 5 ).
LOG 1641834009579 [L3]: Starting move selection for game step 29 with available time 0ms.
LOG 1641834009579 [L3]: No time to select next move using MCTS. Returning random move noop.
LOG 1641834009583 [L3]: Starting move selection for game step 30 with available time 0ms.
LOG 1641834009583 [L3]: No time to select next move using MCTS. Returning random move ( move 8 7 7 6 ).
LOG 1641834009587 [L3]: Starting move selection for game step 31 with available time 0ms.
LOG 1641834009587 [L3]: No time to select next move using MCTS. Returning random move noop.
LOG 1641834009591 [L3]: Starting move selection for game step 32 with available time 0ms.
LOG 1641834009591 [L3]: No time to select next move using MCTS. Returning random move ( move 3 6 3 5 ).
LOG 1641834009596 [L3]: Starting move selection for game step 33 with available time 0ms.
LOG 1641834009596 [L3]: No time to select next move using MCTS. Returning random move noop.
LOG 1641834009600 [L3]: Starting move selection for game step 34 with available time 0ms.
LOG 1641834009600 [L3]: No time to select next move using MCTS. Returning random move ( move 3 7 2 6 ).
LOG 1641834009604 [L3]: Starting move selection for game step 35 with available time 0ms.
LOG 1641834009605 [L3]: No time to select next move using MCTS. Returning random move noop.
LOG 1641834009609 [L3]: Starting move selection for game step 36 with available time 0ms.
LOG 1641834009610 [L3]: No time to select next move using MCTS. Returning random move ( move 1 8 2 7 ).
LOG 1641834009613 [L3]: Starting move selection for game step 37 with available time 0ms.
LOG 1641834009614 [L3]: No time to select next move using MCTS. Returning random move noop.
LOG 1641834009619 [L3]: Starting move selection for game step 38 with available time 0ms.
LOG 1641834009619 [L3]: No time to select next move using MCTS. Returning random move ( move 7 4 6 3 ).
LOG 1641834009623 [L3]: Starting move selection for game step 39 with available time 0ms.
LOG 1641834009623 [L3]: No time to select next move using MCTS. Returning random move noop.
LOG 1641834009627 [L3]: Starting move selection for game step 40 with available time 0ms.
LOG 1641834009627 [L3]: No time to select next move using MCTS. Returning random move ( move 6 7 6 6 ).
LOG 1641834009631 [L3]: Starting move selection for game step 41 with available time 0ms.
LOG 1641834009632 [L3]: No time to select next move using MCTS. Returning random move noop.
LOG 1641834009635 [L3]: Starting move selection for game step 42 with available time 0ms.
LOG 1641834009636 [L3]: No time to select next move using MCTS. Returning random move ( move 7 8 6 7 ).
LOG 1641834009640 [L3]: Starting move selection for game step 43 with available time 0ms.
LOG 1641834009641 [L3]: No time to select next move using MCTS. Returning random move noop.
LOG 1641834009646 [L3]: Starting move selection for game step 44 with available time 0ms.
LOG 1641834009646 [L3]: No time to select next move using MCTS. Returning random move ( move 6 6 6 5 ).
LOG 1641834009651 [L3]: Starting move selection for game step 45 with available time 0ms.
LOG 1641834009651 [L3]: No time to select next move using MCTS. Returning random move noop.
LOG 1641834009655 [L3]: Starting move selection for game step 46 with available time 0ms.
LOG 1641834009655 [L3]: No time to select next move using MCTS. Returning random move ( move 6 8 5 7 ).
LOG 1641834009659 [L3]: Starting move selection for game step 47 with available time 0ms.
LOG 1641834009659 [L3]: No time to select next move using MCTS. Returning random move noop.
LOG 1641834009663 [L3]: Starting move selection for game step 48 with available time 0ms.
LOG 1641834009663 [L3]: No time to select next move using MCTS. Returning random move ( move 1 7 1 6 ).
LOG 1641834009667 [L3]: Starting move selection for game step 49 with available time 0ms.
LOG 1641834009667 [L3]: No time to select next move using MCTS. Returning random move noop.
LOG 1641834009671 [L3]: Starting move selection for game step 50 with available time 0ms.
LOG 1641834009672 [L3]: No time to select next move using MCTS. Returning random move ( move 6 3 7 2 ).
LOG 1641834009675 [L3]: Starting move selection for game step 51 with available time 0ms.
LOG 1641834009676 [L3]: No time to select next move using MCTS. Returning random move noop.
LOG 1641834009679 [L3]: Starting move selection for game step 52 with available time 0ms.
LOG 1641834009679 [L3]: No time to select next move using MCTS. Returning random move ( move 6 5 7 4 ).
LOG 1641834009684 [L3]: Starting move selection for game step 53 with available time 0ms.
LOG 1641834009684 [L3]: No time to select next move using MCTS. Returning random move noop.
LOG 1641834009689 [L3]: Starting move selection for game step 54 with available time 0ms.
LOG 1641834009689 [L3]: No time to select next move using MCTS. Returning random move ( move 7 6 6 5 ).
LOG 1641834009692 [L3]: Starting move selection for game step 55 with available time 0ms.
LOG 1641834009693 [L3]: No time to select next move using MCTS. Returning random move noop.
LOG 1641834009696 [L3]: Starting move selection for game step 56 with available time 0ms.
LOG 1641834009697 [L3]: No time to select next move using MCTS. Returning random move ( move 2 8 1 7 ).
LOG 1641834009700 [L3]: Starting move selection for game step 57 with available time 0ms.
LOG 1641834009701 [L3]: No time to select next move using MCTS. Returning random move noop.
LOG 1641834009705 [L3]: Starting move selection for game step 58 with available time 0ms.
LOG 1641834009705 [L3]: No time to select next move using MCTS. Returning random move ( move 7 4 6 3 ).
LOG 1641834009710 [L3]: Starting move selection for game step 59 with available time 0ms.
LOG 1641834009710 [L3]: No time to select next move using MCTS. Returning random move noop.
LOG 1641834009714 [L3]: Starting move selection for game step 60 with available time -1ms.
LOG 1641834009714 [L3]: No time to select next move using MCTS. Returning random move ( move 3 4 2 3 ).
LOG 1641834009717 [L3]: Starting move selection for game step 61 with available time 0ms.
LOG 1641834009717 [L3]: No time to select next move using MCTS. Returning random move noop.
LOG 1641834009721 [L3]: Starting move selection for game step 62 with available time 0ms.
LOG 1641834009721 [L3]: No time to select next move using MCTS. Returning random move ( move 3 5 3 4 ).
LOG 1641834009725 [L3]: Starting move selection for game step 63 with available time 0ms.
LOG 1641834009725 [L3]: No time to select next move using MCTS. Returning random move noop.
LOG 1641834009729 [L3]: Starting move selection for game step 64 with available time 0ms.
LOG 1641834009729 [L3]: No time to select next move using MCTS. Returning random move ( move 3 4 3 3 ).
LOG 1641834009732 [L3]: Starting move selection for game step 65 with available time 0ms.
LOG 1641834009733 [L3]: No time to select next move using MCTS. Returning random move noop.
LOG 1641834009736 [L3]: Starting move selection for game step 66 with available time 0ms.
LOG 1641834009737 [L3]: No time to select next move using MCTS. Returning random move ( move 3 3 2 2 ).
LOG 1641834009740 [L3]: Starting move selection for game step 67 with available time 0ms.
LOG 1641834009740 [L3]: No time to select next move using MCTS. Returning random move noop.
LOG 1641834009743 [L3]: Starting move selection for game step 68 with available time 0ms.
LOG 1641834009743 [L3]: No time to select next move using MCTS. Returning random move ( move 4 8 3 7 ).
LOG 1641834009747 [L3]: Starting move selection for game step 69 with available time 0ms.
LOG 1641834009747 [L3]: No time to select next move using MCTS. Returning random move noop.
LOG 1641834009750 [L3]: Starting move selection for game step 70 with available time 0ms.
LOG 1641834009751 [L3]: No time to select next move using MCTS. Returning random move ( move 6 7 5 6 ).
LOG 1641834009755 [L3]: Starting move selection for game step 71 with available time 0ms.
LOG 1641834009755 [L3]: No time to select next move using MCTS. Returning random move noop.
LOG 1641834009759 [L3]: Starting move selection for game step 72 with available time 0ms.
LOG 1641834009759 [L3]: No time to select next move using MCTS. Returning random move ( move 5 7 4 6 ).
LOG 1641834009763 [L3]: Starting move selection for game step 73 with available time 0ms.
LOG 1641834009764 [L3]: No time to select next move using MCTS. Returning random move noop.
LOG 1641834009767 [L3]: Starting move selection for game step 74 with available time 0ms.
LOG 1641834009768 [L3]: No time to select next move using MCTS. Returning random move ( move 6 3 5 2 ).
LOG 1641834009771 [L3]: Starting move selection for game step 75 with available time 0ms.
LOG 1641834009772 [L3]: No time to select next move using MCTS. Returning random move noop.
LOG 1641834009775 [L3]: Starting move selection for game step 76 with available time 0ms.
LOG 1641834009775 [L3]: No time to select next move using MCTS. Returning random move ( move 3 7 3 6 ).
LOG 1641834009779 [L3]: Starting move selection for game step 77 with available time 0ms.
LOG 1641834009779 [L3]: No time to select next move using MCTS. Returning random move noop.
LOG 1641834009782 [L3]: Starting move selection for game step 78 with available time 0ms.
LOG 1641834009783 [L3]: No time to select next move using MCTS. Returning random move ( move 5 2 4 1 ).
