LOG 1641834476714 [L3]: Started match logging at: Mon Jan 10 18:07:56 CET 2022
LOG 1641834476722 [L3]: Game rules: [( role white ), ( role black ), ( <= ( base ( cellHolds ?x ?y ?p ) ) ( index ?x ) ( index ?y ) ( role ?p ) ), ( <= ( base ( control ?p ) ) ( role ?p ) ), ( <= ( input ?p noop ) ( role ?p ) ), ( <= ( input white ( move ?x ?y1 ?x ?y2 ) ) ( index ?x ) ( succ ?y1 ?y2 ) ), ( <= ( input white ( move ?x1 ?y1 ?x2 ?y2 ) ) ( succ ?y1 ?y2 ) ( succ ?x1 ?x2 ) ), ( <= ( input white ( move ?x1 ?y1 ?x2 ?y2 ) ) ( succ ?y1 ?y2 ) ( succ ?x2 ?x1 ) ), ( <= ( input black ( move ?x ?y1 ?x ?y2 ) ) ( index ?x ) ( succ ?y2 ?y1 ) ), ( <= ( input black ( move ?x1 ?y1 ?x2 ?y2 ) ) ( succ ?y2 ?y1 ) ( succ ?x1 ?x2 ) ), ( <= ( input black ( move ?x1 ?y1 ?x2 ?y2 ) ) ( succ ?y2 ?y1 ) ( succ ?x2 ?x1 ) ), ( init ( cellHolds 1 1 white ) ), ( init ( cellHolds 2 1 white ) ), ( init ( cellHolds 3 1 white ) ), ( init ( cellHolds 4 1 white ) ), ( init ( cellHolds 5 1 white ) ), ( init ( cellHolds 6 1 white ) ), ( init ( cellHolds 7 1 white ) ), ( init ( cellHolds 8 1 white ) ), ( init ( cellHolds 1 2 white ) ), ( init ( cellHolds 2 2 white ) ), ( init ( cellHolds 3 2 white ) ), ( init ( cellHolds 4 2 white ) ), ( init ( cellHolds 5 2 white ) ), ( init ( cellHolds 6 2 white ) ), ( init ( cellHolds 7 2 white ) ), ( init ( cellHolds 8 2 white ) ), ( init ( cellHolds 1 7 black ) ), ( init ( cellHolds 2 7 black ) ), ( init ( cellHolds 3 7 black ) ), ( init ( cellHolds 4 7 black ) ), ( init ( cellHolds 5 7 black ) ), ( init ( cellHolds 6 7 black ) ), ( init ( cellHolds 7 7 black ) ), ( init ( cellHolds 8 7 black ) ), ( init ( cellHolds 1 8 black ) ), ( init ( cellHolds 2 8 black ) ), ( init ( cellHolds 3 8 black ) ), ( init ( cellHolds 4 8 black ) ), ( init ( cellHolds 5 8 black ) ), ( init ( cellHolds 6 8 black ) ), ( init ( cellHolds 7 8 black ) ), ( init ( cellHolds 8 8 black ) ), ( init ( control white ) ), ( <= ( legal white ( move ?x ?y1 ?x ?y2 ) ) ( true ( control white ) ) ( true ( cellHolds ?x ?y1 white ) ) ( succ ?y1 ?y2 ) ( cellEmpty ?x ?y2 ) ), ( <= ( legal white ( move ?x1 ?y1 ?x2 ?y2 ) ) ( true ( control white ) ) ( true ( cellHolds ?x1 ?y1 white ) ) ( succ ?y1 ?y2 ) ( succ ?x1 ?x2 ) ( not ( true ( cellHolds ?x2 ?y2 white ) ) ) ), ( <= ( legal white ( move ?x1 ?y1 ?x2 ?y2 ) ) ( true ( control white ) ) ( true ( cellHolds ?x1 ?y1 white ) ) ( succ ?y1 ?y2 ) ( succ ?x2 ?x1 ) ( not ( true ( cellHolds ?x2 ?y2 white ) ) ) ), ( <= ( legal black ( move ?x ?y1 ?x ?y2 ) ) ( true ( control black ) ) ( true ( cellHolds ?x ?y1 black ) ) ( succ ?y2 ?y1 ) ( cellEmpty ?x ?y2 ) ), ( <= ( legal black ( move ?x1 ?y1 ?x2 ?y2 ) ) ( true ( control black ) ) ( true ( cellHolds ?x1 ?y1 black ) ) ( succ ?y2 ?y1 ) ( succ ?x1 ?x2 ) ( not ( true ( cellHolds ?x2 ?y2 black ) ) ) ), ( <= ( legal black ( move ?x1 ?y1 ?x2 ?y2 ) ) ( true ( control black ) ) ( true ( cellHolds ?x1 ?y1 black ) ) ( succ ?y2 ?y1 ) ( succ ?x2 ?x1 ) ( not ( true ( cellHolds ?x2 ?y2 black ) ) ) ), ( <= ( legal white noop ) ( true ( control black ) ) ), ( <= ( legal black noop ) ( true ( control white ) ) ), ( <= ( next ( cellHolds ?x2 ?y2 ?player ) ) ( role ?player ) ( does ?player ( move ?x1 ?y1 ?x2 ?y2 ) ) ), ( <= ( next ( cellHolds ?x3 ?y3 ?state ) ) ( true ( cellHolds ?x3 ?y3 ?state ) ) ( role ?player ) ( does ?player ( move ?x1 ?y1 ?x2 ?y2 ) ) ( distinctCell ?x1 ?y1 ?x3 ?y3 ) ( distinctCell ?x2 ?y2 ?x3 ?y3 ) ), ( <= ( next ( control white ) ) ( true ( control black ) ) ), ( <= ( next ( control black ) ) ( true ( control white ) ) ), ( <= terminal whiteWin ), ( <= terminal blackWin ), ( <= ( goal white 100 ) whiteWin ), ( <= ( goal white 0 ) ( not whiteWin ) ), ( <= ( goal black 100 ) blackWin ), ( <= ( goal black 0 ) ( not blackWin ) ), ( <= ( cell ?x ?y ) ( index ?x ) ( index ?y ) ), ( <= ( cellEmpty ?x ?y ) ( cell ?x ?y ) ( not ( true ( cellHolds ?x ?y white ) ) ) ( not ( true ( cellHolds ?x ?y black ) ) ) ), ( <= ( distinctCell ?x1 ?y1 ?x2 ?y2 ) ( cell ?x1 ?y1 ) ( cell ?x2 ?y2 ) ( distinct ?x1 ?x2 ) ), ( <= ( distinctCell ?x1 ?y1 ?x2 ?y2 ) ( cell ?x1 ?y1 ) ( cell ?x2 ?y2 ) ( distinct ?y1 ?y2 ) ), ( <= whiteWin ( index ?x ) ( true ( cellHolds ?x 8 white ) ) ), ( <= blackWin ( index ?x ) ( true ( cellHolds ?x 1 black ) ) ), ( <= whiteWin ( not blackCell ) ), ( <= blackWin ( not whiteCell ) ), ( <= whiteCell ( cell ?x ?y ) ( true ( cellHolds ?x ?y white ) ) ), ( <= blackCell ( cell ?x ?y ) ( true ( cellHolds ?x ?y black ) ) ), ( index 1 ), ( index 2 ), ( index 3 ), ( index 4 ), ( index 5 ), ( index 6 ), ( index 7 ), ( index 8 ), ( succ 1 2 ), ( succ 2 3 ), ( succ 3 4 ), ( succ 4 5 ), ( succ 5 6 ), ( succ 6 7 ), ( succ 7 8 )]
LOG 1641834476722 [L3]: Start clock: 15
LOG 1641834476722 [L3]: Play clock: 10
LOG 1641834481714 [L0]: [Sent at 1641834481714] ready
LOG 1641834481717 [L0]: [Received at 1641834481717] ( PLAY 26.breakthrough.1641834476510 NIL )
LOG 1641834481718 [L0]: [Sent at 1641834481718] ( move 6 2 5 3 )
LOG 1641834481721 [L0]: [Received at 1641834481721] ( PLAY 26.breakthrough.1641834476510 (( move 6 2 5 3 ) noop ) )
LOG 1641834481725 [L0]: [Sent at 1641834481725] noop
LOG 1641834481729 [L0]: [Received at 1641834481729] ( PLAY 26.breakthrough.1641834476510 (noop ( move 7 7 6 6 ) ) )
LOG 1641834481740 [L0]: [Sent at 1641834481740] ( move 8 2 8 3 )
LOG 1641834481743 [L0]: [Received at 1641834481743] ( PLAY 26.breakthrough.1641834476510 (( move 8 2 8 3 ) noop ) )
LOG 1641834481750 [L0]: [Sent at 1641834481750] noop
LOG 1641834481753 [L0]: [Received at 1641834481753] ( PLAY 26.breakthrough.1641834476510 (noop ( move 5 7 5 6 ) ) )
LOG 1641834481754 [L0]: [Sent at 1641834481754] ( move 5 3 4 4 )
LOG 1641834481758 [L0]: [Received at 1641834481758] ( PLAY 26.breakthrough.1641834476510 (( move 5 3 4 4 ) noop ) )
LOG 1641834481759 [L0]: [Sent at 1641834481759] noop
LOG 1641834481762 [L0]: [Received at 1641834481762] ( PLAY 26.breakthrough.1641834476510 (noop ( move 2 7 2 6 ) ) )
LOG 1641834481763 [L0]: [Sent at 1641834481763] ( move 7 2 7 3 )
LOG 1641834481768 [L0]: [Received at 1641834481768] ( PLAY 26.breakthrough.1641834476510 (( move 7 2 7 3 ) noop ) )
LOG 1641834481769 [L0]: [Sent at 1641834481769] noop
LOG 1641834481773 [L0]: [Received at 1641834481773] ( PLAY 26.breakthrough.1641834476510 (noop ( move 1 8 2 7 ) ) )
LOG 1641834481774 [L0]: [Sent at 1641834481774] ( move 6 1 7 2 )
LOG 1641834481778 [L0]: [Received at 1641834481778] ( PLAY 26.breakthrough.1641834476510 (( move 6 1 7 2 ) noop ) )
LOG 1641834481779 [L0]: [Sent at 1641834481779] noop
LOG 1641834481782 [L0]: [Received at 1641834481782] ( PLAY 26.breakthrough.1641834476510 (noop ( move 1 7 1 6 ) ) )
LOG 1641834481783 [L0]: [Sent at 1641834481783] ( move 7 3 6 4 )
LOG 1641834481785 [L0]: [Received at 1641834481785] ( PLAY 26.breakthrough.1641834476510 (( move 7 3 6 4 ) noop ) )
LOG 1641834481787 [L0]: [Sent at 1641834481787] noop
LOG 1641834481791 [L0]: [Received at 1641834481791] ( PLAY 26.breakthrough.1641834476510 (noop ( move 3 7 4 6 ) ) )
LOG 1641834481792 [L0]: [Sent at 1641834481792] ( move 4 2 3 3 )
LOG 1641834481795 [L0]: [Received at 1641834481795] ( PLAY 26.breakthrough.1641834476510 (( move 4 2 3 3 ) noop ) )
LOG 1641834481796 [L0]: [Sent at 1641834481796] noop
LOG 1641834481799 [L0]: [Received at 1641834481799] ( PLAY 26.breakthrough.1641834476510 (noop ( move 2 6 2 5 ) ) )
LOG 1641834481800 [L0]: [Sent at 1641834481800] ( move 3 2 4 3 )
LOG 1641834481803 [L0]: [Received at 1641834481803] ( PLAY 26.breakthrough.1641834476510 (( move 3 2 4 3 ) noop ) )
LOG 1641834481805 [L0]: [Sent at 1641834481805] noop
LOG 1641834481807 [L0]: [Received at 1641834481807] ( PLAY 26.breakthrough.1641834476510 (noop ( move 4 8 3 7 ) ) )
LOG 1641834481808 [L0]: [Sent at 1641834481808] ( move 4 4 5 5 )
LOG 1641834481811 [L0]: [Received at 1641834481811] ( PLAY 26.breakthrough.1641834476510 (( move 4 4 5 5 ) noop ) )
LOG 1641834481812 [L0]: [Sent at 1641834481812] noop
LOG 1641834481815 [L0]: [Received at 1641834481815] ( PLAY 26.breakthrough.1641834476510 (noop ( move 4 6 3 5 ) ) )
LOG 1641834481816 [L0]: [Sent at 1641834481816] ( move 4 3 3 4 )
LOG 1641834481820 [L0]: [Received at 1641834481820] ( PLAY 26.breakthrough.1641834476510 (( move 4 3 3 4 ) noop ) )
LOG 1641834481821 [L0]: [Sent at 1641834481821] noop
LOG 1641834481823 [L0]: [Received at 1641834481823] ( PLAY 26.breakthrough.1641834476510 (noop ( move 4 7 4 6 ) ) )
LOG 1641834481825 [L0]: [Sent at 1641834481825] ( move 5 1 6 2 )
LOG 1641834481827 [L0]: [Received at 1641834481827] ( PLAY 26.breakthrough.1641834476510 (( move 5 1 6 2 ) noop ) )
LOG 1641834481828 [L0]: [Sent at 1641834481828] noop
LOG 1641834481831 [L0]: [Received at 1641834481831] ( PLAY 26.breakthrough.1641834476510 (noop ( move 6 8 7 7 ) ) )
LOG 1641834481832 [L0]: [Sent at 1641834481832] ( move 6 4 6 5 )
LOG 1641834481835 [L0]: [Received at 1641834481835] ( PLAY 26.breakthrough.1641834476510 (( move 6 4 6 5 ) noop ) )
LOG 1641834481836 [L0]: [Sent at 1641834481836] noop
LOG 1641834481839 [L0]: [Received at 1641834481839] ( PLAY 26.breakthrough.1641834476510 (noop ( move 5 8 5 7 ) ) )
LOG 1641834481840 [L0]: [Sent at 1641834481840] ( move 8 3 7 4 )
LOG 1641834481844 [L0]: [Received at 1641834481844] ( PLAY 26.breakthrough.1641834476510 (( move 8 3 7 4 ) noop ) )
LOG 1641834481845 [L0]: [Sent at 1641834481845] noop
LOG 1641834481847 [L0]: [Received at 1641834481847] ( PLAY 26.breakthrough.1641834476510 (noop ( move 7 7 8 6 ) ) )
LOG 1641834481849 [L0]: [Sent at 1641834481849] ( move 7 2 7 3 )
LOG 1641834481851 [L0]: [Received at 1641834481851] ( PLAY 26.breakthrough.1641834476510 (( move 7 2 7 3 ) noop ) )
LOG 1641834481852 [L0]: [Sent at 1641834481852] noop
LOG 1641834481873 [L0]: [Received at 1641834481873] ( PLAY 26.breakthrough.1641834476510 (noop ( move 2 5 2 4 ) ) )
LOG 1641834481875 [L0]: [Sent at 1641834481875] ( move 5 5 4 6 )
LOG 1641834481877 [L0]: [Received at 1641834481877] ( PLAY 26.breakthrough.1641834476510 (( move 5 5 4 6 ) noop ) )
LOG 1641834481878 [L0]: [Sent at 1641834481878] noop
LOG 1641834481882 [L0]: [Received at 1641834481882] ( PLAY 26.breakthrough.1641834476510 (noop ( move 7 8 7 7 ) ) )
LOG 1641834481884 [L0]: [Sent at 1641834481884] ( move 2 2 1 3 )
LOG 1641834481888 [L0]: [Received at 1641834481888] ( PLAY 26.breakthrough.1641834476510 (( move 2 2 1 3 ) noop ) )
LOG 1641834481889 [L0]: [Sent at 1641834481889] noop
LOG 1641834481892 [L0]: [Received at 1641834481892] ( PLAY 26.breakthrough.1641834476510 (noop ( move 2 4 1 3 ) ) )
LOG 1641834481894 [L0]: [Sent at 1641834481894] ( move 4 6 4 7 )
LOG 1641834481896 [L0]: [Received at 1641834481896] ( PLAY 26.breakthrough.1641834476510 (( move 4 6 4 7 ) noop ) )
LOG 1641834481897 [L0]: [Sent at 1641834481897] noop
LOG 1641834481900 [L0]: [Received at 1641834481900] ( PLAY 26.breakthrough.1641834476510 (noop ( move 1 6 1 5 ) ) )
LOG 1641834481901 [L0]: [Sent at 1641834481901] ( move 6 5 5 6 )
LOG 1641834481904 [L0]: [Received at 1641834481904] ( PLAY 26.breakthrough.1641834476510 (( move 6 5 5 6 ) noop ) )
LOG 1641834481905 [L0]: [Sent at 1641834481905] noop
LOG 1641834481908 [L0]: [Received at 1641834481908] ( PLAY 26.breakthrough.1641834476510 (noop ( move 6 7 5 6 ) ) )
LOG 1641834481909 [L0]: [Sent at 1641834481909] ( move 3 1 4 2 )
LOG 1641834481912 [L0]: [Received at 1641834481912] ( PLAY 26.breakthrough.1641834476510 (( move 3 1 4 2 ) noop ) )
LOG 1641834481913 [L0]: [Sent at 1641834481913] noop
LOG 1641834481915 [L0]: [Received at 1641834481915] ( PLAY 26.breakthrough.1641834476510 (noop ( move 5 7 4 6 ) ) )
LOG 1641834481916 [L0]: [Sent at 1641834481916] ( move 1 1 2 2 )
LOG 1641834481919 [L0]: [Received at 1641834481919] ( PLAY 26.breakthrough.1641834476510 (( move 1 1 2 2 ) noop ) )
LOG 1641834481920 [L0]: [Sent at 1641834481920] noop
LOG 1641834481923 [L0]: [Received at 1641834481923] ( PLAY 26.breakthrough.1641834476510 (noop ( move 3 8 4 7 ) ) )
LOG 1641834481924 [L0]: [Sent at 1641834481924] ( move 5 2 4 3 )
LOG 1641834481926 [L0]: [Received at 1641834481926] ( PLAY 26.breakthrough.1641834476510 (( move 5 2 4 3 ) noop ) )
LOG 1641834481928 [L0]: [Sent at 1641834481928] noop
LOG 1641834481931 [L0]: [Received at 1641834481931] ( PLAY 26.breakthrough.1641834476510 (noop ( move 5 6 4 5 ) ) )
LOG 1641834481932 [L0]: [Sent at 1641834481932] ( move 4 1 5 2 )
LOG 1641834481934 [L0]: [Received at 1641834481934] ( PLAY 26.breakthrough.1641834476510 (( move 4 1 5 2 ) noop ) )
LOG 1641834481936 [L0]: [Sent at 1641834481936] noop
LOG 1641834481938 [L0]: [Received at 1641834481938] ( PLAY 26.breakthrough.1641834476510 (noop ( move 4 7 5 6 ) ) )
LOG 1641834481939 [L0]: [Sent at 1641834481939] ( move 1 2 2 3 )
LOG 1641834481942 [L0]: [Received at 1641834481942] ( PLAY 26.breakthrough.1641834476510 (( move 1 2 2 3 ) noop ) )
LOG 1641834481944 [L0]: [Sent at 1641834481944] noop
LOG 1641834481946 [L0]: [Received at 1641834481946] ( PLAY 26.breakthrough.1641834476510 (noop ( move 8 6 8 5 ) ) )
LOG 1641834481948 [L0]: [Sent at 1641834481948] ( move 7 1 7 2 )
LOG 1641834481950 [L0]: [Received at 1641834481950] ( PLAY 26.breakthrough.1641834476510 (( move 7 1 7 2 ) noop ) )
LOG 1641834481951 [L0]: [Sent at 1641834481951] noop
LOG 1641834481953 [L0]: [Received at 1641834481953] ( PLAY 26.breakthrough.1641834476510 (noop ( move 4 5 3 4 ) ) )
LOG 1641834481954 [L0]: [Sent at 1641834481954] ( move 2 1 3 2 )
LOG 1641834481958 [L0]: [Received at 1641834481958] ( PLAY 26.breakthrough.1641834476510 (( move 2 1 3 2 ) noop ) )
LOG 1641834481959 [L0]: [Sent at 1641834481959] noop
LOG 1641834481961 [L0]: [Received at 1641834481961] ( PLAY 26.breakthrough.1641834476510 (noop ( move 3 5 2 4 ) ) )
LOG 1641834481963 [L0]: [Sent at 1641834481963] ( move 2 2 1 3 )
LOG 1641834481965 [L0]: [Received at 1641834481965] ( PLAY 26.breakthrough.1641834476510 (( move 2 2 1 3 ) noop ) )
LOG 1641834481966 [L0]: [Sent at 1641834481966] noop
LOG 1641834481969 [L0]: [Received at 1641834481969] ( PLAY 26.breakthrough.1641834476510 (noop ( move 5 6 6 5 ) ) )
LOG 1641834481970 [L0]: [Sent at 1641834481970] ( move 7 3 8 4 )
LOG 1641834481972 [L0]: [Received at 1641834481972] ( PLAY 26.breakthrough.1641834476510 (( move 7 3 8 4 ) noop ) )
LOG 1641834481973 [L0]: [Sent at 1641834481973] noop
LOG 1641834481977 [L0]: [Received at 1641834481977] ( PLAY 26.breakthrough.1641834476510 (noop ( move 2 8 1 7 ) ) )
LOG 1641834481978 [L0]: [Sent at 1641834481978] ( move 2 3 1 4 )
LOG 1641834481981 [L0]: [Received at 1641834481981] ( PLAY 26.breakthrough.1641834476510 (( move 2 3 1 4 ) noop ) )
LOG 1641834481982 [L0]: [Sent at 1641834481982] noop
LOG 1641834481985 [L0]: [Received at 1641834481985] ( PLAY 26.breakthrough.1641834476510 (noop ( move 8 5 7 4 ) ) )
LOG 1641834481986 [L0]: [Sent at 1641834481986] ( move 7 2 6 3 )
LOG 1641834481988 [L0]: [Received at 1641834481988] ( PLAY 26.breakthrough.1641834476510 (( move 7 2 6 3 ) noop ) )
LOG 1641834481990 [L0]: [Sent at 1641834481990] noop
LOG 1641834481992 [L0]: [Received at 1641834481992] ( PLAY 26.breakthrough.1641834476510 (noop ( move 7 4 7 3 ) ) )
LOG 1641834481993 [L0]: [Sent at 1641834481993] ( move 4 3 3 4 )
LOG 1641834481995 [L0]: [Received at 1641834481995] ( PLAY 26.breakthrough.1641834476510 (( move 4 3 3 4 ) noop ) )
LOG 1641834481996 [L0]: [Sent at 1641834481996] noop
LOG 1641834481998 [L0]: [Received at 1641834481998] ( PLAY 26.breakthrough.1641834476510 (noop ( move 7 7 7 6 ) ) )
LOG 1641834481999 [L0]: [Sent at 1641834481999] ( move 5 2 4 3 )
LOG 1641834482002 [L0]: [Received at 1641834482002] ( PLAY 26.breakthrough.1641834476510 (( move 5 2 4 3 ) noop ) )
LOG 1641834482003 [L0]: [Sent at 1641834482003] noop
LOG 1641834482006 [L0]: [Received at 1641834482006] ( PLAY 26.breakthrough.1641834476510 (noop ( move 2 7 3 6 ) ) )
LOG 1641834482007 [L0]: [Sent at 1641834482007] ( move 1 4 2 5 )
LOG 1641834482009 [L0]: [Received at 1641834482009] ( PLAY 26.breakthrough.1641834476510 (( move 1 4 2 5 ) noop ) )
LOG 1641834482010 [L0]: [Sent at 1641834482010] noop
LOG 1641834482012 [L0]: [Received at 1641834482012] ( PLAY 26.breakthrough.1641834476510 (noop ( move 7 6 7 5 ) ) )
LOG 1641834482013 [L0]: [Sent at 1641834482013] ( move 2 5 3 6 )
LOG 1641834482015 [L0]: [Received at 1641834482015] ( PLAY 26.breakthrough.1641834476510 (( move 2 5 3 6 ) noop ) )
LOG 1641834482017 [L0]: [Sent at 1641834482017] noop
LOG 1641834482019 [L0]: [Received at 1641834482019] ( PLAY 26.breakthrough.1641834476510 (noop ( move 7 3 6 2 ) ) )
LOG 1641834482020 [L0]: [Sent at 1641834482020] ( move 4 2 5 3 )
LOG 1641834482022 [L0]: [Received at 1641834482022] ( PLAY 26.breakthrough.1641834476510 (( move 4 2 5 3 ) noop ) )
LOG 1641834482023 [L0]: [Sent at 1641834482023] noop
LOG 1641834482025 [L0]: [Received at 1641834482025] ( PLAY 26.breakthrough.1641834476510 (noop ( move 6 5 7 4 ) ) )
LOG 1641834482026 [L0]: [Sent at 1641834482026] ( move 3 3 4 4 )
LOG 1641834482028 [L0]: [Received at 1641834482028] ( PLAY 26.breakthrough.1641834476510 (( move 3 3 4 4 ) noop ) )
LOG 1641834482030 [L0]: [Sent at 1641834482030] noop
LOG 1641834482032 [L0]: [Received at 1641834482032] ( PLAY 26.breakthrough.1641834476510 (noop ( move 7 4 7 3 ) ) )
LOG 1641834482033 [L0]: [Sent at 1641834482033] ( move 3 2 3 3 )
LOG 1641834482035 [L0]: [Received at 1641834482035] ( PLAY 26.breakthrough.1641834476510 (( move 3 2 3 3 ) noop ) )
LOG 1641834482036 [L0]: [Sent at 1641834482036] noop
LOG 1641834482038 [L0]: [Received at 1641834482038] ( PLAY 26.breakthrough.1641834476510 (noop ( move 2 4 3 3 ) ) )
LOG 1641834482039 [L0]: [Sent at 1641834482039] ( move 4 4 4 5 )
LOG 1641834482041 [L0]: [Received at 1641834482041] ( PLAY 26.breakthrough.1641834476510 (( move 4 4 4 5 ) noop ) )
LOG 1641834482043 [L0]: [Sent at 1641834482043] noop
LOG 1641834482045 [L0]: [Received at 1641834482045] ( PLAY 26.breakthrough.1641834476510 (noop ( move 7 5 8 4 ) ) )
LOG 1641834482046 [L0]: [Sent at 1641834482046] ( move 5 3 5 4 )
LOG 1641834482048 [L0]: [Received at 1641834482048] ( PLAY 26.breakthrough.1641834476510 (( move 5 3 5 4 ) noop ) )
LOG 1641834482050 [L0]: [Sent at 1641834482050] noop
LOG 1641834482052 [L0]: [Received at 1641834482052] ( PLAY 26.breakthrough.1641834476510 (noop ( move 3 7 2 6 ) ) )
LOG 1641834482053 [L0]: [Sent at 1641834482053] ( move 3 4 2 5 )
LOG 1641834482055 [L0]: [Received at 1641834482055] ( PLAY 26.breakthrough.1641834476510 (( move 3 4 2 5 ) noop ) )
LOG 1641834482056 [L0]: [Sent at 1641834482056] noop
LOG 1641834482058 [L0]: [Received at 1641834482058] ( PLAY 26.breakthrough.1641834476510 (noop ( move 8 8 7 7 ) ) )
LOG 1641834482059 [L0]: [Sent at 1641834482059] ( move 3 6 3 7 )
LOG 1641834482062 [L0]: [Received at 1641834482062] ( PLAY 26.breakthrough.1641834476510 (( move 3 6 3 7 ) noop ) )
LOG 1641834482063 [L0]: [Sent at 1641834482063] noop
LOG 1641834482065 [L0]: [Received at 1641834482065] ( PLAY 26.breakthrough.1641834476510 (noop ( move 8 7 7 6 ) ) )
LOG 1641834482067 [L0]: [Sent at 1641834482067] ( move 5 4 6 5 )
LOG 1641834482069 [L0]: [Received at 1641834482069] ( PLAY 26.breakthrough.1641834476510 (( move 5 4 6 5 ) noop ) )
LOG 1641834482070 [L0]: [Sent at 1641834482070] noop
LOG 1641834482072 [L0]: [Received at 1641834482072] ( PLAY 26.breakthrough.1641834476510 (noop ( move 8 4 8 3 ) ) )
LOG 1641834482073 [L0]: [Sent at 1641834482073] ( move 3 7 3 8 )
LOG 1641834482076 [L0]: [Received at 1641834482076] ( STOP 26.breakthrough.1641834476510 (( move 3 7 3 8 ) noop ) )
LOG 1641834482077 [L3]: Stopped logging to files at: Mon Jan 10 18:08:02 CET 2022
LOG 1641834482077 [L3]: LOG SEALED
