LOG 1641836460397 [L3]: Returning initial state machine.
LOG 1641836460397 [L3]: Returning PropNet state machine without cache.
LOG 1641836460398 [L3]: Starting metagame with available thinking time 4990ms.
LOG 1641836460399 [L3]: Starting search during metagame.
LOG 1641836465388 [L3]: Done searching during metagame.
LOG 1641836465391 [L3]: Starting move selection for game step 1 with available time 0ms.
LOG 1641836465391 [L3]: No time to select next move using MCTS. Returning random move ( move 1 2 3 3 ).
LOG 1641836465394 [L3]: Starting move selection for game step 2 with available time 0ms.
LOG 1641836465400 [L3]: No time to select next move using MCTS. Returning random move noop.
LOG 1641836465403 [L3]: Starting move selection for game step 3 with available time 0ms.
LOG 1641836465415 [L3]: No time to select next move using MCTS. Returning random move ( move 3 2 2 4 ).
LOG 1641836465418 [L3]: Starting move selection for game step 4 with available time 0ms.
LOG 1641836465428 [L3]: No time to select next move using MCTS. Returning random move noop.
LOG 1641836465431 [L3]: Starting move selection for game step 5 with available time 0ms.
LOG 1641836465431 [L3]: No time to select next move using MCTS. Returning random move ( move 5 1 4 3 ).
LOG 1641836465435 [L3]: Starting move selection for game step 6 with available time 0ms.
LOG 1641836465435 [L3]: No time to select next move using MCTS. Returning random move noop.
LOG 1641836465438 [L3]: Starting move selection for game step 7 with available time 0ms.
LOG 1641836465439 [L3]: No time to select next move using MCTS. Returning random move ( move 3 3 5 4 ).
LOG 1641836465442 [L3]: Starting move selection for game step 8 with available time 0ms.
LOG 1641836465442 [L3]: No time to select next move using MCTS. Returning random move noop.
LOG 1641836465445 [L3]: Starting move selection for game step 9 with available time 0ms.
LOG 1641836465446 [L3]: No time to select next move using MCTS. Returning random move ( move 8 1 7 3 ).
LOG 1641836465449 [L3]: Starting move selection for game step 10 with available time 0ms.
LOG 1641836465449 [L3]: No time to select next move using MCTS. Returning random move noop.
LOG 1641836465453 [L3]: Starting move selection for game step 11 with available time 0ms.
LOG 1641836465453 [L3]: No time to select next move using MCTS. Returning random move ( move 1 1 2 3 ).
LOG 1641836465456 [L3]: Starting move selection for game step 12 with available time 0ms.
LOG 1641836465456 [L3]: No time to select next move using MCTS. Returning random move noop.
LOG 1641836465460 [L3]: Starting move selection for game step 13 with available time 0ms.
LOG 1641836465461 [L3]: No time to select next move using MCTS. Returning random move ( move 8 2 7 4 ).
LOG 1641836465465 [L3]: Starting move selection for game step 14 with available time 0ms.
LOG 1641836465465 [L3]: No time to select next move using MCTS. Returning random move noop.
LOG 1641836465496 [L3]: Starting move selection for game step 15 with available time 0ms.
LOG 1641836465496 [L3]: No time to select next move using MCTS. Returning random move ( move 7 2 8 4 ).
LOG 1641836465499 [L3]: Starting move selection for game step 16 with available time 0ms.
LOG 1641836465499 [L3]: No time to select next move using MCTS. Returning random move noop.
LOG 1641836465503 [L3]: Starting move selection for game step 17 with available time 0ms.
LOG 1641836465503 [L3]: No time to select next move using MCTS. Returning random move ( move 5 2 3 3 ).
LOG 1641836465506 [L3]: Starting move selection for game step 18 with available time 0ms.
LOG 1641836465506 [L3]: No time to select next move using MCTS. Returning random move noop.
LOG 1641836465509 [L3]: Starting move selection for game step 19 with available time 0ms.
LOG 1641836465510 [L3]: No time to select next move using MCTS. Returning random move ( move 7 4 5 5 ).
LOG 1641836465513 [L3]: Starting move selection for game step 20 with available time 0ms.
LOG 1641836465514 [L3]: No time to select next move using MCTS. Returning random move noop.
LOG 1641836465518 [L3]: Starting move selection for game step 21 with available time 0ms.
LOG 1641836465518 [L3]: No time to select next move using MCTS. Returning random move ( move 6 2 7 4 ).
LOG 1641836465522 [L3]: Starting move selection for game step 22 with available time 0ms.
LOG 1641836465522 [L3]: No time to select next move using MCTS. Returning random move noop.
LOG 1641836465526 [L3]: Starting move selection for game step 23 with available time 0ms.
LOG 1641836465526 [L3]: No time to select next move using MCTS. Returning random move ( move 4 2 6 3 ).
LOG 1641836465530 [L3]: Starting move selection for game step 24 with available time 0ms.
LOG 1641836465530 [L3]: No time to select next move using MCTS. Returning random move noop.
LOG 1641836465533 [L3]: Starting move selection for game step 25 with available time 0ms.
LOG 1641836465533 [L3]: No time to select next move using MCTS. Returning random move ( move 6 1 5 3 ).
LOG 1641836465536 [L3]: Starting move selection for game step 26 with available time 0ms.
LOG 1641836465537 [L3]: No time to select next move using MCTS. Returning random move noop.
LOG 1641836465539 [L3]: Starting move selection for game step 27 with available time 0ms.
LOG 1641836465540 [L3]: No time to select next move using MCTS. Returning random move ( move 6 3 4 4 ).
LOG 1641836465542 [L3]: Starting move selection for game step 28 with available time 0ms.
LOG 1641836465543 [L3]: No time to select next move using MCTS. Returning random move noop.
LOG 1641836465545 [L3]: Starting move selection for game step 29 with available time 0ms.
LOG 1641836465546 [L3]: No time to select next move using MCTS. Returning random move ( move 5 5 3 6 ).
LOG 1641836465548 [L3]: Starting move selection for game step 30 with available time 0ms.
LOG 1641836465548 [L3]: No time to select next move using MCTS. Returning random move noop.
LOG 1641836465552 [L3]: Starting move selection for game step 31 with available time 0ms.
LOG 1641836465552 [L3]: No time to select next move using MCTS. Returning random move ( move 7 1 6 3 ).
LOG 1641836465555 [L3]: Starting move selection for game step 32 with available time 0ms.
LOG 1641836465555 [L3]: No time to select next move using MCTS. Returning random move noop.
LOG 1641836465559 [L3]: Starting move selection for game step 33 with available time 0ms.
LOG 1641836465559 [L3]: No time to select next move using MCTS. Returning random move ( move 5 4 6 6 ).
LOG 1641836465563 [L3]: Starting move selection for game step 34 with available time 0ms.
LOG 1641836465563 [L3]: No time to select next move using MCTS. Returning random move noop.
LOG 1641836465566 [L3]: Starting move selection for game step 35 with available time 0ms.
LOG 1641836465566 [L3]: No time to select next move using MCTS. Returning random move ( move 6 3 5 5 ).
LOG 1641836465569 [L3]: Starting move selection for game step 36 with available time 0ms.
LOG 1641836465569 [L3]: No time to select next move using MCTS. Returning random move noop.
LOG 1641836465571 [L3]: Starting move selection for game step 37 with available time 0ms.
LOG 1641836465572 [L3]: No time to select next move using MCTS. Returning random move ( move 4 4 6 5 ).
LOG 1641836465574 [L3]: Starting move selection for game step 38 with available time 0ms.
LOG 1641836465574 [L3]: No time to select next move using MCTS. Returning random move noop.
LOG 1641836465577 [L3]: Starting move selection for game step 39 with available time 0ms.
LOG 1641836465578 [L3]: No time to select next move using MCTS. Returning random move ( move 6 6 5 8 ).
