LOG 1641836745731 [L3]: Returning initial state machine.
LOG 1641836745732 [L3]: Returning PropNet state machine without cache.
LOG 1641836745732 [L3]: Starting metagame with available thinking time 4992ms.
LOG 1641836745734 [L3]: Starting search during metagame.
LOG 1641836750724 [L3]: Done searching during metagame.
LOG 1641836750727 [L3]: Starting move selection for game step 1 with available time 0ms.
LOG 1641836750727 [L3]: No time to select next move using MCTS. Returning random move noop.
LOG 1641836750731 [L3]: Starting move selection for game step 2 with available time 0ms.
LOG 1641836750736 [L3]: No time to select next move using MCTS. Returning random move ( move 4 7 6 6 ).
LOG 1641836750739 [L3]: Starting move selection for game step 3 with available time 0ms.
LOG 1641836750751 [L3]: No time to select next move using MCTS. Returning random move noop.
LOG 1641836750754 [L3]: Starting move selection for game step 4 with available time 0ms.
LOG 1641836750763 [L3]: No time to select next move using MCTS. Returning random move ( move 1 8 2 6 ).
LOG 1641836750767 [L3]: Starting move selection for game step 5 with available time 0ms.
LOG 1641836750767 [L3]: No time to select next move using MCTS. Returning random move noop.
LOG 1641836750770 [L3]: Starting move selection for game step 6 with available time 0ms.
LOG 1641836750770 [L3]: No time to select next move using MCTS. Returning random move ( move 8 8 7 6 ).
LOG 1641836750774 [L3]: Starting move selection for game step 7 with available time 0ms.
LOG 1641836750774 [L3]: No time to select next move using MCTS. Returning random move noop.
LOG 1641836750777 [L3]: Starting move selection for game step 8 with available time 0ms.
LOG 1641836750777 [L3]: No time to select next move using MCTS. Returning random move ( move 2 7 4 6 ).
LOG 1641836750781 [L3]: Starting move selection for game step 9 with available time 0ms.
LOG 1641836750781 [L3]: No time to select next move using MCTS. Returning random move noop.
LOG 1641836750786 [L3]: Starting move selection for game step 10 with available time 0ms.
LOG 1641836750786 [L3]: No time to select next move using MCTS. Returning random move ( move 2 8 1 6 ).
LOG 1641836750790 [L3]: Starting move selection for game step 11 with available time 0ms.
LOG 1641836750790 [L3]: No time to select next move using MCTS. Returning random move noop.
LOG 1641836750793 [L3]: Starting move selection for game step 12 with available time 0ms.
LOG 1641836750793 [L3]: No time to select next move using MCTS. Returning random move ( move 4 8 3 6 ).
LOG 1641836750797 [L3]: Starting move selection for game step 13 with available time 0ms.
LOG 1641836750797 [L3]: No time to select next move using MCTS. Returning random move noop.
LOG 1641836750800 [L3]: Starting move selection for game step 14 with available time 0ms.
LOG 1641836750801 [L3]: No time to select next move using MCTS. Returning random move ( move 2 6 4 5 ).
LOG 1641836750804 [L3]: Starting move selection for game step 15 with available time 0ms.
LOG 1641836750804 [L3]: No time to select next move using MCTS. Returning random move noop.
LOG 1641836750808 [L3]: Starting move selection for game step 16 with available time 0ms.
LOG 1641836750808 [L3]: No time to select next move using MCTS. Returning random move ( move 6 7 7 5 ).
LOG 1641836750811 [L3]: Starting move selection for game step 17 with available time 0ms.
LOG 1641836750811 [L3]: No time to select next move using MCTS. Returning random move noop.
LOG 1641836750814 [L3]: Starting move selection for game step 18 with available time 0ms.
LOG 1641836750815 [L3]: No time to select next move using MCTS. Returning random move ( move 4 5 2 4 ).
LOG 1641836750817 [L3]: Starting move selection for game step 19 with available time 0ms.
LOG 1641836750818 [L3]: No time to select next move using MCTS. Returning random move noop.
LOG 1641836750820 [L3]: Starting move selection for game step 20 with available time 0ms.
LOG 1641836750821 [L3]: No time to select next move using MCTS. Returning random move ( move 6 6 8 5 ).
LOG 1641836750824 [L3]: Starting move selection for game step 21 with available time 0ms.
LOG 1641836750824 [L3]: No time to select next move using MCTS. Returning random move noop.
LOG 1641836750827 [L3]: Starting move selection for game step 22 with available time 0ms.
LOG 1641836750828 [L3]: No time to select next move using MCTS. Returning random move ( move 1 7 2 5 ).
LOG 1641836750832 [L3]: Starting move selection for game step 23 with available time 0ms.
LOG 1641836750832 [L3]: No time to select next move using MCTS. Returning random move noop.
LOG 1641836750835 [L3]: Starting move selection for game step 24 with available time 0ms.
LOG 1641836750835 [L3]: No time to select next move using MCTS. Returning random move ( move 3 7 5 6 ).
LOG 1641836750860 [L3]: Starting move selection for game step 25 with available time 0ms.
LOG 1641836750861 [L3]: No time to select next move using MCTS. Returning random move noop.
LOG 1641836750864 [L3]: Starting move selection for game step 26 with available time 0ms.
LOG 1641836750864 [L3]: No time to select next move using MCTS. Returning random move ( move 7 5 8 3 ).
LOG 1641836750867 [L3]: Starting move selection for game step 27 with available time 0ms.
LOG 1641836750867 [L3]: No time to select next move using MCTS. Returning random move noop.
LOG 1641836750871 [L3]: Starting move selection for game step 28 with available time -1ms.
LOG 1641836750871 [L3]: No time to select next move using MCTS. Returning random move ( move 2 4 1 2 ).
LOG 1641836750874 [L3]: Starting move selection for game step 29 with available time 0ms.
LOG 1641836750874 [L3]: No time to select next move using MCTS. Returning random move noop.
LOG 1641836750878 [L3]: Starting move selection for game step 30 with available time 0ms.
LOG 1641836750879 [L3]: No time to select next move using MCTS. Returning random move ( move 8 7 6 6 ).
LOG 1641836750883 [L3]: Starting move selection for game step 31 with available time 0ms.
LOG 1641836750883 [L3]: No time to select next move using MCTS. Returning random move noop.
LOG 1641836750887 [L3]: Starting move selection for game step 32 with available time 0ms.
LOG 1641836750888 [L3]: No time to select next move using MCTS. Returning random move ( move 5 7 6 5 ).
LOG 1641836750891 [L3]: Starting move selection for game step 33 with available time 0ms.
LOG 1641836750891 [L3]: No time to select next move using MCTS. Returning random move noop.
LOG 1641836750895 [L3]: Starting move selection for game step 34 with available time 0ms.
LOG 1641836750895 [L3]: No time to select next move using MCTS. Returning random move ( move 3 8 2 6 ).
LOG 1641836750898 [L3]: Starting move selection for game step 35 with available time 0ms.
LOG 1641836750899 [L3]: No time to select next move using MCTS. Returning random move noop.
LOG 1641836750903 [L3]: Starting move selection for game step 36 with available time 0ms.
LOG 1641836750904 [L3]: No time to select next move using MCTS. Returning random move ( move 6 8 4 7 ).
LOG 1641836750908 [L3]: Starting move selection for game step 37 with available time 0ms.
LOG 1641836750908 [L3]: No time to select next move using MCTS. Returning random move noop.
LOG 1641836750911 [L3]: Starting move selection for game step 38 with available time 0ms.
LOG 1641836750912 [L3]: No time to select next move using MCTS. Returning random move ( move 5 6 7 5 ).
LOG 1641836750915 [L3]: Starting move selection for game step 39 with available time 0ms.
LOG 1641836750916 [L3]: No time to select next move using MCTS. Returning random move noop.
LOG 1641836750919 [L3]: Starting move selection for game step 40 with available time 0ms.
LOG 1641836750919 [L3]: No time to select next move using MCTS. Returning random move ( move 7 6 5 5 ).
LOG 1641836750922 [L3]: Starting move selection for game step 41 with available time 0ms.
LOG 1641836750922 [L3]: No time to select next move using MCTS. Returning random move noop.
LOG 1641836750926 [L3]: Starting move selection for game step 42 with available time 0ms.
LOG 1641836750926 [L3]: No time to select next move using MCTS. Returning random move ( move 6 5 5 3 ).
LOG 1641836750930 [L3]: Starting move selection for game step 43 with available time 0ms.
LOG 1641836750930 [L3]: No time to select next move using MCTS. Returning random move noop.
LOG 1641836750933 [L3]: Starting move selection for game step 44 with available time 0ms.
LOG 1641836750933 [L3]: No time to select next move using MCTS. Returning random move ( move 7 8 6 6 ).
LOG 1641836750936 [L3]: Starting move selection for game step 45 with available time 0ms.
LOG 1641836750936 [L3]: No time to select next move using MCTS. Returning random move noop.
LOG 1641836750939 [L3]: Starting move selection for game step 46 with available time 0ms.
LOG 1641836750939 [L3]: No time to select next move using MCTS. Returning random move ( move 5 3 3 2 ).
LOG 1641836750942 [L3]: Starting move selection for game step 47 with available time 0ms.
LOG 1641836750942 [L3]: No time to select next move using MCTS. Returning random move noop.
LOG 1641836750945 [L3]: Starting move selection for game step 48 with available time 0ms.
LOG 1641836750945 [L3]: No time to select next move using MCTS. Returning random move ( move 7 7 6 5 ).
LOG 1641836750948 [L3]: Starting move selection for game step 49 with available time 0ms.
LOG 1641836750948 [L3]: No time to select next move using MCTS. Returning random move noop.
LOG 1641836750950 [L3]: Starting move selection for game step 50 with available time 0ms.
LOG 1641836750951 [L3]: No time to select next move using MCTS. Returning random move ( move 5 5 7 4 ).
LOG 1641836750953 [L3]: Starting move selection for game step 51 with available time 0ms.
LOG 1641836750954 [L3]: No time to select next move using MCTS. Returning random move noop.
LOG 1641836750956 [L3]: Starting move selection for game step 52 with available time 0ms.
LOG 1641836750957 [L3]: No time to select next move using MCTS. Returning random move ( move 6 5 7 3 ).
LOG 1641836750960 [L3]: Starting move selection for game step 53 with available time 0ms.
LOG 1641836750960 [L3]: No time to select next move using MCTS. Returning random move noop.
LOG 1641836750962 [L3]: Starting move selection for game step 54 with available time 0ms.
LOG 1641836750963 [L3]: No time to select next move using MCTS. Returning random move ( move 4 7 3 5 ).
LOG 1641836750966 [L3]: Starting move selection for game step 55 with available time 0ms.
LOG 1641836750966 [L3]: No time to select next move using MCTS. Returning random move noop.
