LOG 1641847926673 [L3]: Returning initial state machine.
LOG 1641847926673 [L3]: Returning PropNet state machine without cache.
LOG 1641847926674 [L3]: Starting metagame with available thinking time 4990ms.
LOG 1641847926677 [L3]: Starting search during metagame.
LOG 1641847931664 [L3]: Done searching during metagame.
LOG 1641847931667 [L3]: Starting move selection for game step 1 with available time 10000ms.
LOG 1641847931667 [L3]: Selecting move using MCTS.
LOG 1641847941670 [L3]: Starting move selection for game step 2 with available time 10000ms.
LOG 1641847941675 [L3]: Selecting move using MCTS.
LOG 1641847951674 [L3]: Starting move selection for game step 3 with available time 10000ms.
LOG 1641847951678 [L3]: Selecting move using MCTS.
LOG 1641847961684 [L3]: Starting move selection for game step 4 with available time 9999ms.
LOG 1641847961690 [L3]: Selecting move using MCTS.
LOG 1641847971686 [L3]: Starting move selection for game step 5 with available time 10000ms.
LOG 1641847971688 [L3]: Selecting move using MCTS.
LOG 1641847981689 [L3]: Starting move selection for game step 6 with available time 10000ms.
LOG 1641847981690 [L3]: Selecting move using MCTS.
LOG 1641847991692 [L3]: Starting move selection for game step 7 with available time 10000ms.
LOG 1641847991693 [L3]: Selecting move using MCTS.
LOG 1641848001695 [L3]: Starting move selection for game step 8 with available time 10000ms.
LOG 1641848001696 [L3]: Selecting move using MCTS.
