LOG 1641924438540 [L3]: Returning initial state machine.
LOG 1641924438540 [L3]: Returning PropNet state machine without cache.
LOG 1641924438541 [L3]: Starting metagame with available thinking time 4991ms.
LOG 1641924438543 [L3]: Starting search during metagame.
LOG 1641924443532 [L3]: Done searching during metagame.
LOG 1641924443535 [L3]: Starting move selection for game step 1 with available time 10000ms.
LOG 1641924443536 [L3]: Selecting move using MCTS.
LOG 1641924453535 [L3]: Returning MCTS move noop.
LOG 1641924453541 [L3]: Starting move selection for game step 2 with available time 10000ms.
LOG 1641924453543 [L3]: Selecting move using MCTS.
LOG 1641924463541 [L3]: Returning MCTS move ( move 8 7 8 6 ).
LOG 1641924463546 [L3]: Starting move selection for game step 3 with available time 10000ms.
LOG 1641924463554 [L3]: Selecting move using MCTS.
LOG 1641924473546 [L3]: Returning MCTS move noop.
LOG 1641924473551 [L3]: Starting move selection for game step 4 with available time 10000ms.
LOG 1641924473554 [L3]: Selecting move using MCTS.
LOG 1641924483551 [L3]: Returning MCTS move ( move 8 6 8 5 ).
LOG 1641924483555 [L3]: Starting move selection for game step 5 with available time 10000ms.
LOG 1641924483558 [L3]: Selecting move using MCTS.
LOG 1641924493555 [L3]: Returning MCTS move noop.
LOG 1641924493559 [L3]: Starting move selection for game step 6 with available time 10000ms.
LOG 1641924493563 [L3]: Selecting move using MCTS.
LOG 1641924503559 [L3]: Returning MCTS move ( move 8 5 8 4 ).
LOG 1641924503563 [L3]: Starting move selection for game step 7 with available time 10000ms.
LOG 1641924503566 [L3]: Selecting move using MCTS.
LOG 1641924513563 [L3]: Returning MCTS move noop.
LOG 1641924513568 [L3]: Starting move selection for game step 8 with available time 10000ms.
LOG 1641924513571 [L3]: Selecting move using MCTS.
LOG 1641924523568 [L3]: Returning MCTS move ( move 8 4 7 3 ).
LOG 1641924523582 [L3]: Starting move selection for game step 9 with available time 10000ms.
LOG 1641924523586 [L3]: Selecting move using MCTS.
LOG 1641924533582 [L3]: Returning MCTS move noop.
LOG 1641924533586 [L3]: Starting move selection for game step 10 with available time 10000ms.
LOG 1641924533590 [L3]: Selecting move using MCTS.
LOG 1641924543586 [L3]: Returning MCTS move ( move 6 7 5 6 ).
LOG 1641924543590 [L3]: Starting move selection for game step 11 with available time 10000ms.
LOG 1641924543594 [L3]: Selecting move using MCTS.
LOG 1641924553590 [L3]: Returning MCTS move noop.
LOG 1641924553594 [L3]: Starting move selection for game step 12 with available time 10000ms.
LOG 1641924553598 [L3]: Selecting move using MCTS.
LOG 1641924563594 [L3]: Returning MCTS move ( move 7 3 8 2 ).
LOG 1641924563598 [L3]: Starting move selection for game step 13 with available time 10000ms.
LOG 1641924563602 [L3]: Selecting move using MCTS.
LOG 1641924573598 [L3]: Returning MCTS move noop.
LOG 1641924573614 [L3]: Starting move selection for game step 14 with available time 10000ms.
LOG 1641924573618 [L3]: Selecting move using MCTS.
LOG 1641924583614 [L3]: Returning MCTS move ( move 8 2 7 1 ).
