LOG 1641844887606 [L3]: Started match logging at: Mon Jan 10 21:01:27 CET 2022
LOG 1641844887614 [L3]: Game rules: [( role x ), ( role o ), ( init ( quad x 12 ) ), ( init ( quad o 12 ) ), ( init ( white x 5 ) ), ( init ( white o 5 ) ), ( init ( cell r1 c2 b ) ), ( init ( cell r1 c3 b ) ), ( init ( cell r1 c4 b ) ), ( init ( cell r1 c5 b ) ), ( init ( cell r1 c6 b ) ), ( init ( cell r2 c1 b ) ), ( init ( cell r2 c2 b ) ), ( init ( cell r2 c3 b ) ), ( init ( cell r2 c4 b ) ), ( init ( cell r2 c5 b ) ), ( init ( cell r2 c6 b ) ), ( init ( cell r2 c7 b ) ), ( init ( cell r3 c1 b ) ), ( init ( cell r3 c2 b ) ), ( init ( cell r3 c3 b ) ), ( init ( cell r3 c4 b ) ), ( init ( cell r3 c5 b ) ), ( init ( cell r3 c6 b ) ), ( init ( cell r3 c7 b ) ), ( init ( cell r4 c1 b ) ), ( init ( cell r4 c2 b ) ), ( init ( cell r4 c3 b ) ), ( init ( cell r4 c4 b ) ), ( init ( cell r4 c5 b ) ), ( init ( cell r4 c6 b ) ), ( init ( cell r4 c7 b ) ), ( init ( cell r5 c1 b ) ), ( init ( cell r5 c2 b ) ), ( init ( cell r5 c3 b ) ), ( init ( cell r5 c4 b ) ), ( init ( cell r5 c5 b ) ), ( init ( cell r5 c6 b ) ), ( init ( cell r5 c7 b ) ), ( init ( cell r6 c1 b ) ), ( init ( cell r6 c2 b ) ), ( init ( cell r6 c3 b ) ), ( init ( cell r6 c4 b ) ), ( init ( cell r6 c5 b ) ), ( init ( cell r6 c6 b ) ), ( init ( cell r6 c7 b ) ), ( init ( cell r7 c2 b ) ), ( init ( cell r7 c3 b ) ), ( init ( cell r7 c4 b ) ), ( init ( cell r7 c5 b ) ), ( init ( cell r7 c6 b ) ), ( init ( control x ) ), ( ncol c1 c2 ), ( ncol c2 c3 ), ( ncol c3 c4 ), ( ncol c4 c5 ), ( ncol c5 c6 ), ( ncol c6 c7 ), ( nrow r1 r2 ), ( nrow r2 r3 ), ( nrow r3 r4 ), ( nrow r4 r5 ), ( nrow r5 r6 ), ( nrow r6 r7 ), ( <= ( prow ?x ?y ) ( nrow ?y ?x ) ), ( <= ( pcol ?x ?y ) ( ncol ?y ?x ) ), ( succ 0 1 ), ( succ 1 2 ), ( succ 2 3 ), ( succ 3 4 ), ( succ 4 5 ), ( succ 5 6 ), ( succ 6 7 ), ( succ 7 8 ), ( succ 8 9 ), ( succ 9 10 ), ( succ 10 11 ), ( succ 11 12 ), ( succ 12 13 ), ( succ 13 14 ), ( succ 14 15 ), ( succ 15 16 ), ( succ 16 17 ), ( succ 17 18 ), ( succ 18 19 ), ( succ 19 20 ), ( <= ( legal ?player ( mark ?x ?y ) ) ( true ( cell ?x ?y b ) ) ( true ( control ?player ) ) ), ( <= ( legal ?player ( block ?x ?y ) ) ( true ( cell ?x ?y b ) ) ( true ( control ?player ) ) ( true ( white ?player ?c ) ) ( distinct ?c 0 ) ), ( <= ( legal x noop ) ( true ( control o ) ) ), ( <= ( legal o noop ) ( true ( control x ) ) ), ( <= ( next ( cell ?m ?n ?p ) ) ( does ?p ( mark ?m ?n ) ) ), ( <= ( next ( cell ?m ?n w ) ) ( does ?p ( block ?m ?n ) ) ), ( <= ( next ( cell ?m ?n ?p ) ) ( true ( cell ?m ?n ?p ) ) ( distinct ?p b ) ), ( <= ( next ( cell ?m ?n b ) ) ( does ?W ( mark ?j ?k ) ) ( true ( cell ?m ?n b ) ) ( distinct ?m ?j ) ), ( <= ( next ( cell ?m ?n b ) ) ( does ?W ( mark ?j ?k ) ) ( true ( cell ?m ?n b ) ) ( distinct ?n ?k ) ), ( <= ( next ( cell ?m ?n b ) ) ( does ?W ( block ?j ?k ) ) ( true ( cell ?m ?n b ) ) ( distinct ?m ?j ) ), ( <= ( next ( cell ?m ?n b ) ) ( does ?W ( block ?j ?k ) ) ( true ( cell ?m ?n b ) ) ( distinct ?n ?k ) ), ( <= ( next ( quad ?p ?c ) ) ( true ( control ?q ) ) ( true ( quad ?p ?c ) ) ( distinct ?p ?q ) ), ( <= ( next ( white ?p ?c ) ) ( true ( control ?q ) ) ( true ( white ?p ?c ) ) ( distinct ?p ?q ) ), ( <= ( next ( quad ?p ?c ) ) ( does ?p ( mark ?j ?k ) ) ( true ( quad ?p ?c1 ) ) ( succ ?c ?c1 ) ), ( <= ( next ( white ?p ?c ) ) ( does ?p ( block ?j ?k ) ) ( true ( white ?p ?c1 ) ) ( succ ?c ?c1 ) ), ( <= ( next ( quad ?p ?c ) ) ( does ?p ( block ?j ?k ) ) ( true ( quad ?p ?c ) ) ), ( <= ( next ( white ?p ?c ) ) ( does ?p ( mark ?j ?k ) ) ( true ( white ?p ?c ) ) ), ( <= ( next ( control x ) ) ( does o ( mark ?j ?k ) ) ( true ( control o ) ) ), ( <= ( next ( control o ) ) ( does x ( mark ?j ?k ) ) ( true ( control x ) ) ), ( <= ( next ( control ?p ) ) ( does ?p ( block ?j ?k ) ) ( true ( control ?p ) ) ), ( <= ( square ?x1 ?y1 ?x1 ?y2 ?x2 ?y1 ?x2 ?y2 ) ( ncol ?y1 ?y2 ) ( nrow ?x1 ?x2 ) ), ( <= ( square ?x1 ?y1 ?x1 ?y2 ?x2 ?y1 ?x2 ?y2 ) ( ncol ?y3 ?y2 ) ( nrow ?x3 ?x2 ) ( square ?x1 ?y1 ?x1 ?y3 ?x3 ?y1 ?x3 ?y3 ) ), ( <= ( square ?x1 ?y1 ?x2 ?y2 ?x3 ?y3 ?x4 ?y4 ) ( prow ?x2p ?x2 ) ( ncol ?y3n ?y3 ) ( prow ?x4p ?x4 ) ( ncol ?y4n ?y4 ) ( square ?x1 ?y1 ?x2p ?y2 ?x3 ?y3n ?x4p ?y4n ) ), ( <= win ( true ( cell ?x1 ?y1 x ) ) ( true ( cell ?x2 ?y2 x ) ) ( true ( cell ?x3 ?y3 x ) ) ( true ( cell ?x4 ?y4 x ) ) ( square ?x1 ?y1 ?x2 ?y2 ?x3 ?y3 ?x4 ?y4 ) ), ( <= lose ( true ( cell ?x1 ?y1 o ) ) ( true ( cell ?x2 ?y2 o ) ) ( true ( cell ?x3 ?y3 o ) ) ( true ( cell ?x4 ?y4 o ) ) ( square ?x1 ?y1 ?x2 ?y2 ?x3 ?y3 ?x4 ?y4 ) ), ( <= winByOpenQuad ( not lose ) ( not open ) ( true ( cell ?x1 ?y1 x ) ) ( true ( cell ?x2 ?y2 x ) ) ( true ( cell ?x3 ?y3 x ) ) ( true ( cell ?x4 ?y4 b ) ) ( square ?x1 ?y1 ?x2 ?y2 ?x3 ?y3 ?x4 ?y4 ) ), ( <= winByOpenQuad ( not lose ) ( not open ) ( true ( cell ?x1 ?y1 x ) ) ( true ( cell ?x2 ?y2 b ) ) ( true ( cell ?x3 ?y3 x ) ) ( true ( cell ?x4 ?y4 x ) ) ( square ?x1 ?y1 ?x2 ?y2 ?x3 ?y3 ?x4 ?y4 ) ), ( <= winByOpenQuad ( not lose ) ( not open ) ( true ( cell ?x1 ?y1 x ) ) ( true ( cell ?x2 ?y2 x ) ) ( true ( cell ?x3 ?y3 b ) ) ( true ( cell ?x4 ?y4 x ) ) ( square ?x1 ?y1 ?x2 ?y2 ?x3 ?y3 ?x4 ?y4 ) ), ( <= winByOpenQuad ( not lose ) ( not open ) ( true ( cell ?x1 ?y1 b ) ) ( true ( cell ?x2 ?y2 x ) ) ( true ( cell ?x3 ?y3 x ) ) ( true ( cell ?x4 ?y4 x ) ) ( square ?x1 ?y1 ?x2 ?y2 ?x3 ?y3 ?x4 ?y4 ) ), ( <= open ( true ( quad ?p ?c ) ) ( distinct ?c 0 ) ), ( <= ( more ?x 0 ) ( succ ?y ?x ) ), ( <= ( more ?x ?y ) ( succ ?x1 ?x ) ( succ ?y1 ?y ) ( more ?x1 ?y1 ) ), ( <= morewhite ( true ( white x ?a ) ) ( true ( white o ?b ) ) ( more ?a ?b ) ), ( <= lesswhite ( true ( white x ?a ) ) ( true ( white o ?b ) ) ( more ?b ?a ) ), ( <= equalwhite ( true ( white x ?a ) ) ( true ( white o ?a ) ) ), ( <= ( goal x 100 ) win ), ( <= ( goal x 95 ) ( not win ) winByOpenQuad ), ( <= ( goal x 90 ) ( not win ) ( not winByOpenQuad ) ( not lose ) ( not open ) morewhite ), ( <= ( goal x 50 ) ( not win ) ( not winByOpenQuad ) ( not lose ) ( not open ) equalwhite ), ( <= ( goal x 10 ) ( not win ) ( not winByOpenQuad ) ( not lose ) ( not open ) lesswhite ), ( <= ( goal x 0 ) lose ), ( <= ( goal o 100 ) lose ), ( <= ( goal o 90 ) ( not win ) ( not winByOpenQuad ) ( not lose ) ( not open ) lesswhite ), ( <= ( goal o 50 ) ( not win ) ( not winByOpenQuad ) ( not lose ) ( not open ) equalwhite ), ( <= ( goal o 10 ) ( not win ) ( not winByOpenQuad ) ( not lose ) ( not open ) morewhite ), ( <= ( goal o 5 ) ( not win ) winByOpenQuad ), ( <= ( goal o 0 ) win ), ( <= terminal win ), ( <= terminal lose ), ( <= terminal ( not open ) )]
LOG 1641844887614 [L3]: Start clock: 15
LOG 1641844887615 [L3]: Play clock: 10
LOG 1641844892758 [L0]: [Sent at 1641844892758] ready
LOG 1641844892759 [L0]: [Received at 1641844892759] ( PLAY 30.quad_7x7.1641844887198 NIL )
LOG 1641844892760 [L0]: [Sent at 1641844892760] noop
LOG 1641844892762 [L0]: [Received at 1641844892762] ( PLAY 30.quad_7x7.1641844887198 (( block r4 c1 ) noop ) )
LOG 1641844892764 [L0]: [Sent at 1641844892764] noop
LOG 1641844892767 [L0]: [Received at 1641844892767] ( PLAY 30.quad_7x7.1641844887198 (( block r1 c6 ) noop ) )
LOG 1641844892768 [L0]: [Sent at 1641844892768] noop
LOG 1641844892771 [L0]: [Received at 1641844892771] ( PLAY 30.quad_7x7.1641844887198 (( mark r4 c3 ) noop ) )
LOG 1641844892774 [L0]: [Sent at 1641844892774] ( block r5 c3 )
LOG 1641844892777 [L0]: [Received at 1641844892777] ( PLAY 30.quad_7x7.1641844887198 (noop ( block r5 c3 ) ) )
LOG 1641844892778 [L0]: [Sent at 1641844892778] ( block r1 c4 )
LOG 1641844892780 [L0]: [Received at 1641844892780] ( PLAY 30.quad_7x7.1641844887198 (noop ( block r1 c4 ) ) )
LOG 1641844892781 [L0]: [Sent at 1641844892781] ( block r5 c1 )
LOG 1641844892783 [L0]: [Received at 1641844892783] ( PLAY 30.quad_7x7.1641844887198 (noop ( block r5 c1 ) ) )
LOG 1641844892784 [L0]: [Sent at 1641844892784] ( block r2 c5 )
LOG 1641844892786 [L0]: [Received at 1641844892786] ( PLAY 30.quad_7x7.1641844887198 (noop ( block r2 c5 ) ) )
LOG 1641844892787 [L0]: [Sent at 1641844892787] ( block r2 c3 )
LOG 1641844892789 [L0]: [Received at 1641844892789] ( PLAY 30.quad_7x7.1641844887198 (noop ( block r2 c3 ) ) )
LOG 1641844892790 [L0]: [Sent at 1641844892790] ( mark r4 c2 )
LOG 1641844892792 [L0]: [Received at 1641844892792] ( PLAY 30.quad_7x7.1641844887198 (noop ( mark r4 c2 ) ) )
LOG 1641844892793 [L0]: [Sent at 1641844892793] noop
LOG 1641844892795 [L0]: [Received at 1641844892795] ( PLAY 30.quad_7x7.1641844887198 (( block r3 c5 ) noop ) )
LOG 1641844892796 [L0]: [Sent at 1641844892796] noop
LOG 1641844892800 [L0]: [Received at 1641844892800] ( PLAY 30.quad_7x7.1641844887198 (( mark r4 c7 ) noop ) )
LOG 1641844892801 [L0]: [Sent at 1641844892801] ( mark r2 c1 )
LOG 1641844892803 [L0]: [Received at 1641844892803] ( PLAY 30.quad_7x7.1641844887198 (noop ( mark r2 c1 ) ) )
LOG 1641844892804 [L0]: [Sent at 1641844892804] noop
LOG 1641844892811 [L0]: [Received at 1641844892811] ( PLAY 30.quad_7x7.1641844887198 (( mark r5 c5 ) noop ) )
LOG 1641844892812 [L0]: [Sent at 1641844892812] ( mark r3 c6 )
LOG 1641844892817 [L0]: [Received at 1641844892817] ( PLAY 30.quad_7x7.1641844887198 (noop ( mark r3 c6 ) ) )
LOG 1641844892818 [L0]: [Sent at 1641844892818] noop
LOG 1641844892820 [L0]: [Received at 1641844892820] ( PLAY 30.quad_7x7.1641844887198 (( block r7 c5 ) noop ) )
LOG 1641844892821 [L0]: [Sent at 1641844892821] noop
LOG 1641844892835 [L0]: [Received at 1641844892835] ( PLAY 30.quad_7x7.1641844887198 (( mark r5 c4 ) noop ) )
LOG 1641844892836 [L0]: [Sent at 1641844892836] ( mark r2 c7 )
LOG 1641844892848 [L0]: [Received at 1641844892848] ( PLAY 30.quad_7x7.1641844887198 (noop ( mark r2 c7 ) ) )
LOG 1641844892849 [L0]: [Sent at 1641844892849] noop
LOG 1641844892852 [L0]: [Received at 1641844892852] ( PLAY 30.quad_7x7.1641844887198 (( block r3 c4 ) noop ) )
LOG 1641844892853 [L0]: [Sent at 1641844892853] noop
LOG 1641844892884 [L0]: [Received at 1641844892884] ( PLAY 30.quad_7x7.1641844887198 (( mark r4 c5 ) noop ) )
LOG 1641844892885 [L0]: [Sent at 1641844892885] ( mark r5 c2 )
LOG 1641844892903 [L0]: [Received at 1641844892903] ( PLAY 30.quad_7x7.1641844887198 (noop ( mark r5 c2 ) ) )
LOG 1641844892904 [L0]: [Sent at 1641844892904] noop
LOG 1641844892959 [L0]: [Received at 1641844892959] ( PLAY 30.quad_7x7.1641844887198 (( mark r1 c5 ) noop ) )
LOG 1641844892960 [L0]: [Sent at 1641844892960] ( mark r2 c2 )
LOG 1641844892992 [L0]: [Received at 1641844892992] ( PLAY 30.quad_7x7.1641844887198 (noop ( mark r2 c2 ) ) )
LOG 1641844892993 [L0]: [Sent at 1641844892993] noop
LOG 1641844893185 [L0]: [Received at 1641844893185] ( PLAY 30.quad_7x7.1641844887198 (( mark r2 c4 ) noop ) )
LOG 1641844893187 [L0]: [Sent at 1641844893187] ( mark r5 c7 )
LOG 1641844893244 [L0]: [Received at 1641844893244] ( PLAY 30.quad_7x7.1641844887198 (noop ( mark r5 c7 ) ) )
LOG 1641844893245 [L0]: [Sent at 1641844893245] noop
LOG 1641844893335 [L0]: [Received at 1641844893335] ( PLAY 30.quad_7x7.1641844887198 (( mark r6 c3 ) noop ) )
LOG 1641844893337 [L0]: [Sent at 1641844893337] ( mark r3 c3 )
LOG 1641844893424 [L0]: [Received at 1641844893424] ( PLAY 30.quad_7x7.1641844887198 (noop ( mark r3 c3 ) ) )
LOG 1641844893425 [L0]: [Sent at 1641844893425] noop
LOG 1641844893607 [L0]: [Received at 1641844893607] ( PLAY 30.quad_7x7.1641844887198 (( mark r2 c6 ) noop ) )
LOG 1641844893608 [L0]: [Sent at 1641844893608] ( mark r3 c1 )
LOG 1641844893850 [L0]: [Received at 1641844893850] ( STOP 30.quad_7x7.1641844887198 (noop ( mark r3 c1 ) ) )
LOG 1641844893851 [L3]: Stopped logging to files at: Mon Jan 10 21:01:33 CET 2022
LOG 1641844893851 [L3]: LOG SEALED
