LOG 1641839090863 [L3]: Started match logging at: Mon Jan 10 19:24:50 CET 2022
LOG 1641839090864 [L3]: Game rules: [( role x ), ( role o ), ( init ( quad x 12 ) ), ( init ( quad o 12 ) ), ( init ( white x 5 ) ), ( init ( white o 5 ) ), ( init ( cell r1 c2 b ) ), ( init ( cell r1 c3 b ) ), ( init ( cell r1 c4 b ) ), ( init ( cell r1 c5 b ) ), ( init ( cell r1 c6 b ) ), ( init ( cell r2 c1 b ) ), ( init ( cell r2 c2 b ) ), ( init ( cell r2 c3 b ) ), ( init ( cell r2 c4 b ) ), ( init ( cell r2 c5 b ) ), ( init ( cell r2 c6 b ) ), ( init ( cell r2 c7 b ) ), ( init ( cell r3 c1 b ) ), ( init ( cell r3 c2 b ) ), ( init ( cell r3 c3 b ) ), ( init ( cell r3 c4 b ) ), ( init ( cell r3 c5 b ) ), ( init ( cell r3 c6 b ) ), ( init ( cell r3 c7 b ) ), ( init ( cell r4 c1 b ) ), ( init ( cell r4 c2 b ) ), ( init ( cell r4 c3 b ) ), ( init ( cell r4 c4 b ) ), ( init ( cell r4 c5 b ) ), ( init ( cell r4 c6 b ) ), ( init ( cell r4 c7 b ) ), ( init ( cell r5 c1 b ) ), ( init ( cell r5 c2 b ) ), ( init ( cell r5 c3 b ) ), ( init ( cell r5 c4 b ) ), ( init ( cell r5 c5 b ) ), ( init ( cell r5 c6 b ) ), ( init ( cell r5 c7 b ) ), ( init ( cell r6 c1 b ) ), ( init ( cell r6 c2 b ) ), ( init ( cell r6 c3 b ) ), ( init ( cell r6 c4 b ) ), ( init ( cell r6 c5 b ) ), ( init ( cell r6 c6 b ) ), ( init ( cell r6 c7 b ) ), ( init ( cell r7 c2 b ) ), ( init ( cell r7 c3 b ) ), ( init ( cell r7 c4 b ) ), ( init ( cell r7 c5 b ) ), ( init ( cell r7 c6 b ) ), ( init ( control x ) ), ( ncol c1 c2 ), ( ncol c2 c3 ), ( ncol c3 c4 ), ( ncol c4 c5 ), ( ncol c5 c6 ), ( ncol c6 c7 ), ( nrow r1 r2 ), ( nrow r2 r3 ), ( nrow r3 r4 ), ( nrow r4 r5 ), ( nrow r5 r6 ), ( nrow r6 r7 ), ( <= ( prow ?x ?y ) ( nrow ?y ?x ) ), ( <= ( pcol ?x ?y ) ( ncol ?y ?x ) ), ( succ 0 1 ), ( succ 1 2 ), ( succ 2 3 ), ( succ 3 4 ), ( succ 4 5 ), ( succ 5 6 ), ( succ 6 7 ), ( succ 7 8 ), ( succ 8 9 ), ( succ 9 10 ), ( succ 10 11 ), ( succ 11 12 ), ( succ 12 13 ), ( succ 13 14 ), ( succ 14 15 ), ( succ 15 16 ), ( succ 16 17 ), ( succ 17 18 ), ( succ 18 19 ), ( succ 19 20 ), ( <= ( legal ?player ( mark ?x ?y ) ) ( true ( cell ?x ?y b ) ) ( true ( control ?player ) ) ), ( <= ( legal ?player ( block ?x ?y ) ) ( true ( cell ?x ?y b ) ) ( true ( control ?player ) ) ( true ( white ?player ?c ) ) ( distinct ?c 0 ) ), ( <= ( legal x noop ) ( true ( control o ) ) ), ( <= ( legal o noop ) ( true ( control x ) ) ), ( <= ( next ( cell ?m ?n ?p ) ) ( does ?p ( mark ?m ?n ) ) ), ( <= ( next ( cell ?m ?n w ) ) ( does ?p ( block ?m ?n ) ) ), ( <= ( next ( cell ?m ?n ?p ) ) ( true ( cell ?m ?n ?p ) ) ( distinct ?p b ) ), ( <= ( next ( cell ?m ?n b ) ) ( does ?W ( mark ?j ?k ) ) ( true ( cell ?m ?n b ) ) ( distinct ?m ?j ) ), ( <= ( next ( cell ?m ?n b ) ) ( does ?W ( mark ?j ?k ) ) ( true ( cell ?m ?n b ) ) ( distinct ?n ?k ) ), ( <= ( next ( cell ?m ?n b ) ) ( does ?W ( block ?j ?k ) ) ( true ( cell ?m ?n b ) ) ( distinct ?m ?j ) ), ( <= ( next ( cell ?m ?n b ) ) ( does ?W ( block ?j ?k ) ) ( true ( cell ?m ?n b ) ) ( distinct ?n ?k ) ), ( <= ( next ( quad ?p ?c ) ) ( true ( control ?q ) ) ( true ( quad ?p ?c ) ) ( distinct ?p ?q ) ), ( <= ( next ( white ?p ?c ) ) ( true ( control ?q ) ) ( true ( white ?p ?c ) ) ( distinct ?p ?q ) ), ( <= ( next ( quad ?p ?c ) ) ( does ?p ( mark ?j ?k ) ) ( true ( quad ?p ?c1 ) ) ( succ ?c ?c1 ) ), ( <= ( next ( white ?p ?c ) ) ( does ?p ( block ?j ?k ) ) ( true ( white ?p ?c1 ) ) ( succ ?c ?c1 ) ), ( <= ( next ( quad ?p ?c ) ) ( does ?p ( block ?j ?k ) ) ( true ( quad ?p ?c ) ) ), ( <= ( next ( white ?p ?c ) ) ( does ?p ( mark ?j ?k ) ) ( true ( white ?p ?c ) ) ), ( <= ( next ( control x ) ) ( does o ( mark ?j ?k ) ) ( true ( control o ) ) ), ( <= ( next ( control o ) ) ( does x ( mark ?j ?k ) ) ( true ( control x ) ) ), ( <= ( next ( control ?p ) ) ( does ?p ( block ?j ?k ) ) ( true ( control ?p ) ) ), ( <= ( square ?x1 ?y1 ?x1 ?y2 ?x2 ?y1 ?x2 ?y2 ) ( ncol ?y1 ?y2 ) ( nrow ?x1 ?x2 ) ), ( <= ( square ?x1 ?y1 ?x1 ?y2 ?x2 ?y1 ?x2 ?y2 ) ( ncol ?y3 ?y2 ) ( nrow ?x3 ?x2 ) ( square ?x1 ?y1 ?x1 ?y3 ?x3 ?y1 ?x3 ?y3 ) ), ( <= ( square ?x1 ?y1 ?x2 ?y2 ?x3 ?y3 ?x4 ?y4 ) ( prow ?x2p ?x2 ) ( ncol ?y3n ?y3 ) ( prow ?x4p ?x4 ) ( ncol ?y4n ?y4 ) ( square ?x1 ?y1 ?x2p ?y2 ?x3 ?y3n ?x4p ?y4n ) ), ( <= win ( true ( cell ?x1 ?y1 x ) ) ( true ( cell ?x2 ?y2 x ) ) ( true ( cell ?x3 ?y3 x ) ) ( true ( cell ?x4 ?y4 x ) ) ( square ?x1 ?y1 ?x2 ?y2 ?x3 ?y3 ?x4 ?y4 ) ), ( <= lose ( true ( cell ?x1 ?y1 o ) ) ( true ( cell ?x2 ?y2 o ) ) ( true ( cell ?x3 ?y3 o ) ) ( true ( cell ?x4 ?y4 o ) ) ( square ?x1 ?y1 ?x2 ?y2 ?x3 ?y3 ?x4 ?y4 ) ), ( <= winByOpenQuad ( not lose ) ( not open ) ( true ( cell ?x1 ?y1 x ) ) ( true ( cell ?x2 ?y2 x ) ) ( true ( cell ?x3 ?y3 x ) ) ( true ( cell ?x4 ?y4 b ) ) ( square ?x1 ?y1 ?x2 ?y2 ?x3 ?y3 ?x4 ?y4 ) ), ( <= winByOpenQuad ( not lose ) ( not open ) ( true ( cell ?x1 ?y1 x ) ) ( true ( cell ?x2 ?y2 b ) ) ( true ( cell ?x3 ?y3 x ) ) ( true ( cell ?x4 ?y4 x ) ) ( square ?x1 ?y1 ?x2 ?y2 ?x3 ?y3 ?x4 ?y4 ) ), ( <= winByOpenQuad ( not lose ) ( not open ) ( true ( cell ?x1 ?y1 x ) ) ( true ( cell ?x2 ?y2 x ) ) ( true ( cell ?x3 ?y3 b ) ) ( true ( cell ?x4 ?y4 x ) ) ( square ?x1 ?y1 ?x2 ?y2 ?x3 ?y3 ?x4 ?y4 ) ), ( <= winByOpenQuad ( not lose ) ( not open ) ( true ( cell ?x1 ?y1 b ) ) ( true ( cell ?x2 ?y2 x ) ) ( true ( cell ?x3 ?y3 x ) ) ( true ( cell ?x4 ?y4 x ) ) ( square ?x1 ?y1 ?x2 ?y2 ?x3 ?y3 ?x4 ?y4 ) ), ( <= open ( true ( quad ?p ?c ) ) ( distinct ?c 0 ) ), ( <= ( more ?x 0 ) ( succ ?y ?x ) ), ( <= ( more ?x ?y ) ( succ ?x1 ?x ) ( succ ?y1 ?y ) ( more ?x1 ?y1 ) ), ( <= morewhite ( true ( white x ?a ) ) ( true ( white o ?b ) ) ( more ?a ?b ) ), ( <= lesswhite ( true ( white x ?a ) ) ( true ( white o ?b ) ) ( more ?b ?a ) ), ( <= equalwhite ( true ( white x ?a ) ) ( true ( white o ?a ) ) ), ( <= ( goal x 100 ) win ), ( <= ( goal x 95 ) ( not win ) winByOpenQuad ), ( <= ( goal x 90 ) ( not win ) ( not winByOpenQuad ) ( not lose ) ( not open ) morewhite ), ( <= ( goal x 50 ) ( not win ) ( not winByOpenQuad ) ( not lose ) ( not open ) equalwhite ), ( <= ( goal x 10 ) ( not win ) ( not winByOpenQuad ) ( not lose ) ( not open ) lesswhite ), ( <= ( goal x 0 ) lose ), ( <= ( goal o 100 ) lose ), ( <= ( goal o 90 ) ( not win ) ( not winByOpenQuad ) ( not lose ) ( not open ) lesswhite ), ( <= ( goal o 50 ) ( not win ) ( not winByOpenQuad ) ( not lose ) ( not open ) equalwhite ), ( <= ( goal o 10 ) ( not win ) ( not winByOpenQuad ) ( not lose ) ( not open ) morewhite ), ( <= ( goal o 5 ) ( not win ) winByOpenQuad ), ( <= ( goal o 0 ) win ), ( <= terminal win ), ( <= terminal lose ), ( <= terminal ( not open ) )]
LOG 1641839090871 [L3]: Start clock: 15
LOG 1641839090872 [L3]: Play clock: 10
LOG 1641839095863 [L0]: [Sent at 1641839095863] ready
LOG 1641839095865 [L0]: [Received at 1641839095865] ( PLAY 7.quad_7x7.1641839090466 NIL )
LOG 1641839095866 [L0]: [Sent at 1641839095866] noop
LOG 1641839095869 [L0]: [Received at 1641839095869] ( PLAY 7.quad_7x7.1641839090466 (( mark r2 c1 ) noop ) )
LOG 1641839095871 [L0]: [Sent at 1641839095871] ( block r3 c5 )
LOG 1641839095873 [L0]: [Received at 1641839095873] ( PLAY 7.quad_7x7.1641839090466 (noop ( block r3 c5 ) ) )
LOG 1641839095882 [L0]: [Sent at 1641839095882] ( mark r7 c4 )
LOG 1641839095884 [L0]: [Received at 1641839095884] ( PLAY 7.quad_7x7.1641839090466 (noop ( mark r7 c4 ) ) )
LOG 1641839095887 [L0]: [Sent at 1641839095887] noop
LOG 1641839095890 [L0]: [Received at 1641839095890] ( PLAY 7.quad_7x7.1641839090466 (( mark r1 c4 ) noop ) )
LOG 1641839095891 [L0]: [Sent at 1641839095891] ( block r5 c1 )
LOG 1641839095894 [L0]: [Received at 1641839095894] ( PLAY 7.quad_7x7.1641839090466 (noop ( block r5 c1 ) ) )
LOG 1641839095895 [L0]: [Sent at 1641839095895] ( block r5 c6 )
LOG 1641839095897 [L0]: [Received at 1641839095897] ( PLAY 7.quad_7x7.1641839090466 (noop ( block r5 c6 ) ) )
LOG 1641839095899 [L0]: [Sent at 1641839095899] ( block r2 c7 )
LOG 1641839095901 [L0]: [Received at 1641839095901] ( PLAY 7.quad_7x7.1641839090466 (noop ( block r2 c7 ) ) )
LOG 1641839095902 [L0]: [Sent at 1641839095902] ( mark r2 c6 )
LOG 1641839095906 [L0]: [Received at 1641839095906] ( PLAY 7.quad_7x7.1641839090466 (noop ( mark r2 c6 ) ) )
LOG 1641839095908 [L0]: [Sent at 1641839095908] noop
LOG 1641839095914 [L0]: [Received at 1641839095914] ( PLAY 7.quad_7x7.1641839090466 (( mark r6 c7 ) noop ) )
LOG 1641839095916 [L0]: [Sent at 1641839095916] ( block r1 c2 )
LOG 1641839095918 [L0]: [Received at 1641839095918] ( PLAY 7.quad_7x7.1641839090466 (noop ( block r1 c2 ) ) )
LOG 1641839095919 [L0]: [Sent at 1641839095919] ( mark r5 c3 )
LOG 1641839095925 [L0]: [Received at 1641839095925] ( PLAY 7.quad_7x7.1641839090466 (noop ( mark r5 c3 ) ) )
LOG 1641839095926 [L0]: [Sent at 1641839095926] noop
LOG 1641839095929 [L0]: [Received at 1641839095929] ( PLAY 7.quad_7x7.1641839090466 (( block r5 c5 ) noop ) )
LOG 1641839095930 [L0]: [Sent at 1641839095930] noop
LOG 1641839095938 [L0]: [Received at 1641839095938] ( PLAY 7.quad_7x7.1641839090466 (( mark r6 c2 ) noop ) )
LOG 1641839095940 [L0]: [Sent at 1641839095940] ( mark r1 c3 )
LOG 1641839095954 [L0]: [Received at 1641839095954] ( PLAY 7.quad_7x7.1641839090466 (noop ( mark r1 c3 ) ) )
LOG 1641839095956 [L0]: [Sent at 1641839095956] noop
LOG 1641839095973 [L0]: [Received at 1641839095973] ( PLAY 7.quad_7x7.1641839090466 (( mark r6 c4 ) noop ) )
LOG 1641839095974 [L0]: [Sent at 1641839095974] ( mark r5 c4 )
LOG 1641839095996 [L0]: [Received at 1641839095996] ( PLAY 7.quad_7x7.1641839090466 (noop ( mark r5 c4 ) ) )
LOG 1641839095998 [L0]: [Sent at 1641839095998] noop
LOG 1641839096034 [L0]: [Received at 1641839096034] ( PLAY 7.quad_7x7.1641839090466 (( mark r4 c4 ) noop ) )
LOG 1641839096035 [L0]: [Sent at 1641839096035] ( mark r7 c6 )
LOG 1641839096062 [L0]: [Received at 1641839096062] ( PLAY 7.quad_7x7.1641839090466 (noop ( mark r7 c6 ) ) )
LOG 1641839096063 [L0]: [Sent at 1641839096063] noop
LOG 1641839096117 [L0]: [Received at 1641839096117] ( PLAY 7.quad_7x7.1641839090466 (( mark r3 c3 ) noop ) )
LOG 1641839096119 [L0]: [Sent at 1641839096119] ( mark r5 c2 )
LOG 1641839096169 [L0]: [Received at 1641839096169] ( PLAY 7.quad_7x7.1641839090466 (noop ( mark r5 c2 ) ) )
LOG 1641839096171 [L0]: [Sent at 1641839096171] noop
LOG 1641839096272 [L0]: [Received at 1641839096272] ( PLAY 7.quad_7x7.1641839090466 (( mark r1 c5 ) noop ) )
LOG 1641839096273 [L0]: [Sent at 1641839096273] ( mark r7 c2 )
LOG 1641839096373 [L0]: [Received at 1641839096373] ( STOP 7.quad_7x7.1641839090466 (noop ( mark r7 c2 ) ) )
LOG 1641839096373 [L3]: Stopped logging to files at: Mon Jan 10 19:24:56 CET 2022
LOG 1641839096374 [L3]: LOG SEALED
