LOG 1641911860598 [L3]: Returning initial state machine.
LOG 1641911860599 [L3]: Returning PropNet state machine without cache.
LOG 1641911860603 [L3]: Starting metagame with available thinking time 4984ms.
LOG 1641911860612 [L3]: Starting search during metagame.
LOG 1641911865587 [L3]: Done searching during metagame.
LOG 1641911865606 [L3]: Starting move selection for game step 1 with available time 10000ms.
LOG 1641911865606 [L3]: Selecting move using MCTS.
LOG 1641911875606 [L3]: Returning MCTS move noop.
LOG 1641911875615 [L3]: Starting move selection for game step 2 with available time 9999ms.
LOG 1641911875637 [L3]: Selecting move using MCTS.
LOG 1641911885614 [L3]: Returning MCTS move ( drop 4 ).
LOG 1641911885683 [L3]: Starting move selection for game step 3 with available time 10000ms.
LOG 1641911885721 [L3]: Selecting move using MCTS.
LOG 1641911895683 [L3]: Returning MCTS move noop.
LOG 1641911895695 [L3]: Starting move selection for game step 4 with available time 10000ms.
LOG 1641911895763 [L3]: Selecting move using MCTS.
LOG 1641911905695 [L3]: Returning MCTS move ( drop 3 ).
LOG 1641911905701 [L3]: Starting move selection for game step 5 with available time 9999ms.
LOG 1641911905744 [L3]: Selecting move using MCTS.
LOG 1641911915700 [L3]: Returning MCTS move noop.
LOG 1641911915765 [L3]: Starting move selection for game step 6 with available time 10000ms.
LOG 1641911915801 [L3]: Selecting move using MCTS.
LOG 1641911925765 [L3]: Returning MCTS move ( drop 3 ).
LOG 1641911925770 [L3]: Starting move selection for game step 7 with available time 10000ms.
LOG 1641911925806 [L3]: Selecting move using MCTS.
LOG 1641911935770 [L3]: Returning MCTS move noop.
LOG 1641911935775 [L3]: Starting move selection for game step 8 with available time 10000ms.
LOG 1641911935814 [L3]: Selecting move using MCTS.
LOG 1641911945775 [L3]: Returning MCTS move ( drop 3 ).
LOG 1641911945779 [L3]: Starting move selection for game step 9 with available time 10000ms.
LOG 1641911945808 [L3]: Selecting move using MCTS.
LOG 1641911955779 [L3]: Returning MCTS move noop.
LOG 1641911955784 [L3]: Starting move selection for game step 10 with available time 10000ms.
LOG 1641911955818 [L3]: Selecting move using MCTS.
LOG 1641911965784 [L3]: Returning MCTS move ( drop 3 ).
