LOG 1641832939831 [L3]: Returning initial state machine.
LOG 1641832939831 [L3]: Returning PropNet state machine without cache.
LOG 1641832939832 [L3]: Starting metagame with available thinking time 4996ms.
LOG 1641832939833 [L3]: Starting search during metagame.
LOG 1641832944828 [L3]: Done searching during metagame.
LOG 1641832944831 [L3]: Starting move selection for game step 1 with available time 0ms.
LOG 1641832944831 [L3]: No time to select next move using MCTS. Returning random move ( drop 6 ).
LOG 1641832944834 [L3]: Starting move selection for game step 2 with available time 0ms.
LOG 1641832944837 [L3]: No time to select next move using MCTS. Returning random move noop.
LOG 1641832944840 [L3]: Starting move selection for game step 3 with available time 0ms.
LOG 1641832944848 [L3]: No time to select next move using MCTS. Returning random move ( drop 4 ).
LOG 1641832944853 [L3]: Starting move selection for game step 4 with available time 0ms.
LOG 1641832944856 [L3]: No time to select next move using MCTS. Returning random move noop.
LOG 1641832944860 [L3]: Starting move selection for game step 5 with available time 0ms.
LOG 1641832944861 [L3]: No time to select next move using MCTS. Returning random move ( drop 1 ).
LOG 1641832944865 [L3]: Starting move selection for game step 6 with available time 0ms.
LOG 1641832944865 [L3]: No time to select next move using MCTS. Returning random move noop.
LOG 1641832944868 [L3]: Starting move selection for game step 7 with available time 0ms.
LOG 1641832944868 [L3]: No time to select next move using MCTS. Returning random move ( drop 1 ).
LOG 1641832944872 [L3]: Starting move selection for game step 8 with available time 0ms.
LOG 1641832944872 [L3]: No time to select next move using MCTS. Returning random move noop.
LOG 1641832944875 [L3]: Starting move selection for game step 9 with available time 0ms.
LOG 1641832944876 [L3]: No time to select next move using MCTS. Returning random move ( drop 2 ).
LOG 1641832944880 [L3]: Starting move selection for game step 10 with available time 0ms.
LOG 1641832944880 [L3]: No time to select next move using MCTS. Returning random move noop.
LOG 1641832944885 [L3]: Starting move selection for game step 11 with available time 0ms.
LOG 1641832944885 [L3]: No time to select next move using MCTS. Returning random move ( drop 6 ).
LOG 1641832944889 [L3]: Starting move selection for game step 12 with available time 0ms.
LOG 1641832944889 [L3]: No time to select next move using MCTS. Returning random move noop.
LOG 1641832944893 [L3]: Starting move selection for game step 13 with available time 0ms.
LOG 1641832944893 [L3]: No time to select next move using MCTS. Returning random move ( drop 7 ).
LOG 1641832944897 [L3]: Starting move selection for game step 14 with available time 0ms.
LOG 1641832944898 [L3]: No time to select next move using MCTS. Returning random move noop.
LOG 1641832944901 [L3]: Starting move selection for game step 15 with available time 0ms.
LOG 1641832944902 [L3]: No time to select next move using MCTS. Returning random move ( drop 4 ).
LOG 1641832944905 [L3]: Starting move selection for game step 16 with available time 0ms.
LOG 1641832944906 [L3]: No time to select next move using MCTS. Returning random move noop.
LOG 1641832944909 [L3]: Starting move selection for game step 17 with available time 0ms.
LOG 1641832944910 [L3]: No time to select next move using MCTS. Returning random move ( drop 7 ).
LOG 1641832944914 [L3]: Starting move selection for game step 18 with available time -1ms.
LOG 1641832944914 [L3]: No time to select next move using MCTS. Returning random move noop.
LOG 1641832944918 [L3]: Starting move selection for game step 19 with available time 0ms.
LOG 1641832944919 [L3]: No time to select next move using MCTS. Returning random move ( drop 3 ).
LOG 1641832944922 [L3]: Starting move selection for game step 20 with available time 0ms.
LOG 1641832944922 [L3]: No time to select next move using MCTS. Returning random move noop.
LOG 1641832944926 [L3]: Starting move selection for game step 21 with available time 0ms.
LOG 1641832944926 [L3]: No time to select next move using MCTS. Returning random move ( drop 4 ).
LOG 1641832944931 [L3]: Starting move selection for game step 22 with available time 0ms.
LOG 1641832944932 [L3]: No time to select next move using MCTS. Returning random move noop.
LOG 1641832944935 [L3]: Starting move selection for game step 23 with available time 0ms.
LOG 1641832944936 [L3]: No time to select next move using MCTS. Returning random move ( drop 7 ).
LOG 1641832944939 [L3]: Starting move selection for game step 24 with available time 0ms.
LOG 1641832944940 [L3]: No time to select next move using MCTS. Returning random move noop.
