LOG 1641835500896 [L3]: Started match logging at: Mon Jan 10 18:25:00 CET 2022
LOG 1641835500898 [L3]: Game rules: [( role white ), ( role black ), ( <= ( base ( cell ?x ?y ?p ) ) ( index ?x ) ( index ?y ) ( role ?p ) ), ( <= ( base ( control ?p ) ) ( role ?p ) ), ( <= ( input ?p noop ) ( role ?p ) ), ( <= ( input ?p ( move ?x1 ?y1 ?x2 ?y2 ) ) ( role ?p ) ( index ?x1 ) ( index ?x2 ) ( index ?y1 ) ( index ?y2 ) ), ( init ( cell 1 1 white ) ), ( init ( cell 2 1 white ) ), ( init ( cell 3 1 white ) ), ( init ( cell 4 1 white ) ), ( init ( cell 5 1 white ) ), ( init ( cell 6 1 white ) ), ( init ( cell 7 1 white ) ), ( init ( cell 8 1 white ) ), ( init ( cell 1 2 white ) ), ( init ( cell 2 2 white ) ), ( init ( cell 3 2 white ) ), ( init ( cell 4 2 white ) ), ( init ( cell 5 2 white ) ), ( init ( cell 6 2 white ) ), ( init ( cell 7 2 white ) ), ( init ( cell 8 2 white ) ), ( init ( cell 1 7 black ) ), ( init ( cell 2 7 black ) ), ( init ( cell 3 7 black ) ), ( init ( cell 4 7 black ) ), ( init ( cell 5 7 black ) ), ( init ( cell 6 7 black ) ), ( init ( cell 7 7 black ) ), ( init ( cell 8 7 black ) ), ( init ( cell 1 8 black ) ), ( init ( cell 2 8 black ) ), ( init ( cell 3 8 black ) ), ( init ( cell 4 8 black ) ), ( init ( cell 5 8 black ) ), ( init ( cell 6 8 black ) ), ( init ( cell 7 8 black ) ), ( init ( cell 8 8 black ) ), ( init ( control white ) ), ( <= ( legal white noop ) ( true ( control black ) ) ), ( <= ( legal black noop ) ( true ( control white ) ) ), ( <= ( legal white ( move ?x1 ?y1 ?x2 ?y2 ) ) ( true ( control white ) ) ( true ( cell ?x1 ?y1 white ) ) ( whiteknightmove ?x1 ?y1 ?x2 ?y2 ) ( not ( true ( cell ?x2 ?y2 white ) ) ) ), ( <= ( legal black ( move ?x1 ?y1 ?x2 ?y2 ) ) ( true ( control black ) ) ( true ( cell ?x1 ?y1 black ) ) ( blackknightmove ?x1 ?y1 ?x2 ?y2 ) ( not ( true ( cell ?x2 ?y2 black ) ) ) ), ( <= ( next ( cell ?x ?y ?state ) ) ( true ( cell ?x ?y ?state ) ) ( does ?player ( move ?x1 ?y1 ?x2 ?y2 ) ) ( distinctcell ?x ?y ?x1 ?y1 ) ( distinctcell ?x ?y ?x2 ?y2 ) ), ( <= ( next ( cell ?x2 ?y2 ?player ) ) ( does ?player ( move ?x1 ?y1 ?x2 ?y2 ) ) ), ( <= ( next ( control black ) ) ( true ( control white ) ) ), ( <= ( next ( control white ) ) ( true ( control black ) ) ), ( <= terminal whitewin ), ( <= terminal blackwin ), ( <= ( goal white 100 ) whitewin ), ( <= ( goal white 0 ) blackwin ), ( <= ( goal black 100 ) blackwin ), ( <= ( goal black 0 ) whitewin ), ( <= whitewin ( index ?x ) ( true ( cell ?x 8 white ) ) ), ( <= blackwin ( index ?x ) ( true ( cell ?x 1 black ) ) ), ( <= whitewin ( not ( hasAnyPiece black ) ) ), ( <= blackwin ( not ( hasAnyPiece white ) ) ), ( <= ( hasAnyPiece ?player ) ( true ( cell ?x ?y ?player ) ) ), ( <= ( whiteknightmove ?x1 ?y1 ?x2 ?y2 ) ( plus 1 ?x1 ?x2 ) ( plus 2 ?y1 ?y2 ) ), ( <= ( whiteknightmove ?x1 ?y1 ?x2 ?y2 ) ( plus 1 ?x2 ?x1 ) ( plus 2 ?y1 ?y2 ) ), ( <= ( whiteknightmove ?x1 ?y1 ?x2 ?y2 ) ( plus 2 ?x1 ?x2 ) ( plus 1 ?y1 ?y2 ) ), ( <= ( whiteknightmove ?x1 ?y1 ?x2 ?y2 ) ( plus 2 ?x2 ?x1 ) ( plus 1 ?y1 ?y2 ) ), ( <= ( blackknightmove ?x1 ?y1 ?x2 ?y2 ) ( plus 1 ?x1 ?x2 ) ( plus 2 ?y2 ?y1 ) ), ( <= ( blackknightmove ?x1 ?y1 ?x2 ?y2 ) ( plus 1 ?x2 ?x1 ) ( plus 2 ?y2 ?y1 ) ), ( <= ( blackknightmove ?x1 ?y1 ?x2 ?y2 ) ( plus 2 ?x1 ?x2 ) ( plus 1 ?y2 ?y1 ) ), ( <= ( blackknightmove ?x1 ?y1 ?x2 ?y2 ) ( plus 2 ?x2 ?x1 ) ( plus 1 ?y2 ?y1 ) ), ( <= ( cell ?x ?y ) ( index ?x ) ( index ?y ) ), ( <= ( distinctcell ?x1 ?y1 ?x2 ?y2 ) ( cell ?x1 ?y1 ) ( cell ?x2 ?y2 ) ( distinct ?x1 ?x2 ) ), ( <= ( distinctcell ?x1 ?y1 ?x2 ?y2 ) ( cell ?x1 ?y1 ) ( cell ?x2 ?y2 ) ( distinct ?y1 ?y2 ) ), ( index 1 ), ( index 2 ), ( index 3 ), ( index 4 ), ( index 5 ), ( index 6 ), ( index 7 ), ( index 8 ), ( plus 1 1 2 ), ( plus 1 2 3 ), ( plus 1 3 4 ), ( plus 1 4 5 ), ( plus 1 5 6 ), ( plus 1 6 7 ), ( plus 1 7 8 ), ( plus 2 1 3 ), ( plus 2 2 4 ), ( plus 2 3 5 ), ( plus 2 4 6 ), ( plus 2 5 7 ), ( plus 2 6 8 )]
LOG 1641835500904 [L3]: Start clock: 15
LOG 1641835500904 [L3]: Play clock: 10
LOG 1641835505897 [L0]: [Sent at 1641835505897] ready
LOG 1641835505899 [L0]: [Received at 1641835505899] ( PLAY 38.knightThrough.1641835499361 NIL )
LOG 1641835505900 [L0]: [Sent at 1641835505900] ( move 4 1 5 3 )
LOG 1641835505903 [L0]: [Received at 1641835505903] ( PLAY 38.knightThrough.1641835499361 (( move 4 1 5 3 ) noop ) )
LOG 1641835505907 [L0]: [Sent at 1641835505907] noop
LOG 1641835505909 [L0]: [Received at 1641835505909] ( PLAY 38.knightThrough.1641835499361 (noop ( move 2 7 4 6 ) ) )
LOG 1641835505920 [L0]: [Sent at 1641835505920] ( move 7 1 8 3 )
LOG 1641835505922 [L0]: [Received at 1641835505922] ( PLAY 38.knightThrough.1641835499361 (( move 7 1 8 3 ) noop ) )
LOG 1641835505928 [L0]: [Sent at 1641835505928] noop
LOG 1641835505931 [L0]: [Received at 1641835505931] ( PLAY 38.knightThrough.1641835499361 (noop ( move 6 7 8 6 ) ) )
LOG 1641835505932 [L0]: [Sent at 1641835505932] ( move 5 3 4 5 )
LOG 1641835505934 [L0]: [Received at 1641835505934] ( PLAY 38.knightThrough.1641835499361 (( move 5 3 4 5 ) noop ) )
LOG 1641835505936 [L0]: [Sent at 1641835505936] noop
LOG 1641835505949 [L0]: [Received at 1641835505949] ( PLAY 38.knightThrough.1641835499361 (noop ( move 4 7 6 6 ) ) )
LOG 1641835505950 [L0]: [Sent at 1641835505950] ( move 2 1 1 3 )
LOG 1641835505953 [L0]: [Received at 1641835505953] ( PLAY 38.knightThrough.1641835499361 (( move 2 1 1 3 ) noop ) )
LOG 1641835505954 [L0]: [Sent at 1641835505954] noop
LOG 1641835505956 [L0]: [Received at 1641835505956] ( PLAY 38.knightThrough.1641835499361 (noop ( move 4 8 2 7 ) ) )
LOG 1641835505957 [L0]: [Sent at 1641835505957] ( move 6 1 7 3 )
LOG 1641835505960 [L0]: [Received at 1641835505960] ( PLAY 38.knightThrough.1641835499361 (( move 6 1 7 3 ) noop ) )
LOG 1641835505961 [L0]: [Sent at 1641835505961] noop
LOG 1641835505963 [L0]: [Received at 1641835505963] ( PLAY 38.knightThrough.1641835499361 (noop ( move 4 6 3 4 ) ) )
LOG 1641835505964 [L0]: [Sent at 1641835505964] ( move 8 3 7 5 )
LOG 1641835505966 [L0]: [Received at 1641835505966] ( PLAY 38.knightThrough.1641835499361 (( move 8 3 7 5 ) noop ) )
LOG 1641835505968 [L0]: [Sent at 1641835505968] noop
LOG 1641835505969 [L0]: [Received at 1641835505969] ( PLAY 38.knightThrough.1641835499361 (noop ( move 5 7 4 5 ) ) )
LOG 1641835505971 [L0]: [Sent at 1641835505971] ( move 5 2 6 4 )
LOG 1641835505973 [L0]: [Received at 1641835505973] ( PLAY 38.knightThrough.1641835499361 (( move 5 2 6 4 ) noop ) )
LOG 1641835505975 [L0]: [Sent at 1641835505975] noop
LOG 1641835505977 [L0]: [Received at 1641835505977] ( PLAY 38.knightThrough.1641835499361 (noop ( move 6 8 5 6 ) ) )
LOG 1641835505978 [L0]: [Sent at 1641835505978] ( move 1 1 2 3 )
LOG 1641835505981 [L0]: [Received at 1641835505981] ( PLAY 38.knightThrough.1641835499361 (( move 1 1 2 3 ) noop ) )
LOG 1641835505982 [L0]: [Sent at 1641835505982] noop
LOG 1641835505985 [L0]: [Received at 1641835505985] ( PLAY 38.knightThrough.1641835499361 (noop ( move 7 7 8 5 ) ) )
LOG 1641835505986 [L0]: [Sent at 1641835505986] ( move 6 2 5 4 )
LOG 1641835505988 [L0]: [Received at 1641835505988] ( PLAY 38.knightThrough.1641835499361 (( move 6 2 5 4 ) noop ) )
LOG 1641835505989 [L0]: [Sent at 1641835505989] noop
LOG 1641835505992 [L0]: [Received at 1641835505992] ( PLAY 38.knightThrough.1641835499361 (noop ( move 8 6 7 4 ) ) )
LOG 1641835505993 [L0]: [Sent at 1641835505993] ( move 2 3 1 5 )
LOG 1641835505996 [L0]: [Received at 1641835505996] ( PLAY 38.knightThrough.1641835499361 (( move 2 3 1 5 ) noop ) )
LOG 1641835505997 [L0]: [Sent at 1641835505997] noop
LOG 1641835505999 [L0]: [Received at 1641835505999] ( PLAY 38.knightThrough.1641835499361 (noop ( move 3 4 5 3 ) ) )
LOG 1641835506001 [L0]: [Sent at 1641835506001] ( move 3 1 2 3 )
LOG 1641835506002 [L0]: [Received at 1641835506002] ( PLAY 38.knightThrough.1641835499361 (( move 3 1 2 3 ) noop ) )
LOG 1641835506004 [L0]: [Sent at 1641835506004] noop
LOG 1641835506005 [L0]: [Received at 1641835506005] ( PLAY 38.knightThrough.1641835499361 (noop ( move 4 5 6 4 ) ) )
LOG 1641835506007 [L0]: [Sent at 1641835506007] ( move 7 3 8 5 )
LOG 1641835506009 [L0]: [Received at 1641835506009] ( PLAY 38.knightThrough.1641835499361 (( move 7 3 8 5 ) noop ) )
LOG 1641835506010 [L0]: [Sent at 1641835506010] noop
LOG 1641835506011 [L0]: [Received at 1641835506011] ( PLAY 38.knightThrough.1641835499361 (noop ( move 7 4 6 2 ) ) )
LOG 1641835506013 [L0]: [Sent at 1641835506013] ( move 5 4 4 6 )
LOG 1641835506015 [L0]: [Received at 1641835506015] ( PLAY 38.knightThrough.1641835499361 (( move 5 4 4 6 ) noop ) )
LOG 1641835506016 [L0]: [Sent at 1641835506016] noop
LOG 1641835506019 [L0]: [Received at 1641835506019] ( PLAY 38.knightThrough.1641835499361 (noop ( move 7 8 5 7 ) ) )
LOG 1641835506021 [L0]: [Sent at 1641835506021] ( move 4 6 6 7 )
LOG 1641835506023 [L0]: [Received at 1641835506023] ( PLAY 38.knightThrough.1641835499361 (( move 4 6 6 7 ) noop ) )
LOG 1641835506024 [L0]: [Sent at 1641835506024] noop
LOG 1641835506026 [L0]: [Received at 1641835506026] ( PLAY 38.knightThrough.1641835499361 (noop ( move 6 4 8 3 ) ) )
LOG 1641835506028 [L0]: [Sent at 1641835506028] ( move 7 5 5 6 )
LOG 1641835506030 [L0]: [Received at 1641835506030] ( PLAY 38.knightThrough.1641835499361 (( move 7 5 5 6 ) noop ) )
LOG 1641835506031 [L0]: [Sent at 1641835506031] noop
LOG 1641835506033 [L0]: [Received at 1641835506033] ( STOP 38.knightThrough.1641835499361 (noop ( move 6 2 4 1 ) ) )
LOG 1641835506034 [L3]: Stopped logging to files at: Mon Jan 10 18:25:06 CET 2022
LOG 1641835506034 [L3]: LOG SEALED
