LOG 1641833998921 [L3]: Started match logging at: Mon Jan 10 17:59:58 CET 2022
LOG 1641833998928 [L3]: Game rules: [( role white ), ( role black ), ( <= ( base ( cellHolds ?x ?y ?p ) ) ( index ?x ) ( index ?y ) ( role ?p ) ), ( <= ( base ( control ?p ) ) ( role ?p ) ), ( <= ( input ?p noop ) ( role ?p ) ), ( <= ( input white ( move ?x ?y1 ?x ?y2 ) ) ( index ?x ) ( succ ?y1 ?y2 ) ), ( <= ( input white ( move ?x1 ?y1 ?x2 ?y2 ) ) ( succ ?y1 ?y2 ) ( succ ?x1 ?x2 ) ), ( <= ( input white ( move ?x1 ?y1 ?x2 ?y2 ) ) ( succ ?y1 ?y2 ) ( succ ?x2 ?x1 ) ), ( <= ( input black ( move ?x ?y1 ?x ?y2 ) ) ( index ?x ) ( succ ?y2 ?y1 ) ), ( <= ( input black ( move ?x1 ?y1 ?x2 ?y2 ) ) ( succ ?y2 ?y1 ) ( succ ?x1 ?x2 ) ), ( <= ( input black ( move ?x1 ?y1 ?x2 ?y2 ) ) ( succ ?y2 ?y1 ) ( succ ?x2 ?x1 ) ), ( init ( cellHolds 1 1 white ) ), ( init ( cellHolds 2 1 white ) ), ( init ( cellHolds 3 1 white ) ), ( init ( cellHolds 4 1 white ) ), ( init ( cellHolds 5 1 white ) ), ( init ( cellHolds 6 1 white ) ), ( init ( cellHolds 7 1 white ) ), ( init ( cellHolds 8 1 white ) ), ( init ( cellHolds 1 2 white ) ), ( init ( cellHolds 2 2 white ) ), ( init ( cellHolds 3 2 white ) ), ( init ( cellHolds 4 2 white ) ), ( init ( cellHolds 5 2 white ) ), ( init ( cellHolds 6 2 white ) ), ( init ( cellHolds 7 2 white ) ), ( init ( cellHolds 8 2 white ) ), ( init ( cellHolds 1 7 black ) ), ( init ( cellHolds 2 7 black ) ), ( init ( cellHolds 3 7 black ) ), ( init ( cellHolds 4 7 black ) ), ( init ( cellHolds 5 7 black ) ), ( init ( cellHolds 6 7 black ) ), ( init ( cellHolds 7 7 black ) ), ( init ( cellHolds 8 7 black ) ), ( init ( cellHolds 1 8 black ) ), ( init ( cellHolds 2 8 black ) ), ( init ( cellHolds 3 8 black ) ), ( init ( cellHolds 4 8 black ) ), ( init ( cellHolds 5 8 black ) ), ( init ( cellHolds 6 8 black ) ), ( init ( cellHolds 7 8 black ) ), ( init ( cellHolds 8 8 black ) ), ( init ( control white ) ), ( <= ( legal white ( move ?x ?y1 ?x ?y2 ) ) ( true ( control white ) ) ( true ( cellHolds ?x ?y1 white ) ) ( succ ?y1 ?y2 ) ( cellEmpty ?x ?y2 ) ), ( <= ( legal white ( move ?x1 ?y1 ?x2 ?y2 ) ) ( true ( control white ) ) ( true ( cellHolds ?x1 ?y1 white ) ) ( succ ?y1 ?y2 ) ( succ ?x1 ?x2 ) ( not ( true ( cellHolds ?x2 ?y2 white ) ) ) ), ( <= ( legal white ( move ?x1 ?y1 ?x2 ?y2 ) ) ( true ( control white ) ) ( true ( cellHolds ?x1 ?y1 white ) ) ( succ ?y1 ?y2 ) ( succ ?x2 ?x1 ) ( not ( true ( cellHolds ?x2 ?y2 white ) ) ) ), ( <= ( legal black ( move ?x ?y1 ?x ?y2 ) ) ( true ( control black ) ) ( true ( cellHolds ?x ?y1 black ) ) ( succ ?y2 ?y1 ) ( cellEmpty ?x ?y2 ) ), ( <= ( legal black ( move ?x1 ?y1 ?x2 ?y2 ) ) ( true ( control black ) ) ( true ( cellHolds ?x1 ?y1 black ) ) ( succ ?y2 ?y1 ) ( succ ?x1 ?x2 ) ( not ( true ( cellHolds ?x2 ?y2 black ) ) ) ), ( <= ( legal black ( move ?x1 ?y1 ?x2 ?y2 ) ) ( true ( control black ) ) ( true ( cellHolds ?x1 ?y1 black ) ) ( succ ?y2 ?y1 ) ( succ ?x2 ?x1 ) ( not ( true ( cellHolds ?x2 ?y2 black ) ) ) ), ( <= ( legal white noop ) ( true ( control black ) ) ), ( <= ( legal black noop ) ( true ( control white ) ) ), ( <= ( next ( cellHolds ?x2 ?y2 ?player ) ) ( role ?player ) ( does ?player ( move ?x1 ?y1 ?x2 ?y2 ) ) ), ( <= ( next ( cellHolds ?x3 ?y3 ?state ) ) ( true ( cellHolds ?x3 ?y3 ?state ) ) ( role ?player ) ( does ?player ( move ?x1 ?y1 ?x2 ?y2 ) ) ( distinctCell ?x1 ?y1 ?x3 ?y3 ) ( distinctCell ?x2 ?y2 ?x3 ?y3 ) ), ( <= ( next ( control white ) ) ( true ( control black ) ) ), ( <= ( next ( control black ) ) ( true ( control white ) ) ), ( <= terminal whiteWin ), ( <= terminal blackWin ), ( <= ( goal white 100 ) whiteWin ), ( <= ( goal white 0 ) ( not whiteWin ) ), ( <= ( goal black 100 ) blackWin ), ( <= ( goal black 0 ) ( not blackWin ) ), ( <= ( cell ?x ?y ) ( index ?x ) ( index ?y ) ), ( <= ( cellEmpty ?x ?y ) ( cell ?x ?y ) ( not ( true ( cellHolds ?x ?y white ) ) ) ( not ( true ( cellHolds ?x ?y black ) ) ) ), ( <= ( distinctCell ?x1 ?y1 ?x2 ?y2 ) ( cell ?x1 ?y1 ) ( cell ?x2 ?y2 ) ( distinct ?x1 ?x2 ) ), ( <= ( distinctCell ?x1 ?y1 ?x2 ?y2 ) ( cell ?x1 ?y1 ) ( cell ?x2 ?y2 ) ( distinct ?y1 ?y2 ) ), ( <= whiteWin ( index ?x ) ( true ( cellHolds ?x 8 white ) ) ), ( <= blackWin ( index ?x ) ( true ( cellHolds ?x 1 black ) ) ), ( <= whiteWin ( not blackCell ) ), ( <= blackWin ( not whiteCell ) ), ( <= whiteCell ( cell ?x ?y ) ( true ( cellHolds ?x ?y white ) ) ), ( <= blackCell ( cell ?x ?y ) ( true ( cellHolds ?x ?y black ) ) ), ( index 1 ), ( index 2 ), ( index 3 ), ( index 4 ), ( index 5 ), ( index 6 ), ( index 7 ), ( index 8 ), ( succ 1 2 ), ( succ 2 3 ), ( succ 3 4 ), ( succ 4 5 ), ( succ 5 6 ), ( succ 6 7 ), ( succ 7 8 )]
LOG 1641833998929 [L3]: Start clock: 15
LOG 1641833998929 [L3]: Play clock: 10
LOG 1641834003921 [L0]: [Sent at 1641834003921] ready
LOG 1641834003923 [L0]: [Received at 1641834003923] ( PLAY 22.breakthrough.1641833998702 NIL )
LOG 1641834003925 [L0]: [Sent at 1641834003925] noop
LOG 1641834003927 [L0]: [Received at 1641834003927] ( PLAY 22.breakthrough.1641833998702 (( move 5 2 4 3 ) noop ) )
LOG 1641834003929 [L0]: [Sent at 1641834003929] ( move 3 7 3 6 )
LOG 1641834003933 [L0]: [Received at 1641834003933] ( PLAY 22.breakthrough.1641833998702 (noop ( move 3 7 3 6 ) ) )
LOG 1641834003941 [L0]: [Sent at 1641834003941] noop
LOG 1641834003945 [L0]: [Received at 1641834003945] ( PLAY 22.breakthrough.1641833998702 (( move 7 2 6 3 ) noop ) )
LOG 1641834003947 [L0]: [Sent at 1641834003947] ( move 4 8 3 7 )
LOG 1641834003951 [L0]: [Received at 1641834003951] ( PLAY 22.breakthrough.1641833998702 (noop ( move 4 8 3 7 ) ) )
LOG 1641834003953 [L0]: [Sent at 1641834003953] noop
LOG 1641834003956 [L0]: [Received at 1641834003956] ( PLAY 22.breakthrough.1641833998702 (( move 3 2 3 3 ) noop ) )
LOG 1641834003957 [L0]: [Sent at 1641834003957] ( move 6 7 5 6 )
LOG 1641834003960 [L0]: [Received at 1641834003960] ( PLAY 22.breakthrough.1641833998702 (noop ( move 6 7 5 6 ) ) )
LOG 1641834003961 [L0]: [Sent at 1641834003961] noop
LOG 1641834003965 [L0]: [Received at 1641834003965] ( PLAY 22.breakthrough.1641833998702 (( move 4 3 4 4 ) noop ) )
LOG 1641834003967 [L0]: [Sent at 1641834003967] ( move 4 7 4 6 )
LOG 1641834003970 [L0]: [Received at 1641834003970] ( PLAY 22.breakthrough.1641833998702 (noop ( move 4 7 4 6 ) ) )
LOG 1641834003972 [L0]: [Sent at 1641834003972] noop
LOG 1641834003975 [L0]: [Received at 1641834003975] ( PLAY 22.breakthrough.1641833998702 (( move 4 1 3 2 ) noop ) )
LOG 1641834003976 [L0]: [Sent at 1641834003976] ( move 2 7 2 6 )
LOG 1641834003979 [L0]: [Received at 1641834003979] ( PLAY 22.breakthrough.1641833998702 (noop ( move 2 7 2 6 ) ) )
LOG 1641834003980 [L0]: [Sent at 1641834003980] noop
LOG 1641834003984 [L0]: [Received at 1641834003984] ( PLAY 22.breakthrough.1641833998702 (( move 4 4 5 5 ) noop ) )
LOG 1641834003986 [L0]: [Sent at 1641834003986] ( move 7 7 8 6 )
LOG 1641834003989 [L0]: [Received at 1641834003989] ( PLAY 22.breakthrough.1641833998702 (noop ( move 7 7 8 6 ) ) )
LOG 1641834003990 [L0]: [Sent at 1641834003990] noop
LOG 1641834003995 [L0]: [Received at 1641834003995] ( PLAY 22.breakthrough.1641833998702 (( move 1 2 1 3 ) noop ) )
LOG 1641834003996 [L0]: [Sent at 1641834003996] ( move 2 6 2 5 )
LOG 1641834003999 [L0]: [Received at 1641834003999] ( PLAY 22.breakthrough.1641833998702 (noop ( move 2 6 2 5 ) ) )
LOG 1641834004001 [L0]: [Sent at 1641834004001] noop
LOG 1641834004003 [L0]: [Received at 1641834004003] ( PLAY 22.breakthrough.1641833998702 (( move 3 2 2 3 ) noop ) )
LOG 1641834004005 [L0]: [Sent at 1641834004005] ( move 8 8 7 7 )
LOG 1641834004015 [L0]: [Received at 1641834004015] ( PLAY 22.breakthrough.1641833998702 (noop ( move 8 8 7 7 ) ) )
LOG 1641834004016 [L0]: [Sent at 1641834004016] noop
LOG 1641834004018 [L0]: [Received at 1641834004018] ( PLAY 22.breakthrough.1641833998702 (( move 2 3 1 4 ) noop ) )
LOG 1641834004020 [L0]: [Sent at 1641834004020] ( move 2 5 1 4 )
LOG 1641834004023 [L0]: [Received at 1641834004023] ( PLAY 22.breakthrough.1641833998702 (noop ( move 2 5 1 4 ) ) )
LOG 1641834004024 [L0]: [Sent at 1641834004024] noop
LOG 1641834004029 [L0]: [Received at 1641834004029] ( PLAY 22.breakthrough.1641833998702 (( move 8 2 8 3 ) noop ) )
LOG 1641834004030 [L0]: [Sent at 1641834004030] ( move 8 6 7 5 )
LOG 1641834004033 [L0]: [Received at 1641834004033] ( PLAY 22.breakthrough.1641833998702 (noop ( move 8 6 7 5 ) ) )
LOG 1641834004034 [L0]: [Sent at 1641834004034] noop
LOG 1641834004037 [L0]: [Received at 1641834004037] ( PLAY 22.breakthrough.1641833998702 (( move 6 3 7 4 ) noop ) )
LOG 1641834004038 [L0]: [Sent at 1641834004038] ( move 4 6 3 5 )
LOG 1641834004041 [L0]: [Received at 1641834004041] ( PLAY 22.breakthrough.1641833998702 (noop ( move 4 6 3 5 ) ) )
LOG 1641834004042 [L0]: [Sent at 1641834004042] noop
LOG 1641834004045 [L0]: [Received at 1641834004045] ( PLAY 22.breakthrough.1641833998702 (( move 4 2 5 3 ) noop ) )
LOG 1641834004046 [L0]: [Sent at 1641834004046] ( move 3 5 2 4 )
LOG 1641834004049 [L0]: [Received at 1641834004049] ( PLAY 22.breakthrough.1641833998702 (noop ( move 3 5 2 4 ) ) )
LOG 1641834004050 [L0]: [Sent at 1641834004050] noop
LOG 1641834004053 [L0]: [Received at 1641834004053] ( PLAY 22.breakthrough.1641833998702 (( move 3 3 3 4 ) noop ) )
LOG 1641834004054 [L0]: [Sent at 1641834004054] ( move 3 8 2 7 )
LOG 1641834004057 [L0]: [Received at 1641834004057] ( PLAY 22.breakthrough.1641833998702 (noop ( move 3 8 2 7 ) ) )
LOG 1641834004059 [L0]: [Sent at 1641834004059] noop
LOG 1641834004061 [L0]: [Received at 1641834004061] ( PLAY 22.breakthrough.1641833998702 (( move 7 1 8 2 ) noop ) )
LOG 1641834004063 [L0]: [Sent at 1641834004063] ( move 5 7 4 6 )
LOG 1641834004065 [L0]: [Received at 1641834004065] ( PLAY 22.breakthrough.1641833998702 (noop ( move 5 7 4 6 ) ) )
LOG 1641834004067 [L0]: [Sent at 1641834004067] noop
LOG 1641834004069 [L0]: [Received at 1641834004069] ( PLAY 22.breakthrough.1641833998702 (( move 8 2 7 3 ) noop ) )
LOG 1641834004071 [L0]: [Sent at 1641834004071] ( move 7 7 7 6 )
LOG 1641834004075 [L0]: [Received at 1641834004075] ( PLAY 22.breakthrough.1641833998702 (noop ( move 7 7 7 6 ) ) )
LOG 1641834004076 [L0]: [Sent at 1641834004076] noop
LOG 1641834004079 [L0]: [Received at 1641834004079] ( PLAY 22.breakthrough.1641833998702 (( move 3 1 3 2 ) noop ) )
LOG 1641834004080 [L0]: [Sent at 1641834004080] ( move 1 4 2 3 )
LOG 1641834004082 [L0]: [Received at 1641834004082] ( PLAY 22.breakthrough.1641833998702 (noop ( move 1 4 2 3 ) ) )
LOG 1641834004084 [L0]: [Sent at 1641834004084] noop
LOG 1641834004086 [L0]: [Received at 1641834004086] ( PLAY 22.breakthrough.1641833998702 (( move 2 2 3 3 ) noop ) )
LOG 1641834004088 [L0]: [Sent at 1641834004088] ( move 2 4 1 3 )
LOG 1641834004090 [L0]: [Received at 1641834004090] ( PLAY 22.breakthrough.1641833998702 (noop ( move 2 4 1 3 ) ) )
LOG 1641834004091 [L0]: [Sent at 1641834004091] noop
LOG 1641834004094 [L0]: [Received at 1641834004094] ( PLAY 22.breakthrough.1641833998702 (( move 5 3 4 4 ) noop ) )
LOG 1641834004095 [L0]: [Sent at 1641834004095] ( move 8 7 8 6 )
LOG 1641834004099 [L0]: [Received at 1641834004099] ( PLAY 22.breakthrough.1641833998702 (noop ( move 8 7 8 6 ) ) )
LOG 1641834004101 [L0]: [Sent at 1641834004101] noop
LOG 1641834004103 [L0]: [Received at 1641834004103] ( PLAY 22.breakthrough.1641833998702 (( move 6 2 5 3 ) noop ) )
LOG 1641834004105 [L0]: [Sent at 1641834004105] ( move 5 6 4 5 )
LOG 1641834004107 [L0]: [Received at 1641834004107] ( PLAY 22.breakthrough.1641833998702 (noop ( move 5 6 4 5 ) ) )
LOG 1641834004108 [L0]: [Sent at 1641834004108] noop
LOG 1641834004111 [L0]: [Received at 1641834004111] ( PLAY 22.breakthrough.1641833998702 (( move 7 4 8 5 ) noop ) )
LOG 1641834004112 [L0]: [Sent at 1641834004112] ( move 1 7 1 6 )
LOG 1641834004115 [L0]: [Received at 1641834004115] ( PLAY 22.breakthrough.1641833998702 (noop ( move 1 7 1 6 ) ) )
LOG 1641834004116 [L0]: [Sent at 1641834004116] noop
LOG 1641834004120 [L0]: [Received at 1641834004120] ( PLAY 22.breakthrough.1641833998702 (( move 1 1 2 2 ) noop ) )
LOG 1641834004121 [L0]: [Sent at 1641834004121] ( move 7 8 7 7 )
LOG 1641834004123 [L0]: [Received at 1641834004123] ( PLAY 22.breakthrough.1641833998702 (noop ( move 7 8 7 7 ) ) )
LOG 1641834004125 [L0]: [Sent at 1641834004125] noop
LOG 1641834004127 [L0]: [Received at 1641834004127] ( PLAY 22.breakthrough.1641833998702 (( move 8 1 7 2 ) noop ) )
LOG 1641834004129 [L0]: [Sent at 1641834004129] ( move 2 7 2 6 )
LOG 1641834004132 [L0]: [Received at 1641834004132] ( PLAY 22.breakthrough.1641833998702 (noop ( move 2 7 2 6 ) ) )
LOG 1641834004133 [L0]: [Sent at 1641834004133] noop
LOG 1641834004136 [L0]: [Received at 1641834004136] ( PLAY 22.breakthrough.1641833998702 (( move 7 3 6 4 ) noop ) )
LOG 1641834004137 [L0]: [Sent at 1641834004137] ( move 7 5 6 4 )
LOG 1641834004139 [L0]: [Received at 1641834004139] ( PLAY 22.breakthrough.1641833998702 (noop ( move 7 5 6 4 ) ) )
LOG 1641834004141 [L0]: [Sent at 1641834004141] noop
LOG 1641834004143 [L0]: [Received at 1641834004143] ( PLAY 22.breakthrough.1641833998702 (( move 3 4 3 5 ) noop ) )
LOG 1641834004144 [L0]: [Sent at 1641834004144] ( move 4 5 3 4 )
LOG 1641834004147 [L0]: [Received at 1641834004147] ( PLAY 22.breakthrough.1641833998702 (noop ( move 4 5 3 4 ) ) )
LOG 1641834004148 [L0]: [Sent at 1641834004148] noop
LOG 1641834004150 [L0]: [Received at 1641834004150] ( PLAY 22.breakthrough.1641833998702 (( move 3 3 2 4 ) noop ) )
LOG 1641834004152 [L0]: [Sent at 1641834004152] ( move 3 6 4 5 )
LOG 1641834004154 [L0]: [Received at 1641834004154] ( PLAY 22.breakthrough.1641833998702 (noop ( move 3 6 4 5 ) ) )
LOG 1641834004155 [L0]: [Sent at 1641834004155] noop
LOG 1641834004158 [L0]: [Received at 1641834004158] ( PLAY 22.breakthrough.1641833998702 (( move 5 5 5 6 ) noop ) )
LOG 1641834004160 [L0]: [Sent at 1641834004160] ( move 5 8 6 7 )
LOG 1641834004162 [L0]: [Received at 1641834004162] ( PLAY 22.breakthrough.1641833998702 (noop ( move 5 8 6 7 ) ) )
LOG 1641834004164 [L0]: [Sent at 1641834004164] noop
LOG 1641834004166 [L0]: [Received at 1641834004166] ( PLAY 22.breakthrough.1641833998702 (( move 2 4 2 5 ) noop ) )
LOG 1641834004167 [L0]: [Sent at 1641834004167] ( move 1 3 1 2 )
LOG 1641834004170 [L0]: [Received at 1641834004170] ( PLAY 22.breakthrough.1641833998702 (noop ( move 1 3 1 2 ) ) )
LOG 1641834004171 [L0]: [Sent at 1641834004171] noop
LOG 1641834004173 [L0]: [Received at 1641834004173] ( PLAY 22.breakthrough.1641833998702 (( move 8 5 7 6 ) noop ) )
LOG 1641834004175 [L0]: [Sent at 1641834004175] ( move 3 4 3 3 )
LOG 1641834004177 [L0]: [Received at 1641834004177] ( PLAY 22.breakthrough.1641833998702 (noop ( move 3 4 3 3 ) ) )
LOG 1641834004178 [L0]: [Sent at 1641834004178] noop
LOG 1641834004181 [L0]: [Received at 1641834004181] ( PLAY 22.breakthrough.1641833998702 (( move 6 1 6 2 ) noop ) )
LOG 1641834004182 [L0]: [Sent at 1641834004182] ( move 1 6 1 5 )
LOG 1641834004185 [L0]: [Received at 1641834004185] ( PLAY 22.breakthrough.1641833998702 (noop ( move 1 6 1 5 ) ) )
LOG 1641834004186 [L0]: [Sent at 1641834004186] noop
LOG 1641834004189 [L0]: [Received at 1641834004189] ( PLAY 22.breakthrough.1641833998702 (( move 3 5 2 6 ) noop ) )
LOG 1641834004191 [L0]: [Sent at 1641834004191] ( move 6 4 5 3 )
LOG 1641834004193 [L0]: [Received at 1641834004193] ( PLAY 22.breakthrough.1641833998702 (noop ( move 6 4 5 3 ) ) )
LOG 1641834004194 [L0]: [Sent at 1641834004194] noop
LOG 1641834004196 [L0]: [Received at 1641834004196] ( PLAY 22.breakthrough.1641833998702 (( move 6 2 7 3 ) noop ) )
LOG 1641834004198 [L0]: [Sent at 1641834004198] ( move 5 3 5 2 )
LOG 1641834004201 [L0]: [Received at 1641834004201] ( PLAY 22.breakthrough.1641833998702 (noop ( move 5 3 5 2 ) ) )
LOG 1641834004203 [L0]: [Sent at 1641834004203] noop
LOG 1641834004206 [L0]: [Received at 1641834004206] ( PLAY 22.breakthrough.1641833998702 (( move 8 3 8 4 ) noop ) )
LOG 1641834004207 [L0]: [Sent at 1641834004207] ( move 4 6 5 5 )
LOG 1641834004210 [L0]: [Received at 1641834004210] ( PLAY 22.breakthrough.1641833998702 (noop ( move 4 6 5 5 ) ) )
LOG 1641834004212 [L0]: [Sent at 1641834004212] noop
LOG 1641834004214 [L0]: [Received at 1641834004214] ( PLAY 22.breakthrough.1641833998702 (( move 5 6 5 7 ) noop ) )
LOG 1641834004216 [L0]: [Sent at 1641834004216] ( move 5 2 4 1 )
LOG 1641834004219 [L0]: [Received at 1641834004219] ( STOP 22.breakthrough.1641833998702 (noop ( move 5 2 4 1 ) ) )
LOG 1641834004219 [L3]: Stopped logging to files at: Mon Jan 10 18:00:04 CET 2022
LOG 1641834004220 [L3]: LOG SEALED
