LOG 1641834104261 [L3]: Returning initial state machine.
LOG 1641834104262 [L3]: Returning PropNet state machine without cache.
LOG 1641834104265 [L3]: Starting metagame with available thinking time 4985ms.
LOG 1641834104273 [L3]: Starting search during metagame.
LOG 1641834109250 [L3]: Done searching during metagame.
LOG 1641834109266 [L3]: Starting move selection for game step 1 with available time 0ms.
LOG 1641834109267 [L3]: No time to select next move using MCTS. Returning random move ( move 2 2 2 3 ).
LOG 1641834109287 [L3]: Starting move selection for game step 2 with available time 0ms.
LOG 1641834109288 [L3]: No time to select next move using MCTS. Returning random move noop.
LOG 1641834109303 [L3]: Starting move selection for game step 3 with available time 0ms.
LOG 1641834109311 [L3]: No time to select next move using MCTS. Returning random move ( move 2 3 3 4 ).
LOG 1641834109322 [L3]: Starting move selection for game step 4 with available time 0ms.
LOG 1641834109326 [L3]: No time to select next move using MCTS. Returning random move noop.
LOG 1641834109339 [L3]: Starting move selection for game step 5 with available time 0ms.
LOG 1641834109339 [L3]: No time to select next move using MCTS. Returning random move ( move 3 2 4 3 ).
LOG 1641834109350 [L3]: Starting move selection for game step 6 with available time 0ms.
LOG 1641834109351 [L3]: No time to select next move using MCTS. Returning random move noop.
LOG 1641834109359 [L3]: Starting move selection for game step 7 with available time 0ms.
LOG 1641834109359 [L3]: No time to select next move using MCTS. Returning random move ( move 4 2 5 3 ).
LOG 1641834109369 [L3]: Starting move selection for game step 8 with available time 0ms.
LOG 1641834109369 [L3]: No time to select next move using MCTS. Returning random move noop.
LOG 1641834109377 [L3]: Starting move selection for game step 9 with available time 0ms.
LOG 1641834109378 [L3]: No time to select next move using MCTS. Returning random move ( move 6 2 7 3 ).
LOG 1641834109385 [L3]: Starting move selection for game step 10 with available time 0ms.
LOG 1641834109386 [L3]: No time to select next move using MCTS. Returning random move noop.
LOG 1641834109394 [L3]: Starting move selection for game step 11 with available time 0ms.
LOG 1641834109394 [L3]: No time to select next move using MCTS. Returning random move ( move 5 3 6 4 ).
LOG 1641834109401 [L3]: Starting move selection for game step 12 with available time 0ms.
LOG 1641834109402 [L3]: No time to select next move using MCTS. Returning random move noop.
LOG 1641834109410 [L3]: Starting move selection for game step 13 with available time 0ms.
LOG 1641834109410 [L3]: No time to select next move using MCTS. Returning random move ( move 6 4 5 5 ).
LOG 1641834109416 [L3]: Starting move selection for game step 14 with available time 0ms.
LOG 1641834109417 [L3]: No time to select next move using MCTS. Returning random move noop.
LOG 1641834109425 [L3]: Starting move selection for game step 15 with available time 0ms.
LOG 1641834109426 [L3]: No time to select next move using MCTS. Returning random move ( move 1 1 2 2 ).
LOG 1641834109434 [L3]: Starting move selection for game step 16 with available time 0ms.
LOG 1641834109434 [L3]: No time to select next move using MCTS. Returning random move noop.
LOG 1641834109441 [L3]: Starting move selection for game step 17 with available time 0ms.
LOG 1641834109442 [L3]: No time to select next move using MCTS. Returning random move ( move 7 2 8 3 ).
LOG 1641834109448 [L3]: Starting move selection for game step 18 with available time 0ms.
LOG 1641834109449 [L3]: No time to select next move using MCTS. Returning random move noop.
LOG 1641834109456 [L3]: Starting move selection for game step 19 with available time 0ms.
LOG 1641834109457 [L3]: No time to select next move using MCTS. Returning random move ( move 8 3 8 4 ).
LOG 1641834109463 [L3]: Starting move selection for game step 20 with available time 0ms.
LOG 1641834109463 [L3]: No time to select next move using MCTS. Returning random move noop.
LOG 1641834109472 [L3]: Starting move selection for game step 21 with available time 0ms.
LOG 1641834109473 [L3]: No time to select next move using MCTS. Returning random move ( move 3 4 3 5 ).
LOG 1641834109480 [L3]: Starting move selection for game step 22 with available time 0ms.
LOG 1641834109481 [L3]: No time to select next move using MCTS. Returning random move noop.
LOG 1641834109488 [L3]: Starting move selection for game step 23 with available time 0ms.
LOG 1641834109488 [L3]: No time to select next move using MCTS. Returning random move ( move 7 3 7 4 ).
LOG 1641834109497 [L3]: Starting move selection for game step 24 with available time 0ms.
LOG 1641834109497 [L3]: No time to select next move using MCTS. Returning random move noop.
LOG 1641834109506 [L3]: Starting move selection for game step 25 with available time -1ms.
LOG 1641834109506 [L3]: No time to select next move using MCTS. Returning random move ( move 5 2 6 3 ).
LOG 1641834109515 [L3]: Starting move selection for game step 26 with available time 0ms.
LOG 1641834109516 [L3]: No time to select next move using MCTS. Returning random move noop.
LOG 1641834109522 [L3]: Starting move selection for game step 27 with available time 0ms.
LOG 1641834109523 [L3]: No time to select next move using MCTS. Returning random move ( move 2 2 2 3 ).
LOG 1641834109530 [L3]: Starting move selection for game step 28 with available time 0ms.
LOG 1641834109530 [L3]: No time to select next move using MCTS. Returning random move noop.
LOG 1641834109536 [L3]: Starting move selection for game step 29 with available time 0ms.
LOG 1641834109536 [L3]: No time to select next move using MCTS. Returning random move ( move 3 1 2 2 ).
LOG 1641834109543 [L3]: Starting move selection for game step 30 with available time 0ms.
LOG 1641834109544 [L3]: No time to select next move using MCTS. Returning random move noop.
LOG 1641834109551 [L3]: Starting move selection for game step 31 with available time 0ms.
LOG 1641834109551 [L3]: No time to select next move using MCTS. Returning random move ( move 8 4 8 5 ).
LOG 1641834109560 [L3]: Starting move selection for game step 32 with available time 0ms.
LOG 1641834109560 [L3]: No time to select next move using MCTS. Returning random move noop.
LOG 1641834109567 [L3]: Starting move selection for game step 33 with available time 0ms.
LOG 1641834109568 [L3]: No time to select next move using MCTS. Returning random move ( move 8 5 7 6 ).
LOG 1641834109575 [L3]: Starting move selection for game step 34 with available time 0ms.
LOG 1641834109575 [L3]: No time to select next move using MCTS. Returning random move noop.
LOG 1641834109583 [L3]: Starting move selection for game step 35 with available time 0ms.
LOG 1641834109583 [L3]: No time to select next move using MCTS. Returning random move ( move 4 3 4 4 ).
LOG 1641834109588 [L3]: Starting move selection for game step 36 with available time 0ms.
LOG 1641834109589 [L3]: No time to select next move using MCTS. Returning random move noop.
LOG 1641834109596 [L3]: Starting move selection for game step 37 with available time 0ms.
LOG 1641834109596 [L3]: No time to select next move using MCTS. Returning random move ( move 6 1 7 2 ).
LOG 1641834109603 [L3]: Starting move selection for game step 38 with available time 0ms.
LOG 1641834109604 [L3]: No time to select next move using MCTS. Returning random move noop.
LOG 1641834109609 [L3]: Starting move selection for game step 39 with available time 0ms.
LOG 1641834109609 [L3]: No time to select next move using MCTS. Returning random move ( move 7 1 6 2 ).
LOG 1641834109617 [L3]: Starting move selection for game step 40 with available time 0ms.
LOG 1641834109617 [L3]: No time to select next move using MCTS. Returning random move noop.
LOG 1641834109624 [L3]: Starting move selection for game step 41 with available time 0ms.
LOG 1641834109624 [L3]: No time to select next move using MCTS. Returning random move ( move 5 5 4 6 ).
LOG 1641834109638 [L3]: Starting move selection for game step 42 with available time 0ms.
LOG 1641834109639 [L3]: No time to select next move using MCTS. Returning random move noop.
LOG 1641834109644 [L3]: Starting move selection for game step 43 with available time 0ms.
LOG 1641834109644 [L3]: No time to select next move using MCTS. Returning random move ( move 2 3 2 4 ).
LOG 1641834109651 [L3]: Starting move selection for game step 44 with available time 0ms.
LOG 1641834109651 [L3]: No time to select next move using MCTS. Returning random move noop.
LOG 1641834109657 [L3]: Starting move selection for game step 45 with available time 0ms.
LOG 1641834109657 [L3]: No time to select next move using MCTS. Returning random move ( move 4 6 5 7 ).
LOG 1641834109663 [L3]: Starting move selection for game step 46 with available time 0ms.
LOG 1641834109664 [L3]: No time to select next move using MCTS. Returning random move noop.
LOG 1641834109672 [L3]: Starting move selection for game step 47 with available time 0ms.
LOG 1641834109672 [L3]: No time to select next move using MCTS. Returning random move ( move 6 3 6 4 ).
LOG 1641834109678 [L3]: Starting move selection for game step 48 with available time 0ms.
LOG 1641834109678 [L3]: No time to select next move using MCTS. Returning random move noop.
LOG 1641834109685 [L3]: Starting move selection for game step 49 with available time 0ms.
LOG 1641834109685 [L3]: No time to select next move using MCTS. Returning random move ( move 6 2 6 3 ).
LOG 1641834109691 [L3]: Starting move selection for game step 50 with available time 0ms.
LOG 1641834109691 [L3]: No time to select next move using MCTS. Returning random move noop.
LOG 1641834109697 [L3]: Starting move selection for game step 51 with available time 0ms.
LOG 1641834109698 [L3]: No time to select next move using MCTS. Returning random move ( move 6 4 5 5 ).
LOG 1641834109704 [L3]: Starting move selection for game step 52 with available time 0ms.
LOG 1641834109704 [L3]: No time to select next move using MCTS. Returning random move noop.
LOG 1641834109710 [L3]: Starting move selection for game step 53 with available time 0ms.
LOG 1641834109711 [L3]: No time to select next move using MCTS. Returning random move ( move 8 2 8 3 ).
LOG 1641834109716 [L3]: Starting move selection for game step 54 with available time 0ms.
LOG 1641834109716 [L3]: No time to select next move using MCTS. Returning random move noop.
