LOG 1641921509079 [L3]: Started match logging at: Tue Jan 11 18:18:29 CET 2022
LOG 1641921509087 [L3]: Game rules: [( role white ), ( role black ), ( <= ( base ( cellHolds ?x ?y ?p ) ) ( index ?x ) ( index ?y ) ( role ?p ) ), ( <= ( base ( control ?p ) ) ( role ?p ) ), ( <= ( input ?p noop ) ( role ?p ) ), ( <= ( input white ( move ?x ?y1 ?x ?y2 ) ) ( index ?x ) ( succ ?y1 ?y2 ) ), ( <= ( input white ( move ?x1 ?y1 ?x2 ?y2 ) ) ( succ ?y1 ?y2 ) ( succ ?x1 ?x2 ) ), ( <= ( input white ( move ?x1 ?y1 ?x2 ?y2 ) ) ( succ ?y1 ?y2 ) ( succ ?x2 ?x1 ) ), ( <= ( input black ( move ?x ?y1 ?x ?y2 ) ) ( index ?x ) ( succ ?y2 ?y1 ) ), ( <= ( input black ( move ?x1 ?y1 ?x2 ?y2 ) ) ( succ ?y2 ?y1 ) ( succ ?x1 ?x2 ) ), ( <= ( input black ( move ?x1 ?y1 ?x2 ?y2 ) ) ( succ ?y2 ?y1 ) ( succ ?x2 ?x1 ) ), ( init ( cellHolds 1 1 white ) ), ( init ( cellHolds 2 1 white ) ), ( init ( cellHolds 3 1 white ) ), ( init ( cellHolds 4 1 white ) ), ( init ( cellHolds 5 1 white ) ), ( init ( cellHolds 6 1 white ) ), ( init ( cellHolds 7 1 white ) ), ( init ( cellHolds 8 1 white ) ), ( init ( cellHolds 1 2 white ) ), ( init ( cellHolds 2 2 white ) ), ( init ( cellHolds 3 2 white ) ), ( init ( cellHolds 4 2 white ) ), ( init ( cellHolds 5 2 white ) ), ( init ( cellHolds 6 2 white ) ), ( init ( cellHolds 7 2 white ) ), ( init ( cellHolds 8 2 white ) ), ( init ( cellHolds 1 7 black ) ), ( init ( cellHolds 2 7 black ) ), ( init ( cellHolds 3 7 black ) ), ( init ( cellHolds 4 7 black ) ), ( init ( cellHolds 5 7 black ) ), ( init ( cellHolds 6 7 black ) ), ( init ( cellHolds 7 7 black ) ), ( init ( cellHolds 8 7 black ) ), ( init ( cellHolds 1 8 black ) ), ( init ( cellHolds 2 8 black ) ), ( init ( cellHolds 3 8 black ) ), ( init ( cellHolds 4 8 black ) ), ( init ( cellHolds 5 8 black ) ), ( init ( cellHolds 6 8 black ) ), ( init ( cellHolds 7 8 black ) ), ( init ( cellHolds 8 8 black ) ), ( init ( control white ) ), ( <= ( legal white ( move ?x ?y1 ?x ?y2 ) ) ( true ( control white ) ) ( true ( cellHolds ?x ?y1 white ) ) ( succ ?y1 ?y2 ) ( cellEmpty ?x ?y2 ) ), ( <= ( legal white ( move ?x1 ?y1 ?x2 ?y2 ) ) ( true ( control white ) ) ( true ( cellHolds ?x1 ?y1 white ) ) ( succ ?y1 ?y2 ) ( succ ?x1 ?x2 ) ( not ( true ( cellHolds ?x2 ?y2 white ) ) ) ), ( <= ( legal white ( move ?x1 ?y1 ?x2 ?y2 ) ) ( true ( control white ) ) ( true ( cellHolds ?x1 ?y1 white ) ) ( succ ?y1 ?y2 ) ( succ ?x2 ?x1 ) ( not ( true ( cellHolds ?x2 ?y2 white ) ) ) ), ( <= ( legal black ( move ?x ?y1 ?x ?y2 ) ) ( true ( control black ) ) ( true ( cellHolds ?x ?y1 black ) ) ( succ ?y2 ?y1 ) ( cellEmpty ?x ?y2 ) ), ( <= ( legal black ( move ?x1 ?y1 ?x2 ?y2 ) ) ( true ( control black ) ) ( true ( cellHolds ?x1 ?y1 black ) ) ( succ ?y2 ?y1 ) ( succ ?x1 ?x2 ) ( not ( true ( cellHolds ?x2 ?y2 black ) ) ) ), ( <= ( legal black ( move ?x1 ?y1 ?x2 ?y2 ) ) ( true ( control black ) ) ( true ( cellHolds ?x1 ?y1 black ) ) ( succ ?y2 ?y1 ) ( succ ?x2 ?x1 ) ( not ( true ( cellHolds ?x2 ?y2 black ) ) ) ), ( <= ( legal white noop ) ( true ( control black ) ) ), ( <= ( legal black noop ) ( true ( control white ) ) ), ( <= ( next ( cellHolds ?x2 ?y2 ?player ) ) ( role ?player ) ( does ?player ( move ?x1 ?y1 ?x2 ?y2 ) ) ), ( <= ( next ( cellHolds ?x3 ?y3 ?state ) ) ( true ( cellHolds ?x3 ?y3 ?state ) ) ( role ?player ) ( does ?player ( move ?x1 ?y1 ?x2 ?y2 ) ) ( distinctCell ?x1 ?y1 ?x3 ?y3 ) ( distinctCell ?x2 ?y2 ?x3 ?y3 ) ), ( <= ( next ( control white ) ) ( true ( control black ) ) ), ( <= ( next ( control black ) ) ( true ( control white ) ) ), ( <= terminal whiteWin ), ( <= terminal blackWin ), ( <= ( goal white 100 ) whiteWin ), ( <= ( goal white 0 ) ( not whiteWin ) ), ( <= ( goal black 100 ) blackWin ), ( <= ( goal black 0 ) ( not blackWin ) ), ( <= ( cell ?x ?y ) ( index ?x ) ( index ?y ) ), ( <= ( cellEmpty ?x ?y ) ( cell ?x ?y ) ( not ( true ( cellHolds ?x ?y white ) ) ) ( not ( true ( cellHolds ?x ?y black ) ) ) ), ( <= ( distinctCell ?x1 ?y1 ?x2 ?y2 ) ( cell ?x1 ?y1 ) ( cell ?x2 ?y2 ) ( distinct ?x1 ?x2 ) ), ( <= ( distinctCell ?x1 ?y1 ?x2 ?y2 ) ( cell ?x1 ?y1 ) ( cell ?x2 ?y2 ) ( distinct ?y1 ?y2 ) ), ( <= whiteWin ( index ?x ) ( true ( cellHolds ?x 8 white ) ) ), ( <= blackWin ( index ?x ) ( true ( cellHolds ?x 1 black ) ) ), ( <= whiteWin ( not blackCell ) ), ( <= blackWin ( not whiteCell ) ), ( <= whiteCell ( cell ?x ?y ) ( true ( cellHolds ?x ?y white ) ) ), ( <= blackCell ( cell ?x ?y ) ( true ( cellHolds ?x ?y black ) ) ), ( index 1 ), ( index 2 ), ( index 3 ), ( index 4 ), ( index 5 ), ( index 6 ), ( index 7 ), ( index 8 ), ( succ 1 2 ), ( succ 2 3 ), ( succ 3 4 ), ( succ 4 5 ), ( succ 5 6 ), ( succ 6 7 ), ( succ 7 8 )]
LOG 1641921509087 [L3]: Start clock: 15
LOG 1641921509087 [L3]: Play clock: 20
LOG 1641921514079 [L0]: [Sent at 1641921514079] ready
LOG 1641921514081 [L0]: [Received at 1641921514081] ( PLAY 18.breakthrough.1641921508895 NIL )
LOG 1641921524083 [L0]: [Sent at 1641921524083] noop
LOG 1641921524086 [L0]: [Received at 1641921524086] ( PLAY 18.breakthrough.1641921508895 (( move 6 2 7 3 ) noop ) )
LOG 1641921534088 [L0]: [Sent at 1641921534088] ( move 2 7 2 6 )
LOG 1641921534091 [L0]: [Received at 1641921534091] ( PLAY 18.breakthrough.1641921508895 (noop ( move 2 7 2 6 ) ) )
LOG 1641921544098 [L0]: [Sent at 1641921544098] noop
LOG 1641921544101 [L0]: [Received at 1641921544101] ( PLAY 18.breakthrough.1641921508895 (( move 7 2 8 3 ) noop ) )
LOG 1641921554101 [L0]: [Sent at 1641921554101] ( move 2 6 3 5 )
LOG 1641921554104 [L0]: [Received at 1641921554104] ( PLAY 18.breakthrough.1641921508895 (noop ( move 2 6 3 5 ) ) )
LOG 1641921564105 [L0]: [Sent at 1641921564105] noop
LOG 1641921564108 [L0]: [Received at 1641921564108] ( PLAY 18.breakthrough.1641921508895 (( move 4 2 5 3 ) noop ) )
LOG 1641921574109 [L0]: [Sent at 1641921574109] ( move 3 5 3 4 )
LOG 1641921574111 [L0]: [Received at 1641921574111] ( PLAY 18.breakthrough.1641921508895 (noop ( move 3 5 3 4 ) ) )
LOG 1641921584113 [L0]: [Sent at 1641921584113] noop
LOG 1641921584115 [L0]: [Received at 1641921584115] ( PLAY 18.breakthrough.1641921508895 (( move 6 1 7 2 ) noop ) )
LOG 1641921594116 [L0]: [Sent at 1641921594116] ( move 6 7 5 6 )
LOG 1641921594119 [L0]: [Received at 1641921594119] ( PLAY 18.breakthrough.1641921508895 (noop ( move 6 7 5 6 ) ) )
LOG 1641921604120 [L0]: [Sent at 1641921604120] noop
LOG 1641921604123 [L0]: [Received at 1641921604123] ( PLAY 18.breakthrough.1641921508895 (( move 2 2 3 3 ) noop ) )
LOG 1641921614125 [L0]: [Sent at 1641921614125] ( move 5 6 4 5 )
LOG 1641921614128 [L0]: [Received at 1641921614128] ( PLAY 18.breakthrough.1641921508895 (noop ( move 5 6 4 5 ) ) )
LOG 1641921624129 [L0]: [Sent at 1641921624129] noop
LOG 1641921624132 [L0]: [Received at 1641921624132] ( PLAY 18.breakthrough.1641921508895 (( move 1 1 2 2 ) noop ) )
LOG 1641921634133 [L0]: [Sent at 1641921634133] ( move 4 5 5 4 )
LOG 1641921634136 [L0]: [Received at 1641921634136] ( PLAY 18.breakthrough.1641921508895 (noop ( move 4 5 5 4 ) ) )
LOG 1641921644136 [L0]: [Sent at 1641921644136] noop
LOG 1641921644139 [L0]: [Received at 1641921644139] ( PLAY 18.breakthrough.1641921508895 (( move 5 1 4 2 ) noop ) )
LOG 1641921654141 [L0]: [Sent at 1641921654141] ( move 5 4 6 3 )
LOG 1641921654143 [L0]: [Received at 1641921654143] ( PLAY 18.breakthrough.1641921508895 (noop ( move 5 4 6 3 ) ) )
LOG 1641921664145 [L0]: [Sent at 1641921664145] noop
LOG 1641921664148 [L0]: [Received at 1641921664148] ( PLAY 18.breakthrough.1641921508895 (( move 2 2 2 3 ) noop ) )
LOG 1641921674150 [L0]: [Sent at 1641921674150] ( move 3 4 2 3 )
LOG 1641921674152 [L0]: [Received at 1641921674152] ( PLAY 18.breakthrough.1641921508895 (noop ( move 3 4 2 3 ) ) )
LOG 1641921684153 [L0]: [Sent at 1641921684153] noop
LOG 1641921684157 [L0]: [Received at 1641921684157] ( PLAY 18.breakthrough.1641921508895 (( move 7 3 6 4 ) noop ) )
LOG 1641921694159 [L0]: [Sent at 1641921694159] ( move 2 3 2 2 )
LOG 1641921694171 [L0]: [Received at 1641921694171] ( PLAY 18.breakthrough.1641921508895 (noop ( move 2 3 2 2 ) ) )
LOG 1641921704173 [L0]: [Sent at 1641921704173] noop
LOG 1641921704175 [L0]: [Received at 1641921704175] ( PLAY 18.breakthrough.1641921508895 (( move 8 3 7 4 ) noop ) )
LOG 1641921714176 [L0]: [Sent at 1641921714176] ( move 2 2 3 1 )
LOG 1641921714180 [L0]: [Received at 1641921714180] ( STOP 18.breakthrough.1641921508895 (noop ( move 2 2 3 1 ) ) )
LOG 1641921714181 [L3]: Stopped logging to files at: Tue Jan 11 18:21:54 CET 2022
LOG 1641921714181 [L3]: LOG SEALED
