LOG 1641850209022 [L3]: Returning initial state machine.
LOG 1641850209022 [L3]: Returning PropNet state machine without cache.
LOG 1641850209023 [L3]: Starting metagame with available thinking time 4988ms.
LOG 1641850209025 [L3]: Starting search during metagame.
LOG 1641850214011 [L3]: Done searching during metagame.
LOG 1641850214015 [L3]: Starting move selection for game step 1 with available time 10000ms.
LOG 1641850214015 [L3]: Selecting move using MCTS.
LOG 1641850224015 [L3]: Returning MCTS move noop.
LOG 1641850224018 [L3]: Starting move selection for game step 2 with available time 10000ms.
LOG 1641850224024 [L3]: Selecting move using MCTS.
LOG 1641850234018 [L3]: Returning MCTS move ( drop 4 ).
LOG 1641850234021 [L3]: Starting move selection for game step 3 with available time 10000ms.
LOG 1641850234036 [L3]: Selecting move using MCTS.
LOG 1641850244021 [L3]: Returning MCTS move noop.
LOG 1641850244034 [L3]: Starting move selection for game step 4 with available time 10000ms.
LOG 1641850244050 [L3]: Selecting move using MCTS.
LOG 1641850254034 [L3]: Returning MCTS move ( drop 4 ).
LOG 1641850254040 [L3]: Starting move selection for game step 5 with available time 9999ms.
LOG 1641850254060 [L3]: Selecting move using MCTS.
LOG 1641850264039 [L3]: Returning MCTS move noop.
LOG 1641850264042 [L3]: Starting move selection for game step 6 with available time 10000ms.
LOG 1641850264060 [L3]: Selecting move using MCTS.
LOG 1641850274042 [L3]: Returning MCTS move ( drop 4 ).
LOG 1641850274046 [L3]: Starting move selection for game step 7 with available time 10000ms.
LOG 1641850274065 [L3]: Selecting move using MCTS.
LOG 1641850284046 [L3]: Returning MCTS move noop.
LOG 1641850284049 [L3]: Starting move selection for game step 8 with available time 10000ms.
LOG 1641850284068 [L3]: Selecting move using MCTS.
LOG 1641850294049 [L3]: Returning MCTS move ( drop 2 ).
LOG 1641850294052 [L3]: Starting move selection for game step 9 with available time 10000ms.
LOG 1641850294070 [L3]: Selecting move using MCTS.
LOG 1641850304052 [L3]: Returning MCTS move noop.
LOG 1641850304055 [L3]: Starting move selection for game step 10 with available time 10000ms.
LOG 1641850304074 [L3]: Selecting move using MCTS.
LOG 1641850314055 [L3]: Returning MCTS move ( drop 3 ).
LOG 1641850314058 [L3]: Starting move selection for game step 11 with available time 10000ms.
LOG 1641850314077 [L3]: Selecting move using MCTS.
LOG 1641850324058 [L3]: Returning MCTS move noop.
LOG 1641850324061 [L3]: Starting move selection for game step 12 with available time 10000ms.
LOG 1641850324085 [L3]: Selecting move using MCTS.
LOG 1641850334070 [L3]: Returning MCTS move ( drop 6 ).
LOG 1641850334074 [L3]: Starting move selection for game step 13 with available time 10000ms.
LOG 1641850334091 [L3]: Selecting move using MCTS.
LOG 1641850344074 [L3]: Returning MCTS move noop.
LOG 1641850344080 [L3]: Starting move selection for game step 14 with available time 10000ms.
LOG 1641850344104 [L3]: Selecting move using MCTS.
LOG 1641850354080 [L3]: Returning MCTS move ( drop 1 ).
