LOG 1641832679029 [L3]: Started match logging at: Mon Jan 10 17:37:59 CET 2022
LOG 1641832679037 [L3]: Game rules: [( role white ), ( role red ), ( init ( cell 1 0 dirt ) ), ( init ( cell 2 0 dirt ) ), ( init ( cell 3 0 dirt ) ), ( init ( cell 4 0 dirt ) ), ( init ( cell 5 0 dirt ) ), ( init ( cell 6 0 dirt ) ), ( init ( cell 7 0 dirt ) ), ( init ( cell 1 1 b ) ), ( init ( cell 1 2 b ) ), ( init ( cell 1 3 b ) ), ( init ( cell 1 4 b ) ), ( init ( cell 1 5 b ) ), ( init ( cell 1 6 b ) ), ( init ( cell 2 1 b ) ), ( init ( cell 2 2 b ) ), ( init ( cell 2 3 b ) ), ( init ( cell 2 4 b ) ), ( init ( cell 2 5 b ) ), ( init ( cell 2 6 b ) ), ( init ( cell 3 1 b ) ), ( init ( cell 3 2 b ) ), ( init ( cell 3 3 b ) ), ( init ( cell 3 4 b ) ), ( init ( cell 3 5 b ) ), ( init ( cell 3 6 b ) ), ( init ( cell 4 1 b ) ), ( init ( cell 4 2 b ) ), ( init ( cell 4 3 b ) ), ( init ( cell 4 4 b ) ), ( init ( cell 4 5 b ) ), ( init ( cell 4 6 b ) ), ( init ( cell 5 1 b ) ), ( init ( cell 5 2 b ) ), ( init ( cell 5 3 b ) ), ( init ( cell 5 4 b ) ), ( init ( cell 5 5 b ) ), ( init ( cell 5 6 b ) ), ( init ( cell 6 1 b ) ), ( init ( cell 6 2 b ) ), ( init ( cell 6 3 b ) ), ( init ( cell 6 4 b ) ), ( init ( cell 6 5 b ) ), ( init ( cell 6 6 b ) ), ( init ( cell 7 1 b ) ), ( init ( cell 7 2 b ) ), ( init ( cell 7 3 b ) ), ( init ( cell 7 4 b ) ), ( init ( cell 7 5 b ) ), ( init ( cell 7 6 b ) ), ( init ( control white ) ), ( <= ( empty ?c ?h ) ( true ( cell ?c ?h b ) ) ), ( <= ( filled ?c ?h ) ( true ( cell ?c ?h dirt ) ) ), ( <= ( filled ?c ?h ) ( true ( cell ?c ?h w ) ) ), ( <= ( filled ?c ?h ) ( true ( cell ?c ?h r ) ) ), ( <= ( next ( cell ?c ?h2 w ) ) ( does white ( drop ?c ) ) ( true ( cell ?c ?h2 b ) ) ( filled ?c ?h1 ) ( succ ?h1 ?h2 ) ), ( <= ( next ( cell ?c ?h2 r ) ) ( does red ( drop ?c ) ) ( true ( cell ?c ?h2 b ) ) ( filled ?c ?h1 ) ( succ ?h1 ?h2 ) ), ( <= ( next ( cell ?x ?y ?z ) ) ( true ( cell ?x ?y ?z ) ) ( distinct ?z b ) ), ( <= ( next ( cell ?c2 ?y b ) ) ( does ?w ( drop ?c1 ) ) ( true ( cell ?c2 ?y b ) ) ( distinct ?c1 ?c2 ) ), ( <= ( next ( cell ?c ?y2 b ) ) ( true ( cell ?c ?y1 b ) ) ( distinct ?y1 6 ) ( succ ?y1 ?y2 ) ), ( <= ( next ( control white ) ) ( true ( control red ) ) ), ( <= ( next ( control red ) ) ( true ( control white ) ) ), ( <= ( row ?z ) ( true ( cell ?x1 ?y ?z ) ) ( distinct ?z b ) ( distinct ?z dirt ) ( succ ?x1 ?x2 ) ( true ( cell ?x2 ?y ?z ) ) ( succ ?x2 ?x3 ) ( true ( cell ?x3 ?y ?z ) ) ( succ ?x3 ?x4 ) ( true ( cell ?x4 ?y ?z ) ) ), ( <= ( column ?z ) ( true ( cell ?x ?y1 ?z ) ) ( distinct ?z b ) ( succ ?y1 ?y2 ) ( true ( cell ?x ?y2 ?z ) ) ( succ ?y2 ?y3 ) ( true ( cell ?x ?y3 ?z ) ) ( succ ?y3 ?y4 ) ( true ( cell ?x ?y4 ?z ) ) ), ( <= ( diag ?z ) ( true ( cell ?x1 ?y1 ?z ) ) ( distinct ?z b ) ( succ ?x1 ?x2 ) ( succ ?y1 ?y2 ) ( true ( cell ?x2 ?y2 ?z ) ) ( succ ?x2 ?x3 ) ( succ ?y2 ?y3 ) ( true ( cell ?x3 ?y3 ?z ) ) ( succ ?x3 ?x4 ) ( succ ?y3 ?y4 ) ( true ( cell ?x4 ?y4 ?z ) ) ), ( <= ( diag ?z ) ( true ( cell ?x1 ?y1 ?z ) ) ( distinct ?z b ) ( succ ?x1 ?x2 ) ( succ ?y2 ?y1 ) ( true ( cell ?x2 ?y2 ?z ) ) ( succ ?x2 ?x3 ) ( succ ?y3 ?y2 ) ( true ( cell ?x3 ?y3 ?z ) ) ( succ ?x3 ?x4 ) ( succ ?y4 ?y3 ) ( true ( cell ?x4 ?y4 ?z ) ) ), ( <= ( line ?x ) ( row ?x ) ), ( <= ( line ?x ) ( column ?x ) ), ( <= ( line ?x ) ( diag ?x ) ), ( <= open ( empty ?c ?h ) ), ( <= terminal ( line r ) ), ( <= terminal ( line w ) ), ( <= terminal ( not open ) ), ( <= ( legal ?w ( drop ?c ) ) ( true ( cell ?c ?y2 b ) ) ( filled ?c ?y1 ) ( succ ?y1 ?y2 ) ( true ( control ?w ) ) ), ( <= ( legal white noop ) ( true ( control red ) ) ), ( <= ( legal red noop ) ( true ( control white ) ) ), ( <= ( goal white 100 ) ( line w ) ), ( <= ( goal white 50 ) ( not ( line r ) ) ( not ( line w ) ) ( not open ) ), ( <= ( goal white 0 ) ( line r ) ), ( <= ( goal red 100 ) ( line r ) ), ( <= ( goal red 50 ) ( not ( line r ) ) ( not ( line w ) ) ( not open ) ), ( <= ( goal red 0 ) ( line w ) ), ( <= ( goal ?w 70 ) ( role ?w ) ( not ( line r ) ) ( not ( line w ) ) open ), ( <= ( lte 0 ?x ) ( number ?x ) ), ( <= ( lte ?x ?x ) ( number ?x ) ), ( <= ( lte ?x ?z ) ( succ ?y ?z ) ( lte ?x ?y ) ), ( <= ( lte ?x ?y ) ( succ ?x ?y ) ), ( number 0 ), ( number 1 ), ( number 2 ), ( number 3 ), ( number 4 ), ( number 5 ), ( number 6 ), ( number 7 ), ( number 8 ), ( succ 0 1 ), ( succ 1 2 ), ( succ 2 3 ), ( succ 3 4 ), ( succ 4 5 ), ( succ 5 6 ), ( succ 6 7 ), ( succ 7 8 )]
LOG 1641832679037 [L3]: Start clock: 15
LOG 1641832679037 [L3]: Play clock: 10
LOG 1641832684026 [L0]: [Sent at 1641832684026] ready
LOG 1641832684028 [L0]: [Received at 1641832684028] ( PLAY 17.connect4.1641832678963 NIL )
LOG 1641832684029 [L0]: [Sent at 1641832684029] noop
LOG 1641832684032 [L0]: [Received at 1641832684032] ( PLAY 17.connect4.1641832678963 (( drop 5 ) noop ) )
LOG 1641832684034 [L0]: [Sent at 1641832684034] ( drop 7 )
LOG 1641832684037 [L0]: [Received at 1641832684037] ( PLAY 17.connect4.1641832678963 (noop ( drop 7 ) ) )
LOG 1641832684046 [L0]: [Sent at 1641832684046] noop
LOG 1641832684049 [L0]: [Received at 1641832684049] ( PLAY 17.connect4.1641832678963 (( drop 1 ) noop ) )
LOG 1641832684053 [L0]: [Sent at 1641832684053] ( drop 2 )
LOG 1641832684055 [L0]: [Received at 1641832684055] ( PLAY 17.connect4.1641832678963 (noop ( drop 2 ) ) )
LOG 1641832684056 [L0]: [Sent at 1641832684056] noop
LOG 1641832684059 [L0]: [Received at 1641832684059] ( PLAY 17.connect4.1641832678963 (( drop 6 ) noop ) )
LOG 1641832684060 [L0]: [Sent at 1641832684060] ( drop 3 )
LOG 1641832684062 [L0]: [Received at 1641832684062] ( PLAY 17.connect4.1641832678963 (noop ( drop 3 ) ) )
LOG 1641832684064 [L0]: [Sent at 1641832684064] noop
LOG 1641832684066 [L0]: [Received at 1641832684066] ( PLAY 17.connect4.1641832678963 (( drop 1 ) noop ) )
LOG 1641832684067 [L0]: [Sent at 1641832684067] ( drop 7 )
LOG 1641832684070 [L0]: [Received at 1641832684070] ( PLAY 17.connect4.1641832678963 (noop ( drop 7 ) ) )
LOG 1641832684072 [L0]: [Sent at 1641832684072] noop
LOG 1641832684075 [L0]: [Received at 1641832684075] ( PLAY 17.connect4.1641832678963 (( drop 2 ) noop ) )
LOG 1641832684076 [L0]: [Sent at 1641832684076] ( drop 3 )
LOG 1641832684079 [L0]: [Received at 1641832684079] ( PLAY 17.connect4.1641832678963 (noop ( drop 3 ) ) )
LOG 1641832684080 [L0]: [Sent at 1641832684080] noop
LOG 1641832684084 [L0]: [Received at 1641832684084] ( PLAY 17.connect4.1641832678963 (( drop 6 ) noop ) )
LOG 1641832684085 [L0]: [Sent at 1641832684085] ( drop 2 )
LOG 1641832684088 [L0]: [Received at 1641832684088] ( PLAY 17.connect4.1641832678963 (noop ( drop 2 ) ) )
LOG 1641832684089 [L0]: [Sent at 1641832684089] noop
LOG 1641832684092 [L0]: [Received at 1641832684092] ( PLAY 17.connect4.1641832678963 (( drop 3 ) noop ) )
LOG 1641832684093 [L0]: [Sent at 1641832684093] ( drop 6 )
LOG 1641832684095 [L0]: [Received at 1641832684095] ( PLAY 17.connect4.1641832678963 (noop ( drop 6 ) ) )
LOG 1641832684097 [L0]: [Sent at 1641832684097] noop
LOG 1641832684099 [L0]: [Received at 1641832684099] ( PLAY 17.connect4.1641832678963 (( drop 1 ) noop ) )
LOG 1641832684101 [L0]: [Sent at 1641832684101] ( drop 7 )
LOG 1641832684103 [L0]: [Received at 1641832684103] ( PLAY 17.connect4.1641832678963 (noop ( drop 7 ) ) )
LOG 1641832684105 [L0]: [Sent at 1641832684105] noop
LOG 1641832684108 [L0]: [Received at 1641832684108] ( PLAY 17.connect4.1641832678963 (( drop 3 ) noop ) )
LOG 1641832684109 [L0]: [Sent at 1641832684109] ( drop 4 )
LOG 1641832684112 [L0]: [Received at 1641832684112] ( PLAY 17.connect4.1641832678963 (noop ( drop 4 ) ) )
LOG 1641832684113 [L0]: [Sent at 1641832684113] noop
LOG 1641832684118 [L0]: [Received at 1641832684118] ( STOP 17.connect4.1641832678963 (( drop 1 ) noop ) )
LOG 1641832684119 [L3]: Stopped logging to files at: Mon Jan 10 17:38:04 CET 2022
LOG 1641832684119 [L3]: LOG SEALED
