LOG 1641833899924 [L3]: Returning initial state machine.
LOG 1641833899925 [L3]: Returning PropNet state machine without cache.
LOG 1641833899925 [L3]: Starting metagame with available thinking time 4990ms.
LOG 1641833899928 [L3]: Starting search during metagame.
LOG 1641833904915 [L3]: Done searching during metagame.
LOG 1641833904919 [L3]: Starting move selection for game step 1 with available time 0ms.
LOG 1641833904921 [L3]: No time to select next move using MCTS. Returning random move noop.
LOG 1641833904925 [L3]: Starting move selection for game step 2 with available time 0ms.
LOG 1641833904926 [L3]: No time to select next move using MCTS. Returning random move ( move 5 7 5 6 ).
LOG 1641833904931 [L3]: Starting move selection for game step 3 with available time 0ms.
LOG 1641833904937 [L3]: No time to select next move using MCTS. Returning random move noop.
LOG 1641833904943 [L3]: Starting move selection for game step 4 with available time 0ms.
LOG 1641833904944 [L3]: No time to select next move using MCTS. Returning random move ( move 2 7 1 6 ).
LOG 1641833904949 [L3]: Starting move selection for game step 5 with available time 0ms.
LOG 1641833904949 [L3]: No time to select next move using MCTS. Returning random move noop.
LOG 1641833904953 [L3]: Starting move selection for game step 6 with available time 0ms.
LOG 1641833904954 [L3]: No time to select next move using MCTS. Returning random move ( move 1 8 2 7 ).
LOG 1641833904957 [L3]: Starting move selection for game step 7 with available time 0ms.
LOG 1641833904958 [L3]: No time to select next move using MCTS. Returning random move noop.
LOG 1641833904962 [L3]: Starting move selection for game step 8 with available time 0ms.
LOG 1641833904962 [L3]: No time to select next move using MCTS. Returning random move ( move 5 6 6 5 ).
LOG 1641833904966 [L3]: Starting move selection for game step 9 with available time 0ms.
LOG 1641833904966 [L3]: No time to select next move using MCTS. Returning random move noop.
LOG 1641833904970 [L3]: Starting move selection for game step 10 with available time 0ms.
LOG 1641833904970 [L3]: No time to select next move using MCTS. Returning random move ( move 4 7 4 6 ).
LOG 1641833904974 [L3]: Starting move selection for game step 11 with available time 0ms.
LOG 1641833904975 [L3]: No time to select next move using MCTS. Returning random move noop.
LOG 1641833904979 [L3]: Starting move selection for game step 12 with available time 0ms.
LOG 1641833904979 [L3]: No time to select next move using MCTS. Returning random move ( move 3 7 2 6 ).
LOG 1641833904983 [L3]: Starting move selection for game step 13 with available time 0ms.
LOG 1641833904984 [L3]: No time to select next move using MCTS. Returning random move noop.
LOG 1641833904987 [L3]: Starting move selection for game step 14 with available time 0ms.
LOG 1641833904988 [L3]: No time to select next move using MCTS. Returning random move ( move 6 5 7 4 ).
LOG 1641833904992 [L3]: Starting move selection for game step 15 with available time 0ms.
LOG 1641833904992 [L3]: No time to select next move using MCTS. Returning random move noop.
LOG 1641833904995 [L3]: Starting move selection for game step 16 with available time 0ms.
LOG 1641833904995 [L3]: No time to select next move using MCTS. Returning random move ( move 6 7 7 6 ).
LOG 1641833905000 [L3]: Starting move selection for game step 17 with available time -1ms.
LOG 1641833905000 [L3]: No time to select next move using MCTS. Returning random move noop.
LOG 1641833905004 [L3]: Starting move selection for game step 18 with available time 0ms.
LOG 1641833905004 [L3]: No time to select next move using MCTS. Returning random move ( move 7 6 7 5 ).
LOG 1641833905008 [L3]: Starting move selection for game step 19 with available time 0ms.
LOG 1641833905009 [L3]: No time to select next move using MCTS. Returning random move noop.
LOG 1641833905013 [L3]: Starting move selection for game step 20 with available time 0ms.
LOG 1641833905013 [L3]: No time to select next move using MCTS. Returning random move ( move 4 6 5 5 ).
LOG 1641833905017 [L3]: Starting move selection for game step 21 with available time 0ms.
LOG 1641833905018 [L3]: No time to select next move using MCTS. Returning random move noop.
LOG 1641833905023 [L3]: Starting move selection for game step 22 with available time 0ms.
LOG 1641833905023 [L3]: No time to select next move using MCTS. Returning random move ( move 7 7 8 6 ).
LOG 1641833905028 [L3]: Starting move selection for game step 23 with available time 0ms.
LOG 1641833905028 [L3]: No time to select next move using MCTS. Returning random move noop.
LOG 1641833905033 [L3]: Starting move selection for game step 24 with available time 0ms.
LOG 1641833905033 [L3]: No time to select next move using MCTS. Returning random move ( move 7 4 8 3 ).
LOG 1641833905037 [L3]: Starting move selection for game step 25 with available time 0ms.
LOG 1641833905037 [L3]: No time to select next move using MCTS. Returning random move noop.
LOG 1641833905042 [L3]: Starting move selection for game step 26 with available time 0ms.
LOG 1641833905043 [L3]: No time to select next move using MCTS. Returning random move ( move 8 8 7 7 ).
LOG 1641833905048 [L3]: Starting move selection for game step 27 with available time 0ms.
LOG 1641833905048 [L3]: No time to select next move using MCTS. Returning random move noop.
LOG 1641833905052 [L3]: Starting move selection for game step 28 with available time 0ms.
LOG 1641833905053 [L3]: No time to select next move using MCTS. Returning random move ( move 5 5 4 4 ).
LOG 1641833905057 [L3]: Starting move selection for game step 29 with available time 0ms.
LOG 1641833905057 [L3]: No time to select next move using MCTS. Returning random move noop.
LOG 1641833905061 [L3]: Starting move selection for game step 30 with available time 0ms.
LOG 1641833905062 [L3]: No time to select next move using MCTS. Returning random move ( move 2 8 3 7 ).
LOG 1641833905066 [L3]: Starting move selection for game step 31 with available time 0ms.
LOG 1641833905066 [L3]: No time to select next move using MCTS. Returning random move noop.
LOG 1641833905069 [L3]: Starting move selection for game step 32 with available time 0ms.
LOG 1641833905070 [L3]: No time to select next move using MCTS. Returning random move ( move 8 6 8 5 ).
LOG 1641833905074 [L3]: Starting move selection for game step 33 with available time 0ms.
LOG 1641833905074 [L3]: No time to select next move using MCTS. Returning random move noop.
LOG 1641833905078 [L3]: Starting move selection for game step 34 with available time 0ms.
LOG 1641833905078 [L3]: No time to select next move using MCTS. Returning random move ( move 2 6 2 5 ).
LOG 1641833905082 [L3]: Starting move selection for game step 35 with available time 0ms.
LOG 1641833905083 [L3]: No time to select next move using MCTS. Returning random move noop.
LOG 1641833905086 [L3]: Starting move selection for game step 36 with available time 0ms.
LOG 1641833905087 [L3]: No time to select next move using MCTS. Returning random move ( move 8 3 7 2 ).
LOG 1641833905091 [L3]: Starting move selection for game step 37 with available time 0ms.
LOG 1641833905092 [L3]: No time to select next move using MCTS. Returning random move noop.
LOG 1641833905095 [L3]: Starting move selection for game step 38 with available time 0ms.
LOG 1641833905095 [L3]: No time to select next move using MCTS. Returning random move ( move 1 7 2 6 ).
LOG 1641833905099 [L3]: Starting move selection for game step 39 with available time 0ms.
LOG 1641833905100 [L3]: No time to select next move using MCTS. Returning random move noop.
LOG 1641833905108 [L3]: Starting move selection for game step 40 with available time 0ms.
LOG 1641833905109 [L3]: No time to select next move using MCTS. Returning random move ( move 6 8 5 7 ).
LOG 1641833905114 [L3]: Starting move selection for game step 41 with available time 0ms.
LOG 1641833905114 [L3]: No time to select next move using MCTS. Returning random move noop.
LOG 1641833905119 [L3]: Starting move selection for game step 42 with available time 0ms.
LOG 1641833905119 [L3]: No time to select next move using MCTS. Returning random move ( move 7 5 6 4 ).
LOG 1641833905123 [L3]: Starting move selection for game step 43 with available time 0ms.
LOG 1641833905124 [L3]: No time to select next move using MCTS. Returning random move noop.
LOG 1641833905127 [L3]: Starting move selection for game step 44 with available time 0ms.
LOG 1641833905128 [L3]: No time to select next move using MCTS. Returning random move ( move 6 4 7 3 ).
LOG 1641833905132 [L3]: Starting move selection for game step 45 with available time 0ms.
LOG 1641833905132 [L3]: No time to select next move using MCTS. Returning random move noop.
LOG 1641833905136 [L3]: Starting move selection for game step 46 with available time 0ms.
LOG 1641833905136 [L3]: No time to select next move using MCTS. Returning random move ( move 7 3 8 2 ).
LOG 1641833905140 [L3]: Starting move selection for game step 47 with available time 0ms.
LOG 1641833905141 [L3]: No time to select next move using MCTS. Returning random move noop.
LOG 1641833905144 [L3]: Starting move selection for game step 48 with available time 0ms.
LOG 1641833905145 [L3]: No time to select next move using MCTS. Returning random move ( move 5 8 4 7 ).
LOG 1641833905149 [L3]: Starting move selection for game step 49 with available time 0ms.
LOG 1641833905149 [L3]: No time to select next move using MCTS. Returning random move noop.
LOG 1641833905153 [L3]: Starting move selection for game step 50 with available time 0ms.
LOG 1641833905153 [L3]: No time to select next move using MCTS. Returning random move ( move 7 7 7 6 ).
LOG 1641833905158 [L3]: Starting move selection for game step 51 with available time 0ms.
LOG 1641833905158 [L3]: No time to select next move using MCTS. Returning random move noop.
LOG 1641833905163 [L3]: Starting move selection for game step 52 with available time 0ms.
LOG 1641833905164 [L3]: No time to select next move using MCTS. Returning random move ( move 7 6 6 5 ).
LOG 1641833905167 [L3]: Starting move selection for game step 53 with available time 0ms.
LOG 1641833905168 [L3]: No time to select next move using MCTS. Returning random move noop.
LOG 1641833905171 [L3]: Starting move selection for game step 54 with available time 0ms.
LOG 1641833905172 [L3]: No time to select next move using MCTS. Returning random move ( move 4 7 5 6 ).
LOG 1641833905175 [L3]: Starting move selection for game step 55 with available time 0ms.
LOG 1641833905176 [L3]: No time to select next move using MCTS. Returning random move noop.
LOG 1641833905179 [L3]: Starting move selection for game step 56 with available time 0ms.
LOG 1641833905180 [L3]: No time to select next move using MCTS. Returning random move ( move 7 2 6 1 ).
