LOG 1641844784663 [L3]: Returning initial state machine.
LOG 1641844784664 [L3]: Returning PropNet state machine without cache.
LOG 1641844784664 [L3]: Starting metagame with available thinking time 4990ms.
LOG 1641844784665 [L3]: Starting search during metagame.
LOG 1641844789654 [L3]: Done searching during metagame.
LOG 1641844789656 [L3]: Starting move selection for game step 1 with available time 0ms.
LOG 1641844789657 [L3]: No time to select next move using MCTS. Returning random move noop.
LOG 1641844789660 [L3]: Starting move selection for game step 2 with available time 0ms.
LOG 1641844789661 [L3]: No time to select next move using MCTS. Returning random move noop.
LOG 1641844789664 [L3]: Starting move selection for game step 3 with available time 0ms.
LOG 1641844789671 [L3]: No time to select next move using MCTS. Returning random move noop.
LOG 1641844789675 [L3]: Starting move selection for game step 4 with available time 0ms.
LOG 1641844789677 [L3]: No time to select next move using MCTS. Returning random move noop.
LOG 1641844789681 [L3]: Starting move selection for game step 5 with available time 0ms.
LOG 1641844789682 [L3]: No time to select next move using MCTS. Returning random move ( mark r2 c7 ).
LOG 1641844789685 [L3]: Starting move selection for game step 6 with available time 0ms.
LOG 1641844789686 [L3]: No time to select next move using MCTS. Returning random move noop.
LOG 1641844789688 [L3]: Starting move selection for game step 7 with available time 0ms.
LOG 1641844789689 [L3]: No time to select next move using MCTS. Returning random move noop.
LOG 1641844789693 [L3]: Starting move selection for game step 8 with available time 0ms.
LOG 1641844789693 [L3]: No time to select next move using MCTS. Returning random move ( block r3 c4 ).
LOG 1641844789696 [L3]: Starting move selection for game step 9 with available time 0ms.
LOG 1641844789696 [L3]: No time to select next move using MCTS. Returning random move ( mark r3 c5 ).
LOG 1641844789702 [L3]: Starting move selection for game step 10 with available time 0ms.
LOG 1641844789702 [L3]: No time to select next move using MCTS. Returning random move noop.
LOG 1641844789705 [L3]: Starting move selection for game step 11 with available time 0ms.
LOG 1641844789706 [L3]: No time to select next move using MCTS. Returning random move noop.
LOG 1641844789713 [L3]: Starting move selection for game step 12 with available time 0ms.
LOG 1641844789713 [L3]: No time to select next move using MCTS. Returning random move ( block r5 c6 ).
LOG 1641844789786 [L3]: Starting move selection for game step 13 with available time 0ms.
LOG 1641844789786 [L3]: No time to select next move using MCTS. Returning random move ( mark r4 c5 ).
LOG 1641844789798 [L3]: Starting move selection for game step 14 with available time 0ms.
LOG 1641844789798 [L3]: No time to select next move using MCTS. Returning random move noop.
LOG 1641844789812 [L3]: Starting move selection for game step 15 with available time 0ms.
LOG 1641844789812 [L3]: No time to select next move using MCTS. Returning random move ( mark r5 c3 ).
LOG 1641844789829 [L3]: Starting move selection for game step 16 with available time 0ms.
LOG 1641844789829 [L3]: No time to select next move using MCTS. Returning random move noop.
LOG 1641844789854 [L3]: Starting move selection for game step 17 with available time 0ms.
LOG 1641844789854 [L3]: No time to select next move using MCTS. Returning random move ( mark r7 c4 ).
LOG 1641844789874 [L3]: Starting move selection for game step 18 with available time 0ms.
LOG 1641844789874 [L3]: No time to select next move using MCTS. Returning random move noop.
LOG 1641844789921 [L3]: Starting move selection for game step 19 with available time 0ms.
LOG 1641844789921 [L3]: No time to select next move using MCTS. Returning random move ( block r3 c6 ).
LOG 1641844789928 [L3]: Starting move selection for game step 20 with available time 0ms.
LOG 1641844789929 [L3]: No time to select next move using MCTS. Returning random move ( mark r4 c6 ).
LOG 1641844789975 [L3]: Starting move selection for game step 21 with available time 0ms.
LOG 1641844789976 [L3]: No time to select next move using MCTS. Returning random move noop.
LOG 1641844790057 [L3]: Starting move selection for game step 22 with available time 0ms.
LOG 1641844790057 [L3]: No time to select next move using MCTS. Returning random move ( mark r6 c3 ).
LOG 1641844790113 [L3]: Starting move selection for game step 23 with available time 0ms.
LOG 1641844790113 [L3]: No time to select next move using MCTS. Returning random move noop.
LOG 1641844790189 [L3]: Starting move selection for game step 24 with available time 0ms.
LOG 1641844790189 [L3]: No time to select next move using MCTS. Returning random move ( block r7 c2 ).
LOG 1641844790201 [L3]: Starting move selection for game step 25 with available time 0ms.
LOG 1641844790201 [L3]: No time to select next move using MCTS. Returning random move ( mark r2 c6 ).
LOG 1641844790318 [L3]: Starting move selection for game step 26 with available time 0ms.
LOG 1641844790318 [L3]: No time to select next move using MCTS. Returning random move noop.
LOG 1641844790464 [L3]: Starting move selection for game step 27 with available time 0ms.
LOG 1641844790465 [L3]: No time to select next move using MCTS. Returning random move ( block r5 c7 ).
LOG 1641844790569 [L3]: Starting move selection for game step 28 with available time 0ms.
LOG 1641844790569 [L3]: No time to select next move using MCTS. Returning random move ( mark r2 c5 ).
LOG 1641844790739 [L3]: Starting move selection for game step 29 with available time 0ms.
LOG 1641844790739 [L3]: No time to select next move using MCTS. Returning random move noop.
LOG 1641844790919 [L3]: Starting move selection for game step 30 with available time 0ms.
LOG 1641844790919 [L3]: No time to select next move using MCTS. Returning random move ( mark r5 c4 ).
LOG 1641844791130 [L3]: Starting move selection for game step 31 with available time 0ms.
LOG 1641844791130 [L3]: No time to select next move using MCTS. Returning random move noop.
LOG 1641844791480 [L3]: Starting move selection for game step 32 with available time 0ms.
LOG 1641844791480 [L3]: No time to select next move using MCTS. Returning random move ( mark r7 c5 ).
LOG 1641844791671 [L3]: Starting move selection for game step 33 with available time 0ms.
LOG 1641844791671 [L3]: No time to select next move using MCTS. Returning random move noop.
LOG 1641844791973 [L3]: Starting move selection for game step 34 with available time 0ms.
LOG 1641844791973 [L3]: No time to select next move using MCTS. Returning random move ( mark r2 c1 ).
