LOG 1641836731704 [L3]: Started match logging at: Mon Jan 10 18:45:31 CET 2022
LOG 1641836731705 [L3]: Game rules: [( role white ), ( role black ), ( <= ( base ( cell ?x ?y ?p ) ) ( index ?x ) ( index ?y ) ( role ?p ) ), ( <= ( base ( control ?p ) ) ( role ?p ) ), ( <= ( input ?p noop ) ( role ?p ) ), ( <= ( input ?p ( move ?x1 ?y1 ?x2 ?y2 ) ) ( role ?p ) ( index ?x1 ) ( index ?x2 ) ( index ?y1 ) ( index ?y2 ) ), ( init ( cell 1 1 white ) ), ( init ( cell 2 1 white ) ), ( init ( cell 3 1 white ) ), ( init ( cell 4 1 white ) ), ( init ( cell 5 1 white ) ), ( init ( cell 6 1 white ) ), ( init ( cell 7 1 white ) ), ( init ( cell 8 1 white ) ), ( init ( cell 1 2 white ) ), ( init ( cell 2 2 white ) ), ( init ( cell 3 2 white ) ), ( init ( cell 4 2 white ) ), ( init ( cell 5 2 white ) ), ( init ( cell 6 2 white ) ), ( init ( cell 7 2 white ) ), ( init ( cell 8 2 white ) ), ( init ( cell 1 7 black ) ), ( init ( cell 2 7 black ) ), ( init ( cell 3 7 black ) ), ( init ( cell 4 7 black ) ), ( init ( cell 5 7 black ) ), ( init ( cell 6 7 black ) ), ( init ( cell 7 7 black ) ), ( init ( cell 8 7 black ) ), ( init ( cell 1 8 black ) ), ( init ( cell 2 8 black ) ), ( init ( cell 3 8 black ) ), ( init ( cell 4 8 black ) ), ( init ( cell 5 8 black ) ), ( init ( cell 6 8 black ) ), ( init ( cell 7 8 black ) ), ( init ( cell 8 8 black ) ), ( init ( control white ) ), ( <= ( legal white noop ) ( true ( control black ) ) ), ( <= ( legal black noop ) ( true ( control white ) ) ), ( <= ( legal white ( move ?x1 ?y1 ?x2 ?y2 ) ) ( true ( control white ) ) ( true ( cell ?x1 ?y1 white ) ) ( whiteknightmove ?x1 ?y1 ?x2 ?y2 ) ( not ( true ( cell ?x2 ?y2 white ) ) ) ), ( <= ( legal black ( move ?x1 ?y1 ?x2 ?y2 ) ) ( true ( control black ) ) ( true ( cell ?x1 ?y1 black ) ) ( blackknightmove ?x1 ?y1 ?x2 ?y2 ) ( not ( true ( cell ?x2 ?y2 black ) ) ) ), ( <= ( next ( cell ?x ?y ?state ) ) ( true ( cell ?x ?y ?state ) ) ( does ?player ( move ?x1 ?y1 ?x2 ?y2 ) ) ( distinctcell ?x ?y ?x1 ?y1 ) ( distinctcell ?x ?y ?x2 ?y2 ) ), ( <= ( next ( cell ?x2 ?y2 ?player ) ) ( does ?player ( move ?x1 ?y1 ?x2 ?y2 ) ) ), ( <= ( next ( control black ) ) ( true ( control white ) ) ), ( <= ( next ( control white ) ) ( true ( control black ) ) ), ( <= terminal whitewin ), ( <= terminal blackwin ), ( <= ( goal white 100 ) whitewin ), ( <= ( goal white 0 ) blackwin ), ( <= ( goal black 100 ) blackwin ), ( <= ( goal black 0 ) whitewin ), ( <= whitewin ( index ?x ) ( true ( cell ?x 8 white ) ) ), ( <= blackwin ( index ?x ) ( true ( cell ?x 1 black ) ) ), ( <= whitewin ( not ( hasAnyPiece black ) ) ), ( <= blackwin ( not ( hasAnyPiece white ) ) ), ( <= ( hasAnyPiece ?player ) ( true ( cell ?x ?y ?player ) ) ), ( <= ( whiteknightmove ?x1 ?y1 ?x2 ?y2 ) ( plus 1 ?x1 ?x2 ) ( plus 2 ?y1 ?y2 ) ), ( <= ( whiteknightmove ?x1 ?y1 ?x2 ?y2 ) ( plus 1 ?x2 ?x1 ) ( plus 2 ?y1 ?y2 ) ), ( <= ( whiteknightmove ?x1 ?y1 ?x2 ?y2 ) ( plus 2 ?x1 ?x2 ) ( plus 1 ?y1 ?y2 ) ), ( <= ( whiteknightmove ?x1 ?y1 ?x2 ?y2 ) ( plus 2 ?x2 ?x1 ) ( plus 1 ?y1 ?y2 ) ), ( <= ( blackknightmove ?x1 ?y1 ?x2 ?y2 ) ( plus 1 ?x1 ?x2 ) ( plus 2 ?y2 ?y1 ) ), ( <= ( blackknightmove ?x1 ?y1 ?x2 ?y2 ) ( plus 1 ?x2 ?x1 ) ( plus 2 ?y2 ?y1 ) ), ( <= ( blackknightmove ?x1 ?y1 ?x2 ?y2 ) ( plus 2 ?x1 ?x2 ) ( plus 1 ?y2 ?y1 ) ), ( <= ( blackknightmove ?x1 ?y1 ?x2 ?y2 ) ( plus 2 ?x2 ?x1 ) ( plus 1 ?y2 ?y1 ) ), ( <= ( cell ?x ?y ) ( index ?x ) ( index ?y ) ), ( <= ( distinctcell ?x1 ?y1 ?x2 ?y2 ) ( cell ?x1 ?y1 ) ( cell ?x2 ?y2 ) ( distinct ?x1 ?x2 ) ), ( <= ( distinctcell ?x1 ?y1 ?x2 ?y2 ) ( cell ?x1 ?y1 ) ( cell ?x2 ?y2 ) ( distinct ?y1 ?y2 ) ), ( index 1 ), ( index 2 ), ( index 3 ), ( index 4 ), ( index 5 ), ( index 6 ), ( index 7 ), ( index 8 ), ( plus 1 1 2 ), ( plus 1 2 3 ), ( plus 1 3 4 ), ( plus 1 4 5 ), ( plus 1 5 6 ), ( plus 1 6 7 ), ( plus 1 7 8 ), ( plus 2 1 3 ), ( plus 2 2 4 ), ( plus 2 3 5 ), ( plus 2 4 6 ), ( plus 2 5 7 ), ( plus 2 6 8 )]
LOG 1641836731712 [L3]: Start clock: 15
LOG 1641836731712 [L3]: Play clock: 10
LOG 1641836736703 [L0]: [Sent at 1641836736703] ready
LOG 1641836736706 [L0]: [Received at 1641836736706] ( PLAY 16.knightThrough.1641836730150 NIL )
LOG 1641836736707 [L0]: [Sent at 1641836736707] noop
LOG 1641836736710 [L0]: [Received at 1641836736710] ( PLAY 16.knightThrough.1641836730150 (( move 7 2 5 3 ) noop ) )
LOG 1641836736717 [L0]: [Sent at 1641836736717] ( move 2 7 3 5 )
LOG 1641836736719 [L0]: [Received at 1641836736719] ( PLAY 16.knightThrough.1641836730150 (noop ( move 2 7 3 5 ) ) )
LOG 1641836736733 [L0]: [Sent at 1641836736733] noop
LOG 1641836736735 [L0]: [Received at 1641836736735] ( PLAY 16.knightThrough.1641836730150 (( move 1 2 2 4 ) noop ) )
LOG 1641836736745 [L0]: [Sent at 1641836736745] ( move 4 7 5 5 )
LOG 1641836736747 [L0]: [Received at 1641836736747] ( PLAY 16.knightThrough.1641836730150 (noop ( move 4 7 5 5 ) ) )
LOG 1641836736749 [L0]: [Sent at 1641836736749] noop
LOG 1641836736751 [L0]: [Received at 1641836736751] ( PLAY 16.knightThrough.1641836730150 (( move 2 2 1 4 ) noop ) )
LOG 1641836736752 [L0]: [Sent at 1641836736752] ( move 5 7 6 5 )
LOG 1641836736754 [L0]: [Received at 1641836736754] ( PLAY 16.knightThrough.1641836730150 (noop ( move 5 7 6 5 ) ) )
LOG 1641836736756 [L0]: [Sent at 1641836736756] noop
LOG 1641836736758 [L0]: [Received at 1641836736758] ( PLAY 16.knightThrough.1641836730150 (( move 8 1 7 3 ) noop ) )
LOG 1641836736759 [L0]: [Sent at 1641836736759] ( move 3 5 5 4 )
LOG 1641836736761 [L0]: [Received at 1641836736761] ( PLAY 16.knightThrough.1641836730150 (noop ( move 3 5 5 4 ) ) )
LOG 1641836736763 [L0]: [Sent at 1641836736763] noop
LOG 1641836736765 [L0]: [Received at 1641836736765] ( PLAY 16.knightThrough.1641836730150 (( move 2 4 4 5 ) noop ) )
LOG 1641836736766 [L0]: [Sent at 1641836736766] ( move 3 7 5 6 )
LOG 1641836736768 [L0]: [Received at 1641836736768] ( PLAY 16.knightThrough.1641836730150 (noop ( move 3 7 5 6 ) ) )
LOG 1641836736770 [L0]: [Sent at 1641836736770] noop
LOG 1641836736771 [L0]: [Received at 1641836736771] ( PLAY 16.knightThrough.1641836730150 (( move 5 3 6 5 ) noop ) )
LOG 1641836736773 [L0]: [Sent at 1641836736773] ( move 5 8 6 6 )
LOG 1641836736775 [L0]: [Received at 1641836736775] ( PLAY 16.knightThrough.1641836730150 (noop ( move 5 8 6 6 ) ) )
LOG 1641836736777 [L0]: [Sent at 1641836736777] noop
LOG 1641836736779 [L0]: [Received at 1641836736779] ( PLAY 16.knightThrough.1641836730150 (( move 3 1 1 2 ) noop ) )
LOG 1641836736780 [L0]: [Sent at 1641836736780] ( move 8 8 7 6 )
LOG 1641836736782 [L0]: [Received at 1641836736782] ( PLAY 16.knightThrough.1641836730150 (noop ( move 8 8 7 6 ) ) )
LOG 1641836736783 [L0]: [Sent at 1641836736783] noop
LOG 1641836736786 [L0]: [Received at 1641836736786] ( PLAY 16.knightThrough.1641836730150 (( move 5 1 6 3 ) noop ) )
LOG 1641836736787 [L0]: [Sent at 1641836736787] ( move 6 7 8 6 )
LOG 1641836736790 [L0]: [Received at 1641836736790] ( PLAY 16.knightThrough.1641836730150 (noop ( move 6 7 8 6 ) ) )
LOG 1641836736791 [L0]: [Sent at 1641836736791] noop
LOG 1641836736793 [L0]: [Received at 1641836736793] ( PLAY 16.knightThrough.1641836730150 (( move 3 2 4 4 ) noop ) )
LOG 1641836736794 [L0]: [Sent at 1641836736794] ( move 8 6 7 4 )
LOG 1641836736796 [L0]: [Received at 1641836736796] ( PLAY 16.knightThrough.1641836730150 (noop ( move 8 6 7 4 ) ) )
LOG 1641836736798 [L0]: [Sent at 1641836736798] noop
LOG 1641836736800 [L0]: [Received at 1641836736800] ( PLAY 16.knightThrough.1641836730150 (( move 4 5 2 6 ) noop ) )
LOG 1641836736801 [L0]: [Sent at 1641836736801] ( move 2 8 4 7 )
LOG 1641836736803 [L0]: [Received at 1641836736803] ( PLAY 16.knightThrough.1641836730150 (noop ( move 2 8 4 7 ) ) )
LOG 1641836736804 [L0]: [Sent at 1641836736804] noop
LOG 1641836736806 [L0]: [Received at 1641836736806] ( PLAY 16.knightThrough.1641836730150 (( move 7 3 8 5 ) noop ) )
LOG 1641836736808 [L0]: [Sent at 1641836736808] ( move 7 4 8 2 )
LOG 1641836736810 [L0]: [Received at 1641836736810] ( PLAY 16.knightThrough.1641836730150 (noop ( move 7 4 8 2 ) ) )
LOG 1641836736812 [L0]: [Sent at 1641836736812] noop
LOG 1641836736814 [L0]: [Received at 1641836736814] ( PLAY 16.knightThrough.1641836730150 (( move 6 2 7 4 ) noop ) )
LOG 1641836736815 [L0]: [Sent at 1641836736815] ( move 5 5 3 4 )
LOG 1641836736816 [L0]: [Received at 1641836736816] ( PLAY 16.knightThrough.1641836730150 (noop ( move 5 5 3 4 ) ) )
LOG 1641836736817 [L0]: [Sent at 1641836736817] noop
LOG 1641836736819 [L0]: [Received at 1641836736819] ( PLAY 16.knightThrough.1641836730150 (( move 7 4 6 6 ) noop ) )
LOG 1641836736821 [L0]: [Sent at 1641836736821] ( move 4 7 3 5 )
LOG 1641836736822 [L0]: [Received at 1641836736822] ( PLAY 16.knightThrough.1641836730150 (noop ( move 4 7 3 5 ) ) )
LOG 1641836736824 [L0]: [Sent at 1641836736824] noop
LOG 1641836736826 [L0]: [Received at 1641836736826] ( STOP 16.knightThrough.1641836730150 (( move 6 6 5 8 ) noop ) )
LOG 1641836736827 [L3]: Stopped logging to files at: Mon Jan 10 18:45:36 CET 2022
LOG 1641836736827 [L3]: LOG SEALED
