LOG 1641837087207 [L3]: Returning initial state machine.
LOG 1641837087207 [L3]: Returning PropNet state machine without cache.
LOG 1641837087208 [L3]: Starting metagame with available thinking time 4990ms.
LOG 1641837087209 [L3]: Starting search during metagame.
LOG 1641837092746 [L3]: Done searching during metagame.
LOG 1641837092749 [L3]: Starting move selection for game step 1 with available time 0ms.
LOG 1641837092749 [L3]: No time to select next move using MCTS. Returning random move noop.
LOG 1641837092752 [L3]: Starting move selection for game step 2 with available time 0ms.
LOG 1641837092753 [L3]: No time to select next move using MCTS. Returning random move noop.
LOG 1641837092757 [L3]: Starting move selection for game step 3 with available time 0ms.
LOG 1641837092763 [L3]: No time to select next move using MCTS. Returning random move ( block r6 c7 ).
LOG 1641837092766 [L3]: Starting move selection for game step 4 with available time 0ms.
LOG 1641837092766 [L3]: No time to select next move using MCTS. Returning random move ( block r6 c5 ).
LOG 1641837092769 [L3]: Starting move selection for game step 5 with available time 0ms.
LOG 1641837092769 [L3]: No time to select next move using MCTS. Returning random move ( mark r3 c1 ).
LOG 1641837092772 [L3]: Starting move selection for game step 6 with available time 0ms.
LOG 1641837092773 [L3]: No time to select next move using MCTS. Returning random move noop.
LOG 1641837092777 [L3]: Starting move selection for game step 7 with available time 0ms.
LOG 1641837092777 [L3]: No time to select next move using MCTS. Returning random move ( block r4 c5 ).
LOG 1641837092781 [L3]: Starting move selection for game step 8 with available time 0ms.
LOG 1641837092781 [L3]: No time to select next move using MCTS. Returning random move ( block r1 c6 ).
LOG 1641837092784 [L3]: Starting move selection for game step 9 with available time 0ms.
LOG 1641837092784 [L3]: No time to select next move using MCTS. Returning random move ( mark r3 c2 ).
LOG 1641837092787 [L3]: Starting move selection for game step 10 with available time 0ms.
LOG 1641837092788 [L3]: No time to select next move using MCTS. Returning random move noop.
LOG 1641837092791 [L3]: Starting move selection for game step 11 with available time 0ms.
LOG 1641837092791 [L3]: No time to select next move using MCTS. Returning random move noop.
LOG 1641837092794 [L3]: Starting move selection for game step 12 with available time 0ms.
LOG 1641837092795 [L3]: No time to select next move using MCTS. Returning random move noop.
LOG 1641837092797 [L3]: Starting move selection for game step 13 with available time 0ms.
LOG 1641837092798 [L3]: No time to select next move using MCTS. Returning random move noop.
LOG 1641837092800 [L3]: Starting move selection for game step 14 with available time 0ms.
LOG 1641837092801 [L3]: No time to select next move using MCTS. Returning random move noop.
LOG 1641837092812 [L3]: Starting move selection for game step 15 with available time 0ms.
LOG 1641837092813 [L3]: No time to select next move using MCTS. Returning random move ( block r2 c4 ).
LOG 1641837092815 [L3]: Starting move selection for game step 16 with available time 0ms.
LOG 1641837092816 [L3]: No time to select next move using MCTS. Returning random move ( mark r5 c2 ).
LOG 1641837092821 [L3]: Starting move selection for game step 17 with available time 0ms.
LOG 1641837092822 [L3]: No time to select next move using MCTS. Returning random move noop.
LOG 1641837092832 [L3]: Starting move selection for game step 18 with available time 0ms.
LOG 1641837092832 [L3]: No time to select next move using MCTS. Returning random move ( mark r6 c1 ).
LOG 1641837092842 [L3]: Starting move selection for game step 19 with available time 0ms.
LOG 1641837092842 [L3]: No time to select next move using MCTS. Returning random move noop.
LOG 1641837092860 [L3]: Starting move selection for game step 20 with available time 0ms.
LOG 1641837092861 [L3]: No time to select next move using MCTS. Returning random move ( mark r5 c4 ).
LOG 1641837092881 [L3]: Starting move selection for game step 21 with available time 0ms.
LOG 1641837092882 [L3]: No time to select next move using MCTS. Returning random move noop.
LOG 1641837092925 [L3]: Starting move selection for game step 22 with available time 0ms.
LOG 1641837092925 [L3]: No time to select next move using MCTS. Returning random move ( mark r7 c2 ).
LOG 1641837092947 [L3]: Starting move selection for game step 23 with available time 0ms.
LOG 1641837092947 [L3]: No time to select next move using MCTS. Returning random move noop.
LOG 1641837093022 [L3]: Starting move selection for game step 24 with available time 0ms.
LOG 1641837093022 [L3]: No time to select next move using MCTS. Returning random move ( mark r1 c3 ).
LOG 1641837093067 [L3]: Starting move selection for game step 25 with available time 0ms.
LOG 1641837093067 [L3]: No time to select next move using MCTS. Returning random move noop.
LOG 1641837093132 [L3]: Starting move selection for game step 26 with available time 0ms.
LOG 1641837093132 [L3]: No time to select next move using MCTS. Returning random move ( mark r5 c5 ).
LOG 1641837093205 [L3]: Starting move selection for game step 27 with available time 0ms.
LOG 1641837093206 [L3]: No time to select next move using MCTS. Returning random move noop.
LOG 1641837093353 [L3]: Starting move selection for game step 28 with available time 0ms.
LOG 1641837093353 [L3]: No time to select next move using MCTS. Returning random move ( mark r2 c3 ).
LOG 1641837093464 [L3]: Starting move selection for game step 29 with available time 0ms.
LOG 1641837093465 [L3]: No time to select next move using MCTS. Returning random move noop.
LOG 1641837093644 [L3]: Starting move selection for game step 30 with available time 0ms.
LOG 1641837093644 [L3]: No time to select next move using MCTS. Returning random move ( mark r4 c7 ).
LOG 1641837098686 [L3]: Starting move selection for game step 31 with available time 0ms.
LOG 1641837098686 [L3]: No time to select next move using MCTS. Returning random move noop.
