LOG 1641845108044 [L3]: Returning initial state machine.
LOG 1641845108045 [L3]: Returning PropNet state machine without cache.
LOG 1641845108046 [L3]: Starting metagame with available thinking time 4990ms.
LOG 1641845108047 [L3]: Starting search during metagame.
LOG 1641845113036 [L3]: Done searching during metagame.
LOG 1641845113091 [L3]: Starting move selection for game step 1 with available time 0ms.
LOG 1641845113091 [L3]: No time to select next move using MCTS. Returning random move noop.
LOG 1641845113094 [L3]: Starting move selection for game step 2 with available time 0ms.
LOG 1641845113096 [L3]: No time to select next move using MCTS. Returning random move ( block r7 c5 ).
LOG 1641845113099 [L3]: Starting move selection for game step 3 with available time 0ms.
LOG 1641845113108 [L3]: No time to select next move using MCTS. Returning random move ( mark r1 c6 ).
LOG 1641845113111 [L3]: Starting move selection for game step 4 with available time 0ms.
LOG 1641845113114 [L3]: No time to select next move using MCTS. Returning random move noop.
LOG 1641845113118 [L3]: Starting move selection for game step 5 with available time 0ms.
LOG 1641845113118 [L3]: No time to select next move using MCTS. Returning random move ( block r5 c4 ).
LOG 1641845113122 [L3]: Starting move selection for game step 6 with available time 0ms.
LOG 1641845113122 [L3]: No time to select next move using MCTS. Returning random move ( mark r2 c6 ).
LOG 1641845113127 [L3]: Starting move selection for game step 7 with available time 0ms.
LOG 1641845113127 [L3]: No time to select next move using MCTS. Returning random move noop.
LOG 1641845113131 [L3]: Starting move selection for game step 8 with available time 0ms.
LOG 1641845113131 [L3]: No time to select next move using MCTS. Returning random move noop.
LOG 1641845113134 [L3]: Starting move selection for game step 9 with available time 0ms.
LOG 1641845113134 [L3]: No time to select next move using MCTS. Returning random move noop.
LOG 1641845113137 [L3]: Starting move selection for game step 10 with available time 0ms.
LOG 1641845113138 [L3]: No time to select next move using MCTS. Returning random move noop.
LOG 1641845113141 [L3]: Starting move selection for game step 11 with available time 0ms.
LOG 1641845113141 [L3]: No time to select next move using MCTS. Returning random move noop.
LOG 1641845113146 [L3]: Starting move selection for game step 12 with available time 0ms.
LOG 1641845113146 [L3]: No time to select next move using MCTS. Returning random move ( mark r6 c4 ).
LOG 1641845113153 [L3]: Starting move selection for game step 13 with available time 0ms.
LOG 1641845113154 [L3]: No time to select next move using MCTS. Returning random move noop.
LOG 1641845113157 [L3]: Starting move selection for game step 14 with available time 0ms.
LOG 1641845113157 [L3]: No time to select next move using MCTS. Returning random move noop.
LOG 1641845113165 [L3]: Starting move selection for game step 15 with available time 0ms.
LOG 1641845113166 [L3]: No time to select next move using MCTS. Returning random move ( block r1 c5 ).
LOG 1641845113169 [L3]: Starting move selection for game step 16 with available time 0ms.
LOG 1641845113169 [L3]: No time to select next move using MCTS. Returning random move ( mark r4 c3 ).
LOG 1641845113184 [L3]: Starting move selection for game step 17 with available time 0ms.
LOG 1641845113184 [L3]: No time to select next move using MCTS. Returning random move noop.
LOG 1641845113201 [L3]: Starting move selection for game step 18 with available time 0ms.
LOG 1641845113202 [L3]: No time to select next move using MCTS. Returning random move ( block r7 c4 ).
LOG 1641845113206 [L3]: Starting move selection for game step 19 with available time 0ms.
LOG 1641845113206 [L3]: No time to select next move using MCTS. Returning random move ( block r5 c2 ).
LOG 1641845113210 [L3]: Starting move selection for game step 20 with available time 0ms.
LOG 1641845113210 [L3]: No time to select next move using MCTS. Returning random move ( mark r2 c7 ).
LOG 1641845113246 [L3]: Starting move selection for game step 21 with available time 0ms.
LOG 1641845113246 [L3]: No time to select next move using MCTS. Returning random move noop.
LOG 1641845113277 [L3]: Starting move selection for game step 22 with available time 0ms.
LOG 1641845113277 [L3]: No time to select next move using MCTS. Returning random move ( mark r3 c5 ).
LOG 1641845113339 [L3]: Starting move selection for game step 23 with available time 0ms.
LOG 1641845113339 [L3]: No time to select next move using MCTS. Returning random move noop.
LOG 1641845113395 [L3]: Starting move selection for game step 24 with available time 0ms.
LOG 1641845113396 [L3]: No time to select next move using MCTS. Returning random move ( mark r2 c1 ).
LOG 1641845113466 [L3]: Starting move selection for game step 25 with available time 0ms.
LOG 1641845113466 [L3]: No time to select next move using MCTS. Returning random move noop.
LOG 1641845113557 [L3]: Starting move selection for game step 26 with available time 0ms.
LOG 1641845113557 [L3]: No time to select next move using MCTS. Returning random move ( mark r3 c2 ).
LOG 1641845113663 [L3]: Starting move selection for game step 27 with available time 0ms.
LOG 1641845113664 [L3]: No time to select next move using MCTS. Returning random move noop.
LOG 1641845113804 [L3]: Starting move selection for game step 28 with available time 0ms.
LOG 1641845113804 [L3]: No time to select next move using MCTS. Returning random move ( mark r6 c7 ).
LOG 1641845113956 [L3]: Starting move selection for game step 29 with available time 0ms.
LOG 1641845113956 [L3]: No time to select next move using MCTS. Returning random move noop.
LOG 1641845114137 [L3]: Starting move selection for game step 30 with available time 0ms.
LOG 1641845114137 [L3]: No time to select next move using MCTS. Returning random move ( mark r3 c6 ).
LOG 1641845114385 [L3]: Starting move selection for game step 31 with available time 0ms.
LOG 1641845114385 [L3]: No time to select next move using MCTS. Returning random move noop.
LOG 1641845114642 [L3]: Starting move selection for game step 32 with available time 0ms.
LOG 1641845114642 [L3]: No time to select next move using MCTS. Returning random move ( mark r3 c4 ).
LOG 1641845115049 [L3]: Starting move selection for game step 33 with available time 0ms.
LOG 1641845115049 [L3]: No time to select next move using MCTS. Returning random move noop.
LOG 1641845115461 [L3]: Starting move selection for game step 34 with available time 0ms.
LOG 1641845115461 [L3]: No time to select next move using MCTS. Returning random move ( mark r4 c4 ).
