LOG 1641895516705 [L3]: Started match logging at: Tue Jan 11 11:05:16 CET 2022
LOG 1641895516707 [L3]: Game rules: [( role white ), ( role red ), ( init ( cell 1 0 dirt ) ), ( init ( cell 2 0 dirt ) ), ( init ( cell 3 0 dirt ) ), ( init ( cell 4 0 dirt ) ), ( init ( cell 5 0 dirt ) ), ( init ( cell 6 0 dirt ) ), ( init ( cell 7 0 dirt ) ), ( init ( cell 1 1 b ) ), ( init ( cell 1 2 b ) ), ( init ( cell 1 3 b ) ), ( init ( cell 1 4 b ) ), ( init ( cell 1 5 b ) ), ( init ( cell 1 6 b ) ), ( init ( cell 2 1 b ) ), ( init ( cell 2 2 b ) ), ( init ( cell 2 3 b ) ), ( init ( cell 2 4 b ) ), ( init ( cell 2 5 b ) ), ( init ( cell 2 6 b ) ), ( init ( cell 3 1 b ) ), ( init ( cell 3 2 b ) ), ( init ( cell 3 3 b ) ), ( init ( cell 3 4 b ) ), ( init ( cell 3 5 b ) ), ( init ( cell 3 6 b ) ), ( init ( cell 4 1 b ) ), ( init ( cell 4 2 b ) ), ( init ( cell 4 3 b ) ), ( init ( cell 4 4 b ) ), ( init ( cell 4 5 b ) ), ( init ( cell 4 6 b ) ), ( init ( cell 5 1 b ) ), ( init ( cell 5 2 b ) ), ( init ( cell 5 3 b ) ), ( init ( cell 5 4 b ) ), ( init ( cell 5 5 b ) ), ( init ( cell 5 6 b ) ), ( init ( cell 6 1 b ) ), ( init ( cell 6 2 b ) ), ( init ( cell 6 3 b ) ), ( init ( cell 6 4 b ) ), ( init ( cell 6 5 b ) ), ( init ( cell 6 6 b ) ), ( init ( cell 7 1 b ) ), ( init ( cell 7 2 b ) ), ( init ( cell 7 3 b ) ), ( init ( cell 7 4 b ) ), ( init ( cell 7 5 b ) ), ( init ( cell 7 6 b ) ), ( init ( control white ) ), ( <= ( empty ?c ?h ) ( true ( cell ?c ?h b ) ) ), ( <= ( filled ?c ?h ) ( true ( cell ?c ?h dirt ) ) ), ( <= ( filled ?c ?h ) ( true ( cell ?c ?h w ) ) ), ( <= ( filled ?c ?h ) ( true ( cell ?c ?h r ) ) ), ( <= ( next ( cell ?c ?h2 w ) ) ( does white ( drop ?c ) ) ( true ( cell ?c ?h2 b ) ) ( filled ?c ?h1 ) ( succ ?h1 ?h2 ) ), ( <= ( next ( cell ?c ?h2 r ) ) ( does red ( drop ?c ) ) ( true ( cell ?c ?h2 b ) ) ( filled ?c ?h1 ) ( succ ?h1 ?h2 ) ), ( <= ( next ( cell ?x ?y ?z ) ) ( true ( cell ?x ?y ?z ) ) ( distinct ?z b ) ), ( <= ( next ( cell ?c2 ?y b ) ) ( does ?w ( drop ?c1 ) ) ( true ( cell ?c2 ?y b ) ) ( distinct ?c1 ?c2 ) ), ( <= ( next ( cell ?c ?y2 b ) ) ( true ( cell ?c ?y1 b ) ) ( distinct ?y1 6 ) ( succ ?y1 ?y2 ) ), ( <= ( next ( control white ) ) ( true ( control red ) ) ), ( <= ( next ( control red ) ) ( true ( control white ) ) ), ( <= ( row ?z ) ( true ( cell ?x1 ?y ?z ) ) ( distinct ?z b ) ( distinct ?z dirt ) ( succ ?x1 ?x2 ) ( true ( cell ?x2 ?y ?z ) ) ( succ ?x2 ?x3 ) ( true ( cell ?x3 ?y ?z ) ) ( succ ?x3 ?x4 ) ( true ( cell ?x4 ?y ?z ) ) ), ( <= ( column ?z ) ( true ( cell ?x ?y1 ?z ) ) ( distinct ?z b ) ( succ ?y1 ?y2 ) ( true ( cell ?x ?y2 ?z ) ) ( succ ?y2 ?y3 ) ( true ( cell ?x ?y3 ?z ) ) ( succ ?y3 ?y4 ) ( true ( cell ?x ?y4 ?z ) ) ), ( <= ( diag ?z ) ( true ( cell ?x1 ?y1 ?z ) ) ( distinct ?z b ) ( succ ?x1 ?x2 ) ( succ ?y1 ?y2 ) ( true ( cell ?x2 ?y2 ?z ) ) ( succ ?x2 ?x3 ) ( succ ?y2 ?y3 ) ( true ( cell ?x3 ?y3 ?z ) ) ( succ ?x3 ?x4 ) ( succ ?y3 ?y4 ) ( true ( cell ?x4 ?y4 ?z ) ) ), ( <= ( diag ?z ) ( true ( cell ?x1 ?y1 ?z ) ) ( distinct ?z b ) ( succ ?x1 ?x2 ) ( succ ?y2 ?y1 ) ( true ( cell ?x2 ?y2 ?z ) ) ( succ ?x2 ?x3 ) ( succ ?y3 ?y2 ) ( true ( cell ?x3 ?y3 ?z ) ) ( succ ?x3 ?x4 ) ( succ ?y4 ?y3 ) ( true ( cell ?x4 ?y4 ?z ) ) ), ( <= ( line ?x ) ( row ?x ) ), ( <= ( line ?x ) ( column ?x ) ), ( <= ( line ?x ) ( diag ?x ) ), ( <= open ( empty ?c ?h ) ), ( <= terminal ( line r ) ), ( <= terminal ( line w ) ), ( <= terminal ( not open ) ), ( <= ( legal ?w ( drop ?c ) ) ( true ( cell ?c ?y2 b ) ) ( filled ?c ?y1 ) ( succ ?y1 ?y2 ) ( true ( control ?w ) ) ), ( <= ( legal white noop ) ( true ( control red ) ) ), ( <= ( legal red noop ) ( true ( control white ) ) ), ( <= ( goal white 100 ) ( line w ) ), ( <= ( goal white 50 ) ( not ( line r ) ) ( not ( line w ) ) ( not open ) ), ( <= ( goal white 0 ) ( line r ) ), ( <= ( goal red 100 ) ( line r ) ), ( <= ( goal red 50 ) ( not ( line r ) ) ( not ( line w ) ) ( not open ) ), ( <= ( goal red 0 ) ( line w ) ), ( <= ( goal ?w 70 ) ( role ?w ) ( not ( line r ) ) ( not ( line w ) ) open ), ( <= ( lte 0 ?x ) ( number ?x ) ), ( <= ( lte ?x ?x ) ( number ?x ) ), ( <= ( lte ?x ?z ) ( succ ?y ?z ) ( lte ?x ?y ) ), ( <= ( lte ?x ?y ) ( succ ?x ?y ) ), ( number 0 ), ( number 1 ), ( number 2 ), ( number 3 ), ( number 4 ), ( number 5 ), ( number 6 ), ( number 7 ), ( number 8 ), ( succ 0 1 ), ( succ 1 2 ), ( succ 2 3 ), ( succ 3 4 ), ( succ 4 5 ), ( succ 5 6 ), ( succ 6 7 ), ( succ 7 8 )]
LOG 1641895516713 [L3]: Start clock: 15
LOG 1641895516713 [L3]: Play clock: 20
LOG 1641895521704 [L0]: [Sent at 1641895521704] ready
LOG 1641895521706 [L0]: [Received at 1641895521706] ( PLAY 7.connect4.1641895516637 NIL )
LOG 1641895531708 [L0]: [Sent at 1641895531708] ( drop 4 )
LOG 1641895531710 [L0]: [Received at 1641895531710] ( PLAY 7.connect4.1641895516637 (( drop 4 ) noop ) )
LOG 1641895541711 [L0]: [Sent at 1641895541711] noop
LOG 1641895541713 [L0]: [Received at 1641895541713] ( PLAY 7.connect4.1641895516637 (noop ( drop 3 ) ) )
LOG 1641895551720 [L0]: [Sent at 1641895551720] ( drop 4 )
LOG 1641895551722 [L0]: [Received at 1641895551722] ( PLAY 7.connect4.1641895516637 (( drop 4 ) noop ) )
LOG 1641895561723 [L0]: [Sent at 1641895561723] noop
LOG 1641895561726 [L0]: [Received at 1641895561726] ( PLAY 7.connect4.1641895516637 (noop ( drop 4 ) ) )
LOG 1641895571726 [L0]: [Sent at 1641895571726] ( drop 4 )
LOG 1641895571729 [L0]: [Received at 1641895571729] ( PLAY 7.connect4.1641895516637 (( drop 4 ) noop ) )
LOG 1641895581729 [L0]: [Sent at 1641895581729] noop
LOG 1641895581732 [L0]: [Received at 1641895581732] ( PLAY 7.connect4.1641895516637 (noop ( drop 6 ) ) )
LOG 1641895591732 [L0]: [Sent at 1641895591732] ( drop 3 )
LOG 1641895591735 [L0]: [Received at 1641895591735] ( PLAY 7.connect4.1641895516637 (( drop 3 ) noop ) )
LOG 1641895601735 [L0]: [Sent at 1641895601735] noop
LOG 1641895601762 [L0]: [Received at 1641895601762] ( PLAY 7.connect4.1641895516637 (noop ( drop 7 ) ) )
LOG 1641895611762 [L0]: [Sent at 1641895611762] ( drop 6 )
LOG 1641895611765 [L0]: [Received at 1641895611765] ( PLAY 7.connect4.1641895516637 (( drop 6 ) noop ) )
LOG 1641895621765 [L0]: [Sent at 1641895621765] noop
LOG 1641895621768 [L0]: [Received at 1641895621768] ( PLAY 7.connect4.1641895516637 (noop ( drop 4 ) ) )
LOG 1641895631769 [L0]: [Sent at 1641895631769] ( drop 6 )
LOG 1641895631772 [L0]: [Received at 1641895631772] ( PLAY 7.connect4.1641895516637 (( drop 6 ) noop ) )
LOG 1641895641772 [L0]: [Sent at 1641895641772] noop
LOG 1641895641775 [L0]: [Received at 1641895641775] ( PLAY 7.connect4.1641895516637 (noop ( drop 7 ) ) )
LOG 1641895651775 [L0]: [Sent at 1641895651775] ( drop 6 )
LOG 1641895651778 [L0]: [Received at 1641895651778] ( PLAY 7.connect4.1641895516637 (( drop 6 ) noop ) )
LOG 1641895661779 [L0]: [Sent at 1641895661779] noop
LOG 1641895661782 [L0]: [Received at 1641895661782] ( PLAY 7.connect4.1641895516637 (noop ( drop 6 ) ) )
LOG 1641895671782 [L0]: [Sent at 1641895671782] ( drop 7 )
LOG 1641895671785 [L0]: [Received at 1641895671785] ( PLAY 7.connect4.1641895516637 (( drop 7 ) noop ) )
LOG 1641895681785 [L0]: [Sent at 1641895681785] noop
LOG 1641895681788 [L0]: [Received at 1641895681788] ( PLAY 7.connect4.1641895516637 (noop ( drop 2 ) ) )
LOG 1641895691788 [L0]: [Sent at 1641895691788] ( drop 2 )
LOG 1641895691791 [L0]: [Received at 1641895691791] ( PLAY 7.connect4.1641895516637 (( drop 2 ) noop ) )
LOG 1641895701791 [L0]: [Sent at 1641895701791] noop
LOG 1641895701794 [L0]: [Received at 1641895701794] ( PLAY 7.connect4.1641895516637 (noop ( drop 3 ) ) )
LOG 1641895711794 [L0]: [Sent at 1641895711794] ( drop 3 )
LOG 1641895711799 [L0]: [Received at 1641895711799] ( PLAY 7.connect4.1641895516637 (( drop 3 ) noop ) )
LOG 1641895721799 [L0]: [Sent at 1641895721799] noop
LOG 1641895721802 [L0]: [Received at 1641895721802] ( PLAY 7.connect4.1641895516637 (noop ( drop 3 ) ) )
LOG 1641895731803 [L0]: [Sent at 1641895731803] ( drop 4 )
LOG 1641895731806 [L0]: [Received at 1641895731806] ( PLAY 7.connect4.1641895516637 (( drop 4 ) noop ) )
LOG 1641895741806 [L0]: [Sent at 1641895741806] noop
LOG 1641895741809 [L0]: [Received at 1641895741809] ( PLAY 7.connect4.1641895516637 (noop ( drop 3 ) ) )
LOG 1641895751810 [L0]: [Sent at 1641895751810] ( drop 2 )
LOG 1641895751813 [L0]: [Received at 1641895751813] ( PLAY 7.connect4.1641895516637 (( drop 2 ) noop ) )
LOG 1641895761813 [L0]: [Sent at 1641895761813] noop
LOG 1641895761816 [L0]: [Received at 1641895761816] ( PLAY 7.connect4.1641895516637 (noop ( drop 2 ) ) )
LOG 1641895771816 [L0]: [Sent at 1641895771816] ( drop 6 )
LOG 1641895771820 [L0]: [Received at 1641895771820] ( PLAY 7.connect4.1641895516637 (( drop 6 ) noop ) )
LOG 1641895781820 [L0]: [Sent at 1641895781820] noop
LOG 1641895781823 [L0]: [Received at 1641895781823] ( PLAY 7.connect4.1641895516637 (noop ( drop 7 ) ) )
LOG 1641895791828 [L0]: [Sent at 1641895791828] ( drop 7 )
LOG 1641895791831 [L0]: [Received at 1641895791831] ( PLAY 7.connect4.1641895516637 (( drop 7 ) noop ) )
LOG 1641895801831 [L0]: [Sent at 1641895801831] noop
LOG 1641895801834 [L0]: [Received at 1641895801834] ( PLAY 7.connect4.1641895516637 (noop ( drop 5 ) ) )
LOG 1641895811835 [L0]: [Sent at 1641895811835] ( drop 5 )
LOG 1641895811841 [L0]: [Received at 1641895811841] ( STOP 7.connect4.1641895516637 (( drop 5 ) noop ) )
LOG 1641895811842 [L3]: Stopped logging to files at: Tue Jan 11 11:10:11 CET 2022
LOG 1641895811842 [L3]: LOG SEALED
