LOG 1641914588846 [L3]: Returning initial state machine.
LOG 1641914588846 [L3]: Returning PropNet state machine without cache.
LOG 1641914588847 [L3]: Starting metagame with available thinking time 4989ms.
LOG 1641914588848 [L3]: Starting search during metagame.
LOG 1641914593836 [L3]: Done searching during metagame.
LOG 1641914593839 [L3]: Starting move selection for game step 1 with available time 10000ms.
LOG 1641914593839 [L3]: Selecting move using MCTS.
LOG 1641914603856 [L3]: Returning MCTS move noop.
LOG 1641914603860 [L3]: Starting move selection for game step 2 with available time 10000ms.
LOG 1641914603876 [L3]: Selecting move using MCTS.
LOG 1641914613860 [L3]: Returning MCTS move ( drop 5 ).
LOG 1641914613864 [L3]: Starting move selection for game step 3 with available time 9999ms.
LOG 1641914613891 [L3]: Selecting move using MCTS.
LOG 1641914623863 [L3]: Returning MCTS move noop.
LOG 1641914623866 [L3]: Starting move selection for game step 4 with available time 10000ms.
LOG 1641914623906 [L3]: Selecting move using MCTS.
LOG 1641914633866 [L3]: Returning MCTS move ( drop 3 ).
LOG 1641914633870 [L3]: Starting move selection for game step 5 with available time 10000ms.
LOG 1641914633902 [L3]: Selecting move using MCTS.
LOG 1641914643870 [L3]: Returning MCTS move noop.
LOG 1641914643874 [L3]: Starting move selection for game step 6 with available time 10000ms.
LOG 1641914643915 [L3]: Selecting move using MCTS.
LOG 1641914653874 [L3]: Returning MCTS move ( drop 6 ).
LOG 1641914653877 [L3]: Starting move selection for game step 7 with available time 10000ms.
LOG 1641914653911 [L3]: Selecting move using MCTS.
LOG 1641914663877 [L3]: Returning MCTS move noop.
LOG 1641914663880 [L3]: Starting move selection for game step 8 with available time 10000ms.
LOG 1641914663915 [L3]: Selecting move using MCTS.
LOG 1641914673880 [L3]: Returning MCTS move ( drop 6 ).
LOG 1641914673883 [L3]: Starting move selection for game step 9 with available time 10000ms.
LOG 1641914673915 [L3]: Selecting move using MCTS.
LOG 1641914683883 [L3]: Returning MCTS move noop.
LOG 1641914683886 [L3]: Starting move selection for game step 10 with available time 10000ms.
LOG 1641914683923 [L3]: Selecting move using MCTS.
LOG 1641914693886 [L3]: Returning MCTS move ( drop 5 ).
LOG 1641914693889 [L3]: Starting move selection for game step 11 with available time 10000ms.
LOG 1641914693914 [L3]: Selecting move using MCTS.
LOG 1641914703889 [L3]: Returning MCTS move noop.
LOG 1641914703897 [L3]: Starting move selection for game step 12 with available time 10000ms.
LOG 1641914703925 [L3]: Selecting move using MCTS.
LOG 1641914713897 [L3]: Returning MCTS move ( drop 5 ).
LOG 1641914713900 [L3]: Starting move selection for game step 13 with available time 10000ms.
LOG 1641914713927 [L3]: Selecting move using MCTS.
LOG 1641914723900 [L3]: Returning MCTS move noop.
LOG 1641914723903 [L3]: Starting move selection for game step 14 with available time 10000ms.
LOG 1641914723933 [L3]: Selecting move using MCTS.
LOG 1641914733903 [L3]: Returning MCTS move ( drop 6 ).
LOG 1641914733907 [L3]: Starting move selection for game step 15 with available time 10000ms.
LOG 1641914733930 [L3]: Selecting move using MCTS.
LOG 1641914743907 [L3]: Returning MCTS move noop.
LOG 1641914743910 [L3]: Starting move selection for game step 16 with available time 10000ms.
LOG 1641914743930 [L3]: Selecting move using MCTS.
LOG 1641914753910 [L3]: Returning MCTS move ( drop 6 ).
