LOG 1641835601548 [L3]: Returning initial state machine.
LOG 1641835601548 [L3]: Returning PropNet state machine without cache.
LOG 1641835601549 [L3]: Starting metagame with available thinking time 4991ms.
LOG 1641835601551 [L3]: Starting search during metagame.
LOG 1641835606540 [L3]: Done searching during metagame.
LOG 1641835606543 [L3]: Starting move selection for game step 1 with available time 0ms.
LOG 1641835606543 [L3]: No time to select next move using MCTS. Returning random move ( move 2 1 1 3 ).
LOG 1641835606547 [L3]: Starting move selection for game step 2 with available time 0ms.
LOG 1641835606548 [L3]: No time to select next move using MCTS. Returning random move noop.
LOG 1641835606554 [L3]: Starting move selection for game step 3 with available time 0ms.
LOG 1641835606561 [L3]: No time to select next move using MCTS. Returning random move ( move 1 2 3 3 ).
LOG 1641835606566 [L3]: Starting move selection for game step 4 with available time 0ms.
LOG 1641835606568 [L3]: No time to select next move using MCTS. Returning random move noop.
LOG 1641835606575 [L3]: Starting move selection for game step 5 with available time 0ms.
LOG 1641835606575 [L3]: No time to select next move using MCTS. Returning random move ( move 3 2 2 4 ).
LOG 1641835606579 [L3]: Starting move selection for game step 6 with available time 0ms.
LOG 1641835606579 [L3]: No time to select next move using MCTS. Returning random move noop.
LOG 1641835606583 [L3]: Starting move selection for game step 7 with available time 0ms.
LOG 1641835606584 [L3]: No time to select next move using MCTS. Returning random move ( move 3 1 2 3 ).
LOG 1641835606588 [L3]: Starting move selection for game step 8 with available time 0ms.
LOG 1641835606588 [L3]: No time to select next move using MCTS. Returning random move noop.
LOG 1641835606591 [L3]: Starting move selection for game step 9 with available time 0ms.
LOG 1641835606592 [L3]: No time to select next move using MCTS. Returning random move ( move 7 1 8 3 ).
LOG 1641835606595 [L3]: Starting move selection for game step 10 with available time 0ms.
LOG 1641835606595 [L3]: No time to select next move using MCTS. Returning random move noop.
LOG 1641835606598 [L3]: Starting move selection for game step 11 with available time 0ms.
LOG 1641835606598 [L3]: No time to select next move using MCTS. Returning random move ( move 3 3 4 5 ).
LOG 1641835606601 [L3]: Starting move selection for game step 12 with available time 0ms.
LOG 1641835606602 [L3]: No time to select next move using MCTS. Returning random move noop.
LOG 1641835606605 [L3]: Starting move selection for game step 13 with available time 0ms.
LOG 1641835606605 [L3]: No time to select next move using MCTS. Returning random move ( move 4 2 5 4 ).
LOG 1641835606609 [L3]: Starting move selection for game step 14 with available time 0ms.
LOG 1641835606609 [L3]: No time to select next move using MCTS. Returning random move noop.
LOG 1641835606613 [L3]: Starting move selection for game step 15 with available time 0ms.
LOG 1641835606613 [L3]: No time to select next move using MCTS. Returning random move ( move 1 3 3 4 ).
LOG 1641835606617 [L3]: Starting move selection for game step 16 with available time 0ms.
LOG 1641835606617 [L3]: No time to select next move using MCTS. Returning random move noop.
LOG 1641835606620 [L3]: Starting move selection for game step 17 with available time 0ms.
LOG 1641835606621 [L3]: No time to select next move using MCTS. Returning random move ( move 3 4 1 5 ).
LOG 1641835606624 [L3]: Starting move selection for game step 18 with available time 0ms.
LOG 1641835606624 [L3]: No time to select next move using MCTS. Returning random move noop.
LOG 1641835606627 [L3]: Starting move selection for game step 19 with available time 0ms.
LOG 1641835606628 [L3]: No time to select next move using MCTS. Returning random move ( move 5 4 4 6 ).
LOG 1641835606643 [L3]: Starting move selection for game step 20 with available time 0ms.
LOG 1641835606643 [L3]: No time to select next move using MCTS. Returning random move noop.
LOG 1641835606647 [L3]: Starting move selection for game step 21 with available time 0ms.
LOG 1641835606647 [L3]: No time to select next move using MCTS. Returning random move ( move 4 1 3 3 ).
LOG 1641835606650 [L3]: Starting move selection for game step 22 with available time 0ms.
LOG 1641835606651 [L3]: No time to select next move using MCTS. Returning random move noop.
LOG 1641835606654 [L3]: Starting move selection for game step 23 with available time 0ms.
LOG 1641835606654 [L3]: No time to select next move using MCTS. Returning random move ( move 8 3 6 4 ).
LOG 1641835606658 [L3]: Starting move selection for game step 24 with available time 0ms.
LOG 1641835606658 [L3]: No time to select next move using MCTS. Returning random move noop.
LOG 1641835606662 [L3]: Starting move selection for game step 25 with available time 0ms.
LOG 1641835606662 [L3]: No time to select next move using MCTS. Returning random move ( move 4 6 6 7 ).
LOG 1641835606665 [L3]: Starting move selection for game step 26 with available time 0ms.
LOG 1641835606665 [L3]: No time to select next move using MCTS. Returning random move noop.
LOG 1641835606669 [L3]: Starting move selection for game step 27 with available time 0ms.
LOG 1641835606669 [L3]: No time to select next move using MCTS. Returning random move ( move 7 2 8 4 ).
LOG 1641835606672 [L3]: Starting move selection for game step 28 with available time 0ms.
LOG 1641835606672 [L3]: No time to select next move using MCTS. Returning random move noop.
LOG 1641835606675 [L3]: Starting move selection for game step 29 with available time 0ms.
LOG 1641835606676 [L3]: No time to select next move using MCTS. Returning random move ( move 5 1 3 2 ).
LOG 1641835606679 [L3]: Starting move selection for game step 30 with available time 0ms.
LOG 1641835606679 [L3]: No time to select next move using MCTS. Returning random move noop.
LOG 1641835606681 [L3]: Starting move selection for game step 31 with available time 0ms.
LOG 1641835606682 [L3]: No time to select next move using MCTS. Returning random move ( move 2 4 1 6 ).
LOG 1641835606685 [L3]: Starting move selection for game step 32 with available time 0ms.
LOG 1641835606685 [L3]: No time to select next move using MCTS. Returning random move noop.
LOG 1641835606688 [L3]: Starting move selection for game step 33 with available time 0ms.
LOG 1641835606688 [L3]: No time to select next move using MCTS. Returning random move ( move 3 2 4 4 ).
LOG 1641835606691 [L3]: Starting move selection for game step 34 with available time 0ms.
LOG 1641835606691 [L3]: No time to select next move using MCTS. Returning random move noop.
LOG 1641835606694 [L3]: Starting move selection for game step 35 with available time 0ms.
LOG 1641835606694 [L3]: No time to select next move using MCTS. Returning random move ( move 3 3 1 4 ).
LOG 1641835606697 [L3]: Starting move selection for game step 36 with available time 0ms.
LOG 1641835606697 [L3]: No time to select next move using MCTS. Returning random move noop.
LOG 1641835606700 [L3]: Starting move selection for game step 37 with available time 0ms.
LOG 1641835606700 [L3]: No time to select next move using MCTS. Returning random move ( move 8 4 6 5 ).
LOG 1641835606703 [L3]: Starting move selection for game step 38 with available time 0ms.
LOG 1641835606703 [L3]: No time to select next move using MCTS. Returning random move noop.
LOG 1641835606706 [L3]: Starting move selection for game step 39 with available time 0ms.
LOG 1641835606707 [L3]: No time to select next move using MCTS. Returning random move ( move 1 5 3 6 ).
LOG 1641835606710 [L3]: Starting move selection for game step 40 with available time 0ms.
LOG 1641835606710 [L3]: No time to select next move using MCTS. Returning random move noop.
