LOG 1641833050214 [L3]: Returning initial state machine.
LOG 1641833050214 [L3]: Returning PropNet state machine without cache.
LOG 1641833050215 [L3]: Starting metagame with available thinking time 4989ms.
LOG 1641833050218 [L3]: Starting search during metagame.
LOG 1641833055204 [L3]: Done searching during metagame.
LOG 1641833055207 [L3]: Starting move selection for game step 1 with available time 0ms.
LOG 1641833055207 [L3]: No time to select next move using MCTS. Returning random move ( drop 7 ).
LOG 1641833055212 [L3]: Starting move selection for game step 2 with available time 0ms.
LOG 1641833055216 [L3]: No time to select next move using MCTS. Returning random move noop.
LOG 1641833055220 [L3]: Starting move selection for game step 3 with available time 0ms.
LOG 1641833055225 [L3]: No time to select next move using MCTS. Returning random move ( drop 6 ).
LOG 1641833055229 [L3]: Starting move selection for game step 4 with available time 0ms.
LOG 1641833055236 [L3]: No time to select next move using MCTS. Returning random move noop.
LOG 1641833055240 [L3]: Starting move selection for game step 5 with available time 0ms.
LOG 1641833055240 [L3]: No time to select next move using MCTS. Returning random move ( drop 1 ).
LOG 1641833055244 [L3]: Starting move selection for game step 6 with available time 0ms.
LOG 1641833055244 [L3]: No time to select next move using MCTS. Returning random move noop.
LOG 1641833055247 [L3]: Starting move selection for game step 7 with available time 0ms.
LOG 1641833055248 [L3]: No time to select next move using MCTS. Returning random move ( drop 7 ).
LOG 1641833055252 [L3]: Starting move selection for game step 8 with available time 0ms.
LOG 1641833055252 [L3]: No time to select next move using MCTS. Returning random move noop.
LOG 1641833055256 [L3]: Starting move selection for game step 9 with available time 0ms.
LOG 1641833055256 [L3]: No time to select next move using MCTS. Returning random move ( drop 4 ).
LOG 1641833055260 [L3]: Starting move selection for game step 10 with available time 0ms.
LOG 1641833055260 [L3]: No time to select next move using MCTS. Returning random move noop.
LOG 1641833055265 [L3]: Starting move selection for game step 11 with available time 0ms.
LOG 1641833055265 [L3]: No time to select next move using MCTS. Returning random move ( drop 4 ).
LOG 1641833055270 [L3]: Starting move selection for game step 12 with available time 0ms.
LOG 1641833055271 [L3]: No time to select next move using MCTS. Returning random move noop.
LOG 1641833055276 [L3]: Starting move selection for game step 13 with available time 0ms.
LOG 1641833055276 [L3]: No time to select next move using MCTS. Returning random move ( drop 5 ).
LOG 1641833055280 [L3]: Starting move selection for game step 14 with available time 0ms.
LOG 1641833055280 [L3]: No time to select next move using MCTS. Returning random move noop.
LOG 1641833055284 [L3]: Starting move selection for game step 15 with available time 0ms.
LOG 1641833055284 [L3]: No time to select next move using MCTS. Returning random move ( drop 3 ).
LOG 1641833055288 [L3]: Starting move selection for game step 16 with available time 0ms.
LOG 1641833055288 [L3]: No time to select next move using MCTS. Returning random move noop.
LOG 1641833055293 [L3]: Starting move selection for game step 17 with available time 0ms.
LOG 1641833055293 [L3]: No time to select next move using MCTS. Returning random move ( drop 5 ).
LOG 1641833055297 [L3]: Starting move selection for game step 18 with available time 0ms.
LOG 1641833055297 [L3]: No time to select next move using MCTS. Returning random move noop.
LOG 1641833055303 [L3]: Starting move selection for game step 19 with available time 0ms.
LOG 1641833055303 [L3]: No time to select next move using MCTS. Returning random move ( drop 2 ).
LOG 1641833055309 [L3]: Starting move selection for game step 20 with available time 0ms.
LOG 1641833055309 [L3]: No time to select next move using MCTS. Returning random move noop.
LOG 1641833055313 [L3]: Starting move selection for game step 21 with available time 0ms.
LOG 1641833055313 [L3]: No time to select next move using MCTS. Returning random move ( drop 2 ).
LOG 1641833055319 [L3]: Starting move selection for game step 22 with available time 0ms.
LOG 1641833055319 [L3]: No time to select next move using MCTS. Returning random move noop.
LOG 1641833055323 [L3]: Starting move selection for game step 23 with available time -1ms.
LOG 1641833055323 [L3]: No time to select next move using MCTS. Returning random move ( drop 2 ).
LOG 1641833055328 [L3]: Starting move selection for game step 24 with available time 0ms.
LOG 1641833055328 [L3]: No time to select next move using MCTS. Returning random move noop.
LOG 1641833055333 [L3]: Starting move selection for game step 25 with available time 0ms.
LOG 1641833055334 [L3]: No time to select next move using MCTS. Returning random move ( drop 3 ).
LOG 1641833055339 [L3]: Starting move selection for game step 26 with available time 0ms.
LOG 1641833055339 [L3]: No time to select next move using MCTS. Returning random move noop.
LOG 1641833055343 [L3]: Starting move selection for game step 27 with available time 0ms.
LOG 1641833055343 [L3]: No time to select next move using MCTS. Returning random move ( drop 7 ).
LOG 1641833055348 [L3]: Starting move selection for game step 28 with available time 0ms.
LOG 1641833055348 [L3]: No time to select next move using MCTS. Returning random move noop.
LOG 1641833055352 [L3]: Starting move selection for game step 29 with available time 0ms.
LOG 1641833055352 [L3]: No time to select next move using MCTS. Returning random move ( drop 1 ).
LOG 1641833055357 [L3]: Starting move selection for game step 30 with available time 0ms.
LOG 1641833055357 [L3]: No time to select next move using MCTS. Returning random move noop.
LOG 1641833055362 [L3]: Starting move selection for game step 31 with available time 0ms.
LOG 1641833055363 [L3]: No time to select next move using MCTS. Returning random move ( drop 3 ).
LOG 1641833055367 [L3]: Starting move selection for game step 32 with available time 0ms.
LOG 1641833055367 [L3]: No time to select next move using MCTS. Returning random move noop.
LOG 1641833055372 [L3]: Starting move selection for game step 33 with available time 0ms.
LOG 1641833055372 [L3]: No time to select next move using MCTS. Returning random move ( drop 6 ).
LOG 1641833055376 [L3]: Starting move selection for game step 34 with available time 0ms.
LOG 1641833055376 [L3]: No time to select next move using MCTS. Returning random move noop.
LOG 1641833055381 [L3]: Starting move selection for game step 35 with available time 0ms.
LOG 1641833055381 [L3]: No time to select next move using MCTS. Returning random move ( drop 1 ).
LOG 1641833055386 [L3]: Starting move selection for game step 36 with available time 0ms.
LOG 1641833055386 [L3]: No time to select next move using MCTS. Returning random move noop.
