LOG 1641835856594 [L3]: Started match logging at: Mon Jan 10 18:30:56 CET 2022
LOG 1641835856595 [L3]: Game rules: [( role white ), ( role black ), ( <= ( base ( cell ?x ?y ?p ) ) ( index ?x ) ( index ?y ) ( role ?p ) ), ( <= ( base ( control ?p ) ) ( role ?p ) ), ( <= ( input ?p noop ) ( role ?p ) ), ( <= ( input ?p ( move ?x1 ?y1 ?x2 ?y2 ) ) ( role ?p ) ( index ?x1 ) ( index ?x2 ) ( index ?y1 ) ( index ?y2 ) ), ( init ( cell 1 1 white ) ), ( init ( cell 2 1 white ) ), ( init ( cell 3 1 white ) ), ( init ( cell 4 1 white ) ), ( init ( cell 5 1 white ) ), ( init ( cell 6 1 white ) ), ( init ( cell 7 1 white ) ), ( init ( cell 8 1 white ) ), ( init ( cell 1 2 white ) ), ( init ( cell 2 2 white ) ), ( init ( cell 3 2 white ) ), ( init ( cell 4 2 white ) ), ( init ( cell 5 2 white ) ), ( init ( cell 6 2 white ) ), ( init ( cell 7 2 white ) ), ( init ( cell 8 2 white ) ), ( init ( cell 1 7 black ) ), ( init ( cell 2 7 black ) ), ( init ( cell 3 7 black ) ), ( init ( cell 4 7 black ) ), ( init ( cell 5 7 black ) ), ( init ( cell 6 7 black ) ), ( init ( cell 7 7 black ) ), ( init ( cell 8 7 black ) ), ( init ( cell 1 8 black ) ), ( init ( cell 2 8 black ) ), ( init ( cell 3 8 black ) ), ( init ( cell 4 8 black ) ), ( init ( cell 5 8 black ) ), ( init ( cell 6 8 black ) ), ( init ( cell 7 8 black ) ), ( init ( cell 8 8 black ) ), ( init ( control white ) ), ( <= ( legal white noop ) ( true ( control black ) ) ), ( <= ( legal black noop ) ( true ( control white ) ) ), ( <= ( legal white ( move ?x1 ?y1 ?x2 ?y2 ) ) ( true ( control white ) ) ( true ( cell ?x1 ?y1 white ) ) ( whiteknightmove ?x1 ?y1 ?x2 ?y2 ) ( not ( true ( cell ?x2 ?y2 white ) ) ) ), ( <= ( legal black ( move ?x1 ?y1 ?x2 ?y2 ) ) ( true ( control black ) ) ( true ( cell ?x1 ?y1 black ) ) ( blackknightmove ?x1 ?y1 ?x2 ?y2 ) ( not ( true ( cell ?x2 ?y2 black ) ) ) ), ( <= ( next ( cell ?x ?y ?state ) ) ( true ( cell ?x ?y ?state ) ) ( does ?player ( move ?x1 ?y1 ?x2 ?y2 ) ) ( distinctcell ?x ?y ?x1 ?y1 ) ( distinctcell ?x ?y ?x2 ?y2 ) ), ( <= ( next ( cell ?x2 ?y2 ?player ) ) ( does ?player ( move ?x1 ?y1 ?x2 ?y2 ) ) ), ( <= ( next ( control black ) ) ( true ( control white ) ) ), ( <= ( next ( control white ) ) ( true ( control black ) ) ), ( <= terminal whitewin ), ( <= terminal blackwin ), ( <= ( goal white 100 ) whitewin ), ( <= ( goal white 0 ) blackwin ), ( <= ( goal black 100 ) blackwin ), ( <= ( goal black 0 ) whitewin ), ( <= whitewin ( index ?x ) ( true ( cell ?x 8 white ) ) ), ( <= blackwin ( index ?x ) ( true ( cell ?x 1 black ) ) ), ( <= whitewin ( not ( hasAnyPiece black ) ) ), ( <= blackwin ( not ( hasAnyPiece white ) ) ), ( <= ( hasAnyPiece ?player ) ( true ( cell ?x ?y ?player ) ) ), ( <= ( whiteknightmove ?x1 ?y1 ?x2 ?y2 ) ( plus 1 ?x1 ?x2 ) ( plus 2 ?y1 ?y2 ) ), ( <= ( whiteknightmove ?x1 ?y1 ?x2 ?y2 ) ( plus 1 ?x2 ?x1 ) ( plus 2 ?y1 ?y2 ) ), ( <= ( whiteknightmove ?x1 ?y1 ?x2 ?y2 ) ( plus 2 ?x1 ?x2 ) ( plus 1 ?y1 ?y2 ) ), ( <= ( whiteknightmove ?x1 ?y1 ?x2 ?y2 ) ( plus 2 ?x2 ?x1 ) ( plus 1 ?y1 ?y2 ) ), ( <= ( blackknightmove ?x1 ?y1 ?x2 ?y2 ) ( plus 1 ?x1 ?x2 ) ( plus 2 ?y2 ?y1 ) ), ( <= ( blackknightmove ?x1 ?y1 ?x2 ?y2 ) ( plus 1 ?x2 ?x1 ) ( plus 2 ?y2 ?y1 ) ), ( <= ( blackknightmove ?x1 ?y1 ?x2 ?y2 ) ( plus 2 ?x1 ?x2 ) ( plus 1 ?y2 ?y1 ) ), ( <= ( blackknightmove ?x1 ?y1 ?x2 ?y2 ) ( plus 2 ?x2 ?x1 ) ( plus 1 ?y2 ?y1 ) ), ( <= ( cell ?x ?y ) ( index ?x ) ( index ?y ) ), ( <= ( distinctcell ?x1 ?y1 ?x2 ?y2 ) ( cell ?x1 ?y1 ) ( cell ?x2 ?y2 ) ( distinct ?x1 ?x2 ) ), ( <= ( distinctcell ?x1 ?y1 ?x2 ?y2 ) ( cell ?x1 ?y1 ) ( cell ?x2 ?y2 ) ( distinct ?y1 ?y2 ) ), ( index 1 ), ( index 2 ), ( index 3 ), ( index 4 ), ( index 5 ), ( index 6 ), ( index 7 ), ( index 8 ), ( plus 1 1 2 ), ( plus 1 2 3 ), ( plus 1 3 4 ), ( plus 1 4 5 ), ( plus 1 5 6 ), ( plus 1 6 7 ), ( plus 1 7 8 ), ( plus 2 1 3 ), ( plus 2 2 4 ), ( plus 2 3 5 ), ( plus 2 4 6 ), ( plus 2 5 7 ), ( plus 2 6 8 )]
LOG 1641835856601 [L3]: Start clock: 15
LOG 1641835856602 [L3]: Play clock: 10
LOG 1641835861593 [L0]: [Sent at 1641835861593] ready
LOG 1641835861597 [L0]: [Received at 1641835861597] ( PLAY 9.knightThrough.1641835855010 NIL )
LOG 1641835861598 [L0]: [Sent at 1641835861598] ( move 3 2 1 3 )
LOG 1641835861602 [L0]: [Received at 1641835861602] ( PLAY 9.knightThrough.1641835855010 (( move 3 2 1 3 ) noop ) )
LOG 1641835861608 [L0]: [Sent at 1641835861608] noop
LOG 1641835861610 [L0]: [Received at 1641835861610] ( PLAY 9.knightThrough.1641835855010 (noop ( move 4 7 3 5 ) ) )
LOG 1641835861622 [L0]: [Sent at 1641835861622] ( move 6 1 7 3 )
LOG 1641835861624 [L0]: [Received at 1641835861624] ( PLAY 9.knightThrough.1641835855010 (( move 6 1 7 3 ) noop ) )
LOG 1641835861634 [L0]: [Sent at 1641835861634] noop
LOG 1641835861636 [L0]: [Received at 1641835861636] ( PLAY 9.knightThrough.1641835855010 (noop ( move 2 8 4 7 ) ) )
LOG 1641835861637 [L0]: [Sent at 1641835861637] ( move 4 1 5 3 )
LOG 1641835861639 [L0]: [Received at 1641835861639] ( PLAY 9.knightThrough.1641835855010 (( move 4 1 5 3 ) noop ) )
LOG 1641835861641 [L0]: [Sent at 1641835861641] noop
LOG 1641835861643 [L0]: [Received at 1641835861643] ( PLAY 9.knightThrough.1641835855010 (noop ( move 3 5 1 4 ) ) )
LOG 1641835861644 [L0]: [Sent at 1641835861644] ( move 2 2 4 3 )
LOG 1641835861647 [L0]: [Received at 1641835861647] ( PLAY 9.knightThrough.1641835855010 (( move 2 2 4 3 ) noop ) )
LOG 1641835861648 [L0]: [Sent at 1641835861648] noop
LOG 1641835861650 [L0]: [Received at 1641835861650] ( PLAY 9.knightThrough.1641835855010 (noop ( move 4 7 3 5 ) ) )
LOG 1641835861651 [L0]: [Sent at 1641835861651] ( move 5 2 3 3 )
LOG 1641835861653 [L0]: [Received at 1641835861653] ( PLAY 9.knightThrough.1641835855010 (( move 5 2 3 3 ) noop ) )
LOG 1641835861654 [L0]: [Sent at 1641835861654] noop
LOG 1641835861657 [L0]: [Received at 1641835861657] ( PLAY 9.knightThrough.1641835855010 (noop ( move 6 7 8 6 ) ) )
LOG 1641835861658 [L0]: [Sent at 1641835861658] ( move 5 1 3 2 )
LOG 1641835861660 [L0]: [Received at 1641835861660] ( PLAY 9.knightThrough.1641835855010 (( move 5 1 3 2 ) noop ) )
LOG 1641835861662 [L0]: [Sent at 1641835861662] noop
LOG 1641835861665 [L0]: [Received at 1641835861665] ( PLAY 9.knightThrough.1641835855010 (noop ( move 6 8 5 6 ) ) )
LOG 1641835861666 [L0]: [Sent at 1641835861666] ( move 5 3 6 5 )
LOG 1641835861668 [L0]: [Received at 1641835861668] ( PLAY 9.knightThrough.1641835855010 (( move 5 3 6 5 ) noop ) )
LOG 1641835861670 [L0]: [Sent at 1641835861670] noop
LOG 1641835861672 [L0]: [Received at 1641835861672] ( PLAY 9.knightThrough.1641835855010 (noop ( move 3 7 2 5 ) ) )
LOG 1641835861673 [L0]: [Sent at 1641835861673] ( move 3 2 4 4 )
LOG 1641835861676 [L0]: [Received at 1641835861676] ( PLAY 9.knightThrough.1641835855010 (( move 3 2 4 4 ) noop ) )
LOG 1641835861677 [L0]: [Sent at 1641835861677] noop
LOG 1641835861679 [L0]: [Received at 1641835861679] ( PLAY 9.knightThrough.1641835855010 (noop ( move 5 8 6 6 ) ) )
LOG 1641835861681 [L0]: [Sent at 1641835861681] ( move 4 2 5 4 )
LOG 1641835861684 [L0]: [Received at 1641835861684] ( PLAY 9.knightThrough.1641835855010 (( move 4 2 5 4 ) noop ) )
LOG 1641835861685 [L0]: [Sent at 1641835861685] noop
LOG 1641835861687 [L0]: [Received at 1641835861687] ( PLAY 9.knightThrough.1641835855010 (noop ( move 3 8 2 6 ) ) )
LOG 1641835861689 [L0]: [Sent at 1641835861689] ( move 7 2 6 4 )
LOG 1641835861691 [L0]: [Received at 1641835861691] ( PLAY 9.knightThrough.1641835855010 (( move 7 2 6 4 ) noop ) )
LOG 1641835861692 [L0]: [Sent at 1641835861692] noop
LOG 1641835861694 [L0]: [Received at 1641835861694] ( PLAY 9.knightThrough.1641835855010 (noop ( move 2 5 3 3 ) ) )
LOG 1641835861696 [L0]: [Sent at 1641835861696] ( move 6 2 8 3 )
LOG 1641835861699 [L0]: [Received at 1641835861699] ( PLAY 9.knightThrough.1641835855010 (( move 6 2 8 3 ) noop ) )
LOG 1641835861700 [L0]: [Sent at 1641835861700] noop
LOG 1641835861702 [L0]: [Received at 1641835861702] ( PLAY 9.knightThrough.1641835855010 (noop ( move 8 6 7 4 ) ) )
LOG 1641835861704 [L0]: [Sent at 1641835861704] ( move 2 1 4 2 )
LOG 1641835861707 [L0]: [Received at 1641835861707] ( PLAY 9.knightThrough.1641835855010 (( move 2 1 4 2 ) noop ) )
LOG 1641835861708 [L0]: [Sent at 1641835861708] noop
LOG 1641835861710 [L0]: [Received at 1641835861710] ( PLAY 9.knightThrough.1641835855010 (noop ( move 3 5 4 3 ) ) )
LOG 1641835861712 [L0]: [Sent at 1641835861712] ( move 1 1 2 3 )
LOG 1641835861714 [L0]: [Received at 1641835861714] ( PLAY 9.knightThrough.1641835855010 (( move 1 1 2 3 ) noop ) )
LOG 1641835861715 [L0]: [Sent at 1641835861715] noop
LOG 1641835861717 [L0]: [Received at 1641835861717] ( PLAY 9.knightThrough.1641835855010 (noop ( move 8 8 6 7 ) ) )
LOG 1641835861718 [L0]: [Sent at 1641835861718] ( move 4 4 3 6 )
LOG 1641835861720 [L0]: [Received at 1641835861720] ( PLAY 9.knightThrough.1641835855010 (( move 4 4 3 6 ) noop ) )
LOG 1641835861722 [L0]: [Sent at 1641835861722] noop
LOG 1641835861724 [L0]: [Received at 1641835861724] ( PLAY 9.knightThrough.1641835855010 (noop ( move 2 7 3 5 ) ) )
LOG 1641835861725 [L0]: [Sent at 1641835861725] ( move 1 2 3 3 )
LOG 1641835861727 [L0]: [Received at 1641835861727] ( PLAY 9.knightThrough.1641835855010 (( move 1 2 3 3 ) noop ) )
LOG 1641835861729 [L0]: [Sent at 1641835861729] noop
LOG 1641835861731 [L0]: [Received at 1641835861731] ( PLAY 9.knightThrough.1641835855010 (noop ( move 5 6 4 4 ) ) )
LOG 1641835861732 [L0]: [Sent at 1641835861732] ( move 5 4 6 6 )
LOG 1641835861734 [L0]: [Received at 1641835861734] ( PLAY 9.knightThrough.1641835855010 (( move 5 4 6 6 ) noop ) )
LOG 1641835861735 [L0]: [Sent at 1641835861735] noop
LOG 1641835861737 [L0]: [Received at 1641835861737] ( PLAY 9.knightThrough.1641835855010 (noop ( move 7 8 8 6 ) ) )
LOG 1641835861739 [L0]: [Sent at 1641835861739] ( move 4 2 5 4 )
LOG 1641835861740 [L0]: [Received at 1641835861740] ( PLAY 9.knightThrough.1641835855010 (( move 4 2 5 4 ) noop ) )
LOG 1641835861742 [L0]: [Sent at 1641835861742] noop
LOG 1641835861744 [L0]: [Received at 1641835861744] ( PLAY 9.knightThrough.1641835855010 (noop ( move 5 7 7 6 ) ) )
LOG 1641835861745 [L0]: [Sent at 1641835861745] ( move 7 3 8 5 )
LOG 1641835861747 [L0]: [Received at 1641835861747] ( PLAY 9.knightThrough.1641835855010 (( move 7 3 8 5 ) noop ) )
LOG 1641835861748 [L0]: [Sent at 1641835861748] noop
LOG 1641835861750 [L0]: [Received at 1641835861750] ( PLAY 9.knightThrough.1641835855010 (noop ( move 7 7 8 5 ) ) )
LOG 1641835861752 [L0]: [Sent at 1641835861752] ( move 6 5 7 7 )
LOG 1641835861753 [L0]: [Received at 1641835861753] ( PLAY 9.knightThrough.1641835855010 (( move 6 5 7 7 ) noop ) )
LOG 1641835861755 [L0]: [Sent at 1641835861755] noop
LOG 1641835861757 [L0]: [Received at 1641835861757] ( PLAY 9.knightThrough.1641835855010 (noop ( move 8 5 7 3 ) ) )
LOG 1641835861758 [L0]: [Sent at 1641835861758] ( move 3 3 2 5 )
LOG 1641835861760 [L0]: [Received at 1641835861760] ( PLAY 9.knightThrough.1641835855010 (( move 3 3 2 5 ) noop ) )
LOG 1641835861761 [L0]: [Sent at 1641835861761] noop
LOG 1641835861763 [L0]: [Received at 1641835861763] ( PLAY 9.knightThrough.1641835855010 (noop ( move 8 7 7 5 ) ) )
LOG 1641835861765 [L0]: [Sent at 1641835861765] ( move 2 5 1 7 )
LOG 1641835861783 [L0]: [Received at 1641835861783] ( PLAY 9.knightThrough.1641835855010 (( move 2 5 1 7 ) noop ) )
LOG 1641835861784 [L0]: [Sent at 1641835861784] noop
LOG 1641835861786 [L0]: [Received at 1641835861786] ( PLAY 9.knightThrough.1641835855010 (noop ( move 4 3 2 2 ) ) )
LOG 1641835861787 [L0]: [Sent at 1641835861787] ( move 7 7 5 8 )
LOG 1641835861790 [L0]: [Received at 1641835861790] ( STOP 9.knightThrough.1641835855010 (( move 7 7 5 8 ) noop ) )
LOG 1641835861798 [L3]: Stopped logging to files at: Mon Jan 10 18:31:01 CET 2022
LOG 1641835861798 [L3]: LOG SEALED
