LOG 1641916811088 [L3]: Returning initial state machine.
LOG 1641916811089 [L3]: Returning PropNet state machine without cache.
LOG 1641916811089 [L3]: Starting metagame with available thinking time 4991ms.
LOG 1641916811091 [L3]: Starting search during metagame.
LOG 1641916816080 [L3]: Done searching during metagame.
LOG 1641916816083 [L3]: Starting move selection for game step 1 with available time 10000ms.
LOG 1641916816084 [L3]: Selecting move using MCTS.
LOG 1641916826083 [L3]: Returning MCTS move noop.
LOG 1641916826086 [L3]: Starting move selection for game step 2 with available time 10000ms.
LOG 1641916826102 [L3]: Selecting move using MCTS.
LOG 1641916836086 [L3]: Returning MCTS move ( drop 4 ).
LOG 1641916836089 [L3]: Starting move selection for game step 3 with available time 10000ms.
LOG 1641916836119 [L3]: Selecting move using MCTS.
LOG 1641916846089 [L3]: Returning MCTS move noop.
LOG 1641916846099 [L3]: Starting move selection for game step 4 with available time 10000ms.
LOG 1641916846141 [L3]: Selecting move using MCTS.
LOG 1641916856099 [L3]: Returning MCTS move ( drop 4 ).
LOG 1641916856102 [L3]: Starting move selection for game step 5 with available time 10000ms.
LOG 1641916856138 [L3]: Selecting move using MCTS.
LOG 1641916866102 [L3]: Returning MCTS move noop.
LOG 1641916866105 [L3]: Starting move selection for game step 6 with available time 10000ms.
LOG 1641916866141 [L3]: Selecting move using MCTS.
LOG 1641916876105 [L3]: Returning MCTS move ( drop 6 ).
LOG 1641916876108 [L3]: Starting move selection for game step 7 with available time 10000ms.
LOG 1641916876144 [L3]: Selecting move using MCTS.
LOG 1641916886108 [L3]: Returning MCTS move noop.
LOG 1641916886111 [L3]: Starting move selection for game step 8 with available time 10000ms.
LOG 1641916886146 [L3]: Selecting move using MCTS.
LOG 1641916896111 [L3]: Returning MCTS move ( drop 3 ).
LOG 1641916896152 [L3]: Starting move selection for game step 9 with available time 10000ms.
LOG 1641916896182 [L3]: Selecting move using MCTS.
LOG 1641916906152 [L3]: Returning MCTS move noop.
LOG 1641916906155 [L3]: Starting move selection for game step 10 with available time 10000ms.
LOG 1641916906187 [L3]: Selecting move using MCTS.
LOG 1641916916155 [L3]: Returning MCTS move ( drop 6 ).
LOG 1641916916159 [L3]: Starting move selection for game step 11 with available time 10000ms.
LOG 1641916916189 [L3]: Selecting move using MCTS.
LOG 1641916926159 [L3]: Returning MCTS move noop.
LOG 1641916926162 [L3]: Starting move selection for game step 12 with available time 10000ms.
LOG 1641916926197 [L3]: Selecting move using MCTS.
LOG 1641916936162 [L3]: Returning MCTS move ( drop 5 ).
LOG 1641916936165 [L3]: Starting move selection for game step 13 with available time 10000ms.
LOG 1641916936193 [L3]: Selecting move using MCTS.
LOG 1641916946165 [L3]: Returning MCTS move noop.
LOG 1641916946168 [L3]: Starting move selection for game step 14 with available time 10000ms.
LOG 1641916946199 [L3]: Selecting move using MCTS.
LOG 1641916956168 [L3]: Returning MCTS move ( drop 2 ).
