LOG 1641836983628 [L3]: Started match logging at: Mon Jan 10 18:49:43 CET 2022
LOG 1641836983630 [L3]: Game rules: [( role x ), ( role o ), ( init ( quad x 12 ) ), ( init ( quad o 12 ) ), ( init ( white x 5 ) ), ( init ( white o 5 ) ), ( init ( cell r1 c2 b ) ), ( init ( cell r1 c3 b ) ), ( init ( cell r1 c4 b ) ), ( init ( cell r1 c5 b ) ), ( init ( cell r1 c6 b ) ), ( init ( cell r2 c1 b ) ), ( init ( cell r2 c2 b ) ), ( init ( cell r2 c3 b ) ), ( init ( cell r2 c4 b ) ), ( init ( cell r2 c5 b ) ), ( init ( cell r2 c6 b ) ), ( init ( cell r2 c7 b ) ), ( init ( cell r3 c1 b ) ), ( init ( cell r3 c2 b ) ), ( init ( cell r3 c3 b ) ), ( init ( cell r3 c4 b ) ), ( init ( cell r3 c5 b ) ), ( init ( cell r3 c6 b ) ), ( init ( cell r3 c7 b ) ), ( init ( cell r4 c1 b ) ), ( init ( cell r4 c2 b ) ), ( init ( cell r4 c3 b ) ), ( init ( cell r4 c4 b ) ), ( init ( cell r4 c5 b ) ), ( init ( cell r4 c6 b ) ), ( init ( cell r4 c7 b ) ), ( init ( cell r5 c1 b ) ), ( init ( cell r5 c2 b ) ), ( init ( cell r5 c3 b ) ), ( init ( cell r5 c4 b ) ), ( init ( cell r5 c5 b ) ), ( init ( cell r5 c6 b ) ), ( init ( cell r5 c7 b ) ), ( init ( cell r6 c1 b ) ), ( init ( cell r6 c2 b ) ), ( init ( cell r6 c3 b ) ), ( init ( cell r6 c4 b ) ), ( init ( cell r6 c5 b ) ), ( init ( cell r6 c6 b ) ), ( init ( cell r6 c7 b ) ), ( init ( cell r7 c2 b ) ), ( init ( cell r7 c3 b ) ), ( init ( cell r7 c4 b ) ), ( init ( cell r7 c5 b ) ), ( init ( cell r7 c6 b ) ), ( init ( control x ) ), ( ncol c1 c2 ), ( ncol c2 c3 ), ( ncol c3 c4 ), ( ncol c4 c5 ), ( ncol c5 c6 ), ( ncol c6 c7 ), ( nrow r1 r2 ), ( nrow r2 r3 ), ( nrow r3 r4 ), ( nrow r4 r5 ), ( nrow r5 r6 ), ( nrow r6 r7 ), ( <= ( prow ?x ?y ) ( nrow ?y ?x ) ), ( <= ( pcol ?x ?y ) ( ncol ?y ?x ) ), ( succ 0 1 ), ( succ 1 2 ), ( succ 2 3 ), ( succ 3 4 ), ( succ 4 5 ), ( succ 5 6 ), ( succ 6 7 ), ( succ 7 8 ), ( succ 8 9 ), ( succ 9 10 ), ( succ 10 11 ), ( succ 11 12 ), ( succ 12 13 ), ( succ 13 14 ), ( succ 14 15 ), ( succ 15 16 ), ( succ 16 17 ), ( succ 17 18 ), ( succ 18 19 ), ( succ 19 20 ), ( <= ( legal ?player ( mark ?x ?y ) ) ( true ( cell ?x ?y b ) ) ( true ( control ?player ) ) ), ( <= ( legal ?player ( block ?x ?y ) ) ( true ( cell ?x ?y b ) ) ( true ( control ?player ) ) ( true ( white ?player ?c ) ) ( distinct ?c 0 ) ), ( <= ( legal x noop ) ( true ( control o ) ) ), ( <= ( legal o noop ) ( true ( control x ) ) ), ( <= ( next ( cell ?m ?n ?p ) ) ( does ?p ( mark ?m ?n ) ) ), ( <= ( next ( cell ?m ?n w ) ) ( does ?p ( block ?m ?n ) ) ), ( <= ( next ( cell ?m ?n ?p ) ) ( true ( cell ?m ?n ?p ) ) ( distinct ?p b ) ), ( <= ( next ( cell ?m ?n b ) ) ( does ?W ( mark ?j ?k ) ) ( true ( cell ?m ?n b ) ) ( distinct ?m ?j ) ), ( <= ( next ( cell ?m ?n b ) ) ( does ?W ( mark ?j ?k ) ) ( true ( cell ?m ?n b ) ) ( distinct ?n ?k ) ), ( <= ( next ( cell ?m ?n b ) ) ( does ?W ( block ?j ?k ) ) ( true ( cell ?m ?n b ) ) ( distinct ?m ?j ) ), ( <= ( next ( cell ?m ?n b ) ) ( does ?W ( block ?j ?k ) ) ( true ( cell ?m ?n b ) ) ( distinct ?n ?k ) ), ( <= ( next ( quad ?p ?c ) ) ( true ( control ?q ) ) ( true ( quad ?p ?c ) ) ( distinct ?p ?q ) ), ( <= ( next ( white ?p ?c ) ) ( true ( control ?q ) ) ( true ( white ?p ?c ) ) ( distinct ?p ?q ) ), ( <= ( next ( quad ?p ?c ) ) ( does ?p ( mark ?j ?k ) ) ( true ( quad ?p ?c1 ) ) ( succ ?c ?c1 ) ), ( <= ( next ( white ?p ?c ) ) ( does ?p ( block ?j ?k ) ) ( true ( white ?p ?c1 ) ) ( succ ?c ?c1 ) ), ( <= ( next ( quad ?p ?c ) ) ( does ?p ( block ?j ?k ) ) ( true ( quad ?p ?c ) ) ), ( <= ( next ( white ?p ?c ) ) ( does ?p ( mark ?j ?k ) ) ( true ( white ?p ?c ) ) ), ( <= ( next ( control x ) ) ( does o ( mark ?j ?k ) ) ( true ( control o ) ) ), ( <= ( next ( control o ) ) ( does x ( mark ?j ?k ) ) ( true ( control x ) ) ), ( <= ( next ( control ?p ) ) ( does ?p ( block ?j ?k ) ) ( true ( control ?p ) ) ), ( <= ( square ?x1 ?y1 ?x1 ?y2 ?x2 ?y1 ?x2 ?y2 ) ( ncol ?y1 ?y2 ) ( nrow ?x1 ?x2 ) ), ( <= ( square ?x1 ?y1 ?x1 ?y2 ?x2 ?y1 ?x2 ?y2 ) ( ncol ?y3 ?y2 ) ( nrow ?x3 ?x2 ) ( square ?x1 ?y1 ?x1 ?y3 ?x3 ?y1 ?x3 ?y3 ) ), ( <= ( square ?x1 ?y1 ?x2 ?y2 ?x3 ?y3 ?x4 ?y4 ) ( prow ?x2p ?x2 ) ( ncol ?y3n ?y3 ) ( prow ?x4p ?x4 ) ( ncol ?y4n ?y4 ) ( square ?x1 ?y1 ?x2p ?y2 ?x3 ?y3n ?x4p ?y4n ) ), ( <= win ( true ( cell ?x1 ?y1 x ) ) ( true ( cell ?x2 ?y2 x ) ) ( true ( cell ?x3 ?y3 x ) ) ( true ( cell ?x4 ?y4 x ) ) ( square ?x1 ?y1 ?x2 ?y2 ?x3 ?y3 ?x4 ?y4 ) ), ( <= lose ( true ( cell ?x1 ?y1 o ) ) ( true ( cell ?x2 ?y2 o ) ) ( true ( cell ?x3 ?y3 o ) ) ( true ( cell ?x4 ?y4 o ) ) ( square ?x1 ?y1 ?x2 ?y2 ?x3 ?y3 ?x4 ?y4 ) ), ( <= winByOpenQuad ( not lose ) ( not open ) ( true ( cell ?x1 ?y1 x ) ) ( true ( cell ?x2 ?y2 x ) ) ( true ( cell ?x3 ?y3 x ) ) ( true ( cell ?x4 ?y4 b ) ) ( square ?x1 ?y1 ?x2 ?y2 ?x3 ?y3 ?x4 ?y4 ) ), ( <= winByOpenQuad ( not lose ) ( not open ) ( true ( cell ?x1 ?y1 x ) ) ( true ( cell ?x2 ?y2 b ) ) ( true ( cell ?x3 ?y3 x ) ) ( true ( cell ?x4 ?y4 x ) ) ( square ?x1 ?y1 ?x2 ?y2 ?x3 ?y3 ?x4 ?y4 ) ), ( <= winByOpenQuad ( not lose ) ( not open ) ( true ( cell ?x1 ?y1 x ) ) ( true ( cell ?x2 ?y2 x ) ) ( true ( cell ?x3 ?y3 b ) ) ( true ( cell ?x4 ?y4 x ) ) ( square ?x1 ?y1 ?x2 ?y2 ?x3 ?y3 ?x4 ?y4 ) ), ( <= winByOpenQuad ( not lose ) ( not open ) ( true ( cell ?x1 ?y1 b ) ) ( true ( cell ?x2 ?y2 x ) ) ( true ( cell ?x3 ?y3 x ) ) ( true ( cell ?x4 ?y4 x ) ) ( square ?x1 ?y1 ?x2 ?y2 ?x3 ?y3 ?x4 ?y4 ) ), ( <= open ( true ( quad ?p ?c ) ) ( distinct ?c 0 ) ), ( <= ( more ?x 0 ) ( succ ?y ?x ) ), ( <= ( more ?x ?y ) ( succ ?x1 ?x ) ( succ ?y1 ?y ) ( more ?x1 ?y1 ) ), ( <= morewhite ( true ( white x ?a ) ) ( true ( white o ?b ) ) ( more ?a ?b ) ), ( <= lesswhite ( true ( white x ?a ) ) ( true ( white o ?b ) ) ( more ?b ?a ) ), ( <= equalwhite ( true ( white x ?a ) ) ( true ( white o ?a ) ) ), ( <= ( goal x 100 ) win ), ( <= ( goal x 95 ) ( not win ) winByOpenQuad ), ( <= ( goal x 90 ) ( not win ) ( not winByOpenQuad ) ( not lose ) ( not open ) morewhite ), ( <= ( goal x 50 ) ( not win ) ( not winByOpenQuad ) ( not lose ) ( not open ) equalwhite ), ( <= ( goal x 10 ) ( not win ) ( not winByOpenQuad ) ( not lose ) ( not open ) lesswhite ), ( <= ( goal x 0 ) lose ), ( <= ( goal o 100 ) lose ), ( <= ( goal o 90 ) ( not win ) ( not winByOpenQuad ) ( not lose ) ( not open ) lesswhite ), ( <= ( goal o 50 ) ( not win ) ( not winByOpenQuad ) ( not lose ) ( not open ) equalwhite ), ( <= ( goal o 10 ) ( not win ) ( not winByOpenQuad ) ( not lose ) ( not open ) morewhite ), ( <= ( goal o 5 ) ( not win ) winByOpenQuad ), ( <= ( goal o 0 ) win ), ( <= terminal win ), ( <= terminal lose ), ( <= terminal ( not open ) )]
LOG 1641836983637 [L3]: Start clock: 15
LOG 1641836983638 [L3]: Play clock: 10
LOG 1641836988629 [L0]: [Sent at 1641836988629] ready
LOG 1641836988631 [L0]: [Received at 1641836988631] ( PLAY 10.quad_7x7.1641836983295 NIL )
LOG 1641836988632 [L0]: [Sent at 1641836988632] ( mark r3 c6 )
LOG 1641836988634 [L0]: [Received at 1641836988634] ( PLAY 10.quad_7x7.1641836983295 (( mark r3 c6 ) noop ) )
LOG 1641836988636 [L0]: [Sent at 1641836988636] noop
LOG 1641836988638 [L0]: [Received at 1641836988638] ( PLAY 10.quad_7x7.1641836983295 (noop ( mark r5 c3 ) ) )
LOG 1641836988647 [L0]: [Sent at 1641836988647] ( mark r2 c6 )
LOG 1641836988651 [L0]: [Received at 1641836988651] ( PLAY 10.quad_7x7.1641836983295 (( mark r2 c6 ) noop ) )
LOG 1641836988653 [L0]: [Sent at 1641836988653] noop
LOG 1641836988657 [L0]: [Received at 1641836988657] ( PLAY 10.quad_7x7.1641836983295 (noop ( mark r6 c1 ) ) )
LOG 1641836988658 [L0]: [Sent at 1641836988658] ( block r5 c6 )
LOG 1641836988661 [L0]: [Received at 1641836988661] ( PLAY 10.quad_7x7.1641836983295 (( block r5 c6 ) noop ) )
LOG 1641836988662 [L0]: [Sent at 1641836988662] ( mark r5 c4 )
LOG 1641836988669 [L0]: [Received at 1641836988669] ( PLAY 10.quad_7x7.1641836983295 (( mark r5 c4 ) noop ) )
LOG 1641836988671 [L0]: [Sent at 1641836988671] noop
LOG 1641836988674 [L0]: [Received at 1641836988674] ( PLAY 10.quad_7x7.1641836983295 (noop ( mark r4 c1 ) ) )
LOG 1641836988676 [L0]: [Sent at 1641836988676] ( block r5 c5 )
LOG 1641836988678 [L0]: [Received at 1641836988678] ( PLAY 10.quad_7x7.1641836983295 (( block r5 c5 ) noop ) )
LOG 1641836988679 [L0]: [Sent at 1641836988679] ( block r2 c7 )
LOG 1641836988682 [L0]: [Received at 1641836988682] ( PLAY 10.quad_7x7.1641836983295 (( block r2 c7 ) noop ) )
LOG 1641836988683 [L0]: [Sent at 1641836988683] ( block r1 c3 )
LOG 1641836988685 [L0]: [Received at 1641836988685] ( PLAY 10.quad_7x7.1641836983295 (( block r1 c3 ) noop ) )
LOG 1641836988686 [L0]: [Sent at 1641836988686] ( block r6 c6 )
LOG 1641836988688 [L0]: [Received at 1641836988688] ( PLAY 10.quad_7x7.1641836983295 (( block r6 c6 ) noop ) )
LOG 1641836988689 [L0]: [Sent at 1641836988689] ( mark r2 c3 )
LOG 1641836988705 [L0]: [Received at 1641836988705] ( PLAY 10.quad_7x7.1641836983295 (( mark r2 c3 ) noop ) )
LOG 1641836988707 [L0]: [Sent at 1641836988707] noop
LOG 1641836988709 [L0]: [Received at 1641836988709] ( PLAY 10.quad_7x7.1641836983295 (noop ( block r7 c6 ) ) )
LOG 1641836988710 [L0]: [Sent at 1641836988710] noop
LOG 1641836988712 [L0]: [Received at 1641836988712] ( PLAY 10.quad_7x7.1641836983295 (noop ( block r6 c4 ) ) )
LOG 1641836988714 [L0]: [Sent at 1641836988714] noop
LOG 1641836988723 [L0]: [Received at 1641836988723] ( PLAY 10.quad_7x7.1641836983295 (noop ( mark r2 c5 ) ) )
LOG 1641836988724 [L0]: [Sent at 1641836988724] ( mark r2 c4 )
LOG 1641836988762 [L0]: [Received at 1641836988762] ( PLAY 10.quad_7x7.1641836983295 (( mark r2 c4 ) noop ) )
LOG 1641836988763 [L0]: [Sent at 1641836988763] noop
LOG 1641836988782 [L0]: [Received at 1641836988782] ( PLAY 10.quad_7x7.1641836983295 (noop ( mark r3 c4 ) ) )
LOG 1641836988783 [L0]: [Sent at 1641836988783] ( mark r1 c5 )
LOG 1641836988848 [L0]: [Received at 1641836988848] ( PLAY 10.quad_7x7.1641836983295 (( mark r1 c5 ) noop ) )
LOG 1641836988850 [L0]: [Sent at 1641836988850] noop
LOG 1641836988857 [L0]: [Received at 1641836988857] ( PLAY 10.quad_7x7.1641836983295 (noop ( block r1 c2 ) ) )
LOG 1641836988858 [L0]: [Sent at 1641836988858] noop
LOG 1641836988886 [L0]: [Received at 1641836988886] ( PLAY 10.quad_7x7.1641836983295 (noop ( mark r6 c2 ) ) )
LOG 1641836988887 [L0]: [Sent at 1641836988887] ( mark r4 c2 )
LOG 1641836988958 [L0]: [Received at 1641836988958] ( PLAY 10.quad_7x7.1641836983295 (( mark r4 c2 ) noop ) )
LOG 1641836988959 [L0]: [Sent at 1641836988959] noop
LOG 1641836988999 [L0]: [Received at 1641836988999] ( PLAY 10.quad_7x7.1641836983295 (noop ( mark r7 c2 ) ) )
LOG 1641836989000 [L0]: [Sent at 1641836989000] ( mark r7 c4 )
LOG 1641836989131 [L0]: [Received at 1641836989131] ( PLAY 10.quad_7x7.1641836983295 (( mark r7 c4 ) noop ) )
LOG 1641836989132 [L0]: [Sent at 1641836989132] noop
LOG 1641836989143 [L0]: [Received at 1641836989143] ( PLAY 10.quad_7x7.1641836983295 (noop ( block r4 c4 ) ) )
LOG 1641836989144 [L0]: [Sent at 1641836989144] noop
LOG 1641836989205 [L0]: [Received at 1641836989205] ( PLAY 10.quad_7x7.1641836983295 (noop ( mark r5 c2 ) ) )
LOG 1641836989206 [L0]: [Sent at 1641836989206] ( mark r5 c1 )
LOG 1641836989305 [L0]: [Received at 1641836989305] ( PLAY 10.quad_7x7.1641836983295 (( mark r5 c1 ) noop ) )
LOG 1641836989306 [L0]: [Sent at 1641836989306] noop
LOG 1641836989422 [L0]: [Received at 1641836989422] ( PLAY 10.quad_7x7.1641836983295 (noop ( mark r4 c7 ) ) )
LOG 1641836989423 [L0]: [Sent at 1641836989423] ( mark r3 c2 )
LOG 1641836989593 [L0]: [Received at 1641836989593] ( PLAY 10.quad_7x7.1641836983295 (( mark r3 c2 ) noop ) )
LOG 1641836989595 [L0]: [Sent at 1641836989595] noop
LOG 1641836989621 [L0]: [Received at 1641836989621] ( PLAY 10.quad_7x7.1641836983295 (noop ( block r2 c1 ) ) )
LOG 1641836989630 [L0]: [Sent at 1641836989630] noop
LOG 1641836989745 [L0]: [Received at 1641836989745] ( PLAY 10.quad_7x7.1641836983295 (noop ( mark r7 c3 ) ) )
LOG 1641836989747 [L0]: [Sent at 1641836989747] ( mark r6 c3 )
LOG 1641836989966 [L0]: [Received at 1641836989966] ( PLAY 10.quad_7x7.1641836983295 (( mark r6 c3 ) noop ) )
LOG 1641836989968 [L0]: [Sent at 1641836989968] noop
LOG 1641836990192 [L0]: [Received at 1641836990192] ( PLAY 10.quad_7x7.1641836983295 (noop ( mark r1 c4 ) ) )
LOG 1641836990193 [L0]: [Sent at 1641836990193] ( mark r4 c6 )
LOG 1641836990823 [L0]: [Received at 1641836990823] ( STOP 10.quad_7x7.1641836983295 (( mark r4 c6 ) noop ) )
LOG 1641836990824 [L3]: Stopped logging to files at: Mon Jan 10 18:49:50 CET 2022
LOG 1641836990824 [L3]: LOG SEALED
