LOG 1641835688429 [L3]: Started match logging at: Mon Jan 10 18:28:08 CET 2022
LOG 1641835688430 [L3]: Game rules: [( role white ), ( role black ), ( <= ( base ( cell ?x ?y ?p ) ) ( index ?x ) ( index ?y ) ( role ?p ) ), ( <= ( base ( control ?p ) ) ( role ?p ) ), ( <= ( input ?p noop ) ( role ?p ) ), ( <= ( input ?p ( move ?x1 ?y1 ?x2 ?y2 ) ) ( role ?p ) ( index ?x1 ) ( index ?x2 ) ( index ?y1 ) ( index ?y2 ) ), ( init ( cell 1 1 white ) ), ( init ( cell 2 1 white ) ), ( init ( cell 3 1 white ) ), ( init ( cell 4 1 white ) ), ( init ( cell 5 1 white ) ), ( init ( cell 6 1 white ) ), ( init ( cell 7 1 white ) ), ( init ( cell 8 1 white ) ), ( init ( cell 1 2 white ) ), ( init ( cell 2 2 white ) ), ( init ( cell 3 2 white ) ), ( init ( cell 4 2 white ) ), ( init ( cell 5 2 white ) ), ( init ( cell 6 2 white ) ), ( init ( cell 7 2 white ) ), ( init ( cell 8 2 white ) ), ( init ( cell 1 7 black ) ), ( init ( cell 2 7 black ) ), ( init ( cell 3 7 black ) ), ( init ( cell 4 7 black ) ), ( init ( cell 5 7 black ) ), ( init ( cell 6 7 black ) ), ( init ( cell 7 7 black ) ), ( init ( cell 8 7 black ) ), ( init ( cell 1 8 black ) ), ( init ( cell 2 8 black ) ), ( init ( cell 3 8 black ) ), ( init ( cell 4 8 black ) ), ( init ( cell 5 8 black ) ), ( init ( cell 6 8 black ) ), ( init ( cell 7 8 black ) ), ( init ( cell 8 8 black ) ), ( init ( control white ) ), ( <= ( legal white noop ) ( true ( control black ) ) ), ( <= ( legal black noop ) ( true ( control white ) ) ), ( <= ( legal white ( move ?x1 ?y1 ?x2 ?y2 ) ) ( true ( control white ) ) ( true ( cell ?x1 ?y1 white ) ) ( whiteknightmove ?x1 ?y1 ?x2 ?y2 ) ( not ( true ( cell ?x2 ?y2 white ) ) ) ), ( <= ( legal black ( move ?x1 ?y1 ?x2 ?y2 ) ) ( true ( control black ) ) ( true ( cell ?x1 ?y1 black ) ) ( blackknightmove ?x1 ?y1 ?x2 ?y2 ) ( not ( true ( cell ?x2 ?y2 black ) ) ) ), ( <= ( next ( cell ?x ?y ?state ) ) ( true ( cell ?x ?y ?state ) ) ( does ?player ( move ?x1 ?y1 ?x2 ?y2 ) ) ( distinctcell ?x ?y ?x1 ?y1 ) ( distinctcell ?x ?y ?x2 ?y2 ) ), ( <= ( next ( cell ?x2 ?y2 ?player ) ) ( does ?player ( move ?x1 ?y1 ?x2 ?y2 ) ) ), ( <= ( next ( control black ) ) ( true ( control white ) ) ), ( <= ( next ( control white ) ) ( true ( control black ) ) ), ( <= terminal whitewin ), ( <= terminal blackwin ), ( <= ( goal white 100 ) whitewin ), ( <= ( goal white 0 ) blackwin ), ( <= ( goal black 100 ) blackwin ), ( <= ( goal black 0 ) whitewin ), ( <= whitewin ( index ?x ) ( true ( cell ?x 8 white ) ) ), ( <= blackwin ( index ?x ) ( true ( cell ?x 1 black ) ) ), ( <= whitewin ( not ( hasAnyPiece black ) ) ), ( <= blackwin ( not ( hasAnyPiece white ) ) ), ( <= ( hasAnyPiece ?player ) ( true ( cell ?x ?y ?player ) ) ), ( <= ( whiteknightmove ?x1 ?y1 ?x2 ?y2 ) ( plus 1 ?x1 ?x2 ) ( plus 2 ?y1 ?y2 ) ), ( <= ( whiteknightmove ?x1 ?y1 ?x2 ?y2 ) ( plus 1 ?x2 ?x1 ) ( plus 2 ?y1 ?y2 ) ), ( <= ( whiteknightmove ?x1 ?y1 ?x2 ?y2 ) ( plus 2 ?x1 ?x2 ) ( plus 1 ?y1 ?y2 ) ), ( <= ( whiteknightmove ?x1 ?y1 ?x2 ?y2 ) ( plus 2 ?x2 ?x1 ) ( plus 1 ?y1 ?y2 ) ), ( <= ( blackknightmove ?x1 ?y1 ?x2 ?y2 ) ( plus 1 ?x1 ?x2 ) ( plus 2 ?y2 ?y1 ) ), ( <= ( blackknightmove ?x1 ?y1 ?x2 ?y2 ) ( plus 1 ?x2 ?x1 ) ( plus 2 ?y2 ?y1 ) ), ( <= ( blackknightmove ?x1 ?y1 ?x2 ?y2 ) ( plus 2 ?x1 ?x2 ) ( plus 1 ?y2 ?y1 ) ), ( <= ( blackknightmove ?x1 ?y1 ?x2 ?y2 ) ( plus 2 ?x2 ?x1 ) ( plus 1 ?y2 ?y1 ) ), ( <= ( cell ?x ?y ) ( index ?x ) ( index ?y ) ), ( <= ( distinctcell ?x1 ?y1 ?x2 ?y2 ) ( cell ?x1 ?y1 ) ( cell ?x2 ?y2 ) ( distinct ?x1 ?x2 ) ), ( <= ( distinctcell ?x1 ?y1 ?x2 ?y2 ) ( cell ?x1 ?y1 ) ( cell ?x2 ?y2 ) ( distinct ?y1 ?y2 ) ), ( index 1 ), ( index 2 ), ( index 3 ), ( index 4 ), ( index 5 ), ( index 6 ), ( index 7 ), ( index 8 ), ( plus 1 1 2 ), ( plus 1 2 3 ), ( plus 1 3 4 ), ( plus 1 4 5 ), ( plus 1 5 6 ), ( plus 1 6 7 ), ( plus 1 7 8 ), ( plus 2 1 3 ), ( plus 2 2 4 ), ( plus 2 3 5 ), ( plus 2 4 6 ), ( plus 2 5 7 ), ( plus 2 6 8 )]
LOG 1641835688430 [L3]: Start clock: 15
LOG 1641835688431 [L3]: Play clock: 10
LOG 1641835693429 [L0]: [Sent at 1641835693429] ready
LOG 1641835693432 [L0]: [Received at 1641835693432] ( PLAY 25.knightThrough.1641835686909 NIL )
LOG 1641835693434 [L0]: [Sent at 1641835693434] noop
LOG 1641835693436 [L0]: [Received at 1641835693436] ( PLAY 25.knightThrough.1641835686909 (( move 8 2 6 3 ) noop ) )
LOG 1641835693440 [L0]: [Sent at 1641835693440] ( move 6 7 7 5 )
LOG 1641835693442 [L0]: [Received at 1641835693442] ( PLAY 25.knightThrough.1641835686909 (noop ( move 6 7 7 5 ) ) )
LOG 1641835693453 [L0]: [Sent at 1641835693453] noop
LOG 1641835693456 [L0]: [Received at 1641835693456] ( PLAY 25.knightThrough.1641835686909 (( move 5 1 4 3 ) noop ) )
LOG 1641835693462 [L0]: [Sent at 1641835693462] ( move 8 8 7 6 )
LOG 1641835693464 [L0]: [Received at 1641835693464] ( PLAY 25.knightThrough.1641835686909 (noop ( move 8 8 7 6 ) ) )
LOG 1641835693465 [L0]: [Sent at 1641835693465] noop
LOG 1641835693467 [L0]: [Received at 1641835693467] ( PLAY 25.knightThrough.1641835686909 (( move 6 3 5 5 ) noop ) )
LOG 1641835693469 [L0]: [Sent at 1641835693469] ( move 2 8 3 6 )
LOG 1641835693471 [L0]: [Received at 1641835693471] ( PLAY 25.knightThrough.1641835686909 (noop ( move 2 8 3 6 ) ) )
LOG 1641835693472 [L0]: [Sent at 1641835693472] noop
LOG 1641835693475 [L0]: [Received at 1641835693475] ( PLAY 25.knightThrough.1641835686909 (( move 5 5 4 7 ) noop ) )
LOG 1641835693476 [L0]: [Sent at 1641835693476] ( move 4 8 5 6 )
LOG 1641835693478 [L0]: [Received at 1641835693478] ( PLAY 25.knightThrough.1641835686909 (noop ( move 4 8 5 6 ) ) )
LOG 1641835693479 [L0]: [Sent at 1641835693479] noop
LOG 1641835693482 [L0]: [Received at 1641835693482] ( PLAY 25.knightThrough.1641835686909 (( move 4 3 2 4 ) noop ) )
LOG 1641835693483 [L0]: [Sent at 1641835693483] ( move 5 6 6 4 )
LOG 1641835693485 [L0]: [Received at 1641835693485] ( PLAY 25.knightThrough.1641835686909 (noop ( move 5 6 6 4 ) ) )
LOG 1641835693486 [L0]: [Sent at 1641835693486] noop
LOG 1641835693489 [L0]: [Received at 1641835693489] ( PLAY 25.knightThrough.1641835686909 (( move 2 1 1 3 ) noop ) )
LOG 1641835693490 [L0]: [Sent at 1641835693490] ( move 3 7 5 6 )
LOG 1641835693492 [L0]: [Received at 1641835693492] ( PLAY 25.knightThrough.1641835686909 (noop ( move 3 7 5 6 ) ) )
LOG 1641835693494 [L0]: [Sent at 1641835693494] noop
LOG 1641835693496 [L0]: [Received at 1641835693496] ( PLAY 25.knightThrough.1641835686909 (( move 1 3 3 4 ) noop ) )
LOG 1641835693497 [L0]: [Sent at 1641835693497] ( move 3 8 4 6 )
LOG 1641835693500 [L0]: [Received at 1641835693500] ( PLAY 25.knightThrough.1641835686909 (noop ( move 3 8 4 6 ) ) )
LOG 1641835693501 [L0]: [Sent at 1641835693501] noop
LOG 1641835693503 [L0]: [Received at 1641835693503] ( PLAY 25.knightThrough.1641835686909 (( move 6 1 8 2 ) noop ) )
LOG 1641835693504 [L0]: [Sent at 1641835693504] ( move 7 7 6 5 )
LOG 1641835693516 [L0]: [Received at 1641835693516] ( PLAY 25.knightThrough.1641835686909 (noop ( move 7 7 6 5 ) ) )
LOG 1641835693518 [L0]: [Sent at 1641835693518] noop
LOG 1641835693520 [L0]: [Received at 1641835693520] ( PLAY 25.knightThrough.1641835686909 (( move 7 1 8 3 ) noop ) )
LOG 1641835693521 [L0]: [Sent at 1641835693521] ( move 6 4 8 3 )
LOG 1641835693523 [L0]: [Received at 1641835693523] ( PLAY 25.knightThrough.1641835686909 (noop ( move 6 4 8 3 ) ) )
LOG 1641835693524 [L0]: [Sent at 1641835693524] noop
LOG 1641835693526 [L0]: [Received at 1641835693526] ( PLAY 25.knightThrough.1641835686909 (( move 7 2 6 4 ) noop ) )
LOG 1641835693527 [L0]: [Sent at 1641835693527] ( move 6 5 4 4 )
LOG 1641835693530 [L0]: [Received at 1641835693530] ( PLAY 25.knightThrough.1641835686909 (noop ( move 6 5 4 4 ) ) )
LOG 1641835693531 [L0]: [Sent at 1641835693531] noop
LOG 1641835693533 [L0]: [Received at 1641835693533] ( PLAY 25.knightThrough.1641835686909 (( move 8 1 7 3 ) noop ) )
LOG 1641835693534 [L0]: [Sent at 1641835693534] ( move 8 3 6 2 )
LOG 1641835693536 [L0]: [Received at 1641835693536] ( PLAY 25.knightThrough.1641835686909 (noop ( move 8 3 6 2 ) ) )
LOG 1641835693537 [L0]: [Sent at 1641835693537] noop
LOG 1641835693539 [L0]: [Received at 1641835693539] ( PLAY 25.knightThrough.1641835686909 (( move 7 3 8 5 ) noop ) )
LOG 1641835693540 [L0]: [Sent at 1641835693540] ( move 4 4 6 3 )
LOG 1641835693542 [L0]: [Received at 1641835693542] ( PLAY 25.knightThrough.1641835686909 (noop ( move 4 4 6 3 ) ) )
LOG 1641835693544 [L0]: [Sent at 1641835693544] noop
LOG 1641835693546 [L0]: [Received at 1641835693546] ( PLAY 25.knightThrough.1641835686909 (( move 3 4 4 6 ) noop ) )
LOG 1641835693547 [L0]: [Sent at 1641835693547] ( move 7 8 6 6 )
LOG 1641835693549 [L0]: [Received at 1641835693549] ( PLAY 25.knightThrough.1641835686909 (noop ( move 7 8 6 6 ) ) )
LOG 1641835693551 [L0]: [Sent at 1641835693551] noop
LOG 1641835693553 [L0]: [Received at 1641835693553] ( PLAY 25.knightThrough.1641835686909 (( move 3 1 4 3 ) noop ) )
LOG 1641835693554 [L0]: [Sent at 1641835693554] ( move 5 7 4 5 )
LOG 1641835693557 [L0]: [Received at 1641835693557] ( PLAY 25.knightThrough.1641835686909 (noop ( move 5 7 4 5 ) ) )
LOG 1641835693558 [L0]: [Sent at 1641835693558] noop
LOG 1641835693560 [L0]: [Received at 1641835693560] ( PLAY 25.knightThrough.1641835686909 (( move 4 1 3 3 ) noop ) )
LOG 1641835693561 [L0]: [Sent at 1641835693561] ( move 1 7 2 5 )
LOG 1641835693564 [L0]: [Received at 1641835693564] ( PLAY 25.knightThrough.1641835686909 (noop ( move 1 7 2 5 ) ) )
LOG 1641835693565 [L0]: [Sent at 1641835693565] noop
LOG 1641835693568 [L0]: [Received at 1641835693568] ( PLAY 25.knightThrough.1641835686909 (( move 4 6 6 7 ) noop ) )
LOG 1641835693569 [L0]: [Sent at 1641835693569] ( move 1 8 3 7 )
LOG 1641835693571 [L0]: [Received at 1641835693571] ( PLAY 25.knightThrough.1641835686909 (noop ( move 1 8 3 7 ) ) )
LOG 1641835693572 [L0]: [Sent at 1641835693572] noop
LOG 1641835693575 [L0]: [Received at 1641835693575] ( PLAY 25.knightThrough.1641835686909 (( move 8 2 6 3 ) noop ) )
LOG 1641835693576 [L0]: [Sent at 1641835693576] ( move 5 8 7 7 )
LOG 1641835693578 [L0]: [Received at 1641835693578] ( PLAY 25.knightThrough.1641835686909 (noop ( move 5 8 7 7 ) ) )
LOG 1641835693579 [L0]: [Sent at 1641835693579] noop
LOG 1641835693581 [L0]: [Received at 1641835693581] ( PLAY 25.knightThrough.1641835686909 (( move 8 5 6 6 ) noop ) )
LOG 1641835693582 [L0]: [Sent at 1641835693582] ( move 3 7 1 6 )
LOG 1641835693585 [L0]: [Received at 1641835693585] ( PLAY 25.knightThrough.1641835686909 (noop ( move 3 7 1 6 ) ) )
LOG 1641835693586 [L0]: [Sent at 1641835693586] noop
LOG 1641835693588 [L0]: [Received at 1641835693588] ( STOP 25.knightThrough.1641835686909 (( move 6 6 5 8 ) noop ) )
LOG 1641835693588 [L3]: Stopped logging to files at: Mon Jan 10 18:28:13 CET 2022
LOG 1641835693589 [L3]: LOG SEALED
