LOG 1641838439491 [L3]: Returning initial state machine.
LOG 1641838439491 [L3]: Returning PropNet state machine without cache.
LOG 1641838439492 [L3]: Starting metagame with available thinking time 4990ms.
LOG 1641838439494 [L3]: Starting search during metagame.
LOG 1641838449576 [L3]: Done searching during metagame.
LOG 1641838449579 [L3]: Starting move selection for game step 1 with available time 0ms.
LOG 1641838449579 [L3]: No time to select next move using MCTS. Returning random move noop.
LOG 1641838449582 [L3]: Starting move selection for game step 2 with available time 0ms.
LOG 1641838449583 [L3]: No time to select next move using MCTS. Returning random move noop.
LOG 1641838449586 [L3]: Starting move selection for game step 3 with available time 0ms.
LOG 1641838449593 [L3]: No time to select next move using MCTS. Returning random move ( mark r7 c5 ).
LOG 1641838449596 [L3]: Starting move selection for game step 4 with available time 0ms.
LOG 1641838449597 [L3]: No time to select next move using MCTS. Returning random move noop.
LOG 1641838449601 [L3]: Starting move selection for game step 5 with available time 0ms.
LOG 1641838449601 [L3]: No time to select next move using MCTS. Returning random move ( block r1 c3 ).
LOG 1641838449604 [L3]: Starting move selection for game step 6 with available time 0ms.
LOG 1641838449604 [L3]: No time to select next move using MCTS. Returning random move ( mark r1 c6 ).
LOG 1641838449609 [L3]: Starting move selection for game step 7 with available time 0ms.
LOG 1641838449609 [L3]: No time to select next move using MCTS. Returning random move noop.
LOG 1641838449615 [L3]: Starting move selection for game step 8 with available time 0ms.
LOG 1641838449615 [L3]: No time to select next move using MCTS. Returning random move ( block r6 c3 ).
LOG 1641838449618 [L3]: Starting move selection for game step 9 with available time 0ms.
LOG 1641838449618 [L3]: No time to select next move using MCTS. Returning random move ( mark r4 c7 ).
LOG 1641838449628 [L3]: Starting move selection for game step 10 with available time 0ms.
LOG 1641838449629 [L3]: No time to select next move using MCTS. Returning random move noop.
LOG 1641838449632 [L3]: Starting move selection for game step 11 with available time 0ms.
LOG 1641838449632 [L3]: No time to select next move using MCTS. Returning random move noop.
LOG 1641838449645 [L3]: Starting move selection for game step 12 with available time 0ms.
LOG 1641838449646 [L3]: No time to select next move using MCTS. Returning random move ( mark r6 c5 ).
LOG 1641838449659 [L3]: Starting move selection for game step 13 with available time 0ms.
LOG 1641838449659 [L3]: No time to select next move using MCTS. Returning random move noop.
LOG 1641838449663 [L3]: Starting move selection for game step 14 with available time 0ms.
LOG 1641838449663 [L3]: No time to select next move using MCTS. Returning random move noop.
LOG 1641838449689 [L3]: Starting move selection for game step 15 with available time 0ms.
LOG 1641838449689 [L3]: No time to select next move using MCTS. Returning random move ( mark r3 c4 ).
LOG 1641838449722 [L3]: Starting move selection for game step 16 with available time 0ms.
LOG 1641838449722 [L3]: No time to select next move using MCTS. Returning random move noop.
LOG 1641838449728 [L3]: Starting move selection for game step 17 with available time 0ms.
LOG 1641838449728 [L3]: No time to select next move using MCTS. Returning random move noop.
LOG 1641838449763 [L3]: Starting move selection for game step 18 with available time 0ms.
LOG 1641838449763 [L3]: No time to select next move using MCTS. Returning random move ( mark r7 c4 ).
LOG 1641838449799 [L3]: Starting move selection for game step 19 with available time 0ms.
LOG 1641838449799 [L3]: No time to select next move using MCTS. Returning random move noop.
LOG 1641838449805 [L3]: Starting move selection for game step 20 with available time 0ms.
LOG 1641838449805 [L3]: No time to select next move using MCTS. Returning random move noop.
LOG 1641838466760 [L3]: Starting move selection for game step 21 with available time 0ms.
LOG 1641838466760 [L3]: No time to select next move using MCTS. Returning random move ( mark r7 c2 ).
LOG 1641838466802 [L3]: Starting move selection for game step 22 with available time 0ms.
LOG 1641838466802 [L3]: No time to select next move using MCTS. Returning random move noop.
LOG 1641838466904 [L3]: Starting move selection for game step 23 with available time 0ms.
LOG 1641838466905 [L3]: No time to select next move using MCTS. Returning random move ( block r3 c6 ).
LOG 1641838466918 [L3]: Starting move selection for game step 24 with available time 0ms.
LOG 1641838466918 [L3]: No time to select next move using MCTS. Returning random move ( block r1 c2 ).
LOG 1641838466931 [L3]: Starting move selection for game step 25 with available time 0ms.
LOG 1641838466932 [L3]: No time to select next move using MCTS. Returning random move ( block r2 c1 ).
LOG 1641838466944 [L3]: Starting move selection for game step 26 with available time 0ms.
LOG 1641838466945 [L3]: No time to select next move using MCTS. Returning random move ( mark r7 c6 ).
LOG 1641838467005 [L3]: Starting move selection for game step 27 with available time 0ms.
LOG 1641838467006 [L3]: No time to select next move using MCTS. Returning random move noop.
LOG 1641838467170 [L3]: Starting move selection for game step 28 with available time 0ms.
LOG 1641838467171 [L3]: No time to select next move using MCTS. Returning random move ( mark r2 c3 ).
LOG 1641838467293 [L3]: Starting move selection for game step 29 with available time 0ms.
LOG 1641838467294 [L3]: No time to select next move using MCTS. Returning random move noop.
LOG 1641838474241 [L3]: Starting move selection for game step 30 with available time 0ms.
LOG 1641838474241 [L3]: No time to select next move using MCTS. Returning random move ( mark r4 c1 ).
