LOG 1641917703588 [L3]: Started match logging at: Tue Jan 11 17:15:03 CET 2022
LOG 1641917703590 [L3]: Game rules: [( role white ), ( role black ), ( <= ( base ( cellHolds ?x ?y ?p ) ) ( index ?x ) ( index ?y ) ( role ?p ) ), ( <= ( base ( control ?p ) ) ( role ?p ) ), ( <= ( input ?p noop ) ( role ?p ) ), ( <= ( input white ( move ?x ?y1 ?x ?y2 ) ) ( index ?x ) ( succ ?y1 ?y2 ) ), ( <= ( input white ( move ?x1 ?y1 ?x2 ?y2 ) ) ( succ ?y1 ?y2 ) ( succ ?x1 ?x2 ) ), ( <= ( input white ( move ?x1 ?y1 ?x2 ?y2 ) ) ( succ ?y1 ?y2 ) ( succ ?x2 ?x1 ) ), ( <= ( input black ( move ?x ?y1 ?x ?y2 ) ) ( index ?x ) ( succ ?y2 ?y1 ) ), ( <= ( input black ( move ?x1 ?y1 ?x2 ?y2 ) ) ( succ ?y2 ?y1 ) ( succ ?x1 ?x2 ) ), ( <= ( input black ( move ?x1 ?y1 ?x2 ?y2 ) ) ( succ ?y2 ?y1 ) ( succ ?x2 ?x1 ) ), ( init ( cellHolds 1 1 white ) ), ( init ( cellHolds 2 1 white ) ), ( init ( cellHolds 3 1 white ) ), ( init ( cellHolds 4 1 white ) ), ( init ( cellHolds 5 1 white ) ), ( init ( cellHolds 6 1 white ) ), ( init ( cellHolds 7 1 white ) ), ( init ( cellHolds 8 1 white ) ), ( init ( cellHolds 1 2 white ) ), ( init ( cellHolds 2 2 white ) ), ( init ( cellHolds 3 2 white ) ), ( init ( cellHolds 4 2 white ) ), ( init ( cellHolds 5 2 white ) ), ( init ( cellHolds 6 2 white ) ), ( init ( cellHolds 7 2 white ) ), ( init ( cellHolds 8 2 white ) ), ( init ( cellHolds 1 7 black ) ), ( init ( cellHolds 2 7 black ) ), ( init ( cellHolds 3 7 black ) ), ( init ( cellHolds 4 7 black ) ), ( init ( cellHolds 5 7 black ) ), ( init ( cellHolds 6 7 black ) ), ( init ( cellHolds 7 7 black ) ), ( init ( cellHolds 8 7 black ) ), ( init ( cellHolds 1 8 black ) ), ( init ( cellHolds 2 8 black ) ), ( init ( cellHolds 3 8 black ) ), ( init ( cellHolds 4 8 black ) ), ( init ( cellHolds 5 8 black ) ), ( init ( cellHolds 6 8 black ) ), ( init ( cellHolds 7 8 black ) ), ( init ( cellHolds 8 8 black ) ), ( init ( control white ) ), ( <= ( legal white ( move ?x ?y1 ?x ?y2 ) ) ( true ( control white ) ) ( true ( cellHolds ?x ?y1 white ) ) ( succ ?y1 ?y2 ) ( cellEmpty ?x ?y2 ) ), ( <= ( legal white ( move ?x1 ?y1 ?x2 ?y2 ) ) ( true ( control white ) ) ( true ( cellHolds ?x1 ?y1 white ) ) ( succ ?y1 ?y2 ) ( succ ?x1 ?x2 ) ( not ( true ( cellHolds ?x2 ?y2 white ) ) ) ), ( <= ( legal white ( move ?x1 ?y1 ?x2 ?y2 ) ) ( true ( control white ) ) ( true ( cellHolds ?x1 ?y1 white ) ) ( succ ?y1 ?y2 ) ( succ ?x2 ?x1 ) ( not ( true ( cellHolds ?x2 ?y2 white ) ) ) ), ( <= ( legal black ( move ?x ?y1 ?x ?y2 ) ) ( true ( control black ) ) ( true ( cellHolds ?x ?y1 black ) ) ( succ ?y2 ?y1 ) ( cellEmpty ?x ?y2 ) ), ( <= ( legal black ( move ?x1 ?y1 ?x2 ?y2 ) ) ( true ( control black ) ) ( true ( cellHolds ?x1 ?y1 black ) ) ( succ ?y2 ?y1 ) ( succ ?x1 ?x2 ) ( not ( true ( cellHolds ?x2 ?y2 black ) ) ) ), ( <= ( legal black ( move ?x1 ?y1 ?x2 ?y2 ) ) ( true ( control black ) ) ( true ( cellHolds ?x1 ?y1 black ) ) ( succ ?y2 ?y1 ) ( succ ?x2 ?x1 ) ( not ( true ( cellHolds ?x2 ?y2 black ) ) ) ), ( <= ( legal white noop ) ( true ( control black ) ) ), ( <= ( legal black noop ) ( true ( control white ) ) ), ( <= ( next ( cellHolds ?x2 ?y2 ?player ) ) ( role ?player ) ( does ?player ( move ?x1 ?y1 ?x2 ?y2 ) ) ), ( <= ( next ( cellHolds ?x3 ?y3 ?state ) ) ( true ( cellHolds ?x3 ?y3 ?state ) ) ( role ?player ) ( does ?player ( move ?x1 ?y1 ?x2 ?y2 ) ) ( distinctCell ?x1 ?y1 ?x3 ?y3 ) ( distinctCell ?x2 ?y2 ?x3 ?y3 ) ), ( <= ( next ( control white ) ) ( true ( control black ) ) ), ( <= ( next ( control black ) ) ( true ( control white ) ) ), ( <= terminal whiteWin ), ( <= terminal blackWin ), ( <= ( goal white 100 ) whiteWin ), ( <= ( goal white 0 ) ( not whiteWin ) ), ( <= ( goal black 100 ) blackWin ), ( <= ( goal black 0 ) ( not blackWin ) ), ( <= ( cell ?x ?y ) ( index ?x ) ( index ?y ) ), ( <= ( cellEmpty ?x ?y ) ( cell ?x ?y ) ( not ( true ( cellHolds ?x ?y white ) ) ) ( not ( true ( cellHolds ?x ?y black ) ) ) ), ( <= ( distinctCell ?x1 ?y1 ?x2 ?y2 ) ( cell ?x1 ?y1 ) ( cell ?x2 ?y2 ) ( distinct ?x1 ?x2 ) ), ( <= ( distinctCell ?x1 ?y1 ?x2 ?y2 ) ( cell ?x1 ?y1 ) ( cell ?x2 ?y2 ) ( distinct ?y1 ?y2 ) ), ( <= whiteWin ( index ?x ) ( true ( cellHolds ?x 8 white ) ) ), ( <= blackWin ( index ?x ) ( true ( cellHolds ?x 1 black ) ) ), ( <= whiteWin ( not blackCell ) ), ( <= blackWin ( not whiteCell ) ), ( <= whiteCell ( cell ?x ?y ) ( true ( cellHolds ?x ?y white ) ) ), ( <= blackCell ( cell ?x ?y ) ( true ( cellHolds ?x ?y black ) ) ), ( index 1 ), ( index 2 ), ( index 3 ), ( index 4 ), ( index 5 ), ( index 6 ), ( index 7 ), ( index 8 ), ( succ 1 2 ), ( succ 2 3 ), ( succ 3 4 ), ( succ 4 5 ), ( succ 5 6 ), ( succ 6 7 ), ( succ 7 8 )]
LOG 1641917703590 [L3]: Start clock: 15
LOG 1641917703590 [L3]: Play clock: 20
LOG 1641917708588 [L0]: [Sent at 1641917708588] ready
LOG 1641917708591 [L0]: [Received at 1641917708591] ( PLAY 2.breakthrough.1641917703285 NIL )
LOG 1641917718592 [L0]: [Sent at 1641917718592] noop
LOG 1641917718597 [L0]: [Received at 1641917718597] ( PLAY 2.breakthrough.1641917703285 (( move 2 2 2 3 ) noop ) )
LOG 1641917728598 [L0]: [Sent at 1641917728598] ( move 5 7 5 6 )
LOG 1641917728601 [L0]: [Received at 1641917728601] ( PLAY 2.breakthrough.1641917703285 (noop ( move 5 7 5 6 ) ) )
LOG 1641917738610 [L0]: [Sent at 1641917738610] noop
LOG 1641917738613 [L0]: [Received at 1641917738613] ( PLAY 2.breakthrough.1641917703285 (( move 4 2 3 3 ) noop ) )
LOG 1641917748615 [L0]: [Sent at 1641917748615] ( move 6 7 6 6 )
LOG 1641917748618 [L0]: [Received at 1641917748618] ( PLAY 2.breakthrough.1641917703285 (noop ( move 6 7 6 6 ) ) )
LOG 1641917758619 [L0]: [Sent at 1641917758619] noop
LOG 1641917758624 [L0]: [Received at 1641917758624] ( PLAY 2.breakthrough.1641917703285 (( move 7 2 8 3 ) noop ) )
LOG 1641917768625 [L0]: [Sent at 1641917768625] ( move 5 6 4 5 )
LOG 1641917768628 [L0]: [Received at 1641917768628] ( PLAY 2.breakthrough.1641917703285 (noop ( move 5 6 4 5 ) ) )
LOG 1641917778629 [L0]: [Sent at 1641917778629] noop
LOG 1641917778635 [L0]: [Received at 1641917778635] ( PLAY 2.breakthrough.1641917703285 (( move 5 1 4 2 ) noop ) )
LOG 1641917788637 [L0]: [Sent at 1641917788637] ( move 4 5 5 4 )
LOG 1641917788642 [L0]: [Received at 1641917788642] ( PLAY 2.breakthrough.1641917703285 (noop ( move 4 5 5 4 ) ) )
LOG 1641917798643 [L0]: [Sent at 1641917798643] noop
LOG 1641917798646 [L0]: [Received at 1641917798646] ( PLAY 2.breakthrough.1641917703285 (( move 3 3 2 4 ) noop ) )
LOG 1641917808647 [L0]: [Sent at 1641917808647] ( move 5 4 6 3 )
LOG 1641917808651 [L0]: [Received at 1641917808651] ( PLAY 2.breakthrough.1641917703285 (noop ( move 5 4 6 3 ) ) )
LOG 1641917818652 [L0]: [Sent at 1641917818652] noop
LOG 1641917818655 [L0]: [Received at 1641917818655] ( PLAY 2.breakthrough.1641917703285 (( move 4 2 3 3 ) noop ) )
LOG 1641917828656 [L0]: [Sent at 1641917828656] ( move 7 8 6 7 )
LOG 1641917828669 [L0]: [Received at 1641917828669] ( PLAY 2.breakthrough.1641917703285 (noop ( move 7 8 6 7 ) ) )
LOG 1641917838671 [L0]: [Sent at 1641917838671] noop
LOG 1641917838674 [L0]: [Received at 1641917838674] ( PLAY 2.breakthrough.1641917703285 (( move 2 3 1 4 ) noop ) )
LOG 1641917848675 [L0]: [Sent at 1641917848675] ( move 6 6 6 5 )
LOG 1641917848678 [L0]: [Received at 1641917848678] ( PLAY 2.breakthrough.1641917703285 (noop ( move 6 6 6 5 ) ) )
LOG 1641917858680 [L0]: [Sent at 1641917858680] noop
LOG 1641917858683 [L0]: [Received at 1641917858683] ( PLAY 2.breakthrough.1641917703285 (( move 8 2 7 3 ) noop ) )
LOG 1641917868684 [L0]: [Sent at 1641917868684] ( move 6 5 5 4 )
LOG 1641917868686 [L0]: [Received at 1641917868686] ( PLAY 2.breakthrough.1641917703285 (noop ( move 6 5 5 4 ) ) )
LOG 1641917878688 [L0]: [Sent at 1641917878688] noop
LOG 1641917878703 [L0]: [Received at 1641917878703] ( PLAY 2.breakthrough.1641917703285 (( move 8 3 7 4 ) noop ) )
LOG 1641917888703 [L0]: [Sent at 1641917888703] ( move 5 4 5 3 )
LOG 1641917888706 [L0]: [Received at 1641917888706] ( PLAY 2.breakthrough.1641917703285 (noop ( move 5 4 5 3 ) ) )
LOG 1641917898708 [L0]: [Sent at 1641917898708] noop
LOG 1641917898710 [L0]: [Received at 1641917898710] ( PLAY 2.breakthrough.1641917703285 (( move 5 2 6 3 ) noop ) )
LOG 1641917908712 [L0]: [Sent at 1641917908712] ( move 6 7 5 6 )
LOG 1641917908715 [L0]: [Received at 1641917908715] ( PLAY 2.breakthrough.1641917703285 (noop ( move 6 7 5 6 ) ) )
LOG 1641917918716 [L0]: [Sent at 1641917918716] noop
LOG 1641917918719 [L0]: [Received at 1641917918719] ( PLAY 2.breakthrough.1641917703285 (( move 7 1 7 2 ) noop ) )
LOG 1641917928719 [L0]: [Sent at 1641917928719] ( move 5 3 6 2 )
LOG 1641917928722 [L0]: [Received at 1641917928722] ( PLAY 2.breakthrough.1641917703285 (noop ( move 5 3 6 2 ) ) )
LOG 1641917938723 [L0]: [Sent at 1641917938723] noop
LOG 1641917938726 [L0]: [Received at 1641917938726] ( PLAY 2.breakthrough.1641917703285 (( move 2 1 2 2 ) noop ) )
LOG 1641917948727 [L0]: [Sent at 1641917948727] ( move 6 2 5 1 )
LOG 1641917948731 [L0]: [Received at 1641917948731] ( STOP 2.breakthrough.1641917703285 (noop ( move 6 2 5 1 ) ) )
LOG 1641917948732 [L3]: Stopped logging to files at: Tue Jan 11 17:19:08 CET 2022
LOG 1641917948732 [L3]: LOG SEALED
