LOG 1641832741031 [L3]: Started match logging at: Mon Jan 10 17:39:01 CET 2022
LOG 1641832741039 [L3]: Game rules: [( role white ), ( role red ), ( init ( cell 1 0 dirt ) ), ( init ( cell 2 0 dirt ) ), ( init ( cell 3 0 dirt ) ), ( init ( cell 4 0 dirt ) ), ( init ( cell 5 0 dirt ) ), ( init ( cell 6 0 dirt ) ), ( init ( cell 7 0 dirt ) ), ( init ( cell 1 1 b ) ), ( init ( cell 1 2 b ) ), ( init ( cell 1 3 b ) ), ( init ( cell 1 4 b ) ), ( init ( cell 1 5 b ) ), ( init ( cell 1 6 b ) ), ( init ( cell 2 1 b ) ), ( init ( cell 2 2 b ) ), ( init ( cell 2 3 b ) ), ( init ( cell 2 4 b ) ), ( init ( cell 2 5 b ) ), ( init ( cell 2 6 b ) ), ( init ( cell 3 1 b ) ), ( init ( cell 3 2 b ) ), ( init ( cell 3 3 b ) ), ( init ( cell 3 4 b ) ), ( init ( cell 3 5 b ) ), ( init ( cell 3 6 b ) ), ( init ( cell 4 1 b ) ), ( init ( cell 4 2 b ) ), ( init ( cell 4 3 b ) ), ( init ( cell 4 4 b ) ), ( init ( cell 4 5 b ) ), ( init ( cell 4 6 b ) ), ( init ( cell 5 1 b ) ), ( init ( cell 5 2 b ) ), ( init ( cell 5 3 b ) ), ( init ( cell 5 4 b ) ), ( init ( cell 5 5 b ) ), ( init ( cell 5 6 b ) ), ( init ( cell 6 1 b ) ), ( init ( cell 6 2 b ) ), ( init ( cell 6 3 b ) ), ( init ( cell 6 4 b ) ), ( init ( cell 6 5 b ) ), ( init ( cell 6 6 b ) ), ( init ( cell 7 1 b ) ), ( init ( cell 7 2 b ) ), ( init ( cell 7 3 b ) ), ( init ( cell 7 4 b ) ), ( init ( cell 7 5 b ) ), ( init ( cell 7 6 b ) ), ( init ( control white ) ), ( <= ( empty ?c ?h ) ( true ( cell ?c ?h b ) ) ), ( <= ( filled ?c ?h ) ( true ( cell ?c ?h dirt ) ) ), ( <= ( filled ?c ?h ) ( true ( cell ?c ?h w ) ) ), ( <= ( filled ?c ?h ) ( true ( cell ?c ?h r ) ) ), ( <= ( next ( cell ?c ?h2 w ) ) ( does white ( drop ?c ) ) ( true ( cell ?c ?h2 b ) ) ( filled ?c ?h1 ) ( succ ?h1 ?h2 ) ), ( <= ( next ( cell ?c ?h2 r ) ) ( does red ( drop ?c ) ) ( true ( cell ?c ?h2 b ) ) ( filled ?c ?h1 ) ( succ ?h1 ?h2 ) ), ( <= ( next ( cell ?x ?y ?z ) ) ( true ( cell ?x ?y ?z ) ) ( distinct ?z b ) ), ( <= ( next ( cell ?c2 ?y b ) ) ( does ?w ( drop ?c1 ) ) ( true ( cell ?c2 ?y b ) ) ( distinct ?c1 ?c2 ) ), ( <= ( next ( cell ?c ?y2 b ) ) ( true ( cell ?c ?y1 b ) ) ( distinct ?y1 6 ) ( succ ?y1 ?y2 ) ), ( <= ( next ( control white ) ) ( true ( control red ) ) ), ( <= ( next ( control red ) ) ( true ( control white ) ) ), ( <= ( row ?z ) ( true ( cell ?x1 ?y ?z ) ) ( distinct ?z b ) ( distinct ?z dirt ) ( succ ?x1 ?x2 ) ( true ( cell ?x2 ?y ?z ) ) ( succ ?x2 ?x3 ) ( true ( cell ?x3 ?y ?z ) ) ( succ ?x3 ?x4 ) ( true ( cell ?x4 ?y ?z ) ) ), ( <= ( column ?z ) ( true ( cell ?x ?y1 ?z ) ) ( distinct ?z b ) ( succ ?y1 ?y2 ) ( true ( cell ?x ?y2 ?z ) ) ( succ ?y2 ?y3 ) ( true ( cell ?x ?y3 ?z ) ) ( succ ?y3 ?y4 ) ( true ( cell ?x ?y4 ?z ) ) ), ( <= ( diag ?z ) ( true ( cell ?x1 ?y1 ?z ) ) ( distinct ?z b ) ( succ ?x1 ?x2 ) ( succ ?y1 ?y2 ) ( true ( cell ?x2 ?y2 ?z ) ) ( succ ?x2 ?x3 ) ( succ ?y2 ?y3 ) ( true ( cell ?x3 ?y3 ?z ) ) ( succ ?x3 ?x4 ) ( succ ?y3 ?y4 ) ( true ( cell ?x4 ?y4 ?z ) ) ), ( <= ( diag ?z ) ( true ( cell ?x1 ?y1 ?z ) ) ( distinct ?z b ) ( succ ?x1 ?x2 ) ( succ ?y2 ?y1 ) ( true ( cell ?x2 ?y2 ?z ) ) ( succ ?x2 ?x3 ) ( succ ?y3 ?y2 ) ( true ( cell ?x3 ?y3 ?z ) ) ( succ ?x3 ?x4 ) ( succ ?y4 ?y3 ) ( true ( cell ?x4 ?y4 ?z ) ) ), ( <= ( line ?x ) ( row ?x ) ), ( <= ( line ?x ) ( column ?x ) ), ( <= ( line ?x ) ( diag ?x ) ), ( <= open ( empty ?c ?h ) ), ( <= terminal ( line r ) ), ( <= terminal ( line w ) ), ( <= terminal ( not open ) ), ( <= ( legal ?w ( drop ?c ) ) ( true ( cell ?c ?y2 b ) ) ( filled ?c ?y1 ) ( succ ?y1 ?y2 ) ( true ( control ?w ) ) ), ( <= ( legal white noop ) ( true ( control red ) ) ), ( <= ( legal red noop ) ( true ( control white ) ) ), ( <= ( goal white 100 ) ( line w ) ), ( <= ( goal white 50 ) ( not ( line r ) ) ( not ( line w ) ) ( not open ) ), ( <= ( goal white 0 ) ( line r ) ), ( <= ( goal red 100 ) ( line r ) ), ( <= ( goal red 50 ) ( not ( line r ) ) ( not ( line w ) ) ( not open ) ), ( <= ( goal red 0 ) ( line w ) ), ( <= ( goal ?w 70 ) ( role ?w ) ( not ( line r ) ) ( not ( line w ) ) open ), ( <= ( lte 0 ?x ) ( number ?x ) ), ( <= ( lte ?x ?x ) ( number ?x ) ), ( <= ( lte ?x ?z ) ( succ ?y ?z ) ( lte ?x ?y ) ), ( <= ( lte ?x ?y ) ( succ ?x ?y ) ), ( number 0 ), ( number 1 ), ( number 2 ), ( number 3 ), ( number 4 ), ( number 5 ), ( number 6 ), ( number 7 ), ( number 8 ), ( succ 0 1 ), ( succ 1 2 ), ( succ 2 3 ), ( succ 3 4 ), ( succ 4 5 ), ( succ 5 6 ), ( succ 6 7 ), ( succ 7 8 )]
LOG 1641832741040 [L3]: Start clock: 15
LOG 1641832741040 [L3]: Play clock: 10
LOG 1641832746032 [L0]: [Sent at 1641832746031] ready
LOG 1641832746033 [L0]: [Received at 1641832746033] ( PLAY 29.connect4.1641832740970 NIL )
LOG 1641832746035 [L0]: [Sent at 1641832746035] ( drop 5 )
LOG 1641832746037 [L0]: [Received at 1641832746037] ( PLAY 29.connect4.1641832740970 (( drop 5 ) noop ) )
LOG 1641832746041 [L0]: [Sent at 1641832746041] noop
LOG 1641832746043 [L0]: [Received at 1641832746043] ( PLAY 29.connect4.1641832740970 (noop ( drop 2 ) ) )
LOG 1641832746053 [L0]: [Sent at 1641832746053] ( drop 5 )
LOG 1641832746065 [L0]: [Received at 1641832746065] ( PLAY 29.connect4.1641832740970 (( drop 5 ) noop ) )
LOG 1641832746071 [L0]: [Sent at 1641832746071] noop
LOG 1641832746074 [L0]: [Received at 1641832746074] ( PLAY 29.connect4.1641832740970 (noop ( drop 5 ) ) )
LOG 1641832746075 [L0]: [Sent at 1641832746075] ( drop 3 )
LOG 1641832746077 [L0]: [Received at 1641832746077] ( PLAY 29.connect4.1641832740970 (( drop 3 ) noop ) )
LOG 1641832746079 [L0]: [Sent at 1641832746079] noop
LOG 1641832746081 [L0]: [Received at 1641832746081] ( PLAY 29.connect4.1641832740970 (noop ( drop 7 ) ) )
LOG 1641832746082 [L0]: [Sent at 1641832746082] ( drop 4 )
LOG 1641832746084 [L0]: [Received at 1641832746084] ( PLAY 29.connect4.1641832740970 (( drop 4 ) noop ) )
LOG 1641832746086 [L0]: [Sent at 1641832746086] noop
LOG 1641832746088 [L0]: [Received at 1641832746088] ( PLAY 29.connect4.1641832740970 (noop ( drop 7 ) ) )
LOG 1641832746089 [L0]: [Sent at 1641832746089] ( drop 3 )
LOG 1641832746092 [L0]: [Received at 1641832746092] ( PLAY 29.connect4.1641832740970 (( drop 3 ) noop ) )
LOG 1641832746093 [L0]: [Sent at 1641832746093] noop
LOG 1641832746095 [L0]: [Received at 1641832746095] ( PLAY 29.connect4.1641832740970 (noop ( drop 6 ) ) )
LOG 1641832746097 [L0]: [Sent at 1641832746097] ( drop 1 )
LOG 1641832746100 [L0]: [Received at 1641832746100] ( PLAY 29.connect4.1641832740970 (( drop 1 ) noop ) )
LOG 1641832746101 [L0]: [Sent at 1641832746101] noop
LOG 1641832746103 [L0]: [Received at 1641832746103] ( PLAY 29.connect4.1641832740970 (noop ( drop 4 ) ) )
LOG 1641832746105 [L0]: [Sent at 1641832746105] ( drop 3 )
LOG 1641832746107 [L0]: [Received at 1641832746107] ( PLAY 29.connect4.1641832740970 (( drop 3 ) noop ) )
LOG 1641832746109 [L0]: [Sent at 1641832746109] noop
LOG 1641832746111 [L0]: [Received at 1641832746111] ( PLAY 29.connect4.1641832740970 (noop ( drop 2 ) ) )
LOG 1641832746112 [L0]: [Sent at 1641832746112] ( drop 2 )
LOG 1641832746115 [L0]: [Received at 1641832746115] ( PLAY 29.connect4.1641832740970 (( drop 2 ) noop ) )
LOG 1641832746116 [L0]: [Sent at 1641832746116] noop
LOG 1641832746118 [L0]: [Received at 1641832746118] ( PLAY 29.connect4.1641832740970 (noop ( drop 1 ) ) )
LOG 1641832746120 [L0]: [Sent at 1641832746120] ( drop 7 )
LOG 1641832746122 [L0]: [Received at 1641832746122] ( PLAY 29.connect4.1641832740970 (( drop 7 ) noop ) )
LOG 1641832746123 [L0]: [Sent at 1641832746123] noop
LOG 1641832746127 [L0]: [Received at 1641832746127] ( PLAY 29.connect4.1641832740970 (noop ( drop 1 ) ) )
LOG 1641832746128 [L0]: [Sent at 1641832746128] ( drop 4 )
LOG 1641832746131 [L0]: [Received at 1641832746131] ( PLAY 29.connect4.1641832740970 (( drop 4 ) noop ) )
LOG 1641832746132 [L0]: [Sent at 1641832746132] noop
LOG 1641832746134 [L0]: [Received at 1641832746134] ( PLAY 29.connect4.1641832740970 (noop ( drop 7 ) ) )
LOG 1641832746136 [L0]: [Sent at 1641832746136] ( drop 5 )
LOG 1641832746138 [L0]: [Received at 1641832746138] ( PLAY 29.connect4.1641832740970 (( drop 5 ) noop ) )
LOG 1641832746140 [L0]: [Sent at 1641832746140] noop
LOG 1641832746142 [L0]: [Received at 1641832746142] ( PLAY 29.connect4.1641832740970 (noop ( drop 3 ) ) )
LOG 1641832746144 [L0]: [Sent at 1641832746144] ( drop 2 )
LOG 1641832746146 [L0]: [Received at 1641832746146] ( PLAY 29.connect4.1641832740970 (( drop 2 ) noop ) )
LOG 1641832746148 [L0]: [Sent at 1641832746148] noop
LOG 1641832746150 [L0]: [Received at 1641832746150] ( PLAY 29.connect4.1641832740970 (noop ( drop 3 ) ) )
LOG 1641832746152 [L0]: [Sent at 1641832746152] ( drop 3 )
LOG 1641832746155 [L0]: [Received at 1641832746155] ( PLAY 29.connect4.1641832740970 (( drop 3 ) noop ) )
LOG 1641832746156 [L0]: [Sent at 1641832746156] noop
LOG 1641832746159 [L0]: [Received at 1641832746159] ( PLAY 29.connect4.1641832740970 (noop ( drop 4 ) ) )
LOG 1641832746161 [L0]: [Sent at 1641832746161] ( drop 6 )
LOG 1641832746163 [L0]: [Received at 1641832746163] ( PLAY 29.connect4.1641832740970 (( drop 6 ) noop ) )
LOG 1641832746165 [L0]: [Sent at 1641832746165] noop
LOG 1641832746167 [L0]: [Received at 1641832746167] ( PLAY 29.connect4.1641832740970 (noop ( drop 1 ) ) )
LOG 1641832746168 [L0]: [Sent at 1641832746168] ( drop 4 )
LOG 1641832746171 [L0]: [Received at 1641832746171] ( PLAY 29.connect4.1641832740970 (( drop 4 ) noop ) )
LOG 1641832746172 [L0]: [Sent at 1641832746172] noop
LOG 1641832746175 [L0]: [Received at 1641832746175] ( PLAY 29.connect4.1641832740970 (noop ( drop 6 ) ) )
LOG 1641832746176 [L0]: [Sent at 1641832746176] ( drop 4 )
LOG 1641832746179 [L0]: [Received at 1641832746179] ( PLAY 29.connect4.1641832740970 (( drop 4 ) noop ) )
LOG 1641832746180 [L0]: [Sent at 1641832746180] noop
LOG 1641832746183 [L0]: [Received at 1641832746183] ( PLAY 29.connect4.1641832740970 (noop ( drop 6 ) ) )
LOG 1641832746184 [L0]: [Sent at 1641832746184] ( drop 7 )
LOG 1641832746186 [L0]: [Received at 1641832746186] ( PLAY 29.connect4.1641832740970 (( drop 7 ) noop ) )
LOG 1641832746188 [L0]: [Sent at 1641832746188] noop
LOG 1641832746195 [L0]: [Received at 1641832746195] ( PLAY 29.connect4.1641832740970 (noop ( drop 7 ) ) )
LOG 1641832746197 [L0]: [Sent at 1641832746197] ( drop 1 )
LOG 1641832746200 [L0]: [Received at 1641832746200] ( PLAY 29.connect4.1641832740970 (( drop 1 ) noop ) )
LOG 1641832746202 [L0]: [Sent at 1641832746202] noop
LOG 1641832746205 [L0]: [Received at 1641832746205] ( PLAY 29.connect4.1641832740970 (noop ( drop 5 ) ) )
LOG 1641832746206 [L0]: [Sent at 1641832746206] ( drop 2 )
LOG 1641832746209 [L0]: [Received at 1641832746209] ( PLAY 29.connect4.1641832740970 (( drop 2 ) noop ) )
LOG 1641832746210 [L0]: [Sent at 1641832746210] noop
LOG 1641832746216 [L0]: [Received at 1641832746216] ( STOP 29.connect4.1641832740970 (noop ( drop 2 ) ) )
LOG 1641832746216 [L3]: Stopped logging to files at: Mon Jan 10 17:39:06 CET 2022
LOG 1641832746216 [L3]: LOG SEALED
