LOG 1641834910889 [L3]: Returning initial state machine.
LOG 1641834910889 [L3]: Returning PropNet state machine without cache.
LOG 1641834910890 [L3]: Starting metagame with available thinking time 4996ms.
LOG 1641834910892 [L3]: Starting search during metagame.
LOG 1641834915886 [L3]: Done searching during metagame.
LOG 1641834915890 [L3]: Starting move selection for game step 1 with available time 0ms.
LOG 1641834915890 [L3]: No time to select next move using MCTS. Returning random move ( move 2 2 2 3 ).
LOG 1641834915894 [L3]: Starting move selection for game step 2 with available time 0ms.
LOG 1641834915898 [L3]: No time to select next move using MCTS. Returning random move noop.
LOG 1641834915902 [L3]: Starting move selection for game step 3 with available time 0ms.
LOG 1641834915911 [L3]: No time to select next move using MCTS. Returning random move ( move 4 2 3 3 ).
LOG 1641834915915 [L3]: Starting move selection for game step 4 with available time 0ms.
LOG 1641834915921 [L3]: No time to select next move using MCTS. Returning random move noop.
LOG 1641834915925 [L3]: Starting move selection for game step 5 with available time 0ms.
LOG 1641834915926 [L3]: No time to select next move using MCTS. Returning random move ( move 3 3 4 4 ).
LOG 1641834915929 [L3]: Starting move selection for game step 6 with available time 0ms.
LOG 1641834915930 [L3]: No time to select next move using MCTS. Returning random move noop.
LOG 1641834915933 [L3]: Starting move selection for game step 7 with available time 0ms.
LOG 1641834915934 [L3]: No time to select next move using MCTS. Returning random move ( move 7 2 8 3 ).
LOG 1641834915938 [L3]: Starting move selection for game step 8 with available time -1ms.
LOG 1641834915938 [L3]: No time to select next move using MCTS. Returning random move noop.
LOG 1641834915942 [L3]: Starting move selection for game step 9 with available time 0ms.
LOG 1641834915942 [L3]: No time to select next move using MCTS. Returning random move ( move 4 4 3 5 ).
LOG 1641834915946 [L3]: Starting move selection for game step 10 with available time 0ms.
LOG 1641834915946 [L3]: No time to select next move using MCTS. Returning random move noop.
LOG 1641834915949 [L3]: Starting move selection for game step 11 with available time 0ms.
LOG 1641834915950 [L3]: No time to select next move using MCTS. Returning random move ( move 6 2 5 3 ).
LOG 1641834915953 [L3]: Starting move selection for game step 12 with available time 0ms.
LOG 1641834915954 [L3]: No time to select next move using MCTS. Returning random move noop.
LOG 1641834915957 [L3]: Starting move selection for game step 13 with available time 0ms.
LOG 1641834915958 [L3]: No time to select next move using MCTS. Returning random move ( move 5 3 4 4 ).
LOG 1641834915961 [L3]: Starting move selection for game step 14 with available time 0ms.
LOG 1641834915961 [L3]: No time to select next move using MCTS. Returning random move noop.
LOG 1641834915965 [L3]: Starting move selection for game step 15 with available time 0ms.
LOG 1641834915965 [L3]: No time to select next move using MCTS. Returning random move ( move 5 2 4 3 ).
LOG 1641834915970 [L3]: Starting move selection for game step 16 with available time 0ms.
LOG 1641834915970 [L3]: No time to select next move using MCTS. Returning random move noop.
LOG 1641834915974 [L3]: Starting move selection for game step 17 with available time 0ms.
LOG 1641834915974 [L3]: No time to select next move using MCTS. Returning random move ( move 3 5 3 6 ).
LOG 1641834915978 [L3]: Starting move selection for game step 18 with available time 0ms.
LOG 1641834915978 [L3]: No time to select next move using MCTS. Returning random move noop.
LOG 1641834915982 [L3]: Starting move selection for game step 19 with available time 0ms.
LOG 1641834915982 [L3]: No time to select next move using MCTS. Returning random move ( move 6 1 6 2 ).
LOG 1641834915986 [L3]: Starting move selection for game step 20 with available time 0ms.
LOG 1641834915986 [L3]: No time to select next move using MCTS. Returning random move noop.
LOG 1641834915990 [L3]: Starting move selection for game step 21 with available time 0ms.
LOG 1641834915990 [L3]: No time to select next move using MCTS. Returning random move ( move 3 6 2 7 ).
LOG 1641834915994 [L3]: Starting move selection for game step 22 with available time 0ms.
LOG 1641834915994 [L3]: No time to select next move using MCTS. Returning random move noop.
LOG 1641834915997 [L3]: Starting move selection for game step 23 with available time 0ms.
LOG 1641834915998 [L3]: No time to select next move using MCTS. Returning random move ( move 4 4 4 5 ).
LOG 1641834916001 [L3]: Starting move selection for game step 24 with available time 0ms.
LOG 1641834916001 [L3]: No time to select next move using MCTS. Returning random move noop.
LOG 1641834916005 [L3]: Starting move selection for game step 25 with available time 0ms.
LOG 1641834916005 [L3]: No time to select next move using MCTS. Returning random move ( move 1 1 2 2 ).
LOG 1641834916008 [L3]: Starting move selection for game step 26 with available time 0ms.
LOG 1641834916009 [L3]: No time to select next move using MCTS. Returning random move noop.
LOG 1641834916012 [L3]: Starting move selection for game step 27 with available time 0ms.
LOG 1641834916012 [L3]: No time to select next move using MCTS. Returning random move ( move 8 3 7 4 ).
LOG 1641834916016 [L3]: Starting move selection for game step 28 with available time 0ms.
LOG 1641834916016 [L3]: No time to select next move using MCTS. Returning random move noop.
LOG 1641834916021 [L3]: Starting move selection for game step 29 with available time 0ms.
LOG 1641834916021 [L3]: No time to select next move using MCTS. Returning random move ( move 4 3 5 4 ).
LOG 1641834916025 [L3]: Starting move selection for game step 30 with available time 0ms.
LOG 1641834916026 [L3]: No time to select next move using MCTS. Returning random move noop.
LOG 1641834916031 [L3]: Starting move selection for game step 31 with available time 0ms.
LOG 1641834916031 [L3]: No time to select next move using MCTS. Returning random move ( move 4 5 5 6 ).
LOG 1641834916034 [L3]: Starting move selection for game step 32 with available time 0ms.
LOG 1641834916035 [L3]: No time to select next move using MCTS. Returning random move noop.
LOG 1641834916038 [L3]: Starting move selection for game step 33 with available time 0ms.
LOG 1641834916039 [L3]: No time to select next move using MCTS. Returning random move ( move 2 7 3 8 ).
