LOG 1641833216265 [L3]: Started match logging at: Mon Jan 10 17:46:56 CET 2022
LOG 1641833216266 [L3]: Game rules: [( role white ), ( role red ), ( init ( cell 1 0 dirt ) ), ( init ( cell 2 0 dirt ) ), ( init ( cell 3 0 dirt ) ), ( init ( cell 4 0 dirt ) ), ( init ( cell 5 0 dirt ) ), ( init ( cell 6 0 dirt ) ), ( init ( cell 7 0 dirt ) ), ( init ( cell 1 1 b ) ), ( init ( cell 1 2 b ) ), ( init ( cell 1 3 b ) ), ( init ( cell 1 4 b ) ), ( init ( cell 1 5 b ) ), ( init ( cell 1 6 b ) ), ( init ( cell 2 1 b ) ), ( init ( cell 2 2 b ) ), ( init ( cell 2 3 b ) ), ( init ( cell 2 4 b ) ), ( init ( cell 2 5 b ) ), ( init ( cell 2 6 b ) ), ( init ( cell 3 1 b ) ), ( init ( cell 3 2 b ) ), ( init ( cell 3 3 b ) ), ( init ( cell 3 4 b ) ), ( init ( cell 3 5 b ) ), ( init ( cell 3 6 b ) ), ( init ( cell 4 1 b ) ), ( init ( cell 4 2 b ) ), ( init ( cell 4 3 b ) ), ( init ( cell 4 4 b ) ), ( init ( cell 4 5 b ) ), ( init ( cell 4 6 b ) ), ( init ( cell 5 1 b ) ), ( init ( cell 5 2 b ) ), ( init ( cell 5 3 b ) ), ( init ( cell 5 4 b ) ), ( init ( cell 5 5 b ) ), ( init ( cell 5 6 b ) ), ( init ( cell 6 1 b ) ), ( init ( cell 6 2 b ) ), ( init ( cell 6 3 b ) ), ( init ( cell 6 4 b ) ), ( init ( cell 6 5 b ) ), ( init ( cell 6 6 b ) ), ( init ( cell 7 1 b ) ), ( init ( cell 7 2 b ) ), ( init ( cell 7 3 b ) ), ( init ( cell 7 4 b ) ), ( init ( cell 7 5 b ) ), ( init ( cell 7 6 b ) ), ( init ( control white ) ), ( <= ( empty ?c ?h ) ( true ( cell ?c ?h b ) ) ), ( <= ( filled ?c ?h ) ( true ( cell ?c ?h dirt ) ) ), ( <= ( filled ?c ?h ) ( true ( cell ?c ?h w ) ) ), ( <= ( filled ?c ?h ) ( true ( cell ?c ?h r ) ) ), ( <= ( next ( cell ?c ?h2 w ) ) ( does white ( drop ?c ) ) ( true ( cell ?c ?h2 b ) ) ( filled ?c ?h1 ) ( succ ?h1 ?h2 ) ), ( <= ( next ( cell ?c ?h2 r ) ) ( does red ( drop ?c ) ) ( true ( cell ?c ?h2 b ) ) ( filled ?c ?h1 ) ( succ ?h1 ?h2 ) ), ( <= ( next ( cell ?x ?y ?z ) ) ( true ( cell ?x ?y ?z ) ) ( distinct ?z b ) ), ( <= ( next ( cell ?c2 ?y b ) ) ( does ?w ( drop ?c1 ) ) ( true ( cell ?c2 ?y b ) ) ( distinct ?c1 ?c2 ) ), ( <= ( next ( cell ?c ?y2 b ) ) ( true ( cell ?c ?y1 b ) ) ( distinct ?y1 6 ) ( succ ?y1 ?y2 ) ), ( <= ( next ( control white ) ) ( true ( control red ) ) ), ( <= ( next ( control red ) ) ( true ( control white ) ) ), ( <= ( row ?z ) ( true ( cell ?x1 ?y ?z ) ) ( distinct ?z b ) ( distinct ?z dirt ) ( succ ?x1 ?x2 ) ( true ( cell ?x2 ?y ?z ) ) ( succ ?x2 ?x3 ) ( true ( cell ?x3 ?y ?z ) ) ( succ ?x3 ?x4 ) ( true ( cell ?x4 ?y ?z ) ) ), ( <= ( column ?z ) ( true ( cell ?x ?y1 ?z ) ) ( distinct ?z b ) ( succ ?y1 ?y2 ) ( true ( cell ?x ?y2 ?z ) ) ( succ ?y2 ?y3 ) ( true ( cell ?x ?y3 ?z ) ) ( succ ?y3 ?y4 ) ( true ( cell ?x ?y4 ?z ) ) ), ( <= ( diag ?z ) ( true ( cell ?x1 ?y1 ?z ) ) ( distinct ?z b ) ( succ ?x1 ?x2 ) ( succ ?y1 ?y2 ) ( true ( cell ?x2 ?y2 ?z ) ) ( succ ?x2 ?x3 ) ( succ ?y2 ?y3 ) ( true ( cell ?x3 ?y3 ?z ) ) ( succ ?x3 ?x4 ) ( succ ?y3 ?y4 ) ( true ( cell ?x4 ?y4 ?z ) ) ), ( <= ( diag ?z ) ( true ( cell ?x1 ?y1 ?z ) ) ( distinct ?z b ) ( succ ?x1 ?x2 ) ( succ ?y2 ?y1 ) ( true ( cell ?x2 ?y2 ?z ) ) ( succ ?x2 ?x3 ) ( succ ?y3 ?y2 ) ( true ( cell ?x3 ?y3 ?z ) ) ( succ ?x3 ?x4 ) ( succ ?y4 ?y3 ) ( true ( cell ?x4 ?y4 ?z ) ) ), ( <= ( line ?x ) ( row ?x ) ), ( <= ( line ?x ) ( column ?x ) ), ( <= ( line ?x ) ( diag ?x ) ), ( <= open ( empty ?c ?h ) ), ( <= terminal ( line r ) ), ( <= terminal ( line w ) ), ( <= terminal ( not open ) ), ( <= ( legal ?w ( drop ?c ) ) ( true ( cell ?c ?y2 b ) ) ( filled ?c ?y1 ) ( succ ?y1 ?y2 ) ( true ( control ?w ) ) ), ( <= ( legal white noop ) ( true ( control red ) ) ), ( <= ( legal red noop ) ( true ( control white ) ) ), ( <= ( goal white 100 ) ( line w ) ), ( <= ( goal white 50 ) ( not ( line r ) ) ( not ( line w ) ) ( not open ) ), ( <= ( goal white 0 ) ( line r ) ), ( <= ( goal red 100 ) ( line r ) ), ( <= ( goal red 50 ) ( not ( line r ) ) ( not ( line w ) ) ( not open ) ), ( <= ( goal red 0 ) ( line w ) ), ( <= ( goal ?w 70 ) ( role ?w ) ( not ( line r ) ) ( not ( line w ) ) open ), ( <= ( lte 0 ?x ) ( number ?x ) ), ( <= ( lte ?x ?x ) ( number ?x ) ), ( <= ( lte ?x ?z ) ( succ ?y ?z ) ( lte ?x ?y ) ), ( <= ( lte ?x ?y ) ( succ ?x ?y ) ), ( number 0 ), ( number 1 ), ( number 2 ), ( number 3 ), ( number 4 ), ( number 5 ), ( number 6 ), ( number 7 ), ( number 8 ), ( succ 0 1 ), ( succ 1 2 ), ( succ 2 3 ), ( succ 3 4 ), ( succ 4 5 ), ( succ 5 6 ), ( succ 6 7 ), ( succ 7 8 )]
LOG 1641833216273 [L3]: Start clock: 15
LOG 1641833216273 [L3]: Play clock: 10
LOG 1641833221264 [L0]: [Sent at 1641833221264] ready
LOG 1641833221266 [L0]: [Received at 1641833221266] ( PLAY 38.connect4.1641833216214 NIL )
LOG 1641833221268 [L0]: [Sent at 1641833221268] noop
LOG 1641833221270 [L0]: [Received at 1641833221270] ( PLAY 38.connect4.1641833216214 (( drop 6 ) noop ) )
LOG 1641833221273 [L0]: [Sent at 1641833221272] ( drop 6 )
LOG 1641833221277 [L0]: [Received at 1641833221277] ( PLAY 38.connect4.1641833216214 (noop ( drop 6 ) ) )
LOG 1641833221286 [L0]: [Sent at 1641833221286] noop
LOG 1641833221292 [L0]: [Received at 1641833221292] ( PLAY 38.connect4.1641833216214 (( drop 1 ) noop ) )
LOG 1641833221297 [L0]: [Sent at 1641833221297] ( drop 3 )
LOG 1641833221303 [L0]: [Received at 1641833221303] ( PLAY 38.connect4.1641833216214 (noop ( drop 3 ) ) )
LOG 1641833221304 [L0]: [Sent at 1641833221304] noop
LOG 1641833221307 [L0]: [Received at 1641833221307] ( PLAY 38.connect4.1641833216214 (( drop 7 ) noop ) )
LOG 1641833221308 [L0]: [Sent at 1641833221308] ( drop 4 )
LOG 1641833221311 [L0]: [Received at 1641833221311] ( PLAY 38.connect4.1641833216214 (noop ( drop 4 ) ) )
LOG 1641833221313 [L0]: [Sent at 1641833221313] noop
LOG 1641833221316 [L0]: [Received at 1641833221316] ( PLAY 38.connect4.1641833216214 (( drop 5 ) noop ) )
LOG 1641833221317 [L0]: [Sent at 1641833221317] ( drop 4 )
LOG 1641833221319 [L0]: [Received at 1641833221319] ( PLAY 38.connect4.1641833216214 (noop ( drop 4 ) ) )
LOG 1641833221320 [L0]: [Sent at 1641833221320] noop
LOG 1641833221323 [L0]: [Received at 1641833221323] ( PLAY 38.connect4.1641833216214 (( drop 7 ) noop ) )
LOG 1641833221324 [L0]: [Sent at 1641833221324] ( drop 7 )
LOG 1641833221328 [L0]: [Received at 1641833221328] ( PLAY 38.connect4.1641833216214 (noop ( drop 7 ) ) )
LOG 1641833221329 [L0]: [Sent at 1641833221329] noop
LOG 1641833221331 [L0]: [Received at 1641833221331] ( PLAY 38.connect4.1641833216214 (( drop 6 ) noop ) )
LOG 1641833221333 [L0]: [Sent at 1641833221333] ( drop 3 )
LOG 1641833221335 [L0]: [Received at 1641833221335] ( PLAY 38.connect4.1641833216214 (noop ( drop 3 ) ) )
LOG 1641833221337 [L0]: [Sent at 1641833221337] noop
LOG 1641833221339 [L0]: [Received at 1641833221339] ( PLAY 38.connect4.1641833216214 (( drop 1 ) noop ) )
LOG 1641833221340 [L0]: [Sent at 1641833221340] ( drop 1 )
LOG 1641833221343 [L0]: [Received at 1641833221343] ( PLAY 38.connect4.1641833216214 (noop ( drop 1 ) ) )
LOG 1641833221344 [L0]: [Sent at 1641833221344] noop
LOG 1641833221347 [L0]: [Received at 1641833221347] ( PLAY 38.connect4.1641833216214 (( drop 5 ) noop ) )
LOG 1641833221349 [L0]: [Sent at 1641833221349] ( drop 5 )
LOG 1641833221353 [L0]: [Received at 1641833221353] ( PLAY 38.connect4.1641833216214 (noop ( drop 5 ) ) )
LOG 1641833221354 [L0]: [Sent at 1641833221354] noop
LOG 1641833221373 [L0]: [Received at 1641833221373] ( PLAY 38.connect4.1641833216214 (( drop 1 ) noop ) )
LOG 1641833221374 [L0]: [Sent at 1641833221374] ( drop 3 )
LOG 1641833221376 [L0]: [Received at 1641833221376] ( PLAY 38.connect4.1641833216214 (noop ( drop 3 ) ) )
LOG 1641833221378 [L0]: [Sent at 1641833221378] noop
LOG 1641833221381 [L0]: [Received at 1641833221381] ( PLAY 38.connect4.1641833216214 (( drop 7 ) noop ) )
LOG 1641833221382 [L0]: [Sent at 1641833221382] ( drop 6 )
LOG 1641833221386 [L0]: [Received at 1641833221386] ( STOP 38.connect4.1641833216214 (noop ( drop 6 ) ) )
LOG 1641833221387 [L3]: Stopped logging to files at: Mon Jan 10 17:47:01 CET 2022
LOG 1641833221388 [L3]: LOG SEALED
