LOG 1641832814972 [L3]: Started match logging at: Mon Jan 10 17:40:14 CET 2022
LOG 1641832814975 [L3]: Game rules: [( role white ), ( role red ), ( init ( cell 1 0 dirt ) ), ( init ( cell 2 0 dirt ) ), ( init ( cell 3 0 dirt ) ), ( init ( cell 4 0 dirt ) ), ( init ( cell 5 0 dirt ) ), ( init ( cell 6 0 dirt ) ), ( init ( cell 7 0 dirt ) ), ( init ( cell 1 1 b ) ), ( init ( cell 1 2 b ) ), ( init ( cell 1 3 b ) ), ( init ( cell 1 4 b ) ), ( init ( cell 1 5 b ) ), ( init ( cell 1 6 b ) ), ( init ( cell 2 1 b ) ), ( init ( cell 2 2 b ) ), ( init ( cell 2 3 b ) ), ( init ( cell 2 4 b ) ), ( init ( cell 2 5 b ) ), ( init ( cell 2 6 b ) ), ( init ( cell 3 1 b ) ), ( init ( cell 3 2 b ) ), ( init ( cell 3 3 b ) ), ( init ( cell 3 4 b ) ), ( init ( cell 3 5 b ) ), ( init ( cell 3 6 b ) ), ( init ( cell 4 1 b ) ), ( init ( cell 4 2 b ) ), ( init ( cell 4 3 b ) ), ( init ( cell 4 4 b ) ), ( init ( cell 4 5 b ) ), ( init ( cell 4 6 b ) ), ( init ( cell 5 1 b ) ), ( init ( cell 5 2 b ) ), ( init ( cell 5 3 b ) ), ( init ( cell 5 4 b ) ), ( init ( cell 5 5 b ) ), ( init ( cell 5 6 b ) ), ( init ( cell 6 1 b ) ), ( init ( cell 6 2 b ) ), ( init ( cell 6 3 b ) ), ( init ( cell 6 4 b ) ), ( init ( cell 6 5 b ) ), ( init ( cell 6 6 b ) ), ( init ( cell 7 1 b ) ), ( init ( cell 7 2 b ) ), ( init ( cell 7 3 b ) ), ( init ( cell 7 4 b ) ), ( init ( cell 7 5 b ) ), ( init ( cell 7 6 b ) ), ( init ( control white ) ), ( <= ( empty ?c ?h ) ( true ( cell ?c ?h b ) ) ), ( <= ( filled ?c ?h ) ( true ( cell ?c ?h dirt ) ) ), ( <= ( filled ?c ?h ) ( true ( cell ?c ?h w ) ) ), ( <= ( filled ?c ?h ) ( true ( cell ?c ?h r ) ) ), ( <= ( next ( cell ?c ?h2 w ) ) ( does white ( drop ?c ) ) ( true ( cell ?c ?h2 b ) ) ( filled ?c ?h1 ) ( succ ?h1 ?h2 ) ), ( <= ( next ( cell ?c ?h2 r ) ) ( does red ( drop ?c ) ) ( true ( cell ?c ?h2 b ) ) ( filled ?c ?h1 ) ( succ ?h1 ?h2 ) ), ( <= ( next ( cell ?x ?y ?z ) ) ( true ( cell ?x ?y ?z ) ) ( distinct ?z b ) ), ( <= ( next ( cell ?c2 ?y b ) ) ( does ?w ( drop ?c1 ) ) ( true ( cell ?c2 ?y b ) ) ( distinct ?c1 ?c2 ) ), ( <= ( next ( cell ?c ?y2 b ) ) ( true ( cell ?c ?y1 b ) ) ( distinct ?y1 6 ) ( succ ?y1 ?y2 ) ), ( <= ( next ( control white ) ) ( true ( control red ) ) ), ( <= ( next ( control red ) ) ( true ( control white ) ) ), ( <= ( row ?z ) ( true ( cell ?x1 ?y ?z ) ) ( distinct ?z b ) ( distinct ?z dirt ) ( succ ?x1 ?x2 ) ( true ( cell ?x2 ?y ?z ) ) ( succ ?x2 ?x3 ) ( true ( cell ?x3 ?y ?z ) ) ( succ ?x3 ?x4 ) ( true ( cell ?x4 ?y ?z ) ) ), ( <= ( column ?z ) ( true ( cell ?x ?y1 ?z ) ) ( distinct ?z b ) ( succ ?y1 ?y2 ) ( true ( cell ?x ?y2 ?z ) ) ( succ ?y2 ?y3 ) ( true ( cell ?x ?y3 ?z ) ) ( succ ?y3 ?y4 ) ( true ( cell ?x ?y4 ?z ) ) ), ( <= ( diag ?z ) ( true ( cell ?x1 ?y1 ?z ) ) ( distinct ?z b ) ( succ ?x1 ?x2 ) ( succ ?y1 ?y2 ) ( true ( cell ?x2 ?y2 ?z ) ) ( succ ?x2 ?x3 ) ( succ ?y2 ?y3 ) ( true ( cell ?x3 ?y3 ?z ) ) ( succ ?x3 ?x4 ) ( succ ?y3 ?y4 ) ( true ( cell ?x4 ?y4 ?z ) ) ), ( <= ( diag ?z ) ( true ( cell ?x1 ?y1 ?z ) ) ( distinct ?z b ) ( succ ?x1 ?x2 ) ( succ ?y2 ?y1 ) ( true ( cell ?x2 ?y2 ?z ) ) ( succ ?x2 ?x3 ) ( succ ?y3 ?y2 ) ( true ( cell ?x3 ?y3 ?z ) ) ( succ ?x3 ?x4 ) ( succ ?y4 ?y3 ) ( true ( cell ?x4 ?y4 ?z ) ) ), ( <= ( line ?x ) ( row ?x ) ), ( <= ( line ?x ) ( column ?x ) ), ( <= ( line ?x ) ( diag ?x ) ), ( <= open ( empty ?c ?h ) ), ( <= terminal ( line r ) ), ( <= terminal ( line w ) ), ( <= terminal ( not open ) ), ( <= ( legal ?w ( drop ?c ) ) ( true ( cell ?c ?y2 b ) ) ( filled ?c ?y1 ) ( succ ?y1 ?y2 ) ( true ( control ?w ) ) ), ( <= ( legal white noop ) ( true ( control red ) ) ), ( <= ( legal red noop ) ( true ( control white ) ) ), ( <= ( goal white 100 ) ( line w ) ), ( <= ( goal white 50 ) ( not ( line r ) ) ( not ( line w ) ) ( not open ) ), ( <= ( goal white 0 ) ( line r ) ), ( <= ( goal red 100 ) ( line r ) ), ( <= ( goal red 50 ) ( not ( line r ) ) ( not ( line w ) ) ( not open ) ), ( <= ( goal red 0 ) ( line w ) ), ( <= ( goal ?w 70 ) ( role ?w ) ( not ( line r ) ) ( not ( line w ) ) open ), ( <= ( lte 0 ?x ) ( number ?x ) ), ( <= ( lte ?x ?x ) ( number ?x ) ), ( <= ( lte ?x ?z ) ( succ ?y ?z ) ( lte ?x ?y ) ), ( <= ( lte ?x ?y ) ( succ ?x ?y ) ), ( number 0 ), ( number 1 ), ( number 2 ), ( number 3 ), ( number 4 ), ( number 5 ), ( number 6 ), ( number 7 ), ( number 8 ), ( succ 0 1 ), ( succ 1 2 ), ( succ 2 3 ), ( succ 3 4 ), ( succ 4 5 ), ( succ 5 6 ), ( succ 6 7 ), ( succ 7 8 )]
LOG 1641832814976 [L3]: Start clock: 15
LOG 1641832814976 [L3]: Play clock: 10
LOG 1641832819973 [L0]: [Sent at 1641832819973] ready
LOG 1641832819974 [L0]: [Received at 1641832819974] ( PLAY 2.connect4.1641832814695 NIL )
LOG 1641832819976 [L0]: [Sent at 1641832819976] ( drop 3 )
LOG 1641832819978 [L0]: [Received at 1641832819978] ( PLAY 2.connect4.1641832814695 (( drop 3 ) noop ) )
LOG 1641832819981 [L0]: [Sent at 1641832819981] noop
LOG 1641832819985 [L0]: [Received at 1641832819985] ( PLAY 2.connect4.1641832814695 (noop ( drop 7 ) ) )
LOG 1641832819995 [L0]: [Sent at 1641832819995] ( drop 5 )
LOG 1641832819998 [L0]: [Received at 1641832819998] ( PLAY 2.connect4.1641832814695 (( drop 5 ) noop ) )
LOG 1641832820002 [L0]: [Sent at 1641832820002] noop
LOG 1641832820007 [L0]: [Received at 1641832820007] ( PLAY 2.connect4.1641832814695 (noop ( drop 5 ) ) )
LOG 1641832820008 [L0]: [Sent at 1641832820008] ( drop 6 )
LOG 1641832820011 [L0]: [Received at 1641832820011] ( PLAY 2.connect4.1641832814695 (( drop 6 ) noop ) )
LOG 1641832820013 [L0]: [Sent at 1641832820013] noop
LOG 1641832820016 [L0]: [Received at 1641832820016] ( PLAY 2.connect4.1641832814695 (noop ( drop 4 ) ) )
LOG 1641832820018 [L0]: [Sent at 1641832820018] ( drop 6 )
LOG 1641832820021 [L0]: [Received at 1641832820021] ( PLAY 2.connect4.1641832814695 (( drop 6 ) noop ) )
LOG 1641832820023 [L0]: [Sent at 1641832820023] noop
LOG 1641832820025 [L0]: [Received at 1641832820025] ( PLAY 2.connect4.1641832814695 (noop ( drop 5 ) ) )
LOG 1641832820027 [L0]: [Sent at 1641832820027] ( drop 4 )
LOG 1641832820029 [L0]: [Received at 1641832820029] ( PLAY 2.connect4.1641832814695 (( drop 4 ) noop ) )
LOG 1641832820030 [L0]: [Sent at 1641832820030] noop
LOG 1641832820034 [L0]: [Received at 1641832820034] ( PLAY 2.connect4.1641832814695 (noop ( drop 6 ) ) )
LOG 1641832820035 [L0]: [Sent at 1641832820035] ( drop 1 )
LOG 1641832820038 [L0]: [Received at 1641832820038] ( PLAY 2.connect4.1641832814695 (( drop 1 ) noop ) )
LOG 1641832820040 [L0]: [Sent at 1641832820040] noop
LOG 1641832820043 [L0]: [Received at 1641832820043] ( PLAY 2.connect4.1641832814695 (noop ( drop 3 ) ) )
LOG 1641832820044 [L0]: [Sent at 1641832820044] ( drop 3 )
LOG 1641832820049 [L0]: [Received at 1641832820049] ( PLAY 2.connect4.1641832814695 (( drop 3 ) noop ) )
LOG 1641832820050 [L0]: [Sent at 1641832820050] noop
LOG 1641832820054 [L0]: [Received at 1641832820054] ( PLAY 2.connect4.1641832814695 (noop ( drop 4 ) ) )
LOG 1641832820056 [L0]: [Sent at 1641832820056] ( drop 7 )
LOG 1641832820058 [L0]: [Received at 1641832820058] ( PLAY 2.connect4.1641832814695 (( drop 7 ) noop ) )
LOG 1641832820060 [L0]: [Sent at 1641832820060] noop
LOG 1641832820063 [L0]: [Received at 1641832820063] ( PLAY 2.connect4.1641832814695 (noop ( drop 4 ) ) )
LOG 1641832820064 [L0]: [Sent at 1641832820064] ( drop 4 )
LOG 1641832820067 [L0]: [Received at 1641832820067] ( PLAY 2.connect4.1641832814695 (( drop 4 ) noop ) )
LOG 1641832820068 [L0]: [Sent at 1641832820068] noop
LOG 1641832820072 [L0]: [Received at 1641832820072] ( PLAY 2.connect4.1641832814695 (noop ( drop 5 ) ) )
LOG 1641832820073 [L0]: [Sent at 1641832820073] ( drop 1 )
LOG 1641832820076 [L0]: [Received at 1641832820076] ( PLAY 2.connect4.1641832814695 (( drop 1 ) noop ) )
LOG 1641832820078 [L0]: [Sent at 1641832820078] noop
LOG 1641832820093 [L0]: [Received at 1641832820093] ( STOP 2.connect4.1641832814695 (noop ( drop 5 ) ) )
LOG 1641832820093 [L3]: Stopped logging to files at: Mon Jan 10 17:40:20 CET 2022
LOG 1641832820094 [L3]: LOG SEALED
