LOG 1641842151528 [L3]: Started match logging at: Mon Jan 10 20:15:51 CET 2022
LOG 1641842151529 [L3]: Game rules: [( role x ), ( role o ), ( init ( quad x 12 ) ), ( init ( quad o 12 ) ), ( init ( white x 5 ) ), ( init ( white o 5 ) ), ( init ( cell r1 c2 b ) ), ( init ( cell r1 c3 b ) ), ( init ( cell r1 c4 b ) ), ( init ( cell r1 c5 b ) ), ( init ( cell r1 c6 b ) ), ( init ( cell r2 c1 b ) ), ( init ( cell r2 c2 b ) ), ( init ( cell r2 c3 b ) ), ( init ( cell r2 c4 b ) ), ( init ( cell r2 c5 b ) ), ( init ( cell r2 c6 b ) ), ( init ( cell r2 c7 b ) ), ( init ( cell r3 c1 b ) ), ( init ( cell r3 c2 b ) ), ( init ( cell r3 c3 b ) ), ( init ( cell r3 c4 b ) ), ( init ( cell r3 c5 b ) ), ( init ( cell r3 c6 b ) ), ( init ( cell r3 c7 b ) ), ( init ( cell r4 c1 b ) ), ( init ( cell r4 c2 b ) ), ( init ( cell r4 c3 b ) ), ( init ( cell r4 c4 b ) ), ( init ( cell r4 c5 b ) ), ( init ( cell r4 c6 b ) ), ( init ( cell r4 c7 b ) ), ( init ( cell r5 c1 b ) ), ( init ( cell r5 c2 b ) ), ( init ( cell r5 c3 b ) ), ( init ( cell r5 c4 b ) ), ( init ( cell r5 c5 b ) ), ( init ( cell r5 c6 b ) ), ( init ( cell r5 c7 b ) ), ( init ( cell r6 c1 b ) ), ( init ( cell r6 c2 b ) ), ( init ( cell r6 c3 b ) ), ( init ( cell r6 c4 b ) ), ( init ( cell r6 c5 b ) ), ( init ( cell r6 c6 b ) ), ( init ( cell r6 c7 b ) ), ( init ( cell r7 c2 b ) ), ( init ( cell r7 c3 b ) ), ( init ( cell r7 c4 b ) ), ( init ( cell r7 c5 b ) ), ( init ( cell r7 c6 b ) ), ( init ( control x ) ), ( ncol c1 c2 ), ( ncol c2 c3 ), ( ncol c3 c4 ), ( ncol c4 c5 ), ( ncol c5 c6 ), ( ncol c6 c7 ), ( nrow r1 r2 ), ( nrow r2 r3 ), ( nrow r3 r4 ), ( nrow r4 r5 ), ( nrow r5 r6 ), ( nrow r6 r7 ), ( <= ( prow ?x ?y ) ( nrow ?y ?x ) ), ( <= ( pcol ?x ?y ) ( ncol ?y ?x ) ), ( succ 0 1 ), ( succ 1 2 ), ( succ 2 3 ), ( succ 3 4 ), ( succ 4 5 ), ( succ 5 6 ), ( succ 6 7 ), ( succ 7 8 ), ( succ 8 9 ), ( succ 9 10 ), ( succ 10 11 ), ( succ 11 12 ), ( succ 12 13 ), ( succ 13 14 ), ( succ 14 15 ), ( succ 15 16 ), ( succ 16 17 ), ( succ 17 18 ), ( succ 18 19 ), ( succ 19 20 ), ( <= ( legal ?player ( mark ?x ?y ) ) ( true ( cell ?x ?y b ) ) ( true ( control ?player ) ) ), ( <= ( legal ?player ( block ?x ?y ) ) ( true ( cell ?x ?y b ) ) ( true ( control ?player ) ) ( true ( white ?player ?c ) ) ( distinct ?c 0 ) ), ( <= ( legal x noop ) ( true ( control o ) ) ), ( <= ( legal o noop ) ( true ( control x ) ) ), ( <= ( next ( cell ?m ?n ?p ) ) ( does ?p ( mark ?m ?n ) ) ), ( <= ( next ( cell ?m ?n w ) ) ( does ?p ( block ?m ?n ) ) ), ( <= ( next ( cell ?m ?n ?p ) ) ( true ( cell ?m ?n ?p ) ) ( distinct ?p b ) ), ( <= ( next ( cell ?m ?n b ) ) ( does ?W ( mark ?j ?k ) ) ( true ( cell ?m ?n b ) ) ( distinct ?m ?j ) ), ( <= ( next ( cell ?m ?n b ) ) ( does ?W ( mark ?j ?k ) ) ( true ( cell ?m ?n b ) ) ( distinct ?n ?k ) ), ( <= ( next ( cell ?m ?n b ) ) ( does ?W ( block ?j ?k ) ) ( true ( cell ?m ?n b ) ) ( distinct ?m ?j ) ), ( <= ( next ( cell ?m ?n b ) ) ( does ?W ( block ?j ?k ) ) ( true ( cell ?m ?n b ) ) ( distinct ?n ?k ) ), ( <= ( next ( quad ?p ?c ) ) ( true ( control ?q ) ) ( true ( quad ?p ?c ) ) ( distinct ?p ?q ) ), ( <= ( next ( white ?p ?c ) ) ( true ( control ?q ) ) ( true ( white ?p ?c ) ) ( distinct ?p ?q ) ), ( <= ( next ( quad ?p ?c ) ) ( does ?p ( mark ?j ?k ) ) ( true ( quad ?p ?c1 ) ) ( succ ?c ?c1 ) ), ( <= ( next ( white ?p ?c ) ) ( does ?p ( block ?j ?k ) ) ( true ( white ?p ?c1 ) ) ( succ ?c ?c1 ) ), ( <= ( next ( quad ?p ?c ) ) ( does ?p ( block ?j ?k ) ) ( true ( quad ?p ?c ) ) ), ( <= ( next ( white ?p ?c ) ) ( does ?p ( mark ?j ?k ) ) ( true ( white ?p ?c ) ) ), ( <= ( next ( control x ) ) ( does o ( mark ?j ?k ) ) ( true ( control o ) ) ), ( <= ( next ( control o ) ) ( does x ( mark ?j ?k ) ) ( true ( control x ) ) ), ( <= ( next ( control ?p ) ) ( does ?p ( block ?j ?k ) ) ( true ( control ?p ) ) ), ( <= ( square ?x1 ?y1 ?x1 ?y2 ?x2 ?y1 ?x2 ?y2 ) ( ncol ?y1 ?y2 ) ( nrow ?x1 ?x2 ) ), ( <= ( square ?x1 ?y1 ?x1 ?y2 ?x2 ?y1 ?x2 ?y2 ) ( ncol ?y3 ?y2 ) ( nrow ?x3 ?x2 ) ( square ?x1 ?y1 ?x1 ?y3 ?x3 ?y1 ?x3 ?y3 ) ), ( <= ( square ?x1 ?y1 ?x2 ?y2 ?x3 ?y3 ?x4 ?y4 ) ( prow ?x2p ?x2 ) ( ncol ?y3n ?y3 ) ( prow ?x4p ?x4 ) ( ncol ?y4n ?y4 ) ( square ?x1 ?y1 ?x2p ?y2 ?x3 ?y3n ?x4p ?y4n ) ), ( <= win ( true ( cell ?x1 ?y1 x ) ) ( true ( cell ?x2 ?y2 x ) ) ( true ( cell ?x3 ?y3 x ) ) ( true ( cell ?x4 ?y4 x ) ) ( square ?x1 ?y1 ?x2 ?y2 ?x3 ?y3 ?x4 ?y4 ) ), ( <= lose ( true ( cell ?x1 ?y1 o ) ) ( true ( cell ?x2 ?y2 o ) ) ( true ( cell ?x3 ?y3 o ) ) ( true ( cell ?x4 ?y4 o ) ) ( square ?x1 ?y1 ?x2 ?y2 ?x3 ?y3 ?x4 ?y4 ) ), ( <= winByOpenQuad ( not lose ) ( not open ) ( true ( cell ?x1 ?y1 x ) ) ( true ( cell ?x2 ?y2 x ) ) ( true ( cell ?x3 ?y3 x ) ) ( true ( cell ?x4 ?y4 b ) ) ( square ?x1 ?y1 ?x2 ?y2 ?x3 ?y3 ?x4 ?y4 ) ), ( <= winByOpenQuad ( not lose ) ( not open ) ( true ( cell ?x1 ?y1 x ) ) ( true ( cell ?x2 ?y2 b ) ) ( true ( cell ?x3 ?y3 x ) ) ( true ( cell ?x4 ?y4 x ) ) ( square ?x1 ?y1 ?x2 ?y2 ?x3 ?y3 ?x4 ?y4 ) ), ( <= winByOpenQuad ( not lose ) ( not open ) ( true ( cell ?x1 ?y1 x ) ) ( true ( cell ?x2 ?y2 x ) ) ( true ( cell ?x3 ?y3 b ) ) ( true ( cell ?x4 ?y4 x ) ) ( square ?x1 ?y1 ?x2 ?y2 ?x3 ?y3 ?x4 ?y4 ) ), ( <= winByOpenQuad ( not lose ) ( not open ) ( true ( cell ?x1 ?y1 b ) ) ( true ( cell ?x2 ?y2 x ) ) ( true ( cell ?x3 ?y3 x ) ) ( true ( cell ?x4 ?y4 x ) ) ( square ?x1 ?y1 ?x2 ?y2 ?x3 ?y3 ?x4 ?y4 ) ), ( <= open ( true ( quad ?p ?c ) ) ( distinct ?c 0 ) ), ( <= ( more ?x 0 ) ( succ ?y ?x ) ), ( <= ( more ?x ?y ) ( succ ?x1 ?x ) ( succ ?y1 ?y ) ( more ?x1 ?y1 ) ), ( <= morewhite ( true ( white x ?a ) ) ( true ( white o ?b ) ) ( more ?a ?b ) ), ( <= lesswhite ( true ( white x ?a ) ) ( true ( white o ?b ) ) ( more ?b ?a ) ), ( <= equalwhite ( true ( white x ?a ) ) ( true ( white o ?a ) ) ), ( <= ( goal x 100 ) win ), ( <= ( goal x 95 ) ( not win ) winByOpenQuad ), ( <= ( goal x 90 ) ( not win ) ( not winByOpenQuad ) ( not lose ) ( not open ) morewhite ), ( <= ( goal x 50 ) ( not win ) ( not winByOpenQuad ) ( not lose ) ( not open ) equalwhite ), ( <= ( goal x 10 ) ( not win ) ( not winByOpenQuad ) ( not lose ) ( not open ) lesswhite ), ( <= ( goal x 0 ) lose ), ( <= ( goal o 100 ) lose ), ( <= ( goal o 90 ) ( not win ) ( not winByOpenQuad ) ( not lose ) ( not open ) lesswhite ), ( <= ( goal o 50 ) ( not win ) ( not winByOpenQuad ) ( not lose ) ( not open ) equalwhite ), ( <= ( goal o 10 ) ( not win ) ( not winByOpenQuad ) ( not lose ) ( not open ) morewhite ), ( <= ( goal o 5 ) ( not win ) winByOpenQuad ), ( <= ( goal o 0 ) win ), ( <= terminal win ), ( <= terminal lose ), ( <= terminal ( not open ) )]
LOG 1641842151536 [L3]: Start clock: 15
LOG 1641842151536 [L3]: Play clock: 10
LOG 1641842162805 [L0]: [Sent at 1641842162805] ready
LOG 1641842162807 [L0]: [Received at 1641842162807] ( PLAY 23.quad_7x7.1641842133822 NIL )
LOG 1641842162808 [L0]: [Sent at 1641842162808] noop
LOG 1641842162811 [L0]: [Received at 1641842162811] ( PLAY 23.quad_7x7.1641842133822 (( mark r5 c4 ) noop ) )
LOG 1641842162812 [L0]: [Sent at 1641842162812] ( block r3 c6 )
LOG 1641842162814 [L0]: [Received at 1641842162814] ( PLAY 23.quad_7x7.1641842133822 (noop ( block r3 c6 ) ) )
LOG 1641842162822 [L0]: [Sent at 1641842162822] ( mark r6 c5 )
LOG 1641842162824 [L0]: [Received at 1641842162824] ( PLAY 23.quad_7x7.1641842133822 (noop ( mark r6 c5 ) ) )
LOG 1641842162825 [L0]: [Sent at 1641842162825] noop
LOG 1641842162827 [L0]: [Received at 1641842162827] ( PLAY 23.quad_7x7.1641842133822 (( block r3 c7 ) noop ) )
LOG 1641842162829 [L0]: [Sent at 1641842162829] noop
LOG 1641842162830 [L0]: [Received at 1641842162830] ( PLAY 23.quad_7x7.1641842133822 (( block r7 c6 ) noop ) )
LOG 1641842162832 [L0]: [Sent at 1641842162832] noop
LOG 1641842162834 [L0]: [Received at 1641842162834] ( PLAY 23.quad_7x7.1641842133822 (( block r3 c4 ) noop ) )
LOG 1641842162836 [L0]: [Sent at 1641842162836] noop
LOG 1641842162838 [L0]: [Received at 1641842162838] ( PLAY 23.quad_7x7.1641842133822 (( block r2 c2 ) noop ) )
LOG 1641842162839 [L0]: [Sent at 1641842162839] noop
LOG 1641842162841 [L0]: [Received at 1641842162841] ( PLAY 23.quad_7x7.1641842133822 (( block r5 c1 ) noop ) )
LOG 1641842162842 [L0]: [Sent at 1641842162842] noop
LOG 1641842162846 [L0]: [Received at 1641842162846] ( PLAY 23.quad_7x7.1641842133822 (( mark r6 c6 ) noop ) )
LOG 1641842162847 [L0]: [Sent at 1641842162847] ( mark r7 c2 )
LOG 1641842162850 [L0]: [Received at 1641842162850] ( PLAY 23.quad_7x7.1641842133822 (noop ( mark r7 c2 ) ) )
LOG 1641842162851 [L0]: [Sent at 1641842162851] noop
LOG 1641842162859 [L0]: [Received at 1641842162859] ( PLAY 23.quad_7x7.1641842133822 (( mark r5 c6 ) noop ) )
LOG 1641842162860 [L0]: [Sent at 1641842162860] ( block r5 c3 )
LOG 1641842162862 [L0]: [Received at 1641842162862] ( PLAY 23.quad_7x7.1641842133822 (noop ( block r5 c3 ) ) )
LOG 1641842162863 [L0]: [Sent at 1641842162863] ( block r1 c6 )
LOG 1641842162865 [L0]: [Received at 1641842162865] ( PLAY 23.quad_7x7.1641842133822 (noop ( block r1 c6 ) ) )
LOG 1641842162866 [L0]: [Sent at 1641842162866] ( block r4 c7 )
LOG 1641842162869 [L0]: [Received at 1641842162869] ( PLAY 23.quad_7x7.1641842133822 (noop ( block r4 c7 ) ) )
LOG 1641842162870 [L0]: [Sent at 1641842162870] ( mark r6 c4 )
LOG 1641842162875 [L0]: [Received at 1641842162875] ( PLAY 23.quad_7x7.1641842133822 (noop ( mark r6 c4 ) ) )
LOG 1641842162876 [L0]: [Sent at 1641842162876] noop
LOG 1641842162889 [L0]: [Received at 1641842162889] ( PLAY 23.quad_7x7.1641842133822 (( mark r3 c2 ) noop ) )
LOG 1641842162891 [L0]: [Sent at 1641842162891] ( block r2 c6 )
LOG 1641842162894 [L0]: [Received at 1641842162894] ( PLAY 23.quad_7x7.1641842133822 (noop ( block r2 c6 ) ) )
LOG 1641842162895 [L0]: [Sent at 1641842162895] ( mark r4 c3 )
LOG 1641842162905 [L0]: [Received at 1641842162905] ( PLAY 23.quad_7x7.1641842133822 (noop ( mark r4 c3 ) ) )
LOG 1641842162906 [L0]: [Sent at 1641842162906] noop
LOG 1641842162935 [L0]: [Received at 1641842162935] ( PLAY 23.quad_7x7.1641842133822 (( mark r2 c5 ) noop ) )
LOG 1641842162936 [L0]: [Sent at 1641842162936] ( mark r4 c6 )
LOG 1641842162956 [L0]: [Received at 1641842162956] ( PLAY 23.quad_7x7.1641842133822 (noop ( mark r4 c6 ) ) )
LOG 1641842162957 [L0]: [Sent at 1641842162957] noop
LOG 1641842162987 [L0]: [Received at 1641842162987] ( PLAY 23.quad_7x7.1641842133822 (( mark r2 c1 ) noop ) )
LOG 1641842162988 [L0]: [Sent at 1641842162988] ( mark r7 c3 )
LOG 1641842163011 [L0]: [Received at 1641842163011] ( PLAY 23.quad_7x7.1641842133822 (noop ( mark r7 c3 ) ) )
LOG 1641842163012 [L0]: [Sent at 1641842163012] noop
LOG 1641842163053 [L0]: [Received at 1641842163053] ( PLAY 23.quad_7x7.1641842133822 (( mark r4 c1 ) noop ) )
LOG 1641842163054 [L0]: [Sent at 1641842163054] ( mark r2 c7 )
LOG 1641842179180 [L0]: [Received at 1641842179180] ( PLAY 23.quad_7x7.1641842133822 (noop ( mark r2 c7 ) ) )
LOG 1641842179181 [L0]: [Sent at 1641842179181] noop
LOG 1641842179266 [L0]: [Received at 1641842179266] ( PLAY 23.quad_7x7.1641842133822 (( mark r2 c4 ) noop ) )
LOG 1641842179267 [L0]: [Sent at 1641842179267] ( mark r4 c2 )
LOG 1641842179342 [L0]: [Received at 1641842179342] ( PLAY 23.quad_7x7.1641842133822 (noop ( mark r4 c2 ) ) )
LOG 1641842179344 [L0]: [Sent at 1641842179344] noop
LOG 1641842179428 [L0]: [Received at 1641842179428] ( PLAY 23.quad_7x7.1641842133822 (( mark r7 c4 ) noop ) )
LOG 1641842179429 [L0]: [Sent at 1641842179429] ( mark r4 c5 )
LOG 1641842179558 [L0]: [Received at 1641842179558] ( PLAY 23.quad_7x7.1641842133822 (noop ( mark r4 c5 ) ) )
LOG 1641842179559 [L0]: [Sent at 1641842179559] noop
LOG 1641842196511 [L0]: [Received at 1641842196511] ( PLAY 23.quad_7x7.1641842133822 (( mark r6 c7 ) noop ) )
LOG 1641842196512 [L0]: [Sent at 1641842196512] ( mark r5 c2 )
LOG 1641842196652 [L0]: [Received at 1641842196652] ( PLAY 23.quad_7x7.1641842133822 (noop ( mark r5 c2 ) ) )
LOG 1641842196653 [L0]: [Sent at 1641842196653] noop
LOG 1641842213126 [L0]: [Received at 1641842213126] ( PLAY 23.quad_7x7.1641842133822 (( mark r3 c3 ) noop ) )
LOG 1641842213128 [L0]: [Sent at 1641842213128] ( mark r1 c5 )
LOG 1641842213388 [L0]: [Received at 1641842213388] ( PLAY 23.quad_7x7.1641842133822 (noop ( mark r1 c5 ) ) )
LOG 1641842213389 [L0]: [Sent at 1641842213389] noop
LOG 1641842226846 [L0]: [Received at 1641842226846] ( STOP 23.quad_7x7.1641842133822 (( mark r1 c2 ) noop ) )
LOG 1641842226847 [L3]: Stopped logging to files at: Mon Jan 10 20:17:06 CET 2022
LOG 1641842226847 [L3]: LOG SEALED
