LOG 1641834359997 [L3]: Returning initial state machine.
LOG 1641834359997 [L3]: Returning PropNet state machine without cache.
LOG 1641834359998 [L3]: Starting metagame with available thinking time 4989ms.
LOG 1641834359999 [L3]: Starting search during metagame.
LOG 1641834364987 [L3]: Done searching during metagame.
LOG 1641834364990 [L3]: Starting move selection for game step 1 with available time 0ms.
LOG 1641834364990 [L3]: No time to select next move using MCTS. Returning random move ( move 4 2 3 3 ).
LOG 1641834364994 [L3]: Starting move selection for game step 2 with available time 0ms.
LOG 1641834364997 [L3]: No time to select next move using MCTS. Returning random move noop.
LOG 1641834365001 [L3]: Starting move selection for game step 3 with available time 0ms.
LOG 1641834365011 [L3]: No time to select next move using MCTS. Returning random move ( move 2 2 1 3 ).
LOG 1641834365015 [L3]: Starting move selection for game step 4 with available time 0ms.
LOG 1641834365021 [L3]: No time to select next move using MCTS. Returning random move noop.
LOG 1641834365025 [L3]: Starting move selection for game step 5 with available time 0ms.
LOG 1641834365025 [L3]: No time to select next move using MCTS. Returning random move ( move 4 1 4 2 ).
LOG 1641834365029 [L3]: Starting move selection for game step 6 with available time 0ms.
LOG 1641834365030 [L3]: No time to select next move using MCTS. Returning random move noop.
LOG 1641834365033 [L3]: Starting move selection for game step 7 with available time 0ms.
LOG 1641834365034 [L3]: No time to select next move using MCTS. Returning random move ( move 4 2 4 3 ).
LOG 1641834365037 [L3]: Starting move selection for game step 8 with available time 0ms.
LOG 1641834365038 [L3]: No time to select next move using MCTS. Returning random move noop.
LOG 1641834365042 [L3]: Starting move selection for game step 9 with available time 0ms.
LOG 1641834365042 [L3]: No time to select next move using MCTS. Returning random move ( move 6 2 6 3 ).
LOG 1641834365046 [L3]: Starting move selection for game step 10 with available time 0ms.
LOG 1641834365046 [L3]: No time to select next move using MCTS. Returning random move noop.
LOG 1641834365050 [L3]: Starting move selection for game step 11 with available time 0ms.
LOG 1641834365051 [L3]: No time to select next move using MCTS. Returning random move ( move 2 1 2 2 ).
LOG 1641834365055 [L3]: Starting move selection for game step 12 with available time 0ms.
LOG 1641834365056 [L3]: No time to select next move using MCTS. Returning random move noop.
LOG 1641834365060 [L3]: Starting move selection for game step 13 with available time 0ms.
LOG 1641834365060 [L3]: No time to select next move using MCTS. Returning random move ( move 1 2 2 3 ).
LOG 1641834365064 [L3]: Starting move selection for game step 14 with available time 0ms.
LOG 1641834365065 [L3]: No time to select next move using MCTS. Returning random move noop.
LOG 1641834365070 [L3]: Starting move selection for game step 15 with available time 0ms.
LOG 1641834365070 [L3]: No time to select next move using MCTS. Returning random move ( move 3 1 4 2 ).
LOG 1641834365074 [L3]: Starting move selection for game step 16 with available time 0ms.
LOG 1641834365074 [L3]: No time to select next move using MCTS. Returning random move noop.
LOG 1641834365078 [L3]: Starting move selection for game step 17 with available time 0ms.
LOG 1641834365078 [L3]: No time to select next move using MCTS. Returning random move ( move 6 3 5 4 ).
LOG 1641834365083 [L3]: Starting move selection for game step 18 with available time 0ms.
LOG 1641834365084 [L3]: No time to select next move using MCTS. Returning random move noop.
LOG 1641834365088 [L3]: Starting move selection for game step 19 with available time -1ms.
LOG 1641834365088 [L3]: No time to select next move using MCTS. Returning random move ( move 5 2 6 3 ).
LOG 1641834365092 [L3]: Starting move selection for game step 20 with available time -1ms.
LOG 1641834365092 [L3]: No time to select next move using MCTS. Returning random move noop.
LOG 1641834365096 [L3]: Starting move selection for game step 21 with available time 0ms.
LOG 1641834365096 [L3]: No time to select next move using MCTS. Returning random move ( move 7 2 7 3 ).
LOG 1641834365101 [L3]: Starting move selection for game step 22 with available time 0ms.
LOG 1641834365101 [L3]: No time to select next move using MCTS. Returning random move noop.
LOG 1641834365105 [L3]: Starting move selection for game step 23 with available time 0ms.
LOG 1641834365105 [L3]: No time to select next move using MCTS. Returning random move ( move 5 4 5 5 ).
LOG 1641834365110 [L3]: Starting move selection for game step 24 with available time 0ms.
LOG 1641834365110 [L3]: No time to select next move using MCTS. Returning random move noop.
LOG 1641834365114 [L3]: Starting move selection for game step 25 with available time 0ms.
LOG 1641834365114 [L3]: No time to select next move using MCTS. Returning random move ( move 7 1 6 2 ).
LOG 1641834365118 [L3]: Starting move selection for game step 26 with available time 0ms.
LOG 1641834365119 [L3]: No time to select next move using MCTS. Returning random move noop.
LOG 1641834365122 [L3]: Starting move selection for game step 27 with available time 0ms.
LOG 1641834365123 [L3]: No time to select next move using MCTS. Returning random move ( move 5 5 4 6 ).
LOG 1641834365126 [L3]: Starting move selection for game step 28 with available time 0ms.
LOG 1641834365127 [L3]: No time to select next move using MCTS. Returning random move noop.
LOG 1641834365132 [L3]: Starting move selection for game step 29 with available time 0ms.
LOG 1641834365132 [L3]: No time to select next move using MCTS. Returning random move ( move 5 1 5 2 ).
LOG 1641834365136 [L3]: Starting move selection for game step 30 with available time 0ms.
LOG 1641834365136 [L3]: No time to select next move using MCTS. Returning random move noop.
LOG 1641834365140 [L3]: Starting move selection for game step 31 with available time 0ms.
LOG 1641834365140 [L3]: No time to select next move using MCTS. Returning random move ( move 2 3 2 4 ).
LOG 1641834365144 [L3]: Starting move selection for game step 32 with available time 0ms.
LOG 1641834365145 [L3]: No time to select next move using MCTS. Returning random move noop.
LOG 1641834365149 [L3]: Starting move selection for game step 33 with available time 0ms.
LOG 1641834365149 [L3]: No time to select next move using MCTS. Returning random move ( move 6 1 7 2 ).
LOG 1641834365153 [L3]: Starting move selection for game step 34 with available time 0ms.
LOG 1641834365153 [L3]: No time to select next move using MCTS. Returning random move noop.
LOG 1641834365157 [L3]: Starting move selection for game step 35 with available time 0ms.
LOG 1641834365157 [L3]: No time to select next move using MCTS. Returning random move ( move 2 4 2 5 ).
LOG 1641834365161 [L3]: Starting move selection for game step 36 with available time 0ms.
LOG 1641834365161 [L3]: No time to select next move using MCTS. Returning random move noop.
LOG 1641834365165 [L3]: Starting move selection for game step 37 with available time 0ms.
LOG 1641834365165 [L3]: No time to select next move using MCTS. Returning random move ( move 2 5 3 6 ).
LOG 1641834365169 [L3]: Starting move selection for game step 38 with available time 0ms.
LOG 1641834365170 [L3]: No time to select next move using MCTS. Returning random move noop.
LOG 1641834365174 [L3]: Starting move selection for game step 39 with available time 0ms.
LOG 1641834365174 [L3]: No time to select next move using MCTS. Returning random move ( move 7 2 8 3 ).
LOG 1641834365179 [L3]: Starting move selection for game step 40 with available time 0ms.
LOG 1641834365179 [L3]: No time to select next move using MCTS. Returning random move noop.
LOG 1641834365182 [L3]: Starting move selection for game step 41 with available time 0ms.
LOG 1641834365183 [L3]: No time to select next move using MCTS. Returning random move ( move 6 3 6 4 ).
LOG 1641834365199 [L3]: Starting move selection for game step 42 with available time 0ms.
LOG 1641834365200 [L3]: No time to select next move using MCTS. Returning random move noop.
LOG 1641834365204 [L3]: Starting move selection for game step 43 with available time 0ms.
LOG 1641834365204 [L3]: No time to select next move using MCTS. Returning random move ( move 8 3 8 4 ).
LOG 1641834365209 [L3]: Starting move selection for game step 44 with available time 0ms.
LOG 1641834365209 [L3]: No time to select next move using MCTS. Returning random move noop.
LOG 1641834365213 [L3]: Starting move selection for game step 45 with available time 0ms.
LOG 1641834365214 [L3]: No time to select next move using MCTS. Returning random move ( move 4 3 4 4 ).
LOG 1641834365217 [L3]: Starting move selection for game step 46 with available time 0ms.
LOG 1641834365218 [L3]: No time to select next move using MCTS. Returning random move noop.
LOG 1641834365222 [L3]: Starting move selection for game step 47 with available time 0ms.
LOG 1641834365222 [L3]: No time to select next move using MCTS. Returning random move ( move 8 2 8 3 ).
LOG 1641834365226 [L3]: Starting move selection for game step 48 with available time 0ms.
LOG 1641834365226 [L3]: No time to select next move using MCTS. Returning random move noop.
LOG 1641834365230 [L3]: Starting move selection for game step 49 with available time 0ms.
LOG 1641834365230 [L3]: No time to select next move using MCTS. Returning random move ( move 8 4 7 5 ).
LOG 1641834365234 [L3]: Starting move selection for game step 50 with available time 0ms.
LOG 1641834365235 [L3]: No time to select next move using MCTS. Returning random move noop.
LOG 1641834365238 [L3]: Starting move selection for game step 51 with available time 0ms.
LOG 1641834365239 [L3]: No time to select next move using MCTS. Returning random move ( move 3 6 2 7 ).
LOG 1641834365242 [L3]: Starting move selection for game step 52 with available time 0ms.
LOG 1641834365242 [L3]: No time to select next move using MCTS. Returning random move noop.
LOG 1641834365246 [L3]: Starting move selection for game step 53 with available time 0ms.
LOG 1641834365246 [L3]: No time to select next move using MCTS. Returning random move ( move 3 2 2 3 ).
LOG 1641834365250 [L3]: Starting move selection for game step 54 with available time 0ms.
LOG 1641834365250 [L3]: No time to select next move using MCTS. Returning random move noop.
LOG 1641834365254 [L3]: Starting move selection for game step 55 with available time 0ms.
LOG 1641834365254 [L3]: No time to select next move using MCTS. Returning random move ( move 5 2 6 3 ).
LOG 1641834365258 [L3]: Starting move selection for game step 56 with available time 0ms.
LOG 1641834365258 [L3]: No time to select next move using MCTS. Returning random move noop.
LOG 1641834365261 [L3]: Starting move selection for game step 57 with available time 0ms.
LOG 1641834365262 [L3]: No time to select next move using MCTS. Returning random move ( move 7 5 8 6 ).
LOG 1641834365265 [L3]: Starting move selection for game step 58 with available time 0ms.
LOG 1641834365265 [L3]: No time to select next move using MCTS. Returning random move noop.
LOG 1641834365269 [L3]: Starting move selection for game step 59 with available time 0ms.
LOG 1641834365270 [L3]: No time to select next move using MCTS. Returning random move ( move 6 4 7 5 ).
LOG 1641834365274 [L3]: Starting move selection for game step 60 with available time 0ms.
LOG 1641834365274 [L3]: No time to select next move using MCTS. Returning random move noop.
LOG 1641834365278 [L3]: Starting move selection for game step 61 with available time 0ms.
LOG 1641834365278 [L3]: No time to select next move using MCTS. Returning random move ( move 2 3 3 4 ).
LOG 1641834365282 [L3]: Starting move selection for game step 62 with available time 0ms.
LOG 1641834365283 [L3]: No time to select next move using MCTS. Returning random move noop.
LOG 1641834365286 [L3]: Starting move selection for game step 63 with available time 0ms.
LOG 1641834365286 [L3]: No time to select next move using MCTS. Returning random move ( move 1 3 2 4 ).
LOG 1641834365290 [L3]: Starting move selection for game step 64 with available time 0ms.
LOG 1641834365290 [L3]: No time to select next move using MCTS. Returning random move noop.
LOG 1641834365293 [L3]: Starting move selection for game step 65 with available time 0ms.
LOG 1641834365293 [L3]: No time to select next move using MCTS. Returning random move ( move 6 2 5 3 ).
LOG 1641834365297 [L3]: Starting move selection for game step 66 with available time 0ms.
LOG 1641834365297 [L3]: No time to select next move using MCTS. Returning random move noop.
LOG 1641834365301 [L3]: Starting move selection for game step 67 with available time 0ms.
LOG 1641834365301 [L3]: No time to select next move using MCTS. Returning random move ( move 3 4 2 5 ).
LOG 1641834365304 [L3]: Starting move selection for game step 68 with available time 0ms.
LOG 1641834365305 [L3]: No time to select next move using MCTS. Returning random move noop.
LOG 1641834365312 [L3]: Starting move selection for game step 69 with available time 0ms.
LOG 1641834365313 [L3]: No time to select next move using MCTS. Returning random move ( move 2 5 3 6 ).
LOG 1641834365317 [L3]: Starting move selection for game step 70 with available time 0ms.
LOG 1641834365317 [L3]: No time to select next move using MCTS. Returning random move noop.
LOG 1641834365321 [L3]: Starting move selection for game step 71 with available time 0ms.
LOG 1641834365322 [L3]: No time to select next move using MCTS. Returning random move ( move 7 5 6 6 ).
LOG 1641834365325 [L3]: Starting move selection for game step 72 with available time 0ms.
LOG 1641834365325 [L3]: No time to select next move using MCTS. Returning random move noop.
LOG 1641834365328 [L3]: Starting move selection for game step 73 with available time 0ms.
LOG 1641834365328 [L3]: No time to select next move using MCTS. Returning random move ( move 6 6 5 7 ).
LOG 1641834365332 [L3]: Starting move selection for game step 74 with available time 0ms.
LOG 1641834365332 [L3]: No time to select next move using MCTS. Returning random move noop.
LOG 1641834365336 [L3]: Starting move selection for game step 75 with available time 0ms.
LOG 1641834365337 [L3]: No time to select next move using MCTS. Returning random move ( move 5 3 6 4 ).
LOG 1641834365340 [L3]: Starting move selection for game step 76 with available time 0ms.
LOG 1641834365340 [L3]: No time to select next move using MCTS. Returning random move noop.
LOG 1641834365343 [L3]: Starting move selection for game step 77 with available time 0ms.
LOG 1641834365344 [L3]: No time to select next move using MCTS. Returning random move ( move 8 1 7 2 ).
LOG 1641834365347 [L3]: Starting move selection for game step 78 with available time 0ms.
LOG 1641834365347 [L3]: No time to select next move using MCTS. Returning random move noop.
LOG 1641834365351 [L3]: Starting move selection for game step 79 with available time 0ms.
LOG 1641834365352 [L3]: No time to select next move using MCTS. Returning random move ( move 7 2 6 3 ).
LOG 1641834365355 [L3]: Starting move selection for game step 80 with available time 0ms.
LOG 1641834365355 [L3]: No time to select next move using MCTS. Returning random move noop.
