LOG 1641841032489 [L3]: Started match logging at: Mon Jan 10 19:57:12 CET 2022
LOG 1641841032490 [L3]: Game rules: [( role x ), ( role o ), ( init ( quad x 12 ) ), ( init ( quad o 12 ) ), ( init ( white x 5 ) ), ( init ( white o 5 ) ), ( init ( cell r1 c2 b ) ), ( init ( cell r1 c3 b ) ), ( init ( cell r1 c4 b ) ), ( init ( cell r1 c5 b ) ), ( init ( cell r1 c6 b ) ), ( init ( cell r2 c1 b ) ), ( init ( cell r2 c2 b ) ), ( init ( cell r2 c3 b ) ), ( init ( cell r2 c4 b ) ), ( init ( cell r2 c5 b ) ), ( init ( cell r2 c6 b ) ), ( init ( cell r2 c7 b ) ), ( init ( cell r3 c1 b ) ), ( init ( cell r3 c2 b ) ), ( init ( cell r3 c3 b ) ), ( init ( cell r3 c4 b ) ), ( init ( cell r3 c5 b ) ), ( init ( cell r3 c6 b ) ), ( init ( cell r3 c7 b ) ), ( init ( cell r4 c1 b ) ), ( init ( cell r4 c2 b ) ), ( init ( cell r4 c3 b ) ), ( init ( cell r4 c4 b ) ), ( init ( cell r4 c5 b ) ), ( init ( cell r4 c6 b ) ), ( init ( cell r4 c7 b ) ), ( init ( cell r5 c1 b ) ), ( init ( cell r5 c2 b ) ), ( init ( cell r5 c3 b ) ), ( init ( cell r5 c4 b ) ), ( init ( cell r5 c5 b ) ), ( init ( cell r5 c6 b ) ), ( init ( cell r5 c7 b ) ), ( init ( cell r6 c1 b ) ), ( init ( cell r6 c2 b ) ), ( init ( cell r6 c3 b ) ), ( init ( cell r6 c4 b ) ), ( init ( cell r6 c5 b ) ), ( init ( cell r6 c6 b ) ), ( init ( cell r6 c7 b ) ), ( init ( cell r7 c2 b ) ), ( init ( cell r7 c3 b ) ), ( init ( cell r7 c4 b ) ), ( init ( cell r7 c5 b ) ), ( init ( cell r7 c6 b ) ), ( init ( control x ) ), ( ncol c1 c2 ), ( ncol c2 c3 ), ( ncol c3 c4 ), ( ncol c4 c5 ), ( ncol c5 c6 ), ( ncol c6 c7 ), ( nrow r1 r2 ), ( nrow r2 r3 ), ( nrow r3 r4 ), ( nrow r4 r5 ), ( nrow r5 r6 ), ( nrow r6 r7 ), ( <= ( prow ?x ?y ) ( nrow ?y ?x ) ), ( <= ( pcol ?x ?y ) ( ncol ?y ?x ) ), ( succ 0 1 ), ( succ 1 2 ), ( succ 2 3 ), ( succ 3 4 ), ( succ 4 5 ), ( succ 5 6 ), ( succ 6 7 ), ( succ 7 8 ), ( succ 8 9 ), ( succ 9 10 ), ( succ 10 11 ), ( succ 11 12 ), ( succ 12 13 ), ( succ 13 14 ), ( succ 14 15 ), ( succ 15 16 ), ( succ 16 17 ), ( succ 17 18 ), ( succ 18 19 ), ( succ 19 20 ), ( <= ( legal ?player ( mark ?x ?y ) ) ( true ( cell ?x ?y b ) ) ( true ( control ?player ) ) ), ( <= ( legal ?player ( block ?x ?y ) ) ( true ( cell ?x ?y b ) ) ( true ( control ?player ) ) ( true ( white ?player ?c ) ) ( distinct ?c 0 ) ), ( <= ( legal x noop ) ( true ( control o ) ) ), ( <= ( legal o noop ) ( true ( control x ) ) ), ( <= ( next ( cell ?m ?n ?p ) ) ( does ?p ( mark ?m ?n ) ) ), ( <= ( next ( cell ?m ?n w ) ) ( does ?p ( block ?m ?n ) ) ), ( <= ( next ( cell ?m ?n ?p ) ) ( true ( cell ?m ?n ?p ) ) ( distinct ?p b ) ), ( <= ( next ( cell ?m ?n b ) ) ( does ?W ( mark ?j ?k ) ) ( true ( cell ?m ?n b ) ) ( distinct ?m ?j ) ), ( <= ( next ( cell ?m ?n b ) ) ( does ?W ( mark ?j ?k ) ) ( true ( cell ?m ?n b ) ) ( distinct ?n ?k ) ), ( <= ( next ( cell ?m ?n b ) ) ( does ?W ( block ?j ?k ) ) ( true ( cell ?m ?n b ) ) ( distinct ?m ?j ) ), ( <= ( next ( cell ?m ?n b ) ) ( does ?W ( block ?j ?k ) ) ( true ( cell ?m ?n b ) ) ( distinct ?n ?k ) ), ( <= ( next ( quad ?p ?c ) ) ( true ( control ?q ) ) ( true ( quad ?p ?c ) ) ( distinct ?p ?q ) ), ( <= ( next ( white ?p ?c ) ) ( true ( control ?q ) ) ( true ( white ?p ?c ) ) ( distinct ?p ?q ) ), ( <= ( next ( quad ?p ?c ) ) ( does ?p ( mark ?j ?k ) ) ( true ( quad ?p ?c1 ) ) ( succ ?c ?c1 ) ), ( <= ( next ( white ?p ?c ) ) ( does ?p ( block ?j ?k ) ) ( true ( white ?p ?c1 ) ) ( succ ?c ?c1 ) ), ( <= ( next ( quad ?p ?c ) ) ( does ?p ( block ?j ?k ) ) ( true ( quad ?p ?c ) ) ), ( <= ( next ( white ?p ?c ) ) ( does ?p ( mark ?j ?k ) ) ( true ( white ?p ?c ) ) ), ( <= ( next ( control x ) ) ( does o ( mark ?j ?k ) ) ( true ( control o ) ) ), ( <= ( next ( control o ) ) ( does x ( mark ?j ?k ) ) ( true ( control x ) ) ), ( <= ( next ( control ?p ) ) ( does ?p ( block ?j ?k ) ) ( true ( control ?p ) ) ), ( <= ( square ?x1 ?y1 ?x1 ?y2 ?x2 ?y1 ?x2 ?y2 ) ( ncol ?y1 ?y2 ) ( nrow ?x1 ?x2 ) ), ( <= ( square ?x1 ?y1 ?x1 ?y2 ?x2 ?y1 ?x2 ?y2 ) ( ncol ?y3 ?y2 ) ( nrow ?x3 ?x2 ) ( square ?x1 ?y1 ?x1 ?y3 ?x3 ?y1 ?x3 ?y3 ) ), ( <= ( square ?x1 ?y1 ?x2 ?y2 ?x3 ?y3 ?x4 ?y4 ) ( prow ?x2p ?x2 ) ( ncol ?y3n ?y3 ) ( prow ?x4p ?x4 ) ( ncol ?y4n ?y4 ) ( square ?x1 ?y1 ?x2p ?y2 ?x3 ?y3n ?x4p ?y4n ) ), ( <= win ( true ( cell ?x1 ?y1 x ) ) ( true ( cell ?x2 ?y2 x ) ) ( true ( cell ?x3 ?y3 x ) ) ( true ( cell ?x4 ?y4 x ) ) ( square ?x1 ?y1 ?x2 ?y2 ?x3 ?y3 ?x4 ?y4 ) ), ( <= lose ( true ( cell ?x1 ?y1 o ) ) ( true ( cell ?x2 ?y2 o ) ) ( true ( cell ?x3 ?y3 o ) ) ( true ( cell ?x4 ?y4 o ) ) ( square ?x1 ?y1 ?x2 ?y2 ?x3 ?y3 ?x4 ?y4 ) ), ( <= winByOpenQuad ( not lose ) ( not open ) ( true ( cell ?x1 ?y1 x ) ) ( true ( cell ?x2 ?y2 x ) ) ( true ( cell ?x3 ?y3 x ) ) ( true ( cell ?x4 ?y4 b ) ) ( square ?x1 ?y1 ?x2 ?y2 ?x3 ?y3 ?x4 ?y4 ) ), ( <= winByOpenQuad ( not lose ) ( not open ) ( true ( cell ?x1 ?y1 x ) ) ( true ( cell ?x2 ?y2 b ) ) ( true ( cell ?x3 ?y3 x ) ) ( true ( cell ?x4 ?y4 x ) ) ( square ?x1 ?y1 ?x2 ?y2 ?x3 ?y3 ?x4 ?y4 ) ), ( <= winByOpenQuad ( not lose ) ( not open ) ( true ( cell ?x1 ?y1 x ) ) ( true ( cell ?x2 ?y2 x ) ) ( true ( cell ?x3 ?y3 b ) ) ( true ( cell ?x4 ?y4 x ) ) ( square ?x1 ?y1 ?x2 ?y2 ?x3 ?y3 ?x4 ?y4 ) ), ( <= winByOpenQuad ( not lose ) ( not open ) ( true ( cell ?x1 ?y1 b ) ) ( true ( cell ?x2 ?y2 x ) ) ( true ( cell ?x3 ?y3 x ) ) ( true ( cell ?x4 ?y4 x ) ) ( square ?x1 ?y1 ?x2 ?y2 ?x3 ?y3 ?x4 ?y4 ) ), ( <= open ( true ( quad ?p ?c ) ) ( distinct ?c 0 ) ), ( <= ( more ?x 0 ) ( succ ?y ?x ) ), ( <= ( more ?x ?y ) ( succ ?x1 ?x ) ( succ ?y1 ?y ) ( more ?x1 ?y1 ) ), ( <= morewhite ( true ( white x ?a ) ) ( true ( white o ?b ) ) ( more ?a ?b ) ), ( <= lesswhite ( true ( white x ?a ) ) ( true ( white o ?b ) ) ( more ?b ?a ) ), ( <= equalwhite ( true ( white x ?a ) ) ( true ( white o ?a ) ) ), ( <= ( goal x 100 ) win ), ( <= ( goal x 95 ) ( not win ) winByOpenQuad ), ( <= ( goal x 90 ) ( not win ) ( not winByOpenQuad ) ( not lose ) ( not open ) morewhite ), ( <= ( goal x 50 ) ( not win ) ( not winByOpenQuad ) ( not lose ) ( not open ) equalwhite ), ( <= ( goal x 10 ) ( not win ) ( not winByOpenQuad ) ( not lose ) ( not open ) lesswhite ), ( <= ( goal x 0 ) lose ), ( <= ( goal o 100 ) lose ), ( <= ( goal o 90 ) ( not win ) ( not winByOpenQuad ) ( not lose ) ( not open ) lesswhite ), ( <= ( goal o 50 ) ( not win ) ( not winByOpenQuad ) ( not lose ) ( not open ) equalwhite ), ( <= ( goal o 10 ) ( not win ) ( not winByOpenQuad ) ( not lose ) ( not open ) morewhite ), ( <= ( goal o 5 ) ( not win ) winByOpenQuad ), ( <= ( goal o 0 ) win ), ( <= terminal win ), ( <= terminal lose ), ( <= terminal ( not open ) )]
LOG 1641841032497 [L3]: Start clock: 15
LOG 1641841032497 [L3]: Play clock: 10
LOG 1641841037524 [L0]: [Sent at 1641841037524] ready
LOG 1641841037526 [L0]: [Received at 1641841037526] ( PLAY 6.quad_7x7.1641841032006 NIL )
LOG 1641841037527 [L0]: [Sent at 1641841037527] ( block r4 c5 )
LOG 1641841037529 [L0]: [Received at 1641841037529] ( PLAY 6.quad_7x7.1641841032006 (( block r4 c5 ) noop ) )
LOG 1641841037531 [L0]: [Sent at 1641841037531] ( block r4 c7 )
LOG 1641841037534 [L0]: [Received at 1641841037534] ( PLAY 6.quad_7x7.1641841032006 (( block r4 c7 ) noop ) )
LOG 1641841037542 [L0]: [Sent at 1641841037542] ( block r6 c4 )
LOG 1641841037545 [L0]: [Received at 1641841037545] ( PLAY 6.quad_7x7.1641841032006 (( block r6 c4 ) noop ) )
LOG 1641841037547 [L0]: [Sent at 1641841037547] ( block r6 c1 )
LOG 1641841037550 [L0]: [Received at 1641841037550] ( PLAY 6.quad_7x7.1641841032006 (( block r6 c1 ) noop ) )
LOG 1641841037552 [L0]: [Sent at 1641841037552] ( mark r2 c5 )
LOG 1641841037554 [L0]: [Received at 1641841037554] ( PLAY 6.quad_7x7.1641841032006 (( mark r2 c5 ) noop ) )
LOG 1641841037555 [L0]: [Sent at 1641841037555] noop
LOG 1641841037557 [L0]: [Received at 1641841037557] ( PLAY 6.quad_7x7.1641841032006 (noop ( mark r4 c3 ) ) )
LOG 1641841037558 [L0]: [Sent at 1641841037558] ( block r1 c3 )
LOG 1641841037560 [L0]: [Received at 1641841037560] ( PLAY 6.quad_7x7.1641841032006 (( block r1 c3 ) noop ) )
LOG 1641841037562 [L0]: [Sent at 1641841037562] ( mark r5 c1 )
LOG 1641841037564 [L0]: [Received at 1641841037564] ( PLAY 6.quad_7x7.1641841032006 (( mark r5 c1 ) noop ) )
LOG 1641841037565 [L0]: [Sent at 1641841037565] noop
LOG 1641841037568 [L0]: [Received at 1641841037568] ( PLAY 6.quad_7x7.1641841032006 (noop ( mark r2 c4 ) ) )
LOG 1641841037569 [L0]: [Sent at 1641841037569] ( mark r2 c6 )
LOG 1641841037575 [L0]: [Received at 1641841037575] ( PLAY 6.quad_7x7.1641841032006 (( mark r2 c6 ) noop ) )
LOG 1641841037577 [L0]: [Sent at 1641841037577] noop
LOG 1641841037579 [L0]: [Received at 1641841037579] ( PLAY 6.quad_7x7.1641841032006 (noop ( block r5 c6 ) ) )
LOG 1641841037580 [L0]: [Sent at 1641841037580] noop
LOG 1641841037586 [L0]: [Received at 1641841037586] ( PLAY 6.quad_7x7.1641841032006 (noop ( mark r5 c2 ) ) )
LOG 1641841037587 [L0]: [Sent at 1641841037587] ( mark r7 c3 )
LOG 1641841037594 [L0]: [Received at 1641841037594] ( PLAY 6.quad_7x7.1641841032006 (( mark r7 c3 ) noop ) )
LOG 1641841037596 [L0]: [Sent at 1641841037596] noop
LOG 1641841037606 [L0]: [Received at 1641841037606] ( PLAY 6.quad_7x7.1641841032006 (noop ( mark r6 c3 ) ) )
LOG 1641841037607 [L0]: [Sent at 1641841037607] ( mark r3 c7 )
LOG 1641841037633 [L0]: [Received at 1641841037633] ( PLAY 6.quad_7x7.1641841032006 (( mark r3 c7 ) noop ) )
LOG 1641841037634 [L0]: [Sent at 1641841037634] noop
LOG 1641841037638 [L0]: [Received at 1641841037638] ( PLAY 6.quad_7x7.1641841032006 (noop ( block r3 c5 ) ) )
LOG 1641841037639 [L0]: [Sent at 1641841037639] noop
LOG 1641841037643 [L0]: [Received at 1641841037643] ( PLAY 6.quad_7x7.1641841032006 (noop ( block r4 c2 ) ) )
LOG 1641841037645 [L0]: [Sent at 1641841037645] noop
LOG 1641841037665 [L0]: [Received at 1641841037665] ( PLAY 6.quad_7x7.1641841032006 (noop ( mark r2 c2 ) ) )
LOG 1641841037666 [L0]: [Sent at 1641841037666] ( mark r2 c1 )
LOG 1641841037693 [L0]: [Received at 1641841037693] ( PLAY 6.quad_7x7.1641841032006 (( mark r2 c1 ) noop ) )
LOG 1641841037694 [L0]: [Sent at 1641841037694] noop
LOG 1641841037700 [L0]: [Received at 1641841037700] ( PLAY 6.quad_7x7.1641841032006 (noop ( block r7 c6 ) ) )
LOG 1641841037701 [L0]: [Sent at 1641841037701] noop
LOG 1641841037706 [L0]: [Received at 1641841037706] ( PLAY 6.quad_7x7.1641841032006 (noop ( block r3 c6 ) ) )
LOG 1641841037707 [L0]: [Sent at 1641841037707] noop
LOG 1641841037763 [L0]: [Received at 1641841037763] ( STOP 6.quad_7x7.1641841032006 (noop ( mark r5 c4 ) ) )
LOG 1641841037764 [L3]: Stopped logging to files at: Mon Jan 10 19:57:17 CET 2022
LOG 1641841037765 [L3]: LOG SEALED
