LOG 1641861767337 [L3]: Started match logging at: Tue Jan 11 01:42:47 CET 2022
LOG 1641861767345 [L3]: Game rules: [( role white ), ( role red ), ( init ( cell 1 0 dirt ) ), ( init ( cell 2 0 dirt ) ), ( init ( cell 3 0 dirt ) ), ( init ( cell 4 0 dirt ) ), ( init ( cell 5 0 dirt ) ), ( init ( cell 6 0 dirt ) ), ( init ( cell 7 0 dirt ) ), ( init ( cell 1 1 b ) ), ( init ( cell 1 2 b ) ), ( init ( cell 1 3 b ) ), ( init ( cell 1 4 b ) ), ( init ( cell 1 5 b ) ), ( init ( cell 1 6 b ) ), ( init ( cell 2 1 b ) ), ( init ( cell 2 2 b ) ), ( init ( cell 2 3 b ) ), ( init ( cell 2 4 b ) ), ( init ( cell 2 5 b ) ), ( init ( cell 2 6 b ) ), ( init ( cell 3 1 b ) ), ( init ( cell 3 2 b ) ), ( init ( cell 3 3 b ) ), ( init ( cell 3 4 b ) ), ( init ( cell 3 5 b ) ), ( init ( cell 3 6 b ) ), ( init ( cell 4 1 b ) ), ( init ( cell 4 2 b ) ), ( init ( cell 4 3 b ) ), ( init ( cell 4 4 b ) ), ( init ( cell 4 5 b ) ), ( init ( cell 4 6 b ) ), ( init ( cell 5 1 b ) ), ( init ( cell 5 2 b ) ), ( init ( cell 5 3 b ) ), ( init ( cell 5 4 b ) ), ( init ( cell 5 5 b ) ), ( init ( cell 5 6 b ) ), ( init ( cell 6 1 b ) ), ( init ( cell 6 2 b ) ), ( init ( cell 6 3 b ) ), ( init ( cell 6 4 b ) ), ( init ( cell 6 5 b ) ), ( init ( cell 6 6 b ) ), ( init ( cell 7 1 b ) ), ( init ( cell 7 2 b ) ), ( init ( cell 7 3 b ) ), ( init ( cell 7 4 b ) ), ( init ( cell 7 5 b ) ), ( init ( cell 7 6 b ) ), ( init ( control white ) ), ( <= ( empty ?c ?h ) ( true ( cell ?c ?h b ) ) ), ( <= ( filled ?c ?h ) ( true ( cell ?c ?h dirt ) ) ), ( <= ( filled ?c ?h ) ( true ( cell ?c ?h w ) ) ), ( <= ( filled ?c ?h ) ( true ( cell ?c ?h r ) ) ), ( <= ( next ( cell ?c ?h2 w ) ) ( does white ( drop ?c ) ) ( true ( cell ?c ?h2 b ) ) ( filled ?c ?h1 ) ( succ ?h1 ?h2 ) ), ( <= ( next ( cell ?c ?h2 r ) ) ( does red ( drop ?c ) ) ( true ( cell ?c ?h2 b ) ) ( filled ?c ?h1 ) ( succ ?h1 ?h2 ) ), ( <= ( next ( cell ?x ?y ?z ) ) ( true ( cell ?x ?y ?z ) ) ( distinct ?z b ) ), ( <= ( next ( cell ?c2 ?y b ) ) ( does ?w ( drop ?c1 ) ) ( true ( cell ?c2 ?y b ) ) ( distinct ?c1 ?c2 ) ), ( <= ( next ( cell ?c ?y2 b ) ) ( true ( cell ?c ?y1 b ) ) ( distinct ?y1 6 ) ( succ ?y1 ?y2 ) ), ( <= ( next ( control white ) ) ( true ( control red ) ) ), ( <= ( next ( control red ) ) ( true ( control white ) ) ), ( <= ( row ?z ) ( true ( cell ?x1 ?y ?z ) ) ( distinct ?z b ) ( distinct ?z dirt ) ( succ ?x1 ?x2 ) ( true ( cell ?x2 ?y ?z ) ) ( succ ?x2 ?x3 ) ( true ( cell ?x3 ?y ?z ) ) ( succ ?x3 ?x4 ) ( true ( cell ?x4 ?y ?z ) ) ), ( <= ( column ?z ) ( true ( cell ?x ?y1 ?z ) ) ( distinct ?z b ) ( succ ?y1 ?y2 ) ( true ( cell ?x ?y2 ?z ) ) ( succ ?y2 ?y3 ) ( true ( cell ?x ?y3 ?z ) ) ( succ ?y3 ?y4 ) ( true ( cell ?x ?y4 ?z ) ) ), ( <= ( diag ?z ) ( true ( cell ?x1 ?y1 ?z ) ) ( distinct ?z b ) ( succ ?x1 ?x2 ) ( succ ?y1 ?y2 ) ( true ( cell ?x2 ?y2 ?z ) ) ( succ ?x2 ?x3 ) ( succ ?y2 ?y3 ) ( true ( cell ?x3 ?y3 ?z ) ) ( succ ?x3 ?x4 ) ( succ ?y3 ?y4 ) ( true ( cell ?x4 ?y4 ?z ) ) ), ( <= ( diag ?z ) ( true ( cell ?x1 ?y1 ?z ) ) ( distinct ?z b ) ( succ ?x1 ?x2 ) ( succ ?y2 ?y1 ) ( true ( cell ?x2 ?y2 ?z ) ) ( succ ?x2 ?x3 ) ( succ ?y3 ?y2 ) ( true ( cell ?x3 ?y3 ?z ) ) ( succ ?x3 ?x4 ) ( succ ?y4 ?y3 ) ( true ( cell ?x4 ?y4 ?z ) ) ), ( <= ( line ?x ) ( row ?x ) ), ( <= ( line ?x ) ( column ?x ) ), ( <= ( line ?x ) ( diag ?x ) ), ( <= open ( empty ?c ?h ) ), ( <= terminal ( line r ) ), ( <= terminal ( line w ) ), ( <= terminal ( not open ) ), ( <= ( legal ?w ( drop ?c ) ) ( true ( cell ?c ?y2 b ) ) ( filled ?c ?y1 ) ( succ ?y1 ?y2 ) ( true ( control ?w ) ) ), ( <= ( legal white noop ) ( true ( control red ) ) ), ( <= ( legal red noop ) ( true ( control white ) ) ), ( <= ( goal white 100 ) ( line w ) ), ( <= ( goal white 50 ) ( not ( line r ) ) ( not ( line w ) ) ( not open ) ), ( <= ( goal white 0 ) ( line r ) ), ( <= ( goal red 100 ) ( line r ) ), ( <= ( goal red 50 ) ( not ( line r ) ) ( not ( line w ) ) ( not open ) ), ( <= ( goal red 0 ) ( line w ) ), ( <= ( goal ?w 70 ) ( role ?w ) ( not ( line r ) ) ( not ( line w ) ) open ), ( <= ( lte 0 ?x ) ( number ?x ) ), ( <= ( lte ?x ?x ) ( number ?x ) ), ( <= ( lte ?x ?z ) ( succ ?y ?z ) ( lte ?x ?y ) ), ( <= ( lte ?x ?y ) ( succ ?x ?y ) ), ( number 0 ), ( number 1 ), ( number 2 ), ( number 3 ), ( number 4 ), ( number 5 ), ( number 6 ), ( number 7 ), ( number 8 ), ( succ 0 1 ), ( succ 1 2 ), ( succ 2 3 ), ( succ 3 4 ), ( succ 4 5 ), ( succ 5 6 ), ( succ 6 7 ), ( succ 7 8 )]
LOG 1641861767346 [L3]: Start clock: 15
LOG 1641861767346 [L3]: Play clock: 20
LOG 1641861772351 [L0]: [Sent at 1641861772351] ready
LOG 1641861772353 [L0]: [Received at 1641861772353] ( PLAY 18.connect4.1641861767258 NIL )
LOG 1641861782364 [L0]: [Sent at 1641861782364] ( drop 4 )
LOG 1641861782367 [L0]: [Received at 1641861782367] ( PLAY 18.connect4.1641861767258 (( drop 4 ) noop ) )
LOG 1641861792367 [L0]: [Sent at 1641861792367] noop
LOG 1641861792370 [L0]: [Received at 1641861792370] ( PLAY 18.connect4.1641861767258 (noop ( drop 4 ) ) )
LOG 1641861802377 [L0]: [Sent at 1641861802377] ( drop 5 )
LOG 1641861802379 [L0]: [Received at 1641861802379] ( PLAY 18.connect4.1641861767258 (( drop 5 ) noop ) )
LOG 1641861812380 [L0]: [Sent at 1641861812380] noop
LOG 1641861812382 [L0]: [Received at 1641861812382] ( PLAY 18.connect4.1641861767258 (noop ( drop 6 ) ) )
LOG 1641861822382 [L0]: [Sent at 1641861822382] ( drop 6 )
LOG 1641861822385 [L0]: [Received at 1641861822385] ( PLAY 18.connect4.1641861767258 (( drop 6 ) noop ) )
LOG 1641861832386 [L0]: [Sent at 1641861832385] noop
LOG 1641861832388 [L0]: [Received at 1641861832388] ( PLAY 18.connect4.1641861767258 (noop ( drop 3 ) ) )
LOG 1641861842389 [L0]: [Sent at 1641861842389] ( drop 4 )
LOG 1641861842391 [L0]: [Received at 1641861842391] ( PLAY 18.connect4.1641861767258 (( drop 4 ) noop ) )
LOG 1641861852391 [L0]: [Sent at 1641861852391] noop
LOG 1641861852395 [L0]: [Received at 1641861852395] ( PLAY 18.connect4.1641861767258 (noop ( drop 4 ) ) )
LOG 1641861862395 [L0]: [Sent at 1641861862395] ( drop 3 )
LOG 1641861862398 [L0]: [Received at 1641861862398] ( PLAY 18.connect4.1641861767258 (( drop 3 ) noop ) )
LOG 1641861872398 [L0]: [Sent at 1641861872398] noop
LOG 1641861872401 [L0]: [Received at 1641861872401] ( PLAY 18.connect4.1641861767258 (noop ( drop 3 ) ) )
LOG 1641861882401 [L0]: [Sent at 1641861882401] ( drop 2 )
LOG 1641861882404 [L0]: [Received at 1641861882404] ( PLAY 18.connect4.1641861767258 (( drop 2 ) noop ) )
LOG 1641861892404 [L0]: [Sent at 1641861892404] noop
LOG 1641861892408 [L0]: [Received at 1641861892408] ( PLAY 18.connect4.1641861767258 (noop ( drop 3 ) ) )
LOG 1641861902408 [L0]: [Sent at 1641861902408] ( drop 7 )
LOG 1641861902412 [L0]: [Received at 1641861902412] ( PLAY 18.connect4.1641861767258 (( drop 7 ) noop ) )
LOG 1641861912413 [L0]: [Sent at 1641861912413] noop
LOG 1641861912415 [L0]: [Received at 1641861912415] ( PLAY 18.connect4.1641861767258 (noop ( drop 3 ) ) )
LOG 1641861922416 [L0]: [Sent at 1641861922416] ( drop 3 )
LOG 1641861922419 [L0]: [Received at 1641861922419] ( PLAY 18.connect4.1641861767258 (( drop 3 ) noop ) )
LOG 1641861932419 [L0]: [Sent at 1641861932419] noop
LOG 1641861932422 [L0]: [Received at 1641861932422] ( PLAY 18.connect4.1641861767258 (noop ( drop 2 ) ) )
LOG 1641861942423 [L0]: [Sent at 1641861942423] ( drop 1 )
LOG 1641861942426 [L0]: [Received at 1641861942426] ( PLAY 18.connect4.1641861767258 (( drop 1 ) noop ) )
LOG 1641861952426 [L0]: [Sent at 1641861952426] noop
LOG 1641861952430 [L0]: [Received at 1641861952430] ( PLAY 18.connect4.1641861767258 (noop ( drop 2 ) ) )
LOG 1641861962430 [L0]: [Sent at 1641861962430] ( drop 2 )
LOG 1641861962433 [L0]: [Received at 1641861962433] ( PLAY 18.connect4.1641861767258 (( drop 2 ) noop ) )
LOG 1641861972434 [L0]: [Sent at 1641861972434] noop
LOG 1641861972438 [L0]: [Received at 1641861972438] ( PLAY 18.connect4.1641861767258 (noop ( drop 4 ) ) )
LOG 1641861982438 [L0]: [Sent at 1641861982438] ( drop 1 )
LOG 1641861982441 [L0]: [Received at 1641861982441] ( PLAY 18.connect4.1641861767258 (( drop 1 ) noop ) )
LOG 1641861992441 [L0]: [Sent at 1641861992441] noop
LOG 1641861992444 [L0]: [Received at 1641861992444] ( PLAY 18.connect4.1641861767258 (noop ( drop 1 ) ) )
LOG 1641862002445 [L0]: [Sent at 1641862002445] ( drop 7 )
LOG 1641862002449 [L0]: [Received at 1641862002449] ( PLAY 18.connect4.1641861767258 (( drop 7 ) noop ) )
LOG 1641862012450 [L0]: [Sent at 1641862012450] noop
LOG 1641862012453 [L0]: [Received at 1641862012453] ( PLAY 18.connect4.1641861767258 (noop ( drop 7 ) ) )
LOG 1641862022453 [L0]: [Sent at 1641862022453] ( drop 1 )
LOG 1641862022456 [L0]: [Received at 1641862022456] ( PLAY 18.connect4.1641861767258 (( drop 1 ) noop ) )
LOG 1641862032457 [L0]: [Sent at 1641862032457] noop
LOG 1641862032460 [L0]: [Received at 1641862032460] ( PLAY 18.connect4.1641861767258 (noop ( drop 2 ) ) )
LOG 1641862042460 [L0]: [Sent at 1641862042460] ( drop 1 )
LOG 1641862042463 [L0]: [Received at 1641862042463] ( PLAY 18.connect4.1641861767258 (( drop 1 ) noop ) )
LOG 1641862052463 [L0]: [Sent at 1641862052463] noop
LOG 1641862052466 [L0]: [Received at 1641862052466] ( PLAY 18.connect4.1641861767258 (noop ( drop 2 ) ) )
LOG 1641862062467 [L0]: [Sent at 1641862062467] ( drop 7 )
LOG 1641862062470 [L0]: [Received at 1641862062470] ( PLAY 18.connect4.1641861767258 (( drop 7 ) noop ) )
LOG 1641862072470 [L0]: [Sent at 1641862072470] noop
LOG 1641862072473 [L0]: [Received at 1641862072473] ( PLAY 18.connect4.1641861767258 (noop ( drop 5 ) ) )
LOG 1641862082473 [L0]: [Sent at 1641862082473] ( drop 5 )
LOG 1641862082476 [L0]: [Received at 1641862082476] ( PLAY 18.connect4.1641861767258 (( drop 5 ) noop ) )
LOG 1641862092477 [L0]: [Sent at 1641862092477] noop
LOG 1641862092480 [L0]: [Received at 1641862092480] ( PLAY 18.connect4.1641861767258 (noop ( drop 5 ) ) )
LOG 1641862102480 [L0]: [Sent at 1641862102480] ( drop 7 )
LOG 1641862102485 [L0]: [Received at 1641862102485] ( PLAY 18.connect4.1641861767258 (( drop 7 ) noop ) )
LOG 1641862112485 [L0]: [Sent at 1641862112485] noop
LOG 1641862112496 [L0]: [Received at 1641862112496] ( STOP 18.connect4.1641861767258 (noop ( drop 5 ) ) )
LOG 1641862112497 [L3]: Stopped logging to files at: Tue Jan 11 01:48:32 CET 2022
LOG 1641862112497 [L3]: LOG SEALED
