LOG 1641834542977 [L3]: Started match logging at: Mon Jan 10 18:09:02 CET 2022
LOG 1641834542985 [L3]: Game rules: [( role white ), ( role black ), ( <= ( base ( cellHolds ?x ?y ?p ) ) ( index ?x ) ( index ?y ) ( role ?p ) ), ( <= ( base ( control ?p ) ) ( role ?p ) ), ( <= ( input ?p noop ) ( role ?p ) ), ( <= ( input white ( move ?x ?y1 ?x ?y2 ) ) ( index ?x ) ( succ ?y1 ?y2 ) ), ( <= ( input white ( move ?x1 ?y1 ?x2 ?y2 ) ) ( succ ?y1 ?y2 ) ( succ ?x1 ?x2 ) ), ( <= ( input white ( move ?x1 ?y1 ?x2 ?y2 ) ) ( succ ?y1 ?y2 ) ( succ ?x2 ?x1 ) ), ( <= ( input black ( move ?x ?y1 ?x ?y2 ) ) ( index ?x ) ( succ ?y2 ?y1 ) ), ( <= ( input black ( move ?x1 ?y1 ?x2 ?y2 ) ) ( succ ?y2 ?y1 ) ( succ ?x1 ?x2 ) ), ( <= ( input black ( move ?x1 ?y1 ?x2 ?y2 ) ) ( succ ?y2 ?y1 ) ( succ ?x2 ?x1 ) ), ( init ( cellHolds 1 1 white ) ), ( init ( cellHolds 2 1 white ) ), ( init ( cellHolds 3 1 white ) ), ( init ( cellHolds 4 1 white ) ), ( init ( cellHolds 5 1 white ) ), ( init ( cellHolds 6 1 white ) ), ( init ( cellHolds 7 1 white ) ), ( init ( cellHolds 8 1 white ) ), ( init ( cellHolds 1 2 white ) ), ( init ( cellHolds 2 2 white ) ), ( init ( cellHolds 3 2 white ) ), ( init ( cellHolds 4 2 white ) ), ( init ( cellHolds 5 2 white ) ), ( init ( cellHolds 6 2 white ) ), ( init ( cellHolds 7 2 white ) ), ( init ( cellHolds 8 2 white ) ), ( init ( cellHolds 1 7 black ) ), ( init ( cellHolds 2 7 black ) ), ( init ( cellHolds 3 7 black ) ), ( init ( cellHolds 4 7 black ) ), ( init ( cellHolds 5 7 black ) ), ( init ( cellHolds 6 7 black ) ), ( init ( cellHolds 7 7 black ) ), ( init ( cellHolds 8 7 black ) ), ( init ( cellHolds 1 8 black ) ), ( init ( cellHolds 2 8 black ) ), ( init ( cellHolds 3 8 black ) ), ( init ( cellHolds 4 8 black ) ), ( init ( cellHolds 5 8 black ) ), ( init ( cellHolds 6 8 black ) ), ( init ( cellHolds 7 8 black ) ), ( init ( cellHolds 8 8 black ) ), ( init ( control white ) ), ( <= ( legal white ( move ?x ?y1 ?x ?y2 ) ) ( true ( control white ) ) ( true ( cellHolds ?x ?y1 white ) ) ( succ ?y1 ?y2 ) ( cellEmpty ?x ?y2 ) ), ( <= ( legal white ( move ?x1 ?y1 ?x2 ?y2 ) ) ( true ( control white ) ) ( true ( cellHolds ?x1 ?y1 white ) ) ( succ ?y1 ?y2 ) ( succ ?x1 ?x2 ) ( not ( true ( cellHolds ?x2 ?y2 white ) ) ) ), ( <= ( legal white ( move ?x1 ?y1 ?x2 ?y2 ) ) ( true ( control white ) ) ( true ( cellHolds ?x1 ?y1 white ) ) ( succ ?y1 ?y2 ) ( succ ?x2 ?x1 ) ( not ( true ( cellHolds ?x2 ?y2 white ) ) ) ), ( <= ( legal black ( move ?x ?y1 ?x ?y2 ) ) ( true ( control black ) ) ( true ( cellHolds ?x ?y1 black ) ) ( succ ?y2 ?y1 ) ( cellEmpty ?x ?y2 ) ), ( <= ( legal black ( move ?x1 ?y1 ?x2 ?y2 ) ) ( true ( control black ) ) ( true ( cellHolds ?x1 ?y1 black ) ) ( succ ?y2 ?y1 ) ( succ ?x1 ?x2 ) ( not ( true ( cellHolds ?x2 ?y2 black ) ) ) ), ( <= ( legal black ( move ?x1 ?y1 ?x2 ?y2 ) ) ( true ( control black ) ) ( true ( cellHolds ?x1 ?y1 black ) ) ( succ ?y2 ?y1 ) ( succ ?x2 ?x1 ) ( not ( true ( cellHolds ?x2 ?y2 black ) ) ) ), ( <= ( legal white noop ) ( true ( control black ) ) ), ( <= ( legal black noop ) ( true ( control white ) ) ), ( <= ( next ( cellHolds ?x2 ?y2 ?player ) ) ( role ?player ) ( does ?player ( move ?x1 ?y1 ?x2 ?y2 ) ) ), ( <= ( next ( cellHolds ?x3 ?y3 ?state ) ) ( true ( cellHolds ?x3 ?y3 ?state ) ) ( role ?player ) ( does ?player ( move ?x1 ?y1 ?x2 ?y2 ) ) ( distinctCell ?x1 ?y1 ?x3 ?y3 ) ( distinctCell ?x2 ?y2 ?x3 ?y3 ) ), ( <= ( next ( control white ) ) ( true ( control black ) ) ), ( <= ( next ( control black ) ) ( true ( control white ) ) ), ( <= terminal whiteWin ), ( <= terminal blackWin ), ( <= ( goal white 100 ) whiteWin ), ( <= ( goal white 0 ) ( not whiteWin ) ), ( <= ( goal black 100 ) blackWin ), ( <= ( goal black 0 ) ( not blackWin ) ), ( <= ( cell ?x ?y ) ( index ?x ) ( index ?y ) ), ( <= ( cellEmpty ?x ?y ) ( cell ?x ?y ) ( not ( true ( cellHolds ?x ?y white ) ) ) ( not ( true ( cellHolds ?x ?y black ) ) ) ), ( <= ( distinctCell ?x1 ?y1 ?x2 ?y2 ) ( cell ?x1 ?y1 ) ( cell ?x2 ?y2 ) ( distinct ?x1 ?x2 ) ), ( <= ( distinctCell ?x1 ?y1 ?x2 ?y2 ) ( cell ?x1 ?y1 ) ( cell ?x2 ?y2 ) ( distinct ?y1 ?y2 ) ), ( <= whiteWin ( index ?x ) ( true ( cellHolds ?x 8 white ) ) ), ( <= blackWin ( index ?x ) ( true ( cellHolds ?x 1 black ) ) ), ( <= whiteWin ( not blackCell ) ), ( <= blackWin ( not whiteCell ) ), ( <= whiteCell ( cell ?x ?y ) ( true ( cellHolds ?x ?y white ) ) ), ( <= blackCell ( cell ?x ?y ) ( true ( cellHolds ?x ?y black ) ) ), ( index 1 ), ( index 2 ), ( index 3 ), ( index 4 ), ( index 5 ), ( index 6 ), ( index 7 ), ( index 8 ), ( succ 1 2 ), ( succ 2 3 ), ( succ 3 4 ), ( succ 4 5 ), ( succ 5 6 ), ( succ 6 7 ), ( succ 7 8 )]
LOG 1641834542986 [L3]: Start clock: 15
LOG 1641834542986 [L3]: Play clock: 10
LOG 1641834547977 [L0]: [Sent at 1641834547977] ready
LOG 1641834547980 [L0]: [Received at 1641834547980] ( PLAY 38.breakthrough.1641834542772 NIL )
LOG 1641834547982 [L0]: [Sent at 1641834547982] ( move 3 2 3 3 )
LOG 1641834547984 [L0]: [Received at 1641834547984] ( PLAY 38.breakthrough.1641834542772 (( move 3 2 3 3 ) noop ) )
LOG 1641834547989 [L0]: [Sent at 1641834547989] noop
LOG 1641834547993 [L0]: [Received at 1641834547993] ( PLAY 38.breakthrough.1641834542772 (noop ( move 7 7 6 6 ) ) )
LOG 1641834548004 [L0]: [Sent at 1641834548004] ( move 2 2 1 3 )
LOG 1641834548008 [L0]: [Received at 1641834548008] ( PLAY 38.breakthrough.1641834542772 (( move 2 2 1 3 ) noop ) )
LOG 1641834548016 [L0]: [Sent at 1641834548016] noop
LOG 1641834548019 [L0]: [Received at 1641834548019] ( PLAY 38.breakthrough.1641834542772 (noop ( move 1 7 2 6 ) ) )
LOG 1641834548020 [L0]: [Sent at 1641834548020] ( move 1 3 2 4 )
LOG 1641834548022 [L0]: [Received at 1641834548022] ( PLAY 38.breakthrough.1641834542772 (( move 1 3 2 4 ) noop ) )
LOG 1641834548024 [L0]: [Sent at 1641834548023] noop
LOG 1641834548047 [L0]: [Received at 1641834548047] ( PLAY 38.breakthrough.1641834542772 (noop ( move 8 8 7 7 ) ) )
LOG 1641834548048 [L0]: [Sent at 1641834548048] ( move 3 1 2 2 )
LOG 1641834548051 [L0]: [Received at 1641834548051] ( PLAY 38.breakthrough.1641834542772 (( move 3 1 2 2 ) noop ) )
LOG 1641834548052 [L0]: [Sent at 1641834548052] noop
LOG 1641834548056 [L0]: [Received at 1641834548056] ( PLAY 38.breakthrough.1641834542772 (noop ( move 3 7 4 6 ) ) )
LOG 1641834548057 [L0]: [Sent at 1641834548057] ( move 1 2 2 3 )
LOG 1641834548060 [L0]: [Received at 1641834548060] ( PLAY 38.breakthrough.1641834542772 (( move 1 2 2 3 ) noop ) )
LOG 1641834548061 [L0]: [Sent at 1641834548061] noop
LOG 1641834548064 [L0]: [Received at 1641834548064] ( PLAY 38.breakthrough.1641834542772 (noop ( move 8 7 8 6 ) ) )
LOG 1641834548065 [L0]: [Sent at 1641834548065] ( move 1 1 1 2 )
LOG 1641834548068 [L0]: [Received at 1641834548068] ( PLAY 38.breakthrough.1641834542772 (( move 1 1 1 2 ) noop ) )
LOG 1641834548069 [L0]: [Sent at 1641834548069] noop
LOG 1641834548072 [L0]: [Received at 1641834548072] ( PLAY 38.breakthrough.1641834542772 (noop ( move 4 6 4 5 ) ) )
LOG 1641834548073 [L0]: [Sent at 1641834548073] ( move 5 2 4 3 )
LOG 1641834548076 [L0]: [Received at 1641834548076] ( PLAY 38.breakthrough.1641834542772 (( move 5 2 4 3 ) noop ) )
LOG 1641834548077 [L0]: [Sent at 1641834548077] noop
LOG 1641834548080 [L0]: [Received at 1641834548080] ( PLAY 38.breakthrough.1641834542772 (noop ( move 2 7 1 6 ) ) )
LOG 1641834548081 [L0]: [Sent at 1641834548081] ( move 6 2 7 3 )
LOG 1641834548084 [L0]: [Received at 1641834548084] ( PLAY 38.breakthrough.1641834542772 (( move 6 2 7 3 ) noop ) )
LOG 1641834548085 [L0]: [Sent at 1641834548085] noop
LOG 1641834548088 [L0]: [Received at 1641834548088] ( PLAY 38.breakthrough.1641834542772 (noop ( move 4 5 5 4 ) ) )
LOG 1641834548089 [L0]: [Sent at 1641834548089] ( move 2 4 1 5 )
LOG 1641834548092 [L0]: [Received at 1641834548092] ( PLAY 38.breakthrough.1641834542772 (( move 2 4 1 5 ) noop ) )
LOG 1641834548093 [L0]: [Sent at 1641834548093] noop
LOG 1641834548096 [L0]: [Received at 1641834548096] ( PLAY 38.breakthrough.1641834542772 (noop ( move 4 7 5 6 ) ) )
LOG 1641834548097 [L0]: [Sent at 1641834548097] ( move 5 1 6 2 )
LOG 1641834548100 [L0]: [Received at 1641834548100] ( PLAY 38.breakthrough.1641834542772 (( move 5 1 6 2 ) noop ) )
LOG 1641834548101 [L0]: [Sent at 1641834548101] noop
LOG 1641834548104 [L0]: [Received at 1641834548104] ( PLAY 38.breakthrough.1641834542772 (noop ( move 5 6 5 5 ) ) )
LOG 1641834548105 [L0]: [Sent at 1641834548105] ( move 2 3 1 4 )
LOG 1641834548108 [L0]: [Received at 1641834548108] ( PLAY 38.breakthrough.1641834542772 (( move 2 3 1 4 ) noop ) )
LOG 1641834548109 [L0]: [Sent at 1641834548109] noop
LOG 1641834548112 [L0]: [Received at 1641834548112] ( PLAY 38.breakthrough.1641834542772 (noop ( move 5 4 6 3 ) ) )
LOG 1641834548113 [L0]: [Sent at 1641834548113] ( move 4 3 4 4 )
LOG 1641834548116 [L0]: [Received at 1641834548116] ( PLAY 38.breakthrough.1641834542772 (( move 4 3 4 4 ) noop ) )
LOG 1641834548117 [L0]: [Sent at 1641834548117] noop
LOG 1641834548119 [L0]: [Received at 1641834548119] ( PLAY 38.breakthrough.1641834542772 (noop ( move 2 8 2 7 ) ) )
LOG 1641834548121 [L0]: [Sent at 1641834548121] ( move 2 2 1 3 )
LOG 1641834548124 [L0]: [Received at 1641834548124] ( PLAY 38.breakthrough.1641834542772 (( move 2 2 1 3 ) noop ) )
LOG 1641834548125 [L0]: [Sent at 1641834548125] noop
LOG 1641834548130 [L0]: [Received at 1641834548130] ( PLAY 38.breakthrough.1641834542772 (noop ( move 6 6 7 5 ) ) )
LOG 1641834548131 [L0]: [Sent at 1641834548131] ( move 7 3 8 4 )
LOG 1641834548135 [L0]: [Received at 1641834548135] ( PLAY 38.breakthrough.1641834542772 (( move 7 3 8 4 ) noop ) )
LOG 1641834548136 [L0]: [Sent at 1641834548136] noop
LOG 1641834548139 [L0]: [Received at 1641834548139] ( PLAY 38.breakthrough.1641834542772 (noop ( move 5 5 4 4 ) ) )
LOG 1641834548140 [L0]: [Sent at 1641834548140] ( move 7 2 8 3 )
LOG 1641834548143 [L0]: [Received at 1641834548143] ( PLAY 38.breakthrough.1641834542772 (( move 7 2 8 3 ) noop ) )
LOG 1641834548144 [L0]: [Sent at 1641834548144] noop
LOG 1641834548147 [L0]: [Received at 1641834548147] ( PLAY 38.breakthrough.1641834542772 (noop ( move 7 7 7 6 ) ) )
LOG 1641834548148 [L0]: [Sent at 1641834548148] ( move 1 5 2 6 )
LOG 1641834548150 [L0]: [Received at 1641834548150] ( PLAY 38.breakthrough.1641834542772 (( move 1 5 2 6 ) noop ) )
LOG 1641834548151 [L0]: [Sent at 1641834548151] noop
LOG 1641834548154 [L0]: [Received at 1641834548154] ( PLAY 38.breakthrough.1641834542772 (noop ( move 3 8 3 7 ) ) )
LOG 1641834548155 [L0]: [Sent at 1641834548155] ( move 1 3 2 4 )
LOG 1641834548158 [L0]: [Received at 1641834548158] ( PLAY 38.breakthrough.1641834542772 (( move 1 3 2 4 ) noop ) )
LOG 1641834548160 [L0]: [Sent at 1641834548160] noop
LOG 1641834548162 [L0]: [Received at 1641834548162] ( PLAY 38.breakthrough.1641834542772 (noop ( move 6 7 5 6 ) ) )
LOG 1641834548163 [L0]: [Sent at 1641834548163] ( move 1 2 2 3 )
LOG 1641834548166 [L0]: [Received at 1641834548166] ( PLAY 38.breakthrough.1641834542772 (( move 1 2 2 3 ) noop ) )
LOG 1641834548167 [L0]: [Sent at 1641834548167] noop
LOG 1641834548169 [L0]: [Received at 1641834548169] ( PLAY 38.breakthrough.1641834542772 (noop ( move 1 6 1 5 ) ) )
LOG 1641834548171 [L0]: [Sent at 1641834548171] ( move 6 2 5 3 )
LOG 1641834548175 [L0]: [Received at 1641834548175] ( PLAY 38.breakthrough.1641834542772 (( move 6 2 5 3 ) noop ) )
LOG 1641834548176 [L0]: [Sent at 1641834548176] noop
LOG 1641834548179 [L0]: [Received at 1641834548179] ( PLAY 38.breakthrough.1641834542772 (noop ( move 2 7 1 6 ) ) )
LOG 1641834548180 [L0]: [Sent at 1641834548180] ( move 3 3 4 4 )
LOG 1641834548182 [L0]: [Received at 1641834548182] ( PLAY 38.breakthrough.1641834542772 (( move 3 3 4 4 ) noop ) )
LOG 1641834548184 [L0]: [Sent at 1641834548184] noop
LOG 1641834548186 [L0]: [Received at 1641834548186] ( PLAY 38.breakthrough.1641834542772 (noop ( move 5 7 6 6 ) ) )
LOG 1641834548187 [L0]: [Sent at 1641834548187] ( move 4 2 3 3 )
LOG 1641834548190 [L0]: [Received at 1641834548190] ( PLAY 38.breakthrough.1641834542772 (( move 4 2 3 3 ) noop ) )
LOG 1641834548191 [L0]: [Sent at 1641834548191] noop
LOG 1641834548194 [L0]: [Received at 1641834548194] ( PLAY 38.breakthrough.1641834542772 (noop ( move 7 8 6 7 ) ) )
LOG 1641834548195 [L0]: [Sent at 1641834548195] ( move 8 3 7 4 )
LOG 1641834548197 [L0]: [Received at 1641834548197] ( PLAY 38.breakthrough.1641834542772 (( move 8 3 7 4 ) noop ) )
LOG 1641834548199 [L0]: [Sent at 1641834548199] noop
LOG 1641834548201 [L0]: [Received at 1641834548201] ( PLAY 38.breakthrough.1641834542772 (noop ( move 5 8 4 7 ) ) )
LOG 1641834548202 [L0]: [Sent at 1641834548202] ( move 2 6 3 7 )
LOG 1641834548205 [L0]: [Received at 1641834548205] ( PLAY 38.breakthrough.1641834542772 (( move 2 6 3 7 ) noop ) )
LOG 1641834548206 [L0]: [Sent at 1641834548206] noop
LOG 1641834548208 [L0]: [Received at 1641834548208] ( PLAY 38.breakthrough.1641834542772 (noop ( move 1 6 2 5 ) ) )
LOG 1641834548210 [L0]: [Sent at 1641834548210] ( move 4 4 4 5 )
LOG 1641834548212 [L0]: [Received at 1641834548212] ( PLAY 38.breakthrough.1641834542772 (( move 4 4 4 5 ) noop ) )
LOG 1641834548213 [L0]: [Sent at 1641834548213] noop
LOG 1641834548216 [L0]: [Received at 1641834548216] ( PLAY 38.breakthrough.1641834542772 (noop ( move 7 5 6 4 ) ) )
LOG 1641834548217 [L0]: [Sent at 1641834548217] ( move 3 3 3 4 )
LOG 1641834548219 [L0]: [Received at 1641834548219] ( PLAY 38.breakthrough.1641834542772 (( move 3 3 3 4 ) noop ) )
LOG 1641834548221 [L0]: [Sent at 1641834548221] noop
LOG 1641834548223 [L0]: [Received at 1641834548223] ( PLAY 38.breakthrough.1641834542772 (noop ( move 8 6 7 5 ) ) )
LOG 1641834548224 [L0]: [Sent at 1641834548224] ( move 3 7 4 8 )
LOG 1641834548227 [L0]: [Received at 1641834548227] ( STOP 38.breakthrough.1641834542772 (( move 3 7 4 8 ) noop ) )
LOG 1641834548228 [L3]: Stopped logging to files at: Mon Jan 10 18:09:08 CET 2022
LOG 1641834548229 [L3]: LOG SEALED
