LOG 1641836453719 [L3]: Returning initial state machine.
LOG 1641836453719 [L3]: Returning PropNet state machine without cache.
LOG 1641836453720 [L3]: Starting metagame with available thinking time 4990ms.
LOG 1641836453721 [L3]: Starting search during metagame.
LOG 1641836458710 [L3]: Done searching during metagame.
LOG 1641836458713 [L3]: Starting move selection for game step 1 with available time 0ms.
LOG 1641836458713 [L3]: No time to select next move using MCTS. Returning random move noop.
LOG 1641836458716 [L3]: Starting move selection for game step 2 with available time 0ms.
LOG 1641836458719 [L3]: No time to select next move using MCTS. Returning random move ( move 3 7 2 5 ).
LOG 1641836458725 [L3]: Starting move selection for game step 3 with available time 0ms.
LOG 1641836458734 [L3]: No time to select next move using MCTS. Returning random move noop.
LOG 1641836458739 [L3]: Starting move selection for game step 4 with available time 0ms.
LOG 1641836458744 [L3]: No time to select next move using MCTS. Returning random move ( move 1 8 3 7 ).
LOG 1641836458751 [L3]: Starting move selection for game step 5 with available time 0ms.
LOG 1641836458751 [L3]: No time to select next move using MCTS. Returning random move noop.
LOG 1641836458754 [L3]: Starting move selection for game step 6 with available time 0ms.
LOG 1641836458755 [L3]: No time to select next move using MCTS. Returning random move ( move 6 7 4 6 ).
LOG 1641836458758 [L3]: Starting move selection for game step 7 with available time 0ms.
LOG 1641836458758 [L3]: No time to select next move using MCTS. Returning random move noop.
LOG 1641836458761 [L3]: Starting move selection for game step 8 with available time 0ms.
LOG 1641836458762 [L3]: No time to select next move using MCTS. Returning random move ( move 5 7 4 5 ).
LOG 1641836458765 [L3]: Starting move selection for game step 9 with available time 0ms.
LOG 1641836458765 [L3]: No time to select next move using MCTS. Returning random move noop.
LOG 1641836458768 [L3]: Starting move selection for game step 10 with available time 0ms.
LOG 1641836458769 [L3]: No time to select next move using MCTS. Returning random move ( move 7 8 5 7 ).
LOG 1641836458772 [L3]: Starting move selection for game step 11 with available time 0ms.
LOG 1641836458772 [L3]: No time to select next move using MCTS. Returning random move noop.
LOG 1641836458776 [L3]: Starting move selection for game step 12 with available time 0ms.
LOG 1641836458776 [L3]: No time to select next move using MCTS. Returning random move ( move 4 6 6 5 ).
LOG 1641836458780 [L3]: Starting move selection for game step 13 with available time 0ms.
LOG 1641836458780 [L3]: No time to select next move using MCTS. Returning random move noop.
LOG 1641836458783 [L3]: Starting move selection for game step 14 with available time 0ms.
LOG 1641836458783 [L3]: No time to select next move using MCTS. Returning random move ( move 2 7 1 5 ).
LOG 1641836458786 [L3]: Starting move selection for game step 15 with available time 0ms.
LOG 1641836458786 [L3]: No time to select next move using MCTS. Returning random move noop.
LOG 1641836458789 [L3]: Starting move selection for game step 16 with available time 0ms.
LOG 1641836458790 [L3]: No time to select next move using MCTS. Returning random move ( move 1 7 3 6 ).
LOG 1641836458793 [L3]: Starting move selection for game step 17 with available time 0ms.
LOG 1641836458793 [L3]: No time to select next move using MCTS. Returning random move noop.
LOG 1641836458796 [L3]: Starting move selection for game step 18 with available time 0ms.
LOG 1641836458796 [L3]: No time to select next move using MCTS. Returning random move ( move 6 5 7 3 ).
LOG 1641836458799 [L3]: Starting move selection for game step 19 with available time 0ms.
LOG 1641836458799 [L3]: No time to select next move using MCTS. Returning random move noop.
LOG 1641836458802 [L3]: Starting move selection for game step 20 with available time 0ms.
LOG 1641836458802 [L3]: No time to select next move using MCTS. Returning random move ( move 7 7 8 5 ).
LOG 1641836458806 [L3]: Starting move selection for game step 21 with available time 0ms.
LOG 1641836458807 [L3]: No time to select next move using MCTS. Returning random move noop.
LOG 1641836458810 [L3]: Starting move selection for game step 22 with available time 0ms.
LOG 1641836458810 [L3]: No time to select next move using MCTS. Returning random move ( move 4 8 2 7 ).
LOG 1641836458813 [L3]: Starting move selection for game step 23 with available time 0ms.
LOG 1641836458813 [L3]: No time to select next move using MCTS. Returning random move noop.
LOG 1641836458816 [L3]: Starting move selection for game step 24 with available time 0ms.
LOG 1641836458816 [L3]: No time to select next move using MCTS. Returning random move ( move 2 5 1 3 ).
LOG 1641836458820 [L3]: Starting move selection for game step 25 with available time 0ms.
LOG 1641836458820 [L3]: No time to select next move using MCTS. Returning random move noop.
LOG 1641836458824 [L3]: Starting move selection for game step 26 with available time 0ms.
LOG 1641836458824 [L3]: No time to select next move using MCTS. Returning random move ( move 5 8 7 7 ).
LOG 1641836458827 [L3]: Starting move selection for game step 27 with available time 0ms.
LOG 1641836458827 [L3]: No time to select next move using MCTS. Returning random move noop.
LOG 1641836458830 [L3]: Starting move selection for game step 28 with available time 0ms.
LOG 1641836458830 [L3]: No time to select next move using MCTS. Returning random move ( move 4 7 3 5 ).
LOG 1641836458833 [L3]: Starting move selection for game step 29 with available time 0ms.
LOG 1641836458833 [L3]: No time to select next move using MCTS. Returning random move noop.
LOG 1641836458837 [L3]: Starting move selection for game step 30 with available time 0ms.
LOG 1641836458838 [L3]: No time to select next move using MCTS. Returning random move ( move 8 8 7 6 ).
LOG 1641836458841 [L3]: Starting move selection for game step 31 with available time 0ms.
LOG 1641836458841 [L3]: No time to select next move using MCTS. Returning random move noop.
LOG 1641836458844 [L3]: Starting move selection for game step 32 with available time 0ms.
LOG 1641836458844 [L3]: No time to select next move using MCTS. Returning random move ( move 7 7 6 5 ).
LOG 1641836458847 [L3]: Starting move selection for game step 33 with available time 0ms.
LOG 1641836458847 [L3]: No time to select next move using MCTS. Returning random move noop.
LOG 1641836458851 [L3]: Starting move selection for game step 34 with available time 0ms.
LOG 1641836458851 [L3]: No time to select next move using MCTS. Returning random move ( move 1 5 2 3 ).
LOG 1641836458854 [L3]: Starting move selection for game step 35 with available time 0ms.
LOG 1641836458854 [L3]: No time to select next move using MCTS. Returning random move noop.
LOG 1641836458857 [L3]: Starting move selection for game step 36 with available time 0ms.
LOG 1641836458857 [L3]: No time to select next move using MCTS. Returning random move ( move 2 7 4 6 ).
LOG 1641836458860 [L3]: Starting move selection for game step 37 with available time 0ms.
LOG 1641836458860 [L3]: No time to select next move using MCTS. Returning random move noop.
LOG 1641836458863 [L3]: Starting move selection for game step 38 with available time 0ms.
LOG 1641836458863 [L3]: No time to select next move using MCTS. Returning random move ( move 1 3 3 2 ).
LOG 1641836458866 [L3]: Starting move selection for game step 39 with available time 0ms.
LOG 1641836458866 [L3]: No time to select next move using MCTS. Returning random move noop.
LOG 1641836458887 [L3]: Starting move selection for game step 40 with available time 0ms.
LOG 1641836458888 [L3]: No time to select next move using MCTS. Returning random move ( move 4 5 5 3 ).
LOG 1641836458891 [L3]: Starting move selection for game step 41 with available time 0ms.
LOG 1641836458892 [L3]: No time to select next move using MCTS. Returning random move noop.
LOG 1641836458895 [L3]: Starting move selection for game step 42 with available time 0ms.
LOG 1641836458895 [L3]: No time to select next move using MCTS. Returning random move ( move 2 3 3 1 ).
