LOG 1641834849921 [L3]: Returning initial state machine.
LOG 1641834849921 [L3]: Returning PropNet state machine without cache.
LOG 1641834849922 [L3]: Starting metagame with available thinking time 4997ms.
LOG 1641834849924 [L3]: Starting search during metagame.
LOG 1641834854919 [L3]: Done searching during metagame.
LOG 1641834854922 [L3]: Starting move selection for game step 1 with available time 0ms.
LOG 1641834854922 [L3]: No time to select next move using MCTS. Returning random move noop.
LOG 1641834854928 [L3]: Starting move selection for game step 2 with available time 0ms.
LOG 1641834854930 [L3]: No time to select next move using MCTS. Returning random move ( move 6 7 5 6 ).
LOG 1641834854936 [L3]: Starting move selection for game step 3 with available time 0ms.
LOG 1641834854943 [L3]: No time to select next move using MCTS. Returning random move noop.
LOG 1641834854949 [L3]: Starting move selection for game step 4 with available time 0ms.
LOG 1641834854952 [L3]: No time to select next move using MCTS. Returning random move ( move 4 7 3 6 ).
LOG 1641834854959 [L3]: Starting move selection for game step 5 with available time 0ms.
LOG 1641834854959 [L3]: No time to select next move using MCTS. Returning random move noop.
LOG 1641834854963 [L3]: Starting move selection for game step 6 with available time 0ms.
LOG 1641834854964 [L3]: No time to select next move using MCTS. Returning random move ( move 5 6 6 5 ).
LOG 1641834854967 [L3]: Starting move selection for game step 7 with available time 0ms.
LOG 1641834854967 [L3]: No time to select next move using MCTS. Returning random move noop.
LOG 1641834854972 [L3]: Starting move selection for game step 8 with available time 0ms.
LOG 1641834854972 [L3]: No time to select next move using MCTS. Returning random move ( move 2 7 1 6 ).
LOG 1641834854976 [L3]: Starting move selection for game step 9 with available time 0ms.
LOG 1641834854976 [L3]: No time to select next move using MCTS. Returning random move noop.
LOG 1641834854980 [L3]: Starting move selection for game step 10 with available time 0ms.
LOG 1641834854980 [L3]: No time to select next move using MCTS. Returning random move ( move 3 8 2 7 ).
LOG 1641834854984 [L3]: Starting move selection for game step 11 with available time 0ms.
LOG 1641834854984 [L3]: No time to select next move using MCTS. Returning random move noop.
LOG 1641834854988 [L3]: Starting move selection for game step 12 with available time 0ms.
LOG 1641834854988 [L3]: No time to select next move using MCTS. Returning random move ( move 5 8 4 7 ).
LOG 1641834854992 [L3]: Starting move selection for game step 13 with available time 0ms.
LOG 1641834854992 [L3]: No time to select next move using MCTS. Returning random move noop.
LOG 1641834854996 [L3]: Starting move selection for game step 14 with available time 0ms.
LOG 1641834854996 [L3]: No time to select next move using MCTS. Returning random move ( move 4 7 5 6 ).
LOG 1641834854999 [L3]: Starting move selection for game step 15 with available time 0ms.
LOG 1641834854999 [L3]: No time to select next move using MCTS. Returning random move noop.
LOG 1641834855004 [L3]: Starting move selection for game step 16 with available time 0ms.
LOG 1641834855004 [L3]: No time to select next move using MCTS. Returning random move ( move 8 7 8 6 ).
LOG 1641834855008 [L3]: Starting move selection for game step 17 with available time 0ms.
LOG 1641834855009 [L3]: No time to select next move using MCTS. Returning random move noop.
LOG 1641834855012 [L3]: Starting move selection for game step 18 with available time 0ms.
LOG 1641834855013 [L3]: No time to select next move using MCTS. Returning random move ( move 6 5 6 4 ).
LOG 1641834855016 [L3]: Starting move selection for game step 19 with available time 0ms.
LOG 1641834855017 [L3]: No time to select next move using MCTS. Returning random move noop.
LOG 1641834855021 [L3]: Starting move selection for game step 20 with available time 0ms.
LOG 1641834855021 [L3]: No time to select next move using MCTS. Returning random move ( move 5 7 6 6 ).
LOG 1641834855026 [L3]: Starting move selection for game step 21 with available time 0ms.
LOG 1641834855026 [L3]: No time to select next move using MCTS. Returning random move noop.
LOG 1641834855030 [L3]: Starting move selection for game step 22 with available time 0ms.
LOG 1641834855030 [L3]: No time to select next move using MCTS. Returning random move ( move 7 8 6 7 ).
LOG 1641834855033 [L3]: Starting move selection for game step 23 with available time 0ms.
LOG 1641834855034 [L3]: No time to select next move using MCTS. Returning random move noop.
LOG 1641834855052 [L3]: Starting move selection for game step 24 with available time 0ms.
LOG 1641834855052 [L3]: No time to select next move using MCTS. Returning random move ( move 1 6 1 5 ).
LOG 1641834855056 [L3]: Starting move selection for game step 25 with available time 0ms.
LOG 1641834855057 [L3]: No time to select next move using MCTS. Returning random move noop.
LOG 1641834855060 [L3]: Starting move selection for game step 26 with available time 0ms.
LOG 1641834855061 [L3]: No time to select next move using MCTS. Returning random move ( move 1 5 1 4 ).
LOG 1641834855064 [L3]: Starting move selection for game step 27 with available time 0ms.
LOG 1641834855064 [L3]: No time to select next move using MCTS. Returning random move noop.
LOG 1641834855069 [L3]: Starting move selection for game step 28 with available time 0ms.
LOG 1641834855069 [L3]: No time to select next move using MCTS. Returning random move ( move 6 7 7 6 ).
LOG 1641834855074 [L3]: Starting move selection for game step 29 with available time 0ms.
LOG 1641834855075 [L3]: No time to select next move using MCTS. Returning random move noop.
LOG 1641834855078 [L3]: Starting move selection for game step 30 with available time 0ms.
LOG 1641834855079 [L3]: No time to select next move using MCTS. Returning random move ( move 2 7 2 6 ).
LOG 1641834855084 [L3]: Starting move selection for game step 31 with available time 0ms.
LOG 1641834855084 [L3]: No time to select next move using MCTS. Returning random move noop.
LOG 1641834855088 [L3]: Starting move selection for game step 32 with available time 0ms.
LOG 1641834855089 [L3]: No time to select next move using MCTS. Returning random move ( move 5 6 4 5 ).
LOG 1641834855093 [L3]: Starting move selection for game step 33 with available time 0ms.
LOG 1641834855093 [L3]: No time to select next move using MCTS. Returning random move noop.
LOG 1641834855097 [L3]: Starting move selection for game step 34 with available time 0ms.
LOG 1641834855097 [L3]: No time to select next move using MCTS. Returning random move ( move 3 7 4 6 ).
LOG 1641834855101 [L3]: Starting move selection for game step 35 with available time 0ms.
LOG 1641834855101 [L3]: No time to select next move using MCTS. Returning random move noop.
LOG 1641834855106 [L3]: Starting move selection for game step 36 with available time 0ms.
LOG 1641834855106 [L3]: No time to select next move using MCTS. Returning random move ( move 4 5 5 4 ).
LOG 1641834855110 [L3]: Starting move selection for game step 37 with available time 0ms.
LOG 1641834855110 [L3]: No time to select next move using MCTS. Returning random move noop.
LOG 1641834855114 [L3]: Starting move selection for game step 38 with available time 0ms.
LOG 1641834855114 [L3]: No time to select next move using MCTS. Returning random move ( move 4 8 4 7 ).
LOG 1641834855118 [L3]: Starting move selection for game step 39 with available time 0ms.
LOG 1641834855119 [L3]: No time to select next move using MCTS. Returning random move noop.
LOG 1641834855122 [L3]: Starting move selection for game step 40 with available time 0ms.
LOG 1641834855123 [L3]: No time to select next move using MCTS. Returning random move ( move 6 6 6 5 ).
LOG 1641834855126 [L3]: Starting move selection for game step 41 with available time 0ms.
LOG 1641834855127 [L3]: No time to select next move using MCTS. Returning random move noop.
LOG 1641834855130 [L3]: Starting move selection for game step 42 with available time 0ms.
LOG 1641834855131 [L3]: No time to select next move using MCTS. Returning random move ( move 2 8 2 7 ).
LOG 1641834855136 [L3]: Starting move selection for game step 43 with available time 0ms.
LOG 1641834855136 [L3]: No time to select next move using MCTS. Returning random move noop.
LOG 1641834855140 [L3]: Starting move selection for game step 44 with available time 0ms.
LOG 1641834855140 [L3]: No time to select next move using MCTS. Returning random move ( move 5 4 5 3 ).
LOG 1641834855144 [L3]: Starting move selection for game step 45 with available time 0ms.
LOG 1641834855144 [L3]: No time to select next move using MCTS. Returning random move noop.
LOG 1641834855148 [L3]: Starting move selection for game step 46 with available time 0ms.
LOG 1641834855148 [L3]: No time to select next move using MCTS. Returning random move ( move 6 8 6 7 ).
LOG 1641834855155 [L3]: Starting move selection for game step 47 with available time 0ms.
LOG 1641834855155 [L3]: No time to select next move using MCTS. Returning random move noop.
LOG 1641834855159 [L3]: Starting move selection for game step 48 with available time 0ms.
LOG 1641834855159 [L3]: No time to select next move using MCTS. Returning random move ( move 5 3 4 2 ).
LOG 1641834855163 [L3]: Starting move selection for game step 49 with available time 0ms.
LOG 1641834855163 [L3]: No time to select next move using MCTS. Returning random move noop.
LOG 1641834855167 [L3]: Starting move selection for game step 50 with available time 0ms.
LOG 1641834855167 [L3]: No time to select next move using MCTS. Returning random move ( move 2 7 1 6 ).
LOG 1641834855171 [L3]: Starting move selection for game step 51 with available time 0ms.
LOG 1641834855171 [L3]: No time to select next move using MCTS. Returning random move noop.
LOG 1641834855174 [L3]: Starting move selection for game step 52 with available time 0ms.
LOG 1641834855174 [L3]: No time to select next move using MCTS. Returning random move ( move 7 7 8 6 ).
LOG 1641834855179 [L3]: Starting move selection for game step 53 with available time 0ms.
LOG 1641834855179 [L3]: No time to select next move using MCTS. Returning random move noop.
LOG 1641834855183 [L3]: Starting move selection for game step 54 with available time 0ms.
LOG 1641834855183 [L3]: No time to select next move using MCTS. Returning random move ( move 3 6 4 5 ).
LOG 1641834855188 [L3]: Starting move selection for game step 55 with available time 0ms.
LOG 1641834855188 [L3]: No time to select next move using MCTS. Returning random move noop.
LOG 1641834855193 [L3]: Starting move selection for game step 56 with available time 0ms.
LOG 1641834855193 [L3]: No time to select next move using MCTS. Returning random move ( move 2 6 2 5 ).
LOG 1641834855197 [L3]: Starting move selection for game step 57 with available time 0ms.
LOG 1641834855197 [L3]: No time to select next move using MCTS. Returning random move noop.
LOG 1641834855200 [L3]: Starting move selection for game step 58 with available time 0ms.
LOG 1641834855200 [L3]: No time to select next move using MCTS. Returning random move ( move 6 5 6 4 ).
LOG 1641834855204 [L3]: Starting move selection for game step 59 with available time 0ms.
LOG 1641834855205 [L3]: No time to select next move using MCTS. Returning random move noop.
LOG 1641834855209 [L3]: Starting move selection for game step 60 with available time 0ms.
LOG 1641834855209 [L3]: No time to select next move using MCTS. Returning random move ( move 2 5 3 4 ).
LOG 1641834855213 [L3]: Starting move selection for game step 61 with available time 0ms.
LOG 1641834855213 [L3]: No time to select next move using MCTS. Returning random move noop.
LOG 1641834855217 [L3]: Starting move selection for game step 62 with available time 0ms.
LOG 1641834855218 [L3]: No time to select next move using MCTS. Returning random move ( move 6 4 7 3 ).
LOG 1641834855221 [L3]: Starting move selection for game step 63 with available time 0ms.
LOG 1641834855221 [L3]: No time to select next move using MCTS. Returning random move noop.
LOG 1641834855225 [L3]: Starting move selection for game step 64 with available time 0ms.
LOG 1641834855226 [L3]: No time to select next move using MCTS. Returning random move ( move 8 8 8 7 ).
LOG 1641834855229 [L3]: Starting move selection for game step 65 with available time 0ms.
LOG 1641834855230 [L3]: No time to select next move using MCTS. Returning random move noop.
LOG 1641834855234 [L3]: Starting move selection for game step 66 with available time 0ms.
LOG 1641834855234 [L3]: No time to select next move using MCTS. Returning random move ( move 4 2 3 1 ).
