LOG 1641835259796 [L3]: Returning initial state machine.
LOG 1641835259796 [L3]: Returning PropNet state machine without cache.
LOG 1641835259797 [L3]: Starting metagame with available thinking time 4988ms.
LOG 1641835259800 [L3]: Starting search during metagame.
LOG 1641835264785 [L3]: Done searching during metagame.
LOG 1641835264788 [L3]: Starting move selection for game step 1 with available time 0ms.
LOG 1641835264789 [L3]: No time to select next move using MCTS. Returning random move noop.
LOG 1641835264809 [L3]: Starting move selection for game step 2 with available time 0ms.
LOG 1641835264811 [L3]: No time to select next move using MCTS. Returning random move ( move 4 8 5 6 ).
LOG 1641835264816 [L3]: Starting move selection for game step 3 with available time 0ms.
LOG 1641835264823 [L3]: No time to select next move using MCTS. Returning random move noop.
LOG 1641835264829 [L3]: Starting move selection for game step 4 with available time 0ms.
LOG 1641835264830 [L3]: No time to select next move using MCTS. Returning random move ( move 5 8 4 6 ).
LOG 1641835264837 [L3]: Starting move selection for game step 5 with available time -1ms.
LOG 1641835264837 [L3]: No time to select next move using MCTS. Returning random move noop.
LOG 1641835264842 [L3]: Starting move selection for game step 6 with available time 0ms.
LOG 1641835264842 [L3]: No time to select next move using MCTS. Returning random move ( move 2 8 3 6 ).
LOG 1641835264846 [L3]: Starting move selection for game step 7 with available time 0ms.
LOG 1641835264846 [L3]: No time to select next move using MCTS. Returning random move noop.
LOG 1641835264851 [L3]: Starting move selection for game step 8 with available time 0ms.
LOG 1641835264852 [L3]: No time to select next move using MCTS. Returning random move ( move 5 6 6 4 ).
LOG 1641835264856 [L3]: Starting move selection for game step 9 with available time -1ms.
LOG 1641835264856 [L3]: No time to select next move using MCTS. Returning random move noop.
LOG 1641835264860 [L3]: Starting move selection for game step 10 with available time 0ms.
LOG 1641835264860 [L3]: No time to select next move using MCTS. Returning random move ( move 6 4 8 3 ).
LOG 1641835264864 [L3]: Starting move selection for game step 11 with available time 0ms.
LOG 1641835264864 [L3]: No time to select next move using MCTS. Returning random move noop.
LOG 1641835264868 [L3]: Starting move selection for game step 12 with available time 0ms.
LOG 1641835264868 [L3]: No time to select next move using MCTS. Returning random move ( move 8 7 7 5 ).
LOG 1641835264872 [L3]: Starting move selection for game step 13 with available time 0ms.
LOG 1641835264872 [L3]: No time to select next move using MCTS. Returning random move noop.
LOG 1641835264877 [L3]: Starting move selection for game step 14 with available time 0ms.
LOG 1641835264877 [L3]: No time to select next move using MCTS. Returning random move ( move 6 7 8 6 ).
LOG 1641835264881 [L3]: Starting move selection for game step 15 with available time 0ms.
LOG 1641835264881 [L3]: No time to select next move using MCTS. Returning random move noop.
LOG 1641835264887 [L3]: Starting move selection for game step 16 with available time -1ms.
LOG 1641835264887 [L3]: No time to select next move using MCTS. Returning random move ( move 6 8 7 6 ).
LOG 1641835264891 [L3]: Starting move selection for game step 17 with available time 0ms.
LOG 1641835264892 [L3]: No time to select next move using MCTS. Returning random move noop.
LOG 1641835264896 [L3]: Starting move selection for game step 18 with available time 0ms.
LOG 1641835264896 [L3]: No time to select next move using MCTS. Returning random move ( move 7 7 8 5 ).
LOG 1641835264900 [L3]: Starting move selection for game step 19 with available time 0ms.
LOG 1641835264900 [L3]: No time to select next move using MCTS. Returning random move noop.
LOG 1641835264904 [L3]: Starting move selection for game step 20 with available time 0ms.
LOG 1641835264904 [L3]: No time to select next move using MCTS. Returning random move ( move 3 7 1 6 ).
LOG 1641835264908 [L3]: Starting move selection for game step 21 with available time 0ms.
LOG 1641835264908 [L3]: No time to select next move using MCTS. Returning random move noop.
LOG 1641835264911 [L3]: Starting move selection for game step 22 with available time 0ms.
LOG 1641835264912 [L3]: No time to select next move using MCTS. Returning random move ( move 1 8 2 6 ).
LOG 1641835264915 [L3]: Starting move selection for game step 23 with available time 0ms.
LOG 1641835264916 [L3]: No time to select next move using MCTS. Returning random move noop.
LOG 1641835264919 [L3]: Starting move selection for game step 24 with available time 0ms.
LOG 1641835264920 [L3]: No time to select next move using MCTS. Returning random move ( move 2 6 4 5 ).
LOG 1641835264923 [L3]: Starting move selection for game step 25 with available time 0ms.
LOG 1641835264923 [L3]: No time to select next move using MCTS. Returning random move noop.
LOG 1641835264926 [L3]: Starting move selection for game step 26 with available time 0ms.
LOG 1641835264927 [L3]: No time to select next move using MCTS. Returning random move ( move 7 8 6 6 ).
LOG 1641835264930 [L3]: Starting move selection for game step 27 with available time 0ms.
LOG 1641835264930 [L3]: No time to select next move using MCTS. Returning random move noop.
LOG 1641835264934 [L3]: Starting move selection for game step 28 with available time 0ms.
LOG 1641835264934 [L3]: No time to select next move using MCTS. Returning random move ( move 5 7 6 5 ).
LOG 1641835264938 [L3]: Starting move selection for game step 29 with available time 0ms.
LOG 1641835264938 [L3]: No time to select next move using MCTS. Returning random move noop.
LOG 1641835264941 [L3]: Starting move selection for game step 30 with available time 0ms.
LOG 1641835264942 [L3]: No time to select next move using MCTS. Returning random move ( move 8 3 7 1 ).
