LOG 1641832893145 [L3]: Returning initial state machine.
LOG 1641832893146 [L3]: Returning PropNet state machine without cache.
LOG 1641832893146 [L3]: Starting metagame with available thinking time 4996ms.
LOG 1641832893147 [L3]: Starting search during metagame.
LOG 1641832898142 [L3]: Done searching during metagame.
LOG 1641832898145 [L3]: Starting move selection for game step 1 with available time 0ms.
LOG 1641832898145 [L3]: No time to select next move using MCTS. Returning random move noop.
LOG 1641832898149 [L3]: Starting move selection for game step 2 with available time 0ms.
LOG 1641832898152 [L3]: No time to select next move using MCTS. Returning random move ( drop 7 ).
LOG 1641832898155 [L3]: Starting move selection for game step 3 with available time 0ms.
LOG 1641832898158 [L3]: No time to select next move using MCTS. Returning random move noop.
LOG 1641832898161 [L3]: Starting move selection for game step 4 with available time 0ms.
LOG 1641832898164 [L3]: No time to select next move using MCTS. Returning random move ( drop 1 ).
LOG 1641832898167 [L3]: Starting move selection for game step 5 with available time 0ms.
LOG 1641832898167 [L3]: No time to select next move using MCTS. Returning random move noop.
LOG 1641832898171 [L3]: Starting move selection for game step 6 with available time 0ms.
LOG 1641832898171 [L3]: No time to select next move using MCTS. Returning random move ( drop 1 ).
LOG 1641832898175 [L3]: Starting move selection for game step 7 with available time 0ms.
LOG 1641832898175 [L3]: No time to select next move using MCTS. Returning random move noop.
LOG 1641832898180 [L3]: Starting move selection for game step 8 with available time 0ms.
LOG 1641832898180 [L3]: No time to select next move using MCTS. Returning random move ( drop 3 ).
LOG 1641832898183 [L3]: Starting move selection for game step 9 with available time 0ms.
LOG 1641832898184 [L3]: No time to select next move using MCTS. Returning random move noop.
LOG 1641832898188 [L3]: Starting move selection for game step 10 with available time 0ms.
LOG 1641832898188 [L3]: No time to select next move using MCTS. Returning random move ( drop 4 ).
LOG 1641832898192 [L3]: Starting move selection for game step 11 with available time 0ms.
LOG 1641832898193 [L3]: No time to select next move using MCTS. Returning random move noop.
LOG 1641832898196 [L3]: Starting move selection for game step 12 with available time 0ms.
LOG 1641832898196 [L3]: No time to select next move using MCTS. Returning random move ( drop 4 ).
LOG 1641832898200 [L3]: Starting move selection for game step 13 with available time 0ms.
LOG 1641832898200 [L3]: No time to select next move using MCTS. Returning random move noop.
LOG 1641832898205 [L3]: Starting move selection for game step 14 with available time 0ms.
LOG 1641832898205 [L3]: No time to select next move using MCTS. Returning random move ( drop 2 ).
LOG 1641832898209 [L3]: Starting move selection for game step 15 with available time 0ms.
LOG 1641832898209 [L3]: No time to select next move using MCTS. Returning random move noop.
LOG 1641832898213 [L3]: Starting move selection for game step 16 with available time 0ms.
LOG 1641832898213 [L3]: No time to select next move using MCTS. Returning random move ( drop 6 ).
LOG 1641832898217 [L3]: Starting move selection for game step 17 with available time 0ms.
LOG 1641832898217 [L3]: No time to select next move using MCTS. Returning random move noop.
LOG 1641832898221 [L3]: Starting move selection for game step 18 with available time 0ms.
LOG 1641832898221 [L3]: No time to select next move using MCTS. Returning random move ( drop 3 ).
LOG 1641832898224 [L3]: Starting move selection for game step 19 with available time 0ms.
LOG 1641832898225 [L3]: No time to select next move using MCTS. Returning random move noop.
LOG 1641832898228 [L3]: Starting move selection for game step 20 with available time 0ms.
LOG 1641832898229 [L3]: No time to select next move using MCTS. Returning random move ( drop 7 ).
LOG 1641832898233 [L3]: Starting move selection for game step 21 with available time 0ms.
LOG 1641832898233 [L3]: No time to select next move using MCTS. Returning random move noop.
LOG 1641832898238 [L3]: Starting move selection for game step 22 with available time 0ms.
LOG 1641832898238 [L3]: No time to select next move using MCTS. Returning random move ( drop 2 ).
LOG 1641832898244 [L3]: Starting move selection for game step 23 with available time 0ms.
LOG 1641832898244 [L3]: No time to select next move using MCTS. Returning random move noop.
