LOG 1641850123846 [L3]: Returning initial state machine.
LOG 1641850123846 [L3]: Returning PropNet state machine without cache.
LOG 1641850123847 [L3]: Starting metagame with available thinking time 4990ms.
LOG 1641850123848 [L3]: Starting search during metagame.
LOG 1641850128837 [L3]: Done searching during metagame.
LOG 1641850128843 [L3]: Starting move selection for game step 1 with available time 10000ms.
LOG 1641850128844 [L3]: Selecting move using MCTS.
LOG 1641850138860 [L3]: Starting move selection for game step 2 with available time 10000ms.
LOG 1641850138862 [L3]: Selecting move using MCTS.
LOG 1641850148863 [L3]: Starting move selection for game step 3 with available time 10000ms.
LOG 1641850148866 [L3]: Selecting move using MCTS.
LOG 1641850158887 [L3]: Starting move selection for game step 4 with available time 10000ms.
LOG 1641850158891 [L3]: Selecting move using MCTS.
LOG 1641850168891 [L3]: Starting move selection for game step 5 with available time 10000ms.
LOG 1641850168892 [L3]: Selecting move using MCTS.
LOG 1641850178912 [L3]: Starting move selection for game step 6 with available time 10000ms.
LOG 1641850178912 [L3]: Selecting move using MCTS.
LOG 1641850188915 [L3]: Starting move selection for game step 7 with available time 10000ms.
LOG 1641850188915 [L3]: Selecting move using MCTS.
LOG 1641850198918 [L3]: Starting move selection for game step 8 with available time 10000ms.
LOG 1641850198919 [L3]: Selecting move using MCTS.
