LOG 1641833034525 [L3]: Started match logging at: Mon Jan 10 17:43:54 CET 2022
LOG 1641833034526 [L3]: Game rules: [( role white ), ( role red ), ( init ( cell 1 0 dirt ) ), ( init ( cell 2 0 dirt ) ), ( init ( cell 3 0 dirt ) ), ( init ( cell 4 0 dirt ) ), ( init ( cell 5 0 dirt ) ), ( init ( cell 6 0 dirt ) ), ( init ( cell 7 0 dirt ) ), ( init ( cell 1 1 b ) ), ( init ( cell 1 2 b ) ), ( init ( cell 1 3 b ) ), ( init ( cell 1 4 b ) ), ( init ( cell 1 5 b ) ), ( init ( cell 1 6 b ) ), ( init ( cell 2 1 b ) ), ( init ( cell 2 2 b ) ), ( init ( cell 2 3 b ) ), ( init ( cell 2 4 b ) ), ( init ( cell 2 5 b ) ), ( init ( cell 2 6 b ) ), ( init ( cell 3 1 b ) ), ( init ( cell 3 2 b ) ), ( init ( cell 3 3 b ) ), ( init ( cell 3 4 b ) ), ( init ( cell 3 5 b ) ), ( init ( cell 3 6 b ) ), ( init ( cell 4 1 b ) ), ( init ( cell 4 2 b ) ), ( init ( cell 4 3 b ) ), ( init ( cell 4 4 b ) ), ( init ( cell 4 5 b ) ), ( init ( cell 4 6 b ) ), ( init ( cell 5 1 b ) ), ( init ( cell 5 2 b ) ), ( init ( cell 5 3 b ) ), ( init ( cell 5 4 b ) ), ( init ( cell 5 5 b ) ), ( init ( cell 5 6 b ) ), ( init ( cell 6 1 b ) ), ( init ( cell 6 2 b ) ), ( init ( cell 6 3 b ) ), ( init ( cell 6 4 b ) ), ( init ( cell 6 5 b ) ), ( init ( cell 6 6 b ) ), ( init ( cell 7 1 b ) ), ( init ( cell 7 2 b ) ), ( init ( cell 7 3 b ) ), ( init ( cell 7 4 b ) ), ( init ( cell 7 5 b ) ), ( init ( cell 7 6 b ) ), ( init ( control white ) ), ( <= ( empty ?c ?h ) ( true ( cell ?c ?h b ) ) ), ( <= ( filled ?c ?h ) ( true ( cell ?c ?h dirt ) ) ), ( <= ( filled ?c ?h ) ( true ( cell ?c ?h w ) ) ), ( <= ( filled ?c ?h ) ( true ( cell ?c ?h r ) ) ), ( <= ( next ( cell ?c ?h2 w ) ) ( does white ( drop ?c ) ) ( true ( cell ?c ?h2 b ) ) ( filled ?c ?h1 ) ( succ ?h1 ?h2 ) ), ( <= ( next ( cell ?c ?h2 r ) ) ( does red ( drop ?c ) ) ( true ( cell ?c ?h2 b ) ) ( filled ?c ?h1 ) ( succ ?h1 ?h2 ) ), ( <= ( next ( cell ?x ?y ?z ) ) ( true ( cell ?x ?y ?z ) ) ( distinct ?z b ) ), ( <= ( next ( cell ?c2 ?y b ) ) ( does ?w ( drop ?c1 ) ) ( true ( cell ?c2 ?y b ) ) ( distinct ?c1 ?c2 ) ), ( <= ( next ( cell ?c ?y2 b ) ) ( true ( cell ?c ?y1 b ) ) ( distinct ?y1 6 ) ( succ ?y1 ?y2 ) ), ( <= ( next ( control white ) ) ( true ( control red ) ) ), ( <= ( next ( control red ) ) ( true ( control white ) ) ), ( <= ( row ?z ) ( true ( cell ?x1 ?y ?z ) ) ( distinct ?z b ) ( distinct ?z dirt ) ( succ ?x1 ?x2 ) ( true ( cell ?x2 ?y ?z ) ) ( succ ?x2 ?x3 ) ( true ( cell ?x3 ?y ?z ) ) ( succ ?x3 ?x4 ) ( true ( cell ?x4 ?y ?z ) ) ), ( <= ( column ?z ) ( true ( cell ?x ?y1 ?z ) ) ( distinct ?z b ) ( succ ?y1 ?y2 ) ( true ( cell ?x ?y2 ?z ) ) ( succ ?y2 ?y3 ) ( true ( cell ?x ?y3 ?z ) ) ( succ ?y3 ?y4 ) ( true ( cell ?x ?y4 ?z ) ) ), ( <= ( diag ?z ) ( true ( cell ?x1 ?y1 ?z ) ) ( distinct ?z b ) ( succ ?x1 ?x2 ) ( succ ?y1 ?y2 ) ( true ( cell ?x2 ?y2 ?z ) ) ( succ ?x2 ?x3 ) ( succ ?y2 ?y3 ) ( true ( cell ?x3 ?y3 ?z ) ) ( succ ?x3 ?x4 ) ( succ ?y3 ?y4 ) ( true ( cell ?x4 ?y4 ?z ) ) ), ( <= ( diag ?z ) ( true ( cell ?x1 ?y1 ?z ) ) ( distinct ?z b ) ( succ ?x1 ?x2 ) ( succ ?y2 ?y1 ) ( true ( cell ?x2 ?y2 ?z ) ) ( succ ?x2 ?x3 ) ( succ ?y3 ?y2 ) ( true ( cell ?x3 ?y3 ?z ) ) ( succ ?x3 ?x4 ) ( succ ?y4 ?y3 ) ( true ( cell ?x4 ?y4 ?z ) ) ), ( <= ( line ?x ) ( row ?x ) ), ( <= ( line ?x ) ( column ?x ) ), ( <= ( line ?x ) ( diag ?x ) ), ( <= open ( empty ?c ?h ) ), ( <= terminal ( line r ) ), ( <= terminal ( line w ) ), ( <= terminal ( not open ) ), ( <= ( legal ?w ( drop ?c ) ) ( true ( cell ?c ?y2 b ) ) ( filled ?c ?y1 ) ( succ ?y1 ?y2 ) ( true ( control ?w ) ) ), ( <= ( legal white noop ) ( true ( control red ) ) ), ( <= ( legal red noop ) ( true ( control white ) ) ), ( <= ( goal white 100 ) ( line w ) ), ( <= ( goal white 50 ) ( not ( line r ) ) ( not ( line w ) ) ( not open ) ), ( <= ( goal white 0 ) ( line r ) ), ( <= ( goal red 100 ) ( line r ) ), ( <= ( goal red 50 ) ( not ( line r ) ) ( not ( line w ) ) ( not open ) ), ( <= ( goal red 0 ) ( line w ) ), ( <= ( goal ?w 70 ) ( role ?w ) ( not ( line r ) ) ( not ( line w ) ) open ), ( <= ( lte 0 ?x ) ( number ?x ) ), ( <= ( lte ?x ?x ) ( number ?x ) ), ( <= ( lte ?x ?z ) ( succ ?y ?z ) ( lte ?x ?y ) ), ( <= ( lte ?x ?y ) ( succ ?x ?y ) ), ( number 0 ), ( number 1 ), ( number 2 ), ( number 3 ), ( number 4 ), ( number 5 ), ( number 6 ), ( number 7 ), ( number 8 ), ( succ 0 1 ), ( succ 1 2 ), ( succ 2 3 ), ( succ 3 4 ), ( succ 4 5 ), ( succ 5 6 ), ( succ 6 7 ), ( succ 7 8 )]
LOG 1641833034533 [L3]: Start clock: 15
LOG 1641833034534 [L3]: Play clock: 10
LOG 1641833039525 [L0]: [Sent at 1641833039525] ready
LOG 1641833039526 [L0]: [Received at 1641833039526] ( PLAY 3.connect4.1641833034383 NIL )
LOG 1641833039528 [L0]: [Sent at 1641833039528] ( drop 6 )
LOG 1641833039530 [L0]: [Received at 1641833039530] ( PLAY 3.connect4.1641833034383 (( drop 6 ) noop ) )
LOG 1641833039535 [L0]: [Sent at 1641833039535] noop
LOG 1641833039538 [L0]: [Received at 1641833039538] ( PLAY 3.connect4.1641833034383 (noop ( drop 3 ) ) )
LOG 1641833039550 [L0]: [Sent at 1641833039550] ( drop 4 )
LOG 1641833039553 [L0]: [Received at 1641833039553] ( PLAY 3.connect4.1641833034383 (( drop 4 ) noop ) )
LOG 1641833039561 [L0]: [Sent at 1641833039561] noop
LOG 1641833039568 [L0]: [Received at 1641833039568] ( PLAY 3.connect4.1641833034383 (noop ( drop 7 ) ) )
LOG 1641833039569 [L0]: [Sent at 1641833039569] ( drop 2 )
LOG 1641833039572 [L0]: [Received at 1641833039572] ( PLAY 3.connect4.1641833034383 (( drop 2 ) noop ) )
LOG 1641833039573 [L0]: [Sent at 1641833039573] noop
LOG 1641833039576 [L0]: [Received at 1641833039576] ( PLAY 3.connect4.1641833034383 (noop ( drop 2 ) ) )
LOG 1641833039577 [L0]: [Sent at 1641833039577] ( drop 7 )
LOG 1641833039580 [L0]: [Received at 1641833039580] ( PLAY 3.connect4.1641833034383 (( drop 7 ) noop ) )
LOG 1641833039581 [L0]: [Sent at 1641833039581] noop
LOG 1641833039585 [L0]: [Received at 1641833039585] ( PLAY 3.connect4.1641833034383 (noop ( drop 2 ) ) )
LOG 1641833039586 [L0]: [Sent at 1641833039586] ( drop 4 )
LOG 1641833039589 [L0]: [Received at 1641833039589] ( PLAY 3.connect4.1641833034383 (( drop 4 ) noop ) )
LOG 1641833039590 [L0]: [Sent at 1641833039590] noop
LOG 1641833039594 [L0]: [Received at 1641833039594] ( PLAY 3.connect4.1641833034383 (noop ( drop 2 ) ) )
LOG 1641833039595 [L0]: [Sent at 1641833039595] ( drop 2 )
LOG 1641833039598 [L0]: [Received at 1641833039598] ( PLAY 3.connect4.1641833034383 (( drop 2 ) noop ) )
LOG 1641833039599 [L0]: [Sent at 1641833039599] noop
LOG 1641833039602 [L0]: [Received at 1641833039602] ( PLAY 3.connect4.1641833034383 (noop ( drop 7 ) ) )
LOG 1641833039604 [L0]: [Sent at 1641833039604] ( drop 4 )
LOG 1641833039607 [L0]: [Received at 1641833039607] ( PLAY 3.connect4.1641833034383 (( drop 4 ) noop ) )
LOG 1641833039608 [L0]: [Sent at 1641833039608] noop
LOG 1641833039611 [L0]: [Received at 1641833039611] ( PLAY 3.connect4.1641833034383 (noop ( drop 3 ) ) )
LOG 1641833039612 [L0]: [Sent at 1641833039612] ( drop 6 )
LOG 1641833039615 [L0]: [Received at 1641833039615] ( PLAY 3.connect4.1641833034383 (( drop 6 ) noop ) )
LOG 1641833039616 [L0]: [Sent at 1641833039616] noop
LOG 1641833039619 [L0]: [Received at 1641833039619] ( PLAY 3.connect4.1641833034383 (noop ( drop 2 ) ) )
LOG 1641833039621 [L0]: [Sent at 1641833039621] ( drop 6 )
LOG 1641833039624 [L0]: [Received at 1641833039624] ( PLAY 3.connect4.1641833034383 (( drop 6 ) noop ) )
LOG 1641833039626 [L0]: [Sent at 1641833039626] noop
LOG 1641833039639 [L0]: [Received at 1641833039639] ( PLAY 3.connect4.1641833034383 (noop ( drop 7 ) ) )
LOG 1641833039641 [L0]: [Sent at 1641833039641] ( drop 6 )
LOG 1641833039648 [L0]: [Received at 1641833039648] ( STOP 3.connect4.1641833034383 (( drop 6 ) noop ) )
LOG 1641833039650 [L3]: Stopped logging to files at: Mon Jan 10 17:43:59 CET 2022
LOG 1641833039651 [L3]: LOG SEALED
