LOG 1641867107620 [L3]: Returning initial state machine.
LOG 1641867107620 [L3]: Returning PropNet state machine without cache.
LOG 1641867107621 [L3]: Starting metagame with available thinking time 4990ms.
LOG 1641867107622 [L3]: Starting search during metagame.
LOG 1641867112611 [L3]: Done searching during metagame.
LOG 1641867112613 [L3]: Starting move selection for game step 1 with available time 10000ms.
LOG 1641867112614 [L3]: Selecting move using MCTS.
LOG 1641867122613 [L3]: Returning MCTS move noop.
LOG 1641867122616 [L3]: Starting move selection for game step 2 with available time 10000ms.
LOG 1641867122623 [L3]: Selecting move using MCTS.
LOG 1641867132616 [L3]: Returning MCTS move ( drop 4 ).
LOG 1641867132619 [L3]: Starting move selection for game step 3 with available time 10000ms.
LOG 1641867132635 [L3]: Selecting move using MCTS.
LOG 1641867142619 [L3]: Returning MCTS move noop.
LOG 1641867142629 [L3]: Starting move selection for game step 4 with available time 10000ms.
LOG 1641867142646 [L3]: Selecting move using MCTS.
LOG 1641867152629 [L3]: Returning MCTS move ( drop 4 ).
LOG 1641867152632 [L3]: Starting move selection for game step 5 with available time 10000ms.
LOG 1641867152646 [L3]: Selecting move using MCTS.
LOG 1641867162632 [L3]: Returning MCTS move noop.
LOG 1641867162635 [L3]: Starting move selection for game step 6 with available time 10000ms.
LOG 1641867162652 [L3]: Selecting move using MCTS.
LOG 1641867172651 [L3]: Returning MCTS move ( drop 2 ).
LOG 1641867172655 [L3]: Starting move selection for game step 7 with available time 10000ms.
LOG 1641867172673 [L3]: Selecting move using MCTS.
LOG 1641867182655 [L3]: Returning MCTS move noop.
LOG 1641867182659 [L3]: Starting move selection for game step 8 with available time 10000ms.
LOG 1641867182677 [L3]: Selecting move using MCTS.
LOG 1641867192659 [L3]: Returning MCTS move ( drop 5 ).
LOG 1641867192662 [L3]: Starting move selection for game step 9 with available time 10000ms.
LOG 1641867192679 [L3]: Selecting move using MCTS.
LOG 1641867202662 [L3]: Returning MCTS move noop.
LOG 1641867202665 [L3]: Starting move selection for game step 10 with available time 10000ms.
LOG 1641867202686 [L3]: Selecting move using MCTS.
LOG 1641867212665 [L3]: Returning MCTS move ( drop 1 ).
LOG 1641867212668 [L3]: Starting move selection for game step 11 with available time 10000ms.
LOG 1641867212687 [L3]: Selecting move using MCTS.
LOG 1641867222668 [L3]: Returning MCTS move noop.
LOG 1641867222672 [L3]: Starting move selection for game step 12 with available time 10000ms.
LOG 1641867222690 [L3]: Selecting move using MCTS.
LOG 1641867232672 [L3]: Returning MCTS move ( drop 5 ).
LOG 1641867232675 [L3]: Starting move selection for game step 13 with available time 10000ms.
LOG 1641867232696 [L3]: Selecting move using MCTS.
LOG 1641867242675 [L3]: Returning MCTS move noop.
LOG 1641867242678 [L3]: Starting move selection for game step 14 with available time 10000ms.
LOG 1641867242700 [L3]: Selecting move using MCTS.
LOG 1641867252678 [L3]: Returning MCTS move ( drop 2 ).
LOG 1641867252682 [L3]: Starting move selection for game step 15 with available time 10000ms.
LOG 1641867252700 [L3]: Selecting move using MCTS.
LOG 1641867262682 [L3]: Returning MCTS move noop.
LOG 1641867262685 [L3]: Starting move selection for game step 16 with available time 10000ms.
LOG 1641867262708 [L3]: Selecting move using MCTS.
LOG 1641867272685 [L3]: Returning MCTS move ( drop 1 ).
LOG 1641867272688 [L3]: Starting move selection for game step 17 with available time 10000ms.
LOG 1641867272715 [L3]: Selecting move using MCTS.
LOG 1641867282688 [L3]: Returning MCTS move noop.
LOG 1641867282691 [L3]: Starting move selection for game step 18 with available time 10000ms.
LOG 1641867282721 [L3]: Selecting move using MCTS.
LOG 1641867292691 [L3]: Returning MCTS move ( drop 7 ).
LOG 1641867292695 [L3]: Starting move selection for game step 19 with available time 10000ms.
LOG 1641867292724 [L3]: Selecting move using MCTS.
LOG 1641867302695 [L3]: Returning MCTS move noop.
LOG 1641867302698 [L3]: Starting move selection for game step 20 with available time 10000ms.
LOG 1641867302734 [L3]: Selecting move using MCTS.
LOG 1641867312698 [L3]: Returning MCTS move ( drop 6 ).
LOG 1641867312701 [L3]: Starting move selection for game step 21 with available time 10000ms.
LOG 1641867312720 [L3]: Selecting move using MCTS.
LOG 1641867322701 [L3]: Returning MCTS move noop.
LOG 1641867322705 [L3]: Starting move selection for game step 22 with available time 10000ms.
LOG 1641867322719 [L3]: Selecting move using MCTS.
LOG 1641867332705 [L3]: Returning MCTS move ( drop 4 ).
LOG 1641867332708 [L3]: Starting move selection for game step 23 with available time 10000ms.
LOG 1641867332712 [L3]: Selecting move using MCTS.
LOG 1641867342708 [L3]: Returning MCTS move noop.
LOG 1641867342711 [L3]: Starting move selection for game step 24 with available time 10000ms.
LOG 1641867342715 [L3]: Selecting move using MCTS.
LOG 1641867352711 [L3]: Returning MCTS move ( drop 4 ).
LOG 1641867352715 [L3]: Starting move selection for game step 25 with available time 10000ms.
LOG 1641867352717 [L3]: Selecting move using MCTS.
LOG 1641867362715 [L3]: Returning MCTS move noop.
LOG 1641867362726 [L3]: Starting move selection for game step 26 with available time 10000ms.
LOG 1641867362728 [L3]: Selecting move using MCTS.
LOG 1641867372726 [L3]: Returning MCTS move ( drop 7 ).
LOG 1641867372729 [L3]: Starting move selection for game step 27 with available time 10000ms.
LOG 1641867372731 [L3]: Selecting move using MCTS.
LOG 1641867382729 [L3]: Returning MCTS move noop.
LOG 1641867382733 [L3]: Starting move selection for game step 28 with available time 10000ms.
LOG 1641867382734 [L3]: Selecting move using MCTS.
LOG 1641867392733 [L3]: Returning MCTS move ( drop 7 ).
LOG 1641867392736 [L3]: Starting move selection for game step 29 with available time 10000ms.
LOG 1641867392737 [L3]: Selecting move using MCTS.
LOG 1641867402736 [L3]: Returning MCTS move noop.
LOG 1641867402741 [L3]: Starting move selection for game step 30 with available time 10000ms.
LOG 1641867402742 [L3]: Selecting move using MCTS.
LOG 1641867412741 [L3]: Returning MCTS move ( drop 2 ).
LOG 1641867412744 [L3]: Starting move selection for game step 31 with available time 10000ms.
LOG 1641867412745 [L3]: Selecting move using MCTS.
LOG 1641867422744 [L3]: Returning MCTS move noop.
LOG 1641867422747 [L3]: Starting move selection for game step 32 with available time 10000ms.
LOG 1641867422748 [L3]: Selecting move using MCTS.
LOG 1641867432747 [L3]: Returning MCTS move ( drop 3 ).
