LOG 1641833756911 [L3]: Returning initial state machine.
LOG 1641833756912 [L3]: Returning PropNet state machine without cache.
LOG 1641833756912 [L3]: Starting metagame with available thinking time 4993ms.
LOG 1641833756914 [L3]: Starting search during metagame.
LOG 1641833761905 [L3]: Done searching during metagame.
LOG 1641833761914 [L3]: Starting move selection for game step 1 with available time 0ms.
LOG 1641833761914 [L3]: No time to select next move using MCTS. Returning random move noop.
LOG 1641833761918 [L3]: Starting move selection for game step 2 with available time 0ms.
LOG 1641833761923 [L3]: No time to select next move using MCTS. Returning random move ( drop 1 ).
LOG 1641833761927 [L3]: Starting move selection for game step 3 with available time 0ms.
LOG 1641833761939 [L3]: No time to select next move using MCTS. Returning random move noop.
LOG 1641833761943 [L3]: Starting move selection for game step 4 with available time 0ms.
LOG 1641833761951 [L3]: No time to select next move using MCTS. Returning random move ( drop 5 ).
LOG 1641833761955 [L3]: Starting move selection for game step 5 with available time 0ms.
LOG 1641833761956 [L3]: No time to select next move using MCTS. Returning random move noop.
LOG 1641833761960 [L3]: Starting move selection for game step 6 with available time 0ms.
LOG 1641833761960 [L3]: No time to select next move using MCTS. Returning random move ( drop 6 ).
LOG 1641833761964 [L3]: Starting move selection for game step 7 with available time -1ms.
LOG 1641833761964 [L3]: No time to select next move using MCTS. Returning random move noop.
LOG 1641833761967 [L3]: Starting move selection for game step 8 with available time 0ms.
LOG 1641833761968 [L3]: No time to select next move using MCTS. Returning random move ( drop 3 ).
LOG 1641833761971 [L3]: Starting move selection for game step 9 with available time 0ms.
LOG 1641833761972 [L3]: No time to select next move using MCTS. Returning random move noop.
LOG 1641833761975 [L3]: Starting move selection for game step 10 with available time 0ms.
LOG 1641833761975 [L3]: No time to select next move using MCTS. Returning random move ( drop 7 ).
LOG 1641833761979 [L3]: Starting move selection for game step 11 with available time 0ms.
LOG 1641833761979 [L3]: No time to select next move using MCTS. Returning random move noop.
LOG 1641833761983 [L3]: Starting move selection for game step 12 with available time 0ms.
LOG 1641833761983 [L3]: No time to select next move using MCTS. Returning random move ( drop 1 ).
LOG 1641833761989 [L3]: Starting move selection for game step 13 with available time 0ms.
LOG 1641833761989 [L3]: No time to select next move using MCTS. Returning random move noop.
LOG 1641833761994 [L3]: Starting move selection for game step 14 with available time 0ms.
LOG 1641833761994 [L3]: No time to select next move using MCTS. Returning random move ( drop 5 ).
LOG 1641833761998 [L3]: Starting move selection for game step 15 with available time 0ms.
LOG 1641833761999 [L3]: No time to select next move using MCTS. Returning random move noop.
LOG 1641833762002 [L3]: Starting move selection for game step 16 with available time 0ms.
LOG 1641833762003 [L3]: No time to select next move using MCTS. Returning random move ( drop 2 ).
LOG 1641833762007 [L3]: Starting move selection for game step 17 with available time 0ms.
LOG 1641833762007 [L3]: No time to select next move using MCTS. Returning random move noop.
LOG 1641833762011 [L3]: Starting move selection for game step 18 with available time 0ms.
LOG 1641833762012 [L3]: No time to select next move using MCTS. Returning random move ( drop 7 ).
LOG 1641833762016 [L3]: Starting move selection for game step 19 with available time -1ms.
LOG 1641833762016 [L3]: No time to select next move using MCTS. Returning random move noop.
LOG 1641833762020 [L3]: Starting move selection for game step 20 with available time 0ms.
LOG 1641833762020 [L3]: No time to select next move using MCTS. Returning random move ( drop 3 ).
LOG 1641833762024 [L3]: Starting move selection for game step 21 with available time 0ms.
LOG 1641833762024 [L3]: No time to select next move using MCTS. Returning random move noop.
LOG 1641833762029 [L3]: Starting move selection for game step 22 with available time 0ms.
LOG 1641833762029 [L3]: No time to select next move using MCTS. Returning random move ( drop 1 ).
LOG 1641833762034 [L3]: Starting move selection for game step 23 with available time 0ms.
LOG 1641833762034 [L3]: No time to select next move using MCTS. Returning random move noop.
LOG 1641833762038 [L3]: Starting move selection for game step 24 with available time 0ms.
LOG 1641833762038 [L3]: No time to select next move using MCTS. Returning random move ( drop 2 ).
LOG 1641833762056 [L3]: Starting move selection for game step 25 with available time 0ms.
LOG 1641833762056 [L3]: No time to select next move using MCTS. Returning random move noop.
LOG 1641833762059 [L3]: Starting move selection for game step 26 with available time 0ms.
LOG 1641833762060 [L3]: No time to select next move using MCTS. Returning random move ( drop 5 ).
LOG 1641833762064 [L3]: Starting move selection for game step 27 with available time 0ms.
LOG 1641833762064 [L3]: No time to select next move using MCTS. Returning random move noop.
LOG 1641833762068 [L3]: Starting move selection for game step 28 with available time 0ms.
LOG 1641833762068 [L3]: No time to select next move using MCTS. Returning random move ( drop 5 ).
LOG 1641833762072 [L3]: Starting move selection for game step 29 with available time 0ms.
LOG 1641833762072 [L3]: No time to select next move using MCTS. Returning random move noop.
LOG 1641833762077 [L3]: Starting move selection for game step 30 with available time 0ms.
LOG 1641833762077 [L3]: No time to select next move using MCTS. Returning random move ( drop 2 ).
LOG 1641833762082 [L3]: Starting move selection for game step 31 with available time 0ms.
LOG 1641833762082 [L3]: No time to select next move using MCTS. Returning random move noop.
LOG 1641833762086 [L3]: Starting move selection for game step 32 with available time 0ms.
LOG 1641833762086 [L3]: No time to select next move using MCTS. Returning random move ( drop 3 ).
LOG 1641833762090 [L3]: Starting move selection for game step 33 with available time 0ms.
LOG 1641833762091 [L3]: No time to select next move using MCTS. Returning random move noop.
