LOG 1641832981284 [L3]: Returning initial state machine.
LOG 1641832981285 [L3]: Returning PropNet state machine without cache.
LOG 1641832981286 [L3]: Starting metagame with available thinking time 4990ms.
LOG 1641832981287 [L3]: Starting search during metagame.
LOG 1641832986276 [L3]: Done searching during metagame.
LOG 1641832986279 [L3]: Starting move selection for game step 1 with available time 0ms.
LOG 1641832986279 [L3]: No time to select next move using MCTS. Returning random move noop.
LOG 1641832986282 [L3]: Starting move selection for game step 2 with available time 0ms.
LOG 1641832986284 [L3]: No time to select next move using MCTS. Returning random move ( drop 2 ).
LOG 1641832986288 [L3]: Starting move selection for game step 3 with available time 0ms.
LOG 1641832986297 [L3]: No time to select next move using MCTS. Returning random move noop.
LOG 1641832986300 [L3]: Starting move selection for game step 4 with available time 0ms.
LOG 1641832986303 [L3]: No time to select next move using MCTS. Returning random move ( drop 3 ).
LOG 1641832986307 [L3]: Starting move selection for game step 5 with available time 0ms.
LOG 1641832986307 [L3]: No time to select next move using MCTS. Returning random move noop.
LOG 1641832986311 [L3]: Starting move selection for game step 6 with available time 0ms.
LOG 1641832986311 [L3]: No time to select next move using MCTS. Returning random move ( drop 2 ).
LOG 1641832986316 [L3]: Starting move selection for game step 7 with available time 0ms.
LOG 1641832986316 [L3]: No time to select next move using MCTS. Returning random move noop.
LOG 1641832986319 [L3]: Starting move selection for game step 8 with available time 0ms.
LOG 1641832986320 [L3]: No time to select next move using MCTS. Returning random move ( drop 1 ).
LOG 1641832986323 [L3]: Starting move selection for game step 9 with available time 0ms.
LOG 1641832986323 [L3]: No time to select next move using MCTS. Returning random move noop.
LOG 1641832986327 [L3]: Starting move selection for game step 10 with available time 0ms.
LOG 1641832986327 [L3]: No time to select next move using MCTS. Returning random move ( drop 1 ).
LOG 1641832986332 [L3]: Starting move selection for game step 11 with available time 0ms.
LOG 1641832986332 [L3]: No time to select next move using MCTS. Returning random move noop.
LOG 1641832986337 [L3]: Starting move selection for game step 12 with available time 0ms.
LOG 1641832986337 [L3]: No time to select next move using MCTS. Returning random move ( drop 2 ).
LOG 1641832986341 [L3]: Starting move selection for game step 13 with available time 0ms.
LOG 1641832986341 [L3]: No time to select next move using MCTS. Returning random move noop.
LOG 1641832986345 [L3]: Starting move selection for game step 14 with available time 0ms.
LOG 1641832986345 [L3]: No time to select next move using MCTS. Returning random move ( drop 5 ).
LOG 1641832986349 [L3]: Starting move selection for game step 15 with available time 0ms.
LOG 1641832986349 [L3]: No time to select next move using MCTS. Returning random move noop.
LOG 1641832986353 [L3]: Starting move selection for game step 16 with available time 0ms.
LOG 1641832986353 [L3]: No time to select next move using MCTS. Returning random move ( drop 2 ).
LOG 1641832986357 [L3]: Starting move selection for game step 17 with available time 0ms.
LOG 1641832986357 [L3]: No time to select next move using MCTS. Returning random move noop.
LOG 1641832986361 [L3]: Starting move selection for game step 18 with available time 0ms.
LOG 1641832986361 [L3]: No time to select next move using MCTS. Returning random move ( drop 7 ).
LOG 1641832986365 [L3]: Starting move selection for game step 19 with available time 0ms.
LOG 1641832986366 [L3]: No time to select next move using MCTS. Returning random move noop.
LOG 1641832986371 [L3]: Starting move selection for game step 20 with available time 0ms.
LOG 1641832986372 [L3]: No time to select next move using MCTS. Returning random move ( drop 3 ).
LOG 1641832986384 [L3]: Starting move selection for game step 21 with available time 0ms.
LOG 1641832986384 [L3]: No time to select next move using MCTS. Returning random move noop.
LOG 1641832986388 [L3]: Starting move selection for game step 22 with available time 0ms.
LOG 1641832986388 [L3]: No time to select next move using MCTS. Returning random move ( drop 3 ).
LOG 1641832986391 [L3]: Starting move selection for game step 23 with available time 0ms.
LOG 1641832986392 [L3]: No time to select next move using MCTS. Returning random move noop.
LOG 1641832986395 [L3]: Starting move selection for game step 24 with available time 0ms.
LOG 1641832986395 [L3]: No time to select next move using MCTS. Returning random move ( drop 5 ).
LOG 1641832986399 [L3]: Starting move selection for game step 25 with available time 0ms.
LOG 1641832986399 [L3]: No time to select next move using MCTS. Returning random move noop.
LOG 1641832986403 [L3]: Starting move selection for game step 26 with available time 0ms.
LOG 1641832986403 [L3]: No time to select next move using MCTS. Returning random move ( drop 4 ).
