LOG 1641833237885 [L3]: Returning initial state machine.
LOG 1641833237886 [L3]: Returning PropNet state machine without cache.
LOG 1641833237887 [L3]: Starting metagame with available thinking time 4987ms.
LOG 1641833237890 [L3]: Starting search during metagame.
LOG 1641833242874 [L3]: Done searching during metagame.
LOG 1641833242878 [L3]: Starting move selection for game step 1 with available time 0ms.
LOG 1641833242879 [L3]: No time to select next move using MCTS. Returning random move ( drop 4 ).
LOG 1641833242888 [L3]: Starting move selection for game step 2 with available time 0ms.
LOG 1641833242892 [L3]: No time to select next move using MCTS. Returning random move noop.
LOG 1641833242900 [L3]: Starting move selection for game step 3 with available time 0ms.
LOG 1641833242909 [L3]: No time to select next move using MCTS. Returning random move ( drop 6 ).
LOG 1641833242919 [L3]: Starting move selection for game step 4 with available time 0ms.
LOG 1641833242923 [L3]: No time to select next move using MCTS. Returning random move noop.
LOG 1641833242934 [L3]: Starting move selection for game step 5 with available time 0ms.
LOG 1641833242934 [L3]: No time to select next move using MCTS. Returning random move ( drop 4 ).
LOG 1641833242940 [L3]: Starting move selection for game step 6 with available time 0ms.
LOG 1641833242941 [L3]: No time to select next move using MCTS. Returning random move noop.
LOG 1641833242947 [L3]: Starting move selection for game step 7 with available time 0ms.
LOG 1641833242947 [L3]: No time to select next move using MCTS. Returning random move ( drop 5 ).
LOG 1641833242954 [L3]: Starting move selection for game step 8 with available time 0ms.
LOG 1641833242954 [L3]: No time to select next move using MCTS. Returning random move noop.
LOG 1641833242960 [L3]: Starting move selection for game step 9 with available time 0ms.
LOG 1641833242960 [L3]: No time to select next move using MCTS. Returning random move ( drop 5 ).
LOG 1641833242967 [L3]: Starting move selection for game step 10 with available time 0ms.
LOG 1641833242967 [L3]: No time to select next move using MCTS. Returning random move noop.
LOG 1641833242974 [L3]: Starting move selection for game step 11 with available time 0ms.
LOG 1641833242974 [L3]: No time to select next move using MCTS. Returning random move ( drop 6 ).
LOG 1641833242980 [L3]: Starting move selection for game step 12 with available time 0ms.
LOG 1641833242981 [L3]: No time to select next move using MCTS. Returning random move noop.
LOG 1641833242987 [L3]: Starting move selection for game step 13 with available time 0ms.
LOG 1641833242987 [L3]: No time to select next move using MCTS. Returning random move ( drop 2 ).
LOG 1641833242994 [L3]: Starting move selection for game step 14 with available time 0ms.
LOG 1641833242994 [L3]: No time to select next move using MCTS. Returning random move noop.
LOG 1641833243001 [L3]: Starting move selection for game step 15 with available time 0ms.
LOG 1641833243001 [L3]: No time to select next move using MCTS. Returning random move ( drop 3 ).
LOG 1641833243008 [L3]: Starting move selection for game step 16 with available time 0ms.
LOG 1641833243009 [L3]: No time to select next move using MCTS. Returning random move noop.
LOG 1641833243015 [L3]: Starting move selection for game step 17 with available time 0ms.
LOG 1641833243015 [L3]: No time to select next move using MCTS. Returning random move ( drop 7 ).
LOG 1641833243021 [L3]: Starting move selection for game step 18 with available time 0ms.
LOG 1641833243022 [L3]: No time to select next move using MCTS. Returning random move noop.
LOG 1641833243028 [L3]: Starting move selection for game step 19 with available time 0ms.
LOG 1641833243028 [L3]: No time to select next move using MCTS. Returning random move ( drop 4 ).
