LOG 1641835715196 [L3]: Returning initial state machine.
LOG 1641835715197 [L3]: Returning PropNet state machine without cache.
LOG 1641835715197 [L3]: Starting metagame with available thinking time 4996ms.
LOG 1641835715199 [L3]: Starting search during metagame.
LOG 1641835720193 [L3]: Done searching during metagame.
LOG 1641835720196 [L3]: Starting move selection for game step 1 with available time 0ms.
LOG 1641835720196 [L3]: No time to select next move using MCTS. Returning random move ( move 3 2 4 4 ).
LOG 1641835720201 [L3]: Starting move selection for game step 2 with available time 0ms.
LOG 1641835720202 [L3]: No time to select next move using MCTS. Returning random move noop.
LOG 1641835720207 [L3]: Starting move selection for game step 3 with available time 0ms.
LOG 1641835720214 [L3]: No time to select next move using MCTS. Returning random move ( move 2 2 3 4 ).
LOG 1641835720220 [L3]: Starting move selection for game step 4 with available time 0ms.
LOG 1641835720221 [L3]: No time to select next move using MCTS. Returning random move noop.
LOG 1641835720228 [L3]: Starting move selection for game step 5 with available time 0ms.
LOG 1641835720228 [L3]: No time to select next move using MCTS. Returning random move ( move 2 1 1 3 ).
LOG 1641835720232 [L3]: Starting move selection for game step 6 with available time 0ms.
LOG 1641835720232 [L3]: No time to select next move using MCTS. Returning random move noop.
LOG 1641835720235 [L3]: Starting move selection for game step 7 with available time 0ms.
LOG 1641835720235 [L3]: No time to select next move using MCTS. Returning random move ( move 7 2 8 4 ).
LOG 1641835720239 [L3]: Starting move selection for game step 8 with available time 0ms.
LOG 1641835720239 [L3]: No time to select next move using MCTS. Returning random move noop.
LOG 1641835720242 [L3]: Starting move selection for game step 9 with available time 0ms.
LOG 1641835720243 [L3]: No time to select next move using MCTS. Returning random move ( move 8 2 7 4 ).
LOG 1641835720257 [L3]: Starting move selection for game step 10 with available time 0ms.
LOG 1641835720257 [L3]: No time to select next move using MCTS. Returning random move noop.
LOG 1641835720260 [L3]: Starting move selection for game step 11 with available time 0ms.
LOG 1641835720260 [L3]: No time to select next move using MCTS. Returning random move ( move 4 2 6 3 ).
LOG 1641835720264 [L3]: Starting move selection for game step 12 with available time 0ms.
LOG 1641835720264 [L3]: No time to select next move using MCTS. Returning random move noop.
LOG 1641835720267 [L3]: Starting move selection for game step 13 with available time 0ms.
LOG 1641835720267 [L3]: No time to select next move using MCTS. Returning random move ( move 4 4 2 5 ).
LOG 1641835720270 [L3]: Starting move selection for game step 14 with available time 0ms.
LOG 1641835720271 [L3]: No time to select next move using MCTS. Returning random move noop.
LOG 1641835720274 [L3]: Starting move selection for game step 15 with available time 0ms.
LOG 1641835720274 [L3]: No time to select next move using MCTS. Returning random move ( move 8 4 6 5 ).
LOG 1641835720277 [L3]: Starting move selection for game step 16 with available time 0ms.
LOG 1641835720277 [L3]: No time to select next move using MCTS. Returning random move noop.
LOG 1641835720281 [L3]: Starting move selection for game step 17 with available time 0ms.
LOG 1641835720281 [L3]: No time to select next move using MCTS. Returning random move ( move 5 2 3 3 ).
LOG 1641835720284 [L3]: Starting move selection for game step 18 with available time 0ms.
LOG 1641835720284 [L3]: No time to select next move using MCTS. Returning random move noop.
LOG 1641835720287 [L3]: Starting move selection for game step 19 with available time 0ms.
LOG 1641835720288 [L3]: No time to select next move using MCTS. Returning random move ( move 8 1 7 3 ).
LOG 1641835720291 [L3]: Starting move selection for game step 20 with available time 0ms.
LOG 1641835720291 [L3]: No time to select next move using MCTS. Returning random move noop.
LOG 1641835720294 [L3]: Starting move selection for game step 21 with available time 0ms.
LOG 1641835720294 [L3]: No time to select next move using MCTS. Returning random move ( move 6 5 8 6 ).
LOG 1641835720298 [L3]: Starting move selection for game step 22 with available time 0ms.
LOG 1641835720298 [L3]: No time to select next move using MCTS. Returning random move noop.
LOG 1641835720301 [L3]: Starting move selection for game step 23 with available time 0ms.
LOG 1641835720301 [L3]: No time to select next move using MCTS. Returning random move ( move 3 4 4 6 ).
LOG 1641835720304 [L3]: Starting move selection for game step 24 with available time 0ms.
LOG 1641835720305 [L3]: No time to select next move using MCTS. Returning random move noop.
