LOG 1641856087846 [L3]: Started match logging at: Tue Jan 11 00:08:07 CET 2022
LOG 1641856087854 [L3]: Game rules: [( role white ), ( role red ), ( init ( cell 1 0 dirt ) ), ( init ( cell 2 0 dirt ) ), ( init ( cell 3 0 dirt ) ), ( init ( cell 4 0 dirt ) ), ( init ( cell 5 0 dirt ) ), ( init ( cell 6 0 dirt ) ), ( init ( cell 7 0 dirt ) ), ( init ( cell 1 1 b ) ), ( init ( cell 1 2 b ) ), ( init ( cell 1 3 b ) ), ( init ( cell 1 4 b ) ), ( init ( cell 1 5 b ) ), ( init ( cell 1 6 b ) ), ( init ( cell 2 1 b ) ), ( init ( cell 2 2 b ) ), ( init ( cell 2 3 b ) ), ( init ( cell 2 4 b ) ), ( init ( cell 2 5 b ) ), ( init ( cell 2 6 b ) ), ( init ( cell 3 1 b ) ), ( init ( cell 3 2 b ) ), ( init ( cell 3 3 b ) ), ( init ( cell 3 4 b ) ), ( init ( cell 3 5 b ) ), ( init ( cell 3 6 b ) ), ( init ( cell 4 1 b ) ), ( init ( cell 4 2 b ) ), ( init ( cell 4 3 b ) ), ( init ( cell 4 4 b ) ), ( init ( cell 4 5 b ) ), ( init ( cell 4 6 b ) ), ( init ( cell 5 1 b ) ), ( init ( cell 5 2 b ) ), ( init ( cell 5 3 b ) ), ( init ( cell 5 4 b ) ), ( init ( cell 5 5 b ) ), ( init ( cell 5 6 b ) ), ( init ( cell 6 1 b ) ), ( init ( cell 6 2 b ) ), ( init ( cell 6 3 b ) ), ( init ( cell 6 4 b ) ), ( init ( cell 6 5 b ) ), ( init ( cell 6 6 b ) ), ( init ( cell 7 1 b ) ), ( init ( cell 7 2 b ) ), ( init ( cell 7 3 b ) ), ( init ( cell 7 4 b ) ), ( init ( cell 7 5 b ) ), ( init ( cell 7 6 b ) ), ( init ( control white ) ), ( <= ( empty ?c ?h ) ( true ( cell ?c ?h b ) ) ), ( <= ( filled ?c ?h ) ( true ( cell ?c ?h dirt ) ) ), ( <= ( filled ?c ?h ) ( true ( cell ?c ?h w ) ) ), ( <= ( filled ?c ?h ) ( true ( cell ?c ?h r ) ) ), ( <= ( next ( cell ?c ?h2 w ) ) ( does white ( drop ?c ) ) ( true ( cell ?c ?h2 b ) ) ( filled ?c ?h1 ) ( succ ?h1 ?h2 ) ), ( <= ( next ( cell ?c ?h2 r ) ) ( does red ( drop ?c ) ) ( true ( cell ?c ?h2 b ) ) ( filled ?c ?h1 ) ( succ ?h1 ?h2 ) ), ( <= ( next ( cell ?x ?y ?z ) ) ( true ( cell ?x ?y ?z ) ) ( distinct ?z b ) ), ( <= ( next ( cell ?c2 ?y b ) ) ( does ?w ( drop ?c1 ) ) ( true ( cell ?c2 ?y b ) ) ( distinct ?c1 ?c2 ) ), ( <= ( next ( cell ?c ?y2 b ) ) ( true ( cell ?c ?y1 b ) ) ( distinct ?y1 6 ) ( succ ?y1 ?y2 ) ), ( <= ( next ( control white ) ) ( true ( control red ) ) ), ( <= ( next ( control red ) ) ( true ( control white ) ) ), ( <= ( row ?z ) ( true ( cell ?x1 ?y ?z ) ) ( distinct ?z b ) ( distinct ?z dirt ) ( succ ?x1 ?x2 ) ( true ( cell ?x2 ?y ?z ) ) ( succ ?x2 ?x3 ) ( true ( cell ?x3 ?y ?z ) ) ( succ ?x3 ?x4 ) ( true ( cell ?x4 ?y ?z ) ) ), ( <= ( column ?z ) ( true ( cell ?x ?y1 ?z ) ) ( distinct ?z b ) ( succ ?y1 ?y2 ) ( true ( cell ?x ?y2 ?z ) ) ( succ ?y2 ?y3 ) ( true ( cell ?x ?y3 ?z ) ) ( succ ?y3 ?y4 ) ( true ( cell ?x ?y4 ?z ) ) ), ( <= ( diag ?z ) ( true ( cell ?x1 ?y1 ?z ) ) ( distinct ?z b ) ( succ ?x1 ?x2 ) ( succ ?y1 ?y2 ) ( true ( cell ?x2 ?y2 ?z ) ) ( succ ?x2 ?x3 ) ( succ ?y2 ?y3 ) ( true ( cell ?x3 ?y3 ?z ) ) ( succ ?x3 ?x4 ) ( succ ?y3 ?y4 ) ( true ( cell ?x4 ?y4 ?z ) ) ), ( <= ( diag ?z ) ( true ( cell ?x1 ?y1 ?z ) ) ( distinct ?z b ) ( succ ?x1 ?x2 ) ( succ ?y2 ?y1 ) ( true ( cell ?x2 ?y2 ?z ) ) ( succ ?x2 ?x3 ) ( succ ?y3 ?y2 ) ( true ( cell ?x3 ?y3 ?z ) ) ( succ ?x3 ?x4 ) ( succ ?y4 ?y3 ) ( true ( cell ?x4 ?y4 ?z ) ) ), ( <= ( line ?x ) ( row ?x ) ), ( <= ( line ?x ) ( column ?x ) ), ( <= ( line ?x ) ( diag ?x ) ), ( <= open ( empty ?c ?h ) ), ( <= terminal ( line r ) ), ( <= terminal ( line w ) ), ( <= terminal ( not open ) ), ( <= ( legal ?w ( drop ?c ) ) ( true ( cell ?c ?y2 b ) ) ( filled ?c ?y1 ) ( succ ?y1 ?y2 ) ( true ( control ?w ) ) ), ( <= ( legal white noop ) ( true ( control red ) ) ), ( <= ( legal red noop ) ( true ( control white ) ) ), ( <= ( goal white 100 ) ( line w ) ), ( <= ( goal white 50 ) ( not ( line r ) ) ( not ( line w ) ) ( not open ) ), ( <= ( goal white 0 ) ( line r ) ), ( <= ( goal red 100 ) ( line r ) ), ( <= ( goal red 50 ) ( not ( line r ) ) ( not ( line w ) ) ( not open ) ), ( <= ( goal red 0 ) ( line w ) ), ( <= ( goal ?w 70 ) ( role ?w ) ( not ( line r ) ) ( not ( line w ) ) open ), ( <= ( lte 0 ?x ) ( number ?x ) ), ( <= ( lte ?x ?x ) ( number ?x ) ), ( <= ( lte ?x ?z ) ( succ ?y ?z ) ( lte ?x ?y ) ), ( <= ( lte ?x ?y ) ( succ ?x ?y ) ), ( number 0 ), ( number 1 ), ( number 2 ), ( number 3 ), ( number 4 ), ( number 5 ), ( number 6 ), ( number 7 ), ( number 8 ), ( succ 0 1 ), ( succ 1 2 ), ( succ 2 3 ), ( succ 3 4 ), ( succ 4 5 ), ( succ 5 6 ), ( succ 6 7 ), ( succ 7 8 )]
LOG 1641856087855 [L3]: Start clock: 15
LOG 1641856087855 [L3]: Play clock: 20
LOG 1641856092846 [L0]: [Sent at 1641856092846] ready
LOG 1641856092847 [L0]: [Received at 1641856092847] ( PLAY 3.connect4.1641856087758 NIL )
LOG 1641856102848 [L0]: [Sent at 1641856102848] noop
LOG 1641856102851 [L0]: [Received at 1641856102851] ( PLAY 3.connect4.1641856087758 (( drop 4 ) noop ) )
LOG 1641856112851 [L0]: [Sent at 1641856112851] ( drop 4 )
LOG 1641856112854 [L0]: [Received at 1641856112854] ( PLAY 3.connect4.1641856087758 (noop ( drop 4 ) ) )
LOG 1641856122861 [L0]: [Sent at 1641856122861] noop
LOG 1641856122864 [L0]: [Received at 1641856122864] ( PLAY 3.connect4.1641856087758 (( drop 4 ) noop ) )
LOG 1641856132864 [L0]: [Sent at 1641856132864] ( drop 2 )
LOG 1641856132867 [L0]: [Received at 1641856132867] ( PLAY 3.connect4.1641856087758 (noop ( drop 2 ) ) )
LOG 1641856142867 [L0]: [Sent at 1641856142867] noop
LOG 1641856142893 [L0]: [Received at 1641856142893] ( PLAY 3.connect4.1641856087758 (( drop 4 ) noop ) )
LOG 1641856152893 [L0]: [Sent at 1641856152893] ( drop 6 )
LOG 1641856152900 [L0]: [Received at 1641856152900] ( PLAY 3.connect4.1641856087758 (noop ( drop 6 ) ) )
LOG 1641856162900 [L0]: [Sent at 1641856162900] noop
LOG 1641856162903 [L0]: [Received at 1641856162903] ( PLAY 3.connect4.1641856087758 (( drop 6 ) noop ) )
LOG 1641856172903 [L0]: [Sent at 1641856172903] ( drop 2 )
LOG 1641856172907 [L0]: [Received at 1641856172907] ( PLAY 3.connect4.1641856087758 (noop ( drop 2 ) ) )
LOG 1641856182908 [L0]: [Sent at 1641856182908] noop
LOG 1641856182912 [L0]: [Received at 1641856182912] ( PLAY 3.connect4.1641856087758 (( drop 2 ) noop ) )
LOG 1641856192913 [L0]: [Sent at 1641856192913] ( drop 6 )
LOG 1641856192916 [L0]: [Received at 1641856192916] ( PLAY 3.connect4.1641856087758 (noop ( drop 6 ) ) )
LOG 1641856202916 [L0]: [Sent at 1641856202916] noop
LOG 1641856202919 [L0]: [Received at 1641856202919] ( PLAY 3.connect4.1641856087758 (( drop 2 ) noop ) )
LOG 1641856212919 [L0]: [Sent at 1641856212919] ( drop 6 )
LOG 1641856212922 [L0]: [Received at 1641856212922] ( PLAY 3.connect4.1641856087758 (noop ( drop 6 ) ) )
LOG 1641856222922 [L0]: [Sent at 1641856222922] noop
LOG 1641856222925 [L0]: [Received at 1641856222925] ( PLAY 3.connect4.1641856087758 (( drop 7 ) noop ) )
LOG 1641856232927 [L0]: [Sent at 1641856232927] ( drop 6 )
LOG 1641856232931 [L0]: [Received at 1641856232931] ( PLAY 3.connect4.1641856087758 (noop ( drop 6 ) ) )
LOG 1641856242933 [L0]: [Sent at 1641856242933] noop
LOG 1641856242935 [L0]: [Received at 1641856242935] ( PLAY 3.connect4.1641856087758 (( drop 6 ) noop ) )
LOG 1641856252936 [L0]: [Sent at 1641856252936] ( drop 2 )
LOG 1641856252940 [L0]: [Received at 1641856252940] ( PLAY 3.connect4.1641856087758 (noop ( drop 2 ) ) )
LOG 1641856262942 [L0]: [Sent at 1641856262942] noop
LOG 1641856262944 [L0]: [Received at 1641856262944] ( PLAY 3.connect4.1641856087758 (( drop 2 ) noop ) )
LOG 1641856272945 [L0]: [Sent at 1641856272945] ( drop 7 )
LOG 1641856272948 [L0]: [Received at 1641856272948] ( PLAY 3.connect4.1641856087758 (noop ( drop 7 ) ) )
LOG 1641856282949 [L0]: [Sent at 1641856282949] noop
LOG 1641856282953 [L0]: [Received at 1641856282953] ( PLAY 3.connect4.1641856087758 (( drop 4 ) noop ) )
LOG 1641856292954 [L0]: [Sent at 1641856292954] ( drop 4 )
LOG 1641856292957 [L0]: [Received at 1641856292957] ( PLAY 3.connect4.1641856087758 (noop ( drop 4 ) ) )
LOG 1641856302959 [L0]: [Sent at 1641856302959] noop
LOG 1641856302962 [L0]: [Received at 1641856302962] ( PLAY 3.connect4.1641856087758 (( drop 7 ) noop ) )
LOG 1641856312962 [L0]: [Sent at 1641856312962] ( drop 7 )
LOG 1641856312965 [L0]: [Received at 1641856312965] ( PLAY 3.connect4.1641856087758 (noop ( drop 7 ) ) )
LOG 1641856322967 [L0]: [Sent at 1641856322967] noop
LOG 1641856322970 [L0]: [Received at 1641856322970] ( PLAY 3.connect4.1641856087758 (( drop 1 ) noop ) )
LOG 1641856332971 [L0]: [Sent at 1641856332971] ( drop 1 )
LOG 1641856332974 [L0]: [Received at 1641856332974] ( PLAY 3.connect4.1641856087758 (noop ( drop 1 ) ) )
LOG 1641856342975 [L0]: [Sent at 1641856342975] noop
LOG 1641856342978 [L0]: [Received at 1641856342978] ( PLAY 3.connect4.1641856087758 (( drop 1 ) noop ) )
LOG 1641856352978 [L0]: [Sent at 1641856352978] ( drop 1 )
LOG 1641856352981 [L0]: [Received at 1641856352981] ( PLAY 3.connect4.1641856087758 (noop ( drop 1 ) ) )
LOG 1641856362981 [L0]: [Sent at 1641856362981] noop
LOG 1641856362984 [L0]: [Received at 1641856362984] ( PLAY 3.connect4.1641856087758 (( drop 7 ) noop ) )
LOG 1641856372985 [L0]: [Sent at 1641856372985] ( drop 1 )
LOG 1641856372988 [L0]: [Received at 1641856372988] ( PLAY 3.connect4.1641856087758 (noop ( drop 1 ) ) )
LOG 1641856382988 [L0]: [Sent at 1641856382988] noop
LOG 1641856382992 [L0]: [Received at 1641856382992] ( PLAY 3.connect4.1641856087758 (( drop 7 ) noop ) )
LOG 1641856392992 [L0]: [Sent at 1641856392992] ( drop 5 )
LOG 1641856392995 [L0]: [Received at 1641856392995] ( PLAY 3.connect4.1641856087758 (noop ( drop 5 ) ) )
LOG 1641856402996 [L0]: [Sent at 1641856402996] noop
LOG 1641856402999 [L0]: [Received at 1641856402999] ( PLAY 3.connect4.1641856087758 (( drop 1 ) noop ) )
LOG 1641856413000 [L0]: [Sent at 1641856413000] ( drop 3 )
LOG 1641856413002 [L0]: [Received at 1641856413002] ( PLAY 3.connect4.1641856087758 (noop ( drop 3 ) ) )
LOG 1641856423002 [L0]: [Sent at 1641856423002] noop
LOG 1641856423007 [L0]: [Received at 1641856423007] ( PLAY 3.connect4.1641856087758 (( drop 3 ) noop ) )
LOG 1641856433007 [L0]: [Sent at 1641856433007] ( drop 3 )
LOG 1641856433011 [L0]: [Received at 1641856433011] ( PLAY 3.connect4.1641856087758 (noop ( drop 3 ) ) )
LOG 1641856443012 [L0]: [Sent at 1641856443012] noop
LOG 1641856443015 [L0]: [Received at 1641856443015] ( PLAY 3.connect4.1641856087758 (( drop 3 ) noop ) )
LOG 1641856453016 [L0]: [Sent at 1641856453016] ( drop 3 )
LOG 1641856453019 [L0]: [Received at 1641856453019] ( PLAY 3.connect4.1641856087758 (noop ( drop 3 ) ) )
LOG 1641856463020 [L0]: [Sent at 1641856463020] noop
LOG 1641856463023 [L0]: [Received at 1641856463023] ( PLAY 3.connect4.1641856087758 (( drop 3 ) noop ) )
LOG 1641856473024 [L0]: [Sent at 1641856473024] ( drop 5 )
LOG 1641856473027 [L0]: [Received at 1641856473027] ( PLAY 3.connect4.1641856087758 (noop ( drop 5 ) ) )
LOG 1641856483028 [L0]: [Sent at 1641856483028] noop
LOG 1641856483035 [L0]: [Received at 1641856483035] ( STOP 3.connect4.1641856087758 (( drop 5 ) noop ) )
LOG 1641856483037 [L3]: Stopped logging to files at: Tue Jan 11 00:14:43 CET 2022
LOG 1641856483037 [L3]: LOG SEALED
