LOG 1641836004355 [L3]: Started match logging at: Mon Jan 10 18:33:24 CET 2022
LOG 1641836004357 [L3]: Game rules: [( role white ), ( role black ), ( <= ( base ( cell ?x ?y ?p ) ) ( index ?x ) ( index ?y ) ( role ?p ) ), ( <= ( base ( control ?p ) ) ( role ?p ) ), ( <= ( input ?p noop ) ( role ?p ) ), ( <= ( input ?p ( move ?x1 ?y1 ?x2 ?y2 ) ) ( role ?p ) ( index ?x1 ) ( index ?x2 ) ( index ?y1 ) ( index ?y2 ) ), ( init ( cell 1 1 white ) ), ( init ( cell 2 1 white ) ), ( init ( cell 3 1 white ) ), ( init ( cell 4 1 white ) ), ( init ( cell 5 1 white ) ), ( init ( cell 6 1 white ) ), ( init ( cell 7 1 white ) ), ( init ( cell 8 1 white ) ), ( init ( cell 1 2 white ) ), ( init ( cell 2 2 white ) ), ( init ( cell 3 2 white ) ), ( init ( cell 4 2 white ) ), ( init ( cell 5 2 white ) ), ( init ( cell 6 2 white ) ), ( init ( cell 7 2 white ) ), ( init ( cell 8 2 white ) ), ( init ( cell 1 7 black ) ), ( init ( cell 2 7 black ) ), ( init ( cell 3 7 black ) ), ( init ( cell 4 7 black ) ), ( init ( cell 5 7 black ) ), ( init ( cell 6 7 black ) ), ( init ( cell 7 7 black ) ), ( init ( cell 8 7 black ) ), ( init ( cell 1 8 black ) ), ( init ( cell 2 8 black ) ), ( init ( cell 3 8 black ) ), ( init ( cell 4 8 black ) ), ( init ( cell 5 8 black ) ), ( init ( cell 6 8 black ) ), ( init ( cell 7 8 black ) ), ( init ( cell 8 8 black ) ), ( init ( control white ) ), ( <= ( legal white noop ) ( true ( control black ) ) ), ( <= ( legal black noop ) ( true ( control white ) ) ), ( <= ( legal white ( move ?x1 ?y1 ?x2 ?y2 ) ) ( true ( control white ) ) ( true ( cell ?x1 ?y1 white ) ) ( whiteknightmove ?x1 ?y1 ?x2 ?y2 ) ( not ( true ( cell ?x2 ?y2 white ) ) ) ), ( <= ( legal black ( move ?x1 ?y1 ?x2 ?y2 ) ) ( true ( control black ) ) ( true ( cell ?x1 ?y1 black ) ) ( blackknightmove ?x1 ?y1 ?x2 ?y2 ) ( not ( true ( cell ?x2 ?y2 black ) ) ) ), ( <= ( next ( cell ?x ?y ?state ) ) ( true ( cell ?x ?y ?state ) ) ( does ?player ( move ?x1 ?y1 ?x2 ?y2 ) ) ( distinctcell ?x ?y ?x1 ?y1 ) ( distinctcell ?x ?y ?x2 ?y2 ) ), ( <= ( next ( cell ?x2 ?y2 ?player ) ) ( does ?player ( move ?x1 ?y1 ?x2 ?y2 ) ) ), ( <= ( next ( control black ) ) ( true ( control white ) ) ), ( <= ( next ( control white ) ) ( true ( control black ) ) ), ( <= terminal whitewin ), ( <= terminal blackwin ), ( <= ( goal white 100 ) whitewin ), ( <= ( goal white 0 ) blackwin ), ( <= ( goal black 100 ) blackwin ), ( <= ( goal black 0 ) whitewin ), ( <= whitewin ( index ?x ) ( true ( cell ?x 8 white ) ) ), ( <= blackwin ( index ?x ) ( true ( cell ?x 1 black ) ) ), ( <= whitewin ( not ( hasAnyPiece black ) ) ), ( <= blackwin ( not ( hasAnyPiece white ) ) ), ( <= ( hasAnyPiece ?player ) ( true ( cell ?x ?y ?player ) ) ), ( <= ( whiteknightmove ?x1 ?y1 ?x2 ?y2 ) ( plus 1 ?x1 ?x2 ) ( plus 2 ?y1 ?y2 ) ), ( <= ( whiteknightmove ?x1 ?y1 ?x2 ?y2 ) ( plus 1 ?x2 ?x1 ) ( plus 2 ?y1 ?y2 ) ), ( <= ( whiteknightmove ?x1 ?y1 ?x2 ?y2 ) ( plus 2 ?x1 ?x2 ) ( plus 1 ?y1 ?y2 ) ), ( <= ( whiteknightmove ?x1 ?y1 ?x2 ?y2 ) ( plus 2 ?x2 ?x1 ) ( plus 1 ?y1 ?y2 ) ), ( <= ( blackknightmove ?x1 ?y1 ?x2 ?y2 ) ( plus 1 ?x1 ?x2 ) ( plus 2 ?y2 ?y1 ) ), ( <= ( blackknightmove ?x1 ?y1 ?x2 ?y2 ) ( plus 1 ?x2 ?x1 ) ( plus 2 ?y2 ?y1 ) ), ( <= ( blackknightmove ?x1 ?y1 ?x2 ?y2 ) ( plus 2 ?x1 ?x2 ) ( plus 1 ?y2 ?y1 ) ), ( <= ( blackknightmove ?x1 ?y1 ?x2 ?y2 ) ( plus 2 ?x2 ?x1 ) ( plus 1 ?y2 ?y1 ) ), ( <= ( cell ?x ?y ) ( index ?x ) ( index ?y ) ), ( <= ( distinctcell ?x1 ?y1 ?x2 ?y2 ) ( cell ?x1 ?y1 ) ( cell ?x2 ?y2 ) ( distinct ?x1 ?x2 ) ), ( <= ( distinctcell ?x1 ?y1 ?x2 ?y2 ) ( cell ?x1 ?y1 ) ( cell ?x2 ?y2 ) ( distinct ?y1 ?y2 ) ), ( index 1 ), ( index 2 ), ( index 3 ), ( index 4 ), ( index 5 ), ( index 6 ), ( index 7 ), ( index 8 ), ( plus 1 1 2 ), ( plus 1 2 3 ), ( plus 1 3 4 ), ( plus 1 4 5 ), ( plus 1 5 6 ), ( plus 1 6 7 ), ( plus 1 7 8 ), ( plus 2 1 3 ), ( plus 2 2 4 ), ( plus 2 3 5 ), ( plus 2 4 6 ), ( plus 2 5 7 ), ( plus 2 6 8 )]
LOG 1641836004363 [L3]: Start clock: 15
LOG 1641836004363 [L3]: Play clock: 10
LOG 1641836009355 [L0]: [Sent at 1641836009355] ready
LOG 1641836009358 [L0]: [Received at 1641836009358] ( PLAY 31.knightThrough.1641836002810 NIL )
LOG 1641836009359 [L0]: [Sent at 1641836009359] ( move 4 2 6 3 )
LOG 1641836009362 [L0]: [Received at 1641836009362] ( PLAY 31.knightThrough.1641836002810 (( move 4 2 6 3 ) noop ) )
LOG 1641836009368 [L0]: [Sent at 1641836009368] noop
LOG 1641836009370 [L0]: [Received at 1641836009370] ( PLAY 31.knightThrough.1641836002810 (noop ( move 3 7 1 6 ) ) )
LOG 1641836009383 [L0]: [Sent at 1641836009383] ( move 7 2 6 4 )
LOG 1641836009386 [L0]: [Received at 1641836009386] ( PLAY 31.knightThrough.1641836002810 (( move 7 2 6 4 ) noop ) )
LOG 1641836009396 [L0]: [Sent at 1641836009396] noop
LOG 1641836009398 [L0]: [Received at 1641836009398] ( PLAY 31.knightThrough.1641836002810 (noop ( move 1 7 3 6 ) ) )
LOG 1641836009400 [L0]: [Sent at 1641836009400] ( move 8 1 7 3 )
LOG 1641836009403 [L0]: [Received at 1641836009403] ( PLAY 31.knightThrough.1641836002810 (( move 8 1 7 3 ) noop ) )
LOG 1641836009404 [L0]: [Sent at 1641836009404] noop
LOG 1641836009407 [L0]: [Received at 1641836009407] ( PLAY 31.knightThrough.1641836002810 (noop ( move 4 8 5 6 ) ) )
LOG 1641836009408 [L0]: [Sent at 1641836009408] ( move 6 4 5 6 )
LOG 1641836009410 [L0]: [Received at 1641836009410] ( PLAY 31.knightThrough.1641836002810 (( move 6 4 5 6 ) noop ) )
LOG 1641836009411 [L0]: [Sent at 1641836009411] noop
LOG 1641836009413 [L0]: [Received at 1641836009413] ( PLAY 31.knightThrough.1641836002810 (noop ( move 3 8 1 7 ) ) )
LOG 1641836009414 [L0]: [Sent at 1641836009414] ( move 2 2 3 4 )
LOG 1641836009417 [L0]: [Received at 1641836009417] ( PLAY 31.knightThrough.1641836002810 (( move 2 2 3 4 ) noop ) )
LOG 1641836009418 [L0]: [Sent at 1641836009418] noop
LOG 1641836009420 [L0]: [Received at 1641836009420] ( PLAY 31.knightThrough.1641836002810 (noop ( move 5 8 4 6 ) ) )
LOG 1641836009421 [L0]: [Sent at 1641836009421] ( move 6 2 4 3 )
LOG 1641836009424 [L0]: [Received at 1641836009424] ( PLAY 31.knightThrough.1641836002810 (( move 6 2 4 3 ) noop ) )
LOG 1641836009425 [L0]: [Sent at 1641836009425] noop
LOG 1641836009427 [L0]: [Received at 1641836009427] ( PLAY 31.knightThrough.1641836002810 (noop ( move 6 8 5 6 ) ) )
LOG 1641836009429 [L0]: [Sent at 1641836009429] ( move 6 1 5 3 )
LOG 1641836009432 [L0]: [Received at 1641836009432] ( PLAY 31.knightThrough.1641836002810 (( move 6 1 5 3 ) noop ) )
LOG 1641836009433 [L0]: [Sent at 1641836009433] noop
LOG 1641836009436 [L0]: [Received at 1641836009436] ( PLAY 31.knightThrough.1641836002810 (noop ( move 2 7 1 5 ) ) )
LOG 1641836009437 [L0]: [Sent at 1641836009437] ( move 6 3 8 4 )
LOG 1641836009439 [L0]: [Received at 1641836009439] ( PLAY 31.knightThrough.1641836002810 (( move 6 3 8 4 ) noop ) )
LOG 1641836009441 [L0]: [Sent at 1641836009441] noop
LOG 1641836009444 [L0]: [Received at 1641836009444] ( PLAY 31.knightThrough.1641836002810 (noop ( move 6 7 5 5 ) ) )
LOG 1641836009445 [L0]: [Sent at 1641836009445] ( move 3 1 2 3 )
LOG 1641836009447 [L0]: [Received at 1641836009447] ( PLAY 31.knightThrough.1641836002810 (( move 3 1 2 3 ) noop ) )
LOG 1641836009449 [L0]: [Sent at 1641836009449] noop
LOG 1641836009451 [L0]: [Received at 1641836009451] ( PLAY 31.knightThrough.1641836002810 (noop ( move 1 7 2 5 ) ) )
LOG 1641836009453 [L0]: [Sent at 1641836009453] ( move 1 2 2 4 )
LOG 1641836009456 [L0]: [Received at 1641836009456] ( PLAY 31.knightThrough.1641836002810 (( move 1 2 2 4 ) noop ) )
LOG 1641836009457 [L0]: [Sent at 1641836009457] noop
LOG 1641836009458 [L0]: [Received at 1641836009458] ( PLAY 31.knightThrough.1641836002810 (noop ( move 5 5 4 3 ) ) )
LOG 1641836009460 [L0]: [Sent at 1641836009460] ( move 8 4 6 5 )
LOG 1641836009461 [L0]: [Received at 1641836009461] ( PLAY 31.knightThrough.1641836002810 (( move 8 4 6 5 ) noop ) )
LOG 1641836009463 [L0]: [Sent at 1641836009463] noop
LOG 1641836009466 [L0]: [Received at 1641836009466] ( PLAY 31.knightThrough.1641836002810 (noop ( move 7 8 6 6 ) ) )
LOG 1641836009467 [L0]: [Sent at 1641836009467] ( move 2 3 3 5 )
LOG 1641836009469 [L0]: [Received at 1641836009469] ( PLAY 31.knightThrough.1641836002810 (( move 2 3 3 5 ) noop ) )
LOG 1641836009470 [L0]: [Sent at 1641836009470] noop
LOG 1641836009472 [L0]: [Received at 1641836009472] ( PLAY 31.knightThrough.1641836002810 (noop ( move 4 6 5 4 ) ) )
LOG 1641836009473 [L0]: [Sent at 1641836009473] ( move 5 1 7 2 )
LOG 1641836009475 [L0]: [Received at 1641836009475] ( PLAY 31.knightThrough.1641836002810 (( move 5 1 7 2 ) noop ) )
LOG 1641836009477 [L0]: [Sent at 1641836009477] noop
LOG 1641836009478 [L0]: [Received at 1641836009478] ( PLAY 31.knightThrough.1641836002810 (noop ( move 5 4 3 3 ) ) )
LOG 1641836009480 [L0]: [Sent at 1641836009480] ( move 5 2 4 4 )
LOG 1641836009498 [L0]: [Received at 1641836009498] ( PLAY 31.knightThrough.1641836002810 (( move 5 2 4 4 ) noop ) )
LOG 1641836009500 [L0]: [Sent at 1641836009500] noop
LOG 1641836009502 [L0]: [Received at 1641836009502] ( PLAY 31.knightThrough.1641836002810 (noop ( move 7 7 6 5 ) ) )
LOG 1641836009503 [L0]: [Sent at 1641836009503] ( move 2 1 1 3 )
LOG 1641836009505 [L0]: [Received at 1641836009505] ( PLAY 31.knightThrough.1641836002810 (( move 2 1 1 3 ) noop ) )
LOG 1641836009506 [L0]: [Sent at 1641836009506] noop
LOG 1641836009508 [L0]: [Received at 1641836009508] ( STOP 31.knightThrough.1641836002810 (noop ( move 4 3 3 1 ) ) )
LOG 1641836009516 [L3]: Stopped logging to files at: Mon Jan 10 18:33:29 CET 2022
LOG 1641836009516 [L3]: LOG SEALED
