LOG 1641840690658 [L3]: Returning initial state machine.
LOG 1641840690658 [L3]: Returning PropNet state machine without cache.
LOG 1641840690660 [L3]: Starting metagame with available thinking time 4990ms.
LOG 1641840690661 [L3]: Starting search during metagame.
LOG 1641840702787 [L3]: Done searching during metagame.
LOG 1641840702790 [L3]: Starting move selection for game step 1 with available time 0ms.
LOG 1641840702790 [L3]: No time to select next move using MCTS. Returning random move noop.
LOG 1641840702794 [L3]: Starting move selection for game step 2 with available time 0ms.
LOG 1641840702795 [L3]: No time to select next move using MCTS. Returning random move ( mark r7 c5 ).
LOG 1641840702798 [L3]: Starting move selection for game step 3 with available time 0ms.
LOG 1641840702805 [L3]: No time to select next move using MCTS. Returning random move noop.
LOG 1641840702810 [L3]: Starting move selection for game step 4 with available time 0ms.
LOG 1641840702810 [L3]: No time to select next move using MCTS. Returning random move ( block r3 c1 ).
LOG 1641840702813 [L3]: Starting move selection for game step 5 with available time 0ms.
LOG 1641840702814 [L3]: No time to select next move using MCTS. Returning random move ( mark r4 c1 ).
LOG 1641840702818 [L3]: Starting move selection for game step 6 with available time 0ms.
LOG 1641840702819 [L3]: No time to select next move using MCTS. Returning random move noop.
LOG 1641840702822 [L3]: Starting move selection for game step 7 with available time 0ms.
LOG 1641840702822 [L3]: No time to select next move using MCTS. Returning random move noop.
LOG 1641840702826 [L3]: Starting move selection for game step 8 with available time 0ms.
LOG 1641840702826 [L3]: No time to select next move using MCTS. Returning random move noop.
LOG 1641840702829 [L3]: Starting move selection for game step 9 with available time 0ms.
LOG 1641840702829 [L3]: No time to select next move using MCTS. Returning random move noop.
LOG 1641840702837 [L3]: Starting move selection for game step 10 with available time 0ms.
LOG 1641840702837 [L3]: No time to select next move using MCTS. Returning random move ( block r7 c3 ).
LOG 1641840702840 [L3]: Starting move selection for game step 11 with available time 0ms.
LOG 1641840702840 [L3]: No time to select next move using MCTS. Returning random move ( block r4 c3 ).
LOG 1641840702844 [L3]: Starting move selection for game step 12 with available time 0ms.
LOG 1641840702844 [L3]: No time to select next move using MCTS. Returning random move ( block r5 c1 ).
LOG 1641840702847 [L3]: Starting move selection for game step 13 with available time 0ms.
LOG 1641840702848 [L3]: No time to select next move using MCTS. Returning random move ( block r6 c2 ).
LOG 1641840702851 [L3]: Starting move selection for game step 14 with available time 0ms.
LOG 1641840702851 [L3]: No time to select next move using MCTS. Returning random move ( mark r4 c5 ).
LOG 1641840702861 [L3]: Starting move selection for game step 15 with available time 0ms.
LOG 1641840702861 [L3]: No time to select next move using MCTS. Returning random move noop.
LOG 1641840702864 [L3]: Starting move selection for game step 16 with available time 0ms.
LOG 1641840702865 [L3]: No time to select next move using MCTS. Returning random move noop.
LOG 1641840702868 [L3]: Starting move selection for game step 17 with available time 0ms.
LOG 1641840702868 [L3]: No time to select next move using MCTS. Returning random move noop.
LOG 1641840702892 [L3]: Starting move selection for game step 18 with available time 0ms.
LOG 1641840702892 [L3]: No time to select next move using MCTS. Returning random move ( mark r4 c2 ).
LOG 1641840702911 [L3]: Starting move selection for game step 19 with available time 0ms.
LOG 1641840702912 [L3]: No time to select next move using MCTS. Returning random move noop.
LOG 1641840702955 [L3]: Starting move selection for game step 20 with available time 0ms.
LOG 1641840702956 [L3]: No time to select next move using MCTS. Returning random move ( mark r6 c5 ).
LOG 1641840702989 [L3]: Starting move selection for game step 21 with available time 0ms.
LOG 1641840702989 [L3]: No time to select next move using MCTS. Returning random move noop.
LOG 1641840703064 [L3]: Starting move selection for game step 22 with available time 0ms.
LOG 1641840703064 [L3]: No time to select next move using MCTS. Returning random move ( mark r1 c2 ).
LOG 1641840703109 [L3]: Starting move selection for game step 23 with available time 0ms.
LOG 1641840703109 [L3]: No time to select next move using MCTS. Returning random move noop.
LOG 1641840703226 [L3]: Starting move selection for game step 24 with available time 0ms.
LOG 1641840703226 [L3]: No time to select next move using MCTS. Returning random move ( mark r2 c1 ).
LOG 1641840703279 [L3]: Starting move selection for game step 25 with available time 0ms.
LOG 1641840703279 [L3]: No time to select next move using MCTS. Returning random move noop.
LOG 1641840703456 [L3]: Starting move selection for game step 26 with available time 0ms.
LOG 1641840703456 [L3]: No time to select next move using MCTS. Returning random move ( mark r3 c2 ).
LOG 1641840703608 [L3]: Starting move selection for game step 27 with available time 0ms.
LOG 1641840703608 [L3]: No time to select next move using MCTS. Returning random move noop.
LOG 1641840703745 [L3]: Starting move selection for game step 28 with available time 0ms.
LOG 1641840703746 [L3]: No time to select next move using MCTS. Returning random move ( mark r3 c7 ).
LOG 1641840703868 [L3]: Starting move selection for game step 29 with available time 0ms.
LOG 1641840703869 [L3]: No time to select next move using MCTS. Returning random move noop.
LOG 1641840704079 [L3]: Starting move selection for game step 30 with available time 0ms.
LOG 1641840704080 [L3]: No time to select next move using MCTS. Returning random move ( mark r6 c4 ).
LOG 1641840704300 [L3]: Starting move selection for game step 31 with available time 0ms.
LOG 1641840704301 [L3]: No time to select next move using MCTS. Returning random move noop.
LOG 1641840704600 [L3]: Starting move selection for game step 32 with available time 0ms.
LOG 1641840704600 [L3]: No time to select next move using MCTS. Returning random move ( mark r5 c6 ).
LOG 1641840704896 [L3]: Starting move selection for game step 33 with available time 0ms.
LOG 1641840704896 [L3]: No time to select next move using MCTS. Returning random move noop.
LOG 1641840705302 [L3]: Starting move selection for game step 34 with available time 0ms.
LOG 1641840705302 [L3]: No time to select next move using MCTS. Returning random move ( mark r5 c4 ).
