LOG 1641833018310 [L3]: Returning initial state machine.
LOG 1641833018310 [L3]: Returning PropNet state machine without cache.
LOG 1641833018315 [L3]: Starting metagame with available thinking time 4978ms.
LOG 1641833018322 [L3]: Starting search during metagame.
LOG 1641833023293 [L3]: Done searching during metagame.
LOG 1641833023308 [L3]: Starting move selection for game step 1 with available time 0ms.
LOG 1641833023308 [L3]: No time to select next move using MCTS. Returning random move ( drop 2 ).
LOG 1641833023321 [L3]: Starting move selection for game step 2 with available time 0ms.
LOG 1641833023335 [L3]: No time to select next move using MCTS. Returning random move noop.
LOG 1641833023341 [L3]: Starting move selection for game step 3 with available time 0ms.
LOG 1641833023353 [L3]: No time to select next move using MCTS. Returning random move ( drop 6 ).
LOG 1641833023365 [L3]: Starting move selection for game step 4 with available time 0ms.
LOG 1641833023383 [L3]: No time to select next move using MCTS. Returning random move noop.
LOG 1641833023393 [L3]: Starting move selection for game step 5 with available time 0ms.
LOG 1641833023393 [L3]: No time to select next move using MCTS. Returning random move ( drop 2 ).
LOG 1641833023403 [L3]: Starting move selection for game step 6 with available time 0ms.
LOG 1641833023404 [L3]: No time to select next move using MCTS. Returning random move noop.
LOG 1641833023414 [L3]: Starting move selection for game step 7 with available time 0ms.
LOG 1641833023414 [L3]: No time to select next move using MCTS. Returning random move ( drop 7 ).
LOG 1641833023422 [L3]: Starting move selection for game step 8 with available time 0ms.
LOG 1641833023422 [L3]: No time to select next move using MCTS. Returning random move noop.
LOG 1641833023430 [L3]: Starting move selection for game step 9 with available time 0ms.
LOG 1641833023431 [L3]: No time to select next move using MCTS. Returning random move ( drop 2 ).
LOG 1641833023440 [L3]: Starting move selection for game step 10 with available time 0ms.
LOG 1641833023440 [L3]: No time to select next move using MCTS. Returning random move noop.
LOG 1641833023447 [L3]: Starting move selection for game step 11 with available time 0ms.
LOG 1641833023447 [L3]: No time to select next move using MCTS. Returning random move ( drop 5 ).
LOG 1641833023457 [L3]: Starting move selection for game step 12 with available time 0ms.
LOG 1641833023457 [L3]: No time to select next move using MCTS. Returning random move noop.
LOG 1641833023463 [L3]: Starting move selection for game step 13 with available time 0ms.
LOG 1641833023464 [L3]: No time to select next move using MCTS. Returning random move ( drop 4 ).
LOG 1641833023473 [L3]: Starting move selection for game step 14 with available time 0ms.
LOG 1641833023474 [L3]: No time to select next move using MCTS. Returning random move noop.
LOG 1641833023482 [L3]: Starting move selection for game step 15 with available time 0ms.
LOG 1641833023482 [L3]: No time to select next move using MCTS. Returning random move ( drop 6 ).
LOG 1641833023491 [L3]: Starting move selection for game step 16 with available time 0ms.
LOG 1641833023491 [L3]: No time to select next move using MCTS. Returning random move noop.
LOG 1641833023499 [L3]: Starting move selection for game step 17 with available time 0ms.
LOG 1641833023499 [L3]: No time to select next move using MCTS. Returning random move ( drop 2 ).
LOG 1641833023508 [L3]: Starting move selection for game step 18 with available time -1ms.
LOG 1641833023508 [L3]: No time to select next move using MCTS. Returning random move noop.
LOG 1641833023515 [L3]: Starting move selection for game step 19 with available time 0ms.
LOG 1641833023516 [L3]: No time to select next move using MCTS. Returning random move ( drop 7 ).
LOG 1641833023523 [L3]: Starting move selection for game step 20 with available time 0ms.
LOG 1641833023524 [L3]: No time to select next move using MCTS. Returning random move noop.
LOG 1641833023531 [L3]: Starting move selection for game step 21 with available time 0ms.
LOG 1641833023532 [L3]: No time to select next move using MCTS. Returning random move ( drop 5 ).
LOG 1641833023540 [L3]: Starting move selection for game step 22 with available time 0ms.
LOG 1641833023541 [L3]: No time to select next move using MCTS. Returning random move noop.
