LOG 1641835252987 [L3]: Started match logging at: Mon Jan 10 18:20:52 CET 2022
LOG 1641835252988 [L3]: Game rules: [( role white ), ( role black ), ( <= ( base ( cell ?x ?y ?p ) ) ( index ?x ) ( index ?y ) ( role ?p ) ), ( <= ( base ( control ?p ) ) ( role ?p ) ), ( <= ( input ?p noop ) ( role ?p ) ), ( <= ( input ?p ( move ?x1 ?y1 ?x2 ?y2 ) ) ( role ?p ) ( index ?x1 ) ( index ?x2 ) ( index ?y1 ) ( index ?y2 ) ), ( init ( cell 1 1 white ) ), ( init ( cell 2 1 white ) ), ( init ( cell 3 1 white ) ), ( init ( cell 4 1 white ) ), ( init ( cell 5 1 white ) ), ( init ( cell 6 1 white ) ), ( init ( cell 7 1 white ) ), ( init ( cell 8 1 white ) ), ( init ( cell 1 2 white ) ), ( init ( cell 2 2 white ) ), ( init ( cell 3 2 white ) ), ( init ( cell 4 2 white ) ), ( init ( cell 5 2 white ) ), ( init ( cell 6 2 white ) ), ( init ( cell 7 2 white ) ), ( init ( cell 8 2 white ) ), ( init ( cell 1 7 black ) ), ( init ( cell 2 7 black ) ), ( init ( cell 3 7 black ) ), ( init ( cell 4 7 black ) ), ( init ( cell 5 7 black ) ), ( init ( cell 6 7 black ) ), ( init ( cell 7 7 black ) ), ( init ( cell 8 7 black ) ), ( init ( cell 1 8 black ) ), ( init ( cell 2 8 black ) ), ( init ( cell 3 8 black ) ), ( init ( cell 4 8 black ) ), ( init ( cell 5 8 black ) ), ( init ( cell 6 8 black ) ), ( init ( cell 7 8 black ) ), ( init ( cell 8 8 black ) ), ( init ( control white ) ), ( <= ( legal white noop ) ( true ( control black ) ) ), ( <= ( legal black noop ) ( true ( control white ) ) ), ( <= ( legal white ( move ?x1 ?y1 ?x2 ?y2 ) ) ( true ( control white ) ) ( true ( cell ?x1 ?y1 white ) ) ( whiteknightmove ?x1 ?y1 ?x2 ?y2 ) ( not ( true ( cell ?x2 ?y2 white ) ) ) ), ( <= ( legal black ( move ?x1 ?y1 ?x2 ?y2 ) ) ( true ( control black ) ) ( true ( cell ?x1 ?y1 black ) ) ( blackknightmove ?x1 ?y1 ?x2 ?y2 ) ( not ( true ( cell ?x2 ?y2 black ) ) ) ), ( <= ( next ( cell ?x ?y ?state ) ) ( true ( cell ?x ?y ?state ) ) ( does ?player ( move ?x1 ?y1 ?x2 ?y2 ) ) ( distinctcell ?x ?y ?x1 ?y1 ) ( distinctcell ?x ?y ?x2 ?y2 ) ), ( <= ( next ( cell ?x2 ?y2 ?player ) ) ( does ?player ( move ?x1 ?y1 ?x2 ?y2 ) ) ), ( <= ( next ( control black ) ) ( true ( control white ) ) ), ( <= ( next ( control white ) ) ( true ( control black ) ) ), ( <= terminal whitewin ), ( <= terminal blackwin ), ( <= ( goal white 100 ) whitewin ), ( <= ( goal white 0 ) blackwin ), ( <= ( goal black 100 ) blackwin ), ( <= ( goal black 0 ) whitewin ), ( <= whitewin ( index ?x ) ( true ( cell ?x 8 white ) ) ), ( <= blackwin ( index ?x ) ( true ( cell ?x 1 black ) ) ), ( <= whitewin ( not ( hasAnyPiece black ) ) ), ( <= blackwin ( not ( hasAnyPiece white ) ) ), ( <= ( hasAnyPiece ?player ) ( true ( cell ?x ?y ?player ) ) ), ( <= ( whiteknightmove ?x1 ?y1 ?x2 ?y2 ) ( plus 1 ?x1 ?x2 ) ( plus 2 ?y1 ?y2 ) ), ( <= ( whiteknightmove ?x1 ?y1 ?x2 ?y2 ) ( plus 1 ?x2 ?x1 ) ( plus 2 ?y1 ?y2 ) ), ( <= ( whiteknightmove ?x1 ?y1 ?x2 ?y2 ) ( plus 2 ?x1 ?x2 ) ( plus 1 ?y1 ?y2 ) ), ( <= ( whiteknightmove ?x1 ?y1 ?x2 ?y2 ) ( plus 2 ?x2 ?x1 ) ( plus 1 ?y1 ?y2 ) ), ( <= ( blackknightmove ?x1 ?y1 ?x2 ?y2 ) ( plus 1 ?x1 ?x2 ) ( plus 2 ?y2 ?y1 ) ), ( <= ( blackknightmove ?x1 ?y1 ?x2 ?y2 ) ( plus 1 ?x2 ?x1 ) ( plus 2 ?y2 ?y1 ) ), ( <= ( blackknightmove ?x1 ?y1 ?x2 ?y2 ) ( plus 2 ?x1 ?x2 ) ( plus 1 ?y2 ?y1 ) ), ( <= ( blackknightmove ?x1 ?y1 ?x2 ?y2 ) ( plus 2 ?x2 ?x1 ) ( plus 1 ?y2 ?y1 ) ), ( <= ( cell ?x ?y ) ( index ?x ) ( index ?y ) ), ( <= ( distinctcell ?x1 ?y1 ?x2 ?y2 ) ( cell ?x1 ?y1 ) ( cell ?x2 ?y2 ) ( distinct ?x1 ?x2 ) ), ( <= ( distinctcell ?x1 ?y1 ?x2 ?y2 ) ( cell ?x1 ?y1 ) ( cell ?x2 ?y2 ) ( distinct ?y1 ?y2 ) ), ( index 1 ), ( index 2 ), ( index 3 ), ( index 4 ), ( index 5 ), ( index 6 ), ( index 7 ), ( index 8 ), ( plus 1 1 2 ), ( plus 1 2 3 ), ( plus 1 3 4 ), ( plus 1 4 5 ), ( plus 1 5 6 ), ( plus 1 6 7 ), ( plus 1 7 8 ), ( plus 2 1 3 ), ( plus 2 2 4 ), ( plus 2 3 5 ), ( plus 2 4 6 ), ( plus 2 5 7 ), ( plus 2 6 8 )]
LOG 1641835252995 [L3]: Start clock: 15
LOG 1641835252996 [L3]: Play clock: 10
LOG 1641835257987 [L0]: [Sent at 1641835257987] ready
LOG 1641835257990 [L0]: [Received at 1641835257990] ( PLAY 1.knightThrough.1641835251064 NIL )
LOG 1641835257992 [L0]: [Sent at 1641835257992] noop
LOG 1641835257997 [L0]: [Received at 1641835257997] ( PLAY 1.knightThrough.1641835251064 (( move 5 2 7 3 ) noop ) )
LOG 1641835258001 [L0]: [Sent at 1641835258001] ( move 4 8 5 6 )
LOG 1641835258010 [L0]: [Received at 1641835258010] ( PLAY 1.knightThrough.1641835251064 (noop ( move 4 8 5 6 ) ) )
LOG 1641835258020 [L0]: [Sent at 1641835258020] noop
LOG 1641835258026 [L0]: [Received at 1641835258026] ( PLAY 1.knightThrough.1641835251064 (( move 5 1 4 3 ) noop ) )
LOG 1641835258030 [L0]: [Sent at 1641835258030] ( move 6 7 4 6 )
LOG 1641835258037 [L0]: [Received at 1641835258037] ( PLAY 1.knightThrough.1641835251064 (noop ( move 6 7 4 6 ) ) )
LOG 1641835258039 [L0]: [Sent at 1641835258039] noop
LOG 1641835258043 [L0]: [Received at 1641835258043] ( PLAY 1.knightThrough.1641835251064 (( move 7 1 5 2 ) noop ) )
LOG 1641835258045 [L0]: [Sent at 1641835258045] ( move 3 7 4 5 )
LOG 1641835258049 [L0]: [Received at 1641835258049] ( PLAY 1.knightThrough.1641835251064 (noop ( move 3 7 4 5 ) ) )
LOG 1641835258051 [L0]: [Sent at 1641835258051] noop
LOG 1641835258055 [L0]: [Received at 1641835258055] ( PLAY 1.knightThrough.1641835251064 (( move 3 1 2 3 ) noop ) )
LOG 1641835258057 [L0]: [Sent at 1641835258057] ( move 4 5 3 3 )
LOG 1641835258060 [L0]: [Received at 1641835258060] ( PLAY 1.knightThrough.1641835251064 (noop ( move 4 5 3 3 ) ) )
LOG 1641835258062 [L0]: [Sent at 1641835258062] noop
LOG 1641835258067 [L0]: [Received at 1641835258067] ( PLAY 1.knightThrough.1641835251064 (( move 8 2 7 4 ) noop ) )
LOG 1641835258068 [L0]: [Sent at 1641835258068] ( move 4 6 6 5 )
LOG 1641835258072 [L0]: [Received at 1641835258072] ( PLAY 1.knightThrough.1641835251064 (noop ( move 4 6 6 5 ) ) )
LOG 1641835258074 [L0]: [Sent at 1641835258074] noop
LOG 1641835258076 [L0]: [Received at 1641835258076] ( PLAY 1.knightThrough.1641835251064 (( move 2 1 3 3 ) noop ) )
LOG 1641835258078 [L0]: [Sent at 1641835258078] ( move 6 5 8 4 )
LOG 1641835258080 [L0]: [Received at 1641835258080] ( PLAY 1.knightThrough.1641835251064 (noop ( move 6 5 8 4 ) ) )
LOG 1641835258082 [L0]: [Sent at 1641835258082] noop
LOG 1641835258084 [L0]: [Received at 1641835258084] ( PLAY 1.knightThrough.1641835251064 (( move 7 3 5 4 ) noop ) )
LOG 1641835258086 [L0]: [Sent at 1641835258086] ( move 8 4 6 3 )
LOG 1641835258089 [L0]: [Received at 1641835258089] ( PLAY 1.knightThrough.1641835251064 (noop ( move 8 4 6 3 ) ) )
LOG 1641835258090 [L0]: [Sent at 1641835258090] noop
LOG 1641835258093 [L0]: [Received at 1641835258093] ( PLAY 1.knightThrough.1641835251064 (( move 7 2 8 4 ) noop ) )
LOG 1641835258095 [L0]: [Sent at 1641835258095] ( move 1 8 3 7 )
LOG 1641835258098 [L0]: [Received at 1641835258098] ( PLAY 1.knightThrough.1641835251064 (noop ( move 1 8 3 7 ) ) )
LOG 1641835258099 [L0]: [Sent at 1641835258099] noop
LOG 1641835258102 [L0]: [Received at 1641835258102] ( PLAY 1.knightThrough.1641835251064 (( move 4 2 3 4 ) noop ) )
LOG 1641835258103 [L0]: [Sent at 1641835258103] ( move 3 8 2 6 )
LOG 1641835258106 [L0]: [Received at 1641835258106] ( PLAY 1.knightThrough.1641835251064 (noop ( move 3 8 2 6 ) ) )
LOG 1641835258108 [L0]: [Sent at 1641835258108] noop
LOG 1641835258111 [L0]: [Received at 1641835258111] ( PLAY 1.knightThrough.1641835251064 (( move 8 4 7 6 ) noop ) )
LOG 1641835258112 [L0]: [Sent at 1641835258112] ( move 8 7 7 5 )
LOG 1641835258126 [L0]: [Received at 1641835258126] ( PLAY 1.knightThrough.1641835251064 (noop ( move 8 7 7 5 ) ) )
LOG 1641835258128 [L0]: [Sent at 1641835258128] noop
LOG 1641835258130 [L0]: [Received at 1641835258130] ( PLAY 1.knightThrough.1641835251064 (( move 5 4 3 5 ) noop ) )
LOG 1641835258132 [L0]: [Sent at 1641835258132] ( move 2 7 3 5 )
LOG 1641835258134 [L0]: [Received at 1641835258134] ( PLAY 1.knightThrough.1641835251064 (noop ( move 2 7 3 5 ) ) )
LOG 1641835258135 [L0]: [Sent at 1641835258135] noop
LOG 1641835258137 [L0]: [Received at 1641835258137] ( PLAY 1.knightThrough.1641835251064 (( move 6 1 4 2 ) noop ) )
LOG 1641835258139 [L0]: [Sent at 1641835258139] ( move 2 8 1 6 )
LOG 1641835258141 [L0]: [Received at 1641835258141] ( PLAY 1.knightThrough.1641835251064 (noop ( move 2 8 1 6 ) ) )
LOG 1641835258143 [L0]: [Sent at 1641835258143] noop
LOG 1641835258145 [L0]: [Received at 1641835258145] ( PLAY 1.knightThrough.1641835251064 (( move 2 3 3 5 ) noop ) )
LOG 1641835258146 [L0]: [Sent at 1641835258146] ( move 5 6 4 4 )
LOG 1641835258149 [L0]: [Received at 1641835258149] ( PLAY 1.knightThrough.1641835251064 (noop ( move 5 6 4 4 ) ) )
LOG 1641835258151 [L0]: [Sent at 1641835258151] noop
LOG 1641835258154 [L0]: [Received at 1641835258154] ( PLAY 1.knightThrough.1641835251064 (( move 3 4 1 5 ) noop ) )
LOG 1641835258155 [L0]: [Sent at 1641835258155] ( move 6 3 7 1 )
LOG 1641835258158 [L0]: [Received at 1641835258158] ( STOP 1.knightThrough.1641835251064 (noop ( move 6 3 7 1 ) ) )
LOG 1641835258159 [L3]: Stopped logging to files at: Mon Jan 10 18:20:58 CET 2022
LOG 1641835258159 [L3]: LOG SEALED
