LOG 1641834054177 [L3]: Returning initial state machine.
LOG 1641834054178 [L3]: Returning PropNet state machine without cache.
LOG 1641834054178 [L3]: Starting metagame with available thinking time 4990ms.
LOG 1641834054180 [L3]: Starting search during metagame.
LOG 1641834059168 [L3]: Done searching during metagame.
LOG 1641834059172 [L3]: Starting move selection for game step 1 with available time 0ms.
LOG 1641834059172 [L3]: No time to select next move using MCTS. Returning random move ( move 5 2 4 3 ).
LOG 1641834059176 [L3]: Starting move selection for game step 2 with available time 0ms.
LOG 1641834059178 [L3]: No time to select next move using MCTS. Returning random move noop.
LOG 1641834059181 [L3]: Starting move selection for game step 3 with available time 0ms.
LOG 1641834059183 [L3]: No time to select next move using MCTS. Returning random move ( move 4 3 3 4 ).
LOG 1641834059187 [L3]: Starting move selection for game step 4 with available time 0ms.
LOG 1641834059188 [L3]: No time to select next move using MCTS. Returning random move noop.
LOG 1641834059192 [L3]: Starting move selection for game step 5 with available time 0ms.
LOG 1641834059193 [L3]: No time to select next move using MCTS. Returning random move ( move 7 2 8 3 ).
LOG 1641834059197 [L3]: Starting move selection for game step 6 with available time 0ms.
LOG 1641834059197 [L3]: No time to select next move using MCTS. Returning random move noop.
LOG 1641834059202 [L3]: Starting move selection for game step 7 with available time 0ms.
LOG 1641834059202 [L3]: No time to select next move using MCTS. Returning random move ( move 6 2 7 3 ).
LOG 1641834059206 [L3]: Starting move selection for game step 8 with available time 0ms.
LOG 1641834059207 [L3]: No time to select next move using MCTS. Returning random move noop.
LOG 1641834059211 [L3]: Starting move selection for game step 9 with available time 0ms.
LOG 1641834059211 [L3]: No time to select next move using MCTS. Returning random move ( move 2 2 2 3 ).
LOG 1641834059215 [L3]: Starting move selection for game step 10 with available time 0ms.
LOG 1641834059215 [L3]: No time to select next move using MCTS. Returning random move noop.
LOG 1641834059219 [L3]: Starting move selection for game step 11 with available time 0ms.
LOG 1641834059220 [L3]: No time to select next move using MCTS. Returning random move ( move 3 2 4 3 ).
LOG 1641834059223 [L3]: Starting move selection for game step 12 with available time 0ms.
LOG 1641834059224 [L3]: No time to select next move using MCTS. Returning random move noop.
LOG 1641834059228 [L3]: Starting move selection for game step 13 with available time 0ms.
LOG 1641834059228 [L3]: No time to select next move using MCTS. Returning random move ( move 3 1 2 2 ).
LOG 1641834059232 [L3]: Starting move selection for game step 14 with available time 0ms.
LOG 1641834059232 [L3]: No time to select next move using MCTS. Returning random move noop.
LOG 1641834059236 [L3]: Starting move selection for game step 15 with available time 0ms.
LOG 1641834059236 [L3]: No time to select next move using MCTS. Returning random move ( move 3 4 2 5 ).
LOG 1641834059240 [L3]: Starting move selection for game step 16 with available time 0ms.
LOG 1641834059241 [L3]: No time to select next move using MCTS. Returning random move noop.
LOG 1641834059244 [L3]: Starting move selection for game step 17 with available time 0ms.
LOG 1641834059245 [L3]: No time to select next move using MCTS. Returning random move ( move 8 3 7 4 ).
LOG 1641834059248 [L3]: Starting move selection for game step 18 with available time 0ms.
LOG 1641834059249 [L3]: No time to select next move using MCTS. Returning random move noop.
LOG 1641834059253 [L3]: Starting move selection for game step 19 with available time 0ms.
LOG 1641834059253 [L3]: No time to select next move using MCTS. Returning random move ( move 4 3 4 4 ).
LOG 1641834059257 [L3]: Starting move selection for game step 20 with available time 0ms.
LOG 1641834059257 [L3]: No time to select next move using MCTS. Returning random move noop.
LOG 1641834059262 [L3]: Starting move selection for game step 21 with available time 0ms.
LOG 1641834059263 [L3]: No time to select next move using MCTS. Returning random move ( move 2 2 3 3 ).
LOG 1641834059266 [L3]: Starting move selection for game step 22 with available time 0ms.
LOG 1641834059267 [L3]: No time to select next move using MCTS. Returning random move noop.
LOG 1641834059272 [L3]: Starting move selection for game step 23 with available time 0ms.
LOG 1641834059272 [L3]: No time to select next move using MCTS. Returning random move ( move 7 3 6 4 ).
LOG 1641834059276 [L3]: Starting move selection for game step 24 with available time 0ms.
LOG 1641834059276 [L3]: No time to select next move using MCTS. Returning random move noop.
LOG 1641834059280 [L3]: Starting move selection for game step 25 with available time 0ms.
LOG 1641834059281 [L3]: No time to select next move using MCTS. Returning random move ( move 4 2 4 3 ).
LOG 1641834059284 [L3]: Starting move selection for game step 26 with available time 0ms.
LOG 1641834059285 [L3]: No time to select next move using MCTS. Returning random move noop.
LOG 1641834059290 [L3]: Starting move selection for game step 27 with available time -1ms.
LOG 1641834059290 [L3]: No time to select next move using MCTS. Returning random move ( move 6 4 7 5 ).
LOG 1641834059293 [L3]: Starting move selection for game step 28 with available time 0ms.
LOG 1641834059293 [L3]: No time to select next move using MCTS. Returning random move noop.
LOG 1641834059298 [L3]: Starting move selection for game step 29 with available time 0ms.
LOG 1641834059298 [L3]: No time to select next move using MCTS. Returning random move ( move 7 5 8 6 ).
LOG 1641834059302 [L3]: Starting move selection for game step 30 with available time -1ms.
LOG 1641834059302 [L3]: No time to select next move using MCTS. Returning random move noop.
LOG 1641834059306 [L3]: Starting move selection for game step 31 with available time 0ms.
LOG 1641834059306 [L3]: No time to select next move using MCTS. Returning random move ( move 4 4 5 5 ).
LOG 1641834059310 [L3]: Starting move selection for game step 32 with available time 0ms.
LOG 1641834059310 [L3]: No time to select next move using MCTS. Returning random move noop.
LOG 1641834059314 [L3]: Starting move selection for game step 33 with available time 0ms.
LOG 1641834059314 [L3]: No time to select next move using MCTS. Returning random move ( move 6 1 5 2 ).
LOG 1641834059318 [L3]: Starting move selection for game step 34 with available time 0ms.
LOG 1641834059318 [L3]: No time to select next move using MCTS. Returning random move noop.
LOG 1641834059322 [L3]: Starting move selection for game step 35 with available time 0ms.
LOG 1641834059323 [L3]: No time to select next move using MCTS. Returning random move ( move 7 4 8 5 ).
LOG 1641834059326 [L3]: Starting move selection for game step 36 with available time 0ms.
LOG 1641834059326 [L3]: No time to select next move using MCTS. Returning random move noop.
LOG 1641834059330 [L3]: Starting move selection for game step 37 with available time 0ms.
LOG 1641834059330 [L3]: No time to select next move using MCTS. Returning random move ( move 2 5 1 6 ).
LOG 1641834059334 [L3]: Starting move selection for game step 38 with available time 0ms.
LOG 1641834059334 [L3]: No time to select next move using MCTS. Returning random move noop.
LOG 1641834059338 [L3]: Starting move selection for game step 39 with available time 0ms.
LOG 1641834059338 [L3]: No time to select next move using MCTS. Returning random move ( move 5 2 5 3 ).
LOG 1641834059343 [L3]: Starting move selection for game step 40 with available time 0ms.
LOG 1641834059344 [L3]: No time to select next move using MCTS. Returning random move noop.
LOG 1641834059355 [L3]: Starting move selection for game step 41 with available time 0ms.
LOG 1641834059355 [L3]: No time to select next move using MCTS. Returning random move ( move 5 3 4 4 ).
LOG 1641834059359 [L3]: Starting move selection for game step 42 with available time 0ms.
LOG 1641834059359 [L3]: No time to select next move using MCTS. Returning random move noop.
LOG 1641834059363 [L3]: Starting move selection for game step 43 with available time 0ms.
LOG 1641834059363 [L3]: No time to select next move using MCTS. Returning random move ( move 1 1 2 2 ).
LOG 1641834059367 [L3]: Starting move selection for game step 44 with available time 0ms.
LOG 1641834059367 [L3]: No time to select next move using MCTS. Returning random move noop.
LOG 1641834059370 [L3]: Starting move selection for game step 45 with available time 0ms.
LOG 1641834059370 [L3]: No time to select next move using MCTS. Returning random move ( move 3 3 3 4 ).
LOG 1641834059374 [L3]: Starting move selection for game step 46 with available time 0ms.
LOG 1641834059374 [L3]: No time to select next move using MCTS. Returning random move noop.
LOG 1641834059377 [L3]: Starting move selection for game step 47 with available time 0ms.
LOG 1641834059378 [L3]: No time to select next move using MCTS. Returning random move ( move 3 4 2 5 ).
LOG 1641834059381 [L3]: Starting move selection for game step 48 with available time -1ms.
LOG 1641834059381 [L3]: No time to select next move using MCTS. Returning random move noop.
LOG 1641834059384 [L3]: Starting move selection for game step 49 with available time 0ms.
LOG 1641834059385 [L3]: No time to select next move using MCTS. Returning random move ( move 2 3 2 4 ).
LOG 1641834059388 [L3]: Starting move selection for game step 50 with available time 0ms.
LOG 1641834059388 [L3]: No time to select next move using MCTS. Returning random move noop.
LOG 1641834059392 [L3]: Starting move selection for game step 51 with available time 0ms.
LOG 1641834059392 [L3]: No time to select next move using MCTS. Returning random move ( move 7 1 7 2 ).
LOG 1641834059395 [L3]: Starting move selection for game step 52 with available time 0ms.
LOG 1641834059396 [L3]: No time to select next move using MCTS. Returning random move noop.
LOG 1641834059399 [L3]: Starting move selection for game step 53 with available time 0ms.
LOG 1641834059399 [L3]: No time to select next move using MCTS. Returning random move ( move 7 2 6 3 ).
LOG 1641834059402 [L3]: Starting move selection for game step 54 with available time 0ms.
LOG 1641834059403 [L3]: No time to select next move using MCTS. Returning random move noop.
LOG 1641834059406 [L3]: Starting move selection for game step 55 with available time 0ms.
LOG 1641834059406 [L3]: No time to select next move using MCTS. Returning random move ( move 4 3 5 4 ).
LOG 1641834059410 [L3]: Starting move selection for game step 56 with available time 0ms.
LOG 1641834059410 [L3]: No time to select next move using MCTS. Returning random move noop.
LOG 1641834059413 [L3]: Starting move selection for game step 57 with available time 0ms.
LOG 1641834059414 [L3]: No time to select next move using MCTS. Returning random move ( move 2 5 3 6 ).
LOG 1641834059417 [L3]: Starting move selection for game step 58 with available time 0ms.
LOG 1641834059417 [L3]: No time to select next move using MCTS. Returning random move noop.
LOG 1641834059421 [L3]: Starting move selection for game step 59 with available time 0ms.
LOG 1641834059421 [L3]: No time to select next move using MCTS. Returning random move ( move 3 6 4 7 ).
LOG 1641834059424 [L3]: Starting move selection for game step 60 with available time 0ms.
LOG 1641834059424 [L3]: No time to select next move using MCTS. Returning random move noop.
LOG 1641834059428 [L3]: Starting move selection for game step 61 with available time 0ms.
LOG 1641834059428 [L3]: No time to select next move using MCTS. Returning random move ( move 8 6 7 7 ).
LOG 1641834059431 [L3]: Starting move selection for game step 62 with available time 0ms.
LOG 1641834059431 [L3]: No time to select next move using MCTS. Returning random move noop.
LOG 1641834059435 [L3]: Starting move selection for game step 63 with available time 0ms.
LOG 1641834059435 [L3]: No time to select next move using MCTS. Returning random move ( move 1 2 1 3 ).
LOG 1641834059438 [L3]: Starting move selection for game step 64 with available time 0ms.
LOG 1641834059439 [L3]: No time to select next move using MCTS. Returning random move noop.
LOG 1641834059442 [L3]: Starting move selection for game step 65 with available time 0ms.
LOG 1641834059442 [L3]: No time to select next move using MCTS. Returning random move ( move 2 4 2 5 ).
LOG 1641834059445 [L3]: Starting move selection for game step 66 with available time 0ms.
LOG 1641834059446 [L3]: No time to select next move using MCTS. Returning random move noop.
LOG 1641834059449 [L3]: Starting move selection for game step 67 with available time 0ms.
LOG 1641834059449 [L3]: No time to select next move using MCTS. Returning random move ( move 1 3 2 4 ).
LOG 1641834059452 [L3]: Starting move selection for game step 68 with available time 0ms.
LOG 1641834059453 [L3]: No time to select next move using MCTS. Returning random move noop.
LOG 1641834059456 [L3]: Starting move selection for game step 69 with available time 0ms.
LOG 1641834059456 [L3]: No time to select next move using MCTS. Returning random move ( move 4 1 5 2 ).
LOG 1641834059459 [L3]: Starting move selection for game step 70 with available time 0ms.
LOG 1641834059460 [L3]: No time to select next move using MCTS. Returning random move noop.
LOG 1641834059463 [L3]: Starting move selection for game step 71 with available time 0ms.
LOG 1641834059463 [L3]: No time to select next move using MCTS. Returning random move ( move 2 1 3 2 ).
LOG 1641834059468 [L3]: Starting move selection for game step 72 with available time 0ms.
LOG 1641834059468 [L3]: No time to select next move using MCTS. Returning random move noop.
LOG 1641834059471 [L3]: Starting move selection for game step 73 with available time 0ms.
LOG 1641834059471 [L3]: No time to select next move using MCTS. Returning random move ( move 7 7 7 8 ).
