LOG 1641853223956 [L3]: Returning initial state machine.
LOG 1641853223956 [L3]: Returning PropNet state machine without cache.
LOG 1641853223956 [L3]: Starting metagame with available thinking time 4991ms.
LOG 1641853223958 [L3]: Starting search during metagame.
LOG 1641853228947 [L3]: Done searching during metagame.
LOG 1641853228950 [L3]: Starting move selection for game step 1 with available time 10000ms.
LOG 1641853228950 [L3]: Selecting move using MCTS.
LOG 1641853238950 [L3]: Returning MCTS move ( drop 4 ).
LOG 1641853238953 [L3]: Starting move selection for game step 2 with available time 10000ms.
LOG 1641853238958 [L3]: Selecting move using MCTS.
LOG 1641853248953 [L3]: Returning MCTS move noop.
LOG 1641853248956 [L3]: Starting move selection for game step 3 with available time 10000ms.
LOG 1641853248971 [L3]: Selecting move using MCTS.
LOG 1641853258956 [L3]: Returning MCTS move ( drop 4 ).
LOG 1641853258966 [L3]: Starting move selection for game step 4 with available time 10000ms.
LOG 1641853258980 [L3]: Selecting move using MCTS.
LOG 1641853268966 [L3]: Returning MCTS move noop.
LOG 1641853268969 [L3]: Starting move selection for game step 5 with available time 10000ms.
LOG 1641853268987 [L3]: Selecting move using MCTS.
LOG 1641853278969 [L3]: Returning MCTS move ( drop 4 ).
LOG 1641853278973 [L3]: Starting move selection for game step 6 with available time 10000ms.
LOG 1641853278988 [L3]: Selecting move using MCTS.
LOG 1641853288973 [L3]: Returning MCTS move noop.
LOG 1641853288977 [L3]: Starting move selection for game step 7 with available time 10000ms.
LOG 1641853288995 [L3]: Selecting move using MCTS.
LOG 1641853298977 [L3]: Returning MCTS move ( drop 4 ).
