LOG 1641836078627 [L3]: Started match logging at: Mon Jan 10 18:34:38 CET 2022
LOG 1641836078630 [L3]: Game rules: [( role white ), ( role black ), ( <= ( base ( cell ?x ?y ?p ) ) ( index ?x ) ( index ?y ) ( role ?p ) ), ( <= ( base ( control ?p ) ) ( role ?p ) ), ( <= ( input ?p noop ) ( role ?p ) ), ( <= ( input ?p ( move ?x1 ?y1 ?x2 ?y2 ) ) ( role ?p ) ( index ?x1 ) ( index ?x2 ) ( index ?y1 ) ( index ?y2 ) ), ( init ( cell 1 1 white ) ), ( init ( cell 2 1 white ) ), ( init ( cell 3 1 white ) ), ( init ( cell 4 1 white ) ), ( init ( cell 5 1 white ) ), ( init ( cell 6 1 white ) ), ( init ( cell 7 1 white ) ), ( init ( cell 8 1 white ) ), ( init ( cell 1 2 white ) ), ( init ( cell 2 2 white ) ), ( init ( cell 3 2 white ) ), ( init ( cell 4 2 white ) ), ( init ( cell 5 2 white ) ), ( init ( cell 6 2 white ) ), ( init ( cell 7 2 white ) ), ( init ( cell 8 2 white ) ), ( init ( cell 1 7 black ) ), ( init ( cell 2 7 black ) ), ( init ( cell 3 7 black ) ), ( init ( cell 4 7 black ) ), ( init ( cell 5 7 black ) ), ( init ( cell 6 7 black ) ), ( init ( cell 7 7 black ) ), ( init ( cell 8 7 black ) ), ( init ( cell 1 8 black ) ), ( init ( cell 2 8 black ) ), ( init ( cell 3 8 black ) ), ( init ( cell 4 8 black ) ), ( init ( cell 5 8 black ) ), ( init ( cell 6 8 black ) ), ( init ( cell 7 8 black ) ), ( init ( cell 8 8 black ) ), ( init ( control white ) ), ( <= ( legal white noop ) ( true ( control black ) ) ), ( <= ( legal black noop ) ( true ( control white ) ) ), ( <= ( legal white ( move ?x1 ?y1 ?x2 ?y2 ) ) ( true ( control white ) ) ( true ( cell ?x1 ?y1 white ) ) ( whiteknightmove ?x1 ?y1 ?x2 ?y2 ) ( not ( true ( cell ?x2 ?y2 white ) ) ) ), ( <= ( legal black ( move ?x1 ?y1 ?x2 ?y2 ) ) ( true ( control black ) ) ( true ( cell ?x1 ?y1 black ) ) ( blackknightmove ?x1 ?y1 ?x2 ?y2 ) ( not ( true ( cell ?x2 ?y2 black ) ) ) ), ( <= ( next ( cell ?x ?y ?state ) ) ( true ( cell ?x ?y ?state ) ) ( does ?player ( move ?x1 ?y1 ?x2 ?y2 ) ) ( distinctcell ?x ?y ?x1 ?y1 ) ( distinctcell ?x ?y ?x2 ?y2 ) ), ( <= ( next ( cell ?x2 ?y2 ?player ) ) ( does ?player ( move ?x1 ?y1 ?x2 ?y2 ) ) ), ( <= ( next ( control black ) ) ( true ( control white ) ) ), ( <= ( next ( control white ) ) ( true ( control black ) ) ), ( <= terminal whitewin ), ( <= terminal blackwin ), ( <= ( goal white 100 ) whitewin ), ( <= ( goal white 0 ) blackwin ), ( <= ( goal black 100 ) blackwin ), ( <= ( goal black 0 ) whitewin ), ( <= whitewin ( index ?x ) ( true ( cell ?x 8 white ) ) ), ( <= blackwin ( index ?x ) ( true ( cell ?x 1 black ) ) ), ( <= whitewin ( not ( hasAnyPiece black ) ) ), ( <= blackwin ( not ( hasAnyPiece white ) ) ), ( <= ( hasAnyPiece ?player ) ( true ( cell ?x ?y ?player ) ) ), ( <= ( whiteknightmove ?x1 ?y1 ?x2 ?y2 ) ( plus 1 ?x1 ?x2 ) ( plus 2 ?y1 ?y2 ) ), ( <= ( whiteknightmove ?x1 ?y1 ?x2 ?y2 ) ( plus 1 ?x2 ?x1 ) ( plus 2 ?y1 ?y2 ) ), ( <= ( whiteknightmove ?x1 ?y1 ?x2 ?y2 ) ( plus 2 ?x1 ?x2 ) ( plus 1 ?y1 ?y2 ) ), ( <= ( whiteknightmove ?x1 ?y1 ?x2 ?y2 ) ( plus 2 ?x2 ?x1 ) ( plus 1 ?y1 ?y2 ) ), ( <= ( blackknightmove ?x1 ?y1 ?x2 ?y2 ) ( plus 1 ?x1 ?x2 ) ( plus 2 ?y2 ?y1 ) ), ( <= ( blackknightmove ?x1 ?y1 ?x2 ?y2 ) ( plus 1 ?x2 ?x1 ) ( plus 2 ?y2 ?y1 ) ), ( <= ( blackknightmove ?x1 ?y1 ?x2 ?y2 ) ( plus 2 ?x1 ?x2 ) ( plus 1 ?y2 ?y1 ) ), ( <= ( blackknightmove ?x1 ?y1 ?x2 ?y2 ) ( plus 2 ?x2 ?x1 ) ( plus 1 ?y2 ?y1 ) ), ( <= ( cell ?x ?y ) ( index ?x ) ( index ?y ) ), ( <= ( distinctcell ?x1 ?y1 ?x2 ?y2 ) ( cell ?x1 ?y1 ) ( cell ?x2 ?y2 ) ( distinct ?x1 ?x2 ) ), ( <= ( distinctcell ?x1 ?y1 ?x2 ?y2 ) ( cell ?x1 ?y1 ) ( cell ?x2 ?y2 ) ( distinct ?y1 ?y2 ) ), ( index 1 ), ( index 2 ), ( index 3 ), ( index 4 ), ( index 5 ), ( index 6 ), ( index 7 ), ( index 8 ), ( plus 1 1 2 ), ( plus 1 2 3 ), ( plus 1 3 4 ), ( plus 1 4 5 ), ( plus 1 5 6 ), ( plus 1 6 7 ), ( plus 1 7 8 ), ( plus 2 1 3 ), ( plus 2 2 4 ), ( plus 2 3 5 ), ( plus 2 4 6 ), ( plus 2 5 7 ), ( plus 2 6 8 )]
LOG 1641836078637 [L3]: Start clock: 15
LOG 1641836078638 [L3]: Play clock: 10
LOG 1641836083627 [L0]: [Sent at 1641836083627] ready
LOG 1641836083630 [L0]: [Received at 1641836083630] ( PLAY 1.knightThrough.1641836076689 NIL )
LOG 1641836083633 [L0]: [Sent at 1641836083633] ( move 5 1 4 3 )
LOG 1641836083637 [L0]: [Received at 1641836083637] ( PLAY 1.knightThrough.1641836076689 (( move 5 1 4 3 ) noop ) )
LOG 1641836083641 [L0]: [Sent at 1641836083641] noop
LOG 1641836083654 [L0]: [Received at 1641836083654] ( PLAY 1.knightThrough.1641836076689 (noop ( move 5 8 4 6 ) ) )
LOG 1641836083663 [L0]: [Sent at 1641836083663] ( move 3 2 4 4 )
LOG 1641836083670 [L0]: [Received at 1641836083670] ( PLAY 1.knightThrough.1641836076689 (( move 3 2 4 4 ) noop ) )
LOG 1641836083673 [L0]: [Sent at 1641836083673] noop
LOG 1641836083709 [L0]: [Received at 1641836083709] ( PLAY 1.knightThrough.1641836076689 (noop ( move 2 8 1 6 ) ) )
LOG 1641836083711 [L0]: [Sent at 1641836083711] ( move 4 4 2 5 )
LOG 1641836083713 [L0]: [Received at 1641836083713] ( PLAY 1.knightThrough.1641836076689 (( move 4 4 2 5 ) noop ) )
LOG 1641836083715 [L0]: [Sent at 1641836083715] noop
LOG 1641836083718 [L0]: [Received at 1641836083718] ( PLAY 1.knightThrough.1641836076689 (noop ( move 4 7 3 5 ) ) )
LOG 1641836083721 [L0]: [Sent at 1641836083721] ( move 6 2 8 3 )
LOG 1641836083725 [L0]: [Received at 1641836083725] ( PLAY 1.knightThrough.1641836076689 (( move 6 2 8 3 ) noop ) )
LOG 1641836083727 [L0]: [Sent at 1641836083727] noop
LOG 1641836083731 [L0]: [Received at 1641836083731] ( PLAY 1.knightThrough.1641836076689 (noop ( move 5 7 6 5 ) ) )
LOG 1641836083733 [L0]: [Sent at 1641836083733] ( move 2 1 1 3 )
LOG 1641836083737 [L0]: [Received at 1641836083737] ( PLAY 1.knightThrough.1641836076689 (( move 2 1 1 3 ) noop ) )
LOG 1641836083739 [L0]: [Sent at 1641836083739] noop
LOG 1641836083742 [L0]: [Received at 1641836083742] ( PLAY 1.knightThrough.1641836076689 (noop ( move 6 7 5 5 ) ) )
LOG 1641836083744 [L0]: [Sent at 1641836083744] ( move 2 2 3 4 )
LOG 1641836083748 [L0]: [Received at 1641836083748] ( PLAY 1.knightThrough.1641836076689 (( move 2 2 3 4 ) noop ) )
LOG 1641836083750 [L0]: [Sent at 1641836083750] noop
LOG 1641836083754 [L0]: [Received at 1641836083754] ( PLAY 1.knightThrough.1641836076689 (noop ( move 5 5 7 4 ) ) )
LOG 1641836083755 [L0]: [Sent at 1641836083755] ( move 4 3 6 4 )
LOG 1641836083759 [L0]: [Received at 1641836083759] ( PLAY 1.knightThrough.1641836076689 (( move 4 3 6 4 ) noop ) )
LOG 1641836083761 [L0]: [Sent at 1641836083761] noop
LOG 1641836083764 [L0]: [Received at 1641836083764] ( PLAY 1.knightThrough.1641836076689 (noop ( move 1 6 2 4 ) ) )
LOG 1641836083766 [L0]: [Sent at 1641836083766] ( move 8 1 7 3 )
LOG 1641836083769 [L0]: [Received at 1641836083769] ( PLAY 1.knightThrough.1641836076689 (( move 8 1 7 3 ) noop ) )
LOG 1641836083771 [L0]: [Sent at 1641836083771] noop
LOG 1641836083774 [L0]: [Received at 1641836083773] ( PLAY 1.knightThrough.1641836076689 (noop ( move 3 8 5 7 ) ) )
LOG 1641836083775 [L0]: [Sent at 1641836083775] ( move 1 2 2 4 )
LOG 1641836083778 [L0]: [Received at 1641836083778] ( PLAY 1.knightThrough.1641836076689 (( move 1 2 2 4 ) noop ) )
LOG 1641836083779 [L0]: [Sent at 1641836083779] noop
LOG 1641836083783 [L0]: [Received at 1641836083783] ( PLAY 1.knightThrough.1641836076689 (noop ( move 7 7 5 6 ) ) )
LOG 1641836083785 [L0]: [Sent at 1641836083785] ( move 5 2 4 4 )
LOG 1641836083788 [L0]: [Received at 1641836083788] ( PLAY 1.knightThrough.1641836076689 (( move 5 2 4 4 ) noop ) )
LOG 1641836083790 [L0]: [Sent at 1641836083790] noop
LOG 1641836083793 [L0]: [Received at 1641836083793] ( PLAY 1.knightThrough.1641836076689 (noop ( move 8 7 6 6 ) ) )
LOG 1641836083795 [L0]: [Sent at 1641836083795] ( move 1 1 3 2 )
LOG 1641836083798 [L0]: [Received at 1641836083798] ( PLAY 1.knightThrough.1641836076689 (( move 1 1 3 2 ) noop ) )
LOG 1641836083800 [L0]: [Sent at 1641836083800] noop
LOG 1641836083803 [L0]: [Received at 1641836083803] ( PLAY 1.knightThrough.1641836076689 (noop ( move 5 6 6 4 ) ) )
LOG 1641836083805 [L0]: [Sent at 1641836083805] ( move 6 1 5 3 )
LOG 1641836083808 [L0]: [Received at 1641836083808] ( PLAY 1.knightThrough.1641836076689 (( move 6 1 5 3 ) noop ) )
LOG 1641836083810 [L0]: [Sent at 1641836083810] noop
LOG 1641836083813 [L0]: [Received at 1641836083813] ( PLAY 1.knightThrough.1641836076689 (noop ( move 6 8 7 6 ) ) )
LOG 1641836083814 [L0]: [Sent at 1641836083814] ( move 4 1 3 3 )
LOG 1641836083818 [L0]: [Received at 1641836083818] ( PLAY 1.knightThrough.1641836076689 (( move 4 1 3 3 ) noop ) )
LOG 1641836083820 [L0]: [Sent at 1641836083820] noop
LOG 1641836083823 [L0]: [Received at 1641836083823] ( PLAY 1.knightThrough.1641836076689 (noop ( move 7 4 5 3 ) ) )
LOG 1641836083825 [L0]: [Sent at 1641836083825] ( move 3 1 1 2 )
LOG 1641836083828 [L0]: [Received at 1641836083828] ( PLAY 1.knightThrough.1641836076689 (( move 3 1 1 2 ) noop ) )
LOG 1641836083830 [L0]: [Sent at 1641836083830] noop
LOG 1641836083832 [L0]: [Received at 1641836083832] ( PLAY 1.knightThrough.1641836076689 (noop ( move 6 4 5 2 ) ) )
LOG 1641836083834 [L0]: [Sent at 1641836083834] ( move 4 2 2 3 )
LOG 1641836083838 [L0]: [Received at 1641836083838] ( PLAY 1.knightThrough.1641836076689 (( move 4 2 2 3 ) noop ) )
LOG 1641836083840 [L0]: [Sent at 1641836083840] noop
LOG 1641836083843 [L0]: [Received at 1641836083843] ( PLAY 1.knightThrough.1641836076689 (noop ( move 7 8 8 6 ) ) )
LOG 1641836083845 [L0]: [Sent at 1641836083845] ( move 7 3 5 4 )
LOG 1641836083848 [L0]: [Received at 1641836083848] ( PLAY 1.knightThrough.1641836076689 (( move 7 3 5 4 ) noop ) )
LOG 1641836083849 [L0]: [Sent at 1641836083849] noop
LOG 1641836083852 [L0]: [Received at 1641836083852] ( PLAY 1.knightThrough.1641836076689 (noop ( move 6 5 4 4 ) ) )
LOG 1641836083854 [L0]: [Sent at 1641836083854] ( move 2 3 1 5 )
LOG 1641836083857 [L0]: [Received at 1641836083857] ( PLAY 1.knightThrough.1641836076689 (( move 2 3 1 5 ) noop ) )
LOG 1641836083859 [L0]: [Sent at 1641836083859] noop
LOG 1641836083861 [L0]: [Received at 1641836083861] ( PLAY 1.knightThrough.1641836076689 (noop ( move 5 3 7 2 ) ) )
LOG 1641836083863 [L0]: [Sent at 1641836083863] ( move 8 3 7 5 )
LOG 1641836083866 [L0]: [Received at 1641836083866] ( PLAY 1.knightThrough.1641836076689 (( move 8 3 7 5 ) noop ) )
LOG 1641836083869 [L0]: [Sent at 1641836083869] noop
LOG 1641836083871 [L0]: [Received at 1641836083871] ( PLAY 1.knightThrough.1641836076689 (noop ( move 2 7 1 5 ) ) )
LOG 1641836083877 [L0]: [Sent at 1641836083877] ( move 8 2 7 4 )
LOG 1641836083881 [L0]: [Received at 1641836083881] ( PLAY 1.knightThrough.1641836076689 (( move 8 2 7 4 ) noop ) )
LOG 1641836083883 [L0]: [Sent at 1641836083883] noop
LOG 1641836083887 [L0]: [Received at 1641836083887] ( PLAY 1.knightThrough.1641836076689 (noop ( move 4 4 3 2 ) ) )
LOG 1641836083889 [L0]: [Sent at 1641836083889] ( move 5 4 6 6 )
LOG 1641836083891 [L0]: [Received at 1641836083891] ( PLAY 1.knightThrough.1641836076689 (( move 5 4 6 6 ) noop ) )
LOG 1641836083893 [L0]: [Sent at 1641836083893] noop
LOG 1641836083896 [L0]: [Received at 1641836083896] ( STOP 1.knightThrough.1641836076689 (noop ( move 5 2 3 1 ) ) )
LOG 1641836083897 [L3]: Stopped logging to files at: Mon Jan 10 18:34:43 CET 2022
LOG 1641836083898 [L3]: LOG SEALED
