LOG 1641854164928 [L3]: Returning initial state machine.
LOG 1641854164928 [L3]: Returning PropNet state machine without cache.
LOG 1641854164929 [L3]: Starting metagame with available thinking time 4989ms.
LOG 1641854164930 [L3]: Starting search during metagame.
LOG 1641854169918 [L3]: Done searching during metagame.
LOG 1641854169926 [L3]: Starting move selection for game step 1 with available time 10000ms.
LOG 1641854169926 [L3]: Selecting move using MCTS.
LOG 1641854179930 [L3]: Starting move selection for game step 2 with available time 10000ms.
LOG 1641854179933 [L3]: Selecting move using MCTS.
LOG 1641854189946 [L3]: Starting move selection for game step 3 with available time 10000ms.
LOG 1641854189949 [L3]: Selecting move using MCTS.
LOG 1641854199956 [L3]: Starting move selection for game step 4 with available time 10000ms.
LOG 1641854199960 [L3]: Selecting move using MCTS.
LOG 1641854209959 [L3]: Starting move selection for game step 5 with available time 10000ms.
LOG 1641854209959 [L3]: Selecting move using MCTS.
LOG 1641854219976 [L3]: Starting move selection for game step 6 with available time 10000ms.
LOG 1641854219976 [L3]: Selecting move using MCTS.
LOG 1641854229979 [L3]: Starting move selection for game step 7 with available time 10000ms.
LOG 1641854229980 [L3]: Selecting move using MCTS.
LOG 1641854239982 [L3]: Starting move selection for game step 8 with available time 10000ms.
LOG 1641854239983 [L3]: Selecting move using MCTS.
LOG 1641854249986 [L3]: Starting move selection for game step 9 with available time 10000ms.
LOG 1641854249986 [L3]: Selecting move using MCTS.
LOG 1641854259989 [L3]: Starting move selection for game step 10 with available time 10000ms.
LOG 1641854259990 [L3]: Selecting move using MCTS.
LOG 1641854269992 [L3]: Starting move selection for game step 11 with available time 10000ms.
LOG 1641854269993 [L3]: Selecting move using MCTS.
LOG 1641854279995 [L3]: Starting move selection for game step 12 with available time 10000ms.
LOG 1641854279996 [L3]: Selecting move using MCTS.
LOG 1641854290028 [L3]: Starting move selection for game step 13 with available time 10000ms.
LOG 1641854290029 [L3]: Selecting move using MCTS.
LOG 1641854300032 [L3]: Starting move selection for game step 14 with available time 10000ms.
LOG 1641854300032 [L3]: Selecting move using MCTS.
LOG 1641854310036 [L3]: Starting move selection for game step 15 with available time 10000ms.
LOG 1641854310037 [L3]: Selecting move using MCTS.
