LOG 1641834754730 [L3]: Started match logging at: Mon Jan 10 18:12:34 CET 2022
LOG 1641834754738 [L3]: Game rules: [( role white ), ( role black ), ( <= ( base ( cellHolds ?x ?y ?p ) ) ( index ?x ) ( index ?y ) ( role ?p ) ), ( <= ( base ( control ?p ) ) ( role ?p ) ), ( <= ( input ?p noop ) ( role ?p ) ), ( <= ( input white ( move ?x ?y1 ?x ?y2 ) ) ( index ?x ) ( succ ?y1 ?y2 ) ), ( <= ( input white ( move ?x1 ?y1 ?x2 ?y2 ) ) ( succ ?y1 ?y2 ) ( succ ?x1 ?x2 ) ), ( <= ( input white ( move ?x1 ?y1 ?x2 ?y2 ) ) ( succ ?y1 ?y2 ) ( succ ?x2 ?x1 ) ), ( <= ( input black ( move ?x ?y1 ?x ?y2 ) ) ( index ?x ) ( succ ?y2 ?y1 ) ), ( <= ( input black ( move ?x1 ?y1 ?x2 ?y2 ) ) ( succ ?y2 ?y1 ) ( succ ?x1 ?x2 ) ), ( <= ( input black ( move ?x1 ?y1 ?x2 ?y2 ) ) ( succ ?y2 ?y1 ) ( succ ?x2 ?x1 ) ), ( init ( cellHolds 1 1 white ) ), ( init ( cellHolds 2 1 white ) ), ( init ( cellHolds 3 1 white ) ), ( init ( cellHolds 4 1 white ) ), ( init ( cellHolds 5 1 white ) ), ( init ( cellHolds 6 1 white ) ), ( init ( cellHolds 7 1 white ) ), ( init ( cellHolds 8 1 white ) ), ( init ( cellHolds 1 2 white ) ), ( init ( cellHolds 2 2 white ) ), ( init ( cellHolds 3 2 white ) ), ( init ( cellHolds 4 2 white ) ), ( init ( cellHolds 5 2 white ) ), ( init ( cellHolds 6 2 white ) ), ( init ( cellHolds 7 2 white ) ), ( init ( cellHolds 8 2 white ) ), ( init ( cellHolds 1 7 black ) ), ( init ( cellHolds 2 7 black ) ), ( init ( cellHolds 3 7 black ) ), ( init ( cellHolds 4 7 black ) ), ( init ( cellHolds 5 7 black ) ), ( init ( cellHolds 6 7 black ) ), ( init ( cellHolds 7 7 black ) ), ( init ( cellHolds 8 7 black ) ), ( init ( cellHolds 1 8 black ) ), ( init ( cellHolds 2 8 black ) ), ( init ( cellHolds 3 8 black ) ), ( init ( cellHolds 4 8 black ) ), ( init ( cellHolds 5 8 black ) ), ( init ( cellHolds 6 8 black ) ), ( init ( cellHolds 7 8 black ) ), ( init ( cellHolds 8 8 black ) ), ( init ( control white ) ), ( <= ( legal white ( move ?x ?y1 ?x ?y2 ) ) ( true ( control white ) ) ( true ( cellHolds ?x ?y1 white ) ) ( succ ?y1 ?y2 ) ( cellEmpty ?x ?y2 ) ), ( <= ( legal white ( move ?x1 ?y1 ?x2 ?y2 ) ) ( true ( control white ) ) ( true ( cellHolds ?x1 ?y1 white ) ) ( succ ?y1 ?y2 ) ( succ ?x1 ?x2 ) ( not ( true ( cellHolds ?x2 ?y2 white ) ) ) ), ( <= ( legal white ( move ?x1 ?y1 ?x2 ?y2 ) ) ( true ( control white ) ) ( true ( cellHolds ?x1 ?y1 white ) ) ( succ ?y1 ?y2 ) ( succ ?x2 ?x1 ) ( not ( true ( cellHolds ?x2 ?y2 white ) ) ) ), ( <= ( legal black ( move ?x ?y1 ?x ?y2 ) ) ( true ( control black ) ) ( true ( cellHolds ?x ?y1 black ) ) ( succ ?y2 ?y1 ) ( cellEmpty ?x ?y2 ) ), ( <= ( legal black ( move ?x1 ?y1 ?x2 ?y2 ) ) ( true ( control black ) ) ( true ( cellHolds ?x1 ?y1 black ) ) ( succ ?y2 ?y1 ) ( succ ?x1 ?x2 ) ( not ( true ( cellHolds ?x2 ?y2 black ) ) ) ), ( <= ( legal black ( move ?x1 ?y1 ?x2 ?y2 ) ) ( true ( control black ) ) ( true ( cellHolds ?x1 ?y1 black ) ) ( succ ?y2 ?y1 ) ( succ ?x2 ?x1 ) ( not ( true ( cellHolds ?x2 ?y2 black ) ) ) ), ( <= ( legal white noop ) ( true ( control black ) ) ), ( <= ( legal black noop ) ( true ( control white ) ) ), ( <= ( next ( cellHolds ?x2 ?y2 ?player ) ) ( role ?player ) ( does ?player ( move ?x1 ?y1 ?x2 ?y2 ) ) ), ( <= ( next ( cellHolds ?x3 ?y3 ?state ) ) ( true ( cellHolds ?x3 ?y3 ?state ) ) ( role ?player ) ( does ?player ( move ?x1 ?y1 ?x2 ?y2 ) ) ( distinctCell ?x1 ?y1 ?x3 ?y3 ) ( distinctCell ?x2 ?y2 ?x3 ?y3 ) ), ( <= ( next ( control white ) ) ( true ( control black ) ) ), ( <= ( next ( control black ) ) ( true ( control white ) ) ), ( <= terminal whiteWin ), ( <= terminal blackWin ), ( <= ( goal white 100 ) whiteWin ), ( <= ( goal white 0 ) ( not whiteWin ) ), ( <= ( goal black 100 ) blackWin ), ( <= ( goal black 0 ) ( not blackWin ) ), ( <= ( cell ?x ?y ) ( index ?x ) ( index ?y ) ), ( <= ( cellEmpty ?x ?y ) ( cell ?x ?y ) ( not ( true ( cellHolds ?x ?y white ) ) ) ( not ( true ( cellHolds ?x ?y black ) ) ) ), ( <= ( distinctCell ?x1 ?y1 ?x2 ?y2 ) ( cell ?x1 ?y1 ) ( cell ?x2 ?y2 ) ( distinct ?x1 ?x2 ) ), ( <= ( distinctCell ?x1 ?y1 ?x2 ?y2 ) ( cell ?x1 ?y1 ) ( cell ?x2 ?y2 ) ( distinct ?y1 ?y2 ) ), ( <= whiteWin ( index ?x ) ( true ( cellHolds ?x 8 white ) ) ), ( <= blackWin ( index ?x ) ( true ( cellHolds ?x 1 black ) ) ), ( <= whiteWin ( not blackCell ) ), ( <= blackWin ( not whiteCell ) ), ( <= whiteCell ( cell ?x ?y ) ( true ( cellHolds ?x ?y white ) ) ), ( <= blackCell ( cell ?x ?y ) ( true ( cellHolds ?x ?y black ) ) ), ( index 1 ), ( index 2 ), ( index 3 ), ( index 4 ), ( index 5 ), ( index 6 ), ( index 7 ), ( index 8 ), ( succ 1 2 ), ( succ 2 3 ), ( succ 3 4 ), ( succ 4 5 ), ( succ 5 6 ), ( succ 6 7 ), ( succ 7 8 )]
LOG 1641834754738 [L3]: Start clock: 15
LOG 1641834754739 [L3]: Play clock: 10
LOG 1641834759730 [L0]: [Sent at 1641834759730] ready
LOG 1641834759733 [L0]: [Received at 1641834759733] ( PLAY 35.breakthrough.1641834754525 NIL )
LOG 1641834759735 [L0]: [Sent at 1641834759735] ( move 7 2 8 3 )
LOG 1641834759738 [L0]: [Received at 1641834759738] ( PLAY 35.breakthrough.1641834754525 (( move 7 2 8 3 ) noop ) )
LOG 1641834759740 [L0]: [Sent at 1641834759740] noop
LOG 1641834759773 [L0]: [Received at 1641834759773] ( PLAY 35.breakthrough.1641834754525 (noop ( move 8 7 7 6 ) ) )
LOG 1641834759781 [L0]: [Sent at 1641834759781] ( move 3 2 4 3 )
LOG 1641834759786 [L0]: [Received at 1641834759786] ( PLAY 35.breakthrough.1641834754525 (( move 3 2 4 3 ) noop ) )
LOG 1641834759788 [L0]: [Sent at 1641834759788] noop
LOG 1641834759797 [L0]: [Received at 1641834759797] ( PLAY 35.breakthrough.1641834754525 (noop ( move 1 7 1 6 ) ) )
LOG 1641834759799 [L0]: [Sent at 1641834759799] ( move 1 2 1 3 )
LOG 1641834759802 [L0]: [Received at 1641834759802] ( PLAY 35.breakthrough.1641834754525 (( move 1 2 1 3 ) noop ) )
LOG 1641834759804 [L0]: [Sent at 1641834759804] noop
LOG 1641834759807 [L0]: [Received at 1641834759807] ( PLAY 35.breakthrough.1641834754525 (noop ( move 1 6 1 5 ) ) )
LOG 1641834759809 [L0]: [Sent at 1641834759809] ( move 6 2 6 3 )
LOG 1641834759813 [L0]: [Received at 1641834759813] ( PLAY 35.breakthrough.1641834754525 (( move 6 2 6 3 ) noop ) )
LOG 1641834759814 [L0]: [Sent at 1641834759814] noop
LOG 1641834759818 [L0]: [Received at 1641834759818] ( PLAY 35.breakthrough.1641834754525 (noop ( move 7 7 6 6 ) ) )
LOG 1641834759819 [L0]: [Sent at 1641834759819] ( move 6 1 7 2 )
LOG 1641834759822 [L0]: [Received at 1641834759822] ( PLAY 35.breakthrough.1641834754525 (( move 6 1 7 2 ) noop ) )
LOG 1641834759824 [L0]: [Sent at 1641834759824] noop
LOG 1641834759826 [L0]: [Received at 1641834759826] ( PLAY 35.breakthrough.1641834754525 (noop ( move 1 8 1 7 ) ) )
LOG 1641834759828 [L0]: [Sent at 1641834759828] ( move 4 2 5 3 )
LOG 1641834759831 [L0]: [Received at 1641834759831] ( PLAY 35.breakthrough.1641834754525 (( move 4 2 5 3 ) noop ) )
LOG 1641834759833 [L0]: [Sent at 1641834759833] noop
LOG 1641834759837 [L0]: [Received at 1641834759837] ( PLAY 35.breakthrough.1641834754525 (noop ( move 5 7 5 6 ) ) )
LOG 1641834759839 [L0]: [Sent at 1641834759839] ( move 5 1 4 2 )
LOG 1641834759842 [L0]: [Received at 1641834759842] ( PLAY 35.breakthrough.1641834754525 (( move 5 1 4 2 ) noop ) )
LOG 1641834759843 [L0]: [Sent at 1641834759843] noop
LOG 1641834759847 [L0]: [Received at 1641834759847] ( PLAY 35.breakthrough.1641834754525 (noop ( move 7 6 8 5 ) ) )
LOG 1641834759848 [L0]: [Sent at 1641834759848] ( move 5 3 6 4 )
LOG 1641834759851 [L0]: [Received at 1641834759851] ( PLAY 35.breakthrough.1641834754525 (( move 5 3 6 4 ) noop ) )
LOG 1641834759853 [L0]: [Sent at 1641834759853] noop
LOG 1641834759855 [L0]: [Received at 1641834759855] ( PLAY 35.breakthrough.1641834754525 (noop ( move 8 8 7 7 ) ) )
LOG 1641834759857 [L0]: [Sent at 1641834759857] ( move 6 4 7 5 )
LOG 1641834759861 [L0]: [Received at 1641834759861] ( PLAY 35.breakthrough.1641834754525 (( move 6 4 7 5 ) noop ) )
LOG 1641834759862 [L0]: [Sent at 1641834759862] noop
LOG 1641834759865 [L0]: [Received at 1641834759865] ( PLAY 35.breakthrough.1641834754525 (noop ( move 7 8 8 7 ) ) )
LOG 1641834759866 [L0]: [Sent at 1641834759866] ( move 1 1 1 2 )
LOG 1641834759869 [L0]: [Received at 1641834759869] ( PLAY 35.breakthrough.1641834754525 (( move 1 1 1 2 ) noop ) )
LOG 1641834759871 [L0]: [Sent at 1641834759871] noop
LOG 1641834759874 [L0]: [Received at 1641834759874] ( PLAY 35.breakthrough.1641834754525 (noop ( move 2 7 1 6 ) ) )
LOG 1641834759875 [L0]: [Sent at 1641834759875] ( move 7 1 6 2 )
LOG 1641834759879 [L0]: [Received at 1641834759879] ( PLAY 35.breakthrough.1641834754525 (( move 7 1 6 2 ) noop ) )
LOG 1641834759881 [L0]: [Sent at 1641834759881] noop
LOG 1641834759884 [L0]: [Received at 1641834759884] ( PLAY 35.breakthrough.1641834754525 (noop ( move 1 7 2 6 ) ) )
LOG 1641834759886 [L0]: [Sent at 1641834759886] ( move 7 2 7 3 )
LOG 1641834759890 [L0]: [Received at 1641834759890] ( PLAY 35.breakthrough.1641834754525 (( move 7 2 7 3 ) noop ) )
LOG 1641834759891 [L0]: [Sent at 1641834759891] noop
LOG 1641834759894 [L0]: [Received at 1641834759894] ( PLAY 35.breakthrough.1641834754525 (noop ( move 5 6 5 5 ) ) )
LOG 1641834759895 [L0]: [Sent at 1641834759895] ( move 4 3 5 4 )
LOG 1641834759898 [L0]: [Received at 1641834759898] ( PLAY 35.breakthrough.1641834754525 (( move 4 3 5 4 ) noop ) )
LOG 1641834759900 [L0]: [Sent at 1641834759900] noop
LOG 1641834759903 [L0]: [Received at 1641834759903] ( PLAY 35.breakthrough.1641834754525 (noop ( move 5 5 4 4 ) ) )
LOG 1641834759904 [L0]: [Sent at 1641834759904] ( move 1 3 1 4 )
LOG 1641834759908 [L0]: [Received at 1641834759908] ( PLAY 35.breakthrough.1641834754525 (( move 1 3 1 4 ) noop ) )
LOG 1641834759909 [L0]: [Sent at 1641834759909] noop
LOG 1641834759913 [L0]: [Received at 1641834759913] ( PLAY 35.breakthrough.1641834754525 (noop ( move 8 5 8 4 ) ) )
LOG 1641834759914 [L0]: [Sent at 1641834759914] ( move 2 2 1 3 )
LOG 1641834759917 [L0]: [Received at 1641834759917] ( PLAY 35.breakthrough.1641834754525 (( move 2 2 1 3 ) noop ) )
LOG 1641834759918 [L0]: [Sent at 1641834759918] noop
LOG 1641834759922 [L0]: [Received at 1641834759922] ( PLAY 35.breakthrough.1641834754525 (noop ( move 2 8 1 7 ) ) )
LOG 1641834759923 [L0]: [Sent at 1641834759923] ( move 5 4 6 5 )
LOG 1641834759926 [L0]: [Received at 1641834759926] ( PLAY 35.breakthrough.1641834754525 (( move 5 4 6 5 ) noop ) )
LOG 1641834759927 [L0]: [Sent at 1641834759927] noop
LOG 1641834759930 [L0]: [Received at 1641834759930] ( PLAY 35.breakthrough.1641834754525 (noop ( move 4 4 4 3 ) ) )
LOG 1641834759931 [L0]: [Sent at 1641834759931] ( move 3 1 3 2 )
LOG 1641834759934 [L0]: [Received at 1641834759934] ( PLAY 35.breakthrough.1641834754525 (( move 3 1 3 2 ) noop ) )
LOG 1641834759935 [L0]: [Sent at 1641834759935] noop
LOG 1641834759939 [L0]: [Received at 1641834759939] ( PLAY 35.breakthrough.1641834754525 (noop ( move 4 7 5 6 ) ) )
LOG 1641834759940 [L0]: [Sent at 1641834759940] ( move 7 3 6 4 )
LOG 1641834759944 [L0]: [Received at 1641834759944] ( PLAY 35.breakthrough.1641834754525 (( move 7 3 6 4 ) noop ) )
LOG 1641834759945 [L0]: [Sent at 1641834759945] noop
LOG 1641834759949 [L0]: [Received at 1641834759949] ( PLAY 35.breakthrough.1641834754525 (noop ( move 3 7 4 6 ) ) )
LOG 1641834759950 [L0]: [Sent at 1641834759950] ( move 8 2 7 3 )
LOG 1641834759954 [L0]: [Received at 1641834759954] ( PLAY 35.breakthrough.1641834754525 (( move 8 2 7 3 ) noop ) )
LOG 1641834759955 [L0]: [Sent at 1641834759955] noop
LOG 1641834759958 [L0]: [Received at 1641834759958] ( PLAY 35.breakthrough.1641834754525 (noop ( move 4 6 5 5 ) ) )
LOG 1641834759959 [L0]: [Sent at 1641834759959] ( move 6 5 7 6 )
LOG 1641834759962 [L0]: [Received at 1641834759962] ( PLAY 35.breakthrough.1641834754525 (( move 6 5 7 6 ) noop ) )
LOG 1641834759963 [L0]: [Sent at 1641834759963] noop
LOG 1641834759966 [L0]: [Received at 1641834759966] ( PLAY 35.breakthrough.1641834754525 (noop ( move 6 8 5 7 ) ) )
LOG 1641834759967 [L0]: [Sent at 1641834759967] ( move 8 1 7 2 )
LOG 1641834759970 [L0]: [Received at 1641834759970] ( PLAY 35.breakthrough.1641834754525 (( move 8 1 7 2 ) noop ) )
LOG 1641834759972 [L0]: [Sent at 1641834759972] noop
LOG 1641834759974 [L0]: [Received at 1641834759974] ( PLAY 35.breakthrough.1641834754525 (noop ( move 3 8 2 7 ) ) )
LOG 1641834759976 [L0]: [Sent at 1641834759976] ( move 7 5 8 6 )
LOG 1641834759980 [L0]: [Received at 1641834759980] ( PLAY 35.breakthrough.1641834754525 (( move 7 5 8 6 ) noop ) )
LOG 1641834759981 [L0]: [Sent at 1641834759981] noop
LOG 1641834759983 [L0]: [Received at 1641834759983] ( PLAY 35.breakthrough.1641834754525 (noop ( move 5 5 5 4 ) ) )
LOG 1641834759984 [L0]: [Sent at 1641834759984] ( move 6 3 5 4 )
LOG 1641834759987 [L0]: [Received at 1641834759987] ( PLAY 35.breakthrough.1641834754525 (( move 6 3 5 4 ) noop ) )
LOG 1641834759988 [L0]: [Sent at 1641834759988] noop
LOG 1641834759991 [L0]: [Received at 1641834759991] ( PLAY 35.breakthrough.1641834754525 (noop ( move 5 8 4 7 ) ) )
LOG 1641834759992 [L0]: [Sent at 1641834759992] ( move 1 3 2 4 )
LOG 1641834759995 [L0]: [Received at 1641834759995] ( PLAY 35.breakthrough.1641834754525 (( move 1 3 2 4 ) noop ) )
LOG 1641834759997 [L0]: [Sent at 1641834759997] noop
LOG 1641834759999 [L0]: [Received at 1641834759999] ( PLAY 35.breakthrough.1641834754525 (noop ( move 8 4 7 3 ) ) )
LOG 1641834760000 [L0]: [Sent at 1641834760000] ( move 8 3 8 4 )
LOG 1641834760003 [L0]: [Received at 1641834760003] ( PLAY 35.breakthrough.1641834754525 (( move 8 3 8 4 ) noop ) )
LOG 1641834760004 [L0]: [Sent at 1641834760004] noop
LOG 1641834760006 [L0]: [Received at 1641834760006] ( PLAY 35.breakthrough.1641834754525 (noop ( move 8 7 7 6 ) ) )
LOG 1641834760008 [L0]: [Sent at 1641834760008] ( move 6 4 6 5 )
LOG 1641834760010 [L0]: [Received at 1641834760010] ( PLAY 35.breakthrough.1641834754525 (( move 6 4 6 5 ) noop ) )
LOG 1641834760012 [L0]: [Sent at 1641834760012] noop
LOG 1641834760014 [L0]: [Received at 1641834760014] ( PLAY 35.breakthrough.1641834754525 (noop ( move 5 7 4 6 ) ) )
LOG 1641834760015 [L0]: [Sent at 1641834760015] ( move 7 2 8 3 )
LOG 1641834760018 [L0]: [Received at 1641834760018] ( PLAY 35.breakthrough.1641834754525 (( move 7 2 8 3 ) noop ) )
LOG 1641834760019 [L0]: [Sent at 1641834760019] noop
LOG 1641834760022 [L0]: [Received at 1641834760022] ( PLAY 35.breakthrough.1641834754525 (noop ( move 1 5 2 4 ) ) )
LOG 1641834760023 [L0]: [Sent at 1641834760023] ( move 3 2 3 3 )
LOG 1641834760026 [L0]: [Received at 1641834760026] ( PLAY 35.breakthrough.1641834754525 (( move 3 2 3 3 ) noop ) )
LOG 1641834760028 [L0]: [Sent at 1641834760028] noop
LOG 1641834760030 [L0]: [Received at 1641834760030] ( PLAY 35.breakthrough.1641834754525 (noop ( move 7 7 8 6 ) ) )
LOG 1641834760031 [L0]: [Sent at 1641834760031] ( move 1 4 2 5 )
LOG 1641834760034 [L0]: [Received at 1641834760034] ( PLAY 35.breakthrough.1641834754525 (( move 1 4 2 5 ) noop ) )
LOG 1641834760035 [L0]: [Sent at 1641834760035] noop
LOG 1641834760053 [L0]: [Received at 1641834760053] ( PLAY 35.breakthrough.1641834754525 (noop ( move 1 6 1 5 ) ) )
LOG 1641834760054 [L0]: [Sent at 1641834760054] ( move 5 2 6 3 )
LOG 1641834760057 [L0]: [Received at 1641834760057] ( PLAY 35.breakthrough.1641834754525 (( move 5 2 6 3 ) noop ) )
LOG 1641834760059 [L0]: [Sent at 1641834760059] noop
LOG 1641834760062 [L0]: [Received at 1641834760062] ( PLAY 35.breakthrough.1641834754525 (noop ( move 4 8 3 7 ) ) )
LOG 1641834760064 [L0]: [Sent at 1641834760064] ( move 5 4 4 5 )
LOG 1641834760066 [L0]: [Received at 1641834760066] ( PLAY 35.breakthrough.1641834754525 (( move 5 4 4 5 ) noop ) )
LOG 1641834760067 [L0]: [Sent at 1641834760067] noop
LOG 1641834760069 [L0]: [Received at 1641834760069] ( PLAY 35.breakthrough.1641834754525 (noop ( move 2 7 1 6 ) ) )
LOG 1641834760071 [L0]: [Sent at 1641834760071] ( move 8 3 7 4 )
LOG 1641834760073 [L0]: [Received at 1641834760073] ( PLAY 35.breakthrough.1641834754525 (( move 8 3 7 4 ) noop ) )
LOG 1641834760075 [L0]: [Sent at 1641834760075] noop
LOG 1641834760077 [L0]: [Received at 1641834760077] ( PLAY 35.breakthrough.1641834754525 (noop ( move 2 4 2 3 ) ) )
LOG 1641834760078 [L0]: [Sent at 1641834760078] ( move 1 2 1 3 )
LOG 1641834760081 [L0]: [Received at 1641834760081] ( PLAY 35.breakthrough.1641834754525 (( move 1 2 1 3 ) noop ) )
LOG 1641834760082 [L0]: [Sent at 1641834760082] noop
LOG 1641834760084 [L0]: [Received at 1641834760084] ( PLAY 35.breakthrough.1641834754525 (noop ( move 1 6 2 5 ) ) )
LOG 1641834760086 [L0]: [Sent at 1641834760086] ( move 2 1 1 2 )
LOG 1641834760101 [L0]: [Received at 1641834760101] ( PLAY 35.breakthrough.1641834754525 (( move 2 1 1 2 ) noop ) )
LOG 1641834760102 [L0]: [Sent at 1641834760102] noop
LOG 1641834760104 [L0]: [Received at 1641834760104] ( PLAY 35.breakthrough.1641834754525 (noop ( move 3 7 3 6 ) ) )
LOG 1641834760106 [L0]: [Sent at 1641834760106] ( move 1 2 2 3 )
LOG 1641834760108 [L0]: [Received at 1641834760108] ( PLAY 35.breakthrough.1641834754525 (( move 1 2 2 3 ) noop ) )
LOG 1641834760109 [L0]: [Sent at 1641834760109] noop
LOG 1641834760111 [L0]: [Received at 1641834760111] ( PLAY 35.breakthrough.1641834754525 (noop ( move 6 6 7 5 ) ) )
LOG 1641834760112 [L0]: [Sent at 1641834760112] ( move 4 5 3 6 )
LOG 1641834760116 [L0]: [Received at 1641834760116] ( PLAY 35.breakthrough.1641834754525 (( move 4 5 3 6 ) noop ) )
LOG 1641834760117 [L0]: [Sent at 1641834760117] noop
LOG 1641834760120 [L0]: [Received at 1641834760120] ( PLAY 35.breakthrough.1641834754525 (noop ( move 7 3 7 2 ) ) )
LOG 1641834760121 [L0]: [Sent at 1641834760121] ( move 1 3 1 4 )
LOG 1641834760124 [L0]: [Received at 1641834760124] ( PLAY 35.breakthrough.1641834754525 (( move 1 3 1 4 ) noop ) )
LOG 1641834760125 [L0]: [Sent at 1641834760125] noop
LOG 1641834760128 [L0]: [Received at 1641834760128] ( PLAY 35.breakthrough.1641834754525 (noop ( move 2 5 1 4 ) ) )
LOG 1641834760129 [L0]: [Sent at 1641834760129] ( move 3 6 2 7 )
LOG 1641834760132 [L0]: [Received at 1641834760132] ( PLAY 35.breakthrough.1641834754525 (( move 3 6 2 7 ) noop ) )
LOG 1641834760134 [L0]: [Sent at 1641834760134] noop
LOG 1641834760136 [L0]: [Received at 1641834760136] ( PLAY 35.breakthrough.1641834754525 (noop ( move 7 6 8 5 ) ) )
LOG 1641834760137 [L0]: [Sent at 1641834760137] ( move 6 2 7 3 )
LOG 1641834760139 [L0]: [Received at 1641834760139] ( PLAY 35.breakthrough.1641834754525 (( move 6 2 7 3 ) noop ) )
LOG 1641834760141 [L0]: [Sent at 1641834760141] noop
LOG 1641834760143 [L0]: [Received at 1641834760143] ( PLAY 35.breakthrough.1641834754525 (noop ( move 5 6 4 5 ) ) )
LOG 1641834760144 [L0]: [Sent at 1641834760144] ( move 6 3 6 4 )
LOG 1641834760147 [L0]: [Received at 1641834760147] ( PLAY 35.breakthrough.1641834754525 (( move 6 3 6 4 ) noop ) )
LOG 1641834760149 [L0]: [Sent at 1641834760149] noop
LOG 1641834760151 [L0]: [Received at 1641834760151] ( PLAY 35.breakthrough.1641834754525 (noop ( move 8 5 7 4 ) ) )
LOG 1641834760152 [L0]: [Sent at 1641834760152] ( move 4 1 5 2 )
LOG 1641834760155 [L0]: [Received at 1641834760155] ( PLAY 35.breakthrough.1641834754525 (( move 4 1 5 2 ) noop ) )
LOG 1641834760156 [L0]: [Sent at 1641834760156] noop
LOG 1641834760158 [L0]: [Received at 1641834760158] ( PLAY 35.breakthrough.1641834754525 (noop ( move 4 5 4 4 ) ) )
LOG 1641834760159 [L0]: [Sent at 1641834760159] ( move 3 3 3 4 )
LOG 1641834760162 [L0]: [Received at 1641834760162] ( PLAY 35.breakthrough.1641834754525 (( move 3 3 3 4 ) noop ) )
LOG 1641834760163 [L0]: [Sent at 1641834760163] noop
LOG 1641834760166 [L0]: [Received at 1641834760166] ( PLAY 35.breakthrough.1641834754525 (noop ( move 6 7 6 6 ) ) )
LOG 1641834760167 [L0]: [Sent at 1641834760167] ( move 8 4 8 5 )
LOG 1641834760170 [L0]: [Received at 1641834760170] ( PLAY 35.breakthrough.1641834754525 (( move 8 4 8 5 ) noop ) )
LOG 1641834760171 [L0]: [Sent at 1641834760171] noop
LOG 1641834760174 [L0]: [Received at 1641834760174] ( PLAY 35.breakthrough.1641834754525 (noop ( move 6 6 5 5 ) ) )
LOG 1641834760175 [L0]: [Sent at 1641834760175] ( move 2 7 1 8 )
LOG 1641834760178 [L0]: [Received at 1641834760178] ( STOP 35.breakthrough.1641834754525 (( move 2 7 1 8 ) noop ) )
LOG 1641834760179 [L3]: Stopped logging to files at: Mon Jan 10 18:12:40 CET 2022
LOG 1641834760179 [L3]: LOG SEALED
