LOG 1641851015943 [L3]: Returning initial state machine.
LOG 1641851015944 [L3]: Returning PropNet state machine without cache.
LOG 1641851015946 [L3]: Starting metagame with available thinking time 4987ms.
LOG 1641851015949 [L3]: Starting search during metagame.
LOG 1641851020933 [L3]: Done searching during metagame.
LOG 1641851020939 [L3]: Starting move selection for game step 1 with available time 10000ms.
LOG 1641851020939 [L3]: Selecting move using MCTS.
LOG 1641851030939 [L3]: Returning MCTS move ( drop 4 ).
LOG 1641851030943 [L3]: Starting move selection for game step 2 with available time 10000ms.
LOG 1641851030950 [L3]: Selecting move using MCTS.
LOG 1641851040943 [L3]: Returning MCTS move noop.
LOG 1641851040948 [L3]: Starting move selection for game step 3 with available time 10000ms.
LOG 1641851040959 [L3]: Selecting move using MCTS.
LOG 1641851050948 [L3]: Returning MCTS move ( drop 3 ).
LOG 1641851050974 [L3]: Starting move selection for game step 4 with available time 10000ms.
LOG 1641851050990 [L3]: Selecting move using MCTS.
LOG 1641851060974 [L3]: Returning MCTS move noop.
LOG 1641851060978 [L3]: Starting move selection for game step 5 with available time 10000ms.
LOG 1641851061000 [L3]: Selecting move using MCTS.
LOG 1641851070978 [L3]: Returning MCTS move ( drop 5 ).
LOG 1641851070983 [L3]: Starting move selection for game step 6 with available time 10000ms.
LOG 1641851070998 [L3]: Selecting move using MCTS.
LOG 1641851080983 [L3]: Returning MCTS move noop.
LOG 1641851080986 [L3]: Starting move selection for game step 7 with available time 10000ms.
LOG 1641851080999 [L3]: Selecting move using MCTS.
LOG 1641851090986 [L3]: Returning MCTS move ( drop 2 ).
