LOG 1641835836418 [L3]: Returning initial state machine.
LOG 1641835836418 [L3]: Returning PropNet state machine without cache.
LOG 1641835836418 [L3]: Starting metagame with available thinking time 4992ms.
LOG 1641835836421 [L3]: Starting search during metagame.
LOG 1641835841410 [L3]: Done searching during metagame.
LOG 1641835841413 [L3]: Starting move selection for game step 1 with available time 0ms.
LOG 1641835841413 [L3]: No time to select next move using MCTS. Returning random move ( move 8 1 7 3 ).
LOG 1641835841418 [L3]: Starting move selection for game step 2 with available time 0ms.
LOG 1641835841423 [L3]: No time to select next move using MCTS. Returning random move noop.
LOG 1641835841428 [L3]: Starting move selection for game step 3 with available time 0ms.
LOG 1641835841439 [L3]: No time to select next move using MCTS. Returning random move ( move 7 2 5 3 ).
LOG 1641835841444 [L3]: Starting move selection for game step 4 with available time 0ms.
LOG 1641835841453 [L3]: No time to select next move using MCTS. Returning random move noop.
LOG 1641835841457 [L3]: Starting move selection for game step 5 with available time 0ms.
LOG 1641835841457 [L3]: No time to select next move using MCTS. Returning random move ( move 5 3 7 4 ).
LOG 1641835841460 [L3]: Starting move selection for game step 6 with available time 0ms.
LOG 1641835841460 [L3]: No time to select next move using MCTS. Returning random move noop.
LOG 1641835841464 [L3]: Starting move selection for game step 7 with available time 0ms.
LOG 1641835841464 [L3]: No time to select next move using MCTS. Returning random move ( move 7 3 8 5 ).
LOG 1641835841468 [L3]: Starting move selection for game step 8 with available time 0ms.
LOG 1641835841468 [L3]: No time to select next move using MCTS. Returning random move noop.
LOG 1641835841472 [L3]: Starting move selection for game step 9 with available time 0ms.
LOG 1641835841472 [L3]: No time to select next move using MCTS. Returning random move ( move 6 2 5 4 ).
LOG 1641835841475 [L3]: Starting move selection for game step 10 with available time 0ms.
LOG 1641835841475 [L3]: No time to select next move using MCTS. Returning random move noop.
LOG 1641835841478 [L3]: Starting move selection for game step 11 with available time 0ms.
LOG 1641835841479 [L3]: No time to select next move using MCTS. Returning random move ( move 4 2 6 3 ).
LOG 1641835841482 [L3]: Starting move selection for game step 12 with available time 0ms.
LOG 1641835841482 [L3]: No time to select next move using MCTS. Returning random move noop.
LOG 1641835841485 [L3]: Starting move selection for game step 13 with available time 0ms.
LOG 1641835841486 [L3]: No time to select next move using MCTS. Returning random move ( move 2 1 4 2 ).
LOG 1641835841489 [L3]: Starting move selection for game step 14 with available time 0ms.
LOG 1641835841489 [L3]: No time to select next move using MCTS. Returning random move noop.
LOG 1641835841493 [L3]: Starting move selection for game step 15 with available time -1ms.
LOG 1641835841493 [L3]: No time to select next move using MCTS. Returning random move ( move 2 2 1 4 ).
LOG 1641835841496 [L3]: Starting move selection for game step 16 with available time 0ms.
LOG 1641835841497 [L3]: No time to select next move using MCTS. Returning random move noop.
LOG 1641835841499 [L3]: Starting move selection for game step 17 with available time 0ms.
LOG 1641835841500 [L3]: No time to select next move using MCTS. Returning random move ( move 7 4 8 6 ).
LOG 1641835841503 [L3]: Starting move selection for game step 18 with available time 0ms.
LOG 1641835841503 [L3]: No time to select next move using MCTS. Returning random move noop.
LOG 1641835841507 [L3]: Starting move selection for game step 19 with available time 0ms.
LOG 1641835841507 [L3]: No time to select next move using MCTS. Returning random move ( move 1 4 2 6 ).
LOG 1641835841511 [L3]: Starting move selection for game step 20 with available time 0ms.
LOG 1641835841511 [L3]: No time to select next move using MCTS. Returning random move noop.
LOG 1641835841515 [L3]: Starting move selection for game step 21 with available time 0ms.
LOG 1641835841515 [L3]: No time to select next move using MCTS. Returning random move ( move 4 2 5 4 ).
LOG 1641835841518 [L3]: Starting move selection for game step 22 with available time 0ms.
LOG 1641835841519 [L3]: No time to select next move using MCTS. Returning random move noop.
LOG 1641835841523 [L3]: Starting move selection for game step 23 with available time 0ms.
LOG 1641835841523 [L3]: No time to select next move using MCTS. Returning random move ( move 4 1 2 2 ).
LOG 1641835841526 [L3]: Starting move selection for game step 24 with available time 0ms.
LOG 1641835841526 [L3]: No time to select next move using MCTS. Returning random move noop.
LOG 1641835841529 [L3]: Starting move selection for game step 25 with available time 0ms.
LOG 1641835841529 [L3]: No time to select next move using MCTS. Returning random move ( move 1 2 2 4 ).
LOG 1641835841532 [L3]: Starting move selection for game step 26 with available time 0ms.
LOG 1641835841533 [L3]: No time to select next move using MCTS. Returning random move noop.
LOG 1641835841535 [L3]: Starting move selection for game step 27 with available time 0ms.
LOG 1641835841536 [L3]: No time to select next move using MCTS. Returning random move ( move 3 1 4 3 ).
LOG 1641835841540 [L3]: Starting move selection for game step 28 with available time 0ms.
LOG 1641835841540 [L3]: No time to select next move using MCTS. Returning random move noop.
LOG 1641835841543 [L3]: Starting move selection for game step 29 with available time 0ms.
LOG 1641835841543 [L3]: No time to select next move using MCTS. Returning random move ( move 5 2 3 3 ).
LOG 1641835841547 [L3]: Starting move selection for game step 30 with available time 0ms.
LOG 1641835841547 [L3]: No time to select next move using MCTS. Returning random move noop.
LOG 1641835841550 [L3]: Starting move selection for game step 31 with available time 0ms.
LOG 1641835841551 [L3]: No time to select next move using MCTS. Returning random move ( move 2 6 3 8 ).
