LOG 1641857669387 [L3]: Returning initial state machine.
LOG 1641857669387 [L3]: Returning PropNet state machine without cache.
LOG 1641857669388 [L3]: Starting metagame with available thinking time 4989ms.
LOG 1641857669390 [L3]: Starting search during metagame.
LOG 1641857674377 [L3]: Done searching during metagame.
LOG 1641857674380 [L3]: Starting move selection for game step 1 with available time 10000ms.
LOG 1641857674380 [L3]: Selecting move using MCTS.
LOG 1641857684380 [L3]: Returning MCTS move ( drop 4 ).
LOG 1641857684384 [L3]: Starting move selection for game step 2 with available time 10000ms.
LOG 1641857684397 [L3]: Selecting move using MCTS.
LOG 1641857694384 [L3]: Returning MCTS move noop.
LOG 1641857694387 [L3]: Starting move selection for game step 3 with available time 10000ms.
LOG 1641857694417 [L3]: Selecting move using MCTS.
LOG 1641857704387 [L3]: Returning MCTS move ( drop 4 ).
LOG 1641857704390 [L3]: Starting move selection for game step 4 with available time 10000ms.
LOG 1641857704426 [L3]: Selecting move using MCTS.
LOG 1641857714390 [L3]: Returning MCTS move noop.
LOG 1641857714393 [L3]: Starting move selection for game step 5 with available time 10000ms.
LOG 1641857714426 [L3]: Selecting move using MCTS.
LOG 1641857724393 [L3]: Returning MCTS move ( drop 2 ).
LOG 1641857724397 [L3]: Starting move selection for game step 6 with available time 10000ms.
LOG 1641857724428 [L3]: Selecting move using MCTS.
LOG 1641857734397 [L3]: Returning MCTS move noop.
LOG 1641857734400 [L3]: Starting move selection for game step 7 with available time 10000ms.
LOG 1641857734443 [L3]: Selecting move using MCTS.
LOG 1641857744400 [L3]: Returning MCTS move ( drop 3 ).
LOG 1641857744404 [L3]: Starting move selection for game step 8 with available time 10000ms.
LOG 1641857744438 [L3]: Selecting move using MCTS.
LOG 1641857754404 [L3]: Returning MCTS move noop.
LOG 1641857754407 [L3]: Starting move selection for game step 9 with available time 10000ms.
LOG 1641857754448 [L3]: Selecting move using MCTS.
LOG 1641857764407 [L3]: Returning MCTS move ( drop 4 ).
LOG 1641857764411 [L3]: Starting move selection for game step 10 with available time 10000ms.
LOG 1641857764443 [L3]: Selecting move using MCTS.
LOG 1641857774411 [L3]: Returning MCTS move noop.
LOG 1641857774414 [L3]: Starting move selection for game step 11 with available time 10000ms.
LOG 1641857774448 [L3]: Selecting move using MCTS.
LOG 1641857784414 [L3]: Returning MCTS move ( drop 4 ).
LOG 1641857784417 [L3]: Starting move selection for game step 12 with available time 10000ms.
LOG 1641857784455 [L3]: Selecting move using MCTS.
LOG 1641857794417 [L3]: Returning MCTS move noop.
LOG 1641857794421 [L3]: Starting move selection for game step 13 with available time 10000ms.
LOG 1641857794453 [L3]: Selecting move using MCTS.
LOG 1641857804421 [L3]: Returning MCTS move ( drop 5 ).
LOG 1641857804424 [L3]: Starting move selection for game step 14 with available time 10000ms.
LOG 1641857804450 [L3]: Selecting move using MCTS.
LOG 1641857814424 [L3]: Returning MCTS move noop.
LOG 1641857814428 [L3]: Starting move selection for game step 15 with available time 10000ms.
LOG 1641857814452 [L3]: Selecting move using MCTS.
LOG 1641857824428 [L3]: Returning MCTS move ( drop 1 ).
LOG 1641857824433 [L3]: Starting move selection for game step 16 with available time 10000ms.
LOG 1641857824458 [L3]: Selecting move using MCTS.
LOG 1641857834433 [L3]: Returning MCTS move noop.
LOG 1641857834437 [L3]: Starting move selection for game step 17 with available time 10000ms.
LOG 1641857834464 [L3]: Selecting move using MCTS.
LOG 1641857844437 [L3]: Returning MCTS move ( drop 2 ).
LOG 1641857844440 [L3]: Starting move selection for game step 18 with available time 10000ms.
LOG 1641857844461 [L3]: Selecting move using MCTS.
LOG 1641857854440 [L3]: Returning MCTS move noop.
LOG 1641857854444 [L3]: Starting move selection for game step 19 with available time 9999ms.
LOG 1641857854462 [L3]: Selecting move using MCTS.
LOG 1641857864443 [L3]: Returning MCTS move ( drop 6 ).
LOG 1641857864447 [L3]: Starting move selection for game step 20 with available time 10000ms.
LOG 1641857864457 [L3]: Selecting move using MCTS.
LOG 1641857874447 [L3]: Returning MCTS move noop.
LOG 1641857874452 [L3]: Starting move selection for game step 21 with available time 10000ms.
LOG 1641857874460 [L3]: Selecting move using MCTS.
LOG 1641857884452 [L3]: Returning MCTS move ( drop 7 ).
LOG 1641857884456 [L3]: Starting move selection for game step 22 with available time 10000ms.
LOG 1641857884462 [L3]: Selecting move using MCTS.
LOG 1641857894456 [L3]: Returning MCTS move noop.
LOG 1641857894459 [L3]: Starting move selection for game step 23 with available time 10000ms.
LOG 1641857894466 [L3]: Selecting move using MCTS.
LOG 1641857904459 [L3]: Returning MCTS move ( drop 2 ).
LOG 1641857904463 [L3]: Starting move selection for game step 24 with available time 9999ms.
LOG 1641857904469 [L3]: Selecting move using MCTS.
LOG 1641857914462 [L3]: Returning MCTS move noop.
LOG 1641857914466 [L3]: Starting move selection for game step 25 with available time 10000ms.
LOG 1641857914474 [L3]: Selecting move using MCTS.
LOG 1641857924466 [L3]: Returning MCTS move ( drop 3 ).
LOG 1641857924469 [L3]: Starting move selection for game step 26 with available time 10000ms.
LOG 1641857924474 [L3]: Selecting move using MCTS.
LOG 1641857934469 [L3]: Returning MCTS move noop.
LOG 1641857934472 [L3]: Starting move selection for game step 27 with available time 10000ms.
LOG 1641857934477 [L3]: Selecting move using MCTS.
LOG 1641857944472 [L3]: Returning MCTS move ( drop 1 ).
LOG 1641857944476 [L3]: Starting move selection for game step 28 with available time 10000ms.
LOG 1641857944479 [L3]: Selecting move using MCTS.
LOG 1641857954476 [L3]: Returning MCTS move noop.
LOG 1641857954480 [L3]: Starting move selection for game step 29 with available time 10000ms.
LOG 1641857954483 [L3]: Selecting move using MCTS.
LOG 1641857964480 [L3]: Returning MCTS move ( drop 5 ).
LOG 1641857964483 [L3]: Starting move selection for game step 30 with available time 10000ms.
LOG 1641857964486 [L3]: Selecting move using MCTS.
LOG 1641857974483 [L3]: Returning MCTS move noop.
LOG 1641857974487 [L3]: Starting move selection for game step 31 with available time 10000ms.
LOG 1641857974489 [L3]: Selecting move using MCTS.
LOG 1641857984487 [L3]: Returning MCTS move ( drop 2 ).
LOG 1641857984490 [L3]: Starting move selection for game step 32 with available time 10000ms.
LOG 1641857984492 [L3]: Selecting move using MCTS.
LOG 1641857994490 [L3]: Returning MCTS move noop.
LOG 1641857994494 [L3]: Starting move selection for game step 33 with available time 10000ms.
LOG 1641857994495 [L3]: Selecting move using MCTS.
LOG 1641858004494 [L3]: Returning MCTS move ( drop 1 ).
