LOG 1641834343149 [L3]: Returning initial state machine.
LOG 1641834343149 [L3]: Returning PropNet state machine without cache.
LOG 1641834343150 [L3]: Starting metagame with available thinking time 4990ms.
LOG 1641834343152 [L3]: Starting search during metagame.
LOG 1641834348141 [L3]: Done searching during metagame.
LOG 1641834348144 [L3]: Starting move selection for game step 1 with available time 0ms.
LOG 1641834348145 [L3]: No time to select next move using MCTS. Returning random move noop.
LOG 1641834348149 [L3]: Starting move selection for game step 2 with available time 0ms.
LOG 1641834348150 [L3]: No time to select next move using MCTS. Returning random move ( move 6 7 5 6 ).
LOG 1641834348157 [L3]: Starting move selection for game step 3 with available time 0ms.
LOG 1641834348164 [L3]: No time to select next move using MCTS. Returning random move noop.
LOG 1641834348170 [L3]: Starting move selection for game step 4 with available time 0ms.
LOG 1641834348171 [L3]: No time to select next move using MCTS. Returning random move ( move 3 7 3 6 ).
LOG 1641834348184 [L3]: Starting move selection for game step 5 with available time 0ms.
LOG 1641834348184 [L3]: No time to select next move using MCTS. Returning random move noop.
LOG 1641834348195 [L3]: Starting move selection for game step 6 with available time 0ms.
LOG 1641834348195 [L3]: No time to select next move using MCTS. Returning random move ( move 5 6 6 5 ).
LOG 1641834348200 [L3]: Starting move selection for game step 7 with available time 0ms.
LOG 1641834348200 [L3]: No time to select next move using MCTS. Returning random move noop.
LOG 1641834348208 [L3]: Starting move selection for game step 8 with available time 0ms.
LOG 1641834348209 [L3]: No time to select next move using MCTS. Returning random move ( move 7 8 6 7 ).
LOG 1641834348213 [L3]: Starting move selection for game step 9 with available time 0ms.
LOG 1641834348213 [L3]: No time to select next move using MCTS. Returning random move noop.
LOG 1641834348218 [L3]: Starting move selection for game step 10 with available time -1ms.
LOG 1641834348218 [L3]: No time to select next move using MCTS. Returning random move ( move 2 8 3 7 ).
LOG 1641834348222 [L3]: Starting move selection for game step 11 with available time 0ms.
LOG 1641834348222 [L3]: No time to select next move using MCTS. Returning random move noop.
LOG 1641834348227 [L3]: Starting move selection for game step 12 with available time -1ms.
LOG 1641834348227 [L3]: No time to select next move using MCTS. Returning random move ( move 1 7 1 6 ).
LOG 1641834348231 [L3]: Starting move selection for game step 13 with available time 0ms.
LOG 1641834348231 [L3]: No time to select next move using MCTS. Returning random move noop.
LOG 1641834348235 [L3]: Starting move selection for game step 14 with available time 0ms.
LOG 1641834348236 [L3]: No time to select next move using MCTS. Returning random move ( move 2 7 2 6 ).
LOG 1641834348240 [L3]: Starting move selection for game step 15 with available time 0ms.
LOG 1641834348241 [L3]: No time to select next move using MCTS. Returning random move noop.
LOG 1641834348245 [L3]: Starting move selection for game step 16 with available time 0ms.
LOG 1641834348245 [L3]: No time to select next move using MCTS. Returning random move ( move 4 7 4 6 ).
LOG 1641834348251 [L3]: Starting move selection for game step 17 with available time -1ms.
LOG 1641834348251 [L3]: No time to select next move using MCTS. Returning random move noop.
LOG 1641834348255 [L3]: Starting move selection for game step 18 with available time 0ms.
LOG 1641834348255 [L3]: No time to select next move using MCTS. Returning random move ( move 1 8 1 7 ).
LOG 1641834348260 [L3]: Starting move selection for game step 19 with available time 0ms.
LOG 1641834348261 [L3]: No time to select next move using MCTS. Returning random move noop.
LOG 1641834348265 [L3]: Starting move selection for game step 20 with available time -1ms.
LOG 1641834348265 [L3]: No time to select next move using MCTS. Returning random move ( move 3 6 4 5 ).
LOG 1641834348269 [L3]: Starting move selection for game step 21 with available time 0ms.
LOG 1641834348269 [L3]: No time to select next move using MCTS. Returning random move noop.
LOG 1641834348274 [L3]: Starting move selection for game step 22 with available time 0ms.
LOG 1641834348274 [L3]: No time to select next move using MCTS. Returning random move ( move 6 7 7 6 ).
LOG 1641834348279 [L3]: Starting move selection for game step 23 with available time 0ms.
LOG 1641834348279 [L3]: No time to select next move using MCTS. Returning random move noop.
LOG 1641834348283 [L3]: Starting move selection for game step 24 with available time 0ms.
LOG 1641834348284 [L3]: No time to select next move using MCTS. Returning random move ( move 8 7 8 6 ).
LOG 1641834348289 [L3]: Starting move selection for game step 25 with available time 0ms.
LOG 1641834348289 [L3]: No time to select next move using MCTS. Returning random move noop.
LOG 1641834348295 [L3]: Starting move selection for game step 26 with available time 0ms.
LOG 1641834348295 [L3]: No time to select next move using MCTS. Returning random move ( move 8 6 7 5 ).
LOG 1641834348300 [L3]: Starting move selection for game step 27 with available time 0ms.
LOG 1641834348301 [L3]: No time to select next move using MCTS. Returning random move noop.
LOG 1641834348322 [L3]: Starting move selection for game step 28 with available time 0ms.
LOG 1641834348323 [L3]: No time to select next move using MCTS. Returning random move ( move 5 8 4 7 ).
LOG 1641834348327 [L3]: Starting move selection for game step 29 with available time 0ms.
LOG 1641834348327 [L3]: No time to select next move using MCTS. Returning random move noop.
LOG 1641834348331 [L3]: Starting move selection for game step 30 with available time 0ms.
LOG 1641834348331 [L3]: No time to select next move using MCTS. Returning random move ( move 7 6 8 5 ).
LOG 1641834348335 [L3]: Starting move selection for game step 31 with available time 0ms.
LOG 1641834348335 [L3]: No time to select next move using MCTS. Returning random move noop.
LOG 1641834348339 [L3]: Starting move selection for game step 32 with available time 0ms.
LOG 1641834348339 [L3]: No time to select next move using MCTS. Returning random move ( move 1 6 1 5 ).
LOG 1641834348343 [L3]: Starting move selection for game step 33 with available time 0ms.
LOG 1641834348344 [L3]: No time to select next move using MCTS. Returning random move noop.
LOG 1641834348349 [L3]: Starting move selection for game step 34 with available time 0ms.
LOG 1641834348349 [L3]: No time to select next move using MCTS. Returning random move ( move 7 5 6 4 ).
LOG 1641834348353 [L3]: Starting move selection for game step 35 with available time 0ms.
LOG 1641834348353 [L3]: No time to select next move using MCTS. Returning random move noop.
LOG 1641834348357 [L3]: Starting move selection for game step 36 with available time 0ms.
LOG 1641834348358 [L3]: No time to select next move using MCTS. Returning random move ( move 4 7 3 6 ).
LOG 1641834348361 [L3]: Starting move selection for game step 37 with available time 0ms.
LOG 1641834348361 [L3]: No time to select next move using MCTS. Returning random move noop.
LOG 1641834348365 [L3]: Starting move selection for game step 38 with available time 0ms.
LOG 1641834348366 [L3]: No time to select next move using MCTS. Returning random move ( move 3 8 4 7 ).
LOG 1641834348369 [L3]: Starting move selection for game step 39 with available time 0ms.
LOG 1641834348370 [L3]: No time to select next move using MCTS. Returning random move noop.
LOG 1641834348374 [L3]: Starting move selection for game step 40 with available time 0ms.
LOG 1641834348374 [L3]: No time to select next move using MCTS. Returning random move ( move 6 8 6 7 ).
LOG 1641834348379 [L3]: Starting move selection for game step 41 with available time 0ms.
LOG 1641834348380 [L3]: No time to select next move using MCTS. Returning random move noop.
LOG 1641834348384 [L3]: Starting move selection for game step 42 with available time -1ms.
LOG 1641834348384 [L3]: No time to select next move using MCTS. Returning random move ( move 6 7 7 6 ).
LOG 1641834348388 [L3]: Starting move selection for game step 43 with available time -1ms.
LOG 1641834348388 [L3]: No time to select next move using MCTS. Returning random move noop.
LOG 1641834348391 [L3]: Starting move selection for game step 44 with available time 0ms.
LOG 1641834348392 [L3]: No time to select next move using MCTS. Returning random move ( move 7 6 6 5 ).
LOG 1641834348396 [L3]: Starting move selection for game step 45 with available time 0ms.
LOG 1641834348396 [L3]: No time to select next move using MCTS. Returning random move noop.
LOG 1641834348400 [L3]: Starting move selection for game step 46 with available time 0ms.
LOG 1641834348400 [L3]: No time to select next move using MCTS. Returning random move ( move 5 7 6 6 ).
LOG 1641834348404 [L3]: Starting move selection for game step 47 with available time 0ms.
LOG 1641834348404 [L3]: No time to select next move using MCTS. Returning random move noop.
LOG 1641834348408 [L3]: Starting move selection for game step 48 with available time 0ms.
LOG 1641834348408 [L3]: No time to select next move using MCTS. Returning random move ( move 4 5 3 4 ).
LOG 1641834348413 [L3]: Starting move selection for game step 49 with available time 0ms.
LOG 1641834348413 [L3]: No time to select next move using MCTS. Returning random move noop.
LOG 1641834348417 [L3]: Starting move selection for game step 50 with available time 0ms.
LOG 1641834348417 [L3]: No time to select next move using MCTS. Returning random move ( move 6 5 5 4 ).
LOG 1641834348421 [L3]: Starting move selection for game step 51 with available time 0ms.
LOG 1641834348421 [L3]: No time to select next move using MCTS. Returning random move noop.
LOG 1641834348425 [L3]: Starting move selection for game step 52 with available time -1ms.
LOG 1641834348425 [L3]: No time to select next move using MCTS. Returning random move ( move 3 4 3 3 ).
LOG 1641834348428 [L3]: Starting move selection for game step 53 with available time 0ms.
LOG 1641834348429 [L3]: No time to select next move using MCTS. Returning random move noop.
LOG 1641834348432 [L3]: Starting move selection for game step 54 with available time 0ms.
LOG 1641834348432 [L3]: No time to select next move using MCTS. Returning random move ( move 3 3 2 2 ).
LOG 1641834348436 [L3]: Starting move selection for game step 55 with available time 0ms.
LOG 1641834348436 [L3]: No time to select next move using MCTS. Returning random move noop.
LOG 1641834348440 [L3]: Starting move selection for game step 56 with available time 0ms.
LOG 1641834348440 [L3]: No time to select next move using MCTS. Returning random move ( move 3 6 3 5 ).
LOG 1641834348444 [L3]: Starting move selection for game step 57 with available time 0ms.
LOG 1641834348445 [L3]: No time to select next move using MCTS. Returning random move noop.
LOG 1641834348449 [L3]: Starting move selection for game step 58 with available time 0ms.
LOG 1641834348449 [L3]: No time to select next move using MCTS. Returning random move ( move 6 6 7 5 ).
LOG 1641834348452 [L3]: Starting move selection for game step 59 with available time 0ms.
LOG 1641834348453 [L3]: No time to select next move using MCTS. Returning random move noop.
LOG 1641834348456 [L3]: Starting move selection for game step 60 with available time 0ms.
LOG 1641834348457 [L3]: No time to select next move using MCTS. Returning random move ( move 3 7 3 6 ).
LOG 1641834348460 [L3]: Starting move selection for game step 61 with available time 0ms.
LOG 1641834348461 [L3]: No time to select next move using MCTS. Returning random move noop.
LOG 1641834348465 [L3]: Starting move selection for game step 62 with available time 0ms.
LOG 1641834348465 [L3]: No time to select next move using MCTS. Returning random move ( move 5 4 6 3 ).
LOG 1641834348469 [L3]: Starting move selection for game step 63 with available time 0ms.
LOG 1641834348470 [L3]: No time to select next move using MCTS. Returning random move noop.
LOG 1641834348474 [L3]: Starting move selection for game step 64 with available time 0ms.
LOG 1641834348474 [L3]: No time to select next move using MCTS. Returning random move ( move 3 5 4 4 ).
LOG 1641834348479 [L3]: Starting move selection for game step 65 with available time 0ms.
LOG 1641834348479 [L3]: No time to select next move using MCTS. Returning random move noop.
LOG 1641834348483 [L3]: Starting move selection for game step 66 with available time 0ms.
LOG 1641834348484 [L3]: No time to select next move using MCTS. Returning random move ( move 2 6 3 5 ).
LOG 1641834348488 [L3]: Starting move selection for game step 67 with available time 0ms.
LOG 1641834348488 [L3]: No time to select next move using MCTS. Returning random move noop.
LOG 1641834348492 [L3]: Starting move selection for game step 68 with available time 0ms.
LOG 1641834348493 [L3]: No time to select next move using MCTS. Returning random move ( move 2 2 3 1 ).
