LOG 1641833425654 [L3]: Returning initial state machine.
LOG 1641833425654 [L3]: Returning PropNet state machine without cache.
LOG 1641833425655 [L3]: Starting metagame with available thinking time 4989ms.
LOG 1641833425656 [L3]: Starting search during metagame.
LOG 1641833430644 [L3]: Done searching during metagame.
LOG 1641833430647 [L3]: Starting move selection for game step 1 with available time 0ms.
LOG 1641833430648 [L3]: No time to select next move using MCTS. Returning random move ( drop 1 ).
LOG 1641833430653 [L3]: Starting move selection for game step 2 with available time 0ms.
LOG 1641833430655 [L3]: No time to select next move using MCTS. Returning random move noop.
LOG 1641833430663 [L3]: Starting move selection for game step 3 with available time 0ms.
LOG 1641833430665 [L3]: No time to select next move using MCTS. Returning random move ( drop 7 ).
LOG 1641833430673 [L3]: Starting move selection for game step 4 with available time 0ms.
LOG 1641833430676 [L3]: No time to select next move using MCTS. Returning random move noop.
LOG 1641833430686 [L3]: Starting move selection for game step 5 with available time 0ms.
LOG 1641833430686 [L3]: No time to select next move using MCTS. Returning random move ( drop 6 ).
LOG 1641833430690 [L3]: Starting move selection for game step 6 with available time 0ms.
LOG 1641833430690 [L3]: No time to select next move using MCTS. Returning random move noop.
LOG 1641833430694 [L3]: Starting move selection for game step 7 with available time 0ms.
LOG 1641833430695 [L3]: No time to select next move using MCTS. Returning random move ( drop 6 ).
LOG 1641833430699 [L3]: Starting move selection for game step 8 with available time 0ms.
LOG 1641833430699 [L3]: No time to select next move using MCTS. Returning random move noop.
LOG 1641833430703 [L3]: Starting move selection for game step 9 with available time 0ms.
LOG 1641833430703 [L3]: No time to select next move using MCTS. Returning random move ( drop 1 ).
LOG 1641833430708 [L3]: Starting move selection for game step 10 with available time 0ms.
LOG 1641833430709 [L3]: No time to select next move using MCTS. Returning random move noop.
LOG 1641833430712 [L3]: Starting move selection for game step 11 with available time 0ms.
LOG 1641833430713 [L3]: No time to select next move using MCTS. Returning random move ( drop 4 ).
LOG 1641833430716 [L3]: Starting move selection for game step 12 with available time 0ms.
LOG 1641833430717 [L3]: No time to select next move using MCTS. Returning random move noop.
LOG 1641833430720 [L3]: Starting move selection for game step 13 with available time 0ms.
LOG 1641833430721 [L3]: No time to select next move using MCTS. Returning random move ( drop 6 ).
LOG 1641833430724 [L3]: Starting move selection for game step 14 with available time 0ms.
LOG 1641833430725 [L3]: No time to select next move using MCTS. Returning random move noop.
LOG 1641833430730 [L3]: Starting move selection for game step 15 with available time -1ms.
LOG 1641833430730 [L3]: No time to select next move using MCTS. Returning random move ( drop 7 ).
LOG 1641833430734 [L3]: Starting move selection for game step 16 with available time 0ms.
LOG 1641833430734 [L3]: No time to select next move using MCTS. Returning random move noop.
LOG 1641833430738 [L3]: Starting move selection for game step 17 with available time 0ms.
LOG 1641833430739 [L3]: No time to select next move using MCTS. Returning random move ( drop 3 ).
LOG 1641833430743 [L3]: Starting move selection for game step 18 with available time 0ms.
LOG 1641833430743 [L3]: No time to select next move using MCTS. Returning random move noop.
LOG 1641833430749 [L3]: Starting move selection for game step 19 with available time 0ms.
LOG 1641833430749 [L3]: No time to select next move using MCTS. Returning random move ( drop 1 ).
LOG 1641833430753 [L3]: Starting move selection for game step 20 with available time 0ms.
LOG 1641833430754 [L3]: No time to select next move using MCTS. Returning random move noop.
LOG 1641833430758 [L3]: Starting move selection for game step 21 with available time 0ms.
LOG 1641833430758 [L3]: No time to select next move using MCTS. Returning random move ( drop 3 ).
LOG 1641833430763 [L3]: Starting move selection for game step 22 with available time 0ms.
LOG 1641833430763 [L3]: No time to select next move using MCTS. Returning random move noop.
