LOG 1641924087516 [L3]: Returning initial state machine.
LOG 1641924087517 [L3]: Returning PropNet state machine without cache.
LOG 1641924087517 [L3]: Starting metagame with available thinking time 4990ms.
LOG 1641924087519 [L3]: Starting search during metagame.
LOG 1641924092508 [L3]: Done searching during metagame.
LOG 1641924092512 [L3]: Starting move selection for game step 1 with available time 10000ms.
LOG 1641924092512 [L3]: Selecting move using MCTS.
LOG 1641924102512 [L3]: Returning MCTS move noop.
LOG 1641924102517 [L3]: Starting move selection for game step 2 with available time 10000ms.
LOG 1641924102518 [L3]: Selecting move using MCTS.
LOG 1641924112956 [L3]: Returning MCTS move ( move 3 7 3 6 ).
LOG 1641924112960 [L3]: Starting move selection for game step 3 with available time 10000ms.
LOG 1641924112968 [L3]: Selecting move using MCTS.
LOG 1641924122960 [L3]: Returning MCTS move noop.
LOG 1641924122970 [L3]: Starting move selection for game step 4 with available time 10000ms.
LOG 1641924122973 [L3]: Selecting move using MCTS.
LOG 1641924132970 [L3]: Returning MCTS move ( move 3 6 3 5 ).
LOG 1641924132974 [L3]: Starting move selection for game step 5 with available time 9999ms.
LOG 1641924132977 [L3]: Selecting move using MCTS.
LOG 1641924142973 [L3]: Returning MCTS move noop.
LOG 1641924142978 [L3]: Starting move selection for game step 6 with available time 10000ms.
LOG 1641924142981 [L3]: Selecting move using MCTS.
LOG 1641924152978 [L3]: Returning MCTS move ( move 5 7 4 6 ).
LOG 1641924152982 [L3]: Starting move selection for game step 7 with available time 10000ms.
LOG 1641924152986 [L3]: Selecting move using MCTS.
LOG 1641924162982 [L3]: Returning MCTS move noop.
LOG 1641924162986 [L3]: Starting move selection for game step 8 with available time 10000ms.
LOG 1641924162989 [L3]: Selecting move using MCTS.
LOG 1641924172986 [L3]: Returning MCTS move ( move 2 7 2 6 ).
LOG 1641924172991 [L3]: Starting move selection for game step 9 with available time 10000ms.
LOG 1641924172994 [L3]: Selecting move using MCTS.
LOG 1641924182991 [L3]: Returning MCTS move noop.
LOG 1641924182995 [L3]: Starting move selection for game step 10 with available time 10000ms.
LOG 1641924182998 [L3]: Selecting move using MCTS.
LOG 1641924192995 [L3]: Returning MCTS move ( move 2 8 2 7 ).
LOG 1641924192999 [L3]: Starting move selection for game step 11 with available time 10000ms.
LOG 1641924193003 [L3]: Selecting move using MCTS.
LOG 1641924202999 [L3]: Returning MCTS move noop.
LOG 1641924203003 [L3]: Starting move selection for game step 12 with available time 10000ms.
LOG 1641924203007 [L3]: Selecting move using MCTS.
LOG 1641924213003 [L3]: Returning MCTS move ( move 3 8 3 7 ).
LOG 1641924213007 [L3]: Starting move selection for game step 13 with available time 9999ms.
LOG 1641924213010 [L3]: Selecting move using MCTS.
LOG 1641924223006 [L3]: Returning MCTS move noop.
LOG 1641924223010 [L3]: Starting move selection for game step 14 with available time 10000ms.
LOG 1641924223014 [L3]: Selecting move using MCTS.
LOG 1641924233010 [L3]: Returning MCTS move ( move 3 5 3 4 ).
LOG 1641924233014 [L3]: Starting move selection for game step 15 with available time 10000ms.
LOG 1641924233017 [L3]: Selecting move using MCTS.
LOG 1641924243014 [L3]: Returning MCTS move noop.
LOG 1641924243018 [L3]: Starting move selection for game step 16 with available time 10000ms.
LOG 1641924243021 [L3]: Selecting move using MCTS.
LOG 1641924253018 [L3]: Returning MCTS move ( move 3 4 4 3 ).
LOG 1641924253022 [L3]: Starting move selection for game step 17 with available time 10000ms.
LOG 1641924253026 [L3]: Selecting move using MCTS.
LOG 1641924263022 [L3]: Returning MCTS move noop.
LOG 1641924263027 [L3]: Starting move selection for game step 18 with available time 10000ms.
LOG 1641924263031 [L3]: Selecting move using MCTS.
LOG 1641924273027 [L3]: Returning MCTS move ( move 4 3 3 2 ).
LOG 1641924273030 [L3]: Starting move selection for game step 19 with available time 10000ms.
LOG 1641924273035 [L3]: Selecting move using MCTS.
LOG 1641924283030 [L3]: Returning MCTS move noop.
LOG 1641924283033 [L3]: Starting move selection for game step 20 with available time 10000ms.
LOG 1641924283039 [L3]: Selecting move using MCTS.
LOG 1641924293033 [L3]: Returning MCTS move ( move 3 2 2 1 ).
