LOG 1641924087507 [L3]: Started match logging at: Tue Jan 11 19:01:27 CET 2022
LOG 1641924087509 [L3]: Game rules: [( role white ), ( role black ), ( <= ( base ( cellHolds ?x ?y ?p ) ) ( index ?x ) ( index ?y ) ( role ?p ) ), ( <= ( base ( control ?p ) ) ( role ?p ) ), ( <= ( input ?p noop ) ( role ?p ) ), ( <= ( input white ( move ?x ?y1 ?x ?y2 ) ) ( index ?x ) ( succ ?y1 ?y2 ) ), ( <= ( input white ( move ?x1 ?y1 ?x2 ?y2 ) ) ( succ ?y1 ?y2 ) ( succ ?x1 ?x2 ) ), ( <= ( input white ( move ?x1 ?y1 ?x2 ?y2 ) ) ( succ ?y1 ?y2 ) ( succ ?x2 ?x1 ) ), ( <= ( input black ( move ?x ?y1 ?x ?y2 ) ) ( index ?x ) ( succ ?y2 ?y1 ) ), ( <= ( input black ( move ?x1 ?y1 ?x2 ?y2 ) ) ( succ ?y2 ?y1 ) ( succ ?x1 ?x2 ) ), ( <= ( input black ( move ?x1 ?y1 ?x2 ?y2 ) ) ( succ ?y2 ?y1 ) ( succ ?x2 ?x1 ) ), ( init ( cellHolds 1 1 white ) ), ( init ( cellHolds 2 1 white ) ), ( init ( cellHolds 3 1 white ) ), ( init ( cellHolds 4 1 white ) ), ( init ( cellHolds 5 1 white ) ), ( init ( cellHolds 6 1 white ) ), ( init ( cellHolds 7 1 white ) ), ( init ( cellHolds 8 1 white ) ), ( init ( cellHolds 1 2 white ) ), ( init ( cellHolds 2 2 white ) ), ( init ( cellHolds 3 2 white ) ), ( init ( cellHolds 4 2 white ) ), ( init ( cellHolds 5 2 white ) ), ( init ( cellHolds 6 2 white ) ), ( init ( cellHolds 7 2 white ) ), ( init ( cellHolds 8 2 white ) ), ( init ( cellHolds 1 7 black ) ), ( init ( cellHolds 2 7 black ) ), ( init ( cellHolds 3 7 black ) ), ( init ( cellHolds 4 7 black ) ), ( init ( cellHolds 5 7 black ) ), ( init ( cellHolds 6 7 black ) ), ( init ( cellHolds 7 7 black ) ), ( init ( cellHolds 8 7 black ) ), ( init ( cellHolds 1 8 black ) ), ( init ( cellHolds 2 8 black ) ), ( init ( cellHolds 3 8 black ) ), ( init ( cellHolds 4 8 black ) ), ( init ( cellHolds 5 8 black ) ), ( init ( cellHolds 6 8 black ) ), ( init ( cellHolds 7 8 black ) ), ( init ( cellHolds 8 8 black ) ), ( init ( control white ) ), ( <= ( legal white ( move ?x ?y1 ?x ?y2 ) ) ( true ( control white ) ) ( true ( cellHolds ?x ?y1 white ) ) ( succ ?y1 ?y2 ) ( cellEmpty ?x ?y2 ) ), ( <= ( legal white ( move ?x1 ?y1 ?x2 ?y2 ) ) ( true ( control white ) ) ( true ( cellHolds ?x1 ?y1 white ) ) ( succ ?y1 ?y2 ) ( succ ?x1 ?x2 ) ( not ( true ( cellHolds ?x2 ?y2 white ) ) ) ), ( <= ( legal white ( move ?x1 ?y1 ?x2 ?y2 ) ) ( true ( control white ) ) ( true ( cellHolds ?x1 ?y1 white ) ) ( succ ?y1 ?y2 ) ( succ ?x2 ?x1 ) ( not ( true ( cellHolds ?x2 ?y2 white ) ) ) ), ( <= ( legal black ( move ?x ?y1 ?x ?y2 ) ) ( true ( control black ) ) ( true ( cellHolds ?x ?y1 black ) ) ( succ ?y2 ?y1 ) ( cellEmpty ?x ?y2 ) ), ( <= ( legal black ( move ?x1 ?y1 ?x2 ?y2 ) ) ( true ( control black ) ) ( true ( cellHolds ?x1 ?y1 black ) ) ( succ ?y2 ?y1 ) ( succ ?x1 ?x2 ) ( not ( true ( cellHolds ?x2 ?y2 black ) ) ) ), ( <= ( legal black ( move ?x1 ?y1 ?x2 ?y2 ) ) ( true ( control black ) ) ( true ( cellHolds ?x1 ?y1 black ) ) ( succ ?y2 ?y1 ) ( succ ?x2 ?x1 ) ( not ( true ( cellHolds ?x2 ?y2 black ) ) ) ), ( <= ( legal white noop ) ( true ( control black ) ) ), ( <= ( legal black noop ) ( true ( control white ) ) ), ( <= ( next ( cellHolds ?x2 ?y2 ?player ) ) ( role ?player ) ( does ?player ( move ?x1 ?y1 ?x2 ?y2 ) ) ), ( <= ( next ( cellHolds ?x3 ?y3 ?state ) ) ( true ( cellHolds ?x3 ?y3 ?state ) ) ( role ?player ) ( does ?player ( move ?x1 ?y1 ?x2 ?y2 ) ) ( distinctCell ?x1 ?y1 ?x3 ?y3 ) ( distinctCell ?x2 ?y2 ?x3 ?y3 ) ), ( <= ( next ( control white ) ) ( true ( control black ) ) ), ( <= ( next ( control black ) ) ( true ( control white ) ) ), ( <= terminal whiteWin ), ( <= terminal blackWin ), ( <= ( goal white 100 ) whiteWin ), ( <= ( goal white 0 ) ( not whiteWin ) ), ( <= ( goal black 100 ) blackWin ), ( <= ( goal black 0 ) ( not blackWin ) ), ( <= ( cell ?x ?y ) ( index ?x ) ( index ?y ) ), ( <= ( cellEmpty ?x ?y ) ( cell ?x ?y ) ( not ( true ( cellHolds ?x ?y white ) ) ) ( not ( true ( cellHolds ?x ?y black ) ) ) ), ( <= ( distinctCell ?x1 ?y1 ?x2 ?y2 ) ( cell ?x1 ?y1 ) ( cell ?x2 ?y2 ) ( distinct ?x1 ?x2 ) ), ( <= ( distinctCell ?x1 ?y1 ?x2 ?y2 ) ( cell ?x1 ?y1 ) ( cell ?x2 ?y2 ) ( distinct ?y1 ?y2 ) ), ( <= whiteWin ( index ?x ) ( true ( cellHolds ?x 8 white ) ) ), ( <= blackWin ( index ?x ) ( true ( cellHolds ?x 1 black ) ) ), ( <= whiteWin ( not blackCell ) ), ( <= blackWin ( not whiteCell ) ), ( <= whiteCell ( cell ?x ?y ) ( true ( cellHolds ?x ?y white ) ) ), ( <= blackCell ( cell ?x ?y ) ( true ( cellHolds ?x ?y black ) ) ), ( index 1 ), ( index 2 ), ( index 3 ), ( index 4 ), ( index 5 ), ( index 6 ), ( index 7 ), ( index 8 ), ( succ 1 2 ), ( succ 2 3 ), ( succ 3 4 ), ( succ 4 5 ), ( succ 5 6 ), ( succ 6 7 ), ( succ 7 8 )]
LOG 1641924087515 [L3]: Start clock: 15
LOG 1641924087516 [L3]: Play clock: 20
LOG 1641924092509 [L0]: [Sent at 1641924092509] ready
LOG 1641924092512 [L0]: [Received at 1641924092512] ( PLAY 29.breakthrough.1641924087332 NIL )
LOG 1641924102512 [L0]: [Sent at 1641924102512] noop
LOG 1641924102516 [L0]: [Received at 1641924102516] ( PLAY 29.breakthrough.1641924087332 (( move 4 2 4 3 ) noop ) )
LOG 1641924112956 [L0]: [Sent at 1641924112956] ( move 3 7 3 6 )
LOG 1641924112960 [L0]: [Received at 1641924112960] ( PLAY 29.breakthrough.1641924087332 (noop ( move 3 7 3 6 ) ) )
LOG 1641924122967 [L0]: [Sent at 1641924122967] noop
LOG 1641924122970 [L0]: [Received at 1641924122970] ( PLAY 29.breakthrough.1641924087332 (( move 3 2 3 3 ) noop ) )
LOG 1641924132970 [L0]: [Sent at 1641924132970] ( move 3 6 3 5 )
LOG 1641924132973 [L0]: [Received at 1641924132973] ( PLAY 29.breakthrough.1641924087332 (noop ( move 3 6 3 5 ) ) )
LOG 1641924142974 [L0]: [Sent at 1641924142974] noop
LOG 1641924142977 [L0]: [Received at 1641924142977] ( PLAY 29.breakthrough.1641924087332 (( move 4 1 4 2 ) noop ) )
LOG 1641924152979 [L0]: [Sent at 1641924152979] ( move 5 7 4 6 )
LOG 1641924152982 [L0]: [Received at 1641924152982] ( PLAY 29.breakthrough.1641924087332 (noop ( move 5 7 4 6 ) ) )
LOG 1641924162983 [L0]: [Sent at 1641924162983] noop
LOG 1641924162985 [L0]: [Received at 1641924162985] ( PLAY 29.breakthrough.1641924087332 (( move 4 2 5 3 ) noop ) )
LOG 1641924172987 [L0]: [Sent at 1641924172987] ( move 2 7 2 6 )
LOG 1641924172990 [L0]: [Received at 1641924172990] ( PLAY 29.breakthrough.1641924087332 (noop ( move 2 7 2 6 ) ) )
LOG 1641924182992 [L0]: [Sent at 1641924182992] noop
LOG 1641924182994 [L0]: [Received at 1641924182994] ( PLAY 29.breakthrough.1641924087332 (( move 2 2 1 3 ) noop ) )
LOG 1641924192996 [L0]: [Sent at 1641924192996] ( move 2 8 2 7 )
LOG 1641924192999 [L0]: [Received at 1641924192999] ( PLAY 29.breakthrough.1641924087332 (noop ( move 2 8 2 7 ) ) )
LOG 1641924203000 [L0]: [Sent at 1641924203000] noop
LOG 1641924203003 [L0]: [Received at 1641924203003] ( PLAY 29.breakthrough.1641924087332 (( move 5 2 6 3 ) noop ) )
LOG 1641924213004 [L0]: [Sent at 1641924213004] ( move 3 8 3 7 )
LOG 1641924213006 [L0]: [Received at 1641924213006] ( PLAY 29.breakthrough.1641924087332 (noop ( move 3 8 3 7 ) ) )
LOG 1641924223007 [L0]: [Sent at 1641924223007] noop
LOG 1641924223010 [L0]: [Received at 1641924223010] ( PLAY 29.breakthrough.1641924087332 (( move 5 1 4 2 ) noop ) )
LOG 1641924233010 [L0]: [Sent at 1641924233010] ( move 3 5 3 4 )
LOG 1641924233013 [L0]: [Received at 1641924233013] ( PLAY 29.breakthrough.1641924087332 (noop ( move 3 5 3 4 ) ) )
LOG 1641924243015 [L0]: [Sent at 1641924243015] noop
LOG 1641924243017 [L0]: [Received at 1641924243017] ( PLAY 29.breakthrough.1641924087332 (( move 2 1 3 2 ) noop ) )
LOG 1641924253020 [L0]: [Sent at 1641924253020] ( move 3 4 4 3 )
LOG 1641924253022 [L0]: [Received at 1641924253022] ( PLAY 29.breakthrough.1641924087332 (noop ( move 3 4 4 3 ) ) )
LOG 1641924263022 [L0]: [Sent at 1641924263022] noop
LOG 1641924263026 [L0]: [Received at 1641924263026] ( PLAY 29.breakthrough.1641924087332 (( move 3 2 2 3 ) noop ) )
LOG 1641924273028 [L0]: [Sent at 1641924273028] ( move 4 3 3 2 )
LOG 1641924273030 [L0]: [Received at 1641924273030] ( PLAY 29.breakthrough.1641924087332 (noop ( move 4 3 3 2 ) ) )
LOG 1641924283031 [L0]: [Sent at 1641924283030] noop
LOG 1641924283033 [L0]: [Received at 1641924283033] ( PLAY 29.breakthrough.1641924087332 (( move 3 1 2 2 ) noop ) )
LOG 1641924293033 [L0]: [Sent at 1641924293033] ( move 3 2 2 1 )
LOG 1641924293037 [L0]: [Received at 1641924293037] ( STOP 29.breakthrough.1641924087332 (noop ( move 3 2 2 1 ) ) )
LOG 1641924293038 [L3]: Stopped logging to files at: Tue Jan 11 19:04:53 CET 2022
LOG 1641924293038 [L3]: LOG SEALED
