LOG 1641833678381 [L3]: Started match logging at: Mon Jan 10 17:54:38 CET 2022
LOG 1641833678382 [L3]: Game rules: [( role white ), ( role red ), ( init ( cell 1 0 dirt ) ), ( init ( cell 2 0 dirt ) ), ( init ( cell 3 0 dirt ) ), ( init ( cell 4 0 dirt ) ), ( init ( cell 5 0 dirt ) ), ( init ( cell 6 0 dirt ) ), ( init ( cell 7 0 dirt ) ), ( init ( cell 1 1 b ) ), ( init ( cell 1 2 b ) ), ( init ( cell 1 3 b ) ), ( init ( cell 1 4 b ) ), ( init ( cell 1 5 b ) ), ( init ( cell 1 6 b ) ), ( init ( cell 2 1 b ) ), ( init ( cell 2 2 b ) ), ( init ( cell 2 3 b ) ), ( init ( cell 2 4 b ) ), ( init ( cell 2 5 b ) ), ( init ( cell 2 6 b ) ), ( init ( cell 3 1 b ) ), ( init ( cell 3 2 b ) ), ( init ( cell 3 3 b ) ), ( init ( cell 3 4 b ) ), ( init ( cell 3 5 b ) ), ( init ( cell 3 6 b ) ), ( init ( cell 4 1 b ) ), ( init ( cell 4 2 b ) ), ( init ( cell 4 3 b ) ), ( init ( cell 4 4 b ) ), ( init ( cell 4 5 b ) ), ( init ( cell 4 6 b ) ), ( init ( cell 5 1 b ) ), ( init ( cell 5 2 b ) ), ( init ( cell 5 3 b ) ), ( init ( cell 5 4 b ) ), ( init ( cell 5 5 b ) ), ( init ( cell 5 6 b ) ), ( init ( cell 6 1 b ) ), ( init ( cell 6 2 b ) ), ( init ( cell 6 3 b ) ), ( init ( cell 6 4 b ) ), ( init ( cell 6 5 b ) ), ( init ( cell 6 6 b ) ), ( init ( cell 7 1 b ) ), ( init ( cell 7 2 b ) ), ( init ( cell 7 3 b ) ), ( init ( cell 7 4 b ) ), ( init ( cell 7 5 b ) ), ( init ( cell 7 6 b ) ), ( init ( control white ) ), ( <= ( empty ?c ?h ) ( true ( cell ?c ?h b ) ) ), ( <= ( filled ?c ?h ) ( true ( cell ?c ?h dirt ) ) ), ( <= ( filled ?c ?h ) ( true ( cell ?c ?h w ) ) ), ( <= ( filled ?c ?h ) ( true ( cell ?c ?h r ) ) ), ( <= ( next ( cell ?c ?h2 w ) ) ( does white ( drop ?c ) ) ( true ( cell ?c ?h2 b ) ) ( filled ?c ?h1 ) ( succ ?h1 ?h2 ) ), ( <= ( next ( cell ?c ?h2 r ) ) ( does red ( drop ?c ) ) ( true ( cell ?c ?h2 b ) ) ( filled ?c ?h1 ) ( succ ?h1 ?h2 ) ), ( <= ( next ( cell ?x ?y ?z ) ) ( true ( cell ?x ?y ?z ) ) ( distinct ?z b ) ), ( <= ( next ( cell ?c2 ?y b ) ) ( does ?w ( drop ?c1 ) ) ( true ( cell ?c2 ?y b ) ) ( distinct ?c1 ?c2 ) ), ( <= ( next ( cell ?c ?y2 b ) ) ( true ( cell ?c ?y1 b ) ) ( distinct ?y1 6 ) ( succ ?y1 ?y2 ) ), ( <= ( next ( control white ) ) ( true ( control red ) ) ), ( <= ( next ( control red ) ) ( true ( control white ) ) ), ( <= ( row ?z ) ( true ( cell ?x1 ?y ?z ) ) ( distinct ?z b ) ( distinct ?z dirt ) ( succ ?x1 ?x2 ) ( true ( cell ?x2 ?y ?z ) ) ( succ ?x2 ?x3 ) ( true ( cell ?x3 ?y ?z ) ) ( succ ?x3 ?x4 ) ( true ( cell ?x4 ?y ?z ) ) ), ( <= ( column ?z ) ( true ( cell ?x ?y1 ?z ) ) ( distinct ?z b ) ( succ ?y1 ?y2 ) ( true ( cell ?x ?y2 ?z ) ) ( succ ?y2 ?y3 ) ( true ( cell ?x ?y3 ?z ) ) ( succ ?y3 ?y4 ) ( true ( cell ?x ?y4 ?z ) ) ), ( <= ( diag ?z ) ( true ( cell ?x1 ?y1 ?z ) ) ( distinct ?z b ) ( succ ?x1 ?x2 ) ( succ ?y1 ?y2 ) ( true ( cell ?x2 ?y2 ?z ) ) ( succ ?x2 ?x3 ) ( succ ?y2 ?y3 ) ( true ( cell ?x3 ?y3 ?z ) ) ( succ ?x3 ?x4 ) ( succ ?y3 ?y4 ) ( true ( cell ?x4 ?y4 ?z ) ) ), ( <= ( diag ?z ) ( true ( cell ?x1 ?y1 ?z ) ) ( distinct ?z b ) ( succ ?x1 ?x2 ) ( succ ?y2 ?y1 ) ( true ( cell ?x2 ?y2 ?z ) ) ( succ ?x2 ?x3 ) ( succ ?y3 ?y2 ) ( true ( cell ?x3 ?y3 ?z ) ) ( succ ?x3 ?x4 ) ( succ ?y4 ?y3 ) ( true ( cell ?x4 ?y4 ?z ) ) ), ( <= ( line ?x ) ( row ?x ) ), ( <= ( line ?x ) ( column ?x ) ), ( <= ( line ?x ) ( diag ?x ) ), ( <= open ( empty ?c ?h ) ), ( <= terminal ( line r ) ), ( <= terminal ( line w ) ), ( <= terminal ( not open ) ), ( <= ( legal ?w ( drop ?c ) ) ( true ( cell ?c ?y2 b ) ) ( filled ?c ?y1 ) ( succ ?y1 ?y2 ) ( true ( control ?w ) ) ), ( <= ( legal white noop ) ( true ( control red ) ) ), ( <= ( legal red noop ) ( true ( control white ) ) ), ( <= ( goal white 100 ) ( line w ) ), ( <= ( goal white 50 ) ( not ( line r ) ) ( not ( line w ) ) ( not open ) ), ( <= ( goal white 0 ) ( line r ) ), ( <= ( goal red 100 ) ( line r ) ), ( <= ( goal red 50 ) ( not ( line r ) ) ( not ( line w ) ) ( not open ) ), ( <= ( goal red 0 ) ( line w ) ), ( <= ( goal ?w 70 ) ( role ?w ) ( not ( line r ) ) ( not ( line w ) ) open ), ( <= ( lte 0 ?x ) ( number ?x ) ), ( <= ( lte ?x ?x ) ( number ?x ) ), ( <= ( lte ?x ?z ) ( succ ?y ?z ) ( lte ?x ?y ) ), ( <= ( lte ?x ?y ) ( succ ?x ?y ) ), ( number 0 ), ( number 1 ), ( number 2 ), ( number 3 ), ( number 4 ), ( number 5 ), ( number 6 ), ( number 7 ), ( number 8 ), ( succ 0 1 ), ( succ 1 2 ), ( succ 2 3 ), ( succ 3 4 ), ( succ 4 5 ), ( succ 5 6 ), ( succ 6 7 ), ( succ 7 8 )]
LOG 1641833678383 [L3]: Start clock: 15
LOG 1641833678383 [L3]: Play clock: 10
LOG 1641833683381 [L0]: [Sent at 1641833683381] ready
LOG 1641833683384 [L0]: [Received at 1641833683384] ( PLAY 3.connect4.1641833678213 NIL )
LOG 1641833683385 [L0]: [Sent at 1641833683385] ( drop 2 )
LOG 1641833683408 [L0]: [Received at 1641833683408] ( PLAY 3.connect4.1641833678213 (( drop 2 ) noop ) )
LOG 1641833683412 [L0]: [Sent at 1641833683412] noop
LOG 1641833683417 [L0]: [Received at 1641833683417] ( PLAY 3.connect4.1641833678213 (noop ( drop 2 ) ) )
LOG 1641833683426 [L0]: [Sent at 1641833683426] ( drop 6 )
LOG 1641833683431 [L0]: [Received at 1641833683431] ( PLAY 3.connect4.1641833678213 (( drop 6 ) noop ) )
LOG 1641833683436 [L0]: [Sent at 1641833683436] noop
LOG 1641833683442 [L0]: [Received at 1641833683442] ( PLAY 3.connect4.1641833678213 (noop ( drop 2 ) ) )
LOG 1641833683443 [L0]: [Sent at 1641833683443] ( drop 5 )
LOG 1641833683447 [L0]: [Received at 1641833683447] ( PLAY 3.connect4.1641833678213 (( drop 5 ) noop ) )
LOG 1641833683448 [L0]: [Sent at 1641833683448] noop
LOG 1641833683451 [L0]: [Received at 1641833683451] ( PLAY 3.connect4.1641833678213 (noop ( drop 3 ) ) )
LOG 1641833683453 [L0]: [Sent at 1641833683453] ( drop 3 )
LOG 1641833683456 [L0]: [Received at 1641833683456] ( PLAY 3.connect4.1641833678213 (( drop 3 ) noop ) )
LOG 1641833683457 [L0]: [Sent at 1641833683457] noop
LOG 1641833683460 [L0]: [Received at 1641833683460] ( PLAY 3.connect4.1641833678213 (noop ( drop 3 ) ) )
LOG 1641833683461 [L0]: [Sent at 1641833683461] ( drop 6 )
LOG 1641833683469 [L0]: [Received at 1641833683469] ( PLAY 3.connect4.1641833678213 (( drop 6 ) noop ) )
LOG 1641833683470 [L0]: [Sent at 1641833683470] noop
LOG 1641833683473 [L0]: [Received at 1641833683473] ( PLAY 3.connect4.1641833678213 (noop ( drop 3 ) ) )
LOG 1641833683475 [L0]: [Sent at 1641833683475] ( drop 6 )
LOG 1641833683479 [L0]: [Received at 1641833683479] ( PLAY 3.connect4.1641833678213 (( drop 6 ) noop ) )
LOG 1641833683480 [L0]: [Sent at 1641833683480] noop
LOG 1641833683483 [L0]: [Received at 1641833683483] ( PLAY 3.connect4.1641833678213 (noop ( drop 6 ) ) )
LOG 1641833683484 [L0]: [Sent at 1641833683484] ( drop 7 )
LOG 1641833683487 [L0]: [Received at 1641833683487] ( PLAY 3.connect4.1641833678213 (( drop 7 ) noop ) )
LOG 1641833683488 [L0]: [Sent at 1641833683488] noop
LOG 1641833683492 [L0]: [Received at 1641833683492] ( PLAY 3.connect4.1641833678213 (noop ( drop 3 ) ) )
LOG 1641833683493 [L0]: [Sent at 1641833683493] ( drop 7 )
LOG 1641833683496 [L0]: [Received at 1641833683496] ( PLAY 3.connect4.1641833678213 (( drop 7 ) noop ) )
LOG 1641833683498 [L0]: [Sent at 1641833683498] noop
LOG 1641833683502 [L0]: [Received at 1641833683502] ( PLAY 3.connect4.1641833678213 (noop ( drop 1 ) ) )
LOG 1641833683503 [L0]: [Sent at 1641833683503] ( drop 6 )
LOG 1641833683507 [L0]: [Received at 1641833683507] ( PLAY 3.connect4.1641833678213 (( drop 6 ) noop ) )
LOG 1641833683508 [L0]: [Sent at 1641833683508] noop
LOG 1641833683512 [L0]: [Received at 1641833683512] ( PLAY 3.connect4.1641833678213 (noop ( drop 2 ) ) )
LOG 1641833683514 [L0]: [Sent at 1641833683514] ( drop 2 )
LOG 1641833683516 [L0]: [Received at 1641833683516] ( PLAY 3.connect4.1641833678213 (( drop 2 ) noop ) )
LOG 1641833683518 [L0]: [Sent at 1641833683518] noop
LOG 1641833683520 [L0]: [Received at 1641833683520] ( PLAY 3.connect4.1641833678213 (noop ( drop 2 ) ) )
LOG 1641833683522 [L0]: [Sent at 1641833683522] ( drop 7 )
LOG 1641833683526 [L0]: [Received at 1641833683526] ( PLAY 3.connect4.1641833678213 (( drop 7 ) noop ) )
LOG 1641833683527 [L0]: [Sent at 1641833683527] noop
LOG 1641833683531 [L0]: [Received at 1641833683531] ( PLAY 3.connect4.1641833678213 (noop ( drop 6 ) ) )
LOG 1641833683532 [L0]: [Sent at 1641833683532] ( drop 1 )
LOG 1641833683536 [L0]: [Received at 1641833683536] ( PLAY 3.connect4.1641833678213 (( drop 1 ) noop ) )
LOG 1641833683537 [L0]: [Sent at 1641833683537] noop
LOG 1641833683541 [L0]: [Received at 1641833683541] ( PLAY 3.connect4.1641833678213 (noop ( drop 7 ) ) )
LOG 1641833683543 [L0]: [Sent at 1641833683543] ( drop 3 )
LOG 1641833683546 [L0]: [Received at 1641833683546] ( PLAY 3.connect4.1641833678213 (( drop 3 ) noop ) )
LOG 1641833683547 [L0]: [Sent at 1641833683547] noop
LOG 1641833683550 [L0]: [Received at 1641833683550] ( PLAY 3.connect4.1641833678213 (noop ( drop 4 ) ) )
LOG 1641833683551 [L0]: [Sent at 1641833683551] ( drop 1 )
LOG 1641833683555 [L0]: [Received at 1641833683555] ( PLAY 3.connect4.1641833678213 (( drop 1 ) noop ) )
LOG 1641833683556 [L0]: [Sent at 1641833683556] noop
LOG 1641833683560 [L0]: [Received at 1641833683560] ( PLAY 3.connect4.1641833678213 (noop ( drop 7 ) ) )
LOG 1641833683561 [L0]: [Sent at 1641833683561] ( drop 1 )
LOG 1641833683564 [L0]: [Received at 1641833683564] ( PLAY 3.connect4.1641833678213 (( drop 1 ) noop ) )
LOG 1641833683565 [L0]: [Sent at 1641833683565] noop
LOG 1641833683568 [L0]: [Received at 1641833683568] ( PLAY 3.connect4.1641833678213 (noop ( drop 1 ) ) )
LOG 1641833683570 [L0]: [Sent at 1641833683570] ( drop 1 )
LOG 1641833683573 [L0]: [Received at 1641833683573] ( PLAY 3.connect4.1641833678213 (( drop 1 ) noop ) )
LOG 1641833683574 [L0]: [Sent at 1641833683574] noop
LOG 1641833683579 [L0]: [Received at 1641833683579] ( PLAY 3.connect4.1641833678213 (noop ( drop 5 ) ) )
LOG 1641833683580 [L0]: [Sent at 1641833683580] ( drop 7 )
LOG 1641833683583 [L0]: [Received at 1641833683583] ( PLAY 3.connect4.1641833678213 (( drop 7 ) noop ) )
LOG 1641833683584 [L0]: [Sent at 1641833683584] noop
LOG 1641833683588 [L0]: [Received at 1641833683588] ( PLAY 3.connect4.1641833678213 (noop ( drop 5 ) ) )
LOG 1641833683590 [L0]: [Sent at 1641833683590] ( drop 4 )
LOG 1641833683593 [L0]: [Received at 1641833683593] ( PLAY 3.connect4.1641833678213 (( drop 4 ) noop ) )
LOG 1641833683595 [L0]: [Sent at 1641833683595] noop
LOG 1641833683597 [L0]: [Received at 1641833683597] ( PLAY 3.connect4.1641833678213 (noop ( drop 5 ) ) )
LOG 1641833683599 [L0]: [Sent at 1641833683599] ( drop 5 )
LOG 1641833683603 [L0]: [Received at 1641833683603] ( PLAY 3.connect4.1641833678213 (( drop 5 ) noop ) )
LOG 1641833683604 [L0]: [Sent at 1641833683604] noop
LOG 1641833683612 [L0]: [Received at 1641833683612] ( STOP 3.connect4.1641833678213 (noop ( drop 4 ) ) )
LOG 1641833683612 [L3]: Stopped logging to files at: Mon Jan 10 17:54:43 CET 2022
LOG 1641833683612 [L3]: LOG SEALED
