LOG 1641839548099 [L3]: Started match logging at: Mon Jan 10 19:32:28 CET 2022
LOG 1641839548107 [L3]: Game rules: [( role x ), ( role o ), ( init ( quad x 12 ) ), ( init ( quad o 12 ) ), ( init ( white x 5 ) ), ( init ( white o 5 ) ), ( init ( cell r1 c2 b ) ), ( init ( cell r1 c3 b ) ), ( init ( cell r1 c4 b ) ), ( init ( cell r1 c5 b ) ), ( init ( cell r1 c6 b ) ), ( init ( cell r2 c1 b ) ), ( init ( cell r2 c2 b ) ), ( init ( cell r2 c3 b ) ), ( init ( cell r2 c4 b ) ), ( init ( cell r2 c5 b ) ), ( init ( cell r2 c6 b ) ), ( init ( cell r2 c7 b ) ), ( init ( cell r3 c1 b ) ), ( init ( cell r3 c2 b ) ), ( init ( cell r3 c3 b ) ), ( init ( cell r3 c4 b ) ), ( init ( cell r3 c5 b ) ), ( init ( cell r3 c6 b ) ), ( init ( cell r3 c7 b ) ), ( init ( cell r4 c1 b ) ), ( init ( cell r4 c2 b ) ), ( init ( cell r4 c3 b ) ), ( init ( cell r4 c4 b ) ), ( init ( cell r4 c5 b ) ), ( init ( cell r4 c6 b ) ), ( init ( cell r4 c7 b ) ), ( init ( cell r5 c1 b ) ), ( init ( cell r5 c2 b ) ), ( init ( cell r5 c3 b ) ), ( init ( cell r5 c4 b ) ), ( init ( cell r5 c5 b ) ), ( init ( cell r5 c6 b ) ), ( init ( cell r5 c7 b ) ), ( init ( cell r6 c1 b ) ), ( init ( cell r6 c2 b ) ), ( init ( cell r6 c3 b ) ), ( init ( cell r6 c4 b ) ), ( init ( cell r6 c5 b ) ), ( init ( cell r6 c6 b ) ), ( init ( cell r6 c7 b ) ), ( init ( cell r7 c2 b ) ), ( init ( cell r7 c3 b ) ), ( init ( cell r7 c4 b ) ), ( init ( cell r7 c5 b ) ), ( init ( cell r7 c6 b ) ), ( init ( control x ) ), ( ncol c1 c2 ), ( ncol c2 c3 ), ( ncol c3 c4 ), ( ncol c4 c5 ), ( ncol c5 c6 ), ( ncol c6 c7 ), ( nrow r1 r2 ), ( nrow r2 r3 ), ( nrow r3 r4 ), ( nrow r4 r5 ), ( nrow r5 r6 ), ( nrow r6 r7 ), ( <= ( prow ?x ?y ) ( nrow ?y ?x ) ), ( <= ( pcol ?x ?y ) ( ncol ?y ?x ) ), ( succ 0 1 ), ( succ 1 2 ), ( succ 2 3 ), ( succ 3 4 ), ( succ 4 5 ), ( succ 5 6 ), ( succ 6 7 ), ( succ 7 8 ), ( succ 8 9 ), ( succ 9 10 ), ( succ 10 11 ), ( succ 11 12 ), ( succ 12 13 ), ( succ 13 14 ), ( succ 14 15 ), ( succ 15 16 ), ( succ 16 17 ), ( succ 17 18 ), ( succ 18 19 ), ( succ 19 20 ), ( <= ( legal ?player ( mark ?x ?y ) ) ( true ( cell ?x ?y b ) ) ( true ( control ?player ) ) ), ( <= ( legal ?player ( block ?x ?y ) ) ( true ( cell ?x ?y b ) ) ( true ( control ?player ) ) ( true ( white ?player ?c ) ) ( distinct ?c 0 ) ), ( <= ( legal x noop ) ( true ( control o ) ) ), ( <= ( legal o noop ) ( true ( control x ) ) ), ( <= ( next ( cell ?m ?n ?p ) ) ( does ?p ( mark ?m ?n ) ) ), ( <= ( next ( cell ?m ?n w ) ) ( does ?p ( block ?m ?n ) ) ), ( <= ( next ( cell ?m ?n ?p ) ) ( true ( cell ?m ?n ?p ) ) ( distinct ?p b ) ), ( <= ( next ( cell ?m ?n b ) ) ( does ?W ( mark ?j ?k ) ) ( true ( cell ?m ?n b ) ) ( distinct ?m ?j ) ), ( <= ( next ( cell ?m ?n b ) ) ( does ?W ( mark ?j ?k ) ) ( true ( cell ?m ?n b ) ) ( distinct ?n ?k ) ), ( <= ( next ( cell ?m ?n b ) ) ( does ?W ( block ?j ?k ) ) ( true ( cell ?m ?n b ) ) ( distinct ?m ?j ) ), ( <= ( next ( cell ?m ?n b ) ) ( does ?W ( block ?j ?k ) ) ( true ( cell ?m ?n b ) ) ( distinct ?n ?k ) ), ( <= ( next ( quad ?p ?c ) ) ( true ( control ?q ) ) ( true ( quad ?p ?c ) ) ( distinct ?p ?q ) ), ( <= ( next ( white ?p ?c ) ) ( true ( control ?q ) ) ( true ( white ?p ?c ) ) ( distinct ?p ?q ) ), ( <= ( next ( quad ?p ?c ) ) ( does ?p ( mark ?j ?k ) ) ( true ( quad ?p ?c1 ) ) ( succ ?c ?c1 ) ), ( <= ( next ( white ?p ?c ) ) ( does ?p ( block ?j ?k ) ) ( true ( white ?p ?c1 ) ) ( succ ?c ?c1 ) ), ( <= ( next ( quad ?p ?c ) ) ( does ?p ( block ?j ?k ) ) ( true ( quad ?p ?c ) ) ), ( <= ( next ( white ?p ?c ) ) ( does ?p ( mark ?j ?k ) ) ( true ( white ?p ?c ) ) ), ( <= ( next ( control x ) ) ( does o ( mark ?j ?k ) ) ( true ( control o ) ) ), ( <= ( next ( control o ) ) ( does x ( mark ?j ?k ) ) ( true ( control x ) ) ), ( <= ( next ( control ?p ) ) ( does ?p ( block ?j ?k ) ) ( true ( control ?p ) ) ), ( <= ( square ?x1 ?y1 ?x1 ?y2 ?x2 ?y1 ?x2 ?y2 ) ( ncol ?y1 ?y2 ) ( nrow ?x1 ?x2 ) ), ( <= ( square ?x1 ?y1 ?x1 ?y2 ?x2 ?y1 ?x2 ?y2 ) ( ncol ?y3 ?y2 ) ( nrow ?x3 ?x2 ) ( square ?x1 ?y1 ?x1 ?y3 ?x3 ?y1 ?x3 ?y3 ) ), ( <= ( square ?x1 ?y1 ?x2 ?y2 ?x3 ?y3 ?x4 ?y4 ) ( prow ?x2p ?x2 ) ( ncol ?y3n ?y3 ) ( prow ?x4p ?x4 ) ( ncol ?y4n ?y4 ) ( square ?x1 ?y1 ?x2p ?y2 ?x3 ?y3n ?x4p ?y4n ) ), ( <= win ( true ( cell ?x1 ?y1 x ) ) ( true ( cell ?x2 ?y2 x ) ) ( true ( cell ?x3 ?y3 x ) ) ( true ( cell ?x4 ?y4 x ) ) ( square ?x1 ?y1 ?x2 ?y2 ?x3 ?y3 ?x4 ?y4 ) ), ( <= lose ( true ( cell ?x1 ?y1 o ) ) ( true ( cell ?x2 ?y2 o ) ) ( true ( cell ?x3 ?y3 o ) ) ( true ( cell ?x4 ?y4 o ) ) ( square ?x1 ?y1 ?x2 ?y2 ?x3 ?y3 ?x4 ?y4 ) ), ( <= winByOpenQuad ( not lose ) ( not open ) ( true ( cell ?x1 ?y1 x ) ) ( true ( cell ?x2 ?y2 x ) ) ( true ( cell ?x3 ?y3 x ) ) ( true ( cell ?x4 ?y4 b ) ) ( square ?x1 ?y1 ?x2 ?y2 ?x3 ?y3 ?x4 ?y4 ) ), ( <= winByOpenQuad ( not lose ) ( not open ) ( true ( cell ?x1 ?y1 x ) ) ( true ( cell ?x2 ?y2 b ) ) ( true ( cell ?x3 ?y3 x ) ) ( true ( cell ?x4 ?y4 x ) ) ( square ?x1 ?y1 ?x2 ?y2 ?x3 ?y3 ?x4 ?y4 ) ), ( <= winByOpenQuad ( not lose ) ( not open ) ( true ( cell ?x1 ?y1 x ) ) ( true ( cell ?x2 ?y2 x ) ) ( true ( cell ?x3 ?y3 b ) ) ( true ( cell ?x4 ?y4 x ) ) ( square ?x1 ?y1 ?x2 ?y2 ?x3 ?y3 ?x4 ?y4 ) ), ( <= winByOpenQuad ( not lose ) ( not open ) ( true ( cell ?x1 ?y1 b ) ) ( true ( cell ?x2 ?y2 x ) ) ( true ( cell ?x3 ?y3 x ) ) ( true ( cell ?x4 ?y4 x ) ) ( square ?x1 ?y1 ?x2 ?y2 ?x3 ?y3 ?x4 ?y4 ) ), ( <= open ( true ( quad ?p ?c ) ) ( distinct ?c 0 ) ), ( <= ( more ?x 0 ) ( succ ?y ?x ) ), ( <= ( more ?x ?y ) ( succ ?x1 ?x ) ( succ ?y1 ?y ) ( more ?x1 ?y1 ) ), ( <= morewhite ( true ( white x ?a ) ) ( true ( white o ?b ) ) ( more ?a ?b ) ), ( <= lesswhite ( true ( white x ?a ) ) ( true ( white o ?b ) ) ( more ?b ?a ) ), ( <= equalwhite ( true ( white x ?a ) ) ( true ( white o ?a ) ) ), ( <= ( goal x 100 ) win ), ( <= ( goal x 95 ) ( not win ) winByOpenQuad ), ( <= ( goal x 90 ) ( not win ) ( not winByOpenQuad ) ( not lose ) ( not open ) morewhite ), ( <= ( goal x 50 ) ( not win ) ( not winByOpenQuad ) ( not lose ) ( not open ) equalwhite ), ( <= ( goal x 10 ) ( not win ) ( not winByOpenQuad ) ( not lose ) ( not open ) lesswhite ), ( <= ( goal x 0 ) lose ), ( <= ( goal o 100 ) lose ), ( <= ( goal o 90 ) ( not win ) ( not winByOpenQuad ) ( not lose ) ( not open ) lesswhite ), ( <= ( goal o 50 ) ( not win ) ( not winByOpenQuad ) ( not lose ) ( not open ) equalwhite ), ( <= ( goal o 10 ) ( not win ) ( not winByOpenQuad ) ( not lose ) ( not open ) morewhite ), ( <= ( goal o 5 ) ( not win ) winByOpenQuad ), ( <= ( goal o 0 ) win ), ( <= terminal win ), ( <= terminal lose ), ( <= terminal ( not open ) )]
LOG 1641839548107 [L3]: Start clock: 15
LOG 1641839548108 [L3]: Play clock: 10
LOG 1641839553098 [L0]: [Sent at 1641839553098] ready
LOG 1641839553100 [L0]: [Received at 1641839553100] ( PLAY 20.quad_7x7.1641839547700 NIL )
LOG 1641839553101 [L0]: [Sent at 1641839553101] ( block r2 c1 )
LOG 1641839553103 [L0]: [Received at 1641839553103] ( PLAY 20.quad_7x7.1641839547700 (( block r2 c1 ) noop ) )
LOG 1641839553105 [L0]: [Sent at 1641839553105] ( mark r5 c7 )
LOG 1641839553107 [L0]: [Received at 1641839553107] ( PLAY 20.quad_7x7.1641839547700 (( mark r5 c7 ) noop ) )
LOG 1641839553116 [L0]: [Sent at 1641839553116] noop
LOG 1641839553117 [L0]: [Received at 1641839553117] ( PLAY 20.quad_7x7.1641839547700 (noop ( mark r7 c4 ) ) )
LOG 1641839553120 [L0]: [Sent at 1641839553120] ( block r5 c2 )
LOG 1641839553122 [L0]: [Received at 1641839553122] ( PLAY 20.quad_7x7.1641839547700 (( block r5 c2 ) noop ) )
LOG 1641839553123 [L0]: [Sent at 1641839553123] ( block r2 c5 )
LOG 1641839553124 [L0]: [Received at 1641839553124] ( PLAY 20.quad_7x7.1641839547700 (( block r2 c5 ) noop ) )
LOG 1641839553126 [L0]: [Sent at 1641839553126] ( block r5 c3 )
LOG 1641839553127 [L0]: [Received at 1641839553127] ( PLAY 20.quad_7x7.1641839547700 (( block r5 c3 ) noop ) )
LOG 1641839553129 [L0]: [Sent at 1641839553129] ( block r3 c4 )
LOG 1641839553130 [L0]: [Received at 1641839553130] ( PLAY 20.quad_7x7.1641839547700 (( block r3 c4 ) noop ) )
LOG 1641839553132 [L0]: [Sent at 1641839553132] ( mark r7 c3 )
LOG 1641839553134 [L0]: [Received at 1641839553134] ( PLAY 20.quad_7x7.1641839547700 (( mark r7 c3 ) noop ) )
LOG 1641839553135 [L0]: [Sent at 1641839553135] noop
LOG 1641839553139 [L0]: [Received at 1641839553139] ( PLAY 20.quad_7x7.1641839547700 (noop ( mark r4 c5 ) ) )
LOG 1641839553140 [L0]: [Sent at 1641839553140] ( mark r3 c6 )
LOG 1641839553145 [L0]: [Received at 1641839553145] ( PLAY 20.quad_7x7.1641839547700 (( mark r3 c6 ) noop ) )
LOG 1641839553146 [L0]: [Sent at 1641839553146] noop
LOG 1641839553149 [L0]: [Received at 1641839553149] ( PLAY 20.quad_7x7.1641839547700 (noop ( block r5 c1 ) ) )
LOG 1641839553150 [L0]: [Sent at 1641839553150] noop
LOG 1641839553154 [L0]: [Received at 1641839553154] ( PLAY 20.quad_7x7.1641839547700 (noop ( mark r3 c1 ) ) )
LOG 1641839553155 [L0]: [Sent at 1641839553155] ( mark r4 c2 )
LOG 1641839553165 [L0]: [Received at 1641839553165] ( PLAY 20.quad_7x7.1641839547700 (( mark r4 c2 ) noop ) )
LOG 1641839553166 [L0]: [Sent at 1641839553166] noop
LOG 1641839553177 [L0]: [Received at 1641839553177] ( PLAY 20.quad_7x7.1641839547700 (noop ( mark r4 c6 ) ) )
LOG 1641839553178 [L0]: [Sent at 1641839553178] ( mark r5 c4 )
LOG 1641839553198 [L0]: [Received at 1641839553198] ( PLAY 20.quad_7x7.1641839547700 (( mark r5 c4 ) noop ) )
LOG 1641839553199 [L0]: [Sent at 1641839553199] noop
LOG 1641839553202 [L0]: [Received at 1641839553202] ( PLAY 20.quad_7x7.1641839547700 (noop ( block r1 c3 ) ) )
LOG 1641839553204 [L0]: [Sent at 1641839553204] noop
LOG 1641839553207 [L0]: [Received at 1641839553207] ( PLAY 20.quad_7x7.1641839547700 (noop ( block r3 c2 ) ) )
LOG 1641839553208 [L0]: [Sent at 1641839553208] noop
LOG 1641839553211 [L0]: [Received at 1641839553211] ( PLAY 20.quad_7x7.1641839547700 (noop ( block r6 c5 ) ) )
LOG 1641839553212 [L0]: [Sent at 1641839553212] noop
LOG 1641839553227 [L0]: [Received at 1641839553227] ( PLAY 20.quad_7x7.1641839547700 (noop ( mark r6 c3 ) ) )
LOG 1641839553229 [L0]: [Sent at 1641839553229] ( mark r5 c6 )
LOG 1641839553266 [L0]: [Received at 1641839553266] ( PLAY 20.quad_7x7.1641839547700 (( mark r5 c6 ) noop ) )
LOG 1641839553267 [L0]: [Sent at 1641839553267] noop
LOG 1641839553330 [L0]: [Received at 1641839553330] ( PLAY 20.quad_7x7.1641839547700 (noop ( block r6 c6 ) ) )
LOG 1641839553331 [L0]: [Sent at 1641839553331] noop
LOG 1641839553352 [L0]: [Received at 1641839553352] ( PLAY 20.quad_7x7.1641839547700 (noop ( mark r6 c1 ) ) )
LOG 1641839553353 [L0]: [Sent at 1641839553353] ( mark r1 c5 )
LOG 1641839553429 [L0]: [Received at 1641839553429] ( PLAY 20.quad_7x7.1641839547700 (( mark r1 c5 ) noop ) )
LOG 1641839553430 [L0]: [Sent at 1641839553430] noop
LOG 1641839553470 [L0]: [Received at 1641839553470] ( PLAY 20.quad_7x7.1641839547700 (noop ( mark r6 c4 ) ) )
LOG 1641839553472 [L0]: [Sent at 1641839553472] ( mark r2 c6 )
LOG 1641839553594 [L0]: [Received at 1641839553594] ( PLAY 20.quad_7x7.1641839547700 (( mark r2 c6 ) noop ) )
LOG 1641839553595 [L0]: [Sent at 1641839553595] noop
LOG 1641839553642 [L0]: [Received at 1641839553642] ( PLAY 20.quad_7x7.1641839547700 (noop ( mark r7 c2 ) ) )
LOG 1641839553644 [L0]: [Sent at 1641839553644] ( mark r3 c3 )
LOG 1641839553796 [L0]: [Received at 1641839553796] ( PLAY 20.quad_7x7.1641839547700 (( mark r3 c3 ) noop ) )
LOG 1641839553798 [L0]: [Sent at 1641839553798] noop
LOG 1641839553903 [L0]: [Received at 1641839553903] ( PLAY 20.quad_7x7.1641839547700 (noop ( mark r2 c4 ) ) )
LOG 1641839553904 [L0]: [Sent at 1641839553904] ( mark r4 c7 )
LOG 1641839554141 [L0]: [Received at 1641839554141] ( PLAY 20.quad_7x7.1641839547700 (( mark r4 c7 ) noop ) )
LOG 1641839554142 [L0]: [Sent at 1641839554142] noop
LOG 1641839554281 [L0]: [Received at 1641839554281] ( PLAY 20.quad_7x7.1641839547700 (noop ( mark r1 c2 ) ) )
LOG 1641839554282 [L0]: [Sent at 1641839554282] ( mark r3 c7 )
LOG 1641839554729 [L0]: [Received at 1641839554729] ( PLAY 20.quad_7x7.1641839547700 (( mark r3 c7 ) noop ) )
LOG 1641839554730 [L0]: [Sent at 1641839554730] noop
LOG 1641839554884 [L0]: [Received at 1641839554884] ( PLAY 20.quad_7x7.1641839547700 (noop ( mark r4 c1 ) ) )
LOG 1641839554886 [L0]: [Sent at 1641839554886] ( mark r6 c7 )
LOG 1641839555229 [L0]: [Received at 1641839555229] ( PLAY 20.quad_7x7.1641839547700 (( mark r6 c7 ) noop ) )
LOG 1641839555230 [L0]: [Sent at 1641839555230] noop
LOG 1641839583258 [L0]: [Received at 1641839583258] ( STOP 20.quad_7x7.1641839547700 (noop ( mark r2 c7 ) ) )
LOG 1641839583259 [L3]: Stopped logging to files at: Mon Jan 10 19:33:03 CET 2022
LOG 1641839583259 [L3]: LOG SEALED
