LOG 1641833489795 [L3]: Returning initial state machine.
LOG 1641833489795 [L3]: Returning PropNet state machine without cache.
LOG 1641833489796 [L3]: Starting metagame with available thinking time 4989ms.
LOG 1641833489798 [L3]: Starting search during metagame.
LOG 1641833494785 [L3]: Done searching during metagame.
LOG 1641833494788 [L3]: Starting move selection for game step 1 with available time 0ms.
LOG 1641833494788 [L3]: No time to select next move using MCTS. Returning random move ( drop 7 ).
LOG 1641833494792 [L3]: Starting move selection for game step 2 with available time 0ms.
LOG 1641833494796 [L3]: No time to select next move using MCTS. Returning random move noop.
LOG 1641833494799 [L3]: Starting move selection for game step 3 with available time 0ms.
LOG 1641833494811 [L3]: No time to select next move using MCTS. Returning random move ( drop 4 ).
LOG 1641833494814 [L3]: Starting move selection for game step 4 with available time 0ms.
LOG 1641833494822 [L3]: No time to select next move using MCTS. Returning random move noop.
LOG 1641833494826 [L3]: Starting move selection for game step 5 with available time 0ms.
LOG 1641833494826 [L3]: No time to select next move using MCTS. Returning random move ( drop 6 ).
LOG 1641833494829 [L3]: Starting move selection for game step 6 with available time 0ms.
LOG 1641833494830 [L3]: No time to select next move using MCTS. Returning random move noop.
LOG 1641833494833 [L3]: Starting move selection for game step 7 with available time 0ms.
LOG 1641833494834 [L3]: No time to select next move using MCTS. Returning random move ( drop 1 ).
LOG 1641833494838 [L3]: Starting move selection for game step 8 with available time 0ms.
LOG 1641833494838 [L3]: No time to select next move using MCTS. Returning random move noop.
LOG 1641833494842 [L3]: Starting move selection for game step 9 with available time 0ms.
LOG 1641833494842 [L3]: No time to select next move using MCTS. Returning random move ( drop 6 ).
LOG 1641833494846 [L3]: Starting move selection for game step 10 with available time 0ms.
LOG 1641833494846 [L3]: No time to select next move using MCTS. Returning random move noop.
LOG 1641833494850 [L3]: Starting move selection for game step 11 with available time 0ms.
LOG 1641833494850 [L3]: No time to select next move using MCTS. Returning random move ( drop 7 ).
LOG 1641833494854 [L3]: Starting move selection for game step 12 with available time 0ms.
LOG 1641833494854 [L3]: No time to select next move using MCTS. Returning random move noop.
LOG 1641833494858 [L3]: Starting move selection for game step 13 with available time 0ms.
LOG 1641833494858 [L3]: No time to select next move using MCTS. Returning random move ( drop 2 ).
LOG 1641833494862 [L3]: Starting move selection for game step 14 with available time 0ms.
LOG 1641833494862 [L3]: No time to select next move using MCTS. Returning random move noop.
LOG 1641833494866 [L3]: Starting move selection for game step 15 with available time 0ms.
LOG 1641833494867 [L3]: No time to select next move using MCTS. Returning random move ( drop 2 ).
LOG 1641833494870 [L3]: Starting move selection for game step 16 with available time 0ms.
LOG 1641833494871 [L3]: No time to select next move using MCTS. Returning random move noop.
LOG 1641833494874 [L3]: Starting move selection for game step 17 with available time 0ms.
LOG 1641833494875 [L3]: No time to select next move using MCTS. Returning random move ( drop 1 ).
LOG 1641833494878 [L3]: Starting move selection for game step 18 with available time 0ms.
LOG 1641833494879 [L3]: No time to select next move using MCTS. Returning random move noop.
LOG 1641833494884 [L3]: Starting move selection for game step 19 with available time 0ms.
LOG 1641833494884 [L3]: No time to select next move using MCTS. Returning random move ( drop 5 ).
LOG 1641833494888 [L3]: Starting move selection for game step 20 with available time 0ms.
LOG 1641833494889 [L3]: No time to select next move using MCTS. Returning random move noop.
LOG 1641833494893 [L3]: Starting move selection for game step 21 with available time 0ms.
LOG 1641833494893 [L3]: No time to select next move using MCTS. Returning random move ( drop 7 ).
LOG 1641833494898 [L3]: Starting move selection for game step 22 with available time 0ms.
LOG 1641833494898 [L3]: No time to select next move using MCTS. Returning random move noop.
LOG 1641833494903 [L3]: Starting move selection for game step 23 with available time 0ms.
LOG 1641833494904 [L3]: No time to select next move using MCTS. Returning random move ( drop 5 ).
LOG 1641833494908 [L3]: Starting move selection for game step 24 with available time 0ms.
LOG 1641833494908 [L3]: No time to select next move using MCTS. Returning random move noop.
