LOG 1641833327006 [L3]: Returning initial state machine.
LOG 1641833327007 [L3]: Returning PropNet state machine without cache.
LOG 1641833327007 [L3]: Starting metagame with available thinking time 4995ms.
LOG 1641833327009 [L3]: Starting search during metagame.
LOG 1641833332002 [L3]: Done searching during metagame.
LOG 1641833332005 [L3]: Starting move selection for game step 1 with available time 0ms.
LOG 1641833332005 [L3]: No time to select next move using MCTS. Returning random move ( drop 5 ).
LOG 1641833332009 [L3]: Starting move selection for game step 2 with available time 0ms.
LOG 1641833332011 [L3]: No time to select next move using MCTS. Returning random move noop.
LOG 1641833332016 [L3]: Starting move selection for game step 3 with available time 0ms.
LOG 1641833332025 [L3]: No time to select next move using MCTS. Returning random move ( drop 2 ).
LOG 1641833332030 [L3]: Starting move selection for game step 4 with available time 0ms.
LOG 1641833332033 [L3]: No time to select next move using MCTS. Returning random move noop.
LOG 1641833332041 [L3]: Starting move selection for game step 5 with available time 0ms.
LOG 1641833332041 [L3]: No time to select next move using MCTS. Returning random move ( drop 5 ).
LOG 1641833332044 [L3]: Starting move selection for game step 6 with available time 0ms.
LOG 1641833332044 [L3]: No time to select next move using MCTS. Returning random move noop.
LOG 1641833332048 [L3]: Starting move selection for game step 7 with available time 0ms.
LOG 1641833332048 [L3]: No time to select next move using MCTS. Returning random move ( drop 1 ).
LOG 1641833332052 [L3]: Starting move selection for game step 8 with available time 0ms.
LOG 1641833332052 [L3]: No time to select next move using MCTS. Returning random move noop.
LOG 1641833332055 [L3]: Starting move selection for game step 9 with available time 0ms.
LOG 1641833332055 [L3]: No time to select next move using MCTS. Returning random move ( drop 6 ).
LOG 1641833332059 [L3]: Starting move selection for game step 10 with available time 0ms.
LOG 1641833332059 [L3]: No time to select next move using MCTS. Returning random move noop.
LOG 1641833332062 [L3]: Starting move selection for game step 11 with available time 0ms.
LOG 1641833332063 [L3]: No time to select next move using MCTS. Returning random move ( drop 6 ).
LOG 1641833332066 [L3]: Starting move selection for game step 12 with available time 0ms.
LOG 1641833332067 [L3]: No time to select next move using MCTS. Returning random move noop.
LOG 1641833332071 [L3]: Starting move selection for game step 13 with available time 0ms.
LOG 1641833332071 [L3]: No time to select next move using MCTS. Returning random move ( drop 1 ).
LOG 1641833332075 [L3]: Starting move selection for game step 14 with available time 0ms.
LOG 1641833332076 [L3]: No time to select next move using MCTS. Returning random move noop.
LOG 1641833332079 [L3]: Starting move selection for game step 15 with available time 0ms.
LOG 1641833332079 [L3]: No time to select next move using MCTS. Returning random move ( drop 2 ).
LOG 1641833332083 [L3]: Starting move selection for game step 16 with available time 0ms.
LOG 1641833332084 [L3]: No time to select next move using MCTS. Returning random move noop.
LOG 1641833332087 [L3]: Starting move selection for game step 17 with available time 0ms.
LOG 1641833332087 [L3]: No time to select next move using MCTS. Returning random move ( drop 5 ).
LOG 1641833332094 [L3]: Starting move selection for game step 18 with available time 0ms.
LOG 1641833332094 [L3]: No time to select next move using MCTS. Returning random move noop.
LOG 1641833332099 [L3]: Starting move selection for game step 19 with available time 0ms.
LOG 1641833332100 [L3]: No time to select next move using MCTS. Returning random move ( drop 3 ).
LOG 1641833332103 [L3]: Starting move selection for game step 20 with available time 0ms.
LOG 1641833332104 [L3]: No time to select next move using MCTS. Returning random move noop.
LOG 1641833332109 [L3]: Starting move selection for game step 21 with available time 0ms.
LOG 1641833332109 [L3]: No time to select next move using MCTS. Returning random move ( drop 1 ).
LOG 1641833332113 [L3]: Starting move selection for game step 22 with available time 0ms.
LOG 1641833332113 [L3]: No time to select next move using MCTS. Returning random move noop.
LOG 1641833332117 [L3]: Starting move selection for game step 23 with available time 0ms.
LOG 1641833332117 [L3]: No time to select next move using MCTS. Returning random move ( drop 3 ).
LOG 1641833332122 [L3]: Starting move selection for game step 24 with available time 0ms.
LOG 1641833332122 [L3]: No time to select next move using MCTS. Returning random move noop.
LOG 1641833332126 [L3]: Starting move selection for game step 25 with available time 0ms.
LOG 1641833332126 [L3]: No time to select next move using MCTS. Returning random move ( drop 7 ).
LOG 1641833332130 [L3]: Starting move selection for game step 26 with available time 0ms.
LOG 1641833332131 [L3]: No time to select next move using MCTS. Returning random move noop.
LOG 1641833332148 [L3]: Starting move selection for game step 27 with available time 0ms.
LOG 1641833332148 [L3]: No time to select next move using MCTS. Returning random move ( drop 4 ).
LOG 1641833332152 [L3]: Starting move selection for game step 28 with available time 0ms.
LOG 1641833332153 [L3]: No time to select next move using MCTS. Returning random move noop.
LOG 1641833332156 [L3]: Starting move selection for game step 29 with available time 0ms.
LOG 1641833332157 [L3]: No time to select next move using MCTS. Returning random move ( drop 5 ).
LOG 1641833332161 [L3]: Starting move selection for game step 30 with available time 0ms.
LOG 1641833332162 [L3]: No time to select next move using MCTS. Returning random move noop.
LOG 1641833332166 [L3]: Starting move selection for game step 31 with available time 0ms.
LOG 1641833332167 [L3]: No time to select next move using MCTS. Returning random move ( drop 4 ).
