LOG 1641833927336 [L3]: Started match logging at: Mon Jan 10 17:58:47 CET 2022
LOG 1641833927338 [L3]: Game rules: [( role white ), ( role black ), ( <= ( base ( cellHolds ?x ?y ?p ) ) ( index ?x ) ( index ?y ) ( role ?p ) ), ( <= ( base ( control ?p ) ) ( role ?p ) ), ( <= ( input ?p noop ) ( role ?p ) ), ( <= ( input white ( move ?x ?y1 ?x ?y2 ) ) ( index ?x ) ( succ ?y1 ?y2 ) ), ( <= ( input white ( move ?x1 ?y1 ?x2 ?y2 ) ) ( succ ?y1 ?y2 ) ( succ ?x1 ?x2 ) ), ( <= ( input white ( move ?x1 ?y1 ?x2 ?y2 ) ) ( succ ?y1 ?y2 ) ( succ ?x2 ?x1 ) ), ( <= ( input black ( move ?x ?y1 ?x ?y2 ) ) ( index ?x ) ( succ ?y2 ?y1 ) ), ( <= ( input black ( move ?x1 ?y1 ?x2 ?y2 ) ) ( succ ?y2 ?y1 ) ( succ ?x1 ?x2 ) ), ( <= ( input black ( move ?x1 ?y1 ?x2 ?y2 ) ) ( succ ?y2 ?y1 ) ( succ ?x2 ?x1 ) ), ( init ( cellHolds 1 1 white ) ), ( init ( cellHolds 2 1 white ) ), ( init ( cellHolds 3 1 white ) ), ( init ( cellHolds 4 1 white ) ), ( init ( cellHolds 5 1 white ) ), ( init ( cellHolds 6 1 white ) ), ( init ( cellHolds 7 1 white ) ), ( init ( cellHolds 8 1 white ) ), ( init ( cellHolds 1 2 white ) ), ( init ( cellHolds 2 2 white ) ), ( init ( cellHolds 3 2 white ) ), ( init ( cellHolds 4 2 white ) ), ( init ( cellHolds 5 2 white ) ), ( init ( cellHolds 6 2 white ) ), ( init ( cellHolds 7 2 white ) ), ( init ( cellHolds 8 2 white ) ), ( init ( cellHolds 1 7 black ) ), ( init ( cellHolds 2 7 black ) ), ( init ( cellHolds 3 7 black ) ), ( init ( cellHolds 4 7 black ) ), ( init ( cellHolds 5 7 black ) ), ( init ( cellHolds 6 7 black ) ), ( init ( cellHolds 7 7 black ) ), ( init ( cellHolds 8 7 black ) ), ( init ( cellHolds 1 8 black ) ), ( init ( cellHolds 2 8 black ) ), ( init ( cellHolds 3 8 black ) ), ( init ( cellHolds 4 8 black ) ), ( init ( cellHolds 5 8 black ) ), ( init ( cellHolds 6 8 black ) ), ( init ( cellHolds 7 8 black ) ), ( init ( cellHolds 8 8 black ) ), ( init ( control white ) ), ( <= ( legal white ( move ?x ?y1 ?x ?y2 ) ) ( true ( control white ) ) ( true ( cellHolds ?x ?y1 white ) ) ( succ ?y1 ?y2 ) ( cellEmpty ?x ?y2 ) ), ( <= ( legal white ( move ?x1 ?y1 ?x2 ?y2 ) ) ( true ( control white ) ) ( true ( cellHolds ?x1 ?y1 white ) ) ( succ ?y1 ?y2 ) ( succ ?x1 ?x2 ) ( not ( true ( cellHolds ?x2 ?y2 white ) ) ) ), ( <= ( legal white ( move ?x1 ?y1 ?x2 ?y2 ) ) ( true ( control white ) ) ( true ( cellHolds ?x1 ?y1 white ) ) ( succ ?y1 ?y2 ) ( succ ?x2 ?x1 ) ( not ( true ( cellHolds ?x2 ?y2 white ) ) ) ), ( <= ( legal black ( move ?x ?y1 ?x ?y2 ) ) ( true ( control black ) ) ( true ( cellHolds ?x ?y1 black ) ) ( succ ?y2 ?y1 ) ( cellEmpty ?x ?y2 ) ), ( <= ( legal black ( move ?x1 ?y1 ?x2 ?y2 ) ) ( true ( control black ) ) ( true ( cellHolds ?x1 ?y1 black ) ) ( succ ?y2 ?y1 ) ( succ ?x1 ?x2 ) ( not ( true ( cellHolds ?x2 ?y2 black ) ) ) ), ( <= ( legal black ( move ?x1 ?y1 ?x2 ?y2 ) ) ( true ( control black ) ) ( true ( cellHolds ?x1 ?y1 black ) ) ( succ ?y2 ?y1 ) ( succ ?x2 ?x1 ) ( not ( true ( cellHolds ?x2 ?y2 black ) ) ) ), ( <= ( legal white noop ) ( true ( control black ) ) ), ( <= ( legal black noop ) ( true ( control white ) ) ), ( <= ( next ( cellHolds ?x2 ?y2 ?player ) ) ( role ?player ) ( does ?player ( move ?x1 ?y1 ?x2 ?y2 ) ) ), ( <= ( next ( cellHolds ?x3 ?y3 ?state ) ) ( true ( cellHolds ?x3 ?y3 ?state ) ) ( role ?player ) ( does ?player ( move ?x1 ?y1 ?x2 ?y2 ) ) ( distinctCell ?x1 ?y1 ?x3 ?y3 ) ( distinctCell ?x2 ?y2 ?x3 ?y3 ) ), ( <= ( next ( control white ) ) ( true ( control black ) ) ), ( <= ( next ( control black ) ) ( true ( control white ) ) ), ( <= terminal whiteWin ), ( <= terminal blackWin ), ( <= ( goal white 100 ) whiteWin ), ( <= ( goal white 0 ) ( not whiteWin ) ), ( <= ( goal black 100 ) blackWin ), ( <= ( goal black 0 ) ( not blackWin ) ), ( <= ( cell ?x ?y ) ( index ?x ) ( index ?y ) ), ( <= ( cellEmpty ?x ?y ) ( cell ?x ?y ) ( not ( true ( cellHolds ?x ?y white ) ) ) ( not ( true ( cellHolds ?x ?y black ) ) ) ), ( <= ( distinctCell ?x1 ?y1 ?x2 ?y2 ) ( cell ?x1 ?y1 ) ( cell ?x2 ?y2 ) ( distinct ?x1 ?x2 ) ), ( <= ( distinctCell ?x1 ?y1 ?x2 ?y2 ) ( cell ?x1 ?y1 ) ( cell ?x2 ?y2 ) ( distinct ?y1 ?y2 ) ), ( <= whiteWin ( index ?x ) ( true ( cellHolds ?x 8 white ) ) ), ( <= blackWin ( index ?x ) ( true ( cellHolds ?x 1 black ) ) ), ( <= whiteWin ( not blackCell ) ), ( <= blackWin ( not whiteCell ) ), ( <= whiteCell ( cell ?x ?y ) ( true ( cellHolds ?x ?y white ) ) ), ( <= blackCell ( cell ?x ?y ) ( true ( cellHolds ?x ?y black ) ) ), ( index 1 ), ( index 2 ), ( index 3 ), ( index 4 ), ( index 5 ), ( index 6 ), ( index 7 ), ( index 8 ), ( succ 1 2 ), ( succ 2 3 ), ( succ 3 4 ), ( succ 4 5 ), ( succ 5 6 ), ( succ 6 7 ), ( succ 7 8 )]
LOG 1641833927339 [L3]: Start clock: 15
LOG 1641833927339 [L3]: Play clock: 10
LOG 1641833932337 [L0]: [Sent at 1641833932337] ready
LOG 1641833932339 [L0]: [Received at 1641833932339] ( PLAY 9.breakthrough.1641833927115 NIL )
LOG 1641833932341 [L0]: [Sent at 1641833932341] noop
LOG 1641833932344 [L0]: [Received at 1641833932344] ( PLAY 9.breakthrough.1641833927115 (( move 4 2 3 3 ) noop ) )
LOG 1641833932346 [L0]: [Sent at 1641833932346] ( move 5 7 5 6 )
LOG 1641833932350 [L0]: [Received at 1641833932350] ( PLAY 9.breakthrough.1641833927115 (noop ( move 5 7 5 6 ) ) )
LOG 1641833932351 [L0]: [Sent at 1641833932351] noop
LOG 1641833932355 [L0]: [Received at 1641833932355] ( PLAY 9.breakthrough.1641833927115 (( move 6 2 7 3 ) noop ) )
LOG 1641833932357 [L0]: [Sent at 1641833932357] ( move 2 7 1 6 )
LOG 1641833932361 [L0]: [Received at 1641833932361] ( PLAY 9.breakthrough.1641833927115 (noop ( move 2 7 1 6 ) ) )
LOG 1641833932362 [L0]: [Sent at 1641833932362] noop
LOG 1641833932365 [L0]: [Received at 1641833932365] ( PLAY 9.breakthrough.1641833927115 (( move 7 3 8 4 ) noop ) )
LOG 1641833932366 [L0]: [Sent at 1641833932366] ( move 1 6 1 5 )
LOG 1641833932370 [L0]: [Received at 1641833932370] ( PLAY 9.breakthrough.1641833927115 (noop ( move 1 6 1 5 ) ) )
LOG 1641833932371 [L0]: [Sent at 1641833932371] noop
LOG 1641833932374 [L0]: [Received at 1641833932374] ( PLAY 9.breakthrough.1641833927115 (( move 8 4 8 5 ) noop ) )
LOG 1641833932375 [L0]: [Sent at 1641833932375] ( move 8 7 8 6 )
LOG 1641833932378 [L0]: [Received at 1641833932378] ( PLAY 9.breakthrough.1641833927115 (noop ( move 8 7 8 6 ) ) )
LOG 1641833932379 [L0]: [Sent at 1641833932379] noop
LOG 1641833932382 [L0]: [Received at 1641833932382] ( PLAY 9.breakthrough.1641833927115 (( move 7 2 8 3 ) noop ) )
LOG 1641833932384 [L0]: [Sent at 1641833932384] ( move 3 7 4 6 )
LOG 1641833932387 [L0]: [Received at 1641833932387] ( PLAY 9.breakthrough.1641833927115 (noop ( move 3 7 4 6 ) ) )
LOG 1641833932388 [L0]: [Sent at 1641833932388] noop
LOG 1641833932391 [L0]: [Received at 1641833932391] ( PLAY 9.breakthrough.1641833927115 (( move 8 5 7 6 ) noop ) )
LOG 1641833932393 [L0]: [Sent at 1641833932393] ( move 4 6 5 5 )
LOG 1641833932395 [L0]: [Received at 1641833932395] ( PLAY 9.breakthrough.1641833927115 (noop ( move 4 6 5 5 ) ) )
LOG 1641833932396 [L0]: [Sent at 1641833932396] noop
LOG 1641833932400 [L0]: [Received at 1641833932400] ( PLAY 9.breakthrough.1641833927115 (( move 4 1 4 2 ) noop ) )
LOG 1641833932402 [L0]: [Sent at 1641833932402] ( move 5 5 4 4 )
LOG 1641833932404 [L0]: [Received at 1641833932404] ( PLAY 9.breakthrough.1641833927115 (noop ( move 5 5 4 4 ) ) )
LOG 1641833932406 [L0]: [Sent at 1641833932406] noop
LOG 1641833932409 [L0]: [Received at 1641833932409] ( PLAY 9.breakthrough.1641833927115 (( move 3 3 3 4 ) noop ) )
LOG 1641833932410 [L0]: [Sent at 1641833932410] ( move 2 8 2 7 )
LOG 1641833932414 [L0]: [Received at 1641833932414] ( PLAY 9.breakthrough.1641833927115 (noop ( move 2 8 2 7 ) ) )
LOG 1641833932415 [L0]: [Sent at 1641833932415] noop
LOG 1641833932419 [L0]: [Received at 1641833932419] ( PLAY 9.breakthrough.1641833927115 (( move 4 2 4 3 ) noop ) )
LOG 1641833932420 [L0]: [Sent at 1641833932420] ( move 2 7 2 6 )
LOG 1641833932424 [L0]: [Received at 1641833932424] ( PLAY 9.breakthrough.1641833927115 (noop ( move 2 7 2 6 ) ) )
LOG 1641833932425 [L0]: [Sent at 1641833932425] noop
LOG 1641833932428 [L0]: [Received at 1641833932428] ( PLAY 9.breakthrough.1641833927115 (( move 8 3 8 4 ) noop ) )
LOG 1641833932429 [L0]: [Sent at 1641833932429] ( move 1 5 1 4 )
LOG 1641833932432 [L0]: [Received at 1641833932432] ( PLAY 9.breakthrough.1641833927115 (noop ( move 1 5 1 4 ) ) )
LOG 1641833932433 [L0]: [Sent at 1641833932433] noop
LOG 1641833932442 [L0]: [Received at 1641833932442] ( PLAY 9.breakthrough.1641833927115 (( move 1 2 2 3 ) noop ) )
LOG 1641833932443 [L0]: [Sent at 1641833932443] ( move 4 7 3 6 )
LOG 1641833932446 [L0]: [Received at 1641833932446] ( PLAY 9.breakthrough.1641833927115 (noop ( move 4 7 3 6 ) ) )
LOG 1641833932448 [L0]: [Sent at 1641833932448] noop
LOG 1641833932450 [L0]: [Received at 1641833932450] ( PLAY 9.breakthrough.1641833927115 (( move 5 1 6 2 ) noop ) )
LOG 1641833932452 [L0]: [Sent at 1641833932452] ( move 2 6 2 5 )
LOG 1641833932454 [L0]: [Received at 1641833932454] ( PLAY 9.breakthrough.1641833927115 (noop ( move 2 6 2 5 ) ) )
LOG 1641833932455 [L0]: [Sent at 1641833932455] noop
LOG 1641833932457 [L0]: [Received at 1641833932457] ( PLAY 9.breakthrough.1641833927115 (( move 2 3 1 4 ) noop ) )
LOG 1641833932459 [L0]: [Sent at 1641833932459] ( move 5 6 6 5 )
LOG 1641833932463 [L0]: [Received at 1641833932463] ( PLAY 9.breakthrough.1641833927115 (noop ( move 5 6 6 5 ) ) )
LOG 1641833932464 [L0]: [Sent at 1641833932464] noop
LOG 1641833932467 [L0]: [Received at 1641833932467] ( PLAY 9.breakthrough.1641833927115 (( move 6 1 7 2 ) noop ) )
LOG 1641833932468 [L0]: [Sent at 1641833932468] ( move 3 8 4 7 )
LOG 1641833932470 [L0]: [Received at 1641833932470] ( PLAY 9.breakthrough.1641833927115 (noop ( move 3 8 4 7 ) ) )
LOG 1641833932472 [L0]: [Sent at 1641833932472] noop
LOG 1641833932475 [L0]: [Received at 1641833932475] ( PLAY 9.breakthrough.1641833927115 (( move 5 2 6 3 ) noop ) )
LOG 1641833932477 [L0]: [Sent at 1641833932477] ( move 6 7 6 6 )
LOG 1641833932480 [L0]: [Received at 1641833932480] ( PLAY 9.breakthrough.1641833927115 (noop ( move 6 7 6 6 ) ) )
LOG 1641833932481 [L0]: [Sent at 1641833932481] noop
LOG 1641833932483 [L0]: [Received at 1641833932483] ( PLAY 9.breakthrough.1641833927115 (( move 7 6 8 7 ) noop ) )
LOG 1641833932485 [L0]: [Sent at 1641833932485] ( move 6 6 5 5 )
LOG 1641833932487 [L0]: [Received at 1641833932487] ( PLAY 9.breakthrough.1641833927115 (noop ( move 6 6 5 5 ) ) )
LOG 1641833932489 [L0]: [Sent at 1641833932489] noop
LOG 1641833932492 [L0]: [Received at 1641833932492] ( PLAY 9.breakthrough.1641833927115 (( move 8 4 8 5 ) noop ) )
LOG 1641833932493 [L0]: [Sent at 1641833932493] ( move 7 8 6 7 )
LOG 1641833932497 [L0]: [Received at 1641833932497] ( PLAY 9.breakthrough.1641833927115 (noop ( move 7 8 6 7 ) ) )
LOG 1641833932498 [L0]: [Sent at 1641833932498] noop
LOG 1641833932502 [L0]: [Received at 1641833932502] ( PLAY 9.breakthrough.1641833927115 (( move 3 4 4 5 ) noop ) )
LOG 1641833932503 [L0]: [Sent at 1641833932503] ( move 6 7 5 6 )
LOG 1641833932506 [L0]: [Received at 1641833932506] ( PLAY 9.breakthrough.1641833927115 (noop ( move 6 7 5 6 ) ) )
LOG 1641833932507 [L0]: [Sent at 1641833932507] noop
LOG 1641833932509 [L0]: [Received at 1641833932509] ( PLAY 9.breakthrough.1641833927115 (( move 7 2 8 3 ) noop ) )
LOG 1641833932510 [L0]: [Sent at 1641833932510] ( move 5 5 6 4 )
LOG 1641833932513 [L0]: [Received at 1641833932513] ( PLAY 9.breakthrough.1641833927115 (noop ( move 5 5 6 4 ) ) )
LOG 1641833932515 [L0]: [Sent at 1641833932515] noop
LOG 1641833932517 [L0]: [Received at 1641833932517] ( PLAY 9.breakthrough.1641833927115 (( move 4 3 5 4 ) noop ) )
LOG 1641833932518 [L0]: [Sent at 1641833932518] ( move 6 4 7 3 )
LOG 1641833932523 [L0]: [Received at 1641833932523] ( PLAY 9.breakthrough.1641833927115 (noop ( move 6 4 7 3 ) ) )
LOG 1641833932524 [L0]: [Sent at 1641833932524] noop
LOG 1641833932529 [L0]: [Received at 1641833932529] ( STOP 9.breakthrough.1641833927115 (( move 8 7 7 8 ) noop ) )
LOG 1641833932530 [L3]: Stopped logging to files at: Mon Jan 10 17:58:52 CET 2022
LOG 1641833932530 [L3]: LOG SEALED
