LOG 1641834916255 [L3]: Returning initial state machine.
LOG 1641834916255 [L3]: Returning PropNet state machine without cache.
LOG 1641834916256 [L3]: Starting metagame with available thinking time 4990ms.
LOG 1641834916257 [L3]: Starting search during metagame.
LOG 1641834921246 [L3]: Done searching during metagame.
LOG 1641834921249 [L3]: Starting move selection for game step 1 with available time 0ms.
LOG 1641834921249 [L3]: No time to select next move using MCTS. Returning random move noop.
LOG 1641834921253 [L3]: Starting move selection for game step 2 with available time 0ms.
LOG 1641834921255 [L3]: No time to select next move using MCTS. Returning random move ( move 7 7 6 6 ).
LOG 1641834921261 [L3]: Starting move selection for game step 3 with available time 0ms.
LOG 1641834921269 [L3]: No time to select next move using MCTS. Returning random move noop.
LOG 1641834921277 [L3]: Starting move selection for game step 4 with available time 0ms.
LOG 1641834921279 [L3]: No time to select next move using MCTS. Returning random move ( move 6 8 7 7 ).
LOG 1641834921288 [L3]: Starting move selection for game step 5 with available time 0ms.
LOG 1641834921289 [L3]: No time to select next move using MCTS. Returning random move noop.
LOG 1641834921293 [L3]: Starting move selection for game step 6 with available time 0ms.
LOG 1641834921294 [L3]: No time to select next move using MCTS. Returning random move ( move 2 7 3 6 ).
LOG 1641834921298 [L3]: Starting move selection for game step 7 with available time 0ms.
LOG 1641834921298 [L3]: No time to select next move using MCTS. Returning random move noop.
LOG 1641834921302 [L3]: Starting move selection for game step 8 with available time 0ms.
LOG 1641834921302 [L3]: No time to select next move using MCTS. Returning random move ( move 4 7 4 6 ).
LOG 1641834921306 [L3]: Starting move selection for game step 9 with available time 0ms.
LOG 1641834921306 [L3]: No time to select next move using MCTS. Returning random move noop.
LOG 1641834921311 [L3]: Starting move selection for game step 10 with available time 0ms.
LOG 1641834921311 [L3]: No time to select next move using MCTS. Returning random move ( move 3 8 4 7 ).
LOG 1641834921316 [L3]: Starting move selection for game step 11 with available time 0ms.
LOG 1641834921316 [L3]: No time to select next move using MCTS. Returning random move noop.
LOG 1641834921320 [L3]: Starting move selection for game step 12 with available time 0ms.
LOG 1641834921320 [L3]: No time to select next move using MCTS. Returning random move ( move 7 7 7 6 ).
LOG 1641834921324 [L3]: Starting move selection for game step 13 with available time 0ms.
LOG 1641834921324 [L3]: No time to select next move using MCTS. Returning random move noop.
LOG 1641834921328 [L3]: Starting move selection for game step 14 with available time 0ms.
LOG 1641834921328 [L3]: No time to select next move using MCTS. Returning random move ( move 6 6 6 5 ).
LOG 1641834921332 [L3]: Starting move selection for game step 15 with available time 0ms.
LOG 1641834921332 [L3]: No time to select next move using MCTS. Returning random move noop.
LOG 1641834921337 [L3]: Starting move selection for game step 16 with available time 0ms.
LOG 1641834921337 [L3]: No time to select next move using MCTS. Returning random move ( move 1 7 2 6 ).
LOG 1641834921341 [L3]: Starting move selection for game step 17 with available time 0ms.
LOG 1641834921341 [L3]: No time to select next move using MCTS. Returning random move noop.
LOG 1641834921362 [L3]: Starting move selection for game step 18 with available time 0ms.
LOG 1641834921363 [L3]: No time to select next move using MCTS. Returning random move ( move 8 8 7 7 ).
LOG 1641834921366 [L3]: Starting move selection for game step 19 with available time 0ms.
LOG 1641834921367 [L3]: No time to select next move using MCTS. Returning random move noop.
LOG 1641834921370 [L3]: Starting move selection for game step 20 with available time 0ms.
LOG 1641834921370 [L3]: No time to select next move using MCTS. Returning random move ( move 7 7 6 6 ).
LOG 1641834921374 [L3]: Starting move selection for game step 21 with available time 0ms.
LOG 1641834921374 [L3]: No time to select next move using MCTS. Returning random move noop.
LOG 1641834921379 [L3]: Starting move selection for game step 22 with available time 0ms.
LOG 1641834921379 [L3]: No time to select next move using MCTS. Returning random move ( move 6 5 5 4 ).
LOG 1641834921382 [L3]: Starting move selection for game step 23 with available time 0ms.
LOG 1641834921382 [L3]: No time to select next move using MCTS. Returning random move noop.
LOG 1641834921386 [L3]: Starting move selection for game step 24 with available time 0ms.
LOG 1641834921387 [L3]: No time to select next move using MCTS. Returning random move ( move 3 6 4 5 ).
LOG 1641834921390 [L3]: Starting move selection for game step 25 with available time 0ms.
LOG 1641834921391 [L3]: No time to select next move using MCTS. Returning random move noop.
LOG 1641834921394 [L3]: Starting move selection for game step 26 with available time 0ms.
LOG 1641834921395 [L3]: No time to select next move using MCTS. Returning random move ( move 7 6 6 5 ).
LOG 1641834921398 [L3]: Starting move selection for game step 27 with available time 0ms.
LOG 1641834921398 [L3]: No time to select next move using MCTS. Returning random move noop.
LOG 1641834921402 [L3]: Starting move selection for game step 28 with available time 0ms.
LOG 1641834921402 [L3]: No time to select next move using MCTS. Returning random move ( move 2 8 2 7 ).
LOG 1641834921408 [L3]: Starting move selection for game step 29 with available time 0ms.
LOG 1641834921408 [L3]: No time to select next move using MCTS. Returning random move noop.
LOG 1641834921412 [L3]: Starting move selection for game step 30 with available time 0ms.
LOG 1641834921412 [L3]: No time to select next move using MCTS. Returning random move ( move 2 7 1 6 ).
LOG 1641834921415 [L3]: Starting move selection for game step 31 with available time 0ms.
LOG 1641834921416 [L3]: No time to select next move using MCTS. Returning random move noop.
LOG 1641834921419 [L3]: Starting move selection for game step 32 with available time 0ms.
LOG 1641834921420 [L3]: No time to select next move using MCTS. Returning random move ( move 8 7 8 6 ).
LOG 1641834921423 [L3]: Starting move selection for game step 33 with available time 0ms.
LOG 1641834921423 [L3]: No time to select next move using MCTS. Returning random move noop.
LOG 1641834921427 [L3]: Starting move selection for game step 34 with available time 0ms.
LOG 1641834921428 [L3]: No time to select next move using MCTS. Returning random move ( move 5 7 5 6 ).
LOG 1641834921431 [L3]: Starting move selection for game step 35 with available time 0ms.
LOG 1641834921431 [L3]: No time to select next move using MCTS. Returning random move noop.
LOG 1641834921435 [L3]: Starting move selection for game step 36 with available time 0ms.
LOG 1641834921435 [L3]: No time to select next move using MCTS. Returning random move ( move 5 6 5 5 ).
LOG 1641834921439 [L3]: Starting move selection for game step 37 with available time 0ms.
LOG 1641834921439 [L3]: No time to select next move using MCTS. Returning random move noop.
LOG 1641834921444 [L3]: Starting move selection for game step 38 with available time 0ms.
LOG 1641834921444 [L3]: No time to select next move using MCTS. Returning random move ( move 4 5 3 4 ).
LOG 1641834921448 [L3]: Starting move selection for game step 39 with available time 0ms.
LOG 1641834921448 [L3]: No time to select next move using MCTS. Returning random move noop.
LOG 1641834921452 [L3]: Starting move selection for game step 40 with available time 0ms.
LOG 1641834921452 [L3]: No time to select next move using MCTS. Returning random move ( move 1 6 1 5 ).
LOG 1641834921456 [L3]: Starting move selection for game step 41 with available time 0ms.
LOG 1641834921456 [L3]: No time to select next move using MCTS. Returning random move noop.
LOG 1641834921459 [L3]: Starting move selection for game step 42 with available time 0ms.
LOG 1641834921459 [L3]: No time to select next move using MCTS. Returning random move ( move 4 8 5 7 ).
LOG 1641834921463 [L3]: Starting move selection for game step 43 with available time 0ms.
LOG 1641834921463 [L3]: No time to select next move using MCTS. Returning random move noop.
LOG 1641834921467 [L3]: Starting move selection for game step 44 with available time 0ms.
LOG 1641834921467 [L3]: No time to select next move using MCTS. Returning random move ( move 8 6 8 5 ).
LOG 1641834921472 [L3]: Starting move selection for game step 45 with available time 0ms.
LOG 1641834921472 [L3]: No time to select next move using MCTS. Returning random move noop.
