LOG 1641834894076 [L3]: Returning initial state machine.
LOG 1641834894077 [L3]: Returning PropNet state machine without cache.
LOG 1641834894077 [L3]: Starting metagame with available thinking time 4990ms.
LOG 1641834894079 [L3]: Starting search during metagame.
LOG 1641834899067 [L3]: Done searching during metagame.
LOG 1641834899071 [L3]: Starting move selection for game step 1 with available time 0ms.
LOG 1641834899071 [L3]: No time to select next move using MCTS. Returning random move ( move 6 2 5 3 ).
LOG 1641834899075 [L3]: Starting move selection for game step 2 with available time 0ms.
LOG 1641834899079 [L3]: No time to select next move using MCTS. Returning random move noop.
LOG 1641834899083 [L3]: Starting move selection for game step 3 with available time 0ms.
LOG 1641834899093 [L3]: No time to select next move using MCTS. Returning random move ( move 5 3 5 4 ).
LOG 1641834899097 [L3]: Starting move selection for game step 4 with available time 0ms.
LOG 1641834899104 [L3]: No time to select next move using MCTS. Returning random move noop.
LOG 1641834899107 [L3]: Starting move selection for game step 5 with available time 0ms.
LOG 1641834899108 [L3]: No time to select next move using MCTS. Returning random move ( move 7 2 8 3 ).
LOG 1641834899127 [L3]: Starting move selection for game step 6 with available time 0ms.
LOG 1641834899127 [L3]: No time to select next move using MCTS. Returning random move noop.
LOG 1641834899131 [L3]: Starting move selection for game step 7 with available time 0ms.
LOG 1641834899131 [L3]: No time to select next move using MCTS. Returning random move ( move 6 1 7 2 ).
LOG 1641834899135 [L3]: Starting move selection for game step 8 with available time 0ms.
LOG 1641834899135 [L3]: No time to select next move using MCTS. Returning random move noop.
LOG 1641834899139 [L3]: Starting move selection for game step 9 with available time 0ms.
LOG 1641834899139 [L3]: No time to select next move using MCTS. Returning random move ( move 8 3 8 4 ).
LOG 1641834899143 [L3]: Starting move selection for game step 10 with available time 0ms.
LOG 1641834899143 [L3]: No time to select next move using MCTS. Returning random move noop.
LOG 1641834899147 [L3]: Starting move selection for game step 11 with available time 0ms.
LOG 1641834899148 [L3]: No time to select next move using MCTS. Returning random move ( move 1 2 2 3 ).
LOG 1641834899152 [L3]: Starting move selection for game step 12 with available time 0ms.
LOG 1641834899152 [L3]: No time to select next move using MCTS. Returning random move noop.
LOG 1641834899155 [L3]: Starting move selection for game step 13 with available time 0ms.
LOG 1641834899156 [L3]: No time to select next move using MCTS. Returning random move ( move 2 2 1 3 ).
LOG 1641834899159 [L3]: Starting move selection for game step 14 with available time 0ms.
LOG 1641834899160 [L3]: No time to select next move using MCTS. Returning random move noop.
LOG 1641834899163 [L3]: Starting move selection for game step 15 with available time 0ms.
LOG 1641834899164 [L3]: No time to select next move using MCTS. Returning random move ( move 7 2 6 3 ).
LOG 1641834899167 [L3]: Starting move selection for game step 16 with available time 0ms.
LOG 1641834899168 [L3]: No time to select next move using MCTS. Returning random move noop.
LOG 1641834899171 [L3]: Starting move selection for game step 17 with available time 0ms.
LOG 1641834899172 [L3]: No time to select next move using MCTS. Returning random move ( move 5 4 6 5 ).
LOG 1641834899175 [L3]: Starting move selection for game step 18 with available time 0ms.
LOG 1641834899176 [L3]: No time to select next move using MCTS. Returning random move noop.
LOG 1641834899179 [L3]: Starting move selection for game step 19 with available time 0ms.
LOG 1641834899179 [L3]: No time to select next move using MCTS. Returning random move ( move 6 3 5 4 ).
LOG 1641834899184 [L3]: Starting move selection for game step 20 with available time 0ms.
LOG 1641834899184 [L3]: No time to select next move using MCTS. Returning random move noop.
LOG 1641834899188 [L3]: Starting move selection for game step 21 with available time 0ms.
LOG 1641834899188 [L3]: No time to select next move using MCTS. Returning random move ( move 2 3 3 4 ).
LOG 1641834899193 [L3]: Starting move selection for game step 22 with available time 0ms.
LOG 1641834899193 [L3]: No time to select next move using MCTS. Returning random move noop.
LOG 1641834899197 [L3]: Starting move selection for game step 23 with available time 0ms.
LOG 1641834899197 [L3]: No time to select next move using MCTS. Returning random move ( move 8 2 7 3 ).
LOG 1641834899201 [L3]: Starting move selection for game step 24 with available time 0ms.
LOG 1641834899201 [L3]: No time to select next move using MCTS. Returning random move noop.
LOG 1641834899206 [L3]: Starting move selection for game step 25 with available time -1ms.
LOG 1641834899206 [L3]: No time to select next move using MCTS. Returning random move ( move 3 4 4 5 ).
LOG 1641834899211 [L3]: Starting move selection for game step 26 with available time 0ms.
LOG 1641834899211 [L3]: No time to select next move using MCTS. Returning random move noop.
LOG 1641834899215 [L3]: Starting move selection for game step 27 with available time 0ms.
LOG 1641834899215 [L3]: No time to select next move using MCTS. Returning random move ( move 8 1 7 2 ).
LOG 1641834899219 [L3]: Starting move selection for game step 28 with available time 0ms.
LOG 1641834899219 [L3]: No time to select next move using MCTS. Returning random move noop.
LOG 1641834899223 [L3]: Starting move selection for game step 29 with available time 0ms.
LOG 1641834899223 [L3]: No time to select next move using MCTS. Returning random move ( move 5 2 4 3 ).
LOG 1641834899228 [L3]: Starting move selection for game step 30 with available time 0ms.
LOG 1641834899228 [L3]: No time to select next move using MCTS. Returning random move noop.
LOG 1641834899233 [L3]: Starting move selection for game step 31 with available time 0ms.
LOG 1641834899233 [L3]: No time to select next move using MCTS. Returning random move ( move 7 2 6 3 ).
LOG 1641834899237 [L3]: Starting move selection for game step 32 with available time 0ms.
LOG 1641834899237 [L3]: No time to select next move using MCTS. Returning random move noop.
LOG 1641834899241 [L3]: Starting move selection for game step 33 with available time 0ms.
LOG 1641834899241 [L3]: No time to select next move using MCTS. Returning random move ( move 4 5 3 6 ).
LOG 1641834899244 [L3]: Starting move selection for game step 34 with available time 0ms.
LOG 1641834899245 [L3]: No time to select next move using MCTS. Returning random move noop.
LOG 1641834899248 [L3]: Starting move selection for game step 35 with available time 0ms.
LOG 1641834899248 [L3]: No time to select next move using MCTS. Returning random move ( move 6 3 7 4 ).
LOG 1641834899252 [L3]: Starting move selection for game step 36 with available time 0ms.
LOG 1641834899252 [L3]: No time to select next move using MCTS. Returning random move noop.
LOG 1641834899256 [L3]: Starting move selection for game step 37 with available time 0ms.
LOG 1641834899256 [L3]: No time to select next move using MCTS. Returning random move ( move 4 2 5 3 ).
LOG 1641834899260 [L3]: Starting move selection for game step 38 with available time 0ms.
LOG 1641834899261 [L3]: No time to select next move using MCTS. Returning random move noop.
LOG 1641834899264 [L3]: Starting move selection for game step 39 with available time 0ms.
LOG 1641834899265 [L3]: No time to select next move using MCTS. Returning random move ( move 3 2 3 3 ).
LOG 1641834899269 [L3]: Starting move selection for game step 40 with available time 0ms.
LOG 1641834899269 [L3]: No time to select next move using MCTS. Returning random move noop.
LOG 1641834899273 [L3]: Starting move selection for game step 41 with available time 0ms.
LOG 1641834899274 [L3]: No time to select next move using MCTS. Returning random move ( move 4 1 4 2 ).
LOG 1641834899278 [L3]: Starting move selection for game step 42 with available time 0ms.
LOG 1641834899278 [L3]: No time to select next move using MCTS. Returning random move noop.
LOG 1641834899282 [L3]: Starting move selection for game step 43 with available time 0ms.
LOG 1641834899282 [L3]: No time to select next move using MCTS. Returning random move ( move 5 3 6 4 ).
LOG 1641834899286 [L3]: Starting move selection for game step 44 with available time 0ms.
LOG 1641834899286 [L3]: No time to select next move using MCTS. Returning random move noop.
LOG 1641834899291 [L3]: Starting move selection for game step 45 with available time 0ms.
LOG 1641834899291 [L3]: No time to select next move using MCTS. Returning random move ( move 7 1 6 2 ).
LOG 1641834899296 [L3]: Starting move selection for game step 46 with available time 0ms.
LOG 1641834899297 [L3]: No time to select next move using MCTS. Returning random move noop.
LOG 1641834899300 [L3]: Starting move selection for game step 47 with available time 0ms.
LOG 1641834899300 [L3]: No time to select next move using MCTS. Returning random move ( move 3 1 2 2 ).
LOG 1641834899306 [L3]: Starting move selection for game step 48 with available time -1ms.
LOG 1641834899306 [L3]: No time to select next move using MCTS. Returning random move noop.
LOG 1641834899310 [L3]: Starting move selection for game step 49 with available time 0ms.
LOG 1641834899310 [L3]: No time to select next move using MCTS. Returning random move ( move 7 3 7 4 ).
LOG 1641834899313 [L3]: Starting move selection for game step 50 with available time 0ms.
LOG 1641834899314 [L3]: No time to select next move using MCTS. Returning random move noop.
LOG 1641834899317 [L3]: Starting move selection for game step 51 with available time 0ms.
LOG 1641834899317 [L3]: No time to select next move using MCTS. Returning random move ( move 1 3 2 4 ).
LOG 1641834899321 [L3]: Starting move selection for game step 52 with available time 0ms.
LOG 1641834899321 [L3]: No time to select next move using MCTS. Returning random move noop.
LOG 1641834899327 [L3]: Starting move selection for game step 53 with available time 0ms.
LOG 1641834899327 [L3]: No time to select next move using MCTS. Returning random move ( move 2 2 2 3 ).
LOG 1641834899330 [L3]: Starting move selection for game step 54 with available time 0ms.
LOG 1641834899331 [L3]: No time to select next move using MCTS. Returning random move noop.
LOG 1641834899334 [L3]: Starting move selection for game step 55 with available time 0ms.
LOG 1641834899335 [L3]: No time to select next move using MCTS. Returning random move ( move 2 4 1 5 ).
LOG 1641834899338 [L3]: Starting move selection for game step 56 with available time 0ms.
LOG 1641834899338 [L3]: No time to select next move using MCTS. Returning random move noop.
LOG 1641834899342 [L3]: Starting move selection for game step 57 with available time 0ms.
LOG 1641834899342 [L3]: No time to select next move using MCTS. Returning random move ( move 3 3 2 4 ).
LOG 1641834899345 [L3]: Starting move selection for game step 58 with available time 0ms.
LOG 1641834899345 [L3]: No time to select next move using MCTS. Returning random move noop.
LOG 1641834899349 [L3]: Starting move selection for game step 59 with available time 0ms.
LOG 1641834899349 [L3]: No time to select next move using MCTS. Returning random move ( move 4 2 5 3 ).
LOG 1641834899353 [L3]: Starting move selection for game step 60 with available time 0ms.
LOG 1641834899353 [L3]: No time to select next move using MCTS. Returning random move noop.
LOG 1641834899357 [L3]: Starting move selection for game step 61 with available time 0ms.
LOG 1641834899358 [L3]: No time to select next move using MCTS. Returning random move ( move 7 4 8 5 ).
LOG 1641834899361 [L3]: Starting move selection for game step 62 with available time 0ms.
LOG 1641834899361 [L3]: No time to select next move using MCTS. Returning random move noop.
LOG 1641834899365 [L3]: Starting move selection for game step 63 with available time 0ms.
LOG 1641834899365 [L3]: No time to select next move using MCTS. Returning random move ( move 4 3 3 4 ).
LOG 1641834899368 [L3]: Starting move selection for game step 64 with available time 0ms.
LOG 1641834899369 [L3]: No time to select next move using MCTS. Returning random move noop.
