LOG 1641836806344 [L3]: Started match logging at: Mon Jan 10 18:46:46 CET 2022
LOG 1641836806352 [L3]: Game rules: [( role white ), ( role black ), ( <= ( base ( cell ?x ?y ?p ) ) ( index ?x ) ( index ?y ) ( role ?p ) ), ( <= ( base ( control ?p ) ) ( role ?p ) ), ( <= ( input ?p noop ) ( role ?p ) ), ( <= ( input ?p ( move ?x1 ?y1 ?x2 ?y2 ) ) ( role ?p ) ( index ?x1 ) ( index ?x2 ) ( index ?y1 ) ( index ?y2 ) ), ( init ( cell 1 1 white ) ), ( init ( cell 2 1 white ) ), ( init ( cell 3 1 white ) ), ( init ( cell 4 1 white ) ), ( init ( cell 5 1 white ) ), ( init ( cell 6 1 white ) ), ( init ( cell 7 1 white ) ), ( init ( cell 8 1 white ) ), ( init ( cell 1 2 white ) ), ( init ( cell 2 2 white ) ), ( init ( cell 3 2 white ) ), ( init ( cell 4 2 white ) ), ( init ( cell 5 2 white ) ), ( init ( cell 6 2 white ) ), ( init ( cell 7 2 white ) ), ( init ( cell 8 2 white ) ), ( init ( cell 1 7 black ) ), ( init ( cell 2 7 black ) ), ( init ( cell 3 7 black ) ), ( init ( cell 4 7 black ) ), ( init ( cell 5 7 black ) ), ( init ( cell 6 7 black ) ), ( init ( cell 7 7 black ) ), ( init ( cell 8 7 black ) ), ( init ( cell 1 8 black ) ), ( init ( cell 2 8 black ) ), ( init ( cell 3 8 black ) ), ( init ( cell 4 8 black ) ), ( init ( cell 5 8 black ) ), ( init ( cell 6 8 black ) ), ( init ( cell 7 8 black ) ), ( init ( cell 8 8 black ) ), ( init ( control white ) ), ( <= ( legal white noop ) ( true ( control black ) ) ), ( <= ( legal black noop ) ( true ( control white ) ) ), ( <= ( legal white ( move ?x1 ?y1 ?x2 ?y2 ) ) ( true ( control white ) ) ( true ( cell ?x1 ?y1 white ) ) ( whiteknightmove ?x1 ?y1 ?x2 ?y2 ) ( not ( true ( cell ?x2 ?y2 white ) ) ) ), ( <= ( legal black ( move ?x1 ?y1 ?x2 ?y2 ) ) ( true ( control black ) ) ( true ( cell ?x1 ?y1 black ) ) ( blackknightmove ?x1 ?y1 ?x2 ?y2 ) ( not ( true ( cell ?x2 ?y2 black ) ) ) ), ( <= ( next ( cell ?x ?y ?state ) ) ( true ( cell ?x ?y ?state ) ) ( does ?player ( move ?x1 ?y1 ?x2 ?y2 ) ) ( distinctcell ?x ?y ?x1 ?y1 ) ( distinctcell ?x ?y ?x2 ?y2 ) ), ( <= ( next ( cell ?x2 ?y2 ?player ) ) ( does ?player ( move ?x1 ?y1 ?x2 ?y2 ) ) ), ( <= ( next ( control black ) ) ( true ( control white ) ) ), ( <= ( next ( control white ) ) ( true ( control black ) ) ), ( <= terminal whitewin ), ( <= terminal blackwin ), ( <= ( goal white 100 ) whitewin ), ( <= ( goal white 0 ) blackwin ), ( <= ( goal black 100 ) blackwin ), ( <= ( goal black 0 ) whitewin ), ( <= whitewin ( index ?x ) ( true ( cell ?x 8 white ) ) ), ( <= blackwin ( index ?x ) ( true ( cell ?x 1 black ) ) ), ( <= whitewin ( not ( hasAnyPiece black ) ) ), ( <= blackwin ( not ( hasAnyPiece white ) ) ), ( <= ( hasAnyPiece ?player ) ( true ( cell ?x ?y ?player ) ) ), ( <= ( whiteknightmove ?x1 ?y1 ?x2 ?y2 ) ( plus 1 ?x1 ?x2 ) ( plus 2 ?y1 ?y2 ) ), ( <= ( whiteknightmove ?x1 ?y1 ?x2 ?y2 ) ( plus 1 ?x2 ?x1 ) ( plus 2 ?y1 ?y2 ) ), ( <= ( whiteknightmove ?x1 ?y1 ?x2 ?y2 ) ( plus 2 ?x1 ?x2 ) ( plus 1 ?y1 ?y2 ) ), ( <= ( whiteknightmove ?x1 ?y1 ?x2 ?y2 ) ( plus 2 ?x2 ?x1 ) ( plus 1 ?y1 ?y2 ) ), ( <= ( blackknightmove ?x1 ?y1 ?x2 ?y2 ) ( plus 1 ?x1 ?x2 ) ( plus 2 ?y2 ?y1 ) ), ( <= ( blackknightmove ?x1 ?y1 ?x2 ?y2 ) ( plus 1 ?x2 ?x1 ) ( plus 2 ?y2 ?y1 ) ), ( <= ( blackknightmove ?x1 ?y1 ?x2 ?y2 ) ( plus 2 ?x1 ?x2 ) ( plus 1 ?y2 ?y1 ) ), ( <= ( blackknightmove ?x1 ?y1 ?x2 ?y2 ) ( plus 2 ?x2 ?x1 ) ( plus 1 ?y2 ?y1 ) ), ( <= ( cell ?x ?y ) ( index ?x ) ( index ?y ) ), ( <= ( distinctcell ?x1 ?y1 ?x2 ?y2 ) ( cell ?x1 ?y1 ) ( cell ?x2 ?y2 ) ( distinct ?x1 ?x2 ) ), ( <= ( distinctcell ?x1 ?y1 ?x2 ?y2 ) ( cell ?x1 ?y1 ) ( cell ?x2 ?y2 ) ( distinct ?y1 ?y2 ) ), ( index 1 ), ( index 2 ), ( index 3 ), ( index 4 ), ( index 5 ), ( index 6 ), ( index 7 ), ( index 8 ), ( plus 1 1 2 ), ( plus 1 2 3 ), ( plus 1 3 4 ), ( plus 1 4 5 ), ( plus 1 5 6 ), ( plus 1 6 7 ), ( plus 1 7 8 ), ( plus 2 1 3 ), ( plus 2 2 4 ), ( plus 2 3 5 ), ( plus 2 4 6 ), ( plus 2 5 7 ), ( plus 2 6 8 )]
LOG 1641836806352 [L3]: Start clock: 15
LOG 1641836806352 [L3]: Play clock: 10
LOG 1641836811344 [L0]: [Sent at 1641836811344] ready
LOG 1641836811346 [L0]: [Received at 1641836811346] ( PLAY 27.knightThrough.1641836804798 NIL )
LOG 1641836811348 [L0]: [Sent at 1641836811348] ( move 4 2 6 3 )
LOG 1641836811350 [L0]: [Received at 1641836811350] ( PLAY 27.knightThrough.1641836804798 (( move 4 2 6 3 ) noop ) )
LOG 1641836811354 [L0]: [Sent at 1641836811354] noop
LOG 1641836811359 [L0]: [Received at 1641836811359] ( PLAY 27.knightThrough.1641836804798 (noop ( move 6 8 5 6 ) ) )
LOG 1641836811369 [L0]: [Sent at 1641836811369] ( move 2 2 4 3 )
LOG 1641836811373 [L0]: [Received at 1641836811373] ( PLAY 27.knightThrough.1641836804798 (( move 2 2 4 3 ) noop ) )
LOG 1641836811379 [L0]: [Sent at 1641836811379] noop
LOG 1641836811385 [L0]: [Received at 1641836811385] ( PLAY 27.knightThrough.1641836804798 (noop ( move 8 7 6 6 ) ) )
LOG 1641836811386 [L0]: [Sent at 1641836811386] ( move 6 1 5 3 )
LOG 1641836811388 [L0]: [Received at 1641836811388] ( PLAY 27.knightThrough.1641836804798 (( move 6 1 5 3 ) noop ) )
LOG 1641836811389 [L0]: [Sent at 1641836811389] noop
LOG 1641836811391 [L0]: [Received at 1641836811391] ( PLAY 27.knightThrough.1641836804798 (noop ( move 5 6 3 5 ) ) )
LOG 1641836811393 [L0]: [Sent at 1641836811393] ( move 5 2 4 4 )
LOG 1641836811395 [L0]: [Received at 1641836811395] ( PLAY 27.knightThrough.1641836804798 (( move 5 2 4 4 ) noop ) )
LOG 1641836811396 [L0]: [Sent at 1641836811396] noop
LOG 1641836811399 [L0]: [Received at 1641836811399] ( PLAY 27.knightThrough.1641836804798 (noop ( move 4 8 3 6 ) ) )
LOG 1641836811400 [L0]: [Sent at 1641836811400] ( move 7 1 8 3 )
LOG 1641836811402 [L0]: [Received at 1641836811402] ( PLAY 27.knightThrough.1641836804798 (( move 7 1 8 3 ) noop ) )
LOG 1641836811404 [L0]: [Sent at 1641836811404] noop
LOG 1641836811406 [L0]: [Received at 1641836811406] ( PLAY 27.knightThrough.1641836804798 (noop ( move 3 7 5 6 ) ) )
LOG 1641836811407 [L0]: [Sent at 1641836811407] ( move 5 3 6 5 )
LOG 1641836811409 [L0]: [Received at 1641836811409] ( PLAY 27.knightThrough.1641836804798 (( move 5 3 6 5 ) noop ) )
LOG 1641836811410 [L0]: [Sent at 1641836811410] noop
LOG 1641836811412 [L0]: [Received at 1641836811412] ( PLAY 27.knightThrough.1641836804798 (noop ( move 7 7 8 5 ) ) )
LOG 1641836811414 [L0]: [Sent at 1641836811414] ( move 6 5 4 6 )
LOG 1641836811416 [L0]: [Received at 1641836811416] ( PLAY 27.knightThrough.1641836804798 (( move 6 5 4 6 ) noop ) )
LOG 1641836811417 [L0]: [Sent at 1641836811417] noop
LOG 1641836811419 [L0]: [Received at 1641836811419] ( PLAY 27.knightThrough.1641836804798 (noop ( move 8 5 6 4 ) ) )
LOG 1641836811420 [L0]: [Sent at 1641836811420] ( move 4 6 3 8 )
LOG 1641836811422 [L0]: [Received at 1641836811422] ( STOP 27.knightThrough.1641836804798 (( move 4 6 3 8 ) noop ) )
LOG 1641836811422 [L3]: Stopped logging to files at: Mon Jan 10 18:46:51 CET 2022
LOG 1641836811423 [L3]: LOG SEALED
